Epoch 000	LOSS: 145.26	MAE: 71.11	RMSE: 83.54
Epoch 001	LOSS: 136.98	MAE: 67.98	RMSE: 80.77
Epoch 002	LOSS: 114.95	MAE: 58.10	RMSE: 70.89
Epoch 003	LOSS: 82.04	MAE: 42.79	RMSE: 51.34
Epoch 004	LOSS: 74.91	MAE: 39.15	RMSE: 49.78
Epoch 005	LOSS: 67.80	MAE: 36.99	RMSE: 46.05
Epoch 006	LOSS: 59.87	MAE: 34.73	RMSE: 43.99
Epoch 007	LOSS: 46.12	MAE: 29.87	RMSE: 39.94
Epoch 008	LOSS: 32.95	MAE: 25.26	RMSE: 36.78
Epoch 009	LOSS: 28.80	MAE: 22.21	RMSE: 35.29
Epoch 010	LOSS: 28.13	MAE: 21.83	RMSE: 35.14
Epoch 011	LOSS: 27.49	MAE: 21.69	RMSE: 35.17
Epoch 012	LOSS: 27.12	MAE: 21.31	RMSE: 34.97
Epoch 013	LOSS: 26.78	MAE: 20.93	RMSE: 34.75
Epoch 014	LOSS: 26.25	MAE: 20.73	RMSE: 34.71
Epoch 015	LOSS: 25.96	MAE: 20.60	RMSE: 34.70
Epoch 016	LOSS: 25.84	MAE: 20.38	RMSE: 34.57
Epoch 017	LOSS: 25.59	MAE: 20.40	RMSE: 34.59
Epoch 018	LOSS: 24.94	MAE: 20.18	RMSE: 34.46
Epoch 019	LOSS: 24.99	MAE: 20.09	RMSE: 34.44
Epoch 020	LOSS: 24.86	MAE: 20.01	RMSE: 34.42
Epoch 021	LOSS: 24.68	MAE: 19.92	RMSE: 34.35
Epoch 022	LOSS: 24.25	MAE: 19.79	RMSE: 34.32
Epoch 023	LOSS: 24.00	MAE: 19.66	RMSE: 34.21
Epoch 024	LOSS: 24.20	MAE: 19.75	RMSE: 34.28
Epoch 025	LOSS: 24.13	MAE: 19.57	RMSE: 34.18
Epoch 026	LOSS: 24.12	MAE: 19.54	RMSE: 34.15
Epoch 027	LOSS: 23.57	MAE: 19.53	RMSE: 34.14
Epoch 028	LOSS: 23.48	MAE: 19.38	RMSE: 34.05
Epoch 029	LOSS: 23.45	MAE: 19.47	RMSE: 34.10
Epoch 030	LOSS: 23.31	MAE: 19.30	RMSE: 33.98
Epoch 031	LOSS: 23.03	MAE: 19.24	RMSE: 33.97
Epoch 032	LOSS: 23.27	MAE: 19.35	RMSE: 34.02
Epoch 033	LOSS: 23.01	MAE: 19.17	RMSE: 33.93
Epoch 034	LOSS: 22.98	MAE: 19.22	RMSE: 33.95
Epoch 035	LOSS: 22.67	MAE: 19.11	RMSE: 33.89
Epoch 036	LOSS: 22.54	MAE: 19.08	RMSE: 33.88
Epoch 037	LOSS: 22.50	MAE: 19.08	RMSE: 33.87
Epoch 038	LOSS: 22.48	MAE: 18.99	RMSE: 33.83
Epoch 039	LOSS: 22.67	MAE: 18.92	RMSE: 33.78
Epoch 040	LOSS: 22.30	MAE: 18.89	RMSE: 33.78
Epoch 041	LOSS: 22.47	MAE: 18.81	RMSE: 33.71
Epoch 042	LOSS: 22.27	MAE: 18.80	RMSE: 33.73
Epoch 043	LOSS: 22.08	MAE: 18.82	RMSE: 33.71
Epoch 044	LOSS: 21.79	MAE: 18.72	RMSE: 33.66
Epoch 045	LOSS: 21.60	MAE: 18.63	RMSE: 33.60
Epoch 046	LOSS: 21.14	MAE: 18.36	RMSE: 33.43
Epoch 047	LOSS: 20.87	MAE: 18.32	RMSE: 33.39
Epoch 048	LOSS: 20.82	MAE: 18.27	RMSE: 33.38
Epoch 049	LOSS: 20.63	MAE: 18.25	RMSE: 33.38
Epoch 050	LOSS: 20.69	MAE: 18.26	RMSE: 33.39
Epoch 051	LOSS: 20.37	MAE: 18.19	RMSE: 33.33
Epoch 052	LOSS: 20.26	MAE: 18.13	RMSE: 33.29
Epoch 053	LOSS: 20.28	MAE: 18.03	RMSE: 33.23
Epoch 054	LOSS: 20.14	MAE: 18.13	RMSE: 33.29
Epoch 055	LOSS: 19.71	MAE: 17.93	RMSE: 33.17
Epoch 056	LOSS: 19.58	MAE: 17.92	RMSE: 33.18
Epoch 057	LOSS: 19.38	MAE: 17.86	RMSE: 33.14
Epoch 058	LOSS: 19.37	MAE: 17.99	RMSE: 33.22
Epoch 059	LOSS: 19.12	MAE: 17.81	RMSE: 33.11
Epoch 060	LOSS: 18.95	MAE: 17.81	RMSE: 33.10
Epoch 061	LOSS: 18.85	MAE: 17.79	RMSE: 33.10
Epoch 062	LOSS: 18.93	MAE: 17.78	RMSE: 33.10
Epoch 063	LOSS: 18.91	MAE: 17.73	RMSE: 33.07
Epoch 064	LOSS: 18.62	MAE: 17.65	RMSE: 33.00
Epoch 065	LOSS: 18.76	MAE: 17.63	RMSE: 32.99
Epoch 066	LOSS: 18.69	MAE: 17.65	RMSE: 33.01
Epoch 067	LOSS: 18.57	MAE: 17.61	RMSE: 32.97
Epoch 068	LOSS: 18.48	MAE: 17.58	RMSE: 32.96
Epoch 069	LOSS: 18.39	MAE: 17.53	RMSE: 32.94
Epoch 070	LOSS: 18.38	MAE: 17.50	RMSE: 32.93
Epoch 071	LOSS: 18.37	MAE: 17.48	RMSE: 32.91
Epoch 072	LOSS: 18.23	MAE: 17.43	RMSE: 32.88
Epoch 073	LOSS: 18.17	MAE: 17.44	RMSE: 32.89
Epoch 074	LOSS: 18.20	MAE: 17.45	RMSE: 32.89
Epoch 075	LOSS: 18.23	MAE: 17.40	RMSE: 32.87
Epoch 076	LOSS: 18.21	MAE: 17.43	RMSE: 32.88
Epoch 077	LOSS: 18.01	MAE: 17.38	RMSE: 32.85
Epoch 078	LOSS: 17.89	MAE: 17.31	RMSE: 32.81
Epoch 079	LOSS: 17.82	MAE: 17.32	RMSE: 32.79
Epoch 080	LOSS: 17.83	MAE: 17.31	RMSE: 32.79
Epoch 081	LOSS: 17.80	MAE: 17.17	RMSE: 32.72
Epoch 082	LOSS: 17.82	MAE: 17.21	RMSE: 32.75
Epoch 083	LOSS: 17.76	MAE: 17.29	RMSE: 32.80
Epoch 084	LOSS: 17.61	MAE: 17.19	RMSE: 32.72
Epoch 085	LOSS: 17.56	MAE: 17.16	RMSE: 32.71
Epoch 086	LOSS: 17.51	MAE: 17.13	RMSE: 32.70
Epoch 087	LOSS: 17.47	MAE: 17.12	RMSE: 32.69
Epoch 088	LOSS: 17.39	MAE: 17.11	RMSE: 32.68
Epoch 089	LOSS: 17.39	MAE: 17.11	RMSE: 32.69
Epoch 090	LOSS: 17.29	MAE: 17.07	RMSE: 32.66
Epoch 091	LOSS: 17.31	MAE: 17.08	RMSE: 32.66
Epoch 092	LOSS: 17.31	MAE: 17.05	RMSE: 32.64
Epoch 093	LOSS: 17.20	MAE: 17.00	RMSE: 32.63
Epoch 094	LOSS: 17.16	MAE: 16.97	RMSE: 32.61
Epoch 095	LOSS: 17.14	MAE: 17.02	RMSE: 32.62
Epoch 096	LOSS: 17.13	MAE: 17.02	RMSE: 32.64
Epoch 097	LOSS: 17.19	MAE: 16.96	RMSE: 32.60
Epoch 098	LOSS: 17.18	MAE: 16.97	RMSE: 32.61
Epoch 099	LOSS: 17.12	MAE: 16.97	RMSE: 32.60
Epoch 100	LOSS: 17.04	MAE: 16.96	RMSE: 32.60
Epoch 101	LOSS: 17.05	MAE: 17.00	RMSE: 32.62
Epoch 102	LOSS: 17.30	MAE: 17.06	RMSE: 32.65
Epoch 103	LOSS: 17.10	MAE: 16.97	RMSE: 32.61
Epoch 104	LOSS: 16.94	MAE: 16.92	RMSE: 32.57
Epoch 105	LOSS: 16.96	MAE: 16.98	RMSE: 32.62
Epoch 106	LOSS: 16.89	MAE: 16.88	RMSE: 32.55
Epoch 107	LOSS: 17.04	MAE: 16.86	RMSE: 32.55
Epoch 108	LOSS: 17.01	MAE: 16.93	RMSE: 32.59
Epoch 109	LOSS: 17.18	MAE: 16.98	RMSE: 32.63
Epoch 110	LOSS: 17.05	MAE: 16.90	RMSE: 32.58
Epoch 111	LOSS: 16.90	MAE: 16.87	RMSE: 32.56
Epoch 112	LOSS: 16.83	MAE: 16.92	RMSE: 32.58
Epoch 113	LOSS: 16.75	MAE: 16.84	RMSE: 32.53
Epoch 114	LOSS: 16.92	MAE: 16.82	RMSE: 32.53
Epoch 115	LOSS: 16.81	MAE: 16.83	RMSE: 32.55
Epoch 116	LOSS: 16.74	MAE: 16.84	RMSE: 32.56
Epoch 117	LOSS: 16.79	MAE: 16.86	RMSE: 32.56
Epoch 118	LOSS: 16.79	MAE: 16.83	RMSE: 32.53
Epoch 119	LOSS: 16.66	MAE: 16.82	RMSE: 32.53
Epoch 120	LOSS: 16.75	MAE: 16.85	RMSE: 32.56
Epoch 121	LOSS: 16.78	MAE: 16.84	RMSE: 32.55
Epoch 122	LOSS: 16.71	MAE: 16.79	RMSE: 32.51
Epoch 123	LOSS: 16.68	MAE: 16.75	RMSE: 32.50
Epoch 124	LOSS: 16.64	MAE: 16.76	RMSE: 32.51
Epoch 125	LOSS: 16.69	MAE: 16.75	RMSE: 32.51
Epoch 126	LOSS: 16.61	MAE: 16.80	RMSE: 32.55
Epoch 127	LOSS: 16.68	MAE: 16.79	RMSE: 32.53
Epoch 128	LOSS: 16.58	MAE: 16.75	RMSE: 32.51
Epoch 129	LOSS: 16.63	MAE: 16.80	RMSE: 32.54
Epoch 130	LOSS: 16.74	MAE: 16.80	RMSE: 32.55
Epoch 131	LOSS: 16.53	MAE: 16.80	RMSE: 32.53
Epoch 132	LOSS: 16.66	MAE: 16.73	RMSE: 32.49
Epoch 133	LOSS: 16.64	MAE: 16.77	RMSE: 32.52
Epoch 134	LOSS: 16.52	MAE: 16.74	RMSE: 32.51
Epoch 135	LOSS: 16.48	MAE: 16.70	RMSE: 32.48
Epoch 136	LOSS: 16.57	MAE: 16.72	RMSE: 32.49
Epoch 137	LOSS: 16.49	MAE: 16.71	RMSE: 32.47
Epoch 138	LOSS: 16.57	MAE: 16.68	RMSE: 32.48
Epoch 139	LOSS: 16.31	MAE: 16.67	RMSE: 32.48
Epoch 140	LOSS: 16.64	MAE: 16.75	RMSE: 32.54
Epoch 141	LOSS: 16.50	MAE: 16.70	RMSE: 32.50
Epoch 142	LOSS: 16.40	MAE: 16.71	RMSE: 32.49
Epoch 143	LOSS: 16.37	MAE: 16.69	RMSE: 32.49
Epoch 144	LOSS: 16.55	MAE: 16.73	RMSE: 32.54
Epoch 145	LOSS: 16.49	MAE: 16.63	RMSE: 32.47
Epoch 146	LOSS: 16.32	MAE: 16.64	RMSE: 32.45
Epoch 147	LOSS: 16.33	MAE: 16.60	RMSE: 32.46
Epoch 148	LOSS: 16.44	MAE: 16.68	RMSE: 32.51
Epoch 149	LOSS: 16.39	MAE: 16.69	RMSE: 32.48
Epoch 150	LOSS: 16.31	MAE: 16.61	RMSE: 32.45
Epoch 151	LOSS: 16.29	MAE: 16.63	RMSE: 32.48
Epoch 152	LOSS: 16.29	MAE: 16.62	RMSE: 32.45
Epoch 153	LOSS: 16.21	MAE: 16.60	RMSE: 32.45
Epoch 154	LOSS: 16.29	MAE: 16.59	RMSE: 32.45
Epoch 155	LOSS: 16.40	MAE: 16.56	RMSE: 32.44
Epoch 156	LOSS: 16.28	MAE: 16.64	RMSE: 32.48
Epoch 157	LOSS: 16.20	MAE: 16.62	RMSE: 32.48
Epoch 158	LOSS: 16.28	MAE: 16.61	RMSE: 32.46
Epoch 159	LOSS: 16.19	MAE: 16.55	RMSE: 32.42
Epoch 160	LOSS: 16.15	MAE: 16.57	RMSE: 32.44
Epoch 161	LOSS: 16.08	MAE: 16.53	RMSE: 32.42
Epoch 162	LOSS: 16.23	MAE: 16.54	RMSE: 32.43
Epoch 163	LOSS: 16.25	MAE: 16.59	RMSE: 32.45
Epoch 164	LOSS: 16.09	MAE: 16.53	RMSE: 32.42
Epoch 165	LOSS: 16.20	MAE: 16.49	RMSE: 32.41
Epoch 166	LOSS: 16.07	MAE: 16.53	RMSE: 32.43
Epoch 167	LOSS: 16.04	MAE: 16.50	RMSE: 32.42
Epoch 168	LOSS: 16.00	MAE: 16.48	RMSE: 32.42
Epoch 169	LOSS: 16.09	MAE: 16.52	RMSE: 32.43
Epoch 170	LOSS: 16.12	MAE: 16.52	RMSE: 32.43
Epoch 171	LOSS: 16.10	MAE: 16.53	RMSE: 32.44
Epoch 172	LOSS: 16.14	MAE: 16.48	RMSE: 32.42
Epoch 173	LOSS: 16.07	MAE: 16.47	RMSE: 32.40
Epoch 174	LOSS: 16.01	MAE: 16.49	RMSE: 32.41
Epoch 175	LOSS: 16.06	MAE: 16.47	RMSE: 32.39
Epoch 176	LOSS: 16.08	MAE: 16.56	RMSE: 32.44
Epoch 177	LOSS: 16.03	MAE: 16.46	RMSE: 32.41
Epoch 178	LOSS: 16.05	MAE: 16.52	RMSE: 32.44
Epoch 179	LOSS: 15.97	MAE: 16.48	RMSE: 32.42
Epoch 180	LOSS: 15.92	MAE: 16.46	RMSE: 32.41
Epoch 181	LOSS: 15.98	MAE: 16.45	RMSE: 32.41
Epoch 182	LOSS: 15.89	MAE: 16.46	RMSE: 32.41
Epoch 183	LOSS: 16.01	MAE: 16.51	RMSE: 32.42
Epoch 184	LOSS: 15.96	MAE: 16.49	RMSE: 32.42
Epoch 185	LOSS: 16.07	MAE: 16.50	RMSE: 32.44
Epoch 186	LOSS: 16.21	MAE: 16.49	RMSE: 32.45
Epoch 187	LOSS: 15.85	MAE: 16.46	RMSE: 32.39
Epoch 188	LOSS: 15.93	MAE: 16.41	RMSE: 32.39
Epoch 189	LOSS: 15.90	MAE: 16.42	RMSE: 32.39
Epoch 190	LOSS: 15.81	MAE: 16.42	RMSE: 32.38
Epoch 191	LOSS: 15.86	MAE: 16.48	RMSE: 32.40
Epoch 192	LOSS: 15.94	MAE: 16.46	RMSE: 32.41
Epoch 193	LOSS: 15.76	MAE: 16.41	RMSE: 32.37
Epoch 194	LOSS: 15.86	MAE: 16.44	RMSE: 32.40
Epoch 195	LOSS: 15.87	MAE: 16.45	RMSE: 32.40
Epoch 196	LOSS: 15.81	MAE: 16.44	RMSE: 32.38
Epoch 197	LOSS: 15.77	MAE: 16.40	RMSE: 32.39
Epoch 198	LOSS: 15.74	MAE: 16.42	RMSE: 32.39
Epoch 199	LOSS: 15.70	MAE: 16.36	RMSE: 32.35
Epoch 200	LOSS: 15.70	MAE: 16.39	RMSE: 32.38
Epoch 201	LOSS: 15.80	MAE: 16.46	RMSE: 32.42
Epoch 202	LOSS: 15.79	MAE: 16.51	RMSE: 32.40
Epoch 203	LOSS: 15.71	MAE: 16.42	RMSE: 32.38
Epoch 204	LOSS: 15.85	MAE: 16.42	RMSE: 32.40
Epoch 205	LOSS: 15.71	MAE: 16.37	RMSE: 32.36
Epoch 206	LOSS: 15.77	MAE: 16.38	RMSE: 32.37
Epoch 207	LOSS: 15.70	MAE: 16.40	RMSE: 32.37
Epoch 208	LOSS: 15.69	MAE: 16.37	RMSE: 32.35
Epoch 209	LOSS: 15.94	MAE: 16.43	RMSE: 32.40
Epoch 210	LOSS: 15.75	MAE: 16.34	RMSE: 32.35
Epoch 211	LOSS: 15.66	MAE: 16.35	RMSE: 32.34
Epoch 212	LOSS: 16.01	MAE: 16.43	RMSE: 32.40
Epoch 213	LOSS: 15.70	MAE: 16.36	RMSE: 32.33
Epoch 214	LOSS: 15.64	MAE: 16.35	RMSE: 32.34
Epoch 215	LOSS: 15.56	MAE: 16.33	RMSE: 32.34
Epoch 216	LOSS: 15.77	MAE: 16.35	RMSE: 32.36
Epoch 217	LOSS: 16.17	MAE: 16.42	RMSE: 32.40
Epoch 218	LOSS: 15.90	MAE: 16.35	RMSE: 32.33
Epoch 219	LOSS: 16.08	MAE: 16.39	RMSE: 32.39
Epoch 220	LOSS: 15.77	MAE: 16.35	RMSE: 32.33
Epoch 221	LOSS: 16.13	MAE: 16.48	RMSE: 32.43
Epoch 222	LOSS: 15.82	MAE: 16.33	RMSE: 32.33
Epoch 223	LOSS: 15.89	MAE: 16.37	RMSE: 32.37
Epoch 224	LOSS: 15.62	MAE: 16.31	RMSE: 32.32
Epoch 225	LOSS: 15.52	MAE: 16.32	RMSE: 32.33
Epoch 226	LOSS: 15.75	MAE: 16.33	RMSE: 32.34
Epoch 227	LOSS: 15.64	MAE: 16.29	RMSE: 32.33
Epoch 228	LOSS: 15.70	MAE: 16.32	RMSE: 32.34
Epoch 229	LOSS: 15.76	MAE: 16.30	RMSE: 32.32
Epoch 230	LOSS: 15.60	MAE: 16.31	RMSE: 32.34
Epoch 231	LOSS: 15.72	MAE: 16.31	RMSE: 32.32
Epoch 232	LOSS: 15.47	MAE: 16.33	RMSE: 32.33
Epoch 233	LOSS: 15.84	MAE: 16.39	RMSE: 32.38
Epoch 234	LOSS: 15.58	MAE: 16.28	RMSE: 32.32
Epoch 235	LOSS: 15.54	MAE: 16.29	RMSE: 32.32
Epoch 236	LOSS: 15.59	MAE: 16.30	RMSE: 32.32
Epoch 237	LOSS: 15.55	MAE: 16.34	RMSE: 32.35
Epoch 238	LOSS: 15.50	MAE: 16.33	RMSE: 32.37
Epoch 239	LOSS: 15.65	MAE: 16.31	RMSE: 32.35
Epoch 240	LOSS: 15.56	MAE: 16.41	RMSE: 32.37
Epoch 241	LOSS: 15.61	MAE: 16.36	RMSE: 32.33
Epoch 242	LOSS: 15.46	MAE: 16.30	RMSE: 32.33
Epoch 243	LOSS: 15.52	MAE: 16.30	RMSE: 32.33
Epoch 244	LOSS: 15.48	MAE: 16.28	RMSE: 32.31
Epoch 245	LOSS: 15.61	MAE: 16.30	RMSE: 32.34
Epoch 246	LOSS: 15.58	MAE: 16.26	RMSE: 32.32
Epoch 247	LOSS: 15.82	MAE: 16.38	RMSE: 32.38
Epoch 248	LOSS: 15.53	MAE: 16.27	RMSE: 32.31
Epoch 249	LOSS: 15.72	MAE: 16.28	RMSE: 32.32
Epoch 250	LOSS: 15.59	MAE: 16.22	RMSE: 32.30
Epoch 251	LOSS: 15.66	MAE: 16.36	RMSE: 32.37
Epoch 252	LOSS: 15.40	MAE: 16.23	RMSE: 32.29
Epoch 253	LOSS: 15.52	MAE: 16.31	RMSE: 32.35
Epoch 254	LOSS: 15.45	MAE: 16.25	RMSE: 32.31
Epoch 255	LOSS: 15.50	MAE: 16.26	RMSE: 32.32
Epoch 256	LOSS: 15.46	MAE: 16.24	RMSE: 32.31
Epoch 257	LOSS: 15.42	MAE: 16.32	RMSE: 32.33
Epoch 258	LOSS: 15.51	MAE: 16.26	RMSE: 32.32
Epoch 259	LOSS: 15.47	MAE: 16.33	RMSE: 32.33
Epoch 260	LOSS: 15.46	MAE: 16.25	RMSE: 32.30
Epoch 261	LOSS: 15.40	MAE: 16.23	RMSE: 32.29
Epoch 262	LOSS: 15.60	MAE: 16.30	RMSE: 32.34
Epoch 263	LOSS: 15.51	MAE: 16.23	RMSE: 32.30
Epoch 264	LOSS: 15.41	MAE: 16.23	RMSE: 32.30
Epoch 265	LOSS: 15.51	MAE: 16.24	RMSE: 32.30
Epoch 266	LOSS: 15.37	MAE: 16.25	RMSE: 32.30
Epoch 267	LOSS: 15.45	MAE: 16.23	RMSE: 32.30
Epoch 268	LOSS: 15.32	MAE: 16.23	RMSE: 32.29
Epoch 269	LOSS: 15.36	MAE: 16.21	RMSE: 32.28
Epoch 270	LOSS: 15.50	MAE: 16.25	RMSE: 32.31
Epoch 271	LOSS: 15.34	MAE: 16.26	RMSE: 32.30
Epoch 272	LOSS: 15.51	MAE: 16.24	RMSE: 32.33
Epoch 273	LOSS: 15.30	MAE: 16.21	RMSE: 32.28
Epoch 274	LOSS: 15.34	MAE: 16.21	RMSE: 32.28
Epoch 275	LOSS: 15.43	MAE: 16.24	RMSE: 32.31
Epoch 276	LOSS: 15.24	MAE: 16.21	RMSE: 32.28
Epoch 277	LOSS: 15.36	MAE: 16.24	RMSE: 32.28
Epoch 278	LOSS: 15.39	MAE: 16.29	RMSE: 32.32
Epoch 279	LOSS: 15.40	MAE: 16.23	RMSE: 32.28
Epoch 280	LOSS: 15.36	MAE: 16.28	RMSE: 32.29
Epoch 281	LOSS: 15.28	MAE: 16.22	RMSE: 32.28
Epoch 282	LOSS: 15.35	MAE: 16.24	RMSE: 32.29
Epoch 283	LOSS: 15.41	MAE: 16.25	RMSE: 32.27
Epoch 284	LOSS: 15.31	MAE: 16.19	RMSE: 32.27
Epoch 285	LOSS: 15.48	MAE: 16.19	RMSE: 32.29
Epoch 286	LOSS: 15.37	MAE: 16.19	RMSE: 32.27
Epoch 287	LOSS: 15.32	MAE: 16.21	RMSE: 32.28
Epoch 288	LOSS: 15.25	MAE: 16.19	RMSE: 32.25
Epoch 289	LOSS: 15.31	MAE: 16.21	RMSE: 32.27
Epoch 290	LOSS: 15.39	MAE: 16.18	RMSE: 32.27
Epoch 291	LOSS: 15.96	MAE: 16.26	RMSE: 32.33
Epoch 292	LOSS: 15.65	MAE: 16.28	RMSE: 32.26
Epoch 293	LOSS: 16.02	MAE: 16.36	RMSE: 32.36
Epoch 294	LOSS: 15.32	MAE: 16.19	RMSE: 32.26
Epoch 295	LOSS: 16.00	MAE: 16.31	RMSE: 32.28
Epoch 296	LOSS: 15.69	MAE: 16.24	RMSE: 32.30
Epoch 297	LOSS: 15.88	MAE: 16.26	RMSE: 32.26
Epoch 298	LOSS: 15.74	MAE: 16.25	RMSE: 32.30
Epoch 299	LOSS: 15.45	MAE: 16.17	RMSE: 32.25
Epoch 300	LOSS: 15.22	MAE: 16.18	RMSE: 32.26
Epoch 301	LOSS: 15.32	MAE: 16.20	RMSE: 32.27
Epoch 302	LOSS: 15.57	MAE: 16.27	RMSE: 32.31
Epoch 303	LOSS: 15.38	MAE: 16.19	RMSE: 32.26
Epoch 304	LOSS: 15.26	MAE: 16.18	RMSE: 32.25
Epoch 305	LOSS: 15.43	MAE: 16.16	RMSE: 32.26
Epoch 306	LOSS: 15.73	MAE: 16.26	RMSE: 32.26
Epoch 307	LOSS: 15.53	MAE: 16.19	RMSE: 32.27
Epoch 308	LOSS: 15.52	MAE: 16.24	RMSE: 32.29
Epoch 309	LOSS: 15.16	MAE: 16.16	RMSE: 32.24
Epoch 310	LOSS: 15.25	MAE: 16.21	RMSE: 32.27
Epoch 311	LOSS: 15.28	MAE: 16.20	RMSE: 32.27
Epoch 312	LOSS: 15.44	MAE: 16.28	RMSE: 32.32
Epoch 313	LOSS: 15.18	MAE: 16.14	RMSE: 32.23
Epoch 314	LOSS: 15.27	MAE: 16.20	RMSE: 32.26
Epoch 315	LOSS: 15.20	MAE: 16.15	RMSE: 32.23
Epoch 316	LOSS: 15.15	MAE: 16.16	RMSE: 32.24
Epoch 317	LOSS: 15.19	MAE: 16.18	RMSE: 32.25
Epoch 318	LOSS: 15.21	MAE: 16.16	RMSE: 32.23
Epoch 319	LOSS: 15.19	MAE: 16.19	RMSE: 32.28
Epoch 320	LOSS: 15.33	MAE: 16.17	RMSE: 32.26
Epoch 321	LOSS: 15.21	MAE: 16.24	RMSE: 32.28
Epoch 322	LOSS: 15.24	MAE: 16.22	RMSE: 32.28
Epoch 323	LOSS: 15.25	MAE: 16.19	RMSE: 32.28
Epoch 324	LOSS: 15.28	MAE: 16.14	RMSE: 32.25
Epoch 325	LOSS: 15.18	MAE: 16.14	RMSE: 32.24
Epoch 326	LOSS: 15.22	MAE: 16.22	RMSE: 32.28
Epoch 327	LOSS: 15.19	MAE: 16.19	RMSE: 32.27
Epoch 328	LOSS: 15.19	MAE: 16.17	RMSE: 32.27
Epoch 329	LOSS: 15.21	MAE: 16.18	RMSE: 32.24
Epoch 330	LOSS: 15.15	MAE: 16.17	RMSE: 32.25
Epoch 331	LOSS: 15.24	MAE: 16.19	RMSE: 32.28
Epoch 332	LOSS: 15.37	MAE: 16.19	RMSE: 32.28
Epoch 333	LOSS: 15.10	MAE: 16.15	RMSE: 32.23
Epoch 334	LOSS: 15.12	MAE: 16.11	RMSE: 32.22
Epoch 335	LOSS: 15.15	MAE: 16.12	RMSE: 32.21
Epoch 336	LOSS: 15.28	MAE: 16.17	RMSE: 32.26
Epoch 337	LOSS: 15.25	MAE: 16.16	RMSE: 32.25
Epoch 338	LOSS: 15.55	MAE: 16.32	RMSE: 32.32
Epoch 339	LOSS: 15.19	MAE: 16.20	RMSE: 32.25
Epoch 340	LOSS: 15.21	MAE: 16.15	RMSE: 32.25
Epoch 341	LOSS: 15.51	MAE: 16.21	RMSE: 32.28
Epoch 342	LOSS: 15.12	MAE: 16.13	RMSE: 32.22
Epoch 343	LOSS: 15.19	MAE: 16.11	RMSE: 32.22
Epoch 344	LOSS: 15.19	MAE: 16.13	RMSE: 32.21
Epoch 345	LOSS: 15.19	MAE: 16.14	RMSE: 32.24
Epoch 346	LOSS: 15.24	MAE: 16.27	RMSE: 32.29
Epoch 347	LOSS: 15.22	MAE: 16.18	RMSE: 32.27
Epoch 348	LOSS: 15.25	MAE: 16.11	RMSE: 32.22
Epoch 349	LOSS: 15.35	MAE: 16.14	RMSE: 32.24
Epoch 350	LOSS: 15.16	MAE: 16.12	RMSE: 32.23
Epoch 351	LOSS: 15.25	MAE: 16.14	RMSE: 32.24
Epoch 352	LOSS: 15.12	MAE: 16.13	RMSE: 32.24
Epoch 353	LOSS: 15.07	MAE: 16.09	RMSE: 32.21
Epoch 354	LOSS: 15.19	MAE: 16.15	RMSE: 32.24
Epoch 355	LOSS: 15.03	MAE: 16.10	RMSE: 32.21
Epoch 356	LOSS: 15.11	MAE: 16.13	RMSE: 32.23
Epoch 357	LOSS: 15.04	MAE: 16.14	RMSE: 32.21
Epoch 358	LOSS: 15.05	MAE: 16.10	RMSE: 32.22
Epoch 359	LOSS: 15.06	MAE: 16.12	RMSE: 32.23
Epoch 360	LOSS: 15.07	MAE: 16.11	RMSE: 32.22
Epoch 361	LOSS: 15.03	MAE: 16.09	RMSE: 32.21
Epoch 362	LOSS: 15.12	MAE: 16.11	RMSE: 32.19
Epoch 363	LOSS: 15.87	MAE: 16.37	RMSE: 32.36
Epoch 364	LOSS: 15.21	MAE: 16.11	RMSE: 32.22
Epoch 365	LOSS: 15.19	MAE: 16.15	RMSE: 32.24
Epoch 366	LOSS: 15.12	MAE: 16.10	RMSE: 32.21
Epoch 367	LOSS: 15.05	MAE: 16.06	RMSE: 32.18
Epoch 368	LOSS: 15.16	MAE: 16.09	RMSE: 32.22
Epoch 369	LOSS: 15.17	MAE: 16.10	RMSE: 32.21
Epoch 370	LOSS: 15.05	MAE: 16.14	RMSE: 32.22
Epoch 371	LOSS: 15.15	MAE: 16.09	RMSE: 32.21
Epoch 372	LOSS: 15.17	MAE: 16.10	RMSE: 32.20
Epoch 373	LOSS: 15.29	MAE: 16.10	RMSE: 32.21
Epoch 374	LOSS: 15.13	MAE: 16.09	RMSE: 32.20
Epoch 375	LOSS: 15.05	MAE: 16.09	RMSE: 32.19
Epoch 376	LOSS: 15.18	MAE: 16.06	RMSE: 32.19
Epoch 377	LOSS: 15.04	MAE: 16.08	RMSE: 32.20
Epoch 378	LOSS: 15.10	MAE: 16.10	RMSE: 32.22
Epoch 379	LOSS: 15.02	MAE: 16.10	RMSE: 32.21
Epoch 380	LOSS: 14.95	MAE: 16.08	RMSE: 32.18
Epoch 381	LOSS: 14.98	MAE: 16.07	RMSE: 32.18
Epoch 382	LOSS: 15.20	MAE: 16.10	RMSE: 32.22
Epoch 383	LOSS: 15.06	MAE: 16.06	RMSE: 32.18
Epoch 384	LOSS: 15.22	MAE: 16.13	RMSE: 32.19
Epoch 385	LOSS: 15.07	MAE: 16.13	RMSE: 32.22
Epoch 386	LOSS: 15.08	MAE: 16.08	RMSE: 32.20
Epoch 387	LOSS: 14.92	MAE: 16.04	RMSE: 32.17
Epoch 388	LOSS: 15.00	MAE: 16.06	RMSE: 32.20
Epoch 389	LOSS: 14.94	MAE: 16.08	RMSE: 32.19
Epoch 390	LOSS: 15.08	MAE: 16.08	RMSE: 32.21
Epoch 391	LOSS: 14.97	MAE: 16.10	RMSE: 32.20
Epoch 392	LOSS: 14.98	MAE: 16.10	RMSE: 32.19
Epoch 393	LOSS: 14.98	MAE: 16.04	RMSE: 32.19
Epoch 394	LOSS: 15.04	MAE: 16.08	RMSE: 32.21
Epoch 395	LOSS: 15.25	MAE: 16.11	RMSE: 32.20
Epoch 396	LOSS: 15.14	MAE: 16.10	RMSE: 32.21
Epoch 397	LOSS: 15.23	MAE: 16.11	RMSE: 32.21
Epoch 398	LOSS: 14.99	MAE: 16.22	RMSE: 32.25
Epoch 399	LOSS: 15.01	MAE: 16.10	RMSE: 32.21
Epoch 400	LOSS: 15.04	MAE: 16.05	RMSE: 32.19
Epoch 401	LOSS: 15.11	MAE: 16.10	RMSE: 32.22
Epoch 402	LOSS: 15.15	MAE: 16.12	RMSE: 32.24
Epoch 403	LOSS: 15.03	MAE: 16.07	RMSE: 32.20
Epoch 404	LOSS: 14.96	MAE: 16.06	RMSE: 32.19
Epoch 405	LOSS: 14.98	MAE: 16.06	RMSE: 32.18
Epoch 406	LOSS: 15.02	MAE: 16.08	RMSE: 32.20
Epoch 407	LOSS: 14.96	MAE: 16.05	RMSE: 32.20
Epoch 408	LOSS: 14.91	MAE: 16.06	RMSE: 32.18
Epoch 409	LOSS: 15.00	MAE: 16.16	RMSE: 32.22
Epoch 410	LOSS: 15.04	MAE: 16.10	RMSE: 32.19
Epoch 411	LOSS: 15.05	MAE: 16.08	RMSE: 32.22
Epoch 412	LOSS: 15.05	MAE: 16.10	RMSE: 32.21
Epoch 413	LOSS: 14.91	MAE: 16.05	RMSE: 32.18
Epoch 414	LOSS: 15.05	MAE: 16.04	RMSE: 32.17
Epoch 415	LOSS: 15.06	MAE: 16.06	RMSE: 32.17
Epoch 416	LOSS: 15.01	MAE: 16.09	RMSE: 32.17
Epoch 417	LOSS: 14.91	MAE: 16.06	RMSE: 32.18
Epoch 418	LOSS: 14.99	MAE: 16.07	RMSE: 32.19
Epoch 419	LOSS: 14.94	MAE: 16.09	RMSE: 32.18
Epoch 420	LOSS: 14.91	MAE: 16.05	RMSE: 32.18
Epoch 421	LOSS: 15.12	MAE: 16.06	RMSE: 32.19
Epoch 422	LOSS: 14.87	MAE: 16.04	RMSE: 32.17
Epoch 423	LOSS: 14.96	MAE: 16.06	RMSE: 32.18
Epoch 424	LOSS: 14.91	MAE: 16.03	RMSE: 32.18
Epoch 425	LOSS: 14.95	MAE: 16.06	RMSE: 32.18
Epoch 426	LOSS: 14.88	MAE: 16.10	RMSE: 32.20
Epoch 427	LOSS: 14.87	MAE: 16.06	RMSE: 32.17
Epoch 428	LOSS: 14.96	MAE: 16.04	RMSE: 32.19
Epoch 429	LOSS: 15.20	MAE: 16.04	RMSE: 32.19
Epoch 430	LOSS: 14.92	MAE: 16.07	RMSE: 32.20
Epoch 431	LOSS: 14.98	MAE: 16.02	RMSE: 32.17
Epoch 432	LOSS: 15.01	MAE: 16.04	RMSE: 32.19
Epoch 433	LOSS: 14.87	MAE: 16.04	RMSE: 32.18
Epoch 434	LOSS: 14.93	MAE: 16.03	RMSE: 32.16
Epoch 435	LOSS: 14.91	MAE: 16.03	RMSE: 32.18
Epoch 436	LOSS: 14.88	MAE: 16.06	RMSE: 32.17
Epoch 437	LOSS: 14.92	MAE: 16.04	RMSE: 32.17
Epoch 438	LOSS: 14.98	MAE: 16.01	RMSE: 32.18
Epoch 439	LOSS: 14.84	MAE: 16.02	RMSE: 32.17
Epoch 440	LOSS: 14.88	MAE: 16.02	RMSE: 32.17
Epoch 441	LOSS: 14.89	MAE: 16.02	RMSE: 32.16
Epoch 442	LOSS: 14.83	MAE: 16.02	RMSE: 32.17
Epoch 443	LOSS: 14.84	MAE: 16.05	RMSE: 32.19
Epoch 444	LOSS: 15.02	MAE: 16.04	RMSE: 32.19
Epoch 445	LOSS: 14.86	MAE: 16.01	RMSE: 32.17
Epoch 446	LOSS: 14.81	MAE: 16.06	RMSE: 32.17
Epoch 447	LOSS: 14.83	MAE: 16.03	RMSE: 32.16
Epoch 448	LOSS: 14.96	MAE: 16.04	RMSE: 32.18
Epoch 449	LOSS: 14.84	MAE: 16.03	RMSE: 32.17
Epoch 450	LOSS: 14.81	MAE: 15.98	RMSE: 32.14
Epoch 451	LOSS: 14.98	MAE: 16.03	RMSE: 32.18
Epoch 452	LOSS: 14.94	MAE: 16.02	RMSE: 32.18
Epoch 453	LOSS: 14.82	MAE: 16.02	RMSE: 32.15
Epoch 454	LOSS: 14.74	MAE: 15.99	RMSE: 32.15
Epoch 455	LOSS: 14.77	MAE: 15.99	RMSE: 32.15
Epoch 456	LOSS: 14.79	MAE: 16.01	RMSE: 32.17
Epoch 457	LOSS: 14.79	MAE: 15.99	RMSE: 32.15
Epoch 458	LOSS: 14.79	MAE: 16.04	RMSE: 32.17
Epoch 459	LOSS: 14.78	MAE: 16.00	RMSE: 32.15
Epoch 460	LOSS: 14.84	MAE: 16.02	RMSE: 32.14
Epoch 461	LOSS: 14.90	MAE: 16.04	RMSE: 32.18
Epoch 462	LOSS: 14.82	MAE: 16.01	RMSE: 32.15
Epoch 463	LOSS: 14.89	MAE: 15.97	RMSE: 32.15
Epoch 464	LOSS: 14.82	MAE: 16.02	RMSE: 32.15
Epoch 465	LOSS: 14.88	MAE: 16.06	RMSE: 32.17
Epoch 466	LOSS: 14.77	MAE: 16.01	RMSE: 32.15
Epoch 467	LOSS: 14.78	MAE: 15.98	RMSE: 32.14
Epoch 468	LOSS: 14.79	MAE: 16.04	RMSE: 32.17
Epoch 469	LOSS: 14.89	MAE: 15.98	RMSE: 32.16
Epoch 470	LOSS: 14.76	MAE: 16.01	RMSE: 32.16
Epoch 471	LOSS: 14.81	MAE: 16.00	RMSE: 32.16
Epoch 472	LOSS: 14.84	MAE: 15.99	RMSE: 32.16
Epoch 473	LOSS: 14.80	MAE: 16.01	RMSE: 32.16
Epoch 474	LOSS: 14.78	MAE: 15.97	RMSE: 32.14
Epoch 475	LOSS: 14.85	MAE: 16.00	RMSE: 32.17
Epoch 476	LOSS: 14.79	MAE: 15.98	RMSE: 32.15
Epoch 477	LOSS: 14.77	MAE: 15.99	RMSE: 32.16
Epoch 478	LOSS: 14.87	MAE: 16.01	RMSE: 32.15
Epoch 479	LOSS: 15.06	MAE: 16.08	RMSE: 32.21
Epoch 480	LOSS: 14.71	MAE: 15.98	RMSE: 32.14
Epoch 481	LOSS: 14.68	MAE: 15.98	RMSE: 32.14
Epoch 482	LOSS: 14.83	MAE: 16.02	RMSE: 32.17
Epoch 483	LOSS: 14.77	MAE: 16.03	RMSE: 32.16
Epoch 484	LOSS: 14.81	MAE: 15.98	RMSE: 32.16
Epoch 485	LOSS: 14.74	MAE: 16.01	RMSE: 32.14
Epoch 486	LOSS: 14.74	MAE: 15.96	RMSE: 32.13
Epoch 487	LOSS: 14.72	MAE: 15.96	RMSE: 32.15
Epoch 488	LOSS: 14.68	MAE: 15.98	RMSE: 32.15
Epoch 489	LOSS: 14.73	MAE: 16.02	RMSE: 32.16
Epoch 490	LOSS: 14.73	MAE: 15.97	RMSE: 32.14
Epoch 491	LOSS: 14.73	MAE: 15.96	RMSE: 32.14
Epoch 492	LOSS: 14.73	MAE: 15.98	RMSE: 32.14
Epoch 493	LOSS: 14.76	MAE: 16.00	RMSE: 32.17
Epoch 494	LOSS: 14.81	MAE: 15.96	RMSE: 32.14
Epoch 495	LOSS: 14.80	MAE: 15.95	RMSE: 32.13
Epoch 496	LOSS: 14.70	MAE: 15.97	RMSE: 32.15
Epoch 497	LOSS: 14.71	MAE: 15.97	RMSE: 32.14
Epoch 498	LOSS: 14.67	MAE: 15.97	RMSE: 32.14
Epoch 499	LOSS: 14.80	MAE: 16.00	RMSE: 32.14
