Epoch 000	LOSS: 464.40	MAE: 220.03	RMSE: 266.09
Epoch 001	LOSS: 462.54	MAE: 219.98	RMSE: 266.05
Epoch 002	LOSS: 468.20	MAE: 219.89	RMSE: 265.96
Epoch 003	LOSS: 466.88	MAE: 219.71	RMSE: 265.82
Epoch 004	LOSS: 463.32	MAE: 219.42	RMSE: 265.58
Epoch 005	LOSS: 453.08	MAE: 218.96	RMSE: 265.20
Epoch 006	LOSS: 461.24	MAE: 218.27	RMSE: 264.63
Epoch 007	LOSS: 452.85	MAE: 217.27	RMSE: 263.80
Epoch 008	LOSS: 455.55	MAE: 215.92	RMSE: 262.67
Epoch 009	LOSS: 451.43	MAE: 214.12	RMSE: 261.16
Epoch 010	LOSS: 442.89	MAE: 211.75	RMSE: 259.17
Epoch 011	LOSS: 438.89	MAE: 208.68	RMSE: 256.55
Epoch 012	LOSS: 427.34	MAE: 204.80	RMSE: 253.23
Epoch 013	LOSS: 417.67	MAE: 200.04	RMSE: 249.13
Epoch 014	LOSS: 408.24	MAE: 194.29	RMSE: 244.12
Epoch 015	LOSS: 392.65	MAE: 187.54	RMSE: 238.11
Epoch 016	LOSS: 382.60	MAE: 179.83	RMSE: 231.10
Epoch 017	LOSS: 357.86	MAE: 171.30	RMSE: 223.09
Epoch 018	LOSS: 344.74	MAE: 162.18	RMSE: 214.10
Epoch 019	LOSS: 324.37	MAE: 152.80	RMSE: 204.19
Epoch 020	LOSS: 300.21	MAE: 143.46	RMSE: 193.51
Epoch 021	LOSS: 277.04	MAE: 134.55	RMSE: 182.26
Epoch 022	LOSS: 263.44	MAE: 126.37	RMSE: 170.74
Epoch 023	LOSS: 240.72	MAE: 119.35	RMSE: 159.60
Epoch 024	LOSS: 225.21	MAE: 113.57	RMSE: 149.52
Epoch 025	LOSS: 216.99	MAE: 109.10	RMSE: 141.23
Epoch 026	LOSS: 206.65	MAE: 106.01	RMSE: 135.29
Epoch 027	LOSS: 200.65	MAE: 104.08	RMSE: 131.74
Epoch 028	LOSS: 199.12	MAE: 102.81	RMSE: 130.01
Epoch 029	LOSS: 193.24	MAE: 101.34	RMSE: 128.98
Epoch 030	LOSS: 189.09	MAE: 99.46	RMSE: 127.89
Epoch 031	LOSS: 186.16	MAE: 97.42	RMSE: 126.53
Epoch 032	LOSS: 180.26	MAE: 95.64	RMSE: 125.01
Epoch 033	LOSS: 178.28	MAE: 94.43	RMSE: 123.75
Epoch 034	LOSS: 174.24	MAE: 93.92	RMSE: 123.06
Epoch 035	LOSS: 174.03	MAE: 93.53	RMSE: 122.51
Epoch 036	LOSS: 172.77	MAE: 92.99	RMSE: 121.97
Epoch 037	LOSS: 173.26	MAE: 92.85	RMSE: 121.95
Epoch 038	LOSS: 171.81	MAE: 92.63	RMSE: 121.95
Epoch 039	LOSS: 171.27	MAE: 92.40	RMSE: 122.03
Epoch 040	LOSS: 170.56	MAE: 92.15	RMSE: 122.14
Epoch 041	LOSS: 167.98	MAE: 91.76	RMSE: 122.09
Epoch 042	LOSS: 168.50	MAE: 91.12	RMSE: 121.82
Epoch 043	LOSS: 164.29	MAE: 90.60	RMSE: 121.60
Epoch 044	LOSS: 165.13	MAE: 89.92	RMSE: 121.23
Epoch 045	LOSS: 161.19	MAE: 89.53	RMSE: 120.67
Epoch 046	LOSS: 162.71	MAE: 89.20	RMSE: 120.08
Epoch 047	LOSS: 158.51	MAE: 88.57	RMSE: 119.39
Epoch 048	LOSS: 160.48	MAE: 87.81	RMSE: 118.54
Epoch 049	LOSS: 158.52	MAE: 87.36	RMSE: 117.86
Epoch 050	LOSS: 157.57	MAE: 86.93	RMSE: 117.27
Epoch 051	LOSS: 153.77	MAE: 86.23	RMSE: 116.49
Epoch 052	LOSS: 155.72	MAE: 85.99	RMSE: 116.01
Epoch 053	LOSS: 153.05	MAE: 85.86	RMSE: 115.61
Epoch 054	LOSS: 151.07	MAE: 85.08	RMSE: 114.68
Epoch 055	LOSS: 150.96	MAE: 84.49	RMSE: 114.05
Epoch 056	LOSS: 149.59	MAE: 83.92	RMSE: 113.42
Epoch 057	LOSS: 149.21	MAE: 83.11	RMSE: 112.48
Epoch 058	LOSS: 149.55	MAE: 82.70	RMSE: 112.01
Epoch 059	LOSS: 146.21	MAE: 82.17	RMSE: 111.36
Epoch 060	LOSS: 147.56	MAE: 81.35	RMSE: 110.39
Epoch 061	LOSS: 142.38	MAE: 80.49	RMSE: 109.37
Epoch 062	LOSS: 139.63	MAE: 79.90	RMSE: 108.49
Epoch 063	LOSS: 140.30	MAE: 79.52	RMSE: 107.96
Epoch 064	LOSS: 138.15	MAE: 78.68	RMSE: 107.07
Epoch 065	LOSS: 136.09	MAE: 77.87	RMSE: 106.14
Epoch 066	LOSS: 131.99	MAE: 76.86	RMSE: 105.11
Epoch 067	LOSS: 132.10	MAE: 75.80	RMSE: 104.06
Epoch 068	LOSS: 127.36	MAE: 73.88	RMSE: 102.21
Epoch 069	LOSS: 126.06	MAE: 73.08	RMSE: 101.39
Epoch 070	LOSS: 125.02	MAE: 72.49	RMSE: 100.85
Epoch 071	LOSS: 121.82	MAE: 71.69	RMSE: 100.10
Epoch 072	LOSS: 120.39	MAE: 70.51	RMSE: 99.02
Epoch 073	LOSS: 118.41	MAE: 69.59	RMSE: 98.18
Epoch 074	LOSS: 117.26	MAE: 68.69	RMSE: 97.24
Epoch 075	LOSS: 113.51	MAE: 68.03	RMSE: 96.45
Epoch 076	LOSS: 111.73	MAE: 67.56	RMSE: 95.99
Epoch 077	LOSS: 107.89	MAE: 66.20	RMSE: 94.60
Epoch 078	LOSS: 107.96	MAE: 65.27	RMSE: 93.87
Epoch 079	LOSS: 105.84	MAE: 64.42	RMSE: 93.02
Epoch 080	LOSS: 103.38	MAE: 63.23	RMSE: 91.74
Epoch 081	LOSS: 102.49	MAE: 62.43	RMSE: 90.94
Epoch 082	LOSS: 102.08	MAE: 61.37	RMSE: 90.01
Epoch 083	LOSS: 99.60	MAE: 60.34	RMSE: 89.20
Epoch 084	LOSS: 97.50	MAE: 59.62	RMSE: 88.79
Epoch 085	LOSS: 96.15	MAE: 58.72	RMSE: 88.12
Epoch 086	LOSS: 94.49	MAE: 57.95	RMSE: 87.53
Epoch 087	LOSS: 93.39	MAE: 56.99	RMSE: 86.30
Epoch 088	LOSS: 91.35	MAE: 56.18	RMSE: 85.21
Epoch 089	LOSS: 90.07	MAE: 55.72	RMSE: 84.84
Epoch 090	LOSS: 89.43	MAE: 55.50	RMSE: 84.89
Epoch 091	LOSS: 88.84	MAE: 55.03	RMSE: 84.52
Epoch 092	LOSS: 86.92	MAE: 54.17	RMSE: 83.86
Epoch 093	LOSS: 86.47	MAE: 53.56	RMSE: 83.75
Epoch 094	LOSS: 85.19	MAE: 52.71	RMSE: 83.18
Epoch 095	LOSS: 85.04	MAE: 52.21	RMSE: 82.72
Epoch 096	LOSS: 84.40	MAE: 51.84	RMSE: 82.76
Epoch 097	LOSS: 82.83	MAE: 51.63	RMSE: 83.09
Epoch 098	LOSS: 83.09	MAE: 51.17	RMSE: 82.69
Epoch 099	LOSS: 81.94	MAE: 50.87	RMSE: 82.33
Epoch 100	LOSS: 81.68	MAE: 50.61	RMSE: 82.16
Epoch 101	LOSS: 80.87	MAE: 50.33	RMSE: 82.04
Epoch 102	LOSS: 80.97	MAE: 49.85	RMSE: 81.58
Epoch 103	LOSS: 79.29	MAE: 49.46	RMSE: 81.30
Epoch 104	LOSS: 79.14	MAE: 49.09	RMSE: 81.10
Epoch 105	LOSS: 78.60	MAE: 48.92	RMSE: 81.09
Epoch 106	LOSS: 78.08	MAE: 48.88	RMSE: 81.13
Epoch 107	LOSS: 78.95	MAE: 48.63	RMSE: 81.07
Epoch 108	LOSS: 78.70	MAE: 48.51	RMSE: 81.06
Epoch 109	LOSS: 79.08	MAE: 48.51	RMSE: 81.08
Epoch 110	LOSS: 77.60	MAE: 48.31	RMSE: 81.27
Epoch 111	LOSS: 77.53	MAE: 48.45	RMSE: 81.71
Epoch 112	LOSS: 77.86	MAE: 48.26	RMSE: 81.65
Epoch 113	LOSS: 77.29	MAE: 47.95	RMSE: 81.46
Epoch 114	LOSS: 77.10	MAE: 47.76	RMSE: 81.27
Epoch 115	LOSS: 77.01	MAE: 47.65	RMSE: 81.01
Epoch 116	LOSS: 77.51	MAE: 47.64	RMSE: 80.85
Epoch 117	LOSS: 76.87	MAE: 47.40	RMSE: 80.55
Epoch 118	LOSS: 76.73	MAE: 47.26	RMSE: 80.56
Epoch 119	LOSS: 76.91	MAE: 47.32	RMSE: 80.80
Epoch 120	LOSS: 76.35	MAE: 47.33	RMSE: 81.11
Epoch 121	LOSS: 76.18	MAE: 47.36	RMSE: 81.10
Epoch 122	LOSS: 76.15	MAE: 47.30	RMSE: 81.04
Epoch 123	LOSS: 76.22	MAE: 47.21	RMSE: 80.94
Epoch 124	LOSS: 75.04	MAE: 47.16	RMSE: 81.05
Epoch 125	LOSS: 76.15	MAE: 47.11	RMSE: 80.92
Epoch 126	LOSS: 76.09	MAE: 47.20	RMSE: 81.08
Epoch 127	LOSS: 76.12	MAE: 47.34	RMSE: 81.32
Epoch 128	LOSS: 75.92	MAE: 47.54	RMSE: 81.33
Epoch 129	LOSS: 76.55	MAE: 47.45	RMSE: 81.35
Epoch 130	LOSS: 75.98	MAE: 47.33	RMSE: 81.40
Epoch 131	LOSS: 76.06	MAE: 47.20	RMSE: 81.49
Epoch 132	LOSS: 76.03	MAE: 47.06	RMSE: 81.54
Epoch 133	LOSS: 75.29	MAE: 47.06	RMSE: 81.41
Epoch 134	LOSS: 75.88	MAE: 46.96	RMSE: 81.41
Epoch 135	LOSS: 74.76	MAE: 46.85	RMSE: 81.41
Epoch 136	LOSS: 75.61	MAE: 46.75	RMSE: 81.42
Epoch 137	LOSS: 76.11	MAE: 46.82	RMSE: 81.47
Epoch 138	LOSS: 75.38	MAE: 46.71	RMSE: 81.46
Epoch 139	LOSS: 74.94	MAE: 46.74	RMSE: 81.38
Epoch 140	LOSS: 75.26	MAE: 46.89	RMSE: 81.41
Epoch 141	LOSS: 75.02	MAE: 47.10	RMSE: 81.56
Epoch 142	LOSS: 75.71	MAE: 47.19	RMSE: 81.57
Epoch 143	LOSS: 74.99	MAE: 46.98	RMSE: 81.46
Epoch 144	LOSS: 74.50	MAE: 46.67	RMSE: 81.37
Epoch 145	LOSS: 74.31	MAE: 46.57	RMSE: 81.32
Epoch 146	LOSS: 75.17	MAE: 46.57	RMSE: 81.35
Epoch 147	LOSS: 74.69	MAE: 46.35	RMSE: 81.37
Epoch 148	LOSS: 75.37	MAE: 46.63	RMSE: 81.59
Epoch 149	LOSS: 74.31	MAE: 46.78	RMSE: 81.84
Epoch 150	LOSS: 73.53	MAE: 46.61	RMSE: 81.97
Epoch 151	LOSS: 74.17	MAE: 46.78	RMSE: 82.10
Epoch 152	LOSS: 75.21	MAE: 46.77	RMSE: 82.10
Epoch 153	LOSS: 74.33	MAE: 46.56	RMSE: 82.18
Epoch 154	LOSS: 73.58	MAE: 46.41	RMSE: 82.15
Epoch 155	LOSS: 75.62	MAE: 46.53	RMSE: 82.34
Epoch 156	LOSS: 74.19	MAE: 46.18	RMSE: 82.21
Epoch 157	LOSS: 73.57	MAE: 46.16	RMSE: 82.21
Epoch 158	LOSS: 74.87	MAE: 46.30	RMSE: 82.12
Epoch 159	LOSS: 73.95	MAE: 46.36	RMSE: 82.09
Epoch 160	LOSS: 73.28	MAE: 46.20	RMSE: 82.00
Epoch 161	LOSS: 73.76	MAE: 46.14	RMSE: 81.92
Epoch 162	LOSS: 74.74	MAE: 46.37	RMSE: 81.97
Epoch 163	LOSS: 73.62	MAE: 46.11	RMSE: 81.89
Epoch 164	LOSS: 73.99	MAE: 46.09	RMSE: 82.03
Epoch 165	LOSS: 74.64	MAE: 46.58	RMSE: 82.41
Epoch 166	LOSS: 73.32	MAE: 46.27	RMSE: 82.30
Epoch 167	LOSS: 72.95	MAE: 46.21	RMSE: 82.33
Epoch 168	LOSS: 73.27	MAE: 46.26	RMSE: 82.41
Epoch 169	LOSS: 73.97	MAE: 46.22	RMSE: 82.47
Epoch 170	LOSS: 72.00	MAE: 46.12	RMSE: 82.48
Epoch 171	LOSS: 72.92	MAE: 46.14	RMSE: 82.52
Epoch 172	LOSS: 72.97	MAE: 46.09	RMSE: 82.59
Epoch 173	LOSS: 71.98	MAE: 45.95	RMSE: 82.60
Epoch 174	LOSS: 73.31	MAE: 46.08	RMSE: 82.78
Epoch 175	LOSS: 72.39	MAE: 45.90	RMSE: 82.71
Epoch 176	LOSS: 72.36	MAE: 45.95	RMSE: 82.78
Epoch 177	LOSS: 72.78	MAE: 46.28	RMSE: 82.87
Epoch 178	LOSS: 72.68	MAE: 46.22	RMSE: 82.78
Epoch 179	LOSS: 72.37	MAE: 45.84	RMSE: 82.55
Epoch 180	LOSS: 72.46	MAE: 45.71	RMSE: 82.50
Epoch 181	LOSS: 72.01	MAE: 45.73	RMSE: 82.57
Epoch 182	LOSS: 71.50	MAE: 45.70	RMSE: 82.69
Epoch 183	LOSS: 71.58	MAE: 45.73	RMSE: 82.83
Epoch 184	LOSS: 71.72	MAE: 45.99	RMSE: 83.03
Epoch 185	LOSS: 71.26	MAE: 45.59	RMSE: 82.93
Epoch 186	LOSS: 70.73	MAE: 45.36	RMSE: 82.78
Epoch 187	LOSS: 72.24	MAE: 45.47	RMSE: 82.70
Epoch 188	LOSS: 71.31	MAE: 45.48	RMSE: 82.74
Epoch 189	LOSS: 71.75	MAE: 45.63	RMSE: 82.80
Epoch 190	LOSS: 72.34	MAE: 45.74	RMSE: 82.83
Epoch 191	LOSS: 71.96	MAE: 45.55	RMSE: 82.82
Epoch 192	LOSS: 70.58	MAE: 45.25	RMSE: 82.79
Epoch 193	LOSS: 70.53	MAE: 45.23	RMSE: 82.79
Epoch 194	LOSS: 70.98	MAE: 45.21	RMSE: 82.77
Epoch 195	LOSS: 70.49	MAE: 44.90	RMSE: 82.64
Epoch 196	LOSS: 70.09	MAE: 44.93	RMSE: 82.63
Epoch 197	LOSS: 70.63	MAE: 45.03	RMSE: 82.68
Epoch 198	LOSS: 69.58	MAE: 45.13	RMSE: 82.83
Epoch 199	LOSS: 69.22	MAE: 45.23	RMSE: 82.86
Epoch 200	LOSS: 69.65	MAE: 45.08	RMSE: 82.76
Epoch 201	LOSS: 69.45	MAE: 44.92	RMSE: 82.76
Epoch 202	LOSS: 69.21	MAE: 44.75	RMSE: 82.72
Epoch 203	LOSS: 69.66	MAE: 44.71	RMSE: 82.80
Epoch 204	LOSS: 69.99	MAE: 44.70	RMSE: 82.92
Epoch 205	LOSS: 69.64	MAE: 44.91	RMSE: 83.06
Epoch 206	LOSS: 68.72	MAE: 45.06	RMSE: 83.14
Epoch 207	LOSS: 68.13	MAE: 44.76	RMSE: 82.96
Epoch 208	LOSS: 67.90	MAE: 44.55	RMSE: 82.77
Epoch 209	LOSS: 68.32	MAE: 44.42	RMSE: 82.72
Epoch 210	LOSS: 67.72	MAE: 44.37	RMSE: 82.80
Epoch 211	LOSS: 67.49	MAE: 44.36	RMSE: 82.81
Epoch 212	LOSS: 67.18	MAE: 44.36	RMSE: 82.91
Epoch 213	LOSS: 66.68	MAE: 44.19	RMSE: 82.96
Epoch 214	LOSS: 68.20	MAE: 44.31	RMSE: 83.09
Epoch 215	LOSS: 67.47	MAE: 44.27	RMSE: 83.13
Epoch 216	LOSS: 66.98	MAE: 44.12	RMSE: 83.05
Epoch 217	LOSS: 66.87	MAE: 44.05	RMSE: 82.96
Epoch 218	LOSS: 67.22	MAE: 44.02	RMSE: 82.96
Epoch 219	LOSS: 66.48	MAE: 44.00	RMSE: 82.98
Epoch 220	LOSS: 66.20	MAE: 43.96	RMSE: 82.93
Epoch 221	LOSS: 65.91	MAE: 43.93	RMSE: 82.89
Epoch 222	LOSS: 67.16	MAE: 44.17	RMSE: 83.00
Epoch 223	LOSS: 66.93	MAE: 43.82	RMSE: 82.84
Epoch 224	LOSS: 66.89	MAE: 43.76	RMSE: 82.84
Epoch 225	LOSS: 67.14	MAE: 43.78	RMSE: 82.84
Epoch 226	LOSS: 65.84	MAE: 43.90	RMSE: 82.93
Epoch 227	LOSS: 66.35	MAE: 43.92	RMSE: 82.94
Epoch 228	LOSS: 66.87	MAE: 43.88	RMSE: 82.93
Epoch 229	LOSS: 65.33	MAE: 44.05	RMSE: 83.06
Epoch 230	LOSS: 65.63	MAE: 44.08	RMSE: 83.10
Epoch 231	LOSS: 66.62	MAE: 44.10	RMSE: 83.12
Epoch 232	LOSS: 66.12	MAE: 43.94	RMSE: 83.05
Epoch 233	LOSS: 66.83	MAE: 43.91	RMSE: 83.00
Epoch 234	LOSS: 68.36	MAE: 43.80	RMSE: 82.91
Epoch 235	LOSS: 65.65	MAE: 43.78	RMSE: 82.89
Epoch 236	LOSS: 66.43	MAE: 43.73	RMSE: 82.89
Epoch 237	LOSS: 66.03	MAE: 43.62	RMSE: 82.91
Epoch 238	LOSS: 66.47	MAE: 43.63	RMSE: 82.96
Epoch 239	LOSS: 65.50	MAE: 43.65	RMSE: 83.01
Epoch 240	LOSS: 65.53	MAE: 43.69	RMSE: 83.09
Epoch 241	LOSS: 66.24	MAE: 43.87	RMSE: 83.25
Epoch 242	LOSS: 66.04	MAE: 43.74	RMSE: 83.21
Epoch 243	LOSS: 65.73	MAE: 43.63	RMSE: 83.16
Epoch 244	LOSS: 64.97	MAE: 43.52	RMSE: 83.14
Epoch 245	LOSS: 65.22	MAE: 43.50	RMSE: 83.14
Epoch 246	LOSS: 65.36	MAE: 43.46	RMSE: 83.10
Epoch 247	LOSS: 65.86	MAE: 43.42	RMSE: 83.15
Epoch 248	LOSS: 66.26	MAE: 43.43	RMSE: 83.10
Epoch 249	LOSS: 64.74	MAE: 43.44	RMSE: 83.10
Epoch 250	LOSS: 64.67	MAE: 43.42	RMSE: 83.10
Epoch 251	LOSS: 66.00	MAE: 43.59	RMSE: 83.22
Epoch 252	LOSS: 65.61	MAE: 43.70	RMSE: 83.32
Epoch 253	LOSS: 64.90	MAE: 43.57	RMSE: 83.28
Epoch 254	LOSS: 65.66	MAE: 43.55	RMSE: 83.27
Epoch 255	LOSS: 65.91	MAE: 43.49	RMSE: 83.25
Epoch 256	LOSS: 64.78	MAE: 43.57	RMSE: 83.33
Epoch 257	LOSS: 66.18	MAE: 43.73	RMSE: 83.42
Epoch 258	LOSS: 65.55	MAE: 43.61	RMSE: 83.40
Epoch 259	LOSS: 65.17	MAE: 43.48	RMSE: 83.37
Epoch 260	LOSS: 66.15	MAE: 43.54	RMSE: 83.40
Epoch 261	LOSS: 64.63	MAE: 43.42	RMSE: 83.35
Epoch 262	LOSS: 65.82	MAE: 43.44	RMSE: 83.38
Epoch 263	LOSS: 64.42	MAE: 43.51	RMSE: 83.43
Epoch 264	LOSS: 66.42	MAE: 43.64	RMSE: 83.49
Epoch 265	LOSS: 64.98	MAE: 43.64	RMSE: 83.51
Epoch 266	LOSS: 64.44	MAE: 43.47	RMSE: 83.40
Epoch 267	LOSS: 65.18	MAE: 43.51	RMSE: 83.38
Epoch 268	LOSS: 64.81	MAE: 43.33	RMSE: 83.29
Epoch 269	LOSS: 64.95	MAE: 43.33	RMSE: 83.32
Epoch 270	LOSS: 65.56	MAE: 43.56	RMSE: 83.47
Epoch 271	LOSS: 64.92	MAE: 43.40	RMSE: 83.37
Epoch 272	LOSS: 64.73	MAE: 43.45	RMSE: 83.37
Epoch 273	LOSS: 66.02	MAE: 43.65	RMSE: 83.52
Epoch 274	LOSS: 64.64	MAE: 43.55	RMSE: 83.51
Epoch 275	LOSS: 65.78	MAE: 43.52	RMSE: 83.48
Epoch 276	LOSS: 64.31	MAE: 43.54	RMSE: 83.51
Epoch 277	LOSS: 64.43	MAE: 43.35	RMSE: 83.41
Epoch 278	LOSS: 64.30	MAE: 43.37	RMSE: 83.43
Epoch 279	LOSS: 65.83	MAE: 43.41	RMSE: 83.45
Epoch 280	LOSS: 64.07	MAE: 43.19	RMSE: 83.34
Epoch 281	LOSS: 65.51	MAE: 43.16	RMSE: 83.33
Epoch 282	LOSS: 65.36	MAE: 43.19	RMSE: 83.35
Epoch 283	LOSS: 65.32	MAE: 43.20	RMSE: 83.36
Epoch 284	LOSS: 65.46	MAE: 43.31	RMSE: 83.40
Epoch 285	LOSS: 64.58	MAE: 43.27	RMSE: 83.34
Epoch 286	LOSS: 64.93	MAE: 43.23	RMSE: 83.32
Epoch 287	LOSS: 64.10	MAE: 43.16	RMSE: 83.26
Epoch 288	LOSS: 65.08	MAE: 43.41	RMSE: 83.37
Epoch 289	LOSS: 65.41	MAE: 43.52	RMSE: 83.48
Epoch 290	LOSS: 64.11	MAE: 43.22	RMSE: 83.32
Epoch 291	LOSS: 65.32	MAE: 43.30	RMSE: 83.39
Epoch 292	LOSS: 64.20	MAE: 43.24	RMSE: 83.35
Epoch 293	LOSS: 64.66	MAE: 43.27	RMSE: 83.41
Epoch 294	LOSS: 63.82	MAE: 43.18	RMSE: 83.40
Epoch 295	LOSS: 64.10	MAE: 42.97	RMSE: 83.29
Epoch 296	LOSS: 65.23	MAE: 43.07	RMSE: 83.34
Epoch 297	LOSS: 64.91	MAE: 42.91	RMSE: 83.25
Epoch 298	LOSS: 64.39	MAE: 43.02	RMSE: 83.31
Epoch 299	LOSS: 65.31	MAE: 43.20	RMSE: 83.42
Epoch 300	LOSS: 65.02	MAE: 43.11	RMSE: 83.36
Epoch 301	LOSS: 64.59	MAE: 43.07	RMSE: 83.32
Epoch 302	LOSS: 64.39	MAE: 42.95	RMSE: 83.21
Epoch 303	LOSS: 63.82	MAE: 43.01	RMSE: 83.25
Epoch 304	LOSS: 64.14	MAE: 42.94	RMSE: 83.22
Epoch 305	LOSS: 64.93	MAE: 43.11	RMSE: 83.29
Epoch 306	LOSS: 63.76	MAE: 43.07	RMSE: 83.26
Epoch 307	LOSS: 64.95	MAE: 43.28	RMSE: 83.41
Epoch 308	LOSS: 65.29	MAE: 43.26	RMSE: 83.44
Epoch 309	LOSS: 64.96	MAE: 43.18	RMSE: 83.43
Epoch 310	LOSS: 65.70	MAE: 43.23	RMSE: 83.47
Epoch 311	LOSS: 63.00	MAE: 43.03	RMSE: 83.35
Epoch 312	LOSS: 64.18	MAE: 43.17	RMSE: 83.40
Epoch 313	LOSS: 63.19	MAE: 43.11	RMSE: 83.39
Epoch 314	LOSS: 63.65	MAE: 43.13	RMSE: 83.41
Epoch 315	LOSS: 63.42	MAE: 42.96	RMSE: 83.34
Epoch 316	LOSS: 64.73	MAE: 42.97	RMSE: 83.33
Epoch 317	LOSS: 65.05	MAE: 43.10	RMSE: 83.39
Epoch 318	LOSS: 64.09	MAE: 42.98	RMSE: 83.33
Epoch 319	LOSS: 64.87	MAE: 43.00	RMSE: 83.34
Epoch 320	LOSS: 64.62	MAE: 42.91	RMSE: 83.30
Epoch 321	LOSS: 64.01	MAE: 42.84	RMSE: 83.27
Epoch 322	LOSS: 63.15	MAE: 43.05	RMSE: 83.37
Epoch 323	LOSS: 63.23	MAE: 42.96	RMSE: 83.31
Epoch 324	LOSS: 64.40	MAE: 42.97	RMSE: 83.31
Epoch 325	LOSS: 63.46	MAE: 42.84	RMSE: 83.29
Epoch 326	LOSS: 64.70	MAE: 42.87	RMSE: 83.33
Epoch 327	LOSS: 63.64	MAE: 42.86	RMSE: 83.34
Epoch 328	LOSS: 64.58	MAE: 43.04	RMSE: 83.44
Epoch 329	LOSS: 64.52	MAE: 43.05	RMSE: 83.44
Epoch 330	LOSS: 63.96	MAE: 42.94	RMSE: 83.38
Epoch 331	LOSS: 64.39	MAE: 42.90	RMSE: 83.37
Epoch 332	LOSS: 63.20	MAE: 42.96	RMSE: 83.39
Epoch 333	LOSS: 63.43	MAE: 42.93	RMSE: 83.36
Epoch 334	LOSS: 63.31	MAE: 42.89	RMSE: 83.35
Epoch 335	LOSS: 62.40	MAE: 42.79	RMSE: 83.30
Epoch 336	LOSS: 63.59	MAE: 42.81	RMSE: 83.29
Epoch 337	LOSS: 63.66	MAE: 43.10	RMSE: 83.43
Epoch 338	LOSS: 63.35	MAE: 42.92	RMSE: 83.32
Epoch 339	LOSS: 64.07	MAE: 42.87	RMSE: 83.31
Epoch 340	LOSS: 64.11	MAE: 42.85	RMSE: 83.34
Epoch 341	LOSS: 63.79	MAE: 42.59	RMSE: 83.24
Epoch 342	LOSS: 64.72	MAE: 42.73	RMSE: 83.34
Epoch 343	LOSS: 64.41	MAE: 42.68	RMSE: 83.30
Epoch 344	LOSS: 63.93	MAE: 42.78	RMSE: 83.39
Epoch 345	LOSS: 63.53	MAE: 42.63	RMSE: 83.29
Epoch 346	LOSS: 63.47	MAE: 42.62	RMSE: 83.26
Epoch 347	LOSS: 62.88	MAE: 42.70	RMSE: 83.31
Epoch 348	LOSS: 62.59	MAE: 42.62	RMSE: 83.26
Epoch 349	LOSS: 62.34	MAE: 42.71	RMSE: 83.30
Epoch 350	LOSS: 62.98	MAE: 42.61	RMSE: 83.21
Epoch 351	LOSS: 62.76	MAE: 42.76	RMSE: 83.26
Epoch 352	LOSS: 63.40	MAE: 42.66	RMSE: 83.22
Epoch 353	LOSS: 63.78	MAE: 42.50	RMSE: 83.18
Epoch 354	LOSS: 65.09	MAE: 42.63	RMSE: 83.27
Epoch 355	LOSS: 62.66	MAE: 42.39	RMSE: 83.18
Epoch 356	LOSS: 62.56	MAE: 42.45	RMSE: 83.21
Epoch 357	LOSS: 63.19	MAE: 42.60	RMSE: 83.31
Epoch 358	LOSS: 63.47	MAE: 42.60	RMSE: 83.31
Epoch 359	LOSS: 61.69	MAE: 42.61	RMSE: 83.35
Epoch 360	LOSS: 62.09	MAE: 42.62	RMSE: 83.36
Epoch 361	LOSS: 63.32	MAE: 42.64	RMSE: 83.38
Epoch 362	LOSS: 63.50	MAE: 42.59	RMSE: 83.34
Epoch 363	LOSS: 61.94	MAE: 42.52	RMSE: 83.29
Epoch 364	LOSS: 62.15	MAE: 42.49	RMSE: 83.26
Epoch 365	LOSS: 61.65	MAE: 42.27	RMSE: 83.14
Epoch 366	LOSS: 62.21	MAE: 42.24	RMSE: 83.12
Epoch 367	LOSS: 61.66	MAE: 42.16	RMSE: 83.08
Epoch 368	LOSS: 62.64	MAE: 42.30	RMSE: 83.11
Epoch 369	LOSS: 62.24	MAE: 42.29	RMSE: 83.10
Epoch 370	LOSS: 63.10	MAE: 42.44	RMSE: 83.21
Epoch 371	LOSS: 61.99	MAE: 42.16	RMSE: 83.08
Epoch 372	LOSS: 62.98	MAE: 42.17	RMSE: 83.09
Epoch 373	LOSS: 62.74	MAE: 42.18	RMSE: 83.06
Epoch 374	LOSS: 60.97	MAE: 42.22	RMSE: 83.05
Epoch 375	LOSS: 62.25	MAE: 42.44	RMSE: 83.16
Epoch 376	LOSS: 61.83	MAE: 42.40	RMSE: 83.16
Epoch 377	LOSS: 62.37	MAE: 42.26	RMSE: 83.08
Epoch 378	LOSS: 61.62	MAE: 42.06	RMSE: 82.99
Epoch 379	LOSS: 61.44	MAE: 42.09	RMSE: 83.00
Epoch 380	LOSS: 60.63	MAE: 41.98	RMSE: 82.93
Epoch 381	LOSS: 61.98	MAE: 41.96	RMSE: 82.90
Epoch 382	LOSS: 60.95	MAE: 41.75	RMSE: 82.79
Epoch 383	LOSS: 61.66	MAE: 41.62	RMSE: 82.70
Epoch 384	LOSS: 61.01	MAE: 41.56	RMSE: 82.64
Epoch 385	LOSS: 60.21	MAE: 41.61	RMSE: 82.65
Epoch 386	LOSS: 60.58	MAE: 41.42	RMSE: 82.51
Epoch 387	LOSS: 61.52	MAE: 41.39	RMSE: 82.54
Epoch 388	LOSS: 60.37	MAE: 41.38	RMSE: 82.54
Epoch 389	LOSS: 60.21	MAE: 41.32	RMSE: 82.49
Epoch 390	LOSS: 59.94	MAE: 41.21	RMSE: 82.42
Epoch 391	LOSS: 60.54	MAE: 41.42	RMSE: 82.51
Epoch 392	LOSS: 60.75	MAE: 41.26	RMSE: 82.45
Epoch 393	LOSS: 61.49	MAE: 41.32	RMSE: 82.48
Epoch 394	LOSS: 59.56	MAE: 41.10	RMSE: 82.36
Epoch 395	LOSS: 59.92	MAE: 41.11	RMSE: 82.35
Epoch 396	LOSS: 59.75	MAE: 40.87	RMSE: 82.23
Epoch 397	LOSS: 59.82	MAE: 41.02	RMSE: 82.29
Epoch 398	LOSS: 59.74	MAE: 40.98	RMSE: 82.27
Epoch 399	LOSS: 60.55	MAE: 41.06	RMSE: 82.31
Epoch 400	LOSS: 59.99	MAE: 41.12	RMSE: 82.35
Epoch 401	LOSS: 59.68	MAE: 40.87	RMSE: 82.17
Epoch 402	LOSS: 58.45	MAE: 40.94	RMSE: 82.22
Epoch 403	LOSS: 59.28	MAE: 40.86	RMSE: 82.13
Epoch 404	LOSS: 60.33	MAE: 40.91	RMSE: 82.14
Epoch 405	LOSS: 59.18	MAE: 40.72	RMSE: 82.05
Epoch 406	LOSS: 59.59	MAE: 40.76	RMSE: 82.13
Epoch 407	LOSS: 59.21	MAE: 40.64	RMSE: 82.03
Epoch 408	LOSS: 59.79	MAE: 40.63	RMSE: 82.02
Epoch 409	LOSS: 59.87	MAE: 40.80	RMSE: 82.11
Epoch 410	LOSS: 59.88	MAE: 40.57	RMSE: 81.92
Epoch 411	LOSS: 60.00	MAE: 40.97	RMSE: 82.14
Epoch 412	LOSS: 58.83	MAE: 40.78	RMSE: 82.04
Epoch 413	LOSS: 59.22	MAE: 40.83	RMSE: 82.08
Epoch 414	LOSS: 59.81	MAE: 40.67	RMSE: 81.97
Epoch 415	LOSS: 59.14	MAE: 40.58	RMSE: 81.97
Epoch 416	LOSS: 59.37	MAE: 40.68	RMSE: 82.00
Epoch 417	LOSS: 59.09	MAE: 40.59	RMSE: 81.94
Epoch 418	LOSS: 58.86	MAE: 40.60	RMSE: 81.96
Epoch 419	LOSS: 58.52	MAE: 40.49	RMSE: 81.93
Epoch 420	LOSS: 58.83	MAE: 40.58	RMSE: 81.95
Epoch 421	LOSS: 59.15	MAE: 40.44	RMSE: 81.90
Epoch 422	LOSS: 59.79	MAE: 40.60	RMSE: 82.05
Epoch 423	LOSS: 57.70	MAE: 40.34	RMSE: 81.88
Epoch 424	LOSS: 58.59	MAE: 40.52	RMSE: 81.91
Epoch 425	LOSS: 59.17	MAE: 40.47	RMSE: 81.88
Epoch 426	LOSS: 58.76	MAE: 40.38	RMSE: 81.88
Epoch 427	LOSS: 57.61	MAE: 40.32	RMSE: 81.83
Epoch 428	LOSS: 58.65	MAE: 40.39	RMSE: 81.83
Epoch 429	LOSS: 58.76	MAE: 40.51	RMSE: 81.86
Epoch 430	LOSS: 58.53	MAE: 40.45	RMSE: 81.85
Epoch 431	LOSS: 57.81	MAE: 40.39	RMSE: 81.80
Epoch 432	LOSS: 57.74	MAE: 40.35	RMSE: 81.76
Epoch 433	LOSS: 58.41	MAE: 40.26	RMSE: 81.69
Epoch 434	LOSS: 58.49	MAE: 40.39	RMSE: 81.78
Epoch 435	LOSS: 58.68	MAE: 40.21	RMSE: 81.67
Epoch 436	LOSS: 58.61	MAE: 40.58	RMSE: 81.86
Epoch 437	LOSS: 58.07	MAE: 40.25	RMSE: 81.69
Epoch 438	LOSS: 58.01	MAE: 40.26	RMSE: 81.69
Epoch 439	LOSS: 58.54	MAE: 40.04	RMSE: 81.59
Epoch 440	LOSS: 56.50	MAE: 39.96	RMSE: 81.55
Epoch 441	LOSS: 57.51	MAE: 40.06	RMSE: 81.57
Epoch 442	LOSS: 57.01	MAE: 39.94	RMSE: 81.49
Epoch 443	LOSS: 57.89	MAE: 40.11	RMSE: 81.57
Epoch 444	LOSS: 56.86	MAE: 40.02	RMSE: 81.53
Epoch 445	LOSS: 57.50	MAE: 40.16	RMSE: 81.60
Epoch 446	LOSS: 57.21	MAE: 39.96	RMSE: 81.47
Epoch 447	LOSS: 58.02	MAE: 40.11	RMSE: 81.57
Epoch 448	LOSS: 57.36	MAE: 39.86	RMSE: 81.43
Epoch 449	LOSS: 56.53	MAE: 39.73	RMSE: 81.34
Epoch 450	LOSS: 57.03	MAE: 39.88	RMSE: 81.39
Epoch 451	LOSS: 56.71	MAE: 39.76	RMSE: 81.28
Epoch 452	LOSS: 57.44	MAE: 39.75	RMSE: 81.26
Epoch 453	LOSS: 56.30	MAE: 39.69	RMSE: 81.22
Epoch 454	LOSS: 56.78	MAE: 39.97	RMSE: 81.38
Epoch 455	LOSS: 56.73	MAE: 39.98	RMSE: 81.37
Epoch 456	LOSS: 57.31	MAE: 39.97	RMSE: 81.36
Epoch 457	LOSS: 56.89	MAE: 40.19	RMSE: 81.42
Epoch 458	LOSS: 57.26	MAE: 40.05	RMSE: 81.36
Epoch 459	LOSS: 57.09	MAE: 40.05	RMSE: 81.39
Epoch 460	LOSS: 56.44	MAE: 39.77	RMSE: 81.25
Epoch 461	LOSS: 55.35	MAE: 39.77	RMSE: 81.26
Epoch 462	LOSS: 55.59	MAE: 39.48	RMSE: 81.09
Epoch 463	LOSS: 55.28	MAE: 39.42	RMSE: 81.02
Epoch 464	LOSS: 55.82	MAE: 39.45	RMSE: 81.00
Epoch 465	LOSS: 55.50	MAE: 39.35	RMSE: 80.96
Epoch 466	LOSS: 55.71	MAE: 39.48	RMSE: 81.04
Epoch 467	LOSS: 55.55	MAE: 39.48	RMSE: 81.00
Epoch 468	LOSS: 56.60	MAE: 39.67	RMSE: 81.11
Epoch 469	LOSS: 55.27	MAE: 39.46	RMSE: 81.00
Epoch 470	LOSS: 55.49	MAE: 39.44	RMSE: 80.92
Epoch 471	LOSS: 55.89	MAE: 39.38	RMSE: 80.90
Epoch 472	LOSS: 55.55	MAE: 39.22	RMSE: 80.87
Epoch 473	LOSS: 55.81	MAE: 39.40	RMSE: 80.99
Epoch 474	LOSS: 55.33	MAE: 39.26	RMSE: 80.87
Epoch 475	LOSS: 54.81	MAE: 39.16	RMSE: 80.76
Epoch 476	LOSS: 54.99	MAE: 39.14	RMSE: 80.76
Epoch 477	LOSS: 55.70	MAE: 39.09	RMSE: 80.72
Epoch 478	LOSS: 55.95	MAE: 39.35	RMSE: 80.83
Epoch 479	LOSS: 55.59	MAE: 39.39	RMSE: 80.86
Epoch 480	LOSS: 55.91	MAE: 39.48	RMSE: 80.96
Epoch 481	LOSS: 55.32	MAE: 39.27	RMSE: 80.88
Epoch 482	LOSS: 55.56	MAE: 39.25	RMSE: 80.83
Epoch 483	LOSS: 55.15	MAE: 39.13	RMSE: 80.78
Epoch 484	LOSS: 54.66	MAE: 39.16	RMSE: 80.79
Epoch 485	LOSS: 54.43	MAE: 39.04	RMSE: 80.75
Epoch 486	LOSS: 54.51	MAE: 39.13	RMSE: 80.78
Epoch 487	LOSS: 54.54	MAE: 39.12	RMSE: 80.80
Epoch 488	LOSS: 54.91	MAE: 39.14	RMSE: 80.79
Epoch 489	LOSS: 54.49	MAE: 39.04	RMSE: 80.68
Epoch 490	LOSS: 54.52	MAE: 38.99	RMSE: 80.62
Epoch 491	LOSS: 54.37	MAE: 39.01	RMSE: 80.61
Epoch 492	LOSS: 54.15	MAE: 38.98	RMSE: 80.60
Epoch 493	LOSS: 54.24	MAE: 39.06	RMSE: 80.64
Epoch 494	LOSS: 54.20	MAE: 39.01	RMSE: 80.66
Epoch 495	LOSS: 54.41	MAE: 39.18	RMSE: 80.76
Epoch 496	LOSS: 53.96	MAE: 38.88	RMSE: 80.60
Epoch 497	LOSS: 54.00	MAE: 39.11	RMSE: 80.74
Epoch 498	LOSS: 54.52	MAE: 38.95	RMSE: 80.70
Epoch 499	LOSS: 53.68	MAE: 38.89	RMSE: 80.67
