Epoch 000	LOSS: 66.12	MAE: 64.56	RMSE: 77.63
Epoch 001	LOSS: 64.85	MAE: 63.55	RMSE: 76.66
Epoch 002	LOSS: 64.03	MAE: 62.49	RMSE: 75.63
Epoch 003	LOSS: 62.88	MAE: 61.41	RMSE: 74.56
Epoch 004	LOSS: 61.86	MAE: 60.33	RMSE: 73.43
Epoch 005	LOSS: 60.42	MAE: 59.24	RMSE: 72.27
Epoch 006	LOSS: 59.58	MAE: 58.17	RMSE: 71.08
Epoch 007	LOSS: 58.14	MAE: 57.10	RMSE: 69.86
Epoch 008	LOSS: 57.33	MAE: 56.04	RMSE: 68.62
Epoch 009	LOSS: 56.20	MAE: 55.01	RMSE: 67.36
Epoch 010	LOSS: 55.12	MAE: 53.98	RMSE: 66.08
Epoch 011	LOSS: 54.45	MAE: 52.97	RMSE: 64.79
Epoch 012	LOSS: 53.35	MAE: 51.98	RMSE: 63.50
Epoch 013	LOSS: 52.32	MAE: 50.99	RMSE: 62.19
Epoch 014	LOSS: 51.40	MAE: 50.04	RMSE: 60.90
Epoch 015	LOSS: 50.40	MAE: 49.10	RMSE: 59.62
Epoch 016	LOSS: 49.25	MAE: 48.19	RMSE: 58.35
Epoch 017	LOSS: 48.44	MAE: 47.30	RMSE: 57.09
Epoch 018	LOSS: 47.60	MAE: 46.44	RMSE: 55.86
Epoch 019	LOSS: 46.72	MAE: 45.62	RMSE: 54.67
Epoch 020	LOSS: 45.97	MAE: 44.83	RMSE: 53.53
Epoch 021	LOSS: 45.15	MAE: 44.09	RMSE: 52.44
Epoch 022	LOSS: 44.42	MAE: 43.38	RMSE: 51.39
Epoch 023	LOSS: 43.72	MAE: 42.70	RMSE: 50.39
Epoch 024	LOSS: 43.20	MAE: 42.07	RMSE: 49.46
Epoch 025	LOSS: 42.56	MAE: 41.50	RMSE: 48.61
Epoch 026	LOSS: 41.99	MAE: 40.96	RMSE: 47.82
Epoch 027	LOSS: 41.44	MAE: 40.48	RMSE: 47.12
Epoch 028	LOSS: 41.02	MAE: 40.04	RMSE: 46.49
Epoch 029	LOSS: 40.60	MAE: 39.64	RMSE: 45.93
Epoch 030	LOSS: 40.18	MAE: 39.30	RMSE: 45.46
Epoch 031	LOSS: 39.90	MAE: 38.99	RMSE: 45.05
Epoch 032	LOSS: 39.52	MAE: 38.72	RMSE: 44.72
Epoch 033	LOSS: 39.23	MAE: 38.50	RMSE: 44.45
Epoch 034	LOSS: 39.13	MAE: 38.32	RMSE: 44.25
Epoch 035	LOSS: 38.89	MAE: 38.17	RMSE: 44.09
Epoch 036	LOSS: 38.47	MAE: 37.40	RMSE: 43.85
Epoch 037	LOSS: 38.32	MAE: 36.36	RMSE: 42.91
Epoch 038	LOSS: 33.09	MAE: 33.70	RMSE: 40.37
Epoch 039	LOSS: 31.24	MAE: 31.61	RMSE: 39.11
Epoch 040	LOSS: 29.56	MAE: 30.51	RMSE: 38.34
Epoch 041	LOSS: 28.36	MAE: 30.06	RMSE: 37.58
Epoch 042	LOSS: 27.87	MAE: 29.60	RMSE: 36.97
Epoch 043	LOSS: 26.81	MAE: 28.57	RMSE: 36.10
Epoch 044	LOSS: 25.86	MAE: 28.06	RMSE: 35.86
Epoch 045	LOSS: 25.41	MAE: 27.65	RMSE: 35.67
Epoch 046	LOSS: 24.61	MAE: 27.08	RMSE: 35.22
Epoch 047	LOSS: 24.42	MAE: 27.19	RMSE: 35.45
Epoch 048	LOSS: 24.14	MAE: 27.21	RMSE: 35.79
Epoch 049	LOSS: 23.69	MAE: 26.75	RMSE: 35.35
Epoch 050	LOSS: 23.58	MAE: 26.63	RMSE: 35.57
Epoch 051	LOSS: 23.36	MAE: 26.34	RMSE: 35.36
Epoch 052	LOSS: 23.33	MAE: 26.37	RMSE: 35.44
Epoch 053	LOSS: 23.00	MAE: 26.12	RMSE: 35.09
Epoch 054	LOSS: 22.63	MAE: 25.84	RMSE: 34.86
Epoch 055	LOSS: 22.36	MAE: 25.44	RMSE: 34.31
Epoch 056	LOSS: 22.21	MAE: 25.21	RMSE: 34.03
Epoch 057	LOSS: 21.88	MAE: 24.32	RMSE: 32.38
Epoch 058	LOSS: 21.12	MAE: 23.50	RMSE: 31.34
Epoch 059	LOSS: 20.81	MAE: 23.33	RMSE: 31.52
Epoch 060	LOSS: 20.76	MAE: 24.03	RMSE: 32.18
Epoch 061	LOSS: 20.86	MAE: 23.78	RMSE: 31.91
Epoch 062	LOSS: 19.95	MAE: 22.69	RMSE: 31.01
Epoch 063	LOSS: 19.94	MAE: 22.42	RMSE: 30.63
Epoch 064	LOSS: 19.85	MAE: 22.42	RMSE: 30.39
Epoch 065	LOSS: 19.55	MAE: 22.13	RMSE: 30.35
Epoch 066	LOSS: 19.63	MAE: 22.01	RMSE: 30.26
Epoch 067	LOSS: 19.75	MAE: 22.25	RMSE: 30.44
Epoch 068	LOSS: 19.88	MAE: 22.36	RMSE: 30.49
Epoch 069	LOSS: 19.64	MAE: 22.37	RMSE: 30.48
Epoch 070	LOSS: 19.38	MAE: 21.82	RMSE: 29.95
Epoch 071	LOSS: 19.53	MAE: 21.57	RMSE: 29.49
Epoch 072	LOSS: 19.30	MAE: 21.72	RMSE: 29.74
Epoch 073	LOSS: 19.54	MAE: 22.23	RMSE: 30.27
Epoch 074	LOSS: 19.30	MAE: 21.61	RMSE: 29.10
Epoch 075	LOSS: 19.17	MAE: 21.84	RMSE: 30.09
Epoch 076	LOSS: 19.13	MAE: 21.61	RMSE: 29.47
Epoch 077	LOSS: 19.13	MAE: 21.73	RMSE: 29.87
Epoch 078	LOSS: 19.14	MAE: 21.87	RMSE: 29.93
Epoch 079	LOSS: 19.03	MAE: 21.28	RMSE: 29.15
Epoch 080	LOSS: 18.87	MAE: 21.11	RMSE: 28.56
Epoch 081	LOSS: 19.11	MAE: 21.89	RMSE: 29.93
Epoch 082	LOSS: 19.05	MAE: 21.39	RMSE: 29.13
Epoch 083	LOSS: 18.91	MAE: 21.46	RMSE: 29.61
Epoch 084	LOSS: 18.88	MAE: 21.16	RMSE: 29.15
Epoch 085	LOSS: 18.84	MAE: 21.07	RMSE: 28.90
Epoch 086	LOSS: 18.84	MAE: 21.14	RMSE: 29.04
Epoch 087	LOSS: 18.88	MAE: 21.34	RMSE: 29.20
Epoch 088	LOSS: 18.80	MAE: 20.79	RMSE: 28.21
Epoch 089	LOSS: 18.78	MAE: 20.83	RMSE: 28.20
Epoch 090	LOSS: 18.94	MAE: 20.87	RMSE: 28.26
Epoch 091	LOSS: 19.15	MAE: 20.96	RMSE: 28.42
Epoch 092	LOSS: 19.16	MAE: 21.55	RMSE: 29.12
Epoch 093	LOSS: 18.75	MAE: 20.86	RMSE: 28.13
Epoch 094	LOSS: 18.76	MAE: 21.14	RMSE: 29.00
Epoch 095	LOSS: 18.75	MAE: 21.27	RMSE: 29.22
Epoch 096	LOSS: 18.65	MAE: 20.90	RMSE: 28.55
Epoch 097	LOSS: 18.79	MAE: 21.43	RMSE: 29.24
Epoch 098	LOSS: 18.90	MAE: 21.27	RMSE: 29.21
Epoch 099	LOSS: 18.62	MAE: 20.94	RMSE: 28.75
Epoch 100	LOSS: 18.72	MAE: 20.54	RMSE: 28.04
Epoch 101	LOSS: 18.58	MAE: 20.64	RMSE: 28.25
Epoch 102	LOSS: 18.68	MAE: 20.78	RMSE: 28.38
Epoch 103	LOSS: 18.58	MAE: 20.69	RMSE: 28.11
Epoch 104	LOSS: 18.45	MAE: 20.61	RMSE: 28.13
Epoch 105	LOSS: 18.45	MAE: 20.69	RMSE: 28.23
Epoch 106	LOSS: 18.47	MAE: 20.61	RMSE: 28.11
Epoch 107	LOSS: 18.50	MAE: 20.51	RMSE: 27.91
Epoch 108	LOSS: 18.56	MAE: 20.80	RMSE: 28.49
Epoch 109	LOSS: 18.97	MAE: 21.01	RMSE: 28.54
Epoch 110	LOSS: 19.03	MAE: 20.56	RMSE: 27.81
Epoch 111	LOSS: 18.63	MAE: 20.73	RMSE: 28.22
Epoch 112	LOSS: 18.76	MAE: 20.96	RMSE: 28.56
Epoch 113	LOSS: 18.43	MAE: 20.61	RMSE: 28.36
Epoch 114	LOSS: 18.55	MAE: 20.79	RMSE: 28.31
Epoch 115	LOSS: 18.48	MAE: 20.82	RMSE: 28.84
Epoch 116	LOSS: 18.58	MAE: 20.89	RMSE: 29.06
Epoch 117	LOSS: 18.37	MAE: 20.51	RMSE: 28.12
Epoch 118	LOSS: 18.50	MAE: 20.86	RMSE: 28.50
Epoch 119	LOSS: 18.46	MAE: 20.57	RMSE: 28.05
Epoch 120	LOSS: 18.47	MAE: 20.42	RMSE: 27.89
Epoch 121	LOSS: 18.33	MAE: 20.47	RMSE: 28.06
Epoch 122	LOSS: 18.34	MAE: 20.55	RMSE: 28.08
Epoch 123	LOSS: 18.29	MAE: 20.45	RMSE: 28.05
Epoch 124	LOSS: 18.70	MAE: 20.37	RMSE: 28.00
Epoch 125	LOSS: 18.30	MAE: 20.28	RMSE: 27.84
Epoch 126	LOSS: 18.37	MAE: 20.66	RMSE: 28.23
Epoch 127	LOSS: 18.27	MAE: 20.54	RMSE: 28.07
Epoch 128	LOSS: 18.27	MAE: 20.54	RMSE: 28.21
Epoch 129	LOSS: 18.24	MAE: 20.50	RMSE: 28.15
Epoch 130	LOSS: 18.34	MAE: 20.55	RMSE: 28.06
Epoch 131	LOSS: 18.34	MAE: 20.17	RMSE: 27.53
Epoch 132	LOSS: 18.34	MAE: 20.81	RMSE: 28.60
Epoch 133	LOSS: 18.31	MAE: 20.72	RMSE: 28.51
Epoch 134	LOSS: 18.29	MAE: 20.71	RMSE: 28.50
Epoch 135	LOSS: 18.25	MAE: 20.54	RMSE: 28.22
Epoch 136	LOSS: 18.25	MAE: 20.50	RMSE: 28.25
Epoch 137	LOSS: 18.40	MAE: 20.88	RMSE: 28.64
Epoch 138	LOSS: 18.59	MAE: 21.04	RMSE: 28.83
Epoch 139	LOSS: 18.85	MAE: 20.85	RMSE: 28.54
Epoch 140	LOSS: 18.60	MAE: 20.76	RMSE: 28.47
Epoch 141	LOSS: 18.52	MAE: 21.31	RMSE: 29.08
Epoch 142	LOSS: 18.62	MAE: 20.54	RMSE: 27.86
Epoch 143	LOSS: 18.40	MAE: 20.69	RMSE: 28.27
Epoch 144	LOSS: 18.53	MAE: 20.74	RMSE: 28.31
Epoch 145	LOSS: 18.40	MAE: 20.48	RMSE: 28.12
Epoch 146	LOSS: 18.44	MAE: 20.76	RMSE: 28.78
Epoch 147	LOSS: 18.26	MAE: 20.28	RMSE: 27.64
Epoch 148	LOSS: 18.28	MAE: 20.25	RMSE: 27.72
Epoch 149	LOSS: 18.27	MAE: 20.42	RMSE: 27.93
Epoch 150	LOSS: 18.20	MAE: 20.35	RMSE: 27.75
Epoch 151	LOSS: 18.17	MAE: 20.16	RMSE: 27.45
Epoch 152	LOSS: 18.16	MAE: 20.21	RMSE: 27.58
Epoch 153	LOSS: 18.16	MAE: 20.25	RMSE: 27.63
Epoch 154	LOSS: 18.19	MAE: 20.45	RMSE: 27.83
Epoch 155	LOSS: 18.27	MAE: 20.29	RMSE: 27.63
Epoch 156	LOSS: 18.23	MAE: 20.52	RMSE: 27.98
Epoch 157	LOSS: 18.20	MAE: 20.42	RMSE: 27.86
Epoch 158	LOSS: 18.24	MAE: 20.16	RMSE: 27.67
Epoch 159	LOSS: 18.25	MAE: 20.22	RMSE: 27.79
Epoch 160	LOSS: 18.18	MAE: 20.53	RMSE: 28.30
Epoch 161	LOSS: 18.23	MAE: 20.32	RMSE: 27.86
Epoch 162	LOSS: 18.27	MAE: 20.25	RMSE: 27.70
Epoch 163	LOSS: 18.36	MAE: 20.34	RMSE: 27.84
Epoch 164	LOSS: 18.30	MAE: 20.32	RMSE: 27.85
Epoch 165	LOSS: 18.22	MAE: 20.31	RMSE: 27.84
Epoch 166	LOSS: 18.23	MAE: 20.12	RMSE: 27.58
Epoch 167	LOSS: 18.20	MAE: 20.09	RMSE: 27.53
Epoch 168	LOSS: 18.18	MAE: 20.07	RMSE: 27.47
Epoch 169	LOSS: 18.15	MAE: 20.01	RMSE: 27.39
Epoch 170	LOSS: 18.15	MAE: 20.21	RMSE: 27.62
Epoch 171	LOSS: 18.12	MAE: 20.22	RMSE: 27.63
Epoch 172	LOSS: 18.08	MAE: 20.39	RMSE: 27.83
Epoch 173	LOSS: 18.11	MAE: 20.25	RMSE: 27.70
Epoch 174	LOSS: 18.14	MAE: 20.16	RMSE: 27.48
Epoch 175	LOSS: 18.27	MAE: 20.13	RMSE: 27.43
Epoch 176	LOSS: 18.18	MAE: 20.28	RMSE: 27.68
Epoch 177	LOSS: 18.13	MAE: 20.30	RMSE: 27.82
Epoch 178	LOSS: 18.13	MAE: 20.19	RMSE: 27.73
Epoch 179	LOSS: 18.07	MAE: 20.31	RMSE: 27.90
Epoch 180	LOSS: 18.15	MAE: 20.43	RMSE: 28.03
Epoch 181	LOSS: 18.14	MAE: 20.29	RMSE: 27.84
Epoch 182	LOSS: 18.07	MAE: 20.07	RMSE: 27.46
Epoch 183	LOSS: 18.12	MAE: 20.18	RMSE: 27.72
Epoch 184	LOSS: 18.08	MAE: 20.27	RMSE: 27.84
Epoch 185	LOSS: 18.16	MAE: 19.95	RMSE: 27.32
Epoch 186	LOSS: 18.20	MAE: 19.95	RMSE: 27.29
Epoch 187	LOSS: 18.06	MAE: 20.02	RMSE: 27.39
Epoch 188	LOSS: 18.11	MAE: 19.99	RMSE: 27.32
Epoch 189	LOSS: 18.06	MAE: 20.00	RMSE: 27.32
Epoch 190	LOSS: 18.05	MAE: 20.07	RMSE: 27.30
Epoch 191	LOSS: 18.06	MAE: 20.19	RMSE: 27.55
Epoch 192	LOSS: 18.02	MAE: 20.21	RMSE: 27.70
Epoch 193	LOSS: 18.06	MAE: 20.33	RMSE: 27.81
Epoch 194	LOSS: 18.01	MAE: 20.23	RMSE: 27.62
Epoch 195	LOSS: 18.05	MAE: 20.24	RMSE: 27.52
Epoch 196	LOSS: 18.07	MAE: 20.10	RMSE: 27.32
Epoch 197	LOSS: 18.06	MAE: 20.27	RMSE: 27.69
Epoch 198	LOSS: 18.05	MAE: 20.14	RMSE: 27.70
Epoch 199	LOSS: 18.03	MAE: 20.25	RMSE: 27.87
Epoch 200	LOSS: 18.01	MAE: 20.07	RMSE: 27.45
Epoch 201	LOSS: 18.24	MAE: 19.98	RMSE: 27.31
Epoch 202	LOSS: 18.12	MAE: 20.14	RMSE: 27.59
Epoch 203	LOSS: 18.14	MAE: 20.11	RMSE: 27.52
Epoch 204	LOSS: 18.05	MAE: 20.10	RMSE: 27.43
Epoch 205	LOSS: 18.08	MAE: 20.07	RMSE: 27.37
Epoch 206	LOSS: 18.04	MAE: 20.24	RMSE: 27.60
Epoch 207	LOSS: 17.99	MAE: 19.93	RMSE: 27.26
Epoch 208	LOSS: 18.07	MAE: 20.02	RMSE: 27.40
Epoch 209	LOSS: 18.03	MAE: 20.02	RMSE: 27.38
Epoch 210	LOSS: 18.00	MAE: 20.00	RMSE: 27.32
Epoch 211	LOSS: 17.99	MAE: 20.19	RMSE: 27.49
Epoch 212	LOSS: 18.04	MAE: 20.11	RMSE: 27.43
Epoch 213	LOSS: 18.03	MAE: 20.21	RMSE: 27.74
Epoch 214	LOSS: 18.04	MAE: 20.32	RMSE: 27.85
Epoch 215	LOSS: 18.08	MAE: 20.48	RMSE: 27.87
Epoch 216	LOSS: 18.03	MAE: 20.05	RMSE: 27.33
Epoch 217	LOSS: 18.13	MAE: 19.87	RMSE: 27.07
Epoch 218	LOSS: 18.01	MAE: 19.91	RMSE: 27.20
Epoch 219	LOSS: 18.01	MAE: 20.06	RMSE: 27.46
Epoch 220	LOSS: 18.03	MAE: 20.31	RMSE: 27.90
Epoch 221	LOSS: 18.02	MAE: 20.24	RMSE: 27.76
Epoch 222	LOSS: 18.00	MAE: 20.17	RMSE: 27.68
Epoch 223	LOSS: 18.10	MAE: 19.98	RMSE: 27.31
Epoch 224	LOSS: 18.06	MAE: 20.20	RMSE: 27.47
Epoch 225	LOSS: 18.01	MAE: 20.21	RMSE: 27.57
Epoch 226	LOSS: 18.03	MAE: 20.38	RMSE: 27.83
Epoch 227	LOSS: 18.01	MAE: 20.17	RMSE: 27.56
Epoch 228	LOSS: 17.96	MAE: 20.07	RMSE: 27.51
Epoch 229	LOSS: 17.97	MAE: 20.10	RMSE: 27.63
Epoch 230	LOSS: 18.01	MAE: 20.01	RMSE: 27.33
Epoch 231	LOSS: 18.04	MAE: 20.12	RMSE: 27.31
Epoch 232	LOSS: 18.05	MAE: 20.18	RMSE: 27.42
Epoch 233	LOSS: 18.05	MAE: 20.18	RMSE: 27.58
Epoch 234	LOSS: 18.02	MAE: 20.02	RMSE: 27.34
Epoch 235	LOSS: 17.97	MAE: 20.11	RMSE: 27.49
Epoch 236	LOSS: 18.09	MAE: 19.99	RMSE: 27.34
Epoch 237	LOSS: 18.01	MAE: 20.12	RMSE: 27.69
Epoch 238	LOSS: 18.08	MAE: 20.23	RMSE: 27.73
Epoch 239	LOSS: 18.00	MAE: 20.12	RMSE: 27.40
Epoch 240	LOSS: 18.02	MAE: 20.19	RMSE: 27.75
Epoch 241	LOSS: 18.07	MAE: 20.27	RMSE: 27.95
Epoch 242	LOSS: 18.07	MAE: 20.48	RMSE: 28.00
Epoch 243	LOSS: 17.98	MAE: 20.20	RMSE: 27.45
Epoch 244	LOSS: 18.08	MAE: 20.30	RMSE: 27.60
Epoch 245	LOSS: 18.04	MAE: 20.20	RMSE: 27.67
Epoch 246	LOSS: 18.01	MAE: 19.87	RMSE: 27.15
Epoch 247	LOSS: 18.01	MAE: 19.88	RMSE: 27.15
Epoch 248	LOSS: 18.00	MAE: 19.94	RMSE: 27.19
Epoch 249	LOSS: 18.05	MAE: 20.01	RMSE: 27.40
Epoch 250	LOSS: 18.03	MAE: 19.94	RMSE: 27.23
Epoch 251	LOSS: 18.05	MAE: 20.01	RMSE: 27.37
Epoch 252	LOSS: 18.02	MAE: 20.25	RMSE: 27.62
Epoch 253	LOSS: 17.98	MAE: 20.20	RMSE: 27.55
Epoch 254	LOSS: 18.00	MAE: 19.96	RMSE: 27.22
Epoch 255	LOSS: 18.01	MAE: 20.10	RMSE: 27.37
Epoch 256	LOSS: 17.96	MAE: 20.21	RMSE: 27.67
Epoch 257	LOSS: 18.00	MAE: 19.87	RMSE: 27.05
Epoch 258	LOSS: 18.18	MAE: 19.80	RMSE: 26.98
Epoch 259	LOSS: 17.95	MAE: 19.87	RMSE: 27.17
Epoch 260	LOSS: 17.94	MAE: 19.95	RMSE: 27.21
Epoch 261	LOSS: 17.95	MAE: 19.98	RMSE: 27.20
Epoch 262	LOSS: 17.96	MAE: 19.87	RMSE: 27.07
Epoch 263	LOSS: 18.00	MAE: 19.87	RMSE: 27.08
Epoch 264	LOSS: 17.98	MAE: 19.99	RMSE: 27.23
Epoch 265	LOSS: 17.96	MAE: 19.92	RMSE: 27.14
Epoch 266	LOSS: 17.96	MAE: 19.97	RMSE: 27.23
Epoch 267	LOSS: 17.95	MAE: 19.94	RMSE: 27.17
Epoch 268	LOSS: 17.92	MAE: 20.03	RMSE: 27.30
Epoch 269	LOSS: 17.92	MAE: 20.04	RMSE: 27.32
Epoch 270	LOSS: 17.98	MAE: 20.00	RMSE: 27.31
Epoch 271	LOSS: 18.07	MAE: 19.99	RMSE: 27.22
Epoch 272	LOSS: 18.08	MAE: 19.96	RMSE: 27.15
Epoch 273	LOSS: 17.96	MAE: 19.94	RMSE: 27.15
Epoch 274	LOSS: 17.94	MAE: 20.04	RMSE: 27.28
Epoch 275	LOSS: 18.02	MAE: 19.84	RMSE: 27.01
Epoch 276	LOSS: 18.10	MAE: 19.84	RMSE: 27.04
Epoch 277	LOSS: 17.91	MAE: 20.08	RMSE: 27.40
Epoch 278	LOSS: 17.96	MAE: 20.19	RMSE: 27.47
Epoch 279	LOSS: 17.93	MAE: 19.92	RMSE: 27.20
Epoch 280	LOSS: 18.00	MAE: 19.97	RMSE: 27.13
Epoch 281	LOSS: 18.04	MAE: 19.92	RMSE: 27.16
Epoch 282	LOSS: 17.96	MAE: 19.98	RMSE: 27.31
Epoch 283	LOSS: 18.13	MAE: 20.23	RMSE: 27.46
Epoch 284	LOSS: 18.03	MAE: 20.07	RMSE: 27.29
Epoch 285	LOSS: 17.91	MAE: 19.98	RMSE: 27.21
Epoch 286	LOSS: 17.97	MAE: 19.84	RMSE: 27.02
Epoch 287	LOSS: 17.92	MAE: 20.00	RMSE: 27.26
Epoch 288	LOSS: 17.95	MAE: 20.33	RMSE: 27.69
Epoch 289	LOSS: 17.95	MAE: 19.88	RMSE: 27.06
Epoch 290	LOSS: 18.06	MAE: 19.90	RMSE: 27.16
Epoch 291	LOSS: 18.05	MAE: 20.30	RMSE: 27.90
Epoch 292	LOSS: 18.03	MAE: 20.25	RMSE: 27.68
Epoch 293	LOSS: 17.97	MAE: 20.14	RMSE: 27.54
Epoch 294	LOSS: 17.96	MAE: 20.11	RMSE: 27.58
Epoch 295	LOSS: 17.90	MAE: 20.17	RMSE: 27.55
Epoch 296	LOSS: 17.95	MAE: 19.91	RMSE: 27.15
Epoch 297	LOSS: 17.92	MAE: 19.96	RMSE: 27.37
Epoch 298	LOSS: 17.94	MAE: 20.23	RMSE: 27.87
Epoch 299	LOSS: 18.04	MAE: 20.14	RMSE: 27.64
Epoch 300	LOSS: 17.94	MAE: 20.03	RMSE: 27.44
Epoch 301	LOSS: 17.91	MAE: 19.94	RMSE: 27.16
Epoch 302	LOSS: 17.91	MAE: 20.15	RMSE: 27.57
Epoch 303	LOSS: 18.14	MAE: 20.14	RMSE: 27.36
Epoch 304	LOSS: 17.94	MAE: 20.17	RMSE: 27.45
Epoch 305	LOSS: 17.91	MAE: 19.89	RMSE: 27.18
Epoch 306	LOSS: 17.90	MAE: 19.91	RMSE: 27.23
Epoch 307	LOSS: 17.93	MAE: 19.93	RMSE: 27.27
Epoch 308	LOSS: 17.97	MAE: 20.03	RMSE: 27.27
Epoch 309	LOSS: 17.94	MAE: 19.86	RMSE: 27.11
Epoch 310	LOSS: 17.95	MAE: 19.78	RMSE: 27.06
Epoch 311	LOSS: 17.92	MAE: 19.94	RMSE: 27.25
Epoch 312	LOSS: 17.89	MAE: 20.06	RMSE: 27.40
Epoch 313	LOSS: 17.93	MAE: 20.24	RMSE: 27.61
Epoch 314	LOSS: 17.98	MAE: 20.09	RMSE: 27.39
Epoch 315	LOSS: 17.91	MAE: 19.94	RMSE: 27.21
Epoch 316	LOSS: 17.90	MAE: 20.01	RMSE: 27.35
Epoch 317	LOSS: 17.91	MAE: 19.93	RMSE: 27.24
Epoch 318	LOSS: 17.91	MAE: 19.93	RMSE: 27.23
Epoch 319	LOSS: 17.82	MAE: 19.98	RMSE: 27.29
Epoch 320	LOSS: 17.86	MAE: 19.91	RMSE: 27.21
Epoch 321	LOSS: 17.85	MAE: 19.88	RMSE: 27.15
Epoch 322	LOSS: 17.90	MAE: 20.12	RMSE: 27.40
Epoch 323	LOSS: 17.95	MAE: 20.03	RMSE: 27.30
Epoch 324	LOSS: 17.86	MAE: 20.04	RMSE: 27.31
Epoch 325	LOSS: 18.02	MAE: 20.04	RMSE: 27.21
Epoch 326	LOSS: 17.94	MAE: 19.88	RMSE: 27.10
Epoch 327	LOSS: 17.92	MAE: 19.91	RMSE: 27.15
Epoch 328	LOSS: 17.96	MAE: 19.81	RMSE: 27.01
Epoch 329	LOSS: 17.89	MAE: 19.86	RMSE: 27.12
Epoch 330	LOSS: 17.93	MAE: 19.92	RMSE: 27.18
Epoch 331	LOSS: 17.91	MAE: 20.20	RMSE: 27.51
Epoch 332	LOSS: 17.93	MAE: 20.32	RMSE: 27.63
Epoch 333	LOSS: 17.87	MAE: 19.90	RMSE: 27.10
Epoch 334	LOSS: 17.88	MAE: 19.92	RMSE: 27.15
Epoch 335	LOSS: 17.90	MAE: 19.92	RMSE: 27.20
Epoch 336	LOSS: 17.98	MAE: 20.12	RMSE: 27.43
Epoch 337	LOSS: 17.87	MAE: 19.96	RMSE: 27.21
Epoch 338	LOSS: 17.87	MAE: 20.06	RMSE: 27.38
Epoch 339	LOSS: 17.93	MAE: 20.08	RMSE: 27.42
Epoch 340	LOSS: 17.94	MAE: 20.12	RMSE: 27.43
Epoch 341	LOSS: 17.91	MAE: 20.01	RMSE: 27.33
Epoch 342	LOSS: 17.88	MAE: 19.86	RMSE: 27.13
Epoch 343	LOSS: 17.88	MAE: 19.95	RMSE: 27.26
Epoch 344	LOSS: 17.94	MAE: 20.17	RMSE: 27.44
Epoch 345	LOSS: 17.93	MAE: 19.99	RMSE: 27.28
Epoch 346	LOSS: 17.91	MAE: 19.86	RMSE: 27.09
Epoch 347	LOSS: 17.92	MAE: 19.80	RMSE: 27.08
Epoch 348	LOSS: 17.88	MAE: 19.89	RMSE: 27.12
Epoch 349	LOSS: 18.03	MAE: 20.26	RMSE: 27.49
Epoch 350	LOSS: 17.95	MAE: 19.96	RMSE: 27.26
Epoch 351	LOSS: 17.96	MAE: 20.12	RMSE: 27.64
Epoch 352	LOSS: 18.00	MAE: 20.24	RMSE: 27.78
Epoch 353	LOSS: 17.96	MAE: 20.25	RMSE: 27.57
Epoch 354	LOSS: 17.97	MAE: 20.18	RMSE: 27.39
Epoch 355	LOSS: 17.91	MAE: 20.19	RMSE: 27.50
Epoch 356	LOSS: 17.93	MAE: 19.90	RMSE: 27.25
Epoch 357	LOSS: 17.91	MAE: 19.99	RMSE: 27.32
Epoch 358	LOSS: 18.03	MAE: 19.89	RMSE: 27.14
Epoch 359	LOSS: 17.86	MAE: 19.88	RMSE: 27.17
Epoch 360	LOSS: 17.90	MAE: 20.02	RMSE: 27.26
Epoch 361	LOSS: 17.91	MAE: 20.01	RMSE: 27.32
Epoch 362	LOSS: 17.88	MAE: 20.12	RMSE: 27.44
Epoch 363	LOSS: 17.93	MAE: 20.19	RMSE: 27.52
Epoch 364	LOSS: 17.85	MAE: 19.99	RMSE: 27.22
Epoch 365	LOSS: 17.91	MAE: 19.96	RMSE: 27.20
Epoch 366	LOSS: 17.90	MAE: 19.84	RMSE: 27.10
Epoch 367	LOSS: 17.94	MAE: 19.87	RMSE: 27.13
Epoch 368	LOSS: 17.91	MAE: 19.91	RMSE: 27.13
Epoch 369	LOSS: 17.87	MAE: 20.11	RMSE: 27.33
Epoch 370	LOSS: 18.28	MAE: 20.43	RMSE: 27.60
Epoch 371	LOSS: 18.34	MAE: 20.31	RMSE: 27.52
Epoch 372	LOSS: 18.40	MAE: 20.62	RMSE: 27.83
Epoch 373	LOSS: 18.07	MAE: 20.16	RMSE: 27.49
Epoch 374	LOSS: 18.16	MAE: 20.07	RMSE: 27.37
Epoch 375	LOSS: 18.19	MAE: 20.55	RMSE: 27.91
Epoch 376	LOSS: 18.12	MAE: 20.32	RMSE: 27.47
Epoch 377	LOSS: 18.04	MAE: 20.11	RMSE: 27.54
Epoch 378	LOSS: 18.05	MAE: 20.12	RMSE: 27.72
Epoch 379	LOSS: 17.97	MAE: 20.08	RMSE: 27.45
Epoch 380	LOSS: 17.96	MAE: 19.98	RMSE: 27.19
Epoch 381	LOSS: 17.90	MAE: 20.04	RMSE: 27.26
Epoch 382	LOSS: 17.93	MAE: 19.93	RMSE: 27.15
Epoch 383	LOSS: 17.91	MAE: 19.96	RMSE: 27.32
Epoch 384	LOSS: 17.93	MAE: 20.03	RMSE: 27.25
Epoch 385	LOSS: 17.90	MAE: 20.07	RMSE: 27.39
Epoch 386	LOSS: 17.90	MAE: 19.92	RMSE: 27.09
Epoch 387	LOSS: 17.85	MAE: 19.93	RMSE: 27.21
Epoch 388	LOSS: 17.89	MAE: 20.01	RMSE: 27.49
Epoch 389	LOSS: 17.91	MAE: 19.94	RMSE: 27.33
Epoch 390	LOSS: 17.92	MAE: 19.90	RMSE: 27.34
Epoch 391	LOSS: 17.87	MAE: 19.95	RMSE: 27.36
Epoch 392	LOSS: 17.89	MAE: 19.95	RMSE: 27.42
Epoch 393	LOSS: 17.92	MAE: 19.88	RMSE: 27.10
Epoch 394	LOSS: 17.90	MAE: 19.88	RMSE: 27.06
Epoch 395	LOSS: 18.01	MAE: 20.02	RMSE: 27.45
Epoch 396	LOSS: 17.92	MAE: 20.22	RMSE: 27.50
Epoch 397	LOSS: 17.81	MAE: 20.07	RMSE: 27.34
Epoch 398	LOSS: 17.87	MAE: 19.93	RMSE: 27.19
Epoch 399	LOSS: 17.82	MAE: 20.02	RMSE: 27.29
Epoch 400	LOSS: 17.86	MAE: 20.15	RMSE: 27.46
Epoch 401	LOSS: 17.94	MAE: 20.32	RMSE: 27.76
Epoch 402	LOSS: 17.89	MAE: 19.99	RMSE: 27.42
Epoch 403	LOSS: 17.79	MAE: 19.98	RMSE: 27.28
Epoch 404	LOSS: 17.82	MAE: 20.01	RMSE: 27.39
Epoch 405	LOSS: 17.91	MAE: 19.93	RMSE: 27.18
Epoch 406	LOSS: 17.92	MAE: 19.92	RMSE: 27.19
Epoch 407	LOSS: 17.80	MAE: 20.08	RMSE: 27.42
Epoch 408	LOSS: 17.85	MAE: 19.98	RMSE: 27.19
Epoch 409	LOSS: 18.16	MAE: 20.53	RMSE: 27.83
Epoch 410	LOSS: 18.37	MAE: 20.68	RMSE: 28.06
Epoch 411	LOSS: 18.00	MAE: 20.28	RMSE: 27.64
Epoch 412	LOSS: 17.92	MAE: 20.25	RMSE: 27.62
Epoch 413	LOSS: 17.86	MAE: 20.08	RMSE: 27.36
Epoch 414	LOSS: 17.88	MAE: 20.09	RMSE: 27.38
Epoch 415	LOSS: 17.87	MAE: 19.94	RMSE: 27.23
Epoch 416	LOSS: 17.85	MAE: 19.88	RMSE: 27.26
Epoch 417	LOSS: 17.92	MAE: 19.81	RMSE: 27.07
Epoch 418	LOSS: 17.88	MAE: 19.85	RMSE: 27.18
Epoch 419	LOSS: 17.84	MAE: 19.96	RMSE: 27.30
Epoch 420	LOSS: 17.87	MAE: 20.02	RMSE: 27.51
Epoch 421	LOSS: 17.92	MAE: 19.80	RMSE: 27.05
Epoch 422	LOSS: 17.86	MAE: 19.78	RMSE: 27.02
Epoch 423	LOSS: 17.78	MAE: 19.92	RMSE: 27.29
Epoch 424	LOSS: 17.83	MAE: 20.06	RMSE: 27.42
Epoch 425	LOSS: 17.84	MAE: 19.96	RMSE: 27.25
Epoch 426	LOSS: 17.82	MAE: 19.93	RMSE: 27.26
Epoch 427	LOSS: 17.87	MAE: 20.04	RMSE: 27.35
Epoch 428	LOSS: 17.90	MAE: 20.00	RMSE: 27.54
Epoch 429	LOSS: 17.86	MAE: 19.92	RMSE: 27.21
Epoch 430	LOSS: 17.97	MAE: 19.82	RMSE: 27.01
Epoch 431	LOSS: 18.42	MAE: 20.56	RMSE: 28.07
Epoch 432	LOSS: 18.11	MAE: 20.57	RMSE: 28.26
Epoch 433	LOSS: 17.93	MAE: 20.51	RMSE: 28.24
Epoch 434	LOSS: 17.84	MAE: 20.05	RMSE: 27.56
Epoch 435	LOSS: 17.83	MAE: 20.03	RMSE: 27.64
Epoch 436	LOSS: 17.85	MAE: 20.07	RMSE: 27.78
Epoch 437	LOSS: 17.86	MAE: 20.20	RMSE: 27.97
Epoch 438	LOSS: 17.83	MAE: 20.31	RMSE: 28.24
Epoch 439	LOSS: 18.22	MAE: 20.68	RMSE: 28.57
Epoch 440	LOSS: 18.11	MAE: 20.11	RMSE: 27.70
Epoch 441	LOSS: 17.96	MAE: 20.16	RMSE: 27.66
Epoch 442	LOSS: 18.00	MAE: 20.17	RMSE: 27.53
Epoch 443	LOSS: 17.92	MAE: 20.16	RMSE: 27.53
Epoch 444	LOSS: 17.94	MAE: 19.87	RMSE: 27.15
Epoch 445	LOSS: 17.88	MAE: 19.93	RMSE: 27.32
Epoch 446	LOSS: 17.85	MAE: 20.01	RMSE: 27.44
Epoch 447	LOSS: 17.81	MAE: 19.95	RMSE: 27.30
Epoch 448	LOSS: 17.97	MAE: 19.89	RMSE: 27.14
Epoch 449	LOSS: 17.89	MAE: 19.93	RMSE: 27.24
Epoch 450	LOSS: 17.83	MAE: 20.01	RMSE: 27.33
Epoch 451	LOSS: 17.86	MAE: 19.88	RMSE: 27.15
Epoch 452	LOSS: 17.82	MAE: 20.04	RMSE: 27.35
Epoch 453	LOSS: 17.86	MAE: 20.19	RMSE: 27.46
Epoch 454	LOSS: 17.96	MAE: 20.32	RMSE: 27.61
Epoch 455	LOSS: 17.87	MAE: 20.12	RMSE: 27.36
Epoch 456	LOSS: 17.80	MAE: 19.94	RMSE: 27.21
Epoch 457	LOSS: 17.81	MAE: 19.94	RMSE: 27.30
Epoch 458	LOSS: 17.83	MAE: 19.92	RMSE: 27.24
Epoch 459	LOSS: 17.83	MAE: 19.95	RMSE: 27.16
Epoch 460	LOSS: 17.83	MAE: 20.06	RMSE: 27.38
Epoch 461	LOSS: 17.80	MAE: 20.04	RMSE: 27.46
Epoch 462	LOSS: 17.85	MAE: 19.81	RMSE: 27.09
Epoch 463	LOSS: 17.85	MAE: 19.84	RMSE: 27.08
Epoch 464	LOSS: 17.85	MAE: 19.84	RMSE: 27.08
Epoch 465	LOSS: 17.80	MAE: 19.95	RMSE: 27.21
Epoch 466	LOSS: 17.95	MAE: 20.38	RMSE: 27.68
Epoch 467	LOSS: 17.88	MAE: 20.22	RMSE: 27.55
Epoch 468	LOSS: 17.80	MAE: 19.99	RMSE: 27.33
Epoch 469	LOSS: 17.81	MAE: 19.89	RMSE: 27.13
Epoch 470	LOSS: 17.83	MAE: 19.88	RMSE: 27.17
Epoch 471	LOSS: 18.05	MAE: 19.74	RMSE: 26.95
Epoch 472	LOSS: 17.94	MAE: 19.78	RMSE: 27.03
Epoch 473	LOSS: 17.94	MAE: 19.88	RMSE: 27.15
Epoch 474	LOSS: 17.82	MAE: 19.93	RMSE: 27.24
Epoch 475	LOSS: 17.87	MAE: 20.34	RMSE: 28.24
Epoch 476	LOSS: 17.86	MAE: 20.22	RMSE: 28.00
Epoch 477	LOSS: 17.91	MAE: 20.16	RMSE: 28.07
Epoch 478	LOSS: 17.83	MAE: 19.84	RMSE: 27.26
Epoch 479	LOSS: 17.86	MAE: 19.89	RMSE: 27.22
Epoch 480	LOSS: 17.81	MAE: 19.93	RMSE: 27.21
Epoch 481	LOSS: 17.82	MAE: 20.00	RMSE: 27.31
Epoch 482	LOSS: 17.94	MAE: 20.23	RMSE: 27.58
Epoch 483	LOSS: 17.77	MAE: 20.00	RMSE: 27.27
Epoch 484	LOSS: 17.80	MAE: 19.84	RMSE: 27.11
Epoch 485	LOSS: 17.85	MAE: 19.97	RMSE: 27.34
Epoch 486	LOSS: 17.81	MAE: 20.01	RMSE: 27.36
Epoch 487	LOSS: 17.82	MAE: 20.04	RMSE: 27.37
Epoch 488	LOSS: 17.85	MAE: 20.19	RMSE: 27.50
Epoch 489	LOSS: 17.76	MAE: 20.01	RMSE: 27.35
Epoch 490	LOSS: 17.87	MAE: 19.84	RMSE: 27.13
Epoch 491	LOSS: 17.85	MAE: 19.77	RMSE: 27.02
Epoch 492	LOSS: 17.76	MAE: 19.86	RMSE: 27.15
Epoch 493	LOSS: 17.77	MAE: 20.04	RMSE: 27.41
Epoch 494	LOSS: 17.85	MAE: 20.02	RMSE: 27.34
Epoch 495	LOSS: 17.78	MAE: 19.89	RMSE: 27.17
Epoch 496	LOSS: 17.79	MAE: 19.87	RMSE: 27.14
Epoch 497	LOSS: 17.82	MAE: 19.78	RMSE: 27.03
Epoch 498	LOSS: 17.82	MAE: 19.91	RMSE: 27.23
Epoch 499	LOSS: 17.83	MAE: 20.01	RMSE: 27.39
