Epoch 000	LOSS: 446.94	MAE: 215.30	RMSE: 261.79
Epoch 001	LOSS: 373.23	MAE: 193.92	RMSE: 242.81
Epoch 002	LOSS: 345.81	MAE: 149.97	RMSE: 200.68
Epoch 003	LOSS: 350.19	MAE: 130.29	RMSE: 177.58
Epoch 004	LOSS: 254.59	MAE: 120.18	RMSE: 165.65
Epoch 005	LOSS: 186.56	MAE: 127.56	RMSE: 172.26
Epoch 006	LOSS: 158.92	MAE: 121.60	RMSE: 164.55
Epoch 007	LOSS: 150.51	MAE: 98.94	RMSE: 139.19
Epoch 008	LOSS: 150.36	MAE: 88.42	RMSE: 126.74
Epoch 009	LOSS: 115.07	MAE: 90.16	RMSE: 128.28
Epoch 010	LOSS: 101.05	MAE: 85.09	RMSE: 122.64
Epoch 011	LOSS: 104.89	MAE: 70.76	RMSE: 108.43
Epoch 012	LOSS: 97.82	MAE: 65.62	RMSE: 104.27
Epoch 013	LOSS: 90.62	MAE: 60.51	RMSE: 100.36
Epoch 014	LOSS: 88.32	MAE: 58.53	RMSE: 98.90
Epoch 015	LOSS: 83.48	MAE: 58.20	RMSE: 99.04
Epoch 016	LOSS: 86.70	MAE: 58.30	RMSE: 99.46
Epoch 017	LOSS: 82.17	MAE: 58.25	RMSE: 99.91
Epoch 018	LOSS: 84.48	MAE: 58.21	RMSE: 100.22
Epoch 019	LOSS: 86.15	MAE: 58.30	RMSE: 100.43
Epoch 020	LOSS: 82.79	MAE: 57.92	RMSE: 100.54
Epoch 021	LOSS: 86.63	MAE: 58.19	RMSE: 100.63
Epoch 022	LOSS: 83.37	MAE: 57.88	RMSE: 100.49
Epoch 023	LOSS: 80.34	MAE: 57.76	RMSE: 100.24
Epoch 024	LOSS: 79.59	MAE: 57.30	RMSE: 99.93
Epoch 025	LOSS: 81.59	MAE: 57.03	RMSE: 99.62
Epoch 026	LOSS: 86.67	MAE: 57.77	RMSE: 99.53
Epoch 027	LOSS: 79.58	MAE: 56.45	RMSE: 98.69
Epoch 028	LOSS: 85.58	MAE: 57.57	RMSE: 98.65
Epoch 029	LOSS: 79.58	MAE: 56.45	RMSE: 97.94
Epoch 030	LOSS: 83.77	MAE: 57.05	RMSE: 97.84
Epoch 031	LOSS: 77.01	MAE: 55.55	RMSE: 97.10
Epoch 032	LOSS: 90.12	MAE: 58.05	RMSE: 97.66
Epoch 033	LOSS: 85.99	MAE: 56.97	RMSE: 96.70
Epoch 034	LOSS: 72.74	MAE: 54.49	RMSE: 95.60
Epoch 035	LOSS: 85.64	MAE: 56.30	RMSE: 95.46
Epoch 036	LOSS: 79.78	MAE: 54.99	RMSE: 94.72
Epoch 037	LOSS: 79.85	MAE: 54.35	RMSE: 94.10
Epoch 038	LOSS: 85.06	MAE: 55.86	RMSE: 94.47
Epoch 039	LOSS: 87.53	MAE: 56.14	RMSE: 94.07
Epoch 040	LOSS: 74.70	MAE: 53.15	RMSE: 92.72
Epoch 041	LOSS: 83.98	MAE: 54.09	RMSE: 92.53
Epoch 042	LOSS: 84.24	MAE: 54.26	RMSE: 91.99
Epoch 043	LOSS: 73.85	MAE: 52.41	RMSE: 90.54
Epoch 044	LOSS: 81.76	MAE: 53.92	RMSE: 90.52
Epoch 045	LOSS: 84.44	MAE: 53.83	RMSE: 90.09
Epoch 046	LOSS: 75.47	MAE: 51.36	RMSE: 88.63
Epoch 047	LOSS: 81.53	MAE: 51.72	RMSE: 87.82
Epoch 048	LOSS: 86.36	MAE: 52.51	RMSE: 87.11
Epoch 049	LOSS: 74.46	MAE: 49.23	RMSE: 84.78
Epoch 050	LOSS: 76.61	MAE: 49.13	RMSE: 83.98
Epoch 051	LOSS: 105.94	MAE: 54.94	RMSE: 87.06
Epoch 052	LOSS: 79.39	MAE: 48.75	RMSE: 83.51
Epoch 053	LOSS: 72.05	MAE: 48.73	RMSE: 84.20
Epoch 054	LOSS: 89.49	MAE: 51.63	RMSE: 85.41
Epoch 055	LOSS: 80.28	MAE: 50.08	RMSE: 84.87
Epoch 056	LOSS: 78.11	MAE: 49.58	RMSE: 84.98
Epoch 057	LOSS: 83.09	MAE: 50.51	RMSE: 85.45
Epoch 058	LOSS: 82.51	MAE: 50.44	RMSE: 85.21
Epoch 059	LOSS: 77.18	MAE: 48.95	RMSE: 84.30
Epoch 060	LOSS: 77.00	MAE: 49.16	RMSE: 84.12
Epoch 061	LOSS: 92.80	MAE: 52.46	RMSE: 85.70
Epoch 062	LOSS: 70.00	MAE: 48.47	RMSE: 83.99
Epoch 063	LOSS: 71.20	MAE: 48.43	RMSE: 83.98
Epoch 064	LOSS: 90.76	MAE: 51.67	RMSE: 85.26
Epoch 065	LOSS: 80.03	MAE: 49.33	RMSE: 83.98
Epoch 066	LOSS: 77.93	MAE: 48.90	RMSE: 83.78
Epoch 067	LOSS: 78.76	MAE: 49.26	RMSE: 83.91
Epoch 068	LOSS: 80.97	MAE: 49.80	RMSE: 84.18
Epoch 069	LOSS: 73.78	MAE: 48.47	RMSE: 83.58
Epoch 070	LOSS: 79.47	MAE: 48.97	RMSE: 83.61
Epoch 071	LOSS: 82.08	MAE: 48.83	RMSE: 83.36
Epoch 072	LOSS: 73.65	MAE: 47.81	RMSE: 82.52
Epoch 073	LOSS: 83.93	MAE: 49.73	RMSE: 83.01
Epoch 074	LOSS: 72.30	MAE: 47.36	RMSE: 82.07
Epoch 075	LOSS: 81.01	MAE: 48.50	RMSE: 82.24
Epoch 076	LOSS: 75.83	MAE: 47.84	RMSE: 81.55
Epoch 077	LOSS: 75.91	MAE: 47.16	RMSE: 80.71
Epoch 078	LOSS: 73.89	MAE: 46.30	RMSE: 80.09
Epoch 079	LOSS: 78.88	MAE: 46.79	RMSE: 80.11
Epoch 080	LOSS: 69.75	MAE: 45.30	RMSE: 79.48
Epoch 081	LOSS: 83.15	MAE: 48.19	RMSE: 80.79
Epoch 082	LOSS: 70.43	MAE: 45.45	RMSE: 79.46
Epoch 083	LOSS: 73.91	MAE: 46.04	RMSE: 79.55
Epoch 084	LOSS: 76.46	MAE: 46.21	RMSE: 79.69
Epoch 085	LOSS: 70.56	MAE: 45.14	RMSE: 78.93
Epoch 086	LOSS: 75.58	MAE: 46.08	RMSE: 79.11
Epoch 087	LOSS: 70.60	MAE: 44.33	RMSE: 78.14
Epoch 088	LOSS: 78.18	MAE: 46.36	RMSE: 78.80
Epoch 089	LOSS: 66.05	MAE: 43.59	RMSE: 77.66
Epoch 090	LOSS: 79.94	MAE: 46.26	RMSE: 79.07
Epoch 091	LOSS: 67.38	MAE: 43.98	RMSE: 78.20
Epoch 092	LOSS: 74.23	MAE: 44.93	RMSE: 78.45
Epoch 093	LOSS: 69.75	MAE: 43.73	RMSE: 77.84
Epoch 094	LOSS: 70.49	MAE: 44.17	RMSE: 77.79
Epoch 095	LOSS: 69.72	MAE: 43.47	RMSE: 77.58
Epoch 096	LOSS: 72.47	MAE: 43.44	RMSE: 77.47
Epoch 097	LOSS: 68.79	MAE: 43.68	RMSE: 77.56
Epoch 098	LOSS: 71.07	MAE: 44.42	RMSE: 77.84
Epoch 099	LOSS: 69.94	MAE: 43.73	RMSE: 77.54
Epoch 100	LOSS: 68.34	MAE: 43.13	RMSE: 77.44
Epoch 101	LOSS: 68.91	MAE: 43.23	RMSE: 77.29
Epoch 102	LOSS: 69.56	MAE: 43.22	RMSE: 77.28
Epoch 103	LOSS: 68.85	MAE: 43.24	RMSE: 77.25
Epoch 104	LOSS: 68.23	MAE: 43.11	RMSE: 77.28
Epoch 105	LOSS: 67.15	MAE: 42.76	RMSE: 77.10
Epoch 106	LOSS: 69.00	MAE: 43.08	RMSE: 77.06
Epoch 107	LOSS: 64.77	MAE: 42.56	RMSE: 76.96
Epoch 108	LOSS: 68.53	MAE: 43.10	RMSE: 77.22
Epoch 109	LOSS: 63.04	MAE: 42.17	RMSE: 76.97
Epoch 110	LOSS: 71.71	MAE: 43.65	RMSE: 77.50
Epoch 111	LOSS: 63.44	MAE: 42.09	RMSE: 76.95
Epoch 112	LOSS: 72.16	MAE: 43.82	RMSE: 77.53
Epoch 113	LOSS: 60.03	MAE: 41.72	RMSE: 76.93
Epoch 114	LOSS: 68.67	MAE: 42.85	RMSE: 77.00
Epoch 115	LOSS: 62.67	MAE: 41.82	RMSE: 76.63
Epoch 116	LOSS: 66.44	MAE: 42.30	RMSE: 76.64
Epoch 117	LOSS: 61.54	MAE: 41.45	RMSE: 76.54
Epoch 118	LOSS: 67.74	MAE: 42.43	RMSE: 76.64
Epoch 119	LOSS: 56.44	MAE: 41.14	RMSE: 76.73
Epoch 120	LOSS: 76.57	MAE: 44.69	RMSE: 78.16
Epoch 121	LOSS: 64.92	MAE: 42.08	RMSE: 77.26
Epoch 122	LOSS: 58.89	MAE: 41.97	RMSE: 77.94
Epoch 123	LOSS: 68.91	MAE: 43.50	RMSE: 77.81
Epoch 124	LOSS: 61.37	MAE: 41.68	RMSE: 77.20
Epoch 125	LOSS: 68.98	MAE: 43.02	RMSE: 77.89
Epoch 126	LOSS: 60.94	MAE: 41.37	RMSE: 77.03
Epoch 127	LOSS: 67.08	MAE: 42.58	RMSE: 77.45
Epoch 128	LOSS: 59.28	MAE: 41.65	RMSE: 77.23
Epoch 129	LOSS: 64.92	MAE: 42.28	RMSE: 77.56
Epoch 130	LOSS: 60.27	MAE: 41.47	RMSE: 77.42
Epoch 131	LOSS: 64.34	MAE: 42.54	RMSE: 77.49
Epoch 132	LOSS: 59.54	MAE: 41.30	RMSE: 77.11
Epoch 133	LOSS: 66.73	MAE: 42.20	RMSE: 77.37
Epoch 134	LOSS: 61.51	MAE: 41.40	RMSE: 76.76
Epoch 135	LOSS: 61.73	MAE: 41.52	RMSE: 76.60
Epoch 136	LOSS: 60.29	MAE: 40.64	RMSE: 76.13
Epoch 137	LOSS: 65.00	MAE: 41.24	RMSE: 76.26
Epoch 138	LOSS: 58.85	MAE: 40.54	RMSE: 75.90
Epoch 139	LOSS: 67.45	MAE: 42.64	RMSE: 76.76
Epoch 140	LOSS: 55.44	MAE: 40.32	RMSE: 76.07
Epoch 141	LOSS: 67.64	MAE: 42.92	RMSE: 77.05
Epoch 142	LOSS: 56.42	MAE: 40.46	RMSE: 76.46
Epoch 143	LOSS: 69.43	MAE: 42.84	RMSE: 77.36
Epoch 144	LOSS: 56.01	MAE: 40.65	RMSE: 76.81
Epoch 145	LOSS: 65.72	MAE: 42.78	RMSE: 77.33
Epoch 146	LOSS: 56.46	MAE: 40.39	RMSE: 76.53
Epoch 147	LOSS: 64.46	MAE: 41.76	RMSE: 76.78
Epoch 148	LOSS: 57.86	MAE: 40.37	RMSE: 76.33
Epoch 149	LOSS: 65.82	MAE: 42.33	RMSE: 76.80
Epoch 150	LOSS: 58.34	MAE: 40.51	RMSE: 76.01
Epoch 151	LOSS: 61.05	MAE: 40.66	RMSE: 76.11
Epoch 152	LOSS: 59.16	MAE: 40.44	RMSE: 75.81
Epoch 153	LOSS: 62.55	MAE: 40.85	RMSE: 76.17
Epoch 154	LOSS: 61.43	MAE: 40.73	RMSE: 76.25
Epoch 155	LOSS: 59.67	MAE: 40.72	RMSE: 76.63
Epoch 156	LOSS: 63.22	MAE: 41.47	RMSE: 77.22
Epoch 157	LOSS: 60.51	MAE: 41.34	RMSE: 77.32
Epoch 158	LOSS: 61.85	MAE: 41.35	RMSE: 77.58
Epoch 159	LOSS: 59.56	MAE: 41.00	RMSE: 77.33
Epoch 160	LOSS: 60.26	MAE: 41.28	RMSE: 77.28
Epoch 161	LOSS: 59.30	MAE: 41.10	RMSE: 77.25
Epoch 162	LOSS: 59.46	MAE: 41.20	RMSE: 77.33
Epoch 163	LOSS: 60.52	MAE: 41.39	RMSE: 77.45
Epoch 164	LOSS: 60.17	MAE: 41.04	RMSE: 77.41
Epoch 165	LOSS: 61.01	MAE: 41.76	RMSE: 77.71
Epoch 166	LOSS: 57.90	MAE: 40.91	RMSE: 77.69
Epoch 167	LOSS: 62.59	MAE: 41.46	RMSE: 77.82
Epoch 168	LOSS: 60.26	MAE: 41.20	RMSE: 77.60
Epoch 169	LOSS: 59.13	MAE: 41.14	RMSE: 77.50
Epoch 170	LOSS: 60.65	MAE: 41.19	RMSE: 77.64
Epoch 171	LOSS: 58.28	MAE: 40.81	RMSE: 77.68
Epoch 172	LOSS: 59.35	MAE: 41.24	RMSE: 77.95
Epoch 173	LOSS: 56.84	MAE: 41.15	RMSE: 78.04
Epoch 174	LOSS: 60.52	MAE: 41.97	RMSE: 78.54
Epoch 175	LOSS: 56.62	MAE: 41.11	RMSE: 78.63
Epoch 176	LOSS: 66.40	MAE: 43.55	RMSE: 79.50
Epoch 177	LOSS: 53.46	MAE: 41.01	RMSE: 78.99
Epoch 178	LOSS: 63.43	MAE: 42.69	RMSE: 79.63
Epoch 179	LOSS: 55.87	MAE: 41.49	RMSE: 79.37
Epoch 180	LOSS: 61.98	MAE: 42.73	RMSE: 79.73
Epoch 181	LOSS: 53.93	MAE: 41.25	RMSE: 79.57
Epoch 182	LOSS: 70.95	MAE: 44.23	RMSE: 80.36
Epoch 183	LOSS: 57.35	MAE: 41.48	RMSE: 79.53
Epoch 184	LOSS: 60.10	MAE: 42.28	RMSE: 79.51
Epoch 185	LOSS: 61.27	MAE: 42.27	RMSE: 79.66
Epoch 186	LOSS: 56.57	MAE: 41.33	RMSE: 79.45
Epoch 187	LOSS: 61.02	MAE: 42.30	RMSE: 79.56
Epoch 188	LOSS: 53.78	MAE: 41.33	RMSE: 79.59
Epoch 189	LOSS: 65.11	MAE: 43.51	RMSE: 79.99
Epoch 190	LOSS: 51.10	MAE: 41.08	RMSE: 79.75
Epoch 191	LOSS: 66.27	MAE: 43.14	RMSE: 80.42
Epoch 192	LOSS: 55.04	MAE: 41.54	RMSE: 79.91
Epoch 193	LOSS: 64.91	MAE: 43.46	RMSE: 80.72
Epoch 194	LOSS: 52.91	MAE: 41.46	RMSE: 80.46
Epoch 195	LOSS: 62.96	MAE: 43.47	RMSE: 80.98
Epoch 196	LOSS: 53.91	MAE: 41.61	RMSE: 80.89
Epoch 197	LOSS: 60.62	MAE: 42.46	RMSE: 80.98
Epoch 198	LOSS: 56.70	MAE: 41.98	RMSE: 81.11
Epoch 199	LOSS: 58.44	MAE: 42.51	RMSE: 81.50
Epoch 200	LOSS: 56.76	MAE: 42.73	RMSE: 81.79
Epoch 201	LOSS: 59.09	MAE: 42.80	RMSE: 82.14
Epoch 202	LOSS: 55.22	MAE: 42.33	RMSE: 82.21
Epoch 203	LOSS: 65.61	MAE: 44.54	RMSE: 82.77
Epoch 204	LOSS: 49.31	MAE: 42.17	RMSE: 82.71
Epoch 205	LOSS: 57.14	MAE: 42.83	RMSE: 82.64
Epoch 206	LOSS: 68.11	MAE: 44.15	RMSE: 83.24
Epoch 207	LOSS: 54.01	MAE: 42.59	RMSE: 82.76
Epoch 208	LOSS: 59.10	MAE: 44.23	RMSE: 83.08
Epoch 209	LOSS: 60.02	MAE: 43.73	RMSE: 83.10
Epoch 210	LOSS: 54.21	MAE: 42.50	RMSE: 82.76
Epoch 211	LOSS: 69.25	MAE: 45.89	RMSE: 83.76
Epoch 212	LOSS: 50.03	MAE: 42.26	RMSE: 83.17
Epoch 213	LOSS: 66.02	MAE: 45.19	RMSE: 84.50
Epoch 214	LOSS: 55.73	MAE: 43.24	RMSE: 83.83
Epoch 215	LOSS: 60.47	MAE: 43.95	RMSE: 84.26
Epoch 216	LOSS: 56.03	MAE: 43.24	RMSE: 84.18
Epoch 217	LOSS: 57.24	MAE: 43.57	RMSE: 84.17
Epoch 218	LOSS: 59.03	MAE: 43.73	RMSE: 84.25
Epoch 219	LOSS: 52.83	MAE: 42.74	RMSE: 84.13
Epoch 220	LOSS: 56.60	MAE: 43.68	RMSE: 84.42
Epoch 221	LOSS: 57.07	MAE: 43.84	RMSE: 84.62
Epoch 222	LOSS: 54.45	MAE: 43.24	RMSE: 84.96
Epoch 223	LOSS: 59.09	MAE: 44.03	RMSE: 85.17
Epoch 224	LOSS: 54.34	MAE: 43.43	RMSE: 85.35
Epoch 225	LOSS: 64.00	MAE: 45.49	RMSE: 85.99
Epoch 226	LOSS: 51.18	MAE: 43.18	RMSE: 85.66
Epoch 227	LOSS: 63.80	MAE: 45.19	RMSE: 85.95
Epoch 228	LOSS: 53.32	MAE: 43.36	RMSE: 85.48
Epoch 229	LOSS: 65.35	MAE: 45.84	RMSE: 86.10
Epoch 230	LOSS: 51.70	MAE: 43.04	RMSE: 85.44
Epoch 231	LOSS: 61.62	MAE: 44.55	RMSE: 85.65
Epoch 232	LOSS: 53.05	MAE: 43.06	RMSE: 85.55
Epoch 233	LOSS: 57.84	MAE: 44.07	RMSE: 86.01
Epoch 234	LOSS: 58.55	MAE: 44.40	RMSE: 86.48
Epoch 235	LOSS: 51.14	MAE: 43.54	RMSE: 86.80
Epoch 236	LOSS: 62.34	MAE: 45.40	RMSE: 87.36
Epoch 237	LOSS: 53.04	MAE: 43.85	RMSE: 87.31
Epoch 238	LOSS: 58.68	MAE: 44.90	RMSE: 87.58
Epoch 239	LOSS: 53.17	MAE: 43.92	RMSE: 87.49
Epoch 240	LOSS: 59.02	MAE: 44.71	RMSE: 87.70
Epoch 241	LOSS: 50.64	MAE: 43.80	RMSE: 87.86
Epoch 242	LOSS: 65.02	MAE: 46.58	RMSE: 88.66
Epoch 243	LOSS: 55.08	MAE: 44.35	RMSE: 88.32
Epoch 244	LOSS: 54.97	MAE: 44.53	RMSE: 88.27
Epoch 245	LOSS: 59.97	MAE: 45.11	RMSE: 88.28
Epoch 246	LOSS: 55.62	MAE: 44.20	RMSE: 88.05
Epoch 247	LOSS: 56.50	MAE: 44.44	RMSE: 87.91
Epoch 248	LOSS: 52.93	MAE: 43.90	RMSE: 87.88
Epoch 249	LOSS: 59.43	MAE: 45.18	RMSE: 88.14
Epoch 250	LOSS: 49.03	MAE: 43.83	RMSE: 88.23
Epoch 251	LOSS: 66.00	MAE: 46.87	RMSE: 89.06
Epoch 252	LOSS: 54.12	MAE: 44.43	RMSE: 88.58
Epoch 253	LOSS: 56.56	MAE: 44.98	RMSE: 88.80
Epoch 254	LOSS: 54.06	MAE: 44.52	RMSE: 88.68
Epoch 255	LOSS: 56.06	MAE: 44.88	RMSE: 88.67
Epoch 256	LOSS: 56.68	MAE: 44.65	RMSE: 88.57
Epoch 257	LOSS: 52.71	MAE: 44.09	RMSE: 88.58
Epoch 258	LOSS: 57.80	MAE: 45.05	RMSE: 88.73
Epoch 259	LOSS: 51.98	MAE: 44.22	RMSE: 88.59
Epoch 260	LOSS: 56.63	MAE: 45.02	RMSE: 88.68
Epoch 261	LOSS: 56.41	MAE: 44.59	RMSE: 88.68
Epoch 262	LOSS: 54.58	MAE: 44.66	RMSE: 88.64
Epoch 263	LOSS: 55.92	MAE: 44.86	RMSE: 88.80
Epoch 264	LOSS: 54.96	MAE: 44.46	RMSE: 88.93
Epoch 265	LOSS: 50.70	MAE: 44.25	RMSE: 89.25
Epoch 266	LOSS: 63.86	MAE: 46.67	RMSE: 89.74
Epoch 267	LOSS: 46.98	MAE: 44.10	RMSE: 89.49
Epoch 268	LOSS: 56.98	MAE: 45.67	RMSE: 89.76
Epoch 269	LOSS: 59.34	MAE: 45.59	RMSE: 89.84
Epoch 270	LOSS: 52.43	MAE: 44.35	RMSE: 89.71
Epoch 271	LOSS: 61.17	MAE: 45.96	RMSE: 90.07
Epoch 272	LOSS: 53.21	MAE: 44.81	RMSE: 89.84
Epoch 273	LOSS: 53.81	MAE: 44.91	RMSE: 89.82
Epoch 274	LOSS: 53.60	MAE: 44.89	RMSE: 89.76
Epoch 275	LOSS: 54.46	MAE: 45.08	RMSE: 89.83
Epoch 276	LOSS: 53.13	MAE: 44.50	RMSE: 89.53
Epoch 277	LOSS: 56.82	MAE: 45.39	RMSE: 89.75
Epoch 278	LOSS: 51.56	MAE: 44.42	RMSE: 89.71
Epoch 279	LOSS: 56.43	MAE: 45.46	RMSE: 90.07
Epoch 280	LOSS: 51.88	MAE: 44.56	RMSE: 90.05
Epoch 281	LOSS: 58.28	MAE: 45.80	RMSE: 90.29
Epoch 282	LOSS: 50.23	MAE: 44.26	RMSE: 89.97
Epoch 283	LOSS: 61.06	MAE: 46.16	RMSE: 90.14
Epoch 284	LOSS: 47.01	MAE: 44.07	RMSE: 89.82
Epoch 285	LOSS: 57.60	MAE: 45.78	RMSE: 90.03
Epoch 286	LOSS: 49.46	MAE: 44.16	RMSE: 89.95
Epoch 287	LOSS: 60.94	MAE: 46.33	RMSE: 90.49
Epoch 288	LOSS: 49.43	MAE: 44.26	RMSE: 90.33
Epoch 289	LOSS: 60.03	MAE: 46.39	RMSE: 90.82
Epoch 290	LOSS: 49.11	MAE: 44.31	RMSE: 90.36
Epoch 291	LOSS: 60.62	MAE: 46.37	RMSE: 90.66
Epoch 292	LOSS: 49.16	MAE: 44.17	RMSE: 90.23
Epoch 293	LOSS: 60.41	MAE: 46.66	RMSE: 90.70
Epoch 294	LOSS: 49.60	MAE: 44.18	RMSE: 90.25
Epoch 295	LOSS: 59.26	MAE: 45.94	RMSE: 90.52
Epoch 296	LOSS: 48.21	MAE: 44.14	RMSE: 90.17
Epoch 297	LOSS: 60.11	MAE: 46.82	RMSE: 90.61
Epoch 298	LOSS: 49.25	MAE: 44.09	RMSE: 90.02
Epoch 299	LOSS: 61.23	MAE: 46.22	RMSE: 90.47
Epoch 300	LOSS: 49.05	MAE: 44.17	RMSE: 90.11
Epoch 301	LOSS: 60.18	MAE: 46.57	RMSE: 90.64
Epoch 302	LOSS: 48.39	MAE: 44.15	RMSE: 90.22
Epoch 303	LOSS: 58.01	MAE: 45.98	RMSE: 90.64
Epoch 304	LOSS: 48.84	MAE: 44.18	RMSE: 90.33
Epoch 305	LOSS: 57.51	MAE: 45.98	RMSE: 90.48
Epoch 306	LOSS: 49.38	MAE: 44.11	RMSE: 90.05
Epoch 307	LOSS: 55.28	MAE: 44.95	RMSE: 90.08
Epoch 308	LOSS: 49.00	MAE: 44.03	RMSE: 90.10
Epoch 309	LOSS: 57.14	MAE: 45.68	RMSE: 90.57
Epoch 310	LOSS: 49.66	MAE: 44.29	RMSE: 90.48
Epoch 311	LOSS: 57.69	MAE: 45.83	RMSE: 90.75
Epoch 312	LOSS: 50.70	MAE: 44.46	RMSE: 90.46
Epoch 313	LOSS: 58.14	MAE: 46.35	RMSE: 90.92
Epoch 314	LOSS: 48.17	MAE: 44.22	RMSE: 90.61
Epoch 315	LOSS: 55.80	MAE: 45.46	RMSE: 90.89
Epoch 316	LOSS: 52.55	MAE: 44.91	RMSE: 90.92
Epoch 317	LOSS: 56.98	MAE: 45.73	RMSE: 91.10
Epoch 318	LOSS: 51.51	MAE: 44.77	RMSE: 90.91
Epoch 319	LOSS: 53.91	MAE: 45.20	RMSE: 90.99
Epoch 320	LOSS: 48.97	MAE: 44.37	RMSE: 90.85
Epoch 321	LOSS: 50.16	MAE: 44.77	RMSE: 91.18
Epoch 322	LOSS: 55.88	MAE: 46.14	RMSE: 91.98
Epoch 323	LOSS: 53.58	MAE: 45.53	RMSE: 92.20
Epoch 324	LOSS: 52.76	MAE: 45.66	RMSE: 92.13
Epoch 325	LOSS: 52.00	MAE: 45.47	RMSE: 92.21
Epoch 326	LOSS: 54.16	MAE: 45.64	RMSE: 92.02
Epoch 327	LOSS: 52.41	MAE: 45.10	RMSE: 91.70
Epoch 328	LOSS: 54.91	MAE: 45.47	RMSE: 91.78
Epoch 329	LOSS: 51.74	MAE: 45.08	RMSE: 91.75
Epoch 330	LOSS: 53.34	MAE: 45.31	RMSE: 91.61
Epoch 331	LOSS: 53.46	MAE: 45.12	RMSE: 91.44
Epoch 332	LOSS: 50.60	MAE: 44.54	RMSE: 91.14
Epoch 333	LOSS: 55.33	MAE: 45.71	RMSE: 91.15
Epoch 334	LOSS: 50.25	MAE: 44.43	RMSE: 90.70
Epoch 335	LOSS: 54.66	MAE: 45.32	RMSE: 90.97
Epoch 336	LOSS: 50.25	MAE: 44.42	RMSE: 91.04
Epoch 337	LOSS: 53.52	MAE: 45.58	RMSE: 91.46
Epoch 338	LOSS: 51.46	MAE: 45.00	RMSE: 91.48
Epoch 339	LOSS: 54.08	MAE: 45.08	RMSE: 91.57
Epoch 340	LOSS: 49.15	MAE: 44.46	RMSE: 91.46
Epoch 341	LOSS: 60.34	MAE: 46.95	RMSE: 92.06
Epoch 342	LOSS: 49.65	MAE: 44.38	RMSE: 91.41
Epoch 343	LOSS: 57.19	MAE: 46.28	RMSE: 92.03
Epoch 344	LOSS: 48.37	MAE: 44.36	RMSE: 91.64
Epoch 345	LOSS: 56.22	MAE: 46.35	RMSE: 92.15
Epoch 346	LOSS: 48.76	MAE: 44.58	RMSE: 91.85
Epoch 347	LOSS: 52.75	MAE: 45.04	RMSE: 91.92
Epoch 348	LOSS: 51.56	MAE: 44.92	RMSE: 91.93
Epoch 349	LOSS: 50.19	MAE: 44.70	RMSE: 91.98
Epoch 350	LOSS: 54.09	MAE: 45.46	RMSE: 92.09
Epoch 351	LOSS: 51.17	MAE: 44.83	RMSE: 91.96
Epoch 352	LOSS: 54.25	MAE: 45.50	RMSE: 91.99
Epoch 353	LOSS: 50.04	MAE: 44.50	RMSE: 91.78
Epoch 354	LOSS: 53.80	MAE: 45.60	RMSE: 91.93
Epoch 355	LOSS: 51.91	MAE: 44.80	RMSE: 91.76
Epoch 356	LOSS: 53.00	MAE: 44.85	RMSE: 91.60
Epoch 357	LOSS: 49.05	MAE: 44.44	RMSE: 91.54
Epoch 358	LOSS: 54.36	MAE: 45.48	RMSE: 91.84
Epoch 359	LOSS: 49.02	MAE: 44.57	RMSE: 91.97
Epoch 360	LOSS: 59.86	MAE: 46.80	RMSE: 92.80
Epoch 361	LOSS: 48.33	MAE: 44.80	RMSE: 92.51
Epoch 362	LOSS: 57.04	MAE: 46.60	RMSE: 92.91
Epoch 363	LOSS: 47.03	MAE: 44.44	RMSE: 92.45
Epoch 364	LOSS: 55.12	MAE: 45.70	RMSE: 92.58
Epoch 365	LOSS: 49.80	MAE: 44.74	RMSE: 92.44
Epoch 366	LOSS: 53.59	MAE: 45.40	RMSE: 92.73
Epoch 367	LOSS: 49.24	MAE: 44.65	RMSE: 92.80
Epoch 368	LOSS: 54.00	MAE: 45.59	RMSE: 92.91
Epoch 369	LOSS: 47.33	MAE: 44.50	RMSE: 92.59
Epoch 370	LOSS: 53.06	MAE: 45.37	RMSE: 92.53
Epoch 371	LOSS: 46.63	MAE: 44.39	RMSE: 92.58
Epoch 372	LOSS: 55.43	MAE: 45.82	RMSE: 92.72
Epoch 373	LOSS: 49.87	MAE: 44.97	RMSE: 92.54
Epoch 374	LOSS: 53.75	MAE: 45.67	RMSE: 92.81
Epoch 375	LOSS: 48.09	MAE: 44.67	RMSE: 92.81
Epoch 376	LOSS: 54.22	MAE: 46.20	RMSE: 93.38
Epoch 377	LOSS: 46.16	MAE: 44.62	RMSE: 93.30
Epoch 378	LOSS: 51.05	MAE: 45.23	RMSE: 93.21
Epoch 379	LOSS: 46.69	MAE: 44.23	RMSE: 92.46
Epoch 380	LOSS: 56.10	MAE: 45.76	RMSE: 92.18
Epoch 381	LOSS: 46.84	MAE: 44.09	RMSE: 92.03
Epoch 382	LOSS: 53.71	MAE: 45.48	RMSE: 92.76
Epoch 383	LOSS: 47.99	MAE: 44.62	RMSE: 93.06
Epoch 384	LOSS: 53.26	MAE: 45.77	RMSE: 93.64
Epoch 385	LOSS: 47.05	MAE: 44.84	RMSE: 93.69
Epoch 386	LOSS: 57.89	MAE: 47.39	RMSE: 94.44
Epoch 387	LOSS: 48.32	MAE: 44.92	RMSE: 93.81
Epoch 388	LOSS: 54.48	MAE: 45.95	RMSE: 93.95
Epoch 389	LOSS: 46.95	MAE: 44.56	RMSE: 93.35
Epoch 390	LOSS: 54.29	MAE: 45.75	RMSE: 93.22
Epoch 391	LOSS: 48.86	MAE: 44.79	RMSE: 93.08
Epoch 392	LOSS: 52.06	MAE: 45.35	RMSE: 93.28
Epoch 393	LOSS: 48.67	MAE: 44.51	RMSE: 93.00
Epoch 394	LOSS: 52.62	MAE: 45.49	RMSE: 93.12
Epoch 395	LOSS: 46.86	MAE: 44.43	RMSE: 92.86
Epoch 396	LOSS: 53.70	MAE: 45.41	RMSE: 92.84
Epoch 397	LOSS: 46.55	MAE: 44.31	RMSE: 92.80
Epoch 398	LOSS: 53.35	MAE: 45.55	RMSE: 93.19
Epoch 399	LOSS: 48.93	MAE: 44.48	RMSE: 92.85
Epoch 400	LOSS: 53.91	MAE: 45.59	RMSE: 93.11
Epoch 401	LOSS: 45.82	MAE: 44.23	RMSE: 92.77
Epoch 402	LOSS: 53.25	MAE: 45.48	RMSE: 92.85
Epoch 403	LOSS: 47.33	MAE: 44.22	RMSE: 92.50
Epoch 404	LOSS: 59.46	MAE: 46.76	RMSE: 93.36
Epoch 405	LOSS: 46.31	MAE: 44.31	RMSE: 93.02
Epoch 406	LOSS: 53.75	MAE: 45.50	RMSE: 93.38
Epoch 407	LOSS: 49.25	MAE: 44.82	RMSE: 93.44
Epoch 408	LOSS: 51.54	MAE: 45.44	RMSE: 93.97
Epoch 409	LOSS: 47.76	MAE: 44.65	RMSE: 93.83
Epoch 410	LOSS: 55.14	MAE: 46.26	RMSE: 94.29
Epoch 411	LOSS: 46.93	MAE: 44.66	RMSE: 93.80
Epoch 412	LOSS: 53.92	MAE: 45.81	RMSE: 93.82
Epoch 413	LOSS: 45.50	MAE: 44.41	RMSE: 93.48
Epoch 414	LOSS: 53.89	MAE: 45.65	RMSE: 93.78
Epoch 415	LOSS: 47.47	MAE: 44.55	RMSE: 93.53
Epoch 416	LOSS: 48.79	MAE: 44.84	RMSE: 93.76
Epoch 417	LOSS: 57.41	MAE: 46.65	RMSE: 94.38
Epoch 418	LOSS: 44.26	MAE: 44.40	RMSE: 93.85
Epoch 419	LOSS: 54.53	MAE: 45.98	RMSE: 93.91
Epoch 420	LOSS: 48.64	MAE: 44.49	RMSE: 93.37
Epoch 421	LOSS: 51.65	MAE: 44.99	RMSE: 93.37
Epoch 422	LOSS: 49.50	MAE: 44.50	RMSE: 93.00
Epoch 423	LOSS: 49.68	MAE: 44.77	RMSE: 93.19
Epoch 424	LOSS: 51.01	MAE: 45.00	RMSE: 93.57
Epoch 425	LOSS: 49.75	MAE: 44.84	RMSE: 93.88
Epoch 426	LOSS: 48.82	MAE: 44.94	RMSE: 93.91
Epoch 427	LOSS: 51.14	MAE: 45.39	RMSE: 94.02
Epoch 428	LOSS: 47.17	MAE: 44.59	RMSE: 93.57
Epoch 429	LOSS: 48.76	MAE: 44.85	RMSE: 93.49
Epoch 430	LOSS: 47.20	MAE: 44.73	RMSE: 93.51
Epoch 431	LOSS: 54.78	MAE: 45.99	RMSE: 93.44
Epoch 432	LOSS: 53.20	MAE: 45.84	RMSE: 93.85
Epoch 433	LOSS: 50.66	MAE: 45.46	RMSE: 94.36
Epoch 434	LOSS: 52.56	MAE: 45.57	RMSE: 94.48
Epoch 435	LOSS: 49.71	MAE: 45.07	RMSE: 94.21
Epoch 436	LOSS: 54.27	MAE: 46.34	RMSE: 94.31
Epoch 437	LOSS: 48.36	MAE: 44.94	RMSE: 93.90
Epoch 438	LOSS: 52.56	MAE: 45.33	RMSE: 93.15
Epoch 439	LOSS: 48.69	MAE: 44.47	RMSE: 92.69
Epoch 440	LOSS: 49.01	MAE: 44.42	RMSE: 92.83
Epoch 441	LOSS: 48.17	MAE: 44.57	RMSE: 93.33
Epoch 442	LOSS: 52.12	MAE: 45.88	RMSE: 94.23
Epoch 443	LOSS: 44.75	MAE: 44.76	RMSE: 94.49
Epoch 444	LOSS: 53.58	MAE: 46.26	RMSE: 94.80
Epoch 445	LOSS: 47.83	MAE: 44.84	RMSE: 94.45
Epoch 446	LOSS: 50.53	MAE: 45.18	RMSE: 94.28
Epoch 447	LOSS: 44.86	MAE: 44.63	RMSE: 94.48
Epoch 448	LOSS: 55.30	MAE: 46.18	RMSE: 94.83
Epoch 449	LOSS: 47.24	MAE: 44.77	RMSE: 94.27
Epoch 450	LOSS: 49.11	MAE: 45.07	RMSE: 94.29
Epoch 451	LOSS: 48.27	MAE: 44.85	RMSE: 94.14
Epoch 452	LOSS: 50.91	MAE: 45.35	RMSE: 94.00
Epoch 453	LOSS: 47.34	MAE: 44.52	RMSE: 93.54
Epoch 454	LOSS: 48.92	MAE: 44.97	RMSE: 93.75
Epoch 455	LOSS: 47.62	MAE: 44.57	RMSE: 93.75
Epoch 456	LOSS: 51.22	MAE: 44.98	RMSE: 93.88
Epoch 457	LOSS: 47.41	MAE: 44.41	RMSE: 93.67
Epoch 458	LOSS: 51.01	MAE: 45.38	RMSE: 93.98
Epoch 459	LOSS: 46.12	MAE: 44.42	RMSE: 93.97
Epoch 460	LOSS: 50.57	MAE: 45.31	RMSE: 94.30
Epoch 461	LOSS: 46.34	MAE: 44.48	RMSE: 94.13
Epoch 462	LOSS: 50.83	MAE: 45.27	RMSE: 94.40
Epoch 463	LOSS: 46.70	MAE: 44.50	RMSE: 94.31
Epoch 464	LOSS: 50.27	MAE: 45.07	RMSE: 94.40
Epoch 465	LOSS: 48.22	MAE: 44.66	RMSE: 94.08
Epoch 466	LOSS: 53.90	MAE: 46.09	RMSE: 94.41
Epoch 467	LOSS: 44.24	MAE: 44.28	RMSE: 94.05
Epoch 468	LOSS: 51.17	MAE: 45.10	RMSE: 94.16
Epoch 469	LOSS: 43.89	MAE: 44.33	RMSE: 94.11
Epoch 470	LOSS: 54.09	MAE: 46.47	RMSE: 94.74
Epoch 471	LOSS: 44.35	MAE: 44.32	RMSE: 94.40
Epoch 472	LOSS: 50.06	MAE: 45.17	RMSE: 94.47
Epoch 473	LOSS: 50.07	MAE: 45.19	RMSE: 94.45
Epoch 474	LOSS: 45.85	MAE: 44.39	RMSE: 94.33
Epoch 475	LOSS: 48.55	MAE: 45.00	RMSE: 94.33
Epoch 476	LOSS: 46.35	MAE: 44.67	RMSE: 94.42
Epoch 477	LOSS: 49.89	MAE: 45.02	RMSE: 94.23
Epoch 478	LOSS: 47.33	MAE: 44.70	RMSE: 94.24
Epoch 479	LOSS: 48.75	MAE: 45.01	RMSE: 94.43
Epoch 480	LOSS: 45.83	MAE: 44.58	RMSE: 94.59
Epoch 481	LOSS: 49.90	MAE: 45.30	RMSE: 94.92
Epoch 482	LOSS: 47.43	MAE: 45.15	RMSE: 95.07
Epoch 483	LOSS: 44.65	MAE: 44.62	RMSE: 94.85
Epoch 484	LOSS: 45.26	MAE: 44.50	RMSE: 94.70
Epoch 485	LOSS: 53.07	MAE: 45.98	RMSE: 94.69
Epoch 486	LOSS: 41.57	MAE: 44.17	RMSE: 94.17
Epoch 487	LOSS: 49.62	MAE: 44.97	RMSE: 94.05
Epoch 488	LOSS: 47.73	MAE: 44.68	RMSE: 93.98
Epoch 489	LOSS: 46.76	MAE: 44.18	RMSE: 93.88
Epoch 490	LOSS: 53.33	MAE: 45.71	RMSE: 94.32
Epoch 491	LOSS: 42.65	MAE: 44.05	RMSE: 94.06
Epoch 492	LOSS: 53.22	MAE: 45.96	RMSE: 94.57
Epoch 493	LOSS: 43.93	MAE: 44.37	RMSE: 94.61
Epoch 494	LOSS: 52.78	MAE: 45.99	RMSE: 94.96
Epoch 495	LOSS: 43.05	MAE: 44.29	RMSE: 94.62
Epoch 496	LOSS: 52.05	MAE: 45.83	RMSE: 94.76
Epoch 497	LOSS: 43.48	MAE: 44.17	RMSE: 94.36
Epoch 498	LOSS: 53.53	MAE: 46.17	RMSE: 94.55
Epoch 499	LOSS: 44.36	MAE: 44.21	RMSE: 94.26
