Epoch 000	LOSS: 55.42	MAE: 55.36	RMSE: 56.22
Epoch 001	LOSS: 54.77	MAE: 54.74	RMSE: 55.60
Epoch 002	LOSS: 54.09	MAE: 54.09	RMSE: 54.96
Epoch 003	LOSS: 53.46	MAE: 53.41	RMSE: 54.29
Epoch 004	LOSS: 52.80	MAE: 52.71	RMSE: 53.60
Epoch 005	LOSS: 52.04	MAE: 51.98	RMSE: 52.89
Epoch 006	LOSS: 51.35	MAE: 51.23	RMSE: 52.14
Epoch 007	LOSS: 50.52	MAE: 50.44	RMSE: 51.37
Epoch 008	LOSS: 49.48	MAE: 49.63	RMSE: 50.57
Epoch 009	LOSS: 48.79	MAE: 48.79	RMSE: 49.74
Epoch 010	LOSS: 47.86	MAE: 47.93	RMSE: 48.89
Epoch 011	LOSS: 46.99	MAE: 47.04	RMSE: 48.01
Epoch 012	LOSS: 46.11	MAE: 46.12	RMSE: 47.10
Epoch 013	LOSS: 44.94	MAE: 45.17	RMSE: 46.16
Epoch 014	LOSS: 44.13	MAE: 44.20	RMSE: 45.20
Epoch 015	LOSS: 43.25	MAE: 43.20	RMSE: 44.21
Epoch 016	LOSS: 42.19	MAE: 42.18	RMSE: 43.19
Epoch 017	LOSS: 41.22	MAE: 41.14	RMSE: 42.15
Epoch 018	LOSS: 40.23	MAE: 40.07	RMSE: 41.09
Epoch 019	LOSS: 39.03	MAE: 38.99	RMSE: 40.00
Epoch 020	LOSS: 38.10	MAE: 37.89	RMSE: 38.90
Epoch 021	LOSS: 36.73	MAE: 36.77	RMSE: 37.76
Epoch 022	LOSS: 35.72	MAE: 35.63	RMSE: 36.61
Epoch 023	LOSS: 34.45	MAE: 34.47	RMSE: 35.43
Epoch 024	LOSS: 33.39	MAE: 33.30	RMSE: 34.24
Epoch 025	LOSS: 32.30	MAE: 32.11	RMSE: 33.03
Epoch 026	LOSS: 31.02	MAE: 30.90	RMSE: 31.80
Epoch 027	LOSS: 29.73	MAE: 29.69	RMSE: 30.55
Epoch 028	LOSS: 28.59	MAE: 28.47	RMSE: 29.29
Epoch 029	LOSS: 27.17	MAE: 27.23	RMSE: 28.02
Epoch 030	LOSS: 26.00	MAE: 25.98	RMSE: 26.74
Epoch 031	LOSS: 24.83	MAE: 24.72	RMSE: 25.44
Epoch 032	LOSS: 23.45	MAE: 23.45	RMSE: 24.14
Epoch 033	LOSS: 22.20	MAE: 22.17	RMSE: 22.84
Epoch 034	LOSS: 21.05	MAE: 20.89	RMSE: 21.53
Epoch 035	LOSS: 19.64	MAE: 19.59	RMSE: 20.23
Epoch 036	LOSS: 18.35	MAE: 18.29	RMSE: 18.93
Epoch 037	LOSS: 17.08	MAE: 16.99	RMSE: 17.65
Epoch 038	LOSS: 15.78	MAE: 15.68	RMSE: 16.39
Epoch 039	LOSS: 14.47	MAE: 14.37	RMSE: 15.18
Epoch 040	LOSS: 13.19	MAE: 13.07	RMSE: 14.02
Epoch 041	LOSS: 11.86	MAE: 11.78	RMSE: 12.94
Epoch 042	LOSS: 10.57	MAE: 10.51	RMSE: 11.96
Epoch 043	LOSS: 9.34	MAE: 9.28	RMSE: 11.12
Epoch 044	LOSS: 8.15	MAE: 8.12	RMSE: 10.45
Epoch 045	LOSS: 7.07	MAE: 7.08	RMSE: 10.01
Epoch 046	LOSS: 6.13	MAE: 6.22	RMSE: 9.79
Epoch 047	LOSS: 5.56	MAE: 5.61	RMSE: 9.79
Epoch 048	LOSS: 5.22	MAE: 5.29	RMSE: 9.94
Epoch 049	LOSS: 5.09	MAE: 5.22	RMSE: 10.14
Epoch 050	LOSS: 4.98	MAE: 5.26	RMSE: 10.32
Epoch 051	LOSS: 5.08	MAE: 5.30	RMSE: 10.42
Epoch 052	LOSS: 5.10	MAE: 5.28	RMSE: 10.38
Epoch 053	LOSS: 5.03	MAE: 5.22	RMSE: 10.07
Epoch 054	LOSS: 5.17	MAE: 5.25	RMSE: 10.32
Epoch 055	LOSS: 5.15	MAE: 5.22	RMSE: 10.16
Epoch 056	LOSS: 4.94	MAE: 5.22	RMSE: 10.22
Epoch 057	LOSS: 4.93	MAE: 5.18	RMSE: 10.11
Epoch 058	LOSS: 4.84	MAE: 5.11	RMSE: 9.92
Epoch 059	LOSS: 4.86	MAE: 5.04	RMSE: 9.81
Epoch 060	LOSS: 4.90	MAE: 5.08	RMSE: 9.61
Epoch 061	LOSS: 4.95	MAE: 5.22	RMSE: 10.24
Epoch 062	LOSS: 4.91	MAE: 5.12	RMSE: 10.02
Epoch 063	LOSS: 4.93	MAE: 5.08	RMSE: 9.99
Epoch 064	LOSS: 4.83	MAE: 5.04	RMSE: 9.90
Epoch 065	LOSS: 4.80	MAE: 5.03	RMSE: 9.89
Epoch 066	LOSS: 4.79	MAE: 4.98	RMSE: 9.76
Epoch 067	LOSS: 4.63	MAE: 4.97	RMSE: 9.77
Epoch 068	LOSS: 4.72	MAE: 4.97	RMSE: 9.81
Epoch 069	LOSS: 4.76	MAE: 4.97	RMSE: 9.66
Epoch 070	LOSS: 4.73	MAE: 4.97	RMSE: 9.87
Epoch 071	LOSS: 4.70	MAE: 4.94	RMSE: 9.70
Epoch 072	LOSS: 4.83	MAE: 4.94	RMSE: 9.75
Epoch 073	LOSS: 4.60	MAE: 4.93	RMSE: 9.67
Epoch 074	LOSS: 4.77	MAE: 4.93	RMSE: 9.75
Epoch 075	LOSS: 4.71	MAE: 4.93	RMSE: 9.69
Epoch 076	LOSS: 4.64	MAE: 4.93	RMSE: 9.66
Epoch 077	LOSS: 4.78	MAE: 4.92	RMSE: 9.69
Epoch 078	LOSS: 4.62	MAE: 4.92	RMSE: 9.65
Epoch 079	LOSS: 4.63	MAE: 4.91	RMSE: 9.68
Epoch 080	LOSS: 4.57	MAE: 4.89	RMSE: 9.73
Epoch 081	LOSS: 4.71	MAE: 4.89	RMSE: 9.66
Epoch 082	LOSS: 4.57	MAE: 4.89	RMSE: 9.72
Epoch 083	LOSS: 4.66	MAE: 4.89	RMSE: 9.77
Epoch 084	LOSS: 4.71	MAE: 4.88	RMSE: 9.71
Epoch 085	LOSS: 4.60	MAE: 4.88	RMSE: 9.75
Epoch 086	LOSS: 4.71	MAE: 4.87	RMSE: 9.69
Epoch 087	LOSS: 4.61	MAE: 4.89	RMSE: 9.70
Epoch 088	LOSS: 4.58	MAE: 4.88	RMSE: 9.69
Epoch 089	LOSS: 4.63	MAE: 4.88	RMSE: 9.66
Epoch 090	LOSS: 4.64	MAE: 4.89	RMSE: 9.68
Epoch 091	LOSS: 4.66	MAE: 4.88	RMSE: 9.63
Epoch 092	LOSS: 4.59	MAE: 4.88	RMSE: 9.65
Epoch 093	LOSS: 4.64	MAE: 4.88	RMSE: 9.63
Epoch 094	LOSS: 4.63	MAE: 4.88	RMSE: 9.73
Epoch 095	LOSS: 4.61	MAE: 4.87	RMSE: 9.64
Epoch 096	LOSS: 4.59	MAE: 4.88	RMSE: 9.56
Epoch 097	LOSS: 4.70	MAE: 4.87	RMSE: 9.59
Epoch 098	LOSS: 4.55	MAE: 4.87	RMSE: 9.68
Epoch 099	LOSS: 4.61	MAE: 4.89	RMSE: 9.48
Epoch 100	LOSS: 4.66	MAE: 4.86	RMSE: 9.55
Epoch 101	LOSS: 4.62	MAE: 4.87	RMSE: 9.68
Epoch 102	LOSS: 4.53	MAE: 4.86	RMSE: 9.63
Epoch 103	LOSS: 4.67	MAE: 4.85	RMSE: 9.56
Epoch 104	LOSS: 4.75	MAE: 4.86	RMSE: 9.47
Epoch 105	LOSS: 4.57	MAE: 4.86	RMSE: 9.49
Epoch 106	LOSS: 4.66	MAE: 4.85	RMSE: 9.48
Epoch 107	LOSS: 4.59	MAE: 4.84	RMSE: 9.54
Epoch 108	LOSS: 4.54	MAE: 4.85	RMSE: 9.56
Epoch 109	LOSS: 4.57	MAE: 4.84	RMSE: 9.52
Epoch 110	LOSS: 4.60	MAE: 4.83	RMSE: 9.49
Epoch 111	LOSS: 4.61	MAE: 4.83	RMSE: 9.42
Epoch 112	LOSS: 4.66	MAE: 4.83	RMSE: 9.41
Epoch 113	LOSS: 4.65	MAE: 4.83	RMSE: 9.40
Epoch 114	LOSS: 4.61	MAE: 4.82	RMSE: 9.37
Epoch 115	LOSS: 4.64	MAE: 4.80	RMSE: 9.40
Epoch 116	LOSS: 4.63	MAE: 4.80	RMSE: 9.41
Epoch 117	LOSS: 4.66	MAE: 4.82	RMSE: 9.33
Epoch 118	LOSS: 4.64	MAE: 4.80	RMSE: 9.45
Epoch 119	LOSS: 4.60	MAE: 4.80	RMSE: 9.41
Epoch 120	LOSS: 4.47	MAE: 4.83	RMSE: 9.28
Epoch 121	LOSS: 4.56	MAE: 4.79	RMSE: 9.37
Epoch 122	LOSS: 4.59	MAE: 4.79	RMSE: 9.40
Epoch 123	LOSS: 4.49	MAE: 4.81	RMSE: 9.33
Epoch 124	LOSS: 4.51	MAE: 4.82	RMSE: 9.32
Epoch 125	LOSS: 4.51	MAE: 4.81	RMSE: 9.34
Epoch 126	LOSS: 4.53	MAE: 4.80	RMSE: 9.39
Epoch 127	LOSS: 4.57	MAE: 4.79	RMSE: 9.34
Epoch 128	LOSS: 4.44	MAE: 4.79	RMSE: 9.29
Epoch 129	LOSS: 4.59	MAE: 4.79	RMSE: 9.27
Epoch 130	LOSS: 4.51	MAE: 4.78	RMSE: 9.31
Epoch 131	LOSS: 4.50	MAE: 4.77	RMSE: 9.31
Epoch 132	LOSS: 4.50	MAE: 4.78	RMSE: 9.29
Epoch 133	LOSS: 4.49	MAE: 4.78	RMSE: 9.28
Epoch 134	LOSS: 4.60	MAE: 4.79	RMSE: 9.24
Epoch 135	LOSS: 4.41	MAE: 4.80	RMSE: 9.27
Epoch 136	LOSS: 4.53	MAE: 4.79	RMSE: 9.30
Epoch 137	LOSS: 4.51	MAE: 4.78	RMSE: 9.35
Epoch 138	LOSS: 4.55	MAE: 4.78	RMSE: 9.30
Epoch 139	LOSS: 4.52	MAE: 4.77	RMSE: 9.27
Epoch 140	LOSS: 4.52	MAE: 4.78	RMSE: 9.27
Epoch 141	LOSS: 4.55	MAE: 4.77	RMSE: 9.27
Epoch 142	LOSS: 4.53	MAE: 4.77	RMSE: 9.20
Epoch 143	LOSS: 4.43	MAE: 4.76	RMSE: 9.28
Epoch 144	LOSS: 4.51	MAE: 4.75	RMSE: 9.26
Epoch 145	LOSS: 4.60	MAE: 4.75	RMSE: 9.25
Epoch 146	LOSS: 4.54	MAE: 4.75	RMSE: 9.22
Epoch 147	LOSS: 4.58	MAE: 4.75	RMSE: 9.19
Epoch 148	LOSS: 4.39	MAE: 4.75	RMSE: 9.17
Epoch 149	LOSS: 4.39	MAE: 4.75	RMSE: 9.21
Epoch 150	LOSS: 4.46	MAE: 4.75	RMSE: 9.20
Epoch 151	LOSS: 4.63	MAE: 4.73	RMSE: 9.20
Epoch 152	LOSS: 4.54	MAE: 4.74	RMSE: 9.23
Epoch 153	LOSS: 4.58	MAE: 4.75	RMSE: 9.28
Epoch 154	LOSS: 4.50	MAE: 4.73	RMSE: 9.24
Epoch 155	LOSS: 4.43	MAE: 4.74	RMSE: 9.18
Epoch 156	LOSS: 4.48	MAE: 4.73	RMSE: 9.27
Epoch 157	LOSS: 4.61	MAE: 4.72	RMSE: 9.19
Epoch 158	LOSS: 4.63	MAE: 4.73	RMSE: 9.18
Epoch 159	LOSS: 4.48	MAE: 4.75	RMSE: 9.14
Epoch 160	LOSS: 4.44	MAE: 4.75	RMSE: 9.29
Epoch 161	LOSS: 4.52	MAE: 4.72	RMSE: 9.18
Epoch 162	LOSS: 4.46	MAE: 4.76	RMSE: 9.13
Epoch 163	LOSS: 4.45	MAE: 4.86	RMSE: 9.16
Epoch 164	LOSS: 4.45	MAE: 4.83	RMSE: 9.19
Epoch 165	LOSS: 4.42	MAE: 4.81	RMSE: 9.30
Epoch 166	LOSS: 4.47	MAE: 4.83	RMSE: 9.23
Epoch 167	LOSS: 4.58	MAE: 4.82	RMSE: 9.20
Epoch 168	LOSS: 4.48	MAE: 4.81	RMSE: 9.23
Epoch 169	LOSS: 4.51	MAE: 4.81	RMSE: 9.22
Epoch 170	LOSS: 4.44	MAE: 4.80	RMSE: 9.21
Epoch 171	LOSS: 4.48	MAE: 4.80	RMSE: 9.20
Epoch 172	LOSS: 4.52	MAE: 4.81	RMSE: 9.21
Epoch 173	LOSS: 4.58	MAE: 4.82	RMSE: 9.16
Epoch 174	LOSS: 4.54	MAE: 4.83	RMSE: 9.22
Epoch 175	LOSS: 4.51	MAE: 4.82	RMSE: 9.21
Epoch 176	LOSS: 4.46	MAE: 4.81	RMSE: 9.23
Epoch 177	LOSS: 4.45	MAE: 4.83	RMSE: 9.16
Epoch 178	LOSS: 4.44	MAE: 4.83	RMSE: 9.22
Epoch 179	LOSS: 4.43	MAE: 4.81	RMSE: 9.17
Epoch 180	LOSS: 4.53	MAE: 4.80	RMSE: 9.31
Epoch 181	LOSS: 4.40	MAE: 4.81	RMSE: 9.21
Epoch 182	LOSS: 4.52	MAE: 4.80	RMSE: 9.24
Epoch 183	LOSS: 4.41	MAE: 4.80	RMSE: 9.29
Epoch 184	LOSS: 4.45	MAE: 4.81	RMSE: 9.27
Epoch 185	LOSS: 4.58	MAE: 4.81	RMSE: 9.21
Epoch 186	LOSS: 4.50	MAE: 4.81	RMSE: 9.21
Epoch 187	LOSS: 4.50	MAE: 4.78	RMSE: 9.27
Epoch 188	LOSS: 4.42	MAE: 4.80	RMSE: 9.32
Epoch 189	LOSS: 4.46	MAE: 4.81	RMSE: 9.23
Epoch 190	LOSS: 4.46	MAE: 4.79	RMSE: 9.24
Epoch 191	LOSS: 4.51	MAE: 4.79	RMSE: 9.21
Epoch 192	LOSS: 4.44	MAE: 4.78	RMSE: 9.19
Epoch 193	LOSS: 4.48	MAE: 4.79	RMSE: 9.25
Epoch 194	LOSS: 4.44	MAE: 4.81	RMSE: 9.24
Epoch 195	LOSS: 4.39	MAE: 4.84	RMSE: 9.19
Epoch 196	LOSS: 4.39	MAE: 4.77	RMSE: 9.19
Epoch 197	LOSS: 4.54	MAE: 4.76	RMSE: 9.21
Epoch 198	LOSS: 4.55	MAE: 4.75	RMSE: 9.25
Epoch 199	LOSS: 4.41	MAE: 4.75	RMSE: 9.22
Epoch 200	LOSS: 4.54	MAE: 4.75	RMSE: 9.23
Epoch 201	LOSS: 4.36	MAE: 4.77	RMSE: 9.10
Epoch 202	LOSS: 4.37	MAE: 4.77	RMSE: 9.15
Epoch 203	LOSS: 4.55	MAE: 4.79	RMSE: 9.17
Epoch 204	LOSS: 4.42	MAE: 4.76	RMSE: 9.12
Epoch 205	LOSS: 4.41	MAE: 4.75	RMSE: 9.14
Epoch 206	LOSS: 4.41	MAE: 4.74	RMSE: 9.20
Epoch 207	LOSS: 4.39	MAE: 4.74	RMSE: 9.20
Epoch 208	LOSS: 4.41	MAE: 4.76	RMSE: 9.27
Epoch 209	LOSS: 4.39	MAE: 4.84	RMSE: 9.21
Epoch 210	LOSS: 4.50	MAE: 4.84	RMSE: 9.16
Epoch 211	LOSS: 4.64	MAE: 4.80	RMSE: 9.20
Epoch 212	LOSS: 4.51	MAE: 4.80	RMSE: 9.20
Epoch 213	LOSS: 4.43	MAE: 4.80	RMSE: 9.36
Epoch 214	LOSS: 4.42	MAE: 4.78	RMSE: 9.22
Epoch 215	LOSS: 4.58	MAE: 4.77	RMSE: 9.21
Epoch 216	LOSS: 4.39	MAE: 4.85	RMSE: 9.19
Epoch 217	LOSS: 4.44	MAE: 4.81	RMSE: 9.23
Epoch 218	LOSS: 4.46	MAE: 4.81	RMSE: 9.16
Epoch 219	LOSS: 4.50	MAE: 4.83	RMSE: 9.06
Epoch 220	LOSS: 4.43	MAE: 4.79	RMSE: 9.21
Epoch 221	LOSS: 4.61	MAE: 4.77	RMSE: 9.17
Epoch 222	LOSS: 4.46	MAE: 4.74	RMSE: 9.04
Epoch 223	LOSS: 4.55	MAE: 4.72	RMSE: 9.10
Epoch 224	LOSS: 4.41	MAE: 4.72	RMSE: 9.21
Epoch 225	LOSS: 4.54	MAE: 4.72	RMSE: 9.07
Epoch 226	LOSS: 4.52	MAE: 4.72	RMSE: 9.15
Epoch 227	LOSS: 4.48	MAE: 4.71	RMSE: 9.18
Epoch 228	LOSS: 4.45	MAE: 4.73	RMSE: 9.19
Epoch 229	LOSS: 4.59	MAE: 4.73	RMSE: 9.18
Epoch 230	LOSS: 4.47	MAE: 4.71	RMSE: 9.12
Epoch 231	LOSS: 4.42	MAE: 4.72	RMSE: 9.11
Epoch 232	LOSS: 4.44	MAE: 4.71	RMSE: 9.08
Epoch 233	LOSS: 4.51	MAE: 4.70	RMSE: 9.16
Epoch 234	LOSS: 4.47	MAE: 4.70	RMSE: 9.02
Epoch 235	LOSS: 4.37	MAE: 4.70	RMSE: 9.06
Epoch 236	LOSS: 4.37	MAE: 4.70	RMSE: 9.14
Epoch 237	LOSS: 4.47	MAE: 4.72	RMSE: 9.11
Epoch 238	LOSS: 4.44	MAE: 4.72	RMSE: 9.09
Epoch 239	LOSS: 4.44	MAE: 4.72	RMSE: 9.01
Epoch 240	LOSS: 4.44	MAE: 4.71	RMSE: 9.09
Epoch 241	LOSS: 4.47	MAE: 4.73	RMSE: 9.18
Epoch 242	LOSS: 4.40	MAE: 4.70	RMSE: 9.00
Epoch 243	LOSS: 4.47	MAE: 4.72	RMSE: 9.00
Epoch 244	LOSS: 4.50	MAE: 4.72	RMSE: 9.10
Epoch 245	LOSS: 4.44	MAE: 4.71	RMSE: 9.10
Epoch 246	LOSS: 4.52	MAE: 4.69	RMSE: 9.10
Epoch 247	LOSS: 4.50	MAE: 4.69	RMSE: 9.04
Epoch 248	LOSS: 4.49	MAE: 4.70	RMSE: 9.06
Epoch 249	LOSS: 4.49	MAE: 4.69	RMSE: 9.14
Epoch 250	LOSS: 4.51	MAE: 4.71	RMSE: 9.25
Epoch 251	LOSS: 4.46	MAE: 4.75	RMSE: 9.17
Epoch 252	LOSS: 4.53	MAE: 4.71	RMSE: 8.99
Epoch 253	LOSS: 4.40	MAE: 4.71	RMSE: 9.07
Epoch 254	LOSS: 4.50	MAE: 4.71	RMSE: 9.20
Epoch 255	LOSS: 4.57	MAE: 4.72	RMSE: 9.06
Epoch 256	LOSS: 4.42	MAE: 4.69	RMSE: 9.15
Epoch 257	LOSS: 4.50	MAE: 4.69	RMSE: 9.19
Epoch 258	LOSS: 4.49	MAE: 4.72	RMSE: 9.15
Epoch 259	LOSS: 4.37	MAE: 4.72	RMSE: 9.17
Epoch 260	LOSS: 4.43	MAE: 4.73	RMSE: 9.12
Epoch 261	LOSS: 4.37	MAE: 4.72	RMSE: 9.11
Epoch 262	LOSS: 4.45	MAE: 4.71	RMSE: 9.08
Epoch 263	LOSS: 4.51	MAE: 4.69	RMSE: 9.17
Epoch 264	LOSS: 4.58	MAE: 4.72	RMSE: 9.08
Epoch 265	LOSS: 4.41	MAE: 4.69	RMSE: 9.21
Epoch 266	LOSS: 4.47	MAE: 4.71	RMSE: 9.00
Epoch 267	LOSS: 4.44	MAE: 4.70	RMSE: 9.06
Epoch 268	LOSS: 4.53	MAE: 4.69	RMSE: 9.05
Epoch 269	LOSS: 4.40	MAE: 4.69	RMSE: 9.20
Epoch 270	LOSS: 4.47	MAE: 4.69	RMSE: 9.18
Epoch 271	LOSS: 4.37	MAE: 4.69	RMSE: 9.20
Epoch 272	LOSS: 4.41	MAE: 4.69	RMSE: 9.19
Epoch 273	LOSS: 4.47	MAE: 4.69	RMSE: 9.18
Epoch 274	LOSS: 4.52	MAE: 4.72	RMSE: 9.06
Epoch 275	LOSS: 4.48	MAE: 4.69	RMSE: 9.14
Epoch 276	LOSS: 4.33	MAE: 4.74	RMSE: 9.16
Epoch 277	LOSS: 4.42	MAE: 4.77	RMSE: 9.07
Epoch 278	LOSS: 4.39	MAE: 4.78	RMSE: 9.05
Epoch 279	LOSS: 4.50	MAE: 4.72	RMSE: 9.05
Epoch 280	LOSS: 4.40	MAE: 4.72	RMSE: 9.14
Epoch 281	LOSS: 4.45	MAE: 4.75	RMSE: 9.00
Epoch 282	LOSS: 4.38	MAE: 4.73	RMSE: 9.06
Epoch 283	LOSS: 4.33	MAE: 4.70	RMSE: 9.09
Epoch 284	LOSS: 4.47	MAE: 4.68	RMSE: 9.11
Epoch 285	LOSS: 4.39	MAE: 4.68	RMSE: 9.01
Epoch 286	LOSS: 4.46	MAE: 4.68	RMSE: 9.05
Epoch 287	LOSS: 4.45	MAE: 4.69	RMSE: 9.04
Epoch 288	LOSS: 4.36	MAE: 4.69	RMSE: 9.07
Epoch 289	LOSS: 4.46	MAE: 4.68	RMSE: 9.05
Epoch 290	LOSS: 4.43	MAE: 4.69	RMSE: 8.96
Epoch 291	LOSS: 4.41	MAE: 4.69	RMSE: 9.18
Epoch 292	LOSS: 4.46	MAE: 4.70	RMSE: 9.00
Epoch 293	LOSS: 4.44	MAE: 4.67	RMSE: 9.05
Epoch 294	LOSS: 4.49	MAE: 4.69	RMSE: 9.05
Epoch 295	LOSS: 4.41	MAE: 4.68	RMSE: 9.14
Epoch 296	LOSS: 4.51	MAE: 4.70	RMSE: 8.98
Epoch 297	LOSS: 4.43	MAE: 4.68	RMSE: 9.04
Epoch 298	LOSS: 4.42	MAE: 4.68	RMSE: 8.99
Epoch 299	LOSS: 4.55	MAE: 4.68	RMSE: 9.14
Epoch 300	LOSS: 4.42	MAE: 4.69	RMSE: 9.03
Epoch 301	LOSS: 4.37	MAE: 4.68	RMSE: 9.07
Epoch 302	LOSS: 4.45	MAE: 4.67	RMSE: 9.15
Epoch 303	LOSS: 4.44	MAE: 4.72	RMSE: 9.04
Epoch 304	LOSS: 4.40	MAE: 4.68	RMSE: 9.11
Epoch 305	LOSS: 4.46	MAE: 4.70	RMSE: 8.94
Epoch 306	LOSS: 4.41	MAE: 4.69	RMSE: 9.08
Epoch 307	LOSS: 4.49	MAE: 4.69	RMSE: 9.08
Epoch 308	LOSS: 4.46	MAE: 4.70	RMSE: 9.02
Epoch 309	LOSS: 4.35	MAE: 4.71	RMSE: 9.08
Epoch 310	LOSS: 4.49	MAE: 4.77	RMSE: 8.97
Epoch 311	LOSS: 4.38	MAE: 4.71	RMSE: 9.18
Epoch 312	LOSS: 4.53	MAE: 4.72	RMSE: 9.18
Epoch 313	LOSS: 4.48	MAE: 4.72	RMSE: 9.11
Epoch 314	LOSS: 4.49	MAE: 4.71	RMSE: 9.15
Epoch 315	LOSS: 4.47	MAE: 4.72	RMSE: 9.08
Epoch 316	LOSS: 4.49	MAE: 4.70	RMSE: 9.08
Epoch 317	LOSS: 4.42	MAE: 4.71	RMSE: 9.13
Epoch 318	LOSS: 4.41	MAE: 4.72	RMSE: 9.17
Epoch 319	LOSS: 4.51	MAE: 4.71	RMSE: 9.15
Epoch 320	LOSS: 4.40	MAE: 4.71	RMSE: 9.10
Epoch 321	LOSS: 4.46	MAE: 4.70	RMSE: 9.06
Epoch 322	LOSS: 4.51	MAE: 4.69	RMSE: 9.04
Epoch 323	LOSS: 4.52	MAE: 4.68	RMSE: 9.06
Epoch 324	LOSS: 4.39	MAE: 4.68	RMSE: 9.09
Epoch 325	LOSS: 4.47	MAE: 4.69	RMSE: 9.04
Epoch 326	LOSS: 4.47	MAE: 4.69	RMSE: 9.05
Epoch 327	LOSS: 4.43	MAE: 4.68	RMSE: 9.03
Epoch 328	LOSS: 4.42	MAE: 4.67	RMSE: 9.13
Epoch 329	LOSS: 4.42	MAE: 4.68	RMSE: 9.06
Epoch 330	LOSS: 4.42	MAE: 4.67	RMSE: 9.02
Epoch 331	LOSS: 4.41	MAE: 4.66	RMSE: 9.07
Epoch 332	LOSS: 4.36	MAE: 4.67	RMSE: 9.08
Epoch 333	LOSS: 4.46	MAE: 4.67	RMSE: 9.05
Epoch 334	LOSS: 4.44	MAE: 4.67	RMSE: 9.06
Epoch 335	LOSS: 4.48	MAE: 4.67	RMSE: 9.06
Epoch 336	LOSS: 4.44	MAE: 4.67	RMSE: 9.12
Epoch 337	LOSS: 4.49	MAE: 4.68	RMSE: 9.00
Epoch 338	LOSS: 4.42	MAE: 4.67	RMSE: 9.04
Epoch 339	LOSS: 4.38	MAE: 4.67	RMSE: 9.08
Epoch 340	LOSS: 4.53	MAE: 4.68	RMSE: 8.98
Epoch 341	LOSS: 4.42	MAE: 4.66	RMSE: 9.08
Epoch 342	LOSS: 4.42	MAE: 4.67	RMSE: 8.98
Epoch 343	LOSS: 4.45	MAE: 4.68	RMSE: 9.09
Epoch 344	LOSS: 4.42	MAE: 4.67	RMSE: 9.03
Epoch 345	LOSS: 4.40	MAE: 4.67	RMSE: 9.05
Epoch 346	LOSS: 4.46	MAE: 4.70	RMSE: 8.97
Epoch 347	LOSS: 4.44	MAE: 4.67	RMSE: 9.15
Epoch 348	LOSS: 4.45	MAE: 4.67	RMSE: 9.04
Epoch 349	LOSS: 4.46	MAE: 4.68	RMSE: 9.00
Epoch 350	LOSS: 4.39	MAE: 4.66	RMSE: 9.05
Epoch 351	LOSS: 4.50	MAE: 4.67	RMSE: 9.01
Epoch 352	LOSS: 4.45	MAE: 4.69	RMSE: 8.99
Epoch 353	LOSS: 4.42	MAE: 4.68	RMSE: 9.08
Epoch 354	LOSS: 4.46	MAE: 4.69	RMSE: 9.00
Epoch 355	LOSS: 4.46	MAE: 4.67	RMSE: 9.08
Epoch 356	LOSS: 4.50	MAE: 4.69	RMSE: 8.91
Epoch 357	LOSS: 4.45	MAE: 4.67	RMSE: 9.04
Epoch 358	LOSS: 4.42	MAE: 4.67	RMSE: 9.13
Epoch 359	LOSS: 4.39	MAE: 4.66	RMSE: 8.97
Epoch 360	LOSS: 4.41	MAE: 4.68	RMSE: 8.96
Epoch 361	LOSS: 4.42	MAE: 4.67	RMSE: 8.98
Epoch 362	LOSS: 4.42	MAE: 4.67	RMSE: 9.01
Epoch 363	LOSS: 4.41	MAE: 4.68	RMSE: 9.07
Epoch 364	LOSS: 4.46	MAE: 4.68	RMSE: 9.01
Epoch 365	LOSS: 4.41	MAE: 4.67	RMSE: 9.10
Epoch 366	LOSS: 4.45	MAE: 4.67	RMSE: 9.07
Epoch 367	LOSS: 4.47	MAE: 4.67	RMSE: 9.00
Epoch 368	LOSS: 4.35	MAE: 4.66	RMSE: 9.06
Epoch 369	LOSS: 4.44	MAE: 4.68	RMSE: 8.96
Epoch 370	LOSS: 4.40	MAE: 4.68	RMSE: 8.98
Epoch 371	LOSS: 4.48	MAE: 4.66	RMSE: 9.11
Epoch 372	LOSS: 4.44	MAE: 4.66	RMSE: 9.11
Epoch 373	LOSS: 4.52	MAE: 4.67	RMSE: 9.12
Epoch 374	LOSS: 4.48	MAE: 4.67	RMSE: 9.16
Epoch 375	LOSS: 4.41	MAE: 4.67	RMSE: 9.00
Epoch 376	LOSS: 4.45	MAE: 4.67	RMSE: 9.02
Epoch 377	LOSS: 4.51	MAE: 4.67	RMSE: 9.06
Epoch 378	LOSS: 4.41	MAE: 4.66	RMSE: 9.11
Epoch 379	LOSS: 4.40	MAE: 4.68	RMSE: 9.00
Epoch 380	LOSS: 4.43	MAE: 4.66	RMSE: 9.06
Epoch 381	LOSS: 4.47	MAE: 4.66	RMSE: 9.10
Epoch 382	LOSS: 4.45	MAE: 4.67	RMSE: 9.04
Epoch 383	LOSS: 4.49	MAE: 4.67	RMSE: 9.02
Epoch 384	LOSS: 4.42	MAE: 4.66	RMSE: 9.07
Epoch 385	LOSS: 4.43	MAE: 4.66	RMSE: 9.06
Epoch 386	LOSS: 4.42	MAE: 4.67	RMSE: 9.00
Epoch 387	LOSS: 4.52	MAE: 4.66	RMSE: 9.02
Epoch 388	LOSS: 4.52	MAE: 4.66	RMSE: 9.01
Epoch 389	LOSS: 4.42	MAE: 4.67	RMSE: 9.02
Epoch 390	LOSS: 4.48	MAE: 4.67	RMSE: 8.96
Epoch 391	LOSS: 4.43	MAE: 4.66	RMSE: 8.95
Epoch 392	LOSS: 4.39	MAE: 4.66	RMSE: 9.04
Epoch 393	LOSS: 4.44	MAE: 4.66	RMSE: 9.02
Epoch 394	LOSS: 4.53	MAE: 4.67	RMSE: 8.94
Epoch 395	LOSS: 4.44	MAE: 4.66	RMSE: 9.06
Epoch 396	LOSS: 4.46	MAE: 4.67	RMSE: 8.99
Epoch 397	LOSS: 4.57	MAE: 4.66	RMSE: 9.07
Epoch 398	LOSS: 4.44	MAE: 4.66	RMSE: 9.02
Epoch 399	LOSS: 4.45	MAE: 4.66	RMSE: 9.08
Epoch 400	LOSS: 4.49	MAE: 4.66	RMSE: 9.02
Epoch 401	LOSS: 4.49	MAE: 4.66	RMSE: 9.01
Epoch 402	LOSS: 4.44	MAE: 4.66	RMSE: 9.06
Epoch 403	LOSS: 4.50	MAE: 4.66	RMSE: 9.03
Epoch 404	LOSS: 4.48	MAE: 4.66	RMSE: 8.98
Epoch 405	LOSS: 4.36	MAE: 4.66	RMSE: 9.01
Epoch 406	LOSS: 4.43	MAE: 4.66	RMSE: 9.04
Epoch 407	LOSS: 4.32	MAE: 4.66	RMSE: 8.95
Epoch 408	LOSS: 4.42	MAE: 4.66	RMSE: 9.00
Epoch 409	LOSS: 4.45	MAE: 4.66	RMSE: 8.98
Epoch 410	LOSS: 4.43	MAE: 4.66	RMSE: 9.01
Epoch 411	LOSS: 4.51	MAE: 4.66	RMSE: 9.05
Epoch 412	LOSS: 4.42	MAE: 4.66	RMSE: 9.00
Epoch 413	LOSS: 4.48	MAE: 4.66	RMSE: 8.97
Epoch 414	LOSS: 4.35	MAE: 4.66	RMSE: 9.04
Epoch 415	LOSS: 4.42	MAE: 4.66	RMSE: 9.00
Epoch 416	LOSS: 4.36	MAE: 4.66	RMSE: 9.06
Epoch 417	LOSS: 4.36	MAE: 4.65	RMSE: 9.01
Epoch 418	LOSS: 4.46	MAE: 4.65	RMSE: 9.01
Epoch 419	LOSS: 4.48	MAE: 4.65	RMSE: 9.02
Epoch 420	LOSS: 4.44	MAE: 4.66	RMSE: 8.95
Epoch 421	LOSS: 4.45	MAE: 4.66	RMSE: 9.01
Epoch 422	LOSS: 4.48	MAE: 4.66	RMSE: 8.97
Epoch 423	LOSS: 4.43	MAE: 4.65	RMSE: 9.07
Epoch 424	LOSS: 4.34	MAE: 4.66	RMSE: 9.01
Epoch 425	LOSS: 4.40	MAE: 4.65	RMSE: 9.01
Epoch 426	LOSS: 4.46	MAE: 4.66	RMSE: 8.97
Epoch 427	LOSS: 4.44	MAE: 4.66	RMSE: 8.94
Epoch 428	LOSS: 4.40	MAE: 4.66	RMSE: 9.16
Epoch 429	LOSS: 4.42	MAE: 4.68	RMSE: 9.07
Epoch 430	LOSS: 4.45	MAE: 4.66	RMSE: 9.11
Epoch 431	LOSS: 4.34	MAE: 4.66	RMSE: 9.04
Epoch 432	LOSS: 4.41	MAE: 4.66	RMSE: 8.98
Epoch 433	LOSS: 4.45	MAE: 4.66	RMSE: 8.99
Epoch 434	LOSS: 4.37	MAE: 4.66	RMSE: 9.00
Epoch 435	LOSS: 4.41	MAE: 4.67	RMSE: 8.95
Epoch 436	LOSS: 4.44	MAE: 4.66	RMSE: 9.03
Epoch 437	LOSS: 4.40	MAE: 4.67	RMSE: 8.94
Epoch 438	LOSS: 4.45	MAE: 4.66	RMSE: 9.07
Epoch 439	LOSS: 4.54	MAE: 4.67	RMSE: 9.06
Epoch 440	LOSS: 4.42	MAE: 4.67	RMSE: 9.15
Epoch 441	LOSS: 4.54	MAE: 4.67	RMSE: 9.03
Epoch 442	LOSS: 4.40	MAE: 4.68	RMSE: 8.91
Epoch 443	LOSS: 4.35	MAE: 4.67	RMSE: 8.99
Epoch 444	LOSS: 4.43	MAE: 4.67	RMSE: 8.98
Epoch 445	LOSS: 4.41	MAE: 4.66	RMSE: 9.05
Epoch 446	LOSS: 4.45	MAE: 4.66	RMSE: 9.08
Epoch 447	LOSS: 4.43	MAE: 4.66	RMSE: 9.05
Epoch 448	LOSS: 4.46	MAE: 4.66	RMSE: 9.00
Epoch 449	LOSS: 4.48	MAE: 4.66	RMSE: 9.07
Epoch 450	LOSS: 4.42	MAE: 4.66	RMSE: 9.04
Epoch 451	LOSS: 4.34	MAE: 4.67	RMSE: 8.96
Epoch 452	LOSS: 4.46	MAE: 4.67	RMSE: 8.95
Epoch 453	LOSS: 4.42	MAE: 4.66	RMSE: 9.01
Epoch 454	LOSS: 4.46	MAE: 4.66	RMSE: 9.00
Epoch 455	LOSS: 4.40	MAE: 4.67	RMSE: 9.01
Epoch 456	LOSS: 4.46	MAE: 4.66	RMSE: 9.11
Epoch 457	LOSS: 4.43	MAE: 4.66	RMSE: 9.00
Epoch 458	LOSS: 4.47	MAE: 4.66	RMSE: 8.95
Epoch 459	LOSS: 4.49	MAE: 4.66	RMSE: 8.99
Epoch 460	LOSS: 4.39	MAE: 4.66	RMSE: 8.99
Epoch 461	LOSS: 4.40	MAE: 4.66	RMSE: 8.98
Epoch 462	LOSS: 4.41	MAE: 4.66	RMSE: 9.00
Epoch 463	LOSS: 4.51	MAE: 4.66	RMSE: 8.98
Epoch 464	LOSS: 4.43	MAE: 4.66	RMSE: 9.04
Epoch 465	LOSS: 4.41	MAE: 4.65	RMSE: 9.05
Epoch 466	LOSS: 4.35	MAE: 4.67	RMSE: 8.92
Epoch 467	LOSS: 4.37	MAE: 4.66	RMSE: 8.98
Epoch 468	LOSS: 4.40	MAE: 4.66	RMSE: 8.99
Epoch 469	LOSS: 4.43	MAE: 4.66	RMSE: 9.03
Epoch 470	LOSS: 4.41	MAE: 4.66	RMSE: 9.06
Epoch 471	LOSS: 4.44	MAE: 4.66	RMSE: 9.02
Epoch 472	LOSS: 4.32	MAE: 4.66	RMSE: 8.95
Epoch 473	LOSS: 4.49	MAE: 4.65	RMSE: 9.08
Epoch 474	LOSS: 4.37	MAE: 4.67	RMSE: 8.98
Epoch 475	LOSS: 4.41	MAE: 4.66	RMSE: 8.95
Epoch 476	LOSS: 4.56	MAE: 4.66	RMSE: 9.02
Epoch 477	LOSS: 4.37	MAE: 4.65	RMSE: 9.04
Epoch 478	LOSS: 4.44	MAE: 4.67	RMSE: 8.95
Epoch 479	LOSS: 4.41	MAE: 4.67	RMSE: 8.99
Epoch 480	LOSS: 4.34	MAE: 4.66	RMSE: 9.10
Epoch 481	LOSS: 4.51	MAE: 4.65	RMSE: 9.06
Epoch 482	LOSS: 4.44	MAE: 4.66	RMSE: 8.99
Epoch 483	LOSS: 4.48	MAE: 4.66	RMSE: 8.98
Epoch 484	LOSS: 4.35	MAE: 4.66	RMSE: 9.02
Epoch 485	LOSS: 4.43	MAE: 4.66	RMSE: 9.02
Epoch 486	LOSS: 4.39	MAE: 4.65	RMSE: 9.00
Epoch 487	LOSS: 4.50	MAE: 4.66	RMSE: 8.97
Epoch 488	LOSS: 4.38	MAE: 4.66	RMSE: 8.93
Epoch 489	LOSS: 4.46	MAE: 4.66	RMSE: 8.98
Epoch 490	LOSS: 4.43	MAE: 4.66	RMSE: 8.97
Epoch 491	LOSS: 4.39	MAE: 4.66	RMSE: 9.02
Epoch 492	LOSS: 4.46	MAE: 4.65	RMSE: 9.05
Epoch 493	LOSS: 4.47	MAE: 4.66	RMSE: 8.98
Epoch 494	LOSS: 4.34	MAE: 4.65	RMSE: 9.03
Epoch 495	LOSS: 4.48	MAE: 4.65	RMSE: 9.08
Epoch 496	LOSS: 4.38	MAE: 4.65	RMSE: 9.03
Epoch 497	LOSS: 4.47	MAE: 4.65	RMSE: 9.05
Epoch 498	LOSS: 4.43	MAE: 4.65	RMSE: 9.04
Epoch 499	LOSS: 4.41	MAE: 4.66	RMSE: 8.99
