Epoch 000	LOSS: 222.39	MAE: 253.84	RMSE: 296.91
Epoch 001	LOSS: 219.87	MAE: 253.04	RMSE: 296.22
Epoch 002	LOSS: 222.81	MAE: 252.17	RMSE: 295.47
Epoch 003	LOSS: 219.83	MAE: 251.22	RMSE: 294.65
Epoch 004	LOSS: 219.15	MAE: 250.20	RMSE: 293.77
Epoch 005	LOSS: 216.71	MAE: 249.11	RMSE: 292.82
Epoch 006	LOSS: 216.21	MAE: 247.95	RMSE: 291.81
Epoch 007	LOSS: 214.36	MAE: 246.73	RMSE: 290.75
Epoch 008	LOSS: 211.52	MAE: 245.47	RMSE: 289.66
Epoch 009	LOSS: 208.79	MAE: 244.17	RMSE: 288.53
Epoch 010	LOSS: 212.50	MAE: 242.85	RMSE: 287.37
Epoch 011	LOSS: 206.73	MAE: 241.51	RMSE: 286.21
Epoch 012	LOSS: 207.73	MAE: 240.14	RMSE: 285.02
Epoch 013	LOSS: 206.26	MAE: 238.75	RMSE: 283.79
Epoch 014	LOSS: 204.94	MAE: 237.33	RMSE: 282.55
Epoch 015	LOSS: 200.44	MAE: 235.89	RMSE: 281.29
Epoch 016	LOSS: 203.08	MAE: 234.46	RMSE: 280.03
Epoch 017	LOSS: 196.83	MAE: 233.04	RMSE: 278.77
Epoch 018	LOSS: 199.26	MAE: 231.61	RMSE: 277.51
Epoch 019	LOSS: 195.88	MAE: 230.19	RMSE: 276.26
Epoch 020	LOSS: 193.07	MAE: 228.78	RMSE: 275.01
Epoch 021	LOSS: 196.64	MAE: 227.36	RMSE: 273.74
Epoch 022	LOSS: 192.27	MAE: 225.90	RMSE: 272.45
Epoch 023	LOSS: 191.07	MAE: 224.43	RMSE: 271.14
Epoch 024	LOSS: 189.89	MAE: 222.94	RMSE: 269.81
Epoch 025	LOSS: 186.74	MAE: 221.46	RMSE: 268.48
Epoch 026	LOSS: 189.62	MAE: 220.01	RMSE: 267.18
Epoch 027	LOSS: 185.21	MAE: 218.58	RMSE: 265.89
Epoch 028	LOSS: 184.06	MAE: 217.17	RMSE: 264.61
Epoch 029	LOSS: 183.05	MAE: 215.77	RMSE: 263.34
Epoch 030	LOSS: 177.47	MAE: 214.40	RMSE: 262.09
Epoch 031	LOSS: 178.32	MAE: 213.05	RMSE: 260.85
Epoch 032	LOSS: 178.54	MAE: 211.71	RMSE: 259.62
Epoch 033	LOSS: 175.68	MAE: 210.42	RMSE: 258.43
Epoch 034	LOSS: 174.64	MAE: 209.13	RMSE: 257.23
Epoch 035	LOSS: 170.47	MAE: 207.88	RMSE: 256.07
Epoch 036	LOSS: 176.75	MAE: 206.66	RMSE: 254.94
Epoch 037	LOSS: 168.90	MAE: 205.45	RMSE: 253.81
Epoch 038	LOSS: 171.06	MAE: 204.26	RMSE: 252.71
Epoch 039	LOSS: 166.91	MAE: 203.11	RMSE: 251.65
Epoch 040	LOSS: 167.34	MAE: 202.00	RMSE: 250.63
Epoch 041	LOSS: 163.25	MAE: 200.95	RMSE: 249.67
Epoch 042	LOSS: 165.43	MAE: 199.96	RMSE: 248.77
Epoch 043	LOSS: 161.23	MAE: 198.96	RMSE: 247.86
Epoch 044	LOSS: 160.17	MAE: 197.94	RMSE: 246.94
Epoch 045	LOSS: 158.62	MAE: 196.58	RMSE: 245.70
Epoch 046	LOSS: 159.06	MAE: 195.31	RMSE: 244.54
Epoch 047	LOSS: 155.49	MAE: 193.65	RMSE: 242.99
Epoch 048	LOSS: 156.13	MAE: 191.72	RMSE: 241.13
Epoch 049	LOSS: 151.74	MAE: 189.72	RMSE: 239.20
Epoch 050	LOSS: 151.63	MAE: 187.70	RMSE: 237.28
Epoch 051	LOSS: 150.42	MAE: 185.72	RMSE: 235.40
Epoch 052	LOSS: 147.63	MAE: 183.72	RMSE: 233.49
Epoch 053	LOSS: 145.90	MAE: 181.83	RMSE: 231.67
Epoch 054	LOSS: 143.87	MAE: 181.16	RMSE: 231.23
Epoch 055	LOSS: 147.24	MAE: 178.34	RMSE: 228.40
Epoch 056	LOSS: 143.57	MAE: 176.76	RMSE: 226.91
Epoch 057	LOSS: 143.03	MAE: 175.28	RMSE: 225.48
Epoch 058	LOSS: 141.54	MAE: 173.88	RMSE: 224.16
Epoch 059	LOSS: 142.19	MAE: 172.61	RMSE: 222.90
Epoch 060	LOSS: 137.61	MAE: 171.33	RMSE: 221.60
Epoch 061	LOSS: 138.26	MAE: 170.09	RMSE: 220.39
Epoch 062	LOSS: 137.94	MAE: 168.90	RMSE: 219.20
Epoch 063	LOSS: 137.40	MAE: 167.73	RMSE: 218.08
Epoch 064	LOSS: 136.01	MAE: 166.75	RMSE: 217.13
Epoch 065	LOSS: 132.19	MAE: 165.78	RMSE: 216.15
Epoch 066	LOSS: 131.35	MAE: 164.81	RMSE: 215.17
Epoch 067	LOSS: 130.63	MAE: 163.98	RMSE: 214.29
Epoch 068	LOSS: 130.67	MAE: 162.91	RMSE: 213.12
Epoch 069	LOSS: 127.01	MAE: 161.76	RMSE: 211.89
Epoch 070	LOSS: 129.68	MAE: 160.83	RMSE: 210.90
Epoch 071	LOSS: 126.12	MAE: 160.05	RMSE: 210.05
Epoch 072	LOSS: 125.35	MAE: 159.32	RMSE: 209.28
Epoch 073	LOSS: 124.05	MAE: 158.58	RMSE: 208.51
Epoch 074	LOSS: 123.85	MAE: 158.11	RMSE: 207.99
Epoch 075	LOSS: 122.55	MAE: 157.79	RMSE: 207.60
Epoch 076	LOSS: 120.98	MAE: 157.68	RMSE: 207.46
Epoch 077	LOSS: 117.10	MAE: 157.58	RMSE: 207.30
Epoch 078	LOSS: 119.89	MAE: 157.25	RMSE: 206.90
Epoch 079	LOSS: 118.65	MAE: 156.88	RMSE: 206.51
Epoch 080	LOSS: 118.12	MAE: 156.38	RMSE: 205.97
Epoch 081	LOSS: 114.61	MAE: 155.82	RMSE: 205.38
Epoch 082	LOSS: 116.14	MAE: 155.20	RMSE: 204.68
Epoch 083	LOSS: 112.67	MAE: 154.56	RMSE: 203.98
Epoch 084	LOSS: 114.76	MAE: 154.19	RMSE: 203.57
Epoch 085	LOSS: 112.49	MAE: 153.83	RMSE: 203.21
Epoch 086	LOSS: 112.26	MAE: 153.51	RMSE: 202.87
Epoch 087	LOSS: 112.18	MAE: 153.29	RMSE: 202.63
Epoch 088	LOSS: 108.86	MAE: 153.17	RMSE: 202.49
Epoch 089	LOSS: 107.65	MAE: 153.12	RMSE: 202.44
Epoch 090	LOSS: 107.64	MAE: 153.34	RMSE: 202.71
Epoch 091	LOSS: 106.52	MAE: 153.35	RMSE: 202.75
Epoch 092	LOSS: 104.33	MAE: 153.84	RMSE: 203.44
Epoch 093	LOSS: 104.38	MAE: 153.71	RMSE: 203.39
Epoch 094	LOSS: 103.62	MAE: 154.48	RMSE: 204.48
Epoch 095	LOSS: 100.33	MAE: 155.68	RMSE: 205.94
Epoch 096	LOSS: 101.16	MAE: 155.27	RMSE: 205.39
Epoch 097	LOSS: 98.11	MAE: 156.10	RMSE: 206.30
Epoch 098	LOSS: 97.79	MAE: 157.61	RMSE: 208.02
Epoch 099	LOSS: 95.67	MAE: 157.68	RMSE: 208.14
Epoch 100	LOSS: 93.36	MAE: 159.01	RMSE: 209.67
Epoch 101	LOSS: 92.77	MAE: 158.93	RMSE: 209.54
Epoch 102	LOSS: 92.48	MAE: 159.72	RMSE: 210.28
Epoch 103	LOSS: 93.44	MAE: 159.13	RMSE: 209.63
Epoch 104	LOSS: 92.50	MAE: 158.27	RMSE: 208.55
Epoch 105	LOSS: 91.69	MAE: 156.18	RMSE: 206.18
Epoch 106	LOSS: 93.56	MAE: 155.16	RMSE: 205.02
Epoch 107	LOSS: 92.82	MAE: 153.27	RMSE: 202.91
Epoch 108	LOSS: 93.45	MAE: 151.46	RMSE: 200.74
Epoch 109	LOSS: 90.68	MAE: 150.54	RMSE: 199.68
Epoch 110	LOSS: 93.17	MAE: 149.51	RMSE: 198.52
Epoch 111	LOSS: 89.74	MAE: 148.74	RMSE: 197.60
Epoch 112	LOSS: 92.91	MAE: 147.68	RMSE: 196.30
Epoch 113	LOSS: 88.99	MAE: 147.48	RMSE: 196.08
Epoch 114	LOSS: 90.99	MAE: 146.95	RMSE: 195.46
Epoch 115	LOSS: 91.12	MAE: 146.95	RMSE: 195.47
Epoch 116	LOSS: 91.57	MAE: 146.58	RMSE: 195.07
Epoch 117	LOSS: 87.68	MAE: 146.54	RMSE: 195.08
Epoch 118	LOSS: 88.71	MAE: 146.05	RMSE: 194.56
Epoch 119	LOSS: 91.00	MAE: 145.78	RMSE: 194.31
Epoch 120	LOSS: 89.53	MAE: 145.41	RMSE: 193.95
Epoch 121	LOSS: 87.43	MAE: 144.78	RMSE: 193.25
Epoch 122	LOSS: 88.68	MAE: 144.34	RMSE: 192.75
Epoch 123	LOSS: 87.66	MAE: 143.83	RMSE: 192.24
Epoch 124	LOSS: 87.89	MAE: 143.86	RMSE: 192.33
Epoch 125	LOSS: 88.13	MAE: 143.20	RMSE: 191.56
Epoch 126	LOSS: 85.92	MAE: 143.02	RMSE: 191.41
Epoch 127	LOSS: 87.26	MAE: 143.21	RMSE: 191.68
Epoch 128	LOSS: 85.94	MAE: 142.72	RMSE: 191.15
Epoch 129	LOSS: 87.88	MAE: 142.73	RMSE: 191.25
Epoch 130	LOSS: 84.60	MAE: 142.40	RMSE: 190.82
Epoch 131	LOSS: 87.49	MAE: 142.03	RMSE: 190.38
Epoch 132	LOSS: 85.21	MAE: 141.96	RMSE: 190.35
Epoch 133	LOSS: 86.83	MAE: 141.30	RMSE: 189.51
Epoch 134	LOSS: 86.68	MAE: 141.10	RMSE: 189.26
Epoch 135	LOSS: 87.53	MAE: 140.67	RMSE: 188.81
Epoch 136	LOSS: 87.06	MAE: 140.60	RMSE: 188.80
Epoch 137	LOSS: 84.85	MAE: 140.18	RMSE: 188.25
Epoch 138	LOSS: 85.56	MAE: 139.90	RMSE: 187.97
Epoch 139	LOSS: 84.24	MAE: 140.00	RMSE: 188.14
Epoch 140	LOSS: 84.41	MAE: 139.66	RMSE: 187.67
Epoch 141	LOSS: 85.21	MAE: 139.45	RMSE: 187.43
Epoch 142	LOSS: 83.12	MAE: 139.43	RMSE: 187.55
Epoch 143	LOSS: 83.77	MAE: 139.16	RMSE: 187.23
Epoch 144	LOSS: 82.97	MAE: 138.88	RMSE: 186.91
Epoch 145	LOSS: 83.65	MAE: 138.86	RMSE: 186.90
Epoch 146	LOSS: 83.61	MAE: 138.51	RMSE: 186.42
Epoch 147	LOSS: 84.56	MAE: 138.38	RMSE: 186.32
Epoch 148	LOSS: 84.00	MAE: 138.44	RMSE: 186.44
Epoch 149	LOSS: 82.98	MAE: 138.10	RMSE: 185.98
Epoch 150	LOSS: 82.89	MAE: 137.99	RMSE: 185.86
Epoch 151	LOSS: 81.97	MAE: 138.09	RMSE: 186.04
Epoch 152	LOSS: 83.54	MAE: 137.82	RMSE: 185.70
Epoch 153	LOSS: 82.53	MAE: 137.75	RMSE: 185.63
Epoch 154	LOSS: 83.70	MAE: 137.81	RMSE: 185.73
Epoch 155	LOSS: 83.68	MAE: 137.52	RMSE: 185.31
Epoch 156	LOSS: 80.95	MAE: 137.43	RMSE: 185.23
Epoch 157	LOSS: 82.36	MAE: 137.46	RMSE: 185.34
Epoch 158	LOSS: 82.38	MAE: 137.19	RMSE: 184.94
Epoch 159	LOSS: 81.49	MAE: 137.11	RMSE: 184.86
Epoch 160	LOSS: 81.12	MAE: 137.17	RMSE: 185.02
Epoch 161	LOSS: 83.60	MAE: 136.97	RMSE: 184.71
Epoch 162	LOSS: 81.75	MAE: 136.92	RMSE: 184.69
Epoch 163	LOSS: 82.62	MAE: 136.99	RMSE: 184.84
Epoch 164	LOSS: 80.32	MAE: 136.77	RMSE: 184.50
Epoch 165	LOSS: 80.62	MAE: 136.71	RMSE: 184.45
Epoch 166	LOSS: 80.78	MAE: 136.77	RMSE: 184.62
Epoch 167	LOSS: 81.84	MAE: 136.53	RMSE: 184.27
Epoch 168	LOSS: 81.69	MAE: 136.46	RMSE: 184.22
Epoch 169	LOSS: 79.97	MAE: 136.50	RMSE: 184.34
Epoch 170	LOSS: 79.82	MAE: 136.26	RMSE: 183.98
Epoch 171	LOSS: 81.09	MAE: 136.20	RMSE: 183.94
Epoch 172	LOSS: 80.84	MAE: 136.26	RMSE: 184.10
Epoch 173	LOSS: 80.69	MAE: 136.03	RMSE: 183.75
Epoch 174	LOSS: 79.28	MAE: 135.95	RMSE: 183.69
Epoch 175	LOSS: 81.75	MAE: 135.99	RMSE: 183.82
Epoch 176	LOSS: 78.87	MAE: 135.71	RMSE: 183.41
Epoch 177	LOSS: 79.40	MAE: 135.55	RMSE: 183.23
Epoch 178	LOSS: 79.28	MAE: 135.52	RMSE: 183.29
Epoch 179	LOSS: 79.59	MAE: 135.26	RMSE: 182.88
Epoch 180	LOSS: 78.91	MAE: 135.08	RMSE: 182.68
Epoch 181	LOSS: 80.27	MAE: 135.05	RMSE: 182.74
Epoch 182	LOSS: 80.15	MAE: 134.80	RMSE: 182.34
Epoch 183	LOSS: 78.59	MAE: 134.68	RMSE: 182.21
Epoch 184	LOSS: 78.99	MAE: 134.65	RMSE: 182.28
Epoch 185	LOSS: 78.87	MAE: 134.46	RMSE: 181.95
Epoch 186	LOSS: 77.87	MAE: 134.39	RMSE: 181.90
Epoch 187	LOSS: 79.44	MAE: 134.40	RMSE: 182.01
Epoch 188	LOSS: 79.04	MAE: 134.23	RMSE: 181.70
Epoch 189	LOSS: 79.17	MAE: 134.10	RMSE: 181.57
Epoch 190	LOSS: 78.83	MAE: 134.10	RMSE: 181.68
Epoch 191	LOSS: 78.32	MAE: 133.97	RMSE: 181.42
Epoch 192	LOSS: 77.54	MAE: 133.91	RMSE: 181.38
Epoch 193	LOSS: 78.11	MAE: 133.97	RMSE: 181.56
Epoch 194	LOSS: 79.09	MAE: 133.93	RMSE: 181.44
Epoch 195	LOSS: 77.30	MAE: 134.04	RMSE: 181.64
Epoch 196	LOSS: 77.82	MAE: 134.22	RMSE: 181.97
Epoch 197	LOSS: 78.87	MAE: 134.23	RMSE: 181.90
Epoch 198	LOSS: 76.55	MAE: 134.39	RMSE: 182.16
Epoch 199	LOSS: 77.15	MAE: 134.64	RMSE: 182.57
Epoch 200	LOSS: 77.79	MAE: 134.60	RMSE: 182.45
Epoch 201	LOSS: 77.71	MAE: 134.65	RMSE: 182.55
Epoch 202	LOSS: 77.19	MAE: 134.80	RMSE: 182.83
Epoch 203	LOSS: 77.91	MAE: 134.67	RMSE: 182.61
Epoch 204	LOSS: 76.80	MAE: 134.69	RMSE: 182.66
Epoch 205	LOSS: 77.15	MAE: 134.86	RMSE: 182.94
Epoch 206	LOSS: 75.92	MAE: 134.65	RMSE: 182.62
Epoch 207	LOSS: 75.67	MAE: 134.60	RMSE: 182.58
Epoch 208	LOSS: 77.25	MAE: 134.72	RMSE: 182.81
Epoch 209	LOSS: 76.49	MAE: 134.48	RMSE: 182.44
Epoch 210	LOSS: 75.79	MAE: 134.36	RMSE: 182.31
Epoch 211	LOSS: 75.90	MAE: 134.37	RMSE: 182.39
Epoch 212	LOSS: 76.08	MAE: 134.11	RMSE: 182.00
Epoch 213	LOSS: 75.59	MAE: 134.01	RMSE: 181.89
Epoch 214	LOSS: 75.83	MAE: 134.03	RMSE: 182.01
Epoch 215	LOSS: 76.05	MAE: 133.79	RMSE: 181.62
Epoch 216	LOSS: 74.07	MAE: 133.65	RMSE: 181.47
Epoch 217	LOSS: 76.53	MAE: 133.64	RMSE: 181.55
Epoch 218	LOSS: 76.30	MAE: 133.42	RMSE: 181.17
Epoch 219	LOSS: 75.38	MAE: 133.29	RMSE: 181.05
Epoch 220	LOSS: 75.63	MAE: 133.29	RMSE: 181.14
Epoch 221	LOSS: 75.56	MAE: 133.03	RMSE: 180.71
Epoch 222	LOSS: 74.45	MAE: 132.84	RMSE: 180.49
Epoch 223	LOSS: 74.28	MAE: 132.77	RMSE: 180.52
Epoch 224	LOSS: 75.26	MAE: 132.55	RMSE: 180.13
Epoch 225	LOSS: 74.14	MAE: 132.43	RMSE: 180.01
Epoch 226	LOSS: 73.75	MAE: 132.41	RMSE: 180.11
Epoch 227	LOSS: 75.53	MAE: 132.31	RMSE: 179.86
Epoch 228	LOSS: 72.16	MAE: 132.27	RMSE: 179.87
Epoch 229	LOSS: 73.62	MAE: 132.34	RMSE: 180.09
Epoch 230	LOSS: 75.61	MAE: 132.23	RMSE: 179.83
Epoch 231	LOSS: 75.14	MAE: 132.19	RMSE: 179.81
Epoch 232	LOSS: 74.16	MAE: 132.23	RMSE: 180.01
Epoch 233	LOSS: 73.13	MAE: 132.09	RMSE: 179.71
Epoch 234	LOSS: 74.87	MAE: 132.04	RMSE: 179.68
Epoch 235	LOSS: 74.07	MAE: 132.08	RMSE: 179.86
Epoch 236	LOSS: 72.78	MAE: 131.95	RMSE: 179.57
Epoch 237	LOSS: 72.99	MAE: 131.89	RMSE: 179.54
Epoch 238	LOSS: 74.27	MAE: 131.93	RMSE: 179.74
Epoch 239	LOSS: 72.97	MAE: 131.82	RMSE: 179.49
Epoch 240	LOSS: 72.49	MAE: 131.78	RMSE: 179.47
Epoch 241	LOSS: 72.48	MAE: 131.84	RMSE: 179.68
Epoch 242	LOSS: 72.28	MAE: 131.70	RMSE: 179.37
Epoch 243	LOSS: 74.13	MAE: 131.60	RMSE: 179.29
Epoch 244	LOSS: 73.60	MAE: 131.60	RMSE: 179.42
Epoch 245	LOSS: 70.54	MAE: 131.37	RMSE: 179.02
Epoch 246	LOSS: 72.33	MAE: 131.22	RMSE: 178.86
Epoch 247	LOSS: 73.23	MAE: 131.20	RMSE: 178.96
Epoch 248	LOSS: 72.79	MAE: 131.08	RMSE: 178.68
Epoch 249	LOSS: 72.43	MAE: 131.05	RMSE: 178.71
Epoch 250	LOSS: 72.45	MAE: 131.10	RMSE: 178.93
Epoch 251	LOSS: 71.95	MAE: 130.94	RMSE: 178.61
Epoch 252	LOSS: 73.29	MAE: 130.86	RMSE: 178.56
Epoch 253	LOSS: 72.77	MAE: 130.86	RMSE: 178.72
Epoch 254	LOSS: 73.29	MAE: 130.64	RMSE: 178.32
Epoch 255	LOSS: 72.18	MAE: 130.52	RMSE: 178.21
Epoch 256	LOSS: 72.59	MAE: 130.51	RMSE: 178.34
Epoch 257	LOSS: 72.49	MAE: 130.31	RMSE: 177.95
Epoch 258	LOSS: 71.73	MAE: 130.14	RMSE: 177.79
Epoch 259	LOSS: 70.67	MAE: 130.08	RMSE: 177.86
Epoch 260	LOSS: 71.08	MAE: 129.87	RMSE: 177.46
Epoch 261	LOSS: 71.01	MAE: 129.72	RMSE: 177.32
Epoch 262	LOSS: 70.54	MAE: 129.67	RMSE: 177.44
Epoch 263	LOSS: 70.73	MAE: 129.55	RMSE: 177.14
Epoch 264	LOSS: 71.15	MAE: 129.56	RMSE: 177.23
Epoch 265	LOSS: 71.31	MAE: 129.67	RMSE: 177.51
Epoch 266	LOSS: 71.48	MAE: 129.58	RMSE: 177.28
Epoch 267	LOSS: 69.79	MAE: 129.59	RMSE: 177.35
Epoch 268	LOSS: 70.76	MAE: 129.71	RMSE: 177.65
Epoch 269	LOSS: 69.62	MAE: 129.64	RMSE: 177.46
Epoch 270	LOSS: 69.56	MAE: 129.67	RMSE: 177.56
Epoch 271	LOSS: 69.84	MAE: 129.83	RMSE: 177.88
Epoch 272	LOSS: 70.33	MAE: 129.70	RMSE: 177.62
Epoch 273	LOSS: 70.43	MAE: 129.64	RMSE: 177.59
Epoch 274	LOSS: 70.23	MAE: 129.70	RMSE: 177.78
Epoch 275	LOSS: 69.94	MAE: 129.49	RMSE: 177.41
Epoch 276	LOSS: 69.00	MAE: 129.41	RMSE: 177.36
Epoch 277	LOSS: 70.14	MAE: 129.50	RMSE: 177.58
Epoch 278	LOSS: 69.50	MAE: 129.31	RMSE: 177.24
Epoch 279	LOSS: 69.20	MAE: 129.29	RMSE: 177.26
Epoch 280	LOSS: 69.01	MAE: 129.38	RMSE: 177.48
Epoch 281	LOSS: 69.55	MAE: 129.28	RMSE: 177.26
Epoch 282	LOSS: 69.08	MAE: 129.36	RMSE: 177.42
Epoch 283	LOSS: 69.66	MAE: 129.58	RMSE: 177.79
Epoch 284	LOSS: 66.87	MAE: 129.41	RMSE: 177.51
Epoch 285	LOSS: 69.31	MAE: 129.38	RMSE: 177.51
Epoch 286	LOSS: 68.51	MAE: 129.55	RMSE: 177.83
Epoch 287	LOSS: 69.68	MAE: 129.36	RMSE: 177.51
Epoch 288	LOSS: 68.05	MAE: 129.39	RMSE: 177.58
Epoch 289	LOSS: 69.60	MAE: 129.61	RMSE: 177.95
Epoch 290	LOSS: 67.76	MAE: 129.42	RMSE: 177.64
Epoch 291	LOSS: 69.43	MAE: 129.45	RMSE: 177.71
Epoch 292	LOSS: 67.84	MAE: 129.61	RMSE: 178.00
Epoch 293	LOSS: 68.34	MAE: 129.41	RMSE: 177.67
Epoch 294	LOSS: 67.13	MAE: 129.39	RMSE: 177.69
Epoch 295	LOSS: 68.99	MAE: 129.57	RMSE: 178.01
Epoch 296	LOSS: 67.50	MAE: 129.37	RMSE: 177.69
Epoch 297	LOSS: 68.47	MAE: 129.35	RMSE: 177.69
Epoch 298	LOSS: 66.68	MAE: 129.46	RMSE: 177.92
Epoch 299	LOSS: 67.61	MAE: 129.23	RMSE: 177.55
Epoch 300	LOSS: 67.87	MAE: 129.22	RMSE: 177.57
Epoch 301	LOSS: 67.24	MAE: 129.41	RMSE: 177.89
Epoch 302	LOSS: 67.58	MAE: 129.28	RMSE: 177.63
Epoch 303	LOSS: 67.24	MAE: 129.45	RMSE: 177.90
Epoch 304	LOSS: 68.14	MAE: 129.73	RMSE: 178.32
Epoch 305	LOSS: 67.39	MAE: 129.67	RMSE: 178.18
Epoch 306	LOSS: 68.34	MAE: 129.91	RMSE: 178.52
Epoch 307	LOSS: 67.95	MAE: 130.32	RMSE: 179.10
Epoch 308	LOSS: 68.44	MAE: 130.09	RMSE: 178.75
Epoch 309	LOSS: 66.74	MAE: 130.06	RMSE: 178.75
Epoch 310	LOSS: 69.12	MAE: 130.23	RMSE: 179.03
Epoch 311	LOSS: 68.03	MAE: 129.87	RMSE: 178.50
Epoch 312	LOSS: 67.40	MAE: 129.74	RMSE: 178.37
Epoch 313	LOSS: 67.14	MAE: 129.81	RMSE: 178.54
Epoch 314	LOSS: 66.80	MAE: 129.42	RMSE: 177.96
Epoch 315	LOSS: 66.38	MAE: 129.24	RMSE: 177.77
Epoch 316	LOSS: 64.85	MAE: 129.29	RMSE: 177.91
Epoch 317	LOSS: 66.81	MAE: 128.92	RMSE: 177.35
Epoch 318	LOSS: 65.45	MAE: 128.72	RMSE: 177.13
Epoch 319	LOSS: 66.74	MAE: 128.67	RMSE: 177.16
Epoch 320	LOSS: 65.99	MAE: 128.24	RMSE: 176.50
Epoch 321	LOSS: 66.35	MAE: 127.94	RMSE: 176.14
Epoch 322	LOSS: 65.53	MAE: 127.80	RMSE: 176.10
Epoch 323	LOSS: 65.62	MAE: 127.43	RMSE: 175.48
Epoch 324	LOSS: 65.86	MAE: 127.25	RMSE: 175.29
Epoch 325	LOSS: 66.56	MAE: 127.17	RMSE: 175.31
Epoch 326	LOSS: 66.03	MAE: 126.67	RMSE: 174.52
Epoch 327	LOSS: 65.99	MAE: 126.20	RMSE: 173.95
Epoch 328	LOSS: 65.72	MAE: 125.88	RMSE: 173.66
Epoch 329	LOSS: 65.99	MAE: 125.54	RMSE: 173.01
Epoch 330	LOSS: 65.72	MAE: 125.26	RMSE: 172.72
Epoch 331	LOSS: 64.47	MAE: 125.15	RMSE: 172.66
Epoch 332	LOSS: 65.34	MAE: 124.87	RMSE: 172.15
Epoch 333	LOSS: 63.60	MAE: 124.73	RMSE: 172.00
Epoch 334	LOSS: 64.64	MAE: 124.67	RMSE: 172.09
Epoch 335	LOSS: 65.43	MAE: 124.50	RMSE: 171.76
Epoch 336	LOSS: 64.53	MAE: 124.43	RMSE: 171.70
Epoch 337	LOSS: 64.18	MAE: 124.50	RMSE: 171.92
Epoch 338	LOSS: 64.22	MAE: 124.38	RMSE: 171.67
Epoch 339	LOSS: 65.28	MAE: 124.36	RMSE: 171.72
Epoch 340	LOSS: 65.15	MAE: 124.53	RMSE: 172.06
Epoch 341	LOSS: 64.19	MAE: 124.45	RMSE: 171.84
Epoch 342	LOSS: 64.83	MAE: 124.48	RMSE: 171.92
Epoch 343	LOSS: 64.96	MAE: 124.64	RMSE: 172.24
Epoch 344	LOSS: 64.04	MAE: 124.57	RMSE: 172.08
Epoch 345	LOSS: 64.46	MAE: 124.66	RMSE: 172.22
Epoch 346	LOSS: 64.63	MAE: 124.91	RMSE: 172.65
Epoch 347	LOSS: 63.85	MAE: 124.86	RMSE: 172.51
Epoch 348	LOSS: 63.36	MAE: 124.93	RMSE: 172.66
Epoch 349	LOSS: 64.15	MAE: 125.15	RMSE: 173.04
Epoch 350	LOSS: 63.05	MAE: 125.05	RMSE: 172.84
Epoch 351	LOSS: 63.58	MAE: 125.12	RMSE: 172.97
Epoch 352	LOSS: 63.67	MAE: 125.36	RMSE: 173.37
Epoch 353	LOSS: 63.18	MAE: 125.25	RMSE: 173.15
Epoch 354	LOSS: 64.70	MAE: 125.29	RMSE: 173.25
Epoch 355	LOSS: 64.08	MAE: 125.50	RMSE: 173.59
Epoch 356	LOSS: 63.72	MAE: 125.36	RMSE: 173.34
Epoch 357	LOSS: 63.04	MAE: 125.37	RMSE: 173.41
Epoch 358	LOSS: 64.00	MAE: 125.60	RMSE: 173.77
Epoch 359	LOSS: 63.81	MAE: 125.41	RMSE: 173.44
Epoch 360	LOSS: 64.03	MAE: 125.37	RMSE: 173.41
Epoch 361	LOSS: 63.29	MAE: 125.57	RMSE: 173.70
Epoch 362	LOSS: 62.67	MAE: 125.30	RMSE: 173.32
Epoch 363	LOSS: 62.20	MAE: 125.27	RMSE: 173.31
Epoch 364	LOSS: 62.83	MAE: 125.43	RMSE: 173.59
Epoch 365	LOSS: 63.64	MAE: 125.24	RMSE: 173.27
Epoch 366	LOSS: 62.49	MAE: 125.23	RMSE: 173.28
Epoch 367	LOSS: 62.82	MAE: 125.43	RMSE: 173.62
Epoch 368	LOSS: 61.93	MAE: 125.19	RMSE: 173.23
Epoch 369	LOSS: 63.23	MAE: 125.12	RMSE: 173.19
Epoch 370	LOSS: 63.44	MAE: 125.26	RMSE: 173.41
Epoch 371	LOSS: 62.68	MAE: 125.05	RMSE: 173.08
Epoch 372	LOSS: 62.97	MAE: 125.06	RMSE: 173.12
Epoch 373	LOSS: 62.72	MAE: 125.25	RMSE: 173.45
Epoch 374	LOSS: 62.88	MAE: 125.04	RMSE: 173.08
Epoch 375	LOSS: 63.16	MAE: 125.03	RMSE: 173.09
Epoch 376	LOSS: 62.16	MAE: 125.25	RMSE: 173.46
Epoch 377	LOSS: 62.64	MAE: 125.06	RMSE: 173.13
Epoch 378	LOSS: 63.60	MAE: 124.99	RMSE: 173.07
Epoch 379	LOSS: 61.83	MAE: 125.12	RMSE: 173.35
Epoch 380	LOSS: 62.63	MAE: 124.91	RMSE: 172.98
Epoch 381	LOSS: 61.85	MAE: 124.91	RMSE: 173.01
Epoch 382	LOSS: 62.42	MAE: 125.03	RMSE: 173.27
Epoch 383	LOSS: 62.53	MAE: 124.76	RMSE: 172.80
Epoch 384	LOSS: 61.73	MAE: 124.68	RMSE: 172.72
Epoch 385	LOSS: 61.45	MAE: 124.83	RMSE: 173.01
Epoch 386	LOSS: 61.72	MAE: 124.78	RMSE: 172.83
Epoch 387	LOSS: 61.76	MAE: 124.94	RMSE: 173.07
Epoch 388	LOSS: 61.93	MAE: 125.25	RMSE: 173.57
Epoch 389	LOSS: 61.99	MAE: 125.14	RMSE: 173.35
Epoch 390	LOSS: 63.08	MAE: 125.28	RMSE: 173.57
Epoch 391	LOSS: 61.80	MAE: 125.58	RMSE: 174.00
Epoch 392	LOSS: 61.57	MAE: 125.51	RMSE: 173.85
Epoch 393	LOSS: 61.84	MAE: 125.89	RMSE: 174.43
Epoch 394	LOSS: 60.73	MAE: 126.55	RMSE: 175.28
Epoch 395	LOSS: 61.61	MAE: 126.36	RMSE: 175.00
Epoch 396	LOSS: 60.89	MAE: 126.38	RMSE: 175.03
Epoch 397	LOSS: 61.01	MAE: 126.76	RMSE: 175.52
Epoch 398	LOSS: 61.21	MAE: 126.37	RMSE: 175.03
Epoch 399	LOSS: 61.24	MAE: 126.35	RMSE: 175.02
Epoch 400	LOSS: 60.49	MAE: 126.67	RMSE: 175.40
Epoch 401	LOSS: 60.72	MAE: 126.22	RMSE: 174.83
Epoch 402	LOSS: 61.23	MAE: 126.16	RMSE: 174.79
Epoch 403	LOSS: 60.92	MAE: 126.51	RMSE: 175.20
Epoch 404	LOSS: 60.40	MAE: 126.10	RMSE: 174.64
Epoch 405	LOSS: 61.79	MAE: 126.16	RMSE: 174.74
Epoch 406	LOSS: 61.39	MAE: 126.51	RMSE: 175.21
Epoch 407	LOSS: 60.25	MAE: 126.30	RMSE: 174.96
Epoch 408	LOSS: 61.77	MAE: 126.62	RMSE: 175.37
Epoch 409	LOSS: 60.67	MAE: 127.31	RMSE: 176.19
Epoch 410	LOSS: 61.40	MAE: 127.03	RMSE: 175.84
Epoch 411	LOSS: 61.27	MAE: 127.04	RMSE: 175.89
Epoch 412	LOSS: 61.60	MAE: 127.46	RMSE: 176.38
Epoch 413	LOSS: 61.26	MAE: 127.11	RMSE: 175.97
Epoch 414	LOSS: 59.12	MAE: 127.34	RMSE: 176.28
Epoch 415	LOSS: 60.56	MAE: 127.87	RMSE: 176.89
Epoch 416	LOSS: 61.04	MAE: 127.48	RMSE: 176.43
Epoch 417	LOSS: 59.53	MAE: 127.51	RMSE: 176.49
Epoch 418	LOSS: 59.69	MAE: 127.92	RMSE: 176.95
Epoch 419	LOSS: 58.60	MAE: 127.42	RMSE: 176.34
Epoch 420	LOSS: 60.04	MAE: 127.35	RMSE: 176.29
Epoch 421	LOSS: 59.67	MAE: 127.76	RMSE: 176.79
Epoch 422	LOSS: 60.32	MAE: 127.33	RMSE: 176.27
Epoch 423	LOSS: 59.69	MAE: 127.33	RMSE: 176.27
Epoch 424	LOSS: 59.69	MAE: 127.66	RMSE: 176.67
Epoch 425	LOSS: 60.03	MAE: 126.92	RMSE: 175.76
Epoch 426	LOSS: 59.96	MAE: 126.46	RMSE: 175.22
Epoch 427	LOSS: 60.60	MAE: 126.36	RMSE: 175.11
Epoch 428	LOSS: 59.71	MAE: 125.61	RMSE: 174.11
Epoch 429	LOSS: 60.00	MAE: 125.15	RMSE: 173.55
Epoch 430	LOSS: 59.36	MAE: 125.08	RMSE: 173.52
Epoch 431	LOSS: 58.52	MAE: 124.58	RMSE: 172.83
Epoch 432	LOSS: 59.07	MAE: 124.49	RMSE: 172.76
Epoch 433	LOSS: 58.78	MAE: 124.55	RMSE: 172.88
Epoch 434	LOSS: 58.73	MAE: 124.14	RMSE: 172.20
Epoch 435	LOSS: 59.40	MAE: 124.01	RMSE: 172.08
Epoch 436	LOSS: 58.63	MAE: 124.07	RMSE: 172.21
Epoch 437	LOSS: 59.41	MAE: 123.66	RMSE: 171.56
Epoch 438	LOSS: 59.27	MAE: 123.46	RMSE: 171.34
Epoch 439	LOSS: 59.21	MAE: 123.52	RMSE: 171.55
Epoch 440	LOSS: 59.60	MAE: 123.09	RMSE: 170.97
Epoch 441	LOSS: 59.34	MAE: 123.00	RMSE: 170.89
Epoch 442	LOSS: 58.55	MAE: 123.13	RMSE: 171.11
Epoch 443	LOSS: 59.24	MAE: 122.76	RMSE: 170.59
Epoch 444	LOSS: 58.11	MAE: 122.71	RMSE: 170.56
Epoch 445	LOSS: 57.63	MAE: 122.99	RMSE: 170.92
Epoch 446	LOSS: 58.31	MAE: 122.75	RMSE: 170.58
Epoch 447	LOSS: 58.15	MAE: 122.84	RMSE: 170.71
Epoch 448	LOSS: 56.60	MAE: 123.15	RMSE: 171.10
Epoch 449	LOSS: 59.72	MAE: 122.94	RMSE: 170.79
Epoch 450	LOSS: 57.91	MAE: 123.07	RMSE: 171.02
Epoch 451	LOSS: 60.02	MAE: 123.54	RMSE: 171.61
Epoch 452	LOSS: 58.43	MAE: 123.27	RMSE: 171.29
Epoch 453	LOSS: 57.16	MAE: 123.35	RMSE: 171.42
Epoch 454	LOSS: 57.73	MAE: 123.76	RMSE: 171.92
Epoch 455	LOSS: 58.22	MAE: 123.44	RMSE: 171.53
Epoch 456	LOSS: 58.06	MAE: 123.47	RMSE: 171.63
Epoch 457	LOSS: 58.73	MAE: 123.89	RMSE: 172.15
Epoch 458	LOSS: 57.57	MAE: 123.38	RMSE: 171.65
Epoch 459	LOSS: 58.13	MAE: 123.17	RMSE: 171.60
Epoch 460	LOSS: 58.91	MAE: 123.55	RMSE: 172.09
Epoch 461	LOSS: 57.18	MAE: 123.20	RMSE: 171.64
Epoch 462	LOSS: 57.78	MAE: 123.25	RMSE: 171.76
Epoch 463	LOSS: 58.47	MAE: 123.71	RMSE: 172.30
Epoch 464	LOSS: 57.50	MAE: 123.34	RMSE: 171.88
Epoch 465	LOSS: 57.49	MAE: 123.46	RMSE: 172.07
Epoch 466	LOSS: 58.60	MAE: 124.00	RMSE: 172.63
Epoch 467	LOSS: 56.59	MAE: 123.62	RMSE: 172.20
Epoch 468	LOSS: 57.73	MAE: 123.71	RMSE: 172.35
Epoch 469	LOSS: 57.61	MAE: 124.18	RMSE: 172.90
Epoch 470	LOSS: 57.44	MAE: 123.80	RMSE: 172.51
Epoch 471	LOSS: 56.54	MAE: 123.91	RMSE: 172.69
Epoch 472	LOSS: 56.87	MAE: 124.37	RMSE: 173.20
Epoch 473	LOSS: 57.11	MAE: 123.86	RMSE: 172.61
Epoch 474	LOSS: 56.90	MAE: 123.89	RMSE: 172.68
Epoch 475	LOSS: 57.74	MAE: 124.33	RMSE: 173.16
Epoch 476	LOSS: 55.93	MAE: 123.78	RMSE: 172.54
Epoch 477	LOSS: 56.77	MAE: 123.71	RMSE: 172.49
Epoch 478	LOSS: 57.04	MAE: 124.08	RMSE: 172.91
Epoch 479	LOSS: 56.70	MAE: 123.52	RMSE: 172.25
Epoch 480	LOSS: 55.90	MAE: 123.43	RMSE: 172.15
Epoch 481	LOSS: 57.27	MAE: 123.74	RMSE: 172.50
Epoch 482	LOSS: 57.01	MAE: 123.24	RMSE: 171.92
Epoch 483	LOSS: 56.07	MAE: 123.19	RMSE: 171.89
Epoch 484	LOSS: 56.74	MAE: 123.55	RMSE: 172.33
Epoch 485	LOSS: 56.54	MAE: 123.07	RMSE: 171.74
Epoch 486	LOSS: 56.75	MAE: 122.94	RMSE: 171.60
Epoch 487	LOSS: 56.43	MAE: 123.24	RMSE: 171.99
Epoch 488	LOSS: 55.66	MAE: 122.83	RMSE: 171.47
Epoch 489	LOSS: 55.47	MAE: 122.93	RMSE: 171.63
Epoch 490	LOSS: 55.83	MAE: 123.41	RMSE: 172.21
Epoch 491	LOSS: 56.14	MAE: 122.90	RMSE: 171.60
Epoch 492	LOSS: 56.66	MAE: 122.76	RMSE: 171.45
Epoch 493	LOSS: 56.56	MAE: 123.01	RMSE: 171.74
Epoch 494	LOSS: 56.41	MAE: 122.49	RMSE: 171.12
Epoch 495	LOSS: 56.42	MAE: 122.45	RMSE: 171.13
Epoch 496	LOSS: 55.80	MAE: 122.84	RMSE: 171.60
Epoch 497	LOSS: 55.82	MAE: 122.69	RMSE: 171.27
Epoch 498	LOSS: 55.34	MAE: 123.16	RMSE: 171.79
Epoch 499	LOSS: 56.75	MAE: 123.74	RMSE: 172.51
