Epoch 000	LOSS: 1155.26	MAE: 232.29	RMSE: 278.93
Epoch 001	LOSS: 1043.64	MAE: 223.72	RMSE: 271.78
Epoch 002	LOSS: 1014.48	MAE: 219.55	RMSE: 267.52
Epoch 003	LOSS: 971.47	MAE: 218.73	RMSE: 264.09
Epoch 004	LOSS: 942.18	MAE: 214.65	RMSE: 261.21
Epoch 005	LOSS: 890.48	MAE: 210.90	RMSE: 259.36
Epoch 006	LOSS: 874.62	MAE: 209.52	RMSE: 259.53
Epoch 007	LOSS: 847.44	MAE: 209.94	RMSE: 260.21
Epoch 008	LOSS: 838.68	MAE: 209.84	RMSE: 259.78
Epoch 009	LOSS: 842.28	MAE: 208.38	RMSE: 257.71
Epoch 010	LOSS: 824.70	MAE: 205.32	RMSE: 255.35
Epoch 011	LOSS: 817.21	MAE: 203.32	RMSE: 254.36
Epoch 012	LOSS: 790.32	MAE: 202.05	RMSE: 253.77
Epoch 013	LOSS: 798.87	MAE: 200.21	RMSE: 252.69
Epoch 014	LOSS: 793.39	MAE: 201.03	RMSE: 252.84
Epoch 015	LOSS: 777.79	MAE: 199.83	RMSE: 251.92
Epoch 016	LOSS: 772.16	MAE: 197.91	RMSE: 251.17
Epoch 017	LOSS: 785.98	MAE: 197.71	RMSE: 251.14
Epoch 018	LOSS: 768.69	MAE: 198.02	RMSE: 250.98
Epoch 019	LOSS: 769.77	MAE: 198.10	RMSE: 250.68
Epoch 020	LOSS: 760.05	MAE: 196.72	RMSE: 250.04
Epoch 021	LOSS: 755.39	MAE: 195.52	RMSE: 249.49
Epoch 022	LOSS: 763.32	MAE: 196.05	RMSE: 249.43
Epoch 023	LOSS: 739.00	MAE: 195.75	RMSE: 249.06
Epoch 024	LOSS: 742.75	MAE: 194.16	RMSE: 248.33
Epoch 025	LOSS: 744.98	MAE: 194.19	RMSE: 248.14
Epoch 026	LOSS: 733.19	MAE: 193.60	RMSE: 247.67
Epoch 027	LOSS: 732.70	MAE: 193.16	RMSE: 247.26
Epoch 028	LOSS: 731.33	MAE: 192.56	RMSE: 246.87
Epoch 029	LOSS: 728.15	MAE: 192.04	RMSE: 246.46
Epoch 030	LOSS: 729.19	MAE: 191.83	RMSE: 246.12
Epoch 031	LOSS: 730.99	MAE: 191.41	RMSE: 245.72
Epoch 032	LOSS: 721.71	MAE: 190.32	RMSE: 245.23
Epoch 033	LOSS: 723.82	MAE: 190.19	RMSE: 244.88
Epoch 034	LOSS: 704.90	MAE: 189.64	RMSE: 244.47
Epoch 035	LOSS: 711.54	MAE: 189.83	RMSE: 244.20
Epoch 036	LOSS: 712.16	MAE: 188.69	RMSE: 243.69
Epoch 037	LOSS: 699.46	MAE: 188.98	RMSE: 243.41
Epoch 038	LOSS: 699.72	MAE: 187.75	RMSE: 242.91
Epoch 039	LOSS: 707.63	MAE: 187.99	RMSE: 242.61
Epoch 040	LOSS: 692.36	MAE: 187.29	RMSE: 242.23
Epoch 041	LOSS: 697.57	MAE: 186.79	RMSE: 241.76
Epoch 042	LOSS: 691.96	MAE: 186.77	RMSE: 241.48
Epoch 043	LOSS: 683.50	MAE: 185.93	RMSE: 241.02
Epoch 044	LOSS: 686.91	MAE: 185.41	RMSE: 240.58
Epoch 045	LOSS: 693.14	MAE: 185.73	RMSE: 240.42
Epoch 046	LOSS: 691.69	MAE: 184.74	RMSE: 239.87
Epoch 047	LOSS: 684.45	MAE: 184.52	RMSE: 239.57
Epoch 048	LOSS: 682.50	MAE: 184.27	RMSE: 239.23
Epoch 049	LOSS: 675.13	MAE: 183.68	RMSE: 238.88
Epoch 050	LOSS: 680.51	MAE: 183.57	RMSE: 238.58
Epoch 051	LOSS: 686.35	MAE: 183.16	RMSE: 238.18
Epoch 052	LOSS: 680.38	MAE: 183.02	RMSE: 237.91
Epoch 053	LOSS: 686.00	MAE: 182.38	RMSE: 237.49
Epoch 054	LOSS: 675.83	MAE: 182.20	RMSE: 237.19
Epoch 055	LOSS: 679.10	MAE: 181.72	RMSE: 236.82
Epoch 056	LOSS: 682.70	MAE: 181.42	RMSE: 236.52
Epoch 057	LOSS: 683.86	MAE: 181.06	RMSE: 236.18
Epoch 058	LOSS: 676.45	MAE: 180.71	RMSE: 235.84
Epoch 059	LOSS: 685.99	MAE: 180.82	RMSE: 235.62
Epoch 060	LOSS: 680.74	MAE: 179.71	RMSE: 235.11
Epoch 061	LOSS: 658.75	MAE: 179.97	RMSE: 234.94
Epoch 062	LOSS: 674.59	MAE: 179.40	RMSE: 234.51
Epoch 063	LOSS: 668.07	MAE: 179.13	RMSE: 234.22
Epoch 064	LOSS: 676.80	MAE: 178.82	RMSE: 233.89
Epoch 065	LOSS: 661.82	MAE: 178.24	RMSE: 233.51
Epoch 066	LOSS: 670.48	MAE: 178.40	RMSE: 233.26
Epoch 067	LOSS: 666.76	MAE: 177.70	RMSE: 232.90
Epoch 068	LOSS: 670.18	MAE: 177.70	RMSE: 232.58
Epoch 069	LOSS: 661.52	MAE: 177.15	RMSE: 232.31
Epoch 070	LOSS: 659.63	MAE: 176.94	RMSE: 231.92
Epoch 071	LOSS: 665.69	MAE: 176.44	RMSE: 231.63
Epoch 072	LOSS: 661.30	MAE: 176.69	RMSE: 231.39
Epoch 073	LOSS: 669.54	MAE: 175.98	RMSE: 231.01
Epoch 074	LOSS: 660.51	MAE: 175.72	RMSE: 230.73
Epoch 075	LOSS: 656.59	MAE: 175.54	RMSE: 230.43
Epoch 076	LOSS: 664.08	MAE: 175.30	RMSE: 230.19
Epoch 077	LOSS: 660.33	MAE: 175.13	RMSE: 229.88
Epoch 078	LOSS: 661.22	MAE: 174.48	RMSE: 229.58
Epoch 079	LOSS: 656.47	MAE: 174.57	RMSE: 229.33
Epoch 080	LOSS: 665.18	MAE: 173.97	RMSE: 228.96
Epoch 081	LOSS: 653.39	MAE: 174.02	RMSE: 228.81
Epoch 082	LOSS: 650.77	MAE: 173.59	RMSE: 228.44
Epoch 083	LOSS: 647.34	MAE: 173.41	RMSE: 228.24
Epoch 084	LOSS: 650.74	MAE: 173.14	RMSE: 227.90
Epoch 085	LOSS: 656.24	MAE: 172.72	RMSE: 227.68
Epoch 086	LOSS: 659.41	MAE: 172.62	RMSE: 227.33
Epoch 087	LOSS: 649.89	MAE: 172.49	RMSE: 227.22
Epoch 088	LOSS: 651.35	MAE: 172.09	RMSE: 226.84
Epoch 089	LOSS: 653.38	MAE: 171.87	RMSE: 226.55
Epoch 090	LOSS: 647.56	MAE: 171.54	RMSE: 226.33
Epoch 091	LOSS: 647.03	MAE: 171.37	RMSE: 226.05
Epoch 092	LOSS: 647.89	MAE: 171.20	RMSE: 225.77
Epoch 093	LOSS: 650.02	MAE: 170.80	RMSE: 225.50
Epoch 094	LOSS: 653.38	MAE: 170.73	RMSE: 225.20
Epoch 095	LOSS: 641.59	MAE: 170.65	RMSE: 225.09
Epoch 096	LOSS: 632.49	MAE: 169.98	RMSE: 224.62
Epoch 097	LOSS: 645.39	MAE: 169.99	RMSE: 224.47
Epoch 098	LOSS: 646.02	MAE: 169.48	RMSE: 224.12
Epoch 099	LOSS: 645.87	MAE: 169.66	RMSE: 223.99
Epoch 100	LOSS: 642.75	MAE: 168.88	RMSE: 223.54
Epoch 101	LOSS: 635.42	MAE: 169.03	RMSE: 223.41
Epoch 102	LOSS: 644.91	MAE: 168.48	RMSE: 223.04
Epoch 103	LOSS: 644.76	MAE: 168.55	RMSE: 222.83
Epoch 104	LOSS: 629.89	MAE: 168.21	RMSE: 222.57
Epoch 105	LOSS: 643.47	MAE: 167.98	RMSE: 222.30
Epoch 106	LOSS: 645.09	MAE: 167.38	RMSE: 221.95
Epoch 107	LOSS: 639.15	MAE: 167.59	RMSE: 221.82
Epoch 108	LOSS: 637.74	MAE: 167.13	RMSE: 221.48
Epoch 109	LOSS: 628.64	MAE: 166.89	RMSE: 221.23
Epoch 110	LOSS: 636.57	MAE: 167.18	RMSE: 221.08
Epoch 111	LOSS: 640.34	MAE: 166.29	RMSE: 220.62
Epoch 112	LOSS: 634.22	MAE: 166.60	RMSE: 220.58
Epoch 113	LOSS: 632.39	MAE: 166.06	RMSE: 220.18
Epoch 114	LOSS: 630.90	MAE: 166.04	RMSE: 220.09
Epoch 115	LOSS: 618.50	MAE: 165.49	RMSE: 219.69
Epoch 116	LOSS: 634.06	MAE: 165.59	RMSE: 219.54
Epoch 117	LOSS: 629.92	MAE: 165.16	RMSE: 219.27
Epoch 118	LOSS: 634.20	MAE: 165.19	RMSE: 219.13
Epoch 119	LOSS: 635.58	MAE: 165.09	RMSE: 218.85
Epoch 120	LOSS: 626.71	MAE: 164.55	RMSE: 218.62
Epoch 121	LOSS: 621.24	MAE: 164.46	RMSE: 218.35
Epoch 122	LOSS: 626.39	MAE: 164.49	RMSE: 218.20
Epoch 123	LOSS: 630.49	MAE: 163.89	RMSE: 217.87
Epoch 124	LOSS: 619.62	MAE: 163.61	RMSE: 217.60
Epoch 125	LOSS: 627.11	MAE: 164.30	RMSE: 217.74
Epoch 126	LOSS: 635.54	MAE: 163.21	RMSE: 217.14
Epoch 127	LOSS: 630.78	MAE: 163.09	RMSE: 216.94
Epoch 128	LOSS: 628.18	MAE: 164.19	RMSE: 217.27
Epoch 129	LOSS: 632.78	MAE: 162.83	RMSE: 216.44
Epoch 130	LOSS: 633.53	MAE: 163.73	RMSE: 216.79
Epoch 131	LOSS: 626.23	MAE: 162.35	RMSE: 216.02
Epoch 132	LOSS: 630.91	MAE: 161.94	RMSE: 215.71
Epoch 133	LOSS: 634.01	MAE: 162.61	RMSE: 215.84
Epoch 134	LOSS: 614.47	MAE: 161.55	RMSE: 215.30
Epoch 135	LOSS: 636.54	MAE: 162.02	RMSE: 215.29
Epoch 136	LOSS: 623.87	MAE: 161.31	RMSE: 214.89
Epoch 137	LOSS: 621.15	MAE: 161.52	RMSE: 214.81
Epoch 138	LOSS: 623.10	MAE: 160.85	RMSE: 214.43
Epoch 139	LOSS: 627.38	MAE: 160.92	RMSE: 214.26
Epoch 140	LOSS: 627.99	MAE: 160.60	RMSE: 214.03
Epoch 141	LOSS: 618.80	MAE: 160.48	RMSE: 213.87
Epoch 142	LOSS: 619.51	MAE: 160.38	RMSE: 213.67
Epoch 143	LOSS: 622.51	MAE: 160.08	RMSE: 213.39
Epoch 144	LOSS: 614.64	MAE: 160.05	RMSE: 213.28
Epoch 145	LOSS: 630.72	MAE: 159.51	RMSE: 212.90
Epoch 146	LOSS: 623.35	MAE: 159.85	RMSE: 212.89
Epoch 147	LOSS: 629.28	MAE: 159.17	RMSE: 212.44
Epoch 148	LOSS: 622.38	MAE: 159.35	RMSE: 212.41
Epoch 149	LOSS: 629.73	MAE: 158.91	RMSE: 212.11
Epoch 150	LOSS: 615.58	MAE: 158.96	RMSE: 211.98
Epoch 151	LOSS: 608.25	MAE: 158.64	RMSE: 211.74
Epoch 152	LOSS: 614.28	MAE: 158.52	RMSE: 211.57
Epoch 153	LOSS: 623.60	MAE: 158.49	RMSE: 211.29
Epoch 154	LOSS: 615.77	MAE: 158.18	RMSE: 211.15
Epoch 155	LOSS: 614.88	MAE: 158.34	RMSE: 210.99
Epoch 156	LOSS: 615.23	MAE: 157.69	RMSE: 210.74
Epoch 157	LOSS: 609.66	MAE: 157.55	RMSE: 210.54
Epoch 158	LOSS: 618.19	MAE: 157.72	RMSE: 210.38
Epoch 159	LOSS: 616.54	MAE: 157.44	RMSE: 210.23
Epoch 160	LOSS: 601.46	MAE: 156.95	RMSE: 209.86
Epoch 161	LOSS: 608.64	MAE: 157.34	RMSE: 209.98
Epoch 162	LOSS: 615.05	MAE: 156.77	RMSE: 209.49
Epoch 163	LOSS: 622.51	MAE: 157.10	RMSE: 209.58
Epoch 164	LOSS: 615.08	MAE: 156.54	RMSE: 209.20
Epoch 165	LOSS: 616.00	MAE: 156.19	RMSE: 208.98
Epoch 166	LOSS: 617.07	MAE: 156.82	RMSE: 209.10
Epoch 167	LOSS: 606.50	MAE: 155.62	RMSE: 208.48
Epoch 168	LOSS: 623.75	MAE: 156.57	RMSE: 208.79
Epoch 169	LOSS: 621.56	MAE: 155.44	RMSE: 208.19
Epoch 170	LOSS: 613.56	MAE: 156.11	RMSE: 208.36
Epoch 171	LOSS: 611.38	MAE: 155.37	RMSE: 207.98
Epoch 172	LOSS: 608.69	MAE: 155.37	RMSE: 207.87
Epoch 173	LOSS: 612.21	MAE: 155.17	RMSE: 207.64
Epoch 174	LOSS: 609.66	MAE: 155.53	RMSE: 207.71
Epoch 175	LOSS: 610.63	MAE: 154.70	RMSE: 207.24
Epoch 176	LOSS: 608.56	MAE: 155.04	RMSE: 207.32
Epoch 177	LOSS: 606.51	MAE: 154.58	RMSE: 206.98
Epoch 178	LOSS: 601.99	MAE: 154.64	RMSE: 206.92
Epoch 179	LOSS: 617.79	MAE: 154.52	RMSE: 206.73
Epoch 180	LOSS: 611.96	MAE: 154.17	RMSE: 206.51
Epoch 181	LOSS: 603.47	MAE: 154.24	RMSE: 206.46
Epoch 182	LOSS: 614.13	MAE: 154.39	RMSE: 206.39
Epoch 183	LOSS: 612.70	MAE: 153.70	RMSE: 206.02
Epoch 184	LOSS: 612.54	MAE: 154.18	RMSE: 206.08
Epoch 185	LOSS: 613.18	MAE: 153.47	RMSE: 205.71
Epoch 186	LOSS: 606.67	MAE: 153.48	RMSE: 205.62
Epoch 187	LOSS: 602.28	MAE: 153.63	RMSE: 205.61
Epoch 188	LOSS: 618.91	MAE: 153.08	RMSE: 205.14
Epoch 189	LOSS: 615.53	MAE: 153.25	RMSE: 205.25
Epoch 190	LOSS: 603.94	MAE: 153.08	RMSE: 205.00
Epoch 191	LOSS: 609.15	MAE: 152.41	RMSE: 204.66
Epoch 192	LOSS: 615.91	MAE: 153.87	RMSE: 205.16
Epoch 193	LOSS: 604.74	MAE: 152.27	RMSE: 204.38
Epoch 194	LOSS: 610.86	MAE: 152.84	RMSE: 204.49
Epoch 195	LOSS: 610.61	MAE: 152.14	RMSE: 204.05
Epoch 196	LOSS: 604.89	MAE: 152.17	RMSE: 204.03
Epoch 197	LOSS: 607.62	MAE: 151.99	RMSE: 203.74
Epoch 198	LOSS: 607.40	MAE: 151.82	RMSE: 203.64
Epoch 199	LOSS: 605.55	MAE: 151.67	RMSE: 203.46
Epoch 200	LOSS: 607.77	MAE: 151.76	RMSE: 203.37
Epoch 201	LOSS: 595.41	MAE: 151.10	RMSE: 203.04
Epoch 202	LOSS: 607.82	MAE: 151.60	RMSE: 203.03
Epoch 203	LOSS: 598.86	MAE: 150.93	RMSE: 202.63
Epoch 204	LOSS: 598.97	MAE: 150.90	RMSE: 202.57
Epoch 205	LOSS: 599.03	MAE: 150.62	RMSE: 202.35
Epoch 206	LOSS: 609.78	MAE: 150.80	RMSE: 202.30
Epoch 207	LOSS: 591.91	MAE: 150.54	RMSE: 201.98
Epoch 208	LOSS: 607.68	MAE: 150.19	RMSE: 201.90
Epoch 209	LOSS: 598.47	MAE: 150.88	RMSE: 201.89
Epoch 210	LOSS: 591.91	MAE: 149.78	RMSE: 201.44
Epoch 211	LOSS: 604.10	MAE: 150.46	RMSE: 201.55
Epoch 212	LOSS: 595.67	MAE: 149.52	RMSE: 201.04
Epoch 213	LOSS: 594.16	MAE: 149.58	RMSE: 201.00
Epoch 214	LOSS: 600.09	MAE: 149.70	RMSE: 200.87
Epoch 215	LOSS: 603.04	MAE: 149.17	RMSE: 200.57
Epoch 216	LOSS: 594.57	MAE: 149.65	RMSE: 200.72
Epoch 217	LOSS: 596.03	MAE: 148.98	RMSE: 200.23
Epoch 218	LOSS: 601.38	MAE: 149.74	RMSE: 200.64
Epoch 219	LOSS: 594.89	MAE: 148.45	RMSE: 199.92
Epoch 220	LOSS: 594.14	MAE: 149.61	RMSE: 200.30
Epoch 221	LOSS: 591.50	MAE: 148.21	RMSE: 199.61
Epoch 222	LOSS: 605.87	MAE: 149.57	RMSE: 200.09
Epoch 223	LOSS: 593.57	MAE: 148.08	RMSE: 199.37
Epoch 224	LOSS: 595.71	MAE: 148.70	RMSE: 199.55
Epoch 225	LOSS: 593.42	MAE: 148.15	RMSE: 199.25
Epoch 226	LOSS: 591.98	MAE: 148.13	RMSE: 199.19
Epoch 227	LOSS: 596.13	MAE: 148.19	RMSE: 198.98
Epoch 228	LOSS: 597.48	MAE: 147.73	RMSE: 198.78
Epoch 229	LOSS: 596.85	MAE: 147.75	RMSE: 198.63
Epoch 230	LOSS: 580.29	MAE: 147.47	RMSE: 198.44
Epoch 231	LOSS: 599.68	MAE: 147.39	RMSE: 198.27
Epoch 232	LOSS: 585.81	MAE: 147.48	RMSE: 198.36
Epoch 233	LOSS: 587.16	MAE: 147.08	RMSE: 198.00
Epoch 234	LOSS: 580.71	MAE: 147.24	RMSE: 198.00
Epoch 235	LOSS: 585.94	MAE: 146.62	RMSE: 197.65
Epoch 236	LOSS: 592.24	MAE: 148.00	RMSE: 198.13
Epoch 237	LOSS: 591.23	MAE: 146.31	RMSE: 197.27
Epoch 238	LOSS: 590.94	MAE: 147.28	RMSE: 197.57
Epoch 239	LOSS: 584.80	MAE: 146.50	RMSE: 197.18
Epoch 240	LOSS: 583.18	MAE: 146.13	RMSE: 196.90
Epoch 241	LOSS: 598.32	MAE: 146.87	RMSE: 197.09
Epoch 242	LOSS: 593.26	MAE: 146.05	RMSE: 196.68
Epoch 243	LOSS: 599.65	MAE: 145.86	RMSE: 196.53
Epoch 244	LOSS: 586.48	MAE: 146.42	RMSE: 196.68
Epoch 245	LOSS: 591.27	MAE: 145.63	RMSE: 196.21
Epoch 246	LOSS: 595.95	MAE: 145.47	RMSE: 196.00
Epoch 247	LOSS: 584.82	MAE: 145.30	RMSE: 195.85
Epoch 248	LOSS: 590.97	MAE: 145.53	RMSE: 195.86
Epoch 249	LOSS: 593.44	MAE: 145.01	RMSE: 195.48
Epoch 250	LOSS: 583.98	MAE: 145.71	RMSE: 195.82
Epoch 251	LOSS: 584.66	MAE: 144.75	RMSE: 195.26
Epoch 252	LOSS: 588.85	MAE: 145.31	RMSE: 195.39
Epoch 253	LOSS: 588.94	MAE: 144.63	RMSE: 195.00
Epoch 254	LOSS: 595.33	MAE: 144.95	RMSE: 195.04
Epoch 255	LOSS: 588.90	MAE: 144.31	RMSE: 194.75
Epoch 256	LOSS: 588.26	MAE: 144.86	RMSE: 194.84
Epoch 257	LOSS: 586.87	MAE: 144.01	RMSE: 194.44
Epoch 258	LOSS: 584.20	MAE: 144.60	RMSE: 194.47
Epoch 259	LOSS: 584.18	MAE: 143.83	RMSE: 194.09
Epoch 260	LOSS: 577.46	MAE: 144.47	RMSE: 194.33
Epoch 261	LOSS: 585.25	MAE: 143.66	RMSE: 193.90
Epoch 262	LOSS: 586.69	MAE: 144.11	RMSE: 193.91
Epoch 263	LOSS: 582.09	MAE: 143.48	RMSE: 193.62
Epoch 264	LOSS: 584.37	MAE: 143.66	RMSE: 193.53
Epoch 265	LOSS: 584.51	MAE: 143.32	RMSE: 193.34
Epoch 266	LOSS: 581.69	MAE: 143.27	RMSE: 193.22
Epoch 267	LOSS: 579.09	MAE: 143.40	RMSE: 193.26
Epoch 268	LOSS: 593.42	MAE: 143.09	RMSE: 192.89
Epoch 269	LOSS: 585.77	MAE: 143.05	RMSE: 192.97
Epoch 270	LOSS: 581.19	MAE: 143.13	RMSE: 192.75
Epoch 271	LOSS: 582.56	MAE: 142.60	RMSE: 192.45
Epoch 272	LOSS: 581.64	MAE: 143.17	RMSE: 192.70
Epoch 273	LOSS: 581.12	MAE: 142.60	RMSE: 192.25
Epoch 274	LOSS: 594.65	MAE: 142.37	RMSE: 192.17
Epoch 275	LOSS: 585.09	MAE: 142.95	RMSE: 192.27
Epoch 276	LOSS: 591.74	MAE: 142.23	RMSE: 191.91
Epoch 277	LOSS: 586.85	MAE: 142.37	RMSE: 191.84
Epoch 278	LOSS: 577.81	MAE: 142.09	RMSE: 191.71
Epoch 279	LOSS: 591.18	MAE: 142.50	RMSE: 191.79
Epoch 280	LOSS: 589.78	MAE: 141.48	RMSE: 191.31
Epoch 281	LOSS: 569.15	MAE: 142.23	RMSE: 191.53
Epoch 282	LOSS: 591.18	MAE: 141.61	RMSE: 191.19
Epoch 283	LOSS: 578.35	MAE: 141.79	RMSE: 191.20
Epoch 284	LOSS: 588.15	MAE: 141.67	RMSE: 191.04
Epoch 285	LOSS: 571.49	MAE: 141.67	RMSE: 191.00
Epoch 286	LOSS: 569.82	MAE: 141.45	RMSE: 190.84
Epoch 287	LOSS: 585.49	MAE: 141.25	RMSE: 190.71
Epoch 288	LOSS: 581.91	MAE: 141.13	RMSE: 190.49
Epoch 289	LOSS: 582.02	MAE: 141.19	RMSE: 190.55
Epoch 290	LOSS: 578.23	MAE: 140.83	RMSE: 190.33
Epoch 291	LOSS: 581.31	MAE: 140.98	RMSE: 190.29
Epoch 292	LOSS: 584.91	MAE: 140.71	RMSE: 190.13
Epoch 293	LOSS: 580.34	MAE: 140.82	RMSE: 190.12
Epoch 294	LOSS: 573.54	MAE: 140.76	RMSE: 189.98
Epoch 295	LOSS: 577.47	MAE: 140.57	RMSE: 189.82
Epoch 296	LOSS: 580.51	MAE: 140.25	RMSE: 189.51
Epoch 297	LOSS: 572.88	MAE: 140.34	RMSE: 189.58
Epoch 298	LOSS: 574.46	MAE: 140.57	RMSE: 189.58
Epoch 299	LOSS: 577.91	MAE: 139.91	RMSE: 189.20
Epoch 300	LOSS: 579.92	MAE: 140.44	RMSE: 189.42
Epoch 301	LOSS: 578.57	MAE: 139.68	RMSE: 188.95
Epoch 302	LOSS: 580.51	MAE: 140.29	RMSE: 189.21
Epoch 303	LOSS: 585.23	MAE: 139.48	RMSE: 188.63
Epoch 304	LOSS: 568.92	MAE: 139.74	RMSE: 188.77
Epoch 305	LOSS: 577.20	MAE: 139.87	RMSE: 188.79
Epoch 306	LOSS: 580.14	MAE: 139.47	RMSE: 188.50
Epoch 307	LOSS: 567.77	MAE: 139.89	RMSE: 188.71
Epoch 308	LOSS: 572.36	MAE: 138.94	RMSE: 188.12
Epoch 309	LOSS: 575.39	MAE: 139.53	RMSE: 188.37
Epoch 310	LOSS: 583.11	MAE: 139.65	RMSE: 188.34
Epoch 311	LOSS: 581.63	MAE: 138.79	RMSE: 187.78
Epoch 312	LOSS: 569.22	MAE: 139.62	RMSE: 188.16
Epoch 313	LOSS: 582.24	MAE: 138.89	RMSE: 187.78
Epoch 314	LOSS: 578.07	MAE: 139.27	RMSE: 187.87
Epoch 315	LOSS: 585.40	MAE: 138.67	RMSE: 187.57
Epoch 316	LOSS: 566.84	MAE: 139.12	RMSE: 187.68
Epoch 317	LOSS: 573.56	MAE: 138.47	RMSE: 187.34
Epoch 318	LOSS: 569.82	MAE: 138.18	RMSE: 187.01
Epoch 319	LOSS: 568.32	MAE: 139.23	RMSE: 187.61
Epoch 320	LOSS: 575.74	MAE: 137.94	RMSE: 186.90
Epoch 321	LOSS: 576.14	MAE: 138.60	RMSE: 187.07
Epoch 322	LOSS: 569.43	MAE: 138.01	RMSE: 186.84
Epoch 323	LOSS: 580.11	MAE: 138.67	RMSE: 187.01
Epoch 324	LOSS: 577.47	MAE: 137.68	RMSE: 186.43
Epoch 325	LOSS: 575.84	MAE: 138.29	RMSE: 186.71
Epoch 326	LOSS: 581.03	MAE: 137.69	RMSE: 186.33
Epoch 327	LOSS: 564.03	MAE: 137.86	RMSE: 186.38
Epoch 328	LOSS: 571.03	MAE: 138.57	RMSE: 186.71
Epoch 329	LOSS: 571.64	MAE: 137.25	RMSE: 185.93
Epoch 330	LOSS: 558.49	MAE: 138.24	RMSE: 186.36
Epoch 331	LOSS: 579.26	MAE: 136.99	RMSE: 185.51
Epoch 332	LOSS: 565.27	MAE: 137.86	RMSE: 186.12
Epoch 333	LOSS: 568.43	MAE: 137.06	RMSE: 185.39
Epoch 334	LOSS: 570.35	MAE: 137.46	RMSE: 185.76
Epoch 335	LOSS: 570.90	MAE: 137.09	RMSE: 185.35
Epoch 336	LOSS: 573.21	MAE: 137.10	RMSE: 185.39
Epoch 337	LOSS: 573.99	MAE: 137.06	RMSE: 185.22
Epoch 338	LOSS: 564.28	MAE: 136.69	RMSE: 185.06
Epoch 339	LOSS: 564.63	MAE: 137.13	RMSE: 185.21
Epoch 340	LOSS: 577.83	MAE: 136.77	RMSE: 184.98
Epoch 341	LOSS: 568.89	MAE: 136.66	RMSE: 184.81
Epoch 342	LOSS: 564.14	MAE: 136.55	RMSE: 184.80
Epoch 343	LOSS: 569.10	MAE: 136.83	RMSE: 184.67
Epoch 344	LOSS: 565.12	MAE: 136.17	RMSE: 184.28
Epoch 345	LOSS: 564.00	MAE: 136.77	RMSE: 184.59
Epoch 346	LOSS: 553.39	MAE: 136.05	RMSE: 184.13
Epoch 347	LOSS: 570.45	MAE: 136.44	RMSE: 184.40
Epoch 348	LOSS: 557.25	MAE: 136.24	RMSE: 184.09
Epoch 349	LOSS: 564.88	MAE: 135.52	RMSE: 183.74
Epoch 350	LOSS: 559.11	MAE: 136.12	RMSE: 183.85
Epoch 351	LOSS: 568.31	MAE: 135.74	RMSE: 183.65
Epoch 352	LOSS: 567.37	MAE: 135.82	RMSE: 183.72
Epoch 353	LOSS: 554.48	MAE: 135.32	RMSE: 183.29
Epoch 354	LOSS: 567.20	MAE: 135.92	RMSE: 183.59
Epoch 355	LOSS: 561.60	MAE: 135.26	RMSE: 183.05
Epoch 356	LOSS: 558.36	MAE: 135.60	RMSE: 183.24
Epoch 357	LOSS: 559.60	MAE: 135.10	RMSE: 182.85
Epoch 358	LOSS: 565.68	MAE: 135.38	RMSE: 183.02
Epoch 359	LOSS: 569.30	MAE: 134.78	RMSE: 182.38
Epoch 360	LOSS: 562.06	MAE: 135.71	RMSE: 183.09
Epoch 361	LOSS: 571.60	MAE: 134.58	RMSE: 182.29
Epoch 362	LOSS: 564.24	MAE: 135.20	RMSE: 182.65
Epoch 363	LOSS: 555.80	MAE: 134.60	RMSE: 182.27
Epoch 364	LOSS: 565.85	MAE: 134.68	RMSE: 182.29
Epoch 365	LOSS: 558.25	MAE: 134.87	RMSE: 182.32
Epoch 366	LOSS: 557.25	MAE: 133.98	RMSE: 181.64
Epoch 367	LOSS: 563.76	MAE: 136.25	RMSE: 183.04
Epoch 368	LOSS: 556.42	MAE: 133.96	RMSE: 181.54
Epoch 369	LOSS: 556.22	MAE: 136.74	RMSE: 183.22
Epoch 370	LOSS: 568.87	MAE: 133.97	RMSE: 181.56
Epoch 371	LOSS: 568.82	MAE: 133.74	RMSE: 181.35
Epoch 372	LOSS: 556.98	MAE: 135.67	RMSE: 182.35
Epoch 373	LOSS: 556.38	MAE: 133.84	RMSE: 181.32
Epoch 374	LOSS: 556.02	MAE: 134.00	RMSE: 181.23
Epoch 375	LOSS: 563.57	MAE: 134.99	RMSE: 181.84
Epoch 376	LOSS: 559.34	MAE: 133.40	RMSE: 180.67
Epoch 377	LOSS: 562.53	MAE: 135.75	RMSE: 182.41
Epoch 378	LOSS: 560.13	MAE: 133.21	RMSE: 180.60
Epoch 379	LOSS: 565.35	MAE: 133.96	RMSE: 180.96
Epoch 380	LOSS: 559.12	MAE: 133.27	RMSE: 180.63
Epoch 381	LOSS: 552.88	MAE: 133.57	RMSE: 180.64
Epoch 382	LOSS: 559.89	MAE: 133.38	RMSE: 180.58
Epoch 383	LOSS: 557.80	MAE: 132.94	RMSE: 180.20
Epoch 384	LOSS: 554.53	MAE: 133.20	RMSE: 180.31
Epoch 385	LOSS: 558.28	MAE: 133.34	RMSE: 180.37
Epoch 386	LOSS: 559.18	MAE: 133.11	RMSE: 180.07
Epoch 387	LOSS: 556.85	MAE: 133.09	RMSE: 180.06
Epoch 388	LOSS: 564.23	MAE: 132.82	RMSE: 179.89
Epoch 389	LOSS: 546.98	MAE: 132.60	RMSE: 179.59
Epoch 390	LOSS: 552.46	MAE: 132.83	RMSE: 179.90
Epoch 391	LOSS: 561.33	MAE: 132.46	RMSE: 179.38
Epoch 392	LOSS: 555.73	MAE: 132.50	RMSE: 179.40
Epoch 393	LOSS: 550.62	MAE: 132.65	RMSE: 179.45
Epoch 394	LOSS: 557.09	MAE: 132.48	RMSE: 179.37
Epoch 395	LOSS: 553.95	MAE: 132.30	RMSE: 179.18
Epoch 396	LOSS: 552.68	MAE: 132.41	RMSE: 179.28
Epoch 397	LOSS: 550.90	MAE: 131.80	RMSE: 178.68
Epoch 398	LOSS: 549.27	MAE: 132.69	RMSE: 179.22
Epoch 399	LOSS: 555.12	MAE: 131.66	RMSE: 178.52
Epoch 400	LOSS: 547.97	MAE: 132.45	RMSE: 179.12
Epoch 401	LOSS: 546.28	MAE: 131.62	RMSE: 178.44
Epoch 402	LOSS: 553.00	MAE: 132.07	RMSE: 178.72
Epoch 403	LOSS: 565.92	MAE: 131.94	RMSE: 178.55
Epoch 404	LOSS: 550.98	MAE: 131.79	RMSE: 178.48
Epoch 405	LOSS: 553.50	MAE: 132.10	RMSE: 178.63
Epoch 406	LOSS: 545.56	MAE: 131.08	RMSE: 177.82
Epoch 407	LOSS: 543.91	MAE: 132.15	RMSE: 178.40
Epoch 408	LOSS: 553.32	MAE: 131.24	RMSE: 177.99
Epoch 409	LOSS: 549.57	MAE: 131.92	RMSE: 178.29
Epoch 410	LOSS: 549.26	MAE: 131.29	RMSE: 177.91
Epoch 411	LOSS: 547.65	MAE: 131.54	RMSE: 177.87
Epoch 412	LOSS: 542.25	MAE: 131.05	RMSE: 177.53
Epoch 413	LOSS: 553.70	MAE: 131.30	RMSE: 177.74
Epoch 414	LOSS: 550.57	MAE: 130.85	RMSE: 177.34
Epoch 415	LOSS: 558.25	MAE: 130.82	RMSE: 177.37
Epoch 416	LOSS: 554.28	MAE: 131.94	RMSE: 177.88
Epoch 417	LOSS: 536.64	MAE: 130.16	RMSE: 176.56
Epoch 418	LOSS: 549.09	MAE: 131.77	RMSE: 177.83
Epoch 419	LOSS: 554.47	MAE: 130.32	RMSE: 176.73
Epoch 420	LOSS: 548.35	MAE: 131.24	RMSE: 177.30
Epoch 421	LOSS: 545.68	MAE: 130.17	RMSE: 176.61
Epoch 422	LOSS: 546.88	MAE: 130.88	RMSE: 176.82
Epoch 423	LOSS: 541.43	MAE: 129.99	RMSE: 176.32
Epoch 424	LOSS: 551.32	MAE: 130.38	RMSE: 176.46
Epoch 425	LOSS: 543.44	MAE: 130.36	RMSE: 176.47
Epoch 426	LOSS: 550.21	MAE: 130.37	RMSE: 176.52
Epoch 427	LOSS: 546.60	MAE: 130.03	RMSE: 176.10
Epoch 428	LOSS: 543.68	MAE: 129.77	RMSE: 175.85
Epoch 429	LOSS: 545.84	MAE: 130.17	RMSE: 176.10
Epoch 430	LOSS: 540.63	MAE: 129.69	RMSE: 175.61
Epoch 431	LOSS: 546.21	MAE: 130.02	RMSE: 175.81
Epoch 432	LOSS: 545.61	MAE: 130.20	RMSE: 176.07
Epoch 433	LOSS: 550.12	MAE: 129.07	RMSE: 175.11
Epoch 434	LOSS: 545.31	MAE: 130.73	RMSE: 176.15
Epoch 435	LOSS: 535.56	MAE: 129.23	RMSE: 175.19
Epoch 436	LOSS: 541.77	MAE: 130.30	RMSE: 175.90
Epoch 437	LOSS: 552.70	MAE: 128.96	RMSE: 174.88
Epoch 438	LOSS: 533.47	MAE: 130.51	RMSE: 175.85
Epoch 439	LOSS: 533.86	MAE: 128.94	RMSE: 174.98
Epoch 440	LOSS: 544.14	MAE: 129.36	RMSE: 175.02
Epoch 441	LOSS: 545.77	MAE: 129.17	RMSE: 174.87
Epoch 442	LOSS: 546.99	MAE: 128.99	RMSE: 174.68
Epoch 443	LOSS: 540.05	MAE: 129.01	RMSE: 174.81
Epoch 444	LOSS: 544.73	MAE: 129.41	RMSE: 174.88
Epoch 445	LOSS: 539.97	MAE: 128.89	RMSE: 174.84
Epoch 446	LOSS: 535.78	MAE: 129.19	RMSE: 174.70
Epoch 447	LOSS: 537.57	MAE: 128.74	RMSE: 174.51
Epoch 448	LOSS: 545.22	MAE: 129.06	RMSE: 174.64
Epoch 449	LOSS: 541.13	MAE: 128.65	RMSE: 174.34
Epoch 450	LOSS: 532.70	MAE: 129.02	RMSE: 174.57
Epoch 451	LOSS: 533.73	MAE: 128.33	RMSE: 174.08
Epoch 452	LOSS: 537.54	MAE: 128.83	RMSE: 174.22
Epoch 453	LOSS: 531.70	MAE: 128.20	RMSE: 173.88
Epoch 454	LOSS: 534.42	MAE: 128.73	RMSE: 174.16
Epoch 455	LOSS: 542.16	MAE: 128.14	RMSE: 173.70
Epoch 456	LOSS: 536.42	MAE: 128.74	RMSE: 174.15
Epoch 457	LOSS: 537.76	MAE: 127.89	RMSE: 173.33
Epoch 458	LOSS: 533.82	MAE: 128.32	RMSE: 173.74
Epoch 459	LOSS: 541.91	MAE: 128.02	RMSE: 173.49
Epoch 460	LOSS: 540.71	MAE: 127.97	RMSE: 173.42
Epoch 461	LOSS: 538.29	MAE: 128.39	RMSE: 173.58
Epoch 462	LOSS: 535.47	MAE: 127.74	RMSE: 173.05
Epoch 463	LOSS: 531.94	MAE: 127.84	RMSE: 173.03
Epoch 464	LOSS: 540.16	MAE: 127.53	RMSE: 172.88
Epoch 465	LOSS: 536.06	MAE: 128.72	RMSE: 173.60
Epoch 466	LOSS: 538.81	MAE: 127.07	RMSE: 172.43
Epoch 467	LOSS: 538.59	MAE: 127.84	RMSE: 172.91
Epoch 468	LOSS: 531.64	MAE: 127.36	RMSE: 172.61
Epoch 469	LOSS: 531.32	MAE: 127.70	RMSE: 172.77
Epoch 470	LOSS: 528.10	MAE: 127.11	RMSE: 172.19
Epoch 471	LOSS: 530.89	MAE: 127.78	RMSE: 172.63
Epoch 472	LOSS: 527.65	MAE: 126.93	RMSE: 172.17
Epoch 473	LOSS: 534.40	MAE: 127.90	RMSE: 172.64
Epoch 474	LOSS: 534.47	MAE: 126.60	RMSE: 171.76
Epoch 475	LOSS: 541.05	MAE: 127.21	RMSE: 172.03
Epoch 476	LOSS: 535.51	MAE: 126.81	RMSE: 171.88
Epoch 477	LOSS: 541.36	MAE: 127.42	RMSE: 172.20
Epoch 478	LOSS: 533.21	MAE: 126.50	RMSE: 171.35
Epoch 479	LOSS: 533.02	MAE: 127.13	RMSE: 172.03
Epoch 480	LOSS: 533.06	MAE: 126.80	RMSE: 171.68
Epoch 481	LOSS: 532.00	MAE: 126.32	RMSE: 171.32
Epoch 482	LOSS: 522.74	MAE: 126.65	RMSE: 171.33
Epoch 483	LOSS: 526.69	MAE: 126.30	RMSE: 171.23
Epoch 484	LOSS: 531.33	MAE: 126.41	RMSE: 171.15
Epoch 485	LOSS: 527.45	MAE: 126.39	RMSE: 171.22
Epoch 486	LOSS: 531.43	MAE: 126.46	RMSE: 171.17
Epoch 487	LOSS: 532.89	MAE: 126.11	RMSE: 170.84
Epoch 488	LOSS: 533.12	MAE: 125.94	RMSE: 170.82
Epoch 489	LOSS: 522.16	MAE: 125.95	RMSE: 170.69
Epoch 490	LOSS: 534.11	MAE: 126.03	RMSE: 170.85
Epoch 491	LOSS: 526.27	MAE: 125.98	RMSE: 170.72
Epoch 492	LOSS: 525.19	MAE: 125.72	RMSE: 170.43
Epoch 493	LOSS: 530.37	MAE: 125.79	RMSE: 170.42
Epoch 494	LOSS: 520.01	MAE: 126.09	RMSE: 170.61
Epoch 495	LOSS: 529.13	MAE: 125.79	RMSE: 170.30
Epoch 496	LOSS: 527.83	MAE: 125.69	RMSE: 170.14
Epoch 497	LOSS: 522.61	MAE: 125.57	RMSE: 170.06
Epoch 498	LOSS: 531.42	MAE: 125.41	RMSE: 169.85
Epoch 499	LOSS: 533.08	MAE: 125.35	RMSE: 169.77
