Epoch 000	LOSS: 54.25	MAE: 56.99	RMSE: 57.63
Epoch 001	LOSS: 54.01	MAE: 56.35	RMSE: 56.99
Epoch 002	LOSS: 52.95	MAE: 55.71	RMSE: 56.36
Epoch 003	LOSS: 52.03	MAE: 55.04	RMSE: 55.70
Epoch 004	LOSS: 51.57	MAE: 54.34	RMSE: 55.01
Epoch 005	LOSS: 51.19	MAE: 53.62	RMSE: 54.29
Epoch 006	LOSS: 50.65	MAE: 52.86	RMSE: 53.55
Epoch 007	LOSS: 49.89	MAE: 52.08	RMSE: 52.77
Epoch 008	LOSS: 49.19	MAE: 51.27	RMSE: 51.97
Epoch 009	LOSS: 47.84	MAE: 50.43	RMSE: 51.14
Epoch 010	LOSS: 47.13	MAE: 49.56	RMSE: 50.28
Epoch 011	LOSS: 46.74	MAE: 48.67	RMSE: 49.39
Epoch 012	LOSS: 45.66	MAE: 47.74	RMSE: 48.48
Epoch 013	LOSS: 44.91	MAE: 46.79	RMSE: 47.54
Epoch 014	LOSS: 43.81	MAE: 45.82	RMSE: 46.57
Epoch 015	LOSS: 42.74	MAE: 44.81	RMSE: 45.57
Epoch 016	LOSS: 41.80	MAE: 43.78	RMSE: 44.55
Epoch 017	LOSS: 40.81	MAE: 42.73	RMSE: 43.50
Epoch 018	LOSS: 39.59	MAE: 41.65	RMSE: 42.43
Epoch 019	LOSS: 38.91	MAE: 40.56	RMSE: 41.33
Epoch 020	LOSS: 37.59	MAE: 39.43	RMSE: 40.21
Epoch 021	LOSS: 36.38	MAE: 38.29	RMSE: 39.06
Epoch 022	LOSS: 35.47	MAE: 37.13	RMSE: 37.90
Epoch 023	LOSS: 34.36	MAE: 35.95	RMSE: 36.71
Epoch 024	LOSS: 33.35	MAE: 34.75	RMSE: 35.51
Epoch 025	LOSS: 32.04	MAE: 33.53	RMSE: 34.28
Epoch 026	LOSS: 30.76	MAE: 32.30	RMSE: 33.03
Epoch 027	LOSS: 29.64	MAE: 31.05	RMSE: 31.77
Epoch 028	LOSS: 28.47	MAE: 29.78	RMSE: 30.48
Epoch 029	LOSS: 27.23	MAE: 28.50	RMSE: 29.18
Epoch 030	LOSS: 26.03	MAE: 27.20	RMSE: 27.87
Epoch 031	LOSS: 24.79	MAE: 25.90	RMSE: 26.54
Epoch 032	LOSS: 23.49	MAE: 24.58	RMSE: 25.21
Epoch 033	LOSS: 22.21	MAE: 23.25	RMSE: 23.86
Epoch 034	LOSS: 21.01	MAE: 21.91	RMSE: 22.50
Epoch 035	LOSS: 19.68	MAE: 20.55	RMSE: 21.14
Epoch 036	LOSS: 18.47	MAE: 19.19	RMSE: 19.77
Epoch 037	LOSS: 17.26	MAE: 17.83	RMSE: 18.42
Epoch 038	LOSS: 15.99	MAE: 16.46	RMSE: 17.07
Epoch 039	LOSS: 14.67	MAE: 15.09	RMSE: 15.75
Epoch 040	LOSS: 13.28	MAE: 13.71	RMSE: 14.46
Epoch 041	LOSS: 12.12	MAE: 12.35	RMSE: 13.21
Epoch 042	LOSS: 10.85	MAE: 10.99	RMSE: 12.04
Epoch 043	LOSS: 9.59	MAE: 9.67	RMSE: 10.98
Epoch 044	LOSS: 8.36	MAE: 8.41	RMSE: 10.06
Epoch 045	LOSS: 7.32	MAE: 7.22	RMSE: 9.33
Epoch 046	LOSS: 6.36	MAE: 6.18	RMSE: 8.83
Epoch 047	LOSS: 5.60	MAE: 5.36	RMSE: 8.59
Epoch 048	LOSS: 5.13	MAE: 4.82	RMSE: 8.57
Epoch 049	LOSS: 4.96	MAE: 4.58	RMSE: 8.69
Epoch 050	LOSS: 4.98	MAE: 4.53	RMSE: 8.84
Epoch 051	LOSS: 5.08	MAE: 4.55	RMSE: 8.95
Epoch 052	LOSS: 4.92	MAE: 4.54	RMSE: 8.91
Epoch 053	LOSS: 4.95	MAE: 4.53	RMSE: 8.82
Epoch 054	LOSS: 4.94	MAE: 4.54	RMSE: 8.89
Epoch 055	LOSS: 4.82	MAE: 4.54	RMSE: 8.75
Epoch 056	LOSS: 4.80	MAE: 4.55	RMSE: 8.63
Epoch 057	LOSS: 4.82	MAE: 4.52	RMSE: 8.71
Epoch 058	LOSS: 4.69	MAE: 4.48	RMSE: 8.63
Epoch 059	LOSS: 4.68	MAE: 4.45	RMSE: 8.75
Epoch 060	LOSS: 4.65	MAE: 4.46	RMSE: 8.78
Epoch 061	LOSS: 4.54	MAE: 4.49	RMSE: 8.70
Epoch 062	LOSS: 4.60	MAE: 4.46	RMSE: 8.79
Epoch 063	LOSS: 4.88	MAE: 4.54	RMSE: 8.93
Epoch 064	LOSS: 4.89	MAE: 4.57	RMSE: 8.94
Epoch 065	LOSS: 4.83	MAE: 4.63	RMSE: 9.01
Epoch 066	LOSS: 4.93	MAE: 4.57	RMSE: 8.94
Epoch 067	LOSS: 4.90	MAE: 4.56	RMSE: 8.84
Epoch 068	LOSS: 4.86	MAE: 4.55	RMSE: 8.88
Epoch 069	LOSS: 4.77	MAE: 4.55	RMSE: 8.83
Epoch 070	LOSS: 4.64	MAE: 4.54	RMSE: 8.81
Epoch 071	LOSS: 4.76	MAE: 4.52	RMSE: 8.82
Epoch 072	LOSS: 4.65	MAE: 4.52	RMSE: 8.82
Epoch 073	LOSS: 4.63	MAE: 4.54	RMSE: 8.88
Epoch 074	LOSS: 4.57	MAE: 4.56	RMSE: 8.87
Epoch 075	LOSS: 4.59	MAE: 4.54	RMSE: 8.90
Epoch 076	LOSS: 4.64	MAE: 4.53	RMSE: 8.80
Epoch 077	LOSS: 4.47	MAE: 4.54	RMSE: 8.82
Epoch 078	LOSS: 4.43	MAE: 4.51	RMSE: 8.80
Epoch 079	LOSS: 4.57	MAE: 4.47	RMSE: 8.71
Epoch 080	LOSS: 4.45	MAE: 4.52	RMSE: 8.81
Epoch 081	LOSS: 4.50	MAE: 4.52	RMSE: 8.74
Epoch 082	LOSS: 4.52	MAE: 4.49	RMSE: 8.77
Epoch 083	LOSS: 4.48	MAE: 4.49	RMSE: 8.79
Epoch 084	LOSS: 4.51	MAE: 4.50	RMSE: 8.75
Epoch 085	LOSS: 4.47	MAE: 4.50	RMSE: 8.80
Epoch 086	LOSS: 4.50	MAE: 4.50	RMSE: 8.79
Epoch 087	LOSS: 4.48	MAE: 4.48	RMSE: 8.70
Epoch 088	LOSS: 4.47	MAE: 4.49	RMSE: 8.75
Epoch 089	LOSS: 4.38	MAE: 4.51	RMSE: 8.76
Epoch 090	LOSS: 4.41	MAE: 4.50	RMSE: 8.80
Epoch 091	LOSS: 4.45	MAE: 4.48	RMSE: 8.74
Epoch 092	LOSS: 4.51	MAE: 4.49	RMSE: 8.76
Epoch 093	LOSS: 4.48	MAE: 4.48	RMSE: 8.75
Epoch 094	LOSS: 4.43	MAE: 4.50	RMSE: 8.74
Epoch 095	LOSS: 4.38	MAE: 4.46	RMSE: 8.71
Epoch 096	LOSS: 4.51	MAE: 4.46	RMSE: 8.71
Epoch 097	LOSS: 4.36	MAE: 4.48	RMSE: 8.72
Epoch 098	LOSS: 4.49	MAE: 4.46	RMSE: 8.69
Epoch 099	LOSS: 4.43	MAE: 4.47	RMSE: 8.65
Epoch 100	LOSS: 4.48	MAE: 4.49	RMSE: 8.65
Epoch 101	LOSS: 4.37	MAE: 4.48	RMSE: 8.71
Epoch 102	LOSS: 4.38	MAE: 4.47	RMSE: 8.78
Epoch 103	LOSS: 4.51	MAE: 4.46	RMSE: 8.71
Epoch 104	LOSS: 4.48	MAE: 4.47	RMSE: 8.69
Epoch 105	LOSS: 4.38	MAE: 4.44	RMSE: 8.69
Epoch 106	LOSS: 4.41	MAE: 4.44	RMSE: 8.71
Epoch 107	LOSS: 4.37	MAE: 4.45	RMSE: 8.70
Epoch 108	LOSS: 4.52	MAE: 4.44	RMSE: 8.64
Epoch 109	LOSS: 4.42	MAE: 4.46	RMSE: 8.62
Epoch 110	LOSS: 4.43	MAE: 4.44	RMSE: 8.69
Epoch 111	LOSS: 4.38	MAE: 4.44	RMSE: 8.62
Epoch 112	LOSS: 4.53	MAE: 4.44	RMSE: 8.66
Epoch 113	LOSS: 4.49	MAE: 4.43	RMSE: 8.66
Epoch 114	LOSS: 4.45	MAE: 4.43	RMSE: 8.67
Epoch 115	LOSS: 4.42	MAE: 4.43	RMSE: 8.67
Epoch 116	LOSS: 4.41	MAE: 4.44	RMSE: 8.69
Epoch 117	LOSS: 4.40	MAE: 4.44	RMSE: 8.69
Epoch 118	LOSS: 4.43	MAE: 4.42	RMSE: 8.65
Epoch 119	LOSS: 4.42	MAE: 4.44	RMSE: 8.65
Epoch 120	LOSS: 4.37	MAE: 4.43	RMSE: 8.62
Epoch 121	LOSS: 4.41	MAE: 4.44	RMSE: 8.61
Epoch 122	LOSS: 4.45	MAE: 4.45	RMSE: 8.63
Epoch 123	LOSS: 4.37	MAE: 4.44	RMSE: 8.63
Epoch 124	LOSS: 4.36	MAE: 4.47	RMSE: 8.61
Epoch 125	LOSS: 4.37	MAE: 4.45	RMSE: 8.63
Epoch 126	LOSS: 4.35	MAE: 4.44	RMSE: 8.64
Epoch 127	LOSS: 4.36	MAE: 4.45	RMSE: 8.67
Epoch 128	LOSS: 4.33	MAE: 4.41	RMSE: 8.63
Epoch 129	LOSS: 4.49	MAE: 4.45	RMSE: 8.72
Epoch 130	LOSS: 4.38	MAE: 4.42	RMSE: 8.68
Epoch 131	LOSS: 4.43	MAE: 4.42	RMSE: 8.70
Epoch 132	LOSS: 4.45	MAE: 4.46	RMSE: 8.64
Epoch 133	LOSS: 4.40	MAE: 4.42	RMSE: 8.59
Epoch 134	LOSS: 4.45	MAE: 4.43	RMSE: 8.68
Epoch 135	LOSS: 4.34	MAE: 4.41	RMSE: 8.66
Epoch 136	LOSS: 4.43	MAE: 4.43	RMSE: 8.63
Epoch 137	LOSS: 4.38	MAE: 4.43	RMSE: 8.63
Epoch 138	LOSS: 4.40	MAE: 4.39	RMSE: 8.62
Epoch 139	LOSS: 4.46	MAE: 4.43	RMSE: 8.67
Epoch 140	LOSS: 4.38	MAE: 4.43	RMSE: 8.68
Epoch 141	LOSS: 4.46	MAE: 4.45	RMSE: 8.67
Epoch 142	LOSS: 4.46	MAE: 4.45	RMSE: 8.66
Epoch 143	LOSS: 4.47	MAE: 4.52	RMSE: 8.80
Epoch 144	LOSS: 4.50	MAE: 4.51	RMSE: 8.77
Epoch 145	LOSS: 4.60	MAE: 4.48	RMSE: 8.80
Epoch 146	LOSS: 4.44	MAE: 4.49	RMSE: 8.65
Epoch 147	LOSS: 4.42	MAE: 4.47	RMSE: 8.66
Epoch 148	LOSS: 4.43	MAE: 4.43	RMSE: 8.63
Epoch 149	LOSS: 4.58	MAE: 4.43	RMSE: 8.66
Epoch 150	LOSS: 4.36	MAE: 4.46	RMSE: 8.70
Epoch 151	LOSS: 4.40	MAE: 4.41	RMSE: 8.64
Epoch 152	LOSS: 4.40	MAE: 4.39	RMSE: 8.62
Epoch 153	LOSS: 4.37	MAE: 4.40	RMSE: 8.55
Epoch 154	LOSS: 4.46	MAE: 4.42	RMSE: 8.60
Epoch 155	LOSS: 4.38	MAE: 4.42	RMSE: 8.67
Epoch 156	LOSS: 4.45	MAE: 4.49	RMSE: 8.63
Epoch 157	LOSS: 4.44	MAE: 4.45	RMSE: 8.62
Epoch 158	LOSS: 4.29	MAE: 4.36	RMSE: 8.56
Epoch 159	LOSS: 4.43	MAE: 4.38	RMSE: 8.62
Epoch 160	LOSS: 4.37	MAE: 4.38	RMSE: 8.66
Epoch 161	LOSS: 4.39	MAE: 4.39	RMSE: 8.65
Epoch 162	LOSS: 4.44	MAE: 4.37	RMSE: 8.63
Epoch 163	LOSS: 4.60	MAE: 4.37	RMSE: 8.60
Epoch 164	LOSS: 4.36	MAE: 4.41	RMSE: 8.67
Epoch 165	LOSS: 4.39	MAE: 4.38	RMSE: 8.57
Epoch 166	LOSS: 4.39	MAE: 4.42	RMSE: 8.56
Epoch 167	LOSS: 4.36	MAE: 4.44	RMSE: 8.65
Epoch 168	LOSS: 4.36	MAE: 4.42	RMSE: 8.61
Epoch 169	LOSS: 4.35	MAE: 4.43	RMSE: 8.66
Epoch 170	LOSS: 4.27	MAE: 4.39	RMSE: 8.60
Epoch 171	LOSS: 4.48	MAE: 4.39	RMSE: 8.58
Epoch 172	LOSS: 4.47	MAE: 4.36	RMSE: 8.55
Epoch 173	LOSS: 4.43	MAE: 4.43	RMSE: 8.67
Epoch 174	LOSS: 4.43	MAE: 4.44	RMSE: 8.63
Epoch 175	LOSS: 4.40	MAE: 4.40	RMSE: 8.51
Epoch 176	LOSS: 4.47	MAE: 4.44	RMSE: 8.48
Epoch 177	LOSS: 4.42	MAE: 4.45	RMSE: 8.58
Epoch 178	LOSS: 4.35	MAE: 4.43	RMSE: 8.63
Epoch 179	LOSS: 4.40	MAE: 4.44	RMSE: 8.62
Epoch 180	LOSS: 4.30	MAE: 4.44	RMSE: 8.62
Epoch 181	LOSS: 4.38	MAE: 4.45	RMSE: 8.67
Epoch 182	LOSS: 4.42	MAE: 4.43	RMSE: 8.68
Epoch 183	LOSS: 4.40	MAE: 4.48	RMSE: 8.69
Epoch 184	LOSS: 4.33	MAE: 4.44	RMSE: 8.60
Epoch 185	LOSS: 4.38	MAE: 4.43	RMSE: 8.62
Epoch 186	LOSS: 4.30	MAE: 4.47	RMSE: 8.68
Epoch 187	LOSS: 4.50	MAE: 4.38	RMSE: 8.53
Epoch 188	LOSS: 4.36	MAE: 4.41	RMSE: 8.62
Epoch 189	LOSS: 4.31	MAE: 4.42	RMSE: 8.62
Epoch 190	LOSS: 4.39	MAE: 4.44	RMSE: 8.62
Epoch 191	LOSS: 4.40	MAE: 4.47	RMSE: 8.66
Epoch 192	LOSS: 4.37	MAE: 4.44	RMSE: 8.61
Epoch 193	LOSS: 4.40	MAE: 4.46	RMSE: 8.67
Epoch 194	LOSS: 4.37	MAE: 4.44	RMSE: 8.60
Epoch 195	LOSS: 4.42	MAE: 4.47	RMSE: 8.66
Epoch 196	LOSS: 4.31	MAE: 4.44	RMSE: 8.67
Epoch 197	LOSS: 4.46	MAE: 4.45	RMSE: 8.55
Epoch 198	LOSS: 4.36	MAE: 4.45	RMSE: 8.63
Epoch 199	LOSS: 4.31	MAE: 4.43	RMSE: 8.59
Epoch 200	LOSS: 4.31	MAE: 4.47	RMSE: 8.65
Epoch 201	LOSS: 4.40	MAE: 4.44	RMSE: 8.60
Epoch 202	LOSS: 4.32	MAE: 4.47	RMSE: 8.68
Epoch 203	LOSS: 4.30	MAE: 4.37	RMSE: 8.55
Epoch 204	LOSS: 4.53	MAE: 4.47	RMSE: 8.71
Epoch 205	LOSS: 4.39	MAE: 4.45	RMSE: 8.63
Epoch 206	LOSS: 4.43	MAE: 4.41	RMSE: 8.58
Epoch 207	LOSS: 4.25	MAE: 4.44	RMSE: 8.64
Epoch 208	LOSS: 4.37	MAE: 4.46	RMSE: 8.67
Epoch 209	LOSS: 4.24	MAE: 4.45	RMSE: 8.65
Epoch 210	LOSS: 4.37	MAE: 4.44	RMSE: 8.66
Epoch 211	LOSS: 4.36	MAE: 4.47	RMSE: 8.71
Epoch 212	LOSS: 4.40	MAE: 4.45	RMSE: 8.61
Epoch 213	LOSS: 4.38	MAE: 4.43	RMSE: 8.61
Epoch 214	LOSS: 4.39	MAE: 4.47	RMSE: 8.57
Epoch 215	LOSS: 4.43	MAE: 4.42	RMSE: 8.57
Epoch 216	LOSS: 4.32	MAE: 4.46	RMSE: 8.65
Epoch 217	LOSS: 4.35	MAE: 4.39	RMSE: 8.55
Epoch 218	LOSS: 4.39	MAE: 4.49	RMSE: 8.67
Epoch 219	LOSS: 4.44	MAE: 4.43	RMSE: 8.57
Epoch 220	LOSS: 4.25	MAE: 4.48	RMSE: 8.63
Epoch 221	LOSS: 4.30	MAE: 4.45	RMSE: 8.60
Epoch 222	LOSS: 4.33	MAE: 4.48	RMSE: 8.67
Epoch 223	LOSS: 4.34	MAE: 4.38	RMSE: 8.55
Epoch 224	LOSS: 4.36	MAE: 4.47	RMSE: 8.68
Epoch 225	LOSS: 4.25	MAE: 4.47	RMSE: 8.63
Epoch 226	LOSS: 4.36	MAE: 4.45	RMSE: 8.58
Epoch 227	LOSS: 4.33	MAE: 4.45	RMSE: 8.61
Epoch 228	LOSS: 4.31	MAE: 4.45	RMSE: 8.64
Epoch 229	LOSS: 4.40	MAE: 4.50	RMSE: 8.72
Epoch 230	LOSS: 4.40	MAE: 4.44	RMSE: 8.63
Epoch 231	LOSS: 4.35	MAE: 4.47	RMSE: 8.62
Epoch 232	LOSS: 4.36	MAE: 4.47	RMSE: 8.68
Epoch 233	LOSS: 4.38	MAE: 4.46	RMSE: 8.65
Epoch 234	LOSS: 4.35	MAE: 4.45	RMSE: 8.63
Epoch 235	LOSS: 4.38	MAE: 4.43	RMSE: 8.63
Epoch 236	LOSS: 4.31	MAE: 4.49	RMSE: 8.66
Epoch 237	LOSS: 4.31	MAE: 4.51	RMSE: 8.67
Epoch 238	LOSS: 4.30	MAE: 4.49	RMSE: 8.76
Epoch 239	LOSS: 4.33	MAE: 4.47	RMSE: 8.73
Epoch 240	LOSS: 4.41	MAE: 4.48	RMSE: 8.73
Epoch 241	LOSS: 4.37	MAE: 4.46	RMSE: 8.69
Epoch 242	LOSS: 4.36	MAE: 4.47	RMSE: 8.66
Epoch 243	LOSS: 4.32	MAE: 4.46	RMSE: 8.63
Epoch 244	LOSS: 4.33	MAE: 4.48	RMSE: 8.64
Epoch 245	LOSS: 4.38	MAE: 4.44	RMSE: 8.62
Epoch 246	LOSS: 4.43	MAE: 4.52	RMSE: 8.65
Epoch 247	LOSS: 4.38	MAE: 4.47	RMSE: 8.69
Epoch 248	LOSS: 4.44	MAE: 4.48	RMSE: 8.70
Epoch 249	LOSS: 4.39	MAE: 4.46	RMSE: 8.67
Epoch 250	LOSS: 4.37	MAE: 4.45	RMSE: 8.68
Epoch 251	LOSS: 4.32	MAE: 4.44	RMSE: 8.61
Epoch 252	LOSS: 4.28	MAE: 4.48	RMSE: 8.60
Epoch 253	LOSS: 4.48	MAE: 4.46	RMSE: 8.63
Epoch 254	LOSS: 4.33	MAE: 4.45	RMSE: 8.66
Epoch 255	LOSS: 4.31	MAE: 4.45	RMSE: 8.66
Epoch 256	LOSS: 4.35	MAE: 4.46	RMSE: 8.64
Epoch 257	LOSS: 4.39	MAE: 4.45	RMSE: 8.66
Epoch 258	LOSS: 4.31	MAE: 4.47	RMSE: 8.68
Epoch 259	LOSS: 4.36	MAE: 4.47	RMSE: 8.64
Epoch 260	LOSS: 4.35	MAE: 4.49	RMSE: 8.65
Epoch 261	LOSS: 4.35	MAE: 4.45	RMSE: 8.65
Epoch 262	LOSS: 4.34	MAE: 4.47	RMSE: 8.62
Epoch 263	LOSS: 4.43	MAE: 4.48	RMSE: 8.63
Epoch 264	LOSS: 4.28	MAE: 4.45	RMSE: 8.65
Epoch 265	LOSS: 4.37	MAE: 4.47	RMSE: 8.67
Epoch 266	LOSS: 4.41	MAE: 4.41	RMSE: 8.57
Epoch 267	LOSS: 4.44	MAE: 4.46	RMSE: 8.67
Epoch 268	LOSS: 4.30	MAE: 4.50	RMSE: 8.68
Epoch 269	LOSS: 4.25	MAE: 4.49	RMSE: 8.71
Epoch 270	LOSS: 4.33	MAE: 4.45	RMSE: 8.62
Epoch 271	LOSS: 4.38	MAE: 4.50	RMSE: 8.67
Epoch 272	LOSS: 4.41	MAE: 4.48	RMSE: 8.65
Epoch 273	LOSS: 4.34	MAE: 4.45	RMSE: 8.67
Epoch 274	LOSS: 4.28	MAE: 4.41	RMSE: 8.55
Epoch 275	LOSS: 4.33	MAE: 4.47	RMSE: 8.67
Epoch 276	LOSS: 4.32	MAE: 4.48	RMSE: 8.65
Epoch 277	LOSS: 4.33	MAE: 4.51	RMSE: 8.74
Epoch 278	LOSS: 4.33	MAE: 4.45	RMSE: 8.65
Epoch 279	LOSS: 4.31	MAE: 4.48	RMSE: 8.65
Epoch 280	LOSS: 4.30	MAE: 4.51	RMSE: 8.66
Epoch 281	LOSS: 4.40	MAE: 4.43	RMSE: 8.61
Epoch 282	LOSS: 4.40	MAE: 4.47	RMSE: 8.67
Epoch 283	LOSS: 4.30	MAE: 4.45	RMSE: 8.62
Epoch 284	LOSS: 4.34	MAE: 4.50	RMSE: 8.71
Epoch 285	LOSS: 4.40	MAE: 4.49	RMSE: 8.64
Epoch 286	LOSS: 4.39	MAE: 4.50	RMSE: 8.68
Epoch 287	LOSS: 4.37	MAE: 4.52	RMSE: 8.67
Epoch 288	LOSS: 4.38	MAE: 4.45	RMSE: 8.64
Epoch 289	LOSS: 4.28	MAE: 4.50	RMSE: 8.70
Epoch 290	LOSS: 4.29	MAE: 4.42	RMSE: 8.60
Epoch 291	LOSS: 4.33	MAE: 4.47	RMSE: 8.60
Epoch 292	LOSS: 4.30	MAE: 4.45	RMSE: 8.65
Epoch 293	LOSS: 4.34	MAE: 4.46	RMSE: 8.60
Epoch 294	LOSS: 4.41	MAE: 4.48	RMSE: 8.61
Epoch 295	LOSS: 4.33	MAE: 4.44	RMSE: 8.61
Epoch 296	LOSS: 4.25	MAE: 4.47	RMSE: 8.69
Epoch 297	LOSS: 4.35	MAE: 4.44	RMSE: 8.64
Epoch 298	LOSS: 4.30	MAE: 4.50	RMSE: 8.69
Epoch 299	LOSS: 4.36	MAE: 4.41	RMSE: 8.56
Epoch 300	LOSS: 4.30	MAE: 4.50	RMSE: 8.69
Epoch 301	LOSS: 4.37	MAE: 4.48	RMSE: 8.59
Epoch 302	LOSS: 4.29	MAE: 4.47	RMSE: 8.64
Epoch 303	LOSS: 4.40	MAE: 4.52	RMSE: 8.69
Epoch 304	LOSS: 4.27	MAE: 4.50	RMSE: 8.67
Epoch 305	LOSS: 4.28	MAE: 4.48	RMSE: 8.64
Epoch 306	LOSS: 4.39	MAE: 4.47	RMSE: 8.64
Epoch 307	LOSS: 4.41	MAE: 4.49	RMSE: 8.62
Epoch 308	LOSS: 4.35	MAE: 4.50	RMSE: 8.71
Epoch 309	LOSS: 4.31	MAE: 4.48	RMSE: 8.66
Epoch 310	LOSS: 4.33	MAE: 4.51	RMSE: 8.72
Epoch 311	LOSS: 4.34	MAE: 4.44	RMSE: 8.60
Epoch 312	LOSS: 4.35	MAE: 4.51	RMSE: 8.71
Epoch 313	LOSS: 4.34	MAE: 4.45	RMSE: 8.67
Epoch 314	LOSS: 4.21	MAE: 4.52	RMSE: 8.72
Epoch 315	LOSS: 4.29	MAE: 4.46	RMSE: 8.60
Epoch 316	LOSS: 4.27	MAE: 4.51	RMSE: 8.72
Epoch 317	LOSS: 4.22	MAE: 4.44	RMSE: 8.64
Epoch 318	LOSS: 4.42	MAE: 4.44	RMSE: 8.61
Epoch 319	LOSS: 4.28	MAE: 4.46	RMSE: 8.62
Epoch 320	LOSS: 4.39	MAE: 4.45	RMSE: 8.62
Epoch 321	LOSS: 4.27	MAE: 4.49	RMSE: 8.71
Epoch 322	LOSS: 4.37	MAE: 4.44	RMSE: 8.59
Epoch 323	LOSS: 4.29	MAE: 4.49	RMSE: 8.64
Epoch 324	LOSS: 4.29	MAE: 4.46	RMSE: 8.64
Epoch 325	LOSS: 4.30	MAE: 4.48	RMSE: 8.68
Epoch 326	LOSS: 4.31	MAE: 4.45	RMSE: 8.58
Epoch 327	LOSS: 4.45	MAE: 4.47	RMSE: 8.62
Epoch 328	LOSS: 4.34	MAE: 4.48	RMSE: 8.67
Epoch 329	LOSS: 4.30	MAE: 4.47	RMSE: 8.71
Epoch 330	LOSS: 4.28	MAE: 4.46	RMSE: 8.64
Epoch 331	LOSS: 4.32	MAE: 4.49	RMSE: 8.69
Epoch 332	LOSS: 4.28	MAE: 4.45	RMSE: 8.68
Epoch 333	LOSS: 4.33	MAE: 4.46	RMSE: 8.66
Epoch 334	LOSS: 4.33	MAE: 4.46	RMSE: 8.67
Epoch 335	LOSS: 4.32	MAE: 4.41	RMSE: 8.60
Epoch 336	LOSS: 4.33	MAE: 4.47	RMSE: 8.68
Epoch 337	LOSS: 4.34	MAE: 4.49	RMSE: 8.68
Epoch 338	LOSS: 4.33	MAE: 4.46	RMSE: 8.62
Epoch 339	LOSS: 4.37	MAE: 4.50	RMSE: 8.70
Epoch 340	LOSS: 4.31	MAE: 4.48	RMSE: 8.63
Epoch 341	LOSS: 4.31	MAE: 4.49	RMSE: 8.68
Epoch 342	LOSS: 4.33	MAE: 4.44	RMSE: 8.66
Epoch 343	LOSS: 4.25	MAE: 4.46	RMSE: 8.65
Epoch 344	LOSS: 4.31	MAE: 4.46	RMSE: 8.60
Epoch 345	LOSS: 4.35	MAE: 4.46	RMSE: 8.63
Epoch 346	LOSS: 4.33	MAE: 4.47	RMSE: 8.65
Epoch 347	LOSS: 4.37	MAE: 4.47	RMSE: 8.63
Epoch 348	LOSS: 4.27	MAE: 4.48	RMSE: 8.67
Epoch 349	LOSS: 4.32	MAE: 4.44	RMSE: 8.60
Epoch 350	LOSS: 4.40	MAE: 4.43	RMSE: 8.56
Epoch 351	LOSS: 4.31	MAE: 4.51	RMSE: 8.70
Epoch 352	LOSS: 4.31	MAE: 4.50	RMSE: 8.65
Epoch 353	LOSS: 4.36	MAE: 4.48	RMSE: 8.65
Epoch 354	LOSS: 4.26	MAE: 4.44	RMSE: 8.62
Epoch 355	LOSS: 4.21	MAE: 4.50	RMSE: 8.69
Epoch 356	LOSS: 4.30	MAE: 4.47	RMSE: 8.66
Epoch 357	LOSS: 4.23	MAE: 4.46	RMSE: 8.67
Epoch 358	LOSS: 4.30	MAE: 4.46	RMSE: 8.59
Epoch 359	LOSS: 4.35	MAE: 4.50	RMSE: 8.68
Epoch 360	LOSS: 4.42	MAE: 4.46	RMSE: 8.66
Epoch 361	LOSS: 4.24	MAE: 4.48	RMSE: 8.63
Epoch 362	LOSS: 4.29	MAE: 4.48	RMSE: 8.69
Epoch 363	LOSS: 4.34	MAE: 4.44	RMSE: 8.61
Epoch 364	LOSS: 4.38	MAE: 4.49	RMSE: 8.64
Epoch 365	LOSS: 4.29	MAE: 4.49	RMSE: 8.68
Epoch 366	LOSS: 4.33	MAE: 4.48	RMSE: 8.63
Epoch 367	LOSS: 4.30	MAE: 4.43	RMSE: 8.64
Epoch 368	LOSS: 4.38	MAE: 4.47	RMSE: 8.64
Epoch 369	LOSS: 4.28	MAE: 4.44	RMSE: 8.60
Epoch 370	LOSS: 4.42	MAE: 4.45	RMSE: 8.56
Epoch 371	LOSS: 4.36	MAE: 4.50	RMSE: 8.74
Epoch 372	LOSS: 4.33	MAE: 4.47	RMSE: 8.64
Epoch 373	LOSS: 4.30	MAE: 4.48	RMSE: 8.62
Epoch 374	LOSS: 4.32	MAE: 4.47	RMSE: 8.65
Epoch 375	LOSS: 4.28	MAE: 4.46	RMSE: 8.65
Epoch 376	LOSS: 4.30	MAE: 4.46	RMSE: 8.62
Epoch 377	LOSS: 4.33	MAE: 4.43	RMSE: 8.56
Epoch 378	LOSS: 4.32	MAE: 4.47	RMSE: 8.67
Epoch 379	LOSS: 4.33	MAE: 4.44	RMSE: 8.61
Epoch 380	LOSS: 4.34	MAE: 4.45	RMSE: 8.62
Epoch 381	LOSS: 4.26	MAE: 4.47	RMSE: 8.64
Epoch 382	LOSS: 4.39	MAE: 4.48	RMSE: 8.67
Epoch 383	LOSS: 4.37	MAE: 4.43	RMSE: 8.61
Epoch 384	LOSS: 4.37	MAE: 4.45	RMSE: 8.63
Epoch 385	LOSS: 4.37	MAE: 4.46	RMSE: 8.60
Epoch 386	LOSS: 4.28	MAE: 4.48	RMSE: 8.69
Epoch 387	LOSS: 4.29	MAE: 4.49	RMSE: 8.61
Epoch 388	LOSS: 4.38	MAE: 4.45	RMSE: 8.67
Epoch 389	LOSS: 4.35	MAE: 4.45	RMSE: 8.61
Epoch 390	LOSS: 4.32	MAE: 4.49	RMSE: 8.65
Epoch 391	LOSS: 4.36	MAE: 4.44	RMSE: 8.60
Epoch 392	LOSS: 4.27	MAE: 4.43	RMSE: 8.58
Epoch 393	LOSS: 4.38	MAE: 4.48	RMSE: 8.64
Epoch 394	LOSS: 4.33	MAE: 4.45	RMSE: 8.64
Epoch 395	LOSS: 4.45	MAE: 4.47	RMSE: 8.69
Epoch 396	LOSS: 4.35	MAE: 4.48	RMSE: 8.64
Epoch 397	LOSS: 4.27	MAE: 4.45	RMSE: 8.58
Epoch 398	LOSS: 4.35	MAE: 4.46	RMSE: 8.67
Epoch 399	LOSS: 4.29	MAE: 4.42	RMSE: 8.59
Epoch 400	LOSS: 4.40	MAE: 4.48	RMSE: 8.64
Epoch 401	LOSS: 4.27	MAE: 4.43	RMSE: 8.63
Epoch 402	LOSS: 4.37	MAE: 4.48	RMSE: 8.66
Epoch 403	LOSS: 4.30	MAE: 4.48	RMSE: 8.61
Epoch 404	LOSS: 4.34	MAE: 4.47	RMSE: 8.68
Epoch 405	LOSS: 4.39	MAE: 4.46	RMSE: 8.61
Epoch 406	LOSS: 4.38	MAE: 4.47	RMSE: 8.63
Epoch 407	LOSS: 4.31	MAE: 4.49	RMSE: 8.68
Epoch 408	LOSS: 4.30	MAE: 4.47	RMSE: 8.65
Epoch 409	LOSS: 4.39	MAE: 4.50	RMSE: 8.67
Epoch 410	LOSS: 4.29	MAE: 4.47	RMSE: 8.62
Epoch 411	LOSS: 4.40	MAE: 4.47	RMSE: 8.66
Epoch 412	LOSS: 4.26	MAE: 4.48	RMSE: 8.62
Epoch 413	LOSS: 4.23	MAE: 4.45	RMSE: 8.63
Epoch 414	LOSS: 4.26	MAE: 4.46	RMSE: 8.64
Epoch 415	LOSS: 4.29	MAE: 4.50	RMSE: 8.70
Epoch 416	LOSS: 4.36	MAE: 4.49	RMSE: 8.65
Epoch 417	LOSS: 4.32	MAE: 4.49	RMSE: 8.70
Epoch 418	LOSS: 4.33	MAE: 4.47	RMSE: 8.62
Epoch 419	LOSS: 4.43	MAE: 4.47	RMSE: 8.62
Epoch 420	LOSS: 4.42	MAE: 4.44	RMSE: 8.63
Epoch 421	LOSS: 4.49	MAE: 4.48	RMSE: 8.69
Epoch 422	LOSS: 4.31	MAE: 4.44	RMSE: 8.60
Epoch 423	LOSS: 4.31	MAE: 4.41	RMSE: 8.60
Epoch 424	LOSS: 4.26	MAE: 4.48	RMSE: 8.63
Epoch 425	LOSS: 4.30	MAE: 4.44	RMSE: 8.63
Epoch 426	LOSS: 4.40	MAE: 4.44	RMSE: 8.57
Epoch 427	LOSS: 4.28	MAE: 4.49	RMSE: 8.63
Epoch 428	LOSS: 4.27	MAE: 4.47	RMSE: 8.67
Epoch 429	LOSS: 4.28	MAE: 4.43	RMSE: 8.64
Epoch 430	LOSS: 4.25	MAE: 4.44	RMSE: 8.61
Epoch 431	LOSS: 4.31	MAE: 4.46	RMSE: 8.61
Epoch 432	LOSS: 4.27	MAE: 4.45	RMSE: 8.65
Epoch 433	LOSS: 4.36	MAE: 4.45	RMSE: 8.65
Epoch 434	LOSS: 4.30	MAE: 4.44	RMSE: 8.59
Epoch 435	LOSS: 4.31	MAE: 4.48	RMSE: 8.64
Epoch 436	LOSS: 4.24	MAE: 4.46	RMSE: 8.64
Epoch 437	LOSS: 4.33	MAE: 4.44	RMSE: 8.60
Epoch 438	LOSS: 4.27	MAE: 4.47	RMSE: 8.65
Epoch 439	LOSS: 4.32	MAE: 4.47	RMSE: 8.67
Epoch 440	LOSS: 4.22	MAE: 4.46	RMSE: 8.63
Epoch 441	LOSS: 4.37	MAE: 4.48	RMSE: 8.65
Epoch 442	LOSS: 4.25	MAE: 4.46	RMSE: 8.63
Epoch 443	LOSS: 4.33	MAE: 4.48	RMSE: 8.65
Epoch 444	LOSS: 4.34	MAE: 4.44	RMSE: 8.62
Epoch 445	LOSS: 4.26	MAE: 4.45	RMSE: 8.57
Epoch 446	LOSS: 4.26	MAE: 4.47	RMSE: 8.69
Epoch 447	LOSS: 4.27	MAE: 4.47	RMSE: 8.65
Epoch 448	LOSS: 4.32	MAE: 4.43	RMSE: 8.59
Epoch 449	LOSS: 4.30	MAE: 4.47	RMSE: 8.66
Epoch 450	LOSS: 4.22	MAE: 4.43	RMSE: 8.59
Epoch 451	LOSS: 4.33	MAE: 4.48	RMSE: 8.62
Epoch 452	LOSS: 4.43	MAE: 4.44	RMSE: 8.66
Epoch 453	LOSS: 4.35	MAE: 4.48	RMSE: 8.69
Epoch 454	LOSS: 4.24	MAE: 4.45	RMSE: 8.57
Epoch 455	LOSS: 4.30	MAE: 4.47	RMSE: 8.66
Epoch 456	LOSS: 4.41	MAE: 4.47	RMSE: 8.67
Epoch 457	LOSS: 4.20	MAE: 4.47	RMSE: 8.64
Epoch 458	LOSS: 4.34	MAE: 4.47	RMSE: 8.64
Epoch 459	LOSS: 4.34	MAE: 4.45	RMSE: 8.61
Epoch 460	LOSS: 4.27	MAE: 4.47	RMSE: 8.65
Epoch 461	LOSS: 4.37	MAE: 4.43	RMSE: 8.57
Epoch 462	LOSS: 4.36	MAE: 4.46	RMSE: 8.63
Epoch 463	LOSS: 4.33	MAE: 4.45	RMSE: 8.62
Epoch 464	LOSS: 4.28	MAE: 4.44	RMSE: 8.61
Epoch 465	LOSS: 4.22	MAE: 4.48	RMSE: 8.66
Epoch 466	LOSS: 4.36	MAE: 4.44	RMSE: 8.59
Epoch 467	LOSS: 4.29	MAE: 4.44	RMSE: 8.62
Epoch 468	LOSS: 4.23	MAE: 4.45	RMSE: 8.65
Epoch 469	LOSS: 4.36	MAE: 4.46	RMSE: 8.59
Epoch 470	LOSS: 4.33	MAE: 4.46	RMSE: 8.63
Epoch 471	LOSS: 4.45	MAE: 4.44	RMSE: 8.58
Epoch 472	LOSS: 4.24	MAE: 4.46	RMSE: 8.63
Epoch 473	LOSS: 4.38	MAE: 4.47	RMSE: 8.64
Epoch 474	LOSS: 4.26	MAE: 4.44	RMSE: 8.62
Epoch 475	LOSS: 4.24	MAE: 4.45	RMSE: 8.64
Epoch 476	LOSS: 4.32	MAE: 4.44	RMSE: 8.55
Epoch 477	LOSS: 4.25	MAE: 4.45	RMSE: 8.64
Epoch 478	LOSS: 4.29	MAE: 4.43	RMSE: 8.61
Epoch 479	LOSS: 4.27	MAE: 4.46	RMSE: 8.59
Epoch 480	LOSS: 4.35	MAE: 4.48	RMSE: 8.68
Epoch 481	LOSS: 4.29	MAE: 4.42	RMSE: 8.62
Epoch 482	LOSS: 4.26	MAE: 4.50	RMSE: 8.68
Epoch 483	LOSS: 4.35	MAE: 4.45	RMSE: 8.54
Epoch 484	LOSS: 4.39	MAE: 4.47	RMSE: 8.68
Epoch 485	LOSS: 4.40	MAE: 4.49	RMSE: 8.69
Epoch 486	LOSS: 4.39	MAE: 4.44	RMSE: 8.59
Epoch 487	LOSS: 4.30	MAE: 4.47	RMSE: 8.63
Epoch 488	LOSS: 4.45	MAE: 4.48	RMSE: 8.66
Epoch 489	LOSS: 4.36	MAE: 4.49	RMSE: 8.65
Epoch 490	LOSS: 4.44	MAE: 4.44	RMSE: 8.58
Epoch 491	LOSS: 4.20	MAE: 4.46	RMSE: 8.64
Epoch 492	LOSS: 4.35	MAE: 4.45	RMSE: 8.62
Epoch 493	LOSS: 4.33	MAE: 4.48	RMSE: 8.65
Epoch 494	LOSS: 4.37	MAE: 4.46	RMSE: 8.63
Epoch 495	LOSS: 4.35	MAE: 4.48	RMSE: 8.67
Epoch 496	LOSS: 4.42	MAE: 4.45	RMSE: 8.63
Epoch 497	LOSS: 4.23	MAE: 4.48	RMSE: 8.65
Epoch 498	LOSS: 4.29	MAE: 4.48	RMSE: 8.66
Epoch 499	LOSS: 4.30	MAE: 4.44	RMSE: 8.61
