Epoch 000	LOSS: 232.98	MAE: 218.55	RMSE: 264.85
Epoch 001	LOSS: 229.85	MAE: 217.50	RMSE: 263.97
Epoch 002	LOSS: 225.45	MAE: 216.36	RMSE: 263.01
Epoch 003	LOSS: 228.85	MAE: 215.13	RMSE: 261.97
Epoch 004	LOSS: 229.85	MAE: 213.82	RMSE: 260.86
Epoch 005	LOSS: 228.59	MAE: 212.44	RMSE: 259.70
Epoch 006	LOSS: 221.62	MAE: 211.02	RMSE: 258.48
Epoch 007	LOSS: 220.15	MAE: 209.56	RMSE: 257.23
Epoch 008	LOSS: 218.44	MAE: 208.06	RMSE: 255.95
Epoch 009	LOSS: 217.89	MAE: 206.54	RMSE: 254.65
Epoch 010	LOSS: 215.62	MAE: 205.00	RMSE: 253.32
Epoch 011	LOSS: 213.80	MAE: 203.44	RMSE: 251.96
Epoch 012	LOSS: 213.34	MAE: 201.85	RMSE: 250.58
Epoch 013	LOSS: 213.32	MAE: 200.24	RMSE: 249.18
Epoch 014	LOSS: 208.39	MAE: 198.64	RMSE: 247.77
Epoch 015	LOSS: 209.29	MAE: 197.04	RMSE: 246.37
Epoch 016	LOSS: 202.65	MAE: 195.46	RMSE: 244.96
Epoch 017	LOSS: 203.99	MAE: 193.89	RMSE: 243.57
Epoch 018	LOSS: 201.54	MAE: 192.34	RMSE: 242.18
Epoch 019	LOSS: 200.93	MAE: 190.80	RMSE: 240.80
Epoch 020	LOSS: 201.13	MAE: 189.27	RMSE: 239.40
Epoch 021	LOSS: 201.07	MAE: 187.73	RMSE: 238.00
Epoch 022	LOSS: 196.68	MAE: 186.19	RMSE: 236.60
Epoch 023	LOSS: 196.20	MAE: 184.65	RMSE: 235.18
Epoch 024	LOSS: 193.78	MAE: 183.12	RMSE: 233.77
Epoch 025	LOSS: 192.18	MAE: 181.60	RMSE: 232.34
Epoch 026	LOSS: 193.04	MAE: 180.08	RMSE: 230.92
Epoch 027	LOSS: 189.81	MAE: 178.58	RMSE: 229.49
Epoch 028	LOSS: 187.09	MAE: 177.08	RMSE: 228.06
Epoch 029	LOSS: 183.76	MAE: 175.60	RMSE: 226.64
Epoch 030	LOSS: 182.84	MAE: 174.13	RMSE: 225.21
Epoch 031	LOSS: 182.01	MAE: 172.68	RMSE: 223.79
Epoch 032	LOSS: 182.68	MAE: 171.24	RMSE: 222.38
Epoch 033	LOSS: 180.55	MAE: 169.83	RMSE: 220.97
Epoch 034	LOSS: 178.85	MAE: 168.43	RMSE: 219.57
Epoch 035	LOSS: 176.90	MAE: 167.05	RMSE: 218.17
Epoch 036	LOSS: 173.64	MAE: 165.68	RMSE: 216.77
Epoch 037	LOSS: 175.00	MAE: 164.33	RMSE: 215.36
Epoch 038	LOSS: 175.54	MAE: 162.99	RMSE: 213.96
Epoch 039	LOSS: 170.11	MAE: 161.66	RMSE: 212.55
Epoch 040	LOSS: 171.18	MAE: 160.36	RMSE: 211.16
Epoch 041	LOSS: 171.51	MAE: 159.10	RMSE: 209.79
Epoch 042	LOSS: 166.61	MAE: 157.85	RMSE: 208.43
Epoch 043	LOSS: 167.48	MAE: 156.61	RMSE: 207.06
Epoch 044	LOSS: 165.88	MAE: 155.39	RMSE: 205.69
Epoch 045	LOSS: 164.32	MAE: 154.19	RMSE: 204.34
Epoch 046	LOSS: 160.30	MAE: 153.03	RMSE: 203.00
Epoch 047	LOSS: 159.82	MAE: 151.88	RMSE: 201.67
Epoch 048	LOSS: 158.27	MAE: 150.75	RMSE: 200.35
Epoch 049	LOSS: 155.17	MAE: 149.64	RMSE: 199.04
Epoch 050	LOSS: 154.43	MAE: 148.55	RMSE: 197.73
Epoch 051	LOSS: 154.06	MAE: 147.49	RMSE: 196.44
Epoch 052	LOSS: 152.57	MAE: 146.46	RMSE: 195.17
Epoch 053	LOSS: 150.47	MAE: 145.44	RMSE: 193.91
Epoch 054	LOSS: 153.37	MAE: 144.46	RMSE: 192.67
Epoch 055	LOSS: 153.23	MAE: 143.49	RMSE: 191.44
Epoch 056	LOSS: 148.86	MAE: 142.55	RMSE: 190.25
Epoch 057	LOSS: 148.35	MAE: 141.63	RMSE: 189.06
Epoch 058	LOSS: 147.03	MAE: 140.73	RMSE: 187.88
Epoch 059	LOSS: 146.63	MAE: 139.86	RMSE: 186.75
Epoch 060	LOSS: 145.47	MAE: 139.00	RMSE: 185.63
Epoch 061	LOSS: 141.51	MAE: 138.16	RMSE: 184.53
Epoch 062	LOSS: 143.03	MAE: 137.34	RMSE: 183.48
Epoch 063	LOSS: 143.49	MAE: 136.54	RMSE: 182.47
Epoch 064	LOSS: 138.70	MAE: 135.77	RMSE: 181.54
Epoch 065	LOSS: 138.86	MAE: 134.95	RMSE: 180.54
Epoch 066	LOSS: 137.51	MAE: 134.16	RMSE: 179.68
Epoch 067	LOSS: 135.48	MAE: 133.36	RMSE: 178.87
Epoch 068	LOSS: 135.46	MAE: 132.55	RMSE: 178.06
Epoch 069	LOSS: 133.39	MAE: 131.74	RMSE: 177.34
Epoch 070	LOSS: 131.17	MAE: 130.82	RMSE: 176.44
Epoch 071	LOSS: 127.52	MAE: 129.91	RMSE: 175.71
Epoch 072	LOSS: 126.67	MAE: 128.97	RMSE: 174.85
Epoch 073	LOSS: 128.54	MAE: 128.20	RMSE: 174.23
Epoch 074	LOSS: 126.71	MAE: 127.57	RMSE: 173.48
Epoch 075	LOSS: 125.15	MAE: 127.09	RMSE: 172.87
Epoch 076	LOSS: 123.98	MAE: 126.66	RMSE: 172.05
Epoch 077	LOSS: 124.31	MAE: 126.12	RMSE: 171.31
Epoch 078	LOSS: 123.85	MAE: 125.65	RMSE: 170.37
Epoch 079	LOSS: 123.74	MAE: 125.24	RMSE: 169.68
Epoch 080	LOSS: 122.58	MAE: 124.90	RMSE: 169.09
Epoch 081	LOSS: 121.72	MAE: 124.60	RMSE: 168.55
Epoch 082	LOSS: 121.75	MAE: 124.29	RMSE: 168.14
Epoch 083	LOSS: 120.04	MAE: 124.06	RMSE: 167.71
Epoch 084	LOSS: 119.73	MAE: 123.77	RMSE: 167.35
Epoch 085	LOSS: 121.11	MAE: 123.49	RMSE: 167.01
Epoch 086	LOSS: 119.89	MAE: 123.17	RMSE: 166.62
Epoch 087	LOSS: 119.01	MAE: 122.98	RMSE: 166.29
Epoch 088	LOSS: 118.80	MAE: 122.69	RMSE: 166.05
Epoch 089	LOSS: 116.82	MAE: 122.48	RMSE: 165.77
Epoch 090	LOSS: 116.52	MAE: 122.24	RMSE: 165.52
Epoch 091	LOSS: 116.97	MAE: 122.08	RMSE: 165.16
Epoch 092	LOSS: 116.68	MAE: 121.80	RMSE: 164.92
Epoch 093	LOSS: 115.83	MAE: 121.62	RMSE: 164.64
Epoch 094	LOSS: 114.11	MAE: 121.34	RMSE: 164.40
Epoch 095	LOSS: 116.59	MAE: 121.15	RMSE: 163.99
Epoch 096	LOSS: 116.49	MAE: 120.81	RMSE: 163.67
Epoch 097	LOSS: 113.95	MAE: 120.57	RMSE: 163.36
Epoch 098	LOSS: 113.02	MAE: 120.29	RMSE: 163.06
Epoch 099	LOSS: 112.39	MAE: 120.06	RMSE: 162.66
Epoch 100	LOSS: 113.66	MAE: 119.72	RMSE: 162.39
Epoch 101	LOSS: 113.06	MAE: 119.54	RMSE: 161.97
Epoch 102	LOSS: 112.65	MAE: 119.20	RMSE: 161.72
Epoch 103	LOSS: 112.48	MAE: 118.98	RMSE: 161.49
Epoch 104	LOSS: 108.05	MAE: 118.73	RMSE: 161.36
Epoch 105	LOSS: 109.99	MAE: 118.52	RMSE: 161.13
Epoch 106	LOSS: 111.96	MAE: 118.23	RMSE: 160.94
Epoch 107	LOSS: 111.31	MAE: 118.03	RMSE: 160.58
Epoch 108	LOSS: 109.75	MAE: 117.70	RMSE: 160.49
Epoch 109	LOSS: 109.01	MAE: 117.49	RMSE: 160.08
Epoch 110	LOSS: 110.11	MAE: 117.18	RMSE: 159.94
Epoch 111	LOSS: 109.03	MAE: 116.96	RMSE: 159.60
Epoch 112	LOSS: 108.54	MAE: 116.64	RMSE: 159.61
Epoch 113	LOSS: 106.97	MAE: 116.38	RMSE: 159.20
Epoch 114	LOSS: 107.37	MAE: 116.07	RMSE: 158.81
Epoch 115	LOSS: 106.26	MAE: 115.85	RMSE: 158.68
Epoch 116	LOSS: 107.31	MAE: 115.69	RMSE: 159.37
Epoch 117	LOSS: 106.88	MAE: 115.49	RMSE: 159.18
Epoch 118	LOSS: 105.88	MAE: 115.22	RMSE: 159.09
Epoch 119	LOSS: 103.91	MAE: 114.86	RMSE: 158.12
Epoch 120	LOSS: 104.86	MAE: 114.44	RMSE: 157.57
Epoch 121	LOSS: 104.22	MAE: 114.09	RMSE: 157.28
Epoch 122	LOSS: 104.08	MAE: 113.77	RMSE: 157.08
Epoch 123	LOSS: 103.73	MAE: 113.19	RMSE: 155.18
Epoch 124	LOSS: 102.98	MAE: 112.67	RMSE: 153.83
Epoch 125	LOSS: 100.81	MAE: 112.21	RMSE: 153.70
Epoch 126	LOSS: 100.61	MAE: 111.90	RMSE: 155.13
Epoch 127	LOSS: 100.82	MAE: 111.77	RMSE: 155.78
Epoch 128	LOSS: 99.74	MAE: 111.40	RMSE: 155.93
Epoch 129	LOSS: 98.80	MAE: 110.55	RMSE: 153.13
Epoch 130	LOSS: 97.29	MAE: 110.02	RMSE: 151.85
Epoch 131	LOSS: 96.53	MAE: 109.71	RMSE: 151.54
Epoch 132	LOSS: 98.10	MAE: 109.85	RMSE: 155.03
Epoch 133	LOSS: 98.85	MAE: 110.78	RMSE: 157.82
Epoch 134	LOSS: 96.70	MAE: 109.07	RMSE: 152.08
Epoch 135	LOSS: 96.42	MAE: 108.58	RMSE: 150.02
Epoch 136	LOSS: 96.15	MAE: 107.86	RMSE: 149.53
Epoch 137	LOSS: 94.88	MAE: 107.55	RMSE: 149.58
Epoch 138	LOSS: 94.01	MAE: 107.30	RMSE: 151.33
Epoch 139	LOSS: 93.68	MAE: 107.20	RMSE: 151.66
Epoch 140	LOSS: 94.89	MAE: 106.60	RMSE: 150.92
Epoch 141	LOSS: 94.58	MAE: 105.80	RMSE: 148.31
Epoch 142	LOSS: 95.21	MAE: 105.29	RMSE: 148.20
Epoch 143	LOSS: 93.03	MAE: 105.16	RMSE: 149.24
Epoch 144	LOSS: 92.61	MAE: 104.88	RMSE: 150.04
Epoch 145	LOSS: 91.68	MAE: 104.04	RMSE: 147.12
Epoch 146	LOSS: 91.71	MAE: 103.38	RMSE: 145.67
Epoch 147	LOSS: 91.77	MAE: 108.50	RMSE: 157.33
Epoch 148	LOSS: 91.83	MAE: 103.67	RMSE: 145.50
Epoch 149	LOSS: 91.45	MAE: 106.42	RMSE: 143.01
Epoch 150	LOSS: 91.13	MAE: 104.42	RMSE: 142.16
Epoch 151	LOSS: 90.83	MAE: 101.60	RMSE: 144.06
Epoch 152	LOSS: 92.61	MAE: 103.98	RMSE: 151.56
Epoch 153	LOSS: 90.34	MAE: 103.19	RMSE: 150.13
Epoch 154	LOSS: 91.48	MAE: 102.45	RMSE: 140.83
Epoch 155	LOSS: 88.64	MAE: 102.20	RMSE: 140.16
Epoch 156	LOSS: 90.48	MAE: 103.38	RMSE: 151.08
Epoch 157	LOSS: 89.94	MAE: 101.60	RMSE: 145.64
Epoch 158	LOSS: 89.86	MAE: 100.47	RMSE: 145.67
Epoch 159	LOSS: 88.73	MAE: 99.41	RMSE: 141.57
Epoch 160	LOSS: 90.52	MAE: 99.77	RMSE: 141.81
Epoch 161	LOSS: 90.62	MAE: 102.79	RMSE: 150.31
Epoch 162	LOSS: 88.37	MAE: 99.65	RMSE: 145.29
Epoch 163	LOSS: 89.18	MAE: 99.68	RMSE: 139.50
Epoch 164	LOSS: 86.82	MAE: 98.03	RMSE: 140.55
Epoch 165	LOSS: 90.23	MAE: 99.81	RMSE: 145.99
Epoch 166	LOSS: 86.74	MAE: 98.20	RMSE: 139.50
Epoch 167	LOSS: 89.99	MAE: 98.61	RMSE: 138.23
Epoch 168	LOSS: 87.92	MAE: 100.22	RMSE: 146.89
Epoch 169	LOSS: 88.14	MAE: 97.57	RMSE: 138.49
Epoch 170	LOSS: 87.01	MAE: 97.27	RMSE: 139.54
Epoch 171	LOSS: 87.46	MAE: 105.32	RMSE: 153.05
Epoch 172	LOSS: 86.96	MAE: 106.31	RMSE: 154.95
Epoch 173	LOSS: 86.12	MAE: 102.48	RMSE: 138.79
Epoch 174	LOSS: 88.93	MAE: 105.37	RMSE: 139.74
Epoch 175	LOSS: 87.68	MAE: 103.80	RMSE: 139.44
Epoch 176	LOSS: 89.83	MAE: 102.25	RMSE: 139.56
Epoch 177	LOSS: 87.26	MAE: 101.10	RMSE: 139.72
Epoch 178	LOSS: 86.17	MAE: 100.93	RMSE: 139.88
Epoch 179	LOSS: 85.27	MAE: 99.96	RMSE: 142.03
Epoch 180	LOSS: 86.40	MAE: 101.89	RMSE: 149.32
Epoch 181	LOSS: 84.77	MAE: 97.11	RMSE: 139.79
Epoch 182	LOSS: 85.54	MAE: 96.76	RMSE: 136.46
Epoch 183	LOSS: 85.84	MAE: 106.93	RMSE: 154.69
Epoch 184	LOSS: 84.96	MAE: 97.35	RMSE: 136.85
Epoch 185	LOSS: 85.18	MAE: 104.09	RMSE: 137.60
Epoch 186	LOSS: 85.87	MAE: 104.35	RMSE: 137.90
Epoch 187	LOSS: 86.12	MAE: 103.50	RMSE: 137.76
Epoch 188	LOSS: 87.41	MAE: 103.04	RMSE: 137.74
Epoch 189	LOSS: 84.56	MAE: 102.30	RMSE: 137.32
Epoch 190	LOSS: 84.50	MAE: 98.92	RMSE: 136.83
Epoch 191	LOSS: 86.01	MAE: 100.48	RMSE: 146.78
Epoch 192	LOSS: 87.01	MAE: 108.44	RMSE: 156.67
Epoch 193	LOSS: 84.19	MAE: 97.58	RMSE: 142.42
Epoch 194	LOSS: 86.64	MAE: 99.70	RMSE: 136.84
Epoch 195	LOSS: 85.59	MAE: 100.60	RMSE: 136.78
Epoch 196	LOSS: 85.27	MAE: 98.82	RMSE: 137.09
Epoch 197	LOSS: 86.13	MAE: 98.20	RMSE: 138.45
Epoch 198	LOSS: 85.29	MAE: 97.74	RMSE: 138.57
Epoch 199	LOSS: 82.90	MAE: 97.74	RMSE: 138.18
Epoch 200	LOSS: 85.83	MAE: 97.49	RMSE: 140.25
Epoch 201	LOSS: 83.37	MAE: 99.36	RMSE: 146.11
Epoch 202	LOSS: 83.17	MAE: 95.56	RMSE: 135.39
Epoch 203	LOSS: 80.85	MAE: 94.89	RMSE: 134.69
Epoch 204	LOSS: 82.33	MAE: 97.62	RMSE: 143.63
Epoch 205	LOSS: 82.67	MAE: 94.64	RMSE: 136.02
Epoch 206	LOSS: 83.44	MAE: 97.68	RMSE: 135.04
Epoch 207	LOSS: 82.20	MAE: 97.24	RMSE: 136.38
Epoch 208	LOSS: 82.28	MAE: 96.66	RMSE: 138.39
Epoch 209	LOSS: 82.86	MAE: 96.35	RMSE: 139.05
Epoch 210	LOSS: 83.41	MAE: 94.69	RMSE: 136.53
Epoch 211	LOSS: 80.82	MAE: 96.99	RMSE: 143.29
Epoch 212	LOSS: 81.49	MAE: 93.89	RMSE: 137.52
Epoch 213	LOSS: 82.10	MAE: 93.57	RMSE: 131.52
Epoch 214	LOSS: 78.91	MAE: 92.56	RMSE: 134.12
Epoch 215	LOSS: 81.06	MAE: 97.85	RMSE: 144.75
Epoch 216	LOSS: 80.99	MAE: 92.91	RMSE: 136.24
Epoch 217	LOSS: 79.43	MAE: 92.53	RMSE: 135.96
Epoch 218	LOSS: 80.63	MAE: 91.55	RMSE: 133.86
Epoch 219	LOSS: 79.27	MAE: 91.67	RMSE: 131.30
Epoch 220	LOSS: 80.07	MAE: 91.08	RMSE: 133.67
Epoch 221	LOSS: 78.48	MAE: 90.72	RMSE: 132.47
Epoch 222	LOSS: 78.23	MAE: 90.51	RMSE: 131.23
Epoch 223	LOSS: 78.33	MAE: 91.82	RMSE: 135.68
Epoch 224	LOSS: 79.14	MAE: 90.24	RMSE: 129.98
Epoch 225	LOSS: 78.84	MAE: 89.74	RMSE: 129.70
Epoch 226	LOSS: 77.26	MAE: 94.68	RMSE: 140.11
Epoch 227	LOSS: 78.08	MAE: 90.44	RMSE: 133.20
Epoch 228	LOSS: 77.36	MAE: 89.61	RMSE: 128.00
Epoch 229	LOSS: 77.65	MAE: 90.95	RMSE: 134.42
Epoch 230	LOSS: 77.19	MAE: 88.81	RMSE: 128.69
Epoch 231	LOSS: 79.44	MAE: 103.71	RMSE: 150.50
Epoch 232	LOSS: 77.81	MAE: 113.81	RMSE: 160.81
Epoch 233	LOSS: 76.60	MAE: 92.45	RMSE: 135.55
Epoch 234	LOSS: 78.39	MAE: 99.73	RMSE: 130.78
Epoch 235	LOSS: 77.10	MAE: 101.60	RMSE: 131.71
Epoch 236	LOSS: 79.83	MAE: 99.39	RMSE: 130.67
Epoch 237	LOSS: 79.02	MAE: 97.96	RMSE: 130.09
Epoch 238	LOSS: 77.55	MAE: 97.44	RMSE: 129.97
Epoch 239	LOSS: 76.54	MAE: 94.61	RMSE: 129.74
Epoch 240	LOSS: 76.62	MAE: 92.50	RMSE: 134.37
Epoch 241	LOSS: 77.24	MAE: 98.64	RMSE: 144.86
Epoch 242	LOSS: 75.81	MAE: 99.44	RMSE: 146.36
Epoch 243	LOSS: 77.16	MAE: 92.04	RMSE: 135.93
Epoch 244	LOSS: 75.59	MAE: 90.79	RMSE: 132.09
Epoch 245	LOSS: 76.19	MAE: 90.39	RMSE: 133.64
Epoch 246	LOSS: 77.90	MAE: 90.23	RMSE: 133.51
Epoch 247	LOSS: 76.65	MAE: 88.65	RMSE: 129.46
Epoch 248	LOSS: 76.31	MAE: 88.57	RMSE: 128.67
Epoch 249	LOSS: 74.92	MAE: 91.90	RMSE: 136.42
Epoch 250	LOSS: 75.04	MAE: 90.55	RMSE: 134.42
Epoch 251	LOSS: 75.47	MAE: 87.73	RMSE: 129.12
Epoch 252	LOSS: 75.93	MAE: 104.58	RMSE: 151.30
Epoch 253	LOSS: 75.36	MAE: 89.48	RMSE: 132.54
Epoch 254	LOSS: 73.37	MAE: 90.98	RMSE: 125.45
Epoch 255	LOSS: 75.06	MAE: 89.39	RMSE: 125.05
Epoch 256	LOSS: 74.06	MAE: 87.69	RMSE: 125.47
Epoch 257	LOSS: 73.56	MAE: 88.27	RMSE: 130.57
Epoch 258	LOSS: 73.29	MAE: 88.17	RMSE: 130.75
Epoch 259	LOSS: 74.31	MAE: 88.13	RMSE: 123.91
Epoch 260	LOSS: 74.24	MAE: 90.21	RMSE: 134.23
Epoch 261	LOSS: 73.26	MAE: 89.47	RMSE: 133.00
Epoch 262	LOSS: 73.44	MAE: 85.98	RMSE: 124.01
Epoch 263	LOSS: 73.36	MAE: 85.97	RMSE: 124.52
Epoch 264	LOSS: 73.15	MAE: 86.10	RMSE: 123.25
Epoch 265	LOSS: 71.46	MAE: 85.77	RMSE: 124.71
Epoch 266	LOSS: 72.02	MAE: 93.39	RMSE: 138.64
Epoch 267	LOSS: 71.76	MAE: 85.44	RMSE: 123.26
Epoch 268	LOSS: 73.34	MAE: 85.20	RMSE: 125.59
Epoch 269	LOSS: 71.78	MAE: 89.52	RMSE: 133.63
Epoch 270	LOSS: 71.72	MAE: 85.63	RMSE: 126.50
Epoch 271	LOSS: 70.95	MAE: 85.36	RMSE: 126.51
Epoch 272	LOSS: 72.15	MAE: 85.08	RMSE: 126.45
Epoch 273	LOSS: 72.78	MAE: 84.82	RMSE: 122.34
Epoch 274	LOSS: 71.54	MAE: 91.00	RMSE: 136.23
Epoch 275	LOSS: 71.56	MAE: 84.25	RMSE: 121.04
Epoch 276	LOSS: 72.04	MAE: 86.34	RMSE: 128.04
Epoch 277	LOSS: 69.77	MAE: 83.60	RMSE: 121.82
Epoch 278	LOSS: 70.66	MAE: 84.03	RMSE: 123.73
Epoch 279	LOSS: 72.16	MAE: 87.45	RMSE: 131.00
Epoch 280	LOSS: 69.40	MAE: 83.67	RMSE: 124.38
Epoch 281	LOSS: 70.27	MAE: 83.80	RMSE: 120.13
Epoch 282	LOSS: 70.76	MAE: 84.83	RMSE: 126.79
Epoch 283	LOSS: 70.70	MAE: 83.19	RMSE: 119.35
Epoch 284	LOSS: 69.87	MAE: 82.97	RMSE: 121.46
Epoch 285	LOSS: 69.47	MAE: 85.44	RMSE: 127.36
Epoch 286	LOSS: 68.30	MAE: 83.01	RMSE: 118.88
Epoch 287	LOSS: 69.67	MAE: 89.77	RMSE: 133.91
Epoch 288	LOSS: 69.26	MAE: 84.75	RMSE: 127.57
Epoch 289	LOSS: 69.56	MAE: 83.37	RMSE: 119.13
Epoch 290	LOSS: 68.55	MAE: 81.66	RMSE: 119.95
Epoch 291	LOSS: 70.46	MAE: 82.90	RMSE: 123.97
Epoch 292	LOSS: 68.83	MAE: 81.66	RMSE: 120.32
Epoch 293	LOSS: 67.58	MAE: 83.04	RMSE: 124.39
Epoch 294	LOSS: 67.27	MAE: 81.96	RMSE: 118.01
Epoch 295	LOSS: 68.99	MAE: 84.21	RMSE: 118.33
Epoch 296	LOSS: 68.96	MAE: 81.75	RMSE: 121.60
Epoch 297	LOSS: 66.80	MAE: 81.42	RMSE: 120.00
Epoch 298	LOSS: 68.41	MAE: 81.46	RMSE: 118.10
Epoch 299	LOSS: 67.62	MAE: 81.77	RMSE: 117.48
Epoch 300	LOSS: 67.19	MAE: 86.65	RMSE: 129.52
Epoch 301	LOSS: 66.88	MAE: 80.63	RMSE: 118.99
Epoch 302	LOSS: 69.59	MAE: 91.66	RMSE: 136.68
Epoch 303	LOSS: 66.61	MAE: 82.46	RMSE: 123.14
Epoch 304	LOSS: 68.04	MAE: 85.75	RMSE: 118.66
Epoch 305	LOSS: 67.82	MAE: 83.10	RMSE: 118.80
Epoch 306	LOSS: 67.54	MAE: 86.44	RMSE: 130.13
Epoch 307	LOSS: 65.88	MAE: 88.03	RMSE: 132.54
Epoch 308	LOSS: 68.47	MAE: 82.28	RMSE: 118.58
Epoch 309	LOSS: 68.81	MAE: 83.38	RMSE: 117.37
Epoch 310	LOSS: 66.84	MAE: 80.50	RMSE: 119.62
Epoch 311	LOSS: 69.20	MAE: 85.02	RMSE: 126.85
Epoch 312	LOSS: 67.25	MAE: 82.32	RMSE: 123.58
Epoch 313	LOSS: 65.91	MAE: 80.61	RMSE: 118.66
Epoch 314	LOSS: 65.13	MAE: 81.75	RMSE: 122.86
Epoch 315	LOSS: 65.52	MAE: 82.40	RMSE: 124.09
Epoch 316	LOSS: 65.72	MAE: 80.29	RMSE: 115.92
Epoch 317	LOSS: 64.99	MAE: 80.40	RMSE: 120.19
Epoch 318	LOSS: 65.15	MAE: 80.42	RMSE: 119.76
Epoch 319	LOSS: 65.61	MAE: 80.64	RMSE: 119.31
Epoch 320	LOSS: 64.82	MAE: 81.33	RMSE: 122.73
Epoch 321	LOSS: 65.53	MAE: 80.29	RMSE: 114.82
Epoch 322	LOSS: 65.08	MAE: 80.30	RMSE: 118.12
Epoch 323	LOSS: 64.42	MAE: 80.08	RMSE: 117.70
Epoch 324	LOSS: 64.65	MAE: 79.65	RMSE: 115.05
Epoch 325	LOSS: 64.39	MAE: 81.45	RMSE: 122.39
Epoch 326	LOSS: 64.01	MAE: 79.45	RMSE: 118.50
Epoch 327	LOSS: 65.22	MAE: 78.96	RMSE: 114.95
Epoch 328	LOSS: 64.34	MAE: 84.00	RMSE: 126.00
Epoch 329	LOSS: 63.89	MAE: 80.20	RMSE: 121.02
Epoch 330	LOSS: 64.83	MAE: 81.24	RMSE: 114.46
Epoch 331	LOSS: 65.51	MAE: 78.34	RMSE: 115.56
Epoch 332	LOSS: 64.07	MAE: 78.23	RMSE: 116.64
Epoch 333	LOSS: 65.05	MAE: 85.00	RMSE: 128.31
Epoch 334	LOSS: 63.98	MAE: 86.94	RMSE: 130.46
Epoch 335	LOSS: 63.79	MAE: 79.52	RMSE: 113.13
Epoch 336	LOSS: 63.50	MAE: 78.61	RMSE: 113.05
Epoch 337	LOSS: 63.53	MAE: 82.46	RMSE: 124.04
Epoch 338	LOSS: 63.60	MAE: 78.43	RMSE: 117.00
Epoch 339	LOSS: 62.86	MAE: 77.64	RMSE: 113.52
Epoch 340	LOSS: 64.22	MAE: 79.00	RMSE: 112.76
Epoch 341	LOSS: 62.59	MAE: 77.60	RMSE: 113.17
Epoch 342	LOSS: 63.22	MAE: 87.24	RMSE: 130.42
Epoch 343	LOSS: 62.37	MAE: 79.66	RMSE: 112.56
Epoch 344	LOSS: 65.48	MAE: 84.10	RMSE: 114.55
Epoch 345	LOSS: 63.15	MAE: 81.25	RMSE: 112.99
Epoch 346	LOSS: 61.71	MAE: 78.61	RMSE: 117.05
Epoch 347	LOSS: 62.91	MAE: 78.58	RMSE: 114.07
Epoch 348	LOSS: 63.28	MAE: 80.19	RMSE: 120.07
Epoch 349	LOSS: 62.74	MAE: 79.29	RMSE: 119.40
Epoch 350	LOSS: 63.15	MAE: 78.49	RMSE: 118.00
Epoch 351	LOSS: 61.97	MAE: 77.75	RMSE: 116.65
Epoch 352	LOSS: 62.82	MAE: 77.19	RMSE: 114.33
Epoch 353	LOSS: 61.92	MAE: 78.54	RMSE: 118.02
Epoch 354	LOSS: 61.89	MAE: 76.84	RMSE: 113.71
Epoch 355	LOSS: 60.97	MAE: 76.57	RMSE: 111.54
Epoch 356	LOSS: 61.00	MAE: 78.93	RMSE: 118.87
Epoch 357	LOSS: 60.91	MAE: 76.09	RMSE: 113.36
Epoch 358	LOSS: 62.30	MAE: 81.17	RMSE: 112.03
Epoch 359	LOSS: 61.57	MAE: 77.97	RMSE: 110.77
Epoch 360	LOSS: 66.96	MAE: 100.37	RMSE: 142.75
Epoch 361	LOSS: 65.31	MAE: 113.09	RMSE: 156.22
Epoch 362	LOSS: 63.90	MAE: 102.82	RMSE: 147.56
Epoch 363	LOSS: 64.37	MAE: 80.56	RMSE: 121.70
Epoch 364	LOSS: 63.35	MAE: 79.08	RMSE: 112.78
Epoch 365	LOSS: 61.73	MAE: 78.52	RMSE: 112.34
Epoch 366	LOSS: 63.76	MAE: 77.85	RMSE: 113.31
Epoch 367	LOSS: 60.53	MAE: 76.96	RMSE: 112.32
Epoch 368	LOSS: 60.39	MAE: 76.54	RMSE: 112.19
Epoch 369	LOSS: 60.94	MAE: 78.08	RMSE: 118.26
Epoch 370	LOSS: 59.77	MAE: 75.62	RMSE: 109.90
Epoch 371	LOSS: 59.99	MAE: 76.98	RMSE: 115.91
Epoch 372	LOSS: 60.82	MAE: 76.10	RMSE: 110.54
Epoch 373	LOSS: 62.21	MAE: 77.74	RMSE: 117.04
Epoch 374	LOSS: 62.36	MAE: 81.90	RMSE: 123.08
Epoch 375	LOSS: 60.10	MAE: 76.28	RMSE: 113.15
Epoch 376	LOSS: 61.42	MAE: 78.08	RMSE: 110.68
Epoch 377	LOSS: 60.92	MAE: 75.62	RMSE: 111.35
Epoch 378	LOSS: 61.02	MAE: 79.80	RMSE: 120.02
Epoch 379	LOSS: 59.84	MAE: 76.78	RMSE: 115.80
Epoch 380	LOSS: 60.29	MAE: 75.19	RMSE: 109.75
Epoch 381	LOSS: 60.65	MAE: 81.83	RMSE: 122.96
Epoch 382	LOSS: 60.07	MAE: 92.30	RMSE: 135.47
Epoch 383	LOSS: 60.45	MAE: 77.72	RMSE: 117.96
Epoch 384	LOSS: 60.51	MAE: 76.41	RMSE: 109.92
Epoch 385	LOSS: 60.45	MAE: 78.28	RMSE: 118.92
Epoch 386	LOSS: 60.89	MAE: 83.98	RMSE: 125.99
Epoch 387	LOSS: 59.69	MAE: 75.20	RMSE: 111.71
Epoch 388	LOSS: 58.61	MAE: 76.44	RMSE: 108.75
Epoch 389	LOSS: 60.18	MAE: 75.02	RMSE: 110.23
Epoch 390	LOSS: 59.33	MAE: 74.99	RMSE: 111.41
Epoch 391	LOSS: 58.19	MAE: 75.04	RMSE: 112.06
Epoch 392	LOSS: 58.68	MAE: 79.92	RMSE: 121.53
Epoch 393	LOSS: 59.67	MAE: 75.79	RMSE: 114.52
Epoch 394	LOSS: 58.52	MAE: 77.10	RMSE: 108.56
Epoch 395	LOSS: 58.85	MAE: 75.18	RMSE: 108.17
Epoch 396	LOSS: 61.91	MAE: 102.11	RMSE: 144.49
Epoch 397	LOSS: 61.09	MAE: 114.05	RMSE: 157.47
Epoch 398	LOSS: 62.37	MAE: 91.10	RMSE: 135.17
Epoch 399	LOSS: 63.85	MAE: 77.22	RMSE: 109.92
Epoch 400	LOSS: 61.44	MAE: 82.92	RMSE: 111.07
Epoch 401	LOSS: 60.59	MAE: 76.38	RMSE: 109.61
Epoch 402	LOSS: 65.54	MAE: 81.94	RMSE: 121.40
Epoch 403	LOSS: 62.51	MAE: 84.00	RMSE: 125.01
Epoch 404	LOSS: 60.15	MAE: 78.19	RMSE: 118.23
Epoch 405	LOSS: 63.07	MAE: 76.75	RMSE: 113.16
Epoch 406	LOSS: 60.24	MAE: 75.84	RMSE: 112.79
Epoch 407	LOSS: 59.45	MAE: 77.45	RMSE: 116.43
Epoch 408	LOSS: 63.07	MAE: 77.41	RMSE: 115.20
Epoch 409	LOSS: 58.57	MAE: 74.64	RMSE: 108.65
Epoch 410	LOSS: 57.97	MAE: 75.05	RMSE: 108.08
Epoch 411	LOSS: 58.53	MAE: 77.14	RMSE: 117.01
Epoch 412	LOSS: 57.70	MAE: 73.92	RMSE: 108.17
Epoch 413	LOSS: 58.58	MAE: 74.55	RMSE: 107.49
Epoch 414	LOSS: 59.44	MAE: 95.68	RMSE: 138.30
Epoch 415	LOSS: 59.25	MAE: 96.76	RMSE: 140.71
Epoch 416	LOSS: 59.62	MAE: 81.38	RMSE: 123.44
Epoch 417	LOSS: 56.86	MAE: 74.57	RMSE: 111.34
Epoch 418	LOSS: 60.46	MAE: 74.34	RMSE: 109.93
Epoch 419	LOSS: 60.51	MAE: 74.38	RMSE: 107.42
Epoch 420	LOSS: 58.20	MAE: 75.62	RMSE: 107.42
Epoch 421	LOSS: 58.77	MAE: 74.80	RMSE: 113.03
Epoch 422	LOSS: 57.44	MAE: 79.40	RMSE: 120.47
Epoch 423	LOSS: 58.92	MAE: 73.26	RMSE: 108.20
Epoch 424	LOSS: 57.40	MAE: 75.14	RMSE: 106.78
Epoch 425	LOSS: 57.37	MAE: 76.01	RMSE: 115.15
Epoch 426	LOSS: 57.97	MAE: 82.63	RMSE: 123.98
Epoch 427	LOSS: 58.02	MAE: 74.62	RMSE: 107.17
Epoch 428	LOSS: 59.40	MAE: 86.90	RMSE: 113.06
Epoch 429	LOSS: 59.00	MAE: 86.84	RMSE: 113.41
Epoch 430	LOSS: 59.82	MAE: 79.25	RMSE: 108.47
Epoch 431	LOSS: 57.79	MAE: 74.61	RMSE: 107.01
Epoch 432	LOSS: 58.64	MAE: 73.73	RMSE: 110.15
Epoch 433	LOSS: 57.58	MAE: 79.35	RMSE: 120.09
Epoch 434	LOSS: 57.44	MAE: 74.09	RMSE: 111.62
Epoch 435	LOSS: 57.05	MAE: 74.25	RMSE: 106.39
Epoch 436	LOSS: 56.49	MAE: 74.04	RMSE: 111.73
Epoch 437	LOSS: 57.61	MAE: 73.17	RMSE: 108.44
Epoch 438	LOSS: 57.71	MAE: 74.35	RMSE: 106.88
Epoch 439	LOSS: 56.80	MAE: 73.77	RMSE: 112.07
Epoch 440	LOSS: 58.46	MAE: 76.14	RMSE: 116.00
Epoch 441	LOSS: 56.86	MAE: 72.84	RMSE: 108.03
Epoch 442	LOSS: 56.59	MAE: 72.80	RMSE: 108.14
Epoch 443	LOSS: 57.01	MAE: 78.78	RMSE: 119.43
Epoch 444	LOSS: 59.40	MAE: 80.64	RMSE: 120.79
Epoch 445	LOSS: 57.62	MAE: 73.09	RMSE: 108.17
Epoch 446	LOSS: 57.28	MAE: 74.42	RMSE: 106.14
Epoch 447	LOSS: 57.33	MAE: 73.06	RMSE: 107.64
Epoch 448	LOSS: 57.99	MAE: 74.10	RMSE: 110.58
Epoch 449	LOSS: 56.50	MAE: 72.73	RMSE: 107.54
Epoch 450	LOSS: 56.69	MAE: 73.10	RMSE: 109.78
Epoch 451	LOSS: 56.73	MAE: 77.83	RMSE: 118.12
Epoch 452	LOSS: 55.30	MAE: 73.89	RMSE: 111.99
Epoch 453	LOSS: 56.91	MAE: 76.55	RMSE: 106.45
Epoch 454	LOSS: 58.34	MAE: 81.63	RMSE: 109.38
Epoch 455	LOSS: 56.28	MAE: 75.38	RMSE: 105.90
Epoch 456	LOSS: 56.59	MAE: 78.71	RMSE: 118.64
Epoch 457	LOSS: 55.51	MAE: 77.52	RMSE: 117.84
Epoch 458	LOSS: 56.48	MAE: 73.69	RMSE: 105.57
Epoch 459	LOSS: 55.92	MAE: 72.93	RMSE: 105.24
Epoch 460	LOSS: 56.65	MAE: 72.31	RMSE: 107.22
Epoch 461	LOSS: 55.38	MAE: 72.98	RMSE: 110.03
Epoch 462	LOSS: 55.83	MAE: 78.12	RMSE: 118.93
Epoch 463	LOSS: 55.37	MAE: 71.73	RMSE: 106.66
Epoch 464	LOSS: 55.77	MAE: 72.05	RMSE: 104.83
Epoch 465	LOSS: 54.46	MAE: 72.51	RMSE: 108.45
Epoch 466	LOSS: 55.90	MAE: 72.43	RMSE: 108.26
Epoch 467	LOSS: 55.48	MAE: 75.06	RMSE: 114.48
Epoch 468	LOSS: 55.90	MAE: 73.34	RMSE: 110.94
Epoch 469	LOSS: 55.08	MAE: 72.33	RMSE: 104.30
Epoch 470	LOSS: 56.03	MAE: 75.06	RMSE: 114.67
Epoch 471	LOSS: 54.70	MAE: 71.92	RMSE: 108.23
Epoch 472	LOSS: 56.31	MAE: 84.97	RMSE: 111.47
Epoch 473	LOSS: 56.44	MAE: 87.07	RMSE: 112.82
Epoch 474	LOSS: 55.62	MAE: 77.95	RMSE: 106.45
Epoch 475	LOSS: 58.45	MAE: 92.06	RMSE: 132.45
Epoch 476	LOSS: 59.22	MAE: 94.89	RMSE: 137.23
Epoch 477	LOSS: 59.47	MAE: 80.68	RMSE: 121.09
Epoch 478	LOSS: 55.82	MAE: 76.12	RMSE: 114.01
Epoch 479	LOSS: 57.30	MAE: 75.04	RMSE: 111.00
Epoch 480	LOSS: 54.69	MAE: 74.62	RMSE: 107.35
Epoch 481	LOSS: 54.99	MAE: 74.41	RMSE: 106.64
Epoch 482	LOSS: 55.61	MAE: 72.99	RMSE: 109.78
Epoch 483	LOSS: 54.51	MAE: 74.03	RMSE: 111.75
Epoch 484	LOSS: 55.60	MAE: 71.78	RMSE: 105.36
Epoch 485	LOSS: 53.75	MAE: 71.62	RMSE: 105.35
Epoch 486	LOSS: 56.07	MAE: 75.95	RMSE: 113.74
Epoch 487	LOSS: 53.67	MAE: 72.48	RMSE: 108.58
Epoch 488	LOSS: 55.26	MAE: 72.76	RMSE: 104.12
Epoch 489	LOSS: 53.74	MAE: 71.48	RMSE: 104.68
Epoch 490	LOSS: 55.89	MAE: 75.36	RMSE: 113.75
Epoch 491	LOSS: 53.98	MAE: 72.21	RMSE: 109.12
Epoch 492	LOSS: 54.27	MAE: 72.12	RMSE: 103.77
Epoch 493	LOSS: 53.65	MAE: 70.88	RMSE: 104.41
Epoch 494	LOSS: 55.74	MAE: 77.13	RMSE: 116.02
Epoch 495	LOSS: 54.42	MAE: 73.48	RMSE: 111.24
Epoch 496	LOSS: 54.01	MAE: 71.96	RMSE: 103.25
Epoch 497	LOSS: 53.37	MAE: 72.15	RMSE: 103.01
Epoch 498	LOSS: 56.24	MAE: 72.54	RMSE: 107.93
Epoch 499	LOSS: 54.60	MAE: 72.76	RMSE: 109.19
