Epoch 000	LOSS: 219.16	MAE: 250.18	RMSE: 293.76
Epoch 001	LOSS: 219.69	MAE: 248.83	RMSE: 292.58
Epoch 002	LOSS: 217.87	MAE: 248.46	RMSE: 292.26
Epoch 003	LOSS: 217.57	MAE: 248.21	RMSE: 292.04
Epoch 004	LOSS: 216.91	MAE: 247.96	RMSE: 291.83
Epoch 005	LOSS: 218.12	MAE: 247.71	RMSE: 291.61
Epoch 006	LOSS: 215.15	MAE: 247.46	RMSE: 291.39
Epoch 007	LOSS: 213.19	MAE: 247.21	RMSE: 291.17
Epoch 008	LOSS: 215.26	MAE: 246.95	RMSE: 290.95
Epoch 009	LOSS: 215.90	MAE: 246.68	RMSE: 290.72
Epoch 010	LOSS: 216.92	MAE: 246.41	RMSE: 290.48
Epoch 011	LOSS: 217.18	MAE: 246.14	RMSE: 290.25
Epoch 012	LOSS: 212.79	MAE: 245.86	RMSE: 290.01
Epoch 013	LOSS: 215.61	MAE: 245.58	RMSE: 289.76
Epoch 014	LOSS: 212.65	MAE: 245.30	RMSE: 289.51
Epoch 015	LOSS: 209.56	MAE: 245.01	RMSE: 289.26
Epoch 016	LOSS: 217.27	MAE: 244.71	RMSE: 289.00
Epoch 017	LOSS: 214.88	MAE: 244.42	RMSE: 288.75
Epoch 018	LOSS: 207.29	MAE: 244.12	RMSE: 288.48
Epoch 019	LOSS: 210.88	MAE: 243.81	RMSE: 288.22
Epoch 020	LOSS: 214.30	MAE: 243.50	RMSE: 287.95
Epoch 021	LOSS: 213.20	MAE: 243.19	RMSE: 287.67
Epoch 022	LOSS: 209.99	MAE: 242.87	RMSE: 287.39
Epoch 023	LOSS: 211.84	MAE: 242.55	RMSE: 287.11
Epoch 024	LOSS: 213.18	MAE: 242.22	RMSE: 286.83
Epoch 025	LOSS: 210.62	MAE: 241.89	RMSE: 286.54
Epoch 026	LOSS: 208.41	MAE: 241.56	RMSE: 286.25
Epoch 027	LOSS: 210.71	MAE: 241.22	RMSE: 285.95
Epoch 028	LOSS: 210.23	MAE: 240.88	RMSE: 285.65
Epoch 029	LOSS: 209.18	MAE: 240.53	RMSE: 285.34
Epoch 030	LOSS: 206.49	MAE: 240.18	RMSE: 285.04
Epoch 031	LOSS: 206.87	MAE: 239.83	RMSE: 284.72
Epoch 032	LOSS: 210.98	MAE: 239.47	RMSE: 284.41
Epoch 033	LOSS: 210.12	MAE: 239.11	RMSE: 284.09
Epoch 034	LOSS: 205.36	MAE: 238.74	RMSE: 283.77
Epoch 035	LOSS: 209.12	MAE: 238.37	RMSE: 283.44
Epoch 036	LOSS: 203.99	MAE: 237.99	RMSE: 283.11
Epoch 037	LOSS: 206.08	MAE: 237.61	RMSE: 282.78
Epoch 038	LOSS: 208.57	MAE: 237.23	RMSE: 282.44
Epoch 039	LOSS: 204.18	MAE: 236.85	RMSE: 282.10
Epoch 040	LOSS: 203.82	MAE: 236.46	RMSE: 281.76
Epoch 041	LOSS: 206.53	MAE: 236.07	RMSE: 281.41
Epoch 042	LOSS: 207.29	MAE: 235.67	RMSE: 281.06
Epoch 043	LOSS: 207.04	MAE: 235.27	RMSE: 280.71
Epoch 044	LOSS: 202.95	MAE: 234.87	RMSE: 280.35
Epoch 045	LOSS: 202.40	MAE: 234.46	RMSE: 279.99
Epoch 046	LOSS: 203.32	MAE: 234.05	RMSE: 279.62
Epoch 047	LOSS: 205.50	MAE: 233.64	RMSE: 279.26
Epoch 048	LOSS: 202.44	MAE: 233.22	RMSE: 278.89
Epoch 049	LOSS: 203.16	MAE: 232.80	RMSE: 278.51
Epoch 050	LOSS: 199.96	MAE: 232.38	RMSE: 278.13
Epoch 051	LOSS: 204.20	MAE: 231.95	RMSE: 277.76
Epoch 052	LOSS: 199.14	MAE: 231.52	RMSE: 277.37
Epoch 053	LOSS: 200.12	MAE: 231.09	RMSE: 276.99
Epoch 054	LOSS: 200.93	MAE: 230.65	RMSE: 276.60
Epoch 055	LOSS: 199.80	MAE: 230.21	RMSE: 276.21
Epoch 056	LOSS: 198.66	MAE: 229.77	RMSE: 275.81
Epoch 057	LOSS: 201.18	MAE: 229.33	RMSE: 275.41
Epoch 058	LOSS: 198.57	MAE: 228.88	RMSE: 275.01
Epoch 059	LOSS: 197.07	MAE: 228.43	RMSE: 274.61
Epoch 060	LOSS: 196.42	MAE: 227.98	RMSE: 274.20
Epoch 061	LOSS: 197.59	MAE: 227.52	RMSE: 273.79
Epoch 062	LOSS: 194.06	MAE: 227.06	RMSE: 273.38
Epoch 063	LOSS: 195.67	MAE: 226.60	RMSE: 272.96
Epoch 064	LOSS: 193.93	MAE: 226.13	RMSE: 272.54
Epoch 065	LOSS: 194.61	MAE: 225.67	RMSE: 272.12
Epoch 066	LOSS: 197.11	MAE: 225.20	RMSE: 271.70
Epoch 067	LOSS: 194.38	MAE: 224.73	RMSE: 271.27
Epoch 068	LOSS: 194.46	MAE: 224.25	RMSE: 270.84
Epoch 069	LOSS: 195.07	MAE: 223.77	RMSE: 270.41
Epoch 070	LOSS: 192.55	MAE: 223.30	RMSE: 269.98
Epoch 071	LOSS: 195.46	MAE: 222.81	RMSE: 269.54
Epoch 072	LOSS: 188.01	MAE: 222.33	RMSE: 269.10
Epoch 073	LOSS: 194.47	MAE: 221.84	RMSE: 268.66
Epoch 074	LOSS: 192.14	MAE: 221.35	RMSE: 268.21
Epoch 075	LOSS: 187.05	MAE: 220.86	RMSE: 267.77
Epoch 076	LOSS: 190.29	MAE: 220.37	RMSE: 267.32
Epoch 077	LOSS: 188.13	MAE: 219.88	RMSE: 266.87
Epoch 078	LOSS: 191.06	MAE: 219.38	RMSE: 266.41
Epoch 079	LOSS: 187.92	MAE: 218.88	RMSE: 265.95
Epoch 080	LOSS: 187.49	MAE: 218.38	RMSE: 265.49
Epoch 081	LOSS: 183.46	MAE: 217.88	RMSE: 265.03
Epoch 082	LOSS: 185.98	MAE: 217.37	RMSE: 264.57
Epoch 083	LOSS: 187.46	MAE: 216.87	RMSE: 264.10
Epoch 084	LOSS: 184.62	MAE: 216.36	RMSE: 263.63
Epoch 085	LOSS: 185.95	MAE: 215.85	RMSE: 263.16
Epoch 086	LOSS: 187.66	MAE: 215.34	RMSE: 262.69
Epoch 087	LOSS: 186.07	MAE: 214.83	RMSE: 262.21
Epoch 088	LOSS: 183.97	MAE: 214.32	RMSE: 261.74
Epoch 089	LOSS: 185.26	MAE: 213.80	RMSE: 261.26
Epoch 090	LOSS: 186.63	MAE: 213.28	RMSE: 260.77
Epoch 091	LOSS: 183.23	MAE: 212.77	RMSE: 260.29
Epoch 092	LOSS: 180.58	MAE: 212.25	RMSE: 259.81
Epoch 093	LOSS: 183.07	MAE: 211.73	RMSE: 259.32
Epoch 094	LOSS: 179.32	MAE: 211.21	RMSE: 258.83
Epoch 095	LOSS: 183.23	MAE: 210.68	RMSE: 258.34
Epoch 096	LOSS: 181.69	MAE: 210.16	RMSE: 257.85
Epoch 097	LOSS: 183.33	MAE: 209.64	RMSE: 257.36
Epoch 098	LOSS: 178.92	MAE: 209.11	RMSE: 256.86
Epoch 099	LOSS: 179.16	MAE: 208.59	RMSE: 256.37
Epoch 100	LOSS: 177.32	MAE: 208.06	RMSE: 255.87
Epoch 101	LOSS: 174.30	MAE: 207.53	RMSE: 255.37
Epoch 102	LOSS: 175.70	MAE: 207.01	RMSE: 254.87
Epoch 103	LOSS: 173.59	MAE: 206.48	RMSE: 254.36
Epoch 104	LOSS: 177.81	MAE: 205.95	RMSE: 253.86
Epoch 105	LOSS: 177.69	MAE: 205.42	RMSE: 253.35
Epoch 106	LOSS: 176.29	MAE: 204.89	RMSE: 252.85
Epoch 107	LOSS: 179.15	MAE: 204.36	RMSE: 252.34
Epoch 108	LOSS: 173.11	MAE: 203.82	RMSE: 251.83
Epoch 109	LOSS: 172.23	MAE: 203.29	RMSE: 251.32
Epoch 110	LOSS: 174.61	MAE: 202.76	RMSE: 250.80
Epoch 111	LOSS: 173.49	MAE: 202.22	RMSE: 250.29
Epoch 112	LOSS: 174.51	MAE: 201.69	RMSE: 249.77
Epoch 113	LOSS: 174.18	MAE: 201.15	RMSE: 249.26
Epoch 114	LOSS: 170.74	MAE: 200.62	RMSE: 248.74
Epoch 115	LOSS: 170.95	MAE: 200.08	RMSE: 248.22
Epoch 116	LOSS: 170.22	MAE: 199.55	RMSE: 247.70
Epoch 117	LOSS: 172.04	MAE: 199.01	RMSE: 247.18
Epoch 118	LOSS: 168.43	MAE: 198.48	RMSE: 246.66
Epoch 119	LOSS: 171.22	MAE: 197.94	RMSE: 246.14
Epoch 120	LOSS: 165.52	MAE: 197.40	RMSE: 245.61
Epoch 121	LOSS: 169.63	MAE: 196.87	RMSE: 245.09
Epoch 122	LOSS: 165.62	MAE: 196.33	RMSE: 244.56
Epoch 123	LOSS: 166.50	MAE: 195.80	RMSE: 244.04
Epoch 124	LOSS: 165.69	MAE: 195.26	RMSE: 243.51
Epoch 125	LOSS: 168.04	MAE: 194.73	RMSE: 242.98
Epoch 126	LOSS: 163.27	MAE: 194.20	RMSE: 242.45
Epoch 127	LOSS: 164.17	MAE: 193.66	RMSE: 241.93
Epoch 128	LOSS: 161.53	MAE: 193.13	RMSE: 241.40
Epoch 129	LOSS: 167.54	MAE: 192.60	RMSE: 240.87
Epoch 130	LOSS: 165.32	MAE: 192.07	RMSE: 240.34
Epoch 131	LOSS: 163.08	MAE: 191.53	RMSE: 239.81
Epoch 132	LOSS: 162.54	MAE: 191.00	RMSE: 239.27
Epoch 133	LOSS: 160.14	MAE: 190.47	RMSE: 238.74
Epoch 134	LOSS: 161.28	MAE: 189.95	RMSE: 238.21
Epoch 135	LOSS: 163.16	MAE: 189.42	RMSE: 237.69
Epoch 136	LOSS: 161.43	MAE: 188.90	RMSE: 237.16
Epoch 137	LOSS: 157.93	MAE: 188.37	RMSE: 236.63
Epoch 138	LOSS: 162.65	MAE: 187.85	RMSE: 236.10
Epoch 139	LOSS: 158.49	MAE: 187.33	RMSE: 235.56
Epoch 140	LOSS: 158.57	MAE: 186.80	RMSE: 235.03
Epoch 141	LOSS: 157.82	MAE: 186.28	RMSE: 234.50
Epoch 142	LOSS: 160.50	MAE: 185.76	RMSE: 233.97
Epoch 143	LOSS: 157.94	MAE: 185.24	RMSE: 233.43
Epoch 144	LOSS: 154.88	MAE: 184.73	RMSE: 232.90
Epoch 145	LOSS: 155.39	MAE: 184.21	RMSE: 232.37
Epoch 146	LOSS: 156.33	MAE: 183.70	RMSE: 231.84
Epoch 147	LOSS: 154.91	MAE: 183.19	RMSE: 231.31
Epoch 148	LOSS: 156.81	MAE: 182.68	RMSE: 230.78
Epoch 149	LOSS: 157.49	MAE: 182.17	RMSE: 230.24
Epoch 150	LOSS: 151.88	MAE: 181.66	RMSE: 229.72
Epoch 151	LOSS: 156.65	MAE: 181.16	RMSE: 229.19
Epoch 152	LOSS: 151.50	MAE: 180.65	RMSE: 228.66
Epoch 153	LOSS: 153.39	MAE: 180.15	RMSE: 228.13
Epoch 154	LOSS: 153.29	MAE: 179.65	RMSE: 227.60
Epoch 155	LOSS: 151.69	MAE: 179.15	RMSE: 227.07
Epoch 156	LOSS: 153.97	MAE: 178.65	RMSE: 226.55
Epoch 157	LOSS: 151.82	MAE: 178.16	RMSE: 226.02
Epoch 158	LOSS: 151.25	MAE: 177.67	RMSE: 225.50
Epoch 159	LOSS: 149.31	MAE: 177.18	RMSE: 224.97
Epoch 160	LOSS: 150.37	MAE: 176.69	RMSE: 224.45
Epoch 161	LOSS: 149.57	MAE: 176.20	RMSE: 223.93
Epoch 162	LOSS: 153.15	MAE: 175.72	RMSE: 223.41
Epoch 163	LOSS: 149.56	MAE: 175.23	RMSE: 222.89
Epoch 164	LOSS: 147.57	MAE: 174.75	RMSE: 222.37
Epoch 165	LOSS: 148.86	MAE: 174.27	RMSE: 221.85
Epoch 166	LOSS: 148.13	MAE: 173.80	RMSE: 221.33
Epoch 167	LOSS: 145.76	MAE: 173.32	RMSE: 220.82
Epoch 168	LOSS: 144.47	MAE: 172.86	RMSE: 220.31
Epoch 169	LOSS: 146.16	MAE: 172.39	RMSE: 219.80
Epoch 170	LOSS: 146.69	MAE: 171.93	RMSE: 219.29
Epoch 171	LOSS: 145.93	MAE: 171.47	RMSE: 218.78
Epoch 172	LOSS: 145.70	MAE: 171.01	RMSE: 218.27
Epoch 173	LOSS: 146.25	MAE: 170.55	RMSE: 217.76
Epoch 174	LOSS: 141.36	MAE: 170.10	RMSE: 217.26
Epoch 175	LOSS: 142.59	MAE: 169.65	RMSE: 216.76
Epoch 176	LOSS: 143.05	MAE: 169.20	RMSE: 216.26
Epoch 177	LOSS: 142.33	MAE: 168.76	RMSE: 215.76
Epoch 178	LOSS: 145.70	MAE: 168.32	RMSE: 215.26
Epoch 179	LOSS: 141.01	MAE: 167.88	RMSE: 214.77
Epoch 180	LOSS: 141.16	MAE: 167.44	RMSE: 214.27
Epoch 181	LOSS: 141.46	MAE: 167.01	RMSE: 213.78
Epoch 182	LOSS: 138.05	MAE: 166.58	RMSE: 213.29
Epoch 183	LOSS: 139.92	MAE: 166.15	RMSE: 212.80
Epoch 184	LOSS: 143.53	MAE: 165.72	RMSE: 212.31
Epoch 185	LOSS: 141.13	MAE: 165.30	RMSE: 211.82
Epoch 186	LOSS: 142.33	MAE: 164.88	RMSE: 211.34
Epoch 187	LOSS: 138.14	MAE: 164.47	RMSE: 210.86
Epoch 188	LOSS: 141.72	MAE: 164.06	RMSE: 210.38
Epoch 189	LOSS: 139.50	MAE: 163.65	RMSE: 209.90
Epoch 190	LOSS: 140.66	MAE: 163.24	RMSE: 209.43
Epoch 191	LOSS: 137.67	MAE: 162.84	RMSE: 208.96
Epoch 192	LOSS: 139.38	MAE: 162.44	RMSE: 208.48
Epoch 193	LOSS: 136.68	MAE: 162.05	RMSE: 208.01
Epoch 194	LOSS: 139.21	MAE: 161.65	RMSE: 207.55
Epoch 195	LOSS: 137.77	MAE: 161.27	RMSE: 207.09
Epoch 196	LOSS: 138.53	MAE: 160.89	RMSE: 206.63
Epoch 197	LOSS: 138.39	MAE: 160.52	RMSE: 206.18
Epoch 198	LOSS: 136.73	MAE: 160.14	RMSE: 205.73
Epoch 199	LOSS: 136.49	MAE: 159.77	RMSE: 205.28
Epoch 200	LOSS: 136.29	MAE: 159.41	RMSE: 204.84
Epoch 201	LOSS: 136.02	MAE: 159.05	RMSE: 204.39
Epoch 202	LOSS: 136.91	MAE: 158.69	RMSE: 203.96
Epoch 203	LOSS: 135.67	MAE: 158.34	RMSE: 203.52
Epoch 204	LOSS: 136.63	MAE: 157.99	RMSE: 203.09
Epoch 205	LOSS: 135.41	MAE: 157.64	RMSE: 202.65
Epoch 206	LOSS: 135.86	MAE: 157.29	RMSE: 202.22
Epoch 207	LOSS: 130.89	MAE: 156.94	RMSE: 201.79
Epoch 208	LOSS: 136.38	MAE: 156.60	RMSE: 201.36
Epoch 209	LOSS: 136.26	MAE: 156.26	RMSE: 200.93
Epoch 210	LOSS: 133.63	MAE: 155.92	RMSE: 200.51
Epoch 211	LOSS: 133.51	MAE: 155.59	RMSE: 200.09
Epoch 212	LOSS: 132.75	MAE: 155.26	RMSE: 199.67
Epoch 213	LOSS: 132.21	MAE: 154.94	RMSE: 199.26
Epoch 214	LOSS: 133.78	MAE: 154.62	RMSE: 198.85
Epoch 215	LOSS: 134.10	MAE: 154.29	RMSE: 198.43
Epoch 216	LOSS: 132.18	MAE: 153.97	RMSE: 198.02
Epoch 217	LOSS: 132.70	MAE: 153.66	RMSE: 197.62
Epoch 218	LOSS: 130.55	MAE: 153.35	RMSE: 197.22
Epoch 219	LOSS: 131.94	MAE: 153.05	RMSE: 196.82
Epoch 220	LOSS: 133.18	MAE: 152.74	RMSE: 196.43
Epoch 221	LOSS: 131.01	MAE: 152.44	RMSE: 196.04
Epoch 222	LOSS: 131.09	MAE: 152.14	RMSE: 195.64
Epoch 223	LOSS: 132.40	MAE: 151.85	RMSE: 195.26
Epoch 224	LOSS: 130.29	MAE: 151.55	RMSE: 194.87
Epoch 225	LOSS: 130.53	MAE: 151.26	RMSE: 194.49
Epoch 226	LOSS: 129.86	MAE: 150.97	RMSE: 194.11
Epoch 227	LOSS: 129.32	MAE: 150.69	RMSE: 193.73
Epoch 228	LOSS: 126.83	MAE: 150.40	RMSE: 193.35
Epoch 229	LOSS: 129.03	MAE: 150.12	RMSE: 192.98
Epoch 230	LOSS: 128.66	MAE: 149.85	RMSE: 192.62
Epoch 231	LOSS: 128.39	MAE: 149.57	RMSE: 192.25
Epoch 232	LOSS: 130.45	MAE: 149.30	RMSE: 191.89
Epoch 233	LOSS: 126.98	MAE: 149.04	RMSE: 191.53
Epoch 234	LOSS: 126.31	MAE: 148.77	RMSE: 191.18
Epoch 235	LOSS: 128.59	MAE: 148.51	RMSE: 190.82
Epoch 236	LOSS: 126.71	MAE: 148.25	RMSE: 190.47
Epoch 237	LOSS: 128.95	MAE: 147.99	RMSE: 190.12
Epoch 238	LOSS: 125.99	MAE: 147.73	RMSE: 189.77
Epoch 239	LOSS: 127.90	MAE: 147.48	RMSE: 189.43
Epoch 240	LOSS: 127.16	MAE: 147.23	RMSE: 189.08
Epoch 241	LOSS: 125.81	MAE: 146.98	RMSE: 188.74
Epoch 242	LOSS: 128.07	MAE: 146.74	RMSE: 188.41
Epoch 243	LOSS: 127.54	MAE: 146.49	RMSE: 188.07
Epoch 244	LOSS: 126.97	MAE: 146.25	RMSE: 187.74
Epoch 245	LOSS: 126.00	MAE: 146.02	RMSE: 187.42
Epoch 246	LOSS: 127.70	MAE: 145.79	RMSE: 187.10
Epoch 247	LOSS: 126.39	MAE: 145.56	RMSE: 186.78
Epoch 248	LOSS: 124.08	MAE: 145.33	RMSE: 186.46
Epoch 249	LOSS: 125.07	MAE: 145.10	RMSE: 186.15
Epoch 250	LOSS: 125.61	MAE: 144.88	RMSE: 185.83
Epoch 251	LOSS: 125.96	MAE: 144.65	RMSE: 185.52
Epoch 252	LOSS: 124.15	MAE: 144.43	RMSE: 185.21
Epoch 253	LOSS: 124.62	MAE: 144.21	RMSE: 184.90
Epoch 254	LOSS: 126.35	MAE: 143.99	RMSE: 184.59
Epoch 255	LOSS: 126.01	MAE: 143.78	RMSE: 184.29
Epoch 256	LOSS: 124.64	MAE: 143.56	RMSE: 183.99
Epoch 257	LOSS: 124.65	MAE: 143.35	RMSE: 183.69
Epoch 258	LOSS: 124.96	MAE: 143.14	RMSE: 183.39
Epoch 259	LOSS: 124.79	MAE: 142.93	RMSE: 183.09
Epoch 260	LOSS: 125.47	MAE: 142.72	RMSE: 182.80
Epoch 261	LOSS: 123.76	MAE: 142.52	RMSE: 182.51
Epoch 262	LOSS: 124.63	MAE: 142.32	RMSE: 182.22
Epoch 263	LOSS: 124.99	MAE: 142.12	RMSE: 181.93
Epoch 264	LOSS: 123.42	MAE: 141.92	RMSE: 181.64
Epoch 265	LOSS: 124.48	MAE: 141.72	RMSE: 181.36
Epoch 266	LOSS: 124.89	MAE: 141.53	RMSE: 181.08
Epoch 267	LOSS: 122.62	MAE: 141.34	RMSE: 180.81
Epoch 268	LOSS: 123.41	MAE: 141.15	RMSE: 180.53
Epoch 269	LOSS: 124.26	MAE: 140.96	RMSE: 180.26
Epoch 270	LOSS: 123.41	MAE: 140.77	RMSE: 179.99
Epoch 271	LOSS: 122.73	MAE: 140.59	RMSE: 179.73
Epoch 272	LOSS: 122.34	MAE: 140.41	RMSE: 179.46
Epoch 273	LOSS: 120.36	MAE: 140.23	RMSE: 179.20
Epoch 274	LOSS: 121.11	MAE: 140.06	RMSE: 178.95
Epoch 275	LOSS: 123.38	MAE: 139.88	RMSE: 178.69
Epoch 276	LOSS: 122.97	MAE: 139.71	RMSE: 178.43
Epoch 277	LOSS: 121.74	MAE: 139.53	RMSE: 178.18
Epoch 278	LOSS: 120.89	MAE: 139.37	RMSE: 177.94
Epoch 279	LOSS: 122.62	MAE: 139.20	RMSE: 177.69
Epoch 280	LOSS: 121.21	MAE: 139.04	RMSE: 177.45
Epoch 281	LOSS: 122.59	MAE: 138.88	RMSE: 177.22
Epoch 282	LOSS: 123.08	MAE: 138.72	RMSE: 176.98
Epoch 283	LOSS: 122.14	MAE: 138.57	RMSE: 176.75
Epoch 284	LOSS: 120.18	MAE: 138.42	RMSE: 176.53
Epoch 285	LOSS: 121.52	MAE: 138.27	RMSE: 176.30
Epoch 286	LOSS: 121.20	MAE: 138.11	RMSE: 176.07
Epoch 287	LOSS: 121.63	MAE: 137.96	RMSE: 175.85
Epoch 288	LOSS: 121.38	MAE: 137.81	RMSE: 175.62
Epoch 289	LOSS: 119.14	MAE: 137.67	RMSE: 175.40
Epoch 290	LOSS: 121.60	MAE: 137.52	RMSE: 175.18
Epoch 291	LOSS: 121.16	MAE: 137.38	RMSE: 174.97
Epoch 292	LOSS: 121.01	MAE: 137.24	RMSE: 174.75
Epoch 293	LOSS: 121.81	MAE: 137.09	RMSE: 174.54
Epoch 294	LOSS: 121.03	MAE: 136.96	RMSE: 174.33
Epoch 295	LOSS: 119.40	MAE: 136.82	RMSE: 174.12
Epoch 296	LOSS: 119.65	MAE: 136.69	RMSE: 173.92
Epoch 297	LOSS: 120.95	MAE: 136.56	RMSE: 173.72
Epoch 298	LOSS: 121.75	MAE: 136.43	RMSE: 173.52
Epoch 299	LOSS: 119.75	MAE: 136.30	RMSE: 173.33
Epoch 300	LOSS: 121.07	MAE: 136.17	RMSE: 173.13
Epoch 301	LOSS: 119.95	MAE: 136.04	RMSE: 172.94
Epoch 302	LOSS: 119.25	MAE: 135.92	RMSE: 172.75
Epoch 303	LOSS: 120.44	MAE: 135.80	RMSE: 172.56
Epoch 304	LOSS: 119.29	MAE: 135.68	RMSE: 172.38
Epoch 305	LOSS: 119.97	MAE: 135.56	RMSE: 172.20
Epoch 306	LOSS: 120.98	MAE: 135.45	RMSE: 172.02
Epoch 307	LOSS: 120.57	MAE: 135.33	RMSE: 171.84
Epoch 308	LOSS: 120.15	MAE: 135.22	RMSE: 171.67
Epoch 309	LOSS: 120.63	MAE: 135.11	RMSE: 171.49
Epoch 310	LOSS: 120.63	MAE: 135.00	RMSE: 171.33
Epoch 311	LOSS: 119.29	MAE: 134.89	RMSE: 171.16
Epoch 312	LOSS: 119.30	MAE: 134.79	RMSE: 171.00
Epoch 313	LOSS: 119.19	MAE: 134.69	RMSE: 170.84
Epoch 314	LOSS: 119.39	MAE: 134.58	RMSE: 170.68
Epoch 315	LOSS: 119.94	MAE: 134.48	RMSE: 170.52
Epoch 316	LOSS: 118.48	MAE: 134.38	RMSE: 170.37
Epoch 317	LOSS: 119.04	MAE: 134.29	RMSE: 170.21
Epoch 318	LOSS: 119.17	MAE: 134.19	RMSE: 170.07
Epoch 319	LOSS: 118.97	MAE: 134.10	RMSE: 169.92
Epoch 320	LOSS: 119.06	MAE: 134.01	RMSE: 169.78
Epoch 321	LOSS: 118.92	MAE: 133.92	RMSE: 169.64
Epoch 322	LOSS: 119.76	MAE: 133.83	RMSE: 169.49
Epoch 323	LOSS: 118.72	MAE: 133.73	RMSE: 169.34
Epoch 324	LOSS: 118.73	MAE: 133.64	RMSE: 169.19
Epoch 325	LOSS: 118.56	MAE: 133.55	RMSE: 169.05
Epoch 326	LOSS: 119.69	MAE: 133.46	RMSE: 168.91
Epoch 327	LOSS: 120.04	MAE: 133.37	RMSE: 168.77
Epoch 328	LOSS: 118.25	MAE: 133.29	RMSE: 168.63
Epoch 329	LOSS: 118.71	MAE: 133.20	RMSE: 168.50
Epoch 330	LOSS: 118.68	MAE: 133.12	RMSE: 168.37
Epoch 331	LOSS: 118.67	MAE: 133.04	RMSE: 168.24
Epoch 332	LOSS: 118.68	MAE: 132.96	RMSE: 168.11
Epoch 333	LOSS: 118.63	MAE: 132.88	RMSE: 167.98
Epoch 334	LOSS: 117.81	MAE: 132.80	RMSE: 167.86
Epoch 335	LOSS: 118.99	MAE: 132.73	RMSE: 167.74
Epoch 336	LOSS: 118.22	MAE: 132.66	RMSE: 167.63
Epoch 337	LOSS: 117.75	MAE: 132.58	RMSE: 167.51
Epoch 338	LOSS: 117.76	MAE: 132.51	RMSE: 167.39
Epoch 339	LOSS: 118.63	MAE: 132.44	RMSE: 167.28
Epoch 340	LOSS: 118.83	MAE: 132.38	RMSE: 167.17
Epoch 341	LOSS: 119.12	MAE: 132.31	RMSE: 167.07
Epoch 342	LOSS: 118.12	MAE: 132.56	RMSE: 167.51
Epoch 343	LOSS: 116.85	MAE: 132.33	RMSE: 167.10
Epoch 344	LOSS: 118.31	MAE: 132.16	RMSE: 166.81
Epoch 345	LOSS: 117.06	MAE: 132.10	RMSE: 166.73
Epoch 346	LOSS: 119.02	MAE: 132.03	RMSE: 166.62
Epoch 347	LOSS: 118.55	MAE: 132.05	RMSE: 166.60
Epoch 348	LOSS: 118.16	MAE: 132.07	RMSE: 166.56
Epoch 349	LOSS: 118.72	MAE: 131.98	RMSE: 166.45
Epoch 350	LOSS: 118.39	MAE: 131.89	RMSE: 166.32
Epoch 351	LOSS: 120.50	MAE: 131.74	RMSE: 166.11
Epoch 352	LOSS: 117.49	MAE: 131.64	RMSE: 165.97
Epoch 353	LOSS: 119.03	MAE: 131.59	RMSE: 165.88
Epoch 354	LOSS: 117.55	MAE: 131.53	RMSE: 165.78
Epoch 355	LOSS: 118.11	MAE: 131.46	RMSE: 165.68
Epoch 356	LOSS: 118.22	MAE: 131.41	RMSE: 165.59
Epoch 357	LOSS: 117.79	MAE: 131.35	RMSE: 165.50
Epoch 358	LOSS: 117.26	MAE: 131.30	RMSE: 165.41
Epoch 359	LOSS: 117.02	MAE: 131.24	RMSE: 165.32
Epoch 360	LOSS: 117.94	MAE: 131.19	RMSE: 165.23
Epoch 361	LOSS: 118.22	MAE: 131.14	RMSE: 165.14
Epoch 362	LOSS: 117.16	MAE: 131.09	RMSE: 165.06
Epoch 363	LOSS: 117.83	MAE: 131.03	RMSE: 164.97
Epoch 364	LOSS: 119.00	MAE: 130.98	RMSE: 164.88
Epoch 365	LOSS: 117.86	MAE: 130.93	RMSE: 164.79
Epoch 366	LOSS: 118.03	MAE: 130.88	RMSE: 164.71
Epoch 367	LOSS: 119.27	MAE: 130.83	RMSE: 164.62
Epoch 368	LOSS: 118.33	MAE: 130.78	RMSE: 164.54
Epoch 369	LOSS: 118.71	MAE: 130.72	RMSE: 164.45
Epoch 370	LOSS: 118.94	MAE: 130.68	RMSE: 164.37
Epoch 371	LOSS: 117.28	MAE: 130.63	RMSE: 164.29
Epoch 372	LOSS: 117.30	MAE: 130.58	RMSE: 164.21
Epoch 373	LOSS: 117.71	MAE: 130.54	RMSE: 164.15
Epoch 374	LOSS: 118.54	MAE: 130.50	RMSE: 164.08
Epoch 375	LOSS: 117.30	MAE: 130.46	RMSE: 164.01
Epoch 376	LOSS: 116.35	MAE: 130.42	RMSE: 163.94
Epoch 377	LOSS: 117.89	MAE: 130.38	RMSE: 163.87
Epoch 378	LOSS: 117.60	MAE: 130.34	RMSE: 163.80
Epoch 379	LOSS: 117.62	MAE: 130.30	RMSE: 163.74
Epoch 380	LOSS: 118.20	MAE: 130.26	RMSE: 163.67
Epoch 381	LOSS: 117.72	MAE: 130.22	RMSE: 163.60
Epoch 382	LOSS: 117.40	MAE: 130.19	RMSE: 163.54
Epoch 383	LOSS: 117.92	MAE: 130.15	RMSE: 163.47
Epoch 384	LOSS: 117.32	MAE: 130.11	RMSE: 163.41
Epoch 385	LOSS: 117.54	MAE: 130.08	RMSE: 163.36
Epoch 386	LOSS: 118.79	MAE: 130.05	RMSE: 163.30
Epoch 387	LOSS: 119.26	MAE: 130.02	RMSE: 163.25
Epoch 388	LOSS: 117.25	MAE: 129.98	RMSE: 163.19
Epoch 389	LOSS: 118.32	MAE: 129.95	RMSE: 163.14
Epoch 390	LOSS: 117.17	MAE: 129.92	RMSE: 163.08
Epoch 391	LOSS: 118.38	MAE: 129.89	RMSE: 163.03
Epoch 392	LOSS: 116.67	MAE: 129.86	RMSE: 162.98
Epoch 393	LOSS: 117.70	MAE: 129.83	RMSE: 162.93
Epoch 394	LOSS: 117.83	MAE: 129.80	RMSE: 162.88
Epoch 395	LOSS: 117.98	MAE: 129.78	RMSE: 162.83
Epoch 396	LOSS: 117.35	MAE: 129.75	RMSE: 162.79
Epoch 397	LOSS: 117.37	MAE: 129.73	RMSE: 162.75
Epoch 398	LOSS: 118.65	MAE: 129.70	RMSE: 162.70
Epoch 399	LOSS: 117.58	MAE: 129.68	RMSE: 162.66
Epoch 400	LOSS: 117.72	MAE: 129.65	RMSE: 162.62
Epoch 401	LOSS: 117.91	MAE: 129.63	RMSE: 162.58
Epoch 402	LOSS: 117.51	MAE: 129.60	RMSE: 162.53
Epoch 403	LOSS: 117.55	MAE: 129.58	RMSE: 162.49
Epoch 404	LOSS: 117.81	MAE: 129.56	RMSE: 162.46
Epoch 405	LOSS: 117.25	MAE: 129.54	RMSE: 162.42
Epoch 406	LOSS: 117.61	MAE: 129.51	RMSE: 162.38
Epoch 407	LOSS: 118.00	MAE: 129.49	RMSE: 162.33
Epoch 408	LOSS: 118.74	MAE: 129.46	RMSE: 162.29
Epoch 409	LOSS: 117.12	MAE: 129.44	RMSE: 162.25
Epoch 410	LOSS: 117.74	MAE: 129.42	RMSE: 162.21
Epoch 411	LOSS: 118.48	MAE: 129.40	RMSE: 162.18
Epoch 412	LOSS: 117.42	MAE: 129.38	RMSE: 162.15
Epoch 413	LOSS: 117.54	MAE: 129.36	RMSE: 162.12
Epoch 414	LOSS: 118.50	MAE: 129.37	RMSE: 162.13
Epoch 415	LOSS: 118.61	MAE: 129.30	RMSE: 162.01
Epoch 416	LOSS: 118.27	MAE: 129.28	RMSE: 161.96
Epoch 417	LOSS: 117.99	MAE: 129.26	RMSE: 161.93
Epoch 418	LOSS: 118.21	MAE: 129.24	RMSE: 161.89
Epoch 419	LOSS: 118.19	MAE: 129.22	RMSE: 161.86
Epoch 420	LOSS: 118.37	MAE: 129.20	RMSE: 161.83
Epoch 421	LOSS: 116.87	MAE: 129.19	RMSE: 161.80
Epoch 422	LOSS: 117.25	MAE: 129.17	RMSE: 161.78
Epoch 423	LOSS: 117.48	MAE: 129.15	RMSE: 161.75
Epoch 424	LOSS: 116.91	MAE: 129.14	RMSE: 161.73
Epoch 425	LOSS: 116.99	MAE: 129.14	RMSE: 161.73
Epoch 426	LOSS: 118.23	MAE: 129.14	RMSE: 161.74
Epoch 427	LOSS: 118.04	MAE: 129.16	RMSE: 161.76
Epoch 428	LOSS: 118.04	MAE: 129.25	RMSE: 161.95
Epoch 429	LOSS: 118.52	MAE: 129.70	RMSE: 162.62
Epoch 430	LOSS: 117.47	MAE: 129.47	RMSE: 162.33
Epoch 431	LOSS: 117.64	MAE: 129.59	RMSE: 162.55
Epoch 432	LOSS: 118.11	MAE: 129.59	RMSE: 162.59
Epoch 433	LOSS: 116.57	MAE: 131.36	RMSE: 165.61
Epoch 434	LOSS: 115.49	MAE: 133.73	RMSE: 169.80
Epoch 435	LOSS: 115.67	MAE: 135.02	RMSE: 172.34
Epoch 436	LOSS: 115.14	MAE: 132.95	RMSE: 169.43
Epoch 437	LOSS: 117.19	MAE: 132.04	RMSE: 167.82
Epoch 438	LOSS: 115.32	MAE: 132.59	RMSE: 168.76
Epoch 439	LOSS: 114.65	MAE: 133.78	RMSE: 170.93
Epoch 440	LOSS: 114.27	MAE: 133.11	RMSE: 170.22
Epoch 441	LOSS: 112.88	MAE: 133.19	RMSE: 170.85
Epoch 442	LOSS: 111.83	MAE: 133.11	RMSE: 170.87
Epoch 443	LOSS: 109.31	MAE: 127.08	RMSE: 162.07
Epoch 444	LOSS: 106.41	MAE: 125.20	RMSE: 159.17
Epoch 445	LOSS: 109.84	MAE: 127.12	RMSE: 161.89
Epoch 446	LOSS: 114.48	MAE: 127.92	RMSE: 160.15
Epoch 447	LOSS: 110.00	MAE: 126.77	RMSE: 161.12
Epoch 448	LOSS: 106.91	MAE: 126.06	RMSE: 160.77
Epoch 449	LOSS: 103.96	MAE: 125.62	RMSE: 160.69
Epoch 450	LOSS: 101.08	MAE: 130.06	RMSE: 169.21
Epoch 451	LOSS: 100.78	MAE: 130.31	RMSE: 169.32
Epoch 452	LOSS: 101.81	MAE: 127.72	RMSE: 165.61
Epoch 453	LOSS: 100.01	MAE: 125.32	RMSE: 162.32
Epoch 454	LOSS: 98.75	MAE: 124.56	RMSE: 161.39
Epoch 455	LOSS: 99.22	MAE: 124.94	RMSE: 162.06
Epoch 456	LOSS: 95.66	MAE: 123.75	RMSE: 160.47
Epoch 457	LOSS: 96.68	MAE: 123.79	RMSE: 160.73
Epoch 458	LOSS: 96.89	MAE: 122.70	RMSE: 159.21
Epoch 459	LOSS: 97.09	MAE: 129.08	RMSE: 167.39
Epoch 460	LOSS: 95.10	MAE: 128.55	RMSE: 167.54
Epoch 461	LOSS: 96.86	MAE: 124.85	RMSE: 162.20
Epoch 462	LOSS: 95.91	MAE: 124.82	RMSE: 162.02
Epoch 463	LOSS: 95.74	MAE: 126.19	RMSE: 164.05
Epoch 464	LOSS: 95.25	MAE: 128.08	RMSE: 166.94
Epoch 465	LOSS: 94.36	MAE: 126.99	RMSE: 165.65
Epoch 466	LOSS: 94.78	MAE: 127.18	RMSE: 166.01
Epoch 467	LOSS: 93.93	MAE: 130.95	RMSE: 171.43
Epoch 468	LOSS: 91.98	MAE: 128.93	RMSE: 168.46
Epoch 469	LOSS: 93.43	MAE: 129.59	RMSE: 169.36
Epoch 470	LOSS: 94.72	MAE: 133.27	RMSE: 174.73
Epoch 471	LOSS: 93.06	MAE: 135.48	RMSE: 177.79
Epoch 472	LOSS: 92.46	MAE: 137.05	RMSE: 179.81
Epoch 473	LOSS: 93.43	MAE: 138.88	RMSE: 182.23
Epoch 474	LOSS: 91.14	MAE: 138.18	RMSE: 181.25
Epoch 475	LOSS: 91.66	MAE: 137.59	RMSE: 180.51
Epoch 476	LOSS: 92.51	MAE: 134.74	RMSE: 176.77
Epoch 477	LOSS: 92.08	MAE: 131.66	RMSE: 172.57
Epoch 478	LOSS: 90.98	MAE: 130.87	RMSE: 171.40
Epoch 479	LOSS: 91.64	MAE: 131.95	RMSE: 172.85
Epoch 480	LOSS: 91.71	MAE: 131.10	RMSE: 171.68
Epoch 481	LOSS: 91.25	MAE: 133.48	RMSE: 175.36
Epoch 482	LOSS: 91.72	MAE: 132.68	RMSE: 174.18
Epoch 483	LOSS: 91.66	MAE: 130.36	RMSE: 170.92
Epoch 484	LOSS: 90.82	MAE: 131.71	RMSE: 172.80
Epoch 485	LOSS: 90.07	MAE: 130.67	RMSE: 171.25
Epoch 486	LOSS: 90.68	MAE: 129.52	RMSE: 169.71
Epoch 487	LOSS: 90.92	MAE: 129.48	RMSE: 169.77
Epoch 488	LOSS: 89.53	MAE: 128.05	RMSE: 167.80
Epoch 489	LOSS: 90.34	MAE: 128.16	RMSE: 168.01
Epoch 490	LOSS: 89.17	MAE: 128.54	RMSE: 168.54
Epoch 491	LOSS: 89.50	MAE: 127.55	RMSE: 167.10
Epoch 492	LOSS: 89.07	MAE: 127.75	RMSE: 167.46
Epoch 493	LOSS: 89.73	MAE: 125.94	RMSE: 164.97
Epoch 494	LOSS: 88.49	MAE: 125.13	RMSE: 163.78
Epoch 495	LOSS: 89.33	MAE: 127.55	RMSE: 167.22
Epoch 496	LOSS: 89.34	MAE: 126.32	RMSE: 165.39
Epoch 497	LOSS: 89.82	MAE: 127.79	RMSE: 167.43
Epoch 498	LOSS: 88.31	MAE: 125.28	RMSE: 164.10
Epoch 499	LOSS: 89.72	MAE: 125.82	RMSE: 164.77
