Epoch 000	LOSS: 431.20	MAE: 252.45	RMSE: 295.74
Epoch 001	LOSS: 361.48	MAE: 241.38	RMSE: 286.46
Epoch 002	LOSS: 317.28	MAE: 223.47	RMSE: 269.27
Epoch 003	LOSS: 348.51	MAE: 219.56	RMSE: 263.81
Epoch 004	LOSS: 247.96	MAE: 209.57	RMSE: 256.06
Epoch 005	LOSS: 152.35	MAE: 205.88	RMSE: 255.98
Epoch 006	LOSS: 133.13	MAE: 205.56	RMSE: 255.59
Epoch 007	LOSS: 112.43	MAE: 198.54	RMSE: 250.93
Epoch 008	LOSS: 131.62	MAE: 197.80	RMSE: 249.59
Epoch 009	LOSS: 101.64	MAE: 196.18	RMSE: 249.65
Epoch 010	LOSS: 84.21	MAE: 196.18	RMSE: 250.47
Epoch 011	LOSS: 89.34	MAE: 195.07	RMSE: 249.77
Epoch 012	LOSS: 96.84	MAE: 196.65	RMSE: 250.10
Epoch 013	LOSS: 76.61	MAE: 195.10	RMSE: 250.31
Epoch 014	LOSS: 79.61	MAE: 195.72	RMSE: 250.52
Epoch 015	LOSS: 89.69	MAE: 197.72	RMSE: 251.05
Epoch 016	LOSS: 72.61	MAE: 195.90	RMSE: 250.99
Epoch 017	LOSS: 78.95	MAE: 196.86	RMSE: 251.32
Epoch 018	LOSS: 84.69	MAE: 197.98	RMSE: 251.69
Epoch 019	LOSS: 75.70	MAE: 196.89	RMSE: 251.63
Epoch 020	LOSS: 73.24	MAE: 196.71	RMSE: 251.73
Epoch 021	LOSS: 88.15	MAE: 198.84	RMSE: 252.18
Epoch 022	LOSS: 75.33	MAE: 197.03	RMSE: 251.90
Epoch 023	LOSS: 76.27	MAE: 197.09	RMSE: 251.93
Epoch 024	LOSS: 89.26	MAE: 198.84	RMSE: 252.26
Epoch 025	LOSS: 70.49	MAE: 196.31	RMSE: 251.96
Epoch 026	LOSS: 76.46	MAE: 196.97	RMSE: 252.09
Epoch 027	LOSS: 82.56	MAE: 197.96	RMSE: 252.32
Epoch 028	LOSS: 75.89	MAE: 197.26	RMSE: 252.27
Epoch 029	LOSS: 72.71	MAE: 197.22	RMSE: 252.32
Epoch 030	LOSS: 86.27	MAE: 199.24	RMSE: 252.75
Epoch 031	LOSS: 73.00	MAE: 197.33	RMSE: 252.43
Epoch 032	LOSS: 76.04	MAE: 197.86	RMSE: 252.55
Epoch 033	LOSS: 85.21	MAE: 198.97	RMSE: 252.79
Epoch 034	LOSS: 73.63	MAE: 197.38	RMSE: 252.52
Epoch 035	LOSS: 72.52	MAE: 197.21	RMSE: 252.53
Epoch 036	LOSS: 86.44	MAE: 199.14	RMSE: 252.91
Epoch 037	LOSS: 71.96	MAE: 197.21	RMSE: 252.62
Epoch 038	LOSS: 78.74	MAE: 198.21	RMSE: 252.81
Epoch 039	LOSS: 80.90	MAE: 198.54	RMSE: 252.92
Epoch 040	LOSS: 73.14	MAE: 197.58	RMSE: 252.75
Epoch 041	LOSS: 79.81	MAE: 198.48	RMSE: 252.91
Epoch 042	LOSS: 77.24	MAE: 198.15	RMSE: 252.87
Epoch 043	LOSS: 75.04	MAE: 197.83	RMSE: 252.83
Epoch 044	LOSS: 82.49	MAE: 199.05	RMSE: 253.09
Epoch 045	LOSS: 71.58	MAE: 197.31	RMSE: 252.82
Epoch 046	LOSS: 83.49	MAE: 199.05	RMSE: 253.17
Epoch 047	LOSS: 77.97	MAE: 198.13	RMSE: 253.03
Epoch 048	LOSS: 78.54	MAE: 198.36	RMSE: 253.08
Epoch 049	LOSS: 76.62	MAE: 198.14	RMSE: 253.08
Epoch 050	LOSS: 82.36	MAE: 199.07	RMSE: 253.26
Epoch 051	LOSS: 74.45	MAE: 197.94	RMSE: 253.07
Epoch 052	LOSS: 81.84	MAE: 199.12	RMSE: 253.31
Epoch 053	LOSS: 71.70	MAE: 197.65	RMSE: 253.07
Epoch 054	LOSS: 79.78	MAE: 198.78	RMSE: 253.28
Epoch 055	LOSS: 73.72	MAE: 197.81	RMSE: 253.12
Epoch 056	LOSS: 80.81	MAE: 199.10	RMSE: 253.39
Epoch 057	LOSS: 74.70	MAE: 198.14	RMSE: 253.23
Epoch 058	LOSS: 83.70	MAE: 199.40	RMSE: 253.52
Epoch 059	LOSS: 76.42	MAE: 198.29	RMSE: 253.32
Epoch 060	LOSS: 80.96	MAE: 199.08	RMSE: 253.50
Epoch 061	LOSS: 72.84	MAE: 198.00	RMSE: 253.30
Epoch 062	LOSS: 80.37	MAE: 199.20	RMSE: 253.54
Epoch 063	LOSS: 72.52	MAE: 198.00	RMSE: 253.30
Epoch 064	LOSS: 80.88	MAE: 199.29	RMSE: 253.57
Epoch 065	LOSS: 73.13	MAE: 197.96	RMSE: 253.32
Epoch 066	LOSS: 79.68	MAE: 198.84	RMSE: 253.50
Epoch 067	LOSS: 70.63	MAE: 197.75	RMSE: 253.30
Epoch 068	LOSS: 78.46	MAE: 198.92	RMSE: 253.54
Epoch 069	LOSS: 74.15	MAE: 198.07	RMSE: 253.33
Epoch 070	LOSS: 78.34	MAE: 198.61	RMSE: 253.44
Epoch 071	LOSS: 74.77	MAE: 198.01	RMSE: 253.28
Epoch 072	LOSS: 73.55	MAE: 198.00	RMSE: 253.27
Epoch 073	LOSS: 73.72	MAE: 198.19	RMSE: 253.32
Epoch 074	LOSS: 75.90	MAE: 198.38	RMSE: 253.34
Epoch 075	LOSS: 72.60	MAE: 198.03	RMSE: 253.28
Epoch 076	LOSS: 73.47	MAE: 197.84	RMSE: 253.22
Epoch 077	LOSS: 74.04	MAE: 197.98	RMSE: 253.29
Epoch 078	LOSS: 70.91	MAE: 197.19	RMSE: 253.08
Epoch 079	LOSS: 78.58	MAE: 198.90	RMSE: 253.49
Epoch 080	LOSS: 69.24	MAE: 197.01	RMSE: 253.02
Epoch 081	LOSS: 73.73	MAE: 197.69	RMSE: 253.13
Epoch 082	LOSS: 68.79	MAE: 196.90	RMSE: 252.98
Epoch 083	LOSS: 71.72	MAE: 197.84	RMSE: 253.14
Epoch 084	LOSS: 68.47	MAE: 196.89	RMSE: 252.95
Epoch 085	LOSS: 69.01	MAE: 196.73	RMSE: 252.93
Epoch 086	LOSS: 70.37	MAE: 196.99	RMSE: 252.99
Epoch 087	LOSS: 69.49	MAE: 197.15	RMSE: 253.06
Epoch 088	LOSS: 67.40	MAE: 196.95	RMSE: 253.01
Epoch 089	LOSS: 70.22	MAE: 196.57	RMSE: 252.91
Epoch 090	LOSS: 68.18	MAE: 197.12	RMSE: 253.06
Epoch 091	LOSS: 67.83	MAE: 196.36	RMSE: 252.86
Epoch 092	LOSS: 67.27	MAE: 197.14	RMSE: 253.09
Epoch 093	LOSS: 67.24	MAE: 196.62	RMSE: 252.92
Epoch 094	LOSS: 65.00	MAE: 196.67	RMSE: 252.97
Epoch 095	LOSS: 68.97	MAE: 196.47	RMSE: 252.91
Epoch 096	LOSS: 66.20	MAE: 196.79	RMSE: 253.00
Epoch 097	LOSS: 64.69	MAE: 196.03	RMSE: 252.82
Epoch 098	LOSS: 68.76	MAE: 197.00	RMSE: 253.04
Epoch 099	LOSS: 65.38	MAE: 196.36	RMSE: 252.90
Epoch 100	LOSS: 65.68	MAE: 196.67	RMSE: 252.99
Epoch 101	LOSS: 65.02	MAE: 196.43	RMSE: 252.91
Epoch 102	LOSS: 66.08	MAE: 196.80	RMSE: 253.03
Epoch 103	LOSS: 64.61	MAE: 196.13	RMSE: 252.85
Epoch 104	LOSS: 67.14	MAE: 196.64	RMSE: 252.97
Epoch 105	LOSS: 63.58	MAE: 196.27	RMSE: 252.89
Epoch 106	LOSS: 60.77	MAE: 195.82	RMSE: 252.82
Epoch 107	LOSS: 70.11	MAE: 197.33	RMSE: 253.13
Epoch 108	LOSS: 58.68	MAE: 195.43	RMSE: 252.73
Epoch 109	LOSS: 68.69	MAE: 197.42	RMSE: 253.15
Epoch 110	LOSS: 59.43	MAE: 195.31	RMSE: 252.71
Epoch 111	LOSS: 67.91	MAE: 196.80	RMSE: 253.02
Epoch 112	LOSS: 59.85	MAE: 195.55	RMSE: 252.76
Epoch 113	LOSS: 67.59	MAE: 196.92	RMSE: 253.05
Epoch 114	LOSS: 61.18	MAE: 195.79	RMSE: 252.81
Epoch 115	LOSS: 67.64	MAE: 196.67	RMSE: 252.99
Epoch 116	LOSS: 55.73	MAE: 195.34	RMSE: 252.75
Epoch 117	LOSS: 67.06	MAE: 196.75	RMSE: 253.01
Epoch 118	LOSS: 60.42	MAE: 195.63	RMSE: 252.79
Epoch 119	LOSS: 65.28	MAE: 196.71	RMSE: 253.03
Epoch 120	LOSS: 62.99	MAE: 195.89	RMSE: 252.82
Epoch 121	LOSS: 60.59	MAE: 196.05	RMSE: 252.90
Epoch 122	LOSS: 67.21	MAE: 196.76	RMSE: 252.98
Epoch 123	LOSS: 60.17	MAE: 195.62	RMSE: 252.78
Epoch 124	LOSS: 67.29	MAE: 197.16	RMSE: 253.14
Epoch 125	LOSS: 59.58	MAE: 195.61	RMSE: 252.79
Epoch 126	LOSS: 67.37	MAE: 196.55	RMSE: 252.97
Epoch 127	LOSS: 59.40	MAE: 195.71	RMSE: 252.82
Epoch 128	LOSS: 66.11	MAE: 196.67	RMSE: 252.98
Epoch 129	LOSS: 59.88	MAE: 195.82	RMSE: 252.86
Epoch 130	LOSS: 63.62	MAE: 196.36	RMSE: 252.93
Epoch 131	LOSS: 60.55	MAE: 196.06	RMSE: 252.90
Epoch 132	LOSS: 59.87	MAE: 195.63	RMSE: 252.79
Epoch 133	LOSS: 63.74	MAE: 196.51	RMSE: 253.01
Epoch 134	LOSS: 64.95	MAE: 196.30	RMSE: 252.92
Epoch 135	LOSS: 62.24	MAE: 196.11	RMSE: 252.89
Epoch 136	LOSS: 62.71	MAE: 196.14	RMSE: 252.91
Epoch 137	LOSS: 64.24	MAE: 196.10	RMSE: 252.87
Epoch 138	LOSS: 62.28	MAE: 196.22	RMSE: 252.92
Epoch 139	LOSS: 62.75	MAE: 196.14	RMSE: 252.90
Epoch 140	LOSS: 63.98	MAE: 196.22	RMSE: 252.92
Epoch 141	LOSS: 60.98	MAE: 195.94	RMSE: 252.87
Epoch 142	LOSS: 65.08	MAE: 196.39	RMSE: 252.95
Epoch 143	LOSS: 58.68	MAE: 195.47	RMSE: 252.75
Epoch 144	LOSS: 68.14	MAE: 197.17	RMSE: 253.13
Epoch 145	LOSS: 59.30	MAE: 195.58	RMSE: 252.77
Epoch 146	LOSS: 64.07	MAE: 196.53	RMSE: 252.99
Epoch 147	LOSS: 55.79	MAE: 195.23	RMSE: 252.74
Epoch 148	LOSS: 64.14	MAE: 196.55	RMSE: 252.99
Epoch 149	LOSS: 62.85	MAE: 196.17	RMSE: 252.90
Epoch 150	LOSS: 61.30	MAE: 196.01	RMSE: 252.87
Epoch 151	LOSS: 62.46	MAE: 195.88	RMSE: 252.84
Epoch 152	LOSS: 64.00	MAE: 196.30	RMSE: 252.95
Epoch 153	LOSS: 62.11	MAE: 195.96	RMSE: 252.87
Epoch 154	LOSS: 62.79	MAE: 196.47	RMSE: 253.00
Epoch 155	LOSS: 61.30	MAE: 195.96	RMSE: 252.86
Epoch 156	LOSS: 62.57	MAE: 196.41	RMSE: 252.95
Epoch 157	LOSS: 61.39	MAE: 196.06	RMSE: 252.88
Epoch 158	LOSS: 63.46	MAE: 195.98	RMSE: 252.86
Epoch 159	LOSS: 63.62	MAE: 196.23	RMSE: 252.92
Epoch 160	LOSS: 61.31	MAE: 195.98	RMSE: 252.85
Epoch 161	LOSS: 62.54	MAE: 196.16	RMSE: 252.88
Epoch 162	LOSS: 63.15	MAE: 196.32	RMSE: 252.93
Epoch 163	LOSS: 60.11	MAE: 195.86	RMSE: 252.87
Epoch 164	LOSS: 64.09	MAE: 196.36	RMSE: 252.95
Epoch 165	LOSS: 59.46	MAE: 195.75	RMSE: 252.83
Epoch 166	LOSS: 62.96	MAE: 196.23	RMSE: 252.90
Epoch 167	LOSS: 58.43	MAE: 195.70	RMSE: 252.81
Epoch 168	LOSS: 64.59	MAE: 196.44	RMSE: 252.96
Epoch 169	LOSS: 59.13	MAE: 195.67	RMSE: 252.81
Epoch 170	LOSS: 65.61	MAE: 196.67	RMSE: 253.02
Epoch 171	LOSS: 56.49	MAE: 195.33	RMSE: 252.74
Epoch 172	LOSS: 67.94	MAE: 196.99	RMSE: 253.08
Epoch 173	LOSS: 56.03	MAE: 195.14	RMSE: 252.70
Epoch 174	LOSS: 66.92	MAE: 196.88	RMSE: 253.05
Epoch 175	LOSS: 56.85	MAE: 195.38	RMSE: 252.74
Epoch 176	LOSS: 66.66	MAE: 197.05	RMSE: 253.08
Epoch 177	LOSS: 56.21	MAE: 195.33	RMSE: 252.75
Epoch 178	LOSS: 64.91	MAE: 196.42	RMSE: 252.96
Epoch 179	LOSS: 56.28	MAE: 195.38	RMSE: 252.76
Epoch 180	LOSS: 67.99	MAE: 196.78	RMSE: 253.01
Epoch 181	LOSS: 57.74	MAE: 195.67	RMSE: 252.81
Epoch 182	LOSS: 61.88	MAE: 196.06	RMSE: 252.86
Epoch 183	LOSS: 58.97	MAE: 195.59	RMSE: 252.79
Epoch 184	LOSS: 62.29	MAE: 196.02	RMSE: 252.86
Epoch 185	LOSS: 60.70	MAE: 195.94	RMSE: 252.84
Epoch 186	LOSS: 62.93	MAE: 196.33	RMSE: 252.93
Epoch 187	LOSS: 56.74	MAE: 195.42	RMSE: 252.77
Epoch 188	LOSS: 64.85	MAE: 196.63	RMSE: 253.00
Epoch 189	LOSS: 58.13	MAE: 195.58	RMSE: 252.78
Epoch 190	LOSS: 65.78	MAE: 196.64	RMSE: 253.00
Epoch 191	LOSS: 58.20	MAE: 195.50	RMSE: 252.77
Epoch 192	LOSS: 63.96	MAE: 196.52	RMSE: 252.97
Epoch 193	LOSS: 56.33	MAE: 195.30	RMSE: 252.72
Epoch 194	LOSS: 62.63	MAE: 196.38	RMSE: 252.93
Epoch 195	LOSS: 57.74	MAE: 195.41	RMSE: 252.75
Epoch 196	LOSS: 65.03	MAE: 196.62	RMSE: 252.99
Epoch 197	LOSS: 56.37	MAE: 195.31	RMSE: 252.73
Epoch 198	LOSS: 64.13	MAE: 196.40	RMSE: 252.93
Epoch 199	LOSS: 55.94	MAE: 195.30	RMSE: 252.72
Epoch 200	LOSS: 61.90	MAE: 196.20	RMSE: 252.90
Epoch 201	LOSS: 56.84	MAE: 195.41	RMSE: 252.76
Epoch 202	LOSS: 65.50	MAE: 196.74	RMSE: 253.01
Epoch 203	LOSS: 55.98	MAE: 195.18	RMSE: 252.69
Epoch 204	LOSS: 64.25	MAE: 196.38	RMSE: 252.91
Epoch 205	LOSS: 57.73	MAE: 195.59	RMSE: 252.77
Epoch 206	LOSS: 64.52	MAE: 196.75	RMSE: 253.00
Epoch 207	LOSS: 55.59	MAE: 195.32	RMSE: 252.72
Epoch 208	LOSS: 61.92	MAE: 196.18	RMSE: 252.89
Epoch 209	LOSS: 56.76	MAE: 195.34	RMSE: 252.72
Epoch 210	LOSS: 63.85	MAE: 196.49	RMSE: 252.95
Epoch 211	LOSS: 57.35	MAE: 195.40	RMSE: 252.72
Epoch 212	LOSS: 62.66	MAE: 196.37	RMSE: 252.90
Epoch 213	LOSS: 55.68	MAE: 195.13	RMSE: 252.68
Epoch 214	LOSS: 65.09	MAE: 196.60	RMSE: 252.97
Epoch 215	LOSS: 55.84	MAE: 195.38	RMSE: 252.73
Epoch 216	LOSS: 59.87	MAE: 195.82	RMSE: 252.80
Epoch 217	LOSS: 61.87	MAE: 196.18	RMSE: 252.86
Epoch 218	LOSS: 61.74	MAE: 196.22	RMSE: 252.87
Epoch 219	LOSS: 55.98	MAE: 195.27	RMSE: 252.69
Epoch 220	LOSS: 58.18	MAE: 195.73	RMSE: 252.77
Epoch 221	LOSS: 58.89	MAE: 195.79	RMSE: 252.80
Epoch 222	LOSS: 61.07	MAE: 195.80	RMSE: 252.76
Epoch 223	LOSS: 55.71	MAE: 195.59	RMSE: 252.76
Epoch 224	LOSS: 63.37	MAE: 196.25	RMSE: 252.84
Epoch 225	LOSS: 57.29	MAE: 195.73	RMSE: 252.77
Epoch 226	LOSS: 59.96	MAE: 195.85	RMSE: 252.80
Epoch 227	LOSS: 58.23	MAE: 195.41	RMSE: 252.69
Epoch 228	LOSS: 61.35	MAE: 196.57	RMSE: 252.96
Epoch 229	LOSS: 56.43	MAE: 195.07	RMSE: 252.64
Epoch 230	LOSS: 64.78	MAE: 196.65	RMSE: 252.95
Epoch 231	LOSS: 54.50	MAE: 195.14	RMSE: 252.65
Epoch 232	LOSS: 61.78	MAE: 196.08	RMSE: 252.81
Epoch 233	LOSS: 56.50	MAE: 195.42	RMSE: 252.73
Epoch 234	LOSS: 64.71	MAE: 196.30	RMSE: 252.84
Epoch 235	LOSS: 53.99	MAE: 195.11	RMSE: 252.65
Epoch 236	LOSS: 63.80	MAE: 196.49	RMSE: 252.92
Epoch 237	LOSS: 54.93	MAE: 195.05	RMSE: 252.63
Epoch 238	LOSS: 64.32	MAE: 196.68	RMSE: 252.95
Epoch 239	LOSS: 54.62	MAE: 195.06	RMSE: 252.62
Epoch 240	LOSS: 63.34	MAE: 196.41	RMSE: 252.88
Epoch 241	LOSS: 54.12	MAE: 195.13	RMSE: 252.63
Epoch 242	LOSS: 61.97	MAE: 196.19	RMSE: 252.82
Epoch 243	LOSS: 55.50	MAE: 195.25	RMSE: 252.67
Epoch 244	LOSS: 61.65	MAE: 196.21	RMSE: 252.83
Epoch 245	LOSS: 53.95	MAE: 195.06	RMSE: 252.63
Epoch 246	LOSS: 61.08	MAE: 196.24	RMSE: 252.84
Epoch 247	LOSS: 54.38	MAE: 195.21	RMSE: 252.65
Epoch 248	LOSS: 62.20	MAE: 196.37	RMSE: 252.88
Epoch 249	LOSS: 55.25	MAE: 195.25	RMSE: 252.65
Epoch 250	LOSS: 59.86	MAE: 196.14	RMSE: 252.82
Epoch 251	LOSS: 57.37	MAE: 195.39	RMSE: 252.68
Epoch 252	LOSS: 61.11	MAE: 195.99	RMSE: 252.77
Epoch 253	LOSS: 56.18	MAE: 195.35	RMSE: 252.67
Epoch 254	LOSS: 59.46	MAE: 195.93	RMSE: 252.76
Epoch 255	LOSS: 54.61	MAE: 195.18	RMSE: 252.64
Epoch 256	LOSS: 62.52	MAE: 196.27	RMSE: 252.84
Epoch 257	LOSS: 53.55	MAE: 195.07	RMSE: 252.62
Epoch 258	LOSS: 63.65	MAE: 196.42	RMSE: 252.87
Epoch 259	LOSS: 54.23	MAE: 195.01	RMSE: 252.60
Epoch 260	LOSS: 61.81	MAE: 196.18	RMSE: 252.81
Epoch 261	LOSS: 53.32	MAE: 195.02	RMSE: 252.60
Epoch 262	LOSS: 61.67	MAE: 195.98	RMSE: 252.78
Epoch 263	LOSS: 56.00	MAE: 195.40	RMSE: 252.66
Epoch 264	LOSS: 58.37	MAE: 195.61	RMSE: 252.71
Epoch 265	LOSS: 55.16	MAE: 194.97	RMSE: 252.59
Epoch 266	LOSS: 63.91	MAE: 196.51	RMSE: 252.87
Epoch 267	LOSS: 50.25	MAE: 194.66	RMSE: 252.54
Epoch 268	LOSS: 61.17	MAE: 196.12	RMSE: 252.80
Epoch 269	LOSS: 52.73	MAE: 194.75	RMSE: 252.55
Epoch 270	LOSS: 62.91	MAE: 196.34	RMSE: 252.83
Epoch 271	LOSS: 54.43	MAE: 194.98	RMSE: 252.58
Epoch 272	LOSS: 60.69	MAE: 195.98	RMSE: 252.77
Epoch 273	LOSS: 54.10	MAE: 195.02	RMSE: 252.58
Epoch 274	LOSS: 59.97	MAE: 195.79	RMSE: 252.73
Epoch 275	LOSS: 52.74	MAE: 194.83	RMSE: 252.56
Epoch 276	LOSS: 63.43	MAE: 196.46	RMSE: 252.85
Epoch 277	LOSS: 53.91	MAE: 195.07	RMSE: 252.59
Epoch 278	LOSS: 59.05	MAE: 195.70	RMSE: 252.71
Epoch 279	LOSS: 58.15	MAE: 195.40	RMSE: 252.64
Epoch 280	LOSS: 55.00	MAE: 195.05	RMSE: 252.58
Epoch 281	LOSS: 62.34	MAE: 196.00	RMSE: 252.76
Epoch 282	LOSS: 53.58	MAE: 195.00	RMSE: 252.57
Epoch 283	LOSS: 62.67	MAE: 196.20	RMSE: 252.80
Epoch 284	LOSS: 52.65	MAE: 194.69	RMSE: 252.53
Epoch 285	LOSS: 63.92	MAE: 196.37	RMSE: 252.84
Epoch 286	LOSS: 53.19	MAE: 194.79	RMSE: 252.55
Epoch 287	LOSS: 60.41	MAE: 196.04	RMSE: 252.76
Epoch 288	LOSS: 54.26	MAE: 195.07	RMSE: 252.60
Epoch 289	LOSS: 58.58	MAE: 195.56	RMSE: 252.66
Epoch 290	LOSS: 59.81	MAE: 195.76	RMSE: 252.71
Epoch 291	LOSS: 52.86	MAE: 194.70	RMSE: 252.51
Epoch 292	LOSS: 60.02	MAE: 195.83	RMSE: 252.73
Epoch 293	LOSS: 56.89	MAE: 195.23	RMSE: 252.60
Epoch 294	LOSS: 56.27	MAE: 195.40	RMSE: 252.67
Epoch 295	LOSS: 58.17	MAE: 195.31	RMSE: 252.62
Epoch 296	LOSS: 56.14	MAE: 195.25	RMSE: 252.60
Epoch 297	LOSS: 57.48	MAE: 195.56	RMSE: 252.69
Epoch 298	LOSS: 57.48	MAE: 195.30	RMSE: 252.61
Epoch 299	LOSS: 56.04	MAE: 195.34	RMSE: 252.64
Epoch 300	LOSS: 58.99	MAE: 195.41	RMSE: 252.64
Epoch 301	LOSS: 56.35	MAE: 195.11	RMSE: 252.59
Epoch 302	LOSS: 60.35	MAE: 195.87	RMSE: 252.73
Epoch 303	LOSS: 53.96	MAE: 194.75	RMSE: 252.52
Epoch 304	LOSS: 60.50	MAE: 195.97	RMSE: 252.75
Epoch 305	LOSS: 53.28	MAE: 194.64	RMSE: 252.50
Epoch 306	LOSS: 59.61	MAE: 195.76	RMSE: 252.70
Epoch 307	LOSS: 55.21	MAE: 195.12	RMSE: 252.59
Epoch 308	LOSS: 56.72	MAE: 195.31	RMSE: 252.62
Epoch 309	LOSS: 59.19	MAE: 195.66	RMSE: 252.67
Epoch 310	LOSS: 52.79	MAE: 194.81	RMSE: 252.53
Epoch 311	LOSS: 56.81	MAE: 195.34	RMSE: 252.64
Epoch 312	LOSS: 55.88	MAE: 195.35	RMSE: 252.61
Epoch 313	LOSS: 56.53	MAE: 195.13	RMSE: 252.59
Epoch 314	LOSS: 57.00	MAE: 195.17	RMSE: 252.59
Epoch 315	LOSS: 58.28	MAE: 195.83	RMSE: 252.71
Epoch 316	LOSS: 54.45	MAE: 194.91	RMSE: 252.55
Epoch 317	LOSS: 58.19	MAE: 195.49	RMSE: 252.66
Epoch 318	LOSS: 55.91	MAE: 195.29	RMSE: 252.59
Epoch 319	LOSS: 53.88	MAE: 194.79	RMSE: 252.54
Epoch 320	LOSS: 58.11	MAE: 195.39	RMSE: 252.64
Epoch 321	LOSS: 57.05	MAE: 195.57	RMSE: 252.65
Epoch 322	LOSS: 53.43	MAE: 194.70	RMSE: 252.53
Epoch 323	LOSS: 58.78	MAE: 195.63	RMSE: 252.69
Epoch 324	LOSS: 56.87	MAE: 195.39	RMSE: 252.60
Epoch 325	LOSS: 52.35	MAE: 194.60	RMSE: 252.50
Epoch 326	LOSS: 59.77	MAE: 195.72	RMSE: 252.70
Epoch 327	LOSS: 56.29	MAE: 195.29	RMSE: 252.59
Epoch 328	LOSS: 54.32	MAE: 194.84	RMSE: 252.54
Epoch 329	LOSS: 57.77	MAE: 195.44	RMSE: 252.62
Epoch 330	LOSS: 55.30	MAE: 195.04	RMSE: 252.56
Epoch 331	LOSS: 57.76	MAE: 195.45	RMSE: 252.64
Epoch 332	LOSS: 54.72	MAE: 194.95	RMSE: 252.55
Epoch 333	LOSS: 57.58	MAE: 195.33	RMSE: 252.60
Epoch 334	LOSS: 56.15	MAE: 195.14	RMSE: 252.58
Epoch 335	LOSS: 56.96	MAE: 195.22	RMSE: 252.60
Epoch 336	LOSS: 55.60	MAE: 194.96	RMSE: 252.55
Epoch 337	LOSS: 58.25	MAE: 195.39	RMSE: 252.62
Epoch 338	LOSS: 55.40	MAE: 195.05	RMSE: 252.57
Epoch 339	LOSS: 60.20	MAE: 195.70	RMSE: 252.67
Epoch 340	LOSS: 49.09	MAE: 194.14	RMSE: 252.42
Epoch 341	LOSS: 60.24	MAE: 195.77	RMSE: 252.69
Epoch 342	LOSS: 51.56	MAE: 194.46	RMSE: 252.46
Epoch 343	LOSS: 60.93	MAE: 195.98	RMSE: 252.73
Epoch 344	LOSS: 51.66	MAE: 194.44	RMSE: 252.46
Epoch 345	LOSS: 59.86	MAE: 195.57	RMSE: 252.66
Epoch 346	LOSS: 53.90	MAE: 194.74	RMSE: 252.51
Epoch 347	LOSS: 58.35	MAE: 195.35	RMSE: 252.60
Epoch 348	LOSS: 53.70	MAE: 194.82	RMSE: 252.53
Epoch 349	LOSS: 58.89	MAE: 195.43	RMSE: 252.62
Epoch 350	LOSS: 50.10	MAE: 194.27	RMSE: 252.44
Epoch 351	LOSS: 60.04	MAE: 195.70	RMSE: 252.68
Epoch 352	LOSS: 53.11	MAE: 194.72	RMSE: 252.51
Epoch 353	LOSS: 61.18	MAE: 195.74	RMSE: 252.67
Epoch 354	LOSS: 53.94	MAE: 194.75	RMSE: 252.50
Epoch 355	LOSS: 60.30	MAE: 195.74	RMSE: 252.68
Epoch 356	LOSS: 50.19	MAE: 194.19	RMSE: 252.42
Epoch 357	LOSS: 57.17	MAE: 195.29	RMSE: 252.61
Epoch 358	LOSS: 53.19	MAE: 194.74	RMSE: 252.50
Epoch 359	LOSS: 63.22	MAE: 196.02	RMSE: 252.73
Epoch 360	LOSS: 50.82	MAE: 194.36	RMSE: 252.45
Epoch 361	LOSS: 58.53	MAE: 195.35	RMSE: 252.61
Epoch 362	LOSS: 55.14	MAE: 194.96	RMSE: 252.54
Epoch 363	LOSS: 56.70	MAE: 194.96	RMSE: 252.54
Epoch 364	LOSS: 56.76	MAE: 195.09	RMSE: 252.56
Epoch 365	LOSS: 56.99	MAE: 195.10	RMSE: 252.57
Epoch 366	LOSS: 56.22	MAE: 194.98	RMSE: 252.55
Epoch 367	LOSS: 56.05	MAE: 195.07	RMSE: 252.56
Epoch 368	LOSS: 55.32	MAE: 194.87	RMSE: 252.53
Epoch 369	LOSS: 56.13	MAE: 195.19	RMSE: 252.58
Epoch 370	LOSS: 55.90	MAE: 194.96	RMSE: 252.54
Epoch 371	LOSS: 56.78	MAE: 195.00	RMSE: 252.55
Epoch 372	LOSS: 55.55	MAE: 195.02	RMSE: 252.54
Epoch 373	LOSS: 56.78	MAE: 195.13	RMSE: 252.57
Epoch 374	LOSS: 54.66	MAE: 194.89	RMSE: 252.53
Epoch 375	LOSS: 56.08	MAE: 195.09	RMSE: 252.56
Epoch 376	LOSS: 54.31	MAE: 194.66	RMSE: 252.48
Epoch 377	LOSS: 55.90	MAE: 195.15	RMSE: 252.57
Epoch 378	LOSS: 54.18	MAE: 194.72	RMSE: 252.49
Epoch 379	LOSS: 57.60	MAE: 195.25	RMSE: 252.59
Epoch 380	LOSS: 55.16	MAE: 194.86	RMSE: 252.52
Epoch 381	LOSS: 58.66	MAE: 195.37	RMSE: 252.62
Epoch 382	LOSS: 53.46	MAE: 194.74	RMSE: 252.50
Epoch 383	LOSS: 56.73	MAE: 195.30	RMSE: 252.59
Epoch 384	LOSS: 54.00	MAE: 194.60	RMSE: 252.48
Epoch 385	LOSS: 58.40	MAE: 195.28	RMSE: 252.58
Epoch 386	LOSS: 53.34	MAE: 194.65	RMSE: 252.49
Epoch 387	LOSS: 59.04	MAE: 195.44	RMSE: 252.62
Epoch 388	LOSS: 52.49	MAE: 194.44	RMSE: 252.45
Epoch 389	LOSS: 59.31	MAE: 195.58	RMSE: 252.65
Epoch 390	LOSS: 51.32	MAE: 194.41	RMSE: 252.44
Epoch 391	LOSS: 59.03	MAE: 195.50	RMSE: 252.64
Epoch 392	LOSS: 50.71	MAE: 194.30	RMSE: 252.43
Epoch 393	LOSS: 58.83	MAE: 195.42	RMSE: 252.61
Epoch 394	LOSS: 51.56	MAE: 194.34	RMSE: 252.44
Epoch 395	LOSS: 58.85	MAE: 195.41	RMSE: 252.60
Epoch 396	LOSS: 52.99	MAE: 194.52	RMSE: 252.47
Epoch 397	LOSS: 59.33	MAE: 195.44	RMSE: 252.61
Epoch 398	LOSS: 51.71	MAE: 194.54	RMSE: 252.47
Epoch 399	LOSS: 58.76	MAE: 195.43	RMSE: 252.62
Epoch 400	LOSS: 52.04	MAE: 194.46	RMSE: 252.45
Epoch 401	LOSS: 59.50	MAE: 195.53	RMSE: 252.64
Epoch 402	LOSS: 52.31	MAE: 194.48	RMSE: 252.45
Epoch 403	LOSS: 57.78	MAE: 195.30	RMSE: 252.60
Epoch 404	LOSS: 52.40	MAE: 194.44	RMSE: 252.44
Epoch 405	LOSS: 58.22	MAE: 195.50	RMSE: 252.63
Epoch 406	LOSS: 50.30	MAE: 194.18	RMSE: 252.42
Epoch 407	LOSS: 61.22	MAE: 195.93	RMSE: 252.71
Epoch 408	LOSS: 50.11	MAE: 194.12	RMSE: 252.39
Epoch 409	LOSS: 58.17	MAE: 195.15	RMSE: 252.55
Epoch 410	LOSS: 53.27	MAE: 194.73	RMSE: 252.50
Epoch 411	LOSS: 58.95	MAE: 195.29	RMSE: 252.57
Epoch 412	LOSS: 53.10	MAE: 194.64	RMSE: 252.48
Epoch 413	LOSS: 59.64	MAE: 195.62	RMSE: 252.66
Epoch 414	LOSS: 48.69	MAE: 194.01	RMSE: 252.39
Epoch 415	LOSS: 57.46	MAE: 195.21	RMSE: 252.57
Epoch 416	LOSS: 55.16	MAE: 194.85	RMSE: 252.53
Epoch 417	LOSS: 57.09	MAE: 195.19	RMSE: 252.55
Epoch 418	LOSS: 54.23	MAE: 194.72	RMSE: 252.49
Epoch 419	LOSS: 56.51	MAE: 195.18	RMSE: 252.57
Epoch 420	LOSS: 52.93	MAE: 194.50	RMSE: 252.44
Epoch 421	LOSS: 58.36	MAE: 195.38	RMSE: 252.62
Epoch 422	LOSS: 53.28	MAE: 194.45	RMSE: 252.42
Epoch 423	LOSS: 56.71	MAE: 195.46	RMSE: 252.64
Epoch 424	LOSS: 51.90	MAE: 194.43	RMSE: 252.43
Epoch 425	LOSS: 58.50	MAE: 195.50	RMSE: 252.62
Epoch 426	LOSS: 52.22	MAE: 194.55	RMSE: 252.48
Epoch 427	LOSS: 57.76	MAE: 195.16	RMSE: 252.55
Epoch 428	LOSS: 52.92	MAE: 194.72	RMSE: 252.50
Epoch 429	LOSS: 57.74	MAE: 195.15	RMSE: 252.54
Epoch 430	LOSS: 51.74	MAE: 194.44	RMSE: 252.45
Epoch 431	LOSS: 59.62	MAE: 195.54	RMSE: 252.63
Epoch 432	LOSS: 51.92	MAE: 194.45	RMSE: 252.44
Epoch 433	LOSS: 58.85	MAE: 195.39	RMSE: 252.61
Epoch 434	LOSS: 52.29	MAE: 194.51	RMSE: 252.45
Epoch 435	LOSS: 55.74	MAE: 195.02	RMSE: 252.54
Epoch 436	LOSS: 52.87	MAE: 194.50	RMSE: 252.45
Epoch 437	LOSS: 58.72	MAE: 195.42	RMSE: 252.61
Epoch 438	LOSS: 50.50	MAE: 194.21	RMSE: 252.41
Epoch 439	LOSS: 64.43	MAE: 196.25	RMSE: 252.76
Epoch 440	LOSS: 51.98	MAE: 194.41	RMSE: 252.44
Epoch 441	LOSS: 60.12	MAE: 195.40	RMSE: 252.59
Epoch 442	LOSS: 49.29	MAE: 194.12	RMSE: 252.40
Epoch 443	LOSS: 59.71	MAE: 195.60	RMSE: 252.64
Epoch 444	LOSS: 50.04	MAE: 194.21	RMSE: 252.41
Epoch 445	LOSS: 61.51	MAE: 195.83	RMSE: 252.68
Epoch 446	LOSS: 49.75	MAE: 194.17	RMSE: 252.39
Epoch 447	LOSS: 59.34	MAE: 195.42	RMSE: 252.61
Epoch 448	LOSS: 53.35	MAE: 194.48	RMSE: 252.45
Epoch 449	LOSS: 57.02	MAE: 195.12	RMSE: 252.55
Epoch 450	LOSS: 54.59	MAE: 194.81	RMSE: 252.50
Epoch 451	LOSS: 55.84	MAE: 194.89	RMSE: 252.52
Epoch 452	LOSS: 53.18	MAE: 194.69	RMSE: 252.48
Epoch 453	LOSS: 55.93	MAE: 194.91	RMSE: 252.51
Epoch 454	LOSS: 54.34	MAE: 194.72	RMSE: 252.49
Epoch 455	LOSS: 56.08	MAE: 194.96	RMSE: 252.52
Epoch 456	LOSS: 54.11	MAE: 194.77	RMSE: 252.49
Epoch 457	LOSS: 55.56	MAE: 194.88	RMSE: 252.51
Epoch 458	LOSS: 53.77	MAE: 194.68	RMSE: 252.48
Epoch 459	LOSS: 54.55	MAE: 194.84	RMSE: 252.51
Epoch 460	LOSS: 54.74	MAE: 194.71	RMSE: 252.48
Epoch 461	LOSS: 55.63	MAE: 194.86	RMSE: 252.51
Epoch 462	LOSS: 54.71	MAE: 194.77	RMSE: 252.49
Epoch 463	LOSS: 54.81	MAE: 194.84	RMSE: 252.50
Epoch 464	LOSS: 54.15	MAE: 194.75	RMSE: 252.49
Epoch 465	LOSS: 54.99	MAE: 194.80	RMSE: 252.49
Epoch 466	LOSS: 54.84	MAE: 194.85	RMSE: 252.51
Epoch 467	LOSS: 54.68	MAE: 194.79	RMSE: 252.49
Epoch 468	LOSS: 54.42	MAE: 194.82	RMSE: 252.50
Epoch 469	LOSS: 54.60	MAE: 194.77	RMSE: 252.49
Epoch 470	LOSS: 54.27	MAE: 194.72	RMSE: 252.48
Epoch 471	LOSS: 54.26	MAE: 194.77	RMSE: 252.48
Epoch 472	LOSS: 54.22	MAE: 194.81	RMSE: 252.50
Epoch 473	LOSS: 55.38	MAE: 194.87	RMSE: 252.51
Epoch 474	LOSS: 54.74	MAE: 194.73	RMSE: 252.48
Epoch 475	LOSS: 56.01	MAE: 194.93	RMSE: 252.52
Epoch 476	LOSS: 53.14	MAE: 194.67	RMSE: 252.47
Epoch 477	LOSS: 55.61	MAE: 194.93	RMSE: 252.51
Epoch 478	LOSS: 52.93	MAE: 194.56	RMSE: 252.46
Epoch 479	LOSS: 56.78	MAE: 194.98	RMSE: 252.52
Epoch 480	LOSS: 53.20	MAE: 194.65	RMSE: 252.47
Epoch 481	LOSS: 56.13	MAE: 194.94	RMSE: 252.51
Epoch 482	LOSS: 52.96	MAE: 194.58	RMSE: 252.47
Epoch 483	LOSS: 56.10	MAE: 195.00	RMSE: 252.53
Epoch 484	LOSS: 53.04	MAE: 194.57	RMSE: 252.46
Epoch 485	LOSS: 54.93	MAE: 194.82	RMSE: 252.49
Epoch 486	LOSS: 53.57	MAE: 194.60	RMSE: 252.46
Epoch 487	LOSS: 55.69	MAE: 195.08	RMSE: 252.53
Epoch 488	LOSS: 51.62	MAE: 194.39	RMSE: 252.43
Epoch 489	LOSS: 56.92	MAE: 195.18	RMSE: 252.55
Epoch 490	LOSS: 51.27	MAE: 194.36	RMSE: 252.42
Epoch 491	LOSS: 57.01	MAE: 195.11	RMSE: 252.54
Epoch 492	LOSS: 50.71	MAE: 194.20	RMSE: 252.40
Epoch 493	LOSS: 57.10	MAE: 195.41	RMSE: 252.60
Epoch 494	LOSS: 50.15	MAE: 194.19	RMSE: 252.40
Epoch 495	LOSS: 57.89	MAE: 195.32	RMSE: 252.58
Epoch 496	LOSS: 50.20	MAE: 194.05	RMSE: 252.37
Epoch 497	LOSS: 55.73	MAE: 195.08	RMSE: 252.54
Epoch 498	LOSS: 55.88	MAE: 194.94	RMSE: 252.51
Epoch 499	LOSS: 51.40	MAE: 194.44	RMSE: 252.44
