Epoch 000	LOSS: 144.32	MAE: 71.16	RMSE: 83.58
Epoch 001	LOSS: 136.99	MAE: 67.95	RMSE: 80.75
Epoch 002	LOSS: 113.72	MAE: 57.31	RMSE: 70.04
Epoch 003	LOSS: 80.63	MAE: 41.44	RMSE: 49.39
Epoch 004	LOSS: 74.00	MAE: 37.35	RMSE: 46.80
Epoch 005	LOSS: 66.25	MAE: 35.36	RMSE: 43.33
Epoch 006	LOSS: 59.84	MAE: 33.57	RMSE: 41.97
Epoch 007	LOSS: 45.95	MAE: 29.10	RMSE: 38.28
Epoch 008	LOSS: 33.82	MAE: 24.45	RMSE: 35.48
Epoch 009	LOSS: 28.54	MAE: 21.60	RMSE: 34.74
Epoch 010	LOSS: 28.04	MAE: 21.56	RMSE: 34.98
Epoch 011	LOSS: 27.81	MAE: 21.28	RMSE: 34.84
Epoch 012	LOSS: 27.38	MAE: 21.19	RMSE: 34.88
Epoch 013	LOSS: 27.21	MAE: 20.89	RMSE: 34.75
Epoch 014	LOSS: 26.59	MAE: 20.88	RMSE: 34.72
Epoch 015	LOSS: 26.80	MAE: 20.72	RMSE: 34.56
Epoch 016	LOSS: 26.74	MAE: 20.83	RMSE: 34.68
Epoch 017	LOSS: 25.97	MAE: 20.51	RMSE: 34.56
Epoch 018	LOSS: 25.94	MAE: 20.25	RMSE: 34.43
Epoch 019	LOSS: 25.84	MAE: 20.12	RMSE: 34.31
Epoch 020	LOSS: 25.54	MAE: 20.00	RMSE: 34.23
Epoch 021	LOSS: 25.32	MAE: 19.92	RMSE: 34.19
Epoch 022	LOSS: 24.78	MAE: 19.63	RMSE: 34.05
Epoch 023	LOSS: 25.75	MAE: 19.85	RMSE: 34.16
Epoch 024	LOSS: 25.07	MAE: 19.60	RMSE: 34.00
Epoch 025	LOSS: 25.12	MAE: 19.57	RMSE: 33.97
Epoch 026	LOSS: 24.88	MAE: 19.42	RMSE: 33.90
Epoch 027	LOSS: 25.12	MAE: 19.44	RMSE: 33.90
Epoch 028	LOSS: 24.20	MAE: 19.21	RMSE: 33.74
Epoch 029	LOSS: 23.97	MAE: 19.10	RMSE: 33.70
Epoch 030	LOSS: 23.80	MAE: 19.09	RMSE: 33.70
Epoch 031	LOSS: 23.52	MAE: 19.05	RMSE: 33.67
Epoch 032	LOSS: 23.59	MAE: 19.04	RMSE: 33.68
Epoch 033	LOSS: 23.89	MAE: 19.10	RMSE: 33.69
Epoch 034	LOSS: 23.06	MAE: 18.96	RMSE: 33.61
Epoch 035	LOSS: 23.38	MAE: 19.01	RMSE: 33.67
Epoch 036	LOSS: 23.63	MAE: 18.96	RMSE: 33.65
Epoch 037	LOSS: 23.07	MAE: 18.90	RMSE: 33.60
Epoch 038	LOSS: 22.80	MAE: 18.82	RMSE: 33.55
Epoch 039	LOSS: 23.96	MAE: 19.09	RMSE: 33.70
Epoch 040	LOSS: 22.97	MAE: 18.82	RMSE: 33.53
Epoch 041	LOSS: 22.79	MAE: 18.77	RMSE: 33.48
Epoch 042	LOSS: 22.95	MAE: 18.93	RMSE: 33.60
Epoch 043	LOSS: 22.54	MAE: 18.75	RMSE: 33.49
Epoch 044	LOSS: 23.39	MAE: 18.88	RMSE: 33.55
Epoch 045	LOSS: 23.04	MAE: 18.75	RMSE: 33.49
Epoch 046	LOSS: 22.44	MAE: 18.72	RMSE: 33.49
Epoch 047	LOSS: 22.31	MAE: 18.62	RMSE: 33.41
Epoch 048	LOSS: 21.92	MAE: 18.56	RMSE: 33.38
Epoch 049	LOSS: 22.27	MAE: 18.56	RMSE: 33.37
Epoch 050	LOSS: 22.11	MAE: 18.51	RMSE: 33.36
Epoch 051	LOSS: 21.94	MAE: 18.56	RMSE: 33.39
Epoch 052	LOSS: 21.96	MAE: 18.43	RMSE: 33.28
Epoch 053	LOSS: 21.77	MAE: 18.43	RMSE: 33.29
Epoch 054	LOSS: 21.37	MAE: 18.33	RMSE: 33.23
Epoch 055	LOSS: 21.51	MAE: 18.24	RMSE: 33.18
Epoch 056	LOSS: 21.16	MAE: 18.20	RMSE: 33.13
Epoch 057	LOSS: 20.66	MAE: 18.11	RMSE: 33.08
Epoch 058	LOSS: 21.33	MAE: 18.02	RMSE: 33.04
Epoch 059	LOSS: 20.68	MAE: 18.00	RMSE: 33.03
Epoch 060	LOSS: 21.68	MAE: 18.14	RMSE: 33.11
Epoch 061	LOSS: 20.78	MAE: 17.99	RMSE: 33.00
Epoch 062	LOSS: 21.61	MAE: 18.18	RMSE: 33.11
Epoch 063	LOSS: 20.96	MAE: 17.89	RMSE: 32.95
Epoch 064	LOSS: 20.44	MAE: 17.82	RMSE: 32.90
Epoch 065	LOSS: 20.77	MAE: 17.93	RMSE: 32.98
Epoch 066	LOSS: 20.51	MAE: 17.77	RMSE: 32.89
Epoch 067	LOSS: 19.80	MAE: 17.69	RMSE: 32.83
Epoch 068	LOSS: 20.17	MAE: 17.72	RMSE: 32.85
Epoch 069	LOSS: 19.87	MAE: 17.71	RMSE: 32.84
Epoch 070	LOSS: 19.70	MAE: 17.68	RMSE: 32.83
Epoch 071	LOSS: 19.33	MAE: 17.65	RMSE: 32.79
Epoch 072	LOSS: 19.67	MAE: 17.63	RMSE: 32.77
Epoch 073	LOSS: 19.61	MAE: 17.57	RMSE: 32.76
Epoch 074	LOSS: 19.14	MAE: 17.49	RMSE: 32.72
Epoch 075	LOSS: 19.03	MAE: 17.54	RMSE: 32.73
Epoch 076	LOSS: 18.86	MAE: 17.49	RMSE: 32.71
Epoch 077	LOSS: 18.75	MAE: 17.41	RMSE: 32.65
Epoch 078	LOSS: 18.89	MAE: 17.48	RMSE: 32.68
Epoch 079	LOSS: 18.45	MAE: 17.37	RMSE: 32.60
Epoch 080	LOSS: 18.75	MAE: 17.30	RMSE: 32.56
Epoch 081	LOSS: 18.69	MAE: 17.25	RMSE: 32.50
Epoch 082	LOSS: 18.13	MAE: 17.31	RMSE: 32.55
Epoch 083	LOSS: 18.13	MAE: 17.25	RMSE: 32.52
Epoch 084	LOSS: 18.27	MAE: 17.27	RMSE: 32.52
Epoch 085	LOSS: 19.03	MAE: 17.36	RMSE: 32.55
Epoch 086	LOSS: 18.52	MAE: 17.19	RMSE: 32.46
Epoch 087	LOSS: 17.99	MAE: 17.15	RMSE: 32.42
Epoch 088	LOSS: 18.07	MAE: 17.11	RMSE: 32.41
Epoch 089	LOSS: 18.07	MAE: 17.20	RMSE: 32.42
Epoch 090	LOSS: 17.99	MAE: 17.12	RMSE: 32.42
Epoch 091	LOSS: 18.17	MAE: 17.07	RMSE: 32.40
Epoch 092	LOSS: 17.87	MAE: 17.05	RMSE: 32.39
Epoch 093	LOSS: 18.13	MAE: 17.07	RMSE: 32.40
Epoch 094	LOSS: 17.78	MAE: 17.01	RMSE: 32.34
Epoch 095	LOSS: 17.74	MAE: 16.98	RMSE: 32.34
Epoch 096	LOSS: 17.83	MAE: 17.00	RMSE: 32.36
Epoch 097	LOSS: 17.66	MAE: 16.94	RMSE: 32.32
Epoch 098	LOSS: 17.83	MAE: 16.95	RMSE: 32.36
Epoch 099	LOSS: 17.63	MAE: 16.99	RMSE: 32.36
Epoch 100	LOSS: 17.52	MAE: 16.90	RMSE: 32.31
Epoch 101	LOSS: 17.90	MAE: 16.93	RMSE: 32.34
Epoch 102	LOSS: 17.61	MAE: 16.88	RMSE: 32.32
Epoch 103	LOSS: 17.70	MAE: 16.94	RMSE: 32.35
Epoch 104	LOSS: 17.78	MAE: 16.90	RMSE: 32.32
Epoch 105	LOSS: 17.55	MAE: 16.86	RMSE: 32.31
Epoch 106	LOSS: 17.39	MAE: 16.86	RMSE: 32.33
Epoch 107	LOSS: 17.69	MAE: 16.89	RMSE: 32.34
Epoch 108	LOSS: 17.21	MAE: 16.78	RMSE: 32.27
Epoch 109	LOSS: 17.20	MAE: 16.80	RMSE: 32.28
Epoch 110	LOSS: 17.46	MAE: 16.86	RMSE: 32.33
Epoch 111	LOSS: 17.20	MAE: 16.79	RMSE: 32.27
Epoch 112	LOSS: 17.27	MAE: 16.77	RMSE: 32.27
Epoch 113	LOSS: 17.39	MAE: 16.80	RMSE: 32.29
Epoch 114	LOSS: 17.31	MAE: 16.74	RMSE: 32.24
Epoch 115	LOSS: 17.16	MAE: 16.72	RMSE: 32.26
Epoch 116	LOSS: 17.04	MAE: 16.74	RMSE: 32.26
Epoch 117	LOSS: 17.46	MAE: 16.76	RMSE: 32.27
Epoch 118	LOSS: 16.90	MAE: 16.78	RMSE: 32.28
Epoch 119	LOSS: 17.02	MAE: 16.69	RMSE: 32.22
Epoch 120	LOSS: 17.14	MAE: 16.68	RMSE: 32.21
Epoch 121	LOSS: 16.92	MAE: 16.69	RMSE: 32.21
Epoch 122	LOSS: 16.97	MAE: 16.66	RMSE: 32.20
Epoch 123	LOSS: 17.08	MAE: 16.75	RMSE: 32.28
Epoch 124	LOSS: 16.97	MAE: 16.73	RMSE: 32.27
Epoch 125	LOSS: 16.83	MAE: 16.71	RMSE: 32.25
Epoch 126	LOSS: 16.70	MAE: 16.69	RMSE: 32.23
Epoch 127	LOSS: 16.88	MAE: 16.63	RMSE: 32.21
Epoch 128	LOSS: 16.77	MAE: 16.62	RMSE: 32.20
Epoch 129	LOSS: 16.93	MAE: 16.63	RMSE: 32.22
Epoch 130	LOSS: 16.85	MAE: 16.64	RMSE: 32.23
Epoch 131	LOSS: 16.57	MAE: 16.59	RMSE: 32.19
Epoch 132	LOSS: 16.71	MAE: 16.56	RMSE: 32.17
Epoch 133	LOSS: 16.70	MAE: 16.61	RMSE: 32.21
Epoch 134	LOSS: 16.57	MAE: 16.57	RMSE: 32.19
Epoch 135	LOSS: 16.87	MAE: 16.58	RMSE: 32.22
Epoch 136	LOSS: 16.90	MAE: 16.57	RMSE: 32.21
Epoch 137	LOSS: 16.66	MAE: 16.61	RMSE: 32.23
Epoch 138	LOSS: 16.49	MAE: 16.57	RMSE: 32.21
Epoch 139	LOSS: 16.53	MAE: 16.56	RMSE: 32.20
Epoch 140	LOSS: 16.60	MAE: 16.54	RMSE: 32.19
Epoch 141	LOSS: 16.52	MAE: 16.53	RMSE: 32.17
Epoch 142	LOSS: 16.45	MAE: 16.57	RMSE: 32.18
Epoch 143	LOSS: 17.36	MAE: 16.70	RMSE: 32.27
Epoch 144	LOSS: 17.02	MAE: 16.60	RMSE: 32.23
Epoch 145	LOSS: 16.75	MAE: 16.57	RMSE: 32.22
Epoch 146	LOSS: 16.58	MAE: 16.52	RMSE: 32.20
Epoch 147	LOSS: 16.44	MAE: 16.52	RMSE: 32.18
Epoch 148	LOSS: 17.38	MAE: 16.63	RMSE: 32.25
Epoch 149	LOSS: 16.46	MAE: 16.48	RMSE: 32.17
Epoch 150	LOSS: 16.44	MAE: 16.56	RMSE: 32.17
Epoch 151	LOSS: 16.41	MAE: 16.48	RMSE: 32.17
Epoch 152	LOSS: 16.91	MAE: 16.53	RMSE: 32.18
Epoch 153	LOSS: 16.48	MAE: 16.44	RMSE: 32.12
Epoch 154	LOSS: 16.51	MAE: 16.53	RMSE: 32.20
Epoch 155	LOSS: 16.41	MAE: 16.48	RMSE: 32.16
Epoch 156	LOSS: 16.37	MAE: 16.47	RMSE: 32.17
Epoch 157	LOSS: 16.43	MAE: 16.56	RMSE: 32.23
Epoch 158	LOSS: 16.32	MAE: 16.48	RMSE: 32.18
Epoch 159	LOSS: 16.28	MAE: 16.52	RMSE: 32.18
Epoch 160	LOSS: 16.40	MAE: 16.47	RMSE: 32.16
Epoch 161	LOSS: 16.46	MAE: 16.47	RMSE: 32.18
Epoch 162	LOSS: 16.37	MAE: 16.41	RMSE: 32.13
Epoch 163	LOSS: 16.39	MAE: 16.45	RMSE: 32.15
Epoch 164	LOSS: 16.23	MAE: 16.48	RMSE: 32.18
Epoch 165	LOSS: 16.23	MAE: 16.49	RMSE: 32.14
Epoch 166	LOSS: 16.56	MAE: 16.52	RMSE: 32.20
Epoch 167	LOSS: 16.65	MAE: 16.48	RMSE: 32.18
Epoch 168	LOSS: 16.52	MAE: 16.42	RMSE: 32.15
Epoch 169	LOSS: 16.35	MAE: 16.37	RMSE: 32.11
Epoch 170	LOSS: 16.52	MAE: 16.37	RMSE: 32.11
Epoch 171	LOSS: 16.65	MAE: 16.43	RMSE: 32.15
Epoch 172	LOSS: 16.17	MAE: 16.44	RMSE: 32.15
Epoch 173	LOSS: 16.42	MAE: 16.34	RMSE: 32.09
Epoch 174	LOSS: 16.58	MAE: 16.45	RMSE: 32.16
Epoch 175	LOSS: 16.38	MAE: 16.40	RMSE: 32.13
Epoch 176	LOSS: 16.04	MAE: 16.35	RMSE: 32.09
Epoch 177	LOSS: 16.07	MAE: 16.37	RMSE: 32.10
Epoch 178	LOSS: 16.19	MAE: 16.34	RMSE: 32.11
Epoch 179	LOSS: 16.03	MAE: 16.37	RMSE: 32.10
Epoch 180	LOSS: 16.60	MAE: 16.37	RMSE: 32.14
Epoch 181	LOSS: 16.38	MAE: 16.31	RMSE: 32.10
Epoch 182	LOSS: 16.63	MAE: 16.43	RMSE: 32.18
Epoch 183	LOSS: 16.30	MAE: 16.31	RMSE: 32.10
Epoch 184	LOSS: 17.37	MAE: 16.33	RMSE: 32.10
Epoch 185	LOSS: 16.64	MAE: 16.45	RMSE: 32.20
Epoch 186	LOSS: 16.23	MAE: 16.33	RMSE: 32.13
Epoch 187	LOSS: 16.03	MAE: 16.34	RMSE: 32.09
Epoch 188	LOSS: 16.17	MAE: 16.37	RMSE: 32.15
Epoch 189	LOSS: 15.94	MAE: 16.32	RMSE: 32.12
Epoch 190	LOSS: 16.21	MAE: 16.41	RMSE: 32.19
Epoch 191	LOSS: 16.01	MAE: 16.31	RMSE: 32.11
Epoch 192	LOSS: 16.01	MAE: 16.30	RMSE: 32.12
Epoch 193	LOSS: 16.13	MAE: 16.30	RMSE: 32.12
Epoch 194	LOSS: 16.21	MAE: 16.37	RMSE: 32.17
Epoch 195	LOSS: 15.90	MAE: 16.35	RMSE: 32.14
Epoch 196	LOSS: 16.00	MAE: 16.30	RMSE: 32.11
Epoch 197	LOSS: 16.08	MAE: 16.27	RMSE: 32.12
Epoch 198	LOSS: 16.16	MAE: 16.35	RMSE: 32.17
Epoch 199	LOSS: 15.93	MAE: 16.27	RMSE: 32.10
Epoch 200	LOSS: 15.94	MAE: 16.30	RMSE: 32.11
Epoch 201	LOSS: 15.94	MAE: 16.27	RMSE: 32.12
Epoch 202	LOSS: 16.16	MAE: 16.29	RMSE: 32.13
Epoch 203	LOSS: 15.94	MAE: 16.27	RMSE: 32.12
Epoch 204	LOSS: 15.88	MAE: 16.28	RMSE: 32.11
Epoch 205	LOSS: 15.79	MAE: 16.25	RMSE: 32.10
Epoch 206	LOSS: 15.87	MAE: 16.28	RMSE: 32.14
Epoch 207	LOSS: 15.87	MAE: 16.25	RMSE: 32.11
Epoch 208	LOSS: 15.85	MAE: 16.29	RMSE: 32.13
Epoch 209	LOSS: 15.77	MAE: 16.31	RMSE: 32.14
Epoch 210	LOSS: 15.75	MAE: 16.30	RMSE: 32.12
Epoch 211	LOSS: 15.85	MAE: 16.25	RMSE: 32.12
Epoch 212	LOSS: 15.82	MAE: 16.31	RMSE: 32.15
Epoch 213	LOSS: 15.82	MAE: 16.26	RMSE: 32.14
Epoch 214	LOSS: 15.73	MAE: 16.23	RMSE: 32.10
Epoch 215	LOSS: 15.69	MAE: 16.28	RMSE: 32.12
Epoch 216	LOSS: 15.76	MAE: 16.26	RMSE: 32.13
Epoch 217	LOSS: 15.83	MAE: 16.28	RMSE: 32.14
Epoch 218	LOSS: 15.79	MAE: 16.23	RMSE: 32.12
Epoch 219	LOSS: 15.66	MAE: 16.25	RMSE: 32.11
Epoch 220	LOSS: 15.87	MAE: 16.25	RMSE: 32.12
Epoch 221	LOSS: 16.33	MAE: 16.28	RMSE: 32.15
Epoch 222	LOSS: 15.71	MAE: 16.29	RMSE: 32.12
Epoch 223	LOSS: 15.79	MAE: 16.22	RMSE: 32.10
Epoch 224	LOSS: 15.73	MAE: 16.22	RMSE: 32.10
Epoch 225	LOSS: 16.05	MAE: 16.24	RMSE: 32.14
Epoch 226	LOSS: 15.64	MAE: 16.23	RMSE: 32.09
Epoch 227	LOSS: 16.18	MAE: 16.35	RMSE: 32.22
Epoch 228	LOSS: 16.14	MAE: 16.39	RMSE: 32.20
Epoch 229	LOSS: 15.81	MAE: 16.31	RMSE: 32.19
Epoch 230	LOSS: 15.64	MAE: 16.27	RMSE: 32.15
Epoch 231	LOSS: 15.75	MAE: 16.22	RMSE: 32.12
Epoch 232	LOSS: 15.68	MAE: 16.28	RMSE: 32.19
Epoch 233	LOSS: 15.93	MAE: 16.22	RMSE: 32.14
Epoch 234	LOSS: 15.80	MAE: 16.19	RMSE: 32.12
Epoch 235	LOSS: 15.61	MAE: 16.20	RMSE: 32.12
Epoch 236	LOSS: 15.69	MAE: 16.21	RMSE: 32.13
Epoch 237	LOSS: 15.71	MAE: 16.20	RMSE: 32.11
Epoch 238	LOSS: 15.65	MAE: 16.21	RMSE: 32.14
Epoch 239	LOSS: 15.57	MAE: 16.16	RMSE: 32.10
Epoch 240	LOSS: 15.74	MAE: 16.19	RMSE: 32.13
Epoch 241	LOSS: 15.57	MAE: 16.14	RMSE: 32.09
Epoch 242	LOSS: 15.68	MAE: 16.18	RMSE: 32.10
Epoch 243	LOSS: 15.72	MAE: 16.11	RMSE: 32.07
Epoch 244	LOSS: 15.62	MAE: 16.15	RMSE: 32.09
Epoch 245	LOSS: 15.58	MAE: 16.16	RMSE: 32.10
Epoch 246	LOSS: 15.59	MAE: 16.12	RMSE: 32.08
Epoch 247	LOSS: 15.59	MAE: 16.16	RMSE: 32.09
Epoch 248	LOSS: 15.84	MAE: 16.12	RMSE: 32.08
Epoch 249	LOSS: 15.56	MAE: 16.16	RMSE: 32.10
Epoch 250	LOSS: 16.09	MAE: 16.21	RMSE: 32.14
Epoch 251	LOSS: 15.57	MAE: 16.11	RMSE: 32.06
Epoch 252	LOSS: 15.55	MAE: 16.13	RMSE: 32.09
Epoch 253	LOSS: 15.55	MAE: 16.18	RMSE: 32.10
Epoch 254	LOSS: 16.00	MAE: 16.12	RMSE: 32.07
Epoch 255	LOSS: 15.47	MAE: 16.12	RMSE: 32.08
Epoch 256	LOSS: 15.55	MAE: 16.19	RMSE: 32.09
Epoch 257	LOSS: 15.66	MAE: 16.10	RMSE: 32.07
Epoch 258	LOSS: 15.48	MAE: 16.11	RMSE: 32.08
Epoch 259	LOSS: 15.34	MAE: 16.12	RMSE: 32.08
Epoch 260	LOSS: 15.47	MAE: 16.11	RMSE: 32.08
Epoch 261	LOSS: 15.53	MAE: 16.17	RMSE: 32.11
Epoch 262	LOSS: 15.46	MAE: 16.12	RMSE: 32.08
Epoch 263	LOSS: 15.45	MAE: 16.09	RMSE: 32.06
Epoch 264	LOSS: 15.57	MAE: 16.10	RMSE: 32.07
Epoch 265	LOSS: 15.44	MAE: 16.08	RMSE: 32.05
Epoch 266	LOSS: 15.36	MAE: 16.12	RMSE: 32.10
Epoch 267	LOSS: 15.48	MAE: 16.06	RMSE: 32.05
Epoch 268	LOSS: 15.59	MAE: 16.08	RMSE: 32.07
Epoch 269	LOSS: 16.21	MAE: 16.26	RMSE: 32.18
Epoch 270	LOSS: 15.83	MAE: 16.20	RMSE: 32.14
Epoch 271	LOSS: 15.39	MAE: 16.05	RMSE: 32.06
Epoch 272	LOSS: 15.37	MAE: 16.10	RMSE: 32.09
Epoch 273	LOSS: 15.36	MAE: 16.09	RMSE: 32.09
Epoch 274	LOSS: 15.38	MAE: 16.09	RMSE: 32.07
Epoch 275	LOSS: 15.40	MAE: 16.06	RMSE: 32.06
Epoch 276	LOSS: 15.45	MAE: 16.07	RMSE: 32.06
Epoch 277	LOSS: 15.42	MAE: 16.13	RMSE: 32.11
Epoch 278	LOSS: 15.49	MAE: 16.09	RMSE: 32.09
Epoch 279	LOSS: 15.43	MAE: 16.12	RMSE: 32.11
Epoch 280	LOSS: 15.31	MAE: 16.04	RMSE: 32.04
Epoch 281	LOSS: 15.38	MAE: 16.04	RMSE: 32.05
Epoch 282	LOSS: 15.36	MAE: 16.14	RMSE: 32.13
Epoch 283	LOSS: 15.34	MAE: 16.09	RMSE: 32.10
Epoch 284	LOSS: 15.29	MAE: 16.10	RMSE: 32.06
Epoch 285	LOSS: 15.27	MAE: 16.03	RMSE: 32.05
Epoch 286	LOSS: 16.22	MAE: 16.27	RMSE: 32.20
Epoch 287	LOSS: 15.27	MAE: 16.07	RMSE: 32.07
Epoch 288	LOSS: 15.33	MAE: 16.01	RMSE: 32.01
Epoch 289	LOSS: 15.29	MAE: 16.06	RMSE: 32.03
Epoch 290	LOSS: 15.31	MAE: 16.04	RMSE: 32.06
Epoch 291	LOSS: 15.45	MAE: 16.05	RMSE: 32.06
Epoch 292	LOSS: 15.46	MAE: 16.03	RMSE: 32.05
Epoch 293	LOSS: 15.27	MAE: 16.01	RMSE: 32.04
Epoch 294	LOSS: 15.20	MAE: 16.02	RMSE: 32.03
Epoch 295	LOSS: 15.30	MAE: 16.01	RMSE: 32.03
Epoch 296	LOSS: 15.29	MAE: 16.03	RMSE: 32.05
Epoch 297	LOSS: 15.56	MAE: 16.10	RMSE: 32.09
Epoch 298	LOSS: 16.04	MAE: 16.12	RMSE: 32.09
Epoch 299	LOSS: 15.29	MAE: 16.01	RMSE: 32.02
Epoch 300	LOSS: 15.31	MAE: 16.07	RMSE: 32.08
Epoch 301	LOSS: 15.24	MAE: 16.01	RMSE: 32.03
Epoch 302	LOSS: 15.27	MAE: 16.05	RMSE: 32.04
Epoch 303	LOSS: 15.64	MAE: 16.07	RMSE: 32.10
Epoch 304	LOSS: 15.67	MAE: 16.07	RMSE: 32.09
Epoch 305	LOSS: 15.27	MAE: 16.00	RMSE: 32.01
Epoch 306	LOSS: 15.19	MAE: 16.03	RMSE: 32.03
Epoch 307	LOSS: 15.27	MAE: 16.04	RMSE: 32.05
Epoch 308	LOSS: 15.33	MAE: 16.01	RMSE: 32.05
Epoch 309	LOSS: 15.61	MAE: 16.01	RMSE: 32.04
Epoch 310	LOSS: 15.25	MAE: 16.00	RMSE: 32.02
Epoch 311	LOSS: 15.21	MAE: 15.97	RMSE: 32.02
Epoch 312	LOSS: 15.20	MAE: 15.99	RMSE: 32.01
Epoch 313	LOSS: 15.19	MAE: 16.02	RMSE: 32.05
Epoch 314	LOSS: 15.21	MAE: 15.99	RMSE: 32.03
Epoch 315	LOSS: 15.20	MAE: 15.97	RMSE: 32.02
Epoch 316	LOSS: 15.38	MAE: 15.99	RMSE: 32.04
Epoch 317	LOSS: 15.28	MAE: 15.97	RMSE: 32.02
Epoch 318	LOSS: 15.14	MAE: 15.96	RMSE: 32.02
Epoch 319	LOSS: 15.27	MAE: 15.97	RMSE: 32.02
Epoch 320	LOSS: 15.42	MAE: 16.01	RMSE: 32.06
Epoch 321	LOSS: 15.23	MAE: 15.99	RMSE: 32.03
Epoch 322	LOSS: 15.23	MAE: 16.02	RMSE: 32.04
Epoch 323	LOSS: 15.24	MAE: 15.99	RMSE: 32.06
Epoch 324	LOSS: 15.22	MAE: 16.06	RMSE: 32.09
Epoch 325	LOSS: 15.11	MAE: 15.99	RMSE: 32.03
Epoch 326	LOSS: 15.56	MAE: 16.07	RMSE: 32.10
Epoch 327	LOSS: 15.25	MAE: 16.01	RMSE: 32.06
Epoch 328	LOSS: 15.69	MAE: 16.09	RMSE: 32.11
Epoch 329	LOSS: 15.27	MAE: 16.00	RMSE: 32.04
Epoch 330	LOSS: 15.42	MAE: 16.02	RMSE: 32.08
Epoch 331	LOSS: 15.28	MAE: 15.95	RMSE: 32.02
Epoch 332	LOSS: 15.46	MAE: 16.00	RMSE: 32.06
Epoch 333	LOSS: 15.17	MAE: 15.97	RMSE: 32.03
Epoch 334	LOSS: 16.05	MAE: 16.12	RMSE: 32.12
Epoch 335	LOSS: 15.50	MAE: 15.96	RMSE: 32.02
Epoch 336	LOSS: 15.12	MAE: 15.97	RMSE: 32.01
Epoch 337	LOSS: 15.23	MAE: 15.97	RMSE: 32.03
Epoch 338	LOSS: 15.22	MAE: 16.04	RMSE: 32.07
Epoch 339	LOSS: 15.07	MAE: 15.98	RMSE: 32.02
Epoch 340	LOSS: 15.34	MAE: 16.03	RMSE: 32.09
Epoch 341	LOSS: 15.32	MAE: 16.00	RMSE: 32.05
Epoch 342	LOSS: 15.20	MAE: 15.97	RMSE: 32.01
Epoch 343	LOSS: 15.08	MAE: 15.95	RMSE: 32.00
Epoch 344	LOSS: 15.35	MAE: 15.98	RMSE: 32.05
Epoch 345	LOSS: 15.26	MAE: 16.00	RMSE: 32.06
Epoch 346	LOSS: 15.10	MAE: 15.96	RMSE: 32.01
Epoch 347	LOSS: 15.25	MAE: 15.93	RMSE: 32.03
Epoch 348	LOSS: 15.22	MAE: 15.98	RMSE: 32.05
Epoch 349	LOSS: 15.06	MAE: 16.00	RMSE: 32.06
Epoch 350	LOSS: 15.11	MAE: 15.95	RMSE: 32.03
Epoch 351	LOSS: 15.11	MAE: 15.96	RMSE: 32.03
Epoch 352	LOSS: 15.12	MAE: 15.94	RMSE: 32.01
Epoch 353	LOSS: 15.15	MAE: 15.97	RMSE: 32.05
Epoch 354	LOSS: 15.21	MAE: 16.03	RMSE: 32.10
Epoch 355	LOSS: 15.12	MAE: 15.97	RMSE: 32.04
Epoch 356	LOSS: 15.14	MAE: 15.95	RMSE: 32.03
Epoch 357	LOSS: 15.12	MAE: 15.96	RMSE: 32.05
Epoch 358	LOSS: 15.08	MAE: 15.93	RMSE: 32.02
Epoch 359	LOSS: 15.09	MAE: 15.97	RMSE: 32.04
Epoch 360	LOSS: 15.03	MAE: 15.96	RMSE: 32.04
Epoch 361	LOSS: 15.01	MAE: 15.94	RMSE: 32.02
Epoch 362	LOSS: 15.12	MAE: 15.91	RMSE: 32.02
Epoch 363	LOSS: 15.12	MAE: 15.93	RMSE: 32.02
Epoch 364	LOSS: 15.02	MAE: 15.91	RMSE: 32.01
Epoch 365	LOSS: 15.06	MAE: 15.92	RMSE: 32.03
Epoch 366	LOSS: 15.03	MAE: 15.96	RMSE: 32.05
Epoch 367	LOSS: 15.04	MAE: 15.92	RMSE: 32.02
Epoch 368	LOSS: 15.08	MAE: 15.94	RMSE: 32.01
Epoch 369	LOSS: 15.07	MAE: 15.91	RMSE: 32.02
Epoch 370	LOSS: 15.20	MAE: 15.92	RMSE: 32.03
Epoch 371	LOSS: 15.00	MAE: 15.91	RMSE: 32.00
Epoch 372	LOSS: 14.97	MAE: 15.91	RMSE: 32.01
Epoch 373	LOSS: 15.01	MAE: 15.93	RMSE: 32.03
Epoch 374	LOSS: 15.16	MAE: 15.95	RMSE: 32.05
Epoch 375	LOSS: 15.02	MAE: 15.91	RMSE: 32.01
Epoch 376	LOSS: 14.99	MAE: 15.93	RMSE: 32.03
Epoch 377	LOSS: 15.00	MAE: 15.92	RMSE: 32.02
Epoch 378	LOSS: 15.02	MAE: 15.91	RMSE: 32.01
Epoch 379	LOSS: 15.51	MAE: 15.95	RMSE: 32.03
Epoch 380	LOSS: 15.01	MAE: 16.03	RMSE: 32.09
Epoch 381	LOSS: 15.06	MAE: 15.97	RMSE: 32.02
Epoch 382	LOSS: 15.02	MAE: 15.90	RMSE: 32.01
Epoch 383	LOSS: 15.01	MAE: 15.91	RMSE: 32.03
Epoch 384	LOSS: 14.97	MAE: 15.90	RMSE: 32.00
Epoch 385	LOSS: 15.02	MAE: 15.91	RMSE: 32.02
Epoch 386	LOSS: 15.11	MAE: 15.93	RMSE: 32.02
Epoch 387	LOSS: 14.98	MAE: 15.88	RMSE: 31.99
Epoch 388	LOSS: 14.91	MAE: 15.90	RMSE: 32.00
Epoch 389	LOSS: 14.95	MAE: 15.94	RMSE: 32.04
Epoch 390	LOSS: 14.96	MAE: 15.92	RMSE: 32.00
Epoch 391	LOSS: 14.94	MAE: 15.89	RMSE: 32.00
Epoch 392	LOSS: 15.07	MAE: 15.91	RMSE: 32.02
Epoch 393	LOSS: 15.01	MAE: 15.94	RMSE: 32.04
Epoch 394	LOSS: 14.96	MAE: 15.91	RMSE: 32.02
Epoch 395	LOSS: 15.11	MAE: 15.95	RMSE: 32.03
Epoch 396	LOSS: 14.93	MAE: 15.88	RMSE: 32.01
Epoch 397	LOSS: 15.07	MAE: 15.89	RMSE: 32.01
Epoch 398	LOSS: 14.95	MAE: 15.86	RMSE: 31.98
Epoch 399	LOSS: 15.37	MAE: 15.89	RMSE: 32.03
Epoch 400	LOSS: 15.24	MAE: 15.98	RMSE: 32.05
Epoch 401	LOSS: 15.02	MAE: 15.88	RMSE: 32.01
Epoch 402	LOSS: 14.90	MAE: 15.88	RMSE: 32.00
Epoch 403	LOSS: 14.91	MAE: 15.93	RMSE: 32.00
Epoch 404	LOSS: 15.14	MAE: 15.86	RMSE: 32.00
Epoch 405	LOSS: 14.98	MAE: 15.87	RMSE: 31.99
Epoch 406	LOSS: 14.97	MAE: 15.90	RMSE: 31.99
Epoch 407	LOSS: 14.86	MAE: 15.84	RMSE: 31.96
Epoch 408	LOSS: 15.09	MAE: 15.89	RMSE: 32.00
Epoch 409	LOSS: 15.54	MAE: 15.97	RMSE: 32.06
Epoch 410	LOSS: 14.92	MAE: 15.88	RMSE: 31.98
Epoch 411	LOSS: 15.25	MAE: 15.89	RMSE: 32.01
Epoch 412	LOSS: 15.11	MAE: 15.86	RMSE: 31.99
Epoch 413	LOSS: 14.88	MAE: 15.90	RMSE: 31.99
Epoch 414	LOSS: 14.87	MAE: 15.90	RMSE: 31.99
Epoch 415	LOSS: 15.12	MAE: 15.86	RMSE: 32.01
Epoch 416	LOSS: 15.04	MAE: 15.87	RMSE: 32.01
Epoch 417	LOSS: 14.96	MAE: 15.87	RMSE: 31.99
Epoch 418	LOSS: 14.85	MAE: 15.86	RMSE: 32.00
Epoch 419	LOSS: 14.84	MAE: 15.88	RMSE: 31.99
Epoch 420	LOSS: 14.99	MAE: 15.88	RMSE: 32.00
Epoch 421	LOSS: 14.86	MAE: 15.91	RMSE: 32.02
Epoch 422	LOSS: 14.97	MAE: 15.90	RMSE: 32.02
Epoch 423	LOSS: 14.98	MAE: 15.86	RMSE: 32.01
Epoch 424	LOSS: 14.83	MAE: 15.87	RMSE: 32.01
Epoch 425	LOSS: 14.84	MAE: 15.85	RMSE: 32.00
Epoch 426	LOSS: 14.89	MAE: 15.85	RMSE: 32.00
Epoch 427	LOSS: 14.92	MAE: 15.86	RMSE: 32.01
Epoch 428	LOSS: 14.87	MAE: 15.87	RMSE: 32.01
Epoch 429	LOSS: 14.94	MAE: 15.87	RMSE: 32.01
Epoch 430	LOSS: 14.83	MAE: 15.90	RMSE: 32.03
Epoch 431	LOSS: 14.81	MAE: 15.88	RMSE: 32.02
Epoch 432	LOSS: 14.79	MAE: 15.90	RMSE: 32.03
Epoch 433	LOSS: 14.85	MAE: 15.91	RMSE: 32.03
Epoch 434	LOSS: 14.86	MAE: 15.84	RMSE: 32.00
Epoch 435	LOSS: 14.75	MAE: 15.86	RMSE: 32.00
Epoch 436	LOSS: 14.78	MAE: 15.90	RMSE: 32.03
Epoch 437	LOSS: 15.01	MAE: 15.88	RMSE: 32.02
Epoch 438	LOSS: 14.83	MAE: 15.83	RMSE: 32.00
Epoch 439	LOSS: 14.84	MAE: 15.89	RMSE: 32.04
Epoch 440	LOSS: 14.75	MAE: 15.89	RMSE: 32.03
Epoch 441	LOSS: 14.98	MAE: 15.98	RMSE: 32.04
Epoch 442	LOSS: 14.81	MAE: 15.86	RMSE: 32.01
Epoch 443	LOSS: 15.25	MAE: 15.91	RMSE: 32.05
Epoch 444	LOSS: 15.10	MAE: 15.87	RMSE: 32.02
Epoch 445	LOSS: 14.81	MAE: 15.84	RMSE: 31.99
Epoch 446	LOSS: 14.81	MAE: 15.86	RMSE: 32.00
Epoch 447	LOSS: 14.93	MAE: 15.84	RMSE: 32.00
Epoch 448	LOSS: 15.00	MAE: 15.87	RMSE: 32.02
Epoch 449	LOSS: 14.73	MAE: 15.82	RMSE: 31.97
Epoch 450	LOSS: 14.71	MAE: 15.80	RMSE: 31.97
Epoch 451	LOSS: 15.21	MAE: 15.86	RMSE: 32.02
Epoch 452	LOSS: 14.83	MAE: 15.91	RMSE: 32.04
Epoch 453	LOSS: 15.13	MAE: 15.84	RMSE: 31.99
Epoch 454	LOSS: 14.72	MAE: 15.86	RMSE: 31.99
Epoch 455	LOSS: 15.14	MAE: 15.84	RMSE: 32.00
Epoch 456	LOSS: 14.81	MAE: 15.90	RMSE: 32.01
Epoch 457	LOSS: 15.01	MAE: 15.87	RMSE: 32.01
Epoch 458	LOSS: 14.83	MAE: 15.85	RMSE: 32.01
Epoch 459	LOSS: 15.06	MAE: 15.90	RMSE: 32.01
Epoch 460	LOSS: 14.92	MAE: 15.85	RMSE: 32.02
Epoch 461	LOSS: 14.66	MAE: 15.85	RMSE: 31.99
Epoch 462	LOSS: 14.93	MAE: 15.87	RMSE: 32.01
Epoch 463	LOSS: 14.83	MAE: 15.83	RMSE: 31.99
Epoch 464	LOSS: 14.77	MAE: 15.85	RMSE: 31.99
Epoch 465	LOSS: 14.79	MAE: 15.80	RMSE: 31.99
Epoch 466	LOSS: 14.76	MAE: 15.83	RMSE: 31.97
Epoch 467	LOSS: 14.71	MAE: 15.81	RMSE: 31.97
Epoch 468	LOSS: 14.86	MAE: 15.81	RMSE: 31.98
Epoch 469	LOSS: 14.74	MAE: 15.83	RMSE: 31.99
Epoch 470	LOSS: 14.80	MAE: 15.82	RMSE: 31.98
Epoch 471	LOSS: 14.78	MAE: 15.80	RMSE: 31.97
Epoch 472	LOSS: 14.80	MAE: 15.85	RMSE: 32.01
Epoch 473	LOSS: 14.70	MAE: 15.80	RMSE: 31.98
Epoch 474	LOSS: 14.84	MAE: 15.81	RMSE: 31.98
Epoch 475	LOSS: 14.75	MAE: 15.83	RMSE: 31.98
Epoch 476	LOSS: 14.78	MAE: 15.79	RMSE: 31.96
Epoch 477	LOSS: 14.71	MAE: 15.81	RMSE: 31.97
Epoch 478	LOSS: 14.68	MAE: 15.78	RMSE: 31.96
Epoch 479	LOSS: 14.60	MAE: 15.79	RMSE: 31.96
Epoch 480	LOSS: 14.68	MAE: 15.81	RMSE: 31.97
Epoch 481	LOSS: 14.63	MAE: 15.81	RMSE: 31.96
Epoch 482	LOSS: 14.66	MAE: 15.83	RMSE: 31.98
Epoch 483	LOSS: 14.71	MAE: 15.78	RMSE: 31.96
Epoch 484	LOSS: 14.81	MAE: 15.78	RMSE: 31.96
Epoch 485	LOSS: 14.86	MAE: 15.78	RMSE: 31.97
Epoch 486	LOSS: 14.66	MAE: 15.79	RMSE: 31.95
Epoch 487	LOSS: 14.80	MAE: 15.82	RMSE: 31.98
Epoch 488	LOSS: 14.64	MAE: 15.77	RMSE: 31.95
Epoch 489	LOSS: 14.64	MAE: 15.79	RMSE: 31.95
Epoch 490	LOSS: 14.64	MAE: 15.75	RMSE: 31.94
Epoch 491	LOSS: 14.63	MAE: 15.80	RMSE: 31.96
Epoch 492	LOSS: 14.71	MAE: 15.76	RMSE: 31.95
Epoch 493	LOSS: 14.68	MAE: 15.76	RMSE: 31.94
Epoch 494	LOSS: 14.66	MAE: 15.76	RMSE: 31.95
Epoch 495	LOSS: 14.70	MAE: 15.78	RMSE: 31.96
Epoch 496	LOSS: 14.79	MAE: 15.79	RMSE: 31.95
Epoch 497	LOSS: 14.71	MAE: 15.80	RMSE: 31.96
Epoch 498	LOSS: 14.65	MAE: 15.80	RMSE: 31.96
Epoch 499	LOSS: 14.57	MAE: 15.80	RMSE: 31.95
