Epoch 000	LOSS: 124.23	MAE: 62.24	RMSE: 63.00
Epoch 001	LOSS: 123.30	MAE: 61.84	RMSE: 62.61
Epoch 002	LOSS: 120.76	MAE: 60.69	RMSE: 61.48
Epoch 003	LOSS: 114.14	MAE: 57.98	RMSE: 58.82
Epoch 004	LOSS: 100.72	MAE: 52.21	RMSE: 53.20
Epoch 005	LOSS: 76.79	MAE: 41.65	RMSE: 42.99
Epoch 006	LOSS: 40.50	MAE: 25.12	RMSE: 27.59
Epoch 007	LOSS: 22.61	MAE: 13.58	RMSE: 19.14
Epoch 008	LOSS: 33.61	MAE: 18.54	RMSE: 22.07
Epoch 009	LOSS: 12.79	MAE: 11.63	RMSE: 19.43
Epoch 010	LOSS: 15.61	MAE: 14.46	RMSE: 20.92
Epoch 011	LOSS: 10.76	MAE: 11.69	RMSE: 20.36
Epoch 012	LOSS: 11.92	MAE: 11.66	RMSE: 20.55
Epoch 013	LOSS: 10.85	MAE: 12.10	RMSE: 20.89
Epoch 014	LOSS: 10.10	MAE: 11.73	RMSE: 21.10
Epoch 015	LOSS: 9.95	MAE: 11.97	RMSE: 21.26
Epoch 016	LOSS: 10.22	MAE: 11.89	RMSE: 21.47
Epoch 017	LOSS: 10.08	MAE: 12.13	RMSE: 21.64
Epoch 018	LOSS: 9.53	MAE: 12.01	RMSE: 21.76
Epoch 019	LOSS: 9.84	MAE: 12.16	RMSE: 21.87
Epoch 020	LOSS: 9.61	MAE: 12.16	RMSE: 21.96
Epoch 021	LOSS: 9.52	MAE: 12.13	RMSE: 22.03
Epoch 022	LOSS: 9.90	MAE: 12.23	RMSE: 22.14
Epoch 023	LOSS: 9.50	MAE: 12.19	RMSE: 22.19
Epoch 024	LOSS: 9.65	MAE: 12.24	RMSE: 22.29
Epoch 025	LOSS: 9.45	MAE: 12.26	RMSE: 22.37
Epoch 026	LOSS: 9.33	MAE: 12.27	RMSE: 22.45
Epoch 027	LOSS: 9.54	MAE: 12.32	RMSE: 22.55
Epoch 028	LOSS: 9.16	MAE: 12.35	RMSE: 22.60
Epoch 029	LOSS: 9.39	MAE: 12.41	RMSE: 22.70
Epoch 030	LOSS: 9.31	MAE: 12.42	RMSE: 22.74
Epoch 031	LOSS: 9.46	MAE: 12.43	RMSE: 22.79
Epoch 032	LOSS: 9.41	MAE: 12.45	RMSE: 22.85
Epoch 033	LOSS: 9.31	MAE: 12.47	RMSE: 22.91
Epoch 034	LOSS: 9.37	MAE: 12.49	RMSE: 22.96
Epoch 035	LOSS: 9.38	MAE: 12.52	RMSE: 22.99
Epoch 036	LOSS: 9.41	MAE: 12.51	RMSE: 23.06
Epoch 037	LOSS: 9.20	MAE: 12.53	RMSE: 23.10
Epoch 038	LOSS: 9.05	MAE: 12.58	RMSE: 23.17
Epoch 039	LOSS: 9.09	MAE: 12.59	RMSE: 23.21
Epoch 040	LOSS: 9.22	MAE: 12.60	RMSE: 23.28
Epoch 041	LOSS: 9.14	MAE: 12.68	RMSE: 23.33
Epoch 042	LOSS: 9.03	MAE: 12.66	RMSE: 23.39
Epoch 043	LOSS: 8.87	MAE: 12.66	RMSE: 23.44
Epoch 044	LOSS: 9.43	MAE: 12.69	RMSE: 23.48
Epoch 045	LOSS: 9.23	MAE: 12.69	RMSE: 23.51
Epoch 046	LOSS: 9.13	MAE: 12.71	RMSE: 23.56
Epoch 047	LOSS: 9.27	MAE: 12.70	RMSE: 23.59
Epoch 048	LOSS: 9.07	MAE: 12.71	RMSE: 23.62
Epoch 049	LOSS: 9.19	MAE: 12.75	RMSE: 23.67
Epoch 050	LOSS: 9.34	MAE: 12.77	RMSE: 23.72
Epoch 051	LOSS: 9.14	MAE: 12.82	RMSE: 23.80
Epoch 052	LOSS: 9.20	MAE: 12.83	RMSE: 23.82
Epoch 053	LOSS: 9.06	MAE: 12.84	RMSE: 23.86
Epoch 054	LOSS: 9.10	MAE: 12.84	RMSE: 23.92
Epoch 055	LOSS: 9.01	MAE: 12.86	RMSE: 23.94
Epoch 056	LOSS: 9.00	MAE: 12.89	RMSE: 23.97
Epoch 057	LOSS: 9.01	MAE: 12.90	RMSE: 24.02
Epoch 058	LOSS: 9.00	MAE: 12.90	RMSE: 24.06
Epoch 059	LOSS: 8.95	MAE: 12.89	RMSE: 24.09
Epoch 060	LOSS: 8.88	MAE: 12.92	RMSE: 24.14
Epoch 061	LOSS: 8.97	MAE: 12.92	RMSE: 24.15
Epoch 062	LOSS: 9.14	MAE: 12.95	RMSE: 24.18
Epoch 063	LOSS: 8.90	MAE: 12.96	RMSE: 24.20
Epoch 064	LOSS: 8.91	MAE: 12.95	RMSE: 24.20
Epoch 065	LOSS: 8.97	MAE: 12.96	RMSE: 24.25
Epoch 066	LOSS: 8.74	MAE: 12.99	RMSE: 24.27
Epoch 067	LOSS: 9.02	MAE: 13.03	RMSE: 24.32
Epoch 068	LOSS: 8.73	MAE: 13.02	RMSE: 24.31
Epoch 069	LOSS: 8.98	MAE: 13.08	RMSE: 24.34
Epoch 070	LOSS: 8.92	MAE: 13.08	RMSE: 24.35
Epoch 071	LOSS: 8.89	MAE: 13.05	RMSE: 24.42
Epoch 072	LOSS: 9.15	MAE: 13.05	RMSE: 24.47
Epoch 073	LOSS: 8.83	MAE: 13.04	RMSE: 24.46
Epoch 074	LOSS: 9.09	MAE: 13.06	RMSE: 24.49
Epoch 075	LOSS: 8.71	MAE: 13.06	RMSE: 24.48
Epoch 076	LOSS: 8.84	MAE: 13.07	RMSE: 24.50
Epoch 077	LOSS: 8.72	MAE: 13.09	RMSE: 24.51
Epoch 078	LOSS: 8.63	MAE: 13.06	RMSE: 24.52
Epoch 079	LOSS: 9.14	MAE: 13.07	RMSE: 24.55
Epoch 080	LOSS: 8.93	MAE: 13.10	RMSE: 24.57
Epoch 081	LOSS: 8.62	MAE: 13.11	RMSE: 24.60
Epoch 082	LOSS: 8.77	MAE: 13.13	RMSE: 24.64
Epoch 083	LOSS: 8.83	MAE: 13.14	RMSE: 24.68
Epoch 084	LOSS: 8.85	MAE: 13.15	RMSE: 24.72
Epoch 085	LOSS: 8.73	MAE: 13.18	RMSE: 24.74
Epoch 086	LOSS: 8.87	MAE: 13.17	RMSE: 24.76
Epoch 087	LOSS: 8.80	MAE: 13.18	RMSE: 24.78
Epoch 088	LOSS: 8.71	MAE: 13.19	RMSE: 24.81
Epoch 089	LOSS: 8.98	MAE: 13.20	RMSE: 24.85
Epoch 090	LOSS: 8.87	MAE: 13.23	RMSE: 24.87
Epoch 091	LOSS: 8.95	MAE: 13.25	RMSE: 24.89
Epoch 092	LOSS: 8.81	MAE: 13.24	RMSE: 24.88
Epoch 093	LOSS: 8.86	MAE: 13.23	RMSE: 24.92
Epoch 094	LOSS: 9.03	MAE: 13.25	RMSE: 24.98
Epoch 095	LOSS: 8.61	MAE: 13.25	RMSE: 24.99
Epoch 096	LOSS: 8.74	MAE: 13.28	RMSE: 24.97
Epoch 097	LOSS: 8.82	MAE: 13.31	RMSE: 24.98
Epoch 098	LOSS: 8.79	MAE: 13.31	RMSE: 24.98
Epoch 099	LOSS: 8.98	MAE: 13.30	RMSE: 25.01
Epoch 100	LOSS: 8.45	MAE: 13.32	RMSE: 25.04
Epoch 101	LOSS: 8.66	MAE: 13.32	RMSE: 25.04
Epoch 102	LOSS: 9.00	MAE: 13.33	RMSE: 25.07
Epoch 103	LOSS: 8.49	MAE: 13.32	RMSE: 25.09
Epoch 104	LOSS: 8.80	MAE: 13.32	RMSE: 25.11
Epoch 105	LOSS: 8.73	MAE: 13.32	RMSE: 25.12
Epoch 106	LOSS: 8.58	MAE: 13.33	RMSE: 25.13
Epoch 107	LOSS: 8.96	MAE: 13.34	RMSE: 25.14
Epoch 108	LOSS: 8.56	MAE: 13.33	RMSE: 25.12
Epoch 109	LOSS: 8.91	MAE: 13.34	RMSE: 25.13
Epoch 110	LOSS: 8.72	MAE: 13.33	RMSE: 25.14
Epoch 111	LOSS: 8.80	MAE: 13.32	RMSE: 25.15
Epoch 112	LOSS: 8.69	MAE: 13.35	RMSE: 25.16
Epoch 113	LOSS: 8.77	MAE: 13.36	RMSE: 25.16
Epoch 114	LOSS: 8.49	MAE: 13.34	RMSE: 25.15
Epoch 115	LOSS: 8.56	MAE: 13.35	RMSE: 25.15
Epoch 116	LOSS: 8.52	MAE: 13.34	RMSE: 25.15
Epoch 117	LOSS: 8.56	MAE: 13.34	RMSE: 25.15
Epoch 118	LOSS: 8.74	MAE: 13.33	RMSE: 25.15
Epoch 119	LOSS: 8.84	MAE: 13.34	RMSE: 25.14
Epoch 120	LOSS: 8.79	MAE: 13.32	RMSE: 25.14
Epoch 121	LOSS: 8.64	MAE: 13.34	RMSE: 25.14
Epoch 122	LOSS: 8.68	MAE: 13.32	RMSE: 25.14
Epoch 123	LOSS: 8.88	MAE: 13.34	RMSE: 25.14
Epoch 124	LOSS: 8.72	MAE: 13.33	RMSE: 25.16
Epoch 125	LOSS: 8.68	MAE: 13.30	RMSE: 25.14
Epoch 126	LOSS: 8.77	MAE: 13.35	RMSE: 25.14
Epoch 127	LOSS: 8.64	MAE: 13.32	RMSE: 25.14
Epoch 128	LOSS: 8.85	MAE: 13.32	RMSE: 25.16
Epoch 129	LOSS: 8.62	MAE: 13.33	RMSE: 25.17
Epoch 130	LOSS: 8.64	MAE: 13.31	RMSE: 25.16
Epoch 131	LOSS: 8.82	MAE: 13.32	RMSE: 25.15
Epoch 132	LOSS: 8.78	MAE: 13.36	RMSE: 25.16
Epoch 133	LOSS: 8.72	MAE: 13.35	RMSE: 25.16
Epoch 134	LOSS: 8.87	MAE: 13.33	RMSE: 25.17
Epoch 135	LOSS: 8.74	MAE: 13.33	RMSE: 25.17
Epoch 136	LOSS: 8.72	MAE: 13.33	RMSE: 25.16
Epoch 137	LOSS: 8.68	MAE: 13.36	RMSE: 25.13
Epoch 138	LOSS: 8.60	MAE: 13.36	RMSE: 25.15
Epoch 139	LOSS: 8.64	MAE: 13.33	RMSE: 25.18
Epoch 140	LOSS: 8.71	MAE: 13.32	RMSE: 25.17
Epoch 141	LOSS: 8.80	MAE: 13.33	RMSE: 25.18
Epoch 142	LOSS: 8.68	MAE: 13.34	RMSE: 25.19
Epoch 143	LOSS: 8.72	MAE: 13.33	RMSE: 25.21
Epoch 144	LOSS: 8.47	MAE: 13.33	RMSE: 25.20
Epoch 145	LOSS: 8.49	MAE: 13.32	RMSE: 25.17
Epoch 146	LOSS: 8.74	MAE: 13.32	RMSE: 25.17
Epoch 147	LOSS: 8.85	MAE: 13.31	RMSE: 25.17
Epoch 148	LOSS: 8.74	MAE: 13.32	RMSE: 25.16
Epoch 149	LOSS: 8.58	MAE: 13.34	RMSE: 25.15
Epoch 150	LOSS: 8.76	MAE: 13.36	RMSE: 25.15
Epoch 151	LOSS: 8.65	MAE: 13.35	RMSE: 25.16
Epoch 152	LOSS: 8.70	MAE: 13.31	RMSE: 25.15
Epoch 153	LOSS: 8.42	MAE: 13.30	RMSE: 25.16
Epoch 154	LOSS: 8.54	MAE: 13.31	RMSE: 25.16
Epoch 155	LOSS: 8.68	MAE: 13.34	RMSE: 25.15
Epoch 156	LOSS: 8.70	MAE: 13.32	RMSE: 25.15
Epoch 157	LOSS: 8.69	MAE: 13.32	RMSE: 25.19
Epoch 158	LOSS: 8.60	MAE: 13.32	RMSE: 25.18
Epoch 159	LOSS: 8.46	MAE: 13.31	RMSE: 25.17
Epoch 160	LOSS: 8.85	MAE: 13.31	RMSE: 25.18
Epoch 161	LOSS: 8.48	MAE: 13.30	RMSE: 25.17
Epoch 162	LOSS: 8.54	MAE: 13.32	RMSE: 25.17
Epoch 163	LOSS: 8.65	MAE: 13.32	RMSE: 25.15
Epoch 164	LOSS: 8.65	MAE: 13.31	RMSE: 25.16
Epoch 165	LOSS: 8.52	MAE: 13.31	RMSE: 25.16
Epoch 166	LOSS: 8.47	MAE: 13.30	RMSE: 25.15
Epoch 167	LOSS: 8.71	MAE: 13.31	RMSE: 25.17
Epoch 168	LOSS: 8.57	MAE: 13.30	RMSE: 25.16
Epoch 169	LOSS: 8.54	MAE: 13.30	RMSE: 25.15
Epoch 170	LOSS: 8.76	MAE: 13.31	RMSE: 25.15
Epoch 171	LOSS: 8.69	MAE: 13.30	RMSE: 25.15
Epoch 172	LOSS: 8.49	MAE: 13.29	RMSE: 25.17
Epoch 173	LOSS: 8.45	MAE: 13.30	RMSE: 25.16
Epoch 174	LOSS: 8.47	MAE: 13.29	RMSE: 25.16
Epoch 175	LOSS: 8.44	MAE: 13.28	RMSE: 25.15
Epoch 176	LOSS: 8.55	MAE: 13.32	RMSE: 25.13
Epoch 177	LOSS: 8.45	MAE: 13.28	RMSE: 25.14
Epoch 178	LOSS: 8.53	MAE: 13.26	RMSE: 25.15
Epoch 179	LOSS: 8.38	MAE: 13.26	RMSE: 25.15
Epoch 180	LOSS: 8.36	MAE: 13.31	RMSE: 25.12
Epoch 181	LOSS: 8.75	MAE: 13.30	RMSE: 25.14
Epoch 182	LOSS: 8.55	MAE: 13.27	RMSE: 25.19
Epoch 183	LOSS: 8.66	MAE: 13.26	RMSE: 25.17
Epoch 184	LOSS: 8.51	MAE: 13.26	RMSE: 25.15
Epoch 185	LOSS: 8.35	MAE: 13.26	RMSE: 25.12
Epoch 186	LOSS: 8.46	MAE: 13.28	RMSE: 25.14
Epoch 187	LOSS: 8.52	MAE: 13.28	RMSE: 25.16
Epoch 188	LOSS: 8.47	MAE: 13.25	RMSE: 25.16
Epoch 189	LOSS: 8.43	MAE: 13.25	RMSE: 25.16
Epoch 190	LOSS: 8.41	MAE: 13.25	RMSE: 25.14
Epoch 191	LOSS: 8.22	MAE: 13.25	RMSE: 25.13
Epoch 192	LOSS: 8.56	MAE: 13.24	RMSE: 25.14
Epoch 193	LOSS: 8.40	MAE: 13.24	RMSE: 25.15
Epoch 194	LOSS: 8.50	MAE: 13.23	RMSE: 25.15
Epoch 195	LOSS: 8.36	MAE: 13.24	RMSE: 25.12
Epoch 196	LOSS: 8.37	MAE: 13.26	RMSE: 25.13
Epoch 197	LOSS: 8.22	MAE: 13.24	RMSE: 25.13
Epoch 198	LOSS: 8.51	MAE: 13.23	RMSE: 25.14
Epoch 199	LOSS: 8.38	MAE: 13.19	RMSE: 25.12
Epoch 200	LOSS: 8.43	MAE: 13.19	RMSE: 25.12
Epoch 201	LOSS: 8.44	MAE: 13.20	RMSE: 25.11
Epoch 202	LOSS: 8.25	MAE: 13.21	RMSE: 25.11
Epoch 203	LOSS: 8.31	MAE: 13.20	RMSE: 25.11
Epoch 204	LOSS: 8.43	MAE: 13.19	RMSE: 25.12
Epoch 205	LOSS: 8.23	MAE: 13.19	RMSE: 25.13
Epoch 206	LOSS: 8.37	MAE: 13.17	RMSE: 25.11
Epoch 207	LOSS: 8.28	MAE: 13.17	RMSE: 25.11
Epoch 208	LOSS: 8.26	MAE: 13.18	RMSE: 25.11
Epoch 209	LOSS: 8.08	MAE: 13.19	RMSE: 25.11
Epoch 210	LOSS: 8.25	MAE: 13.17	RMSE: 25.11
Epoch 211	LOSS: 8.10	MAE: 13.16	RMSE: 25.10
Epoch 212	LOSS: 8.33	MAE: 13.19	RMSE: 25.09
Epoch 213	LOSS: 8.08	MAE: 13.16	RMSE: 25.09
Epoch 214	LOSS: 8.45	MAE: 13.15	RMSE: 25.10
Epoch 215	LOSS: 8.08	MAE: 13.15	RMSE: 25.09
Epoch 216	LOSS: 8.26	MAE: 13.16	RMSE: 25.08
Epoch 217	LOSS: 8.26	MAE: 13.16	RMSE: 25.09
Epoch 218	LOSS: 8.21	MAE: 13.15	RMSE: 25.07
Epoch 219	LOSS: 8.12	MAE: 13.20	RMSE: 25.06
Epoch 220	LOSS: 8.15	MAE: 13.17	RMSE: 25.06
Epoch 221	LOSS: 8.16	MAE: 13.14	RMSE: 25.07
Epoch 222	LOSS: 8.12	MAE: 13.13	RMSE: 25.09
Epoch 223	LOSS: 8.23	MAE: 13.14	RMSE: 25.07
Epoch 224	LOSS: 8.24	MAE: 13.14	RMSE: 25.09
Epoch 225	LOSS: 8.11	MAE: 13.14	RMSE: 25.08
Epoch 226	LOSS: 8.06	MAE: 13.14	RMSE: 25.09
Epoch 227	LOSS: 8.11	MAE: 13.12	RMSE: 25.09
Epoch 228	LOSS: 8.08	MAE: 13.14	RMSE: 25.10
Epoch 229	LOSS: 8.02	MAE: 13.15	RMSE: 25.08
Epoch 230	LOSS: 7.77	MAE: 13.13	RMSE: 25.08
Epoch 231	LOSS: 8.01	MAE: 13.13	RMSE: 25.07
Epoch 232	LOSS: 8.02	MAE: 13.12	RMSE: 25.09
Epoch 233	LOSS: 8.09	MAE: 13.10	RMSE: 25.09
Epoch 234	LOSS: 8.01	MAE: 13.12	RMSE: 25.08
Epoch 235	LOSS: 7.90	MAE: 13.14	RMSE: 25.07
Epoch 236	LOSS: 8.02	MAE: 13.14	RMSE: 25.07
Epoch 237	LOSS: 7.94	MAE: 13.11	RMSE: 25.06
Epoch 238	LOSS: 8.04	MAE: 13.11	RMSE: 25.07
Epoch 239	LOSS: 7.94	MAE: 13.09	RMSE: 25.07
Epoch 240	LOSS: 8.02	MAE: 13.08	RMSE: 25.06
Epoch 241	LOSS: 8.07	MAE: 13.07	RMSE: 25.06
Epoch 242	LOSS: 7.85	MAE: 13.08	RMSE: 25.05
Epoch 243	LOSS: 7.83	MAE: 13.10	RMSE: 25.07
Epoch 244	LOSS: 7.84	MAE: 13.11	RMSE: 25.07
Epoch 245	LOSS: 7.71	MAE: 13.10	RMSE: 25.05
Epoch 246	LOSS: 7.94	MAE: 13.11	RMSE: 25.06
Epoch 247	LOSS: 7.97	MAE: 13.10	RMSE: 25.07
Epoch 248	LOSS: 7.83	MAE: 13.06	RMSE: 25.08
Epoch 249	LOSS: 7.78	MAE: 13.08	RMSE: 25.09
Epoch 250	LOSS: 7.77	MAE: 13.12	RMSE: 25.06
Epoch 251	LOSS: 7.73	MAE: 13.14	RMSE: 25.10
Epoch 252	LOSS: 7.64	MAE: 13.11	RMSE: 25.12
Epoch 253	LOSS: 7.72	MAE: 13.08	RMSE: 25.14
Epoch 254	LOSS: 7.81	MAE: 13.09	RMSE: 25.13
Epoch 255	LOSS: 7.79	MAE: 13.09	RMSE: 25.13
Epoch 256	LOSS: 7.53	MAE: 13.11	RMSE: 25.13
Epoch 257	LOSS: 7.56	MAE: 13.13	RMSE: 25.12
Epoch 258	LOSS: 7.80	MAE: 13.09	RMSE: 25.12
Epoch 259	LOSS: 7.68	MAE: 13.06	RMSE: 25.15
Epoch 260	LOSS: 7.64	MAE: 13.04	RMSE: 25.16
Epoch 261	LOSS: 7.64	MAE: 13.09	RMSE: 25.17
Epoch 262	LOSS: 7.82	MAE: 13.11	RMSE: 25.17
Epoch 263	LOSS: 7.46	MAE: 13.08	RMSE: 25.19
Epoch 264	LOSS: 7.49	MAE: 13.07	RMSE: 25.20
Epoch 265	LOSS: 7.54	MAE: 13.08	RMSE: 25.22
Epoch 266	LOSS: 7.57	MAE: 13.09	RMSE: 25.20
Epoch 267	LOSS: 7.56	MAE: 13.08	RMSE: 25.19
Epoch 268	LOSS: 7.58	MAE: 13.06	RMSE: 25.22
Epoch 269	LOSS: 7.43	MAE: 13.08	RMSE: 25.23
Epoch 270	LOSS: 7.45	MAE: 13.08	RMSE: 25.24
Epoch 271	LOSS: 7.46	MAE: 13.08	RMSE: 25.23
Epoch 272	LOSS: 7.38	MAE: 13.06	RMSE: 25.25
Epoch 273	LOSS: 7.44	MAE: 13.09	RMSE: 25.23
Epoch 274	LOSS: 7.34	MAE: 13.12	RMSE: 25.22
Epoch 275	LOSS: 7.26	MAE: 13.11	RMSE: 25.26
Epoch 276	LOSS: 7.35	MAE: 13.07	RMSE: 25.29
Epoch 277	LOSS: 7.42	MAE: 13.07	RMSE: 25.31
Epoch 278	LOSS: 7.23	MAE: 13.09	RMSE: 25.30
Epoch 279	LOSS: 7.38	MAE: 13.10	RMSE: 25.29
Epoch 280	LOSS: 7.17	MAE: 13.08	RMSE: 25.29
Epoch 281	LOSS: 7.33	MAE: 13.08	RMSE: 25.30
Epoch 282	LOSS: 7.15	MAE: 13.07	RMSE: 25.30
Epoch 283	LOSS: 7.23	MAE: 13.05	RMSE: 25.30
Epoch 284	LOSS: 7.20	MAE: 13.06	RMSE: 25.31
Epoch 285	LOSS: 7.22	MAE: 13.07	RMSE: 25.30
Epoch 286	LOSS: 7.25	MAE: 13.06	RMSE: 25.30
Epoch 287	LOSS: 7.14	MAE: 13.07	RMSE: 25.29
Epoch 288	LOSS: 7.23	MAE: 13.04	RMSE: 25.31
Epoch 289	LOSS: 7.24	MAE: 13.05	RMSE: 25.30
Epoch 290	LOSS: 7.09	MAE: 13.05	RMSE: 25.31
Epoch 291	LOSS: 7.18	MAE: 13.07	RMSE: 25.34
Epoch 292	LOSS: 7.02	MAE: 13.03	RMSE: 25.31
Epoch 293	LOSS: 7.09	MAE: 13.06	RMSE: 25.33
Epoch 294	LOSS: 7.10	MAE: 13.11	RMSE: 25.30
Epoch 295	LOSS: 7.42	MAE: 13.06	RMSE: 25.33
Epoch 296	LOSS: 7.07	MAE: 13.02	RMSE: 25.32
Epoch 297	LOSS: 7.05	MAE: 13.03	RMSE: 25.34
Epoch 298	LOSS: 7.23	MAE: 13.11	RMSE: 25.31
Epoch 299	LOSS: 7.02	MAE: 13.06	RMSE: 25.30
Epoch 300	LOSS: 7.22	MAE: 13.01	RMSE: 25.33
Epoch 301	LOSS: 6.93	MAE: 13.03	RMSE: 25.33
Epoch 302	LOSS: 7.05	MAE: 13.01	RMSE: 25.32
Epoch 303	LOSS: 7.17	MAE: 13.02	RMSE: 25.31
Epoch 304	LOSS: 6.92	MAE: 13.01	RMSE: 25.31
Epoch 305	LOSS: 6.98	MAE: 13.02	RMSE: 25.34
Epoch 306	LOSS: 6.89	MAE: 13.00	RMSE: 25.34
Epoch 307	LOSS: 6.72	MAE: 13.00	RMSE: 25.32
Epoch 308	LOSS: 6.96	MAE: 13.03	RMSE: 25.32
Epoch 309	LOSS: 6.80	MAE: 13.00	RMSE: 25.33
Epoch 310	LOSS: 6.88	MAE: 12.99	RMSE: 25.33
Epoch 311	LOSS: 6.98	MAE: 12.98	RMSE: 25.32
Epoch 312	LOSS: 6.87	MAE: 12.98	RMSE: 25.32
Epoch 313	LOSS: 6.89	MAE: 12.97	RMSE: 25.31
Epoch 314	LOSS: 6.89	MAE: 12.97	RMSE: 25.30
Epoch 315	LOSS: 6.99	MAE: 12.97	RMSE: 25.31
Epoch 316	LOSS: 6.94	MAE: 12.96	RMSE: 25.31
Epoch 317	LOSS: 6.89	MAE: 12.96	RMSE: 25.32
Epoch 318	LOSS: 6.76	MAE: 12.95	RMSE: 25.32
Epoch 319	LOSS: 6.80	MAE: 12.97	RMSE: 25.31
Epoch 320	LOSS: 6.82	MAE: 12.98	RMSE: 25.31
Epoch 321	LOSS: 6.84	MAE: 13.00	RMSE: 25.33
Epoch 322	LOSS: 6.80	MAE: 12.95	RMSE: 25.33
Epoch 323	LOSS: 6.90	MAE: 12.96	RMSE: 25.35
Epoch 324	LOSS: 6.56	MAE: 12.96	RMSE: 25.33
Epoch 325	LOSS: 6.73	MAE: 12.96	RMSE: 25.31
Epoch 326	LOSS: 6.71	MAE: 12.94	RMSE: 25.32
Epoch 327	LOSS: 6.71	MAE: 12.93	RMSE: 25.33
Epoch 328	LOSS: 6.59	MAE: 12.97	RMSE: 25.33
Epoch 329	LOSS: 6.72	MAE: 12.95	RMSE: 25.32
Epoch 330	LOSS: 6.67	MAE: 12.93	RMSE: 25.32
Epoch 331	LOSS: 6.64	MAE: 12.91	RMSE: 25.32
Epoch 332	LOSS: 6.57	MAE: 12.92	RMSE: 25.32
Epoch 333	LOSS: 6.79	MAE: 12.93	RMSE: 25.31
Epoch 334	LOSS: 6.57	MAE: 12.92	RMSE: 25.31
Epoch 335	LOSS: 6.71	MAE: 12.95	RMSE: 25.30
Epoch 336	LOSS: 6.70	MAE: 12.92	RMSE: 25.32
Epoch 337	LOSS: 6.62	MAE: 12.91	RMSE: 25.32
Epoch 338	LOSS: 6.54	MAE: 12.91	RMSE: 25.31
Epoch 339	LOSS: 6.66	MAE: 12.94	RMSE: 25.32
Epoch 340	LOSS: 6.55	MAE: 12.91	RMSE: 25.32
Epoch 341	LOSS: 6.57	MAE: 12.90	RMSE: 25.33
Epoch 342	LOSS: 6.55	MAE: 12.99	RMSE: 25.31
Epoch 343	LOSS: 6.55	MAE: 12.95	RMSE: 25.33
Epoch 344	LOSS: 6.67	MAE: 12.91	RMSE: 25.33
Epoch 345	LOSS: 6.46	MAE: 12.91	RMSE: 25.35
Epoch 346	LOSS: 6.54	MAE: 12.93	RMSE: 25.34
Epoch 347	LOSS: 6.55	MAE: 12.95	RMSE: 25.32
Epoch 348	LOSS: 6.50	MAE: 12.89	RMSE: 25.32
Epoch 349	LOSS: 6.40	MAE: 12.89	RMSE: 25.32
Epoch 350	LOSS: 6.61	MAE: 12.91	RMSE: 25.33
Epoch 351	LOSS: 6.46	MAE: 12.90	RMSE: 25.33
Epoch 352	LOSS: 6.58	MAE: 12.90	RMSE: 25.34
Epoch 353	LOSS: 6.60	MAE: 12.90	RMSE: 25.33
Epoch 354	LOSS: 6.54	MAE: 12.92	RMSE: 25.33
Epoch 355	LOSS: 6.46	MAE: 12.88	RMSE: 25.34
Epoch 356	LOSS: 6.47	MAE: 12.88	RMSE: 25.34
Epoch 357	LOSS: 6.47	MAE: 12.91	RMSE: 25.32
Epoch 358	LOSS: 6.45	MAE: 12.91	RMSE: 25.32
Epoch 359	LOSS: 6.38	MAE: 12.88	RMSE: 25.33
Epoch 360	LOSS: 6.31	MAE: 12.88	RMSE: 25.34
Epoch 361	LOSS: 6.48	MAE: 12.91	RMSE: 25.35
Epoch 362	LOSS: 6.39	MAE: 12.88	RMSE: 25.33
Epoch 363	LOSS: 6.45	MAE: 12.89	RMSE: 25.33
Epoch 364	LOSS: 6.37	MAE: 12.87	RMSE: 25.35
Epoch 365	LOSS: 6.31	MAE: 12.89	RMSE: 25.34
Epoch 366	LOSS: 6.47	MAE: 12.91	RMSE: 25.34
Epoch 367	LOSS: 6.47	MAE: 12.92	RMSE: 25.34
Epoch 368	LOSS: 6.36	MAE: 12.90	RMSE: 25.33
Epoch 369	LOSS: 6.38	MAE: 12.88	RMSE: 25.35
Epoch 370	LOSS: 6.20	MAE: 12.87	RMSE: 25.37
Epoch 371	LOSS: 6.26	MAE: 12.90	RMSE: 25.37
Epoch 372	LOSS: 6.45	MAE: 12.90	RMSE: 25.36
Epoch 373	LOSS: 6.44	MAE: 12.89	RMSE: 25.38
Epoch 374	LOSS: 6.22	MAE: 12.87	RMSE: 25.36
Epoch 375	LOSS: 6.25	MAE: 12.88	RMSE: 25.36
Epoch 376	LOSS: 6.32	MAE: 12.87	RMSE: 25.37
Epoch 377	LOSS: 6.27	MAE: 12.87	RMSE: 25.36
Epoch 378	LOSS: 6.29	MAE: 12.87	RMSE: 25.36
Epoch 379	LOSS: 6.24	MAE: 12.89	RMSE: 25.37
Epoch 380	LOSS: 6.26	MAE: 12.89	RMSE: 25.35
Epoch 381	LOSS: 6.33	MAE: 12.88	RMSE: 25.36
Epoch 382	LOSS: 6.27	MAE: 12.86	RMSE: 25.37
Epoch 383	LOSS: 6.36	MAE: 12.88	RMSE: 25.36
Epoch 384	LOSS: 6.41	MAE: 12.94	RMSE: 25.35
Epoch 385	LOSS: 6.33	MAE: 12.86	RMSE: 25.36
Epoch 386	LOSS: 6.21	MAE: 12.86	RMSE: 25.38
Epoch 387	LOSS: 6.38	MAE: 12.87	RMSE: 25.38
Epoch 388	LOSS: 6.31	MAE: 12.88	RMSE: 25.36
Epoch 389	LOSS: 6.27	MAE: 12.93	RMSE: 25.35
Epoch 390	LOSS: 6.39	MAE: 12.89	RMSE: 25.36
Epoch 391	LOSS: 6.23	MAE: 12.86	RMSE: 25.38
Epoch 392	LOSS: 6.25	MAE: 12.84	RMSE: 25.37
Epoch 393	LOSS: 6.15	MAE: 12.86	RMSE: 25.36
Epoch 394	LOSS: 6.28	MAE: 12.89	RMSE: 25.36
Epoch 395	LOSS: 6.34	MAE: 12.90	RMSE: 25.38
Epoch 396	LOSS: 6.26	MAE: 12.86	RMSE: 25.37
Epoch 397	LOSS: 6.16	MAE: 12.84	RMSE: 25.38
Epoch 398	LOSS: 6.49	MAE: 12.90	RMSE: 25.39
Epoch 399	LOSS: 6.33	MAE: 12.90	RMSE: 25.38
Epoch 400	LOSS: 6.24	MAE: 12.87	RMSE: 25.37
Epoch 401	LOSS: 6.36	MAE: 12.92	RMSE: 25.38
Epoch 402	LOSS: 6.56	MAE: 12.97	RMSE: 25.38
Epoch 403	LOSS: 6.47	MAE: 12.97	RMSE: 25.37
Epoch 404	LOSS: 6.63	MAE: 13.00	RMSE: 25.39
Epoch 405	LOSS: 6.51	MAE: 12.87	RMSE: 25.36
Epoch 406	LOSS: 6.13	MAE: 12.85	RMSE: 25.39
Epoch 407	LOSS: 6.36	MAE: 12.87	RMSE: 25.37
Epoch 408	LOSS: 6.26	MAE: 12.84	RMSE: 25.37
Epoch 409	LOSS: 6.08	MAE: 12.84	RMSE: 25.39
Epoch 410	LOSS: 6.15	MAE: 12.84	RMSE: 25.38
Epoch 411	LOSS: 6.25	MAE: 12.88	RMSE: 25.40
Epoch 412	LOSS: 6.19	MAE: 12.86	RMSE: 25.41
Epoch 413	LOSS: 6.17	MAE: 12.84	RMSE: 25.40
Epoch 414	LOSS: 6.16	MAE: 12.84	RMSE: 25.40
Epoch 415	LOSS: 6.14	MAE: 12.87	RMSE: 25.42
Epoch 416	LOSS: 6.18	MAE: 12.87	RMSE: 25.42
Epoch 417	LOSS: 6.21	MAE: 12.86	RMSE: 25.42
Epoch 418	LOSS: 6.18	MAE: 12.85	RMSE: 25.41
Epoch 419	LOSS: 6.11	MAE: 12.85	RMSE: 25.41
Epoch 420	LOSS: 6.13	MAE: 12.83	RMSE: 25.41
Epoch 421	LOSS: 6.12	MAE: 12.86	RMSE: 25.42
Epoch 422	LOSS: 6.23	MAE: 12.89	RMSE: 25.43
Epoch 423	LOSS: 6.14	MAE: 12.86	RMSE: 25.41
Epoch 424	LOSS: 6.19	MAE: 12.90	RMSE: 25.42
Epoch 425	LOSS: 6.32	MAE: 12.88	RMSE: 25.41
Epoch 426	LOSS: 6.25	MAE: 12.86	RMSE: 25.42
Epoch 427	LOSS: 6.19	MAE: 12.85	RMSE: 25.42
Epoch 428	LOSS: 6.18	MAE: 12.85	RMSE: 25.43
Epoch 429	LOSS: 6.10	MAE: 12.86	RMSE: 25.44
Epoch 430	LOSS: 6.20	MAE: 12.88	RMSE: 25.45
Epoch 431	LOSS: 6.14	MAE: 12.86	RMSE: 25.43
Epoch 432	LOSS: 6.10	MAE: 12.84	RMSE: 25.43
Epoch 433	LOSS: 6.16	MAE: 12.87	RMSE: 25.45
Epoch 434	LOSS: 6.12	MAE: 12.85	RMSE: 25.43
Epoch 435	LOSS: 6.23	MAE: 12.89	RMSE: 25.44
Epoch 436	LOSS: 6.21	MAE: 12.84	RMSE: 25.44
Epoch 437	LOSS: 6.12	MAE: 12.82	RMSE: 25.44
Epoch 438	LOSS: 6.38	MAE: 12.93	RMSE: 25.45
Epoch 439	LOSS: 6.33	MAE: 12.91	RMSE: 25.46
Epoch 440	LOSS: 6.21	MAE: 12.85	RMSE: 25.43
Epoch 441	LOSS: 6.04	MAE: 12.82	RMSE: 25.45
Epoch 442	LOSS: 6.26	MAE: 12.89	RMSE: 25.44
Epoch 443	LOSS: 6.27	MAE: 12.93	RMSE: 25.44
Epoch 444	LOSS: 6.15	MAE: 12.87	RMSE: 25.46
Epoch 445	LOSS: 6.18	MAE: 12.85	RMSE: 25.46
Epoch 446	LOSS: 6.32	MAE: 12.90	RMSE: 25.46
Epoch 447	LOSS: 6.33	MAE: 12.95	RMSE: 25.46
Epoch 448	LOSS: 6.18	MAE: 12.88	RMSE: 25.43
Epoch 449	LOSS: 6.23	MAE: 12.89	RMSE: 25.43
Epoch 450	LOSS: 6.27	MAE: 12.86	RMSE: 25.43
Epoch 451	LOSS: 6.07	MAE: 12.85	RMSE: 25.45
Epoch 452	LOSS: 6.18	MAE: 12.87	RMSE: 25.42
Epoch 453	LOSS: 6.14	MAE: 12.84	RMSE: 25.45
Epoch 454	LOSS: 6.13	MAE: 12.85	RMSE: 25.45
Epoch 455	LOSS: 6.10	MAE: 12.85	RMSE: 25.44
Epoch 456	LOSS: 6.11	MAE: 12.85	RMSE: 25.43
Epoch 457	LOSS: 6.19	MAE: 12.85	RMSE: 25.45
Epoch 458	LOSS: 5.97	MAE: 12.81	RMSE: 25.42
Epoch 459	LOSS: 6.12	MAE: 12.83	RMSE: 25.45
Epoch 460	LOSS: 6.19	MAE: 12.86	RMSE: 25.44
Epoch 461	LOSS: 6.13	MAE: 12.86	RMSE: 25.46
Epoch 462	LOSS: 6.06	MAE: 12.83	RMSE: 25.43
Epoch 463	LOSS: 6.18	MAE: 12.86	RMSE: 25.46
Epoch 464	LOSS: 6.16	MAE: 12.84	RMSE: 25.44
Epoch 465	LOSS: 6.18	MAE: 12.91	RMSE: 25.44
Epoch 466	LOSS: 6.15	MAE: 12.88	RMSE: 25.44
Epoch 467	LOSS: 6.16	MAE: 12.86	RMSE: 25.45
Epoch 468	LOSS: 6.07	MAE: 12.85	RMSE: 25.44
Epoch 469	LOSS: 6.16	MAE: 12.83	RMSE: 25.45
Epoch 470	LOSS: 6.11	MAE: 12.83	RMSE: 25.42
Epoch 471	LOSS: 6.03	MAE: 12.81	RMSE: 25.44
Epoch 472	LOSS: 6.15	MAE: 12.85	RMSE: 25.45
Epoch 473	LOSS: 6.18	MAE: 12.84	RMSE: 25.44
Epoch 474	LOSS: 6.17	MAE: 12.83	RMSE: 25.44
Epoch 475	LOSS: 6.04	MAE: 12.83	RMSE: 25.44
Epoch 476	LOSS: 6.02	MAE: 12.84	RMSE: 25.45
Epoch 477	LOSS: 6.10	MAE: 12.83	RMSE: 25.43
Epoch 478	LOSS: 6.10	MAE: 12.85	RMSE: 25.44
Epoch 479	LOSS: 6.05	MAE: 12.85	RMSE: 25.44
Epoch 480	LOSS: 6.26	MAE: 12.85	RMSE: 25.45
Epoch 481	LOSS: 6.15	MAE: 12.89	RMSE: 25.43
Epoch 482	LOSS: 6.16	MAE: 12.83	RMSE: 25.43
Epoch 483	LOSS: 6.13	MAE: 12.81	RMSE: 25.43
Epoch 484	LOSS: 6.04	MAE: 12.79	RMSE: 25.42
Epoch 485	LOSS: 6.12	MAE: 12.83	RMSE: 25.41
Epoch 486	LOSS: 6.21	MAE: 12.85	RMSE: 25.43
Epoch 487	LOSS: 6.13	MAE: 12.81	RMSE: 25.42
Epoch 488	LOSS: 6.13	MAE: 12.81	RMSE: 25.42
Epoch 489	LOSS: 6.14	MAE: 12.81	RMSE: 25.43
Epoch 490	LOSS: 6.27	MAE: 12.88	RMSE: 25.43
Epoch 491	LOSS: 6.26	MAE: 12.92	RMSE: 25.41
Epoch 492	LOSS: 6.21	MAE: 12.90	RMSE: 25.42
Epoch 493	LOSS: 6.55	MAE: 12.86	RMSE: 25.43
Epoch 494	LOSS: 6.22	MAE: 12.80	RMSE: 25.43
Epoch 495	LOSS: 6.21	MAE: 12.87	RMSE: 25.45
Epoch 496	LOSS: 6.08	MAE: 12.79	RMSE: 25.40
Epoch 497	LOSS: 6.16	MAE: 12.88	RMSE: 25.45
Epoch 498	LOSS: 6.15	MAE: 12.84	RMSE: 25.43
Epoch 499	LOSS: 6.16	MAE: 12.86	RMSE: 25.44
