Epoch 000	LOSS: 144.29	MAE: 71.08	RMSE: 83.50
Epoch 001	LOSS: 136.39	MAE: 67.65	RMSE: 80.47
Epoch 002	LOSS: 113.16	MAE: 57.40	RMSE: 70.08
Epoch 003	LOSS: 80.89	MAE: 42.57	RMSE: 51.14
Epoch 004	LOSS: 75.43	MAE: 39.34	RMSE: 50.06
Epoch 005	LOSS: 69.04	MAE: 37.29	RMSE: 46.50
Epoch 006	LOSS: 64.94	MAE: 35.99	RMSE: 45.27
Epoch 007	LOSS: 53.31	MAE: 32.09	RMSE: 42.18
Epoch 008	LOSS: 38.64	MAE: 27.87	RMSE: 38.79
Epoch 009	LOSS: 29.12	MAE: 22.50	RMSE: 35.93
Epoch 010	LOSS: 28.65	MAE: 22.35	RMSE: 35.79
Epoch 011	LOSS: 28.04	MAE: 21.92	RMSE: 35.54
Epoch 012	LOSS: 27.34	MAE: 21.54	RMSE: 35.32
Epoch 013	LOSS: 27.24	MAE: 21.37	RMSE: 35.21
Epoch 014	LOSS: 26.79	MAE: 21.02	RMSE: 35.05
Epoch 015	LOSS: 26.54	MAE: 20.96	RMSE: 34.98
Epoch 016	LOSS: 26.13	MAE: 20.60	RMSE: 34.79
Epoch 017	LOSS: 25.70	MAE: 20.45	RMSE: 34.68
Epoch 018	LOSS: 25.63	MAE: 20.44	RMSE: 34.69
Epoch 019	LOSS: 25.15	MAE: 20.14	RMSE: 34.52
Epoch 020	LOSS: 25.11	MAE: 20.25	RMSE: 34.56
Epoch 021	LOSS: 24.91	MAE: 20.01	RMSE: 34.42
Epoch 022	LOSS: 24.63	MAE: 19.84	RMSE: 34.37
Epoch 023	LOSS: 24.69	MAE: 19.77	RMSE: 34.33
Epoch 024	LOSS: 24.31	MAE: 19.64	RMSE: 34.26
Epoch 025	LOSS: 24.01	MAE: 19.56	RMSE: 34.19
Epoch 026	LOSS: 24.02	MAE: 19.56	RMSE: 34.21
Epoch 027	LOSS: 23.83	MAE: 19.45	RMSE: 34.15
Epoch 028	LOSS: 23.83	MAE: 19.40	RMSE: 34.14
Epoch 029	LOSS: 24.01	MAE: 19.45	RMSE: 34.15
Epoch 030	LOSS: 23.91	MAE: 19.33	RMSE: 34.08
Epoch 031	LOSS: 23.73	MAE: 19.43	RMSE: 34.12
Epoch 032	LOSS: 23.65	MAE: 19.30	RMSE: 34.06
Epoch 033	LOSS: 23.77	MAE: 19.38	RMSE: 34.13
Epoch 034	LOSS: 23.51	MAE: 19.27	RMSE: 34.05
Epoch 035	LOSS: 23.15	MAE: 19.22	RMSE: 34.02
Epoch 036	LOSS: 23.11	MAE: 19.13	RMSE: 33.94
Epoch 037	LOSS: 22.99	MAE: 19.14	RMSE: 33.96
Epoch 038	LOSS: 22.90	MAE: 19.10	RMSE: 33.95
Epoch 039	LOSS: 22.73	MAE: 19.11	RMSE: 33.98
Epoch 040	LOSS: 22.74	MAE: 19.08	RMSE: 33.93
Epoch 041	LOSS: 22.75	MAE: 19.02	RMSE: 33.88
Epoch 042	LOSS: 22.70	MAE: 19.04	RMSE: 33.89
Epoch 043	LOSS: 22.49	MAE: 18.96	RMSE: 33.84
Epoch 044	LOSS: 22.39	MAE: 18.91	RMSE: 33.82
Epoch 045	LOSS: 22.46	MAE: 18.88	RMSE: 33.77
Epoch 046	LOSS: 22.17	MAE: 18.84	RMSE: 33.76
Epoch 047	LOSS: 22.04	MAE: 18.79	RMSE: 33.75
Epoch 048	LOSS: 21.94	MAE: 18.67	RMSE: 33.67
Epoch 049	LOSS: 21.77	MAE: 18.66	RMSE: 33.63
Epoch 050	LOSS: 21.49	MAE: 18.53	RMSE: 33.58
Epoch 051	LOSS: 21.24	MAE: 18.51	RMSE: 33.53
Epoch 052	LOSS: 20.85	MAE: 18.40	RMSE: 33.46
Epoch 053	LOSS: 20.63	MAE: 18.26	RMSE: 33.38
Epoch 054	LOSS: 20.52	MAE: 18.16	RMSE: 33.34
Epoch 055	LOSS: 20.30	MAE: 18.10	RMSE: 33.30
Epoch 056	LOSS: 20.02	MAE: 18.02	RMSE: 33.27
Epoch 057	LOSS: 19.94	MAE: 18.00	RMSE: 33.23
Epoch 058	LOSS: 19.93	MAE: 18.04	RMSE: 33.24
Epoch 059	LOSS: 19.57	MAE: 17.95	RMSE: 33.20
Epoch 060	LOSS: 19.53	MAE: 17.85	RMSE: 33.17
Epoch 061	LOSS: 19.44	MAE: 17.90	RMSE: 33.16
Epoch 062	LOSS: 19.55	MAE: 17.96	RMSE: 33.21
Epoch 063	LOSS: 19.51	MAE: 17.95	RMSE: 33.22
Epoch 064	LOSS: 19.21	MAE: 17.80	RMSE: 33.11
Epoch 065	LOSS: 19.03	MAE: 17.77	RMSE: 33.10
Epoch 066	LOSS: 19.09	MAE: 17.78	RMSE: 33.11
Epoch 067	LOSS: 19.11	MAE: 17.73	RMSE: 33.08
Epoch 068	LOSS: 18.96	MAE: 17.67	RMSE: 33.05
Epoch 069	LOSS: 18.90	MAE: 17.65	RMSE: 33.04
Epoch 070	LOSS: 18.81	MAE: 17.70	RMSE: 33.07
Epoch 071	LOSS: 18.81	MAE: 17.68	RMSE: 33.05
Epoch 072	LOSS: 18.57	MAE: 17.55	RMSE: 32.97
Epoch 073	LOSS: 18.71	MAE: 17.54	RMSE: 32.95
Epoch 074	LOSS: 18.45	MAE: 17.56	RMSE: 32.98
Epoch 075	LOSS: 18.55	MAE: 17.58	RMSE: 33.02
Epoch 076	LOSS: 18.34	MAE: 17.39	RMSE: 32.91
Epoch 077	LOSS: 18.32	MAE: 17.44	RMSE: 32.93
Epoch 078	LOSS: 18.34	MAE: 17.44	RMSE: 32.93
Epoch 079	LOSS: 18.15	MAE: 17.35	RMSE: 32.87
Epoch 080	LOSS: 18.26	MAE: 17.39	RMSE: 32.90
Epoch 081	LOSS: 18.08	MAE: 17.37	RMSE: 32.88
Epoch 082	LOSS: 18.11	MAE: 17.29	RMSE: 32.83
Epoch 083	LOSS: 18.15	MAE: 17.30	RMSE: 32.85
Epoch 084	LOSS: 18.00	MAE: 17.29	RMSE: 32.83
Epoch 085	LOSS: 17.98	MAE: 17.25	RMSE: 32.84
Epoch 086	LOSS: 17.85	MAE: 17.21	RMSE: 32.80
Epoch 087	LOSS: 17.84	MAE: 17.19	RMSE: 32.78
Epoch 088	LOSS: 17.82	MAE: 17.23	RMSE: 32.81
Epoch 089	LOSS: 17.78	MAE: 17.18	RMSE: 32.78
Epoch 090	LOSS: 17.67	MAE: 17.16	RMSE: 32.78
Epoch 091	LOSS: 17.66	MAE: 17.17	RMSE: 32.78
Epoch 092	LOSS: 17.61	MAE: 17.13	RMSE: 32.74
Epoch 093	LOSS: 17.65	MAE: 17.13	RMSE: 32.75
Epoch 094	LOSS: 17.61	MAE: 17.10	RMSE: 32.72
Epoch 095	LOSS: 17.42	MAE: 17.07	RMSE: 32.73
Epoch 096	LOSS: 17.43	MAE: 17.08	RMSE: 32.69
Epoch 097	LOSS: 17.32	MAE: 16.95	RMSE: 32.64
Epoch 098	LOSS: 17.36	MAE: 17.04	RMSE: 32.68
Epoch 099	LOSS: 17.35	MAE: 16.94	RMSE: 32.65
Epoch 100	LOSS: 17.42	MAE: 17.04	RMSE: 32.65
Epoch 101	LOSS: 17.15	MAE: 16.92	RMSE: 32.59
Epoch 102	LOSS: 17.30	MAE: 16.87	RMSE: 32.58
Epoch 103	LOSS: 17.24	MAE: 16.92	RMSE: 32.59
Epoch 104	LOSS: 17.35	MAE: 17.00	RMSE: 32.62
Epoch 105	LOSS: 17.14	MAE: 16.94	RMSE: 32.59
Epoch 106	LOSS: 17.11	MAE: 16.87	RMSE: 32.57
Epoch 107	LOSS: 17.06	MAE: 16.90	RMSE: 32.58
Epoch 108	LOSS: 17.14	MAE: 16.86	RMSE: 32.56
Epoch 109	LOSS: 17.14	MAE: 16.91	RMSE: 32.60
Epoch 110	LOSS: 17.02	MAE: 16.83	RMSE: 32.57
Epoch 111	LOSS: 17.14	MAE: 16.82	RMSE: 32.54
Epoch 112	LOSS: 17.03	MAE: 16.87	RMSE: 32.54
Epoch 113	LOSS: 16.96	MAE: 16.79	RMSE: 32.52
Epoch 114	LOSS: 16.97	MAE: 16.82	RMSE: 32.54
Epoch 115	LOSS: 16.93	MAE: 16.79	RMSE: 32.53
Epoch 116	LOSS: 16.83	MAE: 16.78	RMSE: 32.53
Epoch 117	LOSS: 16.78	MAE: 16.78	RMSE: 32.52
Epoch 118	LOSS: 16.88	MAE: 16.76	RMSE: 32.52
Epoch 119	LOSS: 16.74	MAE: 16.77	RMSE: 32.52
Epoch 120	LOSS: 16.76	MAE: 16.73	RMSE: 32.50
Epoch 121	LOSS: 16.90	MAE: 16.72	RMSE: 32.48
Epoch 122	LOSS: 16.93	MAE: 16.73	RMSE: 32.52
Epoch 123	LOSS: 16.81	MAE: 16.70	RMSE: 32.49
Epoch 124	LOSS: 16.76	MAE: 16.77	RMSE: 32.53
Epoch 125	LOSS: 17.04	MAE: 16.78	RMSE: 32.54
Epoch 126	LOSS: 17.53	MAE: 16.96	RMSE: 32.57
Epoch 127	LOSS: 16.82	MAE: 16.68	RMSE: 32.47
Epoch 128	LOSS: 16.64	MAE: 16.68	RMSE: 32.46
Epoch 129	LOSS: 16.70	MAE: 16.69	RMSE: 32.48
Epoch 130	LOSS: 17.04	MAE: 16.79	RMSE: 32.49
Epoch 131	LOSS: 16.83	MAE: 16.66	RMSE: 32.46
Epoch 132	LOSS: 16.65	MAE: 16.67	RMSE: 32.47
Epoch 133	LOSS: 16.71	MAE: 16.71	RMSE: 32.49
Epoch 134	LOSS: 16.73	MAE: 16.74	RMSE: 32.52
Epoch 135	LOSS: 16.72	MAE: 16.66	RMSE: 32.43
Epoch 136	LOSS: 16.70	MAE: 16.64	RMSE: 32.43
Epoch 137	LOSS: 16.66	MAE: 16.61	RMSE: 32.42
Epoch 138	LOSS: 16.61	MAE: 16.63	RMSE: 32.44
Epoch 139	LOSS: 16.57	MAE: 16.58	RMSE: 32.42
Epoch 140	LOSS: 16.54	MAE: 16.62	RMSE: 32.44
Epoch 141	LOSS: 16.48	MAE: 16.62	RMSE: 32.43
Epoch 142	LOSS: 16.67	MAE: 16.61	RMSE: 32.44
Epoch 143	LOSS: 16.55	MAE: 16.64	RMSE: 32.47
Epoch 144	LOSS: 16.46	MAE: 16.60	RMSE: 32.42
Epoch 145	LOSS: 16.62	MAE: 16.59	RMSE: 32.43
Epoch 146	LOSS: 16.58	MAE: 16.55	RMSE: 32.40
Epoch 147	LOSS: 16.44	MAE: 16.58	RMSE: 32.42
Epoch 148	LOSS: 16.48	MAE: 16.61	RMSE: 32.43
Epoch 149	LOSS: 16.49	MAE: 16.62	RMSE: 32.44
Epoch 150	LOSS: 16.53	MAE: 16.58	RMSE: 32.42
Epoch 151	LOSS: 16.57	MAE: 16.62	RMSE: 32.44
Epoch 152	LOSS: 16.46	MAE: 16.61	RMSE: 32.42
Epoch 153	LOSS: 16.59	MAE: 16.54	RMSE: 32.40
Epoch 154	LOSS: 16.35	MAE: 16.57	RMSE: 32.42
Epoch 155	LOSS: 16.39	MAE: 16.55	RMSE: 32.41
Epoch 156	LOSS: 16.37	MAE: 16.56	RMSE: 32.41
Epoch 157	LOSS: 16.51	MAE: 16.58	RMSE: 32.43
Epoch 158	LOSS: 16.45	MAE: 16.54	RMSE: 32.38
Epoch 159	LOSS: 16.40	MAE: 16.56	RMSE: 32.40
Epoch 160	LOSS: 16.39	MAE: 16.58	RMSE: 32.43
Epoch 161	LOSS: 16.64	MAE: 16.54	RMSE: 32.39
Epoch 162	LOSS: 16.45	MAE: 16.52	RMSE: 32.40
Epoch 163	LOSS: 16.33	MAE: 16.48	RMSE: 32.37
Epoch 164	LOSS: 16.27	MAE: 16.51	RMSE: 32.39
Epoch 165	LOSS: 16.44	MAE: 16.49	RMSE: 32.40
Epoch 166	LOSS: 16.56	MAE: 16.47	RMSE: 32.39
Epoch 167	LOSS: 16.31	MAE: 16.48	RMSE: 32.37
Epoch 168	LOSS: 16.25	MAE: 16.49	RMSE: 32.40
Epoch 169	LOSS: 16.23	MAE: 16.46	RMSE: 32.37
Epoch 170	LOSS: 16.23	MAE: 16.46	RMSE: 32.37
Epoch 171	LOSS: 16.24	MAE: 16.45	RMSE: 32.35
Epoch 172	LOSS: 16.20	MAE: 16.45	RMSE: 32.35
Epoch 173	LOSS: 16.26	MAE: 16.47	RMSE: 32.36
Epoch 174	LOSS: 16.21	MAE: 16.45	RMSE: 32.36
Epoch 175	LOSS: 16.24	MAE: 16.49	RMSE: 32.37
Epoch 176	LOSS: 16.20	MAE: 16.49	RMSE: 32.37
Epoch 177	LOSS: 16.27	MAE: 16.42	RMSE: 32.36
Epoch 178	LOSS: 16.14	MAE: 16.47	RMSE: 32.35
Epoch 179	LOSS: 16.28	MAE: 16.44	RMSE: 32.37
Epoch 180	LOSS: 16.17	MAE: 16.41	RMSE: 32.34
Epoch 181	LOSS: 16.16	MAE: 16.40	RMSE: 32.31
Epoch 182	LOSS: 16.11	MAE: 16.46	RMSE: 32.37
Epoch 183	LOSS: 16.17	MAE: 16.38	RMSE: 32.33
Epoch 184	LOSS: 16.06	MAE: 16.36	RMSE: 32.32
Epoch 185	LOSS: 16.15	MAE: 16.40	RMSE: 32.34
Epoch 186	LOSS: 16.15	MAE: 16.41	RMSE: 32.34
Epoch 187	LOSS: 16.04	MAE: 16.41	RMSE: 32.33
Epoch 188	LOSS: 16.10	MAE: 16.40	RMSE: 32.34
Epoch 189	LOSS: 16.12	MAE: 16.44	RMSE: 32.37
Epoch 190	LOSS: 16.02	MAE: 16.38	RMSE: 32.33
Epoch 191	LOSS: 16.09	MAE: 16.39	RMSE: 32.34
Epoch 192	LOSS: 16.03	MAE: 16.41	RMSE: 32.34
Epoch 193	LOSS: 16.09	MAE: 16.37	RMSE: 32.32
Epoch 194	LOSS: 16.01	MAE: 16.36	RMSE: 32.32
Epoch 195	LOSS: 15.99	MAE: 16.38	RMSE: 32.32
Epoch 196	LOSS: 16.06	MAE: 16.38	RMSE: 32.33
Epoch 197	LOSS: 16.06	MAE: 16.36	RMSE: 32.33
Epoch 198	LOSS: 15.99	MAE: 16.34	RMSE: 32.32
Epoch 199	LOSS: 15.96	MAE: 16.32	RMSE: 32.28
Epoch 200	LOSS: 15.98	MAE: 16.39	RMSE: 32.33
Epoch 201	LOSS: 16.03	MAE: 16.38	RMSE: 32.34
Epoch 202	LOSS: 15.92	MAE: 16.33	RMSE: 32.29
Epoch 203	LOSS: 16.11	MAE: 16.40	RMSE: 32.31
Epoch 204	LOSS: 16.01	MAE: 16.37	RMSE: 32.29
Epoch 205	LOSS: 15.93	MAE: 16.33	RMSE: 32.30
Epoch 206	LOSS: 15.95	MAE: 16.29	RMSE: 32.28
Epoch 207	LOSS: 16.03	MAE: 16.34	RMSE: 32.31
Epoch 208	LOSS: 15.96	MAE: 16.36	RMSE: 32.31
Epoch 209	LOSS: 16.06	MAE: 16.29	RMSE: 32.29
Epoch 210	LOSS: 15.94	MAE: 16.29	RMSE: 32.27
Epoch 211	LOSS: 16.30	MAE: 16.47	RMSE: 32.33
Epoch 212	LOSS: 16.34	MAE: 16.39	RMSE: 32.34
Epoch 213	LOSS: 16.17	MAE: 16.29	RMSE: 32.28
Epoch 214	LOSS: 16.44	MAE: 16.40	RMSE: 32.33
Epoch 215	LOSS: 16.35	MAE: 16.35	RMSE: 32.33
Epoch 216	LOSS: 16.20	MAE: 16.31	RMSE: 32.27
Epoch 217	LOSS: 15.99	MAE: 16.27	RMSE: 32.29
Epoch 218	LOSS: 15.80	MAE: 16.27	RMSE: 32.26
Epoch 219	LOSS: 15.90	MAE: 16.28	RMSE: 32.28
Epoch 220	LOSS: 15.78	MAE: 16.26	RMSE: 32.26
Epoch 221	LOSS: 15.90	MAE: 16.25	RMSE: 32.24
Epoch 222	LOSS: 15.96	MAE: 16.24	RMSE: 32.25
Epoch 223	LOSS: 15.95	MAE: 16.26	RMSE: 32.28
Epoch 224	LOSS: 16.26	MAE: 16.41	RMSE: 32.29
Epoch 225	LOSS: 16.31	MAE: 16.31	RMSE: 32.30
Epoch 226	LOSS: 15.93	MAE: 16.25	RMSE: 32.24
Epoch 227	LOSS: 15.87	MAE: 16.25	RMSE: 32.27
Epoch 228	LOSS: 15.82	MAE: 16.29	RMSE: 32.27
Epoch 229	LOSS: 15.75	MAE: 16.24	RMSE: 32.23
Epoch 230	LOSS: 15.88	MAE: 16.26	RMSE: 32.25
Epoch 231	LOSS: 15.84	MAE: 16.27	RMSE: 32.28
Epoch 232	LOSS: 15.80	MAE: 16.24	RMSE: 32.24
Epoch 233	LOSS: 15.85	MAE: 16.25	RMSE: 32.26
Epoch 234	LOSS: 15.81	MAE: 16.19	RMSE: 32.21
Epoch 235	LOSS: 15.83	MAE: 16.26	RMSE: 32.25
Epoch 236	LOSS: 15.75	MAE: 16.19	RMSE: 32.23
Epoch 237	LOSS: 15.72	MAE: 16.24	RMSE: 32.25
Epoch 238	LOSS: 15.72	MAE: 16.21	RMSE: 32.22
Epoch 239	LOSS: 15.89	MAE: 16.25	RMSE: 32.24
Epoch 240	LOSS: 15.77	MAE: 16.22	RMSE: 32.24
Epoch 241	LOSS: 15.73	MAE: 16.19	RMSE: 32.24
Epoch 242	LOSS: 15.71	MAE: 16.26	RMSE: 32.25
Epoch 243	LOSS: 15.76	MAE: 16.18	RMSE: 32.21
Epoch 244	LOSS: 15.76	MAE: 16.22	RMSE: 32.24
Epoch 245	LOSS: 15.75	MAE: 16.20	RMSE: 32.23
Epoch 246	LOSS: 15.73	MAE: 16.29	RMSE: 32.25
Epoch 247	LOSS: 15.77	MAE: 16.24	RMSE: 32.25
Epoch 248	LOSS: 15.81	MAE: 16.24	RMSE: 32.23
Epoch 249	LOSS: 15.72	MAE: 16.20	RMSE: 32.23
Epoch 250	LOSS: 15.68	MAE: 16.15	RMSE: 32.20
Epoch 251	LOSS: 15.71	MAE: 16.16	RMSE: 32.19
Epoch 252	LOSS: 15.88	MAE: 16.22	RMSE: 32.23
Epoch 253	LOSS: 15.75	MAE: 16.17	RMSE: 32.20
Epoch 254	LOSS: 15.79	MAE: 16.20	RMSE: 32.24
Epoch 255	LOSS: 15.77	MAE: 16.13	RMSE: 32.18
Epoch 256	LOSS: 15.81	MAE: 16.20	RMSE: 32.22
Epoch 257	LOSS: 15.85	MAE: 16.18	RMSE: 32.23
Epoch 258	LOSS: 15.67	MAE: 16.15	RMSE: 32.20
Epoch 259	LOSS: 15.73	MAE: 16.17	RMSE: 32.19
Epoch 260	LOSS: 15.69	MAE: 16.15	RMSE: 32.21
Epoch 261	LOSS: 15.67	MAE: 16.17	RMSE: 32.21
Epoch 262	LOSS: 15.69	MAE: 16.13	RMSE: 32.19
Epoch 263	LOSS: 15.64	MAE: 16.16	RMSE: 32.22
Epoch 264	LOSS: 15.67	MAE: 16.12	RMSE: 32.19
Epoch 265	LOSS: 15.78	MAE: 16.18	RMSE: 32.22
Epoch 266	LOSS: 15.93	MAE: 16.26	RMSE: 32.22
Epoch 267	LOSS: 15.64	MAE: 16.13	RMSE: 32.19
Epoch 268	LOSS: 15.66	MAE: 16.14	RMSE: 32.19
Epoch 269	LOSS: 15.76	MAE: 16.17	RMSE: 32.20
Epoch 270	LOSS: 15.65	MAE: 16.13	RMSE: 32.18
Epoch 271	LOSS: 15.67	MAE: 16.13	RMSE: 32.19
Epoch 272	LOSS: 15.73	MAE: 16.12	RMSE: 32.18
Epoch 273	LOSS: 15.59	MAE: 16.11	RMSE: 32.16
Epoch 274	LOSS: 15.72	MAE: 16.17	RMSE: 32.22
Epoch 275	LOSS: 15.78	MAE: 16.18	RMSE: 32.19
Epoch 276	LOSS: 15.69	MAE: 16.18	RMSE: 32.22
Epoch 277	LOSS: 15.73	MAE: 16.17	RMSE: 32.18
Epoch 278	LOSS: 15.60	MAE: 16.14	RMSE: 32.16
Epoch 279	LOSS: 15.69	MAE: 16.12	RMSE: 32.16
Epoch 280	LOSS: 15.72	MAE: 16.15	RMSE: 32.20
Epoch 281	LOSS: 15.59	MAE: 16.12	RMSE: 32.17
Epoch 282	LOSS: 15.72	MAE: 16.10	RMSE: 32.15
Epoch 283	LOSS: 15.67	MAE: 16.14	RMSE: 32.17
Epoch 284	LOSS: 15.68	MAE: 16.08	RMSE: 32.13
Epoch 285	LOSS: 15.70	MAE: 16.15	RMSE: 32.16
Epoch 286	LOSS: 15.87	MAE: 16.09	RMSE: 32.16
Epoch 287	LOSS: 15.59	MAE: 16.12	RMSE: 32.14
Epoch 288	LOSS: 15.47	MAE: 16.08	RMSE: 32.14
Epoch 289	LOSS: 15.66	MAE: 16.08	RMSE: 32.14
Epoch 290	LOSS: 15.64	MAE: 16.07	RMSE: 32.16
Epoch 291	LOSS: 15.60	MAE: 16.08	RMSE: 32.14
Epoch 292	LOSS: 15.54	MAE: 16.06	RMSE: 32.15
Epoch 293	LOSS: 15.55	MAE: 16.02	RMSE: 32.13
Epoch 294	LOSS: 15.52	MAE: 16.08	RMSE: 32.15
Epoch 295	LOSS: 15.54	MAE: 16.06	RMSE: 32.13
Epoch 296	LOSS: 15.54	MAE: 16.06	RMSE: 32.16
Epoch 297	LOSS: 15.57	MAE: 16.04	RMSE: 32.13
Epoch 298	LOSS: 15.53	MAE: 16.10	RMSE: 32.14
Epoch 299	LOSS: 15.47	MAE: 16.08	RMSE: 32.14
Epoch 300	LOSS: 15.57	MAE: 16.10	RMSE: 32.14
Epoch 301	LOSS: 15.61	MAE: 16.09	RMSE: 32.17
Epoch 302	LOSS: 15.58	MAE: 16.08	RMSE: 32.15
Epoch 303	LOSS: 15.61	MAE: 16.11	RMSE: 32.14
Epoch 304	LOSS: 15.65	MAE: 16.10	RMSE: 32.18
Epoch 305	LOSS: 15.61	MAE: 16.07	RMSE: 32.15
Epoch 306	LOSS: 15.70	MAE: 16.04	RMSE: 32.13
Epoch 307	LOSS: 15.54	MAE: 16.02	RMSE: 32.12
Epoch 308	LOSS: 15.50	MAE: 16.02	RMSE: 32.13
Epoch 309	LOSS: 15.51	MAE: 16.03	RMSE: 32.12
Epoch 310	LOSS: 15.45	MAE: 16.04	RMSE: 32.13
Epoch 311	LOSS: 15.54	MAE: 16.02	RMSE: 32.11
Epoch 312	LOSS: 15.59	MAE: 16.07	RMSE: 32.12
Epoch 313	LOSS: 15.73	MAE: 16.09	RMSE: 32.16
Epoch 314	LOSS: 15.67	MAE: 16.10	RMSE: 32.12
Epoch 315	LOSS: 15.46	MAE: 16.03	RMSE: 32.11
Epoch 316	LOSS: 15.51	MAE: 16.00	RMSE: 32.11
Epoch 317	LOSS: 15.49	MAE: 16.12	RMSE: 32.13
Epoch 318	LOSS: 15.53	MAE: 16.06	RMSE: 32.12
Epoch 319	LOSS: 15.49	MAE: 16.01	RMSE: 32.11
Epoch 320	LOSS: 15.42	MAE: 15.98	RMSE: 32.10
Epoch 321	LOSS: 15.56	MAE: 16.10	RMSE: 32.14
Epoch 322	LOSS: 15.47	MAE: 16.00	RMSE: 32.11
Epoch 323	LOSS: 15.59	MAE: 16.10	RMSE: 32.16
Epoch 324	LOSS: 15.33	MAE: 16.00	RMSE: 32.12
Epoch 325	LOSS: 15.42	MAE: 16.05	RMSE: 32.13
Epoch 326	LOSS: 15.45	MAE: 16.00	RMSE: 32.10
Epoch 327	LOSS: 15.54	MAE: 16.02	RMSE: 32.12
Epoch 328	LOSS: 15.44	MAE: 16.02	RMSE: 32.11
Epoch 329	LOSS: 15.49	MAE: 16.07	RMSE: 32.14
Epoch 330	LOSS: 15.57	MAE: 16.03	RMSE: 32.11
Epoch 331	LOSS: 15.43	MAE: 16.10	RMSE: 32.16
Epoch 332	LOSS: 15.47	MAE: 16.09	RMSE: 32.12
Epoch 333	LOSS: 15.44	MAE: 16.06	RMSE: 32.13
Epoch 334	LOSS: 15.49	MAE: 16.00	RMSE: 32.10
Epoch 335	LOSS: 15.46	MAE: 16.01	RMSE: 32.12
Epoch 336	LOSS: 15.47	MAE: 16.00	RMSE: 32.10
Epoch 337	LOSS: 15.54	MAE: 16.01	RMSE: 32.10
Epoch 338	LOSS: 15.54	MAE: 16.00	RMSE: 32.11
Epoch 339	LOSS: 15.43	MAE: 15.97	RMSE: 32.08
Epoch 340	LOSS: 15.43	MAE: 15.96	RMSE: 32.08
Epoch 341	LOSS: 15.51	MAE: 15.98	RMSE: 32.10
Epoch 342	LOSS: 15.43	MAE: 15.95	RMSE: 32.08
Epoch 343	LOSS: 15.50	MAE: 16.03	RMSE: 32.11
Epoch 344	LOSS: 15.71	MAE: 16.10	RMSE: 32.12
Epoch 345	LOSS: 15.56	MAE: 16.01	RMSE: 32.13
Epoch 346	LOSS: 15.40	MAE: 15.97	RMSE: 32.08
Epoch 347	LOSS: 15.41	MAE: 15.98	RMSE: 32.07
Epoch 348	LOSS: 15.52	MAE: 15.98	RMSE: 32.07
Epoch 349	LOSS: 15.38	MAE: 15.96	RMSE: 32.08
Epoch 350	LOSS: 15.43	MAE: 15.98	RMSE: 32.11
Epoch 351	LOSS: 15.53	MAE: 15.99	RMSE: 32.10
Epoch 352	LOSS: 15.54	MAE: 15.99	RMSE: 32.11
Epoch 353	LOSS: 15.48	MAE: 15.99	RMSE: 32.09
Epoch 354	LOSS: 15.31	MAE: 15.95	RMSE: 32.07
Epoch 355	LOSS: 15.45	MAE: 15.96	RMSE: 32.09
Epoch 356	LOSS: 15.39	MAE: 15.99	RMSE: 32.09
Epoch 357	LOSS: 15.48	MAE: 16.02	RMSE: 32.09
Epoch 358	LOSS: 15.36	MAE: 16.02	RMSE: 32.13
Epoch 359	LOSS: 15.69	MAE: 16.00	RMSE: 32.11
Epoch 360	LOSS: 15.76	MAE: 16.05	RMSE: 32.09
Epoch 361	LOSS: 15.70	MAE: 15.94	RMSE: 32.08
Epoch 362	LOSS: 15.89	MAE: 16.15	RMSE: 32.12
Epoch 363	LOSS: 15.49	MAE: 15.96	RMSE: 32.08
Epoch 364	LOSS: 15.33	MAE: 15.93	RMSE: 32.08
Epoch 365	LOSS: 15.41	MAE: 15.95	RMSE: 32.09
Epoch 366	LOSS: 15.40	MAE: 15.93	RMSE: 32.07
Epoch 367	LOSS: 15.47	MAE: 15.97	RMSE: 32.09
Epoch 368	LOSS: 15.40	MAE: 15.99	RMSE: 32.09
Epoch 369	LOSS: 15.40	MAE: 15.96	RMSE: 32.09
Epoch 370	LOSS: 15.36	MAE: 15.96	RMSE: 32.10
Epoch 371	LOSS: 15.44	MAE: 15.94	RMSE: 32.05
Epoch 372	LOSS: 15.54	MAE: 16.01	RMSE: 32.09
Epoch 373	LOSS: 15.44	MAE: 16.03	RMSE: 32.12
Epoch 374	LOSS: 15.40	MAE: 15.97	RMSE: 32.08
Epoch 375	LOSS: 15.40	MAE: 15.97	RMSE: 32.06
Epoch 376	LOSS: 15.43	MAE: 15.91	RMSE: 32.04
Epoch 377	LOSS: 15.48	MAE: 15.96	RMSE: 32.08
Epoch 378	LOSS: 15.51	MAE: 15.94	RMSE: 32.07
Epoch 379	LOSS: 16.09	MAE: 16.09	RMSE: 32.10
Epoch 380	LOSS: 15.40	MAE: 15.93	RMSE: 32.07
Epoch 381	LOSS: 15.31	MAE: 15.98	RMSE: 32.08
Epoch 382	LOSS: 15.37	MAE: 15.96	RMSE: 32.06
Epoch 383	LOSS: 15.33	MAE: 15.93	RMSE: 32.07
Epoch 384	LOSS: 15.34	MAE: 15.94	RMSE: 32.07
Epoch 385	LOSS: 15.39	MAE: 15.98	RMSE: 32.09
Epoch 386	LOSS: 15.41	MAE: 15.90	RMSE: 32.05
Epoch 387	LOSS: 15.33	MAE: 15.93	RMSE: 32.07
Epoch 388	LOSS: 15.35	MAE: 15.87	RMSE: 32.03
Epoch 389	LOSS: 15.31	MAE: 15.91	RMSE: 32.05
Epoch 390	LOSS: 15.32	MAE: 15.95	RMSE: 32.08
Epoch 391	LOSS: 15.27	MAE: 15.90	RMSE: 32.03
Epoch 392	LOSS: 15.20	MAE: 15.89	RMSE: 32.03
Epoch 393	LOSS: 15.22	MAE: 15.94	RMSE: 32.06
Epoch 394	LOSS: 15.32	MAE: 15.88	RMSE: 32.02
Epoch 395	LOSS: 15.28	MAE: 15.89	RMSE: 32.03
Epoch 396	LOSS: 15.32	MAE: 15.89	RMSE: 32.04
Epoch 397	LOSS: 15.29	MAE: 15.90	RMSE: 32.05
Epoch 398	LOSS: 15.32	MAE: 15.88	RMSE: 32.02
Epoch 399	LOSS: 15.33	MAE: 15.91	RMSE: 32.03
Epoch 400	LOSS: 15.38	MAE: 15.92	RMSE: 32.05
Epoch 401	LOSS: 15.43	MAE: 15.97	RMSE: 32.09
Epoch 402	LOSS: 15.44	MAE: 15.88	RMSE: 32.03
Epoch 403	LOSS: 15.41	MAE: 15.91	RMSE: 32.01
Epoch 404	LOSS: 15.43	MAE: 15.94	RMSE: 32.07
Epoch 405	LOSS: 15.29	MAE: 15.88	RMSE: 32.02
Epoch 406	LOSS: 15.29	MAE: 15.95	RMSE: 32.04
Epoch 407	LOSS: 15.37	MAE: 16.02	RMSE: 32.11
Epoch 408	LOSS: 15.23	MAE: 15.90	RMSE: 32.02
Epoch 409	LOSS: 15.25	MAE: 15.88	RMSE: 32.01
Epoch 410	LOSS: 15.26	MAE: 15.90	RMSE: 32.01
Epoch 411	LOSS: 15.29	MAE: 15.97	RMSE: 32.06
Epoch 412	LOSS: 15.29	MAE: 15.89	RMSE: 32.00
Epoch 413	LOSS: 15.29	MAE: 15.89	RMSE: 32.02
Epoch 414	LOSS: 15.42	MAE: 15.88	RMSE: 32.01
Epoch 415	LOSS: 15.34	MAE: 15.86	RMSE: 32.00
Epoch 416	LOSS: 15.37	MAE: 15.91	RMSE: 32.03
Epoch 417	LOSS: 15.23	MAE: 15.87	RMSE: 32.02
Epoch 418	LOSS: 15.32	MAE: 15.88	RMSE: 32.04
Epoch 419	LOSS: 15.31	MAE: 15.87	RMSE: 32.01
Epoch 420	LOSS: 15.31	MAE: 15.88	RMSE: 32.00
Epoch 421	LOSS: 15.29	MAE: 15.85	RMSE: 32.01
Epoch 422	LOSS: 15.41	MAE: 15.88	RMSE: 32.03
Epoch 423	LOSS: 15.18	MAE: 15.88	RMSE: 32.01
Epoch 424	LOSS: 15.30	MAE: 15.91	RMSE: 32.02
Epoch 425	LOSS: 15.23	MAE: 15.88	RMSE: 32.02
Epoch 426	LOSS: 15.29	MAE: 15.90	RMSE: 32.00
Epoch 427	LOSS: 15.39	MAE: 15.88	RMSE: 32.02
Epoch 428	LOSS: 15.31	MAE: 15.88	RMSE: 32.03
Epoch 429	LOSS: 15.30	MAE: 15.90	RMSE: 32.02
Epoch 430	LOSS: 15.15	MAE: 15.83	RMSE: 32.00
Epoch 431	LOSS: 15.25	MAE: 15.86	RMSE: 32.03
Epoch 432	LOSS: 15.17	MAE: 15.82	RMSE: 32.00
Epoch 433	LOSS: 15.40	MAE: 15.89	RMSE: 32.01
Epoch 434	LOSS: 15.16	MAE: 15.86	RMSE: 32.00
Epoch 435	LOSS: 15.21	MAE: 15.86	RMSE: 32.00
Epoch 436	LOSS: 15.16	MAE: 15.85	RMSE: 32.00
Epoch 437	LOSS: 15.36	MAE: 15.88	RMSE: 32.01
Epoch 438	LOSS: 15.25	MAE: 15.84	RMSE: 32.01
Epoch 439	LOSS: 15.20	MAE: 15.85	RMSE: 32.00
Epoch 440	LOSS: 15.26	MAE: 15.85	RMSE: 32.02
Epoch 441	LOSS: 15.26	MAE: 15.84	RMSE: 32.00
Epoch 442	LOSS: 15.29	MAE: 15.88	RMSE: 32.02
Epoch 443	LOSS: 15.24	MAE: 15.87	RMSE: 32.01
Epoch 444	LOSS: 15.23	MAE: 15.86	RMSE: 32.00
Epoch 445	LOSS: 15.16	MAE: 15.86	RMSE: 32.04
Epoch 446	LOSS: 15.25	MAE: 15.89	RMSE: 32.04
Epoch 447	LOSS: 15.35	MAE: 15.90	RMSE: 32.04
Epoch 448	LOSS: 15.34	MAE: 15.91	RMSE: 32.06
Epoch 449	LOSS: 15.23	MAE: 15.84	RMSE: 32.01
Epoch 450	LOSS: 15.31	MAE: 15.87	RMSE: 32.04
Epoch 451	LOSS: 15.20	MAE: 15.85	RMSE: 32.00
Epoch 452	LOSS: 15.22	MAE: 15.81	RMSE: 31.99
Epoch 453	LOSS: 15.17	MAE: 15.81	RMSE: 31.99
Epoch 454	LOSS: 15.23	MAE: 15.82	RMSE: 31.99
Epoch 455	LOSS: 15.18	MAE: 15.81	RMSE: 32.00
Epoch 456	LOSS: 15.23	MAE: 15.80	RMSE: 31.97
Epoch 457	LOSS: 15.14	MAE: 15.81	RMSE: 31.98
Epoch 458	LOSS: 15.19	MAE: 15.82	RMSE: 31.99
Epoch 459	LOSS: 15.34	MAE: 15.82	RMSE: 31.97
Epoch 460	LOSS: 15.12	MAE: 15.84	RMSE: 32.01
Epoch 461	LOSS: 15.23	MAE: 15.93	RMSE: 32.04
Epoch 462	LOSS: 15.15	MAE: 15.82	RMSE: 32.01
Epoch 463	LOSS: 15.27	MAE: 15.89	RMSE: 32.04
Epoch 464	LOSS: 15.27	MAE: 15.85	RMSE: 32.02
Epoch 465	LOSS: 15.29	MAE: 15.85	RMSE: 32.02
Epoch 466	LOSS: 15.19	MAE: 15.88	RMSE: 32.01
Epoch 467	LOSS: 15.13	MAE: 15.87	RMSE: 32.03
Epoch 468	LOSS: 15.15	MAE: 15.92	RMSE: 32.04
Epoch 469	LOSS: 15.21	MAE: 15.87	RMSE: 32.02
Epoch 470	LOSS: 15.18	MAE: 15.88	RMSE: 32.01
Epoch 471	LOSS: 15.16	MAE: 15.88	RMSE: 32.01
Epoch 472	LOSS: 15.56	MAE: 15.95	RMSE: 32.04
Epoch 473	LOSS: 15.41	MAE: 15.90	RMSE: 32.05
Epoch 474	LOSS: 15.07	MAE: 15.80	RMSE: 32.00
Epoch 475	LOSS: 15.13	MAE: 15.89	RMSE: 32.05
Epoch 476	LOSS: 15.34	MAE: 15.90	RMSE: 32.03
Epoch 477	LOSS: 15.24	MAE: 15.83	RMSE: 32.00
Epoch 478	LOSS: 15.30	MAE: 15.83	RMSE: 32.02
Epoch 479	LOSS: 15.17	MAE: 15.80	RMSE: 31.99
Epoch 480	LOSS: 15.20	MAE: 15.83	RMSE: 32.00
Epoch 481	LOSS: 15.10	MAE: 15.93	RMSE: 32.03
Epoch 482	LOSS: 15.10	MAE: 15.81	RMSE: 31.97
Epoch 483	LOSS: 15.24	MAE: 15.83	RMSE: 32.00
Epoch 484	LOSS: 15.14	MAE: 15.81	RMSE: 31.99
Epoch 485	LOSS: 15.15	MAE: 15.82	RMSE: 31.99
Epoch 486	LOSS: 15.15	MAE: 15.82	RMSE: 31.99
Epoch 487	LOSS: 15.10	MAE: 15.86	RMSE: 32.00
Epoch 488	LOSS: 15.10	MAE: 15.80	RMSE: 31.98
Epoch 489	LOSS: 15.22	MAE: 15.83	RMSE: 32.02
Epoch 490	LOSS: 15.13	MAE: 15.82	RMSE: 32.01
Epoch 491	LOSS: 15.13	MAE: 15.83	RMSE: 31.99
Epoch 492	LOSS: 15.08	MAE: 15.83	RMSE: 31.99
Epoch 493	LOSS: 15.18	MAE: 15.74	RMSE: 31.96
Epoch 494	LOSS: 15.08	MAE: 15.79	RMSE: 31.98
Epoch 495	LOSS: 15.06	MAE: 15.81	RMSE: 31.96
Epoch 496	LOSS: 15.05	MAE: 15.76	RMSE: 31.97
Epoch 497	LOSS: 15.00	MAE: 15.77	RMSE: 31.97
Epoch 498	LOSS: 15.15	MAE: 15.82	RMSE: 32.00
Epoch 499	LOSS: 15.18	MAE: 15.81	RMSE: 31.99
