Epoch 000	LOSS: 120.46	MAE: 61.83	RMSE: 62.60
Epoch 001	LOSS: 119.60	MAE: 61.36	RMSE: 62.14
Epoch 002	LOSS: 118.60	MAE: 60.86	RMSE: 61.64
Epoch 003	LOSS: 117.74	MAE: 60.34	RMSE: 61.13
Epoch 004	LOSS: 116.85	MAE: 59.79	RMSE: 60.59
Epoch 005	LOSS: 115.92	MAE: 59.25	RMSE: 60.05
Epoch 006	LOSS: 114.19	MAE: 58.72	RMSE: 59.53
Epoch 007	LOSS: 113.75	MAE: 58.20	RMSE: 59.02
Epoch 008	LOSS: 112.72	MAE: 57.69	RMSE: 58.51
Epoch 009	LOSS: 111.88	MAE: 57.17	RMSE: 58.01
Epoch 010	LOSS: 110.20	MAE: 56.66	RMSE: 57.50
Epoch 011	LOSS: 109.71	MAE: 56.14	RMSE: 56.99
Epoch 012	LOSS: 108.39	MAE: 55.62	RMSE: 56.48
Epoch 013	LOSS: 106.96	MAE: 55.11	RMSE: 55.98
Epoch 014	LOSS: 106.60	MAE: 54.60	RMSE: 55.47
Epoch 015	LOSS: 105.42	MAE: 54.08	RMSE: 54.97
Epoch 016	LOSS: 104.45	MAE: 53.57	RMSE: 54.47
Epoch 017	LOSS: 103.51	MAE: 53.07	RMSE: 53.97
Epoch 018	LOSS: 102.40	MAE: 52.56	RMSE: 53.47
Epoch 019	LOSS: 101.40	MAE: 52.06	RMSE: 52.98
Epoch 020	LOSS: 100.48	MAE: 51.56	RMSE: 52.49
Epoch 021	LOSS: 99.47	MAE: 51.06	RMSE: 51.99
Epoch 022	LOSS: 98.67	MAE: 50.56	RMSE: 51.50
Epoch 023	LOSS: 97.43	MAE: 50.06	RMSE: 51.01
Epoch 024	LOSS: 96.46	MAE: 49.56	RMSE: 50.52
Epoch 025	LOSS: 95.40	MAE: 49.06	RMSE: 50.03
Epoch 026	LOSS: 94.60	MAE: 48.57	RMSE: 49.55
Epoch 027	LOSS: 93.42	MAE: 48.07	RMSE: 49.06
Epoch 028	LOSS: 92.84	MAE: 47.58	RMSE: 48.57
Epoch 029	LOSS: 91.49	MAE: 47.09	RMSE: 48.09
Epoch 030	LOSS: 90.75	MAE: 46.60	RMSE: 47.60
Epoch 031	LOSS: 89.61	MAE: 46.10	RMSE: 47.12
Epoch 032	LOSS: 88.96	MAE: 45.61	RMSE: 46.64
Epoch 033	LOSS: 87.85	MAE: 45.13	RMSE: 46.15
Epoch 034	LOSS: 86.59	MAE: 44.64	RMSE: 45.67
Epoch 035	LOSS: 85.74	MAE: 44.15	RMSE: 45.19
Epoch 036	LOSS: 84.82	MAE: 43.66	RMSE: 44.71
Epoch 037	LOSS: 83.28	MAE: 43.18	RMSE: 44.23
Epoch 038	LOSS: 82.86	MAE: 42.70	RMSE: 43.75
Epoch 039	LOSS: 81.94	MAE: 42.21	RMSE: 43.27
Epoch 040	LOSS: 80.96	MAE: 41.73	RMSE: 42.80
Epoch 041	LOSS: 79.86	MAE: 41.25	RMSE: 42.32
Epoch 042	LOSS: 78.96	MAE: 40.77	RMSE: 41.85
Epoch 043	LOSS: 78.07	MAE: 40.30	RMSE: 41.37
Epoch 044	LOSS: 77.31	MAE: 39.82	RMSE: 40.90
Epoch 045	LOSS: 76.41	MAE: 39.35	RMSE: 40.43
Epoch 046	LOSS: 75.18	MAE: 38.88	RMSE: 39.97
Epoch 047	LOSS: 74.07	MAE: 38.41	RMSE: 39.50
Epoch 048	LOSS: 73.32	MAE: 37.95	RMSE: 39.03
Epoch 049	LOSS: 71.89	MAE: 37.48	RMSE: 38.57
Epoch 050	LOSS: 71.76	MAE: 37.02	RMSE: 38.10
Epoch 051	LOSS: 70.46	MAE: 36.55	RMSE: 37.64
Epoch 052	LOSS: 69.56	MAE: 36.09	RMSE: 37.18
Epoch 053	LOSS: 68.97	MAE: 35.63	RMSE: 36.72
Epoch 054	LOSS: 68.43	MAE: 35.17	RMSE: 36.26
Epoch 055	LOSS: 66.67	MAE: 34.71	RMSE: 35.80
Epoch 056	LOSS: 66.10	MAE: 34.26	RMSE: 35.34
Epoch 057	LOSS: 65.25	MAE: 33.80	RMSE: 34.88
Epoch 058	LOSS: 64.47	MAE: 33.35	RMSE: 34.43
Epoch 059	LOSS: 63.42	MAE: 32.90	RMSE: 33.97
Epoch 060	LOSS: 62.32	MAE: 32.45	RMSE: 33.52
Epoch 061	LOSS: 61.63	MAE: 32.00	RMSE: 33.07
Epoch 062	LOSS: 60.42	MAE: 31.56	RMSE: 32.62
Epoch 063	LOSS: 59.85	MAE: 31.11	RMSE: 32.17
Epoch 064	LOSS: 59.22	MAE: 30.67	RMSE: 31.73
Epoch 065	LOSS: 58.19	MAE: 30.22	RMSE: 31.28
Epoch 066	LOSS: 57.32	MAE: 29.78	RMSE: 30.84
Epoch 067	LOSS: 56.23	MAE: 29.35	RMSE: 30.40
Epoch 068	LOSS: 55.54	MAE: 28.91	RMSE: 29.96
Epoch 069	LOSS: 54.64	MAE: 28.47	RMSE: 29.52
Epoch 070	LOSS: 53.79	MAE: 28.04	RMSE: 29.08
Epoch 071	LOSS: 52.75	MAE: 27.61	RMSE: 28.65
Epoch 072	LOSS: 52.20	MAE: 27.18	RMSE: 28.21
Epoch 073	LOSS: 51.05	MAE: 26.75	RMSE: 27.78
Epoch 074	LOSS: 50.38	MAE: 26.32	RMSE: 27.36
Epoch 075	LOSS: 49.59	MAE: 25.90	RMSE: 26.93
Epoch 076	LOSS: 48.54	MAE: 25.47	RMSE: 26.50
Epoch 077	LOSS: 47.85	MAE: 25.05	RMSE: 26.08
Epoch 078	LOSS: 46.91	MAE: 24.63	RMSE: 25.66
Epoch 079	LOSS: 46.13	MAE: 24.21	RMSE: 25.24
Epoch 080	LOSS: 45.13	MAE: 23.80	RMSE: 24.83
Epoch 081	LOSS: 44.40	MAE: 23.38	RMSE: 24.42
Epoch 082	LOSS: 43.74	MAE: 22.97	RMSE: 24.01
Epoch 083	LOSS: 42.75	MAE: 22.55	RMSE: 23.60
Epoch 084	LOSS: 42.00	MAE: 22.14	RMSE: 23.20
Epoch 085	LOSS: 41.17	MAE: 21.73	RMSE: 22.79
Epoch 086	LOSS: 40.37	MAE: 21.32	RMSE: 22.39
Epoch 087	LOSS: 39.47	MAE: 20.92	RMSE: 22.00
Epoch 088	LOSS: 38.74	MAE: 20.51	RMSE: 21.61
Epoch 089	LOSS: 38.00	MAE: 20.11	RMSE: 21.21
Epoch 090	LOSS: 37.20	MAE: 19.70	RMSE: 20.83
Epoch 091	LOSS: 36.24	MAE: 19.30	RMSE: 20.44
Epoch 092	LOSS: 35.47	MAE: 18.90	RMSE: 20.07
Epoch 093	LOSS: 34.69	MAE: 18.51	RMSE: 19.69
Epoch 094	LOSS: 34.05	MAE: 18.11	RMSE: 19.32
Epoch 095	LOSS: 33.22	MAE: 17.72	RMSE: 18.95
Epoch 096	LOSS: 32.56	MAE: 17.32	RMSE: 18.59
Epoch 097	LOSS: 31.65	MAE: 16.93	RMSE: 18.23
Epoch 098	LOSS: 30.89	MAE: 16.54	RMSE: 17.88
Epoch 099	LOSS: 30.01	MAE: 16.16	RMSE: 17.53
Epoch 100	LOSS: 29.36	MAE: 15.77	RMSE: 17.19
Epoch 101	LOSS: 28.57	MAE: 15.39	RMSE: 16.86
Epoch 102	LOSS: 27.86	MAE: 15.01	RMSE: 16.53
Epoch 103	LOSS: 26.99	MAE: 14.63	RMSE: 16.21
Epoch 104	LOSS: 26.32	MAE: 14.25	RMSE: 15.89
Epoch 105	LOSS: 25.52	MAE: 13.88	RMSE: 15.58
Epoch 106	LOSS: 24.78	MAE: 13.51	RMSE: 15.28
Epoch 107	LOSS: 23.97	MAE: 13.14	RMSE: 14.99
Epoch 108	LOSS: 23.22	MAE: 12.78	RMSE: 14.71
Epoch 109	LOSS: 22.67	MAE: 12.42	RMSE: 14.43
Epoch 110	LOSS: 21.83	MAE: 12.06	RMSE: 14.17
Epoch 111	LOSS: 21.18	MAE: 11.71	RMSE: 13.91
Epoch 112	LOSS: 20.49	MAE: 11.36	RMSE: 13.67
Epoch 113	LOSS: 19.91	MAE: 11.01	RMSE: 13.44
Epoch 114	LOSS: 19.07	MAE: 10.68	RMSE: 13.22
Epoch 115	LOSS: 18.46	MAE: 10.34	RMSE: 13.00
Epoch 116	LOSS: 17.78	MAE: 10.02	RMSE: 12.81
Epoch 117	LOSS: 17.13	MAE: 9.70	RMSE: 12.62
Epoch 118	LOSS: 16.61	MAE: 9.39	RMSE: 12.45
Epoch 119	LOSS: 15.86	MAE: 9.09	RMSE: 12.28
Epoch 120	LOSS: 15.27	MAE: 8.80	RMSE: 12.14
Epoch 121	LOSS: 14.84	MAE: 8.52	RMSE: 12.01
Epoch 122	LOSS: 14.30	MAE: 8.25	RMSE: 11.89
Epoch 123	LOSS: 13.79	MAE: 8.00	RMSE: 11.78
Epoch 124	LOSS: 13.25	MAE: 7.76	RMSE: 11.69
Epoch 125	LOSS: 12.71	MAE: 7.54	RMSE: 11.61
Epoch 126	LOSS: 12.29	MAE: 7.33	RMSE: 11.55
Epoch 127	LOSS: 11.95	MAE: 7.14	RMSE: 11.49
Epoch 128	LOSS: 11.55	MAE: 6.96	RMSE: 11.45
Epoch 129	LOSS: 11.23	MAE: 6.80	RMSE: 11.42
Epoch 130	LOSS: 11.03	MAE: 6.66	RMSE: 11.39
Epoch 131	LOSS: 10.64	MAE: 6.53	RMSE: 11.38
Epoch 132	LOSS: 10.46	MAE: 6.41	RMSE: 11.37
Epoch 133	LOSS: 10.23	MAE: 6.31	RMSE: 11.37
Epoch 134	LOSS: 10.10	MAE: 6.23	RMSE: 11.37
Epoch 135	LOSS: 9.80	MAE: 6.15	RMSE: 11.38
Epoch 136	LOSS: 9.62	MAE: 6.08	RMSE: 11.39
Epoch 137	LOSS: 9.45	MAE: 6.03	RMSE: 11.41
Epoch 138	LOSS: 9.46	MAE: 5.98	RMSE: 11.42
Epoch 139	LOSS: 9.13	MAE: 5.94	RMSE: 11.44
Epoch 140	LOSS: 9.28	MAE: 5.91	RMSE: 11.46
Epoch 141	LOSS: 9.24	MAE: 5.88	RMSE: 11.48
Epoch 142	LOSS: 9.01	MAE: 5.86	RMSE: 11.50
Epoch 143	LOSS: 8.91	MAE: 5.84	RMSE: 11.51
Epoch 144	LOSS: 8.97	MAE: 5.83	RMSE: 11.53
Epoch 145	LOSS: 9.37	MAE: 5.82	RMSE: 11.54
Epoch 146	LOSS: 9.04	MAE: 5.81	RMSE: 11.56
Epoch 147	LOSS: 8.98	MAE: 5.80	RMSE: 11.57
Epoch 148	LOSS: 8.99	MAE: 5.80	RMSE: 11.58
Epoch 149	LOSS: 8.87	MAE: 5.79	RMSE: 11.59
Epoch 150	LOSS: 8.81	MAE: 5.79	RMSE: 11.60
Epoch 151	LOSS: 8.88	MAE: 5.79	RMSE: 11.60
Epoch 152	LOSS: 8.88	MAE: 5.79	RMSE: 11.61
Epoch 153	LOSS: 8.81	MAE: 5.78	RMSE: 11.62
Epoch 154	LOSS: 8.93	MAE: 5.78	RMSE: 11.62
Epoch 155	LOSS: 8.99	MAE: 5.78	RMSE: 11.63
Epoch 156	LOSS: 8.95	MAE: 5.78	RMSE: 11.63
Epoch 157	LOSS: 8.93	MAE: 5.78	RMSE: 11.63
Epoch 158	LOSS: 8.90	MAE: 5.78	RMSE: 11.64
Epoch 159	LOSS: 9.40	MAE: 5.78	RMSE: 11.64
Epoch 160	LOSS: 9.04	MAE: 5.78	RMSE: 11.64
Epoch 161	LOSS: 9.02	MAE: 5.78	RMSE: 11.64
Epoch 162	LOSS: 8.89	MAE: 5.78	RMSE: 11.65
Epoch 163	LOSS: 8.97	MAE: 5.78	RMSE: 11.65
Epoch 164	LOSS: 8.88	MAE: 5.78	RMSE: 11.65
Epoch 165	LOSS: 8.66	MAE: 5.78	RMSE: 11.65
Epoch 166	LOSS: 8.97	MAE: 5.78	RMSE: 11.65
Epoch 167	LOSS: 9.04	MAE: 5.78	RMSE: 11.65
Epoch 168	LOSS: 8.83	MAE: 5.78	RMSE: 11.65
Epoch 169	LOSS: 8.81	MAE: 5.78	RMSE: 11.65
Epoch 170	LOSS: 8.91	MAE: 5.78	RMSE: 11.65
Epoch 171	LOSS: 8.94	MAE: 5.78	RMSE: 11.65
Epoch 172	LOSS: 8.78	MAE: 5.78	RMSE: 11.65
Epoch 173	LOSS: 8.81	MAE: 5.78	RMSE: 11.65
Epoch 174	LOSS: 8.85	MAE: 5.78	RMSE: 11.66
Epoch 175	LOSS: 8.99	MAE: 5.78	RMSE: 11.66
Epoch 176	LOSS: 8.92	MAE: 5.78	RMSE: 11.66
Epoch 177	LOSS: 8.89	MAE: 5.78	RMSE: 11.66
Epoch 178	LOSS: 8.76	MAE: 5.78	RMSE: 11.66
Epoch 179	LOSS: 8.82	MAE: 5.78	RMSE: 11.66
Epoch 180	LOSS: 9.03	MAE: 5.78	RMSE: 11.66
Epoch 181	LOSS: 9.01	MAE: 5.78	RMSE: 11.66
Epoch 182	LOSS: 8.79	MAE: 5.78	RMSE: 11.66
Epoch 183	LOSS: 9.10	MAE: 5.78	RMSE: 11.66
Epoch 184	LOSS: 8.78	MAE: 5.78	RMSE: 11.66
Epoch 185	LOSS: 8.91	MAE: 5.78	RMSE: 11.67
Epoch 186	LOSS: 8.88	MAE: 5.78	RMSE: 11.67
Epoch 187	LOSS: 9.09	MAE: 5.78	RMSE: 11.67
Epoch 188	LOSS: 9.02	MAE: 5.78	RMSE: 11.67
Epoch 189	LOSS: 8.87	MAE: 5.78	RMSE: 11.67
Epoch 190	LOSS: 8.83	MAE: 5.78	RMSE: 11.67
Epoch 191	LOSS: 8.83	MAE: 5.78	RMSE: 11.67
Epoch 192	LOSS: 8.95	MAE: 5.78	RMSE: 11.67
Epoch 193	LOSS: 9.02	MAE: 5.78	RMSE: 11.67
Epoch 194	LOSS: 9.19	MAE: 5.78	RMSE: 11.67
Epoch 195	LOSS: 8.99	MAE: 5.78	RMSE: 11.67
Epoch 196	LOSS: 8.74	MAE: 5.78	RMSE: 11.67
Epoch 197	LOSS: 8.95	MAE: 5.78	RMSE: 11.67
Epoch 198	LOSS: 9.15	MAE: 5.78	RMSE: 11.67
Epoch 199	LOSS: 8.93	MAE: 5.78	RMSE: 11.67
Epoch 200	LOSS: 8.74	MAE: 5.78	RMSE: 11.67
Epoch 201	LOSS: 8.70	MAE: 5.78	RMSE: 11.67
Epoch 202	LOSS: 8.87	MAE: 5.78	RMSE: 11.67
Epoch 203	LOSS: 8.75	MAE: 5.78	RMSE: 11.67
Epoch 204	LOSS: 8.71	MAE: 5.78	RMSE: 11.67
Epoch 205	LOSS: 8.87	MAE: 5.78	RMSE: 11.67
Epoch 206	LOSS: 8.80	MAE: 5.78	RMSE: 11.67
Epoch 207	LOSS: 8.95	MAE: 5.78	RMSE: 11.67
Epoch 208	LOSS: 9.04	MAE: 5.78	RMSE: 11.66
Epoch 209	LOSS: 8.77	MAE: 5.78	RMSE: 11.66
Epoch 210	LOSS: 8.82	MAE: 5.78	RMSE: 11.66
Epoch 211	LOSS: 8.91	MAE: 5.78	RMSE: 11.66
Epoch 212	LOSS: 8.79	MAE: 5.78	RMSE: 11.66
Epoch 213	LOSS: 8.78	MAE: 5.78	RMSE: 11.66
Epoch 214	LOSS: 8.81	MAE: 5.78	RMSE: 11.66
Epoch 215	LOSS: 8.98	MAE: 5.78	RMSE: 11.66
Epoch 216	LOSS: 9.01	MAE: 5.78	RMSE: 11.66
Epoch 217	LOSS: 8.86	MAE: 5.78	RMSE: 11.66
Epoch 218	LOSS: 8.75	MAE: 5.78	RMSE: 11.66
Epoch 219	LOSS: 8.95	MAE: 5.78	RMSE: 11.66
Epoch 220	LOSS: 8.88	MAE: 5.78	RMSE: 11.66
Epoch 221	LOSS: 9.04	MAE: 5.78	RMSE: 11.66
Epoch 222	LOSS: 8.74	MAE: 5.78	RMSE: 11.66
Epoch 223	LOSS: 8.83	MAE: 5.78	RMSE: 11.66
Epoch 224	LOSS: 8.70	MAE: 5.78	RMSE: 11.66
Epoch 225	LOSS: 8.91	MAE: 5.78	RMSE: 11.66
Epoch 226	LOSS: 8.78	MAE: 5.78	RMSE: 11.66
Epoch 227	LOSS: 8.84	MAE: 5.78	RMSE: 11.66
Epoch 228	LOSS: 8.88	MAE: 5.78	RMSE: 11.67
Epoch 229	LOSS: 8.92	MAE: 5.78	RMSE: 11.67
Epoch 230	LOSS: 8.88	MAE: 5.78	RMSE: 11.67
Epoch 231	LOSS: 9.07	MAE: 5.78	RMSE: 11.67
Epoch 232	LOSS: 8.98	MAE: 5.78	RMSE: 11.67
Epoch 233	LOSS: 8.99	MAE: 5.78	RMSE: 11.67
Epoch 234	LOSS: 8.91	MAE: 5.78	RMSE: 11.67
Epoch 235	LOSS: 9.01	MAE: 5.78	RMSE: 11.67
Epoch 236	LOSS: 8.79	MAE: 5.78	RMSE: 11.67
Epoch 237	LOSS: 9.02	MAE: 5.77	RMSE: 11.67
Epoch 238	LOSS: 8.98	MAE: 5.78	RMSE: 11.67
Epoch 239	LOSS: 8.89	MAE: 5.77	RMSE: 11.66
Epoch 240	LOSS: 8.91	MAE: 5.77	RMSE: 11.66
Epoch 241	LOSS: 8.87	MAE: 5.77	RMSE: 11.66
Epoch 242	LOSS: 8.95	MAE: 5.77	RMSE: 11.66
Epoch 243	LOSS: 8.94	MAE: 5.78	RMSE: 11.66
Epoch 244	LOSS: 8.85	MAE: 5.78	RMSE: 11.66
Epoch 245	LOSS: 8.93	MAE: 5.78	RMSE: 11.66
Epoch 246	LOSS: 8.97	MAE: 5.78	RMSE: 11.66
Epoch 247	LOSS: 8.75	MAE: 5.78	RMSE: 11.66
Epoch 248	LOSS: 9.10	MAE: 5.78	RMSE: 11.66
Epoch 249	LOSS: 8.85	MAE: 5.77	RMSE: 11.65
Epoch 250	LOSS: 9.07	MAE: 5.78	RMSE: 11.66
Epoch 251	LOSS: 8.95	MAE: 5.78	RMSE: 11.66
Epoch 252	LOSS: 8.94	MAE: 5.77	RMSE: 11.66
Epoch 253	LOSS: 8.93	MAE: 5.77	RMSE: 11.66
Epoch 254	LOSS: 9.14	MAE: 5.77	RMSE: 11.66
Epoch 255	LOSS: 8.84	MAE: 5.77	RMSE: 11.66
Epoch 256	LOSS: 8.98	MAE: 5.78	RMSE: 11.65
Epoch 257	LOSS: 8.77	MAE: 5.77	RMSE: 11.61
Epoch 258	LOSS: 8.77	MAE: 5.77	RMSE: 11.66
Epoch 259	LOSS: 8.92	MAE: 5.77	RMSE: 11.66
Epoch 260	LOSS: 8.84	MAE: 5.77	RMSE: 11.66
Epoch 261	LOSS: 9.02	MAE: 5.77	RMSE: 11.65
Epoch 262	LOSS: 8.88	MAE: 5.77	RMSE: 11.65
Epoch 263	LOSS: 9.24	MAE: 5.78	RMSE: 11.61
Epoch 264	LOSS: 9.09	MAE: 5.77	RMSE: 11.65
Epoch 265	LOSS: 9.02	MAE: 5.78	RMSE: 11.67
Epoch 266	LOSS: 8.87	MAE: 5.78	RMSE: 11.67
Epoch 267	LOSS: 9.17	MAE: 5.80	RMSE: 11.59
Epoch 268	LOSS: 8.74	MAE: 5.78	RMSE: 11.67
Epoch 269	LOSS: 8.93	MAE: 5.78	RMSE: 11.59
Epoch 270	LOSS: 8.81	MAE: 5.78	RMSE: 11.67
Epoch 271	LOSS: 8.94	MAE: 5.78	RMSE: 11.60
Epoch 272	LOSS: 8.81	MAE: 5.77	RMSE: 11.66
Epoch 273	LOSS: 8.81	MAE: 5.77	RMSE: 11.65
Epoch 274	LOSS: 8.73	MAE: 5.78	RMSE: 11.67
Epoch 275	LOSS: 8.94	MAE: 5.78	RMSE: 11.67
Epoch 276	LOSS: 8.88	MAE: 5.78	RMSE: 11.67
Epoch 277	LOSS: 9.04	MAE: 5.78	RMSE: 11.66
Epoch 278	LOSS: 9.12	MAE: 5.77	RMSE: 11.66
Epoch 279	LOSS: 8.86	MAE: 5.77	RMSE: 11.66
Epoch 280	LOSS: 9.02	MAE: 5.77	RMSE: 11.66
Epoch 281	LOSS: 9.02	MAE: 5.77	RMSE: 11.66
Epoch 282	LOSS: 8.83	MAE: 5.77	RMSE: 11.66
Epoch 283	LOSS: 8.83	MAE: 5.77	RMSE: 11.66
Epoch 284	LOSS: 8.90	MAE: 5.77	RMSE: 11.66
Epoch 285	LOSS: 8.96	MAE: 5.77	RMSE: 11.66
Epoch 286	LOSS: 8.91	MAE: 5.77	RMSE: 11.65
Epoch 287	LOSS: 8.84	MAE: 5.77	RMSE: 11.65
Epoch 288	LOSS: 8.83	MAE: 5.77	RMSE: 11.66
Epoch 289	LOSS: 8.97	MAE: 5.77	RMSE: 11.66
Epoch 290	LOSS: 9.14	MAE: 5.77	RMSE: 11.66
Epoch 291	LOSS: 8.85	MAE: 5.77	RMSE: 11.66
Epoch 292	LOSS: 8.86	MAE: 5.77	RMSE: 11.66
Epoch 293	LOSS: 9.06	MAE: 5.77	RMSE: 11.66
Epoch 294	LOSS: 8.84	MAE: 5.77	RMSE: 11.66
Epoch 295	LOSS: 8.74	MAE: 5.77	RMSE: 11.66
Epoch 296	LOSS: 8.95	MAE: 5.77	RMSE: 11.66
Epoch 297	LOSS: 8.89	MAE: 5.77	RMSE: 11.66
Epoch 298	LOSS: 8.74	MAE: 5.77	RMSE: 11.66
Epoch 299	LOSS: 8.98	MAE: 5.77	RMSE: 11.66
Epoch 300	LOSS: 8.86	MAE: 5.77	RMSE: 11.66
Epoch 301	LOSS: 8.92	MAE: 5.77	RMSE: 11.66
Epoch 302	LOSS: 8.78	MAE: 5.77	RMSE: 11.66
Epoch 303	LOSS: 8.84	MAE: 5.77	RMSE: 11.66
Epoch 304	LOSS: 8.81	MAE: 5.77	RMSE: 11.66
Epoch 305	LOSS: 8.75	MAE: 5.78	RMSE: 11.66
Epoch 306	LOSS: 8.92	MAE: 5.78	RMSE: 11.66
Epoch 307	LOSS: 8.87	MAE: 5.78	RMSE: 11.66
Epoch 308	LOSS: 8.97	MAE: 5.78	RMSE: 11.66
Epoch 309	LOSS: 8.95	MAE: 5.78	RMSE: 11.66
Epoch 310	LOSS: 9.00	MAE: 5.78	RMSE: 11.66
Epoch 311	LOSS: 9.18	MAE: 5.78	RMSE: 11.66
Epoch 312	LOSS: 8.97	MAE: 5.78	RMSE: 11.66
Epoch 313	LOSS: 9.08	MAE: 5.78	RMSE: 11.66
Epoch 314	LOSS: 8.83	MAE: 5.78	RMSE: 11.66
Epoch 315	LOSS: 8.85	MAE: 5.78	RMSE: 11.66
Epoch 316	LOSS: 8.83	MAE: 5.78	RMSE: 11.66
Epoch 317	LOSS: 9.10	MAE: 5.78	RMSE: 11.66
Epoch 318	LOSS: 8.76	MAE: 5.78	RMSE: 11.66
Epoch 319	LOSS: 9.09	MAE: 5.78	RMSE: 11.66
Epoch 320	LOSS: 9.00	MAE: 5.78	RMSE: 11.66
Epoch 321	LOSS: 9.06	MAE: 5.78	RMSE: 11.66
Epoch 322	LOSS: 8.88	MAE: 5.77	RMSE: 11.66
Epoch 323	LOSS: 8.90	MAE: 5.77	RMSE: 11.66
Epoch 324	LOSS: 8.92	MAE: 5.78	RMSE: 11.66
Epoch 325	LOSS: 8.73	MAE: 5.78	RMSE: 11.66
Epoch 326	LOSS: 8.99	MAE: 5.78	RMSE: 11.67
Epoch 327	LOSS: 8.86	MAE: 5.78	RMSE: 11.67
Epoch 328	LOSS: 8.72	MAE: 5.78	RMSE: 11.67
Epoch 329	LOSS: 8.93	MAE: 5.78	RMSE: 11.67
Epoch 330	LOSS: 8.71	MAE: 5.78	RMSE: 11.66
Epoch 331	LOSS: 9.10	MAE: 5.78	RMSE: 11.66
Epoch 332	LOSS: 8.83	MAE: 5.78	RMSE: 11.66
Epoch 333	LOSS: 8.79	MAE: 5.78	RMSE: 11.66
Epoch 334	LOSS: 8.79	MAE: 5.78	RMSE: 11.66
Epoch 335	LOSS: 8.75	MAE: 5.78	RMSE: 11.66
Epoch 336	LOSS: 8.83	MAE: 5.78	RMSE: 11.67
Epoch 337	LOSS: 9.13	MAE: 5.78	RMSE: 11.67
Epoch 338	LOSS: 8.96	MAE: 5.77	RMSE: 11.66
Epoch 339	LOSS: 8.82	MAE: 5.78	RMSE: 11.66
Epoch 340	LOSS: 8.88	MAE: 5.78	RMSE: 11.66
Epoch 341	LOSS: 8.89	MAE: 5.78	RMSE: 11.66
Epoch 342	LOSS: 8.96	MAE: 5.78	RMSE: 11.65
Epoch 343	LOSS: 8.85	MAE: 5.78	RMSE: 11.65
Epoch 344	LOSS: 8.92	MAE: 5.78	RMSE: 11.65
Epoch 345	LOSS: 8.95	MAE: 5.78	RMSE: 11.65
Epoch 346	LOSS: 9.03	MAE: 5.78	RMSE: 11.65
Epoch 347	LOSS: 9.14	MAE: 5.78	RMSE: 11.65
Epoch 348	LOSS: 8.95	MAE: 5.78	RMSE: 11.65
Epoch 349	LOSS: 9.02	MAE: 5.78	RMSE: 11.65
Epoch 350	LOSS: 8.81	MAE: 5.78	RMSE: 11.65
Epoch 351	LOSS: 9.03	MAE: 5.78	RMSE: 11.65
Epoch 352	LOSS: 8.90	MAE: 5.78	RMSE: 11.65
Epoch 353	LOSS: 8.83	MAE: 5.78	RMSE: 11.65
Epoch 354	LOSS: 9.08	MAE: 5.78	RMSE: 11.65
Epoch 355	LOSS: 8.98	MAE: 5.78	RMSE: 11.65
Epoch 356	LOSS: 8.79	MAE: 5.78	RMSE: 11.65
Epoch 357	LOSS: 8.92	MAE: 5.78	RMSE: 11.65
Epoch 358	LOSS: 8.86	MAE: 5.78	RMSE: 11.66
Epoch 359	LOSS: 9.03	MAE: 5.78	RMSE: 11.66
Epoch 360	LOSS: 9.12	MAE: 5.78	RMSE: 11.66
Epoch 361	LOSS: 8.93	MAE: 5.78	RMSE: 11.65
Epoch 362	LOSS: 9.01	MAE: 5.78	RMSE: 11.65
Epoch 363	LOSS: 8.90	MAE: 5.78	RMSE: 11.65
Epoch 364	LOSS: 9.01	MAE: 5.78	RMSE: 11.65
Epoch 365	LOSS: 9.08	MAE: 5.78	RMSE: 11.65
Epoch 366	LOSS: 9.14	MAE: 5.78	RMSE: 11.65
Epoch 367	LOSS: 8.98	MAE: 5.78	RMSE: 11.65
Epoch 368	LOSS: 8.96	MAE: 5.78	RMSE: 11.65
Epoch 369	LOSS: 8.79	MAE: 5.78	RMSE: 11.66
Epoch 370	LOSS: 8.77	MAE: 5.78	RMSE: 11.65
Epoch 371	LOSS: 9.13	MAE: 5.78	RMSE: 11.65
Epoch 372	LOSS: 9.01	MAE: 5.78	RMSE: 11.65
Epoch 373	LOSS: 8.74	MAE: 5.78	RMSE: 11.66
Epoch 374	LOSS: 9.14	MAE: 5.78	RMSE: 11.66
Epoch 375	LOSS: 9.07	MAE: 5.78	RMSE: 11.66
Epoch 376	LOSS: 8.94	MAE: 5.78	RMSE: 11.66
Epoch 377	LOSS: 8.80	MAE: 5.78	RMSE: 11.66
Epoch 378	LOSS: 8.96	MAE: 5.78	RMSE: 11.66
Epoch 379	LOSS: 8.86	MAE: 5.78	RMSE: 11.66
Epoch 380	LOSS: 8.90	MAE: 5.78	RMSE: 11.65
Epoch 381	LOSS: 8.54	MAE: 5.78	RMSE: 11.65
Epoch 382	LOSS: 8.81	MAE: 5.78	RMSE: 11.65
Epoch 383	LOSS: 8.91	MAE: 5.78	RMSE: 11.66
Epoch 384	LOSS: 8.82	MAE: 5.78	RMSE: 11.66
Epoch 385	LOSS: 8.87	MAE: 5.78	RMSE: 11.66
Epoch 386	LOSS: 8.92	MAE: 5.78	RMSE: 11.66
Epoch 387	LOSS: 9.00	MAE: 5.78	RMSE: 11.66
Epoch 388	LOSS: 8.73	MAE: 5.78	RMSE: 11.66
Epoch 389	LOSS: 9.22	MAE: 5.78	RMSE: 11.66
Epoch 390	LOSS: 8.94	MAE: 5.78	RMSE: 11.65
Epoch 391	LOSS: 8.84	MAE: 5.78	RMSE: 11.65
Epoch 392	LOSS: 8.80	MAE: 5.78	RMSE: 11.66
Epoch 393	LOSS: 9.07	MAE: 5.78	RMSE: 11.66
Epoch 394	LOSS: 8.95	MAE: 5.78	RMSE: 11.66
Epoch 395	LOSS: 8.97	MAE: 5.78	RMSE: 11.66
Epoch 396	LOSS: 8.77	MAE: 5.78	RMSE: 11.66
Epoch 397	LOSS: 8.77	MAE: 5.78	RMSE: 11.66
Epoch 398	LOSS: 9.07	MAE: 5.78	RMSE: 11.66
Epoch 399	LOSS: 8.91	MAE: 5.78	RMSE: 11.66
Epoch 400	LOSS: 8.94	MAE: 5.78	RMSE: 11.65
Epoch 401	LOSS: 8.90	MAE: 5.78	RMSE: 11.65
Epoch 402	LOSS: 8.84	MAE: 5.78	RMSE: 11.65
Epoch 403	LOSS: 9.03	MAE: 5.78	RMSE: 11.65
Epoch 404	LOSS: 8.96	MAE: 5.78	RMSE: 11.65
Epoch 405	LOSS: 8.83	MAE: 5.78	RMSE: 11.65
Epoch 406	LOSS: 8.96	MAE: 5.78	RMSE: 11.66
Epoch 407	LOSS: 8.85	MAE: 5.78	RMSE: 11.66
Epoch 408	LOSS: 8.98	MAE: 5.78	RMSE: 11.66
Epoch 409	LOSS: 8.83	MAE: 5.78	RMSE: 11.66
Epoch 410	LOSS: 8.90	MAE: 5.78	RMSE: 11.66
Epoch 411	LOSS: 8.90	MAE: 5.78	RMSE: 11.66
Epoch 412	LOSS: 9.12	MAE: 5.78	RMSE: 11.66
Epoch 413	LOSS: 9.15	MAE: 5.78	RMSE: 11.65
Epoch 414	LOSS: 9.04	MAE: 5.78	RMSE: 11.65
Epoch 415	LOSS: 8.77	MAE: 5.78	RMSE: 11.65
Epoch 416	LOSS: 8.78	MAE: 5.78	RMSE: 11.65
Epoch 417	LOSS: 8.89	MAE: 5.78	RMSE: 11.65
Epoch 418	LOSS: 8.82	MAE: 5.78	RMSE: 11.65
Epoch 419	LOSS: 9.01	MAE: 5.78	RMSE: 11.65
Epoch 420	LOSS: 8.84	MAE: 5.78	RMSE: 11.65
Epoch 421	LOSS: 8.87	MAE: 5.78	RMSE: 11.65
Epoch 422	LOSS: 8.93	MAE: 5.78	RMSE: 11.65
Epoch 423	LOSS: 8.87	MAE: 5.78	RMSE: 11.65
Epoch 424	LOSS: 8.95	MAE: 5.78	RMSE: 11.65
Epoch 425	LOSS: 8.95	MAE: 5.78	RMSE: 11.66
Epoch 426	LOSS: 9.00	MAE: 5.78	RMSE: 11.66
Epoch 427	LOSS: 8.91	MAE: 5.78	RMSE: 11.65
Epoch 428	LOSS: 8.82	MAE: 5.78	RMSE: 11.65
Epoch 429	LOSS: 8.65	MAE: 5.78	RMSE: 11.65
Epoch 430	LOSS: 9.13	MAE: 5.78	RMSE: 11.65
Epoch 431	LOSS: 8.87	MAE: 5.78	RMSE: 11.65
Epoch 432	LOSS: 9.08	MAE: 5.78	RMSE: 11.65
Epoch 433	LOSS: 9.00	MAE: 5.78	RMSE: 11.65
Epoch 434	LOSS: 9.06	MAE: 5.78	RMSE: 11.65
Epoch 435	LOSS: 9.05	MAE: 5.78	RMSE: 11.65
Epoch 436	LOSS: 8.91	MAE: 5.78	RMSE: 11.65
Epoch 437	LOSS: 8.90	MAE: 5.78	RMSE: 11.65
Epoch 438	LOSS: 8.89	MAE: 5.78	RMSE: 11.66
Epoch 439	LOSS: 8.76	MAE: 5.78	RMSE: 11.65
Epoch 440	LOSS: 8.97	MAE: 5.78	RMSE: 11.65
Epoch 441	LOSS: 9.05	MAE: 5.78	RMSE: 11.65
Epoch 442	LOSS: 8.85	MAE: 5.78	RMSE: 11.65
Epoch 443	LOSS: 8.82	MAE: 5.78	RMSE: 11.66
Epoch 444	LOSS: 8.94	MAE: 5.78	RMSE: 11.66
Epoch 445	LOSS: 8.86	MAE: 5.78	RMSE: 11.66
Epoch 446	LOSS: 8.91	MAE: 5.78	RMSE: 11.66
Epoch 447	LOSS: 9.00	MAE: 5.78	RMSE: 11.66
Epoch 448	LOSS: 8.84	MAE: 5.78	RMSE: 11.66
Epoch 449	LOSS: 8.89	MAE: 5.78	RMSE: 11.65
Epoch 450	LOSS: 8.82	MAE: 5.78	RMSE: 11.65
Epoch 451	LOSS: 9.04	MAE: 5.78	RMSE: 11.65
Epoch 452	LOSS: 9.06	MAE: 5.78	RMSE: 11.65
Epoch 453	LOSS: 8.70	MAE: 5.78	RMSE: 11.65
Epoch 454	LOSS: 8.77	MAE: 5.78	RMSE: 11.65
Epoch 455	LOSS: 8.89	MAE: 5.78	RMSE: 11.65
Epoch 456	LOSS: 8.75	MAE: 5.78	RMSE: 11.65
Epoch 457	LOSS: 8.97	MAE: 5.78	RMSE: 11.65
Epoch 458	LOSS: 9.02	MAE: 5.78	RMSE: 11.65
Epoch 459	LOSS: 8.81	MAE: 5.78	RMSE: 11.66
Epoch 460	LOSS: 8.84	MAE: 5.78	RMSE: 11.67
Epoch 461	LOSS: 8.88	MAE: 5.78	RMSE: 11.66
Epoch 462	LOSS: 8.97	MAE: 5.78	RMSE: 11.66
Epoch 463	LOSS: 8.71	MAE: 5.78	RMSE: 11.66
Epoch 464	LOSS: 8.84	MAE: 5.77	RMSE: 11.66
Epoch 465	LOSS: 8.92	MAE: 5.77	RMSE: 11.66
Epoch 466	LOSS: 8.84	MAE: 5.77	RMSE: 11.66
Epoch 467	LOSS: 8.60	MAE: 5.77	RMSE: 11.66
Epoch 468	LOSS: 8.71	MAE: 5.77	RMSE: 11.66
Epoch 469	LOSS: 8.98	MAE: 5.77	RMSE: 11.66
Epoch 470	LOSS: 8.88	MAE: 5.77	RMSE: 11.66
Epoch 471	LOSS: 8.97	MAE: 5.77	RMSE: 11.66
Epoch 472	LOSS: 9.14	MAE: 5.77	RMSE: 11.66
Epoch 473	LOSS: 8.88	MAE: 5.77	RMSE: 11.66
Epoch 474	LOSS: 8.87	MAE: 5.78	RMSE: 11.66
Epoch 475	LOSS: 8.84	MAE: 5.78	RMSE: 11.66
Epoch 476	LOSS: 8.82	MAE: 5.77	RMSE: 11.66
Epoch 477	LOSS: 9.17	MAE: 5.78	RMSE: 11.66
Epoch 478	LOSS: 8.80	MAE: 5.78	RMSE: 11.66
Epoch 479	LOSS: 9.02	MAE: 5.78	RMSE: 11.66
Epoch 480	LOSS: 8.80	MAE: 5.78	RMSE: 11.66
Epoch 481	LOSS: 9.06	MAE: 5.78	RMSE: 11.66
Epoch 482	LOSS: 8.66	MAE: 5.78	RMSE: 11.66
Epoch 483	LOSS: 8.84	MAE: 5.77	RMSE: 11.66
Epoch 484	LOSS: 8.72	MAE: 5.77	RMSE: 11.65
Epoch 485	LOSS: 8.79	MAE: 5.77	RMSE: 11.66
Epoch 486	LOSS: 9.00	MAE: 5.77	RMSE: 11.66
Epoch 487	LOSS: 9.03	MAE: 5.78	RMSE: 11.66
Epoch 488	LOSS: 8.95	MAE: 5.77	RMSE: 11.66
Epoch 489	LOSS: 8.69	MAE: 5.77	RMSE: 11.65
Epoch 490	LOSS: 8.97	MAE: 5.77	RMSE: 11.66
Epoch 491	LOSS: 9.02	MAE: 5.77	RMSE: 11.66
Epoch 492	LOSS: 8.86	MAE: 5.78	RMSE: 11.66
Epoch 493	LOSS: 8.96	MAE: 5.77	RMSE: 11.66
Epoch 494	LOSS: 8.84	MAE: 5.77	RMSE: 11.66
Epoch 495	LOSS: 9.01	MAE: 5.78	RMSE: 11.66
Epoch 496	LOSS: 8.97	MAE: 5.78	RMSE: 11.66
Epoch 497	LOSS: 8.86	MAE: 5.78	RMSE: 11.66
Epoch 498	LOSS: 9.03	MAE: 5.78	RMSE: 11.66
Epoch 499	LOSS: 9.05	MAE: 5.78	RMSE: 11.66
Epoch 500	LOSS: 9.09	MAE: 5.78	RMSE: 11.66
Epoch 501	LOSS: 8.86	MAE: 5.78	RMSE: 11.66
Epoch 502	LOSS: 8.90	MAE: 5.78	RMSE: 11.66
Epoch 503	LOSS: 8.76	MAE: 5.77	RMSE: 11.66
Epoch 504	LOSS: 9.12	MAE: 5.78	RMSE: 11.66
Epoch 505	LOSS: 8.77	MAE: 5.78	RMSE: 11.66
Epoch 506	LOSS: 8.96	MAE: 5.78	RMSE: 11.66
Epoch 507	LOSS: 8.87	MAE: 5.78	RMSE: 11.66
Epoch 508	LOSS: 9.05	MAE: 5.78	RMSE: 11.66
Epoch 509	LOSS: 8.91	MAE: 5.78	RMSE: 11.66
Epoch 510	LOSS: 8.84	MAE: 5.78	RMSE: 11.66
Epoch 511	LOSS: 9.01	MAE: 5.78	RMSE: 11.66
Epoch 512	LOSS: 8.88	MAE: 5.78	RMSE: 11.67
Epoch 513	LOSS: 8.92	MAE: 5.78	RMSE: 11.67
Epoch 514	LOSS: 8.88	MAE: 5.78	RMSE: 11.67
Epoch 515	LOSS: 8.84	MAE: 5.78	RMSE: 11.67
Epoch 516	LOSS: 8.93	MAE: 5.78	RMSE: 11.66
Epoch 517	LOSS: 8.74	MAE: 5.78	RMSE: 11.67
Epoch 518	LOSS: 8.89	MAE: 5.78	RMSE: 11.67
Epoch 519	LOSS: 8.85	MAE: 5.78	RMSE: 11.66
Epoch 520	LOSS: 9.02	MAE: 5.78	RMSE: 11.66
Epoch 521	LOSS: 8.73	MAE: 5.78	RMSE: 11.66
Epoch 522	LOSS: 8.90	MAE: 5.78	RMSE: 11.66
Epoch 523	LOSS: 8.89	MAE: 5.78	RMSE: 11.66
Epoch 524	LOSS: 9.04	MAE: 5.78	RMSE: 11.66
Epoch 525	LOSS: 8.98	MAE: 5.78	RMSE: 11.66
Epoch 526	LOSS: 8.96	MAE: 5.77	RMSE: 11.66
Epoch 527	LOSS: 9.03	MAE: 5.77	RMSE: 11.66
Epoch 528	LOSS: 8.85	MAE: 5.77	RMSE: 11.66
Epoch 529	LOSS: 8.90	MAE: 5.78	RMSE: 11.66
Epoch 530	LOSS: 8.85	MAE: 5.77	RMSE: 11.66
Epoch 531	LOSS: 8.93	MAE: 5.77	RMSE: 11.65
Epoch 532	LOSS: 8.78	MAE: 5.77	RMSE: 11.65
Epoch 533	LOSS: 8.90	MAE: 5.77	RMSE: 11.65
Epoch 534	LOSS: 9.05	MAE: 5.77	RMSE: 11.65
Epoch 535	LOSS: 9.13	MAE: 5.77	RMSE: 11.66
Epoch 536	LOSS: 9.11	MAE: 5.77	RMSE: 11.66
Epoch 537	LOSS: 8.99	MAE: 5.77	RMSE: 11.66
Epoch 538	LOSS: 8.76	MAE: 5.77	RMSE: 11.66
Epoch 539	LOSS: 9.14	MAE: 5.77	RMSE: 11.66
Epoch 540	LOSS: 9.09	MAE: 5.78	RMSE: 11.66
Epoch 541	LOSS: 8.90	MAE: 5.78	RMSE: 11.66
Epoch 542	LOSS: 9.07	MAE: 5.78	RMSE: 11.65
Epoch 543	LOSS: 8.79	MAE: 5.78	RMSE: 11.66
Epoch 544	LOSS: 8.99	MAE: 5.78	RMSE: 11.66
Epoch 545	LOSS: 8.87	MAE: 5.78	RMSE: 11.67
Epoch 546	LOSS: 8.84	MAE: 5.78	RMSE: 11.67
Epoch 547	LOSS: 8.87	MAE: 5.78	RMSE: 11.67
Epoch 548	LOSS: 8.79	MAE: 5.78	RMSE: 11.66
Epoch 549	LOSS: 8.96	MAE: 5.78	RMSE: 11.66
Epoch 550	LOSS: 8.96	MAE: 5.78	RMSE: 11.66
Epoch 551	LOSS: 9.09	MAE: 5.77	RMSE: 11.66
Epoch 552	LOSS: 8.97	MAE: 5.78	RMSE: 11.66
Epoch 553	LOSS: 8.83	MAE: 5.78	RMSE: 11.67
Epoch 554	LOSS: 9.14	MAE: 5.78	RMSE: 11.67
Epoch 555	LOSS: 8.89	MAE: 5.78	RMSE: 11.67
Epoch 556	LOSS: 8.84	MAE: 5.78	RMSE: 11.67
Epoch 557	LOSS: 8.82	MAE: 5.78	RMSE: 11.66
Epoch 558	LOSS: 8.61	MAE: 5.78	RMSE: 11.66
Epoch 559	LOSS: 8.88	MAE: 5.78	RMSE: 11.66
Epoch 560	LOSS: 8.91	MAE: 5.77	RMSE: 11.66
Epoch 561	LOSS: 8.92	MAE: 5.77	RMSE: 11.66
Epoch 562	LOSS: 9.07	MAE: 5.77	RMSE: 11.66
Epoch 563	LOSS: 8.89	MAE: 5.77	RMSE: 11.66
Epoch 564	LOSS: 9.01	MAE: 5.78	RMSE: 11.66
Epoch 565	LOSS: 8.99	MAE: 5.77	RMSE: 11.65
Epoch 566	LOSS: 8.98	MAE: 5.77	RMSE: 11.65
Epoch 567	LOSS: 9.02	MAE: 5.77	RMSE: 11.65
Epoch 568	LOSS: 8.94	MAE: 5.77	RMSE: 11.66
Epoch 569	LOSS: 9.07	MAE: 5.77	RMSE: 11.66
Epoch 570	LOSS: 8.83	MAE: 5.77	RMSE: 11.66
Epoch 571	LOSS: 8.74	MAE: 5.78	RMSE: 11.66
Epoch 572	LOSS: 8.80	MAE: 5.78	RMSE: 11.67
Epoch 573	LOSS: 8.99	MAE: 5.78	RMSE: 11.67
Epoch 574	LOSS: 8.91	MAE: 5.78	RMSE: 11.67
Epoch 575	LOSS: 8.76	MAE: 5.78	RMSE: 11.67
Epoch 576	LOSS: 8.88	MAE: 5.78	RMSE: 11.67
Epoch 577	LOSS: 9.04	MAE: 5.78	RMSE: 11.67
Epoch 578	LOSS: 8.89	MAE: 5.78	RMSE: 11.66
Epoch 579	LOSS: 9.00	MAE: 5.77	RMSE: 11.66
Epoch 580	LOSS: 8.91	MAE: 5.78	RMSE: 11.66
Epoch 581	LOSS: 9.05	MAE: 5.81	RMSE: 11.57
Epoch 582	LOSS: 8.75	MAE: 5.78	RMSE: 11.66
Epoch 583	LOSS: 9.12	MAE: 5.78	RMSE: 11.66
Epoch 584	LOSS: 8.79	MAE: 5.77	RMSE: 11.66
Epoch 585	LOSS: 8.73	MAE: 5.77	RMSE: 11.66
Epoch 586	LOSS: 8.83	MAE: 5.78	RMSE: 11.66
Epoch 587	LOSS: 8.98	MAE: 5.78	RMSE: 11.66
Epoch 588	LOSS: 8.98	MAE: 5.78	RMSE: 11.66
Epoch 589	LOSS: 8.97	MAE: 5.78	RMSE: 11.66
Epoch 590	LOSS: 8.67	MAE: 5.78	RMSE: 11.66
Epoch 591	LOSS: 9.17	MAE: 5.78	RMSE: 11.66
Epoch 592	LOSS: 8.84	MAE: 5.78	RMSE: 11.66
Epoch 593	LOSS: 8.87	MAE: 5.78	RMSE: 11.66
Epoch 594	LOSS: 8.77	MAE: 5.77	RMSE: 11.66
Epoch 595	LOSS: 8.90	MAE: 5.77	RMSE: 11.66
Epoch 596	LOSS: 8.80	MAE: 5.77	RMSE: 11.66
Epoch 597	LOSS: 8.84	MAE: 5.77	RMSE: 11.66
Epoch 598	LOSS: 8.86	MAE: 5.77	RMSE: 11.66
Epoch 599	LOSS: 8.85	MAE: 5.77	RMSE: 11.66
Epoch 600	LOSS: 8.86	MAE: 5.77	RMSE: 11.66
Epoch 601	LOSS: 8.79	MAE: 5.77	RMSE: 11.66
Epoch 602	LOSS: 8.91	MAE: 5.77	RMSE: 11.66
Epoch 603	LOSS: 8.73	MAE: 5.77	RMSE: 11.66
Epoch 604	LOSS: 8.88	MAE: 5.77	RMSE: 11.66
Epoch 605	LOSS: 8.94	MAE: 5.78	RMSE: 11.66
Epoch 606	LOSS: 8.79	MAE: 5.78	RMSE: 11.66
Epoch 607	LOSS: 8.97	MAE: 5.77	RMSE: 11.66
Epoch 608	LOSS: 9.02	MAE: 5.77	RMSE: 11.66
Epoch 609	LOSS: 9.02	MAE: 5.77	RMSE: 11.66
Epoch 610	LOSS: 8.94	MAE: 5.77	RMSE: 11.66
Epoch 611	LOSS: 8.73	MAE: 5.77	RMSE: 11.66
Epoch 612	LOSS: 8.91	MAE: 5.77	RMSE: 11.66
Epoch 613	LOSS: 8.79	MAE: 5.77	RMSE: 11.66
Epoch 614	LOSS: 9.23	MAE: 5.77	RMSE: 11.66
Epoch 615	LOSS: 9.00	MAE: 5.78	RMSE: 11.66
Epoch 616	LOSS: 9.02	MAE: 5.78	RMSE: 11.66
Epoch 617	LOSS: 8.86	MAE: 5.78	RMSE: 11.66
Epoch 618	LOSS: 9.03	MAE: 5.78	RMSE: 11.66
Epoch 619	LOSS: 8.87	MAE: 5.78	RMSE: 11.67
Epoch 620	LOSS: 9.01	MAE: 5.78	RMSE: 11.66
Epoch 621	LOSS: 9.08	MAE: 5.78	RMSE: 11.66
Epoch 622	LOSS: 8.84	MAE: 5.77	RMSE: 11.66
Epoch 623	LOSS: 8.98	MAE: 5.77	RMSE: 11.66
Epoch 624	LOSS: 8.66	MAE: 5.77	RMSE: 11.66
Epoch 625	LOSS: 8.99	MAE: 5.77	RMSE: 11.66
Epoch 626	LOSS: 9.10	MAE: 5.77	RMSE: 11.66
Epoch 627	LOSS: 8.89	MAE: 5.78	RMSE: 11.66
Epoch 628	LOSS: 8.85	MAE: 5.78	RMSE: 11.66
Epoch 629	LOSS: 9.09	MAE: 5.78	RMSE: 11.67
Epoch 630	LOSS: 9.11	MAE: 5.78	RMSE: 11.67
Epoch 631	LOSS: 8.86	MAE: 5.78	RMSE: 11.67
Epoch 632	LOSS: 9.06	MAE: 5.78	RMSE: 11.67
Epoch 633	LOSS: 8.93	MAE: 5.78	RMSE: 11.67
Epoch 634	LOSS: 8.88	MAE: 5.78	RMSE: 11.67
Epoch 635	LOSS: 9.08	MAE: 5.78	RMSE: 11.67
Epoch 636	LOSS: 9.11	MAE: 5.78	RMSE: 11.66
Epoch 637	LOSS: 8.78	MAE: 5.78	RMSE: 11.66
Epoch 638	LOSS: 8.78	MAE: 5.78	RMSE: 11.66
Epoch 639	LOSS: 8.95	MAE: 5.77	RMSE: 11.66
Epoch 640	LOSS: 8.94	MAE: 5.78	RMSE: 11.66
Epoch 641	LOSS: 8.89	MAE: 5.78	RMSE: 11.66
Epoch 642	LOSS: 8.89	MAE: 5.78	RMSE: 11.67
Epoch 643	LOSS: 9.04	MAE: 5.78	RMSE: 11.67
Epoch 644	LOSS: 8.82	MAE: 5.78	RMSE: 11.66
Epoch 645	LOSS: 9.04	MAE: 5.78	RMSE: 11.66
Epoch 646	LOSS: 8.83	MAE: 5.77	RMSE: 11.66
Epoch 647	LOSS: 8.95	MAE: 5.77	RMSE: 11.65
Epoch 648	LOSS: 8.94	MAE: 5.77	RMSE: 11.65
Epoch 649	LOSS: 8.90	MAE: 5.77	RMSE: 11.65
Epoch 650	LOSS: 8.90	MAE: 5.77	RMSE: 11.65
Epoch 651	LOSS: 8.98	MAE: 5.77	RMSE: 11.65
Epoch 652	LOSS: 8.89	MAE: 5.77	RMSE: 11.66
Epoch 653	LOSS: 8.92	MAE: 5.78	RMSE: 11.66
Epoch 654	LOSS: 8.92	MAE: 5.78	RMSE: 11.66
Epoch 655	LOSS: 8.77	MAE: 5.78	RMSE: 11.66
Epoch 656	LOSS: 8.99	MAE: 5.78	RMSE: 11.66
Epoch 657	LOSS: 8.92	MAE: 5.78	RMSE: 11.66
Epoch 658	LOSS: 8.77	MAE: 5.78	RMSE: 11.66
Epoch 659	LOSS: 9.02	MAE: 5.78	RMSE: 11.66
Epoch 660	LOSS: 8.99	MAE: 5.78	RMSE: 11.66
Epoch 661	LOSS: 8.97	MAE: 5.77	RMSE: 11.66
Epoch 662	LOSS: 9.00	MAE: 5.78	RMSE: 11.66
Epoch 663	LOSS: 8.76	MAE: 5.78	RMSE: 11.66
Epoch 664	LOSS: 8.98	MAE: 5.77	RMSE: 11.66
Epoch 665	LOSS: 9.00	MAE: 5.77	RMSE: 11.65
Epoch 666	LOSS: 8.85	MAE: 5.77	RMSE: 11.65
Epoch 667	LOSS: 8.80	MAE: 5.77	RMSE: 11.65
Epoch 668	LOSS: 8.89	MAE: 5.77	RMSE: 11.65
Epoch 669	LOSS: 8.69	MAE: 5.77	RMSE: 11.65
Epoch 670	LOSS: 8.99	MAE: 5.77	RMSE: 11.66
Epoch 671	LOSS: 9.11	MAE: 5.77	RMSE: 11.66
Epoch 672	LOSS: 8.82	MAE: 5.77	RMSE: 11.66
Epoch 673	LOSS: 8.94	MAE: 5.77	RMSE: 11.66
Epoch 674	LOSS: 8.73	MAE: 5.77	RMSE: 11.66
Epoch 675	LOSS: 8.84	MAE: 5.77	RMSE: 11.66
Epoch 676	LOSS: 8.93	MAE: 5.77	RMSE: 11.65
Epoch 677	LOSS: 9.04	MAE: 5.80	RMSE: 11.57
Epoch 678	LOSS: 8.81	MAE: 5.78	RMSE: 11.59
Epoch 679	LOSS: 8.92	MAE: 5.78	RMSE: 11.63
Epoch 680	LOSS: 9.20	MAE: 5.78	RMSE: 11.65
Epoch 681	LOSS: 8.90	MAE: 5.78	RMSE: 11.67
Epoch 682	LOSS: 9.11	MAE: 5.81	RMSE: 11.57
Epoch 683	LOSS: 9.16	MAE: 5.80	RMSE: 11.59
Epoch 684	LOSS: 8.86	MAE: 5.79	RMSE: 11.62
Epoch 685	LOSS: 8.96	MAE: 5.79	RMSE: 11.66
Epoch 686	LOSS: 8.98	MAE: 5.79	RMSE: 11.60
Epoch 687	LOSS: 9.15	MAE: 5.80	RMSE: 11.70
Epoch 688	LOSS: 8.74	MAE: 5.79	RMSE: 11.70
Epoch 689	LOSS: 8.83	MAE: 5.78	RMSE: 11.69
Epoch 690	LOSS: 9.02	MAE: 5.81	RMSE: 11.61
Epoch 691	LOSS: 9.17	MAE: 5.78	RMSE: 11.69
Epoch 692	LOSS: 8.91	MAE: 5.79	RMSE: 11.70
Epoch 693	LOSS: 9.18	MAE: 5.80	RMSE: 11.59
Epoch 694	LOSS: 9.02	MAE: 5.79	RMSE: 11.69
Epoch 695	LOSS: 8.74	MAE: 5.78	RMSE: 11.68
Epoch 696	LOSS: 8.94	MAE: 5.78	RMSE: 11.68
Epoch 697	LOSS: 8.73	MAE: 5.78	RMSE: 11.67
Epoch 698	LOSS: 8.95	MAE: 5.78	RMSE: 11.67
Epoch 699	LOSS: 9.03	MAE: 5.78	RMSE: 11.63
Epoch 700	LOSS: 8.75	MAE: 5.78	RMSE: 11.67
Epoch 701	LOSS: 8.98	MAE: 5.78	RMSE: 11.67
Epoch 702	LOSS: 8.90	MAE: 5.78	RMSE: 11.67
Epoch 703	LOSS: 8.83	MAE: 5.78	RMSE: 11.67
Epoch 704	LOSS: 9.10	MAE: 5.78	RMSE: 11.67
Epoch 705	LOSS: 9.03	MAE: 5.77	RMSE: 11.67
Epoch 706	LOSS: 8.62	MAE: 5.77	RMSE: 11.66
Epoch 707	LOSS: 9.11	MAE: 5.77	RMSE: 11.66
Epoch 708	LOSS: 9.01	MAE: 5.77	RMSE: 11.66
Epoch 709	LOSS: 8.85	MAE: 5.78	RMSE: 11.67
Epoch 710	LOSS: 8.79	MAE: 5.78	RMSE: 11.68
Epoch 711	LOSS: 9.21	MAE: 5.78	RMSE: 11.69
Epoch 712	LOSS: 8.86	MAE: 5.78	RMSE: 11.68
Epoch 713	LOSS: 8.75	MAE: 5.78	RMSE: 11.67
Epoch 714	LOSS: 8.86	MAE: 5.78	RMSE: 11.67
Epoch 715	LOSS: 9.13	MAE: 5.78	RMSE: 11.66
Epoch 716	LOSS: 8.65	MAE: 5.77	RMSE: 11.66
Epoch 717	LOSS: 8.95	MAE: 5.78	RMSE: 11.66
Epoch 718	LOSS: 9.04	MAE: 5.78	RMSE: 11.66
Epoch 719	LOSS: 8.77	MAE: 5.78	RMSE: 11.66
Epoch 720	LOSS: 9.04	MAE: 5.78	RMSE: 11.66
Epoch 721	LOSS: 8.78	MAE: 5.78	RMSE: 11.67
Epoch 722	LOSS: 8.78	MAE: 5.78	RMSE: 11.66
Epoch 723	LOSS: 8.92	MAE: 5.78	RMSE: 11.66
Epoch 724	LOSS: 8.91	MAE: 5.78	RMSE: 11.66
Epoch 725	LOSS: 8.98	MAE: 5.78	RMSE: 11.67
Epoch 726	LOSS: 8.85	MAE: 5.78	RMSE: 11.67
Epoch 727	LOSS: 8.98	MAE: 5.78	RMSE: 11.67
Epoch 728	LOSS: 8.91	MAE: 5.78	RMSE: 11.67
Epoch 729	LOSS: 8.90	MAE: 5.78	RMSE: 11.68
Epoch 730	LOSS: 8.89	MAE: 5.78	RMSE: 11.67
Epoch 731	LOSS: 8.92	MAE: 5.78	RMSE: 11.67
Epoch 732	LOSS: 8.71	MAE: 5.78	RMSE: 11.67
Epoch 733	LOSS: 8.88	MAE: 5.78	RMSE: 11.67
Epoch 734	LOSS: 9.17	MAE: 5.78	RMSE: 11.67
Epoch 735	LOSS: 8.82	MAE: 5.78	RMSE: 11.67
Epoch 736	LOSS: 8.88	MAE: 5.78	RMSE: 11.67
Epoch 737	LOSS: 8.82	MAE: 5.78	RMSE: 11.67
Epoch 738	LOSS: 8.94	MAE: 5.78	RMSE: 11.67
Epoch 739	LOSS: 8.97	MAE: 5.78	RMSE: 11.67
Epoch 740	LOSS: 9.00	MAE: 5.78	RMSE: 11.66
Epoch 741	LOSS: 8.88	MAE: 5.77	RMSE: 11.66
Epoch 742	LOSS: 9.16	MAE: 5.77	RMSE: 11.66
Epoch 743	LOSS: 9.06	MAE: 5.78	RMSE: 11.66
Epoch 744	LOSS: 8.98	MAE: 5.78	RMSE: 11.67
Epoch 745	LOSS: 8.78	MAE: 5.78	RMSE: 11.67
Epoch 746	LOSS: 8.89	MAE: 5.78	RMSE: 11.67
Epoch 747	LOSS: 8.89	MAE: 5.78	RMSE: 11.67
Epoch 748	LOSS: 8.88	MAE: 5.78	RMSE: 11.66
Epoch 749	LOSS: 8.95	MAE: 5.77	RMSE: 11.66
Epoch 750	LOSS: 8.95	MAE: 5.77	RMSE: 11.66
Epoch 751	LOSS: 8.95	MAE: 5.78	RMSE: 11.66
Epoch 752	LOSS: 8.97	MAE: 5.78	RMSE: 11.66
Epoch 753	LOSS: 8.95	MAE: 5.78	RMSE: 11.66
Epoch 754	LOSS: 8.93	MAE: 5.77	RMSE: 11.66
Epoch 755	LOSS: 8.89	MAE: 5.77	RMSE: 11.66
Epoch 756	LOSS: 8.72	MAE: 5.77	RMSE: 11.66
Epoch 757	LOSS: 8.93	MAE: 5.78	RMSE: 11.66
Epoch 758	LOSS: 9.11	MAE: 5.78	RMSE: 11.67
Epoch 759	LOSS: 8.95	MAE: 5.78	RMSE: 11.67
Epoch 760	LOSS: 8.98	MAE: 5.78	RMSE: 11.67
Epoch 761	LOSS: 8.92	MAE: 5.78	RMSE: 11.66
Epoch 762	LOSS: 8.92	MAE: 5.77	RMSE: 11.66
Epoch 763	LOSS: 8.86	MAE: 5.77	RMSE: 11.66
Epoch 764	LOSS: 9.03	MAE: 5.78	RMSE: 11.66
Epoch 765	LOSS: 8.92	MAE: 5.78	RMSE: 11.67
Epoch 766	LOSS: 9.07	MAE: 5.78	RMSE: 11.67
Epoch 767	LOSS: 8.99	MAE: 5.78	RMSE: 11.67
Epoch 768	LOSS: 8.90	MAE: 5.78	RMSE: 11.67
Epoch 769	LOSS: 8.95	MAE: 5.78	RMSE: 11.67
Epoch 770	LOSS: 8.96	MAE: 5.78	RMSE: 11.67
Epoch 771	LOSS: 8.99	MAE: 5.78	RMSE: 11.67
Epoch 772	LOSS: 8.89	MAE: 5.78	RMSE: 11.67
Epoch 773	LOSS: 9.09	MAE: 5.78	RMSE: 11.67
Epoch 774	LOSS: 9.05	MAE: 5.78	RMSE: 11.67
Epoch 775	LOSS: 9.10	MAE: 5.78	RMSE: 11.67
Epoch 776	LOSS: 8.74	MAE: 5.78	RMSE: 11.67
Epoch 777	LOSS: 8.70	MAE: 5.78	RMSE: 11.67
Epoch 778	LOSS: 9.04	MAE: 5.77	RMSE: 11.66
Epoch 779	LOSS: 8.94	MAE: 5.77	RMSE: 11.66
Epoch 780	LOSS: 8.91	MAE: 5.77	RMSE: 11.66
Epoch 781	LOSS: 9.02	MAE: 5.77	RMSE: 11.66
Epoch 782	LOSS: 9.02	MAE: 5.77	RMSE: 11.66
Epoch 783	LOSS: 8.89	MAE: 5.78	RMSE: 11.66
Epoch 784	LOSS: 8.87	MAE: 5.78	RMSE: 11.66
Epoch 785	LOSS: 8.86	MAE: 5.77	RMSE: 11.66
Epoch 786	LOSS: 8.82	MAE: 5.77	RMSE: 11.66
Epoch 787	LOSS: 8.96	MAE: 5.78	RMSE: 11.67
Epoch 788	LOSS: 8.88	MAE: 5.78	RMSE: 11.68
Epoch 789	LOSS: 9.11	MAE: 5.78	RMSE: 11.68
Epoch 790	LOSS: 8.87	MAE: 5.78	RMSE: 11.67
Epoch 791	LOSS: 8.98	MAE: 5.77	RMSE: 11.66
Epoch 792	LOSS: 8.92	MAE: 5.77	RMSE: 11.66
Epoch 793	LOSS: 8.93	MAE: 5.78	RMSE: 11.67
Epoch 794	LOSS: 8.69	MAE: 5.78	RMSE: 11.67
Epoch 795	LOSS: 8.83	MAE: 5.78	RMSE: 11.68
Epoch 796	LOSS: 8.96	MAE: 5.78	RMSE: 11.68
Epoch 797	LOSS: 8.90	MAE: 5.78	RMSE: 11.67
Epoch 798	LOSS: 8.97	MAE: 5.78	RMSE: 11.67
Epoch 799	LOSS: 8.97	MAE: 5.78	RMSE: 11.67
Epoch 800	LOSS: 9.07	MAE: 5.78	RMSE: 11.67
Epoch 801	LOSS: 8.67	MAE: 5.78	RMSE: 11.66
Epoch 802	LOSS: 8.89	MAE: 5.78	RMSE: 11.67
Epoch 803	LOSS: 9.00	MAE: 5.78	RMSE: 11.67
Epoch 804	LOSS: 8.87	MAE: 5.78	RMSE: 11.67
Epoch 805	LOSS: 8.95	MAE: 5.77	RMSE: 11.66
Epoch 806	LOSS: 8.79	MAE: 5.77	RMSE: 11.65
Epoch 807	LOSS: 8.99	MAE: 5.77	RMSE: 11.65
Epoch 808	LOSS: 8.84	MAE: 5.77	RMSE: 11.65
Epoch 809	LOSS: 8.93	MAE: 5.77	RMSE: 11.65
Epoch 810	LOSS: 9.25	MAE: 5.77	RMSE: 11.66
Epoch 811	LOSS: 8.81	MAE: 5.77	RMSE: 11.66
Epoch 812	LOSS: 8.72	MAE: 5.78	RMSE: 11.67
Epoch 813	LOSS: 8.93	MAE: 5.78	RMSE: 11.68
Epoch 814	LOSS: 8.84	MAE: 5.78	RMSE: 11.68
Epoch 815	LOSS: 9.02	MAE: 5.78	RMSE: 11.67
Epoch 816	LOSS: 8.75	MAE: 5.78	RMSE: 11.66
Epoch 817	LOSS: 8.80	MAE: 5.77	RMSE: 11.66
Epoch 818	LOSS: 8.90	MAE: 5.77	RMSE: 11.65
Epoch 819	LOSS: 8.97	MAE: 5.77	RMSE: 11.66
Epoch 820	LOSS: 9.09	MAE: 5.77	RMSE: 11.66
Epoch 821	LOSS: 9.07	MAE: 5.77	RMSE: 11.66
Epoch 822	LOSS: 8.84	MAE: 5.78	RMSE: 11.67
Epoch 823	LOSS: 8.89	MAE: 5.78	RMSE: 11.68
Epoch 824	LOSS: 8.78	MAE: 5.78	RMSE: 11.68
Epoch 825	LOSS: 8.99	MAE: 5.78	RMSE: 11.67
Epoch 826	LOSS: 8.93	MAE: 5.78	RMSE: 11.67
Epoch 827	LOSS: 8.84	MAE: 5.78	RMSE: 11.67
Epoch 828	LOSS: 8.92	MAE: 5.78	RMSE: 11.66
Epoch 829	LOSS: 8.84	MAE: 5.77	RMSE: 11.65
Epoch 830	LOSS: 8.95	MAE: 5.78	RMSE: 11.67
Epoch 831	LOSS: 8.95	MAE: 5.78	RMSE: 11.67
Epoch 832	LOSS: 9.08	MAE: 5.78	RMSE: 11.67
Epoch 833	LOSS: 8.88	MAE: 5.78	RMSE: 11.66
Epoch 834	LOSS: 8.70	MAE: 5.78	RMSE: 11.66
Epoch 835	LOSS: 8.80	MAE: 5.77	RMSE: 11.66
Epoch 836	LOSS: 8.79	MAE: 5.78	RMSE: 11.67
Epoch 837	LOSS: 9.04	MAE: 5.78	RMSE: 11.67
Epoch 838	LOSS: 8.86	MAE: 5.78	RMSE: 11.67
Epoch 839	LOSS: 8.76	MAE: 5.77	RMSE: 11.66
Epoch 840	LOSS: 9.02	MAE: 5.77	RMSE: 11.66
Epoch 841	LOSS: 9.01	MAE: 5.77	RMSE: 11.66
Epoch 842	LOSS: 8.72	MAE: 5.77	RMSE: 11.66
Epoch 843	LOSS: 9.02	MAE: 5.77	RMSE: 11.65
Epoch 844	LOSS: 8.92	MAE: 5.77	RMSE: 11.65
Epoch 845	LOSS: 8.82	MAE: 5.77	RMSE: 11.65
Epoch 846	LOSS: 9.12	MAE: 5.77	RMSE: 11.66
Epoch 847	LOSS: 8.96	MAE: 5.78	RMSE: 11.67
Epoch 848	LOSS: 9.11	MAE: 5.78	RMSE: 11.67
Epoch 849	LOSS: 8.72	MAE: 5.78	RMSE: 11.66
Epoch 850	LOSS: 9.06	MAE: 5.77	RMSE: 11.66
Epoch 851	LOSS: 8.96	MAE: 5.77	RMSE: 11.66
Epoch 852	LOSS: 9.09	MAE: 5.77	RMSE: 11.66
Epoch 853	LOSS: 9.04	MAE: 5.77	RMSE: 11.66
Epoch 854	LOSS: 8.99	MAE: 5.77	RMSE: 11.66
Epoch 855	LOSS: 9.09	MAE: 5.77	RMSE: 11.66
Epoch 856	LOSS: 8.83	MAE: 5.77	RMSE: 11.66
Epoch 857	LOSS: 8.99	MAE: 5.78	RMSE: 11.66
Epoch 858	LOSS: 8.67	MAE: 5.78	RMSE: 11.67
Epoch 859	LOSS: 8.80	MAE: 5.78	RMSE: 11.67
Epoch 860	LOSS: 8.72	MAE: 5.78	RMSE: 11.68
Epoch 861	LOSS: 8.82	MAE: 5.78	RMSE: 11.67
Epoch 862	LOSS: 8.87	MAE: 5.78	RMSE: 11.67
Epoch 863	LOSS: 9.07	MAE: 5.78	RMSE: 11.67
Epoch 864	LOSS: 8.94	MAE: 5.78	RMSE: 11.67
Epoch 865	LOSS: 9.10	MAE: 5.78	RMSE: 11.67
Epoch 866	LOSS: 9.00	MAE: 5.78	RMSE: 11.67
Epoch 867	LOSS: 8.96	MAE: 5.78	RMSE: 11.67
Epoch 868	LOSS: 8.75	MAE: 5.78	RMSE: 11.67
Epoch 869	LOSS: 8.94	MAE: 5.78	RMSE: 11.67
Epoch 870	LOSS: 9.03	MAE: 5.78	RMSE: 11.66
Epoch 871	LOSS: 8.86	MAE: 5.78	RMSE: 11.66
Epoch 872	LOSS: 8.99	MAE: 5.78	RMSE: 11.66
Epoch 873	LOSS: 9.05	MAE: 5.77	RMSE: 11.66
Epoch 874	LOSS: 8.84	MAE: 5.77	RMSE: 11.66
Epoch 875	LOSS: 8.92	MAE: 5.77	RMSE: 11.66
Epoch 876	LOSS: 8.69	MAE: 5.77	RMSE: 11.66
Epoch 877	LOSS: 9.05	MAE: 5.77	RMSE: 11.66
Epoch 878	LOSS: 8.92	MAE: 5.77	RMSE: 11.66
Epoch 879	LOSS: 9.05	MAE: 5.77	RMSE: 11.66
Epoch 880	LOSS: 8.98	MAE: 5.77	RMSE: 11.66
Epoch 881	LOSS: 8.95	MAE: 5.77	RMSE: 11.66
Epoch 882	LOSS: 8.84	MAE: 5.77	RMSE: 11.66
Epoch 883	LOSS: 8.80	MAE: 5.77	RMSE: 11.66
Epoch 884	LOSS: 8.79	MAE: 5.77	RMSE: 11.66
Epoch 885	LOSS: 9.14	MAE: 5.77	RMSE: 11.67
Epoch 886	LOSS: 8.98	MAE: 5.78	RMSE: 11.67
Epoch 887	LOSS: 9.02	MAE: 5.78	RMSE: 11.67
Epoch 888	LOSS: 8.88	MAE: 5.78	RMSE: 11.67
Epoch 889	LOSS: 9.02	MAE: 5.77	RMSE: 11.66
Epoch 890	LOSS: 8.90	MAE: 5.77	RMSE: 11.66
Epoch 891	LOSS: 8.96	MAE: 5.77	RMSE: 11.66
Epoch 892	LOSS: 8.96	MAE: 5.78	RMSE: 11.65
Epoch 893	LOSS: 9.02	MAE: 5.78	RMSE: 11.67
Epoch 894	LOSS: 8.87	MAE: 5.78	RMSE: 11.68
Epoch 895	LOSS: 9.09	MAE: 5.78	RMSE: 11.68
Epoch 896	LOSS: 8.85	MAE: 5.78	RMSE: 11.66
Epoch 897	LOSS: 8.96	MAE: 5.78	RMSE: 11.66
Epoch 898	LOSS: 8.83	MAE: 5.78	RMSE: 11.66
Epoch 899	LOSS: 8.74	MAE: 5.78	RMSE: 11.67
Epoch 900	LOSS: 9.21	MAE: 5.78	RMSE: 11.66
Epoch 901	LOSS: 8.84	MAE: 5.78	RMSE: 11.66
Epoch 902	LOSS: 9.07	MAE: 5.78	RMSE: 11.66
Epoch 903	LOSS: 8.82	MAE: 5.78	RMSE: 11.67
Epoch 904	LOSS: 9.15	MAE: 5.78	RMSE: 11.67
Epoch 905	LOSS: 9.08	MAE: 5.78	RMSE: 11.67
Epoch 906	LOSS: 8.89	MAE: 5.77	RMSE: 11.66
Epoch 907	LOSS: 8.78	MAE: 5.77	RMSE: 11.65
Epoch 908	LOSS: 8.73	MAE: 5.77	RMSE: 11.65
Epoch 909	LOSS: 8.90	MAE: 5.77	RMSE: 11.65
Epoch 910	LOSS: 8.82	MAE: 5.77	RMSE: 11.66
Epoch 911	LOSS: 8.85	MAE: 5.78	RMSE: 11.66
Epoch 912	LOSS: 8.99	MAE: 5.78	RMSE: 11.67
Epoch 913	LOSS: 9.13	MAE: 5.78	RMSE: 11.67
Epoch 914	LOSS: 8.79	MAE: 5.78	RMSE: 11.67
Epoch 915	LOSS: 8.75	MAE: 5.78	RMSE: 11.67
Epoch 916	LOSS: 8.74	MAE: 5.78	RMSE: 11.67
Epoch 917	LOSS: 8.88	MAE: 5.78	RMSE: 11.67
Epoch 918	LOSS: 8.93	MAE: 5.78	RMSE: 11.67
Epoch 919	LOSS: 8.88	MAE: 5.78	RMSE: 11.67
Epoch 920	LOSS: 9.16	MAE: 5.78	RMSE: 11.68
Epoch 921	LOSS: 9.18	MAE: 5.78	RMSE: 11.68
Epoch 922	LOSS: 8.88	MAE: 5.78	RMSE: 11.68
Epoch 923	LOSS: 9.03	MAE: 5.78	RMSE: 11.67
Epoch 924	LOSS: 8.74	MAE: 5.78	RMSE: 11.67
Epoch 925	LOSS: 8.83	MAE: 5.78	RMSE: 11.67
Epoch 926	LOSS: 8.86	MAE: 5.78	RMSE: 11.66
Epoch 927	LOSS: 9.02	MAE: 5.78	RMSE: 11.67
Epoch 928	LOSS: 8.97	MAE: 5.78	RMSE: 11.67
Epoch 929	LOSS: 9.14	MAE: 5.78	RMSE: 11.67
Epoch 930	LOSS: 9.11	MAE: 5.78	RMSE: 11.66
Epoch 931	LOSS: 8.94	MAE: 5.77	RMSE: 11.66
Epoch 932	LOSS: 8.66	MAE: 5.77	RMSE: 11.66
Epoch 933	LOSS: 8.84	MAE: 5.77	RMSE: 11.66
Epoch 934	LOSS: 8.84	MAE: 5.78	RMSE: 11.66
Epoch 935	LOSS: 9.03	MAE: 5.78	RMSE: 11.66
Epoch 936	LOSS: 8.90	MAE: 5.78	RMSE: 11.67
Epoch 937	LOSS: 8.80	MAE: 5.78	RMSE: 11.67
Epoch 938	LOSS: 8.98	MAE: 5.78	RMSE: 11.67
Epoch 939	LOSS: 8.90	MAE: 5.78	RMSE: 11.67
Epoch 940	LOSS: 8.95	MAE: 5.78	RMSE: 11.68
Epoch 941	LOSS: 8.99	MAE: 5.78	RMSE: 11.67
Epoch 942	LOSS: 8.93	MAE: 5.78	RMSE: 11.67
Epoch 943	LOSS: 8.90	MAE: 5.78	RMSE: 11.67
Epoch 944	LOSS: 9.06	MAE: 5.77	RMSE: 11.66
Epoch 945	LOSS: 8.95	MAE: 5.78	RMSE: 11.66
Epoch 946	LOSS: 9.07	MAE: 5.77	RMSE: 11.66
Epoch 947	LOSS: 8.65	MAE: 5.78	RMSE: 11.66
Epoch 948	LOSS: 8.86	MAE: 5.77	RMSE: 11.66
Epoch 949	LOSS: 8.77	MAE: 5.77	RMSE: 11.66
Epoch 950	LOSS: 8.75	MAE: 5.77	RMSE: 11.66
Epoch 951	LOSS: 8.97	MAE: 5.77	RMSE: 11.66
Epoch 952	LOSS: 8.64	MAE: 5.77	RMSE: 11.66
Epoch 953	LOSS: 8.91	MAE: 5.77	RMSE: 11.66
Epoch 954	LOSS: 8.84	MAE: 5.77	RMSE: 11.65
Epoch 955	LOSS: 8.94	MAE: 5.77	RMSE: 11.66
Epoch 956	LOSS: 8.90	MAE: 5.77	RMSE: 11.66
Epoch 957	LOSS: 8.90	MAE: 5.77	RMSE: 11.66
Epoch 958	LOSS: 9.00	MAE: 5.78	RMSE: 11.66
Epoch 959	LOSS: 8.90	MAE: 5.78	RMSE: 11.66
Epoch 960	LOSS: 8.73	MAE: 5.78	RMSE: 11.66
Epoch 961	LOSS: 8.97	MAE: 5.77	RMSE: 11.66
Epoch 962	LOSS: 8.96	MAE: 5.77	RMSE: 11.65
Epoch 963	LOSS: 8.97	MAE: 5.77	RMSE: 11.66
Epoch 964	LOSS: 8.87	MAE: 5.78	RMSE: 11.66
Epoch 965	LOSS: 8.81	MAE: 5.78	RMSE: 11.67
Epoch 966	LOSS: 8.97	MAE: 5.78	RMSE: 11.67
Epoch 967	LOSS: 8.92	MAE: 5.78	RMSE: 11.67
Epoch 968	LOSS: 8.75	MAE: 5.77	RMSE: 11.66
Epoch 969	LOSS: 8.97	MAE: 5.77	RMSE: 11.65
Epoch 970	LOSS: 8.87	MAE: 5.77	RMSE: 11.66
Epoch 971	LOSS: 8.96	MAE: 5.78	RMSE: 11.66
Epoch 972	LOSS: 8.72	MAE: 5.78	RMSE: 11.66
Epoch 973	LOSS: 8.84	MAE: 5.78	RMSE: 11.66
Epoch 974	LOSS: 8.96	MAE: 5.77	RMSE: 11.66
Epoch 975	LOSS: 9.04	MAE: 5.78	RMSE: 11.66
Epoch 976	LOSS: 8.75	MAE: 5.78	RMSE: 11.67
Epoch 977	LOSS: 8.98	MAE: 5.78	RMSE: 11.67
Epoch 978	LOSS: 8.89	MAE: 5.78	RMSE: 11.67
Epoch 979	LOSS: 8.85	MAE: 5.78	RMSE: 11.68
Epoch 980	LOSS: 8.79	MAE: 5.78	RMSE: 11.67
Epoch 981	LOSS: 9.20	MAE: 5.77	RMSE: 11.66
Epoch 982	LOSS: 8.91	MAE: 5.77	RMSE: 11.66
Epoch 983	LOSS: 9.01	MAE: 5.77	RMSE: 11.66
Epoch 984	LOSS: 8.93	MAE: 5.77	RMSE: 11.66
Epoch 985	LOSS: 8.74	MAE: 5.78	RMSE: 11.66
Epoch 986	LOSS: 8.73	MAE: 5.77	RMSE: 11.66
Epoch 987	LOSS: 9.00	MAE: 5.77	RMSE: 11.66
Epoch 988	LOSS: 8.96	MAE: 5.77	RMSE: 11.66
Epoch 989	LOSS: 8.83	MAE: 5.77	RMSE: 11.65
Epoch 990	LOSS: 8.90	MAE: 5.77	RMSE: 11.65
Epoch 991	LOSS: 8.93	MAE: 5.78	RMSE: 11.66
Epoch 992	LOSS: 9.06	MAE: 5.78	RMSE: 11.66
Epoch 993	LOSS: 9.03	MAE: 5.78	RMSE: 11.67
Epoch 994	LOSS: 8.64	MAE: 5.77	RMSE: 11.66
Epoch 995	LOSS: 8.84	MAE: 5.77	RMSE: 11.66
Epoch 996	LOSS: 8.78	MAE: 5.78	RMSE: 11.67
Epoch 997	LOSS: 8.77	MAE: 5.78	RMSE: 11.66
Epoch 998	LOSS: 9.01	MAE: 5.77	RMSE: 11.66
Epoch 999	LOSS: 9.17	MAE: 5.77	RMSE: 11.66
