Epoch 000	LOSS: 1207.81	MAE: 201.31	RMSE: 250.80
Epoch 001	LOSS: 1068.83	MAE: 184.42	RMSE: 235.17
Epoch 002	LOSS: 1054.75	MAE: 170.98	RMSE: 220.32
Epoch 003	LOSS: 1010.65	MAE: 161.44	RMSE: 208.64
Epoch 004	LOSS: 967.19	MAE: 156.01	RMSE: 202.51
Epoch 005	LOSS: 920.58	MAE: 155.82	RMSE: 201.95
Epoch 006	LOSS: 880.99	MAE: 153.06	RMSE: 199.29
Epoch 007	LOSS: 862.04	MAE: 147.91	RMSE: 194.64
Epoch 008	LOSS: 837.15	MAE: 144.52	RMSE: 191.73
Epoch 009	LOSS: 835.32	MAE: 142.96	RMSE: 190.32
Epoch 010	LOSS: 815.47	MAE: 141.71	RMSE: 189.52
Epoch 011	LOSS: 822.11	MAE: 140.98	RMSE: 189.10
Epoch 012	LOSS: 792.01	MAE: 140.68	RMSE: 188.80
Epoch 013	LOSS: 784.94	MAE: 139.41	RMSE: 187.44
Epoch 014	LOSS: 775.48	MAE: 137.48	RMSE: 185.59
Epoch 015	LOSS: 773.85	MAE: 137.57	RMSE: 185.40
Epoch 016	LOSS: 763.38	MAE: 137.79	RMSE: 186.02
Epoch 017	LOSS: 761.07	MAE: 136.83	RMSE: 185.11
Epoch 018	LOSS: 754.87	MAE: 135.54	RMSE: 183.66
Epoch 019	LOSS: 753.24	MAE: 134.86	RMSE: 183.00
Epoch 020	LOSS: 751.06	MAE: 134.73	RMSE: 182.72
Epoch 021	LOSS: 746.95	MAE: 134.68	RMSE: 182.64
Epoch 022	LOSS: 741.77	MAE: 133.87	RMSE: 181.85
Epoch 023	LOSS: 735.35	MAE: 133.38	RMSE: 181.23
Epoch 024	LOSS: 725.13	MAE: 133.47	RMSE: 181.15
Epoch 025	LOSS: 718.89	MAE: 133.00	RMSE: 181.05
Epoch 026	LOSS: 714.41	MAE: 131.82	RMSE: 179.77
Epoch 027	LOSS: 727.31	MAE: 131.72	RMSE: 179.13
Epoch 028	LOSS: 715.23	MAE: 131.48	RMSE: 179.23
Epoch 029	LOSS: 699.74	MAE: 130.69	RMSE: 178.38
Epoch 030	LOSS: 712.49	MAE: 130.27	RMSE: 177.81
Epoch 031	LOSS: 705.89	MAE: 129.91	RMSE: 177.24
Epoch 032	LOSS: 692.87	MAE: 129.80	RMSE: 177.17
Epoch 033	LOSS: 698.03	MAE: 128.77	RMSE: 176.15
Epoch 034	LOSS: 704.93	MAE: 128.17	RMSE: 175.30
Epoch 035	LOSS: 688.37	MAE: 128.44	RMSE: 175.53
Epoch 036	LOSS: 692.33	MAE: 127.02	RMSE: 174.07
Epoch 037	LOSS: 693.76	MAE: 126.85	RMSE: 173.58
Epoch 038	LOSS: 685.48	MAE: 126.50	RMSE: 173.37
Epoch 039	LOSS: 684.95	MAE: 125.40	RMSE: 171.99
Epoch 040	LOSS: 678.93	MAE: 125.41	RMSE: 171.78
Epoch 041	LOSS: 677.52	MAE: 124.55	RMSE: 170.82
Epoch 042	LOSS: 664.13	MAE: 124.04	RMSE: 170.33
Epoch 043	LOSS: 675.85	MAE: 123.88	RMSE: 169.87
Epoch 044	LOSS: 666.14	MAE: 122.92	RMSE: 168.86
Epoch 045	LOSS: 667.50	MAE: 122.75	RMSE: 168.54
Epoch 046	LOSS: 664.45	MAE: 121.87	RMSE: 167.49
Epoch 047	LOSS: 663.81	MAE: 121.50	RMSE: 167.07
Epoch 048	LOSS: 658.27	MAE: 120.76	RMSE: 166.15
Epoch 049	LOSS: 661.30	MAE: 120.43	RMSE: 165.73
Epoch 050	LOSS: 655.95	MAE: 120.12	RMSE: 165.28
Epoch 051	LOSS: 657.29	MAE: 119.18	RMSE: 164.13
Epoch 052	LOSS: 657.10	MAE: 118.93	RMSE: 163.90
Epoch 053	LOSS: 648.70	MAE: 118.72	RMSE: 163.45
Epoch 054	LOSS: 658.73	MAE: 117.26	RMSE: 161.91
Epoch 055	LOSS: 644.22	MAE: 117.75	RMSE: 162.13
Epoch 056	LOSS: 656.72	MAE: 116.88	RMSE: 161.39
Epoch 057	LOSS: 652.66	MAE: 115.87	RMSE: 160.10
Epoch 058	LOSS: 651.99	MAE: 116.48	RMSE: 160.54
Epoch 059	LOSS: 649.21	MAE: 115.27	RMSE: 159.33
Epoch 060	LOSS: 645.86	MAE: 114.40	RMSE: 158.37
Epoch 061	LOSS: 638.49	MAE: 114.75	RMSE: 158.57
Epoch 062	LOSS: 644.14	MAE: 113.58	RMSE: 157.26
Epoch 063	LOSS: 647.38	MAE: 113.40	RMSE: 157.11
Epoch 064	LOSS: 642.95	MAE: 112.74	RMSE: 156.16
Epoch 065	LOSS: 642.86	MAE: 112.91	RMSE: 156.31
Epoch 066	LOSS: 650.12	MAE: 111.79	RMSE: 155.13
Epoch 067	LOSS: 640.34	MAE: 111.84	RMSE: 155.04
Epoch 068	LOSS: 641.48	MAE: 111.08	RMSE: 154.18
Epoch 069	LOSS: 631.42	MAE: 110.95	RMSE: 154.03
Epoch 070	LOSS: 632.72	MAE: 110.31	RMSE: 153.28
Epoch 071	LOSS: 632.80	MAE: 109.99	RMSE: 152.92
Epoch 072	LOSS: 628.48	MAE: 109.99	RMSE: 152.82
Epoch 073	LOSS: 618.59	MAE: 109.12	RMSE: 151.86
Epoch 074	LOSS: 633.11	MAE: 109.23	RMSE: 151.88
Epoch 075	LOSS: 634.97	MAE: 108.53	RMSE: 151.06
Epoch 076	LOSS: 623.00	MAE: 108.30	RMSE: 150.81
Epoch 077	LOSS: 635.59	MAE: 108.08	RMSE: 150.66
Epoch 078	LOSS: 624.31	MAE: 107.50	RMSE: 149.82
Epoch 079	LOSS: 627.91	MAE: 107.71	RMSE: 150.10
Epoch 080	LOSS: 639.85	MAE: 106.84	RMSE: 149.15
Epoch 081	LOSS: 614.18	MAE: 106.62	RMSE: 148.96
Epoch 082	LOSS: 621.35	MAE: 106.46	RMSE: 148.61
Epoch 083	LOSS: 622.09	MAE: 106.23	RMSE: 148.38
Epoch 084	LOSS: 629.57	MAE: 105.86	RMSE: 148.02
Epoch 085	LOSS: 622.55	MAE: 105.65	RMSE: 147.66
Epoch 086	LOSS: 621.37	MAE: 105.26	RMSE: 147.32
Epoch 087	LOSS: 630.01	MAE: 105.13	RMSE: 147.05
Epoch 088	LOSS: 619.21	MAE: 104.88	RMSE: 146.87
Epoch 089	LOSS: 620.53	MAE: 104.35	RMSE: 146.12
Epoch 090	LOSS: 624.24	MAE: 104.30	RMSE: 146.19
Epoch 091	LOSS: 622.83	MAE: 104.26	RMSE: 145.94
Epoch 092	LOSS: 618.45	MAE: 103.58	RMSE: 145.37
Epoch 093	LOSS: 622.06	MAE: 103.77	RMSE: 145.47
Epoch 094	LOSS: 625.64	MAE: 103.38	RMSE: 145.07
Epoch 095	LOSS: 626.21	MAE: 102.79	RMSE: 144.33
Epoch 096	LOSS: 619.53	MAE: 103.09	RMSE: 144.68
Epoch 097	LOSS: 620.07	MAE: 102.09	RMSE: 143.59
Epoch 098	LOSS: 615.91	MAE: 102.52	RMSE: 143.99
Epoch 099	LOSS: 620.98	MAE: 101.97	RMSE: 143.48
Epoch 100	LOSS: 605.18	MAE: 101.70	RMSE: 143.03
Epoch 101	LOSS: 611.40	MAE: 101.78	RMSE: 143.23
Epoch 102	LOSS: 607.50	MAE: 101.01	RMSE: 142.27
Epoch 103	LOSS: 603.26	MAE: 101.30	RMSE: 142.66
Epoch 104	LOSS: 616.74	MAE: 100.49	RMSE: 141.72
Epoch 105	LOSS: 603.31	MAE: 100.68	RMSE: 141.87
Epoch 106	LOSS: 607.97	MAE: 100.25	RMSE: 141.50
Epoch 107	LOSS: 612.42	MAE: 99.93	RMSE: 141.20
Epoch 108	LOSS: 615.44	MAE: 99.88	RMSE: 140.91
Epoch 109	LOSS: 606.06	MAE: 99.58	RMSE: 140.67
Epoch 110	LOSS: 609.18	MAE: 99.61	RMSE: 140.71
Epoch 111	LOSS: 609.72	MAE: 99.20	RMSE: 140.14
Epoch 112	LOSS: 610.95	MAE: 99.16	RMSE: 140.20
Epoch 113	LOSS: 610.19	MAE: 98.96	RMSE: 139.94
Epoch 114	LOSS: 604.30	MAE: 98.29	RMSE: 139.22
Epoch 115	LOSS: 607.80	MAE: 98.72	RMSE: 139.57
Epoch 116	LOSS: 607.21	MAE: 98.07	RMSE: 138.96
Epoch 117	LOSS: 612.16	MAE: 97.98	RMSE: 138.76
Epoch 118	LOSS: 608.81	MAE: 97.94	RMSE: 138.80
Epoch 119	LOSS: 598.74	MAE: 97.50	RMSE: 138.25
Epoch 120	LOSS: 598.85	MAE: 97.50	RMSE: 138.18
Epoch 121	LOSS: 604.72	MAE: 96.76	RMSE: 137.45
Epoch 122	LOSS: 600.83	MAE: 97.38	RMSE: 138.11
Epoch 123	LOSS: 611.71	MAE: 96.96	RMSE: 137.60
Epoch 124	LOSS: 612.92	MAE: 96.68	RMSE: 137.38
Epoch 125	LOSS: 602.77	MAE: 96.28	RMSE: 136.80
Epoch 126	LOSS: 601.63	MAE: 96.61	RMSE: 137.21
Epoch 127	LOSS: 597.96	MAE: 96.00	RMSE: 136.60
Epoch 128	LOSS: 594.02	MAE: 96.16	RMSE: 136.65
Epoch 129	LOSS: 604.77	MAE: 95.86	RMSE: 136.43
Epoch 130	LOSS: 605.27	MAE: 95.60	RMSE: 135.97
Epoch 131	LOSS: 596.64	MAE: 95.60	RMSE: 136.17
Epoch 132	LOSS: 599.58	MAE: 95.23	RMSE: 135.54
Epoch 133	LOSS: 599.80	MAE: 94.98	RMSE: 135.30
Epoch 134	LOSS: 594.43	MAE: 94.96	RMSE: 135.33
Epoch 135	LOSS: 589.52	MAE: 94.51	RMSE: 134.84
Epoch 136	LOSS: 604.37	MAE: 94.76	RMSE: 134.95
Epoch 137	LOSS: 596.16	MAE: 94.35	RMSE: 134.61
Epoch 138	LOSS: 596.77	MAE: 94.12	RMSE: 134.29
Epoch 139	LOSS: 593.92	MAE: 93.90	RMSE: 134.04
Epoch 140	LOSS: 602.86	MAE: 93.79	RMSE: 133.92
Epoch 141	LOSS: 592.05	MAE: 93.69	RMSE: 133.87
Epoch 142	LOSS: 603.83	MAE: 93.44	RMSE: 133.41
Epoch 143	LOSS: 595.03	MAE: 93.19	RMSE: 133.31
Epoch 144	LOSS: 598.52	MAE: 93.37	RMSE: 133.37
Epoch 145	LOSS: 592.64	MAE: 92.71	RMSE: 132.76
Epoch 146	LOSS: 589.11	MAE: 92.82	RMSE: 132.82
Epoch 147	LOSS: 589.75	MAE: 92.57	RMSE: 132.59
Epoch 148	LOSS: 595.51	MAE: 92.74	RMSE: 132.73
Epoch 149	LOSS: 590.89	MAE: 92.14	RMSE: 131.98
Epoch 150	LOSS: 583.74	MAE: 92.51	RMSE: 132.51
Epoch 151	LOSS: 592.95	MAE: 91.76	RMSE: 131.69
Epoch 152	LOSS: 598.08	MAE: 91.82	RMSE: 131.65
Epoch 153	LOSS: 591.26	MAE: 91.60	RMSE: 131.38
Epoch 154	LOSS: 593.51	MAE: 91.62	RMSE: 131.56
Epoch 155	LOSS: 585.13	MAE: 91.11	RMSE: 130.84
Epoch 156	LOSS: 597.35	MAE: 91.59	RMSE: 131.40
Epoch 157	LOSS: 596.56	MAE: 90.91	RMSE: 130.66
Epoch 158	LOSS: 589.05	MAE: 91.25	RMSE: 130.99
Epoch 159	LOSS: 596.00	MAE: 90.31	RMSE: 130.01
Epoch 160	LOSS: 585.19	MAE: 90.91	RMSE: 130.69
Epoch 161	LOSS: 591.51	MAE: 90.47	RMSE: 130.07
Epoch 162	LOSS: 591.31	MAE: 90.17	RMSE: 129.84
Epoch 163	LOSS: 578.90	MAE: 90.39	RMSE: 130.06
Epoch 164	LOSS: 592.44	MAE: 89.89	RMSE: 129.49
Epoch 165	LOSS: 588.05	MAE: 90.08	RMSE: 129.69
Epoch 166	LOSS: 588.79	MAE: 89.65	RMSE: 129.14
Epoch 167	LOSS: 592.39	MAE: 89.85	RMSE: 129.38
Epoch 168	LOSS: 599.11	MAE: 89.20	RMSE: 128.73
Epoch 169	LOSS: 583.84	MAE: 89.55	RMSE: 128.97
Epoch 170	LOSS: 587.29	MAE: 89.37	RMSE: 128.84
Epoch 171	LOSS: 588.70	MAE: 88.80	RMSE: 128.29
Epoch 172	LOSS: 586.39	MAE: 89.09	RMSE: 128.48
Epoch 173	LOSS: 585.67	MAE: 88.85	RMSE: 128.37
Epoch 174	LOSS: 589.41	MAE: 88.71	RMSE: 128.04
Epoch 175	LOSS: 593.46	MAE: 88.59	RMSE: 128.04
Epoch 176	LOSS: 591.08	MAE: 88.31	RMSE: 127.60
Epoch 177	LOSS: 596.42	MAE: 88.25	RMSE: 127.65
Epoch 178	LOSS: 592.46	MAE: 88.43	RMSE: 127.72
Epoch 179	LOSS: 589.39	MAE: 88.09	RMSE: 127.41
Epoch 180	LOSS: 585.93	MAE: 87.63	RMSE: 126.86
Epoch 181	LOSS: 592.77	MAE: 88.15	RMSE: 127.44
Epoch 182	LOSS: 580.92	MAE: 87.54	RMSE: 126.72
Epoch 183	LOSS: 586.84	MAE: 87.71	RMSE: 126.94
Epoch 184	LOSS: 585.23	MAE: 87.41	RMSE: 126.61
Epoch 185	LOSS: 580.91	MAE: 87.10	RMSE: 126.18
Epoch 186	LOSS: 583.66	MAE: 87.79	RMSE: 126.99
Epoch 187	LOSS: 585.36	MAE: 86.41	RMSE: 125.48
Epoch 188	LOSS: 586.55	MAE: 87.11	RMSE: 126.30
Epoch 189	LOSS: 589.61	MAE: 86.81	RMSE: 125.77
Epoch 190	LOSS: 584.64	MAE: 86.27	RMSE: 125.36
Epoch 191	LOSS: 589.18	MAE: 86.56	RMSE: 125.56
Epoch 192	LOSS: 583.89	MAE: 86.14	RMSE: 125.14
Epoch 193	LOSS: 575.43	MAE: 86.43	RMSE: 125.39
Epoch 194	LOSS: 591.26	MAE: 85.88	RMSE: 124.75
Epoch 195	LOSS: 581.24	MAE: 86.05	RMSE: 125.07
Epoch 196	LOSS: 585.81	MAE: 85.91	RMSE: 124.71
Epoch 197	LOSS: 584.22	MAE: 85.64	RMSE: 124.62
Epoch 198	LOSS: 586.74	MAE: 85.63	RMSE: 124.41
Epoch 199	LOSS: 586.13	MAE: 85.73	RMSE: 124.67
Epoch 200	LOSS: 585.17	MAE: 85.34	RMSE: 124.24
Epoch 201	LOSS: 581.66	MAE: 85.36	RMSE: 124.13
Epoch 202	LOSS: 581.36	MAE: 85.05	RMSE: 124.03
Epoch 203	LOSS: 578.44	MAE: 84.81	RMSE: 123.54
Epoch 204	LOSS: 583.30	MAE: 84.76	RMSE: 123.59
Epoch 205	LOSS: 582.75	MAE: 84.38	RMSE: 123.06
Epoch 206	LOSS: 578.23	MAE: 84.84	RMSE: 123.74
Epoch 207	LOSS: 578.32	MAE: 84.22	RMSE: 122.87
Epoch 208	LOSS: 580.74	MAE: 84.10	RMSE: 122.94
Epoch 209	LOSS: 578.62	MAE: 84.46	RMSE: 123.01
Epoch 210	LOSS: 578.20	MAE: 84.31	RMSE: 123.16
Epoch 211	LOSS: 582.26	MAE: 83.56	RMSE: 122.08
Epoch 212	LOSS: 576.66	MAE: 84.37	RMSE: 123.10
Epoch 213	LOSS: 567.18	MAE: 83.64	RMSE: 122.28
Epoch 214	LOSS: 571.66	MAE: 83.78	RMSE: 122.35
Epoch 215	LOSS: 576.22	MAE: 83.20	RMSE: 121.93
Epoch 216	LOSS: 577.89	MAE: 83.61	RMSE: 122.07
Epoch 217	LOSS: 583.27	MAE: 83.00	RMSE: 121.50
Epoch 218	LOSS: 570.26	MAE: 83.76	RMSE: 122.31
Epoch 219	LOSS: 575.14	MAE: 82.49	RMSE: 120.90
Epoch 220	LOSS: 578.81	MAE: 83.23	RMSE: 121.80
Epoch 221	LOSS: 580.21	MAE: 82.65	RMSE: 121.13
Epoch 222	LOSS: 571.41	MAE: 82.71	RMSE: 121.12
Epoch 223	LOSS: 575.92	MAE: 82.24	RMSE: 120.77
Epoch 224	LOSS: 576.79	MAE: 82.43	RMSE: 120.80
Epoch 225	LOSS: 578.99	MAE: 82.08	RMSE: 120.38
Epoch 226	LOSS: 571.69	MAE: 81.89	RMSE: 120.27
Epoch 227	LOSS: 571.47	MAE: 82.35	RMSE: 120.65
Epoch 228	LOSS: 572.72	MAE: 82.07	RMSE: 120.43
Epoch 229	LOSS: 574.75	MAE: 81.69	RMSE: 119.86
Epoch 230	LOSS: 573.36	MAE: 81.56	RMSE: 119.94
Epoch 231	LOSS: 569.75	MAE: 81.70	RMSE: 120.08
Epoch 232	LOSS: 573.68	MAE: 81.06	RMSE: 119.13
Epoch 233	LOSS: 566.48	MAE: 81.63	RMSE: 119.99
Epoch 234	LOSS: 578.87	MAE: 80.51	RMSE: 118.71
Epoch 235	LOSS: 576.80	MAE: 81.64	RMSE: 119.87
Epoch 236	LOSS: 575.42	MAE: 80.51	RMSE: 118.66
Epoch 237	LOSS: 566.72	MAE: 81.04	RMSE: 119.15
Epoch 238	LOSS: 576.39	MAE: 80.54	RMSE: 118.66
Epoch 239	LOSS: 569.88	MAE: 80.67	RMSE: 118.82
Epoch 240	LOSS: 568.24	MAE: 80.36	RMSE: 118.51
Epoch 241	LOSS: 581.10	MAE: 80.14	RMSE: 118.18
Epoch 242	LOSS: 570.81	MAE: 80.68	RMSE: 118.79
Epoch 243	LOSS: 580.42	MAE: 80.03	RMSE: 117.89
Epoch 244	LOSS: 574.18	MAE: 80.13	RMSE: 118.26
Epoch 245	LOSS: 560.45	MAE: 80.01	RMSE: 117.97
Epoch 246	LOSS: 575.06	MAE: 79.52	RMSE: 117.51
Epoch 247	LOSS: 572.43	MAE: 80.18	RMSE: 118.26
Epoch 248	LOSS: 568.33	MAE: 79.47	RMSE: 117.35
Epoch 249	LOSS: 571.74	MAE: 79.76	RMSE: 117.98
Epoch 250	LOSS: 567.99	MAE: 79.15	RMSE: 116.96
Epoch 251	LOSS: 569.55	MAE: 79.72	RMSE: 117.83
Epoch 252	LOSS: 565.51	MAE: 79.15	RMSE: 117.06
Epoch 253	LOSS: 570.91	MAE: 78.84	RMSE: 116.71
Epoch 254	LOSS: 565.65	MAE: 79.34	RMSE: 117.22
Epoch 255	LOSS: 555.69	MAE: 79.08	RMSE: 116.97
Epoch 256	LOSS: 560.18	MAE: 78.78	RMSE: 116.56
Epoch 257	LOSS: 571.46	MAE: 78.93	RMSE: 116.88
Epoch 258	LOSS: 567.06	MAE: 78.76	RMSE: 116.46
Epoch 259	LOSS: 567.58	MAE: 78.56	RMSE: 116.46
Epoch 260	LOSS: 569.99	MAE: 78.41	RMSE: 116.08
Epoch 261	LOSS: 569.70	MAE: 78.38	RMSE: 116.29
Epoch 262	LOSS: 564.28	MAE: 78.33	RMSE: 115.98
Epoch 263	LOSS: 563.64	MAE: 78.39	RMSE: 116.24
Epoch 264	LOSS: 565.27	MAE: 78.13	RMSE: 115.68
Epoch 265	LOSS: 558.53	MAE: 77.92	RMSE: 115.68
Epoch 266	LOSS: 557.17	MAE: 77.60	RMSE: 115.21
Epoch 267	LOSS: 563.20	MAE: 77.62	RMSE: 115.21
Epoch 268	LOSS: 559.51	MAE: 77.78	RMSE: 115.42
Epoch 269	LOSS: 569.26	MAE: 77.62	RMSE: 115.06
Epoch 270	LOSS: 562.22	MAE: 77.22	RMSE: 114.81
Epoch 271	LOSS: 566.79	MAE: 77.37	RMSE: 114.78
Epoch 272	LOSS: 572.42	MAE: 77.15	RMSE: 114.73
Epoch 273	LOSS: 566.04	MAE: 76.97	RMSE: 114.41
Epoch 274	LOSS: 562.46	MAE: 77.38	RMSE: 114.82
Epoch 275	LOSS: 562.52	MAE: 76.56	RMSE: 114.11
Epoch 276	LOSS: 554.16	MAE: 76.93	RMSE: 114.29
Epoch 277	LOSS: 564.89	MAE: 76.58	RMSE: 114.05
Epoch 278	LOSS: 556.73	MAE: 76.72	RMSE: 114.08
Epoch 279	LOSS: 553.26	MAE: 76.62	RMSE: 113.91
Epoch 280	LOSS: 555.10	MAE: 76.43	RMSE: 113.88
Epoch 281	LOSS: 560.62	MAE: 76.74	RMSE: 114.19
Epoch 282	LOSS: 561.71	MAE: 75.80	RMSE: 113.16
Epoch 283	LOSS: 559.51	MAE: 76.67	RMSE: 113.98
Epoch 284	LOSS: 569.75	MAE: 75.96	RMSE: 113.23
Epoch 285	LOSS: 567.94	MAE: 76.11	RMSE: 113.41
Epoch 286	LOSS: 560.94	MAE: 75.72	RMSE: 112.97
Epoch 287	LOSS: 554.17	MAE: 75.92	RMSE: 113.10
Epoch 288	LOSS: 557.59	MAE: 75.84	RMSE: 113.07
Epoch 289	LOSS: 558.45	MAE: 75.73	RMSE: 112.92
Epoch 290	LOSS: 559.00	MAE: 75.58	RMSE: 112.83
Epoch 291	LOSS: 558.27	MAE: 75.49	RMSE: 112.71
Epoch 292	LOSS: 559.00	MAE: 75.60	RMSE: 112.77
Epoch 293	LOSS: 561.56	MAE: 75.15	RMSE: 112.37
Epoch 294	LOSS: 558.20	MAE: 75.18	RMSE: 112.19
Epoch 295	LOSS: 561.97	MAE: 75.39	RMSE: 112.56
Epoch 296	LOSS: 571.22	MAE: 74.61	RMSE: 111.55
Epoch 297	LOSS: 557.11	MAE: 75.54	RMSE: 112.74
Epoch 298	LOSS: 563.30	MAE: 74.49	RMSE: 111.46
Epoch 299	LOSS: 555.04	MAE: 75.02	RMSE: 112.13
Epoch 300	LOSS: 554.44	MAE: 74.98	RMSE: 112.10
Epoch 301	LOSS: 554.92	MAE: 74.62	RMSE: 111.63
Epoch 302	LOSS: 551.74	MAE: 74.26	RMSE: 111.25
Epoch 303	LOSS: 553.11	MAE: 74.50	RMSE: 111.41
Epoch 304	LOSS: 560.10	MAE: 74.90	RMSE: 111.86
Epoch 305	LOSS: 558.08	MAE: 74.06	RMSE: 110.95
Epoch 306	LOSS: 557.01	MAE: 74.34	RMSE: 111.39
Epoch 307	LOSS: 559.41	MAE: 73.99	RMSE: 110.81
Epoch 308	LOSS: 555.39	MAE: 74.35	RMSE: 111.23
Epoch 309	LOSS: 554.63	MAE: 74.01	RMSE: 110.95
Epoch 310	LOSS: 555.47	MAE: 74.06	RMSE: 110.74
Epoch 311	LOSS: 550.35	MAE: 74.04	RMSE: 111.01
Epoch 312	LOSS: 559.58	MAE: 73.99	RMSE: 110.81
Epoch 313	LOSS: 559.59	MAE: 73.90	RMSE: 110.72
Epoch 314	LOSS: 553.20	MAE: 73.73	RMSE: 110.45
Epoch 315	LOSS: 557.22	MAE: 73.80	RMSE: 110.69
Epoch 316	LOSS: 556.31	MAE: 73.60	RMSE: 110.25
Epoch 317	LOSS: 561.49	MAE: 73.77	RMSE: 110.53
Epoch 318	LOSS: 549.51	MAE: 73.33	RMSE: 109.99
Epoch 319	LOSS: 552.31	MAE: 73.51	RMSE: 110.29
Epoch 320	LOSS: 549.22	MAE: 73.26	RMSE: 109.82
Epoch 321	LOSS: 554.41	MAE: 73.55	RMSE: 110.36
Epoch 322	LOSS: 549.75	MAE: 73.03	RMSE: 109.55
Epoch 323	LOSS: 555.15	MAE: 73.00	RMSE: 109.72
Epoch 324	LOSS: 551.68	MAE: 72.70	RMSE: 109.26
Epoch 325	LOSS: 542.53	MAE: 73.01	RMSE: 109.68
Epoch 326	LOSS: 547.63	MAE: 72.52	RMSE: 109.03
Epoch 327	LOSS: 554.73	MAE: 72.92	RMSE: 109.54
Epoch 328	LOSS: 554.48	MAE: 72.45	RMSE: 108.87
Epoch 329	LOSS: 542.40	MAE: 72.78	RMSE: 109.43
Epoch 330	LOSS: 553.31	MAE: 72.40	RMSE: 108.91
Epoch 331	LOSS: 547.95	MAE: 72.47	RMSE: 108.91
Epoch 332	LOSS: 550.96	MAE: 72.20	RMSE: 108.73
Epoch 333	LOSS: 552.73	MAE: 72.67	RMSE: 109.10
Epoch 334	LOSS: 551.71	MAE: 71.52	RMSE: 107.83
Epoch 335	LOSS: 547.26	MAE: 72.70	RMSE: 109.19
Epoch 336	LOSS: 540.76	MAE: 71.65	RMSE: 107.91
Epoch 337	LOSS: 552.66	MAE: 72.26	RMSE: 108.77
Epoch 338	LOSS: 555.68	MAE: 71.56	RMSE: 107.89
Epoch 339	LOSS: 540.53	MAE: 72.37	RMSE: 108.73
Epoch 340	LOSS: 547.19	MAE: 71.23	RMSE: 107.50
Epoch 341	LOSS: 540.10	MAE: 72.12	RMSE: 108.59
Epoch 342	LOSS: 540.48	MAE: 71.48	RMSE: 107.77
Epoch 343	LOSS: 543.30	MAE: 71.61	RMSE: 107.94
Epoch 344	LOSS: 545.66	MAE: 71.69	RMSE: 107.98
Epoch 345	LOSS: 544.78	MAE: 71.46	RMSE: 107.75
Epoch 346	LOSS: 541.59	MAE: 71.64	RMSE: 107.89
Epoch 347	LOSS: 537.95	MAE: 71.18	RMSE: 107.37
Epoch 348	LOSS: 543.49	MAE: 71.45	RMSE: 107.72
Epoch 349	LOSS: 544.76	MAE: 71.32	RMSE: 107.56
Epoch 350	LOSS: 551.72	MAE: 71.03	RMSE: 107.18
Epoch 351	LOSS: 548.52	MAE: 71.19	RMSE: 107.36
Epoch 352	LOSS: 550.45	MAE: 70.91	RMSE: 107.04
Epoch 353	LOSS: 538.07	MAE: 71.13	RMSE: 107.41
Epoch 354	LOSS: 539.99	MAE: 70.93	RMSE: 106.92
Epoch 355	LOSS: 553.81	MAE: 71.18	RMSE: 107.38
Epoch 356	LOSS: 532.14	MAE: 70.29	RMSE: 106.28
Epoch 357	LOSS: 534.77	MAE: 71.43	RMSE: 107.56
Epoch 358	LOSS: 536.44	MAE: 70.17	RMSE: 106.14
Epoch 359	LOSS: 542.56	MAE: 71.26	RMSE: 107.38
Epoch 360	LOSS: 548.25	MAE: 70.22	RMSE: 106.15
Epoch 361	LOSS: 536.30	MAE: 71.23	RMSE: 107.26
Epoch 362	LOSS: 540.48	MAE: 70.67	RMSE: 106.80
Epoch 363	LOSS: 543.34	MAE: 70.46	RMSE: 106.30
Epoch 364	LOSS: 544.40	MAE: 70.25	RMSE: 106.20
Epoch 365	LOSS: 540.07	MAE: 70.17	RMSE: 106.17
Epoch 366	LOSS: 543.93	MAE: 70.30	RMSE: 105.97
Epoch 367	LOSS: 537.81	MAE: 69.91	RMSE: 105.83
Epoch 368	LOSS: 548.29	MAE: 70.82	RMSE: 106.70
Epoch 369	LOSS: 539.85	MAE: 69.81	RMSE: 105.58
Epoch 370	LOSS: 539.19	MAE: 70.22	RMSE: 105.97
Epoch 371	LOSS: 533.77	MAE: 70.26	RMSE: 106.11
Epoch 372	LOSS: 536.86	MAE: 69.31	RMSE: 104.87
Epoch 373	LOSS: 540.07	MAE: 70.28	RMSE: 105.99
Epoch 374	LOSS: 540.84	MAE: 69.54	RMSE: 105.23
Epoch 375	LOSS: 533.27	MAE: 70.04	RMSE: 105.69
Epoch 376	LOSS: 535.49	MAE: 69.50	RMSE: 105.02
Epoch 377	LOSS: 542.25	MAE: 69.74	RMSE: 105.50
Epoch 378	LOSS: 532.88	MAE: 69.46	RMSE: 104.95
Epoch 379	LOSS: 537.98	MAE: 69.55	RMSE: 105.19
Epoch 380	LOSS: 536.47	MAE: 69.74	RMSE: 105.24
Epoch 381	LOSS: 535.73	MAE: 69.38	RMSE: 104.95
Epoch 382	LOSS: 533.58	MAE: 69.37	RMSE: 104.90
Epoch 383	LOSS: 532.62	MAE: 69.44	RMSE: 105.06
Epoch 384	LOSS: 536.62	MAE: 69.37	RMSE: 104.89
Epoch 385	LOSS: 536.51	MAE: 69.15	RMSE: 104.72
Epoch 386	LOSS: 539.43	MAE: 69.75	RMSE: 105.06
Epoch 387	LOSS: 538.69	MAE: 68.97	RMSE: 104.68
Epoch 388	LOSS: 541.60	MAE: 69.18	RMSE: 104.36
Epoch 389	LOSS: 537.56	MAE: 68.91	RMSE: 104.31
Epoch 390	LOSS: 533.15	MAE: 69.47	RMSE: 104.98
Epoch 391	LOSS: 532.12	MAE: 68.68	RMSE: 103.98
Epoch 392	LOSS: 537.49	MAE: 68.89	RMSE: 104.25
Epoch 393	LOSS: 527.90	MAE: 68.92	RMSE: 104.31
Epoch 394	LOSS: 535.02	MAE: 68.54	RMSE: 103.85
Epoch 395	LOSS: 533.44	MAE: 68.83	RMSE: 104.24
Epoch 396	LOSS: 528.90	MAE: 68.78	RMSE: 104.04
Epoch 397	LOSS: 537.04	MAE: 68.35	RMSE: 103.53
Epoch 398	LOSS: 525.50	MAE: 69.27	RMSE: 104.73
Epoch 399	LOSS: 520.20	MAE: 68.02	RMSE: 103.26
Epoch 400	LOSS: 530.88	MAE: 68.85	RMSE: 104.23
Epoch 401	LOSS: 529.90	MAE: 68.10	RMSE: 103.36
Epoch 402	LOSS: 531.54	MAE: 68.36	RMSE: 103.62
Epoch 403	LOSS: 523.08	MAE: 68.50	RMSE: 103.74
Epoch 404	LOSS: 531.79	MAE: 68.12	RMSE: 103.41
Epoch 405	LOSS: 531.93	MAE: 68.43	RMSE: 103.58
Epoch 406	LOSS: 522.13	MAE: 68.16	RMSE: 103.43
Epoch 407	LOSS: 525.32	MAE: 68.04	RMSE: 103.11
Epoch 408	LOSS: 522.12	MAE: 68.24	RMSE: 103.37
Epoch 409	LOSS: 528.62	MAE: 67.34	RMSE: 102.30
Epoch 410	LOSS: 528.24	MAE: 68.28	RMSE: 103.40
Epoch 411	LOSS: 518.26	MAE: 67.83	RMSE: 102.91
Epoch 412	LOSS: 524.33	MAE: 67.89	RMSE: 102.93
Epoch 413	LOSS: 529.60	MAE: 67.82	RMSE: 102.93
Epoch 414	LOSS: 535.57	MAE: 67.73	RMSE: 102.67
Epoch 415	LOSS: 526.86	MAE: 67.67	RMSE: 102.72
Epoch 416	LOSS: 520.57	MAE: 67.78	RMSE: 102.71
Epoch 417	LOSS: 522.77	MAE: 67.55	RMSE: 102.56
Epoch 418	LOSS: 513.31	MAE: 67.68	RMSE: 102.51
Epoch 419	LOSS: 531.81	MAE: 67.41	RMSE: 102.29
Epoch 420	LOSS: 530.13	MAE: 67.50	RMSE: 102.35
Epoch 421	LOSS: 520.67	MAE: 67.56	RMSE: 102.48
Epoch 422	LOSS: 520.39	MAE: 67.66	RMSE: 102.57
Epoch 423	LOSS: 526.04	MAE: 67.41	RMSE: 102.12
Epoch 424	LOSS: 519.82	MAE: 67.39	RMSE: 102.24
Epoch 425	LOSS: 523.22	MAE: 67.18	RMSE: 102.01
Epoch 426	LOSS: 520.77	MAE: 67.44	RMSE: 102.26
Epoch 427	LOSS: 520.53	MAE: 67.03	RMSE: 101.75
Epoch 428	LOSS: 522.05	MAE: 67.41	RMSE: 102.13
Epoch 429	LOSS: 523.38	MAE: 66.83	RMSE: 101.66
Epoch 430	LOSS: 520.14	MAE: 67.41	RMSE: 102.05
Epoch 431	LOSS: 520.42	MAE: 66.62	RMSE: 101.32
Epoch 432	LOSS: 515.32	MAE: 67.46	RMSE: 102.32
Epoch 433	LOSS: 521.73	MAE: 66.65	RMSE: 101.18
Epoch 434	LOSS: 517.20	MAE: 67.10	RMSE: 101.87
Epoch 435	LOSS: 517.39	MAE: 66.99	RMSE: 101.57
Epoch 436	LOSS: 523.56	MAE: 66.96	RMSE: 101.60
Epoch 437	LOSS: 521.73	MAE: 67.02	RMSE: 101.66
Epoch 438	LOSS: 518.39	MAE: 66.67	RMSE: 101.37
Epoch 439	LOSS: 524.87	MAE: 66.92	RMSE: 101.37
Epoch 440	LOSS: 512.07	MAE: 66.54	RMSE: 101.20
Epoch 441	LOSS: 506.03	MAE: 67.07	RMSE: 101.53
Epoch 442	LOSS: 522.36	MAE: 66.11	RMSE: 100.57
Epoch 443	LOSS: 522.60	MAE: 67.29	RMSE: 102.02
Epoch 444	LOSS: 517.13	MAE: 66.08	RMSE: 100.38
Epoch 445	LOSS: 514.50	MAE: 66.66	RMSE: 101.29
Epoch 446	LOSS: 514.11	MAE: 66.56	RMSE: 100.98
Epoch 447	LOSS: 513.84	MAE: 66.24	RMSE: 100.77
Epoch 448	LOSS: 513.78	MAE: 67.00	RMSE: 101.43
Epoch 449	LOSS: 516.34	MAE: 66.01	RMSE: 100.50
Epoch 450	LOSS: 514.08	MAE: 66.92	RMSE: 101.41
Epoch 451	LOSS: 512.49	MAE: 66.23	RMSE: 100.70
Epoch 452	LOSS: 516.39	MAE: 66.45	RMSE: 100.95
Epoch 453	LOSS: 520.22	MAE: 66.45	RMSE: 100.75
Epoch 454	LOSS: 520.11	MAE: 66.09	RMSE: 100.61
Epoch 455	LOSS: 518.32	MAE: 66.53	RMSE: 100.90
Epoch 456	LOSS: 507.40	MAE: 66.24	RMSE: 100.62
Epoch 457	LOSS: 510.61	MAE: 66.39	RMSE: 100.85
Epoch 458	LOSS: 509.51	MAE: 65.98	RMSE: 100.28
Epoch 459	LOSS: 515.24	MAE: 66.07	RMSE: 100.41
Epoch 460	LOSS: 512.36	MAE: 66.30	RMSE: 100.53
Epoch 461	LOSS: 515.70	MAE: 65.55	RMSE: 99.97
Epoch 462	LOSS: 508.97	MAE: 66.26	RMSE: 100.37
Epoch 463	LOSS: 508.66	MAE: 66.02	RMSE: 100.47
Epoch 464	LOSS: 506.02	MAE: 66.29	RMSE: 100.45
Epoch 465	LOSS: 504.02	MAE: 65.54	RMSE: 99.81
Epoch 466	LOSS: 505.89	MAE: 66.28	RMSE: 100.55
Epoch 467	LOSS: 510.36	MAE: 65.60	RMSE: 99.81
Epoch 468	LOSS: 512.60	MAE: 66.04	RMSE: 100.18
Epoch 469	LOSS: 508.17	MAE: 65.74	RMSE: 99.77
Epoch 470	LOSS: 520.67	MAE: 65.80	RMSE: 99.81
Epoch 471	LOSS: 504.94	MAE: 65.68	RMSE: 99.87
Epoch 472	LOSS: 517.26	MAE: 65.95	RMSE: 99.87
Epoch 473	LOSS: 512.57	MAE: 65.66	RMSE: 99.91
Epoch 474	LOSS: 502.53	MAE: 65.79	RMSE: 99.70
Epoch 475	LOSS: 512.87	MAE: 65.43	RMSE: 99.45
Epoch 476	LOSS: 499.42	MAE: 66.09	RMSE: 100.08
Epoch 477	LOSS: 507.55	MAE: 65.19	RMSE: 99.23
Epoch 478	LOSS: 513.37	MAE: 65.38	RMSE: 99.14
Epoch 479	LOSS: 500.86	MAE: 65.27	RMSE: 99.29
Epoch 480	LOSS: 500.40	MAE: 65.50	RMSE: 99.37
Epoch 481	LOSS: 502.28	MAE: 65.37	RMSE: 99.39
Epoch 482	LOSS: 511.43	MAE: 65.25	RMSE: 99.11
Epoch 483	LOSS: 505.58	MAE: 65.41	RMSE: 99.25
Epoch 484	LOSS: 510.33	MAE: 64.98	RMSE: 98.72
Epoch 485	LOSS: 501.38	MAE: 65.40	RMSE: 99.28
Epoch 486	LOSS: 514.26	MAE: 65.00	RMSE: 98.66
Epoch 487	LOSS: 505.77	MAE: 64.80	RMSE: 98.65
Epoch 488	LOSS: 495.29	MAE: 65.16	RMSE: 98.68
Epoch 489	LOSS: 503.24	MAE: 64.38	RMSE: 98.11
Epoch 490	LOSS: 499.72	MAE: 65.81	RMSE: 99.63
Epoch 491	LOSS: 498.47	MAE: 64.45	RMSE: 98.08
Epoch 492	LOSS: 499.83	MAE: 65.91	RMSE: 99.72
Epoch 493	LOSS: 504.50	MAE: 64.65	RMSE: 98.33
Epoch 494	LOSS: 503.56	MAE: 65.33	RMSE: 99.15
Epoch 495	LOSS: 502.51	MAE: 64.67	RMSE: 98.22
Epoch 496	LOSS: 505.78	MAE: 65.25	RMSE: 99.06
Epoch 497	LOSS: 504.95	MAE: 64.66	RMSE: 98.20
Epoch 498	LOSS: 501.80	MAE: 65.22	RMSE: 98.96
Epoch 499	LOSS: 505.38	MAE: 64.65	RMSE: 98.20
