Epoch 000	LOSS: 89.18	MAE: 46.66	RMSE: 51.09
Epoch 001	LOSS: 49.77	MAE: 40.46	RMSE: 44.70
Epoch 002	LOSS: 36.97	MAE: 36.41	RMSE: 41.16
Epoch 003	LOSS: 23.09	MAE: 35.85	RMSE: 40.98
Epoch 004	LOSS: 19.60	MAE: 32.66	RMSE: 38.63
Epoch 005	LOSS: 16.10	MAE: 28.27	RMSE: 36.00
Epoch 006	LOSS: 15.99	MAE: 23.69	RMSE: 34.02
Epoch 007	LOSS: 14.30	MAE: 23.41	RMSE: 33.72
Epoch 008	LOSS: 16.11	MAE: 22.92	RMSE: 33.13
Epoch 009	LOSS: 16.88	MAE: 22.18	RMSE: 32.12
Epoch 010	LOSS: 16.67	MAE: 20.73	RMSE: 30.31
Epoch 011	LOSS: 17.10	MAE: 19.00	RMSE: 28.59
Epoch 012	LOSS: 20.96	MAE: 19.52	RMSE: 28.64
Epoch 013	LOSS: 19.93	MAE: 20.18	RMSE: 29.32
Epoch 014	LOSS: 15.35	MAE: 19.27	RMSE: 29.04
Epoch 015	LOSS: 14.16	MAE: 19.08	RMSE: 29.04
Epoch 016	LOSS: 17.31	MAE: 19.82	RMSE: 29.24
Epoch 017	LOSS: 19.05	MAE: 19.98	RMSE: 29.23
Epoch 018	LOSS: 14.76	MAE: 19.08	RMSE: 28.94
Epoch 019	LOSS: 15.19	MAE: 18.95	RMSE: 28.85
Epoch 020	LOSS: 15.69	MAE: 18.98	RMSE: 28.66
Epoch 021	LOSS: 16.13	MAE: 18.47	RMSE: 28.54
Epoch 022	LOSS: 13.97	MAE: 18.76	RMSE: 28.70
Epoch 023	LOSS: 19.69	MAE: 19.41	RMSE: 28.60
Epoch 024	LOSS: 17.48	MAE: 19.07	RMSE: 28.48
Epoch 025	LOSS: 17.27	MAE: 18.76	RMSE: 28.41
Epoch 026	LOSS: 15.54	MAE: 18.79	RMSE: 28.47
Epoch 027	LOSS: 13.88	MAE: 18.21	RMSE: 28.29
Epoch 028	LOSS: 14.58	MAE: 18.33	RMSE: 28.37
Epoch 029	LOSS: 18.49	MAE: 19.57	RMSE: 28.68
Epoch 030	LOSS: 13.19	MAE: 18.15	RMSE: 28.47
Epoch 031	LOSS: 16.91	MAE: 19.22	RMSE: 28.61
Epoch 032	LOSS: 18.85	MAE: 19.47	RMSE: 28.84
Epoch 033	LOSS: 19.20	MAE: 19.27	RMSE: 28.63
Epoch 034	LOSS: 16.79	MAE: 19.27	RMSE: 28.77
Epoch 035	LOSS: 14.72	MAE: 18.91	RMSE: 28.85
Epoch 036	LOSS: 17.43	MAE: 19.11	RMSE: 28.82
Epoch 037	LOSS: 14.68	MAE: 19.17	RMSE: 29.01
Epoch 038	LOSS: 17.57	MAE: 18.76	RMSE: 28.68
Epoch 039	LOSS: 17.15	MAE: 20.21	RMSE: 29.57
Epoch 040	LOSS: 13.51	MAE: 18.94	RMSE: 29.34
Epoch 041	LOSS: 11.52	MAE: 17.99	RMSE: 28.62
Epoch 042	LOSS: 17.73	MAE: 19.03	RMSE: 28.93
Epoch 043	LOSS: 13.52	MAE: 18.98	RMSE: 29.24
Epoch 044	LOSS: 11.11	MAE: 18.85	RMSE: 29.47
Epoch 045	LOSS: 25.17	MAE: 21.55	RMSE: 30.04
Epoch 046	LOSS: 14.13	MAE: 18.77	RMSE: 29.34
Epoch 047	LOSS: 16.79	MAE: 19.54	RMSE: 29.38
Epoch 048	LOSS: 18.57	MAE: 20.18	RMSE: 29.59
Epoch 049	LOSS: 17.04	MAE: 19.57	RMSE: 29.49
Epoch 050	LOSS: 13.65	MAE: 19.24	RMSE: 29.38
Epoch 051	LOSS: 14.95	MAE: 19.14	RMSE: 29.57
Epoch 052	LOSS: 15.12	MAE: 19.22	RMSE: 29.46
Epoch 053	LOSS: 12.49	MAE: 18.88	RMSE: 29.43
Epoch 054	LOSS: 13.45	MAE: 19.09	RMSE: 29.61
Epoch 055	LOSS: 16.62	MAE: 19.78	RMSE: 29.58
Epoch 056	LOSS: 15.09	MAE: 19.81	RMSE: 29.93
Epoch 057	LOSS: 13.23	MAE: 19.51	RMSE: 29.83
Epoch 058	LOSS: 19.02	MAE: 20.04	RMSE: 29.60
Epoch 059	LOSS: 17.28	MAE: 20.34	RMSE: 30.10
Epoch 060	LOSS: 13.44	MAE: 19.53	RMSE: 29.89
Epoch 061	LOSS: 13.98	MAE: 19.25	RMSE: 29.66
Epoch 062	LOSS: 18.12	MAE: 20.00	RMSE: 29.77
Epoch 063	LOSS: 16.67	MAE: 19.98	RMSE: 29.89
Epoch 064	LOSS: 13.53	MAE: 19.27	RMSE: 29.79
Epoch 065	LOSS: 13.96	MAE: 19.60	RMSE: 29.77
Epoch 066	LOSS: 15.94	MAE: 19.83	RMSE: 29.89
Epoch 067	LOSS: 15.13	MAE: 19.81	RMSE: 29.78
Epoch 068	LOSS: 15.73	MAE: 19.69	RMSE: 29.83
Epoch 069	LOSS: 13.24	MAE: 19.36	RMSE: 29.78
Epoch 070	LOSS: 14.30	MAE: 19.49	RMSE: 29.77
Epoch 071	LOSS: 12.21	MAE: 19.23	RMSE: 29.91
Epoch 072	LOSS: 12.74	MAE: 19.23	RMSE: 29.83
Epoch 073	LOSS: 15.25	MAE: 19.98	RMSE: 29.91
Epoch 074	LOSS: 15.80	MAE: 19.84	RMSE: 29.91
Epoch 075	LOSS: 12.76	MAE: 19.42	RMSE: 29.96
Epoch 076	LOSS: 14.09	MAE: 19.39	RMSE: 29.71
Epoch 077	LOSS: 13.57	MAE: 19.27	RMSE: 29.75
Epoch 078	LOSS: 10.26	MAE: 18.82	RMSE: 29.88
Epoch 079	LOSS: 13.41	MAE: 19.26	RMSE: 29.73
Epoch 080	LOSS: 15.62	MAE: 19.82	RMSE: 29.90
Epoch 081	LOSS: 14.51	MAE: 19.50	RMSE: 29.86
Epoch 082	LOSS: 15.33	MAE: 19.46	RMSE: 29.79
Epoch 083	LOSS: 15.68	MAE: 20.45	RMSE: 30.20
Epoch 084	LOSS: 16.67	MAE: 20.24	RMSE: 30.09
Epoch 085	LOSS: 13.43	MAE: 19.38	RMSE: 29.69
Epoch 086	LOSS: 11.70	MAE: 19.04	RMSE: 29.87
Epoch 087	LOSS: 16.36	MAE: 20.11	RMSE: 29.97
Epoch 088	LOSS: 15.72	MAE: 19.82	RMSE: 29.79
Epoch 089	LOSS: 13.24	MAE: 19.26	RMSE: 29.73
Epoch 090	LOSS: 12.88	MAE: 19.40	RMSE: 29.80
Epoch 091	LOSS: 16.39	MAE: 19.79	RMSE: 29.79
Epoch 092	LOSS: 15.83	MAE: 19.49	RMSE: 29.47
Epoch 093	LOSS: 12.63	MAE: 19.54	RMSE: 30.00
Epoch 094	LOSS: 11.70	MAE: 19.00	RMSE: 29.75
Epoch 095	LOSS: 16.05	MAE: 19.67	RMSE: 29.59
Epoch 096	LOSS: 16.06	MAE: 19.79	RMSE: 29.64
Epoch 097	LOSS: 11.84	MAE: 18.90	RMSE: 29.62
Epoch 098	LOSS: 13.55	MAE: 19.09	RMSE: 29.51
Epoch 099	LOSS: 13.96	MAE: 19.09	RMSE: 29.35
Epoch 100	LOSS: 15.46	MAE: 19.55	RMSE: 29.60
Epoch 101	LOSS: 14.94	MAE: 19.41	RMSE: 29.62
Epoch 102	LOSS: 13.79	MAE: 19.65	RMSE: 29.63
Epoch 103	LOSS: 14.97	MAE: 19.43	RMSE: 29.57
Epoch 104	LOSS: 13.49	MAE: 18.99	RMSE: 29.40
Epoch 105	LOSS: 15.04	MAE: 19.53	RMSE: 29.57
Epoch 106	LOSS: 15.21	MAE: 19.54	RMSE: 29.64
Epoch 107	LOSS: 12.55	MAE: 18.88	RMSE: 29.35
Epoch 108	LOSS: 12.82	MAE: 19.00	RMSE: 29.44
Epoch 109	LOSS: 14.38	MAE: 19.21	RMSE: 29.53
Epoch 110	LOSS: 14.80	MAE: 19.36	RMSE: 29.51
Epoch 111	LOSS: 12.96	MAE: 18.99	RMSE: 29.40
Epoch 112	LOSS: 13.52	MAE: 18.88	RMSE: 29.41
Epoch 113	LOSS: 14.24	MAE: 19.32	RMSE: 29.48
Epoch 114	LOSS: 14.86	MAE: 19.46	RMSE: 29.50
Epoch 115	LOSS: 12.63	MAE: 18.74	RMSE: 29.35
Epoch 116	LOSS: 14.22	MAE: 19.54	RMSE: 29.55
Epoch 117	LOSS: 14.12	MAE: 19.07	RMSE: 29.40
Epoch 118	LOSS: 13.37	MAE: 18.95	RMSE: 29.38
Epoch 119	LOSS: 12.37	MAE: 18.80	RMSE: 29.36
Epoch 120	LOSS: 14.17	MAE: 19.45	RMSE: 29.48
Epoch 121	LOSS: 14.42	MAE: 19.35	RMSE: 29.50
Epoch 122	LOSS: 16.30	MAE: 19.74	RMSE: 29.46
Epoch 123	LOSS: 14.89	MAE: 19.25	RMSE: 29.45
Epoch 124	LOSS: 12.93	MAE: 19.33	RMSE: 29.53
Epoch 125	LOSS: 12.44	MAE: 18.83	RMSE: 29.44
Epoch 126	LOSS: 15.23	MAE: 19.73	RMSE: 29.51
Epoch 127	LOSS: 14.82	MAE: 19.58	RMSE: 29.48
Epoch 128	LOSS: 13.50	MAE: 19.20	RMSE: 29.53
Epoch 129	LOSS: 15.16	MAE: 19.64	RMSE: 29.49
Epoch 130	LOSS: 17.44	MAE: 20.16	RMSE: 29.57
Epoch 131	LOSS: 17.50	MAE: 20.20	RMSE: 29.82
Epoch 132	LOSS: 12.82	MAE: 18.90	RMSE: 29.57
Epoch 133	LOSS: 12.14	MAE: 18.82	RMSE: 29.30
Epoch 134	LOSS: 9.61	MAE: 18.18	RMSE: 29.32
Epoch 135	LOSS: 14.58	MAE: 19.70	RMSE: 29.66
Epoch 136	LOSS: 15.14	MAE: 19.43	RMSE: 29.48
Epoch 137	LOSS: 13.03	MAE: 18.94	RMSE: 29.41
Epoch 138	LOSS: 11.22	MAE: 18.63	RMSE: 29.47
Epoch 139	LOSS: 15.34	MAE: 19.69	RMSE: 29.46
Epoch 140	LOSS: 15.27	MAE: 19.56	RMSE: 29.51
Epoch 141	LOSS: 13.30	MAE: 19.17	RMSE: 29.42
Epoch 142	LOSS: 12.37	MAE: 18.86	RMSE: 29.35
Epoch 143	LOSS: 16.11	MAE: 20.26	RMSE: 29.69
Epoch 144	LOSS: 14.74	MAE: 19.51	RMSE: 29.41
Epoch 145	LOSS: 12.53	MAE: 18.83	RMSE: 29.47
Epoch 146	LOSS: 10.46	MAE: 18.40	RMSE: 29.34
Epoch 147	LOSS: 12.73	MAE: 18.72	RMSE: 29.37
Epoch 148	LOSS: 14.37	MAE: 19.65	RMSE: 29.59
Epoch 149	LOSS: 13.72	MAE: 19.17	RMSE: 29.48
Epoch 150	LOSS: 12.20	MAE: 18.92	RMSE: 29.40
Epoch 151	LOSS: 16.36	MAE: 19.68	RMSE: 29.42
Epoch 152	LOSS: 17.47	MAE: 20.20	RMSE: 29.70
Epoch 153	LOSS: 17.15	MAE: 20.18	RMSE: 29.66
Epoch 154	LOSS: 12.55	MAE: 18.82	RMSE: 29.39
Epoch 155	LOSS: 12.13	MAE: 18.64	RMSE: 29.40
Epoch 156	LOSS: 15.15	MAE: 19.61	RMSE: 29.46
Epoch 157	LOSS: 15.08	MAE: 20.05	RMSE: 29.72
Epoch 158	LOSS: 13.23	MAE: 18.90	RMSE: 29.39
Epoch 159	LOSS: 13.11	MAE: 19.39	RMSE: 29.53
Epoch 160	LOSS: 13.39	MAE: 19.42	RMSE: 29.66
Epoch 161	LOSS: 13.96	MAE: 19.28	RMSE: 29.44
Epoch 162	LOSS: 13.56	MAE: 19.04	RMSE: 29.35
Epoch 163	LOSS: 14.36	MAE: 19.58	RMSE: 29.59
Epoch 164	LOSS: 14.59	MAE: 19.58	RMSE: 29.68
Epoch 165	LOSS: 12.59	MAE: 19.03	RMSE: 29.46
Epoch 166	LOSS: 11.34	MAE: 18.33	RMSE: 29.22
Epoch 167	LOSS: 15.23	MAE: 19.57	RMSE: 29.59
Epoch 168	LOSS: 16.45	MAE: 20.57	RMSE: 29.79
Epoch 169	LOSS: 14.76	MAE: 19.61	RMSE: 29.62
Epoch 170	LOSS: 11.92	MAE: 18.97	RMSE: 29.46
Epoch 171	LOSS: 11.89	MAE: 18.62	RMSE: 29.41
Epoch 172	LOSS: 11.22	MAE: 19.03	RMSE: 29.48
Epoch 173	LOSS: 12.23	MAE: 19.13	RMSE: 29.65
Epoch 174	LOSS: 10.38	MAE: 18.63	RMSE: 29.49
Epoch 175	LOSS: 14.13	MAE: 19.73	RMSE: 29.58
Epoch 176	LOSS: 16.67	MAE: 19.86	RMSE: 29.64
Epoch 177	LOSS: 10.71	MAE: 18.57	RMSE: 29.40
Epoch 178	LOSS: 13.51	MAE: 19.09	RMSE: 29.54
Epoch 179	LOSS: 18.21	MAE: 20.29	RMSE: 29.69
Epoch 180	LOSS: 12.70	MAE: 19.12	RMSE: 29.53
Epoch 181	LOSS: 9.53	MAE: 18.29	RMSE: 29.57
Epoch 182	LOSS: 11.13	MAE: 18.57	RMSE: 29.46
Epoch 183	LOSS: 14.32	MAE: 19.45	RMSE: 29.67
Epoch 184	LOSS: 16.75	MAE: 20.11	RMSE: 29.73
Epoch 185	LOSS: 14.16	MAE: 19.12	RMSE: 29.46
Epoch 186	LOSS: 13.08	MAE: 19.42	RMSE: 29.77
Epoch 187	LOSS: 10.36	MAE: 18.23	RMSE: 29.53
Epoch 188	LOSS: 21.37	MAE: 21.18	RMSE: 29.97
Epoch 189	LOSS: 11.12	MAE: 18.73	RMSE: 29.61
Epoch 190	LOSS: 17.60	MAE: 20.16	RMSE: 29.68
Epoch 191	LOSS: 17.76	MAE: 20.58	RMSE: 29.93
Epoch 192	LOSS: 9.48	MAE: 17.96	RMSE: 29.65
Epoch 193	LOSS: 18.22	MAE: 20.05	RMSE: 29.72
Epoch 194	LOSS: 11.68	MAE: 19.05	RMSE: 29.62
Epoch 195	LOSS: 10.80	MAE: 18.64	RMSE: 29.64
Epoch 196	LOSS: 20.25	MAE: 20.69	RMSE: 29.90
Epoch 197	LOSS: 10.42	MAE: 18.56	RMSE: 29.58
Epoch 198	LOSS: 15.89	MAE: 19.96	RMSE: 29.85
Epoch 199	LOSS: 17.53	MAE: 20.09	RMSE: 29.84
Epoch 200	LOSS: 10.06	MAE: 18.46	RMSE: 29.63
Epoch 201	LOSS: 18.38	MAE: 20.56	RMSE: 29.98
Epoch 202	LOSS: 11.76	MAE: 19.01	RMSE: 29.72
Epoch 203	LOSS: 11.55	MAE: 18.87	RMSE: 29.69
Epoch 204	LOSS: 20.24	MAE: 20.85	RMSE: 30.04
Epoch 205	LOSS: 10.76	MAE: 18.89	RMSE: 29.76
Epoch 206	LOSS: 14.60	MAE: 19.75	RMSE: 29.89
Epoch 207	LOSS: 17.72	MAE: 20.62	RMSE: 30.00
Epoch 208	LOSS: 10.90	MAE: 18.61	RMSE: 29.79
Epoch 209	LOSS: 17.77	MAE: 20.45	RMSE: 30.05
Epoch 210	LOSS: 13.14	MAE: 19.58	RMSE: 29.76
Epoch 211	LOSS: 11.37	MAE: 19.09	RMSE: 29.91
Epoch 212	LOSS: 10.67	MAE: 18.82	RMSE: 29.82
Epoch 213	LOSS: 14.80	MAE: 19.68	RMSE: 29.71
Epoch 214	LOSS: 16.11	MAE: 20.14	RMSE: 30.01
Epoch 215	LOSS: 15.86	MAE: 20.39	RMSE: 30.04
Epoch 216	LOSS: 11.36	MAE: 18.65	RMSE: 29.67
Epoch 217	LOSS: 9.96	MAE: 18.72	RMSE: 29.72
Epoch 218	LOSS: 14.32	MAE: 19.53	RMSE: 29.88
Epoch 219	LOSS: 12.50	MAE: 19.26	RMSE: 29.82
Epoch 220	LOSS: 10.93	MAE: 18.78	RMSE: 29.72
Epoch 221	LOSS: 14.62	MAE: 19.53	RMSE: 29.95
Epoch 222	LOSS: 19.36	MAE: 20.53	RMSE: 30.06
Epoch 223	LOSS: 10.39	MAE: 19.05	RMSE: 29.90
Epoch 224	LOSS: 19.70	MAE: 21.05	RMSE: 30.26
Epoch 225	LOSS: 12.40	MAE: 18.99	RMSE: 29.76
Epoch 226	LOSS: 10.59	MAE: 18.78	RMSE: 29.77
Epoch 227	LOSS: 15.65	MAE: 20.14	RMSE: 30.03
Epoch 228	LOSS: 15.57	MAE: 19.91	RMSE: 29.95
Epoch 229	LOSS: 14.33	MAE: 19.90	RMSE: 30.02
Epoch 230	LOSS: 13.38	MAE: 19.72	RMSE: 30.11
Epoch 231	LOSS: 12.46	MAE: 19.19	RMSE: 29.79
Epoch 232	LOSS: 13.34	MAE: 19.43	RMSE: 29.92
Epoch 233	LOSS: 12.80	MAE: 19.39	RMSE: 29.89
Epoch 234	LOSS: 11.57	MAE: 18.77	RMSE: 29.83
Epoch 235	LOSS: 15.38	MAE: 20.10	RMSE: 30.01
Epoch 236	LOSS: 13.67	MAE: 19.23	RMSE: 29.58
Epoch 237	LOSS: 13.98	MAE: 20.21	RMSE: 30.13
Epoch 238	LOSS: 12.43	MAE: 19.12	RMSE: 29.33
Epoch 239	LOSS: 12.19	MAE: 18.70	RMSE: 29.57
Epoch 240	LOSS: 15.22	MAE: 20.45	RMSE: 30.31
Epoch 241	LOSS: 16.05	MAE: 19.97	RMSE: 30.03
Epoch 242	LOSS: 16.33	MAE: 20.91	RMSE: 30.32
Epoch 243	LOSS: 13.35	MAE: 19.21	RMSE: 29.84
Epoch 244	LOSS: 11.51	MAE: 18.60	RMSE: 29.60
Epoch 245	LOSS: 10.58	MAE: 18.64	RMSE: 29.70
Epoch 246	LOSS: 18.68	MAE: 21.10	RMSE: 30.20
Epoch 247	LOSS: 16.21	MAE: 20.36	RMSE: 30.05
Epoch 248	LOSS: 12.27	MAE: 19.03	RMSE: 29.75
Epoch 249	LOSS: 10.36	MAE: 18.67	RMSE: 29.71
Epoch 250	LOSS: 11.22	MAE: 18.83	RMSE: 29.85
Epoch 251	LOSS: 15.47	MAE: 20.17	RMSE: 29.99
Epoch 252	LOSS: 17.48	MAE: 20.55	RMSE: 30.03
Epoch 253	LOSS: 15.98	MAE: 20.19	RMSE: 30.00
Epoch 254	LOSS: 12.35	MAE: 19.26	RMSE: 29.91
Epoch 255	LOSS: 11.96	MAE: 19.01	RMSE: 29.79
Epoch 256	LOSS: 12.07	MAE: 19.21	RMSE: 29.79
Epoch 257	LOSS: 15.14	MAE: 20.00	RMSE: 30.01
Epoch 258	LOSS: 18.61	MAE: 20.80	RMSE: 30.20
Epoch 259	LOSS: 14.66	MAE: 19.84	RMSE: 29.94
Epoch 260	LOSS: 10.77	MAE: 18.82	RMSE: 29.90
Epoch 261	LOSS: 13.56	MAE: 19.76	RMSE: 30.01
Epoch 262	LOSS: 11.76	MAE: 19.07	RMSE: 29.82
Epoch 263	LOSS: 11.85	MAE: 19.09	RMSE: 29.98
Epoch 264	LOSS: 13.83	MAE: 19.51	RMSE: 29.97
Epoch 265	LOSS: 13.68	MAE: 19.68	RMSE: 29.98
Epoch 266	LOSS: 13.30	MAE: 19.67	RMSE: 30.05
Epoch 267	LOSS: 13.47	MAE: 19.37	RMSE: 29.94
Epoch 268	LOSS: 12.42	MAE: 19.54	RMSE: 30.04
Epoch 269	LOSS: 13.51	MAE: 19.64	RMSE: 30.09
Epoch 270	LOSS: 14.14	MAE: 19.81	RMSE: 29.98
Epoch 271	LOSS: 16.17	MAE: 20.31	RMSE: 30.15
Epoch 272	LOSS: 13.93	MAE: 19.82	RMSE: 29.94
Epoch 273	LOSS: 15.95	MAE: 19.77	RMSE: 30.01
Epoch 274	LOSS: 12.13	MAE: 19.44	RMSE: 30.01
Epoch 275	LOSS: 11.94	MAE: 19.09	RMSE: 30.00
Epoch 276	LOSS: 16.17	MAE: 20.20	RMSE: 30.12
Epoch 277	LOSS: 16.40	MAE: 20.40	RMSE: 30.12
Epoch 278	LOSS: 11.81	MAE: 19.44	RMSE: 30.18
Epoch 279	LOSS: 14.32	MAE: 19.86	RMSE: 30.01
Epoch 280	LOSS: 15.72	MAE: 19.97	RMSE: 29.94
Epoch 281	LOSS: 12.74	MAE: 19.26	RMSE: 29.86
Epoch 282	LOSS: 11.31	MAE: 19.36	RMSE: 29.91
Epoch 283	LOSS: 12.10	MAE: 18.93	RMSE: 29.76
Epoch 284	LOSS: 13.34	MAE: 18.73	RMSE: 29.31
Epoch 285	LOSS: 12.84	MAE: 19.24	RMSE: 29.51
Epoch 286	LOSS: 14.06	MAE: 19.61	RMSE: 29.92
Epoch 287	LOSS: 13.06	MAE: 19.55	RMSE: 29.98
Epoch 288	LOSS: 12.51	MAE: 19.19	RMSE: 29.57
Epoch 289	LOSS: 14.57	MAE: 20.04	RMSE: 29.81
Epoch 290	LOSS: 15.76	MAE: 20.25	RMSE: 29.91
Epoch 291	LOSS: 11.84	MAE: 18.84	RMSE: 29.66
Epoch 292	LOSS: 12.10	MAE: 19.30	RMSE: 29.80
Epoch 293	LOSS: 15.85	MAE: 20.10	RMSE: 29.90
Epoch 294	LOSS: 15.15	MAE: 20.20	RMSE: 29.88
Epoch 295	LOSS: 11.62	MAE: 18.80	RMSE: 29.69
Epoch 296	LOSS: 13.19	MAE: 19.43	RMSE: 29.77
Epoch 297	LOSS: 13.39	MAE: 19.56	RMSE: 29.82
Epoch 298	LOSS: 14.17	MAE: 19.85	RMSE: 29.89
Epoch 299	LOSS: 12.78	MAE: 19.31	RMSE: 29.80
Epoch 300	LOSS: 12.42	MAE: 19.30	RMSE: 29.84
Epoch 301	LOSS: 11.43	MAE: 18.77	RMSE: 29.79
Epoch 302	LOSS: 10.89	MAE: 18.89	RMSE: 29.78
Epoch 303	LOSS: 14.23	MAE: 19.90	RMSE: 29.98
Epoch 304	LOSS: 17.05	MAE: 20.65	RMSE: 30.09
Epoch 305	LOSS: 15.61	MAE: 19.93	RMSE: 30.01
Epoch 306	LOSS: 13.63	MAE: 19.77	RMSE: 29.92
Epoch 307	LOSS: 13.43	MAE: 19.61	RMSE: 29.90
Epoch 308	LOSS: 13.11	MAE: 19.77	RMSE: 29.94
Epoch 309	LOSS: 12.82	MAE: 19.11	RMSE: 29.86
Epoch 310	LOSS: 15.77	MAE: 20.42	RMSE: 30.02
Epoch 311	LOSS: 15.07	MAE: 20.40	RMSE: 30.10
Epoch 312	LOSS: 13.59	MAE: 19.60	RMSE: 29.97
Epoch 313	LOSS: 15.07	MAE: 19.78	RMSE: 29.93
Epoch 314	LOSS: 10.73	MAE: 18.73	RMSE: 29.75
Epoch 315	LOSS: 12.00	MAE: 19.16	RMSE: 29.81
Epoch 316	LOSS: 14.01	MAE: 19.62	RMSE: 29.89
Epoch 317	LOSS: 16.71	MAE: 20.67	RMSE: 30.08
Epoch 318	LOSS: 13.56	MAE: 19.49	RMSE: 29.95
Epoch 319	LOSS: 13.00	MAE: 19.38	RMSE: 29.90
Epoch 320	LOSS: 11.11	MAE: 19.67	RMSE: 30.03
Epoch 321	LOSS: 12.10	MAE: 18.65	RMSE: 29.89
Epoch 322	LOSS: 16.02	MAE: 20.56	RMSE: 30.09
Epoch 323	LOSS: 14.75	MAE: 20.00	RMSE: 29.94
Epoch 324	LOSS: 12.59	MAE: 19.46	RMSE: 30.00
Epoch 325	LOSS: 12.30	MAE: 19.29	RMSE: 29.91
Epoch 326	LOSS: 12.83	MAE: 19.44	RMSE: 29.83
Epoch 327	LOSS: 13.57	MAE: 19.68	RMSE: 29.91
Epoch 328	LOSS: 14.47	MAE: 19.73	RMSE: 29.97
Epoch 329	LOSS: 13.18	MAE: 19.90	RMSE: 30.01
Epoch 330	LOSS: 14.73	MAE: 19.90	RMSE: 30.01
Epoch 331	LOSS: 14.82	MAE: 20.06	RMSE: 30.02
Epoch 332	LOSS: 10.27	MAE: 18.69	RMSE: 29.84
Epoch 333	LOSS: 12.91	MAE: 19.45	RMSE: 29.89
Epoch 334	LOSS: 12.12	MAE: 18.88	RMSE: 29.88
Epoch 335	LOSS: 13.51	MAE: 20.08	RMSE: 30.09
Epoch 336	LOSS: 13.06	MAE: 19.76	RMSE: 30.01
Epoch 337	LOSS: 12.52	MAE: 19.43	RMSE: 29.97
Epoch 338	LOSS: 12.34	MAE: 19.36	RMSE: 29.95
Epoch 339	LOSS: 11.07	MAE: 18.86	RMSE: 29.90
Epoch 340	LOSS: 12.09	MAE: 19.12	RMSE: 29.97
Epoch 341	LOSS: 15.53	MAE: 20.32	RMSE: 30.13
Epoch 342	LOSS: 15.74	MAE: 20.19	RMSE: 30.06
Epoch 343	LOSS: 15.82	MAE: 20.17	RMSE: 30.09
Epoch 344	LOSS: 12.06	MAE: 19.43	RMSE: 30.02
Epoch 345	LOSS: 10.76	MAE: 18.82	RMSE: 29.94
Epoch 346	LOSS: 11.38	MAE: 19.06	RMSE: 29.92
Epoch 347	LOSS: 15.33	MAE: 20.27	RMSE: 30.10
Epoch 348	LOSS: 16.43	MAE: 20.50	RMSE: 30.14
Epoch 349	LOSS: 16.42	MAE: 20.49	RMSE: 30.15
Epoch 350	LOSS: 11.92	MAE: 19.28	RMSE: 29.98
Epoch 351	LOSS: 12.47	MAE: 19.33	RMSE: 30.00
Epoch 352	LOSS: 13.61	MAE: 19.63	RMSE: 30.05
Epoch 353	LOSS: 15.40	MAE: 20.23	RMSE: 30.12
Epoch 354	LOSS: 11.42	MAE: 19.36	RMSE: 30.02
Epoch 355	LOSS: 12.77	MAE: 19.40	RMSE: 30.06
Epoch 356	LOSS: 11.55	MAE: 19.29	RMSE: 29.96
Epoch 357	LOSS: 13.25	MAE: 19.64	RMSE: 30.08
Epoch 358	LOSS: 14.29	MAE: 20.19	RMSE: 30.17
Epoch 359	LOSS: 13.07	MAE: 19.39	RMSE: 30.04
Epoch 360	LOSS: 14.84	MAE: 20.61	RMSE: 30.30
Epoch 361	LOSS: 11.41	MAE: 19.17	RMSE: 30.08
Epoch 362	LOSS: 14.66	MAE: 20.22	RMSE: 30.23
Epoch 363	LOSS: 14.49	MAE: 20.05	RMSE: 30.20
Epoch 364	LOSS: 12.85	MAE: 19.57	RMSE: 30.16
Epoch 365	LOSS: 11.74	MAE: 19.07	RMSE: 30.11
Epoch 366	LOSS: 12.74	MAE: 19.63	RMSE: 30.17
Epoch 367	LOSS: 14.93	MAE: 19.97	RMSE: 30.26
Epoch 368	LOSS: 16.07	MAE: 20.50	RMSE: 30.34
Epoch 369	LOSS: 14.95	MAE: 20.54	RMSE: 30.36
Epoch 370	LOSS: 11.36	MAE: 19.25	RMSE: 30.19
Epoch 371	LOSS: 10.85	MAE: 19.11	RMSE: 30.16
Epoch 372	LOSS: 12.53	MAE: 19.75	RMSE: 30.23
Epoch 373	LOSS: 15.09	MAE: 20.31	RMSE: 30.33
Epoch 374	LOSS: 16.01	MAE: 20.55	RMSE: 30.38
Epoch 375	LOSS: 16.13	MAE: 20.57	RMSE: 30.39
Epoch 376	LOSS: 9.36	MAE: 18.75	RMSE: 30.16
Epoch 377	LOSS: 13.39	MAE: 19.62	RMSE: 30.23
Epoch 378	LOSS: 14.15	MAE: 19.99	RMSE: 30.29
Epoch 379	LOSS: 14.65	MAE: 20.01	RMSE: 30.26
Epoch 380	LOSS: 16.58	MAE: 20.80	RMSE: 30.44
Epoch 381	LOSS: 14.82	MAE: 20.35	RMSE: 30.44
Epoch 382	LOSS: 11.00	MAE: 19.21	RMSE: 30.23
Epoch 383	LOSS: 11.92	MAE: 19.38	RMSE: 30.20
Epoch 384	LOSS: 15.43	MAE: 20.48	RMSE: 30.41
Epoch 385	LOSS: 14.40	MAE: 20.08	RMSE: 30.32
Epoch 386	LOSS: 12.20	MAE: 19.56	RMSE: 30.23
Epoch 387	LOSS: 13.49	MAE: 19.95	RMSE: 30.33
Epoch 388	LOSS: 14.71	MAE: 20.30	RMSE: 30.37
Epoch 389	LOSS: 11.01	MAE: 19.07	RMSE: 30.19
Epoch 390	LOSS: 12.40	MAE: 19.83	RMSE: 30.34
Epoch 391	LOSS: 14.07	MAE: 20.11	RMSE: 30.35
Epoch 392	LOSS: 14.88	MAE: 20.42	RMSE: 30.45
Epoch 393	LOSS: 11.97	MAE: 19.76	RMSE: 30.36
Epoch 394	LOSS: 12.12	MAE: 19.57	RMSE: 30.30
Epoch 395	LOSS: 13.95	MAE: 20.06	RMSE: 30.34
Epoch 396	LOSS: 14.66	MAE: 20.28	RMSE: 30.39
Epoch 397	LOSS: 11.74	MAE: 19.40	RMSE: 30.28
Epoch 398	LOSS: 12.36	MAE: 19.61	RMSE: 30.31
Epoch 399	LOSS: 13.84	MAE: 20.09	RMSE: 30.34
Epoch 400	LOSS: 15.65	MAE: 20.45	RMSE: 30.44
Epoch 401	LOSS: 10.90	MAE: 19.19	RMSE: 30.27
Epoch 402	LOSS: 13.56	MAE: 19.98	RMSE: 30.34
Epoch 403	LOSS: 13.54	MAE: 19.87	RMSE: 30.31
Epoch 404	LOSS: 12.20	MAE: 19.70	RMSE: 30.28
Epoch 405	LOSS: 11.70	MAE: 19.37	RMSE: 30.27
Epoch 406	LOSS: 12.76	MAE: 19.74	RMSE: 30.32
Epoch 407	LOSS: 10.84	MAE: 19.06	RMSE: 30.21
Epoch 408	LOSS: 12.40	MAE: 19.49	RMSE: 30.30
Epoch 409	LOSS: 12.47	MAE: 20.25	RMSE: 30.37
Epoch 410	LOSS: 15.72	MAE: 20.41	RMSE: 30.43
Epoch 411	LOSS: 13.74	MAE: 19.97	RMSE: 30.30
Epoch 412	LOSS: 13.48	MAE: 20.01	RMSE: 30.25
Epoch 413	LOSS: 13.39	MAE: 19.94	RMSE: 30.32
Epoch 414	LOSS: 13.28	MAE: 19.62	RMSE: 30.29
Epoch 415	LOSS: 14.22	MAE: 20.47	RMSE: 30.40
Epoch 416	LOSS: 14.40	MAE: 20.12	RMSE: 30.37
Epoch 417	LOSS: 10.62	MAE: 19.10	RMSE: 30.26
Epoch 418	LOSS: 12.04	MAE: 19.69	RMSE: 30.27
Epoch 419	LOSS: 15.54	MAE: 20.46	RMSE: 30.44
Epoch 420	LOSS: 13.73	MAE: 20.22	RMSE: 30.38
Epoch 421	LOSS: 11.11	MAE: 19.46	RMSE: 30.29
Epoch 422	LOSS: 13.68	MAE: 19.99	RMSE: 30.43
Epoch 423	LOSS: 14.63	MAE: 20.22	RMSE: 30.43
Epoch 424	LOSS: 15.57	MAE: 20.19	RMSE: 30.38
Epoch 425	LOSS: 15.16	MAE: 20.54	RMSE: 30.44
Epoch 426	LOSS: 11.36	MAE: 19.49	RMSE: 30.30
Epoch 427	LOSS: 13.12	MAE: 19.87	RMSE: 30.33
Epoch 428	LOSS: 12.98	MAE: 19.64	RMSE: 30.31
Epoch 429	LOSS: 13.99	MAE: 20.41	RMSE: 30.46
Epoch 430	LOSS: 18.72	MAE: 21.30	RMSE: 30.62
Epoch 431	LOSS: 10.22	MAE: 18.96	RMSE: 30.27
Epoch 432	LOSS: 14.02	MAE: 20.09	RMSE: 30.38
Epoch 433	LOSS: 16.18	MAE: 20.63	RMSE: 30.45
Epoch 434	LOSS: 9.39	MAE: 18.76	RMSE: 30.20
Epoch 435	LOSS: 17.59	MAE: 21.06	RMSE: 30.48
Epoch 436	LOSS: 12.32	MAE: 19.64	RMSE: 30.26
Epoch 437	LOSS: 10.33	MAE: 18.95	RMSE: 30.24
Epoch 438	LOSS: 17.70	MAE: 21.26	RMSE: 30.64
Epoch 439	LOSS: 10.16	MAE: 18.97	RMSE: 30.34
Epoch 440	LOSS: 14.91	MAE: 20.32	RMSE: 30.49
Epoch 441	LOSS: 15.42	MAE: 20.62	RMSE: 30.54
Epoch 442	LOSS: 10.80	MAE: 19.19	RMSE: 30.37
Epoch 443	LOSS: 10.00	MAE: 18.93	RMSE: 30.34
Epoch 444	LOSS: 13.17	MAE: 19.94	RMSE: 30.49
Epoch 445	LOSS: 14.56	MAE: 20.26	RMSE: 30.56
Epoch 446	LOSS: 8.55	MAE: 18.63	RMSE: 30.35
Epoch 447	LOSS: 17.69	MAE: 20.96	RMSE: 30.63
Epoch 448	LOSS: 10.08	MAE: 18.97	RMSE: 30.35
Epoch 449	LOSS: 11.59	MAE: 19.37	RMSE: 30.41
Epoch 450	LOSS: 18.61	MAE: 21.51	RMSE: 30.86
Epoch 451	LOSS: 9.58	MAE: 18.82	RMSE: 30.47
Epoch 452	LOSS: 15.91	MAE: 20.75	RMSE: 30.64
Epoch 453	LOSS: 16.89	MAE: 20.82	RMSE: 30.62
Epoch 454	LOSS: 9.78	MAE: 19.02	RMSE: 30.38
Epoch 455	LOSS: 18.18	MAE: 21.27	RMSE: 30.72
Epoch 456	LOSS: 12.16	MAE: 19.57	RMSE: 30.43
Epoch 457	LOSS: 11.24	MAE: 19.21	RMSE: 30.43
Epoch 458	LOSS: 19.35	MAE: 21.61	RMSE: 30.82
Epoch 459	LOSS: 10.52	MAE: 19.05	RMSE: 30.41
Epoch 460	LOSS: 15.68	MAE: 20.62	RMSE: 30.63
Epoch 461	LOSS: 16.15	MAE: 20.54	RMSE: 30.60
Epoch 462	LOSS: 9.81	MAE: 18.92	RMSE: 30.43
Epoch 463	LOSS: 18.03	MAE: 21.17	RMSE: 30.76
Epoch 464	LOSS: 11.28	MAE: 19.43	RMSE: 30.47
Epoch 465	LOSS: 9.86	MAE: 19.05	RMSE: 30.42
Epoch 466	LOSS: 17.48	MAE: 21.13	RMSE: 30.73
Epoch 467	LOSS: 9.55	MAE: 18.78	RMSE: 30.45
Epoch 468	LOSS: 14.20	MAE: 20.36	RMSE: 30.60
Epoch 469	LOSS: 15.66	MAE: 20.63	RMSE: 30.60
Epoch 470	LOSS: 9.63	MAE: 18.85	RMSE: 30.41
Epoch 471	LOSS: 17.06	MAE: 21.14	RMSE: 30.75
Epoch 472	LOSS: 11.65	MAE: 19.32	RMSE: 30.45
Epoch 473	LOSS: 10.69	MAE: 19.28	RMSE: 30.46
Epoch 474	LOSS: 18.03	MAE: 21.74	RMSE: 30.88
Epoch 475	LOSS: 10.03	MAE: 18.78	RMSE: 30.42
Epoch 476	LOSS: 14.74	MAE: 20.17	RMSE: 30.58
Epoch 477	LOSS: 16.10	MAE: 21.01	RMSE: 30.76
Epoch 478	LOSS: 9.87	MAE: 19.01	RMSE: 30.50
Epoch 479	LOSS: 17.88	MAE: 21.41	RMSE: 30.84
Epoch 480	LOSS: 12.21	MAE: 19.73	RMSE: 30.54
Epoch 481	LOSS: 10.89	MAE: 19.25	RMSE: 30.50
Epoch 482	LOSS: 17.69	MAE: 21.34	RMSE: 30.82
Epoch 483	LOSS: 10.02	MAE: 19.11	RMSE: 30.51
Epoch 484	LOSS: 14.72	MAE: 20.56	RMSE: 30.68
Epoch 485	LOSS: 16.05	MAE: 20.67	RMSE: 30.69
Epoch 486	LOSS: 9.89	MAE: 19.01	RMSE: 30.51
Epoch 487	LOSS: 17.23	MAE: 21.31	RMSE: 30.85
Epoch 488	LOSS: 11.83	MAE: 19.51	RMSE: 30.53
Epoch 489	LOSS: 11.15	MAE: 19.51	RMSE: 30.52
Epoch 490	LOSS: 17.97	MAE: 21.33	RMSE: 30.84
Epoch 491	LOSS: 10.24	MAE: 19.14	RMSE: 30.51
Epoch 492	LOSS: 14.84	MAE: 20.51	RMSE: 30.66
Epoch 493	LOSS: 16.44	MAE: 20.89	RMSE: 30.73
Epoch 494	LOSS: 9.93	MAE: 19.05	RMSE: 30.50
Epoch 495	LOSS: 17.04	MAE: 21.16	RMSE: 30.78
Epoch 496	LOSS: 11.79	MAE: 19.46	RMSE: 30.54
Epoch 497	LOSS: 11.52	MAE: 19.58	RMSE: 30.57
Epoch 498	LOSS: 18.04	MAE: 21.36	RMSE: 30.85
Epoch 499	LOSS: 10.61	MAE: 19.24	RMSE: 30.52
