Epoch 000	LOSS: 435.35	MAE: 254.16	RMSE: 297.19
Epoch 001	LOSS: 386.55	MAE: 248.02	RMSE: 291.65
Epoch 002	LOSS: 313.77	MAE: 229.99	RMSE: 275.79
Epoch 003	LOSS: 348.06	MAE: 215.25	RMSE: 262.17
Epoch 004	LOSS: 303.99	MAE: 209.41	RMSE: 256.77
Epoch 005	LOSS: 188.51	MAE: 205.64	RMSE: 254.46
Epoch 006	LOSS: 148.23	MAE: 206.13	RMSE: 255.14
Epoch 007	LOSS: 126.16	MAE: 200.24	RMSE: 251.41
Epoch 008	LOSS: 121.44	MAE: 197.61	RMSE: 249.32
Epoch 009	LOSS: 122.64	MAE: 198.21	RMSE: 249.38
Epoch 010	LOSS: 93.32	MAE: 195.52	RMSE: 249.18
Epoch 011	LOSS: 93.10	MAE: 195.14	RMSE: 249.36
Epoch 012	LOSS: 91.09	MAE: 195.71	RMSE: 249.56
Epoch 013	LOSS: 93.16	MAE: 195.97	RMSE: 249.89
Epoch 014	LOSS: 84.57	MAE: 196.10	RMSE: 250.20
Epoch 015	LOSS: 78.29	MAE: 195.76	RMSE: 250.35
Epoch 016	LOSS: 85.73	MAE: 196.78	RMSE: 250.65
Epoch 017	LOSS: 79.08	MAE: 196.18	RMSE: 250.71
Epoch 018	LOSS: 76.21	MAE: 196.02	RMSE: 250.86
Epoch 019	LOSS: 84.93	MAE: 197.49	RMSE: 251.22
Epoch 020	LOSS: 74.73	MAE: 196.25	RMSE: 251.22
Epoch 021	LOSS: 81.47	MAE: 197.33	RMSE: 251.47
Epoch 022	LOSS: 75.08	MAE: 196.59	RMSE: 251.49
Epoch 023	LOSS: 85.98	MAE: 198.19	RMSE: 251.87
Epoch 024	LOSS: 75.33	MAE: 196.89	RMSE: 251.75
Epoch 025	LOSS: 81.85	MAE: 198.03	RMSE: 252.02
Epoch 026	LOSS: 72.33	MAE: 197.05	RMSE: 251.94
Epoch 027	LOSS: 84.07	MAE: 198.69	RMSE: 252.27
Epoch 028	LOSS: 77.58	MAE: 197.50	RMSE: 252.12
Epoch 029	LOSS: 85.03	MAE: 198.59	RMSE: 252.37
Epoch 030	LOSS: 75.48	MAE: 197.12	RMSE: 252.18
Epoch 031	LOSS: 83.10	MAE: 198.20	RMSE: 252.40
Epoch 032	LOSS: 76.40	MAE: 197.46	RMSE: 252.33
Epoch 033	LOSS: 85.76	MAE: 199.00	RMSE: 252.66
Epoch 034	LOSS: 77.16	MAE: 197.85	RMSE: 252.48
Epoch 035	LOSS: 83.55	MAE: 198.82	RMSE: 252.70
Epoch 036	LOSS: 75.45	MAE: 197.62	RMSE: 252.51
Epoch 037	LOSS: 82.69	MAE: 198.74	RMSE: 252.74
Epoch 038	LOSS: 78.39	MAE: 197.95	RMSE: 252.61
Epoch 039	LOSS: 80.00	MAE: 198.29	RMSE: 252.69
Epoch 040	LOSS: 81.58	MAE: 198.61	RMSE: 252.74
Epoch 041	LOSS: 78.80	MAE: 198.17	RMSE: 252.67
Epoch 042	LOSS: 82.75	MAE: 198.86	RMSE: 252.85
Epoch 043	LOSS: 76.86	MAE: 197.81	RMSE: 252.68
Epoch 044	LOSS: 83.64	MAE: 198.86	RMSE: 252.89
Epoch 045	LOSS: 77.11	MAE: 198.27	RMSE: 252.78
Epoch 046	LOSS: 85.35	MAE: 199.24	RMSE: 252.97
Epoch 047	LOSS: 76.98	MAE: 198.09	RMSE: 252.73
Epoch 048	LOSS: 79.24	MAE: 198.47	RMSE: 252.80
Epoch 049	LOSS: 77.31	MAE: 197.94	RMSE: 252.72
Epoch 050	LOSS: 83.17	MAE: 198.88	RMSE: 252.91
Epoch 051	LOSS: 77.20	MAE: 198.20	RMSE: 252.77
Epoch 052	LOSS: 81.90	MAE: 198.82	RMSE: 252.89
Epoch 053	LOSS: 74.10	MAE: 197.82	RMSE: 252.70
Epoch 054	LOSS: 85.38	MAE: 199.35	RMSE: 253.01
Epoch 055	LOSS: 72.13	MAE: 197.41	RMSE: 252.66
Epoch 056	LOSS: 79.78	MAE: 198.59	RMSE: 252.88
Epoch 057	LOSS: 78.92	MAE: 198.59	RMSE: 252.84
Epoch 058	LOSS: 76.81	MAE: 198.08	RMSE: 252.76
Epoch 059	LOSS: 79.69	MAE: 198.48	RMSE: 252.78
Epoch 060	LOSS: 80.00	MAE: 198.43	RMSE: 252.77
Epoch 061	LOSS: 74.85	MAE: 197.82	RMSE: 252.64
Epoch 062	LOSS: 79.58	MAE: 198.51	RMSE: 252.78
Epoch 063	LOSS: 75.38	MAE: 198.07	RMSE: 252.70
Epoch 064	LOSS: 82.23	MAE: 199.06	RMSE: 252.86
Epoch 065	LOSS: 73.17	MAE: 197.74	RMSE: 252.64
Epoch 066	LOSS: 79.88	MAE: 198.63	RMSE: 252.80
Epoch 067	LOSS: 73.07	MAE: 197.55	RMSE: 252.57
Epoch 068	LOSS: 77.32	MAE: 198.14	RMSE: 252.68
Epoch 069	LOSS: 74.31	MAE: 197.94	RMSE: 252.61
Epoch 070	LOSS: 71.20	MAE: 197.20	RMSE: 252.50
Epoch 071	LOSS: 81.56	MAE: 198.59	RMSE: 252.75
Epoch 072	LOSS: 70.21	MAE: 197.02	RMSE: 252.46
Epoch 073	LOSS: 76.03	MAE: 197.75	RMSE: 252.59
Epoch 074	LOSS: 70.56	MAE: 197.06	RMSE: 252.49
Epoch 075	LOSS: 72.73	MAE: 197.34	RMSE: 252.54
Epoch 076	LOSS: 75.34	MAE: 197.83	RMSE: 252.63
Epoch 077	LOSS: 70.54	MAE: 196.89	RMSE: 252.46
Epoch 078	LOSS: 72.57	MAE: 197.10	RMSE: 252.50
Epoch 079	LOSS: 70.23	MAE: 196.90	RMSE: 252.47
Epoch 080	LOSS: 73.55	MAE: 197.26	RMSE: 252.53
Epoch 081	LOSS: 66.86	MAE: 196.48	RMSE: 252.42
Epoch 082	LOSS: 70.68	MAE: 196.87	RMSE: 252.50
Epoch 083	LOSS: 67.94	MAE: 196.76	RMSE: 252.52
Epoch 084	LOSS: 71.51	MAE: 196.74	RMSE: 252.53
Epoch 085	LOSS: 68.03	MAE: 196.63	RMSE: 252.56
Epoch 086	LOSS: 70.14	MAE: 197.10	RMSE: 252.71
Epoch 087	LOSS: 66.47	MAE: 196.48	RMSE: 252.57
Epoch 088	LOSS: 69.83	MAE: 196.91	RMSE: 252.70
Epoch 089	LOSS: 63.96	MAE: 196.24	RMSE: 252.60
Epoch 090	LOSS: 68.63	MAE: 196.67	RMSE: 252.71
Epoch 091	LOSS: 64.38	MAE: 196.52	RMSE: 252.76
Epoch 092	LOSS: 68.56	MAE: 196.42	RMSE: 252.72
Epoch 093	LOSS: 67.08	MAE: 196.68	RMSE: 252.79
Epoch 094	LOSS: 66.10	MAE: 196.54	RMSE: 252.79
Epoch 095	LOSS: 66.35	MAE: 196.20	RMSE: 252.72
Epoch 096	LOSS: 67.12	MAE: 196.79	RMSE: 252.91
Epoch 097	LOSS: 66.63	MAE: 196.28	RMSE: 252.78
Epoch 098	LOSS: 64.24	MAE: 196.63	RMSE: 252.88
Epoch 099	LOSS: 68.07	MAE: 196.44	RMSE: 252.82
Epoch 100	LOSS: 64.91	MAE: 196.79	RMSE: 252.93
Epoch 101	LOSS: 66.10	MAE: 196.23	RMSE: 252.79
Epoch 102	LOSS: 65.70	MAE: 196.81	RMSE: 252.93
Epoch 103	LOSS: 64.48	MAE: 196.08	RMSE: 252.78
Epoch 104	LOSS: 67.06	MAE: 196.82	RMSE: 252.96
Epoch 105	LOSS: 66.72	MAE: 196.50	RMSE: 252.87
Epoch 106	LOSS: 65.27	MAE: 196.65	RMSE: 252.94
Epoch 107	LOSS: 65.46	MAE: 196.45	RMSE: 252.89
Epoch 108	LOSS: 68.69	MAE: 196.80	RMSE: 252.98
Epoch 109	LOSS: 65.95	MAE: 196.62	RMSE: 252.93
Epoch 110	LOSS: 68.08	MAE: 196.77	RMSE: 252.97
Epoch 111	LOSS: 66.13	MAE: 196.79	RMSE: 253.01
Epoch 112	LOSS: 70.01	MAE: 197.13	RMSE: 253.06
Epoch 113	LOSS: 64.76	MAE: 196.58	RMSE: 252.94
Epoch 114	LOSS: 60.56	MAE: 195.55	RMSE: 252.75
Epoch 115	LOSS: 73.52	MAE: 197.58	RMSE: 253.16
Epoch 116	LOSS: 58.32	MAE: 195.43	RMSE: 252.71
Epoch 117	LOSS: 71.72	MAE: 197.39	RMSE: 253.12
Epoch 118	LOSS: 60.39	MAE: 195.98	RMSE: 252.85
Epoch 119	LOSS: 71.07	MAE: 197.60	RMSE: 253.19
Epoch 120	LOSS: 57.83	MAE: 195.67	RMSE: 252.80
Epoch 121	LOSS: 70.10	MAE: 197.36	RMSE: 253.13
Epoch 122	LOSS: 59.59	MAE: 195.53	RMSE: 252.74
Epoch 123	LOSS: 72.62	MAE: 197.49	RMSE: 253.15
Epoch 124	LOSS: 60.53	MAE: 195.79	RMSE: 252.79
Epoch 125	LOSS: 69.45	MAE: 197.28	RMSE: 253.11
Epoch 126	LOSS: 61.98	MAE: 196.09	RMSE: 252.88
Epoch 127	LOSS: 66.44	MAE: 196.42	RMSE: 252.93
Epoch 128	LOSS: 65.53	MAE: 196.68	RMSE: 252.98
Epoch 129	LOSS: 63.45	MAE: 196.23	RMSE: 252.86
Epoch 130	LOSS: 65.91	MAE: 196.83	RMSE: 253.02
Epoch 131	LOSS: 62.47	MAE: 196.11	RMSE: 252.87
Epoch 132	LOSS: 66.58	MAE: 196.58	RMSE: 252.96
Epoch 133	LOSS: 62.88	MAE: 196.29	RMSE: 252.91
Epoch 134	LOSS: 63.67	MAE: 196.48	RMSE: 252.94
Epoch 135	LOSS: 61.33	MAE: 196.02	RMSE: 252.84
Epoch 136	LOSS: 70.33	MAE: 197.23	RMSE: 253.09
Epoch 137	LOSS: 62.06	MAE: 196.12	RMSE: 252.85
Epoch 138	LOSS: 66.76	MAE: 196.91	RMSE: 253.03
Epoch 139	LOSS: 60.52	MAE: 195.88	RMSE: 252.83
Epoch 140	LOSS: 67.80	MAE: 196.87	RMSE: 253.00
Epoch 141	LOSS: 61.69	MAE: 196.01	RMSE: 252.84
Epoch 142	LOSS: 66.95	MAE: 196.92	RMSE: 253.03
Epoch 143	LOSS: 61.45	MAE: 195.80	RMSE: 252.80
Epoch 144	LOSS: 69.67	MAE: 197.37	RMSE: 253.12
Epoch 145	LOSS: 59.82	MAE: 195.74	RMSE: 252.76
Epoch 146	LOSS: 69.56	MAE: 197.19	RMSE: 253.10
Epoch 147	LOSS: 58.64	MAE: 195.52	RMSE: 252.74
Epoch 148	LOSS: 67.72	MAE: 197.07	RMSE: 253.06
Epoch 149	LOSS: 59.95	MAE: 195.88	RMSE: 252.82
Epoch 150	LOSS: 68.13	MAE: 197.00	RMSE: 253.05
Epoch 151	LOSS: 62.91	MAE: 196.27	RMSE: 252.90
Epoch 152	LOSS: 63.08	MAE: 196.05	RMSE: 252.84
Epoch 153	LOSS: 69.36	MAE: 197.34	RMSE: 253.12
Epoch 154	LOSS: 59.83	MAE: 195.61	RMSE: 252.74
Epoch 155	LOSS: 68.94	MAE: 197.28	RMSE: 253.11
Epoch 156	LOSS: 58.57	MAE: 195.72	RMSE: 252.78
Epoch 157	LOSS: 67.32	MAE: 196.69	RMSE: 252.96
Epoch 158	LOSS: 60.91	MAE: 196.16	RMSE: 252.88
Epoch 159	LOSS: 65.75	MAE: 196.67	RMSE: 252.96
Epoch 160	LOSS: 60.54	MAE: 196.03	RMSE: 252.84
Epoch 161	LOSS: 67.85	MAE: 196.96	RMSE: 253.02
Epoch 162	LOSS: 59.01	MAE: 195.69	RMSE: 252.76
Epoch 163	LOSS: 65.65	MAE: 196.56	RMSE: 252.94
Epoch 164	LOSS: 65.23	MAE: 196.43	RMSE: 252.91
Epoch 165	LOSS: 59.89	MAE: 195.97	RMSE: 252.84
Epoch 166	LOSS: 65.00	MAE: 196.73	RMSE: 252.98
Epoch 167	LOSS: 59.52	MAE: 195.97	RMSE: 252.82
Epoch 168	LOSS: 66.61	MAE: 196.74	RMSE: 252.97
Epoch 169	LOSS: 60.69	MAE: 195.89	RMSE: 252.80
Epoch 170	LOSS: 63.95	MAE: 196.35	RMSE: 252.89
Epoch 171	LOSS: 61.78	MAE: 196.01	RMSE: 252.83
Epoch 172	LOSS: 65.48	MAE: 196.50	RMSE: 252.91
Epoch 173	LOSS: 62.27	MAE: 196.37	RMSE: 252.90
Epoch 174	LOSS: 63.32	MAE: 196.22	RMSE: 252.86
Epoch 175	LOSS: 63.18	MAE: 196.40	RMSE: 252.92
Epoch 176	LOSS: 62.84	MAE: 196.22	RMSE: 252.87
Epoch 177	LOSS: 62.65	MAE: 196.13	RMSE: 252.85
Epoch 178	LOSS: 64.21	MAE: 196.58	RMSE: 252.95
Epoch 179	LOSS: 61.89	MAE: 195.93	RMSE: 252.81
Epoch 180	LOSS: 65.22	MAE: 196.68	RMSE: 252.96
Epoch 181	LOSS: 59.79	MAE: 195.75	RMSE: 252.77
Epoch 182	LOSS: 66.27	MAE: 196.62	RMSE: 252.94
Epoch 183	LOSS: 57.33	MAE: 195.53	RMSE: 252.74
Epoch 184	LOSS: 68.32	MAE: 196.92	RMSE: 252.99
Epoch 185	LOSS: 58.12	MAE: 195.72	RMSE: 252.78
Epoch 186	LOSS: 65.67	MAE: 196.76	RMSE: 252.96
Epoch 187	LOSS: 59.95	MAE: 196.02	RMSE: 252.84
Epoch 188	LOSS: 64.15	MAE: 196.44	RMSE: 252.90
Epoch 189	LOSS: 57.99	MAE: 195.73	RMSE: 252.77
Epoch 190	LOSS: 69.52	MAE: 197.24	RMSE: 253.06
Epoch 191	LOSS: 57.60	MAE: 195.59	RMSE: 252.73
Epoch 192	LOSS: 65.27	MAE: 196.73	RMSE: 252.99
Epoch 193	LOSS: 61.29	MAE: 195.80	RMSE: 252.76
Epoch 194	LOSS: 60.49	MAE: 196.23	RMSE: 252.90
Epoch 195	LOSS: 68.29	MAE: 196.64	RMSE: 252.92
Epoch 196	LOSS: 60.47	MAE: 195.67	RMSE: 252.73
Epoch 197	LOSS: 64.35	MAE: 197.18	RMSE: 253.10
Epoch 198	LOSS: 58.97	MAE: 195.79	RMSE: 252.76
Epoch 199	LOSS: 65.81	MAE: 196.34	RMSE: 252.86
Epoch 200	LOSS: 59.92	MAE: 196.18	RMSE: 252.90
Epoch 201	LOSS: 66.90	MAE: 196.65	RMSE: 252.92
Epoch 202	LOSS: 57.74	MAE: 195.57	RMSE: 252.74
Epoch 203	LOSS: 63.86	MAE: 196.66	RMSE: 252.96
Epoch 204	LOSS: 62.32	MAE: 196.02	RMSE: 252.81
Epoch 205	LOSS: 58.57	MAE: 195.94	RMSE: 252.82
Epoch 206	LOSS: 65.35	MAE: 196.41	RMSE: 252.86
Epoch 207	LOSS: 58.39	MAE: 195.56	RMSE: 252.70
Epoch 208	LOSS: 65.76	MAE: 196.92	RMSE: 253.03
Epoch 209	LOSS: 56.48	MAE: 195.25	RMSE: 252.66
Epoch 210	LOSS: 65.14	MAE: 196.99	RMSE: 253.01
Epoch 211	LOSS: 57.85	MAE: 195.81	RMSE: 252.80
Epoch 212	LOSS: 63.00	MAE: 196.46	RMSE: 252.91
Epoch 213	LOSS: 58.52	MAE: 195.78	RMSE: 252.77
Epoch 214	LOSS: 69.87	MAE: 197.38	RMSE: 253.12
Epoch 215	LOSS: 57.97	MAE: 195.61	RMSE: 252.72
Epoch 216	LOSS: 63.68	MAE: 196.50	RMSE: 252.91
Epoch 217	LOSS: 63.98	MAE: 196.51	RMSE: 252.92
Epoch 218	LOSS: 58.24	MAE: 195.95	RMSE: 252.82
Epoch 219	LOSS: 66.87	MAE: 197.01	RMSE: 253.01
Epoch 220	LOSS: 56.39	MAE: 195.23	RMSE: 252.66
Epoch 221	LOSS: 64.59	MAE: 196.96	RMSE: 253.04
Epoch 222	LOSS: 59.11	MAE: 195.59	RMSE: 252.69
Epoch 223	LOSS: 63.93	MAE: 196.71	RMSE: 252.96
Epoch 224	LOSS: 59.22	MAE: 195.89	RMSE: 252.80
Epoch 225	LOSS: 64.29	MAE: 196.60	RMSE: 252.91
Epoch 226	LOSS: 59.31	MAE: 195.92	RMSE: 252.79
Epoch 227	LOSS: 64.33	MAE: 196.56	RMSE: 252.91
Epoch 228	LOSS: 60.05	MAE: 195.90	RMSE: 252.79
Epoch 229	LOSS: 60.51	MAE: 196.12	RMSE: 252.83
Epoch 230	LOSS: 66.29	MAE: 196.86	RMSE: 252.99
Epoch 231	LOSS: 57.03	MAE: 195.53	RMSE: 252.73
Epoch 232	LOSS: 68.41	MAE: 196.96	RMSE: 252.98
Epoch 233	LOSS: 58.51	MAE: 195.42	RMSE: 252.66
Epoch 234	LOSS: 64.27	MAE: 196.99	RMSE: 253.05
Epoch 235	LOSS: 59.33	MAE: 195.49	RMSE: 252.68
Epoch 236	LOSS: 65.46	MAE: 196.81	RMSE: 252.97
Epoch 237	LOSS: 58.13	MAE: 195.93	RMSE: 252.80
Epoch 238	LOSS: 64.79	MAE: 196.51	RMSE: 252.88
Epoch 239	LOSS: 58.49	MAE: 195.87	RMSE: 252.78
Epoch 240	LOSS: 64.68	MAE: 196.44	RMSE: 252.89
Epoch 241	LOSS: 59.55	MAE: 195.75	RMSE: 252.75
Epoch 242	LOSS: 61.47	MAE: 196.28	RMSE: 252.85
Epoch 243	LOSS: 59.66	MAE: 195.94	RMSE: 252.79
Epoch 244	LOSS: 66.93	MAE: 196.76	RMSE: 252.95
Epoch 245	LOSS: 54.67	MAE: 195.21	RMSE: 252.67
Epoch 246	LOSS: 68.94	MAE: 197.09	RMSE: 253.02
Epoch 247	LOSS: 55.65	MAE: 195.24	RMSE: 252.64
Epoch 248	LOSS: 66.72	MAE: 197.03	RMSE: 253.03
Epoch 249	LOSS: 55.88	MAE: 195.25	RMSE: 252.65
Epoch 250	LOSS: 67.58	MAE: 197.35	RMSE: 253.07
Epoch 251	LOSS: 54.89	MAE: 195.17	RMSE: 252.63
Epoch 252	LOSS: 67.97	MAE: 196.77	RMSE: 252.93
Epoch 253	LOSS: 55.14	MAE: 195.33	RMSE: 252.68
Epoch 254	LOSS: 67.79	MAE: 196.90	RMSE: 252.95
Epoch 255	LOSS: 55.57	MAE: 195.35	RMSE: 252.68
Epoch 256	LOSS: 65.99	MAE: 197.09	RMSE: 253.01
Epoch 257	LOSS: 54.79	MAE: 195.27	RMSE: 252.64
Epoch 258	LOSS: 67.85	MAE: 197.15	RMSE: 253.05
Epoch 259	LOSS: 54.12	MAE: 195.09	RMSE: 252.62
Epoch 260	LOSS: 66.44	MAE: 197.03	RMSE: 253.00
Epoch 261	LOSS: 55.17	MAE: 195.18	RMSE: 252.64
Epoch 262	LOSS: 66.73	MAE: 196.92	RMSE: 252.96
Epoch 263	LOSS: 54.62	MAE: 195.17	RMSE: 252.63
Epoch 264	LOSS: 66.05	MAE: 196.84	RMSE: 252.94
Epoch 265	LOSS: 54.70	MAE: 195.18	RMSE: 252.64
Epoch 266	LOSS: 66.07	MAE: 196.93	RMSE: 252.97
Epoch 267	LOSS: 55.31	MAE: 195.19	RMSE: 252.63
Epoch 268	LOSS: 66.97	MAE: 196.92	RMSE: 252.97
Epoch 269	LOSS: 55.41	MAE: 195.22	RMSE: 252.64
Epoch 270	LOSS: 68.17	MAE: 196.88	RMSE: 252.94
Epoch 271	LOSS: 54.79	MAE: 195.27	RMSE: 252.64
Epoch 272	LOSS: 64.69	MAE: 196.67	RMSE: 252.91
Epoch 273	LOSS: 56.52	MAE: 195.31	RMSE: 252.66
Epoch 274	LOSS: 64.79	MAE: 196.58	RMSE: 252.90
Epoch 275	LOSS: 59.02	MAE: 195.64	RMSE: 252.70
Epoch 276	LOSS: 63.27	MAE: 196.36	RMSE: 252.85
Epoch 277	LOSS: 57.76	MAE: 195.59	RMSE: 252.69
Epoch 278	LOSS: 61.02	MAE: 196.01	RMSE: 252.77
Epoch 279	LOSS: 57.65	MAE: 195.65	RMSE: 252.70
Epoch 280	LOSS: 66.35	MAE: 196.75	RMSE: 252.92
Epoch 281	LOSS: 51.82	MAE: 194.70	RMSE: 252.54
Epoch 282	LOSS: 61.89	MAE: 196.22	RMSE: 252.82
Epoch 283	LOSS: 62.31	MAE: 196.24	RMSE: 252.82
Epoch 284	LOSS: 59.25	MAE: 195.88	RMSE: 252.75
Epoch 285	LOSS: 59.31	MAE: 195.80	RMSE: 252.74
Epoch 286	LOSS: 60.31	MAE: 195.89	RMSE: 252.75
Epoch 287	LOSS: 58.83	MAE: 195.78	RMSE: 252.70
Epoch 288	LOSS: 59.32	MAE: 195.78	RMSE: 252.74
Epoch 289	LOSS: 62.10	MAE: 196.04	RMSE: 252.77
Epoch 290	LOSS: 58.85	MAE: 195.78	RMSE: 252.72
Epoch 291	LOSS: 63.16	MAE: 196.18	RMSE: 252.81
Epoch 292	LOSS: 58.45	MAE: 195.61	RMSE: 252.69
Epoch 293	LOSS: 63.02	MAE: 196.32	RMSE: 252.82
Epoch 294	LOSS: 57.99	MAE: 195.46	RMSE: 252.66
Epoch 295	LOSS: 62.28	MAE: 196.20	RMSE: 252.81
Epoch 296	LOSS: 58.90	MAE: 195.51	RMSE: 252.65
Epoch 297	LOSS: 63.04	MAE: 196.39	RMSE: 252.85
Epoch 298	LOSS: 56.63	MAE: 195.33	RMSE: 252.63
Epoch 299	LOSS: 63.56	MAE: 196.35	RMSE: 252.83
Epoch 300	LOSS: 56.97	MAE: 195.30	RMSE: 252.63
Epoch 301	LOSS: 64.38	MAE: 196.47	RMSE: 252.85
Epoch 302	LOSS: 55.71	MAE: 195.17	RMSE: 252.60
Epoch 303	LOSS: 64.98	MAE: 196.50	RMSE: 252.86
Epoch 304	LOSS: 57.35	MAE: 195.37	RMSE: 252.63
Epoch 305	LOSS: 65.47	MAE: 196.97	RMSE: 252.97
Epoch 306	LOSS: 55.54	MAE: 195.15	RMSE: 252.58
Epoch 307	LOSS: 60.76	MAE: 196.19	RMSE: 252.81
Epoch 308	LOSS: 63.68	MAE: 196.11	RMSE: 252.76
Epoch 309	LOSS: 56.08	MAE: 195.37	RMSE: 252.65
Epoch 310	LOSS: 63.20	MAE: 196.30	RMSE: 252.82
Epoch 311	LOSS: 56.61	MAE: 195.20	RMSE: 252.59
Epoch 312	LOSS: 62.68	MAE: 196.37	RMSE: 252.85
Epoch 313	LOSS: 56.76	MAE: 194.97	RMSE: 252.53
Epoch 314	LOSS: 62.39	MAE: 196.65	RMSE: 252.94
Epoch 315	LOSS: 59.57	MAE: 195.63	RMSE: 252.64
Epoch 316	LOSS: 57.41	MAE: 195.60	RMSE: 252.71
Epoch 317	LOSS: 61.71	MAE: 195.85	RMSE: 252.69
Epoch 318	LOSS: 58.19	MAE: 195.65	RMSE: 252.68
Epoch 319	LOSS: 62.17	MAE: 196.57	RMSE: 252.91
Epoch 320	LOSS: 63.23	MAE: 195.77	RMSE: 252.68
Epoch 321	LOSS: 59.34	MAE: 195.56	RMSE: 252.65
Epoch 322	LOSS: 60.74	MAE: 196.32	RMSE: 252.86
Epoch 323	LOSS: 61.02	MAE: 195.28	RMSE: 252.59
Epoch 324	LOSS: 58.85	MAE: 196.00	RMSE: 252.76
Epoch 325	LOSS: 58.21	MAE: 195.53	RMSE: 252.65
Epoch 326	LOSS: 61.50	MAE: 195.96	RMSE: 252.75
Epoch 327	LOSS: 60.42	MAE: 195.88	RMSE: 252.70
Epoch 328	LOSS: 55.46	MAE: 194.98	RMSE: 252.57
Epoch 329	LOSS: 63.25	MAE: 196.35	RMSE: 252.81
Epoch 330	LOSS: 55.04	MAE: 195.20	RMSE: 252.59
Epoch 331	LOSS: 61.29	MAE: 195.85	RMSE: 252.72
Epoch 332	LOSS: 58.64	MAE: 195.77	RMSE: 252.69
Epoch 333	LOSS: 57.19	MAE: 195.18	RMSE: 252.60
Epoch 334	LOSS: 65.81	MAE: 196.67	RMSE: 252.88
Epoch 335	LOSS: 51.90	MAE: 194.82	RMSE: 252.52
Epoch 336	LOSS: 68.33	MAE: 196.64	RMSE: 252.87
Epoch 337	LOSS: 54.00	MAE: 194.81	RMSE: 252.54
Epoch 338	LOSS: 66.22	MAE: 196.57	RMSE: 252.84
Epoch 339	LOSS: 55.06	MAE: 194.97	RMSE: 252.55
Epoch 340	LOSS: 62.70	MAE: 196.29	RMSE: 252.81
Epoch 341	LOSS: 56.40	MAE: 195.27	RMSE: 252.61
Epoch 342	LOSS: 59.29	MAE: 195.67	RMSE: 252.68
Epoch 343	LOSS: 60.61	MAE: 195.92	RMSE: 252.73
Epoch 344	LOSS: 56.02	MAE: 195.36	RMSE: 252.60
Epoch 345	LOSS: 60.84	MAE: 195.82	RMSE: 252.71
Epoch 346	LOSS: 59.97	MAE: 195.73	RMSE: 252.69
Epoch 347	LOSS: 57.65	MAE: 195.48	RMSE: 252.63
Epoch 348	LOSS: 59.03	MAE: 195.76	RMSE: 252.71
Epoch 349	LOSS: 58.98	MAE: 195.61	RMSE: 252.67
Epoch 350	LOSS: 59.36	MAE: 195.90	RMSE: 252.72
Epoch 351	LOSS: 56.44	MAE: 195.13	RMSE: 252.59
Epoch 352	LOSS: 67.49	MAE: 196.85	RMSE: 252.90
Epoch 353	LOSS: 54.14	MAE: 194.93	RMSE: 252.54
Epoch 354	LOSS: 63.20	MAE: 196.16	RMSE: 252.77
Epoch 355	LOSS: 56.89	MAE: 195.27	RMSE: 252.61
Epoch 356	LOSS: 63.04	MAE: 196.17	RMSE: 252.78
Epoch 357	LOSS: 55.04	MAE: 194.86	RMSE: 252.54
Epoch 358	LOSS: 63.45	MAE: 196.20	RMSE: 252.78
Epoch 359	LOSS: 55.52	MAE: 194.95	RMSE: 252.54
Epoch 360	LOSS: 64.90	MAE: 196.41	RMSE: 252.83
Epoch 361	LOSS: 56.68	MAE: 195.22	RMSE: 252.59
Epoch 362	LOSS: 62.84	MAE: 196.13	RMSE: 252.77
Epoch 363	LOSS: 55.50	MAE: 195.23	RMSE: 252.61
Epoch 364	LOSS: 63.98	MAE: 196.25	RMSE: 252.77
Epoch 365	LOSS: 54.05	MAE: 194.89	RMSE: 252.55
Epoch 366	LOSS: 61.00	MAE: 195.93	RMSE: 252.71
Epoch 367	LOSS: 55.92	MAE: 195.16	RMSE: 252.59
Epoch 368	LOSS: 66.61	MAE: 196.64	RMSE: 252.87
Epoch 369	LOSS: 57.48	MAE: 195.22	RMSE: 252.58
Epoch 370	LOSS: 57.74	MAE: 195.49	RMSE: 252.66
Epoch 371	LOSS: 60.35	MAE: 195.64	RMSE: 252.66
Epoch 372	LOSS: 57.96	MAE: 195.48	RMSE: 252.64
Epoch 373	LOSS: 61.58	MAE: 195.98	RMSE: 252.73
Epoch 374	LOSS: 56.77	MAE: 195.14	RMSE: 252.59
Epoch 375	LOSS: 61.93	MAE: 196.13	RMSE: 252.75
Epoch 376	LOSS: 56.33	MAE: 195.06	RMSE: 252.57
Epoch 377	LOSS: 63.86	MAE: 196.33	RMSE: 252.81
Epoch 378	LOSS: 54.28	MAE: 194.94	RMSE: 252.53
Epoch 379	LOSS: 63.05	MAE: 196.16	RMSE: 252.78
Epoch 380	LOSS: 53.24	MAE: 194.82	RMSE: 252.53
Epoch 381	LOSS: 63.32	MAE: 196.09	RMSE: 252.74
Epoch 382	LOSS: 56.98	MAE: 195.28	RMSE: 252.62
Epoch 383	LOSS: 62.99	MAE: 196.00	RMSE: 252.72
Epoch 384	LOSS: 54.72	MAE: 194.96	RMSE: 252.56
Epoch 385	LOSS: 63.23	MAE: 196.03	RMSE: 252.73
Epoch 386	LOSS: 53.49	MAE: 194.79	RMSE: 252.52
Epoch 387	LOSS: 61.02	MAE: 195.87	RMSE: 252.71
Epoch 388	LOSS: 56.41	MAE: 195.20	RMSE: 252.58
Epoch 389	LOSS: 62.03	MAE: 196.15	RMSE: 252.76
Epoch 390	LOSS: 53.21	MAE: 194.81	RMSE: 252.52
Epoch 391	LOSS: 61.40	MAE: 195.99	RMSE: 252.74
Epoch 392	LOSS: 53.88	MAE: 194.87	RMSE: 252.52
Epoch 393	LOSS: 65.71	MAE: 196.72	RMSE: 252.89
Epoch 394	LOSS: 55.67	MAE: 195.06	RMSE: 252.56
Epoch 395	LOSS: 58.52	MAE: 195.31	RMSE: 252.61
Epoch 396	LOSS: 60.82	MAE: 195.72	RMSE: 252.69
Epoch 397	LOSS: 56.22	MAE: 195.00	RMSE: 252.53
Epoch 398	LOSS: 61.74	MAE: 196.14	RMSE: 252.79
Epoch 399	LOSS: 55.83	MAE: 195.19	RMSE: 252.60
Epoch 400	LOSS: 61.07	MAE: 195.80	RMSE: 252.69
Epoch 401	LOSS: 59.52	MAE: 195.66	RMSE: 252.68
Epoch 402	LOSS: 56.32	MAE: 195.07	RMSE: 252.55
Epoch 403	LOSS: 58.61	MAE: 195.45	RMSE: 252.63
Epoch 404	LOSS: 57.83	MAE: 195.56	RMSE: 252.67
Epoch 405	LOSS: 59.19	MAE: 195.65	RMSE: 252.66
Epoch 406	LOSS: 53.69	MAE: 194.85	RMSE: 252.55
Epoch 407	LOSS: 70.09	MAE: 197.10	RMSE: 252.94
Epoch 408	LOSS: 57.46	MAE: 195.20	RMSE: 252.57
Epoch 409	LOSS: 57.43	MAE: 195.10	RMSE: 252.60
Epoch 410	LOSS: 60.66	MAE: 195.57	RMSE: 252.63
Epoch 411	LOSS: 57.93	MAE: 195.43	RMSE: 252.61
Epoch 412	LOSS: 57.83	MAE: 195.29	RMSE: 252.62
Epoch 413	LOSS: 62.44	MAE: 195.91	RMSE: 252.71
Epoch 414	LOSS: 55.65	MAE: 195.04	RMSE: 252.55
Epoch 415	LOSS: 62.88	MAE: 196.07	RMSE: 252.76
Epoch 416	LOSS: 54.81	MAE: 194.97	RMSE: 252.55
Epoch 417	LOSS: 62.71	MAE: 196.02	RMSE: 252.73
Epoch 418	LOSS: 54.03	MAE: 194.96	RMSE: 252.54
Epoch 419	LOSS: 61.77	MAE: 195.97	RMSE: 252.73
Epoch 420	LOSS: 55.56	MAE: 194.98	RMSE: 252.54
Epoch 421	LOSS: 60.07	MAE: 195.93	RMSE: 252.73
Epoch 422	LOSS: 56.40	MAE: 195.19	RMSE: 252.59
Epoch 423	LOSS: 59.80	MAE: 195.58	RMSE: 252.65
Epoch 424	LOSS: 57.15	MAE: 195.28	RMSE: 252.60
Epoch 425	LOSS: 59.56	MAE: 195.49	RMSE: 252.63
Epoch 426	LOSS: 56.42	MAE: 195.13	RMSE: 252.57
Epoch 427	LOSS: 60.13	MAE: 195.77	RMSE: 252.69
Epoch 428	LOSS: 56.74	MAE: 195.11	RMSE: 252.56
Epoch 429	LOSS: 60.13	MAE: 195.75	RMSE: 252.69
Epoch 430	LOSS: 56.77	MAE: 195.30	RMSE: 252.59
Epoch 431	LOSS: 59.65	MAE: 195.55	RMSE: 252.65
Epoch 432	LOSS: 57.84	MAE: 195.35	RMSE: 252.62
Epoch 433	LOSS: 59.89	MAE: 195.61	RMSE: 252.65
Epoch 434	LOSS: 57.04	MAE: 195.15	RMSE: 252.58
Epoch 435	LOSS: 59.24	MAE: 195.69	RMSE: 252.68
Epoch 436	LOSS: 57.28	MAE: 195.22	RMSE: 252.58
Epoch 437	LOSS: 58.83	MAE: 195.56	RMSE: 252.65
Epoch 438	LOSS: 58.17	MAE: 195.30	RMSE: 252.60
Epoch 439	LOSS: 58.43	MAE: 195.44	RMSE: 252.62
Epoch 440	LOSS: 58.58	MAE: 195.46	RMSE: 252.63
Epoch 441	LOSS: 57.62	MAE: 195.34	RMSE: 252.61
Epoch 442	LOSS: 57.72	MAE: 195.43	RMSE: 252.63
Epoch 443	LOSS: 59.20	MAE: 195.56	RMSE: 252.65
Epoch 444	LOSS: 57.18	MAE: 195.20	RMSE: 252.58
Epoch 445	LOSS: 57.55	MAE: 195.34	RMSE: 252.61
Epoch 446	LOSS: 59.87	MAE: 195.55	RMSE: 252.64
Epoch 447	LOSS: 58.36	MAE: 195.52	RMSE: 252.64
Epoch 448	LOSS: 57.99	MAE: 195.37	RMSE: 252.60
Epoch 449	LOSS: 56.56	MAE: 195.13	RMSE: 252.58
Epoch 450	LOSS: 60.54	MAE: 195.75	RMSE: 252.68
Epoch 451	LOSS: 54.55	MAE: 194.99	RMSE: 252.54
Epoch 452	LOSS: 62.93	MAE: 196.22	RMSE: 252.76
Epoch 453	LOSS: 52.61	MAE: 194.71	RMSE: 252.50
Epoch 454	LOSS: 62.64	MAE: 196.05	RMSE: 252.73
Epoch 455	LOSS: 52.50	MAE: 194.70	RMSE: 252.50
Epoch 456	LOSS: 63.50	MAE: 196.00	RMSE: 252.72
Epoch 457	LOSS: 54.19	MAE: 194.95	RMSE: 252.54
Epoch 458	LOSS: 63.43	MAE: 196.14	RMSE: 252.75
Epoch 459	LOSS: 55.15	MAE: 195.04	RMSE: 252.56
Epoch 460	LOSS: 61.19	MAE: 195.91	RMSE: 252.69
Epoch 461	LOSS: 53.73	MAE: 194.93	RMSE: 252.54
Epoch 462	LOSS: 61.80	MAE: 195.89	RMSE: 252.69
Epoch 463	LOSS: 51.83	MAE: 194.65	RMSE: 252.49
Epoch 464	LOSS: 61.05	MAE: 195.89	RMSE: 252.70
Epoch 465	LOSS: 55.32	MAE: 195.00	RMSE: 252.54
Epoch 466	LOSS: 60.02	MAE: 195.69	RMSE: 252.67
Epoch 467	LOSS: 56.66	MAE: 195.11	RMSE: 252.55
Epoch 468	LOSS: 63.32	MAE: 196.29	RMSE: 252.79
Epoch 469	LOSS: 48.17	MAE: 194.01	RMSE: 252.38
Epoch 470	LOSS: 58.47	MAE: 195.56	RMSE: 252.63
Epoch 471	LOSS: 65.56	MAE: 196.37	RMSE: 252.82
Epoch 472	LOSS: 56.31	MAE: 195.08	RMSE: 252.54
Epoch 473	LOSS: 54.29	MAE: 195.01	RMSE: 252.52
Epoch 474	LOSS: 65.19	MAE: 196.38	RMSE: 252.85
Epoch 475	LOSS: 56.23	MAE: 195.00	RMSE: 252.54
Epoch 476	LOSS: 58.14	MAE: 195.68	RMSE: 252.65
Epoch 477	LOSS: 57.68	MAE: 195.09	RMSE: 252.57
Epoch 478	LOSS: 60.07	MAE: 195.94	RMSE: 252.71
Epoch 479	LOSS: 58.32	MAE: 195.21	RMSE: 252.57
Epoch 480	LOSS: 56.73	MAE: 195.25	RMSE: 252.59
Epoch 481	LOSS: 57.77	MAE: 195.59	RMSE: 252.63
Epoch 482	LOSS: 60.47	MAE: 195.34	RMSE: 252.63
Epoch 483	LOSS: 55.60	MAE: 195.24	RMSE: 252.57
Epoch 484	LOSS: 62.73	MAE: 196.08	RMSE: 252.74
Epoch 485	LOSS: 53.49	MAE: 194.75	RMSE: 252.52
Epoch 486	LOSS: 61.08	MAE: 195.85	RMSE: 252.67
Epoch 487	LOSS: 55.73	MAE: 194.96	RMSE: 252.55
Epoch 488	LOSS: 58.70	MAE: 195.51	RMSE: 252.63
Epoch 489	LOSS: 53.68	MAE: 195.03	RMSE: 252.54
Epoch 490	LOSS: 64.58	MAE: 196.35	RMSE: 252.79
Epoch 491	LOSS: 52.63	MAE: 194.60	RMSE: 252.49
Epoch 492	LOSS: 61.08	MAE: 195.98	RMSE: 252.70
Epoch 493	LOSS: 54.95	MAE: 195.08	RMSE: 252.57
Epoch 494	LOSS: 57.26	MAE: 195.25	RMSE: 252.58
Epoch 495	LOSS: 60.67	MAE: 196.32	RMSE: 252.77
Epoch 496	LOSS: 54.04	MAE: 194.38	RMSE: 252.46
Epoch 497	LOSS: 64.59	MAE: 196.25	RMSE: 252.80
Epoch 498	LOSS: 51.58	MAE: 194.72	RMSE: 252.48
Epoch 499	LOSS: 64.83	MAE: 196.29	RMSE: 252.77
