Epoch 000	LOSS: 54.24	MAE: 56.72	RMSE: 57.36
Epoch 001	LOSS: 53.84	MAE: 56.11	RMSE: 56.75
Epoch 002	LOSS: 53.07	MAE: 55.48	RMSE: 56.13
Epoch 003	LOSS: 51.78	MAE: 54.82	RMSE: 55.48
Epoch 004	LOSS: 51.75	MAE: 54.14	RMSE: 54.80
Epoch 005	LOSS: 51.24	MAE: 53.42	RMSE: 54.09
Epoch 006	LOSS: 50.44	MAE: 52.67	RMSE: 53.35
Epoch 007	LOSS: 49.41	MAE: 51.89	RMSE: 52.58
Epoch 008	LOSS: 48.80	MAE: 51.08	RMSE: 51.78
Epoch 009	LOSS: 47.76	MAE: 50.24	RMSE: 50.95
Epoch 010	LOSS: 47.21	MAE: 49.37	RMSE: 50.09
Epoch 011	LOSS: 45.87	MAE: 48.47	RMSE: 49.20
Epoch 012	LOSS: 45.08	MAE: 47.54	RMSE: 48.28
Epoch 013	LOSS: 44.13	MAE: 46.58	RMSE: 47.33
Epoch 014	LOSS: 43.72	MAE: 45.60	RMSE: 46.36
Epoch 015	LOSS: 42.60	MAE: 44.59	RMSE: 45.35
Epoch 016	LOSS: 41.57	MAE: 43.55	RMSE: 44.32
Epoch 017	LOSS: 40.70	MAE: 42.49	RMSE: 43.26
Epoch 018	LOSS: 39.51	MAE: 41.41	RMSE: 42.18
Epoch 019	LOSS: 38.71	MAE: 40.30	RMSE: 41.08
Epoch 020	LOSS: 37.31	MAE: 39.18	RMSE: 39.95
Epoch 021	LOSS: 36.11	MAE: 38.03	RMSE: 38.80
Epoch 022	LOSS: 35.11	MAE: 36.86	RMSE: 37.63
Epoch 023	LOSS: 34.02	MAE: 35.67	RMSE: 36.43
Epoch 024	LOSS: 32.81	MAE: 34.46	RMSE: 35.22
Epoch 025	LOSS: 31.93	MAE: 33.24	RMSE: 33.98
Epoch 026	LOSS: 30.41	MAE: 32.00	RMSE: 32.73
Epoch 027	LOSS: 29.48	MAE: 30.74	RMSE: 31.46
Epoch 028	LOSS: 28.05	MAE: 29.47	RMSE: 30.17
Epoch 029	LOSS: 26.94	MAE: 28.18	RMSE: 28.86
Epoch 030	LOSS: 25.51	MAE: 26.88	RMSE: 27.54
Epoch 031	LOSS: 24.51	MAE: 25.56	RMSE: 26.20
Epoch 032	LOSS: 23.17	MAE: 24.24	RMSE: 24.86
Epoch 033	LOSS: 21.96	MAE: 22.90	RMSE: 23.50
Epoch 034	LOSS: 20.61	MAE: 21.55	RMSE: 22.14
Epoch 035	LOSS: 19.30	MAE: 20.19	RMSE: 20.77
Epoch 036	LOSS: 18.09	MAE: 18.83	RMSE: 19.41
Epoch 037	LOSS: 16.78	MAE: 17.45	RMSE: 18.05
Epoch 038	LOSS: 15.49	MAE: 16.08	RMSE: 16.70
Epoch 039	LOSS: 14.28	MAE: 14.70	RMSE: 15.38
Epoch 040	LOSS: 12.93	MAE: 13.32	RMSE: 14.10
Epoch 041	LOSS: 11.73	MAE: 11.95	RMSE: 12.87
Epoch 042	LOSS: 10.39	MAE: 10.60	RMSE: 11.72
Epoch 043	LOSS: 9.22	MAE: 9.29	RMSE: 10.69
Epoch 044	LOSS: 8.06	MAE: 8.04	RMSE: 9.82
Epoch 045	LOSS: 7.09	MAE: 6.89	RMSE: 9.15
Epoch 046	LOSS: 6.05	MAE: 5.91	RMSE: 8.73
Epoch 047	LOSS: 5.53	MAE: 5.16	RMSE: 8.56
Epoch 048	LOSS: 5.05	MAE: 4.72	RMSE: 8.59
Epoch 049	LOSS: 4.87	MAE: 4.55	RMSE: 8.73
Epoch 050	LOSS: 5.00	MAE: 4.54	RMSE: 8.88
Epoch 051	LOSS: 5.00	MAE: 4.55	RMSE: 8.96
Epoch 052	LOSS: 5.02	MAE: 4.53	RMSE: 8.86
Epoch 053	LOSS: 4.99	MAE: 4.54	RMSE: 8.79
Epoch 054	LOSS: 4.90	MAE: 4.53	RMSE: 8.88
Epoch 055	LOSS: 5.02	MAE: 4.55	RMSE: 8.71
Epoch 056	LOSS: 4.83	MAE: 4.55	RMSE: 8.64
Epoch 057	LOSS: 4.74	MAE: 4.53	RMSE: 8.72
Epoch 058	LOSS: 4.69	MAE: 4.52	RMSE: 8.61
Epoch 059	LOSS: 4.71	MAE: 4.48	RMSE: 8.82
Epoch 060	LOSS: 4.74	MAE: 4.50	RMSE: 8.78
Epoch 061	LOSS: 4.51	MAE: 4.47	RMSE: 8.79
Epoch 062	LOSS: 4.53	MAE: 4.48	RMSE: 8.82
Epoch 063	LOSS: 4.57	MAE: 4.50	RMSE: 8.83
Epoch 064	LOSS: 4.51	MAE: 4.49	RMSE: 8.83
Epoch 065	LOSS: 4.54	MAE: 4.51	RMSE: 8.85
Epoch 066	LOSS: 4.59	MAE: 4.48	RMSE: 8.78
Epoch 067	LOSS: 4.53	MAE: 4.49	RMSE: 8.83
Epoch 068	LOSS: 4.54	MAE: 4.50	RMSE: 8.83
Epoch 069	LOSS: 4.61	MAE: 4.50	RMSE: 8.79
Epoch 070	LOSS: 4.58	MAE: 4.49	RMSE: 8.83
Epoch 071	LOSS: 4.41	MAE: 4.50	RMSE: 8.86
Epoch 072	LOSS: 4.48	MAE: 4.49	RMSE: 8.83
Epoch 073	LOSS: 4.52	MAE: 4.50	RMSE: 8.79
Epoch 074	LOSS: 4.55	MAE: 4.49	RMSE: 8.80
Epoch 075	LOSS: 4.51	MAE: 4.49	RMSE: 8.80
Epoch 076	LOSS: 4.41	MAE: 4.49	RMSE: 8.80
Epoch 077	LOSS: 4.50	MAE: 4.49	RMSE: 8.81
Epoch 078	LOSS: 4.54	MAE: 4.49	RMSE: 8.79
Epoch 079	LOSS: 4.53	MAE: 4.49	RMSE: 8.80
Epoch 080	LOSS: 4.58	MAE: 4.50	RMSE: 8.83
Epoch 081	LOSS: 4.54	MAE: 4.51	RMSE: 8.87
Epoch 082	LOSS: 4.66	MAE: 4.51	RMSE: 8.82
Epoch 083	LOSS: 4.59	MAE: 4.47	RMSE: 8.78
Epoch 084	LOSS: 4.38	MAE: 4.50	RMSE: 8.81
Epoch 085	LOSS: 4.60	MAE: 4.49	RMSE: 8.79
Epoch 086	LOSS: 4.59	MAE: 4.47	RMSE: 8.75
Epoch 087	LOSS: 4.51	MAE: 4.49	RMSE: 8.81
Epoch 088	LOSS: 4.44	MAE: 4.50	RMSE: 8.82
Epoch 089	LOSS: 4.47	MAE: 4.51	RMSE: 8.82
Epoch 090	LOSS: 4.48	MAE: 4.50	RMSE: 8.83
Epoch 091	LOSS: 4.46	MAE: 4.51	RMSE: 8.81
Epoch 092	LOSS: 4.58	MAE: 4.51	RMSE: 8.77
Epoch 093	LOSS: 4.42	MAE: 4.51	RMSE: 8.79
Epoch 094	LOSS: 4.45	MAE: 4.50	RMSE: 8.81
Epoch 095	LOSS: 4.60	MAE: 4.47	RMSE: 8.74
Epoch 096	LOSS: 4.47	MAE: 4.50	RMSE: 8.79
Epoch 097	LOSS: 4.46	MAE: 4.51	RMSE: 8.83
Epoch 098	LOSS: 4.51	MAE: 4.47	RMSE: 8.71
Epoch 099	LOSS: 4.53	MAE: 4.48	RMSE: 8.77
Epoch 100	LOSS: 4.37	MAE: 4.46	RMSE: 8.70
Epoch 101	LOSS: 4.45	MAE: 4.48	RMSE: 8.76
Epoch 102	LOSS: 4.45	MAE: 4.48	RMSE: 8.68
Epoch 103	LOSS: 4.44	MAE: 4.45	RMSE: 8.69
Epoch 104	LOSS: 4.31	MAE: 4.48	RMSE: 8.74
Epoch 105	LOSS: 4.36	MAE: 4.50	RMSE: 8.78
Epoch 106	LOSS: 4.45	MAE: 4.50	RMSE: 8.78
Epoch 107	LOSS: 4.39	MAE: 4.44	RMSE: 8.67
Epoch 108	LOSS: 4.50	MAE: 4.48	RMSE: 8.70
Epoch 109	LOSS: 4.30	MAE: 4.46	RMSE: 8.70
Epoch 110	LOSS: 4.44	MAE: 4.47	RMSE: 8.68
Epoch 111	LOSS: 4.34	MAE: 4.47	RMSE: 8.73
Epoch 112	LOSS: 4.37	MAE: 4.49	RMSE: 8.75
Epoch 113	LOSS: 4.39	MAE: 4.47	RMSE: 8.73
Epoch 114	LOSS: 4.47	MAE: 4.46	RMSE: 8.71
Epoch 115	LOSS: 4.47	MAE: 4.45	RMSE: 8.70
Epoch 116	LOSS: 4.41	MAE: 4.48	RMSE: 8.73
Epoch 117	LOSS: 4.38	MAE: 4.46	RMSE: 8.70
Epoch 118	LOSS: 4.37	MAE: 4.47	RMSE: 8.71
Epoch 119	LOSS: 4.35	MAE: 4.46	RMSE: 8.68
Epoch 120	LOSS: 4.39	MAE: 4.47	RMSE: 8.73
Epoch 121	LOSS: 4.39	MAE: 4.45	RMSE: 8.66
Epoch 122	LOSS: 4.48	MAE: 4.44	RMSE: 8.64
Epoch 123	LOSS: 4.36	MAE: 4.45	RMSE: 8.68
Epoch 124	LOSS: 4.40	MAE: 4.45	RMSE: 8.66
Epoch 125	LOSS: 4.38	MAE: 4.46	RMSE: 8.72
Epoch 126	LOSS: 4.32	MAE: 4.45	RMSE: 8.67
Epoch 127	LOSS: 4.34	MAE: 4.46	RMSE: 8.68
Epoch 128	LOSS: 4.41	MAE: 4.46	RMSE: 8.69
Epoch 129	LOSS: 4.46	MAE: 4.45	RMSE: 8.67
Epoch 130	LOSS: 4.39	MAE: 4.43	RMSE: 8.58
Epoch 131	LOSS: 4.40	MAE: 4.43	RMSE: 8.58
Epoch 132	LOSS: 4.27	MAE: 4.44	RMSE: 8.61
Epoch 133	LOSS: 4.40	MAE: 4.49	RMSE: 8.71
Epoch 134	LOSS: 4.41	MAE: 4.45	RMSE: 8.66
Epoch 135	LOSS: 4.34	MAE: 4.49	RMSE: 8.75
Epoch 136	LOSS: 4.33	MAE: 4.47	RMSE: 8.71
Epoch 137	LOSS: 4.43	MAE: 4.50	RMSE: 8.67
Epoch 138	LOSS: 4.48	MAE: 4.44	RMSE: 8.67
Epoch 139	LOSS: 4.50	MAE: 4.50	RMSE: 8.72
Epoch 140	LOSS: 4.42	MAE: 4.47	RMSE: 8.72
Epoch 141	LOSS: 4.45	MAE: 4.50	RMSE: 8.77
Epoch 142	LOSS: 4.37	MAE: 4.48	RMSE: 8.76
Epoch 143	LOSS: 4.47	MAE: 4.48	RMSE: 8.74
Epoch 144	LOSS: 4.41	MAE: 4.46	RMSE: 8.69
Epoch 145	LOSS: 4.37	MAE: 4.47	RMSE: 8.67
Epoch 146	LOSS: 4.37	MAE: 4.49	RMSE: 8.70
Epoch 147	LOSS: 4.42	MAE: 4.46	RMSE: 8.69
Epoch 148	LOSS: 4.47	MAE: 4.46	RMSE: 8.56
Epoch 149	LOSS: 4.41	MAE: 4.44	RMSE: 8.63
Epoch 150	LOSS: 4.36	MAE: 4.43	RMSE: 8.63
Epoch 151	LOSS: 4.38	MAE: 4.49	RMSE: 8.73
Epoch 152	LOSS: 4.37	MAE: 4.47	RMSE: 8.71
Epoch 153	LOSS: 4.44	MAE: 4.46	RMSE: 8.65
Epoch 154	LOSS: 4.44	MAE: 4.48	RMSE: 8.71
Epoch 155	LOSS: 4.37	MAE: 4.48	RMSE: 8.69
Epoch 156	LOSS: 4.35	MAE: 4.48	RMSE: 8.66
Epoch 157	LOSS: 4.40	MAE: 4.46	RMSE: 8.66
Epoch 158	LOSS: 4.37	MAE: 4.48	RMSE: 8.65
Epoch 159	LOSS: 4.33	MAE: 4.44	RMSE: 8.62
Epoch 160	LOSS: 4.30	MAE: 4.48	RMSE: 8.71
Epoch 161	LOSS: 4.36	MAE: 4.47	RMSE: 8.69
Epoch 162	LOSS: 4.49	MAE: 4.45	RMSE: 8.65
Epoch 163	LOSS: 4.45	MAE: 4.45	RMSE: 8.66
Epoch 164	LOSS: 4.37	MAE: 4.45	RMSE: 8.62
Epoch 165	LOSS: 4.35	MAE: 4.47	RMSE: 8.67
Epoch 166	LOSS: 4.36	MAE: 4.44	RMSE: 8.65
Epoch 167	LOSS: 4.41	MAE: 4.46	RMSE: 8.66
Epoch 168	LOSS: 4.31	MAE: 4.46	RMSE: 8.63
Epoch 169	LOSS: 4.40	MAE: 4.47	RMSE: 8.68
Epoch 170	LOSS: 4.39	MAE: 4.43	RMSE: 8.64
Epoch 171	LOSS: 4.28	MAE: 4.45	RMSE: 8.67
Epoch 172	LOSS: 4.31	MAE: 4.45	RMSE: 8.69
Epoch 173	LOSS: 4.34	MAE: 4.47	RMSE: 8.68
Epoch 174	LOSS: 4.41	MAE: 4.45	RMSE: 8.68
Epoch 175	LOSS: 4.44	MAE: 4.44	RMSE: 8.61
Epoch 176	LOSS: 4.48	MAE: 4.45	RMSE: 8.67
Epoch 177	LOSS: 4.46	MAE: 4.45	RMSE: 8.64
Epoch 178	LOSS: 4.49	MAE: 4.46	RMSE: 8.68
Epoch 179	LOSS: 4.40	MAE: 4.46	RMSE: 8.63
Epoch 180	LOSS: 4.37	MAE: 4.40	RMSE: 8.59
Epoch 181	LOSS: 4.35	MAE: 4.41	RMSE: 8.56
Epoch 182	LOSS: 4.32	MAE: 4.43	RMSE: 8.61
Epoch 183	LOSS: 4.33	MAE: 4.47	RMSE: 8.70
Epoch 184	LOSS: 4.45	MAE: 4.48	RMSE: 8.69
Epoch 185	LOSS: 4.42	MAE: 4.43	RMSE: 8.61
Epoch 186	LOSS: 4.38	MAE: 4.44	RMSE: 8.65
Epoch 187	LOSS: 4.31	MAE: 4.42	RMSE: 8.62
Epoch 188	LOSS: 4.43	MAE: 4.37	RMSE: 8.53
Epoch 189	LOSS: 4.37	MAE: 4.47	RMSE: 8.70
Epoch 190	LOSS: 4.34	MAE: 4.41	RMSE: 8.57
Epoch 191	LOSS: 4.44	MAE: 4.38	RMSE: 8.55
Epoch 192	LOSS: 4.35	MAE: 4.40	RMSE: 8.55
Epoch 193	LOSS: 4.32	MAE: 4.42	RMSE: 8.59
Epoch 194	LOSS: 4.38	MAE: 4.41	RMSE: 8.59
Epoch 195	LOSS: 4.37	MAE: 4.44	RMSE: 8.64
Epoch 196	LOSS: 4.34	MAE: 4.47	RMSE: 8.68
Epoch 197	LOSS: 4.33	MAE: 4.42	RMSE: 8.64
Epoch 198	LOSS: 4.36	MAE: 4.41	RMSE: 8.61
Epoch 199	LOSS: 4.33	MAE: 4.42	RMSE: 8.62
Epoch 200	LOSS: 4.36	MAE: 4.46	RMSE: 8.70
Epoch 201	LOSS: 4.38	MAE: 4.41	RMSE: 8.63
Epoch 202	LOSS: 4.39	MAE: 4.43	RMSE: 8.63
Epoch 203	LOSS: 4.31	MAE: 4.42	RMSE: 8.60
Epoch 204	LOSS: 4.36	MAE: 4.43	RMSE: 8.63
Epoch 205	LOSS: 4.38	MAE: 4.44	RMSE: 8.58
Epoch 206	LOSS: 4.45	MAE: 4.46	RMSE: 8.67
Epoch 207	LOSS: 4.40	MAE: 4.46	RMSE: 8.64
Epoch 208	LOSS: 4.39	MAE: 4.43	RMSE: 8.62
Epoch 209	LOSS: 4.37	MAE: 4.45	RMSE: 8.65
Epoch 210	LOSS: 4.46	MAE: 4.43	RMSE: 8.61
Epoch 211	LOSS: 4.39	MAE: 4.41	RMSE: 8.57
Epoch 212	LOSS: 4.21	MAE: 4.42	RMSE: 8.61
Epoch 213	LOSS: 4.33	MAE: 4.40	RMSE: 8.57
Epoch 214	LOSS: 4.35	MAE: 4.48	RMSE: 8.71
Epoch 215	LOSS: 4.46	MAE: 4.46	RMSE: 8.70
Epoch 216	LOSS: 4.36	MAE: 4.42	RMSE: 8.63
Epoch 217	LOSS: 4.48	MAE: 4.46	RMSE: 8.67
Epoch 218	LOSS: 4.45	MAE: 4.39	RMSE: 8.56
Epoch 219	LOSS: 4.37	MAE: 4.42	RMSE: 8.58
Epoch 220	LOSS: 4.38	MAE: 4.41	RMSE: 8.58
Epoch 221	LOSS: 4.41	MAE: 4.40	RMSE: 8.56
Epoch 222	LOSS: 4.41	MAE: 4.42	RMSE: 8.60
Epoch 223	LOSS: 4.32	MAE: 4.42	RMSE: 8.62
Epoch 224	LOSS: 4.44	MAE: 4.44	RMSE: 8.66
Epoch 225	LOSS: 4.37	MAE: 4.46	RMSE: 8.68
Epoch 226	LOSS: 4.44	MAE: 4.42	RMSE: 8.61
Epoch 227	LOSS: 4.44	MAE: 4.43	RMSE: 8.66
Epoch 228	LOSS: 4.37	MAE: 4.44	RMSE: 8.65
Epoch 229	LOSS: 4.39	MAE: 4.42	RMSE: 8.59
Epoch 230	LOSS: 4.41	MAE: 4.43	RMSE: 8.61
Epoch 231	LOSS: 4.36	MAE: 4.44	RMSE: 8.63
Epoch 232	LOSS: 4.39	MAE: 4.43	RMSE: 8.58
Epoch 233	LOSS: 4.35	MAE: 4.42	RMSE: 8.59
Epoch 234	LOSS: 4.31	MAE: 4.47	RMSE: 8.67
Epoch 235	LOSS: 4.33	MAE: 4.43	RMSE: 8.63
Epoch 236	LOSS: 4.32	MAE: 4.41	RMSE: 8.60
Epoch 237	LOSS: 4.37	MAE: 4.42	RMSE: 8.60
Epoch 238	LOSS: 4.40	MAE: 4.44	RMSE: 8.67
Epoch 239	LOSS: 4.44	MAE: 4.43	RMSE: 8.64
Epoch 240	LOSS: 4.41	MAE: 4.42	RMSE: 8.63
Epoch 241	LOSS: 4.35	MAE: 4.40	RMSE: 8.54
Epoch 242	LOSS: 4.37	MAE: 4.43	RMSE: 8.62
Epoch 243	LOSS: 4.33	MAE: 4.44	RMSE: 8.68
Epoch 244	LOSS: 4.49	MAE: 4.43	RMSE: 8.61
Epoch 245	LOSS: 4.42	MAE: 4.42	RMSE: 8.60
Epoch 246	LOSS: 4.47	MAE: 4.41	RMSE: 8.60
Epoch 247	LOSS: 4.36	MAE: 4.42	RMSE: 8.61
Epoch 248	LOSS: 4.38	MAE: 4.43	RMSE: 8.63
Epoch 249	LOSS: 4.43	MAE: 4.43	RMSE: 8.63
Epoch 250	LOSS: 4.29	MAE: 4.43	RMSE: 8.63
Epoch 251	LOSS: 4.37	MAE: 4.43	RMSE: 8.62
Epoch 252	LOSS: 4.42	MAE: 4.41	RMSE: 8.56
Epoch 253	LOSS: 4.35	MAE: 4.42	RMSE: 8.59
Epoch 254	LOSS: 4.40	MAE: 4.42	RMSE: 8.60
Epoch 255	LOSS: 4.41	MAE: 4.44	RMSE: 8.64
Epoch 256	LOSS: 4.43	MAE: 4.42	RMSE: 8.59
Epoch 257	LOSS: 4.29	MAE: 4.42	RMSE: 8.60
Epoch 258	LOSS: 4.28	MAE: 4.44	RMSE: 8.66
Epoch 259	LOSS: 4.35	MAE: 4.41	RMSE: 8.56
Epoch 260	LOSS: 4.27	MAE: 4.44	RMSE: 8.65
Epoch 261	LOSS: 4.34	MAE: 4.43	RMSE: 8.57
Epoch 262	LOSS: 4.44	MAE: 4.44	RMSE: 8.62
Epoch 263	LOSS: 4.44	MAE: 4.42	RMSE: 8.63
Epoch 264	LOSS: 4.28	MAE: 4.43	RMSE: 8.60
Epoch 265	LOSS: 4.38	MAE: 4.47	RMSE: 8.66
Epoch 266	LOSS: 4.34	MAE: 4.45	RMSE: 8.66
Epoch 267	LOSS: 4.40	MAE: 4.41	RMSE: 8.52
Epoch 268	LOSS: 4.25	MAE: 4.43	RMSE: 8.62
Epoch 269	LOSS: 4.33	MAE: 4.42	RMSE: 8.63
Epoch 270	LOSS: 4.34	MAE: 4.43	RMSE: 8.58
Epoch 271	LOSS: 4.38	MAE: 4.43	RMSE: 8.62
Epoch 272	LOSS: 4.28	MAE: 4.42	RMSE: 8.62
Epoch 273	LOSS: 4.35	MAE: 4.39	RMSE: 8.55
Epoch 274	LOSS: 4.44	MAE: 4.42	RMSE: 8.62
Epoch 275	LOSS: 4.26	MAE: 4.40	RMSE: 8.59
Epoch 276	LOSS: 4.34	MAE: 4.40	RMSE: 8.55
Epoch 277	LOSS: 4.38	MAE: 4.45	RMSE: 8.65
Epoch 278	LOSS: 4.41	MAE: 4.42	RMSE: 8.57
Epoch 279	LOSS: 4.30	MAE: 4.40	RMSE: 8.60
Epoch 280	LOSS: 4.40	MAE: 4.41	RMSE: 8.58
Epoch 281	LOSS: 4.40	MAE: 4.42	RMSE: 8.60
Epoch 282	LOSS: 4.34	MAE: 4.40	RMSE: 8.57
Epoch 283	LOSS: 4.50	MAE: 4.42	RMSE: 8.58
Epoch 284	LOSS: 4.36	MAE: 4.41	RMSE: 8.60
Epoch 285	LOSS: 4.43	MAE: 4.41	RMSE: 8.58
Epoch 286	LOSS: 4.40	MAE: 4.40	RMSE: 8.58
Epoch 287	LOSS: 4.35	MAE: 4.43	RMSE: 8.62
Epoch 288	LOSS: 4.27	MAE: 4.43	RMSE: 8.61
Epoch 289	LOSS: 4.39	MAE: 4.40	RMSE: 8.60
Epoch 290	LOSS: 4.32	MAE: 4.39	RMSE: 8.51
Epoch 291	LOSS: 4.37	MAE: 4.44	RMSE: 8.67
Epoch 292	LOSS: 4.25	MAE: 4.43	RMSE: 8.63
Epoch 293	LOSS: 4.38	MAE: 4.40	RMSE: 8.55
Epoch 294	LOSS: 4.35	MAE: 4.47	RMSE: 8.72
Epoch 295	LOSS: 4.36	MAE: 4.44	RMSE: 8.67
Epoch 296	LOSS: 4.29	MAE: 4.44	RMSE: 8.64
Epoch 297	LOSS: 4.33	MAE: 4.39	RMSE: 8.57
Epoch 298	LOSS: 4.36	MAE: 4.44	RMSE: 8.62
Epoch 299	LOSS: 4.44	MAE: 4.40	RMSE: 8.59
Epoch 300	LOSS: 4.32	MAE: 4.42	RMSE: 8.59
Epoch 301	LOSS: 4.39	MAE: 4.41	RMSE: 8.62
Epoch 302	LOSS: 4.50	MAE: 4.40	RMSE: 8.55
Epoch 303	LOSS: 4.31	MAE: 4.42	RMSE: 8.62
Epoch 304	LOSS: 4.31	MAE: 4.41	RMSE: 8.60
Epoch 305	LOSS: 4.34	MAE: 4.40	RMSE: 8.58
Epoch 306	LOSS: 4.41	MAE: 4.38	RMSE: 8.55
Epoch 307	LOSS: 4.28	MAE: 4.41	RMSE: 8.61
Epoch 308	LOSS: 4.31	MAE: 4.40	RMSE: 8.57
Epoch 309	LOSS: 4.32	MAE: 4.39	RMSE: 8.57
Epoch 310	LOSS: 4.39	MAE: 4.39	RMSE: 8.57
Epoch 311	LOSS: 4.26	MAE: 4.38	RMSE: 8.52
Epoch 312	LOSS: 4.37	MAE: 4.41	RMSE: 8.62
Epoch 313	LOSS: 4.40	MAE: 4.39	RMSE: 8.54
Epoch 314	LOSS: 4.29	MAE: 4.41	RMSE: 8.61
Epoch 315	LOSS: 4.33	MAE: 4.38	RMSE: 8.52
Epoch 316	LOSS: 4.31	MAE: 4.43	RMSE: 8.66
Epoch 317	LOSS: 4.28	MAE: 4.40	RMSE: 8.57
Epoch 318	LOSS: 4.33	MAE: 4.41	RMSE: 8.61
Epoch 319	LOSS: 4.30	MAE: 4.40	RMSE: 8.57
Epoch 320	LOSS: 4.30	MAE: 4.42	RMSE: 8.61
Epoch 321	LOSS: 4.36	MAE: 4.40	RMSE: 8.58
Epoch 322	LOSS: 4.34	MAE: 4.38	RMSE: 8.55
Epoch 323	LOSS: 4.42	MAE: 4.44	RMSE: 8.61
Epoch 324	LOSS: 4.38	MAE: 4.41	RMSE: 8.60
Epoch 325	LOSS: 4.26	MAE: 4.42	RMSE: 8.65
Epoch 326	LOSS: 4.31	MAE: 4.41	RMSE: 8.56
Epoch 327	LOSS: 4.38	MAE: 4.47	RMSE: 8.73
Epoch 328	LOSS: 4.30	MAE: 4.48	RMSE: 8.72
Epoch 329	LOSS: 4.39	MAE: 4.43	RMSE: 8.66
Epoch 330	LOSS: 4.33	MAE: 4.44	RMSE: 8.61
Epoch 331	LOSS: 4.41	MAE: 4.41	RMSE: 8.62
Epoch 332	LOSS: 4.39	MAE: 4.46	RMSE: 8.64
Epoch 333	LOSS: 4.27	MAE: 4.43	RMSE: 8.64
Epoch 334	LOSS: 4.30	MAE: 4.45	RMSE: 8.66
Epoch 335	LOSS: 4.39	MAE: 4.41	RMSE: 8.63
Epoch 336	LOSS: 4.31	MAE: 4.40	RMSE: 8.60
Epoch 337	LOSS: 4.26	MAE: 4.41	RMSE: 8.60
Epoch 338	LOSS: 4.22	MAE: 4.44	RMSE: 8.64
Epoch 339	LOSS: 4.39	MAE: 4.42	RMSE: 8.62
Epoch 340	LOSS: 4.33	MAE: 4.41	RMSE: 8.59
Epoch 341	LOSS: 4.37	MAE: 4.41	RMSE: 8.60
Epoch 342	LOSS: 4.32	MAE: 4.40	RMSE: 8.57
Epoch 343	LOSS: 4.26	MAE: 4.43	RMSE: 8.66
Epoch 344	LOSS: 4.35	MAE: 4.41	RMSE: 8.59
Epoch 345	LOSS: 4.28	MAE: 4.44	RMSE: 8.67
Epoch 346	LOSS: 4.42	MAE: 4.38	RMSE: 8.51
Epoch 347	LOSS: 4.25	MAE: 4.42	RMSE: 8.63
Epoch 348	LOSS: 4.34	MAE: 4.38	RMSE: 8.55
Epoch 349	LOSS: 4.41	MAE: 4.41	RMSE: 8.63
Epoch 350	LOSS: 4.25	MAE: 4.44	RMSE: 8.64
Epoch 351	LOSS: 4.33	MAE: 4.40	RMSE: 8.57
Epoch 352	LOSS: 4.31	MAE: 4.43	RMSE: 8.62
Epoch 353	LOSS: 4.29	MAE: 4.42	RMSE: 8.66
Epoch 354	LOSS: 4.28	MAE: 4.42	RMSE: 8.60
Epoch 355	LOSS: 4.32	MAE: 4.40	RMSE: 8.57
Epoch 356	LOSS: 4.27	MAE: 4.42	RMSE: 8.63
Epoch 357	LOSS: 4.41	MAE: 4.41	RMSE: 8.59
Epoch 358	LOSS: 4.29	MAE: 4.42	RMSE: 8.63
Epoch 359	LOSS: 4.32	MAE: 4.40	RMSE: 8.56
Epoch 360	LOSS: 4.41	MAE: 4.41	RMSE: 8.61
Epoch 361	LOSS: 4.33	MAE: 4.41	RMSE: 8.58
Epoch 362	LOSS: 4.31	MAE: 4.44	RMSE: 8.66
Epoch 363	LOSS: 4.27	MAE: 4.40	RMSE: 8.56
Epoch 364	LOSS: 4.27	MAE: 4.45	RMSE: 8.70
Epoch 365	LOSS: 4.37	MAE: 4.41	RMSE: 8.60
Epoch 366	LOSS: 4.32	MAE: 4.43	RMSE: 8.64
Epoch 367	LOSS: 4.37	MAE: 4.42	RMSE: 8.62
Epoch 368	LOSS: 4.25	MAE: 4.39	RMSE: 8.56
Epoch 369	LOSS: 4.30	MAE: 4.40	RMSE: 8.59
Epoch 370	LOSS: 4.38	MAE: 4.42	RMSE: 8.65
Epoch 371	LOSS: 4.26	MAE: 4.42	RMSE: 8.61
Epoch 372	LOSS: 4.41	MAE: 4.44	RMSE: 8.66
Epoch 373	LOSS: 4.40	MAE: 4.42	RMSE: 8.62
Epoch 374	LOSS: 4.25	MAE: 4.41	RMSE: 8.61
Epoch 375	LOSS: 4.28	MAE: 4.41	RMSE: 8.59
Epoch 376	LOSS: 4.43	MAE: 4.39	RMSE: 8.57
Epoch 377	LOSS: 4.30	MAE: 4.40	RMSE: 8.59
Epoch 378	LOSS: 4.30	MAE: 4.41	RMSE: 8.61
Epoch 379	LOSS: 4.29	MAE: 4.42	RMSE: 8.63
Epoch 380	LOSS: 4.30	MAE: 4.40	RMSE: 8.57
Epoch 381	LOSS: 4.26	MAE: 4.42	RMSE: 8.63
Epoch 382	LOSS: 4.43	MAE: 4.40	RMSE: 8.58
Epoch 383	LOSS: 4.36	MAE: 4.41	RMSE: 8.60
Epoch 384	LOSS: 4.34	MAE: 4.42	RMSE: 8.62
Epoch 385	LOSS: 4.43	MAE: 4.40	RMSE: 8.57
Epoch 386	LOSS: 4.38	MAE: 4.44	RMSE: 8.67
Epoch 387	LOSS: 4.32	MAE: 4.41	RMSE: 8.58
Epoch 388	LOSS: 4.35	MAE: 4.42	RMSE: 8.63
Epoch 389	LOSS: 4.51	MAE: 4.39	RMSE: 8.59
Epoch 390	LOSS: 4.24	MAE: 4.42	RMSE: 8.65
Epoch 391	LOSS: 4.35	MAE: 4.41	RMSE: 8.58
Epoch 392	LOSS: 4.31	MAE: 4.42	RMSE: 8.64
Epoch 393	LOSS: 4.35	MAE: 4.42	RMSE: 8.62
Epoch 394	LOSS: 4.35	MAE: 4.44	RMSE: 8.64
Epoch 395	LOSS: 4.29	MAE: 4.42	RMSE: 8.63
Epoch 396	LOSS: 4.37	MAE: 4.42	RMSE: 8.61
Epoch 397	LOSS: 4.28	MAE: 4.44	RMSE: 8.67
Epoch 398	LOSS: 4.34	MAE: 4.43	RMSE: 8.63
Epoch 399	LOSS: 4.32	MAE: 4.41	RMSE: 8.61
Epoch 400	LOSS: 4.31	MAE: 4.41	RMSE: 8.60
Epoch 401	LOSS: 4.34	MAE: 4.41	RMSE: 8.63
Epoch 402	LOSS: 4.33	MAE: 4.38	RMSE: 8.52
Epoch 403	LOSS: 4.38	MAE: 4.39	RMSE: 8.57
Epoch 404	LOSS: 4.27	MAE: 4.38	RMSE: 8.57
Epoch 405	LOSS: 4.21	MAE: 4.39	RMSE: 8.55
Epoch 406	LOSS: 4.29	MAE: 4.41	RMSE: 8.61
Epoch 407	LOSS: 4.26	MAE: 4.39	RMSE: 8.59
Epoch 408	LOSS: 4.31	MAE: 4.40	RMSE: 8.56
Epoch 409	LOSS: 4.39	MAE: 4.40	RMSE: 8.57
Epoch 410	LOSS: 4.32	MAE: 4.38	RMSE: 8.56
Epoch 411	LOSS: 4.28	MAE: 4.42	RMSE: 8.63
Epoch 412	LOSS: 4.27	MAE: 4.41	RMSE: 8.59
Epoch 413	LOSS: 4.27	MAE: 4.43	RMSE: 8.65
Epoch 414	LOSS: 4.27	MAE: 4.41	RMSE: 8.62
Epoch 415	LOSS: 4.37	MAE: 4.43	RMSE: 8.63
Epoch 416	LOSS: 4.36	MAE: 4.40	RMSE: 8.57
Epoch 417	LOSS: 4.27	MAE: 4.39	RMSE: 8.60
Epoch 418	LOSS: 4.27	MAE: 4.42	RMSE: 8.63
Epoch 419	LOSS: 4.32	MAE: 4.40	RMSE: 8.60
Epoch 420	LOSS: 4.39	MAE: 4.38	RMSE: 8.57
Epoch 421	LOSS: 4.27	MAE: 4.41	RMSE: 8.61
Epoch 422	LOSS: 4.34	MAE: 4.42	RMSE: 8.64
Epoch 423	LOSS: 4.26	MAE: 4.39	RMSE: 8.55
Epoch 424	LOSS: 4.33	MAE: 4.43	RMSE: 8.66
Epoch 425	LOSS: 4.25	MAE: 4.39	RMSE: 8.56
Epoch 426	LOSS: 4.29	MAE: 4.39	RMSE: 8.58
Epoch 427	LOSS: 4.33	MAE: 4.41	RMSE: 8.59
Epoch 428	LOSS: 4.40	MAE: 4.39	RMSE: 8.59
Epoch 429	LOSS: 4.29	MAE: 4.41	RMSE: 8.61
Epoch 430	LOSS: 4.42	MAE: 4.39	RMSE: 8.51
Epoch 431	LOSS: 4.38	MAE: 4.45	RMSE: 8.72
Epoch 432	LOSS: 4.26	MAE: 4.41	RMSE: 8.58
Epoch 433	LOSS: 4.42	MAE: 4.40	RMSE: 8.58
Epoch 434	LOSS: 4.28	MAE: 4.43	RMSE: 8.65
Epoch 435	LOSS: 4.32	MAE: 4.45	RMSE: 8.66
Epoch 436	LOSS: 4.23	MAE: 4.37	RMSE: 8.55
Epoch 437	LOSS: 4.35	MAE: 4.43	RMSE: 8.64
Epoch 438	LOSS: 4.35	MAE: 4.44	RMSE: 8.67
Epoch 439	LOSS: 4.32	MAE: 4.36	RMSE: 8.52
Epoch 440	LOSS: 4.34	MAE: 4.41	RMSE: 8.61
Epoch 441	LOSS: 4.31	MAE: 4.40	RMSE: 8.59
Epoch 442	LOSS: 4.30	MAE: 4.39	RMSE: 8.58
Epoch 443	LOSS: 4.29	MAE: 4.42	RMSE: 8.62
Epoch 444	LOSS: 4.33	MAE: 4.41	RMSE: 8.62
Epoch 445	LOSS: 4.43	MAE: 4.40	RMSE: 8.59
Epoch 446	LOSS: 4.35	MAE: 4.42	RMSE: 8.62
Epoch 447	LOSS: 4.34	MAE: 4.39	RMSE: 8.57
Epoch 448	LOSS: 4.36	MAE: 4.39	RMSE: 8.57
Epoch 449	LOSS: 4.32	MAE: 4.40	RMSE: 8.60
Epoch 450	LOSS: 4.29	MAE: 4.39	RMSE: 8.56
Epoch 451	LOSS: 4.34	MAE: 4.43	RMSE: 8.64
Epoch 452	LOSS: 4.33	MAE: 4.37	RMSE: 8.52
Epoch 453	LOSS: 4.36	MAE: 4.42	RMSE: 8.65
Epoch 454	LOSS: 4.31	MAE: 4.39	RMSE: 8.60
Epoch 455	LOSS: 4.25	MAE: 4.38	RMSE: 8.54
Epoch 456	LOSS: 4.31	MAE: 4.40	RMSE: 8.60
Epoch 457	LOSS: 4.39	MAE: 4.42	RMSE: 8.63
Epoch 458	LOSS: 4.28	MAE: 4.40	RMSE: 8.59
Epoch 459	LOSS: 4.31	MAE: 4.38	RMSE: 8.52
Epoch 460	LOSS: 4.37	MAE: 4.40	RMSE: 8.62
Epoch 461	LOSS: 4.41	MAE: 4.39	RMSE: 8.58
Epoch 462	LOSS: 4.27	MAE: 4.38	RMSE: 8.53
Epoch 463	LOSS: 4.32	MAE: 4.40	RMSE: 8.60
Epoch 464	LOSS: 4.33	MAE: 4.39	RMSE: 8.59
Epoch 465	LOSS: 4.39	MAE: 4.39	RMSE: 8.58
Epoch 466	LOSS: 4.29	MAE: 4.41	RMSE: 8.62
Epoch 467	LOSS: 4.32	MAE: 4.39	RMSE: 8.57
Epoch 468	LOSS: 4.30	MAE: 4.40	RMSE: 8.60
Epoch 469	LOSS: 4.38	MAE: 4.39	RMSE: 8.57
Epoch 470	LOSS: 4.26	MAE: 4.39	RMSE: 8.58
Epoch 471	LOSS: 4.32	MAE: 4.40	RMSE: 8.60
Epoch 472	LOSS: 4.27	MAE: 4.39	RMSE: 8.58
Epoch 473	LOSS: 4.25	MAE: 4.41	RMSE: 8.61
Epoch 474	LOSS: 4.28	MAE: 4.39	RMSE: 8.57
Epoch 475	LOSS: 4.34	MAE: 4.39	RMSE: 8.58
Epoch 476	LOSS: 4.38	MAE: 4.40	RMSE: 8.60
Epoch 477	LOSS: 4.31	MAE: 4.39	RMSE: 8.55
Epoch 478	LOSS: 4.34	MAE: 4.41	RMSE: 8.61
Epoch 479	LOSS: 4.35	MAE: 4.39	RMSE: 8.56
Epoch 480	LOSS: 4.25	MAE: 4.39	RMSE: 8.57
Epoch 481	LOSS: 4.23	MAE: 4.40	RMSE: 8.59
Epoch 482	LOSS: 4.31	MAE: 4.39	RMSE: 8.56
Epoch 483	LOSS: 4.19	MAE: 4.40	RMSE: 8.60
Epoch 484	LOSS: 4.29	MAE: 4.39	RMSE: 8.58
Epoch 485	LOSS: 4.27	MAE: 4.39	RMSE: 8.56
Epoch 486	LOSS: 4.32	MAE: 4.41	RMSE: 8.60
Epoch 487	LOSS: 4.23	MAE: 4.41	RMSE: 8.63
Epoch 488	LOSS: 4.30	MAE: 4.36	RMSE: 8.49
Epoch 489	LOSS: 4.30	MAE: 4.40	RMSE: 8.55
Epoch 490	LOSS: 4.36	MAE: 4.40	RMSE: 8.60
Epoch 491	LOSS: 4.40	MAE: 4.40	RMSE: 8.58
Epoch 492	LOSS: 4.35	MAE: 4.39	RMSE: 8.58
Epoch 493	LOSS: 4.30	MAE: 4.42	RMSE: 8.64
Epoch 494	LOSS: 4.39	MAE: 4.39	RMSE: 8.55
Epoch 495	LOSS: 4.40	MAE: 4.41	RMSE: 8.62
Epoch 496	LOSS: 4.28	MAE: 4.40	RMSE: 8.60
Epoch 497	LOSS: 4.25	MAE: 4.37	RMSE: 8.53
Epoch 498	LOSS: 4.26	MAE: 4.39	RMSE: 8.59
Epoch 499	LOSS: 4.28	MAE: 4.39	RMSE: 8.59
