Epoch 000	LOSS: 464.38	MAE: 220.02	RMSE: 266.08
Epoch 001	LOSS: 461.54	MAE: 219.94	RMSE: 266.02
Epoch 002	LOSS: 456.93	MAE: 219.80	RMSE: 265.91
Epoch 003	LOSS: 467.06	MAE: 219.58	RMSE: 265.73
Epoch 004	LOSS: 464.84	MAE: 219.21	RMSE: 265.43
Epoch 005	LOSS: 460.97	MAE: 218.65	RMSE: 264.96
Epoch 006	LOSS: 457.98	MAE: 217.82	RMSE: 264.28
Epoch 007	LOSS: 465.65	MAE: 216.63	RMSE: 263.29
Epoch 008	LOSS: 455.35	MAE: 215.01	RMSE: 261.94
Epoch 009	LOSS: 454.35	MAE: 212.84	RMSE: 260.12
Epoch 010	LOSS: 447.45	MAE: 210.02	RMSE: 257.74
Epoch 011	LOSS: 433.77	MAE: 206.41	RMSE: 254.65
Epoch 012	LOSS: 419.84	MAE: 201.84	RMSE: 250.73
Epoch 013	LOSS: 413.61	MAE: 196.33	RMSE: 245.93
Epoch 014	LOSS: 399.95	MAE: 189.81	RMSE: 240.17
Epoch 015	LOSS: 383.99	MAE: 182.27	RMSE: 233.34
Epoch 016	LOSS: 364.57	MAE: 173.71	RMSE: 225.34
Epoch 017	LOSS: 347.32	MAE: 164.42	RMSE: 216.26
Epoch 018	LOSS: 323.01	MAE: 154.78	RMSE: 206.27
Epoch 019	LOSS: 303.98	MAE: 145.02	RMSE: 195.37
Epoch 020	LOSS: 281.18	MAE: 135.70	RMSE: 183.83
Epoch 021	LOSS: 261.77	MAE: 127.24	RMSE: 172.06
Epoch 022	LOSS: 239.67	MAE: 119.85	RMSE: 160.51
Epoch 023	LOSS: 227.78	MAE: 113.72	RMSE: 149.80
Epoch 024	LOSS: 215.14	MAE: 108.99	RMSE: 140.78
Epoch 025	LOSS: 205.36	MAE: 105.72	RMSE: 134.23
Epoch 026	LOSS: 203.94	MAE: 103.80	RMSE: 130.41
Epoch 027	LOSS: 196.84	MAE: 102.35	RMSE: 128.38
Epoch 028	LOSS: 191.58	MAE: 100.50	RMSE: 126.84
Epoch 029	LOSS: 187.27	MAE: 98.09	RMSE: 125.02
Epoch 030	LOSS: 185.32	MAE: 95.47	RMSE: 122.76
Epoch 031	LOSS: 179.52	MAE: 93.34	RMSE: 120.56
Epoch 032	LOSS: 174.94	MAE: 91.95	RMSE: 118.80
Epoch 033	LOSS: 172.71	MAE: 91.30	RMSE: 117.69
Epoch 034	LOSS: 174.08	MAE: 90.93	RMSE: 117.21
Epoch 035	LOSS: 175.21	MAE: 90.57	RMSE: 116.90
Epoch 036	LOSS: 173.89	MAE: 90.13	RMSE: 116.66
Epoch 037	LOSS: 173.90	MAE: 89.72	RMSE: 116.53
Epoch 038	LOSS: 172.67	MAE: 89.29	RMSE: 116.60
Epoch 039	LOSS: 167.59	MAE: 88.93	RMSE: 116.91
Epoch 040	LOSS: 163.73	MAE: 88.46	RMSE: 117.15
Epoch 041	LOSS: 167.73	MAE: 87.97	RMSE: 116.99
Epoch 042	LOSS: 168.16	MAE: 87.38	RMSE: 116.65
Epoch 043	LOSS: 165.67	MAE: 86.89	RMSE: 116.07
Epoch 044	LOSS: 165.37	MAE: 86.32	RMSE: 115.09
Epoch 045	LOSS: 166.42	MAE: 85.56	RMSE: 113.76
Epoch 046	LOSS: 164.01	MAE: 85.26	RMSE: 112.71
Epoch 047	LOSS: 162.22	MAE: 84.93	RMSE: 111.93
Epoch 048	LOSS: 161.73	MAE: 84.44	RMSE: 111.02
Epoch 049	LOSS: 158.97	MAE: 83.71	RMSE: 109.99
Epoch 050	LOSS: 158.14	MAE: 83.34	RMSE: 109.35
Epoch 051	LOSS: 155.63	MAE: 82.90	RMSE: 108.69
Epoch 052	LOSS: 158.14	MAE: 81.93	RMSE: 107.74
Epoch 053	LOSS: 154.25	MAE: 81.32	RMSE: 107.20
Epoch 054	LOSS: 153.86	MAE: 81.01	RMSE: 106.95
Epoch 055	LOSS: 154.01	MAE: 80.50	RMSE: 106.28
Epoch 056	LOSS: 152.76	MAE: 79.81	RMSE: 105.30
Epoch 057	LOSS: 151.53	MAE: 79.06	RMSE: 104.26
Epoch 058	LOSS: 149.03	MAE: 78.26	RMSE: 103.13
Epoch 059	LOSS: 145.64	MAE: 78.04	RMSE: 102.64
Epoch 060	LOSS: 145.55	MAE: 77.57	RMSE: 102.00
Epoch 061	LOSS: 141.67	MAE: 76.43	RMSE: 100.90
Epoch 062	LOSS: 143.60	MAE: 75.20	RMSE: 99.60
Epoch 063	LOSS: 137.32	MAE: 74.09	RMSE: 98.20
Epoch 064	LOSS: 139.79	MAE: 73.63	RMSE: 97.37
Epoch 065	LOSS: 136.89	MAE: 73.20	RMSE: 96.73
Epoch 066	LOSS: 139.32	MAE: 72.67	RMSE: 96.04
Epoch 067	LOSS: 135.52	MAE: 71.82	RMSE: 95.05
Epoch 068	LOSS: 132.79	MAE: 71.09	RMSE: 94.11
Epoch 069	LOSS: 132.47	MAE: 70.52	RMSE: 93.34
Epoch 070	LOSS: 129.76	MAE: 70.07	RMSE: 92.69
Epoch 071	LOSS: 131.95	MAE: 69.24	RMSE: 91.62
Epoch 072	LOSS: 127.79	MAE: 68.20	RMSE: 90.39
Epoch 073	LOSS: 127.28	MAE: 67.15	RMSE: 89.18
Epoch 074	LOSS: 122.22	MAE: 66.18	RMSE: 87.98
Epoch 075	LOSS: 122.11	MAE: 65.20	RMSE: 86.86
Epoch 076	LOSS: 119.65	MAE: 64.57	RMSE: 86.10
Epoch 077	LOSS: 116.59	MAE: 63.89	RMSE: 85.26
Epoch 078	LOSS: 117.99	MAE: 63.00	RMSE: 84.17
Epoch 079	LOSS: 116.02	MAE: 62.15	RMSE: 83.15
Epoch 080	LOSS: 115.56	MAE: 61.36	RMSE: 82.24
Epoch 081	LOSS: 113.10	MAE: 61.04	RMSE: 81.77
Epoch 082	LOSS: 111.46	MAE: 60.63	RMSE: 81.23
Epoch 083	LOSS: 108.50	MAE: 59.67	RMSE: 80.16
Epoch 084	LOSS: 108.49	MAE: 58.80	RMSE: 79.25
Epoch 085	LOSS: 106.82	MAE: 58.17	RMSE: 78.61
Epoch 086	LOSS: 103.81	MAE: 57.68	RMSE: 78.08
Epoch 087	LOSS: 101.68	MAE: 57.00	RMSE: 77.29
Epoch 088	LOSS: 101.22	MAE: 56.22	RMSE: 76.39
Epoch 089	LOSS: 101.47	MAE: 55.54	RMSE: 75.63
Epoch 090	LOSS: 98.02	MAE: 55.05	RMSE: 75.18
Epoch 091	LOSS: 97.30	MAE: 54.55	RMSE: 74.72
Epoch 092	LOSS: 95.55	MAE: 53.92	RMSE: 74.05
Epoch 093	LOSS: 94.10	MAE: 52.99	RMSE: 73.08
Epoch 094	LOSS: 93.10	MAE: 52.19	RMSE: 72.39
Epoch 095	LOSS: 91.56	MAE: 51.22	RMSE: 71.47
Epoch 096	LOSS: 90.37	MAE: 50.51	RMSE: 70.88
Epoch 097	LOSS: 89.81	MAE: 49.66	RMSE: 70.21
Epoch 098	LOSS: 87.67	MAE: 49.02	RMSE: 69.73
Epoch 099	LOSS: 87.09	MAE: 48.56	RMSE: 69.44
Epoch 100	LOSS: 85.83	MAE: 47.95	RMSE: 69.07
Epoch 101	LOSS: 85.73	MAE: 47.68	RMSE: 69.01
Epoch 102	LOSS: 85.05	MAE: 47.49	RMSE: 68.83
Epoch 103	LOSS: 85.83	MAE: 47.09	RMSE: 68.47
Epoch 104	LOSS: 84.16	MAE: 46.64	RMSE: 68.31
Epoch 105	LOSS: 83.68	MAE: 46.41	RMSE: 68.36
Epoch 106	LOSS: 82.57	MAE: 46.21	RMSE: 68.15
Epoch 107	LOSS: 81.26	MAE: 46.15	RMSE: 68.00
Epoch 108	LOSS: 81.29	MAE: 46.19	RMSE: 68.39
Epoch 109	LOSS: 82.11	MAE: 45.99	RMSE: 68.34
Epoch 110	LOSS: 80.55	MAE: 46.02	RMSE: 68.27
Epoch 111	LOSS: 81.19	MAE: 46.03	RMSE: 68.35
Epoch 112	LOSS: 81.46	MAE: 45.97	RMSE: 68.58
Epoch 113	LOSS: 80.88	MAE: 45.88	RMSE: 68.64
Epoch 114	LOSS: 79.80	MAE: 45.63	RMSE: 68.38
Epoch 115	LOSS: 79.48	MAE: 45.21	RMSE: 68.10
Epoch 116	LOSS: 78.80	MAE: 44.70	RMSE: 67.75
Epoch 117	LOSS: 79.93	MAE: 44.72	RMSE: 67.81
Epoch 118	LOSS: 78.47	MAE: 44.91	RMSE: 68.01
Epoch 119	LOSS: 79.21	MAE: 44.80	RMSE: 67.73
Epoch 120	LOSS: 78.02	MAE: 44.50	RMSE: 67.33
Epoch 121	LOSS: 79.32	MAE: 44.41	RMSE: 67.17
Epoch 122	LOSS: 78.43	MAE: 44.35	RMSE: 67.29
Epoch 123	LOSS: 77.25	MAE: 44.71	RMSE: 67.97
Epoch 124	LOSS: 78.35	MAE: 44.68	RMSE: 68.20
Epoch 125	LOSS: 78.37	MAE: 44.81	RMSE: 68.38
Epoch 126	LOSS: 78.33	MAE: 44.90	RMSE: 68.55
Epoch 127	LOSS: 77.80	MAE: 44.50	RMSE: 68.39
Epoch 128	LOSS: 77.02	MAE: 44.10	RMSE: 67.96
Epoch 129	LOSS: 77.17	MAE: 43.92	RMSE: 67.59
Epoch 130	LOSS: 77.29	MAE: 43.78	RMSE: 67.44
Epoch 131	LOSS: 76.51	MAE: 43.76	RMSE: 67.44
Epoch 132	LOSS: 76.99	MAE: 43.74	RMSE: 67.47
Epoch 133	LOSS: 77.62	MAE: 43.78	RMSE: 67.65
Epoch 134	LOSS: 76.43	MAE: 43.70	RMSE: 67.93
Epoch 135	LOSS: 76.13	MAE: 43.79	RMSE: 68.22
Epoch 136	LOSS: 76.53	MAE: 43.95	RMSE: 68.32
Epoch 137	LOSS: 77.35	MAE: 43.93	RMSE: 68.33
Epoch 138	LOSS: 76.40	MAE: 43.74	RMSE: 68.18
Epoch 139	LOSS: 76.72	MAE: 43.64	RMSE: 68.04
Epoch 140	LOSS: 77.30	MAE: 43.47	RMSE: 67.97
Epoch 141	LOSS: 75.70	MAE: 43.32	RMSE: 67.81
Epoch 142	LOSS: 76.05	MAE: 43.28	RMSE: 67.50
Epoch 143	LOSS: 76.86	MAE: 43.44	RMSE: 67.50
Epoch 144	LOSS: 76.12	MAE: 43.04	RMSE: 67.32
Epoch 145	LOSS: 74.56	MAE: 42.89	RMSE: 67.56
Epoch 146	LOSS: 74.58	MAE: 43.07	RMSE: 67.84
Epoch 147	LOSS: 75.90	MAE: 43.45	RMSE: 68.27
Epoch 148	LOSS: 75.54	MAE: 43.36	RMSE: 68.46
Epoch 149	LOSS: 75.23	MAE: 43.27	RMSE: 68.58
Epoch 150	LOSS: 75.20	MAE: 43.23	RMSE: 68.50
Epoch 151	LOSS: 74.76	MAE: 43.23	RMSE: 68.42
Epoch 152	LOSS: 74.92	MAE: 43.29	RMSE: 68.36
Epoch 153	LOSS: 74.13	MAE: 43.19	RMSE: 68.13
Epoch 154	LOSS: 74.94	MAE: 43.03	RMSE: 68.00
Epoch 155	LOSS: 74.61	MAE: 43.01	RMSE: 68.17
Epoch 156	LOSS: 74.82	MAE: 43.05	RMSE: 68.29
Epoch 157	LOSS: 74.65	MAE: 43.25	RMSE: 68.45
Epoch 158	LOSS: 75.69	MAE: 43.12	RMSE: 68.40
Epoch 159	LOSS: 75.11	MAE: 42.89	RMSE: 68.22
Epoch 160	LOSS: 74.99	MAE: 42.94	RMSE: 68.13
Epoch 161	LOSS: 74.12	MAE: 42.73	RMSE: 68.06
Epoch 162	LOSS: 74.59	MAE: 42.48	RMSE: 68.13
Epoch 163	LOSS: 74.00	MAE: 42.48	RMSE: 68.27
Epoch 164	LOSS: 73.16	MAE: 42.74	RMSE: 68.37
Epoch 165	LOSS: 73.58	MAE: 42.94	RMSE: 68.63
Epoch 166	LOSS: 72.89	MAE: 42.47	RMSE: 68.44
Epoch 167	LOSS: 72.96	MAE: 42.46	RMSE: 68.50
Epoch 168	LOSS: 73.24	MAE: 42.57	RMSE: 68.48
Epoch 169	LOSS: 72.99	MAE: 42.45	RMSE: 68.38
Epoch 170	LOSS: 73.52	MAE: 42.56	RMSE: 68.63
Epoch 171	LOSS: 74.21	MAE: 42.71	RMSE: 68.88
Epoch 172	LOSS: 73.59	MAE: 42.90	RMSE: 68.97
Epoch 173	LOSS: 72.86	MAE: 43.41	RMSE: 69.29
Epoch 174	LOSS: 74.25	MAE: 43.44	RMSE: 69.54
Epoch 175	LOSS: 73.86	MAE: 43.23	RMSE: 69.81
Epoch 176	LOSS: 73.42	MAE: 42.73	RMSE: 69.51
Epoch 177	LOSS: 72.12	MAE: 42.41	RMSE: 69.09
Epoch 178	LOSS: 72.44	MAE: 42.22	RMSE: 68.86
Epoch 179	LOSS: 73.26	MAE: 41.86	RMSE: 68.54
Epoch 180	LOSS: 73.69	MAE: 41.66	RMSE: 68.30
Epoch 181	LOSS: 71.96	MAE: 41.46	RMSE: 67.78
Epoch 182	LOSS: 73.37	MAE: 41.63	RMSE: 67.69
Epoch 183	LOSS: 72.72	MAE: 41.56	RMSE: 67.88
Epoch 184	LOSS: 72.78	MAE: 41.84	RMSE: 68.47
Epoch 185	LOSS: 72.96	MAE: 42.15	RMSE: 68.86
Epoch 186	LOSS: 72.59	MAE: 42.36	RMSE: 68.98
Epoch 187	LOSS: 72.68	MAE: 42.41	RMSE: 69.07
Epoch 188	LOSS: 71.73	MAE: 42.18	RMSE: 69.00
Epoch 189	LOSS: 71.78	MAE: 42.04	RMSE: 69.00
Epoch 190	LOSS: 72.74	MAE: 41.91	RMSE: 68.57
Epoch 191	LOSS: 72.89	MAE: 41.88	RMSE: 68.43
Epoch 192	LOSS: 71.94	MAE: 41.79	RMSE: 68.26
Epoch 193	LOSS: 71.18	MAE: 41.75	RMSE: 68.08
Epoch 194	LOSS: 71.71	MAE: 41.60	RMSE: 67.97
Epoch 195	LOSS: 71.36	MAE: 41.55	RMSE: 67.93
Epoch 196	LOSS: 70.85	MAE: 41.43	RMSE: 67.72
Epoch 197	LOSS: 71.14	MAE: 41.49	RMSE: 67.69
Epoch 198	LOSS: 71.76	MAE: 41.48	RMSE: 67.69
Epoch 199	LOSS: 70.80	MAE: 41.52	RMSE: 67.91
Epoch 200	LOSS: 69.91	MAE: 41.47	RMSE: 68.17
Epoch 201	LOSS: 70.93	MAE: 41.62	RMSE: 68.61
Epoch 202	LOSS: 71.73	MAE: 41.71	RMSE: 69.01
Epoch 203	LOSS: 71.38	MAE: 41.56	RMSE: 69.12
Epoch 204	LOSS: 70.44	MAE: 41.47	RMSE: 69.07
Epoch 205	LOSS: 71.31	MAE: 41.29	RMSE: 68.83
Epoch 206	LOSS: 70.97	MAE: 41.26	RMSE: 68.64
Epoch 207	LOSS: 70.86	MAE: 41.48	RMSE: 68.98
Epoch 208	LOSS: 71.65	MAE: 41.67	RMSE: 69.30
Epoch 209	LOSS: 71.15	MAE: 41.82	RMSE: 69.42
Epoch 210	LOSS: 71.12	MAE: 41.79	RMSE: 69.47
Epoch 211	LOSS: 71.00	MAE: 41.89	RMSE: 69.40
Epoch 212	LOSS: 70.08	MAE: 41.96	RMSE: 69.27
Epoch 213	LOSS: 71.01	MAE: 41.99	RMSE: 69.33
Epoch 214	LOSS: 70.38	MAE: 42.01	RMSE: 69.67
Epoch 215	LOSS: 72.35	MAE: 41.82	RMSE: 69.41
Epoch 216	LOSS: 69.94	MAE: 41.59	RMSE: 69.02
Epoch 217	LOSS: 70.84	MAE: 41.54	RMSE: 68.89
Epoch 218	LOSS: 70.24	MAE: 41.41	RMSE: 68.88
Epoch 219	LOSS: 70.27	MAE: 41.08	RMSE: 68.55
Epoch 220	LOSS: 70.24	MAE: 40.89	RMSE: 68.21
Epoch 221	LOSS: 69.81	MAE: 40.88	RMSE: 68.12
Epoch 222	LOSS: 69.38	MAE: 40.85	RMSE: 68.33
Epoch 223	LOSS: 70.06	MAE: 41.10	RMSE: 68.53
Epoch 224	LOSS: 70.16	MAE: 41.35	RMSE: 68.62
Epoch 225	LOSS: 69.36	MAE: 41.42	RMSE: 68.78
Epoch 226	LOSS: 68.71	MAE: 41.40	RMSE: 68.92
Epoch 227	LOSS: 69.24	MAE: 41.58	RMSE: 69.12
Epoch 228	LOSS: 69.67	MAE: 41.33	RMSE: 68.95
Epoch 229	LOSS: 69.23	MAE: 41.30	RMSE: 68.99
Epoch 230	LOSS: 69.46	MAE: 41.49	RMSE: 69.19
Epoch 231	LOSS: 69.21	MAE: 41.74	RMSE: 69.45
Epoch 232	LOSS: 69.29	MAE: 41.61	RMSE: 69.25
Epoch 233	LOSS: 68.44	MAE: 41.21	RMSE: 68.64
Epoch 234	LOSS: 68.77	MAE: 40.85	RMSE: 68.21
Epoch 235	LOSS: 67.90	MAE: 40.90	RMSE: 68.38
Epoch 236	LOSS: 68.01	MAE: 41.03	RMSE: 68.85
Epoch 237	LOSS: 69.12	MAE: 41.42	RMSE: 69.42
Epoch 238	LOSS: 69.18	MAE: 41.49	RMSE: 69.57
Epoch 239	LOSS: 69.71	MAE: 41.40	RMSE: 69.37
Epoch 240	LOSS: 68.64	MAE: 41.14	RMSE: 69.09
Epoch 241	LOSS: 68.89	MAE: 40.85	RMSE: 68.77
Epoch 242	LOSS: 68.10	MAE: 40.82	RMSE: 68.71
Epoch 243	LOSS: 68.50	MAE: 40.71	RMSE: 68.58
Epoch 244	LOSS: 67.58	MAE: 40.82	RMSE: 68.60
Epoch 245	LOSS: 67.02	MAE: 40.92	RMSE: 68.82
Epoch 246	LOSS: 66.91	MAE: 41.08	RMSE: 69.00
Epoch 247	LOSS: 68.06	MAE: 41.18	RMSE: 69.16
Epoch 248	LOSS: 67.41	MAE: 41.23	RMSE: 69.35
Epoch 249	LOSS: 67.51	MAE: 41.14	RMSE: 69.36
Epoch 250	LOSS: 69.28	MAE: 41.01	RMSE: 69.23
Epoch 251	LOSS: 68.25	MAE: 40.99	RMSE: 68.99
Epoch 252	LOSS: 68.42	MAE: 40.81	RMSE: 68.95
Epoch 253	LOSS: 67.11	MAE: 40.89	RMSE: 69.16
Epoch 254	LOSS: 67.77	MAE: 41.00	RMSE: 69.19
Epoch 255	LOSS: 68.15	MAE: 41.02	RMSE: 69.29
Epoch 256	LOSS: 67.63	MAE: 40.98	RMSE: 69.44
Epoch 257	LOSS: 67.06	MAE: 40.98	RMSE: 69.44
Epoch 258	LOSS: 68.05	MAE: 41.15	RMSE: 69.56
Epoch 259	LOSS: 67.63	MAE: 41.03	RMSE: 69.64
Epoch 260	LOSS: 66.70	MAE: 40.88	RMSE: 69.65
Epoch 261	LOSS: 67.10	MAE: 40.93	RMSE: 69.73
Epoch 262	LOSS: 67.59	MAE: 40.84	RMSE: 69.52
Epoch 263	LOSS: 67.02	MAE: 40.71	RMSE: 69.44
Epoch 264	LOSS: 66.65	MAE: 40.62	RMSE: 69.44
Epoch 265	LOSS: 66.79	MAE: 40.63	RMSE: 69.36
Epoch 266	LOSS: 66.96	MAE: 40.63	RMSE: 69.42
Epoch 267	LOSS: 66.26	MAE: 40.41	RMSE: 69.58
Epoch 268	LOSS: 66.95	MAE: 40.46	RMSE: 69.90
Epoch 269	LOSS: 66.87	MAE: 40.52	RMSE: 70.25
Epoch 270	LOSS: 67.37	MAE: 40.76	RMSE: 70.51
Epoch 271	LOSS: 67.07	MAE: 40.78	RMSE: 70.57
Epoch 272	LOSS: 67.37	MAE: 40.80	RMSE: 70.59
Epoch 273	LOSS: 66.47	MAE: 40.73	RMSE: 70.25
Epoch 274	LOSS: 66.32	MAE: 40.79	RMSE: 70.09
Epoch 275	LOSS: 66.71	MAE: 40.84	RMSE: 70.26
Epoch 276	LOSS: 66.13	MAE: 41.07	RMSE: 70.54
Epoch 277	LOSS: 66.10	MAE: 41.09	RMSE: 70.58
Epoch 278	LOSS: 67.24	MAE: 41.14	RMSE: 70.55
Epoch 279	LOSS: 66.59	MAE: 41.03	RMSE: 70.45
Epoch 280	LOSS: 65.94	MAE: 41.00	RMSE: 70.50
Epoch 281	LOSS: 65.96	MAE: 40.98	RMSE: 70.59
Epoch 282	LOSS: 66.04	MAE: 41.03	RMSE: 70.44
Epoch 283	LOSS: 66.81	MAE: 41.13	RMSE: 70.60
Epoch 284	LOSS: 66.66	MAE: 40.94	RMSE: 70.61
Epoch 285	LOSS: 66.78	MAE: 40.75	RMSE: 70.36
Epoch 286	LOSS: 65.68	MAE: 41.09	RMSE: 70.31
Epoch 287	LOSS: 66.93	MAE: 41.10	RMSE: 70.35
Epoch 288	LOSS: 66.83	MAE: 40.88	RMSE: 70.34
Epoch 289	LOSS: 66.39	MAE: 40.88	RMSE: 70.26
Epoch 290	LOSS: 66.63	MAE: 40.83	RMSE: 69.98
Epoch 291	LOSS: 66.32	MAE: 40.60	RMSE: 69.81
Epoch 292	LOSS: 66.34	MAE: 40.58	RMSE: 70.00
Epoch 293	LOSS: 66.57	MAE: 40.62	RMSE: 69.91
Epoch 294	LOSS: 66.36	MAE: 40.65	RMSE: 69.92
Epoch 295	LOSS: 65.87	MAE: 40.75	RMSE: 70.11
Epoch 296	LOSS: 66.27	MAE: 40.89	RMSE: 70.28
Epoch 297	LOSS: 65.63	MAE: 40.68	RMSE: 70.12
Epoch 298	LOSS: 66.23	MAE: 40.56	RMSE: 69.96
Epoch 299	LOSS: 65.76	MAE: 40.60	RMSE: 70.03
Epoch 300	LOSS: 66.63	MAE: 40.68	RMSE: 70.28
Epoch 301	LOSS: 66.16	MAE: 40.85	RMSE: 70.70
Epoch 302	LOSS: 65.83	MAE: 40.95	RMSE: 70.86
Epoch 303	LOSS: 66.56	MAE: 41.07	RMSE: 71.06
Epoch 304	LOSS: 67.26	MAE: 41.01	RMSE: 70.95
Epoch 305	LOSS: 66.09	MAE: 40.82	RMSE: 70.73
Epoch 306	LOSS: 66.01	MAE: 40.63	RMSE: 70.58
Epoch 307	LOSS: 64.91	MAE: 40.60	RMSE: 70.64
Epoch 308	LOSS: 64.77	MAE: 40.64	RMSE: 70.71
Epoch 309	LOSS: 66.04	MAE: 40.58	RMSE: 70.68
Epoch 310	LOSS: 66.34	MAE: 40.70	RMSE: 70.85
Epoch 311	LOSS: 66.79	MAE: 40.93	RMSE: 71.15
Epoch 312	LOSS: 66.27	MAE: 40.94	RMSE: 71.18
Epoch 313	LOSS: 66.54	MAE: 40.89	RMSE: 71.09
Epoch 314	LOSS: 66.35	MAE: 40.97	RMSE: 71.24
Epoch 315	LOSS: 65.53	MAE: 41.15	RMSE: 71.58
Epoch 316	LOSS: 66.41	MAE: 41.34	RMSE: 71.80
Epoch 317	LOSS: 65.71	MAE: 41.26	RMSE: 71.85
Epoch 318	LOSS: 65.43	MAE: 41.36	RMSE: 72.29
Epoch 319	LOSS: 65.92	MAE: 41.40	RMSE: 72.39
Epoch 320	LOSS: 66.28	MAE: 41.36	RMSE: 72.15
Epoch 321	LOSS: 65.14	MAE: 41.28	RMSE: 72.04
Epoch 322	LOSS: 65.88	MAE: 41.09	RMSE: 71.95
Epoch 323	LOSS: 65.61	MAE: 40.95	RMSE: 71.71
Epoch 324	LOSS: 65.84	MAE: 40.84	RMSE: 71.53
Epoch 325	LOSS: 64.76	MAE: 40.68	RMSE: 71.45
Epoch 326	LOSS: 64.93	MAE: 40.62	RMSE: 71.41
Epoch 327	LOSS: 64.73	MAE: 40.65	RMSE: 71.41
Epoch 328	LOSS: 65.93	MAE: 40.96	RMSE: 71.68
Epoch 329	LOSS: 66.39	MAE: 40.98	RMSE: 72.01
Epoch 330	LOSS: 66.27	MAE: 41.08	RMSE: 72.27
Epoch 331	LOSS: 65.28	MAE: 40.98	RMSE: 72.15
Epoch 332	LOSS: 65.78	MAE: 40.79	RMSE: 72.04
Epoch 333	LOSS: 65.93	MAE: 40.84	RMSE: 72.09
Epoch 334	LOSS: 66.13	MAE: 41.03	RMSE: 72.32
Epoch 335	LOSS: 65.30	MAE: 41.33	RMSE: 72.65
Epoch 336	LOSS: 66.25	MAE: 41.30	RMSE: 72.80
Epoch 337	LOSS: 65.38	MAE: 41.16	RMSE: 72.67
Epoch 338	LOSS: 65.34	MAE: 40.98	RMSE: 72.46
Epoch 339	LOSS: 65.69	MAE: 40.87	RMSE: 72.27
Epoch 340	LOSS: 65.77	MAE: 40.95	RMSE: 72.29
Epoch 341	LOSS: 65.68	MAE: 41.18	RMSE: 72.47
Epoch 342	LOSS: 64.59	MAE: 41.25	RMSE: 72.93
Epoch 343	LOSS: 64.42	MAE: 41.19	RMSE: 73.20
Epoch 344	LOSS: 64.62	MAE: 41.20	RMSE: 73.22
Epoch 345	LOSS: 64.93	MAE: 41.18	RMSE: 73.31
Epoch 346	LOSS: 64.65	MAE: 41.25	RMSE: 73.54
Epoch 347	LOSS: 64.62	MAE: 41.35	RMSE: 73.68
Epoch 348	LOSS: 64.96	MAE: 41.25	RMSE: 73.54
Epoch 349	LOSS: 65.00	MAE: 41.09	RMSE: 73.36
Epoch 350	LOSS: 64.38	MAE: 41.05	RMSE: 73.07
Epoch 351	LOSS: 63.78	MAE: 40.94	RMSE: 72.97
Epoch 352	LOSS: 64.74	MAE: 41.01	RMSE: 73.04
Epoch 353	LOSS: 64.53	MAE: 41.05	RMSE: 73.29
Epoch 354	LOSS: 64.78	MAE: 40.97	RMSE: 73.43
Epoch 355	LOSS: 63.71	MAE: 40.89	RMSE: 73.49
Epoch 356	LOSS: 63.82	MAE: 40.79	RMSE: 73.48
Epoch 357	LOSS: 64.70	MAE: 40.86	RMSE: 73.62
Epoch 358	LOSS: 64.56	MAE: 41.01	RMSE: 73.78
Epoch 359	LOSS: 64.33	MAE: 41.03	RMSE: 73.74
Epoch 360	LOSS: 65.00	MAE: 41.07	RMSE: 73.76
Epoch 361	LOSS: 64.21	MAE: 40.98	RMSE: 73.69
Epoch 362	LOSS: 63.46	MAE: 40.77	RMSE: 73.59
Epoch 363	LOSS: 63.95	MAE: 40.54	RMSE: 73.19
Epoch 364	LOSS: 63.24	MAE: 40.38	RMSE: 73.10
Epoch 365	LOSS: 64.01	MAE: 40.51	RMSE: 73.35
Epoch 366	LOSS: 63.30	MAE: 40.55	RMSE: 73.44
Epoch 367	LOSS: 63.17	MAE: 40.35	RMSE: 73.24
Epoch 368	LOSS: 62.58	MAE: 40.26	RMSE: 73.22
Epoch 369	LOSS: 62.82	MAE: 40.32	RMSE: 73.32
Epoch 370	LOSS: 63.02	MAE: 40.27	RMSE: 73.24
Epoch 371	LOSS: 62.50	MAE: 40.20	RMSE: 73.12
Epoch 372	LOSS: 63.25	MAE: 40.05	RMSE: 72.99
Epoch 373	LOSS: 63.09	MAE: 39.93	RMSE: 72.92
Epoch 374	LOSS: 62.90	MAE: 39.96	RMSE: 72.96
Epoch 375	LOSS: 62.48	MAE: 39.94	RMSE: 73.14
Epoch 376	LOSS: 62.16	MAE: 39.99	RMSE: 73.30
Epoch 377	LOSS: 63.19	MAE: 39.97	RMSE: 73.26
Epoch 378	LOSS: 64.04	MAE: 40.06	RMSE: 73.35
Epoch 379	LOSS: 63.17	MAE: 40.17	RMSE: 73.44
Epoch 380	LOSS: 62.72	MAE: 40.23	RMSE: 73.59
Epoch 381	LOSS: 63.07	MAE: 40.16	RMSE: 73.67
Epoch 382	LOSS: 62.52	MAE: 40.07	RMSE: 73.69
Epoch 383	LOSS: 62.26	MAE: 39.99	RMSE: 73.67
Epoch 384	LOSS: 62.85	MAE: 40.05	RMSE: 73.72
Epoch 385	LOSS: 61.62	MAE: 39.89	RMSE: 73.57
Epoch 386	LOSS: 61.54	MAE: 39.69	RMSE: 73.37
Epoch 387	LOSS: 61.47	MAE: 39.75	RMSE: 73.40
Epoch 388	LOSS: 61.91	MAE: 39.88	RMSE: 73.48
Epoch 389	LOSS: 61.12	MAE: 40.13	RMSE: 73.54
Epoch 390	LOSS: 61.48	MAE: 40.12	RMSE: 73.63
Epoch 391	LOSS: 61.75	MAE: 40.08	RMSE: 73.57
Epoch 392	LOSS: 62.10	MAE: 40.08	RMSE: 73.55
Epoch 393	LOSS: 61.63	MAE: 40.10	RMSE: 73.58
Epoch 394	LOSS: 62.31	MAE: 39.96	RMSE: 73.54
Epoch 395	LOSS: 61.51	MAE: 40.12	RMSE: 73.78
Epoch 396	LOSS: 62.38	MAE: 40.11	RMSE: 73.68
Epoch 397	LOSS: 61.28	MAE: 40.05	RMSE: 73.65
Epoch 398	LOSS: 61.77	MAE: 39.97	RMSE: 73.58
Epoch 399	LOSS: 60.55	MAE: 39.66	RMSE: 73.35
Epoch 400	LOSS: 60.93	MAE: 39.51	RMSE: 73.28
Epoch 401	LOSS: 60.59	MAE: 39.56	RMSE: 73.43
Epoch 402	LOSS: 62.58	MAE: 39.62	RMSE: 73.41
Epoch 403	LOSS: 61.64	MAE: 39.67	RMSE: 73.44
Epoch 404	LOSS: 60.90	MAE: 39.58	RMSE: 73.47
Epoch 405	LOSS: 61.36	MAE: 39.57	RMSE: 73.37
Epoch 406	LOSS: 61.39	MAE: 39.53	RMSE: 73.23
Epoch 407	LOSS: 61.24	MAE: 39.65	RMSE: 73.47
Epoch 408	LOSS: 60.75	MAE: 39.79	RMSE: 73.60
Epoch 409	LOSS: 61.53	MAE: 39.98	RMSE: 73.74
Epoch 410	LOSS: 62.00	MAE: 40.26	RMSE: 73.95
Epoch 411	LOSS: 61.31	MAE: 40.04	RMSE: 73.98
Epoch 412	LOSS: 61.80	MAE: 39.89	RMSE: 73.93
Epoch 413	LOSS: 60.83	MAE: 39.81	RMSE: 73.63
Epoch 414	LOSS: 61.44	MAE: 39.80	RMSE: 73.60
Epoch 415	LOSS: 60.65	MAE: 39.65	RMSE: 73.63
Epoch 416	LOSS: 61.72	MAE: 39.61	RMSE: 73.48
Epoch 417	LOSS: 61.24	MAE: 39.57	RMSE: 73.36
Epoch 418	LOSS: 59.86	MAE: 39.28	RMSE: 73.30
Epoch 419	LOSS: 60.91	MAE: 39.34	RMSE: 73.40
Epoch 420	LOSS: 61.42	MAE: 39.60	RMSE: 73.51
Epoch 421	LOSS: 61.64	MAE: 39.80	RMSE: 73.64
Epoch 422	LOSS: 61.38	MAE: 39.98	RMSE: 73.90
Epoch 423	LOSS: 61.32	MAE: 39.67	RMSE: 73.68
Epoch 424	LOSS: 61.41	MAE: 39.54	RMSE: 73.56
Epoch 425	LOSS: 60.13	MAE: 39.58	RMSE: 73.90
Epoch 426	LOSS: 60.69	MAE: 39.70	RMSE: 74.17
Epoch 427	LOSS: 60.46	MAE: 39.87	RMSE: 74.26
Epoch 428	LOSS: 60.27	MAE: 39.73	RMSE: 74.25
Epoch 429	LOSS: 61.19	MAE: 39.63	RMSE: 74.15
Epoch 430	LOSS: 60.05	MAE: 39.38	RMSE: 73.54
Epoch 431	LOSS: 60.07	MAE: 39.03	RMSE: 73.06
Epoch 432	LOSS: 59.03	MAE: 38.80	RMSE: 72.92
Epoch 433	LOSS: 59.89	MAE: 38.82	RMSE: 72.85
Epoch 434	LOSS: 60.04	MAE: 39.16	RMSE: 72.93
Epoch 435	LOSS: 59.64	MAE: 39.32	RMSE: 73.17
Epoch 436	LOSS: 60.40	MAE: 39.72	RMSE: 73.63
Epoch 437	LOSS: 60.03	MAE: 39.56	RMSE: 73.44
Epoch 438	LOSS: 59.41	MAE: 39.43	RMSE: 73.30
Epoch 439	LOSS: 60.08	MAE: 39.37	RMSE: 73.41
Epoch 440	LOSS: 58.67	MAE: 39.31	RMSE: 73.52
Epoch 441	LOSS: 59.60	MAE: 39.28	RMSE: 73.56
Epoch 442	LOSS: 58.96	MAE: 39.34	RMSE: 73.74
Epoch 443	LOSS: 58.88	MAE: 39.42	RMSE: 74.01
Epoch 444	LOSS: 58.82	MAE: 39.48	RMSE: 74.09
Epoch 445	LOSS: 59.31	MAE: 39.56	RMSE: 74.12
Epoch 446	LOSS: 59.04	MAE: 39.43	RMSE: 74.10
Epoch 447	LOSS: 58.76	MAE: 39.27	RMSE: 74.09
Epoch 448	LOSS: 58.70	MAE: 39.31	RMSE: 74.00
Epoch 449	LOSS: 58.59	MAE: 39.28	RMSE: 74.06
Epoch 450	LOSS: 57.61	MAE: 39.19	RMSE: 73.99
Epoch 451	LOSS: 58.94	MAE: 39.08	RMSE: 73.71
Epoch 452	LOSS: 58.37	MAE: 38.98	RMSE: 73.60
Epoch 453	LOSS: 58.43	MAE: 39.06	RMSE: 73.68
Epoch 454	LOSS: 58.88	MAE: 38.96	RMSE: 73.44
Epoch 455	LOSS: 59.97	MAE: 39.19	RMSE: 73.51
Epoch 456	LOSS: 58.69	MAE: 39.13	RMSE: 73.55
Epoch 457	LOSS: 58.49	MAE: 39.11	RMSE: 73.59
Epoch 458	LOSS: 57.87	MAE: 39.14	RMSE: 73.56
Epoch 459	LOSS: 59.22	MAE: 39.06	RMSE: 73.43
Epoch 460	LOSS: 58.08	MAE: 39.03	RMSE: 73.51
Epoch 461	LOSS: 57.82	MAE: 38.95	RMSE: 73.49
Epoch 462	LOSS: 58.95	MAE: 39.07	RMSE: 73.49
Epoch 463	LOSS: 58.34	MAE: 39.17	RMSE: 73.71
Epoch 464	LOSS: 57.54	MAE: 39.11	RMSE: 73.66
Epoch 465	LOSS: 59.21	MAE: 39.26	RMSE: 73.69
Epoch 466	LOSS: 57.76	MAE: 39.10	RMSE: 73.70
Epoch 467	LOSS: 57.07	MAE: 39.00	RMSE: 73.67
Epoch 468	LOSS: 58.30	MAE: 38.89	RMSE: 73.48
Epoch 469	LOSS: 57.80	MAE: 38.69	RMSE: 73.32
Epoch 470	LOSS: 57.70	MAE: 38.68	RMSE: 73.50
Epoch 471	LOSS: 57.97	MAE: 38.69	RMSE: 73.40
Epoch 472	LOSS: 57.72	MAE: 38.70	RMSE: 73.39
Epoch 473	LOSS: 57.64	MAE: 38.72	RMSE: 73.55
Epoch 474	LOSS: 57.58	MAE: 38.75	RMSE: 73.57
Epoch 475	LOSS: 57.90	MAE: 38.82	RMSE: 73.65
Epoch 476	LOSS: 56.97	MAE: 38.79	RMSE: 73.70
Epoch 477	LOSS: 57.58	MAE: 38.82	RMSE: 73.67
Epoch 478	LOSS: 58.04	MAE: 39.04	RMSE: 73.76
Epoch 479	LOSS: 57.82	MAE: 39.05	RMSE: 73.93
Epoch 480	LOSS: 57.11	MAE: 38.90	RMSE: 73.83
Epoch 481	LOSS: 56.95	MAE: 38.80	RMSE: 73.69
Epoch 482	LOSS: 57.88	MAE: 38.80	RMSE: 73.72
Epoch 483	LOSS: 57.61	MAE: 38.87	RMSE: 73.83
Epoch 484	LOSS: 58.07	MAE: 38.84	RMSE: 73.80
Epoch 485	LOSS: 56.56	MAE: 38.68	RMSE: 73.77
Epoch 486	LOSS: 57.10	MAE: 38.66	RMSE: 73.69
Epoch 487	LOSS: 56.39	MAE: 38.52	RMSE: 73.42
Epoch 488	LOSS: 57.41	MAE: 38.41	RMSE: 73.34
Epoch 489	LOSS: 56.57	MAE: 38.47	RMSE: 73.31
Epoch 490	LOSS: 57.05	MAE: 38.42	RMSE: 73.23
Epoch 491	LOSS: 56.73	MAE: 38.37	RMSE: 73.09
Epoch 492	LOSS: 57.72	MAE: 38.43	RMSE: 73.27
Epoch 493	LOSS: 57.59	MAE: 38.55	RMSE: 73.25
Epoch 494	LOSS: 56.17	MAE: 38.58	RMSE: 73.18
Epoch 495	LOSS: 55.58	MAE: 38.26	RMSE: 73.09
Epoch 496	LOSS: 55.01	MAE: 38.06	RMSE: 72.88
Epoch 497	LOSS: 56.63	MAE: 38.03	RMSE: 72.69
Epoch 498	LOSS: 56.88	MAE: 38.02	RMSE: 72.84
Epoch 499	LOSS: 56.02	MAE: 38.27	RMSE: 73.28
