Epoch 000	LOSS: 266.20	MAE: 48.50	RMSE: 52.68
Epoch 001	LOSS: 229.22	MAE: 46.49	RMSE: 50.76
Epoch 002	LOSS: 212.09	MAE: 44.55	RMSE: 49.13
Epoch 003	LOSS: 203.63	MAE: 43.65	RMSE: 48.22
Epoch 004	LOSS: 196.39	MAE: 43.16	RMSE: 47.77
Epoch 005	LOSS: 189.72	MAE: 42.61	RMSE: 47.19
Epoch 006	LOSS: 185.87	MAE: 42.03	RMSE: 46.61
Epoch 007	LOSS: 181.53	MAE: 41.46	RMSE: 46.01
Epoch 008	LOSS: 178.14	MAE: 41.04	RMSE: 45.54
Epoch 009	LOSS: 175.78	MAE: 40.58	RMSE: 45.06
Epoch 010	LOSS: 172.73	MAE: 40.07	RMSE: 44.47
Epoch 011	LOSS: 168.69	MAE: 39.63	RMSE: 43.92
Epoch 012	LOSS: 165.90	MAE: 39.11	RMSE: 43.37
Epoch 013	LOSS: 163.89	MAE: 38.61	RMSE: 42.72
Epoch 014	LOSS: 160.28	MAE: 38.25	RMSE: 42.27
Epoch 015	LOSS: 158.60	MAE: 37.67	RMSE: 41.64
Epoch 016	LOSS: 155.11	MAE: 37.22	RMSE: 41.14
Epoch 017	LOSS: 152.11	MAE: 36.72	RMSE: 40.62
Epoch 018	LOSS: 151.50	MAE: 36.09	RMSE: 39.98
Epoch 019	LOSS: 149.05	MAE: 35.55	RMSE: 39.40
Epoch 020	LOSS: 147.44	MAE: 34.95	RMSE: 38.76
Epoch 021	LOSS: 145.89	MAE: 34.40	RMSE: 38.19
Epoch 022	LOSS: 144.14	MAE: 34.02	RMSE: 37.76
Epoch 023	LOSS: 142.26	MAE: 33.53	RMSE: 37.24
Epoch 024	LOSS: 141.15	MAE: 32.91	RMSE: 36.60
Epoch 025	LOSS: 139.55	MAE: 32.37	RMSE: 36.04
Epoch 026	LOSS: 137.04	MAE: 31.88	RMSE: 35.54
Epoch 027	LOSS: 136.41	MAE: 31.46	RMSE: 35.11
Epoch 028	LOSS: 134.68	MAE: 31.06	RMSE: 34.68
Epoch 029	LOSS: 134.47	MAE: 30.49	RMSE: 34.07
Epoch 030	LOSS: 133.46	MAE: 30.11	RMSE: 33.64
Epoch 031	LOSS: 130.66	MAE: 29.79	RMSE: 33.34
Epoch 032	LOSS: 130.47	MAE: 29.22	RMSE: 32.75
Epoch 033	LOSS: 128.84	MAE: 28.83	RMSE: 32.33
Epoch 034	LOSS: 127.82	MAE: 28.49	RMSE: 31.96
Epoch 035	LOSS: 126.80	MAE: 27.96	RMSE: 31.46
Epoch 036	LOSS: 123.75	MAE: 27.94	RMSE: 31.39
Epoch 037	LOSS: 122.53	MAE: 27.59	RMSE: 31.01
Epoch 038	LOSS: 122.56	MAE: 26.87	RMSE: 30.31
Epoch 039	LOSS: 121.08	MAE: 26.51	RMSE: 29.95
Epoch 040	LOSS: 119.70	MAE: 26.45	RMSE: 29.82
Epoch 041	LOSS: 119.09	MAE: 25.96	RMSE: 29.34
Epoch 042	LOSS: 117.31	MAE: 25.63	RMSE: 29.00
Epoch 043	LOSS: 116.82	MAE: 25.30	RMSE: 28.64
Epoch 044	LOSS: 116.31	MAE: 25.15	RMSE: 28.44
Epoch 045	LOSS: 114.52	MAE: 24.90	RMSE: 28.17
Epoch 046	LOSS: 114.27	MAE: 24.37	RMSE: 27.64
Epoch 047	LOSS: 112.67	MAE: 24.20	RMSE: 27.47
Epoch 048	LOSS: 111.17	MAE: 24.09	RMSE: 27.33
Epoch 049	LOSS: 110.52	MAE: 23.66	RMSE: 26.92
Epoch 050	LOSS: 108.69	MAE: 23.45	RMSE: 26.66
Epoch 051	LOSS: 108.86	MAE: 23.03	RMSE: 26.25
Epoch 052	LOSS: 106.91	MAE: 22.89	RMSE: 26.09
Epoch 053	LOSS: 106.69	MAE: 22.64	RMSE: 25.79
Epoch 054	LOSS: 105.82	MAE: 22.47	RMSE: 25.59
Epoch 055	LOSS: 105.18	MAE: 21.98	RMSE: 25.12
Epoch 056	LOSS: 104.03	MAE: 21.73	RMSE: 24.87
Epoch 057	LOSS: 101.61	MAE: 21.81	RMSE: 24.91
Epoch 058	LOSS: 101.74	MAE: 21.48	RMSE: 24.56
Epoch 059	LOSS: 100.89	MAE: 21.32	RMSE: 24.38
Epoch 060	LOSS: 100.23	MAE: 20.99	RMSE: 24.06
Epoch 061	LOSS: 99.42	MAE: 20.79	RMSE: 23.83
Epoch 062	LOSS: 98.92	MAE: 20.42	RMSE: 23.44
Epoch 063	LOSS: 97.50	MAE: 20.45	RMSE: 23.43
Epoch 064	LOSS: 96.53	MAE: 20.31	RMSE: 23.25
Epoch 065	LOSS: 95.97	MAE: 20.06	RMSE: 23.01
Epoch 066	LOSS: 95.37	MAE: 19.66	RMSE: 22.61
Epoch 067	LOSS: 94.38	MAE: 19.66	RMSE: 22.57
Epoch 068	LOSS: 93.46	MAE: 19.32	RMSE: 22.28
Epoch 069	LOSS: 92.89	MAE: 19.28	RMSE: 22.14
Epoch 070	LOSS: 91.85	MAE: 19.11	RMSE: 21.94
Epoch 071	LOSS: 90.81	MAE: 18.79	RMSE: 21.63
Epoch 072	LOSS: 90.37	MAE: 18.40	RMSE: 21.26
Epoch 073	LOSS: 89.69	MAE: 18.28	RMSE: 21.11
Epoch 074	LOSS: 88.44	MAE: 18.25	RMSE: 21.05
Epoch 075	LOSS: 87.38	MAE: 18.03	RMSE: 20.83
Epoch 076	LOSS: 87.12	MAE: 17.78	RMSE: 20.57
Epoch 077	LOSS: 85.56	MAE: 17.50	RMSE: 20.28
Epoch 078	LOSS: 85.48	MAE: 17.48	RMSE: 20.21
Epoch 079	LOSS: 84.54	MAE: 17.27	RMSE: 19.99
Epoch 080	LOSS: 83.65	MAE: 17.20	RMSE: 19.92
Epoch 081	LOSS: 83.12	MAE: 16.82	RMSE: 19.54
Epoch 082	LOSS: 83.10	MAE: 16.56	RMSE: 19.25
Epoch 083	LOSS: 81.90	MAE: 16.44	RMSE: 19.13
Epoch 084	LOSS: 80.96	MAE: 16.32	RMSE: 18.98
Epoch 085	LOSS: 80.28	MAE: 16.14	RMSE: 18.81
Epoch 086	LOSS: 79.05	MAE: 16.03	RMSE: 18.69
Epoch 087	LOSS: 78.32	MAE: 15.79	RMSE: 18.44
Epoch 088	LOSS: 77.94	MAE: 15.47	RMSE: 18.12
Epoch 089	LOSS: 77.00	MAE: 15.66	RMSE: 18.26
Epoch 090	LOSS: 76.19	MAE: 15.39	RMSE: 18.01
Epoch 091	LOSS: 75.33	MAE: 15.11	RMSE: 17.73
Epoch 092	LOSS: 74.84	MAE: 14.91	RMSE: 17.52
Epoch 093	LOSS: 74.24	MAE: 14.90	RMSE: 17.46
Epoch 094	LOSS: 73.10	MAE: 14.70	RMSE: 17.28
Epoch 095	LOSS: 72.75	MAE: 14.45	RMSE: 17.03
Epoch 096	LOSS: 71.82	MAE: 14.35	RMSE: 16.93
Epoch 097	LOSS: 71.58	MAE: 14.10	RMSE: 16.66
Epoch 098	LOSS: 71.07	MAE: 13.90	RMSE: 16.47
Epoch 099	LOSS: 70.08	MAE: 13.73	RMSE: 16.30
Epoch 100	LOSS: 68.96	MAE: 13.68	RMSE: 16.22
Epoch 101	LOSS: 68.32	MAE: 13.43	RMSE: 16.00
Epoch 102	LOSS: 67.57	MAE: 13.18	RMSE: 15.77
Epoch 103	LOSS: 66.91	MAE: 13.29	RMSE: 15.80
Epoch 104	LOSS: 65.82	MAE: 12.93	RMSE: 15.49
Epoch 105	LOSS: 65.96	MAE: 12.75	RMSE: 15.31
Epoch 106	LOSS: 64.78	MAE: 12.51	RMSE: 15.10
Epoch 107	LOSS: 63.62	MAE: 12.55	RMSE: 15.10
Epoch 108	LOSS: 63.00	MAE: 12.42	RMSE: 14.99
Epoch 109	LOSS: 62.54	MAE: 12.14	RMSE: 14.73
Epoch 110	LOSS: 61.93	MAE: 12.01	RMSE: 14.56
Epoch 111	LOSS: 61.20	MAE: 11.85	RMSE: 14.44
Epoch 112	LOSS: 60.82	MAE: 11.73	RMSE: 14.32
Epoch 113	LOSS: 59.86	MAE: 11.56	RMSE: 14.16
Epoch 114	LOSS: 59.13	MAE: 11.46	RMSE: 14.05
Epoch 115	LOSS: 58.37	MAE: 11.37	RMSE: 13.95
Epoch 116	LOSS: 58.07	MAE: 11.02	RMSE: 13.64
Epoch 117	LOSS: 57.08	MAE: 10.89	RMSE: 13.53
Epoch 118	LOSS: 56.16	MAE: 10.75	RMSE: 13.39
Epoch 119	LOSS: 55.69	MAE: 10.68	RMSE: 13.32
Epoch 120	LOSS: 55.05	MAE: 10.59	RMSE: 13.24
Epoch 121	LOSS: 54.55	MAE: 10.42	RMSE: 13.09
Epoch 122	LOSS: 53.67	MAE: 10.29	RMSE: 12.98
Epoch 123	LOSS: 52.93	MAE: 10.03	RMSE: 12.78
Epoch 124	LOSS: 52.09	MAE: 10.04	RMSE: 12.77
Epoch 125	LOSS: 51.09	MAE: 10.01	RMSE: 12.72
Epoch 126	LOSS: 51.03	MAE: 9.64	RMSE: 12.43
Epoch 127	LOSS: 50.49	MAE: 9.29	RMSE: 12.16
Epoch 128	LOSS: 49.48	MAE: 9.34	RMSE: 12.19
Epoch 129	LOSS: 48.80	MAE: 9.38	RMSE: 12.21
Epoch 130	LOSS: 48.11	MAE: 9.09	RMSE: 11.98
Epoch 131	LOSS: 47.35	MAE: 8.91	RMSE: 11.85
Epoch 132	LOSS: 46.58	MAE: 8.84	RMSE: 11.78
Epoch 133	LOSS: 45.87	MAE: 8.76	RMSE: 11.73
Epoch 134	LOSS: 45.09	MAE: 8.56	RMSE: 11.57
Epoch 135	LOSS: 44.50	MAE: 8.37	RMSE: 11.43
Epoch 136	LOSS: 43.66	MAE: 8.28	RMSE: 11.37
Epoch 137	LOSS: 43.23	MAE: 8.15	RMSE: 11.25
Epoch 138	LOSS: 42.36	MAE: 8.03	RMSE: 11.16
Epoch 139	LOSS: 41.92	MAE: 7.97	RMSE: 11.11
Epoch 140	LOSS: 41.25	MAE: 7.79	RMSE: 10.99
Epoch 141	LOSS: 40.71	MAE: 7.54	RMSE: 10.83
Epoch 142	LOSS: 39.95	MAE: 7.51	RMSE: 10.81
Epoch 143	LOSS: 39.13	MAE: 7.38	RMSE: 10.73
Epoch 144	LOSS: 38.44	MAE: 7.27	RMSE: 10.65
Epoch 145	LOSS: 37.94	MAE: 7.23	RMSE: 10.64
Epoch 146	LOSS: 37.46	MAE: 7.05	RMSE: 10.51
Epoch 147	LOSS: 36.67	MAE: 6.92	RMSE: 10.43
Epoch 148	LOSS: 35.97	MAE: 6.74	RMSE: 10.33
Epoch 149	LOSS: 35.34	MAE: 6.69	RMSE: 10.29
Epoch 150	LOSS: 34.66	MAE: 6.53	RMSE: 10.20
Epoch 151	LOSS: 34.08	MAE: 6.51	RMSE: 10.18
Epoch 152	LOSS: 33.34	MAE: 6.41	RMSE: 10.12
Epoch 153	LOSS: 33.05	MAE: 6.22	RMSE: 10.02
Epoch 154	LOSS: 32.28	MAE: 6.13	RMSE: 9.97
Epoch 155	LOSS: 31.69	MAE: 6.10	RMSE: 9.95
Epoch 156	LOSS: 30.98	MAE: 5.97	RMSE: 9.88
Epoch 157	LOSS: 30.48	MAE: 5.94	RMSE: 9.84
Epoch 158	LOSS: 30.20	MAE: 5.86	RMSE: 9.80
Epoch 159	LOSS: 29.67	MAE: 5.79	RMSE: 9.77
Epoch 160	LOSS: 29.29	MAE: 5.70	RMSE: 9.73
Epoch 161	LOSS: 29.04	MAE: 5.62	RMSE: 9.69
Epoch 162	LOSS: 28.44	MAE: 5.52	RMSE: 9.62
Epoch 163	LOSS: 28.24	MAE: 5.48	RMSE: 9.61
Epoch 164	LOSS: 27.92	MAE: 5.43	RMSE: 9.60
Epoch 165	LOSS: 27.14	MAE: 5.34	RMSE: 9.55
Epoch 166	LOSS: 26.94	MAE: 5.35	RMSE: 9.52
Epoch 167	LOSS: 26.80	MAE: 5.31	RMSE: 9.52
Epoch 168	LOSS: 26.23	MAE: 5.29	RMSE: 9.51
Epoch 169	LOSS: 26.21	MAE: 5.26	RMSE: 9.51
Epoch 170	LOSS: 25.43	MAE: 5.18	RMSE: 9.48
Epoch 171	LOSS: 25.73	MAE: 5.17	RMSE: 9.48
Epoch 172	LOSS: 25.03	MAE: 5.18	RMSE: 9.47
Epoch 173	LOSS: 25.27	MAE: 5.11	RMSE: 9.46
Epoch 174	LOSS: 25.19	MAE: 5.07	RMSE: 9.47
Epoch 175	LOSS: 24.60	MAE: 5.05	RMSE: 9.45
Epoch 176	LOSS: 25.10	MAE: 5.07	RMSE: 9.46
Epoch 177	LOSS: 24.49	MAE: 5.06	RMSE: 9.49
Epoch 178	LOSS: 24.27	MAE: 5.02	RMSE: 9.48
Epoch 179	LOSS: 24.30	MAE: 4.99	RMSE: 9.47
Epoch 180	LOSS: 24.11	MAE: 4.96	RMSE: 9.48
Epoch 181	LOSS: 24.10	MAE: 4.99	RMSE: 9.46
Epoch 182	LOSS: 24.21	MAE: 5.00	RMSE: 9.47
Epoch 183	LOSS: 23.64	MAE: 4.94	RMSE: 9.47
Epoch 184	LOSS: 23.69	MAE: 4.94	RMSE: 9.46
Epoch 185	LOSS: 23.65	MAE: 4.92	RMSE: 9.46
Epoch 186	LOSS: 23.33	MAE: 4.91	RMSE: 9.46
Epoch 187	LOSS: 23.27	MAE: 4.92	RMSE: 9.48
Epoch 188	LOSS: 22.95	MAE: 4.89	RMSE: 9.47
Epoch 189	LOSS: 23.24	MAE: 4.89	RMSE: 9.46
Epoch 190	LOSS: 23.12	MAE: 4.89	RMSE: 9.45
Epoch 191	LOSS: 23.26	MAE: 4.90	RMSE: 9.47
Epoch 192	LOSS: 23.52	MAE: 4.94	RMSE: 9.48
Epoch 193	LOSS: 23.21	MAE: 4.91	RMSE: 9.47
Epoch 194	LOSS: 23.35	MAE: 4.89	RMSE: 9.48
Epoch 195	LOSS: 23.21	MAE: 4.88	RMSE: 9.45
Epoch 196	LOSS: 23.18	MAE: 4.89	RMSE: 9.48
Epoch 197	LOSS: 22.74	MAE: 4.88	RMSE: 9.45
Epoch 198	LOSS: 23.22	MAE: 4.87	RMSE: 9.46
Epoch 199	LOSS: 23.00	MAE: 4.88	RMSE: 9.48
Epoch 200	LOSS: 22.83	MAE: 4.86	RMSE: 9.48
Epoch 201	LOSS: 23.32	MAE: 4.88	RMSE: 9.46
Epoch 202	LOSS: 22.73	MAE: 4.86	RMSE: 9.47
Epoch 203	LOSS: 22.88	MAE: 4.85	RMSE: 9.46
Epoch 204	LOSS: 22.82	MAE: 4.86	RMSE: 9.45
Epoch 205	LOSS: 22.51	MAE: 4.85	RMSE: 9.44
Epoch 206	LOSS: 22.88	MAE: 4.86	RMSE: 9.47
Epoch 207	LOSS: 22.52	MAE: 4.86	RMSE: 9.46
Epoch 208	LOSS: 22.75	MAE: 4.86	RMSE: 9.46
Epoch 209	LOSS: 22.85	MAE: 4.91	RMSE: 9.49
Epoch 210	LOSS: 22.78	MAE: 4.88	RMSE: 9.48
Epoch 211	LOSS: 22.70	MAE: 4.88	RMSE: 9.46
Epoch 212	LOSS: 22.50	MAE: 4.86	RMSE: 9.46
Epoch 213	LOSS: 22.37	MAE: 4.87	RMSE: 9.47
Epoch 214	LOSS: 22.18	MAE: 4.86	RMSE: 9.46
Epoch 215	LOSS: 22.27	MAE: 4.86	RMSE: 9.47
Epoch 216	LOSS: 22.67	MAE: 4.87	RMSE: 9.46
Epoch 217	LOSS: 22.11	MAE: 4.85	RMSE: 9.43
Epoch 218	LOSS: 22.38	MAE: 4.81	RMSE: 9.41
Epoch 219	LOSS: 22.39	MAE: 4.85	RMSE: 9.46
Epoch 220	LOSS: 22.19	MAE: 4.81	RMSE: 9.42
Epoch 221	LOSS: 22.48	MAE: 4.86	RMSE: 9.45
Epoch 222	LOSS: 22.46	MAE: 4.84	RMSE: 9.47
Epoch 223	LOSS: 22.09	MAE: 4.86	RMSE: 9.46
Epoch 224	LOSS: 22.50	MAE: 4.83	RMSE: 9.45
Epoch 225	LOSS: 22.52	MAE: 4.85	RMSE: 9.45
Epoch 226	LOSS: 22.56	MAE: 4.87	RMSE: 9.47
Epoch 227	LOSS: 22.47	MAE: 4.83	RMSE: 9.45
Epoch 228	LOSS: 22.22	MAE: 4.80	RMSE: 9.43
Epoch 229	LOSS: 21.77	MAE: 4.82	RMSE: 9.42
Epoch 230	LOSS: 22.28	MAE: 4.81	RMSE: 9.42
Epoch 231	LOSS: 22.02	MAE: 4.79	RMSE: 9.40
Epoch 232	LOSS: 22.37	MAE: 4.85	RMSE: 9.45
Epoch 233	LOSS: 22.20	MAE: 4.84	RMSE: 9.43
Epoch 234	LOSS: 21.92	MAE: 4.83	RMSE: 9.42
Epoch 235	LOSS: 22.17	MAE: 4.80	RMSE: 9.41
Epoch 236	LOSS: 22.26	MAE: 4.82	RMSE: 9.40
Epoch 237	LOSS: 22.24	MAE: 4.82	RMSE: 9.41
Epoch 238	LOSS: 22.44	MAE: 4.79	RMSE: 9.40
Epoch 239	LOSS: 22.07	MAE: 4.81	RMSE: 9.42
Epoch 240	LOSS: 22.37	MAE: 4.81	RMSE: 9.41
Epoch 241	LOSS: 22.00	MAE: 4.80	RMSE: 9.41
Epoch 242	LOSS: 22.03	MAE: 4.81	RMSE: 9.41
Epoch 243	LOSS: 21.82	MAE: 4.79	RMSE: 9.38
Epoch 244	LOSS: 22.09	MAE: 4.81	RMSE: 9.41
Epoch 245	LOSS: 22.13	MAE: 4.83	RMSE: 9.43
Epoch 246	LOSS: 21.83	MAE: 4.80	RMSE: 9.40
Epoch 247	LOSS: 22.15	MAE: 4.80	RMSE: 9.38
Epoch 248	LOSS: 22.64	MAE: 4.80	RMSE: 9.36
Epoch 249	LOSS: 21.74	MAE: 4.81	RMSE: 9.41
Epoch 250	LOSS: 22.06	MAE: 4.82	RMSE: 9.42
Epoch 251	LOSS: 22.29	MAE: 4.83	RMSE: 9.43
Epoch 252	LOSS: 22.03	MAE: 4.85	RMSE: 9.41
Epoch 253	LOSS: 22.10	MAE: 4.81	RMSE: 9.37
Epoch 254	LOSS: 22.08	MAE: 4.83	RMSE: 9.41
Epoch 255	LOSS: 22.26	MAE: 4.82	RMSE: 9.41
Epoch 256	LOSS: 22.15	MAE: 4.83	RMSE: 9.41
Epoch 257	LOSS: 21.86	MAE: 4.80	RMSE: 9.37
Epoch 258	LOSS: 22.07	MAE: 4.82	RMSE: 9.40
Epoch 259	LOSS: 21.80	MAE: 4.80	RMSE: 9.42
Epoch 260	LOSS: 21.92	MAE: 4.78	RMSE: 9.38
Epoch 261	LOSS: 21.87	MAE: 4.79	RMSE: 9.37
Epoch 262	LOSS: 21.96	MAE: 4.78	RMSE: 9.36
Epoch 263	LOSS: 21.64	MAE: 4.80	RMSE: 9.39
Epoch 264	LOSS: 22.15	MAE: 4.82	RMSE: 9.40
Epoch 265	LOSS: 21.90	MAE: 4.81	RMSE: 9.37
Epoch 266	LOSS: 22.08	MAE: 4.81	RMSE: 9.38
Epoch 267	LOSS: 22.00	MAE: 4.81	RMSE: 9.39
Epoch 268	LOSS: 21.83	MAE: 4.81	RMSE: 9.39
Epoch 269	LOSS: 21.76	MAE: 4.79	RMSE: 9.38
Epoch 270	LOSS: 21.84	MAE: 4.79	RMSE: 9.36
Epoch 271	LOSS: 21.70	MAE: 4.78	RMSE: 9.38
Epoch 272	LOSS: 21.82	MAE: 4.79	RMSE: 9.40
Epoch 273	LOSS: 21.69	MAE: 4.76	RMSE: 9.36
Epoch 274	LOSS: 21.61	MAE: 4.76	RMSE: 9.36
Epoch 275	LOSS: 22.14	MAE: 4.80	RMSE: 9.36
Epoch 276	LOSS: 22.14	MAE: 4.79	RMSE: 9.36
Epoch 277	LOSS: 21.42	MAE: 4.77	RMSE: 9.36
Epoch 278	LOSS: 22.15	MAE: 4.78	RMSE: 9.36
Epoch 279	LOSS: 21.48	MAE: 4.79	RMSE: 9.34
Epoch 280	LOSS: 21.87	MAE: 4.79	RMSE: 9.38
Epoch 281	LOSS: 21.59	MAE: 4.78	RMSE: 9.36
Epoch 282	LOSS: 21.62	MAE: 4.77	RMSE: 9.38
Epoch 283	LOSS: 21.60	MAE: 4.76	RMSE: 9.35
Epoch 284	LOSS: 21.50	MAE: 4.75	RMSE: 9.36
Epoch 285	LOSS: 21.37	MAE: 4.75	RMSE: 9.34
Epoch 286	LOSS: 21.68	MAE: 4.73	RMSE: 9.35
Epoch 287	LOSS: 21.91	MAE: 4.76	RMSE: 9.36
Epoch 288	LOSS: 21.80	MAE: 4.75	RMSE: 9.34
Epoch 289	LOSS: 21.50	MAE: 4.77	RMSE: 9.36
Epoch 290	LOSS: 21.57	MAE: 4.77	RMSE: 9.33
Epoch 291	LOSS: 21.67	MAE: 4.76	RMSE: 9.33
Epoch 292	LOSS: 21.63	MAE: 4.76	RMSE: 9.33
Epoch 293	LOSS: 21.69	MAE: 4.76	RMSE: 9.35
Epoch 294	LOSS: 21.68	MAE: 4.76	RMSE: 9.35
Epoch 295	LOSS: 21.63	MAE: 4.77	RMSE: 9.36
Epoch 296	LOSS: 21.50	MAE: 4.76	RMSE: 9.34
Epoch 297	LOSS: 21.37	MAE: 4.75	RMSE: 9.35
Epoch 298	LOSS: 21.59	MAE: 4.75	RMSE: 9.34
Epoch 299	LOSS: 21.49	MAE: 4.74	RMSE: 9.33
Epoch 300	LOSS: 21.35	MAE: 4.73	RMSE: 9.33
Epoch 301	LOSS: 21.67	MAE: 4.78	RMSE: 9.36
Epoch 302	LOSS: 21.18	MAE: 4.78	RMSE: 9.36
Epoch 303	LOSS: 21.56	MAE: 4.78	RMSE: 9.35
Epoch 304	LOSS: 21.83	MAE: 4.77	RMSE: 9.35
Epoch 305	LOSS: 21.48	MAE: 4.74	RMSE: 9.33
Epoch 306	LOSS: 21.42	MAE: 4.77	RMSE: 9.35
Epoch 307	LOSS: 21.73	MAE: 4.76	RMSE: 9.34
Epoch 308	LOSS: 21.54	MAE: 4.77	RMSE: 9.36
Epoch 309	LOSS: 22.00	MAE: 4.80	RMSE: 9.37
Epoch 310	LOSS: 21.54	MAE: 4.78	RMSE: 9.37
Epoch 311	LOSS: 21.71	MAE: 4.78	RMSE: 9.36
Epoch 312	LOSS: 21.63	MAE: 4.76	RMSE: 9.34
Epoch 313	LOSS: 21.96	MAE: 4.77	RMSE: 9.35
Epoch 314	LOSS: 21.68	MAE: 4.75	RMSE: 9.34
Epoch 315	LOSS: 21.42	MAE: 4.79	RMSE: 9.35
Epoch 316	LOSS: 21.83	MAE: 4.77	RMSE: 9.36
Epoch 317	LOSS: 21.32	MAE: 4.74	RMSE: 9.35
Epoch 318	LOSS: 21.32	MAE: 4.74	RMSE: 9.30
Epoch 319	LOSS: 21.23	MAE: 4.76	RMSE: 9.36
Epoch 320	LOSS: 21.38	MAE: 4.74	RMSE: 9.33
Epoch 321	LOSS: 21.16	MAE: 4.74	RMSE: 9.34
Epoch 322	LOSS: 21.03	MAE: 4.72	RMSE: 9.32
Epoch 323	LOSS: 22.14	MAE: 4.84	RMSE: 9.38
Epoch 324	LOSS: 21.53	MAE: 4.81	RMSE: 9.39
Epoch 325	LOSS: 21.53	MAE: 4.77	RMSE: 9.35
Epoch 326	LOSS: 21.18	MAE: 4.74	RMSE: 9.34
Epoch 327	LOSS: 21.54	MAE: 4.75	RMSE: 9.35
Epoch 328	LOSS: 21.37	MAE: 4.75	RMSE: 9.37
Epoch 329	LOSS: 21.27	MAE: 4.75	RMSE: 9.35
Epoch 330	LOSS: 21.45	MAE: 4.71	RMSE: 9.32
Epoch 331	LOSS: 21.10	MAE: 4.77	RMSE: 9.37
Epoch 332	LOSS: 21.50	MAE: 4.75	RMSE: 9.37
Epoch 333	LOSS: 21.43	MAE: 4.73	RMSE: 9.34
Epoch 334	LOSS: 21.39	MAE: 4.72	RMSE: 9.33
Epoch 335	LOSS: 21.45	MAE: 4.77	RMSE: 9.37
Epoch 336	LOSS: 21.29	MAE: 4.75	RMSE: 9.33
Epoch 337	LOSS: 21.58	MAE: 4.78	RMSE: 9.36
Epoch 338	LOSS: 21.26	MAE: 4.77	RMSE: 9.36
Epoch 339	LOSS: 21.76	MAE: 4.80	RMSE: 9.40
Epoch 340	LOSS: 21.56	MAE: 4.76	RMSE: 9.37
Epoch 341	LOSS: 21.30	MAE: 4.77	RMSE: 9.37
Epoch 342	LOSS: 21.37	MAE: 4.75	RMSE: 9.36
Epoch 343	LOSS: 21.39	MAE: 4.78	RMSE: 9.37
Epoch 344	LOSS: 21.49	MAE: 4.74	RMSE: 9.37
Epoch 345	LOSS: 21.17	MAE: 4.76	RMSE: 9.38
Epoch 346	LOSS: 21.34	MAE: 4.72	RMSE: 9.33
Epoch 347	LOSS: 21.19	MAE: 4.73	RMSE: 9.36
Epoch 348	LOSS: 21.20	MAE: 4.75	RMSE: 9.36
Epoch 349	LOSS: 20.98	MAE: 4.73	RMSE: 9.34
Epoch 350	LOSS: 21.30	MAE: 4.74	RMSE: 9.35
Epoch 351	LOSS: 20.91	MAE: 4.74	RMSE: 9.34
Epoch 352	LOSS: 21.35	MAE: 4.74	RMSE: 9.36
Epoch 353	LOSS: 21.62	MAE: 4.73	RMSE: 9.36
Epoch 354	LOSS: 21.03	MAE: 4.73	RMSE: 9.35
Epoch 355	LOSS: 21.06	MAE: 4.74	RMSE: 9.36
Epoch 356	LOSS: 21.14	MAE: 4.74	RMSE: 9.36
Epoch 357	LOSS: 21.46	MAE: 4.72	RMSE: 9.34
Epoch 358	LOSS: 21.21	MAE: 4.71	RMSE: 9.35
Epoch 359	LOSS: 20.97	MAE: 4.76	RMSE: 9.36
Epoch 360	LOSS: 21.78	MAE: 4.76	RMSE: 9.34
Epoch 361	LOSS: 21.26	MAE: 4.75	RMSE: 9.35
Epoch 362	LOSS: 21.24	MAE: 4.75	RMSE: 9.37
Epoch 363	LOSS: 21.18	MAE: 4.74	RMSE: 9.36
Epoch 364	LOSS: 21.29	MAE: 4.74	RMSE: 9.36
Epoch 365	LOSS: 21.69	MAE: 4.75	RMSE: 9.38
Epoch 366	LOSS: 20.98	MAE: 4.74	RMSE: 9.39
Epoch 367	LOSS: 21.12	MAE: 4.77	RMSE: 9.38
Epoch 368	LOSS: 21.25	MAE: 4.76	RMSE: 9.38
Epoch 369	LOSS: 20.93	MAE: 4.78	RMSE: 9.38
Epoch 370	LOSS: 21.11	MAE: 4.75	RMSE: 9.37
Epoch 371	LOSS: 21.30	MAE: 4.75	RMSE: 9.36
Epoch 372	LOSS: 21.26	MAE: 4.73	RMSE: 9.36
Epoch 373	LOSS: 21.08	MAE: 4.73	RMSE: 9.34
Epoch 374	LOSS: 21.07	MAE: 4.73	RMSE: 9.38
Epoch 375	LOSS: 21.10	MAE: 4.73	RMSE: 9.36
Epoch 376	LOSS: 21.02	MAE: 4.72	RMSE: 9.36
Epoch 377	LOSS: 21.27	MAE: 4.76	RMSE: 9.38
Epoch 378	LOSS: 21.45	MAE: 4.74	RMSE: 9.36
Epoch 379	LOSS: 21.32	MAE: 4.78	RMSE: 9.39
Epoch 380	LOSS: 21.36	MAE: 4.76	RMSE: 9.38
Epoch 381	LOSS: 21.42	MAE: 4.76	RMSE: 9.37
Epoch 382	LOSS: 20.75	MAE: 4.73	RMSE: 9.35
Epoch 383	LOSS: 21.48	MAE: 4.76	RMSE: 9.36
Epoch 384	LOSS: 21.31	MAE: 4.73	RMSE: 9.37
Epoch 385	LOSS: 21.25	MAE: 4.73	RMSE: 9.38
Epoch 386	LOSS: 21.47	MAE: 4.73	RMSE: 9.38
Epoch 387	LOSS: 21.19	MAE: 4.75	RMSE: 9.38
Epoch 388	LOSS: 21.29	MAE: 4.74	RMSE: 9.38
Epoch 389	LOSS: 21.45	MAE: 4.77	RMSE: 9.39
Epoch 390	LOSS: 21.13	MAE: 4.76	RMSE: 9.39
Epoch 391	LOSS: 21.20	MAE: 4.77	RMSE: 9.40
Epoch 392	LOSS: 21.33	MAE: 4.75	RMSE: 9.38
Epoch 393	LOSS: 21.15	MAE: 4.75	RMSE: 9.40
Epoch 394	LOSS: 21.36	MAE: 4.74	RMSE: 9.37
Epoch 395	LOSS: 21.36	MAE: 4.74	RMSE: 9.36
Epoch 396	LOSS: 21.39	MAE: 4.73	RMSE: 9.36
Epoch 397	LOSS: 21.19	MAE: 4.74	RMSE: 9.38
Epoch 398	LOSS: 20.91	MAE: 4.73	RMSE: 9.40
Epoch 399	LOSS: 21.14	MAE: 4.77	RMSE: 9.42
Epoch 400	LOSS: 21.21	MAE: 4.72	RMSE: 9.36
Epoch 401	LOSS: 20.96	MAE: 4.72	RMSE: 9.36
Epoch 402	LOSS: 21.15	MAE: 4.73	RMSE: 9.39
Epoch 403	LOSS: 20.86	MAE: 4.72	RMSE: 9.37
Epoch 404	LOSS: 20.89	MAE: 4.73	RMSE: 9.36
Epoch 405	LOSS: 21.07	MAE: 4.73	RMSE: 9.37
Epoch 406	LOSS: 20.81	MAE: 4.71	RMSE: 9.37
Epoch 407	LOSS: 21.29	MAE: 4.78	RMSE: 9.38
Epoch 408	LOSS: 21.23	MAE: 4.77	RMSE: 9.40
Epoch 409	LOSS: 21.06	MAE: 4.76	RMSE: 9.41
Epoch 410	LOSS: 21.33	MAE: 4.74	RMSE: 9.39
Epoch 411	LOSS: 21.39	MAE: 4.78	RMSE: 9.42
Epoch 412	LOSS: 21.51	MAE: 4.77	RMSE: 9.38
Epoch 413	LOSS: 21.26	MAE: 4.77	RMSE: 9.41
Epoch 414	LOSS: 21.10	MAE: 4.77	RMSE: 9.42
Epoch 415	LOSS: 21.24	MAE: 4.77	RMSE: 9.41
Epoch 416	LOSS: 20.86	MAE: 4.77	RMSE: 9.41
Epoch 417	LOSS: 21.17	MAE: 4.79	RMSE: 9.43
Epoch 418	LOSS: 21.16	MAE: 4.78	RMSE: 9.43
Epoch 419	LOSS: 21.17	MAE: 4.74	RMSE: 9.39
Epoch 420	LOSS: 21.07	MAE: 4.74	RMSE: 9.40
Epoch 421	LOSS: 21.12	MAE: 4.75	RMSE: 9.40
Epoch 422	LOSS: 20.81	MAE: 4.73	RMSE: 9.40
Epoch 423	LOSS: 20.99	MAE: 4.74	RMSE: 9.38
Epoch 424	LOSS: 21.04	MAE: 4.72	RMSE: 9.38
Epoch 425	LOSS: 21.32	MAE: 4.73	RMSE: 9.36
Epoch 426	LOSS: 21.14	MAE: 4.73	RMSE: 9.38
Epoch 427	LOSS: 20.97	MAE: 4.74	RMSE: 9.42
Epoch 428	LOSS: 21.23	MAE: 4.72	RMSE: 9.38
Epoch 429	LOSS: 20.99	MAE: 4.76	RMSE: 9.42
Epoch 430	LOSS: 21.34	MAE: 4.75	RMSE: 9.42
Epoch 431	LOSS: 21.23	MAE: 4.74	RMSE: 9.42
Epoch 432	LOSS: 21.22	MAE: 4.76	RMSE: 9.42
Epoch 433	LOSS: 21.09	MAE: 4.73	RMSE: 9.39
Epoch 434	LOSS: 20.89	MAE: 4.75	RMSE: 9.39
Epoch 435	LOSS: 20.96	MAE: 4.76	RMSE: 9.42
Epoch 436	LOSS: 20.94	MAE: 4.75	RMSE: 9.43
Epoch 437	LOSS: 20.94	MAE: 4.75	RMSE: 9.44
Epoch 438	LOSS: 20.62	MAE: 4.71	RMSE: 9.38
Epoch 439	LOSS: 21.04	MAE: 4.77	RMSE: 9.40
Epoch 440	LOSS: 21.33	MAE: 4.79	RMSE: 9.43
Epoch 441	LOSS: 20.87	MAE: 4.74	RMSE: 9.41
Epoch 442	LOSS: 20.93	MAE: 4.75	RMSE: 9.40
Epoch 443	LOSS: 21.24	MAE: 4.78	RMSE: 9.42
Epoch 444	LOSS: 21.22	MAE: 4.76	RMSE: 9.40
Epoch 445	LOSS: 20.86	MAE: 4.76	RMSE: 9.41
Epoch 446	LOSS: 20.82	MAE: 4.74	RMSE: 9.42
Epoch 447	LOSS: 20.72	MAE: 4.73	RMSE: 9.40
Epoch 448	LOSS: 20.79	MAE: 4.75	RMSE: 9.40
Epoch 449	LOSS: 20.97	MAE: 4.73	RMSE: 9.38
Epoch 450	LOSS: 21.20	MAE: 4.77	RMSE: 9.41
Epoch 451	LOSS: 20.95	MAE: 4.77	RMSE: 9.44
Epoch 452	LOSS: 20.91	MAE: 4.77	RMSE: 9.44
Epoch 453	LOSS: 20.64	MAE: 4.75	RMSE: 9.42
Epoch 454	LOSS: 20.80	MAE: 4.76	RMSE: 9.44
Epoch 455	LOSS: 21.02	MAE: 4.74	RMSE: 9.43
Epoch 456	LOSS: 20.53	MAE: 4.77	RMSE: 9.46
Epoch 457	LOSS: 21.16	MAE: 4.75	RMSE: 9.43
Epoch 458	LOSS: 21.41	MAE: 4.74	RMSE: 9.40
Epoch 459	LOSS: 20.99	MAE: 4.74	RMSE: 9.43
Epoch 460	LOSS: 20.91	MAE: 4.74	RMSE: 9.41
Epoch 461	LOSS: 20.78	MAE: 4.73	RMSE: 9.39
Epoch 462	LOSS: 20.74	MAE: 4.74	RMSE: 9.40
Epoch 463	LOSS: 20.96	MAE: 4.75	RMSE: 9.42
Epoch 464	LOSS: 21.12	MAE: 4.74	RMSE: 9.42
Epoch 465	LOSS: 20.96	MAE: 4.74	RMSE: 9.41
Epoch 466	LOSS: 20.72	MAE: 4.75	RMSE: 9.40
Epoch 467	LOSS: 21.21	MAE: 4.75	RMSE: 9.40
Epoch 468	LOSS: 20.61	MAE: 4.75	RMSE: 9.42
Epoch 469	LOSS: 21.02	MAE: 4.73	RMSE: 9.41
Epoch 470	LOSS: 20.98	MAE: 4.75	RMSE: 9.43
Epoch 471	LOSS: 20.61	MAE: 4.75	RMSE: 9.42
Epoch 472	LOSS: 21.20	MAE: 4.76	RMSE: 9.41
Epoch 473	LOSS: 21.06	MAE: 4.76	RMSE: 9.41
Epoch 474	LOSS: 20.57	MAE: 4.75	RMSE: 9.42
Epoch 475	LOSS: 20.99	MAE: 4.75	RMSE: 9.44
Epoch 476	LOSS: 21.04	MAE: 4.74	RMSE: 9.41
Epoch 477	LOSS: 20.75	MAE: 4.74	RMSE: 9.41
Epoch 478	LOSS: 20.69	MAE: 4.74	RMSE: 9.41
Epoch 479	LOSS: 20.74	MAE: 4.72	RMSE: 9.42
Epoch 480	LOSS: 20.64	MAE: 4.73	RMSE: 9.40
Epoch 481	LOSS: 20.63	MAE: 4.74	RMSE: 9.44
Epoch 482	LOSS: 20.75	MAE: 4.73	RMSE: 9.43
Epoch 483	LOSS: 20.68	MAE: 4.72	RMSE: 9.40
Epoch 484	LOSS: 21.04	MAE: 4.76	RMSE: 9.42
Epoch 485	LOSS: 21.20	MAE: 4.77	RMSE: 9.45
Epoch 486	LOSS: 20.90	MAE: 4.73	RMSE: 9.42
Epoch 487	LOSS: 21.03	MAE: 4.72	RMSE: 9.40
Epoch 488	LOSS: 21.13	MAE: 4.74	RMSE: 9.42
Epoch 489	LOSS: 20.75	MAE: 4.72	RMSE: 9.40
Epoch 490	LOSS: 20.86	MAE: 4.74	RMSE: 9.42
Epoch 491	LOSS: 21.04	MAE: 4.73	RMSE: 9.41
Epoch 492	LOSS: 20.89	MAE: 4.71	RMSE: 9.40
Epoch 493	LOSS: 20.79	MAE: 4.75	RMSE: 9.41
Epoch 494	LOSS: 20.98	MAE: 4.72	RMSE: 9.41
Epoch 495	LOSS: 20.78	MAE: 4.71	RMSE: 9.40
Epoch 496	LOSS: 20.54	MAE: 4.72	RMSE: 9.41
Epoch 497	LOSS: 20.65	MAE: 4.71	RMSE: 9.41
Epoch 498	LOSS: 21.07	MAE: 4.73	RMSE: 9.40
Epoch 499	LOSS: 20.69	MAE: 4.72	RMSE: 9.44
