Epoch 000	LOSS: 430.50	MAE: 253.12	RMSE: 296.37
Epoch 001	LOSS: 347.68	MAE: 243.76	RMSE: 288.17
Epoch 002	LOSS: 335.24	MAE: 223.70	RMSE: 272.11
Epoch 003	LOSS: 347.28	MAE: 217.26	RMSE: 265.28
Epoch 004	LOSS: 218.64	MAE: 210.08	RMSE: 259.67
Epoch 005	LOSS: 157.93	MAE: 210.97	RMSE: 260.97
Epoch 006	LOSS: 132.55	MAE: 207.01	RMSE: 257.77
Epoch 007	LOSS: 124.71	MAE: 200.92	RMSE: 252.03
Epoch 008	LOSS: 131.72	MAE: 199.93	RMSE: 250.62
Epoch 009	LOSS: 96.60	MAE: 198.00	RMSE: 250.90
Epoch 010	LOSS: 86.68	MAE: 197.60	RMSE: 251.09
Epoch 011	LOSS: 93.37	MAE: 196.39	RMSE: 250.09
Epoch 012	LOSS: 93.09	MAE: 196.30	RMSE: 250.12
Epoch 013	LOSS: 78.87	MAE: 195.47	RMSE: 250.31
Epoch 014	LOSS: 79.92	MAE: 196.33	RMSE: 250.66
Epoch 015	LOSS: 84.50	MAE: 197.18	RMSE: 251.07
Epoch 016	LOSS: 80.35	MAE: 196.86	RMSE: 251.25
Epoch 017	LOSS: 74.66	MAE: 196.58	RMSE: 251.31
Epoch 018	LOSS: 86.94	MAE: 198.27	RMSE: 251.67
Epoch 019	LOSS: 73.25	MAE: 196.41	RMSE: 251.42
Epoch 020	LOSS: 75.02	MAE: 196.68	RMSE: 251.50
Epoch 021	LOSS: 91.78	MAE: 198.92	RMSE: 251.93
Epoch 022	LOSS: 72.70	MAE: 196.17	RMSE: 251.60
Epoch 023	LOSS: 76.35	MAE: 196.85	RMSE: 251.74
Epoch 024	LOSS: 80.87	MAE: 197.69	RMSE: 251.91
Epoch 025	LOSS: 78.16	MAE: 197.18	RMSE: 251.90
Epoch 026	LOSS: 76.76	MAE: 197.06	RMSE: 251.93
Epoch 027	LOSS: 84.05	MAE: 198.28	RMSE: 252.23
Epoch 028	LOSS: 72.84	MAE: 197.06	RMSE: 252.07
Epoch 029	LOSS: 81.30	MAE: 198.60	RMSE: 252.39
Epoch 030	LOSS: 76.79	MAE: 197.61	RMSE: 252.22
Epoch 031	LOSS: 84.01	MAE: 198.45	RMSE: 252.37
Epoch 032	LOSS: 72.53	MAE: 196.72	RMSE: 252.14
Epoch 033	LOSS: 81.38	MAE: 197.97	RMSE: 252.34
Epoch 034	LOSS: 75.90	MAE: 197.26	RMSE: 252.28
Epoch 035	LOSS: 80.38	MAE: 197.99	RMSE: 252.44
Epoch 036	LOSS: 76.33	MAE: 197.47	RMSE: 252.40
Epoch 037	LOSS: 80.47	MAE: 198.41	RMSE: 252.60
Epoch 038	LOSS: 76.39	MAE: 197.92	RMSE: 252.54
Epoch 039	LOSS: 76.93	MAE: 197.96	RMSE: 252.54
Epoch 040	LOSS: 76.97	MAE: 197.75	RMSE: 252.50
Epoch 041	LOSS: 80.14	MAE: 198.00	RMSE: 252.54
Epoch 042	LOSS: 74.40	MAE: 197.21	RMSE: 252.43
Epoch 043	LOSS: 84.20	MAE: 198.66	RMSE: 252.68
Epoch 044	LOSS: 72.41	MAE: 197.08	RMSE: 252.43
Epoch 045	LOSS: 81.17	MAE: 198.41	RMSE: 252.64
Epoch 046	LOSS: 72.69	MAE: 197.40	RMSE: 252.48
Epoch 047	LOSS: 81.84	MAE: 198.82	RMSE: 252.74
Epoch 048	LOSS: 73.09	MAE: 197.35	RMSE: 252.48
Epoch 049	LOSS: 81.11	MAE: 198.39	RMSE: 252.68
Epoch 050	LOSS: 75.87	MAE: 197.68	RMSE: 252.57
Epoch 051	LOSS: 78.51	MAE: 198.04	RMSE: 252.64
Epoch 052	LOSS: 80.01	MAE: 198.11	RMSE: 252.67
Epoch 053	LOSS: 73.28	MAE: 197.40	RMSE: 252.57
Epoch 054	LOSS: 86.17	MAE: 199.26	RMSE: 252.93
Epoch 055	LOSS: 70.56	MAE: 196.99	RMSE: 252.56
Epoch 056	LOSS: 75.72	MAE: 197.77	RMSE: 252.71
Epoch 057	LOSS: 84.78	MAE: 199.14	RMSE: 252.99
Epoch 058	LOSS: 75.85	MAE: 197.93	RMSE: 252.79
Epoch 059	LOSS: 71.22	MAE: 197.30	RMSE: 252.71
Epoch 060	LOSS: 83.80	MAE: 199.04	RMSE: 253.07
Epoch 061	LOSS: 75.48	MAE: 197.88	RMSE: 252.88
Epoch 062	LOSS: 78.83	MAE: 198.36	RMSE: 253.00
Epoch 063	LOSS: 72.38	MAE: 197.68	RMSE: 252.92
Epoch 064	LOSS: 80.02	MAE: 198.74	RMSE: 253.15
Epoch 065	LOSS: 72.84	MAE: 197.61	RMSE: 252.95
Epoch 066	LOSS: 75.58	MAE: 197.99	RMSE: 253.04
Epoch 067	LOSS: 69.13	MAE: 197.18	RMSE: 252.92
Epoch 068	LOSS: 79.18	MAE: 198.60	RMSE: 253.19
Epoch 069	LOSS: 71.89	MAE: 197.40	RMSE: 252.97
Epoch 070	LOSS: 75.45	MAE: 198.14	RMSE: 253.13
Epoch 071	LOSS: 68.77	MAE: 196.87	RMSE: 252.90
Epoch 072	LOSS: 81.30	MAE: 198.27	RMSE: 253.18
Epoch 073	LOSS: 71.51	MAE: 197.11	RMSE: 252.97
Epoch 074	LOSS: 73.30	MAE: 197.56	RMSE: 253.06
Epoch 075	LOSS: 77.12	MAE: 198.37	RMSE: 253.25
Epoch 076	LOSS: 66.92	MAE: 196.58	RMSE: 252.92
Epoch 077	LOSS: 82.76	MAE: 199.54	RMSE: 253.57
Epoch 078	LOSS: 73.27	MAE: 198.24	RMSE: 253.28
Epoch 079	LOSS: 67.77	MAE: 196.57	RMSE: 252.94
Epoch 080	LOSS: 74.60	MAE: 198.00	RMSE: 253.21
Epoch 081	LOSS: 69.12	MAE: 197.42	RMSE: 253.12
Epoch 082	LOSS: 70.24	MAE: 197.39	RMSE: 253.05
Epoch 083	LOSS: 69.71	MAE: 197.17	RMSE: 253.03
Epoch 084	LOSS: 69.05	MAE: 197.00	RMSE: 253.07
Epoch 085	LOSS: 72.34	MAE: 197.29	RMSE: 253.08
Epoch 086	LOSS: 68.52	MAE: 196.57	RMSE: 252.93
Epoch 087	LOSS: 69.64	MAE: 197.65	RMSE: 253.18
Epoch 088	LOSS: 62.91	MAE: 195.99	RMSE: 252.81
Epoch 089	LOSS: 72.53	MAE: 197.51	RMSE: 253.11
Epoch 090	LOSS: 58.62	MAE: 195.48	RMSE: 252.75
Epoch 091	LOSS: 69.77	MAE: 197.16	RMSE: 253.09
Epoch 092	LOSS: 62.64	MAE: 196.17	RMSE: 252.87
Epoch 093	LOSS: 67.11	MAE: 196.73	RMSE: 252.97
Epoch 094	LOSS: 63.96	MAE: 196.34	RMSE: 252.88
Epoch 095	LOSS: 65.79	MAE: 196.14	RMSE: 252.84
Epoch 096	LOSS: 64.11	MAE: 196.93	RMSE: 253.04
Epoch 097	LOSS: 59.90	MAE: 195.59	RMSE: 252.76
Epoch 098	LOSS: 68.71	MAE: 197.23	RMSE: 253.12
Epoch 099	LOSS: 59.04	MAE: 195.65	RMSE: 252.79
Epoch 100	LOSS: 70.05	MAE: 197.01	RMSE: 253.04
Epoch 101	LOSS: 61.81	MAE: 196.01	RMSE: 252.83
Epoch 102	LOSS: 68.01	MAE: 196.85	RMSE: 253.02
Epoch 103	LOSS: 59.11	MAE: 195.52	RMSE: 252.75
Epoch 104	LOSS: 68.04	MAE: 196.91	RMSE: 253.04
Epoch 105	LOSS: 58.83	MAE: 195.51	RMSE: 252.76
Epoch 106	LOSS: 65.79	MAE: 196.72	RMSE: 253.00
Epoch 107	LOSS: 58.17	MAE: 195.28	RMSE: 252.71
Epoch 108	LOSS: 68.78	MAE: 196.92	RMSE: 253.05
Epoch 109	LOSS: 61.11	MAE: 195.84	RMSE: 252.82
Epoch 110	LOSS: 67.45	MAE: 196.69	RMSE: 252.99
Epoch 111	LOSS: 58.07	MAE: 195.51	RMSE: 252.76
Epoch 112	LOSS: 66.05	MAE: 196.71	RMSE: 253.02
Epoch 113	LOSS: 57.52	MAE: 195.17	RMSE: 252.69
Epoch 114	LOSS: 69.40	MAE: 196.87	RMSE: 253.03
Epoch 115	LOSS: 60.80	MAE: 195.68	RMSE: 252.80
Epoch 116	LOSS: 61.49	MAE: 195.94	RMSE: 252.85
Epoch 117	LOSS: 70.62	MAE: 197.31	RMSE: 253.12
Epoch 118	LOSS: 56.36	MAE: 195.36	RMSE: 252.74
Epoch 119	LOSS: 69.31	MAE: 197.33	RMSE: 253.15
Epoch 120	LOSS: 57.49	MAE: 195.28	RMSE: 252.71
Epoch 121	LOSS: 66.99	MAE: 196.82	RMSE: 253.05
Epoch 122	LOSS: 61.89	MAE: 195.63	RMSE: 252.76
Epoch 123	LOSS: 59.37	MAE: 195.57	RMSE: 252.78
Epoch 124	LOSS: 63.82	MAE: 196.57	RMSE: 252.99
Epoch 125	LOSS: 63.34	MAE: 195.99	RMSE: 252.86
Epoch 126	LOSS: 62.61	MAE: 196.35	RMSE: 252.94
Epoch 127	LOSS: 65.26	MAE: 196.45	RMSE: 252.94
Epoch 128	LOSS: 64.43	MAE: 196.29	RMSE: 252.92
Epoch 129	LOSS: 65.68	MAE: 196.40	RMSE: 252.93
Epoch 130	LOSS: 59.54	MAE: 195.70	RMSE: 252.80
Epoch 131	LOSS: 61.53	MAE: 195.86	RMSE: 252.86
Epoch 132	LOSS: 64.96	MAE: 196.21	RMSE: 252.88
Epoch 133	LOSS: 62.09	MAE: 196.47	RMSE: 252.99
Epoch 134	LOSS: 61.38	MAE: 195.62	RMSE: 252.76
Epoch 135	LOSS: 59.24	MAE: 195.43	RMSE: 252.73
Epoch 136	LOSS: 61.26	MAE: 196.05	RMSE: 252.88
Epoch 137	LOSS: 59.76	MAE: 195.66	RMSE: 252.77
Epoch 138	LOSS: 64.17	MAE: 196.24	RMSE: 252.89
Epoch 139	LOSS: 55.12	MAE: 195.27	RMSE: 252.75
Epoch 140	LOSS: 67.05	MAE: 196.76	RMSE: 253.02
Epoch 141	LOSS: 61.41	MAE: 195.97	RMSE: 252.85
Epoch 142	LOSS: 61.52	MAE: 196.08	RMSE: 252.89
Epoch 143	LOSS: 56.10	MAE: 195.17	RMSE: 252.70
Epoch 144	LOSS: 68.05	MAE: 196.88	RMSE: 253.04
Epoch 145	LOSS: 56.14	MAE: 195.13	RMSE: 252.70
Epoch 146	LOSS: 63.98	MAE: 196.34	RMSE: 252.92
Epoch 147	LOSS: 54.86	MAE: 195.00	RMSE: 252.67
Epoch 148	LOSS: 61.45	MAE: 195.90	RMSE: 252.84
Epoch 149	LOSS: 55.52	MAE: 195.23	RMSE: 252.71
Epoch 150	LOSS: 63.71	MAE: 196.21	RMSE: 252.88
Epoch 151	LOSS: 53.69	MAE: 194.81	RMSE: 252.65
Epoch 152	LOSS: 63.79	MAE: 196.20	RMSE: 252.91
Epoch 153	LOSS: 60.30	MAE: 195.61	RMSE: 252.79
Epoch 154	LOSS: 56.87	MAE: 195.36	RMSE: 252.75
Epoch 155	LOSS: 63.65	MAE: 196.32	RMSE: 252.92
Epoch 156	LOSS: 50.11	MAE: 194.53	RMSE: 252.60
Epoch 157	LOSS: 68.69	MAE: 196.69	RMSE: 252.99
Epoch 158	LOSS: 58.08	MAE: 195.31	RMSE: 252.72
Epoch 159	LOSS: 61.96	MAE: 196.22	RMSE: 252.94
Epoch 160	LOSS: 60.39	MAE: 195.48	RMSE: 252.74
Epoch 161	LOSS: 61.26	MAE: 195.66	RMSE: 252.78
Epoch 162	LOSS: 61.11	MAE: 196.02	RMSE: 252.88
Epoch 163	LOSS: 58.23	MAE: 195.32	RMSE: 252.72
Epoch 164	LOSS: 62.10	MAE: 196.14	RMSE: 252.91
Epoch 165	LOSS: 56.94	MAE: 195.46	RMSE: 252.76
Epoch 166	LOSS: 60.32	MAE: 195.48	RMSE: 252.74
Epoch 167	LOSS: 58.07	MAE: 195.55	RMSE: 252.77
Epoch 168	LOSS: 61.27	MAE: 195.90	RMSE: 252.84
Epoch 169	LOSS: 57.35	MAE: 195.30	RMSE: 252.72
Epoch 170	LOSS: 60.26	MAE: 195.90	RMSE: 252.85
Epoch 171	LOSS: 57.12	MAE: 195.56	RMSE: 252.78
Epoch 172	LOSS: 58.23	MAE: 195.65	RMSE: 252.80
Epoch 173	LOSS: 59.04	MAE: 195.69	RMSE: 252.80
Epoch 174	LOSS: 59.37	MAE: 195.53	RMSE: 252.77
Epoch 175	LOSS: 59.33	MAE: 195.73	RMSE: 252.82
Epoch 176	LOSS: 58.54	MAE: 195.42	RMSE: 252.75
Epoch 177	LOSS: 59.77	MAE: 195.73	RMSE: 252.81
Epoch 178	LOSS: 57.88	MAE: 195.54	RMSE: 252.78
Epoch 179	LOSS: 61.44	MAE: 195.75	RMSE: 252.80
Epoch 180	LOSS: 57.09	MAE: 195.43	RMSE: 252.76
Epoch 181	LOSS: 62.16	MAE: 196.05	RMSE: 252.87
Epoch 182	LOSS: 55.32	MAE: 195.05	RMSE: 252.68
Epoch 183	LOSS: 62.12	MAE: 196.29	RMSE: 252.94
Epoch 184	LOSS: 53.04	MAE: 194.81	RMSE: 252.65
Epoch 185	LOSS: 64.42	MAE: 196.55	RMSE: 252.98
Epoch 186	LOSS: 54.74	MAE: 194.96	RMSE: 252.67
Epoch 187	LOSS: 60.25	MAE: 195.85	RMSE: 252.82
Epoch 188	LOSS: 48.77	MAE: 194.42	RMSE: 252.59
Epoch 189	LOSS: 68.50	MAE: 196.51	RMSE: 252.93
Epoch 190	LOSS: 55.90	MAE: 194.85	RMSE: 252.62
Epoch 191	LOSS: 62.85	MAE: 197.09	RMSE: 253.13
Epoch 192	LOSS: 54.74	MAE: 194.88	RMSE: 252.62
Epoch 193	LOSS: 60.94	MAE: 195.88	RMSE: 252.81
Epoch 194	LOSS: 55.27	MAE: 195.37	RMSE: 252.75
Epoch 195	LOSS: 56.93	MAE: 195.27	RMSE: 252.70
Epoch 196	LOSS: 55.15	MAE: 195.33	RMSE: 252.74
Epoch 197	LOSS: 60.93	MAE: 195.93	RMSE: 252.84
Epoch 198	LOSS: 58.38	MAE: 195.65	RMSE: 252.79
Epoch 199	LOSS: 57.19	MAE: 195.33	RMSE: 252.70
Epoch 200	LOSS: 61.48	MAE: 195.96	RMSE: 252.84
Epoch 201	LOSS: 55.79	MAE: 194.97	RMSE: 252.65
Epoch 202	LOSS: 58.89	MAE: 195.80	RMSE: 252.80
Epoch 203	LOSS: 53.84	MAE: 195.03	RMSE: 252.67
Epoch 204	LOSS: 62.87	MAE: 196.30	RMSE: 252.90
Epoch 205	LOSS: 52.34	MAE: 194.92	RMSE: 252.66
Epoch 206	LOSS: 58.87	MAE: 195.49	RMSE: 252.75
Epoch 207	LOSS: 53.35	MAE: 195.09	RMSE: 252.69
Epoch 208	LOSS: 64.14	MAE: 196.33	RMSE: 252.92
Epoch 209	LOSS: 55.70	MAE: 195.05	RMSE: 252.65
Epoch 210	LOSS: 58.23	MAE: 195.64	RMSE: 252.78
Epoch 211	LOSS: 53.72	MAE: 194.75	RMSE: 252.61
Epoch 212	LOSS: 64.21	MAE: 196.49	RMSE: 252.92
Epoch 213	LOSS: 49.25	MAE: 194.25	RMSE: 252.53
Epoch 214	LOSS: 60.11	MAE: 196.05	RMSE: 252.86
Epoch 215	LOSS: 55.58	MAE: 195.07	RMSE: 252.65
Epoch 216	LOSS: 56.15	MAE: 195.42	RMSE: 252.74
Epoch 217	LOSS: 59.75	MAE: 195.68	RMSE: 252.78
Epoch 218	LOSS: 54.41	MAE: 194.99	RMSE: 252.64
Epoch 219	LOSS: 58.89	MAE: 195.79	RMSE: 252.77
Epoch 220	LOSS: 52.70	MAE: 194.63	RMSE: 252.59
Epoch 221	LOSS: 62.93	MAE: 196.26	RMSE: 252.89
Epoch 222	LOSS: 53.80	MAE: 195.08	RMSE: 252.66
Epoch 223	LOSS: 55.09	MAE: 195.01	RMSE: 252.65
Epoch 224	LOSS: 61.82	MAE: 195.88	RMSE: 252.81
Epoch 225	LOSS: 54.49	MAE: 195.08	RMSE: 252.65
Epoch 226	LOSS: 64.54	MAE: 196.12	RMSE: 252.82
Epoch 227	LOSS: 52.08	MAE: 194.77	RMSE: 252.61
Epoch 228	LOSS: 62.07	MAE: 196.36	RMSE: 252.90
Epoch 229	LOSS: 50.26	MAE: 194.48	RMSE: 252.56
Epoch 230	LOSS: 66.89	MAE: 196.83	RMSE: 252.99
Epoch 231	LOSS: 51.42	MAE: 194.38	RMSE: 252.51
Epoch 232	LOSS: 57.41	MAE: 195.59	RMSE: 252.73
Epoch 233	LOSS: 54.81	MAE: 194.97	RMSE: 252.63
Epoch 234	LOSS: 62.85	MAE: 196.44	RMSE: 252.90
Epoch 235	LOSS: 49.40	MAE: 194.39	RMSE: 252.54
Epoch 236	LOSS: 62.87	MAE: 196.27	RMSE: 252.86
Epoch 237	LOSS: 50.87	MAE: 194.63	RMSE: 252.56
Epoch 238	LOSS: 63.10	MAE: 196.43	RMSE: 252.90
Epoch 239	LOSS: 51.34	MAE: 194.47	RMSE: 252.54
Epoch 240	LOSS: 60.77	MAE: 195.97	RMSE: 252.82
Epoch 241	LOSS: 53.25	MAE: 194.90	RMSE: 252.61
Epoch 242	LOSS: 58.97	MAE: 195.63	RMSE: 252.73
Epoch 243	LOSS: 55.65	MAE: 195.22	RMSE: 252.67
Epoch 244	LOSS: 58.04	MAE: 195.50	RMSE: 252.71
Epoch 245	LOSS: 54.95	MAE: 195.03	RMSE: 252.62
Epoch 246	LOSS: 58.31	MAE: 195.59	RMSE: 252.73
Epoch 247	LOSS: 54.47	MAE: 194.98	RMSE: 252.62
Epoch 248	LOSS: 58.38	MAE: 195.58	RMSE: 252.73
Epoch 249	LOSS: 53.84	MAE: 195.13	RMSE: 252.65
Epoch 250	LOSS: 59.81	MAE: 195.60	RMSE: 252.73
Epoch 251	LOSS: 55.02	MAE: 195.10	RMSE: 252.65
Epoch 252	LOSS: 58.38	MAE: 195.55	RMSE: 252.72
Epoch 253	LOSS: 53.80	MAE: 194.98	RMSE: 252.60
Epoch 254	LOSS: 58.47	MAE: 195.64	RMSE: 252.74
Epoch 255	LOSS: 53.91	MAE: 194.88	RMSE: 252.59
Epoch 256	LOSS: 60.19	MAE: 195.71	RMSE: 252.74
Epoch 257	LOSS: 54.04	MAE: 194.95	RMSE: 252.62
Epoch 258	LOSS: 60.57	MAE: 195.80	RMSE: 252.76
Epoch 259	LOSS: 51.90	MAE: 194.87	RMSE: 252.60
Epoch 260	LOSS: 60.82	MAE: 195.89	RMSE: 252.78
Epoch 261	LOSS: 50.25	MAE: 194.40	RMSE: 252.51
Epoch 262	LOSS: 59.78	MAE: 195.85	RMSE: 252.77
Epoch 263	LOSS: 50.78	MAE: 194.47	RMSE: 252.52
Epoch 264	LOSS: 61.30	MAE: 196.05	RMSE: 252.80
Epoch 265	LOSS: 52.67	MAE: 194.82	RMSE: 252.58
Epoch 266	LOSS: 59.70	MAE: 195.88	RMSE: 252.76
Epoch 267	LOSS: 55.28	MAE: 194.98	RMSE: 252.60
Epoch 268	LOSS: 55.58	MAE: 195.17	RMSE: 252.64
Epoch 269	LOSS: 55.51	MAE: 195.03	RMSE: 252.61
Epoch 270	LOSS: 59.73	MAE: 195.67	RMSE: 252.73
Epoch 271	LOSS: 52.45	MAE: 194.70	RMSE: 252.55
Epoch 272	LOSS: 57.65	MAE: 195.48	RMSE: 252.70
Epoch 273	LOSS: 57.98	MAE: 195.65	RMSE: 252.70
Epoch 274	LOSS: 54.85	MAE: 194.97	RMSE: 252.61
Epoch 275	LOSS: 55.16	MAE: 195.15	RMSE: 252.60
Epoch 276	LOSS: 56.60	MAE: 195.42	RMSE: 252.68
Epoch 277	LOSS: 54.92	MAE: 195.11	RMSE: 252.61
Epoch 278	LOSS: 55.45	MAE: 195.11	RMSE: 252.60
Epoch 279	LOSS: 57.66	MAE: 195.50	RMSE: 252.71
Epoch 280	LOSS: 56.90	MAE: 195.09	RMSE: 252.57
Epoch 281	LOSS: 56.48	MAE: 195.66	RMSE: 252.75
Epoch 282	LOSS: 56.77	MAE: 195.30	RMSE: 252.61
Epoch 283	LOSS: 55.00	MAE: 195.24	RMSE: 252.63
Epoch 284	LOSS: 52.95	MAE: 194.73	RMSE: 252.55
Epoch 285	LOSS: 55.23	MAE: 194.84	RMSE: 252.55
Epoch 286	LOSS: 58.83	MAE: 195.43	RMSE: 252.66
Epoch 287	LOSS: 54.46	MAE: 194.81	RMSE: 252.57
Epoch 288	LOSS: 56.29	MAE: 195.33	RMSE: 252.65
Epoch 289	LOSS: 53.36	MAE: 194.74	RMSE: 252.52
Epoch 290	LOSS: 56.15	MAE: 195.17	RMSE: 252.62
Epoch 291	LOSS: 53.67	MAE: 194.89	RMSE: 252.58
Epoch 292	LOSS: 56.39	MAE: 195.19	RMSE: 252.60
Epoch 293	LOSS: 53.41	MAE: 194.75	RMSE: 252.53
Epoch 294	LOSS: 58.24	MAE: 195.43	RMSE: 252.67
Epoch 295	LOSS: 49.25	MAE: 194.23	RMSE: 252.45
Epoch 296	LOSS: 62.01	MAE: 196.18	RMSE: 252.80
Epoch 297	LOSS: 50.50	MAE: 194.47	RMSE: 252.50
Epoch 298	LOSS: 58.44	MAE: 195.58	RMSE: 252.67
Epoch 299	LOSS: 50.83	MAE: 194.37	RMSE: 252.48
Epoch 300	LOSS: 56.20	MAE: 195.37	RMSE: 252.65
Epoch 301	LOSS: 48.80	MAE: 194.06	RMSE: 252.42
Epoch 302	LOSS: 61.69	MAE: 195.98	RMSE: 252.76
Epoch 303	LOSS: 50.84	MAE: 194.53	RMSE: 252.49
Epoch 304	LOSS: 58.91	MAE: 195.41	RMSE: 252.64
Epoch 305	LOSS: 51.61	MAE: 194.54	RMSE: 252.50
Epoch 306	LOSS: 54.73	MAE: 195.11	RMSE: 252.59
Epoch 307	LOSS: 51.58	MAE: 194.61	RMSE: 252.51
Epoch 308	LOSS: 58.91	MAE: 195.75	RMSE: 252.71
Epoch 309	LOSS: 52.43	MAE: 194.51	RMSE: 252.48
Epoch 310	LOSS: 57.16	MAE: 195.04	RMSE: 252.57
Epoch 311	LOSS: 54.94	MAE: 195.02	RMSE: 252.57
Epoch 312	LOSS: 56.57	MAE: 195.20	RMSE: 252.60
Epoch 313	LOSS: 55.34	MAE: 195.05	RMSE: 252.58
Epoch 314	LOSS: 55.89	MAE: 195.00	RMSE: 252.57
Epoch 315	LOSS: 53.73	MAE: 194.87	RMSE: 252.55
Epoch 316	LOSS: 54.00	MAE: 195.06	RMSE: 252.58
Epoch 317	LOSS: 54.23	MAE: 194.64	RMSE: 252.50
Epoch 318	LOSS: 55.43	MAE: 195.08	RMSE: 252.58
Epoch 319	LOSS: 53.00	MAE: 194.87	RMSE: 252.55
Epoch 320	LOSS: 58.13	MAE: 195.16	RMSE: 252.59
Epoch 321	LOSS: 51.94	MAE: 194.66	RMSE: 252.51
Epoch 322	LOSS: 56.84	MAE: 195.22	RMSE: 252.60
Epoch 323	LOSS: 53.60	MAE: 194.63	RMSE: 252.50
Epoch 324	LOSS: 55.09	MAE: 195.17	RMSE: 252.59
Epoch 325	LOSS: 54.02	MAE: 194.73	RMSE: 252.52
Epoch 326	LOSS: 53.89	MAE: 194.80	RMSE: 252.53
Epoch 327	LOSS: 53.94	MAE: 194.92	RMSE: 252.55
Epoch 328	LOSS: 56.08	MAE: 195.09	RMSE: 252.58
Epoch 329	LOSS: 52.21	MAE: 194.62	RMSE: 252.50
Epoch 330	LOSS: 56.70	MAE: 195.24	RMSE: 252.61
Epoch 331	LOSS: 52.22	MAE: 194.65	RMSE: 252.51
Epoch 332	LOSS: 55.38	MAE: 195.00	RMSE: 252.56
Epoch 333	LOSS: 53.83	MAE: 194.88	RMSE: 252.55
Epoch 334	LOSS: 55.66	MAE: 195.00	RMSE: 252.56
Epoch 335	LOSS: 52.03	MAE: 194.66	RMSE: 252.50
Epoch 336	LOSS: 58.11	MAE: 195.32	RMSE: 252.62
Epoch 337	LOSS: 49.19	MAE: 194.17	RMSE: 252.43
Epoch 338	LOSS: 59.38	MAE: 195.73	RMSE: 252.68
Epoch 339	LOSS: 49.45	MAE: 194.20	RMSE: 252.44
Epoch 340	LOSS: 59.61	MAE: 195.56	RMSE: 252.66
Epoch 341	LOSS: 49.82	MAE: 194.27	RMSE: 252.44
Epoch 342	LOSS: 58.54	MAE: 195.49	RMSE: 252.65
Epoch 343	LOSS: 49.97	MAE: 194.44	RMSE: 252.47
Epoch 344	LOSS: 58.06	MAE: 195.49	RMSE: 252.65
Epoch 345	LOSS: 49.95	MAE: 194.30	RMSE: 252.45
Epoch 346	LOSS: 59.42	MAE: 195.67	RMSE: 252.68
Epoch 347	LOSS: 50.30	MAE: 194.27	RMSE: 252.44
Epoch 348	LOSS: 59.18	MAE: 195.54	RMSE: 252.65
Epoch 349	LOSS: 50.00	MAE: 194.29	RMSE: 252.44
Epoch 350	LOSS: 57.94	MAE: 195.47	RMSE: 252.65
Epoch 351	LOSS: 49.58	MAE: 194.33	RMSE: 252.45
Epoch 352	LOSS: 57.84	MAE: 195.46	RMSE: 252.64
Epoch 353	LOSS: 48.71	MAE: 194.24	RMSE: 252.44
Epoch 354	LOSS: 57.21	MAE: 195.32	RMSE: 252.60
Epoch 355	LOSS: 49.18	MAE: 194.17	RMSE: 252.43
Epoch 356	LOSS: 56.47	MAE: 195.19	RMSE: 252.58
Epoch 357	LOSS: 49.47	MAE: 194.30	RMSE: 252.44
Epoch 358	LOSS: 58.09	MAE: 195.42	RMSE: 252.63
Epoch 359	LOSS: 49.62	MAE: 194.27	RMSE: 252.43
Epoch 360	LOSS: 57.19	MAE: 195.26	RMSE: 252.61
Epoch 361	LOSS: 48.45	MAE: 194.12	RMSE: 252.42
Epoch 362	LOSS: 57.13	MAE: 195.36	RMSE: 252.60
Epoch 363	LOSS: 51.90	MAE: 194.54	RMSE: 252.49
Epoch 364	LOSS: 53.45	MAE: 194.85	RMSE: 252.53
Epoch 365	LOSS: 53.02	MAE: 194.71	RMSE: 252.50
Epoch 366	LOSS: 53.43	MAE: 194.72	RMSE: 252.52
Epoch 367	LOSS: 60.83	MAE: 195.62	RMSE: 252.64
Epoch 368	LOSS: 52.55	MAE: 194.55	RMSE: 252.48
Epoch 369	LOSS: 53.93	MAE: 194.71	RMSE: 252.52
Epoch 370	LOSS: 54.16	MAE: 194.79	RMSE: 252.50
Epoch 371	LOSS: 53.02	MAE: 194.81	RMSE: 252.55
Epoch 372	LOSS: 54.48	MAE: 194.86	RMSE: 252.54
Epoch 373	LOSS: 52.23	MAE: 194.48	RMSE: 252.45
Epoch 374	LOSS: 56.01	MAE: 195.24	RMSE: 252.60
Epoch 375	LOSS: 51.47	MAE: 194.27	RMSE: 252.45
Epoch 376	LOSS: 58.62	MAE: 195.55	RMSE: 252.64
Epoch 377	LOSS: 48.68	MAE: 194.14	RMSE: 252.42
Epoch 378	LOSS: 56.67	MAE: 195.24	RMSE: 252.60
Epoch 379	LOSS: 46.45	MAE: 194.03	RMSE: 252.40
Epoch 380	LOSS: 59.73	MAE: 195.66	RMSE: 252.67
Epoch 381	LOSS: 49.51	MAE: 194.21	RMSE: 252.44
Epoch 382	LOSS: 56.84	MAE: 195.33	RMSE: 252.61
Epoch 383	LOSS: 53.07	MAE: 194.69	RMSE: 252.50
Epoch 384	LOSS: 51.18	MAE: 194.37	RMSE: 252.45
Epoch 385	LOSS: 58.05	MAE: 195.61	RMSE: 252.66
Epoch 386	LOSS: 50.78	MAE: 194.32	RMSE: 252.43
Epoch 387	LOSS: 56.52	MAE: 195.23	RMSE: 252.59
Epoch 388	LOSS: 54.48	MAE: 194.84	RMSE: 252.52
Epoch 389	LOSS: 53.35	MAE: 194.62	RMSE: 252.47
Epoch 390	LOSS: 52.95	MAE: 195.03	RMSE: 252.57
Epoch 391	LOSS: 54.70	MAE: 194.73	RMSE: 252.49
Epoch 392	LOSS: 51.36	MAE: 194.63	RMSE: 252.50
Epoch 393	LOSS: 54.67	MAE: 194.71	RMSE: 252.49
Epoch 394	LOSS: 54.47	MAE: 195.13	RMSE: 252.59
Epoch 395	LOSS: 52.20	MAE: 194.68	RMSE: 252.50
Epoch 396	LOSS: 53.95	MAE: 194.69	RMSE: 252.49
Epoch 397	LOSS: 57.69	MAE: 195.56	RMSE: 252.65
Epoch 398	LOSS: 50.86	MAE: 194.38	RMSE: 252.45
Epoch 399	LOSS: 55.80	MAE: 194.99	RMSE: 252.55
Epoch 400	LOSS: 51.14	MAE: 194.60	RMSE: 252.49
Epoch 401	LOSS: 60.43	MAE: 195.82	RMSE: 252.68
Epoch 402	LOSS: 45.96	MAE: 193.82	RMSE: 252.37
Epoch 403	LOSS: 56.79	MAE: 195.37	RMSE: 252.61
Epoch 404	LOSS: 52.21	MAE: 194.37	RMSE: 252.44
Epoch 405	LOSS: 51.94	MAE: 194.64	RMSE: 252.49
Epoch 406	LOSS: 55.37	MAE: 195.03	RMSE: 252.55
Epoch 407	LOSS: 49.37	MAE: 194.36	RMSE: 252.44
Epoch 408	LOSS: 56.86	MAE: 195.42	RMSE: 252.63
Epoch 409	LOSS: 48.56	MAE: 194.12	RMSE: 252.41
Epoch 410	LOSS: 57.18	MAE: 195.38	RMSE: 252.61
Epoch 411	LOSS: 47.59	MAE: 193.98	RMSE: 252.39
Epoch 412	LOSS: 54.35	MAE: 195.01	RMSE: 252.54
Epoch 413	LOSS: 54.06	MAE: 195.04	RMSE: 252.56
Epoch 414	LOSS: 52.77	MAE: 194.70	RMSE: 252.50
Epoch 415	LOSS: 57.76	MAE: 194.98	RMSE: 252.55
Epoch 416	LOSS: 52.29	MAE: 194.55	RMSE: 252.47
Epoch 417	LOSS: 53.42	MAE: 194.79	RMSE: 252.51
Epoch 418	LOSS: 53.47	MAE: 194.63	RMSE: 252.48
Epoch 419	LOSS: 53.17	MAE: 194.76	RMSE: 252.49
Epoch 420	LOSS: 51.59	MAE: 194.44	RMSE: 252.46
Epoch 421	LOSS: 55.88	MAE: 195.15	RMSE: 252.58
Epoch 422	LOSS: 51.12	MAE: 194.32	RMSE: 252.43
Epoch 423	LOSS: 54.40	MAE: 194.99	RMSE: 252.56
Epoch 424	LOSS: 50.52	MAE: 194.43	RMSE: 252.46
Epoch 425	LOSS: 55.23	MAE: 195.03	RMSE: 252.54
Epoch 426	LOSS: 51.65	MAE: 194.48	RMSE: 252.46
Epoch 427	LOSS: 54.34	MAE: 195.04	RMSE: 252.55
Epoch 428	LOSS: 50.70	MAE: 194.32	RMSE: 252.43
Epoch 429	LOSS: 54.39	MAE: 195.04	RMSE: 252.56
Epoch 430	LOSS: 50.16	MAE: 194.34	RMSE: 252.44
Epoch 431	LOSS: 55.73	MAE: 195.14	RMSE: 252.58
Epoch 432	LOSS: 50.67	MAE: 194.38	RMSE: 252.44
Epoch 433	LOSS: 57.75	MAE: 195.25	RMSE: 252.58
Epoch 434	LOSS: 47.89	MAE: 193.98	RMSE: 252.39
Epoch 435	LOSS: 57.91	MAE: 195.55	RMSE: 252.63
Epoch 436	LOSS: 49.18	MAE: 194.10	RMSE: 252.40
Epoch 437	LOSS: 53.37	MAE: 194.80	RMSE: 252.51
Epoch 438	LOSS: 56.70	MAE: 195.30	RMSE: 252.60
Epoch 439	LOSS: 46.16	MAE: 193.76	RMSE: 252.36
Epoch 440	LOSS: 61.21	MAE: 196.04	RMSE: 252.72
Epoch 441	LOSS: 48.08	MAE: 194.08	RMSE: 252.40
Epoch 442	LOSS: 59.04	MAE: 195.59	RMSE: 252.64
Epoch 443	LOSS: 46.57	MAE: 193.75	RMSE: 252.35
Epoch 444	LOSS: 58.20	MAE: 195.49	RMSE: 252.63
Epoch 445	LOSS: 46.01	MAE: 193.78	RMSE: 252.36
Epoch 446	LOSS: 58.54	MAE: 195.56	RMSE: 252.64
Epoch 447	LOSS: 47.23	MAE: 194.00	RMSE: 252.39
Epoch 448	LOSS: 60.63	MAE: 195.94	RMSE: 252.70
Epoch 449	LOSS: 48.08	MAE: 194.04	RMSE: 252.39
Epoch 450	LOSS: 60.07	MAE: 195.80	RMSE: 252.68
Epoch 451	LOSS: 46.05	MAE: 193.71	RMSE: 252.35
Epoch 452	LOSS: 56.83	MAE: 195.35	RMSE: 252.60
Epoch 453	LOSS: 45.85	MAE: 193.90	RMSE: 252.37
Epoch 454	LOSS: 59.85	MAE: 195.93	RMSE: 252.71
Epoch 455	LOSS: 47.38	MAE: 193.96	RMSE: 252.38
Epoch 456	LOSS: 57.34	MAE: 195.42	RMSE: 252.60
Epoch 457	LOSS: 46.01	MAE: 193.86	RMSE: 252.37
Epoch 458	LOSS: 56.89	MAE: 195.42	RMSE: 252.61
Epoch 459	LOSS: 48.12	MAE: 194.12	RMSE: 252.40
Epoch 460	LOSS: 58.39	MAE: 195.44	RMSE: 252.62
Epoch 461	LOSS: 51.64	MAE: 194.52	RMSE: 252.45
Epoch 462	LOSS: 56.93	MAE: 195.31	RMSE: 252.59
Epoch 463	LOSS: 46.44	MAE: 193.69	RMSE: 252.34
Epoch 464	LOSS: 53.14	MAE: 194.68	RMSE: 252.48
Epoch 465	LOSS: 57.08	MAE: 195.18	RMSE: 252.58
Epoch 466	LOSS: 48.72	MAE: 194.04	RMSE: 252.39
Epoch 467	LOSS: 54.58	MAE: 195.10	RMSE: 252.54
Epoch 468	LOSS: 51.46	MAE: 194.57	RMSE: 252.47
Epoch 469	LOSS: 56.66	MAE: 195.05	RMSE: 252.57
Epoch 470	LOSS: 48.00	MAE: 194.09	RMSE: 252.40
Epoch 471	LOSS: 55.39	MAE: 195.45	RMSE: 252.62
Epoch 472	LOSS: 49.92	MAE: 194.21	RMSE: 252.42
Epoch 473	LOSS: 56.05	MAE: 195.25	RMSE: 252.57
Epoch 474	LOSS: 46.87	MAE: 194.04	RMSE: 252.38
Epoch 475	LOSS: 54.73	MAE: 195.01	RMSE: 252.53
Epoch 476	LOSS: 47.94	MAE: 194.02	RMSE: 252.39
Epoch 477	LOSS: 54.28	MAE: 194.86	RMSE: 252.52
Epoch 478	LOSS: 54.42	MAE: 194.87	RMSE: 252.52
Epoch 479	LOSS: 50.07	MAE: 194.34	RMSE: 252.43
Epoch 480	LOSS: 56.36	MAE: 195.16	RMSE: 252.54
Epoch 481	LOSS: 49.27	MAE: 194.09	RMSE: 252.39
Epoch 482	LOSS: 54.68	MAE: 195.07	RMSE: 252.55
Epoch 483	LOSS: 49.91	MAE: 194.24	RMSE: 252.41
Epoch 484	LOSS: 57.19	MAE: 195.42	RMSE: 252.61
Epoch 485	LOSS: 49.13	MAE: 194.33	RMSE: 252.44
Epoch 486	LOSS: 56.40	MAE: 195.18	RMSE: 252.56
Epoch 487	LOSS: 48.72	MAE: 194.21	RMSE: 252.40
Epoch 488	LOSS: 55.02	MAE: 194.99	RMSE: 252.53
Epoch 489	LOSS: 47.96	MAE: 193.93	RMSE: 252.37
Epoch 490	LOSS: 55.58	MAE: 195.18	RMSE: 252.56
Epoch 491	LOSS: 47.22	MAE: 194.09	RMSE: 252.39
Epoch 492	LOSS: 56.34	MAE: 195.29	RMSE: 252.58
Epoch 493	LOSS: 47.63	MAE: 194.00	RMSE: 252.38
Epoch 494	LOSS: 57.24	MAE: 195.44	RMSE: 252.60
Epoch 495	LOSS: 48.00	MAE: 194.04	RMSE: 252.38
Epoch 496	LOSS: 56.21	MAE: 195.25	RMSE: 252.58
Epoch 497	LOSS: 47.73	MAE: 194.15	RMSE: 252.40
Epoch 498	LOSS: 54.45	MAE: 194.90	RMSE: 252.51
Epoch 499	LOSS: 48.78	MAE: 194.15	RMSE: 252.40
