Epoch 000	LOSS: 1185.55	MAE: 235.75	RMSE: 282.29
Epoch 001	LOSS: 1049.18	MAE: 224.45	RMSE: 269.49
Epoch 002	LOSS: 1015.96	MAE: 218.61	RMSE: 264.18
Epoch 003	LOSS: 972.47	MAE: 219.86	RMSE: 266.72
Epoch 004	LOSS: 932.88	MAE: 218.97	RMSE: 269.66
Epoch 005	LOSS: 893.69	MAE: 216.86	RMSE: 266.18
Epoch 006	LOSS: 854.85	MAE: 210.75	RMSE: 259.69
Epoch 007	LOSS: 826.57	MAE: 205.02	RMSE: 255.96
Epoch 008	LOSS: 825.24	MAE: 202.57	RMSE: 254.35
Epoch 009	LOSS: 816.33	MAE: 202.31	RMSE: 253.71
Epoch 010	LOSS: 801.34	MAE: 203.97	RMSE: 254.82
Epoch 011	LOSS: 785.54	MAE: 203.78	RMSE: 255.02
Epoch 012	LOSS: 776.98	MAE: 202.78	RMSE: 254.25
Epoch 013	LOSS: 768.73	MAE: 202.56	RMSE: 253.87
Epoch 014	LOSS: 764.79	MAE: 201.44	RMSE: 253.06
Epoch 015	LOSS: 768.67	MAE: 200.21	RMSE: 252.37
Epoch 016	LOSS: 754.53	MAE: 199.51	RMSE: 252.03
Epoch 017	LOSS: 750.93	MAE: 200.33	RMSE: 252.38
Epoch 018	LOSS: 741.78	MAE: 200.18	RMSE: 252.18
Epoch 019	LOSS: 742.34	MAE: 198.36	RMSE: 251.08
Epoch 020	LOSS: 742.22	MAE: 198.12	RMSE: 250.86
Epoch 021	LOSS: 734.60	MAE: 198.98	RMSE: 251.21
Epoch 022	LOSS: 730.48	MAE: 197.32	RMSE: 250.25
Epoch 023	LOSS: 725.39	MAE: 196.14	RMSE: 249.48
Epoch 024	LOSS: 715.37	MAE: 197.26	RMSE: 249.85
Epoch 025	LOSS: 714.22	MAE: 195.88	RMSE: 249.11
Epoch 026	LOSS: 718.03	MAE: 195.23	RMSE: 248.66
Epoch 027	LOSS: 712.26	MAE: 195.54	RMSE: 248.59
Epoch 028	LOSS: 700.08	MAE: 194.35	RMSE: 247.84
Epoch 029	LOSS: 699.91	MAE: 193.78	RMSE: 247.48
Epoch 030	LOSS: 714.39	MAE: 193.61	RMSE: 247.29
Epoch 031	LOSS: 696.01	MAE: 192.78	RMSE: 246.57
Epoch 032	LOSS: 703.26	MAE: 193.08	RMSE: 246.81
Epoch 033	LOSS: 692.64	MAE: 192.17	RMSE: 246.06
Epoch 034	LOSS: 691.32	MAE: 191.64	RMSE: 245.60
Epoch 035	LOSS: 695.94	MAE: 191.46	RMSE: 245.50
Epoch 036	LOSS: 677.68	MAE: 190.14	RMSE: 244.60
Epoch 037	LOSS: 683.15	MAE: 191.07	RMSE: 244.85
Epoch 038	LOSS: 686.54	MAE: 189.31	RMSE: 243.95
Epoch 039	LOSS: 684.36	MAE: 189.22	RMSE: 243.70
Epoch 040	LOSS: 686.65	MAE: 189.41	RMSE: 243.59
Epoch 041	LOSS: 675.16	MAE: 188.45	RMSE: 243.02
Epoch 042	LOSS: 675.02	MAE: 187.89	RMSE: 242.55
Epoch 043	LOSS: 684.13	MAE: 187.82	RMSE: 242.39
Epoch 044	LOSS: 679.95	MAE: 187.30	RMSE: 241.93
Epoch 045	LOSS: 667.45	MAE: 186.60	RMSE: 241.54
Epoch 046	LOSS: 669.14	MAE: 186.96	RMSE: 241.44
Epoch 047	LOSS: 664.72	MAE: 185.77	RMSE: 240.79
Epoch 048	LOSS: 668.06	MAE: 185.88	RMSE: 240.62
Epoch 049	LOSS: 648.60	MAE: 185.44	RMSE: 240.31
Epoch 050	LOSS: 653.43	MAE: 185.01	RMSE: 239.92
Epoch 051	LOSS: 658.72	MAE: 184.63	RMSE: 239.52
Epoch 052	LOSS: 662.34	MAE: 184.79	RMSE: 239.46
Epoch 053	LOSS: 660.61	MAE: 184.04	RMSE: 238.90
Epoch 054	LOSS: 654.41	MAE: 183.36	RMSE: 238.47
Epoch 055	LOSS: 665.57	MAE: 184.14	RMSE: 238.67
Epoch 056	LOSS: 649.15	MAE: 182.45	RMSE: 237.73
Epoch 057	LOSS: 653.82	MAE: 182.61	RMSE: 237.63
Epoch 058	LOSS: 648.06	MAE: 182.77	RMSE: 237.51
Epoch 059	LOSS: 647.20	MAE: 181.48	RMSE: 236.89
Epoch 060	LOSS: 653.56	MAE: 182.03	RMSE: 236.91
Epoch 061	LOSS: 641.88	MAE: 181.48	RMSE: 236.44
Epoch 062	LOSS: 643.82	MAE: 180.96	RMSE: 236.13
Epoch 063	LOSS: 655.40	MAE: 180.88	RMSE: 235.90
Epoch 064	LOSS: 646.67	MAE: 180.09	RMSE: 235.40
Epoch 065	LOSS: 646.90	MAE: 180.31	RMSE: 235.30
Epoch 066	LOSS: 648.29	MAE: 180.00	RMSE: 234.96
Epoch 067	LOSS: 643.19	MAE: 179.28	RMSE: 234.55
Epoch 068	LOSS: 644.64	MAE: 179.06	RMSE: 234.29
Epoch 069	LOSS: 650.76	MAE: 179.10	RMSE: 234.07
Epoch 070	LOSS: 648.94	MAE: 178.56	RMSE: 233.74
Epoch 071	LOSS: 643.09	MAE: 178.37	RMSE: 233.49
Epoch 072	LOSS: 634.10	MAE: 178.03	RMSE: 233.16
Epoch 073	LOSS: 631.61	MAE: 177.74	RMSE: 232.94
Epoch 074	LOSS: 640.46	MAE: 177.71	RMSE: 232.72
Epoch 075	LOSS: 623.81	MAE: 177.03	RMSE: 232.36
Epoch 076	LOSS: 642.16	MAE: 177.33	RMSE: 232.21
Epoch 077	LOSS: 633.41	MAE: 176.46	RMSE: 231.86
Epoch 078	LOSS: 630.46	MAE: 176.80	RMSE: 231.66
Epoch 079	LOSS: 637.87	MAE: 176.30	RMSE: 231.48
Epoch 080	LOSS: 634.96	MAE: 176.18	RMSE: 231.16
Epoch 081	LOSS: 641.80	MAE: 175.50	RMSE: 230.83
Epoch 082	LOSS: 639.79	MAE: 175.80	RMSE: 230.75
Epoch 083	LOSS: 643.66	MAE: 175.21	RMSE: 230.41
Epoch 084	LOSS: 636.87	MAE: 174.75	RMSE: 230.14
Epoch 085	LOSS: 632.49	MAE: 175.19	RMSE: 230.11
Epoch 086	LOSS: 625.57	MAE: 174.27	RMSE: 229.68
Epoch 087	LOSS: 627.25	MAE: 174.45	RMSE: 229.52
Epoch 088	LOSS: 626.97	MAE: 174.29	RMSE: 229.42
Epoch 089	LOSS: 632.34	MAE: 174.01	RMSE: 229.11
Epoch 090	LOSS: 627.02	MAE: 173.49	RMSE: 228.76
Epoch 091	LOSS: 629.00	MAE: 173.61	RMSE: 228.76
Epoch 092	LOSS: 622.88	MAE: 173.58	RMSE: 228.54
Epoch 093	LOSS: 626.40	MAE: 173.07	RMSE: 228.28
Epoch 094	LOSS: 626.28	MAE: 173.11	RMSE: 228.13
Epoch 095	LOSS: 634.00	MAE: 172.86	RMSE: 227.96
Epoch 096	LOSS: 634.03	MAE: 172.65	RMSE: 227.72
Epoch 097	LOSS: 625.50	MAE: 172.58	RMSE: 227.56
Epoch 098	LOSS: 618.40	MAE: 172.04	RMSE: 227.33
Epoch 099	LOSS: 614.09	MAE: 172.09	RMSE: 227.15
Epoch 100	LOSS: 623.84	MAE: 171.86	RMSE: 226.98
Epoch 101	LOSS: 623.38	MAE: 171.51	RMSE: 226.77
Epoch 102	LOSS: 619.47	MAE: 171.54	RMSE: 226.57
Epoch 103	LOSS: 626.95	MAE: 171.35	RMSE: 226.42
Epoch 104	LOSS: 620.98	MAE: 171.31	RMSE: 226.24
Epoch 105	LOSS: 618.65	MAE: 170.85	RMSE: 225.96
Epoch 106	LOSS: 627.59	MAE: 170.87	RMSE: 225.82
Epoch 107	LOSS: 625.03	MAE: 170.40	RMSE: 225.55
Epoch 108	LOSS: 615.14	MAE: 170.13	RMSE: 225.37
Epoch 109	LOSS: 630.35	MAE: 170.62	RMSE: 225.35
Epoch 110	LOSS: 621.89	MAE: 170.11	RMSE: 225.14
Epoch 111	LOSS: 623.15	MAE: 169.63	RMSE: 224.80
Epoch 112	LOSS: 618.87	MAE: 169.72	RMSE: 224.73
Epoch 113	LOSS: 624.47	MAE: 169.61	RMSE: 224.63
Epoch 114	LOSS: 610.62	MAE: 169.18	RMSE: 224.34
Epoch 115	LOSS: 607.21	MAE: 169.09	RMSE: 224.25
Epoch 116	LOSS: 627.36	MAE: 169.12	RMSE: 224.14
Epoch 117	LOSS: 623.89	MAE: 168.99	RMSE: 224.02
Epoch 118	LOSS: 625.34	MAE: 168.76	RMSE: 223.82
Epoch 119	LOSS: 610.11	MAE: 168.74	RMSE: 223.72
Epoch 120	LOSS: 615.75	MAE: 168.62	RMSE: 223.56
Epoch 121	LOSS: 613.12	MAE: 168.66	RMSE: 223.47
Epoch 122	LOSS: 613.46	MAE: 168.06	RMSE: 223.23
Epoch 123	LOSS: 610.68	MAE: 168.13	RMSE: 223.15
Epoch 124	LOSS: 618.81	MAE: 168.25	RMSE: 223.06
Epoch 125	LOSS: 613.17	MAE: 167.82	RMSE: 222.89
Epoch 126	LOSS: 622.43	MAE: 167.66	RMSE: 222.70
Epoch 127	LOSS: 612.56	MAE: 167.59	RMSE: 222.65
Epoch 128	LOSS: 615.07	MAE: 167.61	RMSE: 222.51
Epoch 129	LOSS: 621.35	MAE: 167.09	RMSE: 222.30
Epoch 130	LOSS: 608.34	MAE: 167.04	RMSE: 222.13
Epoch 131	LOSS: 621.52	MAE: 167.28	RMSE: 222.14
Epoch 132	LOSS: 616.58	MAE: 167.21	RMSE: 221.99
Epoch 133	LOSS: 613.61	MAE: 166.63	RMSE: 221.76
Epoch 134	LOSS: 604.39	MAE: 166.56	RMSE: 221.66
Epoch 135	LOSS: 606.82	MAE: 167.01	RMSE: 221.69
Epoch 136	LOSS: 617.80	MAE: 166.70	RMSE: 221.42
Epoch 137	LOSS: 619.35	MAE: 166.15	RMSE: 221.28
Epoch 138	LOSS: 608.45	MAE: 166.80	RMSE: 221.33
Epoch 139	LOSS: 609.13	MAE: 166.31	RMSE: 221.03
Epoch 140	LOSS: 611.36	MAE: 166.21	RMSE: 220.95
Epoch 141	LOSS: 599.44	MAE: 166.32	RMSE: 220.88
Epoch 142	LOSS: 608.19	MAE: 165.73	RMSE: 220.55
Epoch 143	LOSS: 606.16	MAE: 165.99	RMSE: 220.57
Epoch 144	LOSS: 612.93	MAE: 165.33	RMSE: 220.30
Epoch 145	LOSS: 607.23	MAE: 165.64	RMSE: 220.27
Epoch 146	LOSS: 616.25	MAE: 164.89	RMSE: 219.98
Epoch 147	LOSS: 597.05	MAE: 164.93	RMSE: 219.92
Epoch 148	LOSS: 609.58	MAE: 164.95	RMSE: 219.75
Epoch 149	LOSS: 601.13	MAE: 164.62	RMSE: 219.58
Epoch 150	LOSS: 604.92	MAE: 164.49	RMSE: 219.49
Epoch 151	LOSS: 604.02	MAE: 164.63	RMSE: 219.38
Epoch 152	LOSS: 613.77	MAE: 164.16	RMSE: 219.12
Epoch 153	LOSS: 607.83	MAE: 164.06	RMSE: 219.10
Epoch 154	LOSS: 610.40	MAE: 164.09	RMSE: 218.98
Epoch 155	LOSS: 609.72	MAE: 164.09	RMSE: 218.86
Epoch 156	LOSS: 612.82	MAE: 163.56	RMSE: 218.71
Epoch 157	LOSS: 597.74	MAE: 163.96	RMSE: 218.67
Epoch 158	LOSS: 605.66	MAE: 163.46	RMSE: 218.46
Epoch 159	LOSS: 600.18	MAE: 163.14	RMSE: 218.28
Epoch 160	LOSS: 603.96	MAE: 163.64	RMSE: 218.28
Epoch 161	LOSS: 604.71	MAE: 163.40	RMSE: 218.18
Epoch 162	LOSS: 597.24	MAE: 162.94	RMSE: 217.94
Epoch 163	LOSS: 616.55	MAE: 162.97	RMSE: 217.85
Epoch 164	LOSS: 605.47	MAE: 162.83	RMSE: 217.78
Epoch 165	LOSS: 598.76	MAE: 162.73	RMSE: 217.58
Epoch 166	LOSS: 599.86	MAE: 162.49	RMSE: 217.47
Epoch 167	LOSS: 608.21	MAE: 162.71	RMSE: 217.38
Epoch 168	LOSS: 606.70	MAE: 162.46	RMSE: 217.27
Epoch 169	LOSS: 603.81	MAE: 162.10	RMSE: 217.05
Epoch 170	LOSS: 600.05	MAE: 162.18	RMSE: 216.99
Epoch 171	LOSS: 602.74	MAE: 162.19	RMSE: 216.96
Epoch 172	LOSS: 606.17	MAE: 161.91	RMSE: 216.74
Epoch 173	LOSS: 594.45	MAE: 161.89	RMSE: 216.70
Epoch 174	LOSS: 600.12	MAE: 161.73	RMSE: 216.54
Epoch 175	LOSS: 604.34	MAE: 161.71	RMSE: 216.43
Epoch 176	LOSS: 604.39	MAE: 161.51	RMSE: 216.33
Epoch 177	LOSS: 596.43	MAE: 161.51	RMSE: 216.18
Epoch 178	LOSS: 586.20	MAE: 161.33	RMSE: 216.09
Epoch 179	LOSS: 596.42	MAE: 161.17	RMSE: 215.85
Epoch 180	LOSS: 606.92	MAE: 160.77	RMSE: 215.77
Epoch 181	LOSS: 600.13	MAE: 161.06	RMSE: 215.67
Epoch 182	LOSS: 593.30	MAE: 160.83	RMSE: 215.58
Epoch 183	LOSS: 595.91	MAE: 160.60	RMSE: 215.46
Epoch 184	LOSS: 600.02	MAE: 160.55	RMSE: 215.37
Epoch 185	LOSS: 604.40	MAE: 160.79	RMSE: 215.26
Epoch 186	LOSS: 597.71	MAE: 160.13	RMSE: 215.05
Epoch 187	LOSS: 588.70	MAE: 160.27	RMSE: 214.89
Epoch 188	LOSS: 603.84	MAE: 160.29	RMSE: 214.98
Epoch 189	LOSS: 606.68	MAE: 160.14	RMSE: 214.77
Epoch 190	LOSS: 596.22	MAE: 159.76	RMSE: 214.56
Epoch 191	LOSS: 593.11	MAE: 159.89	RMSE: 214.56
Epoch 192	LOSS: 592.99	MAE: 159.78	RMSE: 214.42
Epoch 193	LOSS: 596.29	MAE: 159.51	RMSE: 214.29
Epoch 194	LOSS: 604.55	MAE: 159.49	RMSE: 214.16
Epoch 195	LOSS: 594.14	MAE: 159.63	RMSE: 214.13
Epoch 196	LOSS: 598.48	MAE: 159.16	RMSE: 213.96
Epoch 197	LOSS: 592.81	MAE: 159.35	RMSE: 213.89
Epoch 198	LOSS: 597.87	MAE: 159.02	RMSE: 213.73
Epoch 199	LOSS: 589.99	MAE: 158.96	RMSE: 213.65
Epoch 200	LOSS: 590.04	MAE: 159.05	RMSE: 213.56
Epoch 201	LOSS: 590.00	MAE: 158.83	RMSE: 213.45
Epoch 202	LOSS: 597.52	MAE: 158.65	RMSE: 213.28
Epoch 203	LOSS: 600.67	MAE: 158.52	RMSE: 213.20
Epoch 204	LOSS: 585.60	MAE: 158.52	RMSE: 213.12
Epoch 205	LOSS: 592.66	MAE: 158.43	RMSE: 212.97
Epoch 206	LOSS: 594.39	MAE: 158.31	RMSE: 212.86
Epoch 207	LOSS: 592.44	MAE: 158.34	RMSE: 212.76
Epoch 208	LOSS: 588.26	MAE: 158.12	RMSE: 212.65
Epoch 209	LOSS: 592.30	MAE: 157.79	RMSE: 212.51
Epoch 210	LOSS: 593.22	MAE: 158.28	RMSE: 212.47
Epoch 211	LOSS: 597.75	MAE: 158.22	RMSE: 212.69
Epoch 212	LOSS: 589.74	MAE: 157.73	RMSE: 212.18
Epoch 213	LOSS: 586.56	MAE: 157.36	RMSE: 212.04
Epoch 214	LOSS: 590.87	MAE: 157.72	RMSE: 212.06
Epoch 215	LOSS: 591.74	MAE: 157.16	RMSE: 211.72
Epoch 216	LOSS: 596.38	MAE: 157.37	RMSE: 211.82
Epoch 217	LOSS: 589.12	MAE: 157.10	RMSE: 211.61
Epoch 218	LOSS: 577.51	MAE: 156.91	RMSE: 211.51
Epoch 219	LOSS: 591.21	MAE: 156.96	RMSE: 211.35
Epoch 220	LOSS: 600.21	MAE: 156.95	RMSE: 211.28
Epoch 221	LOSS: 592.60	MAE: 156.74	RMSE: 211.13
Epoch 222	LOSS: 582.57	MAE: 156.42	RMSE: 211.03
Epoch 223	LOSS: 582.60	MAE: 156.47	RMSE: 210.87
Epoch 224	LOSS: 597.86	MAE: 156.46	RMSE: 210.84
Epoch 225	LOSS: 582.74	MAE: 156.12	RMSE: 210.57
Epoch 226	LOSS: 591.12	MAE: 156.17	RMSE: 210.54
Epoch 227	LOSS: 577.70	MAE: 156.03	RMSE: 210.37
Epoch 228	LOSS: 595.39	MAE: 155.80	RMSE: 210.26
Epoch 229	LOSS: 578.32	MAE: 155.79	RMSE: 210.13
Epoch 230	LOSS: 589.79	MAE: 155.80	RMSE: 210.04
Epoch 231	LOSS: 587.75	MAE: 155.50	RMSE: 209.85
Epoch 232	LOSS: 592.59	MAE: 155.54	RMSE: 209.87
Epoch 233	LOSS: 588.03	MAE: 155.56	RMSE: 209.66
Epoch 234	LOSS: 592.43	MAE: 155.29	RMSE: 209.57
Epoch 235	LOSS: 582.20	MAE: 155.24	RMSE: 209.43
Epoch 236	LOSS: 593.32	MAE: 155.15	RMSE: 209.40
Epoch 237	LOSS: 583.56	MAE: 155.00	RMSE: 209.18
Epoch 238	LOSS: 568.84	MAE: 154.95	RMSE: 209.14
Epoch 239	LOSS: 589.58	MAE: 154.74	RMSE: 208.99
Epoch 240	LOSS: 588.93	MAE: 154.92	RMSE: 208.89
Epoch 241	LOSS: 590.73	MAE: 154.42	RMSE: 208.73
Epoch 242	LOSS: 582.45	MAE: 154.57	RMSE: 208.75
Epoch 243	LOSS: 587.65	MAE: 154.70	RMSE: 208.64
Epoch 244	LOSS: 581.90	MAE: 154.09	RMSE: 208.34
Epoch 245	LOSS: 587.73	MAE: 154.41	RMSE: 208.34
Epoch 246	LOSS: 585.64	MAE: 154.24	RMSE: 208.24
Epoch 247	LOSS: 575.92	MAE: 154.53	RMSE: 208.19
Epoch 248	LOSS: 588.63	MAE: 153.58	RMSE: 207.92
Epoch 249	LOSS: 580.18	MAE: 153.91	RMSE: 207.92
Epoch 250	LOSS: 574.21	MAE: 153.92	RMSE: 207.87
Epoch 251	LOSS: 577.74	MAE: 153.67	RMSE: 207.69
Epoch 252	LOSS: 575.72	MAE: 153.58	RMSE: 207.68
Epoch 253	LOSS: 585.63	MAE: 153.22	RMSE: 207.48
Epoch 254	LOSS: 586.85	MAE: 153.30	RMSE: 207.37
Epoch 255	LOSS: 581.06	MAE: 153.38	RMSE: 207.23
Epoch 256	LOSS: 580.46	MAE: 153.14	RMSE: 207.11
Epoch 257	LOSS: 575.00	MAE: 153.00	RMSE: 207.07
Epoch 258	LOSS: 580.86	MAE: 152.70	RMSE: 206.85
Epoch 259	LOSS: 571.58	MAE: 152.72	RMSE: 206.87
Epoch 260	LOSS: 578.15	MAE: 152.56	RMSE: 206.60
Epoch 261	LOSS: 581.11	MAE: 152.68	RMSE: 206.63
Epoch 262	LOSS: 582.83	MAE: 152.19	RMSE: 206.43
Epoch 263	LOSS: 576.37	MAE: 152.50	RMSE: 206.41
Epoch 264	LOSS: 585.29	MAE: 152.27	RMSE: 206.24
Epoch 265	LOSS: 577.30	MAE: 151.97	RMSE: 206.16
Epoch 266	LOSS: 580.52	MAE: 152.39	RMSE: 206.02
Epoch 267	LOSS: 572.67	MAE: 151.61	RMSE: 205.94
Epoch 268	LOSS: 572.91	MAE: 152.10	RMSE: 205.84
Epoch 269	LOSS: 575.54	MAE: 151.46	RMSE: 205.65
Epoch 270	LOSS: 576.57	MAE: 152.06	RMSE: 205.70
Epoch 271	LOSS: 575.45	MAE: 151.41	RMSE: 205.47
Epoch 272	LOSS: 575.99	MAE: 151.47	RMSE: 205.38
Epoch 273	LOSS: 582.36	MAE: 151.54	RMSE: 205.35
Epoch 274	LOSS: 578.33	MAE: 151.02	RMSE: 205.04
Epoch 275	LOSS: 577.09	MAE: 151.59	RMSE: 205.17
Epoch 276	LOSS: 573.90	MAE: 150.79	RMSE: 204.89
Epoch 277	LOSS: 568.00	MAE: 151.04	RMSE: 204.86
Epoch 278	LOSS: 573.82	MAE: 151.02	RMSE: 204.73
Epoch 279	LOSS: 569.31	MAE: 150.55	RMSE: 204.57
Epoch 280	LOSS: 573.61	MAE: 150.81	RMSE: 204.56
Epoch 281	LOSS: 571.14	MAE: 150.41	RMSE: 204.38
Epoch 282	LOSS: 577.57	MAE: 150.41	RMSE: 204.33
Epoch 283	LOSS: 576.06	MAE: 150.49	RMSE: 204.16
Epoch 284	LOSS: 576.72	MAE: 150.22	RMSE: 204.05
Epoch 285	LOSS: 565.52	MAE: 150.45	RMSE: 203.95
Epoch 286	LOSS: 572.36	MAE: 149.98	RMSE: 203.83
Epoch 287	LOSS: 563.80	MAE: 150.05	RMSE: 203.78
Epoch 288	LOSS: 569.49	MAE: 149.62	RMSE: 203.54
Epoch 289	LOSS: 571.47	MAE: 149.94	RMSE: 203.48
Epoch 290	LOSS: 572.58	MAE: 149.56	RMSE: 203.29
Epoch 291	LOSS: 560.92	MAE: 150.41	RMSE: 203.34
Epoch 292	LOSS: 573.94	MAE: 149.17	RMSE: 203.08
Epoch 293	LOSS: 574.61	MAE: 149.38	RMSE: 202.82
Epoch 294	LOSS: 570.38	MAE: 149.51	RMSE: 202.97
Epoch 295	LOSS: 574.04	MAE: 148.77	RMSE: 202.62
Epoch 296	LOSS: 553.10	MAE: 149.28	RMSE: 202.73
Epoch 297	LOSS: 581.54	MAE: 148.82	RMSE: 202.44
Epoch 298	LOSS: 563.42	MAE: 148.74	RMSE: 202.33
Epoch 299	LOSS: 571.06	MAE: 149.00	RMSE: 202.29
Epoch 300	LOSS: 570.02	MAE: 148.35	RMSE: 202.05
Epoch 301	LOSS: 569.62	MAE: 148.81	RMSE: 202.12
Epoch 302	LOSS: 564.68	MAE: 148.37	RMSE: 201.91
Epoch 303	LOSS: 565.09	MAE: 148.29	RMSE: 201.84
Epoch 304	LOSS: 563.41	MAE: 148.28	RMSE: 201.74
Epoch 305	LOSS: 565.64	MAE: 148.24	RMSE: 201.60
Epoch 306	LOSS: 559.59	MAE: 148.22	RMSE: 201.49
Epoch 307	LOSS: 559.58	MAE: 148.01	RMSE: 201.43
Epoch 308	LOSS: 566.11	MAE: 148.22	RMSE: 201.40
Epoch 309	LOSS: 570.85	MAE: 147.77	RMSE: 201.13
Epoch 310	LOSS: 569.14	MAE: 147.88	RMSE: 201.08
Epoch 311	LOSS: 563.44	MAE: 147.87	RMSE: 201.03
Epoch 312	LOSS: 558.42	MAE: 147.49	RMSE: 200.86
Epoch 313	LOSS: 562.14	MAE: 147.73	RMSE: 200.78
Epoch 314	LOSS: 560.43	MAE: 147.29	RMSE: 200.71
Epoch 315	LOSS: 574.43	MAE: 147.44	RMSE: 200.66
Epoch 316	LOSS: 565.27	MAE: 147.30	RMSE: 200.44
Epoch 317	LOSS: 569.69	MAE: 147.50	RMSE: 200.39
Epoch 318	LOSS: 556.11	MAE: 146.96	RMSE: 200.20
Epoch 319	LOSS: 557.20	MAE: 147.02	RMSE: 200.08
Epoch 320	LOSS: 558.64	MAE: 146.85	RMSE: 200.15
Epoch 321	LOSS: 567.75	MAE: 146.74	RMSE: 199.83
Epoch 322	LOSS: 560.39	MAE: 147.01	RMSE: 199.92
Epoch 323	LOSS: 557.34	MAE: 146.36	RMSE: 199.61
Epoch 324	LOSS: 568.90	MAE: 146.88	RMSE: 199.59
Epoch 325	LOSS: 563.40	MAE: 146.44	RMSE: 199.50
Epoch 326	LOSS: 567.28	MAE: 146.46	RMSE: 199.44
Epoch 327	LOSS: 554.78	MAE: 146.23	RMSE: 199.28
Epoch 328	LOSS: 562.29	MAE: 146.36	RMSE: 199.19
Epoch 329	LOSS: 557.71	MAE: 146.22	RMSE: 199.15
Epoch 330	LOSS: 547.67	MAE: 145.90	RMSE: 198.96
Epoch 331	LOSS: 562.91	MAE: 146.27	RMSE: 198.88
Epoch 332	LOSS: 555.05	MAE: 145.77	RMSE: 198.71
Epoch 333	LOSS: 546.70	MAE: 145.75	RMSE: 198.60
Epoch 334	LOSS: 558.13	MAE: 145.76	RMSE: 198.51
Epoch 335	LOSS: 557.89	MAE: 145.58	RMSE: 198.43
Epoch 336	LOSS: 561.16	MAE: 145.44	RMSE: 198.20
Epoch 337	LOSS: 551.76	MAE: 145.11	RMSE: 198.10
Epoch 338	LOSS: 553.65	MAE: 145.38	RMSE: 198.04
Epoch 339	LOSS: 548.65	MAE: 145.05	RMSE: 197.99
Epoch 340	LOSS: 561.07	MAE: 145.06	RMSE: 197.77
Epoch 341	LOSS: 550.90	MAE: 145.05	RMSE: 197.69
Epoch 342	LOSS: 558.38	MAE: 144.97	RMSE: 197.58
Epoch 343	LOSS: 563.81	MAE: 144.70	RMSE: 197.43
Epoch 344	LOSS: 556.49	MAE: 144.77	RMSE: 197.27
Epoch 345	LOSS: 549.07	MAE: 144.60	RMSE: 197.16
Epoch 346	LOSS: 565.44	MAE: 144.83	RMSE: 197.29
Epoch 347	LOSS: 562.07	MAE: 144.26	RMSE: 196.85
Epoch 348	LOSS: 551.77	MAE: 144.44	RMSE: 196.99
Epoch 349	LOSS: 559.80	MAE: 144.02	RMSE: 196.67
Epoch 350	LOSS: 553.38	MAE: 144.43	RMSE: 196.79
Epoch 351	LOSS: 554.26	MAE: 144.03	RMSE: 196.46
Epoch 352	LOSS: 548.75	MAE: 144.02	RMSE: 196.41
Epoch 353	LOSS: 547.48	MAE: 144.02	RMSE: 196.41
Epoch 354	LOSS: 553.62	MAE: 143.56	RMSE: 196.20
Epoch 355	LOSS: 546.52	MAE: 143.87	RMSE: 196.22
Epoch 356	LOSS: 551.71	MAE: 143.31	RMSE: 195.96
Epoch 357	LOSS: 554.78	MAE: 143.87	RMSE: 195.94
Epoch 358	LOSS: 553.39	MAE: 143.42	RMSE: 195.83
Epoch 359	LOSS: 540.24	MAE: 143.75	RMSE: 195.77
Epoch 360	LOSS: 548.39	MAE: 143.10	RMSE: 195.58
Epoch 361	LOSS: 552.76	MAE: 143.42	RMSE: 195.58
Epoch 362	LOSS: 558.24	MAE: 142.91	RMSE: 195.28
Epoch 363	LOSS: 556.43	MAE: 142.94	RMSE: 195.18
Epoch 364	LOSS: 550.07	MAE: 143.14	RMSE: 195.15
Epoch 365	LOSS: 553.19	MAE: 143.02	RMSE: 195.06
Epoch 366	LOSS: 543.94	MAE: 142.73	RMSE: 194.97
Epoch 367	LOSS: 561.38	MAE: 142.63	RMSE: 194.79
Epoch 368	LOSS: 559.90	MAE: 142.59	RMSE: 194.77
Epoch 369	LOSS: 551.31	MAE: 142.46	RMSE: 194.59
Epoch 370	LOSS: 546.02	MAE: 142.52	RMSE: 194.46
Epoch 371	LOSS: 553.32	MAE: 142.28	RMSE: 194.31
Epoch 372	LOSS: 541.25	MAE: 142.05	RMSE: 194.22
Epoch 373	LOSS: 543.56	MAE: 142.32	RMSE: 194.27
Epoch 374	LOSS: 552.50	MAE: 141.67	RMSE: 193.88
Epoch 375	LOSS: 544.05	MAE: 142.26	RMSE: 194.06
Epoch 376	LOSS: 552.22	MAE: 141.81	RMSE: 193.69
Epoch 377	LOSS: 554.95	MAE: 142.12	RMSE: 193.76
Epoch 378	LOSS: 549.29	MAE: 141.56	RMSE: 193.45
Epoch 379	LOSS: 550.96	MAE: 141.65	RMSE: 193.43
Epoch 380	LOSS: 550.99	MAE: 141.47	RMSE: 193.34
Epoch 381	LOSS: 546.19	MAE: 141.19	RMSE: 193.07
Epoch 382	LOSS: 546.12	MAE: 141.18	RMSE: 193.05
Epoch 383	LOSS: 550.59	MAE: 141.00	RMSE: 192.91
Epoch 384	LOSS: 538.98	MAE: 141.14	RMSE: 192.81
Epoch 385	LOSS: 554.19	MAE: 141.01	RMSE: 192.75
Epoch 386	LOSS: 546.55	MAE: 140.82	RMSE: 192.50
Epoch 387	LOSS: 537.98	MAE: 140.59	RMSE: 192.54
Epoch 388	LOSS: 545.03	MAE: 140.91	RMSE: 192.34
Epoch 389	LOSS: 544.58	MAE: 140.47	RMSE: 192.30
Epoch 390	LOSS: 538.38	MAE: 140.44	RMSE: 192.18
Epoch 391	LOSS: 543.18	MAE: 140.63	RMSE: 192.18
Epoch 392	LOSS: 539.82	MAE: 140.14	RMSE: 191.94
Epoch 393	LOSS: 552.80	MAE: 140.37	RMSE: 191.90
Epoch 394	LOSS: 542.41	MAE: 140.06	RMSE: 191.78
Epoch 395	LOSS: 528.73	MAE: 140.04	RMSE: 191.61
Epoch 396	LOSS: 543.73	MAE: 140.00	RMSE: 191.64
Epoch 397	LOSS: 540.01	MAE: 139.93	RMSE: 191.37
Epoch 398	LOSS: 545.54	MAE: 139.84	RMSE: 191.28
Epoch 399	LOSS: 544.75	MAE: 139.65	RMSE: 191.12
Epoch 400	LOSS: 537.15	MAE: 139.71	RMSE: 191.23
Epoch 401	LOSS: 541.02	MAE: 139.48	RMSE: 190.92
Epoch 402	LOSS: 542.50	MAE: 139.67	RMSE: 190.96
Epoch 403	LOSS: 541.99	MAE: 139.37	RMSE: 190.71
Epoch 404	LOSS: 541.52	MAE: 139.31	RMSE: 190.61
Epoch 405	LOSS: 534.62	MAE: 139.44	RMSE: 190.51
Epoch 406	LOSS: 539.10	MAE: 139.05	RMSE: 190.46
Epoch 407	LOSS: 535.99	MAE: 139.23	RMSE: 190.35
Epoch 408	LOSS: 542.38	MAE: 138.97	RMSE: 190.15
Epoch 409	LOSS: 537.73	MAE: 139.18	RMSE: 190.25
Epoch 410	LOSS: 534.49	MAE: 138.81	RMSE: 189.96
Epoch 411	LOSS: 541.94	MAE: 139.01	RMSE: 189.87
Epoch 412	LOSS: 542.05	MAE: 138.69	RMSE: 189.91
Epoch 413	LOSS: 533.38	MAE: 138.48	RMSE: 189.68
Epoch 414	LOSS: 545.24	MAE: 138.56	RMSE: 189.54
Epoch 415	LOSS: 550.12	MAE: 138.38	RMSE: 189.42
Epoch 416	LOSS: 531.04	MAE: 138.32	RMSE: 189.36
Epoch 417	LOSS: 551.52	MAE: 138.47	RMSE: 189.35
Epoch 418	LOSS: 536.78	MAE: 138.04	RMSE: 189.14
Epoch 419	LOSS: 532.42	MAE: 138.24	RMSE: 189.06
Epoch 420	LOSS: 529.27	MAE: 137.85	RMSE: 188.84
Epoch 421	LOSS: 541.34	MAE: 137.84	RMSE: 188.78
Epoch 422	LOSS: 548.08	MAE: 137.85	RMSE: 188.67
Epoch 423	LOSS: 541.18	MAE: 137.89	RMSE: 188.67
Epoch 424	LOSS: 535.11	MAE: 137.53	RMSE: 188.39
Epoch 425	LOSS: 532.36	MAE: 137.77	RMSE: 188.54
Epoch 426	LOSS: 530.33	MAE: 137.41	RMSE: 188.18
Epoch 427	LOSS: 530.73	MAE: 137.71	RMSE: 188.32
Epoch 428	LOSS: 532.71	MAE: 137.09	RMSE: 187.87
Epoch 429	LOSS: 534.94	MAE: 137.27	RMSE: 187.93
Epoch 430	LOSS: 535.48	MAE: 137.11	RMSE: 187.80
Epoch 431	LOSS: 542.28	MAE: 137.05	RMSE: 187.82
Epoch 432	LOSS: 520.09	MAE: 137.55	RMSE: 187.79
Epoch 433	LOSS: 535.15	MAE: 136.87	RMSE: 187.56
Epoch 434	LOSS: 532.52	MAE: 137.03	RMSE: 187.49
Epoch 435	LOSS: 530.38	MAE: 136.70	RMSE: 187.31
Epoch 436	LOSS: 531.81	MAE: 136.68	RMSE: 187.17
Epoch 437	LOSS: 531.40	MAE: 136.67	RMSE: 187.13
Epoch 438	LOSS: 526.10	MAE: 136.65	RMSE: 187.04
Epoch 439	LOSS: 522.45	MAE: 136.24	RMSE: 186.81
Epoch 440	LOSS: 533.33	MAE: 136.42	RMSE: 186.76
Epoch 441	LOSS: 538.85	MAE: 136.21	RMSE: 186.49
Epoch 442	LOSS: 531.82	MAE: 136.13	RMSE: 186.57
Epoch 443	LOSS: 529.17	MAE: 136.00	RMSE: 186.40
Epoch 444	LOSS: 532.51	MAE: 135.93	RMSE: 186.23
Epoch 445	LOSS: 531.93	MAE: 136.09	RMSE: 186.29
Epoch 446	LOSS: 531.37	MAE: 135.55	RMSE: 185.92
Epoch 447	LOSS: 521.99	MAE: 135.98	RMSE: 186.01
Epoch 448	LOSS: 519.53	MAE: 135.32	RMSE: 185.72
Epoch 449	LOSS: 521.03	MAE: 135.57	RMSE: 185.67
Epoch 450	LOSS: 518.41	MAE: 135.31	RMSE: 185.55
Epoch 451	LOSS: 526.12	MAE: 135.25	RMSE: 185.34
Epoch 452	LOSS: 530.21	MAE: 135.14	RMSE: 185.36
Epoch 453	LOSS: 529.39	MAE: 135.12	RMSE: 185.26
Epoch 454	LOSS: 524.54	MAE: 135.13	RMSE: 185.03
Epoch 455	LOSS: 528.14	MAE: 134.93	RMSE: 184.99
Epoch 456	LOSS: 529.02	MAE: 134.82	RMSE: 184.94
Epoch 457	LOSS: 523.89	MAE: 134.84	RMSE: 184.64
Epoch 458	LOSS: 532.78	MAE: 134.75	RMSE: 184.68
Epoch 459	LOSS: 527.03	MAE: 134.47	RMSE: 184.51
Epoch 460	LOSS: 528.82	MAE: 134.71	RMSE: 184.49
Epoch 461	LOSS: 523.46	MAE: 134.62	RMSE: 184.31
Epoch 462	LOSS: 527.37	MAE: 134.31	RMSE: 184.16
Epoch 463	LOSS: 526.84	MAE: 134.35	RMSE: 184.13
Epoch 464	LOSS: 521.88	MAE: 134.31	RMSE: 183.94
Epoch 465	LOSS: 517.69	MAE: 134.26	RMSE: 184.03
Epoch 466	LOSS: 528.40	MAE: 134.18	RMSE: 183.78
Epoch 467	LOSS: 522.19	MAE: 133.94	RMSE: 183.53
Epoch 468	LOSS: 531.34	MAE: 134.11	RMSE: 183.72
Epoch 469	LOSS: 521.98	MAE: 133.75	RMSE: 183.36
Epoch 470	LOSS: 517.67	MAE: 133.85	RMSE: 183.39
Epoch 471	LOSS: 525.48	MAE: 133.75	RMSE: 183.32
Epoch 472	LOSS: 521.30	MAE: 133.76	RMSE: 183.25
Epoch 473	LOSS: 516.13	MAE: 133.58	RMSE: 183.04
Epoch 474	LOSS: 522.98	MAE: 133.59	RMSE: 183.14
Epoch 475	LOSS: 520.49	MAE: 133.40	RMSE: 182.86
Epoch 476	LOSS: 526.78	MAE: 133.65	RMSE: 182.94
Epoch 477	LOSS: 513.11	MAE: 133.27	RMSE: 182.77
Epoch 478	LOSS: 533.32	MAE: 133.31	RMSE: 182.57
Epoch 479	LOSS: 521.16	MAE: 133.25	RMSE: 182.58
Epoch 480	LOSS: 514.41	MAE: 132.93	RMSE: 182.34
Epoch 481	LOSS: 519.78	MAE: 133.22	RMSE: 182.31
Epoch 482	LOSS: 528.01	MAE: 132.86	RMSE: 182.21
Epoch 483	LOSS: 516.57	MAE: 132.97	RMSE: 182.21
Epoch 484	LOSS: 509.99	MAE: 132.81	RMSE: 182.01
Epoch 485	LOSS: 515.75	MAE: 132.64	RMSE: 181.91
Epoch 486	LOSS: 527.78	MAE: 132.71	RMSE: 181.79
Epoch 487	LOSS: 528.62	MAE: 132.61	RMSE: 181.92
Epoch 488	LOSS: 520.85	MAE: 132.55	RMSE: 181.38
Epoch 489	LOSS: 520.04	MAE: 132.56	RMSE: 181.73
Epoch 490	LOSS: 518.61	MAE: 132.19	RMSE: 181.37
Epoch 491	LOSS: 518.17	MAE: 132.50	RMSE: 181.43
Epoch 492	LOSS: 511.27	MAE: 131.99	RMSE: 181.14
Epoch 493	LOSS: 518.52	MAE: 132.21	RMSE: 181.24
Epoch 494	LOSS: 515.32	MAE: 132.04	RMSE: 180.98
Epoch 495	LOSS: 506.66	MAE: 131.93	RMSE: 180.96
Epoch 496	LOSS: 505.96	MAE: 131.97	RMSE: 180.90
Epoch 497	LOSS: 508.02	MAE: 131.77	RMSE: 180.72
Epoch 498	LOSS: 509.99	MAE: 131.80	RMSE: 180.55
Epoch 499	LOSS: 522.45	MAE: 131.63	RMSE: 180.48
