Epoch 000	LOSS: 1135.72	MAE: 239.12	RMSE: 283.00
Epoch 001	LOSS: 1011.02	MAE: 223.78	RMSE: 269.57
Epoch 002	LOSS: 958.22	MAE: 214.09	RMSE: 261.40
Epoch 003	LOSS: 932.85	MAE: 211.29	RMSE: 259.73
Epoch 004	LOSS: 900.88	MAE: 208.84	RMSE: 257.63
Epoch 005	LOSS: 850.46	MAE: 208.61	RMSE: 257.37
Epoch 006	LOSS: 811.81	MAE: 205.95	RMSE: 256.05
Epoch 007	LOSS: 796.90	MAE: 203.41	RMSE: 255.01
Epoch 008	LOSS: 780.09	MAE: 202.38	RMSE: 254.68
Epoch 009	LOSS: 791.96	MAE: 202.19	RMSE: 254.35
Epoch 010	LOSS: 778.46	MAE: 202.64	RMSE: 253.86
Epoch 011	LOSS: 756.99	MAE: 201.31	RMSE: 253.06
Epoch 012	LOSS: 749.71	MAE: 200.23	RMSE: 252.70
Epoch 013	LOSS: 745.29	MAE: 199.62	RMSE: 252.35
Epoch 014	LOSS: 741.80	MAE: 199.03	RMSE: 252.04
Epoch 015	LOSS: 727.50	MAE: 199.17	RMSE: 251.81
Epoch 016	LOSS: 735.36	MAE: 198.35	RMSE: 251.33
Epoch 017	LOSS: 733.60	MAE: 197.79	RMSE: 251.01
Epoch 018	LOSS: 719.53	MAE: 197.33	RMSE: 250.78
Epoch 019	LOSS: 712.57	MAE: 196.65	RMSE: 250.30
Epoch 020	LOSS: 712.80	MAE: 195.94	RMSE: 249.87
Epoch 021	LOSS: 712.93	MAE: 195.74	RMSE: 249.69
Epoch 022	LOSS: 714.65	MAE: 195.09	RMSE: 249.25
Epoch 023	LOSS: 708.17	MAE: 194.55	RMSE: 248.86
Epoch 024	LOSS: 696.66	MAE: 194.10	RMSE: 248.57
Epoch 025	LOSS: 698.71	MAE: 193.50	RMSE: 248.10
Epoch 026	LOSS: 697.25	MAE: 193.14	RMSE: 247.76
Epoch 027	LOSS: 678.98	MAE: 192.98	RMSE: 247.53
Epoch 028	LOSS: 683.04	MAE: 191.92	RMSE: 246.93
Epoch 029	LOSS: 675.68	MAE: 191.72	RMSE: 246.68
Epoch 030	LOSS: 685.88	MAE: 191.28	RMSE: 246.31
Epoch 031	LOSS: 682.23	MAE: 190.90	RMSE: 245.94
Epoch 032	LOSS: 687.67	MAE: 190.31	RMSE: 245.54
Epoch 033	LOSS: 677.10	MAE: 190.04	RMSE: 245.21
Epoch 034	LOSS: 667.24	MAE: 189.34	RMSE: 244.79
Epoch 035	LOSS: 673.22	MAE: 189.28	RMSE: 244.51
Epoch 036	LOSS: 678.51	MAE: 188.72	RMSE: 244.09
Epoch 037	LOSS: 664.47	MAE: 188.27	RMSE: 243.77
Epoch 038	LOSS: 670.68	MAE: 187.78	RMSE: 243.35
Epoch 039	LOSS: 671.10	MAE: 187.53	RMSE: 243.03
Epoch 040	LOSS: 661.22	MAE: 186.93	RMSE: 242.63
Epoch 041	LOSS: 653.84	MAE: 186.84	RMSE: 242.34
Epoch 042	LOSS: 667.83	MAE: 186.24	RMSE: 241.92
Epoch 043	LOSS: 660.02	MAE: 185.93	RMSE: 241.59
Epoch 044	LOSS: 651.39	MAE: 185.42	RMSE: 241.20
Epoch 045	LOSS: 653.05	MAE: 185.10	RMSE: 240.87
Epoch 046	LOSS: 655.58	MAE: 184.75	RMSE: 240.51
Epoch 047	LOSS: 646.64	MAE: 184.20	RMSE: 240.11
Epoch 048	LOSS: 646.05	MAE: 184.31	RMSE: 239.88
Epoch 049	LOSS: 641.50	MAE: 183.40	RMSE: 239.42
Epoch 050	LOSS: 644.06	MAE: 183.49	RMSE: 239.14
Epoch 051	LOSS: 650.45	MAE: 182.80	RMSE: 238.74
Epoch 052	LOSS: 642.45	MAE: 182.41	RMSE: 238.39
Epoch 053	LOSS: 642.44	MAE: 182.41	RMSE: 238.13
Epoch 054	LOSS: 650.14	MAE: 181.73	RMSE: 237.71
Epoch 055	LOSS: 644.93	MAE: 181.58	RMSE: 237.40
Epoch 056	LOSS: 635.81	MAE: 180.99	RMSE: 237.03
Epoch 057	LOSS: 638.17	MAE: 180.80	RMSE: 236.73
Epoch 058	LOSS: 634.75	MAE: 180.42	RMSE: 236.39
Epoch 059	LOSS: 646.00	MAE: 180.28	RMSE: 236.13
Epoch 060	LOSS: 629.55	MAE: 179.84	RMSE: 235.76
Epoch 061	LOSS: 634.13	MAE: 179.34	RMSE: 235.40
Epoch 062	LOSS: 634.96	MAE: 179.10	RMSE: 235.09
Epoch 063	LOSS: 624.83	MAE: 178.87	RMSE: 234.75
Epoch 064	LOSS: 619.12	MAE: 178.45	RMSE: 234.45
Epoch 065	LOSS: 640.23	MAE: 178.03	RMSE: 234.07
Epoch 066	LOSS: 628.08	MAE: 177.87	RMSE: 233.79
Epoch 067	LOSS: 625.91	MAE: 177.52	RMSE: 233.48
Epoch 068	LOSS: 622.46	MAE: 177.27	RMSE: 233.14
Epoch 069	LOSS: 624.98	MAE: 176.81	RMSE: 232.79
Epoch 070	LOSS: 625.99	MAE: 176.59	RMSE: 232.51
Epoch 071	LOSS: 615.31	MAE: 176.28	RMSE: 232.16
Epoch 072	LOSS: 630.97	MAE: 175.94	RMSE: 231.88
Epoch 073	LOSS: 619.92	MAE: 175.90	RMSE: 231.59
Epoch 074	LOSS: 608.54	MAE: 175.44	RMSE: 231.30
Epoch 075	LOSS: 627.66	MAE: 175.26	RMSE: 231.02
Epoch 076	LOSS: 619.92	MAE: 174.80	RMSE: 230.68
Epoch 077	LOSS: 616.43	MAE: 174.64	RMSE: 230.44
Epoch 078	LOSS: 615.55	MAE: 174.37	RMSE: 230.13
Epoch 079	LOSS: 608.84	MAE: 173.95	RMSE: 229.87
Epoch 080	LOSS: 618.50	MAE: 173.91	RMSE: 229.57
Epoch 081	LOSS: 608.75	MAE: 173.53	RMSE: 229.32
Epoch 082	LOSS: 605.81	MAE: 173.17	RMSE: 228.95
Epoch 083	LOSS: 620.25	MAE: 172.96	RMSE: 228.71
Epoch 084	LOSS: 609.49	MAE: 172.59	RMSE: 228.41
Epoch 085	LOSS: 618.54	MAE: 172.46	RMSE: 228.11
Epoch 086	LOSS: 619.77	MAE: 172.06	RMSE: 227.82
Epoch 087	LOSS: 615.09	MAE: 172.00	RMSE: 227.54
Epoch 088	LOSS: 606.38	MAE: 171.54	RMSE: 227.24
Epoch 089	LOSS: 613.59	MAE: 171.44	RMSE: 226.98
Epoch 090	LOSS: 608.08	MAE: 170.97	RMSE: 226.65
Epoch 091	LOSS: 613.69	MAE: 170.76	RMSE: 226.37
Epoch 092	LOSS: 604.11	MAE: 170.40	RMSE: 226.07
Epoch 093	LOSS: 607.69	MAE: 170.26	RMSE: 225.82
Epoch 094	LOSS: 610.43	MAE: 169.96	RMSE: 225.49
Epoch 095	LOSS: 603.76	MAE: 169.82	RMSE: 225.30
Epoch 096	LOSS: 598.67	MAE: 169.39	RMSE: 224.90
Epoch 097	LOSS: 601.95	MAE: 169.31	RMSE: 224.75
Epoch 098	LOSS: 609.87	MAE: 169.04	RMSE: 224.40
Epoch 099	LOSS: 601.77	MAE: 168.67	RMSE: 224.19
Epoch 100	LOSS: 597.90	MAE: 168.59	RMSE: 223.89
Epoch 101	LOSS: 605.23	MAE: 168.17	RMSE: 223.65
Epoch 102	LOSS: 594.67	MAE: 168.24	RMSE: 223.41
Epoch 103	LOSS: 600.22	MAE: 167.68	RMSE: 223.12
Epoch 104	LOSS: 604.70	MAE: 167.70	RMSE: 222.94
Epoch 105	LOSS: 597.29	MAE: 167.21	RMSE: 222.62
Epoch 106	LOSS: 596.88	MAE: 167.41	RMSE: 222.52
Epoch 107	LOSS: 602.93	MAE: 166.76	RMSE: 222.06
Epoch 108	LOSS: 600.05	MAE: 166.70	RMSE: 221.97
Epoch 109	LOSS: 587.45	MAE: 166.46	RMSE: 221.69
Epoch 110	LOSS: 585.27	MAE: 166.14	RMSE: 221.36
Epoch 111	LOSS: 598.99	MAE: 165.85	RMSE: 221.15
Epoch 112	LOSS: 589.97	MAE: 165.77	RMSE: 220.86
Epoch 113	LOSS: 605.47	MAE: 165.39	RMSE: 220.66
Epoch 114	LOSS: 585.43	MAE: 165.31	RMSE: 220.36
Epoch 115	LOSS: 592.88	MAE: 164.93	RMSE: 220.19
Epoch 116	LOSS: 580.50	MAE: 164.89	RMSE: 219.96
Epoch 117	LOSS: 591.88	MAE: 164.59	RMSE: 219.74
Epoch 118	LOSS: 592.92	MAE: 164.47	RMSE: 219.50
Epoch 119	LOSS: 596.68	MAE: 164.39	RMSE: 219.34
Epoch 120	LOSS: 586.22	MAE: 164.16	RMSE: 218.98
Epoch 121	LOSS: 588.78	MAE: 163.84	RMSE: 218.86
Epoch 122	LOSS: 599.76	MAE: 163.81	RMSE: 218.50
Epoch 123	LOSS: 586.31	MAE: 163.48	RMSE: 218.41
Epoch 124	LOSS: 586.46	MAE: 163.23	RMSE: 218.08
Epoch 125	LOSS: 598.17	MAE: 163.18	RMSE: 217.99
Epoch 126	LOSS: 580.87	MAE: 162.81	RMSE: 217.70
Epoch 127	LOSS: 585.53	MAE: 162.51	RMSE: 217.45
Epoch 128	LOSS: 589.16	MAE: 162.45	RMSE: 217.26
Epoch 129	LOSS: 587.40	MAE: 162.17	RMSE: 217.00
Epoch 130	LOSS: 581.10	MAE: 162.05	RMSE: 216.85
Epoch 131	LOSS: 589.32	MAE: 162.05	RMSE: 216.68
Epoch 132	LOSS: 578.77	MAE: 161.50	RMSE: 216.35
Epoch 133	LOSS: 576.02	MAE: 161.64	RMSE: 216.24
Epoch 134	LOSS: 587.20	MAE: 161.03	RMSE: 215.89
Epoch 135	LOSS: 579.76	MAE: 161.28	RMSE: 215.83
Epoch 136	LOSS: 576.18	MAE: 160.68	RMSE: 215.41
Epoch 137	LOSS: 571.35	MAE: 161.03	RMSE: 215.49
Epoch 138	LOSS: 587.98	MAE: 160.36	RMSE: 215.03
Epoch 139	LOSS: 580.66	MAE: 160.54	RMSE: 215.01
Epoch 140	LOSS: 583.80	MAE: 160.09	RMSE: 214.64
Epoch 141	LOSS: 572.54	MAE: 160.14	RMSE: 214.61
Epoch 142	LOSS: 565.25	MAE: 159.76	RMSE: 214.29
Epoch 143	LOSS: 576.00	MAE: 159.68	RMSE: 214.15
Epoch 144	LOSS: 584.44	MAE: 159.36	RMSE: 213.92
Epoch 145	LOSS: 588.09	MAE: 159.71	RMSE: 213.87
Epoch 146	LOSS: 578.16	MAE: 159.21	RMSE: 213.56
Epoch 147	LOSS: 584.33	MAE: 159.51	RMSE: 213.57
Epoch 148	LOSS: 581.83	MAE: 158.84	RMSE: 213.18
Epoch 149	LOSS: 577.04	MAE: 158.76	RMSE: 213.07
Epoch 150	LOSS: 570.53	MAE: 158.37	RMSE: 212.81
Epoch 151	LOSS: 566.14	MAE: 158.50	RMSE: 212.69
Epoch 152	LOSS: 581.30	MAE: 157.96	RMSE: 212.38
Epoch 153	LOSS: 581.96	MAE: 158.15	RMSE: 212.34
Epoch 154	LOSS: 581.84	MAE: 157.81	RMSE: 212.10
Epoch 155	LOSS: 580.17	MAE: 157.67	RMSE: 211.92
Epoch 156	LOSS: 584.26	MAE: 157.47	RMSE: 211.75
Epoch 157	LOSS: 574.13	MAE: 157.37	RMSE: 211.54
Epoch 158	LOSS: 577.95	MAE: 157.18	RMSE: 211.43
Epoch 159	LOSS: 571.24	MAE: 157.09	RMSE: 211.16
Epoch 160	LOSS: 575.29	MAE: 156.80	RMSE: 211.06
Epoch 161	LOSS: 573.07	MAE: 156.81	RMSE: 210.87
Epoch 162	LOSS: 562.96	MAE: 156.63	RMSE: 210.73
Epoch 163	LOSS: 570.01	MAE: 156.41	RMSE: 210.45
Epoch 164	LOSS: 571.69	MAE: 156.19	RMSE: 210.35
Epoch 165	LOSS: 579.53	MAE: 156.19	RMSE: 210.07
Epoch 166	LOSS: 575.03	MAE: 155.76	RMSE: 209.90
Epoch 167	LOSS: 578.64	MAE: 156.08	RMSE: 209.84
Epoch 168	LOSS: 579.66	MAE: 155.44	RMSE: 209.51
Epoch 169	LOSS: 570.42	MAE: 155.70	RMSE: 209.39
Epoch 170	LOSS: 557.15	MAE: 155.19	RMSE: 209.17
Epoch 171	LOSS: 573.06	MAE: 155.15	RMSE: 208.94
Epoch 172	LOSS: 566.09	MAE: 155.10	RMSE: 208.92
Epoch 173	LOSS: 563.65	MAE: 154.78	RMSE: 208.61
Epoch 174	LOSS: 572.62	MAE: 154.84	RMSE: 208.60
Epoch 175	LOSS: 567.74	MAE: 154.46	RMSE: 208.31
Epoch 176	LOSS: 560.19	MAE: 154.56	RMSE: 208.14
Epoch 177	LOSS: 577.53	MAE: 154.25	RMSE: 208.00
Epoch 178	LOSS: 564.84	MAE: 154.11	RMSE: 207.73
Epoch 179	LOSS: 567.26	MAE: 154.12	RMSE: 207.67
Epoch 180	LOSS: 574.25	MAE: 153.85	RMSE: 207.51
Epoch 181	LOSS: 564.26	MAE: 153.93	RMSE: 207.37
Epoch 182	LOSS: 570.38	MAE: 153.63	RMSE: 207.16
Epoch 183	LOSS: 561.20	MAE: 153.46	RMSE: 206.93
Epoch 184	LOSS: 569.38	MAE: 153.47	RMSE: 206.86
Epoch 185	LOSS: 570.37	MAE: 153.15	RMSE: 206.55
Epoch 186	LOSS: 567.71	MAE: 153.08	RMSE: 206.59
Epoch 187	LOSS: 567.42	MAE: 153.25	RMSE: 206.31
Epoch 188	LOSS: 568.65	MAE: 152.63	RMSE: 206.18
Epoch 189	LOSS: 564.89	MAE: 152.79	RMSE: 205.94
Epoch 190	LOSS: 564.60	MAE: 152.27	RMSE: 205.76
Epoch 191	LOSS: 560.92	MAE: 152.22	RMSE: 205.56
Epoch 192	LOSS: 559.66	MAE: 152.21	RMSE: 205.48
Epoch 193	LOSS: 561.65	MAE: 152.16	RMSE: 205.27
Epoch 194	LOSS: 572.71	MAE: 151.89	RMSE: 205.18
Epoch 195	LOSS: 559.96	MAE: 151.81	RMSE: 204.96
Epoch 196	LOSS: 565.56	MAE: 151.63	RMSE: 204.91
Epoch 197	LOSS: 561.16	MAE: 151.36	RMSE: 204.59
Epoch 198	LOSS: 557.21	MAE: 151.35	RMSE: 204.52
Epoch 199	LOSS: 567.36	MAE: 151.09	RMSE: 204.27
Epoch 200	LOSS: 562.49	MAE: 151.19	RMSE: 204.21
Epoch 201	LOSS: 557.85	MAE: 150.84	RMSE: 203.97
Epoch 202	LOSS: 560.33	MAE: 150.73	RMSE: 203.83
Epoch 203	LOSS: 565.62	MAE: 150.63	RMSE: 203.66
Epoch 204	LOSS: 559.26	MAE: 150.35	RMSE: 203.49
Epoch 205	LOSS: 559.51	MAE: 150.61	RMSE: 203.48
Epoch 206	LOSS: 563.89	MAE: 150.04	RMSE: 203.12
Epoch 207	LOSS: 553.52	MAE: 150.37	RMSE: 203.12
Epoch 208	LOSS: 565.53	MAE: 149.83	RMSE: 202.85
Epoch 209	LOSS: 565.72	MAE: 150.10	RMSE: 202.77
Epoch 210	LOSS: 563.99	MAE: 149.49	RMSE: 202.47
Epoch 211	LOSS: 553.62	MAE: 149.64	RMSE: 202.45
Epoch 212	LOSS: 560.67	MAE: 149.25	RMSE: 202.13
Epoch 213	LOSS: 552.08	MAE: 149.41	RMSE: 202.15
Epoch 214	LOSS: 558.43	MAE: 149.45	RMSE: 202.13
Epoch 215	LOSS: 554.50	MAE: 149.01	RMSE: 201.73
Epoch 216	LOSS: 558.34	MAE: 149.34	RMSE: 201.80
Epoch 217	LOSS: 570.28	MAE: 148.88	RMSE: 201.52
Epoch 218	LOSS: 562.94	MAE: 149.19	RMSE: 201.49
Epoch 219	LOSS: 559.98	MAE: 148.78	RMSE: 201.32
Epoch 220	LOSS: 551.57	MAE: 148.67	RMSE: 201.01
Epoch 221	LOSS: 560.41	MAE: 148.49	RMSE: 201.00
Epoch 222	LOSS: 573.17	MAE: 148.68	RMSE: 200.96
Epoch 223	LOSS: 557.77	MAE: 148.12	RMSE: 200.64
Epoch 224	LOSS: 554.99	MAE: 148.57	RMSE: 200.79
Epoch 225	LOSS: 552.39	MAE: 147.85	RMSE: 200.36
Epoch 226	LOSS: 546.02	MAE: 148.57	RMSE: 200.54
Epoch 227	LOSS: 561.44	MAE: 147.59	RMSE: 200.16
Epoch 228	LOSS: 555.20	MAE: 147.93	RMSE: 200.06
Epoch 229	LOSS: 560.24	MAE: 147.32	RMSE: 199.85
Epoch 230	LOSS: 555.89	MAE: 147.89	RMSE: 199.90
Epoch 231	LOSS: 558.73	MAE: 147.44	RMSE: 199.65
Epoch 232	LOSS: 548.05	MAE: 147.61	RMSE: 199.61
Epoch 233	LOSS: 552.74	MAE: 147.25	RMSE: 199.32
Epoch 234	LOSS: 554.63	MAE: 146.73	RMSE: 199.15
Epoch 235	LOSS: 551.72	MAE: 147.26	RMSE: 199.07
Epoch 236	LOSS: 550.48	MAE: 146.32	RMSE: 198.76
Epoch 237	LOSS: 555.79	MAE: 147.01	RMSE: 198.83
Epoch 238	LOSS: 562.44	MAE: 145.98	RMSE: 198.33
Epoch 239	LOSS: 542.08	MAE: 146.68	RMSE: 198.59
Epoch 240	LOSS: 561.98	MAE: 146.15	RMSE: 198.14
Epoch 241	LOSS: 549.05	MAE: 146.01	RMSE: 198.24
Epoch 242	LOSS: 537.16	MAE: 146.52	RMSE: 198.09
Epoch 243	LOSS: 547.76	MAE: 145.71	RMSE: 197.93
Epoch 244	LOSS: 560.21	MAE: 145.79	RMSE: 197.65
Epoch 245	LOSS: 550.33	MAE: 145.56	RMSE: 197.63
Epoch 246	LOSS: 542.61	MAE: 145.40	RMSE: 197.35
Epoch 247	LOSS: 549.48	MAE: 145.57	RMSE: 197.49
Epoch 248	LOSS: 548.16	MAE: 145.50	RMSE: 197.28
Epoch 249	LOSS: 553.54	MAE: 145.06	RMSE: 197.09
Epoch 250	LOSS: 553.41	MAE: 145.34	RMSE: 197.09
Epoch 251	LOSS: 559.07	MAE: 144.78	RMSE: 196.78
Epoch 252	LOSS: 538.22	MAE: 145.12	RMSE: 196.79
Epoch 253	LOSS: 536.60	MAE: 144.80	RMSE: 196.70
Epoch 254	LOSS: 554.48	MAE: 144.60	RMSE: 196.45
Epoch 255	LOSS: 538.61	MAE: 144.56	RMSE: 196.34
Epoch 256	LOSS: 541.26	MAE: 144.41	RMSE: 196.27
Epoch 257	LOSS: 551.82	MAE: 144.43	RMSE: 196.10
Epoch 258	LOSS: 546.42	MAE: 144.32	RMSE: 195.98
Epoch 259	LOSS: 557.16	MAE: 144.14	RMSE: 195.74
Epoch 260	LOSS: 551.20	MAE: 144.10	RMSE: 195.75
Epoch 261	LOSS: 545.15	MAE: 143.81	RMSE: 195.46
Epoch 262	LOSS: 540.97	MAE: 143.96	RMSE: 195.53
Epoch 263	LOSS: 537.61	MAE: 143.67	RMSE: 195.26
Epoch 264	LOSS: 547.43	MAE: 143.69	RMSE: 195.22
Epoch 265	LOSS: 548.90	MAE: 143.64	RMSE: 195.09
Epoch 266	LOSS: 546.08	MAE: 143.46	RMSE: 194.89
Epoch 267	LOSS: 542.44	MAE: 143.25	RMSE: 194.68
Epoch 268	LOSS: 549.64	MAE: 143.43	RMSE: 194.79
Epoch 269	LOSS: 552.64	MAE: 143.02	RMSE: 194.49
Epoch 270	LOSS: 550.46	MAE: 143.12	RMSE: 194.43
Epoch 271	LOSS: 534.64	MAE: 142.87	RMSE: 194.29
Epoch 272	LOSS: 531.13	MAE: 142.83	RMSE: 194.10
Epoch 273	LOSS: 543.40	MAE: 142.66	RMSE: 194.02
Epoch 274	LOSS: 542.22	MAE: 142.84	RMSE: 193.99
Epoch 275	LOSS: 540.56	MAE: 142.34	RMSE: 193.72
Epoch 276	LOSS: 538.92	MAE: 142.56	RMSE: 193.71
Epoch 277	LOSS: 543.44	MAE: 142.25	RMSE: 193.51
Epoch 278	LOSS: 540.26	MAE: 142.33	RMSE: 193.42
Epoch 279	LOSS: 549.36	MAE: 141.98	RMSE: 193.16
Epoch 280	LOSS: 541.38	MAE: 142.21	RMSE: 193.23
Epoch 281	LOSS: 552.76	MAE: 141.78	RMSE: 192.92
Epoch 282	LOSS: 548.37	MAE: 142.17	RMSE: 193.03
Epoch 283	LOSS: 541.79	MAE: 141.59	RMSE: 192.63
Epoch 284	LOSS: 538.53	MAE: 141.84	RMSE: 192.70
Epoch 285	LOSS: 535.97	MAE: 141.24	RMSE: 192.32
Epoch 286	LOSS: 539.25	MAE: 141.93	RMSE: 192.61
Epoch 287	LOSS: 534.93	MAE: 141.01	RMSE: 192.06
Epoch 288	LOSS: 525.91	MAE: 141.37	RMSE: 192.17
Epoch 289	LOSS: 537.05	MAE: 141.18	RMSE: 192.11
Epoch 290	LOSS: 543.36	MAE: 141.03	RMSE: 191.79
Epoch 291	LOSS: 543.75	MAE: 140.83	RMSE: 191.72
Epoch 292	LOSS: 530.72	MAE: 141.06	RMSE: 191.71
Epoch 293	LOSS: 523.68	MAE: 140.55	RMSE: 191.39
Epoch 294	LOSS: 537.63	MAE: 140.79	RMSE: 191.39
Epoch 295	LOSS: 541.38	MAE: 140.48	RMSE: 191.17
Epoch 296	LOSS: 532.29	MAE: 140.75	RMSE: 191.28
Epoch 297	LOSS: 526.98	MAE: 140.33	RMSE: 190.98
Epoch 298	LOSS: 529.48	MAE: 140.51	RMSE: 191.00
Epoch 299	LOSS: 533.65	MAE: 140.33	RMSE: 190.91
Epoch 300	LOSS: 539.45	MAE: 140.16	RMSE: 190.72
Epoch 301	LOSS: 540.90	MAE: 140.00	RMSE: 190.55
Epoch 302	LOSS: 522.68	MAE: 139.98	RMSE: 190.58
Epoch 303	LOSS: 538.68	MAE: 140.09	RMSE: 190.41
Epoch 304	LOSS: 537.47	MAE: 139.80	RMSE: 190.30
Epoch 305	LOSS: 530.75	MAE: 139.92	RMSE: 190.18
Epoch 306	LOSS: 540.04	MAE: 139.58	RMSE: 190.01
Epoch 307	LOSS: 541.05	MAE: 139.63	RMSE: 190.04
Epoch 308	LOSS: 541.14	MAE: 139.56	RMSE: 189.85
Epoch 309	LOSS: 540.62	MAE: 139.29	RMSE: 189.72
Epoch 310	LOSS: 530.53	MAE: 139.40	RMSE: 189.63
Epoch 311	LOSS: 537.14	MAE: 139.07	RMSE: 189.47
Epoch 312	LOSS: 538.44	MAE: 139.05	RMSE: 189.31
Epoch 313	LOSS: 535.42	MAE: 139.16	RMSE: 189.23
Epoch 314	LOSS: 536.16	MAE: 138.91	RMSE: 189.11
Epoch 315	LOSS: 525.45	MAE: 139.21	RMSE: 189.14
Epoch 316	LOSS: 534.72	MAE: 138.78	RMSE: 188.85
Epoch 317	LOSS: 534.96	MAE: 139.02	RMSE: 188.92
Epoch 318	LOSS: 532.65	MAE: 138.69	RMSE: 188.73
Epoch 319	LOSS: 535.70	MAE: 138.56	RMSE: 188.58
Epoch 320	LOSS: 525.10	MAE: 138.61	RMSE: 188.59
Epoch 321	LOSS: 529.82	MAE: 138.38	RMSE: 188.27
Epoch 322	LOSS: 533.53	MAE: 138.39	RMSE: 188.37
Epoch 323	LOSS: 527.64	MAE: 138.21	RMSE: 188.08
Epoch 324	LOSS: 526.99	MAE: 138.09	RMSE: 188.03
Epoch 325	LOSS: 523.26	MAE: 138.25	RMSE: 188.04
Epoch 326	LOSS: 536.32	MAE: 137.79	RMSE: 187.68
Epoch 327	LOSS: 534.25	MAE: 138.03	RMSE: 187.79
Epoch 328	LOSS: 526.68	MAE: 137.63	RMSE: 187.62
Epoch 329	LOSS: 532.45	MAE: 137.86	RMSE: 187.49
Epoch 330	LOSS: 532.24	MAE: 137.63	RMSE: 187.43
Epoch 331	LOSS: 524.19	MAE: 137.65	RMSE: 187.23
Epoch 332	LOSS: 521.42	MAE: 137.43	RMSE: 187.13
Epoch 333	LOSS: 538.62	MAE: 137.48	RMSE: 187.05
Epoch 334	LOSS: 538.39	MAE: 137.13	RMSE: 186.83
Epoch 335	LOSS: 531.88	MAE: 137.24	RMSE: 186.86
Epoch 336	LOSS: 530.35	MAE: 136.77	RMSE: 186.50
Epoch 337	LOSS: 527.40	MAE: 137.39	RMSE: 186.73
Epoch 338	LOSS: 522.53	MAE: 136.54	RMSE: 186.28
Epoch 339	LOSS: 524.80	MAE: 137.04	RMSE: 186.37
Epoch 340	LOSS: 531.13	MAE: 136.53	RMSE: 186.13
Epoch 341	LOSS: 532.08	MAE: 136.96	RMSE: 186.25
Epoch 342	LOSS: 527.60	MAE: 136.34	RMSE: 185.89
Epoch 343	LOSS: 526.40	MAE: 136.58	RMSE: 185.88
Epoch 344	LOSS: 525.32	MAE: 136.08	RMSE: 185.47
Epoch 345	LOSS: 530.69	MAE: 136.47	RMSE: 185.59
Epoch 346	LOSS: 526.89	MAE: 136.12	RMSE: 185.44
Epoch 347	LOSS: 524.74	MAE: 135.97	RMSE: 185.18
Epoch 348	LOSS: 520.52	MAE: 136.26	RMSE: 185.41
Epoch 349	LOSS: 528.79	MAE: 135.91	RMSE: 185.03
Epoch 350	LOSS: 519.34	MAE: 135.80	RMSE: 184.98
Epoch 351	LOSS: 526.05	MAE: 135.67	RMSE: 184.72
Epoch 352	LOSS: 532.73	MAE: 135.54	RMSE: 184.64
Epoch 353	LOSS: 533.76	MAE: 135.20	RMSE: 184.25
Epoch 354	LOSS: 527.66	MAE: 135.46	RMSE: 184.48
Epoch 355	LOSS: 526.18	MAE: 135.54	RMSE: 184.29
Epoch 356	LOSS: 528.15	MAE: 135.04	RMSE: 184.00
Epoch 357	LOSS: 519.42	MAE: 135.30	RMSE: 183.97
Epoch 358	LOSS: 518.21	MAE: 134.86	RMSE: 183.81
Epoch 359	LOSS: 528.55	MAE: 135.25	RMSE: 183.76
Epoch 360	LOSS: 517.98	MAE: 134.98	RMSE: 183.62
Epoch 361	LOSS: 518.24	MAE: 134.68	RMSE: 183.36
Epoch 362	LOSS: 517.59	MAE: 134.93	RMSE: 183.44
Epoch 363	LOSS: 507.32	MAE: 134.48	RMSE: 183.11
Epoch 364	LOSS: 519.51	MAE: 134.86	RMSE: 183.43
Epoch 365	LOSS: 518.18	MAE: 134.55	RMSE: 182.97
Epoch 366	LOSS: 520.10	MAE: 134.23	RMSE: 182.93
Epoch 367	LOSS: 521.59	MAE: 134.25	RMSE: 182.74
Epoch 368	LOSS: 530.86	MAE: 134.00	RMSE: 182.72
Epoch 369	LOSS: 515.61	MAE: 134.36	RMSE: 182.60
Epoch 370	LOSS: 524.76	MAE: 133.85	RMSE: 182.47
Epoch 371	LOSS: 518.34	MAE: 134.30	RMSE: 182.47
Epoch 372	LOSS: 524.77	MAE: 133.54	RMSE: 182.02
Epoch 373	LOSS: 523.62	MAE: 134.05	RMSE: 182.24
Epoch 374	LOSS: 512.46	MAE: 133.42	RMSE: 181.91
Epoch 375	LOSS: 522.08	MAE: 133.81	RMSE: 182.10
Epoch 376	LOSS: 517.08	MAE: 133.46	RMSE: 181.82
Epoch 377	LOSS: 517.98	MAE: 133.67	RMSE: 181.96
Epoch 378	LOSS: 516.12	MAE: 133.33	RMSE: 181.55
Epoch 379	LOSS: 522.42	MAE: 133.39	RMSE: 181.46
Epoch 380	LOSS: 517.28	MAE: 132.99	RMSE: 181.42
Epoch 381	LOSS: 504.74	MAE: 133.41	RMSE: 181.30
Epoch 382	LOSS: 508.49	MAE: 132.74	RMSE: 181.18
Epoch 383	LOSS: 512.47	MAE: 133.28	RMSE: 181.11
Epoch 384	LOSS: 518.94	MAE: 132.69	RMSE: 181.01
Epoch 385	LOSS: 520.93	MAE: 132.94	RMSE: 180.81
Epoch 386	LOSS: 518.73	MAE: 132.81	RMSE: 180.96
Epoch 387	LOSS: 508.91	MAE: 132.38	RMSE: 180.50
Epoch 388	LOSS: 517.33	MAE: 132.56	RMSE: 180.61
Epoch 389	LOSS: 519.69	MAE: 132.39	RMSE: 180.52
Epoch 390	LOSS: 509.95	MAE: 132.52	RMSE: 180.39
Epoch 391	LOSS: 508.54	MAE: 132.25	RMSE: 180.31
Epoch 392	LOSS: 519.40	MAE: 132.15	RMSE: 180.08
Epoch 393	LOSS: 512.75	MAE: 132.18	RMSE: 180.06
Epoch 394	LOSS: 512.20	MAE: 131.96	RMSE: 179.82
Epoch 395	LOSS: 513.60	MAE: 131.91	RMSE: 179.82
Epoch 396	LOSS: 522.86	MAE: 131.86	RMSE: 179.58
Epoch 397	LOSS: 514.05	MAE: 131.60	RMSE: 179.47
Epoch 398	LOSS: 511.17	MAE: 131.98	RMSE: 179.58
Epoch 399	LOSS: 513.61	MAE: 131.69	RMSE: 179.47
Epoch 400	LOSS: 510.70	MAE: 131.52	RMSE: 179.23
Epoch 401	LOSS: 512.65	MAE: 131.48	RMSE: 179.17
Epoch 402	LOSS: 512.32	MAE: 131.69	RMSE: 179.13
Epoch 403	LOSS: 511.92	MAE: 131.02	RMSE: 178.75
Epoch 404	LOSS: 521.82	MAE: 131.50	RMSE: 178.80
Epoch 405	LOSS: 518.21	MAE: 131.17	RMSE: 178.75
Epoch 406	LOSS: 511.40	MAE: 131.09	RMSE: 178.60
Epoch 407	LOSS: 505.27	MAE: 130.91	RMSE: 178.54
Epoch 408	LOSS: 513.64	MAE: 130.79	RMSE: 178.20
Epoch 409	LOSS: 507.60	MAE: 130.84	RMSE: 178.35
Epoch 410	LOSS: 505.27	MAE: 130.50	RMSE: 177.85
Epoch 411	LOSS: 502.89	MAE: 130.68	RMSE: 178.05
Epoch 412	LOSS: 512.45	MAE: 130.71	RMSE: 177.97
Epoch 413	LOSS: 508.06	MAE: 130.28	RMSE: 177.66
Epoch 414	LOSS: 512.55	MAE: 130.73	RMSE: 177.86
Epoch 415	LOSS: 504.44	MAE: 130.14	RMSE: 177.42
Epoch 416	LOSS: 502.60	MAE: 130.63	RMSE: 177.65
Epoch 417	LOSS: 503.56	MAE: 130.03	RMSE: 177.32
Epoch 418	LOSS: 505.92	MAE: 130.04	RMSE: 177.07
Epoch 419	LOSS: 501.04	MAE: 130.05	RMSE: 177.14
Epoch 420	LOSS: 510.07	MAE: 129.70	RMSE: 176.84
Epoch 421	LOSS: 506.79	MAE: 130.17	RMSE: 176.96
Epoch 422	LOSS: 508.66	MAE: 129.66	RMSE: 176.79
Epoch 423	LOSS: 510.41	MAE: 130.48	RMSE: 176.93
Epoch 424	LOSS: 503.39	MAE: 129.60	RMSE: 176.52
Epoch 425	LOSS: 513.27	MAE: 130.75	RMSE: 177.07
Epoch 426	LOSS: 504.04	MAE: 129.25	RMSE: 176.20
Epoch 427	LOSS: 507.67	MAE: 129.84	RMSE: 176.48
Epoch 428	LOSS: 506.72	MAE: 129.25	RMSE: 176.08
Epoch 429	LOSS: 495.09	MAE: 130.05	RMSE: 176.42
Epoch 430	LOSS: 506.56	MAE: 129.07	RMSE: 175.85
Epoch 431	LOSS: 493.75	MAE: 129.66	RMSE: 176.05
Epoch 432	LOSS: 503.07	MAE: 128.70	RMSE: 175.57
Epoch 433	LOSS: 502.59	MAE: 129.34	RMSE: 175.85
Epoch 434	LOSS: 503.04	MAE: 128.55	RMSE: 175.28
Epoch 435	LOSS: 507.82	MAE: 128.71	RMSE: 175.33
Epoch 436	LOSS: 505.01	MAE: 128.47	RMSE: 175.25
Epoch 437	LOSS: 492.15	MAE: 128.65	RMSE: 175.18
Epoch 438	LOSS: 507.88	MAE: 128.57	RMSE: 175.26
Epoch 439	LOSS: 492.83	MAE: 128.42	RMSE: 174.91
Epoch 440	LOSS: 500.85	MAE: 128.29	RMSE: 174.93
Epoch 441	LOSS: 497.41	MAE: 128.41	RMSE: 174.73
Epoch 442	LOSS: 502.51	MAE: 128.11	RMSE: 174.63
Epoch 443	LOSS: 495.63	MAE: 128.21	RMSE: 174.57
Epoch 444	LOSS: 499.39	MAE: 128.15	RMSE: 174.44
Epoch 445	LOSS: 501.72	MAE: 127.80	RMSE: 174.21
Epoch 446	LOSS: 493.36	MAE: 127.89	RMSE: 174.19
Epoch 447	LOSS: 490.28	MAE: 127.87	RMSE: 173.98
Epoch 448	LOSS: 499.67	MAE: 127.68	RMSE: 174.02
Epoch 449	LOSS: 500.19	MAE: 127.89	RMSE: 173.97
Epoch 450	LOSS: 503.09	MAE: 127.50	RMSE: 173.67
Epoch 451	LOSS: 501.55	MAE: 127.61	RMSE: 173.71
Epoch 452	LOSS: 495.91	MAE: 127.54	RMSE: 173.66
Epoch 453	LOSS: 497.73	MAE: 127.20	RMSE: 173.29
Epoch 454	LOSS: 494.84	MAE: 127.44	RMSE: 173.57
Epoch 455	LOSS: 491.42	MAE: 126.99	RMSE: 173.04
Epoch 456	LOSS: 491.34	MAE: 127.27	RMSE: 173.35
Epoch 457	LOSS: 495.79	MAE: 126.79	RMSE: 172.86
Epoch 458	LOSS: 496.86	MAE: 127.15	RMSE: 173.02
Epoch 459	LOSS: 495.00	MAE: 126.75	RMSE: 172.69
Epoch 460	LOSS: 498.72	MAE: 127.06	RMSE: 172.91
Epoch 461	LOSS: 485.48	MAE: 126.70	RMSE: 172.43
Epoch 462	LOSS: 509.23	MAE: 127.09	RMSE: 172.85
Epoch 463	LOSS: 497.15	MAE: 126.45	RMSE: 172.08
Epoch 464	LOSS: 488.63	MAE: 127.12	RMSE: 172.68
Epoch 465	LOSS: 490.93	MAE: 126.49	RMSE: 172.15
Epoch 466	LOSS: 496.87	MAE: 126.47	RMSE: 172.22
Epoch 467	LOSS: 493.04	MAE: 126.65	RMSE: 171.97
Epoch 468	LOSS: 497.86	MAE: 125.92	RMSE: 171.69
Epoch 469	LOSS: 485.46	MAE: 126.17	RMSE: 171.82
Epoch 470	LOSS: 500.01	MAE: 126.44	RMSE: 171.76
Epoch 471	LOSS: 494.41	MAE: 126.09	RMSE: 171.73
Epoch 472	LOSS: 501.82	MAE: 126.38	RMSE: 171.71
Epoch 473	LOSS: 488.85	MAE: 125.89	RMSE: 171.48
Epoch 474	LOSS: 488.03	MAE: 126.12	RMSE: 171.40
Epoch 475	LOSS: 486.62	MAE: 125.67	RMSE: 171.25
Epoch 476	LOSS: 484.96	MAE: 126.09	RMSE: 171.17
Epoch 477	LOSS: 493.53	MAE: 125.62	RMSE: 171.13
Epoch 478	LOSS: 488.74	MAE: 125.57	RMSE: 170.96
Epoch 479	LOSS: 489.25	MAE: 125.74	RMSE: 171.04
Epoch 480	LOSS: 478.47	MAE: 125.49	RMSE: 170.77
Epoch 481	LOSS: 493.12	MAE: 124.98	RMSE: 170.47
Epoch 482	LOSS: 483.13	MAE: 125.44	RMSE: 170.56
Epoch 483	LOSS: 488.44	MAE: 125.32	RMSE: 170.46
Epoch 484	LOSS: 491.84	MAE: 124.94	RMSE: 170.25
Epoch 485	LOSS: 479.54	MAE: 125.04	RMSE: 170.24
Epoch 486	LOSS: 488.52	MAE: 125.04	RMSE: 170.13
Epoch 487	LOSS: 485.54	MAE: 124.77	RMSE: 169.99
Epoch 488	LOSS: 486.85	MAE: 125.03	RMSE: 170.05
Epoch 489	LOSS: 494.08	MAE: 124.64	RMSE: 169.79
Epoch 490	LOSS: 502.54	MAE: 124.51	RMSE: 169.52
Epoch 491	LOSS: 488.15	MAE: 124.48	RMSE: 169.61
Epoch 492	LOSS: 488.99	MAE: 124.52	RMSE: 169.51
Epoch 493	LOSS: 488.06	MAE: 124.50	RMSE: 169.43
Epoch 494	LOSS: 484.41	MAE: 124.17	RMSE: 169.26
Epoch 495	LOSS: 491.04	MAE: 124.36	RMSE: 169.17
Epoch 496	LOSS: 486.56	MAE: 124.08	RMSE: 169.03
Epoch 497	LOSS: 481.84	MAE: 124.08	RMSE: 169.01
Epoch 498	LOSS: 476.26	MAE: 124.29	RMSE: 169.17
Epoch 499	LOSS: 489.32	MAE: 123.86	RMSE: 168.71
