Epoch 000	LOSS: 291.55	MAE: 54.65	RMSE: 68.79
Epoch 001	LOSS: 260.75	MAE: 52.00	RMSE: 66.16
Epoch 002	LOSS: 247.15	MAE: 50.25	RMSE: 64.50
Epoch 003	LOSS: 234.55	MAE: 49.50	RMSE: 63.84
Epoch 004	LOSS: 227.34	MAE: 48.75	RMSE: 62.98
Epoch 005	LOSS: 220.95	MAE: 48.25	RMSE: 62.32
Epoch 006	LOSS: 215.82	MAE: 47.96	RMSE: 61.77
Epoch 007	LOSS: 210.70	MAE: 47.43	RMSE: 61.07
Epoch 008	LOSS: 207.40	MAE: 46.93	RMSE: 60.34
Epoch 009	LOSS: 202.99	MAE: 46.96	RMSE: 60.14
Epoch 010	LOSS: 199.50	MAE: 46.39	RMSE: 59.38
Epoch 011	LOSS: 196.87	MAE: 45.91	RMSE: 58.72
Epoch 012	LOSS: 195.24	MAE: 45.61	RMSE: 58.20
Epoch 013	LOSS: 191.60	MAE: 45.39	RMSE: 57.79
Epoch 014	LOSS: 189.87	MAE: 44.85	RMSE: 57.06
Epoch 015	LOSS: 188.75	MAE: 44.53	RMSE: 56.57
Epoch 016	LOSS: 186.07	MAE: 44.47	RMSE: 56.34
Epoch 017	LOSS: 184.63	MAE: 44.12	RMSE: 55.82
Epoch 018	LOSS: 181.83	MAE: 43.55	RMSE: 55.13
Epoch 019	LOSS: 181.14	MAE: 43.03	RMSE: 54.45
Epoch 020	LOSS: 178.65	MAE: 43.09	RMSE: 54.37
Epoch 021	LOSS: 178.58	MAE: 42.47	RMSE: 53.66
Epoch 022	LOSS: 175.94	MAE: 42.23	RMSE: 53.27
Epoch 023	LOSS: 174.47	MAE: 41.93	RMSE: 52.87
Epoch 024	LOSS: 173.80	MAE: 41.70	RMSE: 52.56
Epoch 025	LOSS: 171.52	MAE: 41.50	RMSE: 52.26
Epoch 026	LOSS: 169.95	MAE: 41.04	RMSE: 51.71
Epoch 027	LOSS: 168.62	MAE: 40.96	RMSE: 51.57
Epoch 028	LOSS: 168.11	MAE: 40.20	RMSE: 50.68
Epoch 029	LOSS: 167.50	MAE: 39.98	RMSE: 50.31
Epoch 030	LOSS: 164.72	MAE: 39.70	RMSE: 50.04
Epoch 031	LOSS: 164.94	MAE: 39.29	RMSE: 49.51
Epoch 032	LOSS: 163.64	MAE: 38.88	RMSE: 49.04
Epoch 033	LOSS: 161.74	MAE: 38.78	RMSE: 48.89
Epoch 034	LOSS: 161.53	MAE: 38.18	RMSE: 48.15
Epoch 035	LOSS: 159.95	MAE: 37.95	RMSE: 47.86
Epoch 036	LOSS: 158.39	MAE: 37.86	RMSE: 47.74
Epoch 037	LOSS: 156.96	MAE: 37.64	RMSE: 47.45
Epoch 038	LOSS: 157.30	MAE: 37.10	RMSE: 46.76
Epoch 039	LOSS: 155.38	MAE: 37.10	RMSE: 46.75
Epoch 040	LOSS: 154.35	MAE: 36.35	RMSE: 45.92
Epoch 041	LOSS: 152.92	MAE: 36.35	RMSE: 45.87
Epoch 042	LOSS: 151.79	MAE: 36.06	RMSE: 45.54
Epoch 043	LOSS: 150.72	MAE: 35.99	RMSE: 45.37
Epoch 044	LOSS: 150.09	MAE: 35.60	RMSE: 44.89
Epoch 045	LOSS: 148.88	MAE: 35.34	RMSE: 44.62
Epoch 046	LOSS: 147.72	MAE: 35.06	RMSE: 44.32
Epoch 047	LOSS: 147.26	MAE: 34.39	RMSE: 43.51
Epoch 048	LOSS: 145.75	MAE: 34.33	RMSE: 43.42
Epoch 049	LOSS: 143.78	MAE: 34.51	RMSE: 43.61
Epoch 050	LOSS: 143.38	MAE: 34.06	RMSE: 43.07
Epoch 051	LOSS: 142.15	MAE: 33.86	RMSE: 42.77
Epoch 052	LOSS: 141.01	MAE: 33.75	RMSE: 42.56
Epoch 053	LOSS: 141.21	MAE: 33.57	RMSE: 42.37
Epoch 054	LOSS: 140.06	MAE: 33.10	RMSE: 41.86
Epoch 055	LOSS: 138.61	MAE: 32.83	RMSE: 41.46
Epoch 056	LOSS: 137.59	MAE: 32.84	RMSE: 41.46
Epoch 057	LOSS: 136.61	MAE: 32.50	RMSE: 41.00
Epoch 058	LOSS: 135.81	MAE: 32.06	RMSE: 40.51
Epoch 059	LOSS: 134.45	MAE: 31.89	RMSE: 40.29
Epoch 060	LOSS: 133.55	MAE: 31.72	RMSE: 40.13
Epoch 061	LOSS: 133.42	MAE: 31.25	RMSE: 39.54
Epoch 062	LOSS: 130.92	MAE: 31.06	RMSE: 39.32
Epoch 063	LOSS: 130.59	MAE: 30.68	RMSE: 38.99
Epoch 064	LOSS: 129.42	MAE: 30.80	RMSE: 39.07
Epoch 065	LOSS: 128.66	MAE: 30.42	RMSE: 38.57
Epoch 066	LOSS: 127.88	MAE: 30.36	RMSE: 38.53
Epoch 067	LOSS: 127.36	MAE: 30.07	RMSE: 38.13
Epoch 068	LOSS: 125.41	MAE: 29.91	RMSE: 37.87
Epoch 069	LOSS: 125.23	MAE: 29.46	RMSE: 37.40
Epoch 070	LOSS: 123.98	MAE: 29.41	RMSE: 37.33
Epoch 071	LOSS: 123.19	MAE: 29.11	RMSE: 36.92
Epoch 072	LOSS: 122.14	MAE: 29.19	RMSE: 37.10
Epoch 073	LOSS: 121.12	MAE: 28.83	RMSE: 36.65
Epoch 074	LOSS: 120.29	MAE: 28.14	RMSE: 35.89
Epoch 075	LOSS: 119.21	MAE: 27.93	RMSE: 35.69
Epoch 076	LOSS: 117.90	MAE: 27.90	RMSE: 35.66
Epoch 077	LOSS: 116.66	MAE: 27.87	RMSE: 35.61
Epoch 078	LOSS: 115.89	MAE: 27.60	RMSE: 35.30
Epoch 079	LOSS: 115.03	MAE: 27.33	RMSE: 35.01
Epoch 080	LOSS: 114.19	MAE: 27.11	RMSE: 34.81
Epoch 081	LOSS: 113.34	MAE: 26.98	RMSE: 34.57
Epoch 082	LOSS: 112.43	MAE: 26.84	RMSE: 34.52
Epoch 083	LOSS: 111.24	MAE: 26.72	RMSE: 34.32
Epoch 084	LOSS: 110.29	MAE: 26.25	RMSE: 33.83
Epoch 085	LOSS: 109.97	MAE: 26.24	RMSE: 33.77
Epoch 086	LOSS: 108.89	MAE: 25.94	RMSE: 33.47
Epoch 087	LOSS: 107.75	MAE: 25.40	RMSE: 32.83
Epoch 088	LOSS: 106.51	MAE: 25.45	RMSE: 32.97
Epoch 089	LOSS: 105.74	MAE: 25.25	RMSE: 32.65
Epoch 090	LOSS: 104.91	MAE: 25.06	RMSE: 32.56
Epoch 091	LOSS: 104.08	MAE: 24.76	RMSE: 32.05
Epoch 092	LOSS: 102.90	MAE: 25.00	RMSE: 32.36
Epoch 093	LOSS: 101.84	MAE: 24.49	RMSE: 31.86
Epoch 094	LOSS: 101.17	MAE: 24.34	RMSE: 31.77
Epoch 095	LOSS: 99.96	MAE: 24.06	RMSE: 31.37
Epoch 096	LOSS: 99.04	MAE: 24.13	RMSE: 31.61
Epoch 097	LOSS: 98.83	MAE: 23.64	RMSE: 30.92
Epoch 098	LOSS: 97.40	MAE: 23.59	RMSE: 30.90
Epoch 099	LOSS: 96.08	MAE: 23.51	RMSE: 30.81
Epoch 100	LOSS: 95.13	MAE: 23.19	RMSE: 30.47
Epoch 101	LOSS: 94.84	MAE: 23.05	RMSE: 30.32
Epoch 102	LOSS: 93.73	MAE: 23.02	RMSE: 30.40
Epoch 103	LOSS: 93.17	MAE: 22.72	RMSE: 29.99
Epoch 104	LOSS: 92.05	MAE: 22.62	RMSE: 29.85
Epoch 105	LOSS: 91.29	MAE: 22.18	RMSE: 29.38
Epoch 106	LOSS: 90.29	MAE: 22.22	RMSE: 29.48
Epoch 107	LOSS: 89.15	MAE: 21.96	RMSE: 29.19
Epoch 108	LOSS: 88.45	MAE: 21.91	RMSE: 29.20
Epoch 109	LOSS: 87.44	MAE: 21.61	RMSE: 28.85
Epoch 110	LOSS: 87.01	MAE: 21.53	RMSE: 28.78
Epoch 111	LOSS: 86.34	MAE: 21.29	RMSE: 28.55
Epoch 112	LOSS: 85.24	MAE: 21.41	RMSE: 28.70
Epoch 113	LOSS: 85.02	MAE: 20.79	RMSE: 28.02
Epoch 114	LOSS: 83.48	MAE: 20.74	RMSE: 28.01
Epoch 115	LOSS: 83.36	MAE: 20.62	RMSE: 27.83
Epoch 116	LOSS: 82.67	MAE: 20.44	RMSE: 27.69
Epoch 117	LOSS: 81.85	MAE: 20.60	RMSE: 27.91
Epoch 118	LOSS: 81.43	MAE: 20.25	RMSE: 27.56
Epoch 119	LOSS: 80.68	MAE: 19.98	RMSE: 27.32
Epoch 120	LOSS: 80.32	MAE: 19.95	RMSE: 27.44
Epoch 121	LOSS: 79.47	MAE: 19.89	RMSE: 27.24
Epoch 122	LOSS: 78.59	MAE: 20.00	RMSE: 27.37
Epoch 123	LOSS: 78.06	MAE: 20.14	RMSE: 28.37
Epoch 124	LOSS: 77.25	MAE: 19.69	RMSE: 27.06
Epoch 125	LOSS: 76.14	MAE: 19.81	RMSE: 27.95
Epoch 126	LOSS: 76.13	MAE: 19.69	RMSE: 26.99
Epoch 127	LOSS: 75.05	MAE: 19.10	RMSE: 26.38
Epoch 128	LOSS: 74.74	MAE: 19.17	RMSE: 26.60
Epoch 129	LOSS: 74.02	MAE: 19.11	RMSE: 26.74
Epoch 130	LOSS: 73.32	MAE: 18.59	RMSE: 25.88
Epoch 131	LOSS: 72.92	MAE: 19.04	RMSE: 26.86
Epoch 132	LOSS: 72.06	MAE: 18.78	RMSE: 26.15
Epoch 133	LOSS: 71.48	MAE: 18.68	RMSE: 25.95
Epoch 134	LOSS: 70.93	MAE: 18.64	RMSE: 26.21
Epoch 135	LOSS: 70.03	MAE: 18.35	RMSE: 25.70
Epoch 136	LOSS: 69.53	MAE: 18.30	RMSE: 25.71
Epoch 137	LOSS: 69.08	MAE: 17.64	RMSE: 25.23
Epoch 138	LOSS: 69.14	MAE: 17.84	RMSE: 25.58
Epoch 139	LOSS: 68.42	MAE: 17.89	RMSE: 25.68
Epoch 140	LOSS: 67.80	MAE: 18.31	RMSE: 25.88
Epoch 141	LOSS: 67.21	MAE: 17.92	RMSE: 25.42
Epoch 142	LOSS: 66.45	MAE: 17.39	RMSE: 25.01
Epoch 143	LOSS: 66.38	MAE: 17.60	RMSE: 25.79
Epoch 144	LOSS: 66.09	MAE: 17.54	RMSE: 25.57
Epoch 145	LOSS: 65.73	MAE: 17.39	RMSE: 25.30
Epoch 146	LOSS: 64.98	MAE: 17.21	RMSE: 24.81
Epoch 147	LOSS: 64.44	MAE: 17.03	RMSE: 24.66
Epoch 148	LOSS: 64.03	MAE: 17.14	RMSE: 24.58
Epoch 149	LOSS: 63.59	MAE: 17.25	RMSE: 24.90
Epoch 150	LOSS: 63.63	MAE: 17.40	RMSE: 25.34
Epoch 151	LOSS: 62.99	MAE: 16.87	RMSE: 24.59
Epoch 152	LOSS: 62.08	MAE: 17.02	RMSE: 24.72
Epoch 153	LOSS: 62.15	MAE: 16.82	RMSE: 24.28
Epoch 154	LOSS: 61.35	MAE: 16.40	RMSE: 24.17
Epoch 155	LOSS: 61.55	MAE: 16.79	RMSE: 24.37
Epoch 156	LOSS: 60.86	MAE: 16.75	RMSE: 24.45
Epoch 157	LOSS: 60.44	MAE: 16.53	RMSE: 24.38
Epoch 158	LOSS: 60.49	MAE: 16.71	RMSE: 24.43
Epoch 159	LOSS: 60.36	MAE: 16.70	RMSE: 24.21
Epoch 160	LOSS: 59.79	MAE: 16.79	RMSE: 24.26
Epoch 161	LOSS: 59.50	MAE: 16.62	RMSE: 24.36
Epoch 162	LOSS: 58.87	MAE: 16.55	RMSE: 24.46
Epoch 163	LOSS: 58.74	MAE: 16.23	RMSE: 23.96
Epoch 164	LOSS: 58.24	MAE: 16.30	RMSE: 24.09
Epoch 165	LOSS: 57.74	MAE: 16.09	RMSE: 24.13
Epoch 166	LOSS: 57.82	MAE: 16.13	RMSE: 23.96
Epoch 167	LOSS: 57.82	MAE: 16.13	RMSE: 24.36
Epoch 168	LOSS: 57.06	MAE: 16.04	RMSE: 23.73
Epoch 169	LOSS: 57.09	MAE: 15.81	RMSE: 23.60
Epoch 170	LOSS: 56.96	MAE: 16.37	RMSE: 24.41
Epoch 171	LOSS: 56.99	MAE: 15.92	RMSE: 23.70
Epoch 172	LOSS: 58.73	MAE: 16.76	RMSE: 25.95
Epoch 173	LOSS: 57.36	MAE: 15.87	RMSE: 24.13
Epoch 174	LOSS: 56.26	MAE: 16.32	RMSE: 25.27
Epoch 175	LOSS: 55.84	MAE: 16.24	RMSE: 25.86
Epoch 176	LOSS: 55.73	MAE: 15.77	RMSE: 23.94
Epoch 177	LOSS: 55.09	MAE: 15.89	RMSE: 24.67
Epoch 178	LOSS: 54.89	MAE: 15.60	RMSE: 23.91
Epoch 179	LOSS: 54.60	MAE: 15.49	RMSE: 23.37
Epoch 180	LOSS: 54.36	MAE: 15.28	RMSE: 23.40
Epoch 181	LOSS: 54.55	MAE: 16.07	RMSE: 24.68
Epoch 182	LOSS: 54.11	MAE: 15.54	RMSE: 23.31
Epoch 183	LOSS: 53.89	MAE: 15.21	RMSE: 23.63
Epoch 184	LOSS: 53.63	MAE: 15.10	RMSE: 23.27
Epoch 185	LOSS: 53.38	MAE: 15.40	RMSE: 23.50
Epoch 186	LOSS: 53.82	MAE: 15.77	RMSE: 24.46
Epoch 187	LOSS: 53.34	MAE: 15.23	RMSE: 23.69
Epoch 188	LOSS: 53.16	MAE: 16.28	RMSE: 26.43
Epoch 189	LOSS: 52.93	MAE: 15.30	RMSE: 24.21
Epoch 190	LOSS: 52.51	MAE: 15.17	RMSE: 23.60
Epoch 191	LOSS: 52.77	MAE: 15.24	RMSE: 23.37
Epoch 192	LOSS: 52.46	MAE: 15.53	RMSE: 24.37
Epoch 193	LOSS: 51.95	MAE: 15.03	RMSE: 23.58
Epoch 194	LOSS: 51.70	MAE: 15.36	RMSE: 23.87
Epoch 195	LOSS: 52.17	MAE: 15.08	RMSE: 23.45
Epoch 196	LOSS: 51.91	MAE: 15.16	RMSE: 23.97
Epoch 197	LOSS: 51.73	MAE: 14.97	RMSE: 23.20
Epoch 198	LOSS: 51.73	MAE: 14.86	RMSE: 22.99
Epoch 199	LOSS: 52.33	MAE: 15.33	RMSE: 23.38
Epoch 200	LOSS: 51.16	MAE: 15.47	RMSE: 24.81
Epoch 201	LOSS: 51.20	MAE: 15.08	RMSE: 23.36
Epoch 202	LOSS: 50.98	MAE: 14.92	RMSE: 23.62
Epoch 203	LOSS: 50.68	MAE: 14.82	RMSE: 23.27
Epoch 204	LOSS: 50.74	MAE: 14.85	RMSE: 23.53
Epoch 205	LOSS: 50.26	MAE: 15.05	RMSE: 24.04
Epoch 206	LOSS: 50.60	MAE: 15.00	RMSE: 23.44
Epoch 207	LOSS: 50.75	MAE: 14.76	RMSE: 22.81
Epoch 208	LOSS: 50.60	MAE: 14.73	RMSE: 23.10
Epoch 209	LOSS: 50.09	MAE: 14.61	RMSE: 23.38
Epoch 210	LOSS: 50.17	MAE: 15.02	RMSE: 23.66
Epoch 211	LOSS: 49.95	MAE: 14.73	RMSE: 23.40
Epoch 212	LOSS: 49.96	MAE: 14.81	RMSE: 23.45
Epoch 213	LOSS: 50.72	MAE: 14.91	RMSE: 22.77
Epoch 214	LOSS: 50.54	MAE: 15.04	RMSE: 22.83
Epoch 215	LOSS: 49.64	MAE: 14.78	RMSE: 23.20
Epoch 216	LOSS: 49.21	MAE: 14.64	RMSE: 22.47
Epoch 217	LOSS: 50.09	MAE: 14.71	RMSE: 23.08
Epoch 218	LOSS: 49.30	MAE: 14.88	RMSE: 23.29
Epoch 219	LOSS: 49.58	MAE: 15.46	RMSE: 23.90
Epoch 220	LOSS: 50.29	MAE: 15.55	RMSE: 24.07
Epoch 221	LOSS: 48.89	MAE: 15.24	RMSE: 25.05
Epoch 222	LOSS: 48.84	MAE: 14.42	RMSE: 23.24
Epoch 223	LOSS: 49.11	MAE: 14.53	RMSE: 22.66
Epoch 224	LOSS: 49.00	MAE: 15.47	RMSE: 24.36
Epoch 225	LOSS: 48.84	MAE: 14.77	RMSE: 23.17
Epoch 226	LOSS: 48.58	MAE: 14.89	RMSE: 24.07
Epoch 227	LOSS: 48.49	MAE: 15.05	RMSE: 24.92
Epoch 228	LOSS: 49.04	MAE: 15.28	RMSE: 24.39
Epoch 229	LOSS: 48.52	MAE: 14.34	RMSE: 22.12
Epoch 230	LOSS: 48.16	MAE: 14.51	RMSE: 23.64
Epoch 231	LOSS: 48.20	MAE: 14.53	RMSE: 23.17
Epoch 232	LOSS: 48.17	MAE: 14.47	RMSE: 22.88
Epoch 233	LOSS: 48.23	MAE: 14.31	RMSE: 22.55
Epoch 234	LOSS: 48.12	MAE: 14.37	RMSE: 22.63
Epoch 235	LOSS: 48.47	MAE: 14.79	RMSE: 22.88
Epoch 236	LOSS: 47.78	MAE: 14.18	RMSE: 22.43
Epoch 237	LOSS: 47.94	MAE: 14.33	RMSE: 22.76
Epoch 238	LOSS: 47.78	MAE: 14.25	RMSE: 22.62
Epoch 239	LOSS: 47.43	MAE: 14.13	RMSE: 22.13
Epoch 240	LOSS: 48.58	MAE: 14.89	RMSE: 23.35
Epoch 241	LOSS: 47.56	MAE: 14.76	RMSE: 23.57
Epoch 242	LOSS: 47.61	MAE: 14.56	RMSE: 23.37
Epoch 243	LOSS: 47.01	MAE: 14.13	RMSE: 22.63
Epoch 244	LOSS: 47.65	MAE: 14.87	RMSE: 23.68
Epoch 245	LOSS: 47.76	MAE: 14.89	RMSE: 23.45
Epoch 246	LOSS: 48.27	MAE: 14.30	RMSE: 22.68
Epoch 247	LOSS: 47.00	MAE: 14.17	RMSE: 22.23
Epoch 248	LOSS: 46.95	MAE: 14.10	RMSE: 22.46
Epoch 249	LOSS: 46.69	MAE: 14.21	RMSE: 22.37
Epoch 250	LOSS: 46.88	MAE: 14.07	RMSE: 22.77
Epoch 251	LOSS: 46.85	MAE: 14.20	RMSE: 22.76
Epoch 252	LOSS: 46.59	MAE: 14.27	RMSE: 22.60
Epoch 253	LOSS: 46.97	MAE: 14.59	RMSE: 22.53
Epoch 254	LOSS: 46.63	MAE: 14.05	RMSE: 22.28
Epoch 255	LOSS: 47.23	MAE: 14.52	RMSE: 22.80
Epoch 256	LOSS: 47.45	MAE: 16.03	RMSE: 27.41
Epoch 257	LOSS: 47.11	MAE: 14.62	RMSE: 23.98
Epoch 258	LOSS: 46.89	MAE: 14.11	RMSE: 22.18
Epoch 259	LOSS: 46.50	MAE: 14.09	RMSE: 22.72
Epoch 260	LOSS: 46.12	MAE: 13.99	RMSE: 22.13
Epoch 261	LOSS: 46.49	MAE: 13.98	RMSE: 22.46
Epoch 262	LOSS: 46.02	MAE: 14.05	RMSE: 22.72
Epoch 263	LOSS: 46.14	MAE: 13.91	RMSE: 22.34
Epoch 264	LOSS: 46.46	MAE: 14.56	RMSE: 23.85
Epoch 265	LOSS: 45.91	MAE: 13.92	RMSE: 22.29
Epoch 266	LOSS: 46.14	MAE: 13.91	RMSE: 22.30
Epoch 267	LOSS: 45.97	MAE: 13.81	RMSE: 22.35
Epoch 268	LOSS: 45.99	MAE: 13.81	RMSE: 22.06
Epoch 269	LOSS: 46.18	MAE: 14.70	RMSE: 22.95
Epoch 270	LOSS: 45.81	MAE: 14.45	RMSE: 24.10
Epoch 271	LOSS: 46.53	MAE: 14.83	RMSE: 24.23
Epoch 272	LOSS: 45.63	MAE: 13.69	RMSE: 22.15
Epoch 273	LOSS: 46.04	MAE: 13.79	RMSE: 21.89
Epoch 274	LOSS: 45.55	MAE: 13.74	RMSE: 21.75
Epoch 275	LOSS: 46.06	MAE: 14.04	RMSE: 22.30
Epoch 276	LOSS: 46.72	MAE: 14.15	RMSE: 22.84
Epoch 277	LOSS: 45.54	MAE: 13.69	RMSE: 22.09
Epoch 278	LOSS: 45.48	MAE: 13.82	RMSE: 22.33
Epoch 279	LOSS: 45.83	MAE: 14.53	RMSE: 22.47
Epoch 280	LOSS: 45.81	MAE: 14.25	RMSE: 22.06
Epoch 281	LOSS: 45.37	MAE: 14.47	RMSE: 23.67
Epoch 282	LOSS: 45.24	MAE: 14.09	RMSE: 22.99
Epoch 283	LOSS: 45.73	MAE: 14.11	RMSE: 23.39
Epoch 284	LOSS: 45.34	MAE: 13.86	RMSE: 23.05
Epoch 285	LOSS: 45.23	MAE: 13.70	RMSE: 21.82
Epoch 286	LOSS: 47.22	MAE: 15.27	RMSE: 23.17
Epoch 287	LOSS: 45.60	MAE: 13.71	RMSE: 21.99
Epoch 288	LOSS: 45.25	MAE: 13.61	RMSE: 21.96
Epoch 289	LOSS: 44.86	MAE: 13.68	RMSE: 22.38
Epoch 290	LOSS: 45.27	MAE: 13.80	RMSE: 22.14
Epoch 291	LOSS: 46.65	MAE: 13.77	RMSE: 22.10
Epoch 292	LOSS: 45.43	MAE: 13.63	RMSE: 22.04
Epoch 293	LOSS: 45.32	MAE: 13.78	RMSE: 22.26
Epoch 294	LOSS: 44.96	MAE: 14.08	RMSE: 22.90
Epoch 295	LOSS: 45.54	MAE: 13.69	RMSE: 22.06
Epoch 296	LOSS: 44.87	MAE: 13.65	RMSE: 22.10
Epoch 297	LOSS: 45.98	MAE: 14.93	RMSE: 24.49
Epoch 298	LOSS: 45.47	MAE: 14.86	RMSE: 24.52
Epoch 299	LOSS: 44.99	MAE: 13.59	RMSE: 22.02
Epoch 300	LOSS: 45.38	MAE: 14.03	RMSE: 23.35
Epoch 301	LOSS: 45.72	MAE: 13.94	RMSE: 22.43
Epoch 302	LOSS: 45.17	MAE: 14.12	RMSE: 22.57
Epoch 303	LOSS: 46.03	MAE: 14.94	RMSE: 25.60
Epoch 304	LOSS: 45.01	MAE: 13.65	RMSE: 22.62
Epoch 305	LOSS: 46.63	MAE: 14.39	RMSE: 23.35
Epoch 306	LOSS: 45.39	MAE: 13.82	RMSE: 21.88
Epoch 307	LOSS: 44.81	MAE: 13.62	RMSE: 21.76
Epoch 308	LOSS: 45.27	MAE: 14.11	RMSE: 22.32
Epoch 309	LOSS: 44.91	MAE: 13.87	RMSE: 22.48
Epoch 310	LOSS: 45.18	MAE: 13.62	RMSE: 22.03
Epoch 311	LOSS: 48.51	MAE: 14.70	RMSE: 23.11
Epoch 312	LOSS: 46.03	MAE: 13.83	RMSE: 22.27
Epoch 313	LOSS: 45.06	MAE: 13.59	RMSE: 21.69
Epoch 314	LOSS: 44.72	MAE: 13.71	RMSE: 22.12
Epoch 315	LOSS: 44.71	MAE: 13.58	RMSE: 21.94
Epoch 316	LOSS: 44.40	MAE: 13.60	RMSE: 21.92
Epoch 317	LOSS: 44.40	MAE: 13.67	RMSE: 22.40
Epoch 318	LOSS: 44.10	MAE: 13.53	RMSE: 21.92
Epoch 319	LOSS: 44.20	MAE: 13.96	RMSE: 23.17
Epoch 320	LOSS: 44.21	MAE: 13.72	RMSE: 22.83
Epoch 321	LOSS: 44.23	MAE: 13.51	RMSE: 21.98
Epoch 322	LOSS: 43.90	MAE: 13.45	RMSE: 22.05
Epoch 323	LOSS: 44.03	MAE: 13.44	RMSE: 21.71
Epoch 324	LOSS: 43.85	MAE: 13.52	RMSE: 22.16
Epoch 325	LOSS: 43.81	MAE: 13.49	RMSE: 22.24
Epoch 326	LOSS: 43.75	MAE: 13.56	RMSE: 22.40
Epoch 327	LOSS: 43.68	MAE: 13.42	RMSE: 22.21
Epoch 328	LOSS: 43.83	MAE: 13.39	RMSE: 21.75
Epoch 329	LOSS: 43.98	MAE: 13.46	RMSE: 21.85
Epoch 330	LOSS: 44.00	MAE: 13.42	RMSE: 22.01
Epoch 331	LOSS: 44.00	MAE: 13.71	RMSE: 21.93
Epoch 332	LOSS: 43.54	MAE: 13.53	RMSE: 21.93
Epoch 333	LOSS: 43.70	MAE: 13.39	RMSE: 21.97
Epoch 334	LOSS: 44.03	MAE: 13.51	RMSE: 22.24
Epoch 335	LOSS: 44.47	MAE: 13.71	RMSE: 22.42
Epoch 336	LOSS: 43.79	MAE: 13.35	RMSE: 21.60
Epoch 337	LOSS: 43.52	MAE: 13.45	RMSE: 22.29
Epoch 338	LOSS: 43.54	MAE: 13.35	RMSE: 21.93
Epoch 339	LOSS: 43.45	MAE: 13.39	RMSE: 21.83
Epoch 340	LOSS: 43.53	MAE: 13.76	RMSE: 23.00
Epoch 341	LOSS: 43.54	MAE: 13.49	RMSE: 22.49
Epoch 342	LOSS: 43.48	MAE: 13.29	RMSE: 21.70
Epoch 343	LOSS: 43.67	MAE: 14.33	RMSE: 24.29
Epoch 344	LOSS: 44.24	MAE: 13.56	RMSE: 21.89
Epoch 345	LOSS: 44.15	MAE: 13.34	RMSE: 21.67
Epoch 346	LOSS: 43.64	MAE: 14.00	RMSE: 22.60
Epoch 347	LOSS: 43.35	MAE: 13.42	RMSE: 21.73
Epoch 348	LOSS: 44.26	MAE: 13.46	RMSE: 21.56
Epoch 349	LOSS: 43.43	MAE: 14.54	RMSE: 23.63
Epoch 350	LOSS: 43.29	MAE: 13.36	RMSE: 21.84
Epoch 351	LOSS: 43.16	MAE: 13.59	RMSE: 22.96
Epoch 352	LOSS: 43.27	MAE: 13.32	RMSE: 21.98
Epoch 353	LOSS: 44.15	MAE: 13.81	RMSE: 22.94
Epoch 354	LOSS: 43.13	MAE: 13.27	RMSE: 21.92
Epoch 355	LOSS: 45.18	MAE: 14.25	RMSE: 22.21
Epoch 356	LOSS: 44.01	MAE: 13.93	RMSE: 22.20
Epoch 357	LOSS: 43.22	MAE: 13.49	RMSE: 21.72
Epoch 358	LOSS: 42.83	MAE: 13.32	RMSE: 21.76
Epoch 359	LOSS: 45.50	MAE: 14.19	RMSE: 22.65
Epoch 360	LOSS: 44.41	MAE: 13.70	RMSE: 22.09
Epoch 361	LOSS: 43.01	MAE: 13.48	RMSE: 22.04
Epoch 362	LOSS: 43.42	MAE: 13.26	RMSE: 21.35
Epoch 363	LOSS: 42.81	MAE: 13.30	RMSE: 21.81
Epoch 364	LOSS: 42.57	MAE: 14.27	RMSE: 24.43
Epoch 365	LOSS: 42.86	MAE: 13.52	RMSE: 22.52
Epoch 366	LOSS: 42.48	MAE: 13.16	RMSE: 21.50
Epoch 367	LOSS: 42.67	MAE: 13.32	RMSE: 22.27
Epoch 368	LOSS: 42.91	MAE: 13.24	RMSE: 21.46
Epoch 369	LOSS: 42.57	MAE: 13.22	RMSE: 21.47
Epoch 370	LOSS: 43.01	MAE: 14.38	RMSE: 23.43
Epoch 371	LOSS: 42.87	MAE: 13.27	RMSE: 21.34
Epoch 372	LOSS: 42.40	MAE: 13.16	RMSE: 21.37
Epoch 373	LOSS: 42.62	MAE: 13.22	RMSE: 21.56
Epoch 374	LOSS: 42.41	MAE: 13.35	RMSE: 22.10
Epoch 375	LOSS: 42.41	MAE: 13.39	RMSE: 22.88
Epoch 376	LOSS: 42.75	MAE: 13.54	RMSE: 22.26
Epoch 377	LOSS: 42.83	MAE: 13.34	RMSE: 22.58
Epoch 378	LOSS: 42.63	MAE: 13.24	RMSE: 21.78
Epoch 379	LOSS: 42.93	MAE: 13.40	RMSE: 21.86
Epoch 380	LOSS: 44.00	MAE: 13.57	RMSE: 22.19
Epoch 381	LOSS: 42.76	MAE: 13.13	RMSE: 21.88
Epoch 382	LOSS: 43.12	MAE: 13.18	RMSE: 21.49
Epoch 383	LOSS: 42.40	MAE: 13.15	RMSE: 21.49
Epoch 384	LOSS: 42.70	MAE: 13.55	RMSE: 22.58
Epoch 385	LOSS: 42.77	MAE: 13.32	RMSE: 21.77
Epoch 386	LOSS: 46.10	MAE: 15.78	RMSE: 25.65
Epoch 387	LOSS: 42.78	MAE: 13.35	RMSE: 22.23
Epoch 388	LOSS: 42.66	MAE: 13.15	RMSE: 21.52
Epoch 389	LOSS: 42.63	MAE: 13.15	RMSE: 21.44
Epoch 390	LOSS: 42.65	MAE: 13.87	RMSE: 22.27
Epoch 391	LOSS: 42.29	MAE: 13.16	RMSE: 21.79
Epoch 392	LOSS: 42.46	MAE: 13.10	RMSE: 21.48
Epoch 393	LOSS: 42.13	MAE: 13.25	RMSE: 22.16
Epoch 394	LOSS: 42.16	MAE: 13.14	RMSE: 21.92
Epoch 395	LOSS: 41.91	MAE: 13.20	RMSE: 22.22
Epoch 396	LOSS: 42.53	MAE: 13.56	RMSE: 23.24
Epoch 397	LOSS: 41.93	MAE: 13.27	RMSE: 21.95
Epoch 398	LOSS: 42.10	MAE: 13.12	RMSE: 22.05
Epoch 399	LOSS: 42.17	MAE: 13.25	RMSE: 22.21
Epoch 400	LOSS: 42.29	MAE: 13.12	RMSE: 21.51
Epoch 401	LOSS: 42.62	MAE: 13.18	RMSE: 21.69
Epoch 402	LOSS: 41.97	MAE: 13.06	RMSE: 21.40
Epoch 403	LOSS: 41.60	MAE: 13.06	RMSE: 21.88
Epoch 404	LOSS: 42.02	MAE: 13.40	RMSE: 21.79
Epoch 405	LOSS: 42.24	MAE: 13.13	RMSE: 21.79
Epoch 406	LOSS: 42.23	MAE: 13.50	RMSE: 22.54
Epoch 407	LOSS: 41.76	MAE: 13.00	RMSE: 21.80
Epoch 408	LOSS: 42.92	MAE: 13.25	RMSE: 21.51
Epoch 409	LOSS: 43.68	MAE: 13.54	RMSE: 22.12
Epoch 410	LOSS: 42.29	MAE: 13.30	RMSE: 21.64
Epoch 411	LOSS: 42.20	MAE: 13.11	RMSE: 21.59
Epoch 412	LOSS: 43.01	MAE: 13.20	RMSE: 21.69
Epoch 413	LOSS: 42.24	MAE: 13.36	RMSE: 22.63
Epoch 414	LOSS: 42.12	MAE: 13.13	RMSE: 21.76
Epoch 415	LOSS: 41.74	MAE: 13.11	RMSE: 21.70
Epoch 416	LOSS: 41.46	MAE: 13.11	RMSE: 21.58
Epoch 417	LOSS: 41.62	MAE: 13.05	RMSE: 21.84
Epoch 418	LOSS: 41.58	MAE: 12.96	RMSE: 21.71
Epoch 419	LOSS: 41.65	MAE: 13.00	RMSE: 21.79
Epoch 420	LOSS: 43.55	MAE: 13.55	RMSE: 22.01
Epoch 421	LOSS: 41.82	MAE: 13.04	RMSE: 21.57
Epoch 422	LOSS: 41.56	MAE: 13.11	RMSE: 22.03
Epoch 423	LOSS: 41.81	MAE: 13.39	RMSE: 22.83
Epoch 424	LOSS: 41.40	MAE: 13.17	RMSE: 21.62
Epoch 425	LOSS: 42.07	MAE: 13.05	RMSE: 21.62
Epoch 426	LOSS: 41.40	MAE: 13.00	RMSE: 22.06
Epoch 427	LOSS: 41.57	MAE: 13.02	RMSE: 22.21
Epoch 428	LOSS: 41.55	MAE: 12.96	RMSE: 21.67
Epoch 429	LOSS: 41.33	MAE: 13.40	RMSE: 21.71
Epoch 430	LOSS: 41.38	MAE: 13.14	RMSE: 21.21
Epoch 431	LOSS: 41.47	MAE: 13.20	RMSE: 21.40
Epoch 432	LOSS: 41.39	MAE: 13.00	RMSE: 21.69
Epoch 433	LOSS: 41.32	MAE: 12.95	RMSE: 21.53
Epoch 434	LOSS: 41.15	MAE: 12.94	RMSE: 21.85
Epoch 435	LOSS: 41.19	MAE: 12.94	RMSE: 21.89
Epoch 436	LOSS: 41.07	MAE: 12.87	RMSE: 21.60
Epoch 437	LOSS: 41.41	MAE: 13.02	RMSE: 21.73
Epoch 438	LOSS: 41.10	MAE: 12.86	RMSE: 21.27
Epoch 439	LOSS: 41.48	MAE: 13.00	RMSE: 21.14
Epoch 440	LOSS: 43.41	MAE: 15.01	RMSE: 24.02
Epoch 441	LOSS: 41.63	MAE: 13.25	RMSE: 21.74
Epoch 442	LOSS: 41.38	MAE: 13.13	RMSE: 22.11
Epoch 443	LOSS: 41.33	MAE: 12.90	RMSE: 21.56
Epoch 444	LOSS: 41.05	MAE: 12.99	RMSE: 21.40
Epoch 445	LOSS: 41.03	MAE: 12.99	RMSE: 21.78
Epoch 446	LOSS: 41.15	MAE: 12.90	RMSE: 21.57
Epoch 447	LOSS: 40.84	MAE: 12.81	RMSE: 21.35
Epoch 448	LOSS: 41.17	MAE: 13.01	RMSE: 21.56
Epoch 449	LOSS: 41.33	MAE: 13.49	RMSE: 22.75
Epoch 450	LOSS: 41.94	MAE: 13.47	RMSE: 22.60
Epoch 451	LOSS: 41.15	MAE: 13.17	RMSE: 21.47
Epoch 452	LOSS: 41.40	MAE: 13.04	RMSE: 21.60
Epoch 453	LOSS: 40.75	MAE: 13.05	RMSE: 22.50
Epoch 454	LOSS: 41.48	MAE: 13.09	RMSE: 22.27
Epoch 455	LOSS: 40.75	MAE: 13.00	RMSE: 22.17
Epoch 456	LOSS: 41.00	MAE: 12.94	RMSE: 21.70
Epoch 457	LOSS: 40.70	MAE: 12.77	RMSE: 21.70
Epoch 458	LOSS: 40.58	MAE: 12.82	RMSE: 21.26
Epoch 459	LOSS: 40.59	MAE: 12.90	RMSE: 22.01
Epoch 460	LOSS: 40.56	MAE: 12.87	RMSE: 21.72
Epoch 461	LOSS: 41.65	MAE: 13.24	RMSE: 22.23
Epoch 462	LOSS: 40.43	MAE: 12.86	RMSE: 21.38
Epoch 463	LOSS: 40.61	MAE: 12.78	RMSE: 21.63
Epoch 464	LOSS: 41.77	MAE: 13.01	RMSE: 21.62
Epoch 465	LOSS: 40.82	MAE: 12.96	RMSE: 22.13
Epoch 466	LOSS: 40.70	MAE: 13.13	RMSE: 21.64
Epoch 467	LOSS: 40.58	MAE: 12.87	RMSE: 21.25
Epoch 468	LOSS: 40.89	MAE: 12.94	RMSE: 21.79
Epoch 469	LOSS: 40.22	MAE: 12.78	RMSE: 21.43
Epoch 470	LOSS: 40.46	MAE: 12.73	RMSE: 21.36
Epoch 471	LOSS: 40.37	MAE: 12.65	RMSE: 21.28
Epoch 472	LOSS: 41.08	MAE: 13.20	RMSE: 22.35
Epoch 473	LOSS: 40.82	MAE: 12.90	RMSE: 21.82
Epoch 474	LOSS: 40.95	MAE: 12.94	RMSE: 21.64
Epoch 475	LOSS: 40.87	MAE: 13.18	RMSE: 22.27
Epoch 476	LOSS: 40.86	MAE: 13.07	RMSE: 21.93
Epoch 477	LOSS: 43.06	MAE: 13.65	RMSE: 21.97
Epoch 478	LOSS: 41.02	MAE: 12.91	RMSE: 21.05
Epoch 479	LOSS: 40.35	MAE: 12.80	RMSE: 21.54
Epoch 480	LOSS: 41.32	MAE: 13.66	RMSE: 22.99
Epoch 481	LOSS: 40.87	MAE: 13.13	RMSE: 22.20
Epoch 482	LOSS: 40.97	MAE: 12.77	RMSE: 21.24
Epoch 483	LOSS: 41.04	MAE: 13.16	RMSE: 21.71
Epoch 484	LOSS: 41.17	MAE: 13.06	RMSE: 21.51
Epoch 485	LOSS: 40.81	MAE: 12.79	RMSE: 21.06
Epoch 486	LOSS: 40.58	MAE: 12.81	RMSE: 21.74
Epoch 487	LOSS: 40.69	MAE: 12.96	RMSE: 21.10
Epoch 488	LOSS: 41.50	MAE: 12.95	RMSE: 21.43
Epoch 489	LOSS: 40.66	MAE: 12.84	RMSE: 21.08
Epoch 490	LOSS: 40.83	MAE: 12.75	RMSE: 21.33
Epoch 491	LOSS: 40.65	MAE: 12.88	RMSE: 21.42
Epoch 492	LOSS: 40.34	MAE: 13.34	RMSE: 22.77
Epoch 493	LOSS: 41.18	MAE: 13.93	RMSE: 24.11
Epoch 494	LOSS: 40.25	MAE: 12.81	RMSE: 21.85
Epoch 495	LOSS: 40.34	MAE: 12.84	RMSE: 21.34
Epoch 496	LOSS: 40.96	MAE: 13.05	RMSE: 22.16
Epoch 497	LOSS: 41.63	MAE: 14.04	RMSE: 23.08
Epoch 498	LOSS: 41.20	MAE: 13.02	RMSE: 21.56
Epoch 499	LOSS: 40.41	MAE: 12.95	RMSE: 22.36
