Epoch 000	LOSS: 455.18	MAE: 217.13	RMSE: 263.24
Epoch 001	LOSS: 410.37	MAE: 203.67	RMSE: 250.16
Epoch 002	LOSS: 315.84	MAE: 161.07	RMSE: 207.81
Epoch 003	LOSS: 348.60	MAE: 123.19	RMSE: 165.79
Epoch 004	LOSS: 329.76	MAE: 110.45	RMSE: 151.72
Epoch 005	LOSS: 213.32	MAE: 104.64	RMSE: 144.76
Epoch 006	LOSS: 149.45	MAE: 116.61	RMSE: 158.00
Epoch 007	LOSS: 134.25	MAE: 111.11	RMSE: 151.29
Epoch 008	LOSS: 125.52	MAE: 94.68	RMSE: 132.74
Epoch 009	LOSS: 126.08	MAE: 87.39	RMSE: 124.32
Epoch 010	LOSS: 113.81	MAE: 85.40	RMSE: 122.28
Epoch 011	LOSS: 103.00	MAE: 79.30	RMSE: 116.33
Epoch 012	LOSS: 92.19	MAE: 73.06	RMSE: 110.84
Epoch 013	LOSS: 99.01	MAE: 62.50	RMSE: 102.01
Epoch 014	LOSS: 91.49	MAE: 59.93	RMSE: 100.18
Epoch 015	LOSS: 80.71	MAE: 59.95	RMSE: 100.81
Epoch 016	LOSS: 95.12	MAE: 60.54	RMSE: 100.50
Epoch 017	LOSS: 81.97	MAE: 58.73	RMSE: 100.56
Epoch 018	LOSS: 86.06	MAE: 58.80	RMSE: 100.94
Epoch 019	LOSS: 82.03	MAE: 58.82	RMSE: 101.45
Epoch 020	LOSS: 82.78	MAE: 58.71	RMSE: 101.51
Epoch 021	LOSS: 82.85	MAE: 58.29	RMSE: 101.35
Epoch 022	LOSS: 85.46	MAE: 58.51	RMSE: 101.41
Epoch 023	LOSS: 84.44	MAE: 58.81	RMSE: 101.48
Epoch 024	LOSS: 80.26	MAE: 58.26	RMSE: 101.22
Epoch 025	LOSS: 86.47	MAE: 58.82	RMSE: 101.41
Epoch 026	LOSS: 84.54	MAE: 58.51	RMSE: 101.29
Epoch 027	LOSS: 83.16	MAE: 58.11	RMSE: 101.02
Epoch 028	LOSS: 88.35	MAE: 59.12	RMSE: 101.34
Epoch 029	LOSS: 74.92	MAE: 56.94	RMSE: 100.45
Epoch 030	LOSS: 85.41	MAE: 58.62	RMSE: 100.84
Epoch 031	LOSS: 79.96	MAE: 57.68	RMSE: 100.32
Epoch 032	LOSS: 84.41	MAE: 58.47	RMSE: 100.48
Epoch 033	LOSS: 84.83	MAE: 58.22	RMSE: 100.15
Epoch 034	LOSS: 81.93	MAE: 57.58	RMSE: 99.51
Epoch 035	LOSS: 83.07	MAE: 58.11	RMSE: 99.22
Epoch 036	LOSS: 83.93	MAE: 58.08	RMSE: 98.80
Epoch 037	LOSS: 84.10	MAE: 56.81	RMSE: 97.81
Epoch 038	LOSS: 82.49	MAE: 56.67	RMSE: 97.34
Epoch 039	LOSS: 83.16	MAE: 57.08	RMSE: 96.85
Epoch 040	LOSS: 83.03	MAE: 56.35	RMSE: 95.90
Epoch 041	LOSS: 79.08	MAE: 54.62	RMSE: 94.70
Epoch 042	LOSS: 87.08	MAE: 55.93	RMSE: 94.66
Epoch 043	LOSS: 77.65	MAE: 53.82	RMSE: 93.22
Epoch 044	LOSS: 81.07	MAE: 55.18	RMSE: 93.02
Epoch 045	LOSS: 79.90	MAE: 54.08	RMSE: 91.89
Epoch 046	LOSS: 86.50	MAE: 54.64	RMSE: 91.71
Epoch 047	LOSS: 78.67	MAE: 52.75	RMSE: 90.77
Epoch 048	LOSS: 87.65	MAE: 55.12	RMSE: 91.31
Epoch 049	LOSS: 77.79	MAE: 52.84	RMSE: 89.68
Epoch 050	LOSS: 82.25	MAE: 53.03	RMSE: 89.09
Epoch 051	LOSS: 82.85	MAE: 52.88	RMSE: 88.43
Epoch 052	LOSS: 78.86	MAE: 51.24	RMSE: 87.12
Epoch 053	LOSS: 84.21	MAE: 52.59	RMSE: 87.11
Epoch 054	LOSS: 75.88	MAE: 49.89	RMSE: 85.50
Epoch 055	LOSS: 91.77	MAE: 53.80	RMSE: 87.20
Epoch 056	LOSS: 82.52	MAE: 50.85	RMSE: 85.29
Epoch 057	LOSS: 68.81	MAE: 48.41	RMSE: 84.17
Epoch 058	LOSS: 89.39	MAE: 52.64	RMSE: 85.82
Epoch 059	LOSS: 88.96	MAE: 52.37	RMSE: 85.55
Epoch 060	LOSS: 75.34	MAE: 48.83	RMSE: 83.51
Epoch 061	LOSS: 83.91	MAE: 50.66	RMSE: 84.64
Epoch 062	LOSS: 77.38	MAE: 49.22	RMSE: 84.04
Epoch 063	LOSS: 82.13	MAE: 50.85	RMSE: 84.86
Epoch 064	LOSS: 78.68	MAE: 49.84	RMSE: 84.18
Epoch 065	LOSS: 77.64	MAE: 49.31	RMSE: 83.86
Epoch 066	LOSS: 82.46	MAE: 50.15	RMSE: 84.26
Epoch 067	LOSS: 73.14	MAE: 48.35	RMSE: 83.37
Epoch 068	LOSS: 84.21	MAE: 51.27	RMSE: 84.81
Epoch 069	LOSS: 74.55	MAE: 48.37	RMSE: 83.30
Epoch 070	LOSS: 84.86	MAE: 50.63	RMSE: 84.34
Epoch 071	LOSS: 74.46	MAE: 48.12	RMSE: 82.96
Epoch 072	LOSS: 79.35	MAE: 49.50	RMSE: 83.71
Epoch 073	LOSS: 72.90	MAE: 47.55	RMSE: 83.15
Epoch 074	LOSS: 80.62	MAE: 49.06	RMSE: 83.93
Epoch 075	LOSS: 77.42	MAE: 49.52	RMSE: 83.95
Epoch 076	LOSS: 73.24	MAE: 48.87	RMSE: 83.68
Epoch 077	LOSS: 78.66	MAE: 49.11	RMSE: 83.58
Epoch 078	LOSS: 74.64	MAE: 47.66	RMSE: 82.74
Epoch 079	LOSS: 76.27	MAE: 47.95	RMSE: 82.77
Epoch 080	LOSS: 72.68	MAE: 47.53	RMSE: 82.23
Epoch 081	LOSS: 74.77	MAE: 47.63	RMSE: 82.05
Epoch 082	LOSS: 70.23	MAE: 46.06	RMSE: 81.20
Epoch 083	LOSS: 72.85	MAE: 46.70	RMSE: 81.41
Epoch 084	LOSS: 76.79	MAE: 48.11	RMSE: 82.10
Epoch 085	LOSS: 64.71	MAE: 45.07	RMSE: 80.93
Epoch 086	LOSS: 76.88	MAE: 47.81	RMSE: 82.17
Epoch 087	LOSS: 68.53	MAE: 45.35	RMSE: 81.19
Epoch 088	LOSS: 74.49	MAE: 47.02	RMSE: 81.83
Epoch 089	LOSS: 69.86	MAE: 45.69	RMSE: 81.14
Epoch 090	LOSS: 68.02	MAE: 44.74	RMSE: 80.54
Epoch 091	LOSS: 73.40	MAE: 46.78	RMSE: 81.28
Epoch 092	LOSS: 66.26	MAE: 44.96	RMSE: 80.24
Epoch 093	LOSS: 70.18	MAE: 45.32	RMSE: 80.40
Epoch 094	LOSS: 70.16	MAE: 45.00	RMSE: 80.22
Epoch 095	LOSS: 66.33	MAE: 43.80	RMSE: 79.74
Epoch 096	LOSS: 75.92	MAE: 46.74	RMSE: 81.05
Epoch 097	LOSS: 62.34	MAE: 43.01	RMSE: 79.32
Epoch 098	LOSS: 76.02	MAE: 46.35	RMSE: 80.96
Epoch 099	LOSS: 65.30	MAE: 43.72	RMSE: 79.60
Epoch 100	LOSS: 66.67	MAE: 44.12	RMSE: 79.63
Epoch 101	LOSS: 69.33	MAE: 44.47	RMSE: 80.15
Epoch 102	LOSS: 65.75	MAE: 43.23	RMSE: 79.40
Epoch 103	LOSS: 71.28	MAE: 45.39	RMSE: 80.39
Epoch 104	LOSS: 63.58	MAE: 43.27	RMSE: 79.55
Epoch 105	LOSS: 70.22	MAE: 45.09	RMSE: 80.23
Epoch 106	LOSS: 63.61	MAE: 42.98	RMSE: 79.26
Epoch 107	LOSS: 69.94	MAE: 45.22	RMSE: 80.08
Epoch 108	LOSS: 64.13	MAE: 43.22	RMSE: 79.12
Epoch 109	LOSS: 67.64	MAE: 43.49	RMSE: 79.51
Epoch 110	LOSS: 66.11	MAE: 43.28	RMSE: 79.34
Epoch 111	LOSS: 68.15	MAE: 44.96	RMSE: 80.08
Epoch 112	LOSS: 64.79	MAE: 43.77	RMSE: 79.44
Epoch 113	LOSS: 65.85	MAE: 43.45	RMSE: 79.33
Epoch 114	LOSS: 64.46	MAE: 43.14	RMSE: 79.17
Epoch 115	LOSS: 69.28	MAE: 44.89	RMSE: 80.03
Epoch 116	LOSS: 65.24	MAE: 43.57	RMSE: 79.40
Epoch 117	LOSS: 67.50	MAE: 44.00	RMSE: 79.68
Epoch 118	LOSS: 61.26	MAE: 42.26	RMSE: 78.83
Epoch 119	LOSS: 68.63	MAE: 44.65	RMSE: 79.67
Epoch 120	LOSS: 60.69	MAE: 42.06	RMSE: 78.48
Epoch 121	LOSS: 73.23	MAE: 45.47	RMSE: 80.04
Epoch 122	LOSS: 63.03	MAE: 42.39	RMSE: 78.51
Epoch 123	LOSS: 65.90	MAE: 43.82	RMSE: 79.17
Epoch 124	LOSS: 64.19	MAE: 43.06	RMSE: 79.03
Epoch 125	LOSS: 67.49	MAE: 44.37	RMSE: 79.90
Epoch 126	LOSS: 66.24	MAE: 43.68	RMSE: 79.24
Epoch 127	LOSS: 62.72	MAE: 42.49	RMSE: 78.57
Epoch 128	LOSS: 66.82	MAE: 43.76	RMSE: 78.93
Epoch 129	LOSS: 64.82	MAE: 43.29	RMSE: 78.50
Epoch 130	LOSS: 61.94	MAE: 42.05	RMSE: 77.82
Epoch 131	LOSS: 68.60	MAE: 43.83	RMSE: 78.30
Epoch 132	LOSS: 61.68	MAE: 42.42	RMSE: 77.53
Epoch 133	LOSS: 71.58	MAE: 44.02	RMSE: 78.33
Epoch 134	LOSS: 60.71	MAE: 40.95	RMSE: 77.21
Epoch 135	LOSS: 70.13	MAE: 44.46	RMSE: 78.91
Epoch 136	LOSS: 64.53	MAE: 43.89	RMSE: 78.76
Epoch 137	LOSS: 65.44	MAE: 43.30	RMSE: 78.72
Epoch 138	LOSS: 63.87	MAE: 42.37	RMSE: 78.43
Epoch 139	LOSS: 65.10	MAE: 43.47	RMSE: 78.86
Epoch 140	LOSS: 64.43	MAE: 43.65	RMSE: 79.06
Epoch 141	LOSS: 66.65	MAE: 43.86	RMSE: 78.98
Epoch 142	LOSS: 61.20	MAE: 42.04	RMSE: 78.05
Epoch 143	LOSS: 66.22	MAE: 43.46	RMSE: 78.63
Epoch 144	LOSS: 60.78	MAE: 41.93	RMSE: 77.85
Epoch 145	LOSS: 67.24	MAE: 43.68	RMSE: 78.60
Epoch 146	LOSS: 60.26	MAE: 41.77	RMSE: 77.94
Epoch 147	LOSS: 69.36	MAE: 44.26	RMSE: 79.08
Epoch 148	LOSS: 59.60	MAE: 41.64	RMSE: 78.00
Epoch 149	LOSS: 72.09	MAE: 46.06	RMSE: 80.19
Epoch 150	LOSS: 58.07	MAE: 41.39	RMSE: 78.16
Epoch 151	LOSS: 69.03	MAE: 44.17	RMSE: 79.36
Epoch 152	LOSS: 56.66	MAE: 41.55	RMSE: 78.22
Epoch 153	LOSS: 70.63	MAE: 46.14	RMSE: 80.34
Epoch 154	LOSS: 58.71	MAE: 41.47	RMSE: 78.13
Epoch 155	LOSS: 71.10	MAE: 44.10	RMSE: 79.22
Epoch 156	LOSS: 57.90	MAE: 41.30	RMSE: 77.91
Epoch 157	LOSS: 71.10	MAE: 45.62	RMSE: 79.91
Epoch 158	LOSS: 58.48	MAE: 41.70	RMSE: 78.20
Epoch 159	LOSS: 68.55	MAE: 44.51	RMSE: 79.66
Epoch 160	LOSS: 57.00	MAE: 41.23	RMSE: 78.45
Epoch 161	LOSS: 68.86	MAE: 44.97	RMSE: 80.00
Epoch 162	LOSS: 57.55	MAE: 41.57	RMSE: 78.65
Epoch 163	LOSS: 69.74	MAE: 45.02	RMSE: 80.18
Epoch 164	LOSS: 58.31	MAE: 41.88	RMSE: 78.78
Epoch 165	LOSS: 70.52	MAE: 45.07	RMSE: 80.32
Epoch 166	LOSS: 59.75	MAE: 41.92	RMSE: 78.88
Epoch 167	LOSS: 68.91	MAE: 44.33	RMSE: 79.89
Epoch 168	LOSS: 58.82	MAE: 41.44	RMSE: 78.46
Epoch 169	LOSS: 66.18	MAE: 43.37	RMSE: 79.20
Epoch 170	LOSS: 59.50	MAE: 41.71	RMSE: 78.50
Epoch 171	LOSS: 65.31	MAE: 43.61	RMSE: 79.39
Epoch 172	LOSS: 59.91	MAE: 41.68	RMSE: 78.73
Epoch 173	LOSS: 70.49	MAE: 45.78	RMSE: 80.61
Epoch 174	LOSS: 59.90	MAE: 42.36	RMSE: 79.19
Epoch 175	LOSS: 63.33	MAE: 42.53	RMSE: 79.39
Epoch 176	LOSS: 65.35	MAE: 43.06	RMSE: 79.70
Epoch 177	LOSS: 61.50	MAE: 42.49	RMSE: 79.52
Epoch 178	LOSS: 66.61	MAE: 44.67	RMSE: 80.45
Epoch 179	LOSS: 59.98	MAE: 42.58	RMSE: 79.62
Epoch 180	LOSS: 66.70	MAE: 44.25	RMSE: 80.53
Epoch 181	LOSS: 58.11	MAE: 42.03	RMSE: 79.50
Epoch 182	LOSS: 64.56	MAE: 43.97	RMSE: 80.29
Epoch 183	LOSS: 61.23	MAE: 42.56	RMSE: 79.54
Epoch 184	LOSS: 64.56	MAE: 43.75	RMSE: 79.90
Epoch 185	LOSS: 58.87	MAE: 41.87	RMSE: 79.31
Epoch 186	LOSS: 69.75	MAE: 45.16	RMSE: 80.59
Epoch 187	LOSS: 56.87	MAE: 41.60	RMSE: 79.28
Epoch 188	LOSS: 66.30	MAE: 44.46	RMSE: 80.65
Epoch 189	LOSS: 63.14	MAE: 43.31	RMSE: 80.12
Epoch 190	LOSS: 60.94	MAE: 42.76	RMSE: 80.14
Epoch 191	LOSS: 62.67	MAE: 43.32	RMSE: 80.43
Epoch 192	LOSS: 61.76	MAE: 42.92	RMSE: 80.37
Epoch 193	LOSS: 64.27	MAE: 43.48	RMSE: 80.68
Epoch 194	LOSS: 60.78	MAE: 42.68	RMSE: 80.50
Epoch 195	LOSS: 64.79	MAE: 43.76	RMSE: 80.95
Epoch 196	LOSS: 59.85	MAE: 42.24	RMSE: 80.50
Epoch 197	LOSS: 66.75	MAE: 44.46	RMSE: 81.35
Epoch 198	LOSS: 59.81	MAE: 42.59	RMSE: 80.67
Epoch 199	LOSS: 68.33	MAE: 44.81	RMSE: 81.54
Epoch 200	LOSS: 57.19	MAE: 42.03	RMSE: 80.58
Epoch 201	LOSS: 65.38	MAE: 44.65	RMSE: 81.76
Epoch 202	LOSS: 56.85	MAE: 42.03	RMSE: 80.98
Epoch 203	LOSS: 65.04	MAE: 44.32	RMSE: 81.91
Epoch 204	LOSS: 63.18	MAE: 44.19	RMSE: 81.93
Epoch 205	LOSS: 60.37	MAE: 43.75	RMSE: 81.90
Epoch 206	LOSS: 62.64	MAE: 42.98	RMSE: 82.19
Epoch 207	LOSS: 63.50	MAE: 43.93	RMSE: 82.78
Epoch 208	LOSS: 59.91	MAE: 44.50	RMSE: 82.99
Epoch 209	LOSS: 60.60	MAE: 44.44	RMSE: 82.86
Epoch 210	LOSS: 68.59	MAE: 45.86	RMSE: 83.43
Epoch 211	LOSS: 54.06	MAE: 41.72	RMSE: 81.38
Epoch 212	LOSS: 67.99	MAE: 45.24	RMSE: 82.26
Epoch 213	LOSS: 58.33	MAE: 42.06	RMSE: 80.96
Epoch 214	LOSS: 67.06	MAE: 44.90	RMSE: 82.06
Epoch 215	LOSS: 58.13	MAE: 42.13	RMSE: 81.15
Epoch 216	LOSS: 67.43	MAE: 45.17	RMSE: 82.53
Epoch 217	LOSS: 56.12	MAE: 42.39	RMSE: 81.56
Epoch 218	LOSS: 63.76	MAE: 44.43	RMSE: 82.59
Epoch 219	LOSS: 56.99	MAE: 42.53	RMSE: 82.15
Epoch 220	LOSS: 64.23	MAE: 44.87	RMSE: 83.19
Epoch 221	LOSS: 57.37	MAE: 43.04	RMSE: 82.66
Epoch 222	LOSS: 67.34	MAE: 45.86	RMSE: 83.84
Epoch 223	LOSS: 56.05	MAE: 42.50	RMSE: 82.59
Epoch 224	LOSS: 66.33	MAE: 44.86	RMSE: 83.48
Epoch 225	LOSS: 56.38	MAE: 42.56	RMSE: 82.48
Epoch 226	LOSS: 63.88	MAE: 44.96	RMSE: 83.54
Epoch 227	LOSS: 57.42	MAE: 43.06	RMSE: 83.08
Epoch 228	LOSS: 65.90	MAE: 45.19	RMSE: 84.14
Epoch 229	LOSS: 56.41	MAE: 42.81	RMSE: 83.39
Epoch 230	LOSS: 66.81	MAE: 46.07	RMSE: 84.56
Epoch 231	LOSS: 56.93	MAE: 43.33	RMSE: 83.48
Epoch 232	LOSS: 61.50	MAE: 44.10	RMSE: 83.86
Epoch 233	LOSS: 60.56	MAE: 43.70	RMSE: 83.55
Epoch 234	LOSS: 57.09	MAE: 43.08	RMSE: 83.42
Epoch 235	LOSS: 69.32	MAE: 46.06	RMSE: 84.70
Epoch 236	LOSS: 56.68	MAE: 42.76	RMSE: 83.53
Epoch 237	LOSS: 66.33	MAE: 45.70	RMSE: 84.66
Epoch 238	LOSS: 57.94	MAE: 43.62	RMSE: 84.05
Epoch 239	LOSS: 59.86	MAE: 44.44	RMSE: 84.44
Epoch 240	LOSS: 63.32	MAE: 45.01	RMSE: 84.74
Epoch 241	LOSS: 56.97	MAE: 43.36	RMSE: 84.27
Epoch 242	LOSS: 65.73	MAE: 45.52	RMSE: 84.94
Epoch 243	LOSS: 54.94	MAE: 42.65	RMSE: 84.14
Epoch 244	LOSS: 66.12	MAE: 45.37	RMSE: 85.10
Epoch 245	LOSS: 56.18	MAE: 43.38	RMSE: 84.51
Epoch 246	LOSS: 66.33	MAE: 46.44	RMSE: 85.78
Epoch 247	LOSS: 56.51	MAE: 43.94	RMSE: 84.87
Epoch 248	LOSS: 63.46	MAE: 46.04	RMSE: 85.76
Epoch 249	LOSS: 57.44	MAE: 43.40	RMSE: 85.14
Epoch 250	LOSS: 63.47	MAE: 45.00	RMSE: 85.72
Epoch 251	LOSS: 55.50	MAE: 43.29	RMSE: 85.28
Epoch 252	LOSS: 64.41	MAE: 45.83	RMSE: 86.13
Epoch 253	LOSS: 55.71	MAE: 43.42	RMSE: 85.39
Epoch 254	LOSS: 66.74	MAE: 46.08	RMSE: 86.34
Epoch 255	LOSS: 58.05	MAE: 44.53	RMSE: 85.83
Epoch 256	LOSS: 61.60	MAE: 45.04	RMSE: 85.95
Epoch 257	LOSS: 55.42	MAE: 43.24	RMSE: 85.64
Epoch 258	LOSS: 63.24	MAE: 45.68	RMSE: 86.48
Epoch 259	LOSS: 55.01	MAE: 43.61	RMSE: 86.04
Epoch 260	LOSS: 64.68	MAE: 46.21	RMSE: 87.09
Epoch 261	LOSS: 55.63	MAE: 43.95	RMSE: 86.56
Epoch 262	LOSS: 60.12	MAE: 44.97	RMSE: 87.00
Epoch 263	LOSS: 55.79	MAE: 44.13	RMSE: 86.68
Epoch 264	LOSS: 66.06	MAE: 46.42	RMSE: 87.37
Epoch 265	LOSS: 55.39	MAE: 43.56	RMSE: 86.41
Epoch 266	LOSS: 62.60	MAE: 45.66	RMSE: 87.06
Epoch 267	LOSS: 51.57	MAE: 43.02	RMSE: 86.48
Epoch 268	LOSS: 63.61	MAE: 46.02	RMSE: 87.53
Epoch 269	LOSS: 58.06	MAE: 44.75	RMSE: 87.46
Epoch 270	LOSS: 57.58	MAE: 44.51	RMSE: 87.62
Epoch 271	LOSS: 66.13	MAE: 46.83	RMSE: 88.62
Epoch 272	LOSS: 55.71	MAE: 44.31	RMSE: 87.63
Epoch 273	LOSS: 65.15	MAE: 46.59	RMSE: 88.24
Epoch 274	LOSS: 53.50	MAE: 43.57	RMSE: 87.19
Epoch 275	LOSS: 62.45	MAE: 45.83	RMSE: 87.65
Epoch 276	LOSS: 59.53	MAE: 44.73	RMSE: 87.22
Epoch 277	LOSS: 57.59	MAE: 44.34	RMSE: 86.98
Epoch 278	LOSS: 62.33	MAE: 45.84	RMSE: 87.53
Epoch 279	LOSS: 59.95	MAE: 44.78	RMSE: 87.04
Epoch 280	LOSS: 58.94	MAE: 44.59	RMSE: 87.04
Epoch 281	LOSS: 59.27	MAE: 44.55	RMSE: 86.99
Epoch 282	LOSS: 64.12	MAE: 46.10	RMSE: 87.71
Epoch 283	LOSS: 61.87	MAE: 45.07	RMSE: 87.20
Epoch 284	LOSS: 61.09	MAE: 44.96	RMSE: 87.32
Epoch 285	LOSS: 60.57	MAE: 44.96	RMSE: 87.40
Epoch 286	LOSS: 61.37	MAE: 45.31	RMSE: 87.42
Epoch 287	LOSS: 59.39	MAE: 44.96	RMSE: 87.35
Epoch 288	LOSS: 57.67	MAE: 44.43	RMSE: 87.15
Epoch 289	LOSS: 67.55	MAE: 47.32	RMSE: 88.23
Epoch 290	LOSS: 53.20	MAE: 43.42	RMSE: 86.85
Epoch 291	LOSS: 67.28	MAE: 47.46	RMSE: 88.39
Epoch 292	LOSS: 53.59	MAE: 43.70	RMSE: 87.00
Epoch 293	LOSS: 64.94	MAE: 46.31	RMSE: 88.02
Epoch 294	LOSS: 54.40	MAE: 43.57	RMSE: 87.25
Epoch 295	LOSS: 66.38	MAE: 47.12	RMSE: 88.27
Epoch 296	LOSS: 55.58	MAE: 43.70	RMSE: 86.91
Epoch 297	LOSS: 63.03	MAE: 45.69	RMSE: 87.58
Epoch 298	LOSS: 57.70	MAE: 44.22	RMSE: 86.90
Epoch 299	LOSS: 60.76	MAE: 45.21	RMSE: 87.13
Epoch 300	LOSS: 55.55	MAE: 43.70	RMSE: 86.58
Epoch 301	LOSS: 67.90	MAE: 47.07	RMSE: 87.73
Epoch 302	LOSS: 53.90	MAE: 43.49	RMSE: 86.49
Epoch 303	LOSS: 63.06	MAE: 45.62	RMSE: 87.28
Epoch 304	LOSS: 55.82	MAE: 43.56	RMSE: 86.70
Epoch 305	LOSS: 66.30	MAE: 47.09	RMSE: 87.86
Epoch 306	LOSS: 54.94	MAE: 43.71	RMSE: 86.71
Epoch 307	LOSS: 63.75	MAE: 45.99	RMSE: 87.57
Epoch 308	LOSS: 54.32	MAE: 43.13	RMSE: 86.60
Epoch 309	LOSS: 64.38	MAE: 45.99	RMSE: 87.41
Epoch 310	LOSS: 55.70	MAE: 43.89	RMSE: 86.70
Epoch 311	LOSS: 59.55	MAE: 44.91	RMSE: 86.86
Epoch 312	LOSS: 56.53	MAE: 43.87	RMSE: 86.57
Epoch 313	LOSS: 62.85	MAE: 45.49	RMSE: 87.08
Epoch 314	LOSS: 54.29	MAE: 43.35	RMSE: 86.48
Epoch 315	LOSS: 59.34	MAE: 44.99	RMSE: 86.93
Epoch 316	LOSS: 52.64	MAE: 42.85	RMSE: 86.19
Epoch 317	LOSS: 63.63	MAE: 45.31	RMSE: 86.82
Epoch 318	LOSS: 56.97	MAE: 43.68	RMSE: 86.36
Epoch 319	LOSS: 60.76	MAE: 44.64	RMSE: 86.61
Epoch 320	LOSS: 59.10	MAE: 44.80	RMSE: 87.00
Epoch 321	LOSS: 57.64	MAE: 44.01	RMSE: 86.74
Epoch 322	LOSS: 60.35	MAE: 44.74	RMSE: 87.13
Epoch 323	LOSS: 59.00	MAE: 44.49	RMSE: 87.12
Epoch 324	LOSS: 61.77	MAE: 45.50	RMSE: 87.20
Epoch 325	LOSS: 55.10	MAE: 43.44	RMSE: 86.38
Epoch 326	LOSS: 61.52	MAE: 45.00	RMSE: 86.77
Epoch 327	LOSS: 55.65	MAE: 43.47	RMSE: 86.12
Epoch 328	LOSS: 62.93	MAE: 45.31	RMSE: 86.71
Epoch 329	LOSS: 53.71	MAE: 42.95	RMSE: 85.87
Epoch 330	LOSS: 62.03	MAE: 45.28	RMSE: 86.66
Epoch 331	LOSS: 54.40	MAE: 43.15	RMSE: 86.06
Epoch 332	LOSS: 66.06	MAE: 46.58	RMSE: 87.27
Epoch 333	LOSS: 56.20	MAE: 43.65	RMSE: 86.15
Epoch 334	LOSS: 60.52	MAE: 44.47	RMSE: 86.39
Epoch 335	LOSS: 54.16	MAE: 42.88	RMSE: 85.73
Epoch 336	LOSS: 60.53	MAE: 44.90	RMSE: 86.27
Epoch 337	LOSS: 54.66	MAE: 43.28	RMSE: 86.05
Epoch 338	LOSS: 64.63	MAE: 45.96	RMSE: 87.22
Epoch 339	LOSS: 55.57	MAE: 43.93	RMSE: 86.77
Epoch 340	LOSS: 59.55	MAE: 45.03	RMSE: 87.10
Epoch 341	LOSS: 52.93	MAE: 43.13	RMSE: 86.32
Epoch 342	LOSS: 63.58	MAE: 46.28	RMSE: 87.27
Epoch 343	LOSS: 52.66	MAE: 42.99	RMSE: 85.96
Epoch 344	LOSS: 62.33	MAE: 45.51	RMSE: 86.73
Epoch 345	LOSS: 56.30	MAE: 43.83	RMSE: 86.30
Epoch 346	LOSS: 59.88	MAE: 44.73	RMSE: 87.03
Epoch 347	LOSS: 55.22	MAE: 43.85	RMSE: 86.62
Epoch 348	LOSS: 66.96	MAE: 46.65	RMSE: 87.64
Epoch 349	LOSS: 52.81	MAE: 42.88	RMSE: 86.45
Epoch 350	LOSS: 63.90	MAE: 45.95	RMSE: 87.15
Epoch 351	LOSS: 53.17	MAE: 43.08	RMSE: 86.24
Epoch 352	LOSS: 64.02	MAE: 46.20	RMSE: 87.33
Epoch 353	LOSS: 52.08	MAE: 42.85	RMSE: 86.30
Epoch 354	LOSS: 65.46	MAE: 46.01	RMSE: 87.21
Epoch 355	LOSS: 52.39	MAE: 43.02	RMSE: 86.36
Epoch 356	LOSS: 65.36	MAE: 46.28	RMSE: 87.51
Epoch 357	LOSS: 51.99	MAE: 43.02	RMSE: 86.71
Epoch 358	LOSS: 64.31	MAE: 46.24	RMSE: 87.92
Epoch 359	LOSS: 52.57	MAE: 43.16	RMSE: 87.19
Epoch 360	LOSS: 64.60	MAE: 46.69	RMSE: 88.31
Epoch 361	LOSS: 52.96	MAE: 43.54	RMSE: 87.32
Epoch 362	LOSS: 64.96	MAE: 46.71	RMSE: 88.34
Epoch 363	LOSS: 51.93	MAE: 43.13	RMSE: 87.18
Epoch 364	LOSS: 63.61	MAE: 46.07	RMSE: 87.98
Epoch 365	LOSS: 50.35	MAE: 42.87	RMSE: 86.92
Epoch 366	LOSS: 63.92	MAE: 46.03	RMSE: 87.89
Epoch 367	LOSS: 52.48	MAE: 43.11	RMSE: 87.11
Epoch 368	LOSS: 64.75	MAE: 46.85	RMSE: 88.50
Epoch 369	LOSS: 52.37	MAE: 43.29	RMSE: 87.40
Epoch 370	LOSS: 65.71	MAE: 46.68	RMSE: 88.41
Epoch 371	LOSS: 52.98	MAE: 43.28	RMSE: 87.24
Epoch 372	LOSS: 65.02	MAE: 46.50	RMSE: 88.14
Epoch 373	LOSS: 51.81	MAE: 43.08	RMSE: 86.94
Epoch 374	LOSS: 64.40	MAE: 46.28	RMSE: 88.06
Epoch 375	LOSS: 51.75	MAE: 43.16	RMSE: 87.29
Epoch 376	LOSS: 64.57	MAE: 46.48	RMSE: 88.43
Epoch 377	LOSS: 53.01	MAE: 43.43	RMSE: 87.57
Epoch 378	LOSS: 64.07	MAE: 46.51	RMSE: 88.63
Epoch 379	LOSS: 52.57	MAE: 43.43	RMSE: 87.67
Epoch 380	LOSS: 62.97	MAE: 46.07	RMSE: 88.48
Epoch 381	LOSS: 53.95	MAE: 43.63	RMSE: 87.55
Epoch 382	LOSS: 60.58	MAE: 45.31	RMSE: 87.99
Epoch 383	LOSS: 55.73	MAE: 44.08	RMSE: 87.44
Epoch 384	LOSS: 60.26	MAE: 45.15	RMSE: 88.03
Epoch 385	LOSS: 50.74	MAE: 43.11	RMSE: 87.64
Epoch 386	LOSS: 63.13	MAE: 46.71	RMSE: 89.16
Epoch 387	LOSS: 53.00	MAE: 44.06	RMSE: 88.40
Epoch 388	LOSS: 60.39	MAE: 45.79	RMSE: 89.02
Epoch 389	LOSS: 58.85	MAE: 44.99	RMSE: 88.42
Epoch 390	LOSS: 57.45	MAE: 44.30	RMSE: 88.15
Epoch 391	LOSS: 57.52	MAE: 44.37	RMSE: 87.97
Epoch 392	LOSS: 57.32	MAE: 44.98	RMSE: 87.91
Epoch 393	LOSS: 59.42	MAE: 45.23	RMSE: 88.42
Epoch 394	LOSS: 54.75	MAE: 44.31	RMSE: 88.18
Epoch 395	LOSS: 60.63	MAE: 45.79	RMSE: 88.77
Epoch 396	LOSS: 55.56	MAE: 44.49	RMSE: 88.71
Epoch 397	LOSS: 59.21	MAE: 45.56	RMSE: 88.91
Epoch 398	LOSS: 55.14	MAE: 44.29	RMSE: 88.62
Epoch 399	LOSS: 58.26	MAE: 45.01	RMSE: 88.72
Epoch 400	LOSS: 55.97	MAE: 44.54	RMSE: 88.46
Epoch 401	LOSS: 61.90	MAE: 46.14	RMSE: 88.85
Epoch 402	LOSS: 50.53	MAE: 43.30	RMSE: 88.04
Epoch 403	LOSS: 64.59	MAE: 46.54	RMSE: 89.33
Epoch 404	LOSS: 52.86	MAE: 43.67	RMSE: 88.48
Epoch 405	LOSS: 61.72	MAE: 46.69	RMSE: 89.48
Epoch 406	LOSS: 51.21	MAE: 43.49	RMSE: 88.70
Epoch 407	LOSS: 63.63	MAE: 46.52	RMSE: 89.58
Epoch 408	LOSS: 51.52	MAE: 43.82	RMSE: 88.71
Epoch 409	LOSS: 63.41	MAE: 47.04	RMSE: 89.79
Epoch 410	LOSS: 52.46	MAE: 43.75	RMSE: 88.53
Epoch 411	LOSS: 61.86	MAE: 46.16	RMSE: 89.39
Epoch 412	LOSS: 53.61	MAE: 43.92	RMSE: 88.85
Epoch 413	LOSS: 60.41	MAE: 46.02	RMSE: 89.62
Epoch 414	LOSS: 56.02	MAE: 44.94	RMSE: 89.20
Epoch 415	LOSS: 59.86	MAE: 45.67	RMSE: 89.61
Epoch 416	LOSS: 50.08	MAE: 43.34	RMSE: 88.69
Epoch 417	LOSS: 62.47	MAE: 46.66	RMSE: 89.58
Epoch 418	LOSS: 52.88	MAE: 43.72	RMSE: 88.66
Epoch 419	LOSS: 58.89	MAE: 45.51	RMSE: 89.20
Epoch 420	LOSS: 56.49	MAE: 45.05	RMSE: 89.20
Epoch 421	LOSS: 53.31	MAE: 44.35	RMSE: 89.20
Epoch 422	LOSS: 57.00	MAE: 45.15	RMSE: 89.49
Epoch 423	LOSS: 57.38	MAE: 45.29	RMSE: 89.50
Epoch 424	LOSS: 55.63	MAE: 44.71	RMSE: 89.54
Epoch 425	LOSS: 61.20	MAE: 46.68	RMSE: 90.30
Epoch 426	LOSS: 51.94	MAE: 44.00	RMSE: 89.76
Epoch 427	LOSS: 61.66	MAE: 46.64	RMSE: 90.43
Epoch 428	LOSS: 53.40	MAE: 44.81	RMSE: 89.90
Epoch 429	LOSS: 60.10	MAE: 45.73	RMSE: 90.33
Epoch 430	LOSS: 53.48	MAE: 44.41	RMSE: 89.78
Epoch 431	LOSS: 61.63	MAE: 46.12	RMSE: 90.26
Epoch 432	LOSS: 52.57	MAE: 44.09	RMSE: 89.84
Epoch 433	LOSS: 59.93	MAE: 46.34	RMSE: 90.35
Epoch 434	LOSS: 52.24	MAE: 44.18	RMSE: 89.92
Epoch 435	LOSS: 61.00	MAE: 46.72	RMSE: 90.73
Epoch 436	LOSS: 52.93	MAE: 44.52	RMSE: 90.06
Epoch 437	LOSS: 62.17	MAE: 46.67	RMSE: 90.73
Epoch 438	LOSS: 53.23	MAE: 44.45	RMSE: 90.02
Epoch 439	LOSS: 58.84	MAE: 45.54	RMSE: 90.28
Epoch 440	LOSS: 52.58	MAE: 44.15	RMSE: 89.93
Epoch 441	LOSS: 61.55	MAE: 46.48	RMSE: 90.65
Epoch 442	LOSS: 51.89	MAE: 44.28	RMSE: 90.43
Epoch 443	LOSS: 60.58	MAE: 46.57	RMSE: 91.20
Epoch 444	LOSS: 51.64	MAE: 44.47	RMSE: 90.60
Epoch 445	LOSS: 57.67	MAE: 45.98	RMSE: 90.95
Epoch 446	LOSS: 55.66	MAE: 45.33	RMSE: 90.94
Epoch 447	LOSS: 59.07	MAE: 46.05	RMSE: 91.13
Epoch 448	LOSS: 53.92	MAE: 44.84	RMSE: 90.83
Epoch 449	LOSS: 60.79	MAE: 46.37	RMSE: 91.28
Epoch 450	LOSS: 51.41	MAE: 44.29	RMSE: 90.69
Epoch 451	LOSS: 61.73	MAE: 47.03	RMSE: 91.61
Epoch 452	LOSS: 52.97	MAE: 44.70	RMSE: 90.67
Epoch 453	LOSS: 58.59	MAE: 45.68	RMSE: 91.17
Epoch 454	LOSS: 54.77	MAE: 44.90	RMSE: 90.75
Epoch 455	LOSS: 56.08	MAE: 45.66	RMSE: 91.19
Epoch 456	LOSS: 57.95	MAE: 46.00	RMSE: 91.49
Epoch 457	LOSS: 52.84	MAE: 44.75	RMSE: 91.13
Epoch 458	LOSS: 57.62	MAE: 46.22	RMSE: 91.54
Epoch 459	LOSS: 54.63	MAE: 45.41	RMSE: 91.16
Epoch 460	LOSS: 58.81	MAE: 46.15	RMSE: 91.28
Epoch 461	LOSS: 51.88	MAE: 44.66	RMSE: 90.68
Epoch 462	LOSS: 59.69	MAE: 46.30	RMSE: 91.22
Epoch 463	LOSS: 54.04	MAE: 44.97	RMSE: 91.15
Epoch 464	LOSS: 57.98	MAE: 46.66	RMSE: 91.70
Epoch 465	LOSS: 52.55	MAE: 44.73	RMSE: 91.52
Epoch 466	LOSS: 58.94	MAE: 46.58	RMSE: 92.03
Epoch 467	LOSS: 51.92	MAE: 44.98	RMSE: 91.62
Epoch 468	LOSS: 56.57	MAE: 45.60	RMSE: 91.81
Epoch 469	LOSS: 53.64	MAE: 45.10	RMSE: 91.55
Epoch 470	LOSS: 61.87	MAE: 47.30	RMSE: 92.16
Epoch 471	LOSS: 49.41	MAE: 44.30	RMSE: 91.35
Epoch 472	LOSS: 65.87	MAE: 48.14	RMSE: 92.79
Epoch 473	LOSS: 50.41	MAE: 44.43	RMSE: 91.65
Epoch 474	LOSS: 58.76	MAE: 46.94	RMSE: 92.30
Epoch 475	LOSS: 53.12	MAE: 44.69	RMSE: 91.64
Epoch 476	LOSS: 64.82	MAE: 47.96	RMSE: 92.46
Epoch 477	LOSS: 50.34	MAE: 44.40	RMSE: 91.28
Epoch 478	LOSS: 61.45	MAE: 47.12	RMSE: 92.31
Epoch 479	LOSS: 51.13	MAE: 44.41	RMSE: 91.50
Epoch 480	LOSS: 62.11	MAE: 47.76	RMSE: 92.70
Epoch 481	LOSS: 49.73	MAE: 44.48	RMSE: 91.86
Epoch 482	LOSS: 61.10	MAE: 47.46	RMSE: 92.72
Epoch 483	LOSS: 51.45	MAE: 44.73	RMSE: 91.93
Epoch 484	LOSS: 57.30	MAE: 46.13	RMSE: 92.28
Epoch 485	LOSS: 58.00	MAE: 46.58	RMSE: 92.57
Epoch 486	LOSS: 52.83	MAE: 45.54	RMSE: 92.20
Epoch 487	LOSS: 58.50	MAE: 46.90	RMSE: 92.79
Epoch 488	LOSS: 53.92	MAE: 45.16	RMSE: 92.14
Epoch 489	LOSS: 55.13	MAE: 45.84	RMSE: 92.44
Epoch 490	LOSS: 58.96	MAE: 47.03	RMSE: 92.90
Epoch 491	LOSS: 50.05	MAE: 44.61	RMSE: 92.28
Epoch 492	LOSS: 60.70	MAE: 47.37	RMSE: 93.08
Epoch 493	LOSS: 50.19	MAE: 44.59	RMSE: 92.35
Epoch 494	LOSS: 61.03	MAE: 47.48	RMSE: 93.33
Epoch 495	LOSS: 51.05	MAE: 45.00	RMSE: 92.61
Epoch 496	LOSS: 57.87	MAE: 46.94	RMSE: 93.16
Epoch 497	LOSS: 56.09	MAE: 46.16	RMSE: 93.00
Epoch 498	LOSS: 53.53	MAE: 45.59	RMSE: 92.81
Epoch 499	LOSS: 54.09	MAE: 45.79	RMSE: 92.80
