Epoch 000	LOSS: 228.69	MAE: 214.83	RMSE: 261.73
Epoch 001	LOSS: 224.56	MAE: 213.11	RMSE: 260.27
Epoch 002	LOSS: 224.69	MAE: 212.78	RMSE: 259.99
Epoch 003	LOSS: 227.35	MAE: 212.54	RMSE: 259.79
Epoch 004	LOSS: 225.59	MAE: 212.30	RMSE: 259.58
Epoch 005	LOSS: 226.60	MAE: 212.05	RMSE: 259.37
Epoch 006	LOSS: 221.95	MAE: 211.80	RMSE: 259.16
Epoch 007	LOSS: 224.00	MAE: 211.55	RMSE: 258.95
Epoch 008	LOSS: 224.71	MAE: 211.30	RMSE: 258.73
Epoch 009	LOSS: 223.44	MAE: 211.04	RMSE: 258.51
Epoch 010	LOSS: 221.56	MAE: 210.77	RMSE: 258.28
Epoch 011	LOSS: 221.28	MAE: 210.51	RMSE: 258.06
Epoch 012	LOSS: 221.93	MAE: 210.23	RMSE: 257.82
Epoch 013	LOSS: 222.31	MAE: 209.96	RMSE: 257.59
Epoch 014	LOSS: 221.39	MAE: 209.68	RMSE: 257.35
Epoch 015	LOSS: 220.69	MAE: 209.40	RMSE: 257.11
Epoch 016	LOSS: 219.62	MAE: 209.11	RMSE: 256.86
Epoch 017	LOSS: 222.58	MAE: 208.82	RMSE: 256.61
Epoch 018	LOSS: 218.93	MAE: 208.53	RMSE: 256.36
Epoch 019	LOSS: 219.91	MAE: 208.23	RMSE: 256.10
Epoch 020	LOSS: 218.27	MAE: 207.93	RMSE: 255.85
Epoch 021	LOSS: 219.61	MAE: 207.62	RMSE: 255.58
Epoch 022	LOSS: 219.77	MAE: 207.31	RMSE: 255.32
Epoch 023	LOSS: 220.05	MAE: 207.00	RMSE: 255.05
Epoch 024	LOSS: 217.77	MAE: 206.68	RMSE: 254.77
Epoch 025	LOSS: 217.07	MAE: 206.40	RMSE: 254.53
Epoch 026	LOSS: 217.80	MAE: 206.04	RMSE: 254.22
Epoch 027	LOSS: 217.28	MAE: 205.70	RMSE: 253.93
Epoch 028	LOSS: 218.87	MAE: 205.80	RMSE: 253.88
Epoch 029	LOSS: 211.98	MAE: 205.04	RMSE: 253.36
Epoch 030	LOSS: 214.24	MAE: 204.71	RMSE: 253.07
Epoch 031	LOSS: 213.53	MAE: 204.36	RMSE: 252.77
Epoch 032	LOSS: 215.47	MAE: 204.02	RMSE: 252.47
Epoch 033	LOSS: 217.41	MAE: 203.67	RMSE: 252.17
Epoch 034	LOSS: 212.44	MAE: 203.31	RMSE: 251.86
Epoch 035	LOSS: 214.21	MAE: 202.95	RMSE: 251.55
Epoch 036	LOSS: 212.56	MAE: 202.59	RMSE: 251.24
Epoch 037	LOSS: 215.38	MAE: 202.23	RMSE: 250.92
Epoch 038	LOSS: 215.47	MAE: 201.86	RMSE: 250.59
Epoch 039	LOSS: 210.69	MAE: 201.48	RMSE: 250.27
Epoch 040	LOSS: 213.67	MAE: 201.11	RMSE: 249.94
Epoch 041	LOSS: 213.05	MAE: 200.73	RMSE: 249.61
Epoch 042	LOSS: 210.42	MAE: 200.34	RMSE: 249.27
Epoch 043	LOSS: 211.25	MAE: 199.96	RMSE: 248.93
Epoch 044	LOSS: 216.23	MAE: 199.57	RMSE: 248.59
Epoch 045	LOSS: 208.65	MAE: 199.17	RMSE: 248.25
Epoch 046	LOSS: 213.41	MAE: 198.78	RMSE: 247.90
Epoch 047	LOSS: 207.10	MAE: 198.38	RMSE: 247.55
Epoch 048	LOSS: 209.06	MAE: 197.98	RMSE: 247.19
Epoch 049	LOSS: 205.36	MAE: 197.57	RMSE: 246.84
Epoch 050	LOSS: 211.84	MAE: 197.17	RMSE: 246.48
Epoch 051	LOSS: 211.79	MAE: 196.76	RMSE: 246.11
Epoch 052	LOSS: 207.19	MAE: 196.34	RMSE: 245.75
Epoch 053	LOSS: 209.60	MAE: 195.93	RMSE: 245.38
Epoch 054	LOSS: 209.07	MAE: 195.51	RMSE: 245.01
Epoch 055	LOSS: 207.13	MAE: 195.09	RMSE: 244.63
Epoch 056	LOSS: 205.46	MAE: 194.67	RMSE: 244.26
Epoch 057	LOSS: 203.23	MAE: 194.24	RMSE: 243.88
Epoch 058	LOSS: 202.59	MAE: 193.81	RMSE: 243.49
Epoch 059	LOSS: 203.80	MAE: 193.38	RMSE: 243.11
Epoch 060	LOSS: 204.33	MAE: 192.94	RMSE: 242.72
Epoch 061	LOSS: 205.02	MAE: 192.51	RMSE: 242.32
Epoch 062	LOSS: 204.12	MAE: 192.07	RMSE: 241.93
Epoch 063	LOSS: 199.54	MAE: 191.63	RMSE: 241.53
Epoch 064	LOSS: 203.68	MAE: 191.18	RMSE: 241.13
Epoch 065	LOSS: 203.75	MAE: 190.74	RMSE: 240.73
Epoch 066	LOSS: 201.88	MAE: 190.29	RMSE: 240.33
Epoch 067	LOSS: 199.75	MAE: 189.84	RMSE: 239.92
Epoch 068	LOSS: 202.14	MAE: 189.39	RMSE: 239.51
Epoch 069	LOSS: 199.04	MAE: 188.94	RMSE: 239.10
Epoch 070	LOSS: 197.03	MAE: 188.48	RMSE: 238.69
Epoch 071	LOSS: 199.45	MAE: 188.02	RMSE: 238.27
Epoch 072	LOSS: 198.15	MAE: 187.56	RMSE: 237.85
Epoch 073	LOSS: 198.72	MAE: 187.10	RMSE: 237.43
Epoch 074	LOSS: 196.93	MAE: 186.64	RMSE: 237.00
Epoch 075	LOSS: 199.44	MAE: 186.18	RMSE: 236.58
Epoch 076	LOSS: 201.92	MAE: 185.71	RMSE: 236.15
Epoch 077	LOSS: 198.52	MAE: 185.25	RMSE: 235.72
Epoch 078	LOSS: 196.74	MAE: 184.78	RMSE: 235.29
Epoch 079	LOSS: 194.28	MAE: 184.31	RMSE: 234.85
Epoch 080	LOSS: 195.22	MAE: 183.84	RMSE: 234.42
Epoch 081	LOSS: 194.50	MAE: 183.37	RMSE: 233.98
Epoch 082	LOSS: 195.98	MAE: 182.89	RMSE: 233.54
Epoch 083	LOSS: 193.49	MAE: 182.42	RMSE: 233.10
Epoch 084	LOSS: 192.40	MAE: 181.95	RMSE: 232.66
Epoch 085	LOSS: 190.91	MAE: 181.47	RMSE: 232.21
Epoch 086	LOSS: 192.90	MAE: 180.99	RMSE: 231.76
Epoch 087	LOSS: 193.00	MAE: 180.52	RMSE: 231.31
Epoch 088	LOSS: 189.83	MAE: 180.04	RMSE: 230.86
Epoch 089	LOSS: 192.99	MAE: 179.56	RMSE: 230.41
Epoch 090	LOSS: 188.30	MAE: 179.08	RMSE: 229.95
Epoch 091	LOSS: 189.33	MAE: 178.60	RMSE: 229.50
Epoch 092	LOSS: 188.69	MAE: 178.12	RMSE: 229.04
Epoch 093	LOSS: 190.35	MAE: 177.64	RMSE: 228.58
Epoch 094	LOSS: 188.41	MAE: 177.15	RMSE: 228.12
Epoch 095	LOSS: 188.17	MAE: 176.67	RMSE: 227.66
Epoch 096	LOSS: 186.22	MAE: 176.19	RMSE: 227.19
Epoch 097	LOSS: 187.71	MAE: 175.71	RMSE: 226.73
Epoch 098	LOSS: 189.12	MAE: 175.22	RMSE: 226.26
Epoch 099	LOSS: 181.91	MAE: 174.74	RMSE: 225.79
Epoch 100	LOSS: 184.67	MAE: 174.26	RMSE: 225.33
Epoch 101	LOSS: 183.72	MAE: 173.78	RMSE: 224.86
Epoch 102	LOSS: 184.67	MAE: 173.30	RMSE: 224.38
Epoch 103	LOSS: 184.45	MAE: 172.81	RMSE: 223.91
Epoch 104	LOSS: 185.78	MAE: 172.33	RMSE: 223.44
Epoch 105	LOSS: 181.90	MAE: 171.85	RMSE: 222.96
Epoch 106	LOSS: 185.06	MAE: 171.37	RMSE: 222.49
Epoch 107	LOSS: 179.57	MAE: 170.89	RMSE: 222.01
Epoch 108	LOSS: 182.93	MAE: 170.41	RMSE: 221.53
Epoch 109	LOSS: 180.17	MAE: 169.93	RMSE: 221.05
Epoch 110	LOSS: 181.77	MAE: 169.45	RMSE: 220.57
Epoch 111	LOSS: 181.13	MAE: 168.97	RMSE: 220.09
Epoch 112	LOSS: 176.94	MAE: 168.49	RMSE: 219.61
Epoch 113	LOSS: 177.05	MAE: 168.01	RMSE: 219.13
Epoch 114	LOSS: 176.26	MAE: 167.53	RMSE: 218.64
Epoch 115	LOSS: 176.25	MAE: 167.05	RMSE: 218.16
Epoch 116	LOSS: 174.76	MAE: 166.58	RMSE: 217.67
Epoch 117	LOSS: 176.89	MAE: 166.11	RMSE: 217.19
Epoch 118	LOSS: 178.30	MAE: 165.64	RMSE: 216.70
Epoch 119	LOSS: 177.62	MAE: 165.17	RMSE: 216.21
Epoch 120	LOSS: 176.83	MAE: 164.70	RMSE: 215.72
Epoch 121	LOSS: 172.79	MAE: 164.23	RMSE: 215.24
Epoch 122	LOSS: 177.86	MAE: 163.76	RMSE: 214.75
Epoch 123	LOSS: 174.37	MAE: 163.30	RMSE: 214.26
Epoch 124	LOSS: 173.83	MAE: 162.84	RMSE: 213.77
Epoch 125	LOSS: 171.93	MAE: 162.37	RMSE: 213.28
Epoch 126	LOSS: 172.97	MAE: 161.91	RMSE: 212.79
Epoch 127	LOSS: 170.47	MAE: 161.45	RMSE: 212.30
Epoch 128	LOSS: 171.04	MAE: 161.00	RMSE: 211.81
Epoch 129	LOSS: 171.90	MAE: 160.54	RMSE: 211.32
Epoch 130	LOSS: 169.99	MAE: 160.09	RMSE: 210.83
Epoch 131	LOSS: 170.22	MAE: 159.64	RMSE: 210.34
Epoch 132	LOSS: 169.77	MAE: 159.19	RMSE: 209.86
Epoch 133	LOSS: 170.46	MAE: 158.74	RMSE: 209.37
Epoch 134	LOSS: 172.11	MAE: 158.30	RMSE: 208.88
Epoch 135	LOSS: 165.21	MAE: 157.85	RMSE: 208.39
Epoch 136	LOSS: 168.91	MAE: 157.41	RMSE: 207.90
Epoch 137	LOSS: 167.52	MAE: 156.97	RMSE: 207.41
Epoch 138	LOSS: 165.88	MAE: 156.54	RMSE: 206.93
Epoch 139	LOSS: 167.07	MAE: 156.10	RMSE: 206.44
Epoch 140	LOSS: 164.41	MAE: 155.67	RMSE: 205.96
Epoch 141	LOSS: 165.78	MAE: 155.24	RMSE: 205.47
Epoch 142	LOSS: 166.83	MAE: 154.82	RMSE: 204.99
Epoch 143	LOSS: 161.45	MAE: 154.39	RMSE: 204.50
Epoch 144	LOSS: 164.63	MAE: 153.97	RMSE: 204.02
Epoch 145	LOSS: 164.11	MAE: 153.54	RMSE: 203.53
Epoch 146	LOSS: 162.20	MAE: 153.12	RMSE: 203.04
Epoch 147	LOSS: 162.05	MAE: 152.71	RMSE: 202.56
Epoch 148	LOSS: 162.11	MAE: 152.29	RMSE: 202.08
Epoch 149	LOSS: 158.51	MAE: 151.88	RMSE: 201.59
Epoch 150	LOSS: 159.76	MAE: 151.47	RMSE: 201.11
Epoch 151	LOSS: 158.24	MAE: 151.07	RMSE: 200.63
Epoch 152	LOSS: 160.56	MAE: 150.66	RMSE: 200.15
Epoch 153	LOSS: 156.54	MAE: 150.26	RMSE: 199.68
Epoch 154	LOSS: 158.42	MAE: 149.87	RMSE: 199.20
Epoch 155	LOSS: 158.71	MAE: 149.47	RMSE: 198.73
Epoch 156	LOSS: 156.98	MAE: 149.08	RMSE: 198.25
Epoch 157	LOSS: 156.26	MAE: 148.70	RMSE: 197.78
Epoch 158	LOSS: 158.31	MAE: 148.31	RMSE: 197.31
Epoch 159	LOSS: 157.58	MAE: 147.93	RMSE: 196.84
Epoch 160	LOSS: 156.78	MAE: 147.55	RMSE: 196.37
Epoch 161	LOSS: 154.73	MAE: 147.17	RMSE: 195.90
Epoch 162	LOSS: 155.17	MAE: 146.80	RMSE: 195.44
Epoch 163	LOSS: 153.02	MAE: 146.43	RMSE: 194.97
Epoch 164	LOSS: 151.66	MAE: 146.06	RMSE: 194.51
Epoch 165	LOSS: 151.66	MAE: 145.70	RMSE: 194.05
Epoch 166	LOSS: 151.89	MAE: 145.34	RMSE: 193.59
Epoch 167	LOSS: 152.71	MAE: 144.99	RMSE: 193.14
Epoch 168	LOSS: 150.50	MAE: 144.63	RMSE: 192.68
Epoch 169	LOSS: 154.04	MAE: 144.28	RMSE: 192.23
Epoch 170	LOSS: 153.04	MAE: 143.94	RMSE: 191.77
Epoch 171	LOSS: 151.62	MAE: 143.59	RMSE: 191.32
Epoch 172	LOSS: 148.10	MAE: 143.25	RMSE: 190.87
Epoch 173	LOSS: 149.53	MAE: 142.92	RMSE: 190.42
Epoch 174	LOSS: 148.08	MAE: 142.58	RMSE: 189.97
Epoch 175	LOSS: 147.96	MAE: 142.25	RMSE: 189.53
Epoch 176	LOSS: 150.91	MAE: 141.92	RMSE: 189.08
Epoch 177	LOSS: 148.99	MAE: 141.59	RMSE: 188.63
Epoch 178	LOSS: 147.57	MAE: 141.26	RMSE: 188.19
Epoch 179	LOSS: 148.37	MAE: 140.94	RMSE: 187.74
Epoch 180	LOSS: 146.75	MAE: 140.62	RMSE: 187.30
Epoch 181	LOSS: 147.54	MAE: 140.31	RMSE: 186.86
Epoch 182	LOSS: 148.19	MAE: 140.00	RMSE: 186.43
Epoch 183	LOSS: 144.57	MAE: 139.70	RMSE: 186.00
Epoch 184	LOSS: 148.13	MAE: 139.40	RMSE: 185.57
Epoch 185	LOSS: 144.68	MAE: 139.10	RMSE: 185.15
Epoch 186	LOSS: 144.39	MAE: 138.81	RMSE: 184.73
Epoch 187	LOSS: 144.96	MAE: 138.52	RMSE: 184.30
Epoch 188	LOSS: 141.85	MAE: 138.23	RMSE: 183.89
Epoch 189	LOSS: 144.98	MAE: 137.95	RMSE: 183.48
Epoch 190	LOSS: 141.79	MAE: 137.68	RMSE: 183.07
Epoch 191	LOSS: 143.21	MAE: 137.40	RMSE: 182.66
Epoch 192	LOSS: 142.28	MAE: 137.13	RMSE: 182.25
Epoch 193	LOSS: 140.96	MAE: 136.87	RMSE: 181.85
Epoch 194	LOSS: 140.58	MAE: 136.60	RMSE: 181.45
Epoch 195	LOSS: 143.19	MAE: 136.35	RMSE: 181.06
Epoch 196	LOSS: 142.08	MAE: 136.09	RMSE: 180.66
Epoch 197	LOSS: 142.20	MAE: 135.84	RMSE: 180.27
Epoch 198	LOSS: 140.32	MAE: 135.60	RMSE: 179.89
Epoch 199	LOSS: 140.96	MAE: 135.35	RMSE: 179.50
Epoch 200	LOSS: 140.11	MAE: 135.11	RMSE: 179.12
Epoch 201	LOSS: 140.30	MAE: 134.88	RMSE: 178.73
Epoch 202	LOSS: 139.98	MAE: 134.64	RMSE: 178.35
Epoch 203	LOSS: 137.80	MAE: 134.41	RMSE: 177.98
Epoch 204	LOSS: 138.63	MAE: 134.19	RMSE: 177.61
Epoch 205	LOSS: 137.08	MAE: 133.97	RMSE: 177.24
Epoch 206	LOSS: 136.55	MAE: 133.75	RMSE: 176.88
Epoch 207	LOSS: 138.22	MAE: 133.54	RMSE: 176.52
Epoch 208	LOSS: 137.43	MAE: 133.32	RMSE: 176.16
Epoch 209	LOSS: 139.17	MAE: 133.12	RMSE: 175.80
Epoch 210	LOSS: 138.53	MAE: 132.91	RMSE: 175.45
Epoch 211	LOSS: 137.12	MAE: 132.71	RMSE: 175.10
Epoch 212	LOSS: 135.89	MAE: 132.51	RMSE: 174.75
Epoch 213	LOSS: 136.15	MAE: 132.32	RMSE: 174.41
Epoch 214	LOSS: 136.37	MAE: 132.13	RMSE: 174.07
Epoch 215	LOSS: 135.77	MAE: 131.94	RMSE: 173.73
Epoch 216	LOSS: 137.26	MAE: 131.75	RMSE: 173.39
Epoch 217	LOSS: 134.67	MAE: 131.57	RMSE: 173.06
Epoch 218	LOSS: 135.62	MAE: 131.39	RMSE: 172.73
Epoch 219	LOSS: 137.58	MAE: 131.21	RMSE: 172.41
Epoch 220	LOSS: 135.48	MAE: 131.04	RMSE: 172.09
Epoch 221	LOSS: 135.36	MAE: 130.87	RMSE: 171.77
Epoch 222	LOSS: 135.35	MAE: 130.70	RMSE: 171.45
Epoch 223	LOSS: 135.21	MAE: 130.53	RMSE: 171.14
Epoch 224	LOSS: 133.79	MAE: 130.37	RMSE: 170.83
Epoch 225	LOSS: 133.39	MAE: 130.21	RMSE: 170.52
Epoch 226	LOSS: 133.60	MAE: 130.05	RMSE: 170.22
Epoch 227	LOSS: 132.32	MAE: 129.89	RMSE: 169.91
Epoch 228	LOSS: 133.80	MAE: 129.74	RMSE: 169.61
Epoch 229	LOSS: 133.95	MAE: 129.59	RMSE: 169.32
Epoch 230	LOSS: 131.76	MAE: 129.44	RMSE: 169.02
Epoch 231	LOSS: 133.52	MAE: 129.30	RMSE: 168.73
Epoch 232	LOSS: 131.73	MAE: 129.16	RMSE: 168.45
Epoch 233	LOSS: 130.91	MAE: 129.02	RMSE: 168.17
Epoch 234	LOSS: 130.44	MAE: 128.88	RMSE: 167.89
Epoch 235	LOSS: 131.80	MAE: 128.75	RMSE: 167.62
Epoch 236	LOSS: 131.27	MAE: 128.62	RMSE: 167.34
Epoch 237	LOSS: 131.60	MAE: 128.49	RMSE: 167.07
Epoch 238	LOSS: 131.05	MAE: 128.36	RMSE: 166.81
Epoch 239	LOSS: 130.01	MAE: 128.24	RMSE: 166.55
Epoch 240	LOSS: 130.26	MAE: 128.12	RMSE: 166.28
Epoch 241	LOSS: 130.91	MAE: 128.00	RMSE: 166.02
Epoch 242	LOSS: 130.71	MAE: 127.88	RMSE: 165.77
Epoch 243	LOSS: 132.05	MAE: 127.76	RMSE: 165.51
Epoch 244	LOSS: 131.22	MAE: 127.65	RMSE: 165.26
Epoch 245	LOSS: 129.66	MAE: 127.54	RMSE: 165.00
Epoch 246	LOSS: 130.27	MAE: 127.42	RMSE: 164.75
Epoch 247	LOSS: 128.35	MAE: 127.32	RMSE: 164.51
Epoch 248	LOSS: 128.98	MAE: 127.21	RMSE: 164.26
Epoch 249	LOSS: 128.95	MAE: 127.10	RMSE: 164.02
Epoch 250	LOSS: 129.55	MAE: 127.00	RMSE: 163.78
Epoch 251	LOSS: 127.63	MAE: 126.90	RMSE: 163.54
Epoch 252	LOSS: 128.67	MAE: 126.80	RMSE: 163.31
Epoch 253	LOSS: 128.47	MAE: 126.70	RMSE: 163.08
Epoch 254	LOSS: 127.87	MAE: 126.61	RMSE: 162.85
Epoch 255	LOSS: 127.63	MAE: 126.52	RMSE: 162.63
Epoch 256	LOSS: 127.76	MAE: 126.43	RMSE: 162.41
Epoch 257	LOSS: 126.96	MAE: 126.34	RMSE: 162.20
Epoch 258	LOSS: 128.12	MAE: 126.25	RMSE: 161.98
Epoch 259	LOSS: 127.55	MAE: 126.17	RMSE: 161.77
Epoch 260	LOSS: 126.19	MAE: 126.09	RMSE: 161.56
Epoch 261	LOSS: 125.62	MAE: 126.01	RMSE: 161.35
Epoch 262	LOSS: 126.41	MAE: 125.93	RMSE: 161.15
Epoch 263	LOSS: 127.15	MAE: 125.85	RMSE: 160.94
Epoch 264	LOSS: 126.48	MAE: 125.77	RMSE: 160.74
Epoch 265	LOSS: 125.21	MAE: 125.69	RMSE: 160.54
Epoch 266	LOSS: 125.02	MAE: 125.62	RMSE: 160.34
Epoch 267	LOSS: 125.48	MAE: 125.54	RMSE: 160.14
Epoch 268	LOSS: 125.53	MAE: 125.47	RMSE: 159.95
Epoch 269	LOSS: 126.52	MAE: 125.41	RMSE: 159.76
Epoch 270	LOSS: 125.31	MAE: 125.34	RMSE: 159.58
Epoch 271	LOSS: 126.41	MAE: 125.27	RMSE: 159.39
Epoch 272	LOSS: 126.38	MAE: 125.21	RMSE: 159.21
Epoch 273	LOSS: 126.14	MAE: 125.15	RMSE: 159.03
Epoch 274	LOSS: 126.06	MAE: 125.08	RMSE: 158.85
Epoch 275	LOSS: 126.37	MAE: 125.02	RMSE: 158.68
Epoch 276	LOSS: 124.03	MAE: 124.97	RMSE: 158.50
Epoch 277	LOSS: 127.18	MAE: 124.91	RMSE: 158.34
Epoch 278	LOSS: 123.42	MAE: 124.86	RMSE: 158.17
Epoch 279	LOSS: 125.25	MAE: 124.80	RMSE: 158.01
Epoch 280	LOSS: 125.72	MAE: 124.75	RMSE: 157.85
Epoch 281	LOSS: 125.25	MAE: 124.70	RMSE: 157.69
Epoch 282	LOSS: 124.66	MAE: 124.65	RMSE: 157.54
Epoch 283	LOSS: 124.30	MAE: 124.61	RMSE: 157.39
Epoch 284	LOSS: 123.80	MAE: 124.56	RMSE: 157.23
Epoch 285	LOSS: 125.20	MAE: 124.51	RMSE: 157.08
Epoch 286	LOSS: 123.91	MAE: 124.47	RMSE: 156.94
Epoch 287	LOSS: 124.90	MAE: 124.43	RMSE: 156.80
Epoch 288	LOSS: 123.76	MAE: 124.39	RMSE: 156.66
Epoch 289	LOSS: 124.36	MAE: 124.35	RMSE: 156.52
Epoch 290	LOSS: 123.13	MAE: 124.31	RMSE: 156.38
Epoch 291	LOSS: 124.26	MAE: 124.27	RMSE: 156.25
Epoch 292	LOSS: 123.94	MAE: 124.24	RMSE: 156.13
Epoch 293	LOSS: 123.20	MAE: 124.20	RMSE: 156.00
Epoch 294	LOSS: 122.26	MAE: 124.17	RMSE: 155.86
Epoch 295	LOSS: 124.51	MAE: 124.13	RMSE: 155.73
Epoch 296	LOSS: 123.59	MAE: 124.10	RMSE: 155.61
Epoch 297	LOSS: 123.24	MAE: 124.07	RMSE: 155.48
Epoch 298	LOSS: 123.53	MAE: 124.04	RMSE: 155.36
Epoch 299	LOSS: 122.93	MAE: 124.01	RMSE: 155.24
Epoch 300	LOSS: 122.69	MAE: 123.98	RMSE: 155.13
Epoch 301	LOSS: 122.32	MAE: 123.96	RMSE: 155.01
Epoch 302	LOSS: 122.89	MAE: 123.93	RMSE: 154.90
Epoch 303	LOSS: 122.78	MAE: 123.90	RMSE: 154.79
Epoch 304	LOSS: 122.64	MAE: 123.88	RMSE: 154.68
Epoch 305	LOSS: 122.17	MAE: 123.86	RMSE: 154.57
Epoch 306	LOSS: 122.15	MAE: 123.83	RMSE: 154.47
Epoch 307	LOSS: 122.83	MAE: 123.81	RMSE: 154.36
Epoch 308	LOSS: 122.57	MAE: 123.79	RMSE: 154.26
Epoch 309	LOSS: 121.87	MAE: 123.77	RMSE: 154.17
Epoch 310	LOSS: 122.56	MAE: 123.75	RMSE: 154.07
Epoch 311	LOSS: 123.58	MAE: 123.74	RMSE: 153.98
Epoch 312	LOSS: 122.75	MAE: 123.72	RMSE: 153.88
Epoch 313	LOSS: 122.29	MAE: 123.70	RMSE: 153.79
Epoch 314	LOSS: 122.31	MAE: 123.68	RMSE: 153.70
Epoch 315	LOSS: 122.51	MAE: 123.67	RMSE: 153.60
Epoch 316	LOSS: 122.61	MAE: 123.65	RMSE: 153.51
Epoch 317	LOSS: 122.31	MAE: 123.64	RMSE: 153.42
Epoch 318	LOSS: 121.05	MAE: 123.63	RMSE: 153.34
Epoch 319	LOSS: 121.78	MAE: 123.61	RMSE: 153.25
Epoch 320	LOSS: 120.98	MAE: 123.60	RMSE: 153.17
Epoch 321	LOSS: 122.81	MAE: 123.59	RMSE: 153.09
Epoch 322	LOSS: 121.08	MAE: 123.58	RMSE: 153.02
Epoch 323	LOSS: 121.38	MAE: 123.57	RMSE: 152.94
Epoch 324	LOSS: 121.52	MAE: 123.56	RMSE: 152.86
Epoch 325	LOSS: 121.30	MAE: 123.56	RMSE: 152.79
Epoch 326	LOSS: 121.72	MAE: 123.55	RMSE: 152.71
Epoch 327	LOSS: 121.10	MAE: 123.54	RMSE: 152.64
Epoch 328	LOSS: 121.58	MAE: 123.53	RMSE: 152.57
Epoch 329	LOSS: 120.68	MAE: 123.53	RMSE: 152.50
Epoch 330	LOSS: 121.51	MAE: 123.52	RMSE: 152.43
Epoch 331	LOSS: 121.36	MAE: 123.52	RMSE: 152.36
Epoch 332	LOSS: 121.11	MAE: 123.51	RMSE: 152.29
Epoch 333	LOSS: 119.85	MAE: 123.51	RMSE: 152.23
Epoch 334	LOSS: 122.26	MAE: 123.51	RMSE: 152.17
Epoch 335	LOSS: 120.87	MAE: 123.50	RMSE: 152.11
Epoch 336	LOSS: 120.89	MAE: 123.50	RMSE: 152.05
Epoch 337	LOSS: 120.69	MAE: 123.50	RMSE: 151.99
Epoch 338	LOSS: 121.53	MAE: 123.50	RMSE: 151.93
Epoch 339	LOSS: 120.90	MAE: 123.50	RMSE: 151.88
Epoch 340	LOSS: 120.69	MAE: 123.50	RMSE: 151.82
Epoch 341	LOSS: 120.99	MAE: 123.50	RMSE: 151.77
Epoch 342	LOSS: 120.66	MAE: 123.50	RMSE: 151.72
Epoch 343	LOSS: 121.38	MAE: 123.50	RMSE: 151.67
Epoch 344	LOSS: 120.31	MAE: 123.50	RMSE: 151.62
Epoch 345	LOSS: 120.81	MAE: 123.50	RMSE: 151.57
Epoch 346	LOSS: 119.84	MAE: 123.50	RMSE: 151.52
Epoch 347	LOSS: 121.42	MAE: 123.50	RMSE: 151.48
Epoch 348	LOSS: 121.26	MAE: 123.51	RMSE: 151.43
Epoch 349	LOSS: 120.39	MAE: 123.51	RMSE: 151.39
Epoch 350	LOSS: 120.33	MAE: 123.51	RMSE: 151.35
Epoch 351	LOSS: 121.15	MAE: 123.51	RMSE: 151.31
Epoch 352	LOSS: 121.21	MAE: 123.52	RMSE: 151.27
Epoch 353	LOSS: 119.79	MAE: 123.52	RMSE: 151.23
Epoch 354	LOSS: 121.18	MAE: 123.52	RMSE: 151.19
Epoch 355	LOSS: 121.28	MAE: 123.53	RMSE: 151.16
Epoch 356	LOSS: 120.26	MAE: 123.53	RMSE: 151.12
Epoch 357	LOSS: 119.90	MAE: 123.54	RMSE: 151.08
Epoch 358	LOSS: 119.63	MAE: 123.54	RMSE: 151.05
Epoch 359	LOSS: 120.18	MAE: 123.55	RMSE: 151.02
Epoch 360	LOSS: 119.99	MAE: 123.55	RMSE: 150.98
Epoch 361	LOSS: 120.69	MAE: 123.56	RMSE: 150.95
Epoch 362	LOSS: 120.45	MAE: 123.56	RMSE: 150.92
Epoch 363	LOSS: 120.56	MAE: 123.57	RMSE: 150.89
Epoch 364	LOSS: 121.02	MAE: 123.57	RMSE: 150.86
Epoch 365	LOSS: 119.47	MAE: 123.58	RMSE: 150.83
Epoch 366	LOSS: 120.51	MAE: 123.59	RMSE: 150.80
Epoch 367	LOSS: 120.13	MAE: 123.59	RMSE: 150.77
Epoch 368	LOSS: 120.10	MAE: 123.60	RMSE: 150.75
Epoch 369	LOSS: 119.71	MAE: 123.60	RMSE: 150.72
Epoch 370	LOSS: 120.25	MAE: 123.61	RMSE: 150.69
Epoch 371	LOSS: 119.75	MAE: 123.62	RMSE: 150.66
Epoch 372	LOSS: 120.24	MAE: 123.63	RMSE: 150.64
Epoch 373	LOSS: 120.04	MAE: 123.63	RMSE: 150.61
Epoch 374	LOSS: 120.96	MAE: 123.64	RMSE: 150.59
Epoch 375	LOSS: 120.79	MAE: 123.65	RMSE: 150.57
Epoch 376	LOSS: 119.99	MAE: 123.66	RMSE: 150.54
Epoch 377	LOSS: 119.98	MAE: 123.66	RMSE: 150.52
Epoch 378	LOSS: 120.47	MAE: 123.67	RMSE: 150.49
Epoch 379	LOSS: 121.03	MAE: 123.68	RMSE: 150.47
Epoch 380	LOSS: 120.18	MAE: 123.69	RMSE: 150.45
Epoch 381	LOSS: 121.06	MAE: 123.70	RMSE: 150.43
Epoch 382	LOSS: 119.85	MAE: 123.70	RMSE: 150.40
Epoch 383	LOSS: 120.17	MAE: 123.71	RMSE: 150.38
Epoch 384	LOSS: 119.73	MAE: 123.72	RMSE: 150.36
Epoch 385	LOSS: 120.72	MAE: 123.73	RMSE: 150.34
Epoch 386	LOSS: 119.05	MAE: 123.74	RMSE: 150.33
Epoch 387	LOSS: 119.81	MAE: 123.75	RMSE: 150.31
Epoch 388	LOSS: 119.92	MAE: 123.75	RMSE: 150.29
Epoch 389	LOSS: 118.84	MAE: 123.76	RMSE: 150.28
Epoch 390	LOSS: 119.30	MAE: 123.77	RMSE: 150.26
Epoch 391	LOSS: 120.72	MAE: 123.78	RMSE: 150.24
Epoch 392	LOSS: 119.73	MAE: 123.79	RMSE: 150.23
Epoch 393	LOSS: 119.98	MAE: 123.79	RMSE: 150.21
Epoch 394	LOSS: 119.79	MAE: 123.80	RMSE: 150.20
Epoch 395	LOSS: 119.65	MAE: 123.81	RMSE: 150.18
Epoch 396	LOSS: 120.82	MAE: 123.82	RMSE: 150.17
Epoch 397	LOSS: 119.69	MAE: 123.82	RMSE: 150.16
Epoch 398	LOSS: 119.31	MAE: 123.83	RMSE: 150.15
Epoch 399	LOSS: 120.16	MAE: 123.84	RMSE: 150.14
Epoch 400	LOSS: 120.06	MAE: 123.84	RMSE: 150.13
Epoch 401	LOSS: 120.93	MAE: 123.85	RMSE: 150.12
Epoch 402	LOSS: 118.95	MAE: 123.86	RMSE: 150.11
Epoch 403	LOSS: 119.59	MAE: 123.86	RMSE: 150.09
Epoch 404	LOSS: 119.37	MAE: 123.87	RMSE: 150.09
Epoch 405	LOSS: 119.84	MAE: 123.88	RMSE: 150.08
Epoch 406	LOSS: 120.31	MAE: 123.88	RMSE: 150.07
Epoch 407	LOSS: 119.89	MAE: 123.89	RMSE: 150.06
Epoch 408	LOSS: 118.99	MAE: 123.90	RMSE: 150.05
Epoch 409	LOSS: 120.27	MAE: 123.90	RMSE: 150.04
Epoch 410	LOSS: 119.96	MAE: 123.91	RMSE: 150.03
Epoch 411	LOSS: 119.67	MAE: 123.92	RMSE: 150.02
Epoch 412	LOSS: 120.62	MAE: 123.93	RMSE: 150.01
Epoch 413	LOSS: 119.75	MAE: 123.93	RMSE: 150.00
Epoch 414	LOSS: 119.47	MAE: 123.94	RMSE: 149.99
Epoch 415	LOSS: 119.54	MAE: 123.95	RMSE: 149.98
Epoch 416	LOSS: 120.11	MAE: 123.96	RMSE: 149.98
Epoch 417	LOSS: 120.36	MAE: 123.96	RMSE: 149.97
Epoch 418	LOSS: 120.09	MAE: 123.97	RMSE: 149.96
Epoch 419	LOSS: 120.01	MAE: 123.98	RMSE: 149.95
Epoch 420	LOSS: 119.70	MAE: 123.98	RMSE: 149.95
Epoch 421	LOSS: 119.96	MAE: 123.99	RMSE: 149.94
Epoch 422	LOSS: 119.40	MAE: 124.00	RMSE: 149.93
Epoch 423	LOSS: 120.06	MAE: 124.00	RMSE: 149.92
Epoch 424	LOSS: 119.75	MAE: 124.01	RMSE: 149.92
Epoch 425	LOSS: 118.66	MAE: 124.02	RMSE: 149.91
Epoch 426	LOSS: 120.30	MAE: 124.03	RMSE: 149.90
Epoch 427	LOSS: 119.55	MAE: 124.03	RMSE: 149.90
Epoch 428	LOSS: 119.91	MAE: 124.04	RMSE: 149.89
Epoch 429	LOSS: 120.43	MAE: 124.05	RMSE: 149.88
Epoch 430	LOSS: 119.57	MAE: 124.05	RMSE: 149.88
Epoch 431	LOSS: 120.24	MAE: 124.06	RMSE: 149.87
Epoch 432	LOSS: 120.11	MAE: 124.07	RMSE: 149.87
Epoch 433	LOSS: 119.50	MAE: 124.07	RMSE: 149.86
Epoch 434	LOSS: 118.74	MAE: 124.08	RMSE: 149.85
Epoch 435	LOSS: 119.80	MAE: 124.08	RMSE: 149.85
Epoch 436	LOSS: 120.19	MAE: 124.09	RMSE: 149.84
Epoch 437	LOSS: 120.09	MAE: 124.10	RMSE: 149.84
Epoch 438	LOSS: 119.47	MAE: 124.10	RMSE: 149.84
Epoch 439	LOSS: 120.04	MAE: 124.10	RMSE: 149.83
Epoch 440	LOSS: 120.12	MAE: 124.11	RMSE: 149.83
Epoch 441	LOSS: 119.93	MAE: 124.11	RMSE: 149.82
Epoch 442	LOSS: 120.09	MAE: 124.12	RMSE: 149.82
Epoch 443	LOSS: 119.60	MAE: 124.12	RMSE: 149.82
Epoch 444	LOSS: 119.23	MAE: 124.12	RMSE: 149.81
Epoch 445	LOSS: 120.06	MAE: 124.11	RMSE: 149.81
Epoch 446	LOSS: 119.66	MAE: 124.10	RMSE: 149.82
Epoch 447	LOSS: 119.61	MAE: 124.10	RMSE: 149.82
Epoch 448	LOSS: 119.00	MAE: 124.09	RMSE: 149.82
Epoch 449	LOSS: 119.96	MAE: 124.06	RMSE: 149.84
Epoch 450	LOSS: 120.21	MAE: 124.06	RMSE: 149.83
Epoch 451	LOSS: 120.04	MAE: 124.06	RMSE: 149.83
Epoch 452	LOSS: 120.23	MAE: 124.07	RMSE: 149.82
Epoch 453	LOSS: 118.94	MAE: 124.09	RMSE: 149.81
Epoch 454	LOSS: 119.15	MAE: 124.09	RMSE: 149.81
Epoch 455	LOSS: 119.81	MAE: 124.10	RMSE: 149.81
Epoch 456	LOSS: 119.61	MAE: 124.10	RMSE: 149.81
Epoch 457	LOSS: 120.32	MAE: 124.11	RMSE: 149.80
Epoch 458	LOSS: 119.78	MAE: 124.11	RMSE: 149.79
Epoch 459	LOSS: 119.83	MAE: 124.12	RMSE: 149.79
Epoch 460	LOSS: 120.08	MAE: 124.12	RMSE: 149.79
Epoch 461	LOSS: 119.20	MAE: 124.12	RMSE: 149.80
Epoch 462	LOSS: 119.63	MAE: 124.13	RMSE: 149.79
Epoch 463	LOSS: 119.94	MAE: 124.13	RMSE: 149.78
Epoch 464	LOSS: 119.53	MAE: 124.13	RMSE: 149.78
Epoch 465	LOSS: 120.22	MAE: 124.15	RMSE: 149.77
Epoch 466	LOSS: 119.76	MAE: 124.16	RMSE: 149.77
Epoch 467	LOSS: 119.89	MAE: 124.17	RMSE: 149.76
Epoch 468	LOSS: 120.08	MAE: 124.18	RMSE: 149.76
Epoch 469	LOSS: 119.67	MAE: 124.19	RMSE: 149.75
Epoch 470	LOSS: 119.46	MAE: 124.19	RMSE: 149.75
Epoch 471	LOSS: 119.91	MAE: 124.20	RMSE: 149.75
Epoch 472	LOSS: 119.60	MAE: 124.21	RMSE: 149.74
Epoch 473	LOSS: 119.00	MAE: 124.21	RMSE: 149.74
Epoch 474	LOSS: 120.50	MAE: 124.22	RMSE: 149.73
Epoch 475	LOSS: 120.08	MAE: 124.23	RMSE: 149.73
Epoch 476	LOSS: 120.07	MAE: 124.24	RMSE: 149.73
Epoch 477	LOSS: 119.43	MAE: 124.24	RMSE: 149.73
Epoch 478	LOSS: 120.02	MAE: 124.24	RMSE: 149.72
Epoch 479	LOSS: 119.49	MAE: 124.24	RMSE: 149.72
Epoch 480	LOSS: 120.40	MAE: 124.23	RMSE: 149.72
Epoch 481	LOSS: 119.74	MAE: 124.23	RMSE: 149.72
Epoch 482	LOSS: 119.91	MAE: 124.22	RMSE: 149.73
Epoch 483	LOSS: 119.87	MAE: 124.22	RMSE: 149.73
Epoch 484	LOSS: 119.88	MAE: 124.22	RMSE: 149.73
Epoch 485	LOSS: 119.54	MAE: 124.20	RMSE: 149.74
Epoch 486	LOSS: 119.02	MAE: 124.17	RMSE: 149.75
Epoch 487	LOSS: 120.46	MAE: 124.14	RMSE: 149.71
Epoch 488	LOSS: 119.56	MAE: 124.16	RMSE: 149.87
Epoch 489	LOSS: 119.57	MAE: 123.99	RMSE: 149.77
Epoch 490	LOSS: 119.86	MAE: 124.26	RMSE: 149.70
Epoch 491	LOSS: 120.27	MAE: 124.32	RMSE: 149.69
Epoch 492	LOSS: 120.04	MAE: 124.31	RMSE: 149.69
Epoch 493	LOSS: 119.93	MAE: 124.25	RMSE: 149.66
Epoch 494	LOSS: 119.40	MAE: 123.99	RMSE: 149.51
Epoch 495	LOSS: 119.27	MAE: 124.27	RMSE: 149.73
Epoch 496	LOSS: 119.80	MAE: 124.23	RMSE: 149.74
Epoch 497	LOSS: 119.85	MAE: 124.22	RMSE: 149.73
Epoch 498	LOSS: 119.16	MAE: 124.23	RMSE: 149.73
Epoch 499	LOSS: 120.04	MAE: 124.24	RMSE: 149.72
