Epoch 000	LOSS: 470.86	MAE: 220.02	RMSE: 266.08
Epoch 001	LOSS: 458.72	MAE: 219.96	RMSE: 266.03
Epoch 002	LOSS: 465.31	MAE: 219.87	RMSE: 265.95
Epoch 003	LOSS: 459.67	MAE: 219.70	RMSE: 265.82
Epoch 004	LOSS: 461.02	MAE: 219.43	RMSE: 265.59
Epoch 005	LOSS: 458.07	MAE: 219.00	RMSE: 265.23
Epoch 006	LOSS: 458.33	MAE: 218.35	RMSE: 264.69
Epoch 007	LOSS: 455.66	MAE: 217.43	RMSE: 263.93
Epoch 008	LOSS: 465.97	MAE: 216.18	RMSE: 262.88
Epoch 009	LOSS: 452.03	MAE: 214.50	RMSE: 261.47
Epoch 010	LOSS: 444.83	MAE: 212.31	RMSE: 259.63
Epoch 011	LOSS: 440.29	MAE: 209.51	RMSE: 257.25
Epoch 012	LOSS: 431.58	MAE: 205.98	RMSE: 254.24
Epoch 013	LOSS: 422.02	MAE: 201.65	RMSE: 250.50
Epoch 014	LOSS: 413.14	MAE: 196.43	RMSE: 245.96
Epoch 015	LOSS: 395.85	MAE: 190.30	RMSE: 240.55
Epoch 016	LOSS: 383.62	MAE: 183.30	RMSE: 234.24
Epoch 017	LOSS: 365.89	MAE: 175.51	RMSE: 227.02
Epoch 018	LOSS: 348.30	MAE: 167.00	RMSE: 218.80
Epoch 019	LOSS: 323.53	MAE: 158.05	RMSE: 209.66
Epoch 020	LOSS: 310.41	MAE: 148.96	RMSE: 199.74
Epoch 021	LOSS: 288.82	MAE: 140.06	RMSE: 189.15
Epoch 022	LOSS: 268.37	MAE: 131.79	RMSE: 178.17
Epoch 023	LOSS: 252.94	MAE: 124.41	RMSE: 167.18
Epoch 024	LOSS: 232.77	MAE: 117.98	RMSE: 156.67
Epoch 025	LOSS: 219.75	MAE: 112.79	RMSE: 147.44
Epoch 026	LOSS: 211.72	MAE: 108.93	RMSE: 140.14
Epoch 027	LOSS: 204.05	MAE: 106.53	RMSE: 135.33
Epoch 028	LOSS: 199.42	MAE: 105.01	RMSE: 132.73
Epoch 029	LOSS: 196.08	MAE: 103.36	RMSE: 131.06
Epoch 030	LOSS: 191.50	MAE: 101.46	RMSE: 129.82
Epoch 031	LOSS: 188.38	MAE: 99.25	RMSE: 128.35
Epoch 032	LOSS: 183.26	MAE: 97.06	RMSE: 126.61
Epoch 033	LOSS: 173.58	MAE: 95.42	RMSE: 124.95
Epoch 034	LOSS: 173.75	MAE: 94.57	RMSE: 123.83
Epoch 035	LOSS: 172.83	MAE: 94.11	RMSE: 123.13
Epoch 036	LOSS: 171.38	MAE: 93.75	RMSE: 122.66
Epoch 037	LOSS: 171.47	MAE: 93.42	RMSE: 122.29
Epoch 038	LOSS: 170.79	MAE: 93.14	RMSE: 122.13
Epoch 039	LOSS: 169.94	MAE: 92.70	RMSE: 121.94
Epoch 040	LOSS: 168.62	MAE: 92.36	RMSE: 122.00
Epoch 041	LOSS: 169.27	MAE: 92.10	RMSE: 122.15
Epoch 042	LOSS: 167.46	MAE: 91.59	RMSE: 122.04
Epoch 043	LOSS: 163.11	MAE: 91.03	RMSE: 121.82
Epoch 044	LOSS: 161.85	MAE: 90.54	RMSE: 121.70
Epoch 045	LOSS: 162.83	MAE: 90.05	RMSE: 121.66
Epoch 046	LOSS: 159.95	MAE: 89.48	RMSE: 121.19
Epoch 047	LOSS: 162.27	MAE: 88.70	RMSE: 120.19
Epoch 048	LOSS: 159.05	MAE: 87.91	RMSE: 119.00
Epoch 049	LOSS: 155.39	MAE: 86.92	RMSE: 117.57
Epoch 050	LOSS: 154.82	MAE: 86.67	RMSE: 116.97
Epoch 051	LOSS: 152.55	MAE: 86.07	RMSE: 116.17
Epoch 052	LOSS: 150.13	MAE: 85.34	RMSE: 115.32
Epoch 053	LOSS: 146.58	MAE: 84.51	RMSE: 114.36
Epoch 054	LOSS: 148.54	MAE: 84.02	RMSE: 113.72
Epoch 055	LOSS: 146.25	MAE: 83.45	RMSE: 113.18
Epoch 056	LOSS: 144.68	MAE: 82.50	RMSE: 112.20
Epoch 057	LOSS: 143.17	MAE: 81.80	RMSE: 111.31
Epoch 058	LOSS: 144.38	MAE: 80.96	RMSE: 110.22
Epoch 059	LOSS: 140.21	MAE: 80.64	RMSE: 109.65
Epoch 060	LOSS: 140.32	MAE: 79.96	RMSE: 108.89
Epoch 061	LOSS: 140.76	MAE: 79.20	RMSE: 108.18
Epoch 062	LOSS: 139.58	MAE: 78.42	RMSE: 107.43
Epoch 063	LOSS: 135.91	MAE: 77.66	RMSE: 106.59
Epoch 064	LOSS: 133.68	MAE: 76.70	RMSE: 105.48
Epoch 065	LOSS: 130.70	MAE: 75.84	RMSE: 104.56
Epoch 066	LOSS: 129.88	MAE: 74.72	RMSE: 103.39
Epoch 067	LOSS: 129.72	MAE: 73.95	RMSE: 102.59
Epoch 068	LOSS: 126.03	MAE: 73.19	RMSE: 101.76
Epoch 069	LOSS: 125.90	MAE: 72.25	RMSE: 100.80
Epoch 070	LOSS: 123.43	MAE: 71.29	RMSE: 99.81
Epoch 071	LOSS: 120.99	MAE: 70.64	RMSE: 99.10
Epoch 072	LOSS: 117.00	MAE: 69.79	RMSE: 98.25
Epoch 073	LOSS: 116.60	MAE: 68.71	RMSE: 97.21
Epoch 074	LOSS: 114.26	MAE: 67.76	RMSE: 96.26
Epoch 075	LOSS: 112.76	MAE: 67.12	RMSE: 95.62
Epoch 076	LOSS: 110.86	MAE: 66.44	RMSE: 95.02
Epoch 077	LOSS: 110.08	MAE: 65.72	RMSE: 94.42
Epoch 078	LOSS: 107.48	MAE: 64.83	RMSE: 93.38
Epoch 079	LOSS: 106.60	MAE: 64.02	RMSE: 92.69
Epoch 080	LOSS: 104.14	MAE: 63.10	RMSE: 92.05
Epoch 081	LOSS: 102.56	MAE: 62.37	RMSE: 91.50
Epoch 082	LOSS: 100.03	MAE: 61.42	RMSE: 90.56
Epoch 083	LOSS: 99.38	MAE: 60.73	RMSE: 89.88
Epoch 084	LOSS: 97.77	MAE: 60.01	RMSE: 89.36
Epoch 085	LOSS: 95.33	MAE: 59.13	RMSE: 88.70
Epoch 086	LOSS: 94.43	MAE: 57.97	RMSE: 87.66
Epoch 087	LOSS: 91.80	MAE: 56.94	RMSE: 86.81
Epoch 088	LOSS: 90.10	MAE: 55.99	RMSE: 86.16
Epoch 089	LOSS: 88.63	MAE: 55.07	RMSE: 85.49
Epoch 090	LOSS: 88.00	MAE: 54.43	RMSE: 85.05
Epoch 091	LOSS: 87.61	MAE: 53.69	RMSE: 84.54
Epoch 092	LOSS: 86.43	MAE: 53.09	RMSE: 84.07
Epoch 093	LOSS: 85.26	MAE: 52.40	RMSE: 83.70
Epoch 094	LOSS: 83.81	MAE: 51.85	RMSE: 83.21
Epoch 095	LOSS: 83.49	MAE: 51.53	RMSE: 83.01
Epoch 096	LOSS: 82.93	MAE: 50.98	RMSE: 82.74
Epoch 097	LOSS: 82.15	MAE: 50.76	RMSE: 82.72
Epoch 098	LOSS: 82.25	MAE: 50.43	RMSE: 82.58
Epoch 099	LOSS: 81.22	MAE: 49.95	RMSE: 82.42
Epoch 100	LOSS: 80.46	MAE: 49.38	RMSE: 82.10
Epoch 101	LOSS: 80.93	MAE: 49.29	RMSE: 82.03
Epoch 102	LOSS: 79.79	MAE: 49.26	RMSE: 82.17
Epoch 103	LOSS: 79.55	MAE: 49.01	RMSE: 82.12
Epoch 104	LOSS: 78.90	MAE: 48.83	RMSE: 82.30
Epoch 105	LOSS: 78.30	MAE: 48.71	RMSE: 82.14
Epoch 106	LOSS: 78.57	MAE: 48.76	RMSE: 82.27
Epoch 107	LOSS: 78.12	MAE: 48.69	RMSE: 82.45
Epoch 108	LOSS: 77.61	MAE: 48.58	RMSE: 82.38
Epoch 109	LOSS: 78.41	MAE: 48.90	RMSE: 82.48
Epoch 110	LOSS: 77.87	MAE: 48.58	RMSE: 82.36
Epoch 111	LOSS: 76.62	MAE: 47.96	RMSE: 82.22
Epoch 112	LOSS: 77.28	MAE: 47.94	RMSE: 82.09
Epoch 113	LOSS: 78.39	MAE: 48.23	RMSE: 82.24
Epoch 114	LOSS: 76.28	MAE: 47.45	RMSE: 81.87
Epoch 115	LOSS: 76.11	MAE: 47.53	RMSE: 81.95
Epoch 116	LOSS: 77.44	MAE: 47.69	RMSE: 81.90
Epoch 117	LOSS: 77.10	MAE: 47.55	RMSE: 81.87
Epoch 118	LOSS: 76.27	MAE: 47.39	RMSE: 81.83
Epoch 119	LOSS: 76.22	MAE: 47.40	RMSE: 81.87
Epoch 120	LOSS: 76.41	MAE: 47.39	RMSE: 81.89
Epoch 121	LOSS: 76.65	MAE: 47.48	RMSE: 82.00
Epoch 122	LOSS: 76.33	MAE: 47.28	RMSE: 82.10
Epoch 123	LOSS: 76.54	MAE: 47.35	RMSE: 82.29
Epoch 124	LOSS: 75.75	MAE: 47.24	RMSE: 82.39
Epoch 125	LOSS: 75.19	MAE: 47.32	RMSE: 82.58
Epoch 126	LOSS: 76.59	MAE: 47.49	RMSE: 82.58
Epoch 127	LOSS: 76.46	MAE: 47.78	RMSE: 82.69
Epoch 128	LOSS: 75.19	MAE: 47.27	RMSE: 82.47
Epoch 129	LOSS: 75.68	MAE: 47.67	RMSE: 82.66
Epoch 130	LOSS: 77.23	MAE: 47.48	RMSE: 82.59
Epoch 131	LOSS: 75.29	MAE: 46.96	RMSE: 82.43
Epoch 132	LOSS: 75.05	MAE: 47.15	RMSE: 82.51
Epoch 133	LOSS: 75.42	MAE: 47.35	RMSE: 82.55
Epoch 134	LOSS: 74.83	MAE: 47.08	RMSE: 82.55
Epoch 135	LOSS: 74.56	MAE: 46.66	RMSE: 82.30
Epoch 136	LOSS: 74.64	MAE: 46.60	RMSE: 82.16
Epoch 137	LOSS: 74.49	MAE: 46.70	RMSE: 82.22
Epoch 138	LOSS: 75.00	MAE: 46.56	RMSE: 82.20
Epoch 139	LOSS: 73.95	MAE: 46.52	RMSE: 82.24
Epoch 140	LOSS: 74.06	MAE: 46.69	RMSE: 82.38
Epoch 141	LOSS: 74.98	MAE: 46.63	RMSE: 82.35
Epoch 142	LOSS: 74.35	MAE: 46.52	RMSE: 82.32
Epoch 143	LOSS: 74.33	MAE: 46.36	RMSE: 82.17
Epoch 144	LOSS: 73.39	MAE: 46.28	RMSE: 82.16
Epoch 145	LOSS: 73.73	MAE: 46.49	RMSE: 82.29
Epoch 146	LOSS: 73.80	MAE: 46.57	RMSE: 82.33
Epoch 147	LOSS: 73.41	MAE: 46.42	RMSE: 82.34
Epoch 148	LOSS: 74.26	MAE: 46.28	RMSE: 82.36
Epoch 149	LOSS: 75.09	MAE: 46.41	RMSE: 82.53
Epoch 150	LOSS: 75.85	MAE: 46.61	RMSE: 82.73
Epoch 151	LOSS: 74.13	MAE: 46.02	RMSE: 82.44
Epoch 152	LOSS: 73.57	MAE: 45.79	RMSE: 82.29
Epoch 153	LOSS: 73.49	MAE: 45.86	RMSE: 82.33
Epoch 154	LOSS: 73.42	MAE: 45.68	RMSE: 82.26
Epoch 155	LOSS: 72.85	MAE: 45.82	RMSE: 82.40
Epoch 156	LOSS: 72.92	MAE: 45.66	RMSE: 82.38
Epoch 157	LOSS: 73.21	MAE: 45.64	RMSE: 82.50
Epoch 158	LOSS: 73.61	MAE: 45.72	RMSE: 82.58
Epoch 159	LOSS: 72.70	MAE: 45.80	RMSE: 82.53
Epoch 160	LOSS: 73.12	MAE: 45.61	RMSE: 82.39
Epoch 161	LOSS: 73.87	MAE: 45.90	RMSE: 82.62
Epoch 162	LOSS: 71.80	MAE: 45.31	RMSE: 82.53
Epoch 163	LOSS: 73.06	MAE: 45.39	RMSE: 82.62
Epoch 164	LOSS: 73.34	MAE: 45.57	RMSE: 82.67
Epoch 165	LOSS: 72.38	MAE: 45.62	RMSE: 82.68
Epoch 166	LOSS: 71.84	MAE: 45.66	RMSE: 82.67
Epoch 167	LOSS: 72.68	MAE: 45.78	RMSE: 82.80
Epoch 168	LOSS: 71.97	MAE: 45.18	RMSE: 82.58
Epoch 169	LOSS: 71.21	MAE: 45.08	RMSE: 82.65
Epoch 170	LOSS: 72.68	MAE: 45.02	RMSE: 82.66
Epoch 171	LOSS: 71.09	MAE: 44.89	RMSE: 82.67
Epoch 172	LOSS: 72.71	MAE: 44.96	RMSE: 82.73
Epoch 173	LOSS: 72.67	MAE: 45.41	RMSE: 82.87
Epoch 174	LOSS: 70.78	MAE: 45.20	RMSE: 82.80
Epoch 175	LOSS: 71.13	MAE: 45.22	RMSE: 82.90
Epoch 176	LOSS: 71.54	MAE: 45.53	RMSE: 83.16
Epoch 177	LOSS: 71.03	MAE: 45.38	RMSE: 83.11
Epoch 178	LOSS: 72.72	MAE: 45.80	RMSE: 83.33
Epoch 179	LOSS: 73.46	MAE: 45.49	RMSE: 83.19
Epoch 180	LOSS: 71.43	MAE: 44.77	RMSE: 82.93
Epoch 181	LOSS: 73.70	MAE: 44.95	RMSE: 83.03
Epoch 182	LOSS: 72.01	MAE: 44.73	RMSE: 82.95
Epoch 183	LOSS: 69.99	MAE: 44.83	RMSE: 82.98
Epoch 184	LOSS: 72.02	MAE: 45.60	RMSE: 83.46
Epoch 185	LOSS: 71.65	MAE: 45.38	RMSE: 83.39
Epoch 186	LOSS: 70.62	MAE: 45.22	RMSE: 83.39
Epoch 187	LOSS: 70.99	MAE: 45.13	RMSE: 83.30
Epoch 188	LOSS: 70.97	MAE: 44.80	RMSE: 83.19
Epoch 189	LOSS: 71.12	MAE: 44.80	RMSE: 83.23
Epoch 190	LOSS: 70.71	MAE: 45.13	RMSE: 83.38
Epoch 191	LOSS: 70.55	MAE: 45.17	RMSE: 83.47
Epoch 192	LOSS: 71.20	MAE: 45.02	RMSE: 83.51
Epoch 193	LOSS: 72.63	MAE: 45.23	RMSE: 83.72
Epoch 194	LOSS: 71.27	MAE: 45.55	RMSE: 83.97
Epoch 195	LOSS: 71.17	MAE: 45.37	RMSE: 83.96
Epoch 196	LOSS: 70.14	MAE: 45.07	RMSE: 83.83
Epoch 197	LOSS: 71.39	MAE: 45.03	RMSE: 83.82
Epoch 198	LOSS: 70.16	MAE: 44.91	RMSE: 83.87
Epoch 199	LOSS: 70.34	MAE: 44.85	RMSE: 83.93
Epoch 200	LOSS: 71.00	MAE: 45.18	RMSE: 84.10
Epoch 201	LOSS: 70.65	MAE: 45.28	RMSE: 84.16
Epoch 202	LOSS: 69.99	MAE: 45.26	RMSE: 84.24
Epoch 203	LOSS: 71.15	MAE: 45.34	RMSE: 84.21
Epoch 204	LOSS: 71.01	MAE: 45.53	RMSE: 84.29
Epoch 205	LOSS: 70.08	MAE: 45.07	RMSE: 84.08
Epoch 206	LOSS: 70.57	MAE: 44.76	RMSE: 83.95
Epoch 207	LOSS: 71.02	MAE: 44.77	RMSE: 84.00
Epoch 208	LOSS: 70.10	MAE: 44.66	RMSE: 83.93
Epoch 209	LOSS: 69.85	MAE: 44.83	RMSE: 84.00
Epoch 210	LOSS: 69.30	MAE: 44.83	RMSE: 84.00
Epoch 211	LOSS: 69.76	MAE: 44.76	RMSE: 83.98
Epoch 212	LOSS: 69.64	MAE: 44.59	RMSE: 83.91
Epoch 213	LOSS: 71.01	MAE: 44.61	RMSE: 83.90
Epoch 214	LOSS: 71.13	MAE: 44.57	RMSE: 83.88
Epoch 215	LOSS: 69.02	MAE: 44.51	RMSE: 83.89
Epoch 216	LOSS: 70.09	MAE: 44.61	RMSE: 83.95
Epoch 217	LOSS: 69.35	MAE: 44.53	RMSE: 83.96
Epoch 218	LOSS: 68.92	MAE: 44.65	RMSE: 84.08
Epoch 219	LOSS: 70.26	MAE: 44.72	RMSE: 84.13
Epoch 220	LOSS: 71.18	MAE: 45.05	RMSE: 84.36
Epoch 221	LOSS: 69.98	MAE: 44.65	RMSE: 84.16
Epoch 222	LOSS: 70.89	MAE: 44.83	RMSE: 84.32
Epoch 223	LOSS: 70.18	MAE: 45.17	RMSE: 84.56
Epoch 224	LOSS: 70.09	MAE: 44.71	RMSE: 84.38
Epoch 225	LOSS: 70.70	MAE: 44.75	RMSE: 84.41
Epoch 226	LOSS: 69.09	MAE: 45.00	RMSE: 84.54
Epoch 227	LOSS: 69.20	MAE: 44.77	RMSE: 84.38
Epoch 228	LOSS: 70.10	MAE: 44.97	RMSE: 84.50
Epoch 229	LOSS: 69.78	MAE: 44.96	RMSE: 84.49
Epoch 230	LOSS: 69.83	MAE: 44.49	RMSE: 84.24
Epoch 231	LOSS: 69.84	MAE: 44.54	RMSE: 84.23
Epoch 232	LOSS: 71.36	MAE: 45.11	RMSE: 84.50
Epoch 233	LOSS: 68.90	MAE: 44.74	RMSE: 84.28
Epoch 234	LOSS: 68.39	MAE: 44.66	RMSE: 84.26
Epoch 235	LOSS: 70.70	MAE: 44.63	RMSE: 84.29
Epoch 236	LOSS: 70.31	MAE: 44.31	RMSE: 84.18
Epoch 237	LOSS: 69.97	MAE: 44.67	RMSE: 84.35
Epoch 238	LOSS: 68.88	MAE: 44.79	RMSE: 84.39
Epoch 239	LOSS: 68.79	MAE: 44.58	RMSE: 84.28
Epoch 240	LOSS: 69.25	MAE: 44.84	RMSE: 84.38
Epoch 241	LOSS: 70.12	MAE: 44.86	RMSE: 84.42
Epoch 242	LOSS: 68.76	MAE: 44.25	RMSE: 84.15
Epoch 243	LOSS: 69.33	MAE: 44.55	RMSE: 84.30
Epoch 244	LOSS: 68.99	MAE: 44.62	RMSE: 84.30
Epoch 245	LOSS: 68.60	MAE: 44.29	RMSE: 84.11
Epoch 246	LOSS: 69.23	MAE: 44.37	RMSE: 84.14
Epoch 247	LOSS: 68.93	MAE: 44.09	RMSE: 83.97
Epoch 248	LOSS: 68.52	MAE: 44.01	RMSE: 83.94
Epoch 249	LOSS: 68.07	MAE: 44.14	RMSE: 84.01
Epoch 250	LOSS: 68.99	MAE: 44.28	RMSE: 84.09
Epoch 251	LOSS: 69.50	MAE: 44.16	RMSE: 84.06
Epoch 252	LOSS: 67.87	MAE: 44.15	RMSE: 84.04
Epoch 253	LOSS: 67.64	MAE: 44.10	RMSE: 83.98
Epoch 254	LOSS: 67.74	MAE: 44.21	RMSE: 84.00
Epoch 255	LOSS: 67.42	MAE: 44.07	RMSE: 83.91
Epoch 256	LOSS: 68.13	MAE: 44.10	RMSE: 83.94
Epoch 257	LOSS: 67.00	MAE: 43.88	RMSE: 83.79
Epoch 258	LOSS: 68.15	MAE: 44.13	RMSE: 83.89
Epoch 259	LOSS: 67.83	MAE: 44.13	RMSE: 83.89
Epoch 260	LOSS: 65.65	MAE: 43.66	RMSE: 83.65
Epoch 261	LOSS: 67.61	MAE: 43.79	RMSE: 83.72
Epoch 262	LOSS: 66.87	MAE: 43.73	RMSE: 83.73
Epoch 263	LOSS: 65.28	MAE: 43.61	RMSE: 83.66
Epoch 264	LOSS: 66.88	MAE: 43.74	RMSE: 83.75
Epoch 265	LOSS: 67.61	MAE: 43.62	RMSE: 83.71
Epoch 266	LOSS: 65.68	MAE: 43.70	RMSE: 83.75
Epoch 267	LOSS: 65.34	MAE: 43.72	RMSE: 83.76
Epoch 268	LOSS: 66.07	MAE: 43.66	RMSE: 83.81
Epoch 269	LOSS: 66.14	MAE: 43.63	RMSE: 83.80
Epoch 270	LOSS: 66.02	MAE: 43.70	RMSE: 83.85
Epoch 271	LOSS: 66.11	MAE: 43.36	RMSE: 83.70
Epoch 272	LOSS: 64.83	MAE: 43.39	RMSE: 83.70
Epoch 273	LOSS: 66.09	MAE: 43.58	RMSE: 83.80
Epoch 274	LOSS: 65.34	MAE: 43.43	RMSE: 83.74
Epoch 275	LOSS: 66.62	MAE: 43.40	RMSE: 83.75
Epoch 276	LOSS: 65.30	MAE: 43.15	RMSE: 83.60
Epoch 277	LOSS: 65.28	MAE: 43.03	RMSE: 83.56
Epoch 278	LOSS: 66.91	MAE: 43.47	RMSE: 83.82
Epoch 279	LOSS: 65.47	MAE: 43.32	RMSE: 83.74
Epoch 280	LOSS: 65.76	MAE: 43.54	RMSE: 83.88
Epoch 281	LOSS: 66.12	MAE: 43.87	RMSE: 84.07
Epoch 282	LOSS: 65.17	MAE: 43.32	RMSE: 83.69
Epoch 283	LOSS: 64.63	MAE: 43.23	RMSE: 83.63
Epoch 284	LOSS: 66.20	MAE: 43.35	RMSE: 83.72
Epoch 285	LOSS: 64.99	MAE: 43.22	RMSE: 83.65
Epoch 286	LOSS: 66.09	MAE: 43.28	RMSE: 83.70
Epoch 287	LOSS: 67.63	MAE: 43.80	RMSE: 84.00
Epoch 288	LOSS: 66.06	MAE: 43.36	RMSE: 83.74
Epoch 289	LOSS: 65.46	MAE: 43.25	RMSE: 83.69
Epoch 290	LOSS: 66.78	MAE: 43.40	RMSE: 83.73
Epoch 291	LOSS: 66.30	MAE: 43.42	RMSE: 83.74
Epoch 292	LOSS: 65.02	MAE: 43.36	RMSE: 83.71
Epoch 293	LOSS: 66.55	MAE: 43.55	RMSE: 83.82
Epoch 294	LOSS: 64.42	MAE: 43.38	RMSE: 83.70
Epoch 295	LOSS: 65.26	MAE: 43.39	RMSE: 83.69
Epoch 296	LOSS: 64.67	MAE: 43.30	RMSE: 83.66
Epoch 297	LOSS: 63.37	MAE: 43.25	RMSE: 83.62
Epoch 298	LOSS: 65.53	MAE: 43.93	RMSE: 83.99
Epoch 299	LOSS: 64.79	MAE: 43.49	RMSE: 83.74
Epoch 300	LOSS: 65.90	MAE: 43.70	RMSE: 83.88
Epoch 301	LOSS: 65.60	MAE: 43.68	RMSE: 83.86
Epoch 302	LOSS: 63.99	MAE: 43.08	RMSE: 83.52
Epoch 303	LOSS: 64.90	MAE: 43.23	RMSE: 83.61
Epoch 304	LOSS: 66.51	MAE: 43.62	RMSE: 83.83
Epoch 305	LOSS: 64.71	MAE: 43.18	RMSE: 83.57
Epoch 306	LOSS: 65.20	MAE: 43.48	RMSE: 83.71
Epoch 307	LOSS: 64.95	MAE: 43.20	RMSE: 83.57
Epoch 308	LOSS: 64.54	MAE: 43.19	RMSE: 83.56
Epoch 309	LOSS: 65.67	MAE: 43.28	RMSE: 83.59
Epoch 310	LOSS: 64.96	MAE: 43.19	RMSE: 83.55
Epoch 311	LOSS: 65.23	MAE: 43.27	RMSE: 83.59
Epoch 312	LOSS: 64.95	MAE: 43.01	RMSE: 83.42
Epoch 313	LOSS: 65.29	MAE: 43.18	RMSE: 83.50
Epoch 314	LOSS: 64.15	MAE: 42.98	RMSE: 83.39
Epoch 315	LOSS: 65.59	MAE: 43.26	RMSE: 83.57
Epoch 316	LOSS: 65.62	MAE: 43.34	RMSE: 83.64
Epoch 317	LOSS: 64.60	MAE: 43.21	RMSE: 83.58
Epoch 318	LOSS: 65.45	MAE: 43.39	RMSE: 83.70
Epoch 319	LOSS: 64.15	MAE: 43.04	RMSE: 83.51
Epoch 320	LOSS: 64.41	MAE: 42.99	RMSE: 83.50
Epoch 321	LOSS: 65.13	MAE: 43.07	RMSE: 83.56
Epoch 322	LOSS: 64.63	MAE: 42.96	RMSE: 83.50
Epoch 323	LOSS: 64.39	MAE: 43.26	RMSE: 83.67
Epoch 324	LOSS: 64.39	MAE: 43.32	RMSE: 83.69
Epoch 325	LOSS: 64.74	MAE: 43.33	RMSE: 83.70
Epoch 326	LOSS: 64.69	MAE: 43.16	RMSE: 83.61
Epoch 327	LOSS: 63.63	MAE: 42.99	RMSE: 83.52
Epoch 328	LOSS: 65.41	MAE: 43.20	RMSE: 83.61
Epoch 329	LOSS: 64.62	MAE: 42.98	RMSE: 83.52
Epoch 330	LOSS: 64.99	MAE: 43.03	RMSE: 83.57
Epoch 331	LOSS: 65.73	MAE: 43.18	RMSE: 83.68
Epoch 332	LOSS: 64.38	MAE: 42.96	RMSE: 83.56
Epoch 333	LOSS: 63.62	MAE: 43.11	RMSE: 83.66
Epoch 334	LOSS: 63.94	MAE: 42.97	RMSE: 83.58
Epoch 335	LOSS: 64.00	MAE: 42.85	RMSE: 83.51
Epoch 336	LOSS: 63.31	MAE: 42.72	RMSE: 83.46
Epoch 337	LOSS: 63.24	MAE: 42.64	RMSE: 83.41
Epoch 338	LOSS: 64.51	MAE: 43.02	RMSE: 83.61
Epoch 339	LOSS: 63.77	MAE: 42.95	RMSE: 83.56
Epoch 340	LOSS: 64.00	MAE: 42.94	RMSE: 83.54
Epoch 341	LOSS: 65.01	MAE: 43.08	RMSE: 83.57
Epoch 342	LOSS: 63.30	MAE: 43.03	RMSE: 83.52
Epoch 343	LOSS: 64.71	MAE: 43.13	RMSE: 83.58
Epoch 344	LOSS: 64.88	MAE: 42.89	RMSE: 83.45
Epoch 345	LOSS: 64.57	MAE: 42.81	RMSE: 83.40
Epoch 346	LOSS: 64.22	MAE: 43.09	RMSE: 83.56
Epoch 347	LOSS: 64.35	MAE: 43.01	RMSE: 83.53
Epoch 348	LOSS: 64.33	MAE: 43.11	RMSE: 83.59
Epoch 349	LOSS: 64.27	MAE: 42.81	RMSE: 83.42
Epoch 350	LOSS: 64.42	MAE: 42.70	RMSE: 83.36
Epoch 351	LOSS: 63.20	MAE: 42.57	RMSE: 83.31
Epoch 352	LOSS: 62.91	MAE: 42.55	RMSE: 83.34
Epoch 353	LOSS: 62.36	MAE: 42.51	RMSE: 83.35
Epoch 354	LOSS: 64.78	MAE: 42.81	RMSE: 83.52
Epoch 355	LOSS: 63.46	MAE: 42.53	RMSE: 83.35
Epoch 356	LOSS: 63.27	MAE: 42.53	RMSE: 83.36
Epoch 357	LOSS: 63.61	MAE: 42.75	RMSE: 83.47
Epoch 358	LOSS: 63.16	MAE: 42.55	RMSE: 83.37
Epoch 359	LOSS: 63.87	MAE: 42.89	RMSE: 83.57
Epoch 360	LOSS: 63.07	MAE: 42.75	RMSE: 83.50
Epoch 361	LOSS: 63.97	MAE: 42.65	RMSE: 83.44
Epoch 362	LOSS: 63.68	MAE: 43.04	RMSE: 83.63
Epoch 363	LOSS: 63.37	MAE: 42.64	RMSE: 83.42
Epoch 364	LOSS: 62.87	MAE: 42.69	RMSE: 83.43
Epoch 365	LOSS: 63.97	MAE: 42.64	RMSE: 83.37
Epoch 366	LOSS: 63.07	MAE: 42.57	RMSE: 83.32
Epoch 367	LOSS: 65.06	MAE: 42.81	RMSE: 83.52
Epoch 368	LOSS: 63.24	MAE: 42.62	RMSE: 83.44
Epoch 369	LOSS: 64.40	MAE: 42.76	RMSE: 83.51
Epoch 370	LOSS: 64.02	MAE: 42.98	RMSE: 83.58
Epoch 371	LOSS: 63.44	MAE: 42.82	RMSE: 83.46
Epoch 372	LOSS: 64.55	MAE: 43.13	RMSE: 83.62
Epoch 373	LOSS: 63.32	MAE: 42.82	RMSE: 83.43
Epoch 374	LOSS: 64.48	MAE: 43.12	RMSE: 83.56
Epoch 375	LOSS: 62.75	MAE: 42.86	RMSE: 83.46
Epoch 376	LOSS: 63.51	MAE: 42.71	RMSE: 83.36
Epoch 377	LOSS: 64.69	MAE: 42.87	RMSE: 83.43
Epoch 378	LOSS: 62.13	MAE: 42.79	RMSE: 83.37
Epoch 379	LOSS: 64.10	MAE: 42.83	RMSE: 83.41
Epoch 380	LOSS: 62.86	MAE: 42.81	RMSE: 83.42
Epoch 381	LOSS: 62.79	MAE: 42.55	RMSE: 83.31
Epoch 382	LOSS: 62.46	MAE: 42.68	RMSE: 83.37
Epoch 383	LOSS: 62.49	MAE: 42.45	RMSE: 83.28
Epoch 384	LOSS: 62.34	MAE: 42.47	RMSE: 83.32
Epoch 385	LOSS: 62.87	MAE: 42.51	RMSE: 83.37
Epoch 386	LOSS: 62.06	MAE: 42.26	RMSE: 83.21
Epoch 387	LOSS: 63.16	MAE: 42.58	RMSE: 83.37
Epoch 388	LOSS: 62.39	MAE: 42.50	RMSE: 83.32
Epoch 389	LOSS: 62.95	MAE: 42.29	RMSE: 83.22
Epoch 390	LOSS: 63.48	MAE: 42.45	RMSE: 83.31
Epoch 391	LOSS: 62.10	MAE: 42.22	RMSE: 83.16
Epoch 392	LOSS: 62.62	MAE: 42.37	RMSE: 83.23
Epoch 393	LOSS: 63.15	MAE: 42.31	RMSE: 83.21
Epoch 394	LOSS: 61.56	MAE: 42.25	RMSE: 83.17
Epoch 395	LOSS: 62.90	MAE: 42.51	RMSE: 83.27
Epoch 396	LOSS: 62.05	MAE: 42.22	RMSE: 83.15
Epoch 397	LOSS: 63.44	MAE: 42.39	RMSE: 83.23
Epoch 398	LOSS: 62.52	MAE: 42.29	RMSE: 83.16
Epoch 399	LOSS: 63.25	MAE: 42.30	RMSE: 83.16
Epoch 400	LOSS: 62.73	MAE: 42.28	RMSE: 83.16
Epoch 401	LOSS: 61.54	MAE: 42.24	RMSE: 83.16
Epoch 402	LOSS: 61.75	MAE: 42.41	RMSE: 83.26
Epoch 403	LOSS: 62.71	MAE: 42.46	RMSE: 83.24
Epoch 404	LOSS: 61.98	MAE: 42.27	RMSE: 83.13
Epoch 405	LOSS: 62.01	MAE: 42.27	RMSE: 83.07
Epoch 406	LOSS: 61.48	MAE: 42.03	RMSE: 82.92
Epoch 407	LOSS: 62.28	MAE: 41.96	RMSE: 82.89
Epoch 408	LOSS: 62.02	MAE: 42.09	RMSE: 82.95
Epoch 409	LOSS: 60.41	MAE: 41.72	RMSE: 82.76
Epoch 410	LOSS: 61.42	MAE: 41.81	RMSE: 82.80
Epoch 411	LOSS: 62.06	MAE: 41.80	RMSE: 82.81
Epoch 412	LOSS: 60.17	MAE: 41.71	RMSE: 82.75
Epoch 413	LOSS: 62.12	MAE: 42.00	RMSE: 82.90
Epoch 414	LOSS: 61.17	MAE: 41.58	RMSE: 82.71
Epoch 415	LOSS: 61.83	MAE: 41.66	RMSE: 82.76
Epoch 416	LOSS: 61.48	MAE: 41.60	RMSE: 82.71
Epoch 417	LOSS: 60.95	MAE: 41.68	RMSE: 82.73
Epoch 418	LOSS: 60.90	MAE: 41.79	RMSE: 82.78
Epoch 419	LOSS: 61.20	MAE: 41.63	RMSE: 82.70
Epoch 420	LOSS: 61.20	MAE: 42.00	RMSE: 82.87
Epoch 421	LOSS: 60.84	MAE: 41.87	RMSE: 82.77
Epoch 422	LOSS: 60.75	MAE: 41.67	RMSE: 82.71
Epoch 423	LOSS: 60.26	MAE: 41.55	RMSE: 82.63
Epoch 424	LOSS: 61.01	MAE: 41.68	RMSE: 82.69
Epoch 425	LOSS: 61.08	MAE: 41.49	RMSE: 82.59
Epoch 426	LOSS: 61.09	MAE: 41.51	RMSE: 82.62
Epoch 427	LOSS: 59.81	MAE: 41.20	RMSE: 82.36
Epoch 428	LOSS: 60.42	MAE: 41.41	RMSE: 82.39
Epoch 429	LOSS: 60.97	MAE: 41.54	RMSE: 82.45
Epoch 430	LOSS: 60.67	MAE: 41.35	RMSE: 82.37
Epoch 431	LOSS: 59.62	MAE: 41.35	RMSE: 82.39
Epoch 432	LOSS: 59.79	MAE: 41.06	RMSE: 82.22
Epoch 433	LOSS: 61.02	MAE: 41.34	RMSE: 82.39
Epoch 434	LOSS: 59.69	MAE: 41.03	RMSE: 82.22
Epoch 435	LOSS: 59.55	MAE: 41.00	RMSE: 82.24
Epoch 436	LOSS: 59.98	MAE: 41.09	RMSE: 82.31
Epoch 437	LOSS: 60.27	MAE: 41.12	RMSE: 82.32
Epoch 438	LOSS: 59.21	MAE: 41.19	RMSE: 82.34
Epoch 439	LOSS: 59.79	MAE: 41.09	RMSE: 82.25
Epoch 440	LOSS: 58.82	MAE: 40.95	RMSE: 82.17
Epoch 441	LOSS: 60.40	MAE: 41.18	RMSE: 82.27
Epoch 442	LOSS: 59.65	MAE: 41.03	RMSE: 82.18
Epoch 443	LOSS: 59.25	MAE: 41.15	RMSE: 82.27
Epoch 444	LOSS: 59.97	MAE: 40.89	RMSE: 82.11
Epoch 445	LOSS: 60.25	MAE: 41.07	RMSE: 82.17
Epoch 446	LOSS: 58.73	MAE: 40.83	RMSE: 82.03
Epoch 447	LOSS: 60.58	MAE: 40.72	RMSE: 82.00
Epoch 448	LOSS: 59.32	MAE: 40.73	RMSE: 82.04
Epoch 449	LOSS: 59.01	MAE: 40.87	RMSE: 82.07
Epoch 450	LOSS: 59.36	MAE: 40.84	RMSE: 82.03
Epoch 451	LOSS: 58.60	MAE: 40.71	RMSE: 81.92
Epoch 452	LOSS: 59.37	MAE: 40.79	RMSE: 81.97
Epoch 453	LOSS: 57.77	MAE: 40.72	RMSE: 81.88
Epoch 454	LOSS: 58.38	MAE: 40.75	RMSE: 81.86
Epoch 455	LOSS: 58.73	MAE: 40.58	RMSE: 81.77
Epoch 456	LOSS: 58.01	MAE: 40.54	RMSE: 81.76
Epoch 457	LOSS: 58.02	MAE: 40.38	RMSE: 81.69
Epoch 458	LOSS: 58.59	MAE: 40.43	RMSE: 81.70
Epoch 459	LOSS: 59.31	MAE: 40.61	RMSE: 81.78
Epoch 460	LOSS: 57.52	MAE: 40.36	RMSE: 81.67
Epoch 461	LOSS: 58.13	MAE: 40.50	RMSE: 81.72
Epoch 462	LOSS: 57.85	MAE: 40.28	RMSE: 81.60
Epoch 463	LOSS: 57.73	MAE: 40.53	RMSE: 81.73
Epoch 464	LOSS: 57.58	MAE: 40.43	RMSE: 81.67
Epoch 465	LOSS: 57.98	MAE: 40.37	RMSE: 81.61
Epoch 466	LOSS: 57.49	MAE: 40.16	RMSE: 81.44
Epoch 467	LOSS: 57.60	MAE: 40.13	RMSE: 81.47
Epoch 468	LOSS: 58.07	MAE: 40.17	RMSE: 81.54
Epoch 469	LOSS: 56.84	MAE: 39.98	RMSE: 81.43
Epoch 470	LOSS: 57.95	MAE: 40.15	RMSE: 81.46
Epoch 471	LOSS: 55.64	MAE: 39.88	RMSE: 81.32
Epoch 472	LOSS: 57.54	MAE: 40.11	RMSE: 81.47
Epoch 473	LOSS: 57.43	MAE: 39.98	RMSE: 81.32
Epoch 474	LOSS: 57.31	MAE: 40.34	RMSE: 81.48
Epoch 475	LOSS: 56.26	MAE: 39.99	RMSE: 81.30
Epoch 476	LOSS: 57.77	MAE: 40.29	RMSE: 81.46
Epoch 477	LOSS: 57.33	MAE: 39.84	RMSE: 81.22
Epoch 478	LOSS: 56.83	MAE: 39.76	RMSE: 81.18
Epoch 479	LOSS: 57.41	MAE: 40.04	RMSE: 81.31
Epoch 480	LOSS: 56.49	MAE: 39.67	RMSE: 81.10
Epoch 481	LOSS: 56.23	MAE: 39.85	RMSE: 81.20
Epoch 482	LOSS: 55.41	MAE: 39.53	RMSE: 81.01
Epoch 483	LOSS: 56.43	MAE: 39.71	RMSE: 81.07
Epoch 484	LOSS: 56.37	MAE: 40.06	RMSE: 81.21
Epoch 485	LOSS: 55.27	MAE: 39.77	RMSE: 81.06
Epoch 486	LOSS: 56.54	MAE: 40.16	RMSE: 81.26
Epoch 487	LOSS: 55.81	MAE: 39.40	RMSE: 80.86
Epoch 488	LOSS: 57.05	MAE: 39.52	RMSE: 80.92
Epoch 489	LOSS: 56.15	MAE: 39.29	RMSE: 80.80
Epoch 490	LOSS: 55.32	MAE: 39.26	RMSE: 80.77
Epoch 491	LOSS: 55.64	MAE: 39.43	RMSE: 80.84
Epoch 492	LOSS: 54.60	MAE: 39.32	RMSE: 80.76
Epoch 493	LOSS: 55.33	MAE: 39.52	RMSE: 80.83
Epoch 494	LOSS: 54.85	MAE: 39.47	RMSE: 80.80
Epoch 495	LOSS: 55.60	MAE: 39.43	RMSE: 80.80
Epoch 496	LOSS: 55.88	MAE: 39.57	RMSE: 80.93
Epoch 497	LOSS: 55.68	MAE: 39.42	RMSE: 80.87
Epoch 498	LOSS: 55.71	MAE: 39.70	RMSE: 81.03
Epoch 499	LOSS: 55.59	MAE: 39.69	RMSE: 81.02
