Epoch 000	LOSS: 95.08	MAE: 44.43	RMSE: 58.24
Epoch 001	LOSS: 39.65	MAE: 36.38	RMSE: 50.14
Epoch 002	LOSS: 29.41	MAE: 28.87	RMSE: 44.54
Epoch 003	LOSS: 27.78	MAE: 27.25	RMSE: 42.70
Epoch 004	LOSS: 28.55	MAE: 24.95	RMSE: 39.01
Epoch 005	LOSS: 25.51	MAE: 20.95	RMSE: 34.05
Epoch 006	LOSS: 25.79	MAE: 20.92	RMSE: 33.81
Epoch 007	LOSS: 27.07	MAE: 20.40	RMSE: 33.48
Epoch 008	LOSS: 26.97	MAE: 20.06	RMSE: 33.02
Epoch 009	LOSS: 26.35	MAE: 20.51	RMSE: 33.16
Epoch 010	LOSS: 27.30	MAE: 19.92	RMSE: 32.08
Epoch 011	LOSS: 27.72	MAE: 19.36	RMSE: 31.16
Epoch 012	LOSS: 28.22	MAE: 20.15	RMSE: 32.01
Epoch 013	LOSS: 25.82	MAE: 20.39	RMSE: 32.70
Epoch 014	LOSS: 24.59	MAE: 19.80	RMSE: 32.44
Epoch 015	LOSS: 27.26	MAE: 19.61	RMSE: 31.50
Epoch 016	LOSS: 25.67	MAE: 19.33	RMSE: 31.19
Epoch 017	LOSS: 26.48	MAE: 19.69	RMSE: 31.41
Epoch 018	LOSS: 27.26	MAE: 18.94	RMSE: 30.52
Epoch 019	LOSS: 23.82	MAE: 18.37	RMSE: 29.71
Epoch 020	LOSS: 25.12	MAE: 18.85	RMSE: 29.96
Epoch 021	LOSS: 28.34	MAE: 18.28	RMSE: 29.79
Epoch 022	LOSS: 24.40	MAE: 17.71	RMSE: 29.32
Epoch 023	LOSS: 21.88	MAE: 17.42	RMSE: 28.89
Epoch 024	LOSS: 23.16	MAE: 18.02	RMSE: 29.84
Epoch 025	LOSS: 21.53	MAE: 18.62	RMSE: 30.41
Epoch 026	LOSS: 22.16	MAE: 17.18	RMSE: 28.27
Epoch 027	LOSS: 21.41	MAE: 18.63	RMSE: 30.84
Epoch 028	LOSS: 20.82	MAE: 18.49	RMSE: 31.20
Epoch 029	LOSS: 20.57	MAE: 17.88	RMSE: 29.88
Epoch 030	LOSS: 22.30	MAE: 17.46	RMSE: 29.10
Epoch 031	LOSS: 20.60	MAE: 16.93	RMSE: 28.41
Epoch 032	LOSS: 20.31	MAE: 16.61	RMSE: 28.27
Epoch 033	LOSS: 19.96	MAE: 17.01	RMSE: 28.71
Epoch 034	LOSS: 19.36	MAE: 16.99	RMSE: 28.95
Epoch 035	LOSS: 18.92	MAE: 16.92	RMSE: 28.64
Epoch 036	LOSS: 20.45	MAE: 16.91	RMSE: 28.93
Epoch 037	LOSS: 18.98	MAE: 17.05	RMSE: 29.35
Epoch 038	LOSS: 18.63	MAE: 16.71	RMSE: 28.54
Epoch 039	LOSS: 22.10	MAE: 16.30	RMSE: 27.97
Epoch 040	LOSS: 18.51	MAE: 17.44	RMSE: 30.09
Epoch 041	LOSS: 18.56	MAE: 17.47	RMSE: 30.04
Epoch 042	LOSS: 18.50	MAE: 17.45	RMSE: 29.98
Epoch 043	LOSS: 18.09	MAE: 16.63	RMSE: 28.55
Epoch 044	LOSS: 18.25	MAE: 15.99	RMSE: 27.71
Epoch 045	LOSS: 18.22	MAE: 16.80	RMSE: 28.90
Epoch 046	LOSS: 18.66	MAE: 16.02	RMSE: 27.69
Epoch 047	LOSS: 17.37	MAE: 16.27	RMSE: 28.17
Epoch 048	LOSS: 18.99	MAE: 16.20	RMSE: 28.22
Epoch 049	LOSS: 18.11	MAE: 16.61	RMSE: 28.94
Epoch 050	LOSS: 17.59	MAE: 16.36	RMSE: 28.70
Epoch 051	LOSS: 17.43	MAE: 16.44	RMSE: 28.65
Epoch 052	LOSS: 17.75	MAE: 15.39	RMSE: 27.16
Epoch 053	LOSS: 17.37	MAE: 16.35	RMSE: 28.88
Epoch 054	LOSS: 17.58	MAE: 15.98	RMSE: 28.03
Epoch 055	LOSS: 18.21	MAE: 16.06	RMSE: 27.65
Epoch 056	LOSS: 18.13	MAE: 15.89	RMSE: 27.86
Epoch 057	LOSS: 17.92	MAE: 16.32	RMSE: 28.15
Epoch 058	LOSS: 18.16	MAE: 15.55	RMSE: 27.11
Epoch 059	LOSS: 18.38	MAE: 15.33	RMSE: 26.63
Epoch 060	LOSS: 17.07	MAE: 15.50	RMSE: 26.63
Epoch 061	LOSS: 17.29	MAE: 14.99	RMSE: 25.74
Epoch 062	LOSS: 16.88	MAE: 15.18	RMSE: 26.05
Epoch 063	LOSS: 17.29	MAE: 15.02	RMSE: 25.77
Epoch 064	LOSS: 18.80	MAE: 15.32	RMSE: 26.32
Epoch 065	LOSS: 17.58	MAE: 15.20	RMSE: 26.19
Epoch 066	LOSS: 16.82	MAE: 14.76	RMSE: 25.47
Epoch 067	LOSS: 17.35	MAE: 14.61	RMSE: 25.06
Epoch 068	LOSS: 18.84	MAE: 14.45	RMSE: 24.48
Epoch 069	LOSS: 16.52	MAE: 14.18	RMSE: 23.91
Epoch 070	LOSS: 17.25	MAE: 14.15	RMSE: 23.60
Epoch 071	LOSS: 17.13	MAE: 14.00	RMSE: 22.87
Epoch 072	LOSS: 17.22	MAE: 13.31	RMSE: 21.25
Epoch 073	LOSS: 16.77	MAE: 13.37	RMSE: 21.47
Epoch 074	LOSS: 17.05	MAE: 13.67	RMSE: 21.94
Epoch 075	LOSS: 18.37	MAE: 12.86	RMSE: 19.92
Epoch 076	LOSS: 19.83	MAE: 13.76	RMSE: 21.13
Epoch 077	LOSS: 17.83	MAE: 13.11	RMSE: 20.41
Epoch 078	LOSS: 16.45	MAE: 12.92	RMSE: 19.96
Epoch 079	LOSS: 16.52	MAE: 12.75	RMSE: 19.76
Epoch 080	LOSS: 17.67	MAE: 12.69	RMSE: 19.84
Epoch 081	LOSS: 18.23	MAE: 12.69	RMSE: 20.03
Epoch 082	LOSS: 17.16	MAE: 12.79	RMSE: 20.02
Epoch 083	LOSS: 17.20	MAE: 12.56	RMSE: 19.50
Epoch 084	LOSS: 18.08	MAE: 12.71	RMSE: 19.66
Epoch 085	LOSS: 17.54	MAE: 12.91	RMSE: 20.29
Epoch 086	LOSS: 17.07	MAE: 13.04	RMSE: 20.40
Epoch 087	LOSS: 16.67	MAE: 12.79	RMSE: 19.99
Epoch 088	LOSS: 17.02	MAE: 13.05	RMSE: 20.33
Epoch 089	LOSS: 17.13	MAE: 13.31	RMSE: 20.47
Epoch 090	LOSS: 16.12	MAE: 12.65	RMSE: 19.65
Epoch 091	LOSS: 18.31	MAE: 12.75	RMSE: 19.86
Epoch 092	LOSS: 16.69	MAE: 12.59	RMSE: 19.84
Epoch 093	LOSS: 16.65	MAE: 12.57	RMSE: 19.84
Epoch 094	LOSS: 16.98	MAE: 12.66	RMSE: 20.07
Epoch 095	LOSS: 16.19	MAE: 12.41	RMSE: 19.71
Epoch 096	LOSS: 18.62	MAE: 13.28	RMSE: 20.61
Epoch 097	LOSS: 19.99	MAE: 12.83	RMSE: 19.79
Epoch 098	LOSS: 16.14	MAE: 12.43	RMSE: 19.76
Epoch 099	LOSS: 16.26	MAE: 12.41	RMSE: 19.57
Epoch 100	LOSS: 16.37	MAE: 12.76	RMSE: 20.03
Epoch 101	LOSS: 16.91	MAE: 12.94	RMSE: 20.22
Epoch 102	LOSS: 16.33	MAE: 12.50	RMSE: 19.70
Epoch 103	LOSS: 16.07	MAE: 12.35	RMSE: 19.43
Epoch 104	LOSS: 16.59	MAE: 12.21	RMSE: 19.26
Epoch 105	LOSS: 16.83	MAE: 12.48	RMSE: 19.48
Epoch 106	LOSS: 16.25	MAE: 12.27	RMSE: 19.31
Epoch 107	LOSS: 16.46	MAE: 12.40	RMSE: 19.43
Epoch 108	LOSS: 16.98	MAE: 12.55	RMSE: 19.67
Epoch 109	LOSS: 16.25	MAE: 12.54	RMSE: 19.81
Epoch 110	LOSS: 17.32	MAE: 13.22	RMSE: 20.32
Epoch 111	LOSS: 16.03	MAE: 12.34	RMSE: 19.36
Epoch 112	LOSS: 16.82	MAE: 12.13	RMSE: 19.07
Epoch 113	LOSS: 16.47	MAE: 11.97	RMSE: 18.93
Epoch 114	LOSS: 17.23	MAE: 12.33	RMSE: 19.27
Epoch 115	LOSS: 17.60	MAE: 12.58	RMSE: 19.87
Epoch 116	LOSS: 15.88	MAE: 12.14	RMSE: 19.21
Epoch 117	LOSS: 15.99	MAE: 12.12	RMSE: 19.24
Epoch 118	LOSS: 15.82	MAE: 12.06	RMSE: 19.12
Epoch 119	LOSS: 18.05	MAE: 12.83	RMSE: 20.05
Epoch 120	LOSS: 16.32	MAE: 12.21	RMSE: 19.25
Epoch 121	LOSS: 16.61	MAE: 12.37	RMSE: 19.52
Epoch 122	LOSS: 16.57	MAE: 12.52	RMSE: 20.02
Epoch 123	LOSS: 17.97	MAE: 13.17	RMSE: 20.19
Epoch 124	LOSS: 16.23	MAE: 12.34	RMSE: 19.48
Epoch 125	LOSS: 15.87	MAE: 12.18	RMSE: 19.29
Epoch 126	LOSS: 15.82	MAE: 12.64	RMSE: 19.95
Epoch 127	LOSS: 15.84	MAE: 12.54	RMSE: 20.11
Epoch 128	LOSS: 17.01	MAE: 11.97	RMSE: 19.05
Epoch 129	LOSS: 17.41	MAE: 12.20	RMSE: 19.33
Epoch 130	LOSS: 15.62	MAE: 12.17	RMSE: 19.36
Epoch 131	LOSS: 15.69	MAE: 12.09	RMSE: 19.10
Epoch 132	LOSS: 15.53	MAE: 11.84	RMSE: 18.73
Epoch 133	LOSS: 16.23	MAE: 12.07	RMSE: 18.98
Epoch 134	LOSS: 15.66	MAE: 12.10	RMSE: 19.02
Epoch 135	LOSS: 15.98	MAE: 11.98	RMSE: 19.06
Epoch 136	LOSS: 15.68	MAE: 12.08	RMSE: 19.40
Epoch 137	LOSS: 15.89	MAE: 12.04	RMSE: 19.20
Epoch 138	LOSS: 15.46	MAE: 11.98	RMSE: 19.02
Epoch 139	LOSS: 15.35	MAE: 11.88	RMSE: 18.84
Epoch 140	LOSS: 15.47	MAE: 11.90	RMSE: 18.84
Epoch 141	LOSS: 16.71	MAE: 12.12	RMSE: 19.12
Epoch 142	LOSS: 16.52	MAE: 12.07	RMSE: 19.11
Epoch 143	LOSS: 15.47	MAE: 11.81	RMSE: 18.82
Epoch 144	LOSS: 16.36	MAE: 11.87	RMSE: 18.90
Epoch 145	LOSS: 16.57	MAE: 11.80	RMSE: 19.00
Epoch 146	LOSS: 15.42	MAE: 11.78	RMSE: 18.96
Epoch 147	LOSS: 15.70	MAE: 11.70	RMSE: 18.91
Epoch 148	LOSS: 15.79	MAE: 11.81	RMSE: 18.91
Epoch 149	LOSS: 16.32	MAE: 11.86	RMSE: 18.93
Epoch 150	LOSS: 15.68	MAE: 11.88	RMSE: 19.03
Epoch 151	LOSS: 15.88	MAE: 11.87	RMSE: 19.05
Epoch 152	LOSS: 15.95	MAE: 11.97	RMSE: 18.99
Epoch 153	LOSS: 15.46	MAE: 12.25	RMSE: 19.14
Epoch 154	LOSS: 15.63	MAE: 11.75	RMSE: 19.01
Epoch 155	LOSS: 15.34	MAE: 11.73	RMSE: 18.99
Epoch 156	LOSS: 15.43	MAE: 11.78	RMSE: 18.77
Epoch 157	LOSS: 15.14	MAE: 11.80	RMSE: 18.71
Epoch 158	LOSS: 15.50	MAE: 11.66	RMSE: 18.66
Epoch 159	LOSS: 15.24	MAE: 12.31	RMSE: 19.58
Epoch 160	LOSS: 15.13	MAE: 11.90	RMSE: 19.14
Epoch 161	LOSS: 16.37	MAE: 11.80	RMSE: 19.04
Epoch 162	LOSS: 16.46	MAE: 11.82	RMSE: 18.93
Epoch 163	LOSS: 15.21	MAE: 11.69	RMSE: 18.55
Epoch 164	LOSS: 15.98	MAE: 12.03	RMSE: 19.00
Epoch 165	LOSS: 15.94	MAE: 11.55	RMSE: 18.60
Epoch 166	LOSS: 15.19	MAE: 11.76	RMSE: 18.65
Epoch 167	LOSS: 15.29	MAE: 11.58	RMSE: 18.62
Epoch 168	LOSS: 15.22	MAE: 12.57	RMSE: 20.18
Epoch 169	LOSS: 15.15	MAE: 12.25	RMSE: 19.74
Epoch 170	LOSS: 14.99	MAE: 11.64	RMSE: 18.66
Epoch 171	LOSS: 15.29	MAE: 11.82	RMSE: 18.78
Epoch 172	LOSS: 16.48	MAE: 11.82	RMSE: 18.96
Epoch 173	LOSS: 15.07	MAE: 11.74	RMSE: 18.75
Epoch 174	LOSS: 15.98	MAE: 11.40	RMSE: 18.66
Epoch 175	LOSS: 14.93	MAE: 11.46	RMSE: 18.76
Epoch 176	LOSS: 14.94	MAE: 11.58	RMSE: 18.46
Epoch 177	LOSS: 15.64	MAE: 11.34	RMSE: 18.26
Epoch 178	LOSS: 15.46	MAE: 11.37	RMSE: 18.33
Epoch 179	LOSS: 14.79	MAE: 11.88	RMSE: 18.91
Epoch 180	LOSS: 14.96	MAE: 11.91	RMSE: 19.05
Epoch 181	LOSS: 14.87	MAE: 11.85	RMSE: 18.88
Epoch 182	LOSS: 15.25	MAE: 11.67	RMSE: 18.72
Epoch 183	LOSS: 15.65	MAE: 11.41	RMSE: 18.81
Epoch 184	LOSS: 15.63	MAE: 11.69	RMSE: 19.33
Epoch 185	LOSS: 15.44	MAE: 11.53	RMSE: 19.19
Epoch 186	LOSS: 15.22	MAE: 11.82	RMSE: 18.99
Epoch 187	LOSS: 16.19	MAE: 11.86	RMSE: 19.09
Epoch 188	LOSS: 15.14	MAE: 11.94	RMSE: 19.16
Epoch 189	LOSS: 15.49	MAE: 12.06	RMSE: 19.20
Epoch 190	LOSS: 15.64	MAE: 11.67	RMSE: 18.77
Epoch 191	LOSS: 15.12	MAE: 11.65	RMSE: 18.46
Epoch 192	LOSS: 14.98	MAE: 11.35	RMSE: 18.34
Epoch 193	LOSS: 15.04	MAE: 11.47	RMSE: 18.40
Epoch 194	LOSS: 14.99	MAE: 11.51	RMSE: 18.48
Epoch 195	LOSS: 14.78	MAE: 11.60	RMSE: 18.36
Epoch 196	LOSS: 14.86	MAE: 11.38	RMSE: 18.30
Epoch 197	LOSS: 14.70	MAE: 11.44	RMSE: 18.42
Epoch 198	LOSS: 14.72	MAE: 11.45	RMSE: 18.41
Epoch 199	LOSS: 14.59	MAE: 11.29	RMSE: 18.35
Epoch 200	LOSS: 15.54	MAE: 11.42	RMSE: 18.63
Epoch 201	LOSS: 14.75	MAE: 11.73	RMSE: 18.96
Epoch 202	LOSS: 14.89	MAE: 11.62	RMSE: 18.74
Epoch 203	LOSS: 14.94	MAE: 11.57	RMSE: 18.64
Epoch 204	LOSS: 14.83	MAE: 11.31	RMSE: 18.32
Epoch 205	LOSS: 14.52	MAE: 11.51	RMSE: 18.37
Epoch 206	LOSS: 14.82	MAE: 11.45	RMSE: 18.41
Epoch 207	LOSS: 14.74	MAE: 11.30	RMSE: 18.41
Epoch 208	LOSS: 14.53	MAE: 11.32	RMSE: 18.65
Epoch 209	LOSS: 15.33	MAE: 11.33	RMSE: 18.64
Epoch 210	LOSS: 14.91	MAE: 11.31	RMSE: 18.38
Epoch 211	LOSS: 14.82	MAE: 11.52	RMSE: 18.51
Epoch 212	LOSS: 14.73	MAE: 11.70	RMSE: 18.63
Epoch 213	LOSS: 14.60	MAE: 11.72	RMSE: 18.76
Epoch 214	LOSS: 14.79	MAE: 11.34	RMSE: 18.44
Epoch 215	LOSS: 14.62	MAE: 11.26	RMSE: 18.51
Epoch 216	LOSS: 15.14	MAE: 11.25	RMSE: 18.60
Epoch 217	LOSS: 14.45	MAE: 11.39	RMSE: 18.46
Epoch 218	LOSS: 14.48	MAE: 11.22	RMSE: 18.12
Epoch 219	LOSS: 14.55	MAE: 11.32	RMSE: 18.26
Epoch 220	LOSS: 14.57	MAE: 11.35	RMSE: 18.35
Epoch 221	LOSS: 14.48	MAE: 11.47	RMSE: 18.45
Epoch 222	LOSS: 14.47	MAE: 11.19	RMSE: 18.43
Epoch 223	LOSS: 15.28	MAE: 11.30	RMSE: 18.80
Epoch 224	LOSS: 14.42	MAE: 11.17	RMSE: 18.66
Epoch 225	LOSS: 14.87	MAE: 11.12	RMSE: 18.43
Epoch 226	LOSS: 14.82	MAE: 11.18	RMSE: 18.26
Epoch 227	LOSS: 14.41	MAE: 11.17	RMSE: 18.22
Epoch 228	LOSS: 14.41	MAE: 11.28	RMSE: 18.31
Epoch 229	LOSS: 14.41	MAE: 11.57	RMSE: 18.50
Epoch 230	LOSS: 14.44	MAE: 11.30	RMSE: 18.41
Epoch 231	LOSS: 14.39	MAE: 11.41	RMSE: 18.41
Epoch 232	LOSS: 14.24	MAE: 11.51	RMSE: 18.65
Epoch 233	LOSS: 14.33	MAE: 11.44	RMSE: 18.75
Epoch 234	LOSS: 15.31	MAE: 11.79	RMSE: 19.45
Epoch 235	LOSS: 14.47	MAE: 11.71	RMSE: 18.69
Epoch 236	LOSS: 14.41	MAE: 11.24	RMSE: 18.03
Epoch 237	LOSS: 14.25	MAE: 11.11	RMSE: 17.96
Epoch 238	LOSS: 14.20	MAE: 11.46	RMSE: 18.49
Epoch 239	LOSS: 14.64	MAE: 11.61	RMSE: 18.69
Epoch 240	LOSS: 14.28	MAE: 11.19	RMSE: 18.21
Epoch 241	LOSS: 14.91	MAE: 11.14	RMSE: 18.25
Epoch 242	LOSS: 14.56	MAE: 11.17	RMSE: 18.11
Epoch 243	LOSS: 14.54	MAE: 11.01	RMSE: 18.04
Epoch 244	LOSS: 14.16	MAE: 11.21	RMSE: 18.12
Epoch 245	LOSS: 14.90	MAE: 11.13	RMSE: 18.13
Epoch 246	LOSS: 14.51	MAE: 11.65	RMSE: 18.47
Epoch 247	LOSS: 14.49	MAE: 11.21	RMSE: 18.17
Epoch 248	LOSS: 14.16	MAE: 11.10	RMSE: 18.13
Epoch 249	LOSS: 14.60	MAE: 11.27	RMSE: 18.23
Epoch 250	LOSS: 14.49	MAE: 11.41	RMSE: 18.46
Epoch 251	LOSS: 14.35	MAE: 11.10	RMSE: 18.04
Epoch 252	LOSS: 14.42	MAE: 11.11	RMSE: 18.10
Epoch 253	LOSS: 14.44	MAE: 11.22	RMSE: 18.15
Epoch 254	LOSS: 14.28	MAE: 11.00	RMSE: 18.14
Epoch 255	LOSS: 14.04	MAE: 11.06	RMSE: 18.28
Epoch 256	LOSS: 14.21	MAE: 11.09	RMSE: 18.20
Epoch 257	LOSS: 14.12	MAE: 10.95	RMSE: 17.98
Epoch 258	LOSS: 14.46	MAE: 11.06	RMSE: 18.08
Epoch 259	LOSS: 14.31	MAE: 11.22	RMSE: 18.06
Epoch 260	LOSS: 14.58	MAE: 11.04	RMSE: 17.99
Epoch 261	LOSS: 13.91	MAE: 11.04	RMSE: 17.99
Epoch 262	LOSS: 13.93	MAE: 10.97	RMSE: 17.91
Epoch 263	LOSS: 14.08	MAE: 11.01	RMSE: 18.00
Epoch 264	LOSS: 14.59	MAE: 10.98	RMSE: 18.05
Epoch 265	LOSS: 14.18	MAE: 11.08	RMSE: 18.10
Epoch 266	LOSS: 13.99	MAE: 11.15	RMSE: 18.23
Epoch 267	LOSS: 14.09	MAE: 11.07	RMSE: 18.18
Epoch 268	LOSS: 14.13	MAE: 11.18	RMSE: 18.20
Epoch 269	LOSS: 13.97	MAE: 10.98	RMSE: 17.98
Epoch 270	LOSS: 14.14	MAE: 11.08	RMSE: 18.08
Epoch 271	LOSS: 14.76	MAE: 10.98	RMSE: 17.97
Epoch 272	LOSS: 13.84	MAE: 10.98	RMSE: 17.91
Epoch 273	LOSS: 14.32	MAE: 11.36	RMSE: 18.13
Epoch 274	LOSS: 14.30	MAE: 10.90	RMSE: 17.95
Epoch 275	LOSS: 13.94	MAE: 11.00	RMSE: 17.95
Epoch 276	LOSS: 14.99	MAE: 10.95	RMSE: 17.99
Epoch 277	LOSS: 14.07	MAE: 10.93	RMSE: 18.08
Epoch 278	LOSS: 13.71	MAE: 10.90	RMSE: 17.97
Epoch 279	LOSS: 14.23	MAE: 11.20	RMSE: 18.22
Epoch 280	LOSS: 14.18	MAE: 11.06	RMSE: 17.96
Epoch 281	LOSS: 14.11	MAE: 10.87	RMSE: 17.73
Epoch 282	LOSS: 14.59	MAE: 11.08	RMSE: 18.07
Epoch 283	LOSS: 14.19	MAE: 11.01	RMSE: 18.11
Epoch 284	LOSS: 13.98	MAE: 10.97	RMSE: 18.13
Epoch 285	LOSS: 13.97	MAE: 10.88	RMSE: 17.99
Epoch 286	LOSS: 15.31	MAE: 10.86	RMSE: 17.98
Epoch 287	LOSS: 14.54	MAE: 11.12	RMSE: 18.19
Epoch 288	LOSS: 14.02	MAE: 11.79	RMSE: 18.75
Epoch 289	LOSS: 14.34	MAE: 11.19	RMSE: 18.30
Epoch 290	LOSS: 14.10	MAE: 11.34	RMSE: 18.43
Epoch 291	LOSS: 13.82	MAE: 11.11	RMSE: 18.11
Epoch 292	LOSS: 13.91	MAE: 11.21	RMSE: 18.08
Epoch 293	LOSS: 13.95	MAE: 10.91	RMSE: 18.14
Epoch 294	LOSS: 13.72	MAE: 11.10	RMSE: 17.95
Epoch 295	LOSS: 13.76	MAE: 10.88	RMSE: 17.78
Epoch 296	LOSS: 14.02	MAE: 10.97	RMSE: 17.89
Epoch 297	LOSS: 13.74	MAE: 11.24	RMSE: 18.05
Epoch 298	LOSS: 13.97	MAE: 10.97	RMSE: 17.81
Epoch 299	LOSS: 13.80	MAE: 11.12	RMSE: 18.11
Epoch 300	LOSS: 14.06	MAE: 10.90	RMSE: 18.08
Epoch 301	LOSS: 14.17	MAE: 11.02	RMSE: 18.12
Epoch 302	LOSS: 13.69	MAE: 11.12	RMSE: 18.15
Epoch 303	LOSS: 13.83	MAE: 10.87	RMSE: 17.83
Epoch 304	LOSS: 13.83	MAE: 10.78	RMSE: 17.79
Epoch 305	LOSS: 13.96	MAE: 11.15	RMSE: 18.06
Epoch 306	LOSS: 13.82	MAE: 11.15	RMSE: 18.08
Epoch 307	LOSS: 13.73	MAE: 11.35	RMSE: 18.47
Epoch 308	LOSS: 13.61	MAE: 11.22	RMSE: 18.48
Epoch 309	LOSS: 13.81	MAE: 11.10	RMSE: 18.25
Epoch 310	LOSS: 13.68	MAE: 10.85	RMSE: 18.04
Epoch 311	LOSS: 14.23	MAE: 11.02	RMSE: 18.08
Epoch 312	LOSS: 13.70	MAE: 11.30	RMSE: 18.31
Epoch 313	LOSS: 14.18	MAE: 11.27	RMSE: 18.38
Epoch 314	LOSS: 13.72	MAE: 11.38	RMSE: 18.36
Epoch 315	LOSS: 13.93	MAE: 10.85	RMSE: 17.88
Epoch 316	LOSS: 13.83	MAE: 11.08	RMSE: 18.09
Epoch 317	LOSS: 13.89	MAE: 10.78	RMSE: 17.94
Epoch 318	LOSS: 13.66	MAE: 10.98	RMSE: 18.09
Epoch 319	LOSS: 13.91	MAE: 11.33	RMSE: 18.55
Epoch 320	LOSS: 13.69	MAE: 11.30	RMSE: 18.48
Epoch 321	LOSS: 13.73	MAE: 10.83	RMSE: 18.00
Epoch 322	LOSS: 13.68	MAE: 10.97	RMSE: 18.30
Epoch 323	LOSS: 13.72	MAE: 10.94	RMSE: 18.07
Epoch 324	LOSS: 13.61	MAE: 10.98	RMSE: 18.05
Epoch 325	LOSS: 14.16	MAE: 10.80	RMSE: 17.82
Epoch 326	LOSS: 13.87	MAE: 11.03	RMSE: 17.86
Epoch 327	LOSS: 14.22	MAE: 11.03	RMSE: 17.98
Epoch 328	LOSS: 13.84	MAE: 10.97	RMSE: 18.15
Epoch 329	LOSS: 13.59	MAE: 10.89	RMSE: 18.30
Epoch 330	LOSS: 13.47	MAE: 10.95	RMSE: 18.33
Epoch 331	LOSS: 13.51	MAE: 10.81	RMSE: 18.13
Epoch 332	LOSS: 13.69	MAE: 10.75	RMSE: 18.02
Epoch 333	LOSS: 13.63	MAE: 10.93	RMSE: 18.10
Epoch 334	LOSS: 13.82	MAE: 10.79	RMSE: 18.03
Epoch 335	LOSS: 13.49	MAE: 10.91	RMSE: 17.95
Epoch 336	LOSS: 13.56	MAE: 10.90	RMSE: 17.89
Epoch 337	LOSS: 13.71	MAE: 10.70	RMSE: 17.70
Epoch 338	LOSS: 14.88	MAE: 10.78	RMSE: 17.71
Epoch 339	LOSS: 13.69	MAE: 11.17	RMSE: 18.15
Epoch 340	LOSS: 13.94	MAE: 10.86	RMSE: 17.85
Epoch 341	LOSS: 13.46	MAE: 10.80	RMSE: 17.91
Epoch 342	LOSS: 13.56	MAE: 10.99	RMSE: 18.06
Epoch 343	LOSS: 13.81	MAE: 10.75	RMSE: 17.81
Epoch 344	LOSS: 13.75	MAE: 10.90	RMSE: 18.00
Epoch 345	LOSS: 13.57	MAE: 11.21	RMSE: 18.28
Epoch 346	LOSS: 13.65	MAE: 10.84	RMSE: 18.02
Epoch 347	LOSS: 13.36	MAE: 10.91	RMSE: 17.88
Epoch 348	LOSS: 14.06	MAE: 10.86	RMSE: 17.75
Epoch 349	LOSS: 13.62	MAE: 11.11	RMSE: 17.87
Epoch 350	LOSS: 13.70	MAE: 10.78	RMSE: 17.79
Epoch 351	LOSS: 14.17	MAE: 10.74	RMSE: 17.86
Epoch 352	LOSS: 13.84	MAE: 10.84	RMSE: 17.86
Epoch 353	LOSS: 13.54	MAE: 11.00	RMSE: 18.04
Epoch 354	LOSS: 13.88	MAE: 11.06	RMSE: 18.02
Epoch 355	LOSS: 13.72	MAE: 11.07	RMSE: 18.08
Epoch 356	LOSS: 13.32	MAE: 11.05	RMSE: 18.11
Epoch 357	LOSS: 13.43	MAE: 10.94	RMSE: 17.95
Epoch 358	LOSS: 13.31	MAE: 10.76	RMSE: 17.71
Epoch 359	LOSS: 13.50	MAE: 10.83	RMSE: 17.84
Epoch 360	LOSS: 13.94	MAE: 11.28	RMSE: 18.36
Epoch 361	LOSS: 13.94	MAE: 11.30	RMSE: 18.45
Epoch 362	LOSS: 13.65	MAE: 10.90	RMSE: 17.93
Epoch 363	LOSS: 13.74	MAE: 10.80	RMSE: 17.72
Epoch 364	LOSS: 13.65	MAE: 10.77	RMSE: 17.99
Epoch 365	LOSS: 13.53	MAE: 10.75	RMSE: 17.94
Epoch 366	LOSS: 13.44	MAE: 11.28	RMSE: 18.31
Epoch 367	LOSS: 13.32	MAE: 11.33	RMSE: 18.47
Epoch 368	LOSS: 13.50	MAE: 11.16	RMSE: 18.19
Epoch 369	LOSS: 13.86	MAE: 10.84	RMSE: 17.80
Epoch 370	LOSS: 13.47	MAE: 10.85	RMSE: 17.81
Epoch 371	LOSS: 14.46	MAE: 10.79	RMSE: 17.80
Epoch 372	LOSS: 13.87	MAE: 11.11	RMSE: 17.92
Epoch 373	LOSS: 13.91	MAE: 10.66	RMSE: 17.78
Epoch 374	LOSS: 13.68	MAE: 11.02	RMSE: 18.18
Epoch 375	LOSS: 13.31	MAE: 10.80	RMSE: 17.92
Epoch 376	LOSS: 13.29	MAE: 10.89	RMSE: 17.90
Epoch 377	LOSS: 13.43	MAE: 10.96	RMSE: 18.02
Epoch 378	LOSS: 13.72	MAE: 10.84	RMSE: 18.04
Epoch 379	LOSS: 13.33	MAE: 11.60	RMSE: 18.84
Epoch 380	LOSS: 13.50	MAE: 11.25	RMSE: 18.51
Epoch 381	LOSS: 13.56	MAE: 10.90	RMSE: 18.02
Epoch 382	LOSS: 14.13	MAE: 11.00	RMSE: 18.25
Epoch 383	LOSS: 13.34	MAE: 11.08	RMSE: 18.41
Epoch 384	LOSS: 13.30	MAE: 10.94	RMSE: 18.34
Epoch 385	LOSS: 13.72	MAE: 11.41	RMSE: 18.51
Epoch 386	LOSS: 14.06	MAE: 11.11	RMSE: 18.34
Epoch 387	LOSS: 13.34	MAE: 11.09	RMSE: 18.23
Epoch 388	LOSS: 13.16	MAE: 10.85	RMSE: 18.03
Epoch 389	LOSS: 13.52	MAE: 10.76	RMSE: 17.98
Epoch 390	LOSS: 13.10	MAE: 10.76	RMSE: 17.89
Epoch 391	LOSS: 13.45	MAE: 10.93	RMSE: 17.91
Epoch 392	LOSS: 13.34	MAE: 10.77	RMSE: 17.81
Epoch 393	LOSS: 13.12	MAE: 10.84	RMSE: 17.82
Epoch 394	LOSS: 13.35	MAE: 10.81	RMSE: 17.66
Epoch 395	LOSS: 13.19	MAE: 11.01	RMSE: 18.01
Epoch 396	LOSS: 13.35	MAE: 10.97	RMSE: 18.01
Epoch 397	LOSS: 13.78	MAE: 10.86	RMSE: 17.98
Epoch 398	LOSS: 13.28	MAE: 10.99	RMSE: 17.96
Epoch 399	LOSS: 13.46	MAE: 10.77	RMSE: 17.82
Epoch 400	LOSS: 13.34	MAE: 10.71	RMSE: 17.79
Epoch 401	LOSS: 13.20	MAE: 10.89	RMSE: 17.82
Epoch 402	LOSS: 13.13	MAE: 10.90	RMSE: 17.87
Epoch 403	LOSS: 13.01	MAE: 10.76	RMSE: 17.85
Epoch 404	LOSS: 13.18	MAE: 10.81	RMSE: 17.83
Epoch 405	LOSS: 13.75	MAE: 10.64	RMSE: 17.77
Epoch 406	LOSS: 13.12	MAE: 10.78	RMSE: 17.87
Epoch 407	LOSS: 13.62	MAE: 10.72	RMSE: 17.73
Epoch 408	LOSS: 13.30	MAE: 10.79	RMSE: 17.99
Epoch 409	LOSS: 13.17	MAE: 10.76	RMSE: 17.80
Epoch 410	LOSS: 13.26	MAE: 10.63	RMSE: 17.68
Epoch 411	LOSS: 13.09	MAE: 10.78	RMSE: 18.08
Epoch 412	LOSS: 13.43	MAE: 10.73	RMSE: 18.21
Epoch 413	LOSS: 13.30	MAE: 10.96	RMSE: 17.87
Epoch 414	LOSS: 13.31	MAE: 10.75	RMSE: 17.70
Epoch 415	LOSS: 12.98	MAE: 10.72	RMSE: 17.64
Epoch 416	LOSS: 13.54	MAE: 10.72	RMSE: 17.71
Epoch 417	LOSS: 13.16	MAE: 10.95	RMSE: 18.01
Epoch 418	LOSS: 13.17	MAE: 10.96	RMSE: 18.02
Epoch 419	LOSS: 14.86	MAE: 10.91	RMSE: 18.11
Epoch 420	LOSS: 13.54	MAE: 10.81	RMSE: 18.11
Epoch 421	LOSS: 13.00	MAE: 10.81	RMSE: 17.95
Epoch 422	LOSS: 12.97	MAE: 10.64	RMSE: 17.57
Epoch 423	LOSS: 13.07	MAE: 10.73	RMSE: 18.07
Epoch 424	LOSS: 12.99	MAE: 10.77	RMSE: 17.95
Epoch 425	LOSS: 13.39	MAE: 10.97	RMSE: 17.77
Epoch 426	LOSS: 13.11	MAE: 10.87	RMSE: 17.84
Epoch 427	LOSS: 12.96	MAE: 10.80	RMSE: 17.70
Epoch 428	LOSS: 13.20	MAE: 10.61	RMSE: 17.59
Epoch 429	LOSS: 13.17	MAE: 10.71	RMSE: 17.79
Epoch 430	LOSS: 13.25	MAE: 10.78	RMSE: 17.85
Epoch 431	LOSS: 14.59	MAE: 10.70	RMSE: 17.82
Epoch 432	LOSS: 13.38	MAE: 10.66	RMSE: 17.69
Epoch 433	LOSS: 13.37	MAE: 10.59	RMSE: 17.66
Epoch 434	LOSS: 12.97	MAE: 10.69	RMSE: 17.72
Epoch 435	LOSS: 13.24	MAE: 10.76	RMSE: 17.80
Epoch 436	LOSS: 13.16	MAE: 10.70	RMSE: 17.69
Epoch 437	LOSS: 13.78	MAE: 11.19	RMSE: 18.17
Epoch 438	LOSS: 13.55	MAE: 10.67	RMSE: 17.93
Epoch 439	LOSS: 13.00	MAE: 10.81	RMSE: 18.18
Epoch 440	LOSS: 12.98	MAE: 11.26	RMSE: 18.38
Epoch 441	LOSS: 14.16	MAE: 11.08	RMSE: 18.36
Epoch 442	LOSS: 12.99	MAE: 11.04	RMSE: 18.31
Epoch 443	LOSS: 12.89	MAE: 11.00	RMSE: 18.12
Epoch 444	LOSS: 12.98	MAE: 10.66	RMSE: 17.72
Epoch 445	LOSS: 13.36	MAE: 10.57	RMSE: 17.62
Epoch 446	LOSS: 12.87	MAE: 10.55	RMSE: 17.49
Epoch 447	LOSS: 13.13	MAE: 10.63	RMSE: 17.59
Epoch 448	LOSS: 12.87	MAE: 10.85	RMSE: 17.87
Epoch 449	LOSS: 13.10	MAE: 10.55	RMSE: 17.50
Epoch 450	LOSS: 13.15	MAE: 10.78	RMSE: 17.79
Epoch 451	LOSS: 12.92	MAE: 10.64	RMSE: 17.99
Epoch 452	LOSS: 13.30	MAE: 10.73	RMSE: 18.14
Epoch 453	LOSS: 12.96	MAE: 10.85	RMSE: 18.02
Epoch 454	LOSS: 12.94	MAE: 10.57	RMSE: 17.69
Epoch 455	LOSS: 12.91	MAE: 10.69	RMSE: 17.58
Epoch 456	LOSS: 13.55	MAE: 10.83	RMSE: 17.78
Epoch 457	LOSS: 13.21	MAE: 10.97	RMSE: 17.91
Epoch 458	LOSS: 13.13	MAE: 10.81	RMSE: 17.78
Epoch 459	LOSS: 13.08	MAE: 10.58	RMSE: 17.54
Epoch 460	LOSS: 12.89	MAE: 10.74	RMSE: 17.89
Epoch 461	LOSS: 13.27	MAE: 10.76	RMSE: 18.07
Epoch 462	LOSS: 13.73	MAE: 11.14	RMSE: 18.29
Epoch 463	LOSS: 13.37	MAE: 10.76	RMSE: 18.12
Epoch 464	LOSS: 12.94	MAE: 10.65	RMSE: 17.66
Epoch 465	LOSS: 12.85	MAE: 10.72	RMSE: 17.73
Epoch 466	LOSS: 12.97	MAE: 10.74	RMSE: 17.96
Epoch 467	LOSS: 13.01	MAE: 10.70	RMSE: 18.01
Epoch 468	LOSS: 12.85	MAE: 10.58	RMSE: 17.90
Epoch 469	LOSS: 12.91	MAE: 10.60	RMSE: 17.96
Epoch 470	LOSS: 13.10	MAE: 11.02	RMSE: 18.02
Epoch 471	LOSS: 12.86	MAE: 10.75	RMSE: 17.86
Epoch 472	LOSS: 12.85	MAE: 11.08	RMSE: 18.18
Epoch 473	LOSS: 13.00	MAE: 11.21	RMSE: 18.17
Epoch 474	LOSS: 12.84	MAE: 10.97	RMSE: 17.99
Epoch 475	LOSS: 12.93	MAE: 10.76	RMSE: 17.80
Epoch 476	LOSS: 12.90	MAE: 10.54	RMSE: 17.47
Epoch 477	LOSS: 12.93	MAE: 10.72	RMSE: 17.99
Epoch 478	LOSS: 12.92	MAE: 10.69	RMSE: 17.93
Epoch 479	LOSS: 13.04	MAE: 10.83	RMSE: 17.77
Epoch 480	LOSS: 13.06	MAE: 10.77	RMSE: 17.89
Epoch 481	LOSS: 12.85	MAE: 10.72	RMSE: 17.81
Epoch 482	LOSS: 13.10	MAE: 10.56	RMSE: 17.78
Epoch 483	LOSS: 12.74	MAE: 10.64	RMSE: 17.74
Epoch 484	LOSS: 12.79	MAE: 10.63	RMSE: 17.73
Epoch 485	LOSS: 12.93	MAE: 10.58	RMSE: 17.67
Epoch 486	LOSS: 12.75	MAE: 10.81	RMSE: 17.69
Epoch 487	LOSS: 12.69	MAE: 10.59	RMSE: 17.55
Epoch 488	LOSS: 12.78	MAE: 10.59	RMSE: 17.55
Epoch 489	LOSS: 12.90	MAE: 10.64	RMSE: 17.69
Epoch 490	LOSS: 12.86	MAE: 10.78	RMSE: 17.85
Epoch 491	LOSS: 12.85	MAE: 10.61	RMSE: 17.84
Epoch 492	LOSS: 12.82	MAE: 10.80	RMSE: 17.88
Epoch 493	LOSS: 13.66	MAE: 10.55	RMSE: 17.66
Epoch 494	LOSS: 12.79	MAE: 10.62	RMSE: 17.80
Epoch 495	LOSS: 12.92	MAE: 10.56	RMSE: 17.88
Epoch 496	LOSS: 12.73	MAE: 10.68	RMSE: 17.77
Epoch 497	LOSS: 12.76	MAE: 10.64	RMSE: 17.68
Epoch 498	LOSS: 12.61	MAE: 10.90	RMSE: 17.96
Epoch 499	LOSS: 12.57	MAE: 10.80	RMSE: 17.85
