Epoch 000	LOSS: 260.95	MAE: 54.93	RMSE: 58.26
Epoch 001	LOSS: 219.65	MAE: 51.63	RMSE: 55.89
Epoch 002	LOSS: 202.95	MAE: 49.78	RMSE: 54.71
Epoch 003	LOSS: 195.88	MAE: 48.80	RMSE: 54.00
Epoch 004	LOSS: 190.17	MAE: 47.67	RMSE: 53.24
Epoch 005	LOSS: 182.86	MAE: 47.12	RMSE: 52.68
Epoch 006	LOSS: 182.44	MAE: 46.51	RMSE: 52.06
Epoch 007	LOSS: 177.82	MAE: 45.79	RMSE: 51.37
Epoch 008	LOSS: 174.73	MAE: 45.07	RMSE: 50.69
Epoch 009	LOSS: 171.92	MAE: 44.47	RMSE: 50.03
Epoch 010	LOSS: 172.23	MAE: 43.90	RMSE: 49.35
Epoch 011	LOSS: 168.35	MAE: 43.29	RMSE: 48.67
Epoch 012	LOSS: 167.08	MAE: 42.58	RMSE: 47.99
Epoch 013	LOSS: 165.04	MAE: 42.02	RMSE: 47.32
Epoch 014	LOSS: 162.64	MAE: 41.30	RMSE: 46.65
Epoch 015	LOSS: 160.57	MAE: 40.73	RMSE: 46.00
Epoch 016	LOSS: 157.49	MAE: 40.12	RMSE: 45.41
Epoch 017	LOSS: 156.60	MAE: 39.58	RMSE: 44.81
Epoch 018	LOSS: 155.24	MAE: 39.04	RMSE: 44.27
Epoch 019	LOSS: 153.93	MAE: 38.64	RMSE: 43.74
Epoch 020	LOSS: 149.84	MAE: 38.10	RMSE: 43.23
Epoch 021	LOSS: 150.53	MAE: 37.60	RMSE: 42.70
Epoch 022	LOSS: 149.31	MAE: 37.21	RMSE: 42.21
Epoch 023	LOSS: 145.49	MAE: 36.68	RMSE: 41.75
Epoch 024	LOSS: 144.65	MAE: 36.24	RMSE: 41.28
Epoch 025	LOSS: 144.53	MAE: 35.91	RMSE: 40.84
Epoch 026	LOSS: 140.77	MAE: 35.40	RMSE: 40.40
Epoch 027	LOSS: 140.04	MAE: 35.02	RMSE: 39.99
Epoch 028	LOSS: 141.73	MAE: 34.73	RMSE: 39.56
Epoch 029	LOSS: 138.50	MAE: 34.30	RMSE: 39.20
Epoch 030	LOSS: 136.97	MAE: 34.00	RMSE: 38.83
Epoch 031	LOSS: 137.50	MAE: 33.67	RMSE: 38.44
Epoch 032	LOSS: 136.59	MAE: 33.30	RMSE: 38.08
Epoch 033	LOSS: 134.51	MAE: 32.95	RMSE: 37.74
Epoch 034	LOSS: 132.10	MAE: 32.63	RMSE: 37.40
Epoch 035	LOSS: 132.74	MAE: 32.29	RMSE: 37.00
Epoch 036	LOSS: 132.13	MAE: 32.08	RMSE: 36.73
Epoch 037	LOSS: 130.61	MAE: 31.77	RMSE: 36.42
Epoch 038	LOSS: 128.83	MAE: 31.42	RMSE: 36.05
Epoch 039	LOSS: 128.20	MAE: 31.05	RMSE: 35.70
Epoch 040	LOSS: 127.36	MAE: 30.80	RMSE: 35.43
Epoch 041	LOSS: 126.11	MAE: 30.54	RMSE: 35.18
Epoch 042	LOSS: 125.22	MAE: 30.22	RMSE: 34.85
Epoch 043	LOSS: 122.84	MAE: 30.04	RMSE: 34.62
Epoch 044	LOSS: 122.78	MAE: 29.78	RMSE: 34.32
Epoch 045	LOSS: 122.33	MAE: 29.52	RMSE: 34.03
Epoch 046	LOSS: 120.60	MAE: 29.26	RMSE: 33.79
Epoch 047	LOSS: 120.47	MAE: 28.94	RMSE: 33.49
Epoch 048	LOSS: 119.27	MAE: 28.77	RMSE: 33.26
Epoch 049	LOSS: 119.14	MAE: 28.49	RMSE: 32.95
Epoch 050	LOSS: 118.64	MAE: 28.31	RMSE: 32.73
Epoch 051	LOSS: 116.62	MAE: 28.10	RMSE: 32.50
Epoch 052	LOSS: 116.21	MAE: 27.88	RMSE: 32.25
Epoch 053	LOSS: 115.10	MAE: 27.60	RMSE: 31.98
Epoch 054	LOSS: 113.74	MAE: 27.39	RMSE: 31.79
Epoch 055	LOSS: 113.39	MAE: 27.17	RMSE: 31.55
Epoch 056	LOSS: 113.79	MAE: 27.05	RMSE: 31.39
Epoch 057	LOSS: 112.84	MAE: 26.90	RMSE: 31.19
Epoch 058	LOSS: 111.37	MAE: 26.66	RMSE: 30.94
Epoch 059	LOSS: 110.63	MAE: 26.46	RMSE: 30.75
Epoch 060	LOSS: 110.50	MAE: 26.23	RMSE: 30.49
Epoch 061	LOSS: 109.80	MAE: 26.03	RMSE: 30.24
Epoch 062	LOSS: 108.38	MAE: 25.95	RMSE: 30.12
Epoch 063	LOSS: 109.21	MAE: 25.72	RMSE: 29.89
Epoch 064	LOSS: 107.90	MAE: 25.57	RMSE: 29.70
Epoch 065	LOSS: 107.05	MAE: 25.45	RMSE: 29.60
Epoch 066	LOSS: 106.08	MAE: 25.29	RMSE: 29.41
Epoch 067	LOSS: 105.64	MAE: 25.13	RMSE: 29.18
Epoch 068	LOSS: 104.57	MAE: 24.97	RMSE: 29.04
Epoch 069	LOSS: 103.83	MAE: 24.78	RMSE: 28.85
Epoch 070	LOSS: 102.82	MAE: 24.57	RMSE: 28.62
Epoch 071	LOSS: 102.25	MAE: 24.39	RMSE: 28.43
Epoch 072	LOSS: 101.17	MAE: 24.20	RMSE: 28.27
Epoch 073	LOSS: 101.53	MAE: 24.16	RMSE: 28.13
Epoch 074	LOSS: 101.45	MAE: 24.04	RMSE: 27.98
Epoch 075	LOSS: 99.56	MAE: 23.88	RMSE: 27.84
Epoch 076	LOSS: 99.80	MAE: 23.66	RMSE: 27.65
Epoch 077	LOSS: 98.68	MAE: 23.48	RMSE: 27.42
Epoch 078	LOSS: 99.05	MAE: 23.37	RMSE: 27.26
Epoch 079	LOSS: 98.64	MAE: 23.26	RMSE: 27.14
Epoch 080	LOSS: 96.83	MAE: 23.12	RMSE: 27.03
Epoch 081	LOSS: 96.06	MAE: 22.97	RMSE: 26.85
Epoch 082	LOSS: 96.18	MAE: 22.83	RMSE: 26.66
Epoch 083	LOSS: 95.58	MAE: 22.71	RMSE: 26.52
Epoch 084	LOSS: 94.59	MAE: 22.58	RMSE: 26.39
Epoch 085	LOSS: 93.36	MAE: 22.40	RMSE: 26.22
Epoch 086	LOSS: 92.91	MAE: 22.21	RMSE: 26.02
Epoch 087	LOSS: 92.74	MAE: 22.18	RMSE: 25.90
Epoch 088	LOSS: 91.89	MAE: 22.05	RMSE: 25.77
Epoch 089	LOSS: 91.48	MAE: 21.85	RMSE: 25.59
Epoch 090	LOSS: 90.05	MAE: 21.69	RMSE: 25.42
Epoch 091	LOSS: 89.89	MAE: 21.48	RMSE: 25.21
Epoch 092	LOSS: 89.27	MAE: 21.46	RMSE: 25.08
Epoch 093	LOSS: 89.47	MAE: 21.37	RMSE: 24.94
Epoch 094	LOSS: 89.32	MAE: 21.19	RMSE: 24.77
Epoch 095	LOSS: 88.04	MAE: 21.02	RMSE: 24.63
Epoch 096	LOSS: 87.91	MAE: 20.88	RMSE: 24.44
Epoch 097	LOSS: 87.10	MAE: 20.76	RMSE: 24.31
Epoch 098	LOSS: 85.58	MAE: 20.57	RMSE: 24.16
Epoch 099	LOSS: 86.04	MAE: 20.44	RMSE: 23.97
Epoch 100	LOSS: 84.68	MAE: 20.30	RMSE: 23.88
Epoch 101	LOSS: 83.89	MAE: 20.18	RMSE: 23.73
Epoch 102	LOSS: 83.61	MAE: 20.11	RMSE: 23.63
Epoch 103	LOSS: 83.57	MAE: 19.94	RMSE: 23.44
Epoch 104	LOSS: 82.20	MAE: 19.72	RMSE: 23.24
Epoch 105	LOSS: 82.48	MAE: 19.62	RMSE: 23.05
Epoch 106	LOSS: 80.95	MAE: 19.44	RMSE: 22.91
Epoch 107	LOSS: 80.99	MAE: 19.39	RMSE: 22.79
Epoch 108	LOSS: 80.49	MAE: 19.28	RMSE: 22.68
Epoch 109	LOSS: 79.62	MAE: 19.04	RMSE: 22.47
Epoch 110	LOSS: 79.14	MAE: 18.93	RMSE: 22.34
Epoch 111	LOSS: 78.97	MAE: 18.73	RMSE: 22.10
Epoch 112	LOSS: 78.05	MAE: 18.66	RMSE: 21.98
Epoch 113	LOSS: 77.66	MAE: 18.60	RMSE: 21.87
Epoch 114	LOSS: 76.98	MAE: 18.41	RMSE: 21.71
Epoch 115	LOSS: 76.44	MAE: 18.14	RMSE: 21.43
Epoch 116	LOSS: 74.90	MAE: 18.02	RMSE: 21.33
Epoch 117	LOSS: 74.47	MAE: 17.90	RMSE: 21.16
Epoch 118	LOSS: 75.06	MAE: 17.73	RMSE: 20.98
Epoch 119	LOSS: 74.00	MAE: 17.63	RMSE: 20.86
Epoch 120	LOSS: 73.50	MAE: 17.46	RMSE: 20.72
Epoch 121	LOSS: 72.40	MAE: 17.35	RMSE: 20.60
Epoch 122	LOSS: 72.35	MAE: 17.22	RMSE: 20.42
Epoch 123	LOSS: 71.82	MAE: 17.06	RMSE: 20.22
Epoch 124	LOSS: 70.40	MAE: 16.85	RMSE: 20.01
Epoch 125	LOSS: 70.29	MAE: 16.73	RMSE: 19.90
Epoch 126	LOSS: 69.69	MAE: 16.53	RMSE: 19.68
Epoch 127	LOSS: 68.77	MAE: 16.31	RMSE: 19.46
Epoch 128	LOSS: 69.04	MAE: 16.21	RMSE: 19.33
Epoch 129	LOSS: 67.74	MAE: 16.07	RMSE: 19.22
Epoch 130	LOSS: 67.05	MAE: 15.98	RMSE: 19.10
Epoch 131	LOSS: 67.30	MAE: 15.74	RMSE: 18.85
Epoch 132	LOSS: 66.21	MAE: 15.62	RMSE: 18.70
Epoch 133	LOSS: 65.00	MAE: 15.49	RMSE: 18.61
Epoch 134	LOSS: 65.30	MAE: 15.30	RMSE: 18.38
Epoch 135	LOSS: 64.60	MAE: 15.14	RMSE: 18.22
Epoch 136	LOSS: 63.50	MAE: 14.97	RMSE: 18.04
Epoch 137	LOSS: 63.05	MAE: 14.85	RMSE: 17.90
Epoch 138	LOSS: 62.81	MAE: 14.69	RMSE: 17.73
Epoch 139	LOSS: 61.84	MAE: 14.48	RMSE: 17.54
Epoch 140	LOSS: 61.26	MAE: 14.39	RMSE: 17.45
Epoch 141	LOSS: 60.66	MAE: 14.19	RMSE: 17.23
Epoch 142	LOSS: 60.09	MAE: 14.12	RMSE: 17.16
Epoch 143	LOSS: 59.75	MAE: 13.87	RMSE: 16.89
Epoch 144	LOSS: 59.08	MAE: 13.68	RMSE: 16.71
Epoch 145	LOSS: 58.68	MAE: 13.59	RMSE: 16.60
Epoch 146	LOSS: 58.23	MAE: 13.39	RMSE: 16.44
Epoch 147	LOSS: 57.52	MAE: 13.35	RMSE: 16.37
Epoch 148	LOSS: 56.91	MAE: 13.13	RMSE: 16.15
Epoch 149	LOSS: 56.22	MAE: 12.98	RMSE: 16.01
Epoch 150	LOSS: 55.53	MAE: 12.84	RMSE: 15.86
Epoch 151	LOSS: 54.74	MAE: 12.72	RMSE: 15.73
Epoch 152	LOSS: 54.34	MAE: 12.50	RMSE: 15.53
Epoch 153	LOSS: 53.99	MAE: 12.35	RMSE: 15.38
Epoch 154	LOSS: 53.10	MAE: 12.12	RMSE: 15.18
Epoch 155	LOSS: 52.44	MAE: 12.05	RMSE: 15.06
Epoch 156	LOSS: 51.11	MAE: 11.85	RMSE: 14.90
Epoch 157	LOSS: 51.22	MAE: 11.68	RMSE: 14.71
Epoch 158	LOSS: 50.99	MAE: 11.56	RMSE: 14.55
Epoch 159	LOSS: 50.10	MAE: 11.43	RMSE: 14.46
Epoch 160	LOSS: 49.52	MAE: 11.27	RMSE: 14.30
Epoch 161	LOSS: 48.68	MAE: 11.16	RMSE: 14.22
Epoch 162	LOSS: 48.17	MAE: 10.99	RMSE: 14.07
Epoch 163	LOSS: 47.62	MAE: 10.77	RMSE: 13.86
Epoch 164	LOSS: 47.16	MAE: 10.52	RMSE: 13.64
Epoch 165	LOSS: 46.72	MAE: 10.38	RMSE: 13.50
Epoch 166	LOSS: 45.98	MAE: 10.30	RMSE: 13.42
Epoch 167	LOSS: 44.90	MAE: 10.15	RMSE: 13.30
Epoch 168	LOSS: 44.78	MAE: 9.96	RMSE: 13.14
Epoch 169	LOSS: 43.90	MAE: 9.91	RMSE: 13.10
Epoch 170	LOSS: 43.45	MAE: 9.69	RMSE: 12.91
Epoch 171	LOSS: 42.75	MAE: 9.53	RMSE: 12.76
Epoch 172	LOSS: 41.95	MAE: 9.34	RMSE: 12.60
Epoch 173	LOSS: 41.59	MAE: 9.23	RMSE: 12.52
Epoch 174	LOSS: 41.09	MAE: 9.07	RMSE: 12.39
Epoch 175	LOSS: 40.40	MAE: 8.85	RMSE: 12.21
Epoch 176	LOSS: 39.89	MAE: 8.79	RMSE: 12.15
Epoch 177	LOSS: 39.45	MAE: 8.60	RMSE: 12.00
Epoch 178	LOSS: 38.62	MAE: 8.47	RMSE: 11.89
Epoch 179	LOSS: 37.76	MAE: 8.28	RMSE: 11.76
Epoch 180	LOSS: 37.91	MAE: 8.13	RMSE: 11.63
Epoch 181	LOSS: 36.90	MAE: 8.04	RMSE: 11.57
Epoch 182	LOSS: 36.37	MAE: 7.89	RMSE: 11.47
Epoch 183	LOSS: 35.38	MAE: 7.79	RMSE: 11.39
Epoch 184	LOSS: 35.36	MAE: 7.56	RMSE: 11.23
Epoch 185	LOSS: 34.82	MAE: 7.49	RMSE: 11.16
Epoch 186	LOSS: 34.38	MAE: 7.33	RMSE: 11.04
Epoch 187	LOSS: 33.51	MAE: 7.22	RMSE: 10.96
Epoch 188	LOSS: 33.55	MAE: 7.13	RMSE: 10.90
Epoch 189	LOSS: 32.78	MAE: 6.96	RMSE: 10.78
Epoch 190	LOSS: 32.29	MAE: 6.80	RMSE: 10.66
Epoch 191	LOSS: 32.03	MAE: 6.68	RMSE: 10.59
Epoch 192	LOSS: 31.62	MAE: 6.54	RMSE: 10.50
Epoch 193	LOSS: 30.80	MAE: 6.45	RMSE: 10.43
Epoch 194	LOSS: 30.54	MAE: 6.33	RMSE: 10.33
Epoch 195	LOSS: 29.78	MAE: 6.20	RMSE: 10.25
Epoch 196	LOSS: 29.63	MAE: 6.08	RMSE: 10.18
Epoch 197	LOSS: 28.94	MAE: 6.02	RMSE: 10.13
Epoch 198	LOSS: 28.59	MAE: 5.85	RMSE: 10.02
Epoch 199	LOSS: 27.90	MAE: 5.76	RMSE: 9.96
Epoch 200	LOSS: 27.93	MAE: 5.67	RMSE: 9.90
Epoch 201	LOSS: 27.29	MAE: 5.59	RMSE: 9.85
Epoch 202	LOSS: 26.81	MAE: 5.49	RMSE: 9.77
Epoch 203	LOSS: 26.79	MAE: 5.42	RMSE: 9.71
Epoch 204	LOSS: 26.27	MAE: 5.34	RMSE: 9.65
Epoch 205	LOSS: 26.38	MAE: 5.26	RMSE: 9.61
Epoch 206	LOSS: 25.54	MAE: 5.21	RMSE: 9.58
Epoch 207	LOSS: 25.58	MAE: 5.15	RMSE: 9.53
Epoch 208	LOSS: 25.88	MAE: 5.15	RMSE: 9.53
Epoch 209	LOSS: 25.50	MAE: 5.09	RMSE: 9.50
Epoch 210	LOSS: 25.08	MAE: 5.01	RMSE: 9.46
Epoch 211	LOSS: 24.82	MAE: 4.95	RMSE: 9.43
Epoch 212	LOSS: 24.50	MAE: 4.93	RMSE: 9.41
Epoch 213	LOSS: 24.29	MAE: 4.89	RMSE: 9.41
Epoch 214	LOSS: 24.22	MAE: 4.87	RMSE: 9.41
Epoch 215	LOSS: 24.09	MAE: 4.82	RMSE: 9.40
Epoch 216	LOSS: 24.14	MAE: 4.82	RMSE: 9.38
Epoch 217	LOSS: 23.94	MAE: 4.78	RMSE: 9.36
Epoch 218	LOSS: 23.64	MAE: 4.78	RMSE: 9.35
Epoch 219	LOSS: 23.47	MAE: 4.75	RMSE: 9.34
Epoch 220	LOSS: 23.57	MAE: 4.71	RMSE: 9.34
Epoch 221	LOSS: 23.27	MAE: 4.72	RMSE: 9.32
Epoch 222	LOSS: 23.22	MAE: 4.71	RMSE: 9.32
Epoch 223	LOSS: 22.93	MAE: 4.70	RMSE: 9.32
Epoch 224	LOSS: 22.98	MAE: 4.67	RMSE: 9.27
Epoch 225	LOSS: 22.89	MAE: 4.67	RMSE: 9.29
Epoch 226	LOSS: 22.79	MAE: 4.64	RMSE: 9.30
Epoch 227	LOSS: 23.09	MAE: 4.64	RMSE: 9.27
Epoch 228	LOSS: 22.71	MAE: 4.62	RMSE: 9.27
Epoch 229	LOSS: 22.76	MAE: 4.60	RMSE: 9.27
Epoch 230	LOSS: 23.16	MAE: 4.62	RMSE: 9.27
Epoch 231	LOSS: 22.84	MAE: 4.58	RMSE: 9.26
Epoch 232	LOSS: 22.58	MAE: 4.60	RMSE: 9.26
Epoch 233	LOSS: 22.46	MAE: 4.57	RMSE: 9.25
Epoch 234	LOSS: 22.68	MAE: 4.58	RMSE: 9.24
Epoch 235	LOSS: 22.08	MAE: 4.59	RMSE: 9.26
Epoch 236	LOSS: 22.30	MAE: 4.58	RMSE: 9.24
Epoch 237	LOSS: 22.39	MAE: 4.55	RMSE: 9.25
Epoch 238	LOSS: 22.61	MAE: 4.55	RMSE: 9.26
Epoch 239	LOSS: 21.97	MAE: 4.56	RMSE: 9.24
Epoch 240	LOSS: 22.48	MAE: 4.56	RMSE: 9.23
Epoch 241	LOSS: 21.96	MAE: 4.56	RMSE: 9.24
Epoch 242	LOSS: 22.47	MAE: 4.56	RMSE: 9.24
Epoch 243	LOSS: 21.68	MAE: 4.55	RMSE: 9.25
Epoch 244	LOSS: 22.10	MAE: 4.56	RMSE: 9.25
Epoch 245	LOSS: 21.87	MAE: 4.53	RMSE: 9.23
Epoch 246	LOSS: 22.13	MAE: 4.56	RMSE: 9.26
Epoch 247	LOSS: 22.23	MAE: 4.55	RMSE: 9.25
Epoch 248	LOSS: 21.61	MAE: 4.52	RMSE: 9.24
Epoch 249	LOSS: 22.17	MAE: 4.52	RMSE: 9.22
Epoch 250	LOSS: 21.91	MAE: 4.56	RMSE: 9.24
Epoch 251	LOSS: 21.30	MAE: 4.53	RMSE: 9.24
Epoch 252	LOSS: 21.65	MAE: 4.54	RMSE: 9.25
Epoch 253	LOSS: 22.19	MAE: 4.51	RMSE: 9.23
Epoch 254	LOSS: 21.83	MAE: 4.53	RMSE: 9.22
Epoch 255	LOSS: 22.05	MAE: 4.53	RMSE: 9.22
Epoch 256	LOSS: 21.76	MAE: 4.53	RMSE: 9.21
Epoch 257	LOSS: 21.53	MAE: 4.50	RMSE: 9.19
Epoch 258	LOSS: 21.83	MAE: 4.51	RMSE: 9.22
Epoch 259	LOSS: 21.85	MAE: 4.51	RMSE: 9.22
Epoch 260	LOSS: 22.06	MAE: 4.53	RMSE: 9.22
Epoch 261	LOSS: 21.52	MAE: 4.52	RMSE: 9.21
Epoch 262	LOSS: 21.75	MAE: 4.53	RMSE: 9.22
Epoch 263	LOSS: 21.55	MAE: 4.51	RMSE: 9.19
Epoch 264	LOSS: 21.79	MAE: 4.49	RMSE: 9.20
Epoch 265	LOSS: 21.25	MAE: 4.49	RMSE: 9.21
Epoch 266	LOSS: 21.80	MAE: 4.50	RMSE: 9.19
Epoch 267	LOSS: 21.26	MAE: 4.50	RMSE: 9.20
Epoch 268	LOSS: 21.32	MAE: 4.50	RMSE: 9.20
Epoch 269	LOSS: 21.33	MAE: 4.49	RMSE: 9.22
Epoch 270	LOSS: 21.53	MAE: 4.53	RMSE: 9.24
Epoch 271	LOSS: 21.22	MAE: 4.51	RMSE: 9.22
Epoch 272	LOSS: 21.46	MAE: 4.50	RMSE: 9.22
Epoch 273	LOSS: 21.54	MAE: 4.48	RMSE: 9.22
Epoch 274	LOSS: 21.33	MAE: 4.49	RMSE: 9.21
Epoch 275	LOSS: 21.42	MAE: 4.51	RMSE: 9.20
Epoch 276	LOSS: 21.30	MAE: 4.48	RMSE: 9.20
Epoch 277	LOSS: 20.88	MAE: 4.47	RMSE: 9.20
Epoch 278	LOSS: 21.48	MAE: 4.49	RMSE: 9.20
Epoch 279	LOSS: 21.51	MAE: 4.48	RMSE: 9.20
Epoch 280	LOSS: 21.41	MAE: 4.48	RMSE: 9.22
Epoch 281	LOSS: 20.97	MAE: 4.49	RMSE: 9.21
Epoch 282	LOSS: 21.54	MAE: 4.48	RMSE: 9.21
Epoch 283	LOSS: 21.19	MAE: 4.48	RMSE: 9.18
Epoch 284	LOSS: 21.32	MAE: 4.50	RMSE: 9.22
Epoch 285	LOSS: 21.06	MAE: 4.50	RMSE: 9.22
Epoch 286	LOSS: 21.25	MAE: 4.46	RMSE: 9.19
Epoch 287	LOSS: 21.07	MAE: 4.50	RMSE: 9.20
Epoch 288	LOSS: 21.54	MAE: 4.46	RMSE: 9.19
Epoch 289	LOSS: 20.83	MAE: 4.45	RMSE: 9.18
Epoch 290	LOSS: 21.58	MAE: 4.50	RMSE: 9.21
Epoch 291	LOSS: 21.33	MAE: 4.49	RMSE: 9.19
Epoch 292	LOSS: 21.17	MAE: 4.48	RMSE: 9.20
Epoch 293	LOSS: 20.95	MAE: 4.48	RMSE: 9.19
Epoch 294	LOSS: 21.24	MAE: 4.48	RMSE: 9.19
Epoch 295	LOSS: 21.10	MAE: 4.50	RMSE: 9.22
Epoch 296	LOSS: 21.50	MAE: 4.48	RMSE: 9.20
Epoch 297	LOSS: 21.09	MAE: 4.48	RMSE: 9.19
Epoch 298	LOSS: 21.13	MAE: 4.47	RMSE: 9.20
Epoch 299	LOSS: 21.25	MAE: 4.46	RMSE: 9.19
Epoch 300	LOSS: 21.05	MAE: 4.49	RMSE: 9.21
Epoch 301	LOSS: 20.80	MAE: 4.45	RMSE: 9.20
Epoch 302	LOSS: 21.23	MAE: 4.48	RMSE: 9.20
Epoch 303	LOSS: 20.76	MAE: 4.49	RMSE: 9.20
Epoch 304	LOSS: 20.61	MAE: 4.47	RMSE: 9.20
Epoch 305	LOSS: 20.65	MAE: 4.48	RMSE: 9.20
Epoch 306	LOSS: 21.16	MAE: 4.47	RMSE: 9.20
Epoch 307	LOSS: 20.62	MAE: 4.44	RMSE: 9.18
Epoch 308	LOSS: 21.02	MAE: 4.50	RMSE: 9.20
Epoch 309	LOSS: 21.02	MAE: 4.48	RMSE: 9.20
Epoch 310	LOSS: 21.23	MAE: 4.46	RMSE: 9.20
Epoch 311	LOSS: 21.06	MAE: 4.46	RMSE: 9.21
Epoch 312	LOSS: 20.73	MAE: 4.46	RMSE: 9.19
Epoch 313	LOSS: 20.81	MAE: 4.43	RMSE: 9.15
Epoch 314	LOSS: 20.94	MAE: 4.47	RMSE: 9.21
Epoch 315	LOSS: 20.58	MAE: 4.46	RMSE: 9.19
Epoch 316	LOSS: 20.78	MAE: 4.44	RMSE: 9.18
Epoch 317	LOSS: 20.69	MAE: 4.43	RMSE: 9.18
Epoch 318	LOSS: 20.98	MAE: 4.49	RMSE: 9.19
Epoch 319	LOSS: 21.03	MAE: 4.44	RMSE: 9.18
Epoch 320	LOSS: 21.04	MAE: 4.47	RMSE: 9.20
Epoch 321	LOSS: 21.02	MAE: 4.44	RMSE: 9.18
Epoch 322	LOSS: 21.14	MAE: 4.46	RMSE: 9.18
Epoch 323	LOSS: 20.92	MAE: 4.44	RMSE: 9.19
Epoch 324	LOSS: 21.09	MAE: 4.47	RMSE: 9.19
Epoch 325	LOSS: 20.48	MAE: 4.44	RMSE: 9.18
Epoch 326	LOSS: 21.30	MAE: 4.47	RMSE: 9.17
Epoch 327	LOSS: 20.84	MAE: 4.45	RMSE: 9.16
Epoch 328	LOSS: 20.73	MAE: 4.46	RMSE: 9.19
Epoch 329	LOSS: 20.76	MAE: 4.46	RMSE: 9.19
Epoch 330	LOSS: 20.83	MAE: 4.47	RMSE: 9.20
Epoch 331	LOSS: 20.93	MAE: 4.48	RMSE: 9.20
Epoch 332	LOSS: 21.02	MAE: 4.46	RMSE: 9.19
Epoch 333	LOSS: 20.61	MAE: 4.43	RMSE: 9.17
Epoch 334	LOSS: 20.88	MAE: 4.47	RMSE: 9.20
Epoch 335	LOSS: 20.70	MAE: 4.46	RMSE: 9.18
Epoch 336	LOSS: 20.36	MAE: 4.45	RMSE: 9.20
Epoch 337	LOSS: 21.00	MAE: 4.43	RMSE: 9.16
Epoch 338	LOSS: 20.80	MAE: 4.45	RMSE: 9.19
Epoch 339	LOSS: 20.74	MAE: 4.43	RMSE: 9.17
Epoch 340	LOSS: 20.67	MAE: 4.47	RMSE: 9.19
Epoch 341	LOSS: 20.33	MAE: 4.43	RMSE: 9.18
Epoch 342	LOSS: 21.25	MAE: 4.43	RMSE: 9.14
Epoch 343	LOSS: 20.46	MAE: 4.42	RMSE: 9.15
Epoch 344	LOSS: 20.73	MAE: 4.45	RMSE: 9.19
Epoch 345	LOSS: 20.55	MAE: 4.44	RMSE: 9.19
Epoch 346	LOSS: 20.86	MAE: 4.42	RMSE: 9.16
Epoch 347	LOSS: 20.56	MAE: 4.45	RMSE: 9.19
Epoch 348	LOSS: 20.64	MAE: 4.44	RMSE: 9.17
Epoch 349	LOSS: 20.68	MAE: 4.43	RMSE: 9.17
Epoch 350	LOSS: 20.54	MAE: 4.45	RMSE: 9.17
Epoch 351	LOSS: 20.44	MAE: 4.42	RMSE: 9.16
Epoch 352	LOSS: 21.29	MAE: 4.42	RMSE: 9.18
Epoch 353	LOSS: 20.72	MAE: 4.46	RMSE: 9.19
Epoch 354	LOSS: 20.26	MAE: 4.43	RMSE: 9.16
Epoch 355	LOSS: 20.91	MAE: 4.47	RMSE: 9.16
Epoch 356	LOSS: 21.18	MAE: 4.46	RMSE: 9.18
Epoch 357	LOSS: 20.38	MAE: 4.42	RMSE: 9.16
Epoch 358	LOSS: 20.60	MAE: 4.43	RMSE: 9.17
Epoch 359	LOSS: 20.74	MAE: 4.47	RMSE: 9.20
Epoch 360	LOSS: 20.28	MAE: 4.46	RMSE: 9.19
Epoch 361	LOSS: 20.81	MAE: 4.45	RMSE: 9.19
Epoch 362	LOSS: 20.77	MAE: 4.45	RMSE: 9.18
Epoch 363	LOSS: 20.92	MAE: 4.47	RMSE: 9.19
Epoch 364	LOSS: 20.54	MAE: 4.44	RMSE: 9.17
Epoch 365	LOSS: 20.80	MAE: 4.44	RMSE: 9.18
Epoch 366	LOSS: 20.51	MAE: 4.42	RMSE: 9.13
Epoch 367	LOSS: 20.49	MAE: 4.42	RMSE: 9.13
Epoch 368	LOSS: 20.59	MAE: 4.42	RMSE: 9.19
Epoch 369	LOSS: 20.43	MAE: 4.43	RMSE: 9.16
Epoch 370	LOSS: 20.45	MAE: 4.42	RMSE: 9.14
Epoch 371	LOSS: 20.79	MAE: 4.43	RMSE: 9.17
Epoch 372	LOSS: 20.23	MAE: 4.42	RMSE: 9.17
Epoch 373	LOSS: 20.69	MAE: 4.44	RMSE: 9.16
Epoch 374	LOSS: 20.31	MAE: 4.42	RMSE: 9.15
Epoch 375	LOSS: 20.33	MAE: 4.42	RMSE: 9.18
Epoch 376	LOSS: 20.48	MAE: 4.42	RMSE: 9.16
Epoch 377	LOSS: 20.19	MAE: 4.39	RMSE: 9.16
Epoch 378	LOSS: 20.30	MAE: 4.46	RMSE: 9.18
Epoch 379	LOSS: 20.58	MAE: 4.41	RMSE: 9.13
Epoch 380	LOSS: 20.92	MAE: 4.43	RMSE: 9.16
Epoch 381	LOSS: 20.58	MAE: 4.43	RMSE: 9.17
Epoch 382	LOSS: 20.41	MAE: 4.41	RMSE: 9.16
Epoch 383	LOSS: 20.33	MAE: 4.43	RMSE: 9.14
Epoch 384	LOSS: 20.78	MAE: 4.43	RMSE: 9.15
Epoch 385	LOSS: 20.31	MAE: 4.42	RMSE: 9.15
Epoch 386	LOSS: 20.44	MAE: 4.42	RMSE: 9.15
Epoch 387	LOSS: 20.69	MAE: 4.45	RMSE: 9.16
Epoch 388	LOSS: 20.86	MAE: 4.47	RMSE: 9.18
Epoch 389	LOSS: 20.61	MAE: 4.44	RMSE: 9.17
Epoch 390	LOSS: 20.72	MAE: 4.43	RMSE: 9.14
Epoch 391	LOSS: 20.99	MAE: 4.43	RMSE: 9.14
Epoch 392	LOSS: 20.78	MAE: 4.42	RMSE: 9.14
Epoch 393	LOSS: 20.68	MAE: 4.43	RMSE: 9.14
Epoch 394	LOSS: 20.85	MAE: 4.42	RMSE: 9.18
Epoch 395	LOSS: 20.20	MAE: 4.40	RMSE: 9.16
Epoch 396	LOSS: 20.82	MAE: 4.43	RMSE: 9.13
Epoch 397	LOSS: 20.52	MAE: 4.47	RMSE: 9.17
Epoch 398	LOSS: 20.59	MAE: 4.45	RMSE: 9.18
Epoch 399	LOSS: 20.48	MAE: 4.44	RMSE: 9.19
Epoch 400	LOSS: 20.37	MAE: 4.45	RMSE: 9.18
Epoch 401	LOSS: 20.47	MAE: 4.41	RMSE: 9.17
Epoch 402	LOSS: 20.65	MAE: 4.43	RMSE: 9.14
Epoch 403	LOSS: 20.66	MAE: 4.41	RMSE: 9.15
Epoch 404	LOSS: 20.67	MAE: 4.41	RMSE: 9.17
Epoch 405	LOSS: 20.51	MAE: 4.40	RMSE: 9.14
Epoch 406	LOSS: 20.50	MAE: 4.42	RMSE: 9.12
Epoch 407	LOSS: 20.59	MAE: 4.40	RMSE: 9.14
Epoch 408	LOSS: 20.63	MAE: 4.43	RMSE: 9.15
Epoch 409	LOSS: 20.20	MAE: 4.41	RMSE: 9.13
Epoch 410	LOSS: 20.46	MAE: 4.43	RMSE: 9.14
Epoch 411	LOSS: 20.43	MAE: 4.41	RMSE: 9.14
Epoch 412	LOSS: 20.30	MAE: 4.42	RMSE: 9.14
Epoch 413	LOSS: 20.52	MAE: 4.40	RMSE: 9.14
Epoch 414	LOSS: 20.38	MAE: 4.41	RMSE: 9.15
Epoch 415	LOSS: 20.48	MAE: 4.42	RMSE: 9.17
Epoch 416	LOSS: 20.39	MAE: 4.40	RMSE: 9.12
Epoch 417	LOSS: 20.28	MAE: 4.40	RMSE: 9.13
Epoch 418	LOSS: 20.22	MAE: 4.41	RMSE: 9.14
Epoch 419	LOSS: 20.07	MAE: 4.39	RMSE: 9.14
Epoch 420	LOSS: 20.38	MAE: 4.40	RMSE: 9.14
Epoch 421	LOSS: 20.43	MAE: 4.39	RMSE: 9.14
Epoch 422	LOSS: 20.42	MAE: 4.40	RMSE: 9.12
Epoch 423	LOSS: 20.30	MAE: 4.39	RMSE: 9.13
Epoch 424	LOSS: 20.52	MAE: 4.40	RMSE: 9.15
Epoch 425	LOSS: 20.49	MAE: 4.41	RMSE: 9.14
Epoch 426	LOSS: 19.82	MAE: 4.38	RMSE: 9.12
Epoch 427	LOSS: 20.70	MAE: 4.40	RMSE: 9.15
Epoch 428	LOSS: 20.56	MAE: 4.39	RMSE: 9.14
Epoch 429	LOSS: 20.63	MAE: 4.44	RMSE: 9.13
Epoch 430	LOSS: 20.37	MAE: 4.42	RMSE: 9.13
Epoch 431	LOSS: 20.92	MAE: 4.41	RMSE: 9.14
Epoch 432	LOSS: 20.54	MAE: 4.42	RMSE: 9.16
Epoch 433	LOSS: 20.43	MAE: 4.39	RMSE: 9.12
Epoch 434	LOSS: 20.23	MAE: 4.39	RMSE: 9.13
Epoch 435	LOSS: 20.30	MAE: 4.40	RMSE: 9.13
Epoch 436	LOSS: 20.36	MAE: 4.41	RMSE: 9.12
Epoch 437	LOSS: 20.49	MAE: 4.38	RMSE: 9.12
Epoch 438	LOSS: 20.25	MAE: 4.41	RMSE: 9.14
Epoch 439	LOSS: 20.10	MAE: 4.40	RMSE: 9.12
Epoch 440	LOSS: 20.20	MAE: 4.43	RMSE: 9.13
Epoch 441	LOSS: 20.29	MAE: 4.43	RMSE: 9.12
Epoch 442	LOSS: 20.32	MAE: 4.43	RMSE: 9.15
Epoch 443	LOSS: 20.32	MAE: 4.43	RMSE: 9.12
Epoch 444	LOSS: 20.31	MAE: 4.41	RMSE: 9.13
Epoch 445	LOSS: 20.20	MAE: 4.39	RMSE: 9.13
Epoch 446	LOSS: 20.07	MAE: 4.40	RMSE: 9.11
Epoch 447	LOSS: 20.29	MAE: 4.40	RMSE: 9.12
Epoch 448	LOSS: 20.68	MAE: 4.43	RMSE: 9.15
Epoch 449	LOSS: 20.10	MAE: 4.40	RMSE: 9.13
Epoch 450	LOSS: 20.15	MAE: 4.40	RMSE: 9.12
Epoch 451	LOSS: 20.38	MAE: 4.41	RMSE: 9.13
Epoch 452	LOSS: 20.11	MAE: 4.41	RMSE: 9.14
Epoch 453	LOSS: 20.08	MAE: 4.39	RMSE: 9.12
Epoch 454	LOSS: 20.47	MAE: 4.38	RMSE: 9.12
Epoch 455	LOSS: 20.16	MAE: 4.40	RMSE: 9.11
Epoch 456	LOSS: 20.07	MAE: 4.40	RMSE: 9.13
Epoch 457	LOSS: 20.21	MAE: 4.38	RMSE: 9.12
Epoch 458	LOSS: 20.11	MAE: 4.44	RMSE: 9.12
Epoch 459	LOSS: 20.27	MAE: 4.43	RMSE: 9.13
Epoch 460	LOSS: 20.28	MAE: 4.40	RMSE: 9.13
Epoch 461	LOSS: 20.14	MAE: 4.40	RMSE: 9.13
Epoch 462	LOSS: 20.51	MAE: 4.41	RMSE: 9.12
Epoch 463	LOSS: 20.33	MAE: 4.37	RMSE: 9.11
Epoch 464	LOSS: 20.36	MAE: 4.41	RMSE: 9.14
Epoch 465	LOSS: 20.63	MAE: 4.42	RMSE: 9.13
Epoch 466	LOSS: 20.60	MAE: 4.40	RMSE: 9.12
Epoch 467	LOSS: 20.12	MAE: 4.40	RMSE: 9.12
Epoch 468	LOSS: 20.04	MAE: 4.39	RMSE: 9.12
Epoch 469	LOSS: 20.37	MAE: 4.40	RMSE: 9.11
Epoch 470	LOSS: 20.10	MAE: 4.40	RMSE: 9.12
Epoch 471	LOSS: 20.63	MAE: 4.42	RMSE: 9.14
Epoch 472	LOSS: 20.52	MAE: 4.41	RMSE: 9.13
Epoch 473	LOSS: 20.61	MAE: 4.40	RMSE: 9.13
Epoch 474	LOSS: 20.32	MAE: 4.41	RMSE: 9.12
Epoch 475	LOSS: 20.44	MAE: 4.40	RMSE: 9.13
Epoch 476	LOSS: 20.29	MAE: 4.40	RMSE: 9.12
Epoch 477	LOSS: 20.12	MAE: 4.41	RMSE: 9.12
Epoch 478	LOSS: 19.92	MAE: 4.40	RMSE: 9.12
Epoch 479	LOSS: 20.03	MAE: 4.40	RMSE: 9.12
Epoch 480	LOSS: 19.99	MAE: 4.38	RMSE: 9.12
Epoch 481	LOSS: 20.34	MAE: 4.42	RMSE: 9.13
Epoch 482	LOSS: 20.24	MAE: 4.40	RMSE: 9.12
Epoch 483	LOSS: 20.27	MAE: 4.40	RMSE: 9.12
Epoch 484	LOSS: 20.04	MAE: 4.39	RMSE: 9.13
Epoch 485	LOSS: 20.13	MAE: 4.38	RMSE: 9.13
Epoch 486	LOSS: 20.30	MAE: 4.38	RMSE: 9.11
Epoch 487	LOSS: 20.48	MAE: 4.38	RMSE: 9.10
Epoch 488	LOSS: 20.08	MAE: 4.43	RMSE: 9.14
Epoch 489	LOSS: 20.17	MAE: 4.44	RMSE: 9.15
Epoch 490	LOSS: 20.14	MAE: 4.39	RMSE: 9.11
Epoch 491	LOSS: 19.78	MAE: 4.38	RMSE: 9.12
Epoch 492	LOSS: 20.41	MAE: 4.39	RMSE: 9.12
Epoch 493	LOSS: 20.13	MAE: 4.41	RMSE: 9.12
Epoch 494	LOSS: 19.88	MAE: 4.38	RMSE: 9.11
Epoch 495	LOSS: 20.49	MAE: 4.40	RMSE: 9.12
Epoch 496	LOSS: 20.01	MAE: 4.38	RMSE: 9.12
Epoch 497	LOSS: 19.93	MAE: 4.38	RMSE: 9.11
Epoch 498	LOSS: 20.16	MAE: 4.38	RMSE: 9.12
Epoch 499	LOSS: 19.83	MAE: 4.40	RMSE: 9.11
