Epoch 000	LOSS: 55.24	MAE: 55.36	RMSE: 56.21
Epoch 001	LOSS: 54.58	MAE: 54.73	RMSE: 55.59
Epoch 002	LOSS: 54.10	MAE: 54.09	RMSE: 54.96
Epoch 003	LOSS: 53.45	MAE: 53.41	RMSE: 54.30
Epoch 004	LOSS: 52.78	MAE: 52.71	RMSE: 53.61
Epoch 005	LOSS: 51.90	MAE: 51.99	RMSE: 52.89
Epoch 006	LOSS: 51.28	MAE: 51.23	RMSE: 52.15
Epoch 007	LOSS: 50.43	MAE: 50.45	RMSE: 51.38
Epoch 008	LOSS: 49.69	MAE: 49.64	RMSE: 50.58
Epoch 009	LOSS: 48.78	MAE: 48.80	RMSE: 49.75
Epoch 010	LOSS: 48.01	MAE: 47.94	RMSE: 48.90
Epoch 011	LOSS: 47.16	MAE: 47.04	RMSE: 48.02
Epoch 012	LOSS: 46.14	MAE: 46.12	RMSE: 47.11
Epoch 013	LOSS: 45.19	MAE: 45.18	RMSE: 46.17
Epoch 014	LOSS: 44.07	MAE: 44.20	RMSE: 45.20
Epoch 015	LOSS: 43.01	MAE: 43.21	RMSE: 44.21
Epoch 016	LOSS: 42.22	MAE: 42.19	RMSE: 43.20
Epoch 017	LOSS: 41.24	MAE: 41.14	RMSE: 42.15
Epoch 018	LOSS: 40.19	MAE: 40.07	RMSE: 41.09
Epoch 019	LOSS: 39.01	MAE: 38.99	RMSE: 40.00
Epoch 020	LOSS: 38.04	MAE: 37.88	RMSE: 38.89
Epoch 021	LOSS: 36.86	MAE: 36.76	RMSE: 37.75
Epoch 022	LOSS: 35.73	MAE: 35.62	RMSE: 36.60
Epoch 023	LOSS: 34.65	MAE: 34.46	RMSE: 35.42
Epoch 024	LOSS: 33.40	MAE: 33.29	RMSE: 34.23
Epoch 025	LOSS: 32.16	MAE: 32.10	RMSE: 33.02
Epoch 026	LOSS: 31.03	MAE: 30.89	RMSE: 31.79
Epoch 027	LOSS: 29.85	MAE: 29.68	RMSE: 30.54
Epoch 028	LOSS: 28.64	MAE: 28.45	RMSE: 29.28
Epoch 029	LOSS: 27.21	MAE: 27.21	RMSE: 28.00
Epoch 030	LOSS: 26.09	MAE: 25.96	RMSE: 26.72
Epoch 031	LOSS: 24.77	MAE: 24.70	RMSE: 25.42
Epoch 032	LOSS: 23.44	MAE: 23.42	RMSE: 24.11
Epoch 033	LOSS: 22.22	MAE: 22.14	RMSE: 22.80
Epoch 034	LOSS: 20.93	MAE: 20.85	RMSE: 21.49
Epoch 035	LOSS: 19.64	MAE: 19.55	RMSE: 20.18
Epoch 036	LOSS: 18.40	MAE: 18.25	RMSE: 18.88
Epoch 037	LOSS: 17.00	MAE: 16.94	RMSE: 17.60
Epoch 038	LOSS: 15.70	MAE: 15.62	RMSE: 16.34
Epoch 039	LOSS: 14.38	MAE: 14.31	RMSE: 15.13
Epoch 040	LOSS: 13.09	MAE: 13.00	RMSE: 13.96
Epoch 041	LOSS: 11.79	MAE: 11.71	RMSE: 12.88
Epoch 042	LOSS: 10.52	MAE: 10.44	RMSE: 11.90
Epoch 043	LOSS: 9.25	MAE: 9.20	RMSE: 11.07
Epoch 044	LOSS: 8.01	MAE: 8.05	RMSE: 10.42
Epoch 045	LOSS: 7.05	MAE: 7.02	RMSE: 9.99
Epoch 046	LOSS: 6.14	MAE: 6.17	RMSE: 9.78
Epoch 047	LOSS: 5.52	MAE: 5.59	RMSE: 9.79
Epoch 048	LOSS: 5.24	MAE: 5.29	RMSE: 9.94
Epoch 049	LOSS: 5.11	MAE: 5.22	RMSE: 10.14
Epoch 050	LOSS: 5.01	MAE: 5.25	RMSE: 10.31
Epoch 051	LOSS: 4.94	MAE: 5.29	RMSE: 10.40
Epoch 052	LOSS: 5.13	MAE: 5.22	RMSE: 10.14
Epoch 053	LOSS: 5.09	MAE: 5.25	RMSE: 10.31
Epoch 054	LOSS: 5.08	MAE: 5.20	RMSE: 10.02
Epoch 055	LOSS: 4.93	MAE: 5.13	RMSE: 10.02
Epoch 056	LOSS: 4.95	MAE: 5.12	RMSE: 9.66
Epoch 057	LOSS: 5.02	MAE: 5.19	RMSE: 9.75
Epoch 058	LOSS: 5.04	MAE: 5.20	RMSE: 10.16
Epoch 059	LOSS: 4.94	MAE: 5.20	RMSE: 10.32
Epoch 060	LOSS: 4.85	MAE: 5.07	RMSE: 10.00
Epoch 061	LOSS: 4.78	MAE: 5.04	RMSE: 9.86
Epoch 062	LOSS: 4.77	MAE: 5.05	RMSE: 9.89
Epoch 063	LOSS: 4.76	MAE: 5.05	RMSE: 10.02
Epoch 064	LOSS: 4.66	MAE: 5.01	RMSE: 9.91
Epoch 065	LOSS: 4.66	MAE: 4.98	RMSE: 9.88
Epoch 066	LOSS: 4.78	MAE: 4.96	RMSE: 9.86
Epoch 067	LOSS: 4.65	MAE: 4.94	RMSE: 9.84
Epoch 068	LOSS: 4.71	MAE: 4.95	RMSE: 9.71
Epoch 069	LOSS: 4.86	MAE: 4.94	RMSE: 9.78
Epoch 070	LOSS: 4.68	MAE: 4.97	RMSE: 9.95
Epoch 071	LOSS: 4.68	MAE: 4.94	RMSE: 9.80
Epoch 072	LOSS: 4.71	MAE: 4.94	RMSE: 9.72
Epoch 073	LOSS: 4.75	MAE: 4.93	RMSE: 9.78
Epoch 074	LOSS: 4.67	MAE: 4.93	RMSE: 9.69
Epoch 075	LOSS: 4.66	MAE: 4.92	RMSE: 9.74
Epoch 076	LOSS: 4.73	MAE: 4.91	RMSE: 9.75
Epoch 077	LOSS: 4.64	MAE: 4.91	RMSE: 9.77
Epoch 078	LOSS: 4.68	MAE: 4.92	RMSE: 9.68
Epoch 079	LOSS: 4.69	MAE: 4.92	RMSE: 9.63
Epoch 080	LOSS: 4.56	MAE: 4.92	RMSE: 9.58
Epoch 081	LOSS: 4.72	MAE: 4.95	RMSE: 9.53
Epoch 082	LOSS: 4.65	MAE: 4.91	RMSE: 9.56
Epoch 083	LOSS: 4.62	MAE: 4.90	RMSE: 9.67
Epoch 084	LOSS: 4.74	MAE: 4.89	RMSE: 9.73
Epoch 085	LOSS: 4.68	MAE: 4.88	RMSE: 9.70
Epoch 086	LOSS: 4.68	MAE: 4.89	RMSE: 9.72
Epoch 087	LOSS: 4.71	MAE: 4.88	RMSE: 9.64
Epoch 088	LOSS: 4.72	MAE: 4.88	RMSE: 9.60
Epoch 089	LOSS: 4.65	MAE: 4.87	RMSE: 9.61
Epoch 090	LOSS: 4.66	MAE: 4.87	RMSE: 9.58
Epoch 091	LOSS: 4.61	MAE: 4.87	RMSE: 9.56
Epoch 092	LOSS: 4.53	MAE: 4.87	RMSE: 9.57
Epoch 093	LOSS: 4.60	MAE: 4.87	RMSE: 9.67
Epoch 094	LOSS: 4.60	MAE: 4.87	RMSE: 9.57
Epoch 095	LOSS: 4.61	MAE: 4.86	RMSE: 9.57
Epoch 096	LOSS: 4.69	MAE: 4.87	RMSE: 9.51
Epoch 097	LOSS: 4.58	MAE: 4.86	RMSE: 9.56
Epoch 098	LOSS: 4.48	MAE: 4.86	RMSE: 9.55
Epoch 099	LOSS: 4.64	MAE: 4.85	RMSE: 9.57
Epoch 100	LOSS: 4.55	MAE: 4.86	RMSE: 9.49
Epoch 101	LOSS: 4.55	MAE: 4.85	RMSE: 9.58
Epoch 102	LOSS: 4.59	MAE: 4.85	RMSE: 9.49
Epoch 103	LOSS: 4.58	MAE: 4.85	RMSE: 9.51
Epoch 104	LOSS: 4.63	MAE: 4.87	RMSE: 9.44
Epoch 105	LOSS: 4.56	MAE: 4.86	RMSE: 9.50
Epoch 106	LOSS: 4.53	MAE: 4.86	RMSE: 9.48
Epoch 107	LOSS: 4.47	MAE: 4.85	RMSE: 9.54
Epoch 108	LOSS: 4.54	MAE: 4.85	RMSE: 9.44
Epoch 109	LOSS: 4.70	MAE: 4.84	RMSE: 9.57
Epoch 110	LOSS: 4.68	MAE: 4.84	RMSE: 9.52
Epoch 111	LOSS: 4.53	MAE: 4.84	RMSE: 9.60
Epoch 112	LOSS: 4.49	MAE: 4.83	RMSE: 9.56
Epoch 113	LOSS: 4.57	MAE: 4.83	RMSE: 9.40
Epoch 114	LOSS: 4.71	MAE: 4.82	RMSE: 9.50
Epoch 115	LOSS: 4.55	MAE: 4.82	RMSE: 9.39
Epoch 116	LOSS: 4.67	MAE: 4.81	RMSE: 9.42
Epoch 117	LOSS: 4.64	MAE: 4.81	RMSE: 9.42
Epoch 118	LOSS: 4.51	MAE: 4.81	RMSE: 9.44
Epoch 119	LOSS: 4.57	MAE: 4.81	RMSE: 9.29
Epoch 120	LOSS: 4.59	MAE: 4.80	RMSE: 9.39
Epoch 121	LOSS: 4.64	MAE: 4.83	RMSE: 9.36
Epoch 122	LOSS: 4.58	MAE: 4.81	RMSE: 9.41
Epoch 123	LOSS: 4.62	MAE: 4.80	RMSE: 9.49
Epoch 124	LOSS: 4.56	MAE: 4.81	RMSE: 9.46
Epoch 125	LOSS: 4.65	MAE: 4.81	RMSE: 9.38
Epoch 126	LOSS: 4.49	MAE: 4.88	RMSE: 9.18
Epoch 127	LOSS: 4.53	MAE: 4.85	RMSE: 9.45
Epoch 128	LOSS: 4.53	MAE: 4.86	RMSE: 9.43
Epoch 129	LOSS: 4.55	MAE: 4.84	RMSE: 9.38
Epoch 130	LOSS: 4.60	MAE: 4.80	RMSE: 9.45
Epoch 131	LOSS: 4.55	MAE: 4.80	RMSE: 9.44
Epoch 132	LOSS: 4.56	MAE: 4.79	RMSE: 9.37
Epoch 133	LOSS: 4.53	MAE: 4.78	RMSE: 9.46
Epoch 134	LOSS: 4.58	MAE: 4.78	RMSE: 9.42
Epoch 135	LOSS: 4.49	MAE: 4.79	RMSE: 9.33
Epoch 136	LOSS: 4.54	MAE: 4.78	RMSE: 9.33
Epoch 137	LOSS: 4.60	MAE: 4.78	RMSE: 9.44
Epoch 138	LOSS: 4.56	MAE: 4.78	RMSE: 9.38
Epoch 139	LOSS: 4.52	MAE: 4.78	RMSE: 9.42
Epoch 140	LOSS: 4.55	MAE: 4.78	RMSE: 9.37
Epoch 141	LOSS: 4.56	MAE: 4.78	RMSE: 9.37
Epoch 142	LOSS: 4.54	MAE: 4.77	RMSE: 9.35
Epoch 143	LOSS: 4.53	MAE: 4.78	RMSE: 9.45
Epoch 144	LOSS: 4.56	MAE: 4.78	RMSE: 9.43
Epoch 145	LOSS: 4.49	MAE: 4.78	RMSE: 9.44
Epoch 146	LOSS: 4.54	MAE: 4.78	RMSE: 9.34
Epoch 147	LOSS: 4.46	MAE: 4.78	RMSE: 9.43
Epoch 148	LOSS: 4.53	MAE: 4.78	RMSE: 9.50
Epoch 149	LOSS: 4.55	MAE: 4.77	RMSE: 9.35
Epoch 150	LOSS: 4.59	MAE: 4.78	RMSE: 9.26
Epoch 151	LOSS: 4.69	MAE: 4.79	RMSE: 9.48
Epoch 152	LOSS: 4.54	MAE: 4.79	RMSE: 9.47
Epoch 153	LOSS: 4.51	MAE: 4.78	RMSE: 9.38
Epoch 154	LOSS: 4.54	MAE: 4.78	RMSE: 9.29
Epoch 155	LOSS: 4.61	MAE: 4.77	RMSE: 9.36
Epoch 156	LOSS: 4.51	MAE: 4.77	RMSE: 9.35
Epoch 157	LOSS: 4.68	MAE: 4.79	RMSE: 9.27
Epoch 158	LOSS: 4.50	MAE: 4.77	RMSE: 9.32
Epoch 159	LOSS: 4.52	MAE: 4.77	RMSE: 9.38
Epoch 160	LOSS: 4.63	MAE: 4.77	RMSE: 9.29
Epoch 161	LOSS: 4.57	MAE: 4.77	RMSE: 9.38
Epoch 162	LOSS: 4.53	MAE: 4.80	RMSE: 9.25
Epoch 163	LOSS: 4.51	MAE: 4.81	RMSE: 9.28
Epoch 164	LOSS: 4.53	MAE: 4.79	RMSE: 9.32
Epoch 165	LOSS: 4.61	MAE: 4.79	RMSE: 9.37
Epoch 166	LOSS: 4.59	MAE: 4.79	RMSE: 9.34
Epoch 167	LOSS: 4.50	MAE: 4.80	RMSE: 9.41
Epoch 168	LOSS: 4.57	MAE: 4.80	RMSE: 9.52
Epoch 169	LOSS: 4.51	MAE: 4.77	RMSE: 9.39
Epoch 170	LOSS: 4.61	MAE: 4.78	RMSE: 9.32
Epoch 171	LOSS: 4.50	MAE: 4.77	RMSE: 9.36
Epoch 172	LOSS: 4.58	MAE: 4.76	RMSE: 9.36
Epoch 173	LOSS: 4.46	MAE: 4.75	RMSE: 9.33
Epoch 174	LOSS: 4.53	MAE: 4.76	RMSE: 9.30
Epoch 175	LOSS: 4.54	MAE: 4.79	RMSE: 9.16
Epoch 176	LOSS: 4.51	MAE: 4.76	RMSE: 9.29
Epoch 177	LOSS: 4.53	MAE: 4.76	RMSE: 9.35
Epoch 178	LOSS: 4.45	MAE: 4.75	RMSE: 9.37
Epoch 179	LOSS: 4.56	MAE: 4.76	RMSE: 9.33
Epoch 180	LOSS: 4.68	MAE: 4.80	RMSE: 9.31
Epoch 181	LOSS: 4.57	MAE: 4.78	RMSE: 9.48
Epoch 182	LOSS: 4.52	MAE: 4.75	RMSE: 9.43
Epoch 183	LOSS: 4.54	MAE: 4.75	RMSE: 9.36
Epoch 184	LOSS: 4.53	MAE: 4.76	RMSE: 9.28
Epoch 185	LOSS: 4.49	MAE: 4.74	RMSE: 9.30
Epoch 186	LOSS: 4.44	MAE: 4.75	RMSE: 9.28
Epoch 187	LOSS: 4.54	MAE: 4.78	RMSE: 9.11
Epoch 188	LOSS: 4.60	MAE: 4.79	RMSE: 9.10
Epoch 189	LOSS: 4.63	MAE: 4.82	RMSE: 9.08
Epoch 190	LOSS: 4.52	MAE: 4.75	RMSE: 9.37
Epoch 191	LOSS: 4.56	MAE: 4.73	RMSE: 9.27
Epoch 192	LOSS: 4.54	MAE: 4.75	RMSE: 9.22
Epoch 193	LOSS: 4.45	MAE: 4.74	RMSE: 9.29
Epoch 194	LOSS: 4.50	MAE: 4.74	RMSE: 9.32
Epoch 195	LOSS: 4.58	MAE: 4.74	RMSE: 9.25
Epoch 196	LOSS: 4.43	MAE: 4.75	RMSE: 9.40
Epoch 197	LOSS: 4.52	MAE: 4.74	RMSE: 9.19
Epoch 198	LOSS: 4.42	MAE: 4.74	RMSE: 9.26
Epoch 199	LOSS: 4.44	MAE: 4.73	RMSE: 9.22
Epoch 200	LOSS: 4.47	MAE: 4.75	RMSE: 9.43
Epoch 201	LOSS: 4.63	MAE: 4.78	RMSE: 9.05
Epoch 202	LOSS: 4.50	MAE: 4.73	RMSE: 9.32
Epoch 203	LOSS: 4.47	MAE: 4.75	RMSE: 9.40
Epoch 204	LOSS: 4.54	MAE: 4.77	RMSE: 9.43
Epoch 205	LOSS: 4.54	MAE: 4.76	RMSE: 9.32
Epoch 206	LOSS: 4.54	MAE: 4.77	RMSE: 9.45
Epoch 207	LOSS: 4.41	MAE: 4.74	RMSE: 9.36
Epoch 208	LOSS: 4.45	MAE: 4.73	RMSE: 9.26
Epoch 209	LOSS: 4.53	MAE: 4.76	RMSE: 9.03
Epoch 210	LOSS: 4.52	MAE: 4.75	RMSE: 9.28
Epoch 211	LOSS: 4.53	MAE: 4.72	RMSE: 9.28
Epoch 212	LOSS: 4.45	MAE: 4.70	RMSE: 9.14
Epoch 213	LOSS: 4.54	MAE: 4.70	RMSE: 9.23
Epoch 214	LOSS: 4.43	MAE: 4.72	RMSE: 9.08
Epoch 215	LOSS: 4.37	MAE: 4.72	RMSE: 9.06
Epoch 216	LOSS: 4.48	MAE: 4.71	RMSE: 9.27
Epoch 217	LOSS: 4.53	MAE: 4.71	RMSE: 9.24
Epoch 218	LOSS: 4.51	MAE: 4.74	RMSE: 8.94
Epoch 219	LOSS: 4.45	MAE: 4.70	RMSE: 9.25
Epoch 220	LOSS: 4.53	MAE: 4.71	RMSE: 9.20
Epoch 221	LOSS: 4.62	MAE: 4.73	RMSE: 9.22
Epoch 222	LOSS: 4.52	MAE: 4.76	RMSE: 9.09
Epoch 223	LOSS: 4.49	MAE: 4.74	RMSE: 9.01
Epoch 224	LOSS: 4.54	MAE: 4.74	RMSE: 9.10
Epoch 225	LOSS: 4.49	MAE: 4.73	RMSE: 9.20
Epoch 226	LOSS: 4.53	MAE: 4.76	RMSE: 9.00
Epoch 227	LOSS: 4.61	MAE: 4.78	RMSE: 9.02
Epoch 228	LOSS: 4.62	MAE: 4.77	RMSE: 9.26
Epoch 229	LOSS: 4.51	MAE: 4.74	RMSE: 9.41
Epoch 230	LOSS: 4.53	MAE: 4.74	RMSE: 9.37
Epoch 231	LOSS: 4.44	MAE: 4.77	RMSE: 9.09
Epoch 232	LOSS: 4.51	MAE: 4.72	RMSE: 9.25
Epoch 233	LOSS: 4.53	MAE: 4.72	RMSE: 9.20
Epoch 234	LOSS: 4.52	MAE: 4.73	RMSE: 9.06
Epoch 235	LOSS: 4.48	MAE: 4.71	RMSE: 9.12
Epoch 236	LOSS: 4.42	MAE: 4.70	RMSE: 9.15
Epoch 237	LOSS: 4.45	MAE: 4.71	RMSE: 9.16
Epoch 238	LOSS: 4.43	MAE: 4.71	RMSE: 9.04
Epoch 239	LOSS: 4.46	MAE: 4.69	RMSE: 9.17
Epoch 240	LOSS: 4.48	MAE: 4.69	RMSE: 9.09
Epoch 241	LOSS: 4.39	MAE: 4.71	RMSE: 9.36
Epoch 242	LOSS: 4.62	MAE: 4.71	RMSE: 8.97
Epoch 243	LOSS: 4.36	MAE: 4.69	RMSE: 9.22
Epoch 244	LOSS: 4.44	MAE: 4.68	RMSE: 9.14
Epoch 245	LOSS: 4.42	MAE: 4.69	RMSE: 9.03
Epoch 246	LOSS: 4.35	MAE: 4.69	RMSE: 9.23
Epoch 247	LOSS: 4.50	MAE: 4.68	RMSE: 9.10
Epoch 248	LOSS: 4.43	MAE: 4.70	RMSE: 9.03
Epoch 249	LOSS: 4.57	MAE: 4.69	RMSE: 9.12
Epoch 250	LOSS: 4.43	MAE: 4.68	RMSE: 9.06
Epoch 251	LOSS: 4.43	MAE: 4.68	RMSE: 9.12
Epoch 252	LOSS: 4.47	MAE: 4.69	RMSE: 9.00
Epoch 253	LOSS: 4.52	MAE: 4.68	RMSE: 9.11
Epoch 254	LOSS: 4.44	MAE: 4.70	RMSE: 8.97
Epoch 255	LOSS: 4.46	MAE: 4.68	RMSE: 9.14
Epoch 256	LOSS: 4.43	MAE: 4.69	RMSE: 9.02
Epoch 257	LOSS: 4.43	MAE: 4.68	RMSE: 9.15
Epoch 258	LOSS: 4.55	MAE: 4.72	RMSE: 8.93
Epoch 259	LOSS: 4.48	MAE: 4.68	RMSE: 9.21
Epoch 260	LOSS: 4.44	MAE: 4.69	RMSE: 9.01
Epoch 261	LOSS: 4.54	MAE: 4.69	RMSE: 9.00
Epoch 262	LOSS: 4.50	MAE: 4.68	RMSE: 9.12
Epoch 263	LOSS: 4.45	MAE: 4.68	RMSE: 9.09
Epoch 264	LOSS: 4.48	MAE: 4.69	RMSE: 8.97
Epoch 265	LOSS: 4.51	MAE: 4.68	RMSE: 9.14
Epoch 266	LOSS: 4.44	MAE: 4.68	RMSE: 9.02
Epoch 267	LOSS: 4.44	MAE: 4.68	RMSE: 9.07
Epoch 268	LOSS: 4.44	MAE: 4.68	RMSE: 9.06
Epoch 269	LOSS: 4.48	MAE: 4.68	RMSE: 9.09
Epoch 270	LOSS: 4.35	MAE: 4.68	RMSE: 9.07
Epoch 271	LOSS: 4.48	MAE: 4.68	RMSE: 9.05
Epoch 272	LOSS: 4.37	MAE: 4.68	RMSE: 8.99
Epoch 273	LOSS: 4.44	MAE: 4.68	RMSE: 9.04
Epoch 274	LOSS: 4.39	MAE: 4.68	RMSE: 9.03
Epoch 275	LOSS: 4.55	MAE: 4.67	RMSE: 9.13
Epoch 276	LOSS: 4.41	MAE: 4.67	RMSE: 8.99
Epoch 277	LOSS: 4.47	MAE: 4.67	RMSE: 9.11
Epoch 278	LOSS: 4.58	MAE: 4.68	RMSE: 9.00
Epoch 279	LOSS: 4.39	MAE: 4.67	RMSE: 9.08
Epoch 280	LOSS: 4.50	MAE: 4.68	RMSE: 8.98
Epoch 281	LOSS: 4.33	MAE: 4.67	RMSE: 9.12
Epoch 282	LOSS: 4.46	MAE: 4.67	RMSE: 9.05
Epoch 283	LOSS: 4.53	MAE: 4.68	RMSE: 9.04
Epoch 284	LOSS: 4.38	MAE: 4.68	RMSE: 9.05
Epoch 285	LOSS: 4.37	MAE: 4.69	RMSE: 9.00
Epoch 286	LOSS: 4.38	MAE: 4.67	RMSE: 9.07
Epoch 287	LOSS: 4.33	MAE: 4.67	RMSE: 9.05
Epoch 288	LOSS: 4.46	MAE: 4.69	RMSE: 8.93
Epoch 289	LOSS: 4.44	MAE: 4.67	RMSE: 9.17
Epoch 290	LOSS: 4.54	MAE: 4.71	RMSE: 8.90
Epoch 291	LOSS: 4.49	MAE: 4.68	RMSE: 9.19
Epoch 292	LOSS: 4.43	MAE: 4.67	RMSE: 9.08
Epoch 293	LOSS: 4.47	MAE: 4.67	RMSE: 9.05
Epoch 294	LOSS: 4.47	MAE: 4.67	RMSE: 9.11
Epoch 295	LOSS: 4.49	MAE: 4.67	RMSE: 9.03
Epoch 296	LOSS: 4.48	MAE: 4.68	RMSE: 8.97
Epoch 297	LOSS: 4.42	MAE: 4.67	RMSE: 9.05
Epoch 298	LOSS: 4.35	MAE: 4.67	RMSE: 9.03
Epoch 299	LOSS: 4.42	MAE: 4.67	RMSE: 8.99
Epoch 300	LOSS: 4.45	MAE: 4.66	RMSE: 9.07
Epoch 301	LOSS: 4.40	MAE: 4.67	RMSE: 8.99
Epoch 302	LOSS: 4.53	MAE: 4.67	RMSE: 9.07
Epoch 303	LOSS: 4.37	MAE: 4.67	RMSE: 8.99
Epoch 304	LOSS: 4.41	MAE: 4.66	RMSE: 9.04
Epoch 305	LOSS: 4.52	MAE: 4.66	RMSE: 9.01
Epoch 306	LOSS: 4.50	MAE: 4.66	RMSE: 9.08
Epoch 307	LOSS: 4.41	MAE: 4.66	RMSE: 9.11
Epoch 308	LOSS: 4.32	MAE: 4.66	RMSE: 8.97
Epoch 309	LOSS: 4.47	MAE: 4.66	RMSE: 9.08
Epoch 310	LOSS: 4.59	MAE: 4.66	RMSE: 9.02
Epoch 311	LOSS: 4.35	MAE: 4.67	RMSE: 9.01
Epoch 312	LOSS: 4.50	MAE: 4.67	RMSE: 9.22
Epoch 313	LOSS: 4.46	MAE: 4.68	RMSE: 8.90
Epoch 314	LOSS: 4.39	MAE: 4.66	RMSE: 9.13
Epoch 315	LOSS: 4.42	MAE: 4.66	RMSE: 9.05
Epoch 316	LOSS: 4.38	MAE: 4.66	RMSE: 8.98
Epoch 317	LOSS: 4.36	MAE: 4.66	RMSE: 9.12
Epoch 318	LOSS: 4.47	MAE: 4.66	RMSE: 9.04
Epoch 319	LOSS: 4.43	MAE: 4.66	RMSE: 8.98
Epoch 320	LOSS: 4.55	MAE: 4.65	RMSE: 9.08
Epoch 321	LOSS: 4.37	MAE: 4.66	RMSE: 8.99
Epoch 322	LOSS: 4.40	MAE: 4.66	RMSE: 9.07
Epoch 323	LOSS: 4.46	MAE: 4.66	RMSE: 9.03
Epoch 324	LOSS: 4.47	MAE: 4.66	RMSE: 8.97
Epoch 325	LOSS: 4.45	MAE: 4.65	RMSE: 9.09
Epoch 326	LOSS: 4.49	MAE: 4.69	RMSE: 8.88
Epoch 327	LOSS: 4.38	MAE: 4.65	RMSE: 9.09
Epoch 328	LOSS: 4.45	MAE: 4.65	RMSE: 9.03
Epoch 329	LOSS: 4.50	MAE: 4.65	RMSE: 9.04
Epoch 330	LOSS: 4.46	MAE: 4.66	RMSE: 9.04
Epoch 331	LOSS: 4.43	MAE: 4.66	RMSE: 9.00
Epoch 332	LOSS: 4.39	MAE: 4.66	RMSE: 9.02
Epoch 333	LOSS: 4.53	MAE: 4.68	RMSE: 8.93
Epoch 334	LOSS: 4.41	MAE: 4.66	RMSE: 9.11
Epoch 335	LOSS: 4.46	MAE: 4.67	RMSE: 9.01
Epoch 336	LOSS: 4.44	MAE: 4.66	RMSE: 9.03
Epoch 337	LOSS: 4.38	MAE: 4.66	RMSE: 9.16
Epoch 338	LOSS: 4.49	MAE: 4.66	RMSE: 8.98
Epoch 339	LOSS: 4.37	MAE: 4.66	RMSE: 9.06
Epoch 340	LOSS: 4.44	MAE: 4.65	RMSE: 9.08
Epoch 341	LOSS: 4.47	MAE: 4.66	RMSE: 8.96
Epoch 342	LOSS: 4.39	MAE: 4.65	RMSE: 9.12
Epoch 343	LOSS: 4.39	MAE: 4.65	RMSE: 9.02
Epoch 344	LOSS: 4.45	MAE: 4.66	RMSE: 9.04
Epoch 345	LOSS: 4.37	MAE: 4.66	RMSE: 9.09
Epoch 346	LOSS: 4.52	MAE: 4.65	RMSE: 9.01
Epoch 347	LOSS: 4.38	MAE: 4.65	RMSE: 9.10
Epoch 348	LOSS: 4.53	MAE: 4.66	RMSE: 9.01
Epoch 349	LOSS: 4.44	MAE: 4.65	RMSE: 9.04
Epoch 350	LOSS: 4.41	MAE: 4.65	RMSE: 9.03
Epoch 351	LOSS: 4.42	MAE: 4.65	RMSE: 9.06
Epoch 352	LOSS: 4.40	MAE: 4.65	RMSE: 9.03
Epoch 353	LOSS: 4.42	MAE: 4.65	RMSE: 9.04
Epoch 354	LOSS: 4.47	MAE: 4.65	RMSE: 9.03
Epoch 355	LOSS: 4.45	MAE: 4.65	RMSE: 9.03
Epoch 356	LOSS: 4.27	MAE: 4.65	RMSE: 8.97
Epoch 357	LOSS: 4.47	MAE: 4.65	RMSE: 9.09
Epoch 358	LOSS: 4.44	MAE: 4.66	RMSE: 8.95
Epoch 359	LOSS: 4.36	MAE: 4.65	RMSE: 9.14
Epoch 360	LOSS: 4.35	MAE: 4.66	RMSE: 8.97
Epoch 361	LOSS: 4.45	MAE: 4.65	RMSE: 9.13
Epoch 362	LOSS: 4.52	MAE: 4.66	RMSE: 8.97
Epoch 363	LOSS: 4.49	MAE: 4.65	RMSE: 9.08
Epoch 364	LOSS: 4.44	MAE: 4.66	RMSE: 8.98
Epoch 365	LOSS: 4.45	MAE: 4.66	RMSE: 8.97
Epoch 366	LOSS: 4.45	MAE: 4.65	RMSE: 9.05
Epoch 367	LOSS: 4.48	MAE: 4.65	RMSE: 9.05
Epoch 368	LOSS: 4.43	MAE: 4.65	RMSE: 8.99
Epoch 369	LOSS: 4.43	MAE: 4.65	RMSE: 9.03
Epoch 370	LOSS: 4.43	MAE: 4.65	RMSE: 8.96
Epoch 371	LOSS: 4.50	MAE: 4.65	RMSE: 9.06
Epoch 372	LOSS: 4.48	MAE: 4.66	RMSE: 8.97
Epoch 373	LOSS: 4.53	MAE: 4.65	RMSE: 9.03
Epoch 374	LOSS: 4.47	MAE: 4.65	RMSE: 9.01
Epoch 375	LOSS: 4.39	MAE: 4.65	RMSE: 9.04
Epoch 376	LOSS: 4.42	MAE: 4.65	RMSE: 9.10
Epoch 377	LOSS: 4.59	MAE: 4.66	RMSE: 8.97
Epoch 378	LOSS: 4.48	MAE: 4.65	RMSE: 9.10
Epoch 379	LOSS: 4.45	MAE: 4.65	RMSE: 9.01
Epoch 380	LOSS: 4.35	MAE: 4.65	RMSE: 9.04
Epoch 381	LOSS: 4.36	MAE: 4.67	RMSE: 8.92
Epoch 382	LOSS: 4.48	MAE: 4.65	RMSE: 9.13
Epoch 383	LOSS: 4.46	MAE: 4.67	RMSE: 8.92
Epoch 384	LOSS: 4.42	MAE: 4.65	RMSE: 9.10
Epoch 385	LOSS: 4.40	MAE: 4.67	RMSE: 8.93
Epoch 386	LOSS: 4.45	MAE: 4.65	RMSE: 9.13
Epoch 387	LOSS: 4.44	MAE: 4.67	RMSE: 8.92
Epoch 388	LOSS: 4.44	MAE: 4.66	RMSE: 9.17
Epoch 389	LOSS: 4.47	MAE: 4.66	RMSE: 8.98
Epoch 390	LOSS: 4.45	MAE: 4.65	RMSE: 9.07
Epoch 391	LOSS: 4.41	MAE: 4.65	RMSE: 9.05
Epoch 392	LOSS: 4.39	MAE: 4.66	RMSE: 8.95
Epoch 393	LOSS: 4.41	MAE: 4.65	RMSE: 9.02
Epoch 394	LOSS: 4.47	MAE: 4.66	RMSE: 9.02
Epoch 395	LOSS: 4.48	MAE: 4.66	RMSE: 9.01
Epoch 396	LOSS: 4.40	MAE: 4.65	RMSE: 9.03
Epoch 397	LOSS: 4.45	MAE: 4.65	RMSE: 9.03
Epoch 398	LOSS: 4.37	MAE: 4.65	RMSE: 8.99
Epoch 399	LOSS: 4.39	MAE: 4.65	RMSE: 9.08
Epoch 400	LOSS: 4.39	MAE: 4.65	RMSE: 9.01
Epoch 401	LOSS: 4.42	MAE: 4.65	RMSE: 9.07
Epoch 402	LOSS: 4.40	MAE: 4.66	RMSE: 8.93
Epoch 403	LOSS: 4.44	MAE: 4.65	RMSE: 9.06
Epoch 404	LOSS: 4.56	MAE: 4.67	RMSE: 8.92
Epoch 405	LOSS: 4.48	MAE: 4.66	RMSE: 9.20
Epoch 406	LOSS: 4.37	MAE: 4.66	RMSE: 8.96
Epoch 407	LOSS: 4.44	MAE: 4.65	RMSE: 9.07
Epoch 408	LOSS: 4.39	MAE: 4.65	RMSE: 9.05
Epoch 409	LOSS: 4.39	MAE: 4.66	RMSE: 8.99
Epoch 410	LOSS: 4.47	MAE: 4.65	RMSE: 9.04
Epoch 411	LOSS: 4.51	MAE: 4.65	RMSE: 9.04
Epoch 412	LOSS: 4.40	MAE: 4.65	RMSE: 8.98
Epoch 413	LOSS: 4.54	MAE: 4.65	RMSE: 9.04
Epoch 414	LOSS: 4.42	MAE: 4.65	RMSE: 8.99
Epoch 415	LOSS: 4.46	MAE: 4.65	RMSE: 9.02
Epoch 416	LOSS: 4.45	MAE: 4.65	RMSE: 9.10
Epoch 417	LOSS: 4.50	MAE: 4.66	RMSE: 8.94
Epoch 418	LOSS: 4.51	MAE: 4.65	RMSE: 9.09
Epoch 419	LOSS: 4.43	MAE: 4.65	RMSE: 8.99
Epoch 420	LOSS: 4.45	MAE: 4.65	RMSE: 9.03
Epoch 421	LOSS: 4.42	MAE: 4.65	RMSE: 8.98
Epoch 422	LOSS: 4.44	MAE: 4.65	RMSE: 9.05
Epoch 423	LOSS: 4.44	MAE: 4.65	RMSE: 8.99
Epoch 424	LOSS: 4.47	MAE: 4.65	RMSE: 9.06
Epoch 425	LOSS: 4.49	MAE: 4.65	RMSE: 8.97
Epoch 426	LOSS: 4.37	MAE: 4.65	RMSE: 9.04
Epoch 427	LOSS: 4.42	MAE: 4.65	RMSE: 8.99
Epoch 428	LOSS: 4.34	MAE: 4.65	RMSE: 9.04
Epoch 429	LOSS: 4.47	MAE: 4.65	RMSE: 9.03
Epoch 430	LOSS: 4.40	MAE: 4.65	RMSE: 9.03
Epoch 431	LOSS: 4.42	MAE: 4.65	RMSE: 9.01
Epoch 432	LOSS: 4.35	MAE: 4.65	RMSE: 9.00
Epoch 433	LOSS: 4.40	MAE: 4.65	RMSE: 9.00
Epoch 434	LOSS: 4.48	MAE: 4.65	RMSE: 9.03
Epoch 435	LOSS: 4.42	MAE: 4.64	RMSE: 9.02
Epoch 436	LOSS: 4.50	MAE: 4.65	RMSE: 9.01
Epoch 437	LOSS: 4.49	MAE: 4.65	RMSE: 9.03
Epoch 438	LOSS: 4.43	MAE: 4.65	RMSE: 8.99
Epoch 439	LOSS: 4.45	MAE: 4.65	RMSE: 9.06
Epoch 440	LOSS: 4.35	MAE: 4.65	RMSE: 9.01
Epoch 441	LOSS: 4.42	MAE: 4.65	RMSE: 9.01
Epoch 442	LOSS: 4.49	MAE: 4.64	RMSE: 9.10
Epoch 443	LOSS: 4.42	MAE: 4.66	RMSE: 8.90
Epoch 444	LOSS: 4.45	MAE: 4.65	RMSE: 9.03
Epoch 445	LOSS: 4.46	MAE: 4.65	RMSE: 9.02
Epoch 446	LOSS: 4.52	MAE: 4.65	RMSE: 9.03
Epoch 447	LOSS: 4.39	MAE: 4.65	RMSE: 9.05
Epoch 448	LOSS: 4.54	MAE: 4.65	RMSE: 9.01
Epoch 449	LOSS: 4.41	MAE: 4.65	RMSE: 9.00
Epoch 450	LOSS: 4.39	MAE: 4.65	RMSE: 9.01
Epoch 451	LOSS: 4.37	MAE: 4.65	RMSE: 8.98
Epoch 452	LOSS: 4.42	MAE: 4.65	RMSE: 9.03
Epoch 453	LOSS: 4.33	MAE: 4.65	RMSE: 8.98
Epoch 454	LOSS: 4.43	MAE: 4.65	RMSE: 8.94
Epoch 455	LOSS: 4.37	MAE: 4.65	RMSE: 8.97
Epoch 456	LOSS: 4.43	MAE: 4.65	RMSE: 8.99
Epoch 457	LOSS: 4.46	MAE: 4.65	RMSE: 9.01
Epoch 458	LOSS: 4.42	MAE: 4.65	RMSE: 9.00
Epoch 459	LOSS: 4.41	MAE: 4.64	RMSE: 9.02
Epoch 460	LOSS: 4.33	MAE: 4.65	RMSE: 9.06
Epoch 461	LOSS: 4.41	MAE: 4.64	RMSE: 9.04
Epoch 462	LOSS: 4.44	MAE: 4.65	RMSE: 8.96
Epoch 463	LOSS: 4.35	MAE: 4.65	RMSE: 9.00
Epoch 464	LOSS: 4.45	MAE: 4.65	RMSE: 9.01
Epoch 465	LOSS: 4.50	MAE: 4.65	RMSE: 8.98
Epoch 466	LOSS: 4.34	MAE: 4.65	RMSE: 8.96
Epoch 467	LOSS: 4.44	MAE: 4.65	RMSE: 8.92
Epoch 468	LOSS: 4.46	MAE: 4.64	RMSE: 9.02
Epoch 469	LOSS: 4.50	MAE: 4.64	RMSE: 9.10
Epoch 470	LOSS: 4.41	MAE: 4.65	RMSE: 8.95
Epoch 471	LOSS: 4.36	MAE: 4.65	RMSE: 8.98
Epoch 472	LOSS: 4.45	MAE: 4.65	RMSE: 9.08
Epoch 473	LOSS: 4.46	MAE: 4.65	RMSE: 8.99
Epoch 474	LOSS: 4.37	MAE: 4.64	RMSE: 9.01
Epoch 475	LOSS: 4.41	MAE: 4.64	RMSE: 8.98
Epoch 476	LOSS: 4.50	MAE: 4.65	RMSE: 8.92
Epoch 477	LOSS: 4.42	MAE: 4.64	RMSE: 8.97
Epoch 478	LOSS: 4.46	MAE: 4.64	RMSE: 9.00
Epoch 479	LOSS: 4.42	MAE: 4.64	RMSE: 9.02
Epoch 480	LOSS: 4.32	MAE: 4.65	RMSE: 8.98
Epoch 481	LOSS: 4.44	MAE: 4.64	RMSE: 9.02
Epoch 482	LOSS: 4.48	MAE: 4.66	RMSE: 8.87
Epoch 483	LOSS: 4.46	MAE: 4.64	RMSE: 9.04
Epoch 484	LOSS: 4.53	MAE: 4.64	RMSE: 9.04
Epoch 485	LOSS: 4.43	MAE: 4.65	RMSE: 9.13
Epoch 486	LOSS: 4.56	MAE: 4.67	RMSE: 8.86
Epoch 487	LOSS: 4.44	MAE: 4.65	RMSE: 9.13
Epoch 488	LOSS: 4.43	MAE: 4.64	RMSE: 9.03
Epoch 489	LOSS: 4.36	MAE: 4.65	RMSE: 8.96
Epoch 490	LOSS: 4.40	MAE: 4.65	RMSE: 8.98
Epoch 491	LOSS: 4.37	MAE: 4.65	RMSE: 9.00
Epoch 492	LOSS: 4.45	MAE: 4.65	RMSE: 8.92
Epoch 493	LOSS: 4.45	MAE: 4.64	RMSE: 9.03
Epoch 494	LOSS: 4.48	MAE: 4.65	RMSE: 8.98
Epoch 495	LOSS: 4.52	MAE: 4.65	RMSE: 8.98
Epoch 496	LOSS: 4.39	MAE: 4.65	RMSE: 8.99
Epoch 497	LOSS: 4.41	MAE: 4.65	RMSE: 8.96
Epoch 498	LOSS: 4.57	MAE: 4.64	RMSE: 9.03
Epoch 499	LOSS: 4.47	MAE: 4.64	RMSE: 9.02
