Epoch 000	LOSS: 138.84	MAE: 73.04	RMSE: 86.06
Epoch 001	LOSS: 131.84	MAE: 71.95	RMSE: 85.10
Epoch 002	LOSS: 113.75	MAE: 68.62	RMSE: 82.04
Epoch 003	LOSS: 86.00	MAE: 63.50	RMSE: 76.81
Epoch 004	LOSS: 63.18	MAE: 59.41	RMSE: 73.64
Epoch 005	LOSS: 47.63	MAE: 57.54	RMSE: 72.74
Epoch 006	LOSS: 35.44	MAE: 56.39	RMSE: 72.65
Epoch 007	LOSS: 27.70	MAE: 56.16	RMSE: 73.33
Epoch 008	LOSS: 26.73	MAE: 56.61	RMSE: 73.87
Epoch 009	LOSS: 26.15	MAE: 56.74	RMSE: 74.04
Epoch 010	LOSS: 26.16	MAE: 56.78	RMSE: 74.09
Epoch 011	LOSS: 25.81	MAE: 56.73	RMSE: 74.08
Epoch 012	LOSS: 25.44	MAE: 56.66	RMSE: 74.07
Epoch 013	LOSS: 25.28	MAE: 56.67	RMSE: 74.07
Epoch 014	LOSS: 24.52	MAE: 56.58	RMSE: 74.03
Epoch 015	LOSS: 24.23	MAE: 56.50	RMSE: 74.00
Epoch 016	LOSS: 24.32	MAE: 56.46	RMSE: 73.96
Epoch 017	LOSS: 24.27	MAE: 56.43	RMSE: 73.93
Epoch 018	LOSS: 23.82	MAE: 56.39	RMSE: 73.92
Epoch 019	LOSS: 23.91	MAE: 56.37	RMSE: 73.90
Epoch 020	LOSS: 24.04	MAE: 56.36	RMSE: 73.90
Epoch 021	LOSS: 23.36	MAE: 56.27	RMSE: 73.87
Epoch 022	LOSS: 23.26	MAE: 56.24	RMSE: 73.86
Epoch 023	LOSS: 23.28	MAE: 56.22	RMSE: 73.85
Epoch 024	LOSS: 23.44	MAE: 56.23	RMSE: 73.82
Epoch 025	LOSS: 23.05	MAE: 56.15	RMSE: 73.78
Epoch 026	LOSS: 22.55	MAE: 56.09	RMSE: 73.75
Epoch 027	LOSS: 22.52	MAE: 56.09	RMSE: 73.75
Epoch 028	LOSS: 23.05	MAE: 56.11	RMSE: 73.74
Epoch 029	LOSS: 22.47	MAE: 56.04	RMSE: 73.72
Epoch 030	LOSS: 22.48	MAE: 56.03	RMSE: 73.72
Epoch 031	LOSS: 23.00	MAE: 56.11	RMSE: 73.74
Epoch 032	LOSS: 23.12	MAE: 56.11	RMSE: 73.71
Epoch 033	LOSS: 22.23	MAE: 55.99	RMSE: 73.68
Epoch 034	LOSS: 22.80	MAE: 56.07	RMSE: 73.69
Epoch 035	LOSS: 22.43	MAE: 56.04	RMSE: 73.69
Epoch 036	LOSS: 22.40	MAE: 56.00	RMSE: 73.66
Epoch 037	LOSS: 22.00	MAE: 55.97	RMSE: 73.65
Epoch 038	LOSS: 21.73	MAE: 55.92	RMSE: 73.63
Epoch 039	LOSS: 22.23	MAE: 55.99	RMSE: 73.64
Epoch 040	LOSS: 22.47	MAE: 56.02	RMSE: 73.63
Epoch 041	LOSS: 21.89	MAE: 55.95	RMSE: 73.62
Epoch 042	LOSS: 21.18	MAE: 55.82	RMSE: 73.57
Epoch 043	LOSS: 20.83	MAE: 55.79	RMSE: 73.56
Epoch 044	LOSS: 20.87	MAE: 55.77	RMSE: 73.53
Epoch 045	LOSS: 20.13	MAE: 55.62	RMSE: 73.48
Epoch 046	LOSS: 19.92	MAE: 55.60	RMSE: 73.49
Epoch 047	LOSS: 20.00	MAE: 55.57	RMSE: 73.49
Epoch 048	LOSS: 19.26	MAE: 55.48	RMSE: 73.47
Epoch 049	LOSS: 19.78	MAE: 55.48	RMSE: 73.44
Epoch 050	LOSS: 18.84	MAE: 55.36	RMSE: 73.41
Epoch 051	LOSS: 18.89	MAE: 55.35	RMSE: 73.41
Epoch 052	LOSS: 19.23	MAE: 55.36	RMSE: 73.40
Epoch 053	LOSS: 18.85	MAE: 55.34	RMSE: 73.42
Epoch 054	LOSS: 18.25	MAE: 55.28	RMSE: 73.41
Epoch 055	LOSS: 19.04	MAE: 55.36	RMSE: 73.41
Epoch 056	LOSS: 18.68	MAE: 55.31	RMSE: 73.40
Epoch 057	LOSS: 18.41	MAE: 55.25	RMSE: 73.39
Epoch 058	LOSS: 17.96	MAE: 55.23	RMSE: 73.39
Epoch 059	LOSS: 18.84	MAE: 55.30	RMSE: 73.42
Epoch 060	LOSS: 18.51	MAE: 55.28	RMSE: 73.41
Epoch 061	LOSS: 18.15	MAE: 55.23	RMSE: 73.39
Epoch 062	LOSS: 17.98	MAE: 55.21	RMSE: 73.38
Epoch 063	LOSS: 17.70	MAE: 55.20	RMSE: 73.40
Epoch 064	LOSS: 17.58	MAE: 55.19	RMSE: 73.39
Epoch 065	LOSS: 17.41	MAE: 55.18	RMSE: 73.40
Epoch 066	LOSS: 17.78	MAE: 55.19	RMSE: 73.40
Epoch 067	LOSS: 17.69	MAE: 55.19	RMSE: 73.39
Epoch 068	LOSS: 17.49	MAE: 55.16	RMSE: 73.38
Epoch 069	LOSS: 17.35	MAE: 55.13	RMSE: 73.36
Epoch 070	LOSS: 17.33	MAE: 55.13	RMSE: 73.36
Epoch 071	LOSS: 17.56	MAE: 55.14	RMSE: 73.36
Epoch 072	LOSS: 17.32	MAE: 55.12	RMSE: 73.35
Epoch 073	LOSS: 17.40	MAE: 55.11	RMSE: 73.34
Epoch 074	LOSS: 17.56	MAE: 55.12	RMSE: 73.35
Epoch 075	LOSS: 17.39	MAE: 55.10	RMSE: 73.34
Epoch 076	LOSS: 17.31	MAE: 55.11	RMSE: 73.33
Epoch 077	LOSS: 17.01	MAE: 55.07	RMSE: 73.33
Epoch 078	LOSS: 17.57	MAE: 55.13	RMSE: 73.33
Epoch 079	LOSS: 17.06	MAE: 55.09	RMSE: 73.34
Epoch 080	LOSS: 17.11	MAE: 55.07	RMSE: 73.32
Epoch 081	LOSS: 17.93	MAE: 55.18	RMSE: 73.34
Epoch 082	LOSS: 17.43	MAE: 55.09	RMSE: 73.31
Epoch 083	LOSS: 16.88	MAE: 55.03	RMSE: 73.30
Epoch 084	LOSS: 16.98	MAE: 55.05	RMSE: 73.32
Epoch 085	LOSS: 16.97	MAE: 55.04	RMSE: 73.31
Epoch 086	LOSS: 16.87	MAE: 55.03	RMSE: 73.30
Epoch 087	LOSS: 16.99	MAE: 55.03	RMSE: 73.29
Epoch 088	LOSS: 16.66	MAE: 54.98	RMSE: 73.27
Epoch 089	LOSS: 16.60	MAE: 54.98	RMSE: 73.27
Epoch 090	LOSS: 16.59	MAE: 54.97	RMSE: 73.26
Epoch 091	LOSS: 16.55	MAE: 54.96	RMSE: 73.25
Epoch 092	LOSS: 16.39	MAE: 54.94	RMSE: 73.24
Epoch 093	LOSS: 16.49	MAE: 54.94	RMSE: 73.23
Epoch 094	LOSS: 16.37	MAE: 54.92	RMSE: 73.23
Epoch 095	LOSS: 16.47	MAE: 54.92	RMSE: 73.23
Epoch 096	LOSS: 16.68	MAE: 54.95	RMSE: 73.22
Epoch 097	LOSS: 16.30	MAE: 54.89	RMSE: 73.21
Epoch 098	LOSS: 16.23	MAE: 54.89	RMSE: 73.20
Epoch 099	LOSS: 16.34	MAE: 54.88	RMSE: 73.19
Epoch 100	LOSS: 16.20	MAE: 54.89	RMSE: 73.20
Epoch 101	LOSS: 16.25	MAE: 54.89	RMSE: 73.20
Epoch 102	LOSS: 16.56	MAE: 54.91	RMSE: 73.20
Epoch 103	LOSS: 16.13	MAE: 54.87	RMSE: 73.20
Epoch 104	LOSS: 16.38	MAE: 54.87	RMSE: 73.18
Epoch 105	LOSS: 15.93	MAE: 54.87	RMSE: 73.21
Epoch 106	LOSS: 16.13	MAE: 54.86	RMSE: 73.19
Epoch 107	LOSS: 16.02	MAE: 54.85	RMSE: 73.18
Epoch 108	LOSS: 15.94	MAE: 54.83	RMSE: 73.17
Epoch 109	LOSS: 16.24	MAE: 54.87	RMSE: 73.19
Epoch 110	LOSS: 16.18	MAE: 54.87	RMSE: 73.19
Epoch 111	LOSS: 16.09	MAE: 54.87	RMSE: 73.20
Epoch 112	LOSS: 15.86	MAE: 54.84	RMSE: 73.18
Epoch 113	LOSS: 15.82	MAE: 54.83	RMSE: 73.18
Epoch 114	LOSS: 15.97	MAE: 54.86	RMSE: 73.20
Epoch 115	LOSS: 16.18	MAE: 54.88	RMSE: 73.21
Epoch 116	LOSS: 16.07	MAE: 54.84	RMSE: 73.19
Epoch 117	LOSS: 15.99	MAE: 54.85	RMSE: 73.20
Epoch 118	LOSS: 16.41	MAE: 54.91	RMSE: 73.23
Epoch 119	LOSS: 16.18	MAE: 54.88	RMSE: 73.22
Epoch 120	LOSS: 15.73	MAE: 54.85	RMSE: 73.22
Epoch 121	LOSS: 15.81	MAE: 54.85	RMSE: 73.21
Epoch 122	LOSS: 15.88	MAE: 54.88	RMSE: 73.24
Epoch 123	LOSS: 15.69	MAE: 54.87	RMSE: 73.23
Epoch 124	LOSS: 15.67	MAE: 54.88	RMSE: 73.25
Epoch 125	LOSS: 16.31	MAE: 54.92	RMSE: 73.24
Epoch 126	LOSS: 16.24	MAE: 54.91	RMSE: 73.25
Epoch 127	LOSS: 15.74	MAE: 54.88	RMSE: 73.25
Epoch 128	LOSS: 15.88	MAE: 54.87	RMSE: 73.23
Epoch 129	LOSS: 15.95	MAE: 54.89	RMSE: 73.25
Epoch 130	LOSS: 15.74	MAE: 54.89	RMSE: 73.25
Epoch 131	LOSS: 15.90	MAE: 54.90	RMSE: 73.26
Epoch 132	LOSS: 16.07	MAE: 54.91	RMSE: 73.26
Epoch 133	LOSS: 15.98	MAE: 54.90	RMSE: 73.25
Epoch 134	LOSS: 15.92	MAE: 54.91	RMSE: 73.27
Epoch 135	LOSS: 15.79	MAE: 54.88	RMSE: 73.24
Epoch 136	LOSS: 15.66	MAE: 54.86	RMSE: 73.23
Epoch 137	LOSS: 15.64	MAE: 54.87	RMSE: 73.24
Epoch 138	LOSS: 15.90	MAE: 54.91	RMSE: 73.27
Epoch 139	LOSS: 15.60	MAE: 54.88	RMSE: 73.25
Epoch 140	LOSS: 15.69	MAE: 54.87	RMSE: 73.25
Epoch 141	LOSS: 15.90	MAE: 54.91	RMSE: 73.27
Epoch 142	LOSS: 15.57	MAE: 54.91	RMSE: 73.28
Epoch 143	LOSS: 15.81	MAE: 54.91	RMSE: 73.28
Epoch 144	LOSS: 15.65	MAE: 54.88	RMSE: 73.26
Epoch 145	LOSS: 15.70	MAE: 54.89	RMSE: 73.27
Epoch 146	LOSS: 16.28	MAE: 54.94	RMSE: 73.28
Epoch 147	LOSS: 15.65	MAE: 54.89	RMSE: 73.28
Epoch 148	LOSS: 15.77	MAE: 54.90	RMSE: 73.28
Epoch 149	LOSS: 15.54	MAE: 54.91	RMSE: 73.30
Epoch 150	LOSS: 16.30	MAE: 54.96	RMSE: 73.30
Epoch 151	LOSS: 15.59	MAE: 54.91	RMSE: 73.29
Epoch 152	LOSS: 16.73	MAE: 54.99	RMSE: 73.30
Epoch 153	LOSS: 15.59	MAE: 54.90	RMSE: 73.28
Epoch 154	LOSS: 16.47	MAE: 54.96	RMSE: 73.29
Epoch 155	LOSS: 15.89	MAE: 54.91	RMSE: 73.29
Epoch 156	LOSS: 16.81	MAE: 55.00	RMSE: 73.29
Epoch 157	LOSS: 15.72	MAE: 54.90	RMSE: 73.28
Epoch 158	LOSS: 16.31	MAE: 54.93	RMSE: 73.29
Epoch 159	LOSS: 15.60	MAE: 54.92	RMSE: 73.31
Epoch 160	LOSS: 16.04	MAE: 54.94	RMSE: 73.29
Epoch 161	LOSS: 15.83	MAE: 54.90	RMSE: 73.29
Epoch 162	LOSS: 16.53	MAE: 55.01	RMSE: 73.31
Epoch 163	LOSS: 15.78	MAE: 54.91	RMSE: 73.29
Epoch 164	LOSS: 15.94	MAE: 54.91	RMSE: 73.29
Epoch 165	LOSS: 15.56	MAE: 54.89	RMSE: 73.29
Epoch 166	LOSS: 15.35	MAE: 54.88	RMSE: 73.28
Epoch 167	LOSS: 15.42	MAE: 54.87	RMSE: 73.28
Epoch 168	LOSS: 15.47	MAE: 54.89	RMSE: 73.30
Epoch 169	LOSS: 15.83	MAE: 54.89	RMSE: 73.29
Epoch 170	LOSS: 16.62	MAE: 54.93	RMSE: 73.29
Epoch 171	LOSS: 16.43	MAE: 54.90	RMSE: 73.30
Epoch 172	LOSS: 16.20	MAE: 54.93	RMSE: 73.29
Epoch 173	LOSS: 15.72	MAE: 54.90	RMSE: 73.28
Epoch 174	LOSS: 16.51	MAE: 54.97	RMSE: 73.30
Epoch 175	LOSS: 15.91	MAE: 54.90	RMSE: 73.30
Epoch 176	LOSS: 16.56	MAE: 54.95	RMSE: 73.27
Epoch 177	LOSS: 15.54	MAE: 54.85	RMSE: 73.24
Epoch 178	LOSS: 15.43	MAE: 54.85	RMSE: 73.26
Epoch 179	LOSS: 15.45	MAE: 54.86	RMSE: 73.27
Epoch 180	LOSS: 15.51	MAE: 54.87	RMSE: 73.28
Epoch 181	LOSS: 15.38	MAE: 54.87	RMSE: 73.28
Epoch 182	LOSS: 15.40	MAE: 54.88	RMSE: 73.29
Epoch 183	LOSS: 15.36	MAE: 54.86	RMSE: 73.28
Epoch 184	LOSS: 15.33	MAE: 54.86	RMSE: 73.28
Epoch 185	LOSS: 15.17	MAE: 54.85	RMSE: 73.27
Epoch 186	LOSS: 15.36	MAE: 54.85	RMSE: 73.28
Epoch 187	LOSS: 15.35	MAE: 54.85	RMSE: 73.27
Epoch 188	LOSS: 15.40	MAE: 54.85	RMSE: 73.27
Epoch 189	LOSS: 15.66	MAE: 54.87	RMSE: 73.27
Epoch 190	LOSS: 15.32	MAE: 54.85	RMSE: 73.27
Epoch 191	LOSS: 15.78	MAE: 54.88	RMSE: 73.27
Epoch 192	LOSS: 15.33	MAE: 54.83	RMSE: 73.25
Epoch 193	LOSS: 15.27	MAE: 54.84	RMSE: 73.26
Epoch 194	LOSS: 15.76	MAE: 54.87	RMSE: 73.25
Epoch 195	LOSS: 15.49	MAE: 54.83	RMSE: 73.25
Epoch 196	LOSS: 15.44	MAE: 54.84	RMSE: 73.25
Epoch 197	LOSS: 15.26	MAE: 54.81	RMSE: 73.24
Epoch 198	LOSS: 15.39	MAE: 54.82	RMSE: 73.24
Epoch 199	LOSS: 15.32	MAE: 54.84	RMSE: 73.26
Epoch 200	LOSS: 15.29	MAE: 54.83	RMSE: 73.26
Epoch 201	LOSS: 15.28	MAE: 54.83	RMSE: 73.26
Epoch 202	LOSS: 15.46	MAE: 54.86	RMSE: 73.27
Epoch 203	LOSS: 15.48	MAE: 54.85	RMSE: 73.26
Epoch 204	LOSS: 15.59	MAE: 54.86	RMSE: 73.27
Epoch 205	LOSS: 15.39	MAE: 54.83	RMSE: 73.27
Epoch 206	LOSS: 15.18	MAE: 54.84	RMSE: 73.28
Epoch 207	LOSS: 15.65	MAE: 54.86	RMSE: 73.26
Epoch 208	LOSS: 15.46	MAE: 54.85	RMSE: 73.26
Epoch 209	LOSS: 15.35	MAE: 54.83	RMSE: 73.27
Epoch 210	LOSS: 15.41	MAE: 54.85	RMSE: 73.27
Epoch 211	LOSS: 15.36	MAE: 54.85	RMSE: 73.28
Epoch 212	LOSS: 15.22	MAE: 54.85	RMSE: 73.28
Epoch 213	LOSS: 15.17	MAE: 54.83	RMSE: 73.28
Epoch 214	LOSS: 15.31	MAE: 54.85	RMSE: 73.28
Epoch 215	LOSS: 15.49	MAE: 54.86	RMSE: 73.28
Epoch 216	LOSS: 15.16	MAE: 54.84	RMSE: 73.28
Epoch 217	LOSS: 15.61	MAE: 54.89	RMSE: 73.30
Epoch 218	LOSS: 15.33	MAE: 54.85	RMSE: 73.29
Epoch 219	LOSS: 14.99	MAE: 54.82	RMSE: 73.26
Epoch 220	LOSS: 15.07	MAE: 54.83	RMSE: 73.27
Epoch 221	LOSS: 15.54	MAE: 54.85	RMSE: 73.26
Epoch 222	LOSS: 15.24	MAE: 54.83	RMSE: 73.27
Epoch 223	LOSS: 15.40	MAE: 54.82	RMSE: 73.25
Epoch 224	LOSS: 15.30	MAE: 54.81	RMSE: 73.25
Epoch 225	LOSS: 15.16	MAE: 54.81	RMSE: 73.27
Epoch 226	LOSS: 15.07	MAE: 54.80	RMSE: 73.26
Epoch 227	LOSS: 15.01	MAE: 54.81	RMSE: 73.27
Epoch 228	LOSS: 14.99	MAE: 54.81	RMSE: 73.27
Epoch 229	LOSS: 15.03	MAE: 54.81	RMSE: 73.26
Epoch 230	LOSS: 15.04	MAE: 54.80	RMSE: 73.25
Epoch 231	LOSS: 14.94	MAE: 54.80	RMSE: 73.26
Epoch 232	LOSS: 14.96	MAE: 54.79	RMSE: 73.25
Epoch 233	LOSS: 14.93	MAE: 54.81	RMSE: 73.26
Epoch 234	LOSS: 15.12	MAE: 54.82	RMSE: 73.27
Epoch 235	LOSS: 15.18	MAE: 54.81	RMSE: 73.26
Epoch 236	LOSS: 14.91	MAE: 54.78	RMSE: 73.24
Epoch 237	LOSS: 15.00	MAE: 54.77	RMSE: 73.24
Epoch 238	LOSS: 15.11	MAE: 54.80	RMSE: 73.26
Epoch 239	LOSS: 15.18	MAE: 54.82	RMSE: 73.27
Epoch 240	LOSS: 14.96	MAE: 54.79	RMSE: 73.26
Epoch 241	LOSS: 15.00	MAE: 54.79	RMSE: 73.25
Epoch 242	LOSS: 15.18	MAE: 54.81	RMSE: 73.25
Epoch 243	LOSS: 15.17	MAE: 54.84	RMSE: 73.29
Epoch 244	LOSS: 15.13	MAE: 54.82	RMSE: 73.27
Epoch 245	LOSS: 14.96	MAE: 54.81	RMSE: 73.27
Epoch 246	LOSS: 15.01	MAE: 54.81	RMSE: 73.28
Epoch 247	LOSS: 14.87	MAE: 54.81	RMSE: 73.27
Epoch 248	LOSS: 14.91	MAE: 54.79	RMSE: 73.27
Epoch 249	LOSS: 14.75	MAE: 54.80	RMSE: 73.27
Epoch 250	LOSS: 15.00	MAE: 54.78	RMSE: 73.26
Epoch 251	LOSS: 15.10	MAE: 54.81	RMSE: 73.27
Epoch 252	LOSS: 14.84	MAE: 54.80	RMSE: 73.28
Epoch 253	LOSS: 14.87	MAE: 54.78	RMSE: 73.26
Epoch 254	LOSS: 14.76	MAE: 54.78	RMSE: 73.27
Epoch 255	LOSS: 14.86	MAE: 54.77	RMSE: 73.25
Epoch 256	LOSS: 15.60	MAE: 54.84	RMSE: 73.27
Epoch 257	LOSS: 15.08	MAE: 54.83	RMSE: 73.28
Epoch 258	LOSS: 15.56	MAE: 54.84	RMSE: 73.29
Epoch 259	LOSS: 15.59	MAE: 54.86	RMSE: 73.29
Epoch 260	LOSS: 15.01	MAE: 54.81	RMSE: 73.27
Epoch 261	LOSS: 15.04	MAE: 54.79	RMSE: 73.27
Epoch 262	LOSS: 14.85	MAE: 54.78	RMSE: 73.27
Epoch 263	LOSS: 14.79	MAE: 54.80	RMSE: 73.27
Epoch 264	LOSS: 15.44	MAE: 54.82	RMSE: 73.27
Epoch 265	LOSS: 14.96	MAE: 54.80	RMSE: 73.28
Epoch 266	LOSS: 15.31	MAE: 54.83	RMSE: 73.29
Epoch 267	LOSS: 14.84	MAE: 54.78	RMSE: 73.27
Epoch 268	LOSS: 15.02	MAE: 54.79	RMSE: 73.26
Epoch 269	LOSS: 14.69	MAE: 54.78	RMSE: 73.26
Epoch 270	LOSS: 14.83	MAE: 54.77	RMSE: 73.27
Epoch 271	LOSS: 14.84	MAE: 54.79	RMSE: 73.27
Epoch 272	LOSS: 14.69	MAE: 54.77	RMSE: 73.27
Epoch 273	LOSS: 14.69	MAE: 54.80	RMSE: 73.30
Epoch 274	LOSS: 14.84	MAE: 54.80	RMSE: 73.29
Epoch 275	LOSS: 14.81	MAE: 54.79	RMSE: 73.28
Epoch 276	LOSS: 14.58	MAE: 54.79	RMSE: 73.29
Epoch 277	LOSS: 14.74	MAE: 54.78	RMSE: 73.28
Epoch 278	LOSS: 14.85	MAE: 54.80	RMSE: 73.29
Epoch 279	LOSS: 14.63	MAE: 54.80	RMSE: 73.30
Epoch 280	LOSS: 14.70	MAE: 54.77	RMSE: 73.27
Epoch 281	LOSS: 14.61	MAE: 54.78	RMSE: 73.29
Epoch 282	LOSS: 14.61	MAE: 54.79	RMSE: 73.29
Epoch 283	LOSS: 14.81	MAE: 54.80	RMSE: 73.29
Epoch 284	LOSS: 14.88	MAE: 54.81	RMSE: 73.30
Epoch 285	LOSS: 14.67	MAE: 54.79	RMSE: 73.30
Epoch 286	LOSS: 14.60	MAE: 54.78	RMSE: 73.29
Epoch 287	LOSS: 14.92	MAE: 54.81	RMSE: 73.30
Epoch 288	LOSS: 15.04	MAE: 54.81	RMSE: 73.29
Epoch 289	LOSS: 14.65	MAE: 54.78	RMSE: 73.29
Epoch 290	LOSS: 14.64	MAE: 54.79	RMSE: 73.29
Epoch 291	LOSS: 14.58	MAE: 54.79	RMSE: 73.30
Epoch 292	LOSS: 14.55	MAE: 54.76	RMSE: 73.27
Epoch 293	LOSS: 14.68	MAE: 54.79	RMSE: 73.30
Epoch 294	LOSS: 14.74	MAE: 54.80	RMSE: 73.30
Epoch 295	LOSS: 14.83	MAE: 54.81	RMSE: 73.30
Epoch 296	LOSS: 14.53	MAE: 54.79	RMSE: 73.29
Epoch 297	LOSS: 14.55	MAE: 54.78	RMSE: 73.28
Epoch 298	LOSS: 14.93	MAE: 54.83	RMSE: 73.31
Epoch 299	LOSS: 14.73	MAE: 54.79	RMSE: 73.30
Epoch 300	LOSS: 14.55	MAE: 54.79	RMSE: 73.29
Epoch 301	LOSS: 14.57	MAE: 54.78	RMSE: 73.29
Epoch 302	LOSS: 15.05	MAE: 54.84	RMSE: 73.31
Epoch 303	LOSS: 14.81	MAE: 54.80	RMSE: 73.30
Epoch 304	LOSS: 14.52	MAE: 54.77	RMSE: 73.29
Epoch 305	LOSS: 14.51	MAE: 54.76	RMSE: 73.28
Epoch 306	LOSS: 14.56	MAE: 54.77	RMSE: 73.29
Epoch 307	LOSS: 14.64	MAE: 54.79	RMSE: 73.29
Epoch 308	LOSS: 14.76	MAE: 54.78	RMSE: 73.29
Epoch 309	LOSS: 14.51	MAE: 54.78	RMSE: 73.29
Epoch 310	LOSS: 14.54	MAE: 54.80	RMSE: 73.31
Epoch 311	LOSS: 14.75	MAE: 54.81	RMSE: 73.30
Epoch 312	LOSS: 14.63	MAE: 54.79	RMSE: 73.30
Epoch 313	LOSS: 14.73	MAE: 54.78	RMSE: 73.29
Epoch 314	LOSS: 14.65	MAE: 54.79	RMSE: 73.30
Epoch 315	LOSS: 14.60	MAE: 54.76	RMSE: 73.27
Epoch 316	LOSS: 14.51	MAE: 54.77	RMSE: 73.29
Epoch 317	LOSS: 14.59	MAE: 54.78	RMSE: 73.30
Epoch 318	LOSS: 14.64	MAE: 54.80	RMSE: 73.31
Epoch 319	LOSS: 14.63	MAE: 54.79	RMSE: 73.31
Epoch 320	LOSS: 14.58	MAE: 54.79	RMSE: 73.31
Epoch 321	LOSS: 14.70	MAE: 54.80	RMSE: 73.31
Epoch 322	LOSS: 14.51	MAE: 54.79	RMSE: 73.30
Epoch 323	LOSS: 14.51	MAE: 54.77	RMSE: 73.30
Epoch 324	LOSS: 14.66	MAE: 54.78	RMSE: 73.29
Epoch 325	LOSS: 14.74	MAE: 54.80	RMSE: 73.31
Epoch 326	LOSS: 14.61	MAE: 54.78	RMSE: 73.31
Epoch 327	LOSS: 14.42	MAE: 54.77	RMSE: 73.30
Epoch 328	LOSS: 14.42	MAE: 54.77	RMSE: 73.29
Epoch 329	LOSS: 14.62	MAE: 54.77	RMSE: 73.30
Epoch 330	LOSS: 14.45	MAE: 54.75	RMSE: 73.28
Epoch 331	LOSS: 14.46	MAE: 54.76	RMSE: 73.29
Epoch 332	LOSS: 14.44	MAE: 54.78	RMSE: 73.31
Epoch 333	LOSS: 14.41	MAE: 54.78	RMSE: 73.31
Epoch 334	LOSS: 14.49	MAE: 54.77	RMSE: 73.29
Epoch 335	LOSS: 14.36	MAE: 54.76	RMSE: 73.30
Epoch 336	LOSS: 14.53	MAE: 54.76	RMSE: 73.28
Epoch 337	LOSS: 14.50	MAE: 54.78	RMSE: 73.30
Epoch 338	LOSS: 14.42	MAE: 54.79	RMSE: 73.32
Epoch 339	LOSS: 14.56	MAE: 54.79	RMSE: 73.31
Epoch 340	LOSS: 14.58	MAE: 54.79	RMSE: 73.31
Epoch 341	LOSS: 15.20	MAE: 54.84	RMSE: 73.30
Epoch 342	LOSS: 14.58	MAE: 54.81	RMSE: 73.32
Epoch 343	LOSS: 14.57	MAE: 54.78	RMSE: 73.31
Epoch 344	LOSS: 14.46	MAE: 54.78	RMSE: 73.31
Epoch 345	LOSS: 14.38	MAE: 54.75	RMSE: 73.28
Epoch 346	LOSS: 14.47	MAE: 54.78	RMSE: 73.31
Epoch 347	LOSS: 14.35	MAE: 54.76	RMSE: 73.29
Epoch 348	LOSS: 14.35	MAE: 54.75	RMSE: 73.29
Epoch 349	LOSS: 14.50	MAE: 54.78	RMSE: 73.30
Epoch 350	LOSS: 14.35	MAE: 54.77	RMSE: 73.30
Epoch 351	LOSS: 14.46	MAE: 54.77	RMSE: 73.30
Epoch 352	LOSS: 14.39	MAE: 54.78	RMSE: 73.31
Epoch 353	LOSS: 14.65	MAE: 54.77	RMSE: 73.30
Epoch 354	LOSS: 14.73	MAE: 54.78	RMSE: 73.30
Epoch 355	LOSS: 14.62	MAE: 54.79	RMSE: 73.31
Epoch 356	LOSS: 14.42	MAE: 54.78	RMSE: 73.31
Epoch 357	LOSS: 14.50	MAE: 54.78	RMSE: 73.31
Epoch 358	LOSS: 14.42	MAE: 54.78	RMSE: 73.31
Epoch 359	LOSS: 14.44	MAE: 54.80	RMSE: 73.32
Epoch 360	LOSS: 14.39	MAE: 54.78	RMSE: 73.32
Epoch 361	LOSS: 15.09	MAE: 54.86	RMSE: 73.33
Epoch 362	LOSS: 14.52	MAE: 54.80	RMSE: 73.32
Epoch 363	LOSS: 14.35	MAE: 54.78	RMSE: 73.32
Epoch 364	LOSS: 14.30	MAE: 54.77	RMSE: 73.32
Epoch 365	LOSS: 14.51	MAE: 54.80	RMSE: 73.32
Epoch 366	LOSS: 14.37	MAE: 54.77	RMSE: 73.30
Epoch 367	LOSS: 14.39	MAE: 54.78	RMSE: 73.31
Epoch 368	LOSS: 14.42	MAE: 54.76	RMSE: 73.30
Epoch 369	LOSS: 14.27	MAE: 54.77	RMSE: 73.31
Epoch 370	LOSS: 14.29	MAE: 54.78	RMSE: 73.32
Epoch 371	LOSS: 14.26	MAE: 54.79	RMSE: 73.33
Epoch 372	LOSS: 14.30	MAE: 54.79	RMSE: 73.33
Epoch 373	LOSS: 14.41	MAE: 54.79	RMSE: 73.32
Epoch 374	LOSS: 14.32	MAE: 54.77	RMSE: 73.31
Epoch 375	LOSS: 14.26	MAE: 54.79	RMSE: 73.33
Epoch 376	LOSS: 14.38	MAE: 54.77	RMSE: 73.31
Epoch 377	LOSS: 14.62	MAE: 54.79	RMSE: 73.31
Epoch 378	LOSS: 14.96	MAE: 54.84	RMSE: 73.33
Epoch 379	LOSS: 14.61	MAE: 54.80	RMSE: 73.32
Epoch 380	LOSS: 14.83	MAE: 54.82	RMSE: 73.33
Epoch 381	LOSS: 14.33	MAE: 54.79	RMSE: 73.33
Epoch 382	LOSS: 14.31	MAE: 54.79	RMSE: 73.33
Epoch 383	LOSS: 14.45	MAE: 54.80	RMSE: 73.33
Epoch 384	LOSS: 14.43	MAE: 54.79	RMSE: 73.32
Epoch 385	LOSS: 14.37	MAE: 54.78	RMSE: 73.32
Epoch 386	LOSS: 14.68	MAE: 54.81	RMSE: 73.33
Epoch 387	LOSS: 14.33	MAE: 54.78	RMSE: 73.32
Epoch 388	LOSS: 14.34	MAE: 54.79	RMSE: 73.31
Epoch 389	LOSS: 14.38	MAE: 54.78	RMSE: 73.32
Epoch 390	LOSS: 14.29	MAE: 54.79	RMSE: 73.33
Epoch 391	LOSS: 14.23	MAE: 54.80	RMSE: 73.35
Epoch 392	LOSS: 14.29	MAE: 54.80	RMSE: 73.34
Epoch 393	LOSS: 14.34	MAE: 54.80	RMSE: 73.35
Epoch 394	LOSS: 14.32	MAE: 54.79	RMSE: 73.33
Epoch 395	LOSS: 14.35	MAE: 54.80	RMSE: 73.34
Epoch 396	LOSS: 14.25	MAE: 54.78	RMSE: 73.33
Epoch 397	LOSS: 14.36	MAE: 54.79	RMSE: 73.33
Epoch 398	LOSS: 14.24	MAE: 54.79	RMSE: 73.33
Epoch 399	LOSS: 14.34	MAE: 54.79	RMSE: 73.34
Epoch 400	LOSS: 14.31	MAE: 54.79	RMSE: 73.33
Epoch 401	LOSS: 14.21	MAE: 54.79	RMSE: 73.34
Epoch 402	LOSS: 14.23	MAE: 54.79	RMSE: 73.34
Epoch 403	LOSS: 14.27	MAE: 54.80	RMSE: 73.35
Epoch 404	LOSS: 14.15	MAE: 54.78	RMSE: 73.34
Epoch 405	LOSS: 14.27	MAE: 54.79	RMSE: 73.33
Epoch 406	LOSS: 14.32	MAE: 54.80	RMSE: 73.34
Epoch 407	LOSS: 14.18	MAE: 54.78	RMSE: 73.33
Epoch 408	LOSS: 14.33	MAE: 54.79	RMSE: 73.34
Epoch 409	LOSS: 14.14	MAE: 54.79	RMSE: 73.34
Epoch 410	LOSS: 14.22	MAE: 54.80	RMSE: 73.35
Epoch 411	LOSS: 14.12	MAE: 54.79	RMSE: 73.35
Epoch 412	LOSS: 14.15	MAE: 54.81	RMSE: 73.37
Epoch 413	LOSS: 14.18	MAE: 54.79	RMSE: 73.35
Epoch 414	LOSS: 14.28	MAE: 54.79	RMSE: 73.34
Epoch 415	LOSS: 14.27	MAE: 54.79	RMSE: 73.34
Epoch 416	LOSS: 14.18	MAE: 54.80	RMSE: 73.35
Epoch 417	LOSS: 14.39	MAE: 54.82	RMSE: 73.36
Epoch 418	LOSS: 14.11	MAE: 54.79	RMSE: 73.35
Epoch 419	LOSS: 14.33	MAE: 54.81	RMSE: 73.36
Epoch 420	LOSS: 14.18	MAE: 54.80	RMSE: 73.36
Epoch 421	LOSS: 14.14	MAE: 54.80	RMSE: 73.36
Epoch 422	LOSS: 14.21	MAE: 54.81	RMSE: 73.37
Epoch 423	LOSS: 14.26	MAE: 54.82	RMSE: 73.37
Epoch 424	LOSS: 14.12	MAE: 54.79	RMSE: 73.35
Epoch 425	LOSS: 14.26	MAE: 54.81	RMSE: 73.36
Epoch 426	LOSS: 14.35	MAE: 54.83	RMSE: 73.37
Epoch 427	LOSS: 14.26	MAE: 54.83	RMSE: 73.37
Epoch 428	LOSS: 14.06	MAE: 54.80	RMSE: 73.36
Epoch 429	LOSS: 14.22	MAE: 54.83	RMSE: 73.38
Epoch 430	LOSS: 14.16	MAE: 54.81	RMSE: 73.37
Epoch 431	LOSS: 14.06	MAE: 54.81	RMSE: 73.37
Epoch 432	LOSS: 14.18	MAE: 54.82	RMSE: 73.37
Epoch 433	LOSS: 14.22	MAE: 54.83	RMSE: 73.39
Epoch 434	LOSS: 14.22	MAE: 54.82	RMSE: 73.37
Epoch 435	LOSS: 14.09	MAE: 54.82	RMSE: 73.38
Epoch 436	LOSS: 14.25	MAE: 54.83	RMSE: 73.38
Epoch 437	LOSS: 14.07	MAE: 54.81	RMSE: 73.37
Epoch 438	LOSS: 14.21	MAE: 54.83	RMSE: 73.38
Epoch 439	LOSS: 14.21	MAE: 54.82	RMSE: 73.38
Epoch 440	LOSS: 14.11	MAE: 54.81	RMSE: 73.37
Epoch 441	LOSS: 14.17	MAE: 54.81	RMSE: 73.37
Epoch 442	LOSS: 14.00	MAE: 54.82	RMSE: 73.38
Epoch 443	LOSS: 14.29	MAE: 54.83	RMSE: 73.38
Epoch 444	LOSS: 14.08	MAE: 54.81	RMSE: 73.37
Epoch 445	LOSS: 14.06	MAE: 54.83	RMSE: 73.39
Epoch 446	LOSS: 14.13	MAE: 54.82	RMSE: 73.38
Epoch 447	LOSS: 14.18	MAE: 54.83	RMSE: 73.39
Epoch 448	LOSS: 14.13	MAE: 54.82	RMSE: 73.39
Epoch 449	LOSS: 14.15	MAE: 54.82	RMSE: 73.39
Epoch 450	LOSS: 14.80	MAE: 54.90	RMSE: 73.40
Epoch 451	LOSS: 14.29	MAE: 54.83	RMSE: 73.38
Epoch 452	LOSS: 14.14	MAE: 54.82	RMSE: 73.38
Epoch 453	LOSS: 14.03	MAE: 54.82	RMSE: 73.39
Epoch 454	LOSS: 14.28	MAE: 54.84	RMSE: 73.39
Epoch 455	LOSS: 14.28	MAE: 54.86	RMSE: 73.41
Epoch 456	LOSS: 14.27	MAE: 54.85	RMSE: 73.40
Epoch 457	LOSS: 14.19	MAE: 54.85	RMSE: 73.40
Epoch 458	LOSS: 14.09	MAE: 54.84	RMSE: 73.41
Epoch 459	LOSS: 14.09	MAE: 54.84	RMSE: 73.41
Epoch 460	LOSS: 13.98	MAE: 54.83	RMSE: 73.40
Epoch 461	LOSS: 14.10	MAE: 54.84	RMSE: 73.40
Epoch 462	LOSS: 14.06	MAE: 54.84	RMSE: 73.41
Epoch 463	LOSS: 14.17	MAE: 54.84	RMSE: 73.41
Epoch 464	LOSS: 13.98	MAE: 54.84	RMSE: 73.41
Epoch 465	LOSS: 14.06	MAE: 54.85	RMSE: 73.42
Epoch 466	LOSS: 14.00	MAE: 54.85	RMSE: 73.42
Epoch 467	LOSS: 14.34	MAE: 54.87	RMSE: 73.42
Epoch 468	LOSS: 14.03	MAE: 54.86	RMSE: 73.43
Epoch 469	LOSS: 14.07	MAE: 54.85	RMSE: 73.42
Epoch 470	LOSS: 14.02	MAE: 54.84	RMSE: 73.41
Epoch 471	LOSS: 14.13	MAE: 54.86	RMSE: 73.42
Epoch 472	LOSS: 14.10	MAE: 54.85	RMSE: 73.42
Epoch 473	LOSS: 13.95	MAE: 54.85	RMSE: 73.43
Epoch 474	LOSS: 14.09	MAE: 54.87	RMSE: 73.45
Epoch 475	LOSS: 13.98	MAE: 54.85	RMSE: 73.43
Epoch 476	LOSS: 14.07	MAE: 54.86	RMSE: 73.43
Epoch 477	LOSS: 14.07	MAE: 54.87	RMSE: 73.45
Epoch 478	LOSS: 14.11	MAE: 54.88	RMSE: 73.46
Epoch 479	LOSS: 13.94	MAE: 54.87	RMSE: 73.45
Epoch 480	LOSS: 14.04	MAE: 54.87	RMSE: 73.44
Epoch 481	LOSS: 14.09	MAE: 54.87	RMSE: 73.45
Epoch 482	LOSS: 13.94	MAE: 54.86	RMSE: 73.44
Epoch 483	LOSS: 14.07	MAE: 54.89	RMSE: 73.46
Epoch 484	LOSS: 14.04	MAE: 54.88	RMSE: 73.45
Epoch 485	LOSS: 13.89	MAE: 54.89	RMSE: 73.47
Epoch 486	LOSS: 14.03	MAE: 54.88	RMSE: 73.46
Epoch 487	LOSS: 13.93	MAE: 54.88	RMSE: 73.45
Epoch 488	LOSS: 14.12	MAE: 54.88	RMSE: 73.46
Epoch 489	LOSS: 13.91	MAE: 54.87	RMSE: 73.45
Epoch 490	LOSS: 13.94	MAE: 54.87	RMSE: 73.45
Epoch 491	LOSS: 14.04	MAE: 54.88	RMSE: 73.46
Epoch 492	LOSS: 13.96	MAE: 54.92	RMSE: 73.48
Epoch 493	LOSS: 14.28	MAE: 54.87	RMSE: 73.45
Epoch 494	LOSS: 14.51	MAE: 54.91	RMSE: 73.46
Epoch 495	LOSS: 14.76	MAE: 54.97	RMSE: 73.48
Epoch 496	LOSS: 14.28	MAE: 54.90	RMSE: 73.47
Epoch 497	LOSS: 14.36	MAE: 54.92	RMSE: 73.48
Epoch 498	LOSS: 13.89	MAE: 54.90	RMSE: 73.47
Epoch 499	LOSS: 14.24	MAE: 54.90	RMSE: 73.47
