Epoch 000	LOSS: 53.94	MAE: 56.48	RMSE: 57.12
Epoch 001	LOSS: 53.26	MAE: 55.83	RMSE: 56.48
Epoch 002	LOSS: 52.78	MAE: 55.18	RMSE: 55.84
Epoch 003	LOSS: 51.92	MAE: 54.51	RMSE: 55.17
Epoch 004	LOSS: 51.43	MAE: 53.80	RMSE: 54.47
Epoch 005	LOSS: 50.69	MAE: 53.07	RMSE: 53.75
Epoch 006	LOSS: 49.72	MAE: 52.31	RMSE: 53.00
Epoch 007	LOSS: 49.16	MAE: 51.52	RMSE: 52.22
Epoch 008	LOSS: 48.53	MAE: 50.71	RMSE: 51.42
Epoch 009	LOSS: 47.51	MAE: 49.87	RMSE: 50.58
Epoch 010	LOSS: 46.94	MAE: 49.00	RMSE: 49.72
Epoch 011	LOSS: 45.74	MAE: 48.10	RMSE: 48.84
Epoch 012	LOSS: 45.05	MAE: 47.18	RMSE: 47.92
Epoch 013	LOSS: 44.13	MAE: 46.23	RMSE: 46.98
Epoch 014	LOSS: 43.39	MAE: 45.25	RMSE: 46.01
Epoch 015	LOSS: 42.02	MAE: 44.25	RMSE: 45.02
Epoch 016	LOSS: 41.35	MAE: 43.23	RMSE: 44.00
Epoch 017	LOSS: 40.02	MAE: 42.18	RMSE: 42.95
Epoch 018	LOSS: 39.31	MAE: 41.10	RMSE: 41.88
Epoch 019	LOSS: 38.16	MAE: 40.01	RMSE: 40.79
Epoch 020	LOSS: 37.14	MAE: 38.89	RMSE: 39.67
Epoch 021	LOSS: 35.97	MAE: 37.76	RMSE: 38.54
Epoch 022	LOSS: 34.69	MAE: 36.61	RMSE: 37.38
Epoch 023	LOSS: 33.79	MAE: 35.44	RMSE: 36.20
Epoch 024	LOSS: 32.27	MAE: 34.25	RMSE: 35.00
Epoch 025	LOSS: 31.57	MAE: 33.04	RMSE: 33.78
Epoch 026	LOSS: 30.14	MAE: 31.81	RMSE: 32.54
Epoch 027	LOSS: 29.40	MAE: 30.57	RMSE: 31.28
Epoch 028	LOSS: 28.06	MAE: 29.31	RMSE: 30.00
Epoch 029	LOSS: 26.92	MAE: 28.03	RMSE: 28.71
Epoch 030	LOSS: 25.55	MAE: 26.75	RMSE: 27.41
Epoch 031	LOSS: 24.56	MAE: 25.45	RMSE: 26.09
Epoch 032	LOSS: 23.11	MAE: 24.13	RMSE: 24.75
Epoch 033	LOSS: 21.92	MAE: 22.81	RMSE: 23.41
Epoch 034	LOSS: 20.57	MAE: 21.47	RMSE: 22.06
Epoch 035	LOSS: 19.34	MAE: 20.13	RMSE: 20.71
Epoch 036	LOSS: 18.09	MAE: 18.77	RMSE: 19.36
Epoch 037	LOSS: 16.85	MAE: 17.41	RMSE: 18.01
Epoch 038	LOSS: 15.45	MAE: 16.05	RMSE: 16.68
Epoch 039	LOSS: 14.26	MAE: 14.69	RMSE: 15.37
Epoch 040	LOSS: 12.83	MAE: 13.32	RMSE: 14.10
Epoch 041	LOSS: 11.71	MAE: 11.97	RMSE: 12.88
Epoch 042	LOSS: 10.40	MAE: 10.63	RMSE: 11.74
Epoch 043	LOSS: 9.25	MAE: 9.33	RMSE: 10.72
Epoch 044	LOSS: 8.14	MAE: 8.09	RMSE: 9.85
Epoch 045	LOSS: 7.05	MAE: 6.95	RMSE: 9.18
Epoch 046	LOSS: 6.17	MAE: 5.97	RMSE: 8.75
Epoch 047	LOSS: 5.61	MAE: 5.22	RMSE: 8.57
Epoch 048	LOSS: 5.04	MAE: 4.75	RMSE: 8.58
Epoch 049	LOSS: 4.96	MAE: 4.57	RMSE: 8.71
Epoch 050	LOSS: 4.92	MAE: 4.53	RMSE: 8.85
Epoch 051	LOSS: 4.90	MAE: 4.54	RMSE: 8.93
Epoch 052	LOSS: 4.86	MAE: 4.55	RMSE: 8.74
Epoch 053	LOSS: 4.88	MAE: 4.53	RMSE: 8.84
Epoch 054	LOSS: 4.89	MAE: 4.55	RMSE: 8.73
Epoch 055	LOSS: 5.01	MAE: 4.53	RMSE: 8.85
Epoch 056	LOSS: 4.89	MAE: 4.54	RMSE: 8.78
Epoch 057	LOSS: 4.97	MAE: 4.53	RMSE: 8.77
Epoch 058	LOSS: 4.81	MAE: 4.53	RMSE: 8.67
Epoch 059	LOSS: 5.04	MAE: 4.68	RMSE: 8.64
Epoch 060	LOSS: 5.01	MAE: 4.56	RMSE: 8.85
Epoch 061	LOSS: 4.95	MAE: 4.57	RMSE: 8.71
Epoch 062	LOSS: 4.85	MAE: 4.53	RMSE: 8.86
Epoch 063	LOSS: 4.95	MAE: 4.54	RMSE: 8.78
Epoch 064	LOSS: 4.93	MAE: 4.53	RMSE: 8.79
Epoch 065	LOSS: 4.95	MAE: 4.53	RMSE: 8.84
Epoch 066	LOSS: 4.83	MAE: 4.54	RMSE: 8.75
Epoch 067	LOSS: 4.99	MAE: 4.52	RMSE: 8.78
Epoch 068	LOSS: 4.73	MAE: 4.63	RMSE: 8.66
Epoch 069	LOSS: 4.76	MAE: 4.60	RMSE: 8.70
Epoch 070	LOSS: 4.79	MAE: 4.72	RMSE: 8.63
Epoch 071	LOSS: 4.70	MAE: 4.64	RMSE: 8.58
Epoch 072	LOSS: 4.71	MAE: 4.75	RMSE: 8.49
Epoch 073	LOSS: 4.68	MAE: 4.59	RMSE: 8.50
Epoch 074	LOSS: 4.67	MAE: 4.61	RMSE: 8.49
Epoch 075	LOSS: 4.58	MAE: 4.54	RMSE: 8.59
Epoch 076	LOSS: 4.59	MAE: 4.56	RMSE: 8.50
Epoch 077	LOSS: 4.59	MAE: 4.54	RMSE: 8.51
Epoch 078	LOSS: 4.62	MAE: 4.55	RMSE: 8.52
Epoch 079	LOSS: 4.65	MAE: 4.48	RMSE: 8.53
Epoch 080	LOSS: 4.47	MAE: 4.51	RMSE: 8.50
Epoch 081	LOSS: 4.58	MAE: 4.47	RMSE: 8.54
Epoch 082	LOSS: 4.54	MAE: 4.50	RMSE: 8.49
Epoch 083	LOSS: 4.66	MAE: 4.45	RMSE: 8.51
Epoch 084	LOSS: 4.52	MAE: 4.48	RMSE: 8.46
Epoch 085	LOSS: 4.56	MAE: 4.50	RMSE: 8.43
Epoch 086	LOSS: 4.57	MAE: 4.56	RMSE: 8.39
Epoch 087	LOSS: 4.54	MAE: 4.45	RMSE: 8.47
Epoch 088	LOSS: 4.57	MAE: 4.47	RMSE: 8.41
Epoch 089	LOSS: 4.50	MAE: 4.46	RMSE: 8.42
Epoch 090	LOSS: 4.49	MAE: 4.45	RMSE: 8.41
Epoch 091	LOSS: 4.51	MAE: 4.45	RMSE: 8.38
Epoch 092	LOSS: 4.47	MAE: 4.42	RMSE: 8.41
Epoch 093	LOSS: 4.42	MAE: 4.40	RMSE: 8.45
Epoch 094	LOSS: 4.59	MAE: 4.47	RMSE: 8.35
Epoch 095	LOSS: 4.47	MAE: 4.46	RMSE: 8.35
Epoch 096	LOSS: 4.48	MAE: 4.41	RMSE: 8.42
Epoch 097	LOSS: 4.38	MAE: 4.44	RMSE: 8.43
Epoch 098	LOSS: 4.49	MAE: 4.42	RMSE: 8.43
Epoch 099	LOSS: 4.44	MAE: 4.48	RMSE: 8.37
Epoch 100	LOSS: 4.49	MAE: 4.49	RMSE: 8.35
Epoch 101	LOSS: 4.55	MAE: 4.52	RMSE: 8.34
Epoch 102	LOSS: 4.42	MAE: 4.56	RMSE: 8.37
Epoch 103	LOSS: 4.46	MAE: 4.49	RMSE: 8.39
Epoch 104	LOSS: 4.37	MAE: 4.55	RMSE: 8.41
Epoch 105	LOSS: 4.52	MAE: 4.57	RMSE: 8.40
Epoch 106	LOSS: 4.47	MAE: 4.62	RMSE: 8.34
Epoch 107	LOSS: 4.49	MAE: 4.59	RMSE: 8.34
Epoch 108	LOSS: 4.42	MAE: 4.67	RMSE: 8.36
Epoch 109	LOSS: 4.52	MAE: 4.64	RMSE: 8.39
Epoch 110	LOSS: 4.43	MAE: 4.67	RMSE: 8.39
Epoch 111	LOSS: 4.38	MAE: 4.69	RMSE: 8.40
Epoch 112	LOSS: 4.52	MAE: 4.65	RMSE: 8.37
Epoch 113	LOSS: 4.36	MAE: 4.73	RMSE: 8.37
Epoch 114	LOSS: 4.46	MAE: 4.82	RMSE: 8.39
Epoch 115	LOSS: 4.52	MAE: 4.85	RMSE: 8.44
Epoch 116	LOSS: 4.36	MAE: 4.89	RMSE: 8.44
Epoch 117	LOSS: 4.50	MAE: 4.68	RMSE: 8.42
Epoch 118	LOSS: 4.39	MAE: 4.66	RMSE: 8.41
Epoch 119	LOSS: 4.49	MAE: 4.54	RMSE: 8.40
Epoch 120	LOSS: 4.44	MAE: 4.59	RMSE: 8.40
Epoch 121	LOSS: 4.34	MAE: 4.64	RMSE: 8.47
Epoch 122	LOSS: 4.44	MAE: 4.62	RMSE: 8.36
Epoch 123	LOSS: 4.36	MAE: 4.70	RMSE: 8.40
Epoch 124	LOSS: 4.45	MAE: 4.72	RMSE: 8.36
Epoch 125	LOSS: 4.38	MAE: 4.68	RMSE: 8.45
Epoch 126	LOSS: 4.44	MAE: 4.75	RMSE: 8.43
Epoch 127	LOSS: 4.43	MAE: 4.83	RMSE: 8.45
Epoch 128	LOSS: 4.39	MAE: 4.71	RMSE: 8.40
Epoch 129	LOSS: 4.35	MAE: 4.74	RMSE: 8.40
Epoch 130	LOSS: 4.35	MAE: 4.79	RMSE: 8.40
Epoch 131	LOSS: 4.41	MAE: 4.83	RMSE: 8.41
Epoch 132	LOSS: 4.33	MAE: 4.65	RMSE: 8.44
Epoch 133	LOSS: 4.38	MAE: 4.81	RMSE: 8.44
Epoch 134	LOSS: 4.45	MAE: 4.84	RMSE: 8.46
Epoch 135	LOSS: 4.40	MAE: 4.76	RMSE: 8.42
Epoch 136	LOSS: 4.35	MAE: 4.85	RMSE: 8.45
Epoch 137	LOSS: 4.54	MAE: 4.87	RMSE: 8.47
Epoch 138	LOSS: 4.42	MAE: 4.85	RMSE: 8.42
Epoch 139	LOSS: 4.38	MAE: 4.80	RMSE: 8.50
Epoch 140	LOSS: 4.45	MAE: 4.81	RMSE: 8.44
Epoch 141	LOSS: 4.36	MAE: 4.84	RMSE: 8.43
Epoch 142	LOSS: 4.42	MAE: 4.85	RMSE: 8.44
Epoch 143	LOSS: 4.38	MAE: 4.90	RMSE: 8.44
Epoch 144	LOSS: 4.48	MAE: 4.81	RMSE: 8.49
Epoch 145	LOSS: 4.39	MAE: 4.75	RMSE: 8.46
Epoch 146	LOSS: 4.41	MAE: 4.80	RMSE: 8.43
Epoch 147	LOSS: 4.42	MAE: 4.69	RMSE: 8.43
Epoch 148	LOSS: 4.36	MAE: 4.80	RMSE: 8.44
Epoch 149	LOSS: 4.40	MAE: 4.81	RMSE: 8.44
Epoch 150	LOSS: 4.35	MAE: 4.85	RMSE: 8.47
Epoch 151	LOSS: 4.38	MAE: 4.85	RMSE: 8.45
Epoch 152	LOSS: 4.37	MAE: 4.94	RMSE: 8.48
Epoch 153	LOSS: 4.41	MAE: 4.81	RMSE: 8.43
Epoch 154	LOSS: 4.38	MAE: 4.87	RMSE: 8.47
Epoch 155	LOSS: 4.32	MAE: 4.91	RMSE: 8.49
Epoch 156	LOSS: 4.31	MAE: 4.83	RMSE: 8.43
Epoch 157	LOSS: 4.36	MAE: 4.89	RMSE: 8.43
Epoch 158	LOSS: 4.40	MAE: 4.93	RMSE: 8.47
Epoch 159	LOSS: 4.44	MAE: 4.91	RMSE: 8.48
Epoch 160	LOSS: 4.35	MAE: 4.93	RMSE: 8.45
Epoch 161	LOSS: 4.29	MAE: 4.92	RMSE: 8.46
Epoch 162	LOSS: 4.37	MAE: 4.91	RMSE: 8.45
Epoch 163	LOSS: 4.28	MAE: 4.89	RMSE: 8.48
Epoch 164	LOSS: 4.34	MAE: 4.85	RMSE: 8.44
Epoch 165	LOSS: 4.38	MAE: 4.91	RMSE: 8.49
Epoch 166	LOSS: 4.29	MAE: 4.96	RMSE: 8.47
Epoch 167	LOSS: 4.28	MAE: 4.86	RMSE: 8.44
Epoch 168	LOSS: 4.42	MAE: 4.95	RMSE: 8.52
Epoch 169	LOSS: 4.33	MAE: 4.86	RMSE: 8.43
Epoch 170	LOSS: 4.37	MAE: 4.87	RMSE: 8.50
Epoch 171	LOSS: 4.53	MAE: 4.83	RMSE: 8.41
Epoch 172	LOSS: 4.44	MAE: 4.67	RMSE: 8.37
Epoch 173	LOSS: 4.38	MAE: 4.80	RMSE: 8.45
Epoch 174	LOSS: 4.32	MAE: 4.76	RMSE: 8.44
Epoch 175	LOSS: 4.31	MAE: 4.85	RMSE: 8.48
Epoch 176	LOSS: 4.33	MAE: 4.83	RMSE: 8.46
Epoch 177	LOSS: 4.29	MAE: 4.91	RMSE: 8.47
Epoch 178	LOSS: 4.29	MAE: 4.85	RMSE: 8.45
Epoch 179	LOSS: 4.41	MAE: 4.93	RMSE: 8.46
Epoch 180	LOSS: 4.30	MAE: 4.84	RMSE: 8.45
Epoch 181	LOSS: 4.35	MAE: 4.92	RMSE: 8.44
Epoch 182	LOSS: 4.34	MAE: 4.90	RMSE: 8.49
Epoch 183	LOSS: 4.35	MAE: 4.85	RMSE: 8.50
Epoch 184	LOSS: 4.34	MAE: 4.82	RMSE: 8.46
Epoch 185	LOSS: 4.49	MAE: 4.75	RMSE: 8.46
Epoch 186	LOSS: 4.35	MAE: 4.80	RMSE: 8.49
Epoch 187	LOSS: 4.45	MAE: 4.75	RMSE: 8.47
Epoch 188	LOSS: 4.36	MAE: 4.75	RMSE: 8.48
Epoch 189	LOSS: 4.39	MAE: 4.78	RMSE: 8.49
Epoch 190	LOSS: 4.34	MAE: 4.81	RMSE: 8.49
Epoch 191	LOSS: 4.37	MAE: 4.86	RMSE: 8.49
Epoch 192	LOSS: 4.38	MAE: 4.82	RMSE: 8.46
Epoch 193	LOSS: 4.46	MAE: 4.89	RMSE: 8.50
Epoch 194	LOSS: 4.33	MAE: 4.83	RMSE: 8.47
Epoch 195	LOSS: 4.44	MAE: 4.90	RMSE: 8.47
Epoch 196	LOSS: 4.41	MAE: 4.79	RMSE: 8.47
Epoch 197	LOSS: 4.26	MAE: 4.84	RMSE: 8.48
Epoch 198	LOSS: 4.39	MAE: 4.79	RMSE: 8.48
Epoch 199	LOSS: 4.24	MAE: 4.83	RMSE: 8.47
Epoch 200	LOSS: 4.41	MAE: 4.86	RMSE: 8.49
Epoch 201	LOSS: 4.24	MAE: 4.89	RMSE: 8.50
Epoch 202	LOSS: 4.29	MAE: 4.82	RMSE: 8.49
Epoch 203	LOSS: 4.40	MAE: 4.87	RMSE: 8.48
Epoch 204	LOSS: 4.33	MAE: 4.84	RMSE: 8.49
Epoch 205	LOSS: 4.32	MAE: 4.76	RMSE: 8.45
Epoch 206	LOSS: 4.34	MAE: 4.66	RMSE: 8.40
Epoch 207	LOSS: 4.39	MAE: 4.49	RMSE: 8.41
Epoch 208	LOSS: 4.42	MAE: 4.56	RMSE: 8.40
Epoch 209	LOSS: 4.29	MAE: 4.47	RMSE: 8.39
Epoch 210	LOSS: 4.40	MAE: 4.47	RMSE: 8.38
Epoch 211	LOSS: 4.31	MAE: 4.50	RMSE: 8.38
Epoch 212	LOSS: 4.32	MAE: 4.47	RMSE: 8.36
Epoch 213	LOSS: 4.39	MAE: 4.38	RMSE: 8.37
Epoch 214	LOSS: 4.38	MAE: 4.45	RMSE: 8.37
Epoch 215	LOSS: 4.29	MAE: 4.48	RMSE: 8.39
Epoch 216	LOSS: 4.31	MAE: 4.40	RMSE: 8.38
Epoch 217	LOSS: 4.35	MAE: 4.36	RMSE: 8.44
Epoch 218	LOSS: 4.41	MAE: 4.35	RMSE: 8.37
Epoch 219	LOSS: 4.35	MAE: 4.37	RMSE: 8.39
Epoch 220	LOSS: 4.30	MAE: 4.35	RMSE: 8.40
Epoch 221	LOSS: 4.30	MAE: 4.36	RMSE: 8.37
Epoch 222	LOSS: 4.40	MAE: 4.37	RMSE: 8.36
Epoch 223	LOSS: 4.34	MAE: 4.38	RMSE: 8.37
Epoch 224	LOSS: 4.29	MAE: 4.48	RMSE: 8.36
Epoch 225	LOSS: 4.31	MAE: 4.61	RMSE: 8.39
Epoch 226	LOSS: 4.26	MAE: 4.36	RMSE: 8.41
Epoch 227	LOSS: 4.31	MAE: 4.38	RMSE: 8.39
Epoch 228	LOSS: 4.33	MAE: 4.34	RMSE: 8.41
Epoch 229	LOSS: 4.44	MAE: 4.39	RMSE: 8.33
Epoch 230	LOSS: 4.33	MAE: 4.45	RMSE: 8.37
Epoch 231	LOSS: 4.35	MAE: 4.49	RMSE: 8.39
Epoch 232	LOSS: 4.29	MAE: 4.45	RMSE: 8.37
Epoch 233	LOSS: 4.39	MAE: 4.49	RMSE: 8.39
Epoch 234	LOSS: 4.34	MAE: 4.47	RMSE: 8.33
Epoch 235	LOSS: 4.33	MAE: 4.37	RMSE: 8.38
Epoch 236	LOSS: 4.29	MAE: 4.35	RMSE: 8.40
Epoch 237	LOSS: 4.36	MAE: 4.35	RMSE: 8.37
Epoch 238	LOSS: 4.37	MAE: 4.36	RMSE: 8.35
Epoch 239	LOSS: 4.34	MAE: 4.37	RMSE: 8.35
Epoch 240	LOSS: 4.32	MAE: 4.38	RMSE: 8.37
Epoch 241	LOSS: 4.26	MAE: 4.34	RMSE: 8.38
Epoch 242	LOSS: 4.37	MAE: 4.35	RMSE: 8.38
Epoch 243	LOSS: 4.38	MAE: 4.41	RMSE: 8.39
Epoch 244	LOSS: 4.34	MAE: 4.38	RMSE: 8.38
Epoch 245	LOSS: 4.45	MAE: 4.35	RMSE: 8.32
Epoch 246	LOSS: 4.32	MAE: 4.35	RMSE: 8.33
Epoch 247	LOSS: 4.35	MAE: 4.35	RMSE: 8.35
Epoch 248	LOSS: 4.36	MAE: 4.36	RMSE: 8.35
Epoch 249	LOSS: 4.42	MAE: 4.34	RMSE: 8.37
Epoch 250	LOSS: 4.30	MAE: 4.39	RMSE: 8.32
Epoch 251	LOSS: 4.38	MAE: 4.37	RMSE: 8.39
Epoch 252	LOSS: 4.39	MAE: 4.37	RMSE: 8.39
Epoch 253	LOSS: 4.37	MAE: 4.36	RMSE: 8.36
Epoch 254	LOSS: 4.42	MAE: 4.33	RMSE: 8.36
Epoch 255	LOSS: 4.31	MAE: 4.34	RMSE: 8.30
Epoch 256	LOSS: 4.33	MAE: 4.39	RMSE: 8.35
Epoch 257	LOSS: 4.32	MAE: 4.42	RMSE: 8.37
Epoch 258	LOSS: 4.33	MAE: 4.35	RMSE: 8.39
Epoch 259	LOSS: 4.43	MAE: 4.33	RMSE: 8.43
Epoch 260	LOSS: 4.28	MAE: 4.33	RMSE: 8.32
Epoch 261	LOSS: 4.25	MAE: 4.32	RMSE: 8.35
Epoch 262	LOSS: 4.27	MAE: 4.34	RMSE: 8.32
Epoch 263	LOSS: 4.39	MAE: 4.36	RMSE: 8.38
Epoch 264	LOSS: 4.41	MAE: 4.43	RMSE: 8.40
Epoch 265	LOSS: 4.35	MAE: 4.49	RMSE: 8.40
Epoch 266	LOSS: 4.27	MAE: 4.42	RMSE: 8.42
Epoch 267	LOSS: 4.38	MAE: 4.42	RMSE: 8.40
Epoch 268	LOSS: 4.38	MAE: 4.36	RMSE: 8.37
Epoch 269	LOSS: 4.37	MAE: 4.40	RMSE: 8.39
Epoch 270	LOSS: 4.38	MAE: 4.41	RMSE: 8.39
Epoch 271	LOSS: 4.36	MAE: 4.35	RMSE: 8.38
Epoch 272	LOSS: 4.33	MAE: 4.34	RMSE: 8.37
Epoch 273	LOSS: 4.37	MAE: 4.33	RMSE: 8.36
Epoch 274	LOSS: 4.36	MAE: 4.34	RMSE: 8.33
Epoch 275	LOSS: 4.38	MAE: 4.34	RMSE: 8.34
Epoch 276	LOSS: 4.32	MAE: 4.35	RMSE: 8.31
Epoch 277	LOSS: 4.34	MAE: 4.35	RMSE: 8.31
Epoch 278	LOSS: 4.36	MAE: 4.37	RMSE: 8.34
Epoch 279	LOSS: 4.31	MAE: 4.35	RMSE: 8.35
Epoch 280	LOSS: 4.47	MAE: 4.34	RMSE: 8.35
Epoch 281	LOSS: 4.35	MAE: 4.36	RMSE: 8.38
Epoch 282	LOSS: 4.22	MAE: 4.33	RMSE: 8.36
Epoch 283	LOSS: 4.30	MAE: 4.35	RMSE: 8.35
Epoch 284	LOSS: 4.23	MAE: 4.34	RMSE: 8.39
Epoch 285	LOSS: 4.34	MAE: 4.35	RMSE: 8.37
Epoch 286	LOSS: 4.49	MAE: 4.34	RMSE: 8.37
Epoch 287	LOSS: 4.28	MAE: 4.33	RMSE: 8.36
Epoch 288	LOSS: 4.36	MAE: 4.33	RMSE: 8.32
Epoch 289	LOSS: 4.33	MAE: 4.32	RMSE: 8.36
Epoch 290	LOSS: 4.32	MAE: 4.34	RMSE: 8.36
Epoch 291	LOSS: 4.37	MAE: 4.37	RMSE: 8.36
Epoch 292	LOSS: 4.38	MAE: 4.41	RMSE: 8.33
Epoch 293	LOSS: 4.31	MAE: 4.37	RMSE: 8.38
Epoch 294	LOSS: 4.35	MAE: 4.38	RMSE: 8.37
Epoch 295	LOSS: 4.35	MAE: 4.44	RMSE: 8.37
Epoch 296	LOSS: 4.32	MAE: 4.44	RMSE: 8.38
Epoch 297	LOSS: 4.46	MAE: 4.40	RMSE: 8.35
Epoch 298	LOSS: 4.26	MAE: 4.38	RMSE: 8.32
Epoch 299	LOSS: 4.49	MAE: 4.38	RMSE: 8.35
Epoch 300	LOSS: 4.31	MAE: 4.42	RMSE: 8.37
Epoch 301	LOSS: 4.37	MAE: 4.49	RMSE: 8.40
Epoch 302	LOSS: 4.42	MAE: 4.46	RMSE: 8.37
Epoch 303	LOSS: 4.44	MAE: 4.46	RMSE: 8.38
Epoch 304	LOSS: 4.34	MAE: 4.55	RMSE: 8.36
Epoch 305	LOSS: 4.30	MAE: 4.45	RMSE: 8.37
Epoch 306	LOSS: 4.40	MAE: 4.34	RMSE: 8.37
Epoch 307	LOSS: 4.27	MAE: 4.35	RMSE: 8.36
Epoch 308	LOSS: 4.41	MAE: 4.35	RMSE: 8.33
Epoch 309	LOSS: 4.28	MAE: 4.35	RMSE: 8.32
Epoch 310	LOSS: 4.44	MAE: 4.40	RMSE: 8.36
Epoch 311	LOSS: 4.34	MAE: 4.57	RMSE: 8.38
Epoch 312	LOSS: 4.39	MAE: 4.72	RMSE: 8.47
Epoch 313	LOSS: 4.35	MAE: 4.43	RMSE: 8.34
Epoch 314	LOSS: 4.43	MAE: 4.45	RMSE: 8.37
Epoch 315	LOSS: 4.24	MAE: 4.42	RMSE: 8.39
Epoch 316	LOSS: 4.44	MAE: 4.40	RMSE: 8.40
Epoch 317	LOSS: 4.25	MAE: 4.39	RMSE: 8.36
Epoch 318	LOSS: 4.31	MAE: 4.35	RMSE: 8.40
Epoch 319	LOSS: 4.32	MAE: 4.37	RMSE: 8.42
Epoch 320	LOSS: 4.38	MAE: 4.40	RMSE: 8.38
Epoch 321	LOSS: 4.29	MAE: 4.38	RMSE: 8.42
Epoch 322	LOSS: 4.25	MAE: 4.41	RMSE: 8.42
Epoch 323	LOSS: 4.35	MAE: 4.44	RMSE: 8.39
Epoch 324	LOSS: 4.37	MAE: 4.47	RMSE: 8.37
Epoch 325	LOSS: 4.32	MAE: 4.45	RMSE: 8.36
Epoch 326	LOSS: 4.22	MAE: 4.44	RMSE: 8.39
Epoch 327	LOSS: 4.38	MAE: 4.45	RMSE: 8.34
Epoch 328	LOSS: 4.32	MAE: 4.42	RMSE: 8.39
Epoch 329	LOSS: 4.34	MAE: 4.40	RMSE: 8.34
Epoch 330	LOSS: 4.28	MAE: 4.36	RMSE: 8.35
Epoch 331	LOSS: 4.33	MAE: 4.37	RMSE: 8.34
Epoch 332	LOSS: 4.38	MAE: 4.38	RMSE: 8.37
Epoch 333	LOSS: 4.44	MAE: 4.37	RMSE: 8.35
Epoch 334	LOSS: 4.34	MAE: 4.38	RMSE: 8.39
Epoch 335	LOSS: 4.35	MAE: 4.40	RMSE: 8.37
Epoch 336	LOSS: 4.25	MAE: 4.40	RMSE: 8.38
Epoch 337	LOSS: 4.28	MAE: 4.35	RMSE: 8.35
Epoch 338	LOSS: 4.25	MAE: 4.37	RMSE: 8.37
Epoch 339	LOSS: 4.38	MAE: 4.37	RMSE: 8.36
Epoch 340	LOSS: 4.36	MAE: 4.37	RMSE: 8.33
Epoch 341	LOSS: 4.36	MAE: 4.35	RMSE: 8.34
Epoch 342	LOSS: 4.37	MAE: 4.36	RMSE: 8.37
Epoch 343	LOSS: 4.35	MAE: 4.38	RMSE: 8.40
Epoch 344	LOSS: 4.36	MAE: 4.37	RMSE: 8.38
Epoch 345	LOSS: 4.36	MAE: 4.39	RMSE: 8.36
Epoch 346	LOSS: 4.30	MAE: 4.40	RMSE: 8.37
Epoch 347	LOSS: 4.44	MAE: 4.40	RMSE: 8.38
Epoch 348	LOSS: 4.34	MAE: 4.40	RMSE: 8.37
Epoch 349	LOSS: 4.31	MAE: 4.39	RMSE: 8.37
Epoch 350	LOSS: 4.29	MAE: 4.38	RMSE: 8.34
Epoch 351	LOSS: 4.25	MAE: 4.38	RMSE: 8.35
Epoch 352	LOSS: 4.35	MAE: 4.40	RMSE: 8.38
Epoch 353	LOSS: 4.22	MAE: 4.40	RMSE: 8.35
Epoch 354	LOSS: 4.23	MAE: 4.39	RMSE: 8.36
Epoch 355	LOSS: 4.34	MAE: 4.43	RMSE: 8.39
Epoch 356	LOSS: 4.35	MAE: 4.42	RMSE: 8.35
Epoch 357	LOSS: 4.34	MAE: 4.43	RMSE: 8.38
Epoch 358	LOSS: 4.36	MAE: 4.44	RMSE: 8.36
Epoch 359	LOSS: 4.34	MAE: 4.38	RMSE: 8.38
Epoch 360	LOSS: 4.38	MAE: 4.38	RMSE: 8.34
Epoch 361	LOSS: 4.33	MAE: 4.44	RMSE: 8.38
Epoch 362	LOSS: 4.45	MAE: 4.46	RMSE: 8.38
Epoch 363	LOSS: 4.37	MAE: 4.45	RMSE: 8.33
Epoch 364	LOSS: 4.46	MAE: 4.47	RMSE: 8.42
Epoch 365	LOSS: 4.30	MAE: 4.43	RMSE: 8.43
Epoch 366	LOSS: 4.33	MAE: 4.42	RMSE: 8.39
Epoch 367	LOSS: 4.30	MAE: 4.42	RMSE: 8.41
Epoch 368	LOSS: 4.38	MAE: 4.49	RMSE: 8.37
Epoch 369	LOSS: 4.28	MAE: 4.59	RMSE: 8.36
Epoch 370	LOSS: 4.36	MAE: 4.48	RMSE: 8.32
Epoch 371	LOSS: 4.38	MAE: 4.45	RMSE: 8.33
Epoch 372	LOSS: 4.29	MAE: 4.36	RMSE: 8.33
Epoch 373	LOSS: 4.31	MAE: 4.32	RMSE: 8.36
Epoch 374	LOSS: 4.31	MAE: 4.32	RMSE: 8.34
Epoch 375	LOSS: 4.31	MAE: 4.32	RMSE: 8.32
Epoch 376	LOSS: 4.42	MAE: 4.32	RMSE: 8.36
Epoch 377	LOSS: 4.29	MAE: 4.34	RMSE: 8.29
Epoch 378	LOSS: 4.28	MAE: 4.33	RMSE: 8.32
Epoch 379	LOSS: 4.42	MAE: 4.32	RMSE: 8.35
Epoch 380	LOSS: 4.32	MAE: 4.35	RMSE: 8.35
Epoch 381	LOSS: 4.40	MAE: 4.38	RMSE: 8.41
Epoch 382	LOSS: 4.38	MAE: 4.38	RMSE: 8.36
Epoch 383	LOSS: 4.30	MAE: 4.35	RMSE: 8.34
Epoch 384	LOSS: 4.31	MAE: 4.34	RMSE: 8.40
Epoch 385	LOSS: 4.36	MAE: 4.35	RMSE: 8.37
Epoch 386	LOSS: 4.23	MAE: 4.35	RMSE: 8.36
Epoch 387	LOSS: 4.33	MAE: 4.44	RMSE: 8.35
Epoch 388	LOSS: 4.31	MAE: 4.44	RMSE: 8.37
Epoch 389	LOSS: 4.37	MAE: 4.41	RMSE: 8.37
Epoch 390	LOSS: 4.36	MAE: 4.39	RMSE: 8.34
Epoch 391	LOSS: 4.41	MAE: 4.38	RMSE: 8.34
Epoch 392	LOSS: 4.34	MAE: 4.34	RMSE: 8.35
Epoch 393	LOSS: 4.21	MAE: 4.35	RMSE: 8.34
Epoch 394	LOSS: 4.35	MAE: 4.36	RMSE: 8.32
Epoch 395	LOSS: 4.31	MAE: 4.35	RMSE: 8.35
Epoch 396	LOSS: 4.38	MAE: 4.35	RMSE: 8.36
Epoch 397	LOSS: 4.33	MAE: 4.40	RMSE: 8.35
Epoch 398	LOSS: 4.28	MAE: 4.39	RMSE: 8.36
Epoch 399	LOSS: 4.29	MAE: 4.37	RMSE: 8.34
Epoch 400	LOSS: 4.34	MAE: 4.37	RMSE: 8.33
Epoch 401	LOSS: 4.39	MAE: 4.37	RMSE: 8.34
Epoch 402	LOSS: 4.38	MAE: 4.39	RMSE: 8.36
Epoch 403	LOSS: 4.28	MAE: 4.40	RMSE: 8.37
Epoch 404	LOSS: 4.32	MAE: 4.40	RMSE: 8.39
Epoch 405	LOSS: 4.19	MAE: 4.38	RMSE: 8.37
Epoch 406	LOSS: 4.38	MAE: 4.35	RMSE: 8.35
Epoch 407	LOSS: 4.35	MAE: 4.37	RMSE: 8.34
Epoch 408	LOSS: 4.27	MAE: 4.37	RMSE: 8.34
Epoch 409	LOSS: 4.32	MAE: 4.37	RMSE: 8.34
Epoch 410	LOSS: 4.28	MAE: 4.37	RMSE: 8.36
Epoch 411	LOSS: 4.27	MAE: 4.38	RMSE: 8.38
Epoch 412	LOSS: 4.24	MAE: 4.38	RMSE: 8.32
Epoch 413	LOSS: 4.33	MAE: 4.36	RMSE: 8.35
Epoch 414	LOSS: 4.32	MAE: 4.36	RMSE: 8.34
Epoch 415	LOSS: 4.33	MAE: 4.34	RMSE: 8.36
Epoch 416	LOSS: 4.40	MAE: 4.36	RMSE: 8.34
Epoch 417	LOSS: 4.36	MAE: 4.37	RMSE: 8.34
Epoch 418	LOSS: 4.35	MAE: 4.35	RMSE: 8.33
Epoch 419	LOSS: 4.34	MAE: 4.35	RMSE: 8.34
Epoch 420	LOSS: 4.27	MAE: 4.38	RMSE: 8.33
Epoch 421	LOSS: 4.31	MAE: 4.38	RMSE: 8.36
Epoch 422	LOSS: 4.36	MAE: 4.35	RMSE: 8.36
Epoch 423	LOSS: 4.29	MAE: 4.35	RMSE: 8.37
Epoch 424	LOSS: 4.16	MAE: 4.36	RMSE: 8.35
Epoch 425	LOSS: 4.22	MAE: 4.35	RMSE: 8.36
Epoch 426	LOSS: 4.39	MAE: 4.33	RMSE: 8.34
Epoch 427	LOSS: 4.19	MAE: 4.33	RMSE: 8.35
Epoch 428	LOSS: 4.31	MAE: 4.33	RMSE: 8.31
Epoch 429	LOSS: 4.24	MAE: 4.34	RMSE: 8.33
Epoch 430	LOSS: 4.39	MAE: 4.33	RMSE: 8.35
Epoch 431	LOSS: 4.36	MAE: 4.35	RMSE: 8.34
Epoch 432	LOSS: 4.31	MAE: 4.36	RMSE: 8.34
Epoch 433	LOSS: 4.36	MAE: 4.37	RMSE: 8.35
Epoch 434	LOSS: 4.28	MAE: 4.36	RMSE: 8.34
Epoch 435	LOSS: 4.28	MAE: 4.36	RMSE: 8.35
Epoch 436	LOSS: 4.35	MAE: 4.40	RMSE: 8.31
Epoch 437	LOSS: 4.31	MAE: 4.39	RMSE: 8.35
Epoch 438	LOSS: 4.35	MAE: 4.37	RMSE: 8.38
Epoch 439	LOSS: 4.36	MAE: 4.36	RMSE: 8.38
Epoch 440	LOSS: 4.31	MAE: 4.38	RMSE: 8.38
Epoch 441	LOSS: 4.29	MAE: 4.37	RMSE: 8.36
Epoch 442	LOSS: 4.35	MAE: 4.34	RMSE: 8.33
Epoch 443	LOSS: 4.37	MAE: 4.34	RMSE: 8.35
Epoch 444	LOSS: 4.36	MAE: 4.35	RMSE: 8.31
Epoch 445	LOSS: 4.33	MAE: 4.35	RMSE: 8.35
Epoch 446	LOSS: 4.36	MAE: 4.32	RMSE: 8.37
Epoch 447	LOSS: 4.27	MAE: 4.32	RMSE: 8.33
Epoch 448	LOSS: 4.38	MAE: 4.33	RMSE: 8.35
Epoch 449	LOSS: 4.21	MAE: 4.35	RMSE: 8.37
Epoch 450	LOSS: 4.31	MAE: 4.37	RMSE: 8.34
Epoch 451	LOSS: 4.38	MAE: 4.34	RMSE: 8.36
Epoch 452	LOSS: 4.46	MAE: 4.34	RMSE: 8.39
Epoch 453	LOSS: 4.26	MAE: 4.33	RMSE: 8.36
Epoch 454	LOSS: 4.34	MAE: 4.33	RMSE: 8.34
Epoch 455	LOSS: 4.34	MAE: 4.34	RMSE: 8.32
Epoch 456	LOSS: 4.30	MAE: 4.34	RMSE: 8.38
Epoch 457	LOSS: 4.26	MAE: 4.35	RMSE: 8.35
Epoch 458	LOSS: 4.32	MAE: 4.31	RMSE: 8.36
Epoch 459	LOSS: 4.38	MAE: 4.32	RMSE: 8.36
Epoch 460	LOSS: 4.30	MAE: 4.33	RMSE: 8.36
Epoch 461	LOSS: 4.40	MAE: 4.34	RMSE: 8.36
Epoch 462	LOSS: 4.20	MAE: 4.35	RMSE: 8.35
Epoch 463	LOSS: 4.33	MAE: 4.34	RMSE: 8.36
Epoch 464	LOSS: 4.31	MAE: 4.33	RMSE: 8.32
Epoch 465	LOSS: 4.25	MAE: 4.33	RMSE: 8.34
Epoch 466	LOSS: 4.33	MAE: 4.33	RMSE: 8.35
Epoch 467	LOSS: 4.41	MAE: 4.34	RMSE: 8.32
Epoch 468	LOSS: 4.33	MAE: 4.35	RMSE: 8.35
Epoch 469	LOSS: 4.24	MAE: 4.34	RMSE: 8.34
Epoch 470	LOSS: 4.31	MAE: 4.34	RMSE: 8.33
Epoch 471	LOSS: 4.32	MAE: 4.35	RMSE: 8.34
Epoch 472	LOSS: 4.33	MAE: 4.34	RMSE: 8.34
Epoch 473	LOSS: 4.20	MAE: 4.33	RMSE: 8.36
Epoch 474	LOSS: 4.40	MAE: 4.34	RMSE: 8.36
Epoch 475	LOSS: 4.32	MAE: 4.34	RMSE: 8.38
Epoch 476	LOSS: 4.25	MAE: 4.32	RMSE: 8.34
Epoch 477	LOSS: 4.35	MAE: 4.33	RMSE: 8.37
Epoch 478	LOSS: 4.43	MAE: 4.34	RMSE: 8.34
Epoch 479	LOSS: 4.33	MAE: 4.33	RMSE: 8.36
Epoch 480	LOSS: 4.31	MAE: 4.33	RMSE: 8.36
Epoch 481	LOSS: 4.28	MAE: 4.33	RMSE: 8.38
Epoch 482	LOSS: 4.31	MAE: 4.33	RMSE: 8.34
Epoch 483	LOSS: 4.21	MAE: 4.32	RMSE: 8.35
Epoch 484	LOSS: 4.43	MAE: 4.32	RMSE: 8.36
Epoch 485	LOSS: 4.34	MAE: 4.33	RMSE: 8.33
Epoch 486	LOSS: 4.27	MAE: 4.34	RMSE: 8.38
Epoch 487	LOSS: 4.35	MAE: 4.33	RMSE: 8.36
Epoch 488	LOSS: 4.31	MAE: 4.33	RMSE: 8.39
Epoch 489	LOSS: 4.22	MAE: 4.32	RMSE: 8.37
Epoch 490	LOSS: 4.35	MAE: 4.31	RMSE: 8.38
Epoch 491	LOSS: 4.30	MAE: 4.32	RMSE: 8.36
Epoch 492	LOSS: 4.31	MAE: 4.33	RMSE: 8.37
Epoch 493	LOSS: 4.41	MAE: 4.37	RMSE: 8.38
Epoch 494	LOSS: 4.29	MAE: 4.35	RMSE: 8.37
Epoch 495	LOSS: 4.31	MAE: 4.34	RMSE: 8.34
Epoch 496	LOSS: 4.33	MAE: 4.34	RMSE: 8.38
Epoch 497	LOSS: 4.28	MAE: 4.35	RMSE: 8.35
Epoch 498	LOSS: 4.25	MAE: 4.32	RMSE: 8.36
Epoch 499	LOSS: 4.36	MAE: 4.33	RMSE: 8.38
