Epoch 000	LOSS: 224.15	MAE: 249.78	RMSE: 293.40
Epoch 001	LOSS: 216.87	MAE: 248.51	RMSE: 292.30
Epoch 002	LOSS: 218.29	MAE: 248.21	RMSE: 292.04
Epoch 003	LOSS: 220.89	MAE: 247.95	RMSE: 291.82
Epoch 004	LOSS: 216.32	MAE: 247.69	RMSE: 291.59
Epoch 005	LOSS: 216.49	MAE: 247.44	RMSE: 291.37
Epoch 006	LOSS: 216.29	MAE: 247.18	RMSE: 291.15
Epoch 007	LOSS: 214.65	MAE: 246.93	RMSE: 290.93
Epoch 008	LOSS: 214.57	MAE: 246.66	RMSE: 290.70
Epoch 009	LOSS: 213.60	MAE: 246.39	RMSE: 290.47
Epoch 010	LOSS: 216.87	MAE: 246.12	RMSE: 290.23
Epoch 011	LOSS: 213.36	MAE: 245.84	RMSE: 289.99
Epoch 012	LOSS: 214.10	MAE: 245.56	RMSE: 289.75
Epoch 013	LOSS: 213.12	MAE: 245.28	RMSE: 289.50
Epoch 014	LOSS: 215.86	MAE: 244.99	RMSE: 289.25
Epoch 015	LOSS: 214.27	MAE: 244.70	RMSE: 288.99
Epoch 016	LOSS: 213.12	MAE: 244.40	RMSE: 288.73
Epoch 017	LOSS: 211.87	MAE: 244.10	RMSE: 288.47
Epoch 018	LOSS: 213.01	MAE: 243.80	RMSE: 288.20
Epoch 019	LOSS: 213.36	MAE: 243.49	RMSE: 287.93
Epoch 020	LOSS: 210.59	MAE: 243.17	RMSE: 287.66
Epoch 021	LOSS: 214.71	MAE: 242.86	RMSE: 287.38
Epoch 022	LOSS: 211.70	MAE: 242.54	RMSE: 287.10
Epoch 023	LOSS: 210.86	MAE: 242.21	RMSE: 286.82
Epoch 024	LOSS: 209.48	MAE: 241.88	RMSE: 286.53
Epoch 025	LOSS: 210.77	MAE: 241.55	RMSE: 286.24
Epoch 026	LOSS: 211.28	MAE: 241.21	RMSE: 285.94
Epoch 027	LOSS: 211.29	MAE: 240.87	RMSE: 285.64
Epoch 028	LOSS: 211.90	MAE: 240.53	RMSE: 285.34
Epoch 029	LOSS: 207.43	MAE: 240.18	RMSE: 285.03
Epoch 030	LOSS: 206.33	MAE: 239.83	RMSE: 284.72
Epoch 031	LOSS: 209.13	MAE: 239.47	RMSE: 284.41
Epoch 032	LOSS: 206.29	MAE: 239.11	RMSE: 284.09
Epoch 033	LOSS: 209.28	MAE: 238.75	RMSE: 283.77
Epoch 034	LOSS: 209.75	MAE: 238.38	RMSE: 283.45
Epoch 035	LOSS: 205.94	MAE: 238.01	RMSE: 283.12
Epoch 036	LOSS: 208.87	MAE: 237.63	RMSE: 282.79
Epoch 037	LOSS: 202.92	MAE: 237.25	RMSE: 282.46
Epoch 038	LOSS: 205.30	MAE: 236.87	RMSE: 282.12
Epoch 039	LOSS: 203.90	MAE: 236.48	RMSE: 281.78
Epoch 040	LOSS: 201.36	MAE: 236.10	RMSE: 281.44
Epoch 041	LOSS: 205.06	MAE: 235.70	RMSE: 281.09
Epoch 042	LOSS: 204.87	MAE: 235.31	RMSE: 280.74
Epoch 043	LOSS: 202.79	MAE: 234.91	RMSE: 280.38
Epoch 044	LOSS: 204.99	MAE: 234.50	RMSE: 280.03
Epoch 045	LOSS: 204.62	MAE: 234.10	RMSE: 279.67
Epoch 046	LOSS: 201.86	MAE: 233.69	RMSE: 279.30
Epoch 047	LOSS: 203.42	MAE: 233.28	RMSE: 278.94
Epoch 048	LOSS: 202.94	MAE: 232.86	RMSE: 278.57
Epoch 049	LOSS: 200.01	MAE: 232.44	RMSE: 278.19
Epoch 050	LOSS: 200.27	MAE: 232.02	RMSE: 277.82
Epoch 051	LOSS: 199.30	MAE: 231.59	RMSE: 277.44
Epoch 052	LOSS: 203.00	MAE: 231.16	RMSE: 277.05
Epoch 053	LOSS: 202.95	MAE: 230.73	RMSE: 276.67
Epoch 054	LOSS: 201.46	MAE: 230.30	RMSE: 276.28
Epoch 055	LOSS: 198.16	MAE: 229.86	RMSE: 275.89
Epoch 056	LOSS: 196.85	MAE: 229.42	RMSE: 275.49
Epoch 057	LOSS: 197.85	MAE: 228.97	RMSE: 275.09
Epoch 058	LOSS: 196.93	MAE: 228.53	RMSE: 274.69
Epoch 059	LOSS: 201.12	MAE: 228.08	RMSE: 274.29
Epoch 060	LOSS: 196.05	MAE: 227.62	RMSE: 273.88
Epoch 061	LOSS: 199.48	MAE: 227.17	RMSE: 273.47
Epoch 062	LOSS: 196.92	MAE: 226.71	RMSE: 273.06
Epoch 063	LOSS: 197.73	MAE: 226.25	RMSE: 272.65
Epoch 064	LOSS: 193.79	MAE: 225.79	RMSE: 272.23
Epoch 065	LOSS: 195.71	MAE: 225.32	RMSE: 271.81
Epoch 066	LOSS: 196.03	MAE: 224.85	RMSE: 271.39
Epoch 067	LOSS: 193.95	MAE: 224.38	RMSE: 270.96
Epoch 068	LOSS: 195.77	MAE: 223.91	RMSE: 270.53
Epoch 069	LOSS: 191.98	MAE: 223.43	RMSE: 270.10
Epoch 070	LOSS: 193.49	MAE: 222.95	RMSE: 269.67
Epoch 071	LOSS: 195.42	MAE: 222.47	RMSE: 269.23
Epoch 072	LOSS: 191.36	MAE: 221.99	RMSE: 268.79
Epoch 073	LOSS: 191.64	MAE: 221.51	RMSE: 268.35
Epoch 074	LOSS: 189.35	MAE: 221.02	RMSE: 267.91
Epoch 075	LOSS: 189.35	MAE: 220.53	RMSE: 267.46
Epoch 076	LOSS: 188.47	MAE: 220.04	RMSE: 267.01
Epoch 077	LOSS: 190.25	MAE: 219.55	RMSE: 266.56
Epoch 078	LOSS: 189.58	MAE: 219.05	RMSE: 266.11
Epoch 079	LOSS: 188.44	MAE: 218.55	RMSE: 265.65
Epoch 080	LOSS: 186.95	MAE: 218.05	RMSE: 265.19
Epoch 081	LOSS: 190.38	MAE: 217.55	RMSE: 264.73
Epoch 082	LOSS: 189.05	MAE: 217.05	RMSE: 264.27
Epoch 083	LOSS: 188.72	MAE: 216.55	RMSE: 263.81
Epoch 084	LOSS: 189.27	MAE: 216.04	RMSE: 263.34
Epoch 085	LOSS: 185.95	MAE: 215.54	RMSE: 262.87
Epoch 086	LOSS: 184.68	MAE: 215.03	RMSE: 262.40
Epoch 087	LOSS: 184.66	MAE: 214.52	RMSE: 261.92
Epoch 088	LOSS: 182.95	MAE: 214.01	RMSE: 261.45
Epoch 089	LOSS: 185.26	MAE: 213.49	RMSE: 260.97
Epoch 090	LOSS: 188.09	MAE: 212.98	RMSE: 260.49
Epoch 091	LOSS: 184.10	MAE: 212.46	RMSE: 260.01
Epoch 092	LOSS: 182.16	MAE: 211.94	RMSE: 259.52
Epoch 093	LOSS: 184.32	MAE: 211.42	RMSE: 259.04
Epoch 094	LOSS: 180.72	MAE: 210.90	RMSE: 258.55
Epoch 095	LOSS: 178.75	MAE: 210.38	RMSE: 258.06
Epoch 096	LOSS: 180.40	MAE: 209.86	RMSE: 257.56
Epoch 097	LOSS: 179.31	MAE: 209.33	RMSE: 257.07
Epoch 098	LOSS: 180.03	MAE: 208.81	RMSE: 256.57
Epoch 099	LOSS: 178.05	MAE: 208.28	RMSE: 256.08
Epoch 100	LOSS: 178.92	MAE: 207.76	RMSE: 255.58
Epoch 101	LOSS: 176.64	MAE: 207.23	RMSE: 255.08
Epoch 102	LOSS: 174.97	MAE: 206.70	RMSE: 254.58
Epoch 103	LOSS: 175.89	MAE: 206.17	RMSE: 254.07
Epoch 104	LOSS: 175.56	MAE: 205.64	RMSE: 253.57
Epoch 105	LOSS: 174.04	MAE: 205.12	RMSE: 253.06
Epoch 106	LOSS: 174.98	MAE: 204.58	RMSE: 252.56
Epoch 107	LOSS: 174.31	MAE: 204.05	RMSE: 252.05
Epoch 108	LOSS: 174.77	MAE: 203.52	RMSE: 251.54
Epoch 109	LOSS: 175.56	MAE: 202.99	RMSE: 251.03
Epoch 110	LOSS: 173.73	MAE: 202.46	RMSE: 250.52
Epoch 111	LOSS: 173.02	MAE: 201.92	RMSE: 250.00
Epoch 112	LOSS: 169.82	MAE: 201.39	RMSE: 249.49
Epoch 113	LOSS: 171.97	MAE: 200.86	RMSE: 248.97
Epoch 114	LOSS: 172.32	MAE: 200.33	RMSE: 248.46
Epoch 115	LOSS: 174.06	MAE: 199.79	RMSE: 247.94
Epoch 116	LOSS: 171.58	MAE: 199.25	RMSE: 247.42
Epoch 117	LOSS: 169.02	MAE: 198.72	RMSE: 246.90
Epoch 118	LOSS: 171.76	MAE: 198.18	RMSE: 246.38
Epoch 119	LOSS: 169.19	MAE: 197.65	RMSE: 245.85
Epoch 120	LOSS: 169.00	MAE: 197.12	RMSE: 245.33
Epoch 121	LOSS: 166.27	MAE: 196.59	RMSE: 244.81
Epoch 122	LOSS: 165.33	MAE: 196.06	RMSE: 244.29
Epoch 123	LOSS: 166.13	MAE: 195.52	RMSE: 243.76
Epoch 124	LOSS: 168.66	MAE: 194.99	RMSE: 243.24
Epoch 125	LOSS: 162.77	MAE: 194.46	RMSE: 242.72
Epoch 126	LOSS: 162.04	MAE: 193.93	RMSE: 242.19
Epoch 127	LOSS: 164.76	MAE: 193.40	RMSE: 241.67
Epoch 128	LOSS: 161.94	MAE: 192.87	RMSE: 241.14
Epoch 129	LOSS: 162.53	MAE: 192.34	RMSE: 240.61
Epoch 130	LOSS: 164.91	MAE: 191.81	RMSE: 240.08
Epoch 131	LOSS: 163.14	MAE: 191.28	RMSE: 239.55
Epoch 132	LOSS: 162.32	MAE: 190.75	RMSE: 239.02
Epoch 133	LOSS: 159.37	MAE: 190.23	RMSE: 238.49
Epoch 134	LOSS: 163.07	MAE: 189.70	RMSE: 237.97
Epoch 135	LOSS: 159.59	MAE: 189.17	RMSE: 237.44
Epoch 136	LOSS: 161.68	MAE: 188.65	RMSE: 236.90
Epoch 137	LOSS: 158.70	MAE: 188.12	RMSE: 236.37
Epoch 138	LOSS: 160.11	MAE: 187.60	RMSE: 235.84
Epoch 139	LOSS: 158.88	MAE: 187.08	RMSE: 235.31
Epoch 140	LOSS: 157.06	MAE: 186.56	RMSE: 234.78
Epoch 141	LOSS: 160.28	MAE: 186.04	RMSE: 234.25
Epoch 142	LOSS: 157.58	MAE: 185.52	RMSE: 233.72
Epoch 143	LOSS: 157.21	MAE: 185.01	RMSE: 233.19
Epoch 144	LOSS: 158.00	MAE: 184.49	RMSE: 232.66
Epoch 145	LOSS: 155.36	MAE: 183.98	RMSE: 232.13
Epoch 146	LOSS: 157.79	MAE: 183.47	RMSE: 231.61
Epoch 147	LOSS: 155.68	MAE: 182.97	RMSE: 231.08
Epoch 148	LOSS: 154.22	MAE: 182.46	RMSE: 230.55
Epoch 149	LOSS: 156.75	MAE: 181.96	RMSE: 230.03
Epoch 150	LOSS: 156.32	MAE: 181.46	RMSE: 229.50
Epoch 151	LOSS: 155.84	MAE: 180.96	RMSE: 228.98
Epoch 152	LOSS: 153.52	MAE: 180.46	RMSE: 228.46
Epoch 153	LOSS: 154.15	MAE: 179.97	RMSE: 227.93
Epoch 154	LOSS: 153.09	MAE: 179.47	RMSE: 227.41
Epoch 155	LOSS: 151.16	MAE: 178.98	RMSE: 226.89
Epoch 156	LOSS: 153.13	MAE: 178.48	RMSE: 226.37
Epoch 157	LOSS: 154.71	MAE: 177.99	RMSE: 225.84
Epoch 158	LOSS: 150.21	MAE: 177.50	RMSE: 225.32
Epoch 159	LOSS: 148.06	MAE: 177.01	RMSE: 224.80
Epoch 160	LOSS: 151.56	MAE: 176.53	RMSE: 224.28
Epoch 161	LOSS: 151.05	MAE: 176.04	RMSE: 223.75
Epoch 162	LOSS: 149.45	MAE: 175.55	RMSE: 223.23
Epoch 163	LOSS: 147.44	MAE: 175.07	RMSE: 222.71
Epoch 164	LOSS: 148.66	MAE: 174.59	RMSE: 222.19
Epoch 165	LOSS: 146.47	MAE: 174.11	RMSE: 221.68
Epoch 166	LOSS: 147.76	MAE: 173.64	RMSE: 221.16
Epoch 167	LOSS: 148.09	MAE: 173.17	RMSE: 220.65
Epoch 168	LOSS: 147.73	MAE: 172.70	RMSE: 220.13
Epoch 169	LOSS: 149.22	MAE: 172.23	RMSE: 219.62
Epoch 170	LOSS: 147.20	MAE: 171.77	RMSE: 219.12
Epoch 171	LOSS: 147.94	MAE: 171.32	RMSE: 218.61
Epoch 172	LOSS: 147.02	MAE: 170.86	RMSE: 218.11
Epoch 173	LOSS: 144.67	MAE: 170.41	RMSE: 217.61
Epoch 174	LOSS: 144.29	MAE: 169.96	RMSE: 217.10
Epoch 175	LOSS: 145.11	MAE: 169.51	RMSE: 216.60
Epoch 176	LOSS: 145.28	MAE: 169.06	RMSE: 216.10
Epoch 177	LOSS: 143.98	MAE: 168.62	RMSE: 215.61
Epoch 178	LOSS: 143.30	MAE: 168.18	RMSE: 215.11
Epoch 179	LOSS: 141.12	MAE: 167.74	RMSE: 214.62
Epoch 180	LOSS: 142.59	MAE: 167.31	RMSE: 214.13
Epoch 181	LOSS: 138.88	MAE: 166.88	RMSE: 213.64
Epoch 182	LOSS: 142.24	MAE: 166.45	RMSE: 213.15
Epoch 183	LOSS: 139.95	MAE: 166.02	RMSE: 212.66
Epoch 184	LOSS: 142.98	MAE: 165.60	RMSE: 212.17
Epoch 185	LOSS: 139.77	MAE: 165.18	RMSE: 211.68
Epoch 186	LOSS: 140.73	MAE: 164.76	RMSE: 211.20
Epoch 187	LOSS: 140.93	MAE: 164.35	RMSE: 210.73
Epoch 188	LOSS: 139.93	MAE: 163.94	RMSE: 210.25
Epoch 189	LOSS: 138.53	MAE: 163.54	RMSE: 209.77
Epoch 190	LOSS: 141.22	MAE: 163.13	RMSE: 209.30
Epoch 191	LOSS: 138.17	MAE: 162.73	RMSE: 208.83
Epoch 192	LOSS: 139.80	MAE: 162.34	RMSE: 208.36
Epoch 193	LOSS: 137.29	MAE: 161.95	RMSE: 207.90
Epoch 194	LOSS: 140.63	MAE: 161.56	RMSE: 207.43
Epoch 195	LOSS: 138.53	MAE: 161.18	RMSE: 206.98
Epoch 196	LOSS: 139.65	MAE: 160.80	RMSE: 206.52
Epoch 197	LOSS: 137.47	MAE: 160.42	RMSE: 206.07
Epoch 198	LOSS: 134.89	MAE: 160.05	RMSE: 205.62
Epoch 199	LOSS: 136.07	MAE: 159.68	RMSE: 205.17
Epoch 200	LOSS: 138.28	MAE: 159.31	RMSE: 204.72
Epoch 201	LOSS: 135.14	MAE: 158.94	RMSE: 204.27
Epoch 202	LOSS: 134.93	MAE: 158.58	RMSE: 203.82
Epoch 203	LOSS: 137.94	MAE: 158.22	RMSE: 203.37
Epoch 204	LOSS: 134.07	MAE: 157.86	RMSE: 202.92
Epoch 205	LOSS: 134.54	MAE: 157.50	RMSE: 202.48
Epoch 206	LOSS: 134.79	MAE: 157.14	RMSE: 202.04
Epoch 207	LOSS: 134.44	MAE: 156.79	RMSE: 201.60
Epoch 208	LOSS: 134.58	MAE: 156.45	RMSE: 201.17
Epoch 209	LOSS: 134.36	MAE: 156.11	RMSE: 200.74
Epoch 210	LOSS: 134.79	MAE: 155.78	RMSE: 200.32
Epoch 211	LOSS: 134.99	MAE: 155.45	RMSE: 199.91
Epoch 212	LOSS: 131.43	MAE: 155.12	RMSE: 199.49
Epoch 213	LOSS: 131.37	MAE: 154.79	RMSE: 199.07
Epoch 214	LOSS: 133.56	MAE: 154.47	RMSE: 198.66
Epoch 215	LOSS: 132.48	MAE: 154.15	RMSE: 198.25
Epoch 216	LOSS: 129.69	MAE: 153.84	RMSE: 197.84
Epoch 217	LOSS: 131.88	MAE: 153.52	RMSE: 197.44
Epoch 218	LOSS: 131.11	MAE: 153.21	RMSE: 197.03
Epoch 219	LOSS: 134.33	MAE: 152.90	RMSE: 196.63
Epoch 220	LOSS: 130.05	MAE: 152.60	RMSE: 196.24
Epoch 221	LOSS: 133.92	MAE: 152.29	RMSE: 195.84
Epoch 222	LOSS: 129.67	MAE: 151.99	RMSE: 195.45
Epoch 223	LOSS: 131.44	MAE: 151.70	RMSE: 195.06
Epoch 224	LOSS: 131.97	MAE: 151.41	RMSE: 194.68
Epoch 225	LOSS: 130.46	MAE: 151.12	RMSE: 194.30
Epoch 226	LOSS: 128.60	MAE: 150.83	RMSE: 193.92
Epoch 227	LOSS: 128.33	MAE: 150.55	RMSE: 193.55
Epoch 228	LOSS: 128.61	MAE: 150.27	RMSE: 193.18
Epoch 229	LOSS: 127.28	MAE: 149.99	RMSE: 192.81
Epoch 230	LOSS: 126.38	MAE: 149.71	RMSE: 192.44
Epoch 231	LOSS: 129.55	MAE: 149.44	RMSE: 192.07
Epoch 232	LOSS: 129.35	MAE: 149.17	RMSE: 191.71
Epoch 233	LOSS: 127.65	MAE: 148.90	RMSE: 191.35
Epoch 234	LOSS: 128.19	MAE: 148.63	RMSE: 190.99
Epoch 235	LOSS: 127.04	MAE: 148.36	RMSE: 190.63
Epoch 236	LOSS: 127.41	MAE: 148.10	RMSE: 190.27
Epoch 237	LOSS: 127.08	MAE: 147.84	RMSE: 189.91
Epoch 238	LOSS: 128.81	MAE: 147.58	RMSE: 189.56
Epoch 239	LOSS: 127.75	MAE: 147.32	RMSE: 189.21
Epoch 240	LOSS: 127.75	MAE: 147.07	RMSE: 188.86
Epoch 241	LOSS: 128.14	MAE: 146.82	RMSE: 188.52
Epoch 242	LOSS: 125.93	MAE: 146.58	RMSE: 188.19
Epoch 243	LOSS: 126.93	MAE: 146.34	RMSE: 187.86
Epoch 244	LOSS: 126.25	MAE: 146.10	RMSE: 187.53
Epoch 245	LOSS: 125.38	MAE: 145.86	RMSE: 187.20
Epoch 246	LOSS: 126.04	MAE: 145.63	RMSE: 186.87
Epoch 247	LOSS: 124.76	MAE: 145.39	RMSE: 186.55
Epoch 248	LOSS: 128.52	MAE: 145.16	RMSE: 186.23
Epoch 249	LOSS: 126.59	MAE: 144.93	RMSE: 185.91
Epoch 250	LOSS: 125.83	MAE: 144.71	RMSE: 185.59
Epoch 251	LOSS: 125.22	MAE: 144.48	RMSE: 185.28
Epoch 252	LOSS: 125.39	MAE: 144.26	RMSE: 184.96
Epoch 253	LOSS: 125.97	MAE: 144.04	RMSE: 184.65
Epoch 254	LOSS: 126.06	MAE: 143.82	RMSE: 184.35
Epoch 255	LOSS: 124.06	MAE: 143.60	RMSE: 184.04
Epoch 256	LOSS: 124.07	MAE: 143.38	RMSE: 183.73
Epoch 257	LOSS: 124.96	MAE: 143.17	RMSE: 183.43
Epoch 258	LOSS: 123.20	MAE: 142.96	RMSE: 183.13
Epoch 259	LOSS: 124.04	MAE: 142.75	RMSE: 182.84
Epoch 260	LOSS: 124.62	MAE: 142.55	RMSE: 182.55
Epoch 261	LOSS: 124.12	MAE: 142.35	RMSE: 182.26
Epoch 262	LOSS: 124.59	MAE: 142.15	RMSE: 181.97
Epoch 263	LOSS: 123.33	MAE: 141.95	RMSE: 181.69
Epoch 264	LOSS: 124.18	MAE: 141.75	RMSE: 181.40
Epoch 265	LOSS: 122.97	MAE: 141.56	RMSE: 181.13
Epoch 266	LOSS: 121.32	MAE: 141.37	RMSE: 180.85
Epoch 267	LOSS: 122.40	MAE: 141.18	RMSE: 180.58
Epoch 268	LOSS: 123.95	MAE: 141.00	RMSE: 180.32
Epoch 269	LOSS: 121.94	MAE: 140.82	RMSE: 180.05
Epoch 270	LOSS: 120.93	MAE: 140.64	RMSE: 179.79
Epoch 271	LOSS: 122.56	MAE: 140.46	RMSE: 179.54
Epoch 272	LOSS: 120.61	MAE: 140.29	RMSE: 179.29
Epoch 273	LOSS: 123.25	MAE: 140.12	RMSE: 179.04
Epoch 274	LOSS: 123.31	MAE: 139.95	RMSE: 178.79
Epoch 275	LOSS: 123.38	MAE: 139.78	RMSE: 178.54
Epoch 276	LOSS: 120.71	MAE: 139.61	RMSE: 178.30
Epoch 277	LOSS: 123.20	MAE: 139.45	RMSE: 178.05
Epoch 278	LOSS: 122.77	MAE: 139.28	RMSE: 177.81
Epoch 279	LOSS: 121.89	MAE: 139.12	RMSE: 177.57
Epoch 280	LOSS: 120.95	MAE: 138.96	RMSE: 177.33
Epoch 281	LOSS: 120.71	MAE: 138.79	RMSE: 177.09
Epoch 282	LOSS: 120.98	MAE: 138.63	RMSE: 176.85
Epoch 283	LOSS: 121.20	MAE: 138.48	RMSE: 176.61
Epoch 284	LOSS: 121.69	MAE: 138.32	RMSE: 176.38
Epoch 285	LOSS: 121.69	MAE: 138.16	RMSE: 176.15
Epoch 286	LOSS: 122.42	MAE: 138.01	RMSE: 175.92
Epoch 287	LOSS: 122.64	MAE: 137.87	RMSE: 175.70
Epoch 288	LOSS: 122.41	MAE: 137.72	RMSE: 175.48
Epoch 289	LOSS: 120.71	MAE: 137.58	RMSE: 175.27
Epoch 290	LOSS: 121.48	MAE: 137.43	RMSE: 175.05
Epoch 291	LOSS: 121.98	MAE: 137.29	RMSE: 174.84
Epoch 292	LOSS: 121.78	MAE: 137.15	RMSE: 174.63
Epoch 293	LOSS: 120.52	MAE: 137.02	RMSE: 174.43
Epoch 294	LOSS: 119.15	MAE: 136.89	RMSE: 174.22
Epoch 295	LOSS: 120.94	MAE: 136.75	RMSE: 174.02
Epoch 296	LOSS: 120.47	MAE: 136.62	RMSE: 173.82
Epoch 297	LOSS: 122.34	MAE: 136.49	RMSE: 173.63
Epoch 298	LOSS: 119.72	MAE: 136.37	RMSE: 173.44
Epoch 299	LOSS: 120.05	MAE: 136.24	RMSE: 173.25
Epoch 300	LOSS: 120.51	MAE: 136.12	RMSE: 173.06
Epoch 301	LOSS: 121.47	MAE: 136.00	RMSE: 172.87
Epoch 302	LOSS: 120.73	MAE: 135.87	RMSE: 172.68
Epoch 303	LOSS: 119.80	MAE: 135.75	RMSE: 172.49
Epoch 304	LOSS: 119.56	MAE: 135.63	RMSE: 172.30
Epoch 305	LOSS: 119.52	MAE: 135.51	RMSE: 172.12
Epoch 306	LOSS: 120.04	MAE: 135.40	RMSE: 171.94
Epoch 307	LOSS: 118.47	MAE: 135.28	RMSE: 171.77
Epoch 308	LOSS: 120.30	MAE: 135.17	RMSE: 171.60
Epoch 309	LOSS: 120.49	MAE: 135.06	RMSE: 171.43
Epoch 310	LOSS: 118.81	MAE: 134.96	RMSE: 171.26
Epoch 311	LOSS: 119.46	MAE: 134.85	RMSE: 171.09
Epoch 312	LOSS: 119.44	MAE: 134.74	RMSE: 170.93
Epoch 313	LOSS: 119.68	MAE: 134.64	RMSE: 170.76
Epoch 314	LOSS: 120.33	MAE: 134.54	RMSE: 170.60
Epoch 315	LOSS: 119.47	MAE: 134.44	RMSE: 170.45
Epoch 316	LOSS: 120.32	MAE: 134.34	RMSE: 170.30
Epoch 317	LOSS: 118.26	MAE: 134.24	RMSE: 170.14
Epoch 318	LOSS: 118.56	MAE: 134.15	RMSE: 169.99
Epoch 319	LOSS: 119.40	MAE: 134.05	RMSE: 169.85
Epoch 320	LOSS: 119.72	MAE: 133.96	RMSE: 169.70
Epoch 321	LOSS: 118.44	MAE: 133.86	RMSE: 169.55
Epoch 322	LOSS: 119.76	MAE: 133.77	RMSE: 169.40
Epoch 323	LOSS: 120.27	MAE: 133.67	RMSE: 169.25
Epoch 324	LOSS: 118.84	MAE: 133.58	RMSE: 169.10
Epoch 325	LOSS: 119.44	MAE: 133.49	RMSE: 168.95
Epoch 326	LOSS: 119.22	MAE: 133.40	RMSE: 168.81
Epoch 327	LOSS: 120.35	MAE: 133.31	RMSE: 168.67
Epoch 328	LOSS: 119.59	MAE: 133.22	RMSE: 168.53
Epoch 329	LOSS: 119.47	MAE: 133.14	RMSE: 168.40
Epoch 330	LOSS: 118.28	MAE: 133.06	RMSE: 168.26
Epoch 331	LOSS: 120.52	MAE: 132.97	RMSE: 168.13
Epoch 332	LOSS: 118.58	MAE: 132.89	RMSE: 168.00
Epoch 333	LOSS: 118.98	MAE: 132.81	RMSE: 167.88
Epoch 334	LOSS: 119.05	MAE: 132.74	RMSE: 167.75
Epoch 335	LOSS: 117.83	MAE: 132.66	RMSE: 167.63
Epoch 336	LOSS: 118.98	MAE: 132.59	RMSE: 167.52
Epoch 337	LOSS: 119.52	MAE: 132.52	RMSE: 167.40
Epoch 338	LOSS: 118.42	MAE: 132.44	RMSE: 167.28
Epoch 339	LOSS: 117.33	MAE: 132.37	RMSE: 167.16
Epoch 340	LOSS: 119.63	MAE: 132.30	RMSE: 167.04
Epoch 341	LOSS: 118.02	MAE: 132.22	RMSE: 166.92
Epoch 342	LOSS: 117.87	MAE: 132.23	RMSE: 166.95
Epoch 343	LOSS: 119.54	MAE: 132.11	RMSE: 166.74
Epoch 344	LOSS: 115.83	MAE: 132.09	RMSE: 166.70
Epoch 345	LOSS: 118.64	MAE: 131.98	RMSE: 166.54
Epoch 346	LOSS: 139.77	MAE: 140.07	RMSE: 177.66
Epoch 347	LOSS: 119.26	MAE: 132.74	RMSE: 167.85
Epoch 348	LOSS: 117.82	MAE: 131.93	RMSE: 166.95
Epoch 349	LOSS: 117.02	MAE: 131.62	RMSE: 169.12
Epoch 350	LOSS: 110.71	MAE: 129.31	RMSE: 165.37
Epoch 351	LOSS: 105.97	MAE: 127.52	RMSE: 164.21
Epoch 352	LOSS: 106.24	MAE: 126.73	RMSE: 163.75
Epoch 353	LOSS: 106.68	MAE: 126.24	RMSE: 163.25
Epoch 354	LOSS: 106.03	MAE: 126.67	RMSE: 163.60
Epoch 355	LOSS: 105.74	MAE: 125.63	RMSE: 162.37
Epoch 356	LOSS: 104.10	MAE: 125.24	RMSE: 162.01
Epoch 357	LOSS: 105.15	MAE: 125.49	RMSE: 162.56
Epoch 358	LOSS: 103.43	MAE: 125.82	RMSE: 163.17
Epoch 359	LOSS: 104.06	MAE: 125.80	RMSE: 163.16
Epoch 360	LOSS: 103.30	MAE: 125.58	RMSE: 162.93
Epoch 361	LOSS: 102.97	MAE: 124.14	RMSE: 160.62
Epoch 362	LOSS: 101.98	MAE: 123.89	RMSE: 160.10
Epoch 363	LOSS: 103.39	MAE: 123.52	RMSE: 159.75
Epoch 364	LOSS: 102.12	MAE: 123.12	RMSE: 159.34
Epoch 365	LOSS: 102.37	MAE: 122.71	RMSE: 159.11
Epoch 366	LOSS: 102.36	MAE: 122.26	RMSE: 158.53
Epoch 367	LOSS: 104.14	MAE: 122.25	RMSE: 158.22
Epoch 368	LOSS: 101.23	MAE: 122.26	RMSE: 158.00
Epoch 369	LOSS: 99.81	MAE: 121.54	RMSE: 157.58
Epoch 370	LOSS: 100.22	MAE: 121.92	RMSE: 157.87
Epoch 371	LOSS: 101.01	MAE: 121.11	RMSE: 156.87
Epoch 372	LOSS: 99.64	MAE: 120.77	RMSE: 156.55
Epoch 373	LOSS: 100.79	MAE: 120.99	RMSE: 156.70
Epoch 374	LOSS: 100.04	MAE: 120.74	RMSE: 156.36
Epoch 375	LOSS: 100.06	MAE: 120.16	RMSE: 155.67
Epoch 376	LOSS: 98.91	MAE: 119.98	RMSE: 155.38
Epoch 377	LOSS: 100.74	MAE: 120.11	RMSE: 155.45
Epoch 378	LOSS: 98.81	MAE: 119.89	RMSE: 155.14
Epoch 379	LOSS: 99.12	MAE: 119.53	RMSE: 154.70
Epoch 380	LOSS: 99.18	MAE: 119.40	RMSE: 154.47
Epoch 381	LOSS: 98.19	MAE: 119.39	RMSE: 154.37
Epoch 382	LOSS: 98.68	MAE: 119.05	RMSE: 153.95
Epoch 383	LOSS: 98.55	MAE: 118.89	RMSE: 153.71
Epoch 384	LOSS: 98.11	MAE: 118.87	RMSE: 153.62
Epoch 385	LOSS: 99.18	MAE: 118.51	RMSE: 153.18
Epoch 386	LOSS: 96.23	MAE: 118.25	RMSE: 152.84
Epoch 387	LOSS: 98.02	MAE: 118.32	RMSE: 152.83
Epoch 388	LOSS: 96.35	MAE: 117.94	RMSE: 152.36
Epoch 389	LOSS: 96.66	MAE: 117.77	RMSE: 152.12
Epoch 390	LOSS: 96.53	MAE: 117.76	RMSE: 152.05
Epoch 391	LOSS: 95.37	MAE: 117.42	RMSE: 151.62
Epoch 392	LOSS: 96.90	MAE: 117.30	RMSE: 151.43
Epoch 393	LOSS: 95.46	MAE: 117.35	RMSE: 151.42
Epoch 394	LOSS: 97.15	MAE: 116.94	RMSE: 150.90
Epoch 395	LOSS: 96.42	MAE: 116.94	RMSE: 150.86
Epoch 396	LOSS: 94.81	MAE: 116.85	RMSE: 150.71
Epoch 397	LOSS: 96.25	MAE: 116.54	RMSE: 150.27
Epoch 398	LOSS: 95.59	MAE: 116.45	RMSE: 150.16
Epoch 399	LOSS: 95.04	MAE: 116.32	RMSE: 149.97
Epoch 400	LOSS: 96.90	MAE: 116.14	RMSE: 149.71
Epoch 401	LOSS: 95.96	MAE: 116.05	RMSE: 149.58
Epoch 402	LOSS: 95.97	MAE: 115.84	RMSE: 149.26
Epoch 403	LOSS: 96.75	MAE: 115.77	RMSE: 149.15
Epoch 404	LOSS: 94.68	MAE: 115.64	RMSE: 148.94
Epoch 405	LOSS: 95.61	MAE: 115.47	RMSE: 148.68
Epoch 406	LOSS: 96.60	MAE: 115.41	RMSE: 148.57
Epoch 407	LOSS: 93.59	MAE: 115.27	RMSE: 148.35
Epoch 408	LOSS: 94.15	MAE: 115.14	RMSE: 148.15
Epoch 409	LOSS: 93.42	MAE: 115.08	RMSE: 148.05
Epoch 410	LOSS: 93.23	MAE: 114.98	RMSE: 147.87
Epoch 411	LOSS: 94.17	MAE: 114.88	RMSE: 147.70
Epoch 412	LOSS: 92.17	MAE: 114.82	RMSE: 147.57
Epoch 413	LOSS: 93.92	MAE: 114.70	RMSE: 147.38
Epoch 414	LOSS: 93.85	MAE: 114.61	RMSE: 147.24
Epoch 415	LOSS: 94.49	MAE: 114.51	RMSE: 147.07
Epoch 416	LOSS: 93.27	MAE: 114.46	RMSE: 146.97
Epoch 417	LOSS: 92.78	MAE: 114.38	RMSE: 146.82
Epoch 418	LOSS: 93.25	MAE: 114.32	RMSE: 146.69
Epoch 419	LOSS: 92.72	MAE: 114.22	RMSE: 146.54
Epoch 420	LOSS: 92.69	MAE: 114.16	RMSE: 146.42
Epoch 421	LOSS: 93.23	MAE: 114.06	RMSE: 146.23
Epoch 422	LOSS: 93.70	MAE: 114.34	RMSE: 146.57
Epoch 423	LOSS: 92.75	MAE: 114.16	RMSE: 146.05
Epoch 424	LOSS: 92.58	MAE: 114.26	RMSE: 146.35
Epoch 425	LOSS: 91.54	MAE: 114.15	RMSE: 145.91
Epoch 426	LOSS: 93.66	MAE: 113.97	RMSE: 145.91
Epoch 427	LOSS: 92.66	MAE: 113.86	RMSE: 145.61
Epoch 428	LOSS: 91.92	MAE: 114.01	RMSE: 145.87
Epoch 429	LOSS: 92.33	MAE: 113.90	RMSE: 145.64
Epoch 430	LOSS: 91.96	MAE: 113.90	RMSE: 145.39
Epoch 431	LOSS: 91.34	MAE: 113.73	RMSE: 145.39
Epoch 432	LOSS: 91.95	MAE: 113.80	RMSE: 145.25
Epoch 433	LOSS: 91.86	MAE: 113.63	RMSE: 145.23
Epoch 434	LOSS: 91.02	MAE: 113.59	RMSE: 144.98
Epoch 435	LOSS: 92.08	MAE: 113.57	RMSE: 145.09
Epoch 436	LOSS: 89.53	MAE: 113.55	RMSE: 144.90
Epoch 437	LOSS: 90.98	MAE: 113.35	RMSE: 144.70
Epoch 438	LOSS: 91.85	MAE: 113.47	RMSE: 144.87
Epoch 439	LOSS: 91.90	MAE: 113.31	RMSE: 144.58
Epoch 440	LOSS: 92.05	MAE: 113.35	RMSE: 144.62
Epoch 441	LOSS: 91.53	MAE: 113.24	RMSE: 144.40
Epoch 442	LOSS: 90.56	MAE: 113.29	RMSE: 144.56
Epoch 443	LOSS: 90.72	MAE: 113.19	RMSE: 144.33
Epoch 444	LOSS: 91.07	MAE: 113.10	RMSE: 144.24
Epoch 445	LOSS: 90.14	MAE: 113.07	RMSE: 144.11
Epoch 446	LOSS: 90.57	MAE: 113.08	RMSE: 144.14
Epoch 447	LOSS: 92.06	MAE: 113.12	RMSE: 144.11
Epoch 448	LOSS: 91.28	MAE: 113.00	RMSE: 143.96
Epoch 449	LOSS: 90.81	MAE: 113.01	RMSE: 143.96
Epoch 450	LOSS: 92.78	MAE: 113.03	RMSE: 143.91
Epoch 451	LOSS: 89.63	MAE: 112.97	RMSE: 143.88
Epoch 452	LOSS: 89.99	MAE: 112.92	RMSE: 143.68
Epoch 453	LOSS: 90.80	MAE: 112.98	RMSE: 143.82
Epoch 454	LOSS: 91.02	MAE: 112.94	RMSE: 143.64
Epoch 455	LOSS: 91.86	MAE: 112.94	RMSE: 143.67
Epoch 456	LOSS: 90.28	MAE: 112.86	RMSE: 143.54
Epoch 457	LOSS: 90.90	MAE: 112.85	RMSE: 143.58
Epoch 458	LOSS: 89.91	MAE: 112.78	RMSE: 143.45
Epoch 459	LOSS: 90.21	MAE: 112.75	RMSE: 143.33
Epoch 460	LOSS: 90.51	MAE: 112.77	RMSE: 143.41
Epoch 461	LOSS: 90.43	MAE: 112.86	RMSE: 143.52
Epoch 462	LOSS: 89.60	MAE: 112.72	RMSE: 143.21
Epoch 463	LOSS: 90.28	MAE: 112.78	RMSE: 143.35
Epoch 464	LOSS: 90.27	MAE: 112.71	RMSE: 143.16
Epoch 465	LOSS: 89.85	MAE: 112.81	RMSE: 143.30
Epoch 466	LOSS: 89.79	MAE: 112.72	RMSE: 143.19
Epoch 467	LOSS: 91.06	MAE: 112.68	RMSE: 143.08
Epoch 468	LOSS: 90.28	MAE: 112.76	RMSE: 143.23
Epoch 469	LOSS: 90.72	MAE: 112.64	RMSE: 142.94
Epoch 470	LOSS: 90.29	MAE: 112.87	RMSE: 143.37
Epoch 471	LOSS: 90.63	MAE: 112.71	RMSE: 142.92
Epoch 472	LOSS: 89.87	MAE: 112.81	RMSE: 143.14
Epoch 473	LOSS: 90.35	MAE: 112.64	RMSE: 142.86
Epoch 474	LOSS: 90.09	MAE: 112.69	RMSE: 143.08
Epoch 475	LOSS: 89.18	MAE: 112.61	RMSE: 142.84
Epoch 476	LOSS: 90.01	MAE: 112.68	RMSE: 142.93
Epoch 477	LOSS: 90.18	MAE: 112.60	RMSE: 142.81
Epoch 478	LOSS: 89.17	MAE: 112.57	RMSE: 142.78
Epoch 479	LOSS: 89.95	MAE: 112.60	RMSE: 142.78
Epoch 480	LOSS: 89.41	MAE: 112.60	RMSE: 142.79
Epoch 481	LOSS: 90.82	MAE: 112.64	RMSE: 142.91
Epoch 482	LOSS: 89.62	MAE: 112.63	RMSE: 142.65
Epoch 483	LOSS: 90.39	MAE: 112.72	RMSE: 142.99
Epoch 484	LOSS: 88.65	MAE: 112.52	RMSE: 142.66
Epoch 485	LOSS: 89.44	MAE: 112.52	RMSE: 142.76
Epoch 486	LOSS: 90.44	MAE: 112.52	RMSE: 142.73
Epoch 487	LOSS: 89.68	MAE: 112.50	RMSE: 142.57
Epoch 488	LOSS: 88.99	MAE: 112.66	RMSE: 142.89
Epoch 489	LOSS: 90.85	MAE: 112.63	RMSE: 142.50
Epoch 490	LOSS: 89.79	MAE: 112.68	RMSE: 142.86
Epoch 491	LOSS: 88.50	MAE: 112.58	RMSE: 142.48
Epoch 492	LOSS: 88.18	MAE: 112.66	RMSE: 142.90
Epoch 493	LOSS: 88.98	MAE: 112.50	RMSE: 142.53
Epoch 494	LOSS: 89.63	MAE: 112.56	RMSE: 142.65
Epoch 495	LOSS: 88.11	MAE: 112.87	RMSE: 143.64
Epoch 496	LOSS: 88.42	MAE: 112.96	RMSE: 143.40
Epoch 497	LOSS: 90.47	MAE: 112.93	RMSE: 142.60
Epoch 498	LOSS: 90.38	MAE: 113.34	RMSE: 144.11
Epoch 499	LOSS: 91.02	MAE: 112.70	RMSE: 142.70
