Epoch 000	LOSS: 120.49	MAE: 61.86	RMSE: 62.63
Epoch 001	LOSS: 119.86	MAE: 61.39	RMSE: 62.16
Epoch 002	LOSS: 118.82	MAE: 60.89	RMSE: 61.68
Epoch 003	LOSS: 117.90	MAE: 60.37	RMSE: 61.16
Epoch 004	LOSS: 116.79	MAE: 59.82	RMSE: 60.62
Epoch 005	LOSS: 115.56	MAE: 59.26	RMSE: 60.07
Epoch 006	LOSS: 115.03	MAE: 58.73	RMSE: 59.54
Epoch 007	LOSS: 113.79	MAE: 58.21	RMSE: 59.03
Epoch 008	LOSS: 112.66	MAE: 57.69	RMSE: 58.52
Epoch 009	LOSS: 111.33	MAE: 57.17	RMSE: 58.01
Epoch 010	LOSS: 110.74	MAE: 56.65	RMSE: 57.50
Epoch 011	LOSS: 109.31	MAE: 56.14	RMSE: 56.99
Epoch 012	LOSS: 108.20	MAE: 55.63	RMSE: 56.49
Epoch 013	LOSS: 107.36	MAE: 55.12	RMSE: 55.99
Epoch 014	LOSS: 106.53	MAE: 54.61	RMSE: 55.49
Epoch 015	LOSS: 105.41	MAE: 54.10	RMSE: 54.99
Epoch 016	LOSS: 104.40	MAE: 53.59	RMSE: 54.48
Epoch 017	LOSS: 103.62	MAE: 53.09	RMSE: 53.99
Epoch 018	LOSS: 102.80	MAE: 52.58	RMSE: 53.49
Epoch 019	LOSS: 100.89	MAE: 52.08	RMSE: 53.00
Epoch 020	LOSS: 100.38	MAE: 51.58	RMSE: 52.50
Epoch 021	LOSS: 99.55	MAE: 51.08	RMSE: 52.01
Epoch 022	LOSS: 98.74	MAE: 50.58	RMSE: 51.52
Epoch 023	LOSS: 97.39	MAE: 50.08	RMSE: 51.03
Epoch 024	LOSS: 96.62	MAE: 49.58	RMSE: 50.54
Epoch 025	LOSS: 95.67	MAE: 49.08	RMSE: 50.05
Epoch 026	LOSS: 94.62	MAE: 48.58	RMSE: 49.56
Epoch 027	LOSS: 93.82	MAE: 48.08	RMSE: 49.07
Epoch 028	LOSS: 92.61	MAE: 47.59	RMSE: 48.58
Epoch 029	LOSS: 91.49	MAE: 47.10	RMSE: 48.10
Epoch 030	LOSS: 90.52	MAE: 46.60	RMSE: 47.61
Epoch 031	LOSS: 89.73	MAE: 46.11	RMSE: 47.13
Epoch 032	LOSS: 88.53	MAE: 45.62	RMSE: 46.64
Epoch 033	LOSS: 87.46	MAE: 45.13	RMSE: 46.16
Epoch 034	LOSS: 86.79	MAE: 44.65	RMSE: 45.68
Epoch 035	LOSS: 85.89	MAE: 44.16	RMSE: 45.20
Epoch 036	LOSS: 84.29	MAE: 43.67	RMSE: 44.72
Epoch 037	LOSS: 83.62	MAE: 43.19	RMSE: 44.24
Epoch 038	LOSS: 82.78	MAE: 42.71	RMSE: 43.76
Epoch 039	LOSS: 81.95	MAE: 42.23	RMSE: 43.29
Epoch 040	LOSS: 81.03	MAE: 41.75	RMSE: 42.81
Epoch 041	LOSS: 79.59	MAE: 41.27	RMSE: 42.34
Epoch 042	LOSS: 78.83	MAE: 40.79	RMSE: 41.86
Epoch 043	LOSS: 78.35	MAE: 40.31	RMSE: 41.39
Epoch 044	LOSS: 77.20	MAE: 39.84	RMSE: 40.92
Epoch 045	LOSS: 76.41	MAE: 39.37	RMSE: 40.45
Epoch 046	LOSS: 74.90	MAE: 38.90	RMSE: 39.98
Epoch 047	LOSS: 74.28	MAE: 38.43	RMSE: 39.51
Epoch 048	LOSS: 73.54	MAE: 37.96	RMSE: 39.04
Epoch 049	LOSS: 72.57	MAE: 37.49	RMSE: 38.58
Epoch 050	LOSS: 71.69	MAE: 37.03	RMSE: 38.11
Epoch 051	LOSS: 70.40	MAE: 36.56	RMSE: 37.65
Epoch 052	LOSS: 69.65	MAE: 36.10	RMSE: 37.19
Epoch 053	LOSS: 68.70	MAE: 35.64	RMSE: 36.73
Epoch 054	LOSS: 67.82	MAE: 35.18	RMSE: 36.26
Epoch 055	LOSS: 66.63	MAE: 34.72	RMSE: 35.81
Epoch 056	LOSS: 66.17	MAE: 34.27	RMSE: 35.35
Epoch 057	LOSS: 65.21	MAE: 33.81	RMSE: 34.89
Epoch 058	LOSS: 64.24	MAE: 33.36	RMSE: 34.44
Epoch 059	LOSS: 63.52	MAE: 32.91	RMSE: 33.98
Epoch 060	LOSS: 62.45	MAE: 32.46	RMSE: 33.53
Epoch 061	LOSS: 61.46	MAE: 32.01	RMSE: 33.08
Epoch 062	LOSS: 60.86	MAE: 31.56	RMSE: 32.63
Epoch 063	LOSS: 59.94	MAE: 31.12	RMSE: 32.18
Epoch 064	LOSS: 59.02	MAE: 30.68	RMSE: 31.74
Epoch 065	LOSS: 58.12	MAE: 30.24	RMSE: 31.29
Epoch 066	LOSS: 57.28	MAE: 29.80	RMSE: 30.85
Epoch 067	LOSS: 56.06	MAE: 29.36	RMSE: 30.41
Epoch 068	LOSS: 55.31	MAE: 28.92	RMSE: 29.97
Epoch 069	LOSS: 54.55	MAE: 28.49	RMSE: 29.53
Epoch 070	LOSS: 53.68	MAE: 28.06	RMSE: 29.10
Epoch 071	LOSS: 52.69	MAE: 27.63	RMSE: 28.66
Epoch 072	LOSS: 51.82	MAE: 27.20	RMSE: 28.23
Epoch 073	LOSS: 51.13	MAE: 26.77	RMSE: 27.80
Epoch 074	LOSS: 50.35	MAE: 26.34	RMSE: 27.37
Epoch 075	LOSS: 49.48	MAE: 25.92	RMSE: 26.95
Epoch 076	LOSS: 48.70	MAE: 25.49	RMSE: 26.52
Epoch 077	LOSS: 47.85	MAE: 25.07	RMSE: 26.10
Epoch 078	LOSS: 46.96	MAE: 24.65	RMSE: 25.68
Epoch 079	LOSS: 46.09	MAE: 24.23	RMSE: 25.27
Epoch 080	LOSS: 45.24	MAE: 23.81	RMSE: 24.85
Epoch 081	LOSS: 44.40	MAE: 23.40	RMSE: 24.44
Epoch 082	LOSS: 43.69	MAE: 22.98	RMSE: 24.03
Epoch 083	LOSS: 42.77	MAE: 22.57	RMSE: 23.62
Epoch 084	LOSS: 42.15	MAE: 22.15	RMSE: 23.21
Epoch 085	LOSS: 41.09	MAE: 21.74	RMSE: 22.81
Epoch 086	LOSS: 40.39	MAE: 21.34	RMSE: 22.41
Epoch 087	LOSS: 39.61	MAE: 20.93	RMSE: 22.02
Epoch 088	LOSS: 38.68	MAE: 20.53	RMSE: 21.62
Epoch 089	LOSS: 37.97	MAE: 20.12	RMSE: 21.24
Epoch 090	LOSS: 37.17	MAE: 19.72	RMSE: 20.85
Epoch 091	LOSS: 36.44	MAE: 19.32	RMSE: 20.47
Epoch 092	LOSS: 35.41	MAE: 18.92	RMSE: 20.09
Epoch 093	LOSS: 34.69	MAE: 18.52	RMSE: 19.71
Epoch 094	LOSS: 34.01	MAE: 18.13	RMSE: 19.34
Epoch 095	LOSS: 33.31	MAE: 17.73	RMSE: 18.98
Epoch 096	LOSS: 32.37	MAE: 17.34	RMSE: 18.61
Epoch 097	LOSS: 31.61	MAE: 16.95	RMSE: 18.26
Epoch 098	LOSS: 30.88	MAE: 16.56	RMSE: 17.90
Epoch 099	LOSS: 30.09	MAE: 16.17	RMSE: 17.56
Epoch 100	LOSS: 29.31	MAE: 15.79	RMSE: 17.22
Epoch 101	LOSS: 28.60	MAE: 15.40	RMSE: 16.88
Epoch 102	LOSS: 27.69	MAE: 15.02	RMSE: 16.55
Epoch 103	LOSS: 27.06	MAE: 14.64	RMSE: 16.23
Epoch 104	LOSS: 26.23	MAE: 14.26	RMSE: 15.91
Epoch 105	LOSS: 25.32	MAE: 13.89	RMSE: 15.60
Epoch 106	LOSS: 24.88	MAE: 13.52	RMSE: 15.30
Epoch 107	LOSS: 24.06	MAE: 13.15	RMSE: 15.01
Epoch 108	LOSS: 23.31	MAE: 12.78	RMSE: 14.72
Epoch 109	LOSS: 22.61	MAE: 12.42	RMSE: 14.45
Epoch 110	LOSS: 21.81	MAE: 12.06	RMSE: 14.18
Epoch 111	LOSS: 21.08	MAE: 11.71	RMSE: 13.93
Epoch 112	LOSS: 20.49	MAE: 11.36	RMSE: 13.68
Epoch 113	LOSS: 19.81	MAE: 11.02	RMSE: 13.45
Epoch 114	LOSS: 18.99	MAE: 10.68	RMSE: 13.23
Epoch 115	LOSS: 18.41	MAE: 10.35	RMSE: 13.02
Epoch 116	LOSS: 17.73	MAE: 10.02	RMSE: 12.82
Epoch 117	LOSS: 17.17	MAE: 9.70	RMSE: 12.63
Epoch 118	LOSS: 16.55	MAE: 9.39	RMSE: 12.46
Epoch 119	LOSS: 15.87	MAE: 9.09	RMSE: 12.30
Epoch 120	LOSS: 15.25	MAE: 8.81	RMSE: 12.15
Epoch 121	LOSS: 14.75	MAE: 8.53	RMSE: 12.02
Epoch 122	LOSS: 14.28	MAE: 8.26	RMSE: 11.90
Epoch 123	LOSS: 13.67	MAE: 8.01	RMSE: 11.80
Epoch 124	LOSS: 13.28	MAE: 7.78	RMSE: 11.71
Epoch 125	LOSS: 12.70	MAE: 7.56	RMSE: 11.63
Epoch 126	LOSS: 12.30	MAE: 7.35	RMSE: 11.56
Epoch 127	LOSS: 11.83	MAE: 7.16	RMSE: 11.50
Epoch 128	LOSS: 11.39	MAE: 6.98	RMSE: 11.46
Epoch 129	LOSS: 11.31	MAE: 6.82	RMSE: 11.43
Epoch 130	LOSS: 10.92	MAE: 6.67	RMSE: 11.40
Epoch 131	LOSS: 10.67	MAE: 6.54	RMSE: 11.39
Epoch 132	LOSS: 10.39	MAE: 6.43	RMSE: 11.38
Epoch 133	LOSS: 10.15	MAE: 6.32	RMSE: 11.37
Epoch 134	LOSS: 9.82	MAE: 6.23	RMSE: 11.38
Epoch 135	LOSS: 9.76	MAE: 6.15	RMSE: 11.39
Epoch 136	LOSS: 9.57	MAE: 6.09	RMSE: 11.40
Epoch 137	LOSS: 9.45	MAE: 6.03	RMSE: 11.41
Epoch 138	LOSS: 9.59	MAE: 5.98	RMSE: 11.43
Epoch 139	LOSS: 9.17	MAE: 5.94	RMSE: 11.44
Epoch 140	LOSS: 9.25	MAE: 5.91	RMSE: 11.46
Epoch 141	LOSS: 9.05	MAE: 5.88	RMSE: 11.48
Epoch 142	LOSS: 9.34	MAE: 5.86	RMSE: 11.50
Epoch 143	LOSS: 9.15	MAE: 5.84	RMSE: 11.51
Epoch 144	LOSS: 8.91	MAE: 5.83	RMSE: 11.53
Epoch 145	LOSS: 8.94	MAE: 5.82	RMSE: 11.54
Epoch 146	LOSS: 9.04	MAE: 5.81	RMSE: 11.56
Epoch 147	LOSS: 8.92	MAE: 5.80	RMSE: 11.57
Epoch 148	LOSS: 9.01	MAE: 5.80	RMSE: 11.58
Epoch 149	LOSS: 8.93	MAE: 5.79	RMSE: 11.59
Epoch 150	LOSS: 8.94	MAE: 5.79	RMSE: 11.60
Epoch 151	LOSS: 8.79	MAE: 5.79	RMSE: 11.60
Epoch 152	LOSS: 8.79	MAE: 5.79	RMSE: 11.61
Epoch 153	LOSS: 8.92	MAE: 5.78	RMSE: 11.61
Epoch 154	LOSS: 9.09	MAE: 5.78	RMSE: 11.62
Epoch 155	LOSS: 9.01	MAE: 5.78	RMSE: 11.62
Epoch 156	LOSS: 9.16	MAE: 5.78	RMSE: 11.63
Epoch 157	LOSS: 9.05	MAE: 5.78	RMSE: 11.63
Epoch 158	LOSS: 8.90	MAE: 5.78	RMSE: 11.63
Epoch 159	LOSS: 9.00	MAE: 5.78	RMSE: 11.63
Epoch 160	LOSS: 9.01	MAE: 5.78	RMSE: 11.64
Epoch 161	LOSS: 8.86	MAE: 5.78	RMSE: 11.64
Epoch 162	LOSS: 8.83	MAE: 5.78	RMSE: 11.64
Epoch 163	LOSS: 9.00	MAE: 5.78	RMSE: 11.65
Epoch 164	LOSS: 8.92	MAE: 5.78	RMSE: 11.65
Epoch 165	LOSS: 9.20	MAE: 5.78	RMSE: 11.65
Epoch 166	LOSS: 8.98	MAE: 5.78	RMSE: 11.65
Epoch 167	LOSS: 8.97	MAE: 5.78	RMSE: 11.65
Epoch 168	LOSS: 8.95	MAE: 5.78	RMSE: 11.65
Epoch 169	LOSS: 8.85	MAE: 5.78	RMSE: 11.66
Epoch 170	LOSS: 8.70	MAE: 5.78	RMSE: 11.66
Epoch 171	LOSS: 9.12	MAE: 5.78	RMSE: 11.66
Epoch 172	LOSS: 8.92	MAE: 5.78	RMSE: 11.66
Epoch 173	LOSS: 8.94	MAE: 5.78	RMSE: 11.66
Epoch 174	LOSS: 8.94	MAE: 5.78	RMSE: 11.66
Epoch 175	LOSS: 9.02	MAE: 5.78	RMSE: 11.66
Epoch 176	LOSS: 9.03	MAE: 5.78	RMSE: 11.66
Epoch 177	LOSS: 8.96	MAE: 5.78	RMSE: 11.66
Epoch 178	LOSS: 9.21	MAE: 5.78	RMSE: 11.66
Epoch 179	LOSS: 8.83	MAE: 5.78	RMSE: 11.66
Epoch 180	LOSS: 8.87	MAE: 5.78	RMSE: 11.66
Epoch 181	LOSS: 8.92	MAE: 5.78	RMSE: 11.66
Epoch 182	LOSS: 8.97	MAE: 5.78	RMSE: 11.66
Epoch 183	LOSS: 8.81	MAE: 5.78	RMSE: 11.66
Epoch 184	LOSS: 8.86	MAE: 5.78	RMSE: 11.66
Epoch 185	LOSS: 8.95	MAE: 5.78	RMSE: 11.66
Epoch 186	LOSS: 8.90	MAE: 5.78	RMSE: 11.66
Epoch 187	LOSS: 8.65	MAE: 5.78	RMSE: 11.66
Epoch 188	LOSS: 9.08	MAE: 5.78	RMSE: 11.66
Epoch 189	LOSS: 8.95	MAE: 5.78	RMSE: 11.66
Epoch 190	LOSS: 8.74	MAE: 5.78	RMSE: 11.66
Epoch 191	LOSS: 8.82	MAE: 5.78	RMSE: 11.66
Epoch 192	LOSS: 8.90	MAE: 5.78	RMSE: 11.66
Epoch 193	LOSS: 8.82	MAE: 5.78	RMSE: 11.66
Epoch 194	LOSS: 8.99	MAE: 5.78	RMSE: 11.66
Epoch 195	LOSS: 9.00	MAE: 5.78	RMSE: 11.66
Epoch 196	LOSS: 8.93	MAE: 5.78	RMSE: 11.66
Epoch 197	LOSS: 9.02	MAE: 5.78	RMSE: 11.66
Epoch 198	LOSS: 8.87	MAE: 5.78	RMSE: 11.66
Epoch 199	LOSS: 9.09	MAE: 5.77	RMSE: 11.66
Epoch 200	LOSS: 8.95	MAE: 5.77	RMSE: 11.66
Epoch 201	LOSS: 8.70	MAE: 5.78	RMSE: 11.66
Epoch 202	LOSS: 8.65	MAE: 5.78	RMSE: 11.66
Epoch 203	LOSS: 8.71	MAE: 5.77	RMSE: 11.66
Epoch 204	LOSS: 8.88	MAE: 5.77	RMSE: 11.66
Epoch 205	LOSS: 8.85	MAE: 5.77	RMSE: 11.66
Epoch 206	LOSS: 8.73	MAE: 5.77	RMSE: 11.66
Epoch 207	LOSS: 8.78	MAE: 5.78	RMSE: 11.66
Epoch 208	LOSS: 8.86	MAE: 5.78	RMSE: 11.66
Epoch 209	LOSS: 8.90	MAE: 5.78	RMSE: 11.66
Epoch 210	LOSS: 8.77	MAE: 5.78	RMSE: 11.66
Epoch 211	LOSS: 8.89	MAE: 5.78	RMSE: 11.66
Epoch 212	LOSS: 8.94	MAE: 5.78	RMSE: 11.66
Epoch 213	LOSS: 8.82	MAE: 5.78	RMSE: 11.66
Epoch 214	LOSS: 8.78	MAE: 5.78	RMSE: 11.66
Epoch 215	LOSS: 8.92	MAE: 5.78	RMSE: 11.66
Epoch 216	LOSS: 8.88	MAE: 5.78	RMSE: 11.66
Epoch 217	LOSS: 8.94	MAE: 5.78	RMSE: 11.66
Epoch 218	LOSS: 8.79	MAE: 5.78	RMSE: 11.66
Epoch 219	LOSS: 8.86	MAE: 5.78	RMSE: 11.67
Epoch 220	LOSS: 8.67	MAE: 5.78	RMSE: 11.66
Epoch 221	LOSS: 8.88	MAE: 5.78	RMSE: 11.66
Epoch 222	LOSS: 8.82	MAE: 5.78	RMSE: 11.67
Epoch 223	LOSS: 8.91	MAE: 5.78	RMSE: 11.66
Epoch 224	LOSS: 8.86	MAE: 5.78	RMSE: 11.66
Epoch 225	LOSS: 8.97	MAE: 5.78	RMSE: 11.66
Epoch 226	LOSS: 8.92	MAE: 5.78	RMSE: 11.66
Epoch 227	LOSS: 8.95	MAE: 5.78	RMSE: 11.66
Epoch 228	LOSS: 9.02	MAE: 5.78	RMSE: 11.66
Epoch 229	LOSS: 8.71	MAE: 5.78	RMSE: 11.67
Epoch 230	LOSS: 8.96	MAE: 5.78	RMSE: 11.67
Epoch 231	LOSS: 9.06	MAE: 5.78	RMSE: 11.66
Epoch 232	LOSS: 8.87	MAE: 5.78	RMSE: 11.66
Epoch 233	LOSS: 8.80	MAE: 5.78	RMSE: 11.66
Epoch 234	LOSS: 8.93	MAE: 5.78	RMSE: 11.66
Epoch 235	LOSS: 8.66	MAE: 5.78	RMSE: 11.66
Epoch 236	LOSS: 8.89	MAE: 5.77	RMSE: 11.66
Epoch 237	LOSS: 8.93	MAE: 5.77	RMSE: 11.66
Epoch 238	LOSS: 8.83	MAE: 5.77	RMSE: 11.66
Epoch 239	LOSS: 8.91	MAE: 5.77	RMSE: 11.66
Epoch 240	LOSS: 8.92	MAE: 5.78	RMSE: 11.67
Epoch 241	LOSS: 8.95	MAE: 5.78	RMSE: 11.67
Epoch 242	LOSS: 9.11	MAE: 5.78	RMSE: 11.67
Epoch 243	LOSS: 8.76	MAE: 5.78	RMSE: 11.67
Epoch 244	LOSS: 8.85	MAE: 5.78	RMSE: 11.67
Epoch 245	LOSS: 8.90	MAE: 5.78	RMSE: 11.67
Epoch 246	LOSS: 9.07	MAE: 5.78	RMSE: 11.67
Epoch 247	LOSS: 9.10	MAE: 5.78	RMSE: 11.67
Epoch 248	LOSS: 8.82	MAE: 5.78	RMSE: 11.67
Epoch 249	LOSS: 8.88	MAE: 5.77	RMSE: 11.66
Epoch 250	LOSS: 8.67	MAE: 5.78	RMSE: 11.67
Epoch 251	LOSS: 8.88	MAE: 5.77	RMSE: 11.66
Epoch 252	LOSS: 9.09	MAE: 5.77	RMSE: 11.66
Epoch 253	LOSS: 9.10	MAE: 5.77	RMSE: 11.66
Epoch 254	LOSS: 8.92	MAE: 5.77	RMSE: 11.66
Epoch 255	LOSS: 8.81	MAE: 5.77	RMSE: 11.66
Epoch 256	LOSS: 9.03	MAE: 5.77	RMSE: 11.66
Epoch 257	LOSS: 8.70	MAE: 5.77	RMSE: 11.66
Epoch 258	LOSS: 8.78	MAE: 5.77	RMSE: 11.66
Epoch 259	LOSS: 8.88	MAE: 5.77	RMSE: 11.66
Epoch 260	LOSS: 9.25	MAE: 5.77	RMSE: 11.66
Epoch 261	LOSS: 8.65	MAE: 5.77	RMSE: 11.66
Epoch 262	LOSS: 9.03	MAE: 5.77	RMSE: 11.66
Epoch 263	LOSS: 8.88	MAE: 5.77	RMSE: 11.65
Epoch 264	LOSS: 8.90	MAE: 5.77	RMSE: 11.65
Epoch 265	LOSS: 9.04	MAE: 5.77	RMSE: 11.65
Epoch 266	LOSS: 9.02	MAE: 5.77	RMSE: 11.65
Epoch 267	LOSS: 8.89	MAE: 5.77	RMSE: 11.66
Epoch 268	LOSS: 8.90	MAE: 5.77	RMSE: 11.66
Epoch 269	LOSS: 8.81	MAE: 5.77	RMSE: 11.66
Epoch 270	LOSS: 9.07	MAE: 5.77	RMSE: 11.66
Epoch 271	LOSS: 9.09	MAE: 5.77	RMSE: 11.66
Epoch 272	LOSS: 8.90	MAE: 5.77	RMSE: 11.66
Epoch 273	LOSS: 8.86	MAE: 5.77	RMSE: 11.66
Epoch 274	LOSS: 9.24	MAE: 5.77	RMSE: 11.66
Epoch 275	LOSS: 8.90	MAE: 5.77	RMSE: 11.66
Epoch 276	LOSS: 8.94	MAE: 5.77	RMSE: 11.66
Epoch 277	LOSS: 8.88	MAE: 5.77	RMSE: 11.66
Epoch 278	LOSS: 8.87	MAE: 5.77	RMSE: 11.65
Epoch 279	LOSS: 8.61	MAE: 5.78	RMSE: 11.64
Epoch 280	LOSS: 9.02	MAE: 5.77	RMSE: 11.65
Epoch 281	LOSS: 9.18	MAE: 5.77	RMSE: 11.65
Epoch 282	LOSS: 8.71	MAE: 5.77	RMSE: 11.65
Epoch 283	LOSS: 8.92	MAE: 5.77	RMSE: 11.65
Epoch 284	LOSS: 8.82	MAE: 5.78	RMSE: 11.65
Epoch 285	LOSS: 8.93	MAE: 5.78	RMSE: 11.65
Epoch 286	LOSS: 8.88	MAE: 5.78	RMSE: 11.66
Epoch 287	LOSS: 8.93	MAE: 5.78	RMSE: 11.66
Epoch 288	LOSS: 8.86	MAE: 5.77	RMSE: 11.66
Epoch 289	LOSS: 8.90	MAE: 5.77	RMSE: 11.66
Epoch 290	LOSS: 8.86	MAE: 5.78	RMSE: 11.66
Epoch 291	LOSS: 8.97	MAE: 5.78	RMSE: 11.66
Epoch 292	LOSS: 8.94	MAE: 5.78	RMSE: 11.66
Epoch 293	LOSS: 8.66	MAE: 5.78	RMSE: 11.66
Epoch 294	LOSS: 9.10	MAE: 5.78	RMSE: 11.66
Epoch 295	LOSS: 9.03	MAE: 5.78	RMSE: 11.66
Epoch 296	LOSS: 8.78	MAE: 5.78	RMSE: 11.66
Epoch 297	LOSS: 8.81	MAE: 5.78	RMSE: 11.66
Epoch 298	LOSS: 8.73	MAE: 5.78	RMSE: 11.66
Epoch 299	LOSS: 9.01	MAE: 5.78	RMSE: 11.66
Epoch 300	LOSS: 8.96	MAE: 5.78	RMSE: 11.65
Epoch 301	LOSS: 8.93	MAE: 5.78	RMSE: 11.66
Epoch 302	LOSS: 8.85	MAE: 5.78	RMSE: 11.66
Epoch 303	LOSS: 8.85	MAE: 5.78	RMSE: 11.66
Epoch 304	LOSS: 8.75	MAE: 5.78	RMSE: 11.66
Epoch 305	LOSS: 8.82	MAE: 5.78	RMSE: 11.65
Epoch 306	LOSS: 8.78	MAE: 5.78	RMSE: 11.65
Epoch 307	LOSS: 8.92	MAE: 5.78	RMSE: 11.65
Epoch 308	LOSS: 8.90	MAE: 5.78	RMSE: 11.65
Epoch 309	LOSS: 8.88	MAE: 5.78	RMSE: 11.65
Epoch 310	LOSS: 8.93	MAE: 5.78	RMSE: 11.65
Epoch 311	LOSS: 8.93	MAE: 5.78	RMSE: 11.65
Epoch 312	LOSS: 9.10	MAE: 5.78	RMSE: 11.65
Epoch 313	LOSS: 8.93	MAE: 5.78	RMSE: 11.65
Epoch 314	LOSS: 8.90	MAE: 5.78	RMSE: 11.65
Epoch 315	LOSS: 8.75	MAE: 5.78	RMSE: 11.66
Epoch 316	LOSS: 8.97	MAE: 5.78	RMSE: 11.66
Epoch 317	LOSS: 8.62	MAE: 5.78	RMSE: 11.66
Epoch 318	LOSS: 8.92	MAE: 5.78	RMSE: 11.66
Epoch 319	LOSS: 8.95	MAE: 5.78	RMSE: 11.66
Epoch 320	LOSS: 8.89	MAE: 5.78	RMSE: 11.66
Epoch 321	LOSS: 9.10	MAE: 5.78	RMSE: 11.66
Epoch 322	LOSS: 8.84	MAE: 5.78	RMSE: 11.65
Epoch 323	LOSS: 9.10	MAE: 5.78	RMSE: 11.65
Epoch 324	LOSS: 8.85	MAE: 5.78	RMSE: 11.65
Epoch 325	LOSS: 8.76	MAE: 5.78	RMSE: 11.66
Epoch 326	LOSS: 8.91	MAE: 5.78	RMSE: 11.66
Epoch 327	LOSS: 8.83	MAE: 5.78	RMSE: 11.66
Epoch 328	LOSS: 9.08	MAE: 5.78	RMSE: 11.66
Epoch 329	LOSS: 9.03	MAE: 5.78	RMSE: 11.66
Epoch 330	LOSS: 9.21	MAE: 5.78	RMSE: 11.66
Epoch 331	LOSS: 9.15	MAE: 5.78	RMSE: 11.66
Epoch 332	LOSS: 8.91	MAE: 5.78	RMSE: 11.66
Epoch 333	LOSS: 8.71	MAE: 5.78	RMSE: 11.66
Epoch 334	LOSS: 9.01	MAE: 5.78	RMSE: 11.66
Epoch 335	LOSS: 9.09	MAE: 5.78	RMSE: 11.66
Epoch 336	LOSS: 9.12	MAE: 5.78	RMSE: 11.66
Epoch 337	LOSS: 8.86	MAE: 5.78	RMSE: 11.66
Epoch 338	LOSS: 9.06	MAE: 5.78	RMSE: 11.66
Epoch 339	LOSS: 8.82	MAE: 5.78	RMSE: 11.66
Epoch 340	LOSS: 8.81	MAE: 5.78	RMSE: 11.66
Epoch 341	LOSS: 8.68	MAE: 5.78	RMSE: 11.66
Epoch 342	LOSS: 8.87	MAE: 5.78	RMSE: 11.66
Epoch 343	LOSS: 8.85	MAE: 5.78	RMSE: 11.66
Epoch 344	LOSS: 8.91	MAE: 5.78	RMSE: 11.66
Epoch 345	LOSS: 8.98	MAE: 5.78	RMSE: 11.66
Epoch 346	LOSS: 8.83	MAE: 5.78	RMSE: 11.66
Epoch 347	LOSS: 8.81	MAE: 5.78	RMSE: 11.66
Epoch 348	LOSS: 9.09	MAE: 5.78	RMSE: 11.66
Epoch 349	LOSS: 8.95	MAE: 5.78	RMSE: 11.66
Epoch 350	LOSS: 8.79	MAE: 5.78	RMSE: 11.66
Epoch 351	LOSS: 8.83	MAE: 5.78	RMSE: 11.66
Epoch 352	LOSS: 8.93	MAE: 5.77	RMSE: 11.63
Epoch 353	LOSS: 8.94	MAE: 5.78	RMSE: 11.66
Epoch 354	LOSS: 8.78	MAE: 5.78	RMSE: 11.65
Epoch 355	LOSS: 8.91	MAE: 5.78	RMSE: 11.65
Epoch 356	LOSS: 8.77	MAE: 5.78	RMSE: 11.65
Epoch 357	LOSS: 8.87	MAE: 5.78	RMSE: 11.66
Epoch 358	LOSS: 8.80	MAE: 5.78	RMSE: 11.65
Epoch 359	LOSS: 8.74	MAE: 5.78	RMSE: 11.65
Epoch 360	LOSS: 8.70	MAE: 5.78	RMSE: 11.65
Epoch 361	LOSS: 8.90	MAE: 5.78	RMSE: 11.65
Epoch 362	LOSS: 8.84	MAE: 5.78	RMSE: 11.65
Epoch 363	LOSS: 8.89	MAE: 5.78	RMSE: 11.65
Epoch 364	LOSS: 8.90	MAE: 5.78	RMSE: 11.65
Epoch 365	LOSS: 9.00	MAE: 5.78	RMSE: 11.65
Epoch 366	LOSS: 9.05	MAE: 5.78	RMSE: 11.65
Epoch 367	LOSS: 8.97	MAE: 5.78	RMSE: 11.65
Epoch 368	LOSS: 9.00	MAE: 5.78	RMSE: 11.65
Epoch 369	LOSS: 8.98	MAE: 5.78	RMSE: 11.65
Epoch 370	LOSS: 9.06	MAE: 5.78	RMSE: 11.65
Epoch 371	LOSS: 8.80	MAE: 5.78	RMSE: 11.65
Epoch 372	LOSS: 8.78	MAE: 5.78	RMSE: 11.65
Epoch 373	LOSS: 8.93	MAE: 5.79	RMSE: 11.59
Epoch 374	LOSS: 8.68	MAE: 5.78	RMSE: 11.66
Epoch 375	LOSS: 8.66	MAE: 5.78	RMSE: 11.66
Epoch 376	LOSS: 8.74	MAE: 5.78	RMSE: 11.65
Epoch 377	LOSS: 8.98	MAE: 5.78	RMSE: 11.66
Epoch 378	LOSS: 9.02	MAE: 5.78	RMSE: 11.66
Epoch 379	LOSS: 8.90	MAE: 5.78	RMSE: 11.66
Epoch 380	LOSS: 8.98	MAE: 5.78	RMSE: 11.66
Epoch 381	LOSS: 8.76	MAE: 5.78	RMSE: 11.66
Epoch 382	LOSS: 8.83	MAE: 5.78	RMSE: 11.66
Epoch 383	LOSS: 8.76	MAE: 5.78	RMSE: 11.66
Epoch 384	LOSS: 9.00	MAE: 5.78	RMSE: 11.66
Epoch 385	LOSS: 8.98	MAE: 5.78	RMSE: 11.66
Epoch 386	LOSS: 8.98	MAE: 5.78	RMSE: 11.66
Epoch 387	LOSS: 8.83	MAE: 5.78	RMSE: 11.66
Epoch 388	LOSS: 9.12	MAE: 5.78	RMSE: 11.66
Epoch 389	LOSS: 9.11	MAE: 5.78	RMSE: 11.66
Epoch 390	LOSS: 8.89	MAE: 5.78	RMSE: 11.66
Epoch 391	LOSS: 8.91	MAE: 5.78	RMSE: 11.66
Epoch 392	LOSS: 8.88	MAE: 5.78	RMSE: 11.66
Epoch 393	LOSS: 8.99	MAE: 5.78	RMSE: 11.66
Epoch 394	LOSS: 8.85	MAE: 5.78	RMSE: 11.66
Epoch 395	LOSS: 8.88	MAE: 5.78	RMSE: 11.65
Epoch 396	LOSS: 8.80	MAE: 5.78	RMSE: 11.65
Epoch 397	LOSS: 8.66	MAE: 5.78	RMSE: 11.65
Epoch 398	LOSS: 9.35	MAE: 5.78	RMSE: 11.65
Epoch 399	LOSS: 8.95	MAE: 5.78	RMSE: 11.65
Epoch 400	LOSS: 8.87	MAE: 5.78	RMSE: 11.65
Epoch 401	LOSS: 8.95	MAE: 5.78	RMSE: 11.65
Epoch 402	LOSS: 8.96	MAE: 5.78	RMSE: 11.65
Epoch 403	LOSS: 8.79	MAE: 5.78	RMSE: 11.65
Epoch 404	LOSS: 8.96	MAE: 5.78	RMSE: 11.65
Epoch 405	LOSS: 8.85	MAE: 5.78	RMSE: 11.65
Epoch 406	LOSS: 8.93	MAE: 5.78	RMSE: 11.65
Epoch 407	LOSS: 9.11	MAE: 5.78	RMSE: 11.65
Epoch 408	LOSS: 8.92	MAE: 5.78	RMSE: 11.65
Epoch 409	LOSS: 9.01	MAE: 5.78	RMSE: 11.65
Epoch 410	LOSS: 9.18	MAE: 5.78	RMSE: 11.65
Epoch 411	LOSS: 8.92	MAE: 5.78	RMSE: 11.65
Epoch 412	LOSS: 8.96	MAE: 5.78	RMSE: 11.65
Epoch 413	LOSS: 9.12	MAE: 5.78	RMSE: 11.65
Epoch 414	LOSS: 8.94	MAE: 5.78	RMSE: 11.65
Epoch 415	LOSS: 8.76	MAE: 5.78	RMSE: 11.65
Epoch 416	LOSS: 9.11	MAE: 5.78	RMSE: 11.65
Epoch 417	LOSS: 8.93	MAE: 5.78	RMSE: 11.65
Epoch 418	LOSS: 8.74	MAE: 5.78	RMSE: 11.65
Epoch 419	LOSS: 9.16	MAE: 5.78	RMSE: 11.65
Epoch 420	LOSS: 8.87	MAE: 5.78	RMSE: 11.65
Epoch 421	LOSS: 9.00	MAE: 5.78	RMSE: 11.65
Epoch 422	LOSS: 8.92	MAE: 5.78	RMSE: 11.65
Epoch 423	LOSS: 8.98	MAE: 5.78	RMSE: 11.65
Epoch 424	LOSS: 9.02	MAE: 5.78	RMSE: 11.65
Epoch 425	LOSS: 9.03	MAE: 5.78	RMSE: 11.65
Epoch 426	LOSS: 8.92	MAE: 5.78	RMSE: 11.65
Epoch 427	LOSS: 8.80	MAE: 5.78	RMSE: 11.65
Epoch 428	LOSS: 8.89	MAE: 5.78	RMSE: 11.65
Epoch 429	LOSS: 8.75	MAE: 5.78	RMSE: 11.65
Epoch 430	LOSS: 9.15	MAE: 5.78	RMSE: 11.65
Epoch 431	LOSS: 8.92	MAE: 5.78	RMSE: 11.65
Epoch 432	LOSS: 8.88	MAE: 5.78	RMSE: 11.65
Epoch 433	LOSS: 8.89	MAE: 5.78	RMSE: 11.65
Epoch 434	LOSS: 9.06	MAE: 5.78	RMSE: 11.65
Epoch 435	LOSS: 8.95	MAE: 5.78	RMSE: 11.65
Epoch 436	LOSS: 8.92	MAE: 5.78	RMSE: 11.65
Epoch 437	LOSS: 9.06	MAE: 5.78	RMSE: 11.65
Epoch 438	LOSS: 8.94	MAE: 5.78	RMSE: 11.65
Epoch 439	LOSS: 8.96	MAE: 5.78	RMSE: 11.66
Epoch 440	LOSS: 8.98	MAE: 5.78	RMSE: 11.65
Epoch 441	LOSS: 8.81	MAE: 5.78	RMSE: 11.65
Epoch 442	LOSS: 9.03	MAE: 5.78	RMSE: 11.66
Epoch 443	LOSS: 8.87	MAE: 5.78	RMSE: 11.65
Epoch 444	LOSS: 8.64	MAE: 5.78	RMSE: 11.65
Epoch 445	LOSS: 9.04	MAE: 5.78	RMSE: 11.65
Epoch 446	LOSS: 9.05	MAE: 5.78	RMSE: 11.66
Epoch 447	LOSS: 8.99	MAE: 5.78	RMSE: 11.66
Epoch 448	LOSS: 8.90	MAE: 5.78	RMSE: 11.66
Epoch 449	LOSS: 8.86	MAE: 5.78	RMSE: 11.66
Epoch 450	LOSS: 8.77	MAE: 5.78	RMSE: 11.66
Epoch 451	LOSS: 9.02	MAE: 5.78	RMSE: 11.66
Epoch 452	LOSS: 8.90	MAE: 5.78	RMSE: 11.66
Epoch 453	LOSS: 8.81	MAE: 5.78	RMSE: 11.66
Epoch 454	LOSS: 8.98	MAE: 5.78	RMSE: 11.66
Epoch 455	LOSS: 9.32	MAE: 5.78	RMSE: 11.66
Epoch 456	LOSS: 8.86	MAE: 5.78	RMSE: 11.66
Epoch 457	LOSS: 8.98	MAE: 5.78	RMSE: 11.65
Epoch 458	LOSS: 8.85	MAE: 5.78	RMSE: 11.65
Epoch 459	LOSS: 9.01	MAE: 5.78	RMSE: 11.65
Epoch 460	LOSS: 8.59	MAE: 5.77	RMSE: 11.66
Epoch 461	LOSS: 8.80	MAE: 5.77	RMSE: 11.65
Epoch 462	LOSS: 8.87	MAE: 5.78	RMSE: 11.65
Epoch 463	LOSS: 8.78	MAE: 5.78	RMSE: 11.65
Epoch 464	LOSS: 8.88	MAE: 5.78	RMSE: 11.66
Epoch 465	LOSS: 8.66	MAE: 5.78	RMSE: 11.66
Epoch 466	LOSS: 8.84	MAE: 5.78	RMSE: 11.66
Epoch 467	LOSS: 8.68	MAE: 5.78	RMSE: 11.66
Epoch 468	LOSS: 9.08	MAE: 5.78	RMSE: 11.66
Epoch 469	LOSS: 9.09	MAE: 5.78	RMSE: 11.66
Epoch 470	LOSS: 9.20	MAE: 5.78	RMSE: 11.65
Epoch 471	LOSS: 8.92	MAE: 5.78	RMSE: 11.65
Epoch 472	LOSS: 8.88	MAE: 5.78	RMSE: 11.65
Epoch 473	LOSS: 8.84	MAE: 5.78	RMSE: 11.65
Epoch 474	LOSS: 9.02	MAE: 5.78	RMSE: 11.66
Epoch 475	LOSS: 8.63	MAE: 5.78	RMSE: 11.66
Epoch 476	LOSS: 8.85	MAE: 5.78	RMSE: 11.65
Epoch 477	LOSS: 8.93	MAE: 5.78	RMSE: 11.65
Epoch 478	LOSS: 8.75	MAE: 5.78	RMSE: 11.65
Epoch 479	LOSS: 8.92	MAE: 5.78	RMSE: 11.66
Epoch 480	LOSS: 9.00	MAE: 5.78	RMSE: 11.66
Epoch 481	LOSS: 8.77	MAE: 5.78	RMSE: 11.65
Epoch 482	LOSS: 9.11	MAE: 5.78	RMSE: 11.65
Epoch 483	LOSS: 8.85	MAE: 5.78	RMSE: 11.65
Epoch 484	LOSS: 8.97	MAE: 5.78	RMSE: 11.65
Epoch 485	LOSS: 8.93	MAE: 5.78	RMSE: 11.65
Epoch 486	LOSS: 8.55	MAE: 5.78	RMSE: 11.65
Epoch 487	LOSS: 8.90	MAE: 5.78	RMSE: 11.65
Epoch 488	LOSS: 8.87	MAE: 5.78	RMSE: 11.65
Epoch 489	LOSS: 8.97	MAE: 5.78	RMSE: 11.65
Epoch 490	LOSS: 8.95	MAE: 5.78	RMSE: 11.65
Epoch 491	LOSS: 8.82	MAE: 5.78	RMSE: 11.65
Epoch 492	LOSS: 8.84	MAE: 5.78	RMSE: 11.65
Epoch 493	LOSS: 8.95	MAE: 5.78	RMSE: 11.66
Epoch 494	LOSS: 8.76	MAE: 5.78	RMSE: 11.65
Epoch 495	LOSS: 8.86	MAE: 5.78	RMSE: 11.65
Epoch 496	LOSS: 9.10	MAE: 5.78	RMSE: 11.65
Epoch 497	LOSS: 9.03	MAE: 5.78	RMSE: 11.65
Epoch 498	LOSS: 8.79	MAE: 5.78	RMSE: 11.65
Epoch 499	LOSS: 8.92	MAE: 5.78	RMSE: 11.65
Epoch 500	LOSS: 8.94	MAE: 5.78	RMSE: 11.66
Epoch 501	LOSS: 8.98	MAE: 5.78	RMSE: 11.66
Epoch 502	LOSS: 8.90	MAE: 5.78	RMSE: 11.66
Epoch 503	LOSS: 9.12	MAE: 5.78	RMSE: 11.66
Epoch 504	LOSS: 9.10	MAE: 5.78	RMSE: 11.66
Epoch 505	LOSS: 8.90	MAE: 5.78	RMSE: 11.66
Epoch 506	LOSS: 8.91	MAE: 5.78	RMSE: 11.66
Epoch 507	LOSS: 8.98	MAE: 5.78	RMSE: 11.65
Epoch 508	LOSS: 8.76	MAE: 5.78	RMSE: 11.65
Epoch 509	LOSS: 9.01	MAE: 5.78	RMSE: 11.66
Epoch 510	LOSS: 8.94	MAE: 5.78	RMSE: 11.66
Epoch 511	LOSS: 8.89	MAE: 5.78	RMSE: 11.66
Epoch 512	LOSS: 8.84	MAE: 5.78	RMSE: 11.66
Epoch 513	LOSS: 8.85	MAE: 5.78	RMSE: 11.66
Epoch 514	LOSS: 9.00	MAE: 5.78	RMSE: 11.66
Epoch 515	LOSS: 9.09	MAE: 5.78	RMSE: 11.66
Epoch 516	LOSS: 8.98	MAE: 5.78	RMSE: 11.66
Epoch 517	LOSS: 8.93	MAE: 5.78	RMSE: 11.66
Epoch 518	LOSS: 9.02	MAE: 5.78	RMSE: 11.66
Epoch 519	LOSS: 8.73	MAE: 5.78	RMSE: 11.66
Epoch 520	LOSS: 8.86	MAE: 5.78	RMSE: 11.66
Epoch 521	LOSS: 8.90	MAE: 5.78	RMSE: 11.66
Epoch 522	LOSS: 8.73	MAE: 5.78	RMSE: 11.66
Epoch 523	LOSS: 8.80	MAE: 5.78	RMSE: 11.66
Epoch 524	LOSS: 8.83	MAE: 5.78	RMSE: 11.66
Epoch 525	LOSS: 8.97	MAE: 5.78	RMSE: 11.65
Epoch 526	LOSS: 8.86	MAE: 5.78	RMSE: 11.65
Epoch 527	LOSS: 9.02	MAE: 5.78	RMSE: 11.66
Epoch 528	LOSS: 8.80	MAE: 5.78	RMSE: 11.66
Epoch 529	LOSS: 8.91	MAE: 5.78	RMSE: 11.65
Epoch 530	LOSS: 8.98	MAE: 5.78	RMSE: 11.66
Epoch 531	LOSS: 9.01	MAE: 5.78	RMSE: 11.66
Epoch 532	LOSS: 8.94	MAE: 5.78	RMSE: 11.66
Epoch 533	LOSS: 8.97	MAE: 5.78	RMSE: 11.65
Epoch 534	LOSS: 9.16	MAE: 5.78	RMSE: 11.65
Epoch 535	LOSS: 8.84	MAE: 5.78	RMSE: 11.65
Epoch 536	LOSS: 9.01	MAE: 5.78	RMSE: 11.66
Epoch 537	LOSS: 8.74	MAE: 5.78	RMSE: 11.66
Epoch 538	LOSS: 8.95	MAE: 5.78	RMSE: 11.66
Epoch 539	LOSS: 8.94	MAE: 5.78	RMSE: 11.66
Epoch 540	LOSS: 8.96	MAE: 5.78	RMSE: 11.66
Epoch 541	LOSS: 8.74	MAE: 5.78	RMSE: 11.66
Epoch 542	LOSS: 8.92	MAE: 5.78	RMSE: 11.65
Epoch 543	LOSS: 8.99	MAE: 5.78	RMSE: 11.66
Epoch 544	LOSS: 8.68	MAE: 5.78	RMSE: 11.66
Epoch 545	LOSS: 8.95	MAE: 5.78	RMSE: 11.66
Epoch 546	LOSS: 9.03	MAE: 5.78	RMSE: 11.65
Epoch 547	LOSS: 8.82	MAE: 5.78	RMSE: 11.65
Epoch 548	LOSS: 9.11	MAE: 5.78	RMSE: 11.65
Epoch 549	LOSS: 9.01	MAE: 5.78	RMSE: 11.65
Epoch 550	LOSS: 8.80	MAE: 5.78	RMSE: 11.65
Epoch 551	LOSS: 8.86	MAE: 5.78	RMSE: 11.65
Epoch 552	LOSS: 9.29	MAE: 5.78	RMSE: 11.65
Epoch 553	LOSS: 8.93	MAE: 5.78	RMSE: 11.65
Epoch 554	LOSS: 8.82	MAE: 5.78	RMSE: 11.65
Epoch 555	LOSS: 8.69	MAE: 5.78	RMSE: 11.65
Epoch 556	LOSS: 8.91	MAE: 5.78	RMSE: 11.65
Epoch 557	LOSS: 8.93	MAE: 5.78	RMSE: 11.65
Epoch 558	LOSS: 8.73	MAE: 5.78	RMSE: 11.65
Epoch 559	LOSS: 8.87	MAE: 5.78	RMSE: 11.65
Epoch 560	LOSS: 8.67	MAE: 5.78	RMSE: 11.66
Epoch 561	LOSS: 8.99	MAE: 5.78	RMSE: 11.66
Epoch 562	LOSS: 8.79	MAE: 5.78	RMSE: 11.66
Epoch 563	LOSS: 8.84	MAE: 5.78	RMSE: 11.65
Epoch 564	LOSS: 8.74	MAE: 5.78	RMSE: 11.65
Epoch 565	LOSS: 8.96	MAE: 5.78	RMSE: 11.65
Epoch 566	LOSS: 9.16	MAE: 5.78	RMSE: 11.65
Epoch 567	LOSS: 9.05	MAE: 5.78	RMSE: 11.65
Epoch 568	LOSS: 9.11	MAE: 5.78	RMSE: 11.64
Epoch 569	LOSS: 8.92	MAE: 5.78	RMSE: 11.65
Epoch 570	LOSS: 8.92	MAE: 5.78	RMSE: 11.65
Epoch 571	LOSS: 9.06	MAE: 5.78	RMSE: 11.65
Epoch 572	LOSS: 8.90	MAE: 5.78	RMSE: 11.65
Epoch 573	LOSS: 9.02	MAE: 5.78	RMSE: 11.66
Epoch 574	LOSS: 8.88	MAE: 5.78	RMSE: 11.65
Epoch 575	LOSS: 8.80	MAE: 5.78	RMSE: 11.65
Epoch 576	LOSS: 8.88	MAE: 5.78	RMSE: 11.65
Epoch 577	LOSS: 8.77	MAE: 5.78	RMSE: 11.66
Epoch 578	LOSS: 8.89	MAE: 5.78	RMSE: 11.66
Epoch 579	LOSS: 9.02	MAE: 5.78	RMSE: 11.65
Epoch 580	LOSS: 8.89	MAE: 5.78	RMSE: 11.65
Epoch 581	LOSS: 9.03	MAE: 5.78	RMSE: 11.65
Epoch 582	LOSS: 9.04	MAE: 5.78	RMSE: 11.65
Epoch 583	LOSS: 8.95	MAE: 5.78	RMSE: 11.65
Epoch 584	LOSS: 9.11	MAE: 5.78	RMSE: 11.65
Epoch 585	LOSS: 8.84	MAE: 5.78	RMSE: 11.65
Epoch 586	LOSS: 8.81	MAE: 5.78	RMSE: 11.65
Epoch 587	LOSS: 9.04	MAE: 5.78	RMSE: 11.65
Epoch 588	LOSS: 9.02	MAE: 5.78	RMSE: 11.65
Epoch 589	LOSS: 8.85	MAE: 5.78	RMSE: 11.66
Epoch 590	LOSS: 8.81	MAE: 5.78	RMSE: 11.66
Epoch 591	LOSS: 8.77	MAE: 5.78	RMSE: 11.66
Epoch 592	LOSS: 8.82	MAE: 5.78	RMSE: 11.66
Epoch 593	LOSS: 9.13	MAE: 5.78	RMSE: 11.65
Epoch 594	LOSS: 9.11	MAE: 5.78	RMSE: 11.65
Epoch 595	LOSS: 9.12	MAE: 5.78	RMSE: 11.65
Epoch 596	LOSS: 8.96	MAE: 5.78	RMSE: 11.65
Epoch 597	LOSS: 8.80	MAE: 5.78	RMSE: 11.65
Epoch 598	LOSS: 9.05	MAE: 5.78	RMSE: 11.65
Epoch 599	LOSS: 8.99	MAE: 5.78	RMSE: 11.65
Epoch 600	LOSS: 8.82	MAE: 5.78	RMSE: 11.65
Epoch 601	LOSS: 8.87	MAE: 5.78	RMSE: 11.65
Epoch 602	LOSS: 9.04	MAE: 5.78	RMSE: 11.65
Epoch 603	LOSS: 8.91	MAE: 5.78	RMSE: 11.66
Epoch 604	LOSS: 8.93	MAE: 5.78	RMSE: 11.66
Epoch 605	LOSS: 8.87	MAE: 5.78	RMSE: 11.66
Epoch 606	LOSS: 9.06	MAE: 5.78	RMSE: 11.65
Epoch 607	LOSS: 8.95	MAE: 5.78	RMSE: 11.65
Epoch 608	LOSS: 8.86	MAE: 5.78	RMSE: 11.65
Epoch 609	LOSS: 8.72	MAE: 5.78	RMSE: 11.65
Epoch 610	LOSS: 8.87	MAE: 5.78	RMSE: 11.65
Epoch 611	LOSS: 8.80	MAE: 5.78	RMSE: 11.65
Epoch 612	LOSS: 9.09	MAE: 5.78	RMSE: 11.65
Epoch 613	LOSS: 8.78	MAE: 5.78	RMSE: 11.65
Epoch 614	LOSS: 9.02	MAE: 5.78	RMSE: 11.65
Epoch 615	LOSS: 8.91	MAE: 5.78	RMSE: 11.65
Epoch 616	LOSS: 8.76	MAE: 5.78	RMSE: 11.65
Epoch 617	LOSS: 9.03	MAE: 5.78	RMSE: 11.65
Epoch 618	LOSS: 8.83	MAE: 5.78	RMSE: 11.65
Epoch 619	LOSS: 8.96	MAE: 5.78	RMSE: 11.65
Epoch 620	LOSS: 9.00	MAE: 5.78	RMSE: 11.65
Epoch 621	LOSS: 8.77	MAE: 5.78	RMSE: 11.65
Epoch 622	LOSS: 8.86	MAE: 5.78	RMSE: 11.65
Epoch 623	LOSS: 8.91	MAE: 5.78	RMSE: 11.65
Epoch 624	LOSS: 8.90	MAE: 5.78	RMSE: 11.66
Epoch 625	LOSS: 9.00	MAE: 5.78	RMSE: 11.66
Epoch 626	LOSS: 9.00	MAE: 5.78	RMSE: 11.66
Epoch 627	LOSS: 8.88	MAE: 5.78	RMSE: 11.66
Epoch 628	LOSS: 8.82	MAE: 5.78	RMSE: 11.66
Epoch 629	LOSS: 8.79	MAE: 5.78	RMSE: 11.65
Epoch 630	LOSS: 8.93	MAE: 5.78	RMSE: 11.66
Epoch 631	LOSS: 9.17	MAE: 5.78	RMSE: 11.66
Epoch 632	LOSS: 8.85	MAE: 5.78	RMSE: 11.66
Epoch 633	LOSS: 8.72	MAE: 5.78	RMSE: 11.65
Epoch 634	LOSS: 9.16	MAE: 5.78	RMSE: 11.65
Epoch 635	LOSS: 8.87	MAE: 5.78	RMSE: 11.66
Epoch 636	LOSS: 8.89	MAE: 5.78	RMSE: 11.66
Epoch 637	LOSS: 8.66	MAE: 5.78	RMSE: 11.65
Epoch 638	LOSS: 8.82	MAE: 5.78	RMSE: 11.65
Epoch 639	LOSS: 8.89	MAE: 5.78	RMSE: 11.65
Epoch 640	LOSS: 8.80	MAE: 5.78	RMSE: 11.65
Epoch 641	LOSS: 8.90	MAE: 5.78	RMSE: 11.65
Epoch 642	LOSS: 8.84	MAE: 5.78	RMSE: 11.66
Epoch 643	LOSS: 8.80	MAE: 5.78	RMSE: 11.66
Epoch 644	LOSS: 8.80	MAE: 5.78	RMSE: 11.65
Epoch 645	LOSS: 8.84	MAE: 5.78	RMSE: 11.65
Epoch 646	LOSS: 8.85	MAE: 5.78	RMSE: 11.65
Epoch 647	LOSS: 8.76	MAE: 5.78	RMSE: 11.66
Epoch 648	LOSS: 8.99	MAE: 5.78	RMSE: 11.65
Epoch 649	LOSS: 8.96	MAE: 5.78	RMSE: 11.65
Epoch 650	LOSS: 8.86	MAE: 5.78	RMSE: 11.65
Epoch 651	LOSS: 9.06	MAE: 5.78	RMSE: 11.65
Epoch 652	LOSS: 8.98	MAE: 5.78	RMSE: 11.65
Epoch 653	LOSS: 8.94	MAE: 5.78	RMSE: 11.64
Epoch 654	LOSS: 9.10	MAE: 5.78	RMSE: 11.65
Epoch 655	LOSS: 8.86	MAE: 5.78	RMSE: 11.65
Epoch 656	LOSS: 8.65	MAE: 5.78	RMSE: 11.65
Epoch 657	LOSS: 8.94	MAE: 5.78	RMSE: 11.65
Epoch 658	LOSS: 8.94	MAE: 5.78	RMSE: 11.65
Epoch 659	LOSS: 8.97	MAE: 5.78	RMSE: 11.65
Epoch 660	LOSS: 8.87	MAE: 5.78	RMSE: 11.65
Epoch 661	LOSS: 8.95	MAE: 5.78	RMSE: 11.66
Epoch 662	LOSS: 8.82	MAE: 5.78	RMSE: 11.66
Epoch 663	LOSS: 8.83	MAE: 5.78	RMSE: 11.65
Epoch 664	LOSS: 8.91	MAE: 5.78	RMSE: 11.65
Epoch 665	LOSS: 8.98	MAE: 5.78	RMSE: 11.65
Epoch 666	LOSS: 9.01	MAE: 5.78	RMSE: 11.65
Epoch 667	LOSS: 8.80	MAE: 5.78	RMSE: 11.65
Epoch 668	LOSS: 9.03	MAE: 5.78	RMSE: 11.65
Epoch 669	LOSS: 8.98	MAE: 5.78	RMSE: 11.65
Epoch 670	LOSS: 9.07	MAE: 5.78	RMSE: 11.65
Epoch 671	LOSS: 9.09	MAE: 5.78	RMSE: 11.65
Epoch 672	LOSS: 8.99	MAE: 5.78	RMSE: 11.66
Epoch 673	LOSS: 9.04	MAE: 5.78	RMSE: 11.65
Epoch 674	LOSS: 8.94	MAE: 5.78	RMSE: 11.65
Epoch 675	LOSS: 8.91	MAE: 5.78	RMSE: 11.65
Epoch 676	LOSS: 9.10	MAE: 5.78	RMSE: 11.66
Epoch 677	LOSS: 9.08	MAE: 5.78	RMSE: 11.66
Epoch 678	LOSS: 8.88	MAE: 5.78	RMSE: 11.66
Epoch 679	LOSS: 8.88	MAE: 5.78	RMSE: 11.66
Epoch 680	LOSS: 9.13	MAE: 5.78	RMSE: 11.66
Epoch 681	LOSS: 8.80	MAE: 5.78	RMSE: 11.66
Epoch 682	LOSS: 9.06	MAE: 5.78	RMSE: 11.66
Epoch 683	LOSS: 8.91	MAE: 5.78	RMSE: 11.66
Epoch 684	LOSS: 9.00	MAE: 5.78	RMSE: 11.66
Epoch 685	LOSS: 8.67	MAE: 5.78	RMSE: 11.66
Epoch 686	LOSS: 9.01	MAE: 5.78	RMSE: 11.65
Epoch 687	LOSS: 8.96	MAE: 5.78	RMSE: 11.65
Epoch 688	LOSS: 8.72	MAE: 5.78	RMSE: 11.65
Epoch 689	LOSS: 8.94	MAE: 5.78	RMSE: 11.65
Epoch 690	LOSS: 9.00	MAE: 5.78	RMSE: 11.65
Epoch 691	LOSS: 8.84	MAE: 5.78	RMSE: 11.65
Epoch 692	LOSS: 8.88	MAE: 5.78	RMSE: 11.65
Epoch 693	LOSS: 9.09	MAE: 5.78	RMSE: 11.66
Epoch 694	LOSS: 8.99	MAE: 5.78	RMSE: 11.66
Epoch 695	LOSS: 8.88	MAE: 5.78	RMSE: 11.66
Epoch 696	LOSS: 8.65	MAE: 5.78	RMSE: 11.65
Epoch 697	LOSS: 8.88	MAE: 5.78	RMSE: 11.65
Epoch 698	LOSS: 8.97	MAE: 5.78	RMSE: 11.66
Epoch 699	LOSS: 8.90	MAE: 5.78	RMSE: 11.66
Epoch 700	LOSS: 8.91	MAE: 5.78	RMSE: 11.66
Epoch 701	LOSS: 9.04	MAE: 5.78	RMSE: 11.66
Epoch 702	LOSS: 8.96	MAE: 5.78	RMSE: 11.66
Epoch 703	LOSS: 8.83	MAE: 5.78	RMSE: 11.66
Epoch 704	LOSS: 8.61	MAE: 5.78	RMSE: 11.66
Epoch 705	LOSS: 9.22	MAE: 5.78	RMSE: 11.65
Epoch 706	LOSS: 9.07	MAE: 5.78	RMSE: 11.65
Epoch 707	LOSS: 8.89	MAE: 5.78	RMSE: 11.65
Epoch 708	LOSS: 8.80	MAE: 5.78	RMSE: 11.65
Epoch 709	LOSS: 8.95	MAE: 5.78	RMSE: 11.65
Epoch 710	LOSS: 9.13	MAE: 5.78	RMSE: 11.65
Epoch 711	LOSS: 8.81	MAE: 5.78	RMSE: 11.66
Epoch 712	LOSS: 8.91	MAE: 5.78	RMSE: 11.66
Epoch 713	LOSS: 9.07	MAE: 5.78	RMSE: 11.66
Epoch 714	LOSS: 8.86	MAE: 5.78	RMSE: 11.66
Epoch 715	LOSS: 8.85	MAE: 5.78	RMSE: 11.66
Epoch 716	LOSS: 8.91	MAE: 5.78	RMSE: 11.66
Epoch 717	LOSS: 9.15	MAE: 5.78	RMSE: 11.66
Epoch 718	LOSS: 8.89	MAE: 5.78	RMSE: 11.66
Epoch 719	LOSS: 8.81	MAE: 5.78	RMSE: 11.66
Epoch 720	LOSS: 8.94	MAE: 5.78	RMSE: 11.65
Epoch 721	LOSS: 8.85	MAE: 5.78	RMSE: 11.65
Epoch 722	LOSS: 8.72	MAE: 5.78	RMSE: 11.65
Epoch 723	LOSS: 8.78	MAE: 5.78	RMSE: 11.65
Epoch 724	LOSS: 8.95	MAE: 5.78	RMSE: 11.65
Epoch 725	LOSS: 8.76	MAE: 5.78	RMSE: 11.65
Epoch 726	LOSS: 8.82	MAE: 5.78	RMSE: 11.65
Epoch 727	LOSS: 8.92	MAE: 5.78	RMSE: 11.65
Epoch 728	LOSS: 8.93	MAE: 5.78	RMSE: 11.65
Epoch 729	LOSS: 8.94	MAE: 5.78	RMSE: 11.65
Epoch 730	LOSS: 8.85	MAE: 5.78	RMSE: 11.65
Epoch 731	LOSS: 8.86	MAE: 5.78	RMSE: 11.65
Epoch 732	LOSS: 8.91	MAE: 5.78	RMSE: 11.65
Epoch 733	LOSS: 8.88	MAE: 5.78	RMSE: 11.65
Epoch 734	LOSS: 8.97	MAE: 5.78	RMSE: 11.65
Epoch 735	LOSS: 8.81	MAE: 5.78	RMSE: 11.65
Epoch 736	LOSS: 9.10	MAE: 5.78	RMSE: 11.65
Epoch 737	LOSS: 8.98	MAE: 5.78	RMSE: 11.65
Epoch 738	LOSS: 8.87	MAE: 5.78	RMSE: 11.65
Epoch 739	LOSS: 8.95	MAE: 5.78	RMSE: 11.65
Epoch 740	LOSS: 8.76	MAE: 5.78	RMSE: 11.65
Epoch 741	LOSS: 8.87	MAE: 5.78	RMSE: 11.65
Epoch 742	LOSS: 9.14	MAE: 5.78	RMSE: 11.65
Epoch 743	LOSS: 8.97	MAE: 5.78	RMSE: 11.65
Epoch 744	LOSS: 9.01	MAE: 5.78	RMSE: 11.65
Epoch 745	LOSS: 9.09	MAE: 5.78	RMSE: 11.65
Epoch 746	LOSS: 8.84	MAE: 5.78	RMSE: 11.66
Epoch 747	LOSS: 8.83	MAE: 5.78	RMSE: 11.65
Epoch 748	LOSS: 8.89	MAE: 5.78	RMSE: 11.65
Epoch 749	LOSS: 9.03	MAE: 5.78	RMSE: 11.65
Epoch 750	LOSS: 9.13	MAE: 5.78	RMSE: 11.65
Epoch 751	LOSS: 8.95	MAE: 5.78	RMSE: 11.65
Epoch 752	LOSS: 8.96	MAE: 5.78	RMSE: 11.65
Epoch 753	LOSS: 9.02	MAE: 5.78	RMSE: 11.65
Epoch 754	LOSS: 8.87	MAE: 5.78	RMSE: 11.65
Epoch 755	LOSS: 8.98	MAE: 5.78	RMSE: 11.65
Epoch 756	LOSS: 8.65	MAE: 5.78	RMSE: 11.65
Epoch 757	LOSS: 9.00	MAE: 5.78	RMSE: 11.66
Epoch 758	LOSS: 8.83	MAE: 5.78	RMSE: 11.66
Epoch 759	LOSS: 8.84	MAE: 5.78	RMSE: 11.66
Epoch 760	LOSS: 9.29	MAE: 5.78	RMSE: 11.66
Epoch 761	LOSS: 9.01	MAE: 5.78	RMSE: 11.66
Epoch 762	LOSS: 9.09	MAE: 5.78	RMSE: 11.66
Epoch 763	LOSS: 9.01	MAE: 5.78	RMSE: 11.65
Epoch 764	LOSS: 8.77	MAE: 5.78	RMSE: 11.65
Epoch 765	LOSS: 9.01	MAE: 5.78	RMSE: 11.66
Epoch 766	LOSS: 9.05	MAE: 5.78	RMSE: 11.65
Epoch 767	LOSS: 8.79	MAE: 5.78	RMSE: 11.65
Epoch 768	LOSS: 8.60	MAE: 5.78	RMSE: 11.65
Epoch 769	LOSS: 8.88	MAE: 5.78	RMSE: 11.66
Epoch 770	LOSS: 8.98	MAE: 5.78	RMSE: 11.66
Epoch 771	LOSS: 8.78	MAE: 5.78	RMSE: 11.67
Epoch 772	LOSS: 8.84	MAE: 5.78	RMSE: 11.67
Epoch 773	LOSS: 8.92	MAE: 5.78	RMSE: 11.66
Epoch 774	LOSS: 8.99	MAE: 5.78	RMSE: 11.65
Epoch 775	LOSS: 8.81	MAE: 5.78	RMSE: 11.65
Epoch 776	LOSS: 8.97	MAE: 5.78	RMSE: 11.66
Epoch 777	LOSS: 8.81	MAE: 5.78	RMSE: 11.66
Epoch 778	LOSS: 8.98	MAE: 5.78	RMSE: 11.66
Epoch 779	LOSS: 8.89	MAE: 5.78	RMSE: 11.66
Epoch 780	LOSS: 8.94	MAE: 5.78	RMSE: 11.66
Epoch 781	LOSS: 8.84	MAE: 5.78	RMSE: 11.66
Epoch 782	LOSS: 8.73	MAE: 5.78	RMSE: 11.66
Epoch 783	LOSS: 9.11	MAE: 5.78	RMSE: 11.66
Epoch 784	LOSS: 9.03	MAE: 5.78	RMSE: 11.66
Epoch 785	LOSS: 8.76	MAE: 5.78	RMSE: 11.66
Epoch 786	LOSS: 8.85	MAE: 5.78	RMSE: 11.66
Epoch 787	LOSS: 9.01	MAE: 5.78	RMSE: 11.66
Epoch 788	LOSS: 8.99	MAE: 5.78	RMSE: 11.66
Epoch 789	LOSS: 9.13	MAE: 5.78	RMSE: 11.66
Epoch 790	LOSS: 9.01	MAE: 5.78	RMSE: 11.66
Epoch 791	LOSS: 9.08	MAE: 5.78	RMSE: 11.66
Epoch 792	LOSS: 8.89	MAE: 5.78	RMSE: 11.66
Epoch 793	LOSS: 8.96	MAE: 5.78	RMSE: 11.66
Epoch 794	LOSS: 8.84	MAE: 5.78	RMSE: 11.66
Epoch 795	LOSS: 8.92	MAE: 5.78	RMSE: 11.65
Epoch 796	LOSS: 8.80	MAE: 5.78	RMSE: 11.64
Epoch 797	LOSS: 8.80	MAE: 5.78	RMSE: 11.64
Epoch 798	LOSS: 9.10	MAE: 5.78	RMSE: 11.65
Epoch 799	LOSS: 8.86	MAE: 5.78	RMSE: 11.65
Epoch 800	LOSS: 8.80	MAE: 5.78	RMSE: 11.66
Epoch 801	LOSS: 8.81	MAE: 5.78	RMSE: 11.65
Epoch 802	LOSS: 8.86	MAE: 5.78	RMSE: 11.66
Epoch 803	LOSS: 8.71	MAE: 5.78	RMSE: 11.65
Epoch 804	LOSS: 8.87	MAE: 5.78	RMSE: 11.65
Epoch 805	LOSS: 8.87	MAE: 5.78	RMSE: 11.65
Epoch 806	LOSS: 8.86	MAE: 5.78	RMSE: 11.65
Epoch 807	LOSS: 8.96	MAE: 5.78	RMSE: 11.65
Epoch 808	LOSS: 8.86	MAE: 5.78	RMSE: 11.65
Epoch 809	LOSS: 9.18	MAE: 5.78	RMSE: 11.65
Epoch 810	LOSS: 8.93	MAE: 5.78	RMSE: 11.65
Epoch 811	LOSS: 8.89	MAE: 5.78	RMSE: 11.66
Epoch 812	LOSS: 8.74	MAE: 5.78	RMSE: 11.65
Epoch 813	LOSS: 9.03	MAE: 5.78	RMSE: 11.65
Epoch 814	LOSS: 8.82	MAE: 5.78	RMSE: 11.65
Epoch 815	LOSS: 8.63	MAE: 5.78	RMSE: 11.65
Epoch 816	LOSS: 9.02	MAE: 5.78	RMSE: 11.65
Epoch 817	LOSS: 9.06	MAE: 5.78	RMSE: 11.65
Epoch 818	LOSS: 9.00	MAE: 5.78	RMSE: 11.65
Epoch 819	LOSS: 9.01	MAE: 5.78	RMSE: 11.64
Epoch 820	LOSS: 8.77	MAE: 5.78	RMSE: 11.65
Epoch 821	LOSS: 9.02	MAE: 5.78	RMSE: 11.65
Epoch 822	LOSS: 8.81	MAE: 5.78	RMSE: 11.65
Epoch 823	LOSS: 8.82	MAE: 5.78	RMSE: 11.65
Epoch 824	LOSS: 9.00	MAE: 5.78	RMSE: 11.66
Epoch 825	LOSS: 8.89	MAE: 5.78	RMSE: 11.65
Epoch 826	LOSS: 8.94	MAE: 5.78	RMSE: 11.66
Epoch 827	LOSS: 8.96	MAE: 5.78	RMSE: 11.66
Epoch 828	LOSS: 8.86	MAE: 5.78	RMSE: 11.65
Epoch 829	LOSS: 8.91	MAE: 5.78	RMSE: 11.66
Epoch 830	LOSS: 9.19	MAE: 5.78	RMSE: 11.66
Epoch 831	LOSS: 8.85	MAE: 5.78	RMSE: 11.65
Epoch 832	LOSS: 9.17	MAE: 5.78	RMSE: 11.65
Epoch 833	LOSS: 8.64	MAE: 5.78	RMSE: 11.64
Epoch 834	LOSS: 9.00	MAE: 5.78	RMSE: 11.64
Epoch 835	LOSS: 8.66	MAE: 5.78	RMSE: 11.64
Epoch 836	LOSS: 8.95	MAE: 5.78	RMSE: 11.64
Epoch 837	LOSS: 8.86	MAE: 5.78	RMSE: 11.65
Epoch 838	LOSS: 8.86	MAE: 5.78	RMSE: 11.65
Epoch 839	LOSS: 8.68	MAE: 5.78	RMSE: 11.65
Epoch 840	LOSS: 8.81	MAE: 5.78	RMSE: 11.66
Epoch 841	LOSS: 8.92	MAE: 5.78	RMSE: 11.66
Epoch 842	LOSS: 8.92	MAE: 5.78	RMSE: 11.66
Epoch 843	LOSS: 9.09	MAE: 5.78	RMSE: 11.65
Epoch 844	LOSS: 8.93	MAE: 5.78	RMSE: 11.65
Epoch 845	LOSS: 8.87	MAE: 5.78	RMSE: 11.65
Epoch 846	LOSS: 9.09	MAE: 5.78	RMSE: 11.65
Epoch 847	LOSS: 9.02	MAE: 5.78	RMSE: 11.65
Epoch 848	LOSS: 8.76	MAE: 5.78	RMSE: 11.65
Epoch 849	LOSS: 8.78	MAE: 5.78	RMSE: 11.65
Epoch 850	LOSS: 8.86	MAE: 5.78	RMSE: 11.65
Epoch 851	LOSS: 8.97	MAE: 5.78	RMSE: 11.66
Epoch 852	LOSS: 8.76	MAE: 5.78	RMSE: 11.66
Epoch 853	LOSS: 9.07	MAE: 5.78	RMSE: 11.65
Epoch 854	LOSS: 8.97	MAE: 5.78	RMSE: 11.64
Epoch 855	LOSS: 8.90	MAE: 5.78	RMSE: 11.64
Epoch 856	LOSS: 8.98	MAE: 5.78	RMSE: 11.65
Epoch 857	LOSS: 8.88	MAE: 5.78	RMSE: 11.66
Epoch 858	LOSS: 8.95	MAE: 5.78	RMSE: 11.66
Epoch 859	LOSS: 8.85	MAE: 5.78	RMSE: 11.66
Epoch 860	LOSS: 8.92	MAE: 5.78	RMSE: 11.66
Epoch 861	LOSS: 8.88	MAE: 5.78	RMSE: 11.65
Epoch 862	LOSS: 8.81	MAE: 5.78	RMSE: 11.65
Epoch 863	LOSS: 8.98	MAE: 5.78	RMSE: 11.65
Epoch 864	LOSS: 9.01	MAE: 5.78	RMSE: 11.65
Epoch 865	LOSS: 8.91	MAE: 5.78	RMSE: 11.65
Epoch 866	LOSS: 8.85	MAE: 5.78	RMSE: 11.65
Epoch 867	LOSS: 9.02	MAE: 5.78	RMSE: 11.65
Epoch 868	LOSS: 8.77	MAE: 5.78	RMSE: 11.65
Epoch 869	LOSS: 8.64	MAE: 5.78	RMSE: 11.65
Epoch 870	LOSS: 9.04	MAE: 5.78	RMSE: 11.66
Epoch 871	LOSS: 8.88	MAE: 5.78	RMSE: 11.66
Epoch 872	LOSS: 8.94	MAE: 5.78	RMSE: 11.65
Epoch 873	LOSS: 8.82	MAE: 5.78	RMSE: 11.65
Epoch 874	LOSS: 8.77	MAE: 5.78	RMSE: 11.65
Epoch 875	LOSS: 9.10	MAE: 5.78	RMSE: 11.65
Epoch 876	LOSS: 8.83	MAE: 5.78	RMSE: 11.66
Epoch 877	LOSS: 8.76	MAE: 5.78	RMSE: 11.66
Epoch 878	LOSS: 9.00	MAE: 5.78	RMSE: 11.66
Epoch 879	LOSS: 8.87	MAE: 5.78	RMSE: 11.65
Epoch 880	LOSS: 8.88	MAE: 5.78	RMSE: 11.66
Epoch 881	LOSS: 8.82	MAE: 5.78	RMSE: 11.66
Epoch 882	LOSS: 8.82	MAE: 5.78	RMSE: 11.65
Epoch 883	LOSS: 8.77	MAE: 5.78	RMSE: 11.65
Epoch 884	LOSS: 9.05	MAE: 5.78	RMSE: 11.65
Epoch 885	LOSS: 8.88	MAE: 5.78	RMSE: 11.65
Epoch 886	LOSS: 9.10	MAE: 5.78	RMSE: 11.65
Epoch 887	LOSS: 8.85	MAE: 5.78	RMSE: 11.65
Epoch 888	LOSS: 8.89	MAE: 5.78	RMSE: 11.66
Epoch 889	LOSS: 9.00	MAE: 5.78	RMSE: 11.65
Epoch 890	LOSS: 8.91	MAE: 5.78	RMSE: 11.66
Epoch 891	LOSS: 8.87	MAE: 5.78	RMSE: 11.66
Epoch 892	LOSS: 9.03	MAE: 5.78	RMSE: 11.66
Epoch 893	LOSS: 9.00	MAE: 5.78	RMSE: 11.66
Epoch 894	LOSS: 9.07	MAE: 5.78	RMSE: 11.66
Epoch 895	LOSS: 8.90	MAE: 5.78	RMSE: 11.66
Epoch 896	LOSS: 8.94	MAE: 5.78	RMSE: 11.65
Epoch 897	LOSS: 8.96	MAE: 5.78	RMSE: 11.65
Epoch 898	LOSS: 9.15	MAE: 5.78	RMSE: 11.66
Epoch 899	LOSS: 8.77	MAE: 5.78	RMSE: 11.66
Epoch 900	LOSS: 8.97	MAE: 5.78	RMSE: 11.65
Epoch 901	LOSS: 8.76	MAE: 5.78	RMSE: 11.66
Epoch 902	LOSS: 8.84	MAE: 5.78	RMSE: 11.65
Epoch 903	LOSS: 8.94	MAE: 5.78	RMSE: 11.65
Epoch 904	LOSS: 8.77	MAE: 5.78	RMSE: 11.66
Epoch 905	LOSS: 8.81	MAE: 5.78	RMSE: 11.66
Epoch 906	LOSS: 8.89	MAE: 5.78	RMSE: 11.65
Epoch 907	LOSS: 9.14	MAE: 5.78	RMSE: 11.65
Epoch 908	LOSS: 8.87	MAE: 5.78	RMSE: 11.64
Epoch 909	LOSS: 8.93	MAE: 5.78	RMSE: 11.64
Epoch 910	LOSS: 9.00	MAE: 5.78	RMSE: 11.64
Epoch 911	LOSS: 8.98	MAE: 5.78	RMSE: 11.64
Epoch 912	LOSS: 8.95	MAE: 5.78	RMSE: 11.65
Epoch 913	LOSS: 8.94	MAE: 5.78	RMSE: 11.65
Epoch 914	LOSS: 8.92	MAE: 5.78	RMSE: 11.66
Epoch 915	LOSS: 8.92	MAE: 5.78	RMSE: 11.65
Epoch 916	LOSS: 8.81	MAE: 5.78	RMSE: 11.66
Epoch 917	LOSS: 8.99	MAE: 5.78	RMSE: 11.66
Epoch 918	LOSS: 9.10	MAE: 5.78	RMSE: 11.65
Epoch 919	LOSS: 8.91	MAE: 5.78	RMSE: 11.65
Epoch 920	LOSS: 8.83	MAE: 5.78	RMSE: 11.65
Epoch 921	LOSS: 8.95	MAE: 5.78	RMSE: 11.65
Epoch 922	LOSS: 8.85	MAE: 5.78	RMSE: 11.65
Epoch 923	LOSS: 8.98	MAE: 5.78	RMSE: 11.65
Epoch 924	LOSS: 9.10	MAE: 5.78	RMSE: 11.65
Epoch 925	LOSS: 8.92	MAE: 5.78	RMSE: 11.65
Epoch 926	LOSS: 9.08	MAE: 5.78	RMSE: 11.65
Epoch 927	LOSS: 8.94	MAE: 5.78	RMSE: 11.65
Epoch 928	LOSS: 9.14	MAE: 5.78	RMSE: 11.66
Epoch 929	LOSS: 8.92	MAE: 5.78	RMSE: 11.66
Epoch 930	LOSS: 9.09	MAE: 5.78	RMSE: 11.66
Epoch 931	LOSS: 8.70	MAE: 5.78	RMSE: 11.65
Epoch 932	LOSS: 8.79	MAE: 5.78	RMSE: 11.65
Epoch 933	LOSS: 8.89	MAE: 5.78	RMSE: 11.66
Epoch 934	LOSS: 8.87	MAE: 5.78	RMSE: 11.66
Epoch 935	LOSS: 9.06	MAE: 5.78	RMSE: 11.66
Epoch 936	LOSS: 8.85	MAE: 5.78	RMSE: 11.66
Epoch 937	LOSS: 8.68	MAE: 5.78	RMSE: 11.65
Epoch 938	LOSS: 8.68	MAE: 5.78	RMSE: 11.65
Epoch 939	LOSS: 8.96	MAE: 5.78	RMSE: 11.65
Epoch 940	LOSS: 8.98	MAE: 5.78	RMSE: 11.66
Epoch 941	LOSS: 9.04	MAE: 5.78	RMSE: 11.66
Epoch 942	LOSS: 9.07	MAE: 5.78	RMSE: 11.67
Epoch 943	LOSS: 8.79	MAE: 5.78	RMSE: 11.66
Epoch 944	LOSS: 8.90	MAE: 5.78	RMSE: 11.66
Epoch 945	LOSS: 9.03	MAE: 5.78	RMSE: 11.65
Epoch 946	LOSS: 9.00	MAE: 5.78	RMSE: 11.64
Epoch 947	LOSS: 8.80	MAE: 5.78	RMSE: 11.64
Epoch 948	LOSS: 8.74	MAE: 5.78	RMSE: 11.65
Epoch 949	LOSS: 9.09	MAE: 5.78	RMSE: 11.65
Epoch 950	LOSS: 8.96	MAE: 5.78	RMSE: 11.66
Epoch 951	LOSS: 8.97	MAE: 5.78	RMSE: 11.66
Epoch 952	LOSS: 9.12	MAE: 5.78	RMSE: 11.65
Epoch 953	LOSS: 8.90	MAE: 5.78	RMSE: 11.65
Epoch 954	LOSS: 8.72	MAE: 5.78	RMSE: 11.65
Epoch 955	LOSS: 8.95	MAE: 5.78	RMSE: 11.65
Epoch 956	LOSS: 8.82	MAE: 5.78	RMSE: 11.66
Epoch 957	LOSS: 8.64	MAE: 5.78	RMSE: 11.65
Epoch 958	LOSS: 9.09	MAE: 5.78	RMSE: 11.64
Epoch 959	LOSS: 8.77	MAE: 5.78	RMSE: 11.65
Epoch 960	LOSS: 9.02	MAE: 5.78	RMSE: 11.66
Epoch 961	LOSS: 8.90	MAE: 5.78	RMSE: 11.66
Epoch 962	LOSS: 8.87	MAE: 5.78	RMSE: 11.66
Epoch 963	LOSS: 8.74	MAE: 5.78	RMSE: 11.66
Epoch 964	LOSS: 8.99	MAE: 5.78	RMSE: 11.66
Epoch 965	LOSS: 8.72	MAE: 5.78	RMSE: 11.66
Epoch 966	LOSS: 8.90	MAE: 5.78	RMSE: 11.66
Epoch 967	LOSS: 8.85	MAE: 5.78	RMSE: 11.66
Epoch 968	LOSS: 8.83	MAE: 5.78	RMSE: 11.67
Epoch 969	LOSS: 9.01	MAE: 5.78	RMSE: 11.67
Epoch 970	LOSS: 8.72	MAE: 5.78	RMSE: 11.67
Epoch 971	LOSS: 8.87	MAE: 5.78	RMSE: 11.67
Epoch 972	LOSS: 8.85	MAE: 5.78	RMSE: 11.66
Epoch 973	LOSS: 8.84	MAE: 5.78	RMSE: 11.65
Epoch 974	LOSS: 8.87	MAE: 5.78	RMSE: 11.65
Epoch 975	LOSS: 8.78	MAE: 5.78	RMSE: 11.65
Epoch 976	LOSS: 8.86	MAE: 5.78	RMSE: 11.65
Epoch 977	LOSS: 9.14	MAE: 5.78	RMSE: 11.66
Epoch 978	LOSS: 8.98	MAE: 5.78	RMSE: 11.66
Epoch 979	LOSS: 8.65	MAE: 5.78	RMSE: 11.66
Epoch 980	LOSS: 8.77	MAE: 5.78	RMSE: 11.65
Epoch 981	LOSS: 8.81	MAE: 5.78	RMSE: 11.65
Epoch 982	LOSS: 8.76	MAE: 5.78	RMSE: 11.65
Epoch 983	LOSS: 8.86	MAE: 5.78	RMSE: 11.65
Epoch 984	LOSS: 8.99	MAE: 5.78	RMSE: 11.66
Epoch 985	LOSS: 9.01	MAE: 5.78	RMSE: 11.66
Epoch 986	LOSS: 8.99	MAE: 5.78	RMSE: 11.65
Epoch 987	LOSS: 8.90	MAE: 5.78	RMSE: 11.65
Epoch 988	LOSS: 8.90	MAE: 5.78	RMSE: 11.65
Epoch 989	LOSS: 8.69	MAE: 5.78	RMSE: 11.65
Epoch 990	LOSS: 8.93	MAE: 5.78	RMSE: 11.66
Epoch 991	LOSS: 8.64	MAE: 5.78	RMSE: 11.65
Epoch 992	LOSS: 8.96	MAE: 5.78	RMSE: 11.65
Epoch 993	LOSS: 8.78	MAE: 5.78	RMSE: 11.65
Epoch 994	LOSS: 8.96	MAE: 5.78	RMSE: 11.65
Epoch 995	LOSS: 8.77	MAE: 5.78	RMSE: 11.65
Epoch 996	LOSS: 8.88	MAE: 5.78	RMSE: 11.66
Epoch 997	LOSS: 8.94	MAE: 5.78	RMSE: 11.66
Epoch 998	LOSS: 9.00	MAE: 5.78	RMSE: 11.66
Epoch 999	LOSS: 9.06	MAE: 5.78	RMSE: 11.66
