Epoch 000	LOSS: 268.48	MAE: 48.27	RMSE: 52.31
Epoch 001	LOSS: 230.33	MAE: 45.85	RMSE: 50.06
Epoch 002	LOSS: 213.38	MAE: 43.63	RMSE: 48.09
Epoch 003	LOSS: 202.38	MAE: 42.84	RMSE: 47.34
Epoch 004	LOSS: 196.95	MAE: 42.21	RMSE: 46.82
Epoch 005	LOSS: 189.75	MAE: 41.70	RMSE: 46.34
Epoch 006	LOSS: 184.47	MAE: 41.10	RMSE: 45.73
Epoch 007	LOSS: 183.26	MAE: 40.38	RMSE: 44.96
Epoch 008	LOSS: 178.51	MAE: 39.99	RMSE: 44.49
Epoch 009	LOSS: 174.71	MAE: 39.49	RMSE: 43.92
Epoch 010	LOSS: 170.81	MAE: 39.04	RMSE: 43.36
Epoch 011	LOSS: 168.89	MAE: 38.46	RMSE: 42.73
Epoch 012	LOSS: 164.89	MAE: 37.99	RMSE: 42.22
Epoch 013	LOSS: 161.74	MAE: 37.44	RMSE: 41.60
Epoch 014	LOSS: 159.37	MAE: 36.77	RMSE: 40.88
Epoch 015	LOSS: 157.12	MAE: 36.25	RMSE: 40.29
Epoch 016	LOSS: 155.11	MAE: 35.56	RMSE: 39.58
Epoch 017	LOSS: 153.58	MAE: 34.79	RMSE: 38.78
Epoch 018	LOSS: 151.66	MAE: 34.38	RMSE: 38.32
Epoch 019	LOSS: 148.82	MAE: 33.86	RMSE: 37.81
Epoch 020	LOSS: 148.03	MAE: 33.08	RMSE: 36.99
Epoch 021	LOSS: 146.73	MAE: 32.65	RMSE: 36.55
Epoch 022	LOSS: 145.31	MAE: 32.05	RMSE: 35.93
Epoch 023	LOSS: 144.83	MAE: 31.30	RMSE: 35.18
Epoch 024	LOSS: 140.70	MAE: 30.96	RMSE: 34.83
Epoch 025	LOSS: 139.01	MAE: 30.46	RMSE: 34.28
Epoch 026	LOSS: 139.83	MAE: 29.81	RMSE: 33.63
Epoch 027	LOSS: 137.74	MAE: 29.38	RMSE: 33.19
Epoch 028	LOSS: 135.88	MAE: 28.93	RMSE: 32.71
Epoch 029	LOSS: 135.67	MAE: 28.38	RMSE: 32.16
Epoch 030	LOSS: 133.59	MAE: 27.85	RMSE: 31.62
Epoch 031	LOSS: 132.18	MAE: 27.43	RMSE: 31.20
Epoch 032	LOSS: 131.55	MAE: 26.98	RMSE: 30.72
Epoch 033	LOSS: 130.35	MAE: 26.52	RMSE: 30.25
Epoch 034	LOSS: 128.32	MAE: 26.22	RMSE: 29.93
Epoch 035	LOSS: 127.84	MAE: 25.81	RMSE: 29.49
Epoch 036	LOSS: 126.75	MAE: 25.35	RMSE: 29.04
Epoch 037	LOSS: 125.74	MAE: 25.14	RMSE: 28.79
Epoch 038	LOSS: 124.17	MAE: 24.61	RMSE: 28.30
Epoch 039	LOSS: 123.10	MAE: 24.30	RMSE: 27.99
Epoch 040	LOSS: 122.69	MAE: 23.98	RMSE: 27.62
Epoch 041	LOSS: 121.39	MAE: 23.75	RMSE: 27.36
Epoch 042	LOSS: 119.95	MAE: 23.49	RMSE: 27.06
Epoch 043	LOSS: 120.50	MAE: 23.06	RMSE: 26.61
Epoch 044	LOSS: 117.80	MAE: 22.93	RMSE: 26.51
Epoch 045	LOSS: 117.15	MAE: 22.57	RMSE: 26.13
Epoch 046	LOSS: 116.69	MAE: 22.06	RMSE: 25.62
Epoch 047	LOSS: 115.44	MAE: 22.17	RMSE: 25.67
Epoch 048	LOSS: 114.48	MAE: 21.70	RMSE: 25.22
Epoch 049	LOSS: 113.29	MAE: 21.45	RMSE: 24.96
Epoch 050	LOSS: 112.64	MAE: 21.23	RMSE: 24.71
Epoch 051	LOSS: 111.85	MAE: 20.98	RMSE: 24.40
Epoch 052	LOSS: 110.31	MAE: 20.88	RMSE: 24.28
Epoch 053	LOSS: 109.92	MAE: 20.46	RMSE: 23.86
Epoch 054	LOSS: 108.64	MAE: 20.30	RMSE: 23.69
Epoch 055	LOSS: 108.11	MAE: 20.11	RMSE: 23.43
Epoch 056	LOSS: 107.10	MAE: 19.81	RMSE: 23.14
Epoch 057	LOSS: 105.74	MAE: 19.76	RMSE: 23.05
Epoch 058	LOSS: 104.82	MAE: 19.60	RMSE: 22.88
Epoch 059	LOSS: 104.45	MAE: 19.26	RMSE: 22.52
Epoch 060	LOSS: 103.22	MAE: 19.02	RMSE: 22.30
Epoch 061	LOSS: 103.14	MAE: 18.96	RMSE: 22.18
Epoch 062	LOSS: 101.95	MAE: 18.84	RMSE: 22.04
Epoch 063	LOSS: 100.90	MAE: 18.61	RMSE: 21.82
Epoch 064	LOSS: 100.28	MAE: 18.46	RMSE: 21.62
Epoch 065	LOSS: 98.99	MAE: 18.14	RMSE: 21.29
Epoch 066	LOSS: 98.65	MAE: 17.86	RMSE: 21.01
Epoch 067	LOSS: 97.46	MAE: 17.81	RMSE: 20.91
Epoch 068	LOSS: 96.42	MAE: 17.65	RMSE: 20.73
Epoch 069	LOSS: 96.09	MAE: 17.45	RMSE: 20.55
Epoch 070	LOSS: 95.17	MAE: 17.35	RMSE: 20.42
Epoch 071	LOSS: 93.88	MAE: 17.36	RMSE: 20.38
Epoch 072	LOSS: 93.30	MAE: 17.06	RMSE: 20.09
Epoch 073	LOSS: 92.65	MAE: 16.99	RMSE: 19.96
Epoch 074	LOSS: 91.15	MAE: 16.68	RMSE: 19.67
Epoch 075	LOSS: 90.87	MAE: 16.43	RMSE: 19.37
Epoch 076	LOSS: 89.89	MAE: 16.45	RMSE: 19.37
Epoch 077	LOSS: 89.16	MAE: 16.19	RMSE: 19.11
Epoch 078	LOSS: 88.63	MAE: 15.94	RMSE: 18.83
Epoch 079	LOSS: 87.50	MAE: 15.82	RMSE: 18.71
Epoch 080	LOSS: 86.34	MAE: 15.74	RMSE: 18.63
Epoch 081	LOSS: 85.56	MAE: 15.54	RMSE: 18.41
Epoch 082	LOSS: 84.83	MAE: 15.24	RMSE: 18.10
Epoch 083	LOSS: 84.10	MAE: 15.18	RMSE: 18.04
Epoch 084	LOSS: 83.31	MAE: 14.99	RMSE: 17.82
Epoch 085	LOSS: 82.72	MAE: 14.86	RMSE: 17.66
Epoch 086	LOSS: 81.57	MAE: 14.78	RMSE: 17.59
Epoch 087	LOSS: 80.17	MAE: 14.64	RMSE: 17.43
Epoch 088	LOSS: 80.44	MAE: 14.19	RMSE: 16.99
Epoch 089	LOSS: 79.42	MAE: 14.21	RMSE: 16.96
Epoch 090	LOSS: 78.37	MAE: 13.94	RMSE: 16.71
Epoch 091	LOSS: 77.30	MAE: 13.82	RMSE: 16.58
Epoch 092	LOSS: 76.56	MAE: 13.73	RMSE: 16.46
Epoch 093	LOSS: 75.47	MAE: 13.61	RMSE: 16.36
Epoch 094	LOSS: 74.91	MAE: 13.48	RMSE: 16.21
Epoch 095	LOSS: 74.22	MAE: 13.16	RMSE: 15.90
Epoch 096	LOSS: 73.44	MAE: 13.07	RMSE: 15.78
Epoch 097	LOSS: 72.55	MAE: 12.92	RMSE: 15.63
Epoch 098	LOSS: 71.77	MAE: 12.88	RMSE: 15.55
Epoch 099	LOSS: 70.83	MAE: 12.56	RMSE: 15.25
Epoch 100	LOSS: 69.95	MAE: 12.39	RMSE: 15.08
Epoch 101	LOSS: 69.03	MAE: 12.52	RMSE: 15.17
Epoch 102	LOSS: 67.68	MAE: 12.13	RMSE: 14.82
Epoch 103	LOSS: 67.98	MAE: 12.04	RMSE: 14.73
Epoch 104	LOSS: 66.99	MAE: 11.97	RMSE: 14.62
Epoch 105	LOSS: 66.28	MAE: 11.84	RMSE: 14.50
Epoch 106	LOSS: 65.45	MAE: 11.72	RMSE: 14.37
Epoch 107	LOSS: 64.52	MAE: 11.29	RMSE: 14.02
Epoch 108	LOSS: 63.61	MAE: 11.31	RMSE: 14.03
Epoch 109	LOSS: 62.97	MAE: 11.06	RMSE: 13.78
Epoch 110	LOSS: 62.26	MAE: 10.88	RMSE: 13.60
Epoch 111	LOSS: 61.05	MAE: 10.72	RMSE: 13.46
Epoch 112	LOSS: 60.56	MAE: 10.85	RMSE: 13.55
Epoch 113	LOSS: 59.36	MAE: 10.51	RMSE: 13.26
Epoch 114	LOSS: 58.62	MAE: 10.44	RMSE: 13.15
Epoch 115	LOSS: 57.98	MAE: 10.25	RMSE: 13.00
Epoch 116	LOSS: 57.21	MAE: 10.07	RMSE: 12.84
Epoch 117	LOSS: 56.39	MAE: 10.11	RMSE: 12.85
Epoch 118	LOSS: 55.45	MAE: 9.79	RMSE: 12.58
Epoch 119	LOSS: 55.38	MAE: 9.64	RMSE: 12.44
Epoch 120	LOSS: 54.49	MAE: 9.44	RMSE: 12.28
Epoch 121	LOSS: 53.60	MAE: 9.41	RMSE: 12.22
Epoch 122	LOSS: 52.59	MAE: 9.34	RMSE: 12.17
Epoch 123	LOSS: 51.72	MAE: 9.07	RMSE: 11.96
Epoch 124	LOSS: 50.99	MAE: 8.84	RMSE: 11.77
Epoch 125	LOSS: 50.25	MAE: 8.83	RMSE: 11.75
Epoch 126	LOSS: 49.59	MAE: 8.77	RMSE: 11.71
Epoch 127	LOSS: 49.09	MAE: 8.68	RMSE: 11.62
Epoch 128	LOSS: 48.38	MAE: 8.48	RMSE: 11.46
Epoch 129	LOSS: 47.42	MAE: 8.23	RMSE: 11.27
Epoch 130	LOSS: 46.78	MAE: 8.33	RMSE: 11.33
Epoch 131	LOSS: 46.25	MAE: 8.08	RMSE: 11.16
Epoch 132	LOSS: 45.23	MAE: 7.88	RMSE: 11.00
Epoch 133	LOSS: 44.41	MAE: 7.77	RMSE: 10.93
Epoch 134	LOSS: 43.67	MAE: 7.82	RMSE: 10.93
Epoch 135	LOSS: 42.96	MAE: 7.62	RMSE: 10.79
Epoch 136	LOSS: 42.14	MAE: 7.33	RMSE: 10.59
Epoch 137	LOSS: 41.42	MAE: 7.31	RMSE: 10.58
Epoch 138	LOSS: 41.01	MAE: 7.21	RMSE: 10.50
Epoch 139	LOSS: 40.21	MAE: 7.11	RMSE: 10.43
Epoch 140	LOSS: 39.42	MAE: 6.93	RMSE: 10.31
Epoch 141	LOSS: 38.69	MAE: 6.83	RMSE: 10.24
Epoch 142	LOSS: 38.15	MAE: 6.72	RMSE: 10.16
Epoch 143	LOSS: 37.24	MAE: 6.73	RMSE: 10.16
Epoch 144	LOSS: 36.76	MAE: 6.62	RMSE: 10.08
Epoch 145	LOSS: 35.98	MAE: 6.44	RMSE: 9.99
Epoch 146	LOSS: 34.86	MAE: 6.41	RMSE: 9.94
Epoch 147	LOSS: 34.36	MAE: 6.24	RMSE: 9.84
Epoch 148	LOSS: 33.98	MAE: 6.10	RMSE: 9.76
Epoch 149	LOSS: 33.22	MAE: 5.99	RMSE: 9.66
Epoch 150	LOSS: 32.20	MAE: 5.96	RMSE: 9.63
Epoch 151	LOSS: 32.16	MAE: 5.85	RMSE: 9.55
Epoch 152	LOSS: 31.59	MAE: 5.76	RMSE: 9.50
Epoch 153	LOSS: 30.81	MAE: 5.68	RMSE: 9.45
Epoch 154	LOSS: 29.99	MAE: 5.59	RMSE: 9.39
Epoch 155	LOSS: 29.80	MAE: 5.53	RMSE: 9.36
Epoch 156	LOSS: 29.58	MAE: 5.41	RMSE: 9.33
Epoch 157	LOSS: 28.73	MAE: 5.36	RMSE: 9.30
Epoch 158	LOSS: 28.63	MAE: 5.31	RMSE: 9.27
Epoch 159	LOSS: 27.94	MAE: 5.26	RMSE: 9.26
Epoch 160	LOSS: 27.79	MAE: 5.21	RMSE: 9.22
Epoch 161	LOSS: 27.25	MAE: 5.18	RMSE: 9.20
Epoch 162	LOSS: 26.77	MAE: 5.11	RMSE: 9.18
Epoch 163	LOSS: 26.54	MAE: 5.07	RMSE: 9.17
Epoch 164	LOSS: 26.54	MAE: 5.08	RMSE: 9.20
Epoch 165	LOSS: 26.03	MAE: 5.01	RMSE: 9.17
Epoch 166	LOSS: 25.80	MAE: 5.02	RMSE: 9.18
Epoch 167	LOSS: 26.04	MAE: 4.98	RMSE: 9.18
Epoch 168	LOSS: 25.69	MAE: 4.93	RMSE: 9.18
Epoch 169	LOSS: 25.32	MAE: 4.95	RMSE: 9.17
Epoch 170	LOSS: 25.28	MAE: 4.92	RMSE: 9.15
Epoch 171	LOSS: 24.96	MAE: 4.85	RMSE: 9.14
Epoch 172	LOSS: 24.73	MAE: 4.90	RMSE: 9.12
Epoch 173	LOSS: 24.60	MAE: 4.87	RMSE: 9.14
Epoch 174	LOSS: 24.43	MAE: 4.84	RMSE: 9.15
Epoch 175	LOSS: 24.35	MAE: 4.80	RMSE: 9.15
Epoch 176	LOSS: 24.52	MAE: 4.84	RMSE: 9.16
Epoch 177	LOSS: 24.23	MAE: 4.83	RMSE: 9.15
Epoch 178	LOSS: 24.28	MAE: 4.87	RMSE: 9.20
Epoch 179	LOSS: 23.84	MAE: 4.85	RMSE: 9.22
Epoch 180	LOSS: 24.01	MAE: 4.85	RMSE: 9.17
Epoch 181	LOSS: 24.06	MAE: 4.82	RMSE: 9.19
Epoch 182	LOSS: 23.89	MAE: 4.80	RMSE: 9.17
Epoch 183	LOSS: 23.27	MAE: 4.76	RMSE: 9.15
Epoch 184	LOSS: 23.94	MAE: 4.81	RMSE: 9.14
Epoch 185	LOSS: 23.64	MAE: 4.83	RMSE: 9.17
Epoch 186	LOSS: 23.74	MAE: 4.84	RMSE: 9.18
Epoch 187	LOSS: 23.81	MAE: 4.81	RMSE: 9.17
Epoch 188	LOSS: 23.38	MAE: 4.73	RMSE: 9.10
Epoch 189	LOSS: 23.85	MAE: 4.80	RMSE: 9.16
Epoch 190	LOSS: 23.58	MAE: 4.77	RMSE: 9.14
Epoch 191	LOSS: 23.56	MAE: 4.77	RMSE: 9.12
Epoch 192	LOSS: 23.13	MAE: 4.79	RMSE: 9.15
Epoch 193	LOSS: 23.17	MAE: 4.78	RMSE: 9.15
Epoch 194	LOSS: 23.25	MAE: 4.72	RMSE: 9.11
Epoch 195	LOSS: 23.64	MAE: 4.80	RMSE: 9.14
Epoch 196	LOSS: 23.29	MAE: 4.80	RMSE: 9.13
Epoch 197	LOSS: 23.17	MAE: 4.82	RMSE: 9.18
Epoch 198	LOSS: 23.32	MAE: 4.76	RMSE: 9.13
Epoch 199	LOSS: 23.37	MAE: 4.83	RMSE: 9.16
Epoch 200	LOSS: 23.59	MAE: 4.77	RMSE: 9.11
Epoch 201	LOSS: 23.34	MAE: 4.76	RMSE: 9.09
Epoch 202	LOSS: 23.04	MAE: 4.74	RMSE: 9.09
Epoch 203	LOSS: 23.39	MAE: 4.78	RMSE: 9.12
Epoch 204	LOSS: 23.25	MAE: 4.73	RMSE: 9.09
Epoch 205	LOSS: 23.22	MAE: 4.75	RMSE: 9.08
Epoch 206	LOSS: 22.91	MAE: 4.75	RMSE: 9.08
Epoch 207	LOSS: 22.60	MAE: 4.71	RMSE: 9.11
Epoch 208	LOSS: 23.06	MAE: 4.76	RMSE: 9.12
Epoch 209	LOSS: 22.90	MAE: 4.79	RMSE: 9.14
Epoch 210	LOSS: 22.56	MAE: 4.72	RMSE: 9.10
Epoch 211	LOSS: 22.91	MAE: 4.69	RMSE: 9.05
Epoch 212	LOSS: 22.81	MAE: 4.69	RMSE: 9.05
Epoch 213	LOSS: 22.89	MAE: 4.71	RMSE: 9.09
Epoch 214	LOSS: 22.40	MAE: 4.75	RMSE: 9.09
Epoch 215	LOSS: 22.93	MAE: 4.75	RMSE: 9.07
Epoch 216	LOSS: 22.87	MAE: 4.70	RMSE: 9.05
Epoch 217	LOSS: 22.62	MAE: 4.70	RMSE: 9.08
Epoch 218	LOSS: 22.81	MAE: 4.67	RMSE: 9.04
Epoch 219	LOSS: 22.96	MAE: 4.69	RMSE: 9.05
Epoch 220	LOSS: 22.76	MAE: 4.71	RMSE: 9.06
Epoch 221	LOSS: 22.72	MAE: 4.70	RMSE: 9.06
Epoch 222	LOSS: 22.55	MAE: 4.73	RMSE: 9.09
Epoch 223	LOSS: 22.55	MAE: 4.69	RMSE: 9.04
Epoch 224	LOSS: 22.70	MAE: 4.68	RMSE: 9.03
Epoch 225	LOSS: 22.68	MAE: 4.66	RMSE: 9.03
Epoch 226	LOSS: 22.53	MAE: 4.72	RMSE: 9.08
Epoch 227	LOSS: 22.26	MAE: 4.69	RMSE: 9.03
Epoch 228	LOSS: 22.41	MAE: 4.67	RMSE: 9.00
Epoch 229	LOSS: 22.78	MAE: 4.71	RMSE: 9.03
Epoch 230	LOSS: 22.60	MAE: 4.69	RMSE: 9.06
Epoch 231	LOSS: 22.23	MAE: 4.72	RMSE: 9.05
Epoch 232	LOSS: 22.56	MAE: 4.69	RMSE: 9.04
Epoch 233	LOSS: 22.59	MAE: 4.70	RMSE: 9.04
Epoch 234	LOSS: 22.49	MAE: 4.69	RMSE: 9.04
Epoch 235	LOSS: 22.24	MAE: 4.64	RMSE: 9.00
Epoch 236	LOSS: 22.27	MAE: 4.64	RMSE: 9.00
Epoch 237	LOSS: 22.11	MAE: 4.66	RMSE: 9.02
Epoch 238	LOSS: 22.19	MAE: 4.66	RMSE: 9.03
Epoch 239	LOSS: 22.21	MAE: 4.67	RMSE: 8.99
Epoch 240	LOSS: 22.20	MAE: 4.65	RMSE: 8.98
Epoch 241	LOSS: 21.97	MAE: 4.69	RMSE: 9.02
Epoch 242	LOSS: 22.14	MAE: 4.66	RMSE: 9.00
Epoch 243	LOSS: 22.44	MAE: 4.70	RMSE: 9.01
Epoch 244	LOSS: 22.37	MAE: 4.67	RMSE: 9.01
Epoch 245	LOSS: 22.13	MAE: 4.68	RMSE: 9.01
Epoch 246	LOSS: 22.18	MAE: 4.66	RMSE: 9.01
Epoch 247	LOSS: 21.68	MAE: 4.71	RMSE: 9.04
Epoch 248	LOSS: 22.14	MAE: 4.65	RMSE: 8.99
Epoch 249	LOSS: 22.36	MAE: 4.69	RMSE: 9.01
Epoch 250	LOSS: 22.08	MAE: 4.68	RMSE: 9.00
Epoch 251	LOSS: 22.34	MAE: 4.66	RMSE: 8.97
Epoch 252	LOSS: 22.01	MAE: 4.69	RMSE: 8.99
Epoch 253	LOSS: 21.82	MAE: 4.64	RMSE: 8.98
Epoch 254	LOSS: 22.17	MAE: 4.62	RMSE: 8.96
Epoch 255	LOSS: 22.23	MAE: 4.62	RMSE: 8.95
Epoch 256	LOSS: 21.78	MAE: 4.67	RMSE: 8.98
Epoch 257	LOSS: 22.17	MAE: 4.67	RMSE: 8.99
Epoch 258	LOSS: 22.51	MAE: 4.68	RMSE: 8.98
Epoch 259	LOSS: 21.88	MAE: 4.66	RMSE: 8.98
Epoch 260	LOSS: 22.00	MAE: 4.63	RMSE: 8.95
Epoch 261	LOSS: 21.94	MAE: 4.59	RMSE: 8.91
Epoch 262	LOSS: 21.94	MAE: 4.62	RMSE: 8.97
Epoch 263	LOSS: 22.05	MAE: 4.63	RMSE: 8.96
Epoch 264	LOSS: 21.92	MAE: 4.68	RMSE: 8.97
Epoch 265	LOSS: 21.86	MAE: 4.66	RMSE: 8.95
Epoch 266	LOSS: 22.19	MAE: 4.64	RMSE: 8.97
Epoch 267	LOSS: 21.97	MAE: 4.67	RMSE: 8.99
Epoch 268	LOSS: 21.87	MAE: 4.70	RMSE: 8.99
Epoch 269	LOSS: 21.86	MAE: 4.68	RMSE: 8.98
Epoch 270	LOSS: 21.90	MAE: 4.65	RMSE: 8.96
Epoch 271	LOSS: 22.10	MAE: 4.63	RMSE: 8.96
Epoch 272	LOSS: 21.99	MAE: 4.63	RMSE: 8.94
Epoch 273	LOSS: 21.68	MAE: 4.61	RMSE: 8.95
Epoch 274	LOSS: 21.90	MAE: 4.66	RMSE: 8.99
Epoch 275	LOSS: 21.79	MAE: 4.66	RMSE: 8.97
Epoch 276	LOSS: 22.03	MAE: 4.64	RMSE: 8.96
Epoch 277	LOSS: 21.58	MAE: 4.59	RMSE: 8.93
Epoch 278	LOSS: 22.16	MAE: 4.71	RMSE: 8.97
Epoch 279	LOSS: 22.06	MAE: 4.65	RMSE: 8.94
Epoch 280	LOSS: 22.00	MAE: 4.67	RMSE: 8.97
Epoch 281	LOSS: 21.75	MAE: 4.63	RMSE: 8.95
Epoch 282	LOSS: 22.26	MAE: 4.62	RMSE: 8.93
Epoch 283	LOSS: 22.20	MAE: 4.62	RMSE: 8.94
Epoch 284	LOSS: 22.12	MAE: 4.61	RMSE: 8.95
Epoch 285	LOSS: 21.74	MAE: 4.61	RMSE: 8.94
Epoch 286	LOSS: 21.80	MAE: 4.64	RMSE: 8.93
Epoch 287	LOSS: 21.80	MAE: 4.65	RMSE: 8.93
Epoch 288	LOSS: 21.84	MAE: 4.59	RMSE: 8.93
Epoch 289	LOSS: 22.02	MAE: 4.62	RMSE: 8.92
Epoch 290	LOSS: 21.82	MAE: 4.62	RMSE: 8.94
Epoch 291	LOSS: 21.94	MAE: 4.64	RMSE: 8.95
Epoch 292	LOSS: 22.02	MAE: 4.64	RMSE: 8.94
Epoch 293	LOSS: 21.37	MAE: 4.61	RMSE: 8.91
Epoch 294	LOSS: 21.77	MAE: 4.63	RMSE: 8.93
Epoch 295	LOSS: 22.08	MAE: 4.67	RMSE: 8.95
Epoch 296	LOSS: 21.71	MAE: 4.65	RMSE: 8.95
Epoch 297	LOSS: 21.89	MAE: 4.63	RMSE: 8.97
Epoch 298	LOSS: 21.99	MAE: 4.59	RMSE: 8.93
Epoch 299	LOSS: 21.96	MAE: 4.60	RMSE: 8.93
Epoch 300	LOSS: 21.64	MAE: 4.58	RMSE: 8.93
Epoch 301	LOSS: 21.63	MAE: 4.61	RMSE: 8.93
Epoch 302	LOSS: 21.32	MAE: 4.60	RMSE: 8.90
Epoch 303	LOSS: 21.92	MAE: 4.61	RMSE: 8.96
Epoch 304	LOSS: 21.15	MAE: 4.60	RMSE: 8.94
Epoch 305	LOSS: 21.79	MAE: 4.63	RMSE: 8.95
Epoch 306	LOSS: 21.84	MAE: 4.60	RMSE: 8.92
Epoch 307	LOSS: 21.81	MAE: 4.57	RMSE: 8.91
Epoch 308	LOSS: 21.57	MAE: 4.61	RMSE: 8.95
Epoch 309	LOSS: 21.56	MAE: 4.58	RMSE: 8.91
Epoch 310	LOSS: 21.28	MAE: 4.55	RMSE: 8.89
Epoch 311	LOSS: 21.37	MAE: 4.64	RMSE: 8.95
Epoch 312	LOSS: 21.40	MAE: 4.62	RMSE: 8.96
Epoch 313	LOSS: 21.70	MAE: 4.61	RMSE: 8.92
Epoch 314	LOSS: 21.27	MAE: 4.58	RMSE: 8.90
Epoch 315	LOSS: 21.59	MAE: 4.58	RMSE: 8.91
Epoch 316	LOSS: 21.27	MAE: 4.57	RMSE: 8.93
Epoch 317	LOSS: 22.04	MAE: 4.61	RMSE: 8.92
Epoch 318	LOSS: 21.42	MAE: 4.57	RMSE: 8.92
Epoch 319	LOSS: 21.60	MAE: 4.58	RMSE: 8.91
Epoch 320	LOSS: 21.53	MAE: 4.54	RMSE: 8.88
Epoch 321	LOSS: 21.34	MAE: 4.59	RMSE: 8.93
Epoch 322	LOSS: 21.31	MAE: 4.56	RMSE: 8.89
Epoch 323	LOSS: 21.58	MAE: 4.61	RMSE: 8.92
Epoch 324	LOSS: 21.53	MAE: 4.60	RMSE: 8.93
Epoch 325	LOSS: 21.73	MAE: 4.58	RMSE: 8.90
Epoch 326	LOSS: 21.46	MAE: 4.57	RMSE: 8.88
Epoch 327	LOSS: 21.42	MAE: 4.59	RMSE: 8.93
Epoch 328	LOSS: 21.70	MAE: 4.57	RMSE: 8.90
Epoch 329	LOSS: 21.51	MAE: 4.62	RMSE: 8.90
Epoch 330	LOSS: 21.57	MAE: 4.60	RMSE: 8.93
Epoch 331	LOSS: 21.81	MAE: 4.61	RMSE: 8.92
Epoch 332	LOSS: 21.67	MAE: 4.57	RMSE: 8.91
Epoch 333	LOSS: 21.72	MAE: 4.59	RMSE: 8.92
Epoch 334	LOSS: 21.40	MAE: 4.55	RMSE: 8.88
Epoch 335	LOSS: 21.09	MAE: 4.58	RMSE: 8.90
Epoch 336	LOSS: 21.21	MAE: 4.55	RMSE: 8.90
Epoch 337	LOSS: 21.26	MAE: 4.56	RMSE: 8.88
Epoch 338	LOSS: 21.60	MAE: 4.58	RMSE: 8.91
Epoch 339	LOSS: 21.48	MAE: 4.56	RMSE: 8.88
Epoch 340	LOSS: 21.19	MAE: 4.58	RMSE: 8.90
Epoch 341	LOSS: 21.49	MAE: 4.56	RMSE: 8.91
Epoch 342	LOSS: 22.01	MAE: 4.69	RMSE: 8.94
Epoch 343	LOSS: 22.04	MAE: 4.65	RMSE: 8.92
Epoch 344	LOSS: 21.95	MAE: 4.63	RMSE: 8.95
Epoch 345	LOSS: 21.84	MAE: 4.64	RMSE: 8.93
Epoch 346	LOSS: 21.54	MAE: 4.61	RMSE: 8.91
Epoch 347	LOSS: 21.51	MAE: 4.56	RMSE: 8.88
Epoch 348	LOSS: 21.60	MAE: 4.59	RMSE: 8.91
Epoch 349	LOSS: 21.41	MAE: 4.56	RMSE: 8.91
Epoch 350	LOSS: 21.77	MAE: 4.58	RMSE: 8.88
Epoch 351	LOSS: 21.51	MAE: 4.56	RMSE: 8.89
Epoch 352	LOSS: 21.72	MAE: 4.61	RMSE: 8.90
Epoch 353	LOSS: 21.80	MAE: 4.58	RMSE: 8.89
Epoch 354	LOSS: 21.56	MAE: 4.57	RMSE: 8.89
Epoch 355	LOSS: 21.41	MAE: 4.57	RMSE: 8.91
Epoch 356	LOSS: 21.23	MAE: 4.63	RMSE: 8.93
Epoch 357	LOSS: 21.52	MAE: 4.59	RMSE: 8.93
Epoch 358	LOSS: 21.54	MAE: 4.57	RMSE: 8.90
Epoch 359	LOSS: 21.28	MAE: 4.53	RMSE: 8.87
Epoch 360	LOSS: 21.33	MAE: 4.53	RMSE: 8.89
Epoch 361	LOSS: 21.30	MAE: 4.55	RMSE: 8.88
Epoch 362	LOSS: 21.66	MAE: 4.55	RMSE: 8.90
Epoch 363	LOSS: 21.49	MAE: 4.59	RMSE: 8.93
Epoch 364	LOSS: 21.38	MAE: 4.59	RMSE: 8.90
Epoch 365	LOSS: 21.34	MAE: 4.58	RMSE: 8.92
Epoch 366	LOSS: 21.69	MAE: 4.64	RMSE: 8.97
Epoch 367	LOSS: 21.46	MAE: 4.59	RMSE: 8.92
Epoch 368	LOSS: 21.19	MAE: 4.56	RMSE: 8.90
Epoch 369	LOSS: 21.46	MAE: 4.58	RMSE: 8.91
Epoch 370	LOSS: 21.22	MAE: 4.59	RMSE: 8.93
Epoch 371	LOSS: 21.65	MAE: 4.54	RMSE: 8.88
Epoch 372	LOSS: 21.53	MAE: 4.54	RMSE: 8.86
Epoch 373	LOSS: 21.20	MAE: 4.57	RMSE: 8.90
Epoch 374	LOSS: 21.06	MAE: 4.55	RMSE: 8.86
Epoch 375	LOSS: 21.59	MAE: 4.60	RMSE: 8.92
Epoch 376	LOSS: 21.61	MAE: 4.60	RMSE: 8.92
Epoch 377	LOSS: 20.95	MAE: 4.55	RMSE: 8.90
Epoch 378	LOSS: 21.55	MAE: 4.63	RMSE: 8.95
Epoch 379	LOSS: 21.26	MAE: 4.55	RMSE: 8.88
Epoch 380	LOSS: 21.57	MAE: 4.60	RMSE: 8.92
Epoch 381	LOSS: 21.49	MAE: 4.56	RMSE: 8.91
Epoch 382	LOSS: 21.58	MAE: 4.61	RMSE: 8.92
Epoch 383	LOSS: 21.25	MAE: 4.61	RMSE: 8.93
Epoch 384	LOSS: 21.73	MAE: 4.59	RMSE: 8.89
Epoch 385	LOSS: 21.27	MAE: 4.57	RMSE: 8.88
Epoch 386	LOSS: 21.48	MAE: 4.61	RMSE: 8.90
Epoch 387	LOSS: 21.25	MAE: 4.54	RMSE: 8.88
Epoch 388	LOSS: 21.31	MAE: 4.54	RMSE: 8.86
Epoch 389	LOSS: 21.43	MAE: 4.57	RMSE: 8.92
Epoch 390	LOSS: 21.53	MAE: 4.57	RMSE: 8.88
Epoch 391	LOSS: 21.53	MAE: 4.53	RMSE: 8.88
Epoch 392	LOSS: 20.93	MAE: 4.53	RMSE: 8.89
Epoch 393	LOSS: 21.16	MAE: 4.55	RMSE: 8.89
Epoch 394	LOSS: 21.33	MAE: 4.56	RMSE: 8.88
Epoch 395	LOSS: 21.06	MAE: 4.49	RMSE: 8.85
Epoch 396	LOSS: 21.57	MAE: 4.57	RMSE: 8.87
Epoch 397	LOSS: 21.32	MAE: 4.57	RMSE: 8.89
Epoch 398	LOSS: 21.24	MAE: 4.54	RMSE: 8.87
Epoch 399	LOSS: 20.99	MAE: 4.56	RMSE: 8.90
Epoch 400	LOSS: 21.21	MAE: 4.55	RMSE: 8.90
Epoch 401	LOSS: 21.20	MAE: 4.57	RMSE: 8.89
Epoch 402	LOSS: 20.70	MAE: 4.54	RMSE: 8.86
Epoch 403	LOSS: 21.04	MAE: 4.54	RMSE: 8.88
Epoch 404	LOSS: 21.18	MAE: 4.59	RMSE: 8.92
Epoch 405	LOSS: 20.97	MAE: 4.55	RMSE: 8.87
Epoch 406	LOSS: 21.27	MAE: 4.57	RMSE: 8.87
Epoch 407	LOSS: 21.09	MAE: 4.52	RMSE: 8.86
Epoch 408	LOSS: 20.81	MAE: 4.53	RMSE: 8.88
Epoch 409	LOSS: 21.14	MAE: 4.53	RMSE: 8.88
Epoch 410	LOSS: 21.41	MAE: 4.55	RMSE: 8.89
Epoch 411	LOSS: 21.22	MAE: 4.54	RMSE: 8.88
Epoch 412	LOSS: 21.52	MAE: 4.54	RMSE: 8.87
Epoch 413	LOSS: 20.87	MAE: 4.55	RMSE: 8.86
Epoch 414	LOSS: 20.99	MAE: 4.53	RMSE: 8.85
Epoch 415	LOSS: 21.21	MAE: 4.53	RMSE: 8.88
Epoch 416	LOSS: 21.50	MAE: 4.61	RMSE: 8.88
Epoch 417	LOSS: 21.45	MAE: 4.62	RMSE: 8.91
Epoch 418	LOSS: 21.35	MAE: 4.59	RMSE: 8.94
Epoch 419	LOSS: 21.18	MAE: 4.59	RMSE: 8.94
Epoch 420	LOSS: 21.12	MAE: 4.54	RMSE: 8.89
Epoch 421	LOSS: 21.38	MAE: 4.59	RMSE: 8.90
Epoch 422	LOSS: 20.97	MAE: 4.58	RMSE: 8.92
Epoch 423	LOSS: 21.20	MAE: 4.60	RMSE: 8.90
Epoch 424	LOSS: 21.59	MAE: 4.58	RMSE: 8.92
Epoch 425	LOSS: 21.11	MAE: 4.59	RMSE: 8.92
Epoch 426	LOSS: 21.19	MAE: 4.57	RMSE: 8.93
Epoch 427	LOSS: 21.74	MAE: 4.56	RMSE: 8.89
Epoch 428	LOSS: 21.52	MAE: 4.56	RMSE: 8.87
Epoch 429	LOSS: 21.34	MAE: 4.59	RMSE: 8.91
Epoch 430	LOSS: 21.18	MAE: 4.58	RMSE: 8.88
Epoch 431	LOSS: 21.17	MAE: 4.54	RMSE: 8.88
Epoch 432	LOSS: 21.19	MAE: 4.54	RMSE: 8.88
Epoch 433	LOSS: 21.12	MAE: 4.51	RMSE: 8.83
Epoch 434	LOSS: 21.17	MAE: 4.57	RMSE: 8.89
Epoch 435	LOSS: 21.43	MAE: 4.55	RMSE: 8.85
Epoch 436	LOSS: 21.18	MAE: 4.51	RMSE: 8.87
Epoch 437	LOSS: 20.82	MAE: 4.54	RMSE: 8.89
Epoch 438	LOSS: 21.37	MAE: 4.61	RMSE: 8.92
Epoch 439	LOSS: 21.08	MAE: 4.62	RMSE: 8.93
Epoch 440	LOSS: 21.33	MAE: 4.60	RMSE: 8.91
Epoch 441	LOSS: 21.31	MAE: 4.57	RMSE: 8.90
Epoch 442	LOSS: 21.12	MAE: 4.56	RMSE: 8.89
Epoch 443	LOSS: 21.05	MAE: 4.54	RMSE: 8.85
Epoch 444	LOSS: 21.56	MAE: 4.54	RMSE: 8.86
Epoch 445	LOSS: 21.01	MAE: 4.59	RMSE: 8.92
Epoch 446	LOSS: 21.39	MAE: 4.55	RMSE: 8.88
Epoch 447	LOSS: 20.81	MAE: 4.52	RMSE: 8.85
Epoch 448	LOSS: 21.06	MAE: 4.55	RMSE: 8.87
Epoch 449	LOSS: 21.07	MAE: 4.57	RMSE: 8.88
Epoch 450	LOSS: 21.13	MAE: 4.52	RMSE: 8.85
Epoch 451	LOSS: 21.31	MAE: 4.52	RMSE: 8.87
Epoch 452	LOSS: 21.15	MAE: 4.49	RMSE: 8.85
Epoch 453	LOSS: 21.22	MAE: 4.60	RMSE: 8.90
Epoch 454	LOSS: 20.96	MAE: 4.56	RMSE: 8.89
Epoch 455	LOSS: 20.96	MAE: 4.54	RMSE: 8.89
Epoch 456	LOSS: 21.05	MAE: 4.52	RMSE: 8.85
Epoch 457	LOSS: 21.12	MAE: 4.52	RMSE: 8.83
Epoch 458	LOSS: 20.91	MAE: 4.53	RMSE: 8.88
Epoch 459	LOSS: 21.26	MAE: 4.51	RMSE: 8.88
Epoch 460	LOSS: 21.16	MAE: 4.49	RMSE: 8.82
Epoch 461	LOSS: 21.17	MAE: 4.55	RMSE: 8.84
Epoch 462	LOSS: 21.17	MAE: 4.51	RMSE: 8.86
Epoch 463	LOSS: 21.14	MAE: 4.53	RMSE: 8.85
Epoch 464	LOSS: 20.87	MAE: 4.51	RMSE: 8.84
Epoch 465	LOSS: 21.05	MAE: 4.54	RMSE: 8.87
Epoch 466	LOSS: 21.08	MAE: 4.57	RMSE: 8.88
Epoch 467	LOSS: 20.63	MAE: 4.53	RMSE: 8.88
Epoch 468	LOSS: 21.31	MAE: 4.55	RMSE: 8.88
Epoch 469	LOSS: 20.71	MAE: 4.53	RMSE: 8.84
Epoch 470	LOSS: 20.89	MAE: 4.51	RMSE: 8.85
Epoch 471	LOSS: 21.25	MAE: 4.56	RMSE: 8.86
Epoch 472	LOSS: 21.22	MAE: 4.58	RMSE: 8.90
Epoch 473	LOSS: 21.04	MAE: 4.50	RMSE: 8.83
Epoch 474	LOSS: 21.25	MAE: 4.56	RMSE: 8.89
Epoch 475	LOSS: 21.20	MAE: 4.51	RMSE: 8.84
Epoch 476	LOSS: 21.09	MAE: 4.56	RMSE: 8.86
Epoch 477	LOSS: 21.02	MAE: 4.55	RMSE: 8.90
Epoch 478	LOSS: 21.31	MAE: 4.54	RMSE: 8.87
Epoch 479	LOSS: 21.31	MAE: 4.55	RMSE: 8.87
Epoch 480	LOSS: 20.98	MAE: 4.51	RMSE: 8.83
Epoch 481	LOSS: 21.16	MAE: 4.54	RMSE: 8.86
Epoch 482	LOSS: 20.83	MAE: 4.54	RMSE: 8.89
Epoch 483	LOSS: 21.17	MAE: 4.48	RMSE: 8.82
Epoch 484	LOSS: 20.62	MAE: 4.48	RMSE: 8.82
Epoch 485	LOSS: 20.99	MAE: 4.53	RMSE: 8.83
Epoch 486	LOSS: 21.24	MAE: 4.53	RMSE: 8.86
Epoch 487	LOSS: 21.07	MAE: 4.52	RMSE: 8.85
Epoch 488	LOSS: 21.22	MAE: 4.50	RMSE: 8.85
Epoch 489	LOSS: 21.43	MAE: 4.53	RMSE: 8.85
Epoch 490	LOSS: 21.15	MAE: 4.50	RMSE: 8.84
Epoch 491	LOSS: 21.03	MAE: 4.50	RMSE: 8.86
Epoch 492	LOSS: 20.98	MAE: 4.52	RMSE: 8.86
Epoch 493	LOSS: 21.12	MAE: 4.52	RMSE: 8.84
Epoch 494	LOSS: 20.78	MAE: 4.51	RMSE: 8.86
Epoch 495	LOSS: 20.93	MAE: 4.54	RMSE: 8.86
Epoch 496	LOSS: 20.92	MAE: 4.55	RMSE: 8.88
Epoch 497	LOSS: 20.79	MAE: 4.58	RMSE: 8.91
Epoch 498	LOSS: 21.10	MAE: 4.54	RMSE: 8.87
Epoch 499	LOSS: 21.15	MAE: 4.57	RMSE: 8.90
