Epoch 000	LOSS: 227.73	MAE: 215.48	RMSE: 262.29
Epoch 001	LOSS: 223.70	MAE: 213.85	RMSE: 260.89
Epoch 002	LOSS: 226.04	MAE: 213.53	RMSE: 260.62
Epoch 003	LOSS: 224.12	MAE: 213.27	RMSE: 260.40
Epoch 004	LOSS: 224.56	MAE: 213.02	RMSE: 260.19
Epoch 005	LOSS: 226.49	MAE: 212.78	RMSE: 259.99
Epoch 006	LOSS: 225.66	MAE: 212.53	RMSE: 259.78
Epoch 007	LOSS: 224.28	MAE: 212.28	RMSE: 259.57
Epoch 008	LOSS: 225.35	MAE: 212.03	RMSE: 259.35
Epoch 009	LOSS: 227.78	MAE: 211.77	RMSE: 259.13
Epoch 010	LOSS: 223.03	MAE: 211.51	RMSE: 258.91
Epoch 011	LOSS: 224.76	MAE: 211.24	RMSE: 258.68
Epoch 012	LOSS: 221.26	MAE: 210.97	RMSE: 258.45
Epoch 013	LOSS: 220.25	MAE: 210.69	RMSE: 258.22
Epoch 014	LOSS: 224.43	MAE: 210.41	RMSE: 257.98
Epoch 015	LOSS: 220.10	MAE: 210.13	RMSE: 257.74
Epoch 016	LOSS: 223.12	MAE: 209.84	RMSE: 257.49
Epoch 017	LOSS: 225.15	MAE: 209.55	RMSE: 257.24
Epoch 018	LOSS: 218.39	MAE: 209.26	RMSE: 256.99
Epoch 019	LOSS: 219.33	MAE: 208.96	RMSE: 256.73
Epoch 020	LOSS: 217.55	MAE: 208.65	RMSE: 256.47
Epoch 021	LOSS: 221.37	MAE: 208.34	RMSE: 256.20
Epoch 022	LOSS: 221.95	MAE: 208.03	RMSE: 255.94
Epoch 023	LOSS: 217.69	MAE: 207.72	RMSE: 255.66
Epoch 024	LOSS: 215.43	MAE: 207.39	RMSE: 255.39
Epoch 025	LOSS: 218.34	MAE: 207.07	RMSE: 255.11
Epoch 026	LOSS: 217.50	MAE: 206.74	RMSE: 254.83
Epoch 027	LOSS: 217.17	MAE: 206.41	RMSE: 254.54
Epoch 028	LOSS: 220.63	MAE: 206.07	RMSE: 254.25
Epoch 029	LOSS: 216.63	MAE: 205.73	RMSE: 253.96
Epoch 030	LOSS: 219.43	MAE: 205.39	RMSE: 253.66
Epoch 031	LOSS: 216.89	MAE: 205.04	RMSE: 253.36
Epoch 032	LOSS: 217.95	MAE: 204.69	RMSE: 253.06
Epoch 033	LOSS: 219.52	MAE: 204.34	RMSE: 252.75
Epoch 034	LOSS: 215.81	MAE: 203.98	RMSE: 252.44
Epoch 035	LOSS: 215.71	MAE: 203.61	RMSE: 252.12
Epoch 036	LOSS: 215.37	MAE: 203.25	RMSE: 251.81
Epoch 037	LOSS: 213.89	MAE: 202.88	RMSE: 251.49
Epoch 038	LOSS: 214.40	MAE: 202.51	RMSE: 251.16
Epoch 039	LOSS: 209.10	MAE: 202.13	RMSE: 250.83
Epoch 040	LOSS: 215.29	MAE: 201.75	RMSE: 250.50
Epoch 041	LOSS: 209.08	MAE: 201.37	RMSE: 250.17
Epoch 042	LOSS: 211.24	MAE: 200.98	RMSE: 249.83
Epoch 043	LOSS: 210.51	MAE: 200.59	RMSE: 249.49
Epoch 044	LOSS: 211.58	MAE: 200.20	RMSE: 249.15
Epoch 045	LOSS: 210.57	MAE: 199.80	RMSE: 248.80
Epoch 046	LOSS: 210.11	MAE: 199.41	RMSE: 248.45
Epoch 047	LOSS: 212.68	MAE: 199.01	RMSE: 248.10
Epoch 048	LOSS: 210.80	MAE: 198.60	RMSE: 247.74
Epoch 049	LOSS: 208.96	MAE: 198.19	RMSE: 247.38
Epoch 050	LOSS: 206.68	MAE: 197.79	RMSE: 247.02
Epoch 051	LOSS: 204.72	MAE: 197.37	RMSE: 246.66
Epoch 052	LOSS: 211.44	MAE: 196.96	RMSE: 246.29
Epoch 053	LOSS: 206.16	MAE: 196.54	RMSE: 245.92
Epoch 054	LOSS: 208.52	MAE: 196.12	RMSE: 245.55
Epoch 055	LOSS: 207.57	MAE: 195.70	RMSE: 245.17
Epoch 056	LOSS: 206.50	MAE: 195.27	RMSE: 244.80
Epoch 057	LOSS: 206.66	MAE: 194.84	RMSE: 244.41
Epoch 058	LOSS: 206.60	MAE: 194.41	RMSE: 244.03
Epoch 059	LOSS: 207.86	MAE: 193.98	RMSE: 243.64
Epoch 060	LOSS: 204.55	MAE: 193.54	RMSE: 243.25
Epoch 061	LOSS: 207.14	MAE: 193.10	RMSE: 242.86
Epoch 062	LOSS: 203.96	MAE: 192.66	RMSE: 242.47
Epoch 063	LOSS: 205.18	MAE: 192.22	RMSE: 242.07
Epoch 064	LOSS: 201.69	MAE: 191.78	RMSE: 241.67
Epoch 065	LOSS: 202.61	MAE: 191.33	RMSE: 241.27
Epoch 066	LOSS: 203.68	MAE: 190.88	RMSE: 240.86
Epoch 067	LOSS: 203.70	MAE: 190.43	RMSE: 240.45
Epoch 068	LOSS: 199.22	MAE: 189.98	RMSE: 240.04
Epoch 069	LOSS: 201.01	MAE: 189.52	RMSE: 239.63
Epoch 070	LOSS: 195.97	MAE: 189.07	RMSE: 239.22
Epoch 071	LOSS: 200.96	MAE: 188.61	RMSE: 238.80
Epoch 072	LOSS: 200.04	MAE: 188.15	RMSE: 238.38
Epoch 073	LOSS: 195.70	MAE: 187.68	RMSE: 237.96
Epoch 074	LOSS: 196.87	MAE: 187.22	RMSE: 237.53
Epoch 075	LOSS: 200.24	MAE: 186.75	RMSE: 237.11
Epoch 076	LOSS: 197.46	MAE: 186.29	RMSE: 236.68
Epoch 077	LOSS: 195.92	MAE: 185.82	RMSE: 236.25
Epoch 078	LOSS: 194.31	MAE: 185.35	RMSE: 235.82
Epoch 079	LOSS: 199.39	MAE: 184.88	RMSE: 235.38
Epoch 080	LOSS: 197.32	MAE: 184.40	RMSE: 234.94
Epoch 081	LOSS: 196.02	MAE: 183.93	RMSE: 234.50
Epoch 082	LOSS: 194.71	MAE: 183.45	RMSE: 234.06
Epoch 083	LOSS: 195.87	MAE: 182.98	RMSE: 233.62
Epoch 084	LOSS: 193.50	MAE: 182.50	RMSE: 233.17
Epoch 085	LOSS: 190.28	MAE: 182.02	RMSE: 232.72
Epoch 086	LOSS: 196.44	MAE: 181.54	RMSE: 232.28
Epoch 087	LOSS: 191.59	MAE: 181.06	RMSE: 231.82
Epoch 088	LOSS: 192.07	MAE: 180.58	RMSE: 231.37
Epoch 089	LOSS: 190.50	MAE: 180.10	RMSE: 230.92
Epoch 090	LOSS: 190.94	MAE: 179.62	RMSE: 230.46
Epoch 091	LOSS: 188.21	MAE: 179.13	RMSE: 230.00
Epoch 092	LOSS: 188.08	MAE: 178.65	RMSE: 229.54
Epoch 093	LOSS: 189.37	MAE: 178.16	RMSE: 229.08
Epoch 094	LOSS: 191.20	MAE: 177.68	RMSE: 228.62
Epoch 095	LOSS: 188.58	MAE: 177.19	RMSE: 228.16
Epoch 096	LOSS: 186.88	MAE: 176.71	RMSE: 227.69
Epoch 097	LOSS: 187.64	MAE: 176.22	RMSE: 227.22
Epoch 098	LOSS: 185.36	MAE: 175.73	RMSE: 226.76
Epoch 099	LOSS: 188.40	MAE: 175.25	RMSE: 226.29
Epoch 100	LOSS: 185.33	MAE: 174.76	RMSE: 225.82
Epoch 101	LOSS: 182.61	MAE: 174.28	RMSE: 225.35
Epoch 102	LOSS: 180.97	MAE: 173.79	RMSE: 224.87
Epoch 103	LOSS: 185.46	MAE: 173.31	RMSE: 224.40
Epoch 104	LOSS: 182.62	MAE: 172.83	RMSE: 223.92
Epoch 105	LOSS: 182.24	MAE: 172.34	RMSE: 223.45
Epoch 106	LOSS: 184.78	MAE: 171.86	RMSE: 222.97
Epoch 107	LOSS: 179.48	MAE: 171.37	RMSE: 222.49
Epoch 108	LOSS: 181.70	MAE: 170.89	RMSE: 222.01
Epoch 109	LOSS: 182.07	MAE: 170.41	RMSE: 221.53
Epoch 110	LOSS: 179.24	MAE: 169.93	RMSE: 221.05
Epoch 111	LOSS: 182.26	MAE: 169.44	RMSE: 220.57
Epoch 112	LOSS: 179.29	MAE: 168.96	RMSE: 220.09
Epoch 113	LOSS: 177.63	MAE: 168.48	RMSE: 219.60
Epoch 114	LOSS: 176.26	MAE: 168.00	RMSE: 219.12
Epoch 115	LOSS: 177.56	MAE: 167.52	RMSE: 218.63
Epoch 116	LOSS: 177.18	MAE: 167.05	RMSE: 218.15
Epoch 117	LOSS: 177.83	MAE: 166.57	RMSE: 217.66
Epoch 118	LOSS: 174.76	MAE: 166.10	RMSE: 217.17
Epoch 119	LOSS: 175.90	MAE: 165.63	RMSE: 216.69
Epoch 120	LOSS: 171.72	MAE: 165.16	RMSE: 216.20
Epoch 121	LOSS: 172.44	MAE: 164.69	RMSE: 215.71
Epoch 122	LOSS: 170.80	MAE: 164.22	RMSE: 215.22
Epoch 123	LOSS: 173.55	MAE: 163.75	RMSE: 214.73
Epoch 124	LOSS: 173.06	MAE: 163.29	RMSE: 214.24
Epoch 125	LOSS: 175.49	MAE: 162.82	RMSE: 213.75
Epoch 126	LOSS: 173.76	MAE: 162.36	RMSE: 213.26
Epoch 127	LOSS: 172.54	MAE: 161.90	RMSE: 212.77
Epoch 128	LOSS: 172.99	MAE: 161.44	RMSE: 212.28
Epoch 129	LOSS: 170.90	MAE: 160.98	RMSE: 211.79
Epoch 130	LOSS: 169.95	MAE: 160.52	RMSE: 211.30
Epoch 131	LOSS: 170.56	MAE: 160.06	RMSE: 210.80
Epoch 132	LOSS: 168.68	MAE: 159.61	RMSE: 210.31
Epoch 133	LOSS: 167.24	MAE: 159.16	RMSE: 209.82
Epoch 134	LOSS: 170.75	MAE: 158.71	RMSE: 209.33
Epoch 135	LOSS: 165.72	MAE: 158.26	RMSE: 208.84
Epoch 136	LOSS: 164.35	MAE: 157.81	RMSE: 208.35
Epoch 137	LOSS: 168.84	MAE: 157.37	RMSE: 207.85
Epoch 138	LOSS: 166.41	MAE: 156.93	RMSE: 207.36
Epoch 139	LOSS: 165.47	MAE: 156.49	RMSE: 206.88
Epoch 140	LOSS: 165.52	MAE: 156.06	RMSE: 206.39
Epoch 141	LOSS: 166.83	MAE: 155.62	RMSE: 205.90
Epoch 142	LOSS: 161.88	MAE: 155.19	RMSE: 205.42
Epoch 143	LOSS: 167.41	MAE: 154.77	RMSE: 204.93
Epoch 144	LOSS: 160.68	MAE: 154.34	RMSE: 204.45
Epoch 145	LOSS: 161.68	MAE: 153.92	RMSE: 203.96
Epoch 146	LOSS: 161.52	MAE: 153.50	RMSE: 203.48
Epoch 147	LOSS: 160.22	MAE: 153.08	RMSE: 202.99
Epoch 148	LOSS: 161.29	MAE: 152.67	RMSE: 202.51
Epoch 149	LOSS: 160.40	MAE: 152.25	RMSE: 202.03
Epoch 150	LOSS: 157.88	MAE: 151.84	RMSE: 201.54
Epoch 151	LOSS: 160.40	MAE: 151.43	RMSE: 201.06
Epoch 152	LOSS: 160.82	MAE: 151.02	RMSE: 200.58
Epoch 153	LOSS: 157.01	MAE: 150.62	RMSE: 200.10
Epoch 154	LOSS: 157.67	MAE: 150.22	RMSE: 199.63
Epoch 155	LOSS: 160.11	MAE: 149.83	RMSE: 199.15
Epoch 156	LOSS: 158.63	MAE: 149.43	RMSE: 198.68
Epoch 157	LOSS: 156.43	MAE: 149.04	RMSE: 198.20
Epoch 158	LOSS: 157.79	MAE: 148.65	RMSE: 197.73
Epoch 159	LOSS: 154.78	MAE: 148.26	RMSE: 197.25
Epoch 160	LOSS: 156.32	MAE: 147.88	RMSE: 196.78
Epoch 161	LOSS: 155.10	MAE: 147.50	RMSE: 196.31
Epoch 162	LOSS: 155.45	MAE: 147.12	RMSE: 195.84
Epoch 163	LOSS: 154.40	MAE: 146.75	RMSE: 195.37
Epoch 164	LOSS: 155.64	MAE: 146.37	RMSE: 194.90
Epoch 165	LOSS: 154.12	MAE: 146.01	RMSE: 194.44
Epoch 166	LOSS: 155.92	MAE: 145.64	RMSE: 193.98
Epoch 167	LOSS: 151.79	MAE: 145.28	RMSE: 193.51
Epoch 168	LOSS: 153.79	MAE: 144.92	RMSE: 193.05
Epoch 169	LOSS: 153.93	MAE: 144.56	RMSE: 192.59
Epoch 170	LOSS: 153.39	MAE: 144.21	RMSE: 192.13
Epoch 171	LOSS: 152.97	MAE: 143.86	RMSE: 191.67
Epoch 172	LOSS: 152.61	MAE: 143.51	RMSE: 191.21
Epoch 173	LOSS: 148.95	MAE: 143.16	RMSE: 190.75
Epoch 174	LOSS: 149.52	MAE: 142.82	RMSE: 190.29
Epoch 175	LOSS: 148.04	MAE: 142.48	RMSE: 189.84
Epoch 176	LOSS: 148.94	MAE: 142.15	RMSE: 189.39
Epoch 177	LOSS: 148.11	MAE: 141.82	RMSE: 188.95
Epoch 178	LOSS: 148.06	MAE: 141.49	RMSE: 188.50
Epoch 179	LOSS: 148.09	MAE: 141.17	RMSE: 188.06
Epoch 180	LOSS: 148.03	MAE: 140.85	RMSE: 187.62
Epoch 181	LOSS: 150.39	MAE: 140.54	RMSE: 187.18
Epoch 182	LOSS: 146.91	MAE: 140.23	RMSE: 186.75
Epoch 183	LOSS: 145.80	MAE: 139.92	RMSE: 186.32
Epoch 184	LOSS: 148.30	MAE: 139.62	RMSE: 185.89
Epoch 185	LOSS: 145.89	MAE: 139.32	RMSE: 185.47
Epoch 186	LOSS: 144.39	MAE: 139.03	RMSE: 185.04
Epoch 187	LOSS: 145.24	MAE: 138.73	RMSE: 184.62
Epoch 188	LOSS: 142.38	MAE: 138.44	RMSE: 184.20
Epoch 189	LOSS: 144.93	MAE: 138.16	RMSE: 183.78
Epoch 190	LOSS: 146.44	MAE: 137.88	RMSE: 183.36
Epoch 191	LOSS: 141.32	MAE: 137.60	RMSE: 182.95
Epoch 192	LOSS: 143.87	MAE: 137.32	RMSE: 182.54
Epoch 193	LOSS: 142.51	MAE: 137.05	RMSE: 182.13
Epoch 194	LOSS: 142.14	MAE: 136.78	RMSE: 181.73
Epoch 195	LOSS: 139.05	MAE: 136.52	RMSE: 181.33
Epoch 196	LOSS: 144.17	MAE: 136.26	RMSE: 180.93
Epoch 197	LOSS: 140.36	MAE: 136.01	RMSE: 180.53
Epoch 198	LOSS: 145.34	MAE: 135.76	RMSE: 180.14
Epoch 199	LOSS: 140.06	MAE: 135.51	RMSE: 179.75
Epoch 200	LOSS: 139.57	MAE: 135.27	RMSE: 179.36
Epoch 201	LOSS: 140.54	MAE: 135.03	RMSE: 178.98
Epoch 202	LOSS: 138.64	MAE: 134.80	RMSE: 178.60
Epoch 203	LOSS: 139.00	MAE: 134.56	RMSE: 178.22
Epoch 204	LOSS: 137.82	MAE: 134.33	RMSE: 177.85
Epoch 205	LOSS: 137.99	MAE: 134.11	RMSE: 177.47
Epoch 206	LOSS: 139.38	MAE: 133.88	RMSE: 177.10
Epoch 207	LOSS: 138.92	MAE: 133.66	RMSE: 176.73
Epoch 208	LOSS: 137.97	MAE: 133.45	RMSE: 176.37
Epoch 209	LOSS: 136.86	MAE: 133.24	RMSE: 176.01
Epoch 210	LOSS: 139.21	MAE: 133.03	RMSE: 175.65
Epoch 211	LOSS: 137.08	MAE: 132.83	RMSE: 175.30
Epoch 212	LOSS: 135.63	MAE: 132.62	RMSE: 174.95
Epoch 213	LOSS: 137.14	MAE: 132.43	RMSE: 174.60
Epoch 214	LOSS: 135.75	MAE: 132.23	RMSE: 174.26
Epoch 215	LOSS: 135.66	MAE: 132.04	RMSE: 173.92
Epoch 216	LOSS: 137.37	MAE: 131.86	RMSE: 173.58
Epoch 217	LOSS: 136.59	MAE: 131.67	RMSE: 173.25
Epoch 218	LOSS: 134.96	MAE: 131.49	RMSE: 172.91
Epoch 219	LOSS: 136.37	MAE: 131.31	RMSE: 172.58
Epoch 220	LOSS: 135.05	MAE: 131.13	RMSE: 172.25
Epoch 221	LOSS: 136.19	MAE: 130.95	RMSE: 171.93
Epoch 222	LOSS: 135.02	MAE: 130.78	RMSE: 171.60
Epoch 223	LOSS: 135.14	MAE: 130.61	RMSE: 171.28
Epoch 224	LOSS: 134.96	MAE: 130.44	RMSE: 170.96
Epoch 225	LOSS: 134.89	MAE: 130.27	RMSE: 170.65
Epoch 226	LOSS: 134.38	MAE: 130.11	RMSE: 170.34
Epoch 227	LOSS: 133.75	MAE: 129.96	RMSE: 170.03
Epoch 228	LOSS: 134.10	MAE: 129.80	RMSE: 169.73
Epoch 229	LOSS: 132.24	MAE: 129.65	RMSE: 169.42
Epoch 230	LOSS: 134.15	MAE: 129.49	RMSE: 169.12
Epoch 231	LOSS: 132.99	MAE: 129.34	RMSE: 168.82
Epoch 232	LOSS: 133.86	MAE: 129.20	RMSE: 168.53
Epoch 233	LOSS: 132.35	MAE: 129.05	RMSE: 168.23
Epoch 234	LOSS: 133.48	MAE: 128.91	RMSE: 167.94
Epoch 235	LOSS: 131.04	MAE: 128.77	RMSE: 167.65
Epoch 236	LOSS: 130.72	MAE: 128.63	RMSE: 167.37
Epoch 237	LOSS: 129.98	MAE: 128.50	RMSE: 167.09
Epoch 238	LOSS: 131.55	MAE: 128.36	RMSE: 166.81
Epoch 239	LOSS: 132.60	MAE: 128.23	RMSE: 166.53
Epoch 240	LOSS: 128.89	MAE: 128.11	RMSE: 166.26
Epoch 241	LOSS: 130.92	MAE: 127.98	RMSE: 165.99
Epoch 242	LOSS: 129.80	MAE: 127.88	RMSE: 165.74
Epoch 243	LOSS: 130.48	MAE: 127.74	RMSE: 165.49
Epoch 244	LOSS: 129.28	MAE: 127.57	RMSE: 165.22
Epoch 245	LOSS: 130.35	MAE: 129.48	RMSE: 167.53
Epoch 246	LOSS: 129.38	MAE: 127.44	RMSE: 164.79
Epoch 247	LOSS: 128.71	MAE: 127.32	RMSE: 164.50
Epoch 248	LOSS: 128.69	MAE: 127.21	RMSE: 164.25
Epoch 249	LOSS: 128.49	MAE: 127.09	RMSE: 164.00
Epoch 250	LOSS: 129.43	MAE: 126.99	RMSE: 163.77
Epoch 251	LOSS: 130.62	MAE: 126.89	RMSE: 163.52
Epoch 252	LOSS: 127.61	MAE: 126.79	RMSE: 163.29
Epoch 253	LOSS: 127.95	MAE: 126.69	RMSE: 163.05
Epoch 254	LOSS: 127.07	MAE: 126.60	RMSE: 162.82
Epoch 255	LOSS: 128.53	MAE: 126.51	RMSE: 162.60
Epoch 256	LOSS: 128.28	MAE: 126.41	RMSE: 162.38
Epoch 257	LOSS: 128.98	MAE: 126.33	RMSE: 162.17
Epoch 258	LOSS: 125.51	MAE: 126.24	RMSE: 161.96
Epoch 259	LOSS: 127.35	MAE: 126.16	RMSE: 161.75
Epoch 260	LOSS: 126.55	MAE: 126.08	RMSE: 161.54
Epoch 261	LOSS: 126.65	MAE: 126.00	RMSE: 161.34
Epoch 262	LOSS: 127.90	MAE: 125.92	RMSE: 161.14
Epoch 263	LOSS: 125.68	MAE: 125.84	RMSE: 160.94
Epoch 264	LOSS: 125.95	MAE: 125.77	RMSE: 160.74
Epoch 265	LOSS: 128.62	MAE: 125.70	RMSE: 160.55
Epoch 266	LOSS: 127.95	MAE: 125.63	RMSE: 160.36
Epoch 267	LOSS: 127.31	MAE: 125.55	RMSE: 160.17
Epoch 268	LOSS: 126.98	MAE: 125.49	RMSE: 159.98
Epoch 269	LOSS: 127.01	MAE: 125.42	RMSE: 159.80
Epoch 270	LOSS: 126.64	MAE: 125.35	RMSE: 159.62
Epoch 271	LOSS: 126.18	MAE: 125.29	RMSE: 159.44
Epoch 272	LOSS: 125.63	MAE: 125.23	RMSE: 159.26
Epoch 273	LOSS: 125.54	MAE: 125.16	RMSE: 159.08
Epoch 274	LOSS: 124.65	MAE: 125.10	RMSE: 158.91
Epoch 275	LOSS: 125.42	MAE: 125.04	RMSE: 158.73
Epoch 276	LOSS: 125.02	MAE: 124.99	RMSE: 158.56
Epoch 277	LOSS: 125.99	MAE: 124.93	RMSE: 158.39
Epoch 278	LOSS: 124.79	MAE: 124.87	RMSE: 158.22
Epoch 279	LOSS: 125.04	MAE: 124.82	RMSE: 158.06
Epoch 280	LOSS: 125.21	MAE: 124.77	RMSE: 157.90
Epoch 281	LOSS: 124.86	MAE: 124.72	RMSE: 157.74
Epoch 282	LOSS: 124.86	MAE: 124.67	RMSE: 157.59
Epoch 283	LOSS: 123.56	MAE: 124.62	RMSE: 157.44
Epoch 284	LOSS: 123.70	MAE: 124.58	RMSE: 157.29
Epoch 285	LOSS: 124.25	MAE: 124.53	RMSE: 157.14
Epoch 286	LOSS: 123.42	MAE: 124.49	RMSE: 157.00
Epoch 287	LOSS: 124.53	MAE: 124.44	RMSE: 156.85
Epoch 288	LOSS: 125.01	MAE: 124.40	RMSE: 156.71
Epoch 289	LOSS: 124.05	MAE: 124.36	RMSE: 156.57
Epoch 290	LOSS: 124.07	MAE: 124.32	RMSE: 156.43
Epoch 291	LOSS: 123.08	MAE: 124.28	RMSE: 156.30
Epoch 292	LOSS: 124.18	MAE: 124.25	RMSE: 156.17
Epoch 293	LOSS: 124.22	MAE: 124.21	RMSE: 156.04
Epoch 294	LOSS: 123.05	MAE: 124.18	RMSE: 155.91
Epoch 295	LOSS: 124.22	MAE: 124.15	RMSE: 155.78
Epoch 296	LOSS: 123.66	MAE: 124.11	RMSE: 155.66
Epoch 297	LOSS: 123.35	MAE: 124.08	RMSE: 155.54
Epoch 298	LOSS: 122.16	MAE: 124.05	RMSE: 155.42
Epoch 299	LOSS: 122.58	MAE: 124.02	RMSE: 155.30
Epoch 300	LOSS: 121.97	MAE: 124.00	RMSE: 155.19
Epoch 301	LOSS: 122.69	MAE: 123.97	RMSE: 155.08
Epoch 302	LOSS: 123.17	MAE: 123.95	RMSE: 154.98
Epoch 303	LOSS: 123.22	MAE: 123.92	RMSE: 154.87
Epoch 304	LOSS: 122.49	MAE: 123.90	RMSE: 154.77
Epoch 305	LOSS: 122.60	MAE: 123.88	RMSE: 154.66
Epoch 306	LOSS: 122.79	MAE: 123.85	RMSE: 154.56
Epoch 307	LOSS: 123.31	MAE: 123.83	RMSE: 154.46
Epoch 308	LOSS: 121.76	MAE: 123.81	RMSE: 154.35
Epoch 309	LOSS: 122.68	MAE: 123.79	RMSE: 154.25
Epoch 310	LOSS: 122.82	MAE: 123.77	RMSE: 154.15
Epoch 311	LOSS: 122.50	MAE: 123.75	RMSE: 154.04
Epoch 312	LOSS: 121.22	MAE: 123.73	RMSE: 153.94
Epoch 313	LOSS: 122.32	MAE: 123.71	RMSE: 153.85
Epoch 314	LOSS: 122.20	MAE: 123.69	RMSE: 153.75
Epoch 315	LOSS: 122.75	MAE: 123.68	RMSE: 153.66
Epoch 316	LOSS: 122.87	MAE: 123.66	RMSE: 153.58
Epoch 317	LOSS: 122.67	MAE: 123.65	RMSE: 153.49
Epoch 318	LOSS: 121.97	MAE: 123.64	RMSE: 153.40
Epoch 319	LOSS: 122.14	MAE: 123.62	RMSE: 153.32
Epoch 320	LOSS: 121.90	MAE: 123.61	RMSE: 153.24
Epoch 321	LOSS: 123.03	MAE: 123.60	RMSE: 153.16
Epoch 322	LOSS: 121.50	MAE: 123.59	RMSE: 153.08
Epoch 323	LOSS: 122.14	MAE: 123.58	RMSE: 153.00
Epoch 324	LOSS: 121.50	MAE: 123.57	RMSE: 152.93
Epoch 325	LOSS: 121.64	MAE: 123.56	RMSE: 152.86
Epoch 326	LOSS: 122.03	MAE: 123.55	RMSE: 152.78
Epoch 327	LOSS: 120.23	MAE: 123.55	RMSE: 152.72
Epoch 328	LOSS: 121.18	MAE: 123.54	RMSE: 152.65
Epoch 329	LOSS: 121.97	MAE: 123.53	RMSE: 152.59
Epoch 330	LOSS: 121.39	MAE: 123.53	RMSE: 152.52
Epoch 331	LOSS: 121.29	MAE: 123.52	RMSE: 152.46
Epoch 332	LOSS: 121.28	MAE: 123.52	RMSE: 152.40
Epoch 333	LOSS: 120.95	MAE: 123.51	RMSE: 152.34
Epoch 334	LOSS: 121.36	MAE: 123.51	RMSE: 152.28
Epoch 335	LOSS: 119.99	MAE: 123.51	RMSE: 152.22
Epoch 336	LOSS: 120.61	MAE: 123.50	RMSE: 152.16
Epoch 337	LOSS: 120.04	MAE: 123.50	RMSE: 152.10
Epoch 338	LOSS: 121.58	MAE: 123.49	RMSE: 152.04
Epoch 339	LOSS: 120.44	MAE: 123.49	RMSE: 151.99
Epoch 340	LOSS: 120.93	MAE: 123.49	RMSE: 151.93
Epoch 341	LOSS: 121.83	MAE: 123.49	RMSE: 151.88
Epoch 342	LOSS: 120.94	MAE: 123.48	RMSE: 151.83
Epoch 343	LOSS: 121.08	MAE: 123.47	RMSE: 151.78
Epoch 344	LOSS: 121.02	MAE: 123.45	RMSE: 151.72
Epoch 345	LOSS: 120.17	MAE: 123.42	RMSE: 151.66
Epoch 346	LOSS: 121.32	MAE: 123.37	RMSE: 151.58
Epoch 347	LOSS: 122.03	MAE: 120.67	RMSE: 153.81
Epoch 348	LOSS: 120.23	MAE: 123.47	RMSE: 151.52
Epoch 349	LOSS: 120.81	MAE: 123.50	RMSE: 151.50
Epoch 350	LOSS: 120.54	MAE: 123.50	RMSE: 151.47
Epoch 351	LOSS: 119.16	MAE: 123.50	RMSE: 151.43
Epoch 352	LOSS: 119.84	MAE: 123.51	RMSE: 151.37
Epoch 353	LOSS: 120.36	MAE: 123.51	RMSE: 151.30
Epoch 354	LOSS: 120.33	MAE: 123.52	RMSE: 151.25
Epoch 355	LOSS: 120.65	MAE: 123.52	RMSE: 151.20
Epoch 356	LOSS: 120.46	MAE: 123.53	RMSE: 151.16
Epoch 357	LOSS: 120.75	MAE: 123.53	RMSE: 151.12
Epoch 358	LOSS: 120.22	MAE: 123.54	RMSE: 151.08
Epoch 359	LOSS: 121.12	MAE: 123.54	RMSE: 151.04
Epoch 360	LOSS: 120.22	MAE: 123.55	RMSE: 151.01
Epoch 361	LOSS: 119.87	MAE: 123.55	RMSE: 150.97
Epoch 362	LOSS: 120.83	MAE: 123.56	RMSE: 150.94
Epoch 363	LOSS: 120.76	MAE: 123.56	RMSE: 150.91
Epoch 364	LOSS: 119.83	MAE: 123.57	RMSE: 150.88
Epoch 365	LOSS: 120.66	MAE: 123.57	RMSE: 150.85
Epoch 366	LOSS: 120.22	MAE: 123.58	RMSE: 150.82
Epoch 367	LOSS: 119.57	MAE: 123.58	RMSE: 150.79
Epoch 368	LOSS: 120.25	MAE: 123.59	RMSE: 150.76
Epoch 369	LOSS: 119.97	MAE: 123.60	RMSE: 150.74
Epoch 370	LOSS: 120.77	MAE: 123.60	RMSE: 150.71
Epoch 371	LOSS: 120.23	MAE: 123.61	RMSE: 150.68
Epoch 372	LOSS: 119.63	MAE: 123.62	RMSE: 150.66
Epoch 373	LOSS: 120.47	MAE: 123.63	RMSE: 150.63
Epoch 374	LOSS: 119.43	MAE: 123.63	RMSE: 150.61
Epoch 375	LOSS: 120.23	MAE: 123.64	RMSE: 150.59
Epoch 376	LOSS: 120.04	MAE: 123.65	RMSE: 150.56
Epoch 377	LOSS: 120.37	MAE: 123.65	RMSE: 150.54
Epoch 378	LOSS: 120.35	MAE: 123.66	RMSE: 150.52
Epoch 379	LOSS: 120.51	MAE: 123.67	RMSE: 150.50
Epoch 380	LOSS: 119.92	MAE: 123.67	RMSE: 150.48
Epoch 381	LOSS: 120.92	MAE: 123.68	RMSE: 150.46
Epoch 382	LOSS: 120.01	MAE: 123.69	RMSE: 150.44
Epoch 383	LOSS: 120.45	MAE: 123.70	RMSE: 150.42
Epoch 384	LOSS: 119.32	MAE: 123.70	RMSE: 150.40
Epoch 385	LOSS: 120.11	MAE: 123.71	RMSE: 150.38
Epoch 386	LOSS: 119.70	MAE: 123.72	RMSE: 150.36
Epoch 387	LOSS: 120.15	MAE: 123.73	RMSE: 150.35
Epoch 388	LOSS: 120.16	MAE: 123.73	RMSE: 150.33
Epoch 389	LOSS: 120.71	MAE: 123.74	RMSE: 150.31
Epoch 390	LOSS: 119.30	MAE: 123.75	RMSE: 150.29
Epoch 391	LOSS: 120.64	MAE: 123.76	RMSE: 150.28
Epoch 392	LOSS: 120.22	MAE: 123.77	RMSE: 150.26
Epoch 393	LOSS: 119.96	MAE: 123.77	RMSE: 150.25
Epoch 394	LOSS: 120.07	MAE: 123.78	RMSE: 150.23
Epoch 395	LOSS: 119.39	MAE: 123.79	RMSE: 150.22
Epoch 396	LOSS: 120.83	MAE: 123.79	RMSE: 150.21
Epoch 397	LOSS: 120.30	MAE: 123.80	RMSE: 150.19
Epoch 398	LOSS: 120.17	MAE: 123.81	RMSE: 150.18
Epoch 399	LOSS: 120.21	MAE: 123.82	RMSE: 150.16
Epoch 400	LOSS: 119.99	MAE: 123.83	RMSE: 150.15
Epoch 401	LOSS: 120.43	MAE: 123.84	RMSE: 150.14
Epoch 402	LOSS: 120.99	MAE: 123.84	RMSE: 150.12
Epoch 403	LOSS: 120.25	MAE: 123.85	RMSE: 150.11
Epoch 404	LOSS: 120.16	MAE: 123.86	RMSE: 150.09
Epoch 405	LOSS: 120.50	MAE: 123.87	RMSE: 150.08
Epoch 406	LOSS: 120.16	MAE: 123.88	RMSE: 150.07
Epoch 407	LOSS: 119.51	MAE: 123.88	RMSE: 150.06
Epoch 408	LOSS: 119.99	MAE: 123.89	RMSE: 150.05
Epoch 409	LOSS: 119.08	MAE: 123.90	RMSE: 150.04
Epoch 410	LOSS: 120.52	MAE: 123.91	RMSE: 150.03
Epoch 411	LOSS: 119.45	MAE: 123.91	RMSE: 150.02
Epoch 412	LOSS: 119.56	MAE: 123.92	RMSE: 150.02
Epoch 413	LOSS: 119.42	MAE: 123.93	RMSE: 150.01
Epoch 414	LOSS: 118.81	MAE: 123.93	RMSE: 150.00
Epoch 415	LOSS: 120.64	MAE: 123.94	RMSE: 149.99
Epoch 416	LOSS: 120.01	MAE: 123.95	RMSE: 149.98
Epoch 417	LOSS: 120.04	MAE: 123.95	RMSE: 149.98
Epoch 418	LOSS: 120.35	MAE: 123.96	RMSE: 149.97
Epoch 419	LOSS: 119.77	MAE: 123.97	RMSE: 149.96
Epoch 420	LOSS: 119.67	MAE: 123.97	RMSE: 149.95
Epoch 421	LOSS: 120.29	MAE: 123.98	RMSE: 149.95
Epoch 422	LOSS: 120.07	MAE: 123.99	RMSE: 149.94
Epoch 423	LOSS: 120.04	MAE: 123.99	RMSE: 149.93
Epoch 424	LOSS: 120.04	MAE: 124.00	RMSE: 149.93
Epoch 425	LOSS: 119.39	MAE: 124.00	RMSE: 149.92
Epoch 426	LOSS: 119.78	MAE: 124.01	RMSE: 149.92
Epoch 427	LOSS: 119.49	MAE: 124.01	RMSE: 149.91
Epoch 428	LOSS: 119.91	MAE: 124.02	RMSE: 149.91
Epoch 429	LOSS: 119.32	MAE: 124.02	RMSE: 149.90
Epoch 430	LOSS: 120.17	MAE: 124.03	RMSE: 149.90
Epoch 431	LOSS: 120.02	MAE: 124.03	RMSE: 149.89
Epoch 432	LOSS: 119.99	MAE: 124.04	RMSE: 149.89
Epoch 433	LOSS: 119.84	MAE: 124.04	RMSE: 149.88
Epoch 434	LOSS: 120.57	MAE: 124.05	RMSE: 149.88
Epoch 435	LOSS: 119.78	MAE: 124.06	RMSE: 149.87
Epoch 436	LOSS: 119.81	MAE: 124.06	RMSE: 149.87
Epoch 437	LOSS: 120.16	MAE: 124.07	RMSE: 149.86
Epoch 438	LOSS: 119.21	MAE: 124.08	RMSE: 149.85
Epoch 439	LOSS: 118.82	MAE: 124.09	RMSE: 149.85
Epoch 440	LOSS: 120.28	MAE: 124.09	RMSE: 149.84
Epoch 441	LOSS: 119.83	MAE: 124.10	RMSE: 149.84
Epoch 442	LOSS: 119.71	MAE: 124.10	RMSE: 149.83
Epoch 443	LOSS: 119.95	MAE: 124.11	RMSE: 149.83
Epoch 444	LOSS: 119.41	MAE: 124.11	RMSE: 149.83
Epoch 445	LOSS: 119.79	MAE: 124.12	RMSE: 149.82
Epoch 446	LOSS: 119.94	MAE: 124.12	RMSE: 149.82
Epoch 447	LOSS: 120.83	MAE: 124.13	RMSE: 149.82
Epoch 448	LOSS: 120.46	MAE: 124.13	RMSE: 149.81
Epoch 449	LOSS: 120.11	MAE: 124.14	RMSE: 149.81
Epoch 450	LOSS: 120.10	MAE: 124.14	RMSE: 149.81
Epoch 451	LOSS: 119.82	MAE: 124.15	RMSE: 149.80
Epoch 452	LOSS: 119.92	MAE: 124.15	RMSE: 149.80
Epoch 453	LOSS: 120.01	MAE: 124.16	RMSE: 149.79
Epoch 454	LOSS: 119.87	MAE: 124.17	RMSE: 149.79
Epoch 455	LOSS: 120.42	MAE: 124.18	RMSE: 149.78
Epoch 456	LOSS: 120.34	MAE: 124.18	RMSE: 149.78
Epoch 457	LOSS: 120.63	MAE: 124.19	RMSE: 149.78
Epoch 458	LOSS: 118.95	MAE: 124.19	RMSE: 149.77
Epoch 459	LOSS: 119.74	MAE: 124.20	RMSE: 149.77
Epoch 460	LOSS: 119.38	MAE: 124.20	RMSE: 149.77
Epoch 461	LOSS: 120.10	MAE: 124.21	RMSE: 149.76
Epoch 462	LOSS: 119.35	MAE: 124.22	RMSE: 149.76
Epoch 463	LOSS: 120.01	MAE: 124.22	RMSE: 149.76
Epoch 464	LOSS: 119.90	MAE: 124.23	RMSE: 149.75
Epoch 465	LOSS: 119.60	MAE: 124.24	RMSE: 149.75
Epoch 466	LOSS: 119.58	MAE: 124.24	RMSE: 149.74
Epoch 467	LOSS: 119.39	MAE: 124.25	RMSE: 149.74
Epoch 468	LOSS: 119.50	MAE: 124.26	RMSE: 149.74
Epoch 469	LOSS: 119.55	MAE: 124.26	RMSE: 149.74
Epoch 470	LOSS: 120.18	MAE: 124.26	RMSE: 149.73
Epoch 471	LOSS: 119.23	MAE: 124.27	RMSE: 149.73
Epoch 472	LOSS: 120.37	MAE: 124.27	RMSE: 149.73
Epoch 473	LOSS: 119.70	MAE: 124.28	RMSE: 149.73
Epoch 474	LOSS: 119.79	MAE: 124.28	RMSE: 149.73
Epoch 475	LOSS: 120.25	MAE: 124.28	RMSE: 149.73
Epoch 476	LOSS: 119.98	MAE: 124.29	RMSE: 149.72
Epoch 477	LOSS: 119.93	MAE: 124.29	RMSE: 149.72
Epoch 478	LOSS: 119.74	MAE: 124.29	RMSE: 149.72
Epoch 479	LOSS: 119.51	MAE: 124.29	RMSE: 149.72
Epoch 480	LOSS: 119.76	MAE: 124.30	RMSE: 149.72
Epoch 481	LOSS: 120.18	MAE: 124.30	RMSE: 149.72
Epoch 482	LOSS: 120.03	MAE: 124.31	RMSE: 149.71
Epoch 483	LOSS: 120.12	MAE: 124.32	RMSE: 149.71
Epoch 484	LOSS: 119.20	MAE: 124.32	RMSE: 149.71
Epoch 485	LOSS: 119.01	MAE: 124.32	RMSE: 149.71
Epoch 486	LOSS: 120.07	MAE: 124.33	RMSE: 149.70
Epoch 487	LOSS: 120.67	MAE: 124.33	RMSE: 149.70
Epoch 488	LOSS: 120.30	MAE: 124.34	RMSE: 149.70
Epoch 489	LOSS: 119.68	MAE: 124.34	RMSE: 149.70
Epoch 490	LOSS: 119.55	MAE: 124.35	RMSE: 149.70
Epoch 491	LOSS: 119.68	MAE: 124.35	RMSE: 149.70
Epoch 492	LOSS: 119.76	MAE: 124.35	RMSE: 149.70
Epoch 493	LOSS: 119.35	MAE: 124.35	RMSE: 149.69
Epoch 494	LOSS: 118.51	MAE: 124.36	RMSE: 149.69
Epoch 495	LOSS: 119.64	MAE: 124.36	RMSE: 149.69
Epoch 496	LOSS: 119.05	MAE: 124.37	RMSE: 149.69
Epoch 497	LOSS: 120.19	MAE: 124.38	RMSE: 149.69
Epoch 498	LOSS: 120.57	MAE: 124.38	RMSE: 149.68
Epoch 499	LOSS: 119.89	MAE: 124.39	RMSE: 149.68
