Epoch 000	LOSS: 260.10	MAE: 54.68	RMSE: 58.03
Epoch 001	LOSS: 217.34	MAE: 51.04	RMSE: 55.61
Epoch 002	LOSS: 203.53	MAE: 49.89	RMSE: 54.85
Epoch 003	LOSS: 193.22	MAE: 48.66	RMSE: 54.10
Epoch 004	LOSS: 190.07	MAE: 48.00	RMSE: 53.52
Epoch 005	LOSS: 181.34	MAE: 47.27	RMSE: 52.92
Epoch 006	LOSS: 180.63	MAE: 46.61	RMSE: 52.30
Epoch 007	LOSS: 177.59	MAE: 46.01	RMSE: 51.66
Epoch 008	LOSS: 175.19	MAE: 45.32	RMSE: 50.97
Epoch 009	LOSS: 170.66	MAE: 44.69	RMSE: 50.29
Epoch 010	LOSS: 168.62	MAE: 44.00	RMSE: 49.59
Epoch 011	LOSS: 166.57	MAE: 43.31	RMSE: 48.87
Epoch 012	LOSS: 163.25	MAE: 42.72	RMSE: 48.22
Epoch 013	LOSS: 163.70	MAE: 42.15	RMSE: 47.56
Epoch 014	LOSS: 161.32	MAE: 41.44	RMSE: 46.92
Epoch 015	LOSS: 158.59	MAE: 40.93	RMSE: 46.35
Epoch 016	LOSS: 155.83	MAE: 40.39	RMSE: 45.77
Epoch 017	LOSS: 155.01	MAE: 39.82	RMSE: 45.20
Epoch 018	LOSS: 153.36	MAE: 39.37	RMSE: 44.67
Epoch 019	LOSS: 151.48	MAE: 38.84	RMSE: 44.16
Epoch 020	LOSS: 150.24	MAE: 38.41	RMSE: 43.67
Epoch 021	LOSS: 148.65	MAE: 37.99	RMSE: 43.20
Epoch 022	LOSS: 147.82	MAE: 37.53	RMSE: 42.72
Epoch 023	LOSS: 147.47	MAE: 37.23	RMSE: 42.29
Epoch 024	LOSS: 144.05	MAE: 36.78	RMSE: 41.88
Epoch 025	LOSS: 142.71	MAE: 36.28	RMSE: 41.44
Epoch 026	LOSS: 143.10	MAE: 35.88	RMSE: 41.00
Epoch 027	LOSS: 140.61	MAE: 35.48	RMSE: 40.56
Epoch 028	LOSS: 140.46	MAE: 35.09	RMSE: 40.17
Epoch 029	LOSS: 138.15	MAE: 34.74	RMSE: 39.86
Epoch 030	LOSS: 138.14	MAE: 34.46	RMSE: 39.43
Epoch 031	LOSS: 137.03	MAE: 34.15	RMSE: 39.14
Epoch 032	LOSS: 137.01	MAE: 33.82	RMSE: 38.73
Epoch 033	LOSS: 134.74	MAE: 33.45	RMSE: 38.42
Epoch 034	LOSS: 133.40	MAE: 33.07	RMSE: 38.07
Epoch 035	LOSS: 132.95	MAE: 32.79	RMSE: 37.72
Epoch 036	LOSS: 132.47	MAE: 32.54	RMSE: 37.38
Epoch 037	LOSS: 129.80	MAE: 32.26	RMSE: 37.08
Epoch 038	LOSS: 130.15	MAE: 31.90	RMSE: 36.74
Epoch 039	LOSS: 129.13	MAE: 31.71	RMSE: 36.51
Epoch 040	LOSS: 128.58	MAE: 31.41	RMSE: 36.16
Epoch 041	LOSS: 127.34	MAE: 31.08	RMSE: 35.91
Epoch 042	LOSS: 126.10	MAE: 30.78	RMSE: 35.60
Epoch 043	LOSS: 125.49	MAE: 30.63	RMSE: 35.30
Epoch 044	LOSS: 124.72	MAE: 30.33	RMSE: 35.00
Epoch 045	LOSS: 123.28	MAE: 30.07	RMSE: 34.75
Epoch 046	LOSS: 122.05	MAE: 29.79	RMSE: 34.45
Epoch 047	LOSS: 120.98	MAE: 29.57	RMSE: 34.25
Epoch 048	LOSS: 120.32	MAE: 29.30	RMSE: 33.96
Epoch 049	LOSS: 119.16	MAE: 29.18	RMSE: 33.77
Epoch 050	LOSS: 118.47	MAE: 28.83	RMSE: 33.45
Epoch 051	LOSS: 118.65	MAE: 28.60	RMSE: 33.21
Epoch 052	LOSS: 118.34	MAE: 28.47	RMSE: 32.98
Epoch 053	LOSS: 116.97	MAE: 28.23	RMSE: 32.70
Epoch 054	LOSS: 115.99	MAE: 27.92	RMSE: 32.46
Epoch 055	LOSS: 114.52	MAE: 27.71	RMSE: 32.24
Epoch 056	LOSS: 114.39	MAE: 27.48	RMSE: 31.96
Epoch 057	LOSS: 113.70	MAE: 27.36	RMSE: 31.77
Epoch 058	LOSS: 112.30	MAE: 27.10	RMSE: 31.51
Epoch 059	LOSS: 111.73	MAE: 26.83	RMSE: 31.22
Epoch 060	LOSS: 111.74	MAE: 26.71	RMSE: 31.03
Epoch 061	LOSS: 109.48	MAE: 26.46	RMSE: 30.82
Epoch 062	LOSS: 109.93	MAE: 26.29	RMSE: 30.60
Epoch 063	LOSS: 108.52	MAE: 26.03	RMSE: 30.34
Epoch 064	LOSS: 108.59	MAE: 25.87	RMSE: 30.12
Epoch 065	LOSS: 106.62	MAE: 25.74	RMSE: 29.99
Epoch 066	LOSS: 106.53	MAE: 25.55	RMSE: 29.75
Epoch 067	LOSS: 105.46	MAE: 25.32	RMSE: 29.48
Epoch 068	LOSS: 105.59	MAE: 25.25	RMSE: 29.37
Epoch 069	LOSS: 104.38	MAE: 24.91	RMSE: 29.09
Epoch 070	LOSS: 102.99	MAE: 24.71	RMSE: 28.84
Epoch 071	LOSS: 102.56	MAE: 24.51	RMSE: 28.63
Epoch 072	LOSS: 102.23	MAE: 24.38	RMSE: 28.44
Epoch 073	LOSS: 100.90	MAE: 24.16	RMSE: 28.26
Epoch 074	LOSS: 99.50	MAE: 24.00	RMSE: 28.00
Epoch 075	LOSS: 99.31	MAE: 23.83	RMSE: 27.82
Epoch 076	LOSS: 99.03	MAE: 23.69	RMSE: 27.66
Epoch 077	LOSS: 97.98	MAE: 23.46	RMSE: 27.43
Epoch 078	LOSS: 97.52	MAE: 23.29	RMSE: 27.23
Epoch 079	LOSS: 97.01	MAE: 23.16	RMSE: 27.06
Epoch 080	LOSS: 96.08	MAE: 22.98	RMSE: 26.88
Epoch 081	LOSS: 95.26	MAE: 22.73	RMSE: 26.62
Epoch 082	LOSS: 95.28	MAE: 22.78	RMSE: 26.57
Epoch 083	LOSS: 94.24	MAE: 22.63	RMSE: 26.41
Epoch 084	LOSS: 93.35	MAE: 22.36	RMSE: 26.10
Epoch 085	LOSS: 92.79	MAE: 22.10	RMSE: 25.87
Epoch 086	LOSS: 91.83	MAE: 21.98	RMSE: 25.73
Epoch 087	LOSS: 91.15	MAE: 21.86	RMSE: 25.57
Epoch 088	LOSS: 89.75	MAE: 21.63	RMSE: 25.35
Epoch 089	LOSS: 90.17	MAE: 21.39	RMSE: 25.05
Epoch 090	LOSS: 88.63	MAE: 21.40	RMSE: 25.02
Epoch 091	LOSS: 88.17	MAE: 21.09	RMSE: 24.72
Epoch 092	LOSS: 87.46	MAE: 20.94	RMSE: 24.55
Epoch 093	LOSS: 86.23	MAE: 20.77	RMSE: 24.41
Epoch 094	LOSS: 85.48	MAE: 20.54	RMSE: 24.09
Epoch 095	LOSS: 85.47	MAE: 20.47	RMSE: 23.97
Epoch 096	LOSS: 84.24	MAE: 20.27	RMSE: 23.76
Epoch 097	LOSS: 83.27	MAE: 20.12	RMSE: 23.60
Epoch 098	LOSS: 83.80	MAE: 19.91	RMSE: 23.35
Epoch 099	LOSS: 82.41	MAE: 19.72	RMSE: 23.16
Epoch 100	LOSS: 81.21	MAE: 19.60	RMSE: 23.05
Epoch 101	LOSS: 80.96	MAE: 19.37	RMSE: 22.79
Epoch 102	LOSS: 79.84	MAE: 19.16	RMSE: 22.56
Epoch 103	LOSS: 79.25	MAE: 18.95	RMSE: 22.31
Epoch 104	LOSS: 78.47	MAE: 18.84	RMSE: 22.21
Epoch 105	LOSS: 77.74	MAE: 18.70	RMSE: 22.05
Epoch 106	LOSS: 77.71	MAE: 18.48	RMSE: 21.78
Epoch 107	LOSS: 76.91	MAE: 18.20	RMSE: 21.49
Epoch 108	LOSS: 76.02	MAE: 18.12	RMSE: 21.33
Epoch 109	LOSS: 74.71	MAE: 17.91	RMSE: 21.11
Epoch 110	LOSS: 74.33	MAE: 17.62	RMSE: 20.85
Epoch 111	LOSS: 73.80	MAE: 17.53	RMSE: 20.74
Epoch 112	LOSS: 72.20	MAE: 17.28	RMSE: 20.48
Epoch 113	LOSS: 72.32	MAE: 17.20	RMSE: 20.34
Epoch 114	LOSS: 71.61	MAE: 17.05	RMSE: 20.16
Epoch 115	LOSS: 70.69	MAE: 16.86	RMSE: 19.96
Epoch 116	LOSS: 69.82	MAE: 16.63	RMSE: 19.74
Epoch 117	LOSS: 69.07	MAE: 16.37	RMSE: 19.48
Epoch 118	LOSS: 68.82	MAE: 16.18	RMSE: 19.27
Epoch 119	LOSS: 67.77	MAE: 16.03	RMSE: 19.13
Epoch 120	LOSS: 67.25	MAE: 15.82	RMSE: 18.90
Epoch 121	LOSS: 66.08	MAE: 15.64	RMSE: 18.73
Epoch 122	LOSS: 65.30	MAE: 15.43	RMSE: 18.50
Epoch 123	LOSS: 64.94	MAE: 15.20	RMSE: 18.29
Epoch 124	LOSS: 63.41	MAE: 15.06	RMSE: 18.12
Epoch 125	LOSS: 63.54	MAE: 14.84	RMSE: 17.89
Epoch 126	LOSS: 63.31	MAE: 14.63	RMSE: 17.66
Epoch 127	LOSS: 62.56	MAE: 14.53	RMSE: 17.53
Epoch 128	LOSS: 61.15	MAE: 14.32	RMSE: 17.34
Epoch 129	LOSS: 60.85	MAE: 14.05	RMSE: 17.08
Epoch 130	LOSS: 59.99	MAE: 13.86	RMSE: 16.86
Epoch 131	LOSS: 59.05	MAE: 13.84	RMSE: 16.84
Epoch 132	LOSS: 58.26	MAE: 13.55	RMSE: 16.56
Epoch 133	LOSS: 57.97	MAE: 13.29	RMSE: 16.32
Epoch 134	LOSS: 57.25	MAE: 13.13	RMSE: 16.14
Epoch 135	LOSS: 56.89	MAE: 12.98	RMSE: 15.98
Epoch 136	LOSS: 55.89	MAE: 12.92	RMSE: 15.91
Epoch 137	LOSS: 55.05	MAE: 12.69	RMSE: 15.69
Epoch 138	LOSS: 54.25	MAE: 12.46	RMSE: 15.46
Epoch 139	LOSS: 53.65	MAE: 12.35	RMSE: 15.35
Epoch 140	LOSS: 53.12	MAE: 12.09	RMSE: 15.11
Epoch 141	LOSS: 52.14	MAE: 11.86	RMSE: 14.89
Epoch 142	LOSS: 51.82	MAE: 11.71	RMSE: 14.74
Epoch 143	LOSS: 51.06	MAE: 11.46	RMSE: 14.53
Epoch 144	LOSS: 50.40	MAE: 11.41	RMSE: 14.47
Epoch 145	LOSS: 49.23	MAE: 11.22	RMSE: 14.31
Epoch 146	LOSS: 48.72	MAE: 10.93	RMSE: 14.06
Epoch 147	LOSS: 47.90	MAE: 10.83	RMSE: 13.95
Epoch 148	LOSS: 47.05	MAE: 10.55	RMSE: 13.72
Epoch 149	LOSS: 47.15	MAE: 10.58	RMSE: 13.72
Epoch 150	LOSS: 46.32	MAE: 10.42	RMSE: 13.56
Epoch 151	LOSS: 46.02	MAE: 10.13	RMSE: 13.29
Epoch 152	LOSS: 44.78	MAE: 9.94	RMSE: 13.13
Epoch 153	LOSS: 44.25	MAE: 9.80	RMSE: 13.02
Epoch 154	LOSS: 43.55	MAE: 9.61	RMSE: 12.85
Epoch 155	LOSS: 42.89	MAE: 9.42	RMSE: 12.71
Epoch 156	LOSS: 41.88	MAE: 9.32	RMSE: 12.62
Epoch 157	LOSS: 41.76	MAE: 9.11	RMSE: 12.45
Epoch 158	LOSS: 40.67	MAE: 8.92	RMSE: 12.30
Epoch 159	LOSS: 40.16	MAE: 8.80	RMSE: 12.21
Epoch 160	LOSS: 39.62	MAE: 8.62	RMSE: 12.07
Epoch 161	LOSS: 38.69	MAE: 8.51	RMSE: 11.98
Epoch 162	LOSS: 38.20	MAE: 8.37	RMSE: 11.86
Epoch 163	LOSS: 37.94	MAE: 8.05	RMSE: 11.62
Epoch 164	LOSS: 36.85	MAE: 7.92	RMSE: 11.52
Epoch 165	LOSS: 36.25	MAE: 7.85	RMSE: 11.46
Epoch 166	LOSS: 35.86	MAE: 7.76	RMSE: 11.37
Epoch 167	LOSS: 35.23	MAE: 7.60	RMSE: 11.25
Epoch 168	LOSS: 34.95	MAE: 7.37	RMSE: 11.09
Epoch 169	LOSS: 34.14	MAE: 7.24	RMSE: 10.98
Epoch 170	LOSS: 33.88	MAE: 7.11	RMSE: 10.89
Epoch 171	LOSS: 32.82	MAE: 6.98	RMSE: 10.80
Epoch 172	LOSS: 32.44	MAE: 6.85	RMSE: 10.71
Epoch 173	LOSS: 32.02	MAE: 6.70	RMSE: 10.60
Epoch 174	LOSS: 31.14	MAE: 6.53	RMSE: 10.47
Epoch 175	LOSS: 30.98	MAE: 6.47	RMSE: 10.43
Epoch 176	LOSS: 30.66	MAE: 6.35	RMSE: 10.36
Epoch 177	LOSS: 30.29	MAE: 6.19	RMSE: 10.26
Epoch 178	LOSS: 29.95	MAE: 6.11	RMSE: 10.22
Epoch 179	LOSS: 29.27	MAE: 6.03	RMSE: 10.16
Epoch 180	LOSS: 28.96	MAE: 5.97	RMSE: 10.11
Epoch 181	LOSS: 28.29	MAE: 5.90	RMSE: 10.07
Epoch 182	LOSS: 28.14	MAE: 5.76	RMSE: 9.97
Epoch 183	LOSS: 27.92	MAE: 5.81	RMSE: 9.99
Epoch 184	LOSS: 27.22	MAE: 5.70	RMSE: 9.93
Epoch 185	LOSS: 27.43	MAE: 5.52	RMSE: 9.83
Epoch 186	LOSS: 26.92	MAE: 5.43	RMSE: 9.78
Epoch 187	LOSS: 26.57	MAE: 5.45	RMSE: 9.78
Epoch 188	LOSS: 26.18	MAE: 5.34	RMSE: 9.72
Epoch 189	LOSS: 25.93	MAE: 5.26	RMSE: 9.66
Epoch 190	LOSS: 25.73	MAE: 5.23	RMSE: 9.63
Epoch 191	LOSS: 25.31	MAE: 5.23	RMSE: 9.61
Epoch 192	LOSS: 25.12	MAE: 5.16	RMSE: 9.57
Epoch 193	LOSS: 25.09	MAE: 5.09	RMSE: 9.54
Epoch 194	LOSS: 25.05	MAE: 5.06	RMSE: 9.52
Epoch 195	LOSS: 24.88	MAE: 5.09	RMSE: 9.51
Epoch 196	LOSS: 24.88	MAE: 5.00	RMSE: 9.47
Epoch 197	LOSS: 24.07	MAE: 4.94	RMSE: 9.45
Epoch 198	LOSS: 23.96	MAE: 4.90	RMSE: 9.41
Epoch 199	LOSS: 24.21	MAE: 4.90	RMSE: 9.40
Epoch 200	LOSS: 23.93	MAE: 4.82	RMSE: 9.38
Epoch 201	LOSS: 23.80	MAE: 4.82	RMSE: 9.37
Epoch 202	LOSS: 23.97	MAE: 4.79	RMSE: 9.37
Epoch 203	LOSS: 23.54	MAE: 4.82	RMSE: 9.37
Epoch 204	LOSS: 23.56	MAE: 4.76	RMSE: 9.36
Epoch 205	LOSS: 23.10	MAE: 4.80	RMSE: 9.37
Epoch 206	LOSS: 22.86	MAE: 4.75	RMSE: 9.35
Epoch 207	LOSS: 23.39	MAE: 4.74	RMSE: 9.35
Epoch 208	LOSS: 23.36	MAE: 4.73	RMSE: 9.32
Epoch 209	LOSS: 23.14	MAE: 4.73	RMSE: 9.35
Epoch 210	LOSS: 23.15	MAE: 4.72	RMSE: 9.35
Epoch 211	LOSS: 22.92	MAE: 4.72	RMSE: 9.34
Epoch 212	LOSS: 22.77	MAE: 4.69	RMSE: 9.34
Epoch 213	LOSS: 23.17	MAE: 4.68	RMSE: 9.30
Epoch 214	LOSS: 22.50	MAE: 4.67	RMSE: 9.33
Epoch 215	LOSS: 22.85	MAE: 4.70	RMSE: 9.32
Epoch 216	LOSS: 22.63	MAE: 4.67	RMSE: 9.32
Epoch 217	LOSS: 22.58	MAE: 4.65	RMSE: 9.32
Epoch 218	LOSS: 22.91	MAE: 4.62	RMSE: 9.29
Epoch 219	LOSS: 22.77	MAE: 4.65	RMSE: 9.31
Epoch 220	LOSS: 22.82	MAE: 4.67	RMSE: 9.31
Epoch 221	LOSS: 22.85	MAE: 4.64	RMSE: 9.32
Epoch 222	LOSS: 22.80	MAE: 4.64	RMSE: 9.32
Epoch 223	LOSS: 22.03	MAE: 4.58	RMSE: 9.29
Epoch 224	LOSS: 22.49	MAE: 4.62	RMSE: 9.30
Epoch 225	LOSS: 22.07	MAE: 4.61	RMSE: 9.30
Epoch 226	LOSS: 21.90	MAE: 4.59	RMSE: 9.29
Epoch 227	LOSS: 22.24	MAE: 4.65	RMSE: 9.28
Epoch 228	LOSS: 21.91	MAE: 4.61	RMSE: 9.29
Epoch 229	LOSS: 22.19	MAE: 4.63	RMSE: 9.29
Epoch 230	LOSS: 21.81	MAE: 4.57	RMSE: 9.26
Epoch 231	LOSS: 22.16	MAE: 4.63	RMSE: 9.28
Epoch 232	LOSS: 22.13	MAE: 4.60	RMSE: 9.28
Epoch 233	LOSS: 21.98	MAE: 4.63	RMSE: 9.29
Epoch 234	LOSS: 22.03	MAE: 4.62	RMSE: 9.28
Epoch 235	LOSS: 22.20	MAE: 4.61	RMSE: 9.29
Epoch 236	LOSS: 21.75	MAE: 4.60	RMSE: 9.29
Epoch 237	LOSS: 22.41	MAE: 4.62	RMSE: 9.29
Epoch 238	LOSS: 22.00	MAE: 4.57	RMSE: 9.26
Epoch 239	LOSS: 21.77	MAE: 4.59	RMSE: 9.29
Epoch 240	LOSS: 22.22	MAE: 4.62	RMSE: 9.29
Epoch 241	LOSS: 22.16	MAE: 4.61	RMSE: 9.26
Epoch 242	LOSS: 21.77	MAE: 4.61	RMSE: 9.26
Epoch 243	LOSS: 21.90	MAE: 4.61	RMSE: 9.27
Epoch 244	LOSS: 21.69	MAE: 4.60	RMSE: 9.26
Epoch 245	LOSS: 21.79	MAE: 4.59	RMSE: 9.25
Epoch 246	LOSS: 21.72	MAE: 4.58	RMSE: 9.24
Epoch 247	LOSS: 22.07	MAE: 4.58	RMSE: 9.26
Epoch 248	LOSS: 21.58	MAE: 4.55	RMSE: 9.24
Epoch 249	LOSS: 21.70	MAE: 4.58	RMSE: 9.25
Epoch 250	LOSS: 21.29	MAE: 4.56	RMSE: 9.24
Epoch 251	LOSS: 21.72	MAE: 4.60	RMSE: 9.25
Epoch 252	LOSS: 21.82	MAE: 4.57	RMSE: 9.26
Epoch 253	LOSS: 21.15	MAE: 4.56	RMSE: 9.24
Epoch 254	LOSS: 21.58	MAE: 4.56	RMSE: 9.24
Epoch 255	LOSS: 21.65	MAE: 4.56	RMSE: 9.25
Epoch 256	LOSS: 21.58	MAE: 4.55	RMSE: 9.24
Epoch 257	LOSS: 21.33	MAE: 4.57	RMSE: 9.24
Epoch 258	LOSS: 21.53	MAE: 4.54	RMSE: 9.24
Epoch 259	LOSS: 21.53	MAE: 4.55	RMSE: 9.25
Epoch 260	LOSS: 21.40	MAE: 4.53	RMSE: 9.23
Epoch 261	LOSS: 21.70	MAE: 4.55	RMSE: 9.23
Epoch 262	LOSS: 21.24	MAE: 4.53	RMSE: 9.21
Epoch 263	LOSS: 21.47	MAE: 4.55	RMSE: 9.24
Epoch 264	LOSS: 21.15	MAE: 4.53	RMSE: 9.23
Epoch 265	LOSS: 21.69	MAE: 4.56	RMSE: 9.23
Epoch 266	LOSS: 21.05	MAE: 4.53	RMSE: 9.23
Epoch 267	LOSS: 21.22	MAE: 4.56	RMSE: 9.25
Epoch 268	LOSS: 21.26	MAE: 4.50	RMSE: 9.22
Epoch 269	LOSS: 21.65	MAE: 4.56	RMSE: 9.23
Epoch 270	LOSS: 21.21	MAE: 4.55	RMSE: 9.22
Epoch 271	LOSS: 21.35	MAE: 4.53	RMSE: 9.24
Epoch 272	LOSS: 21.20	MAE: 4.52	RMSE: 9.24
Epoch 273	LOSS: 21.31	MAE: 4.53	RMSE: 9.23
Epoch 274	LOSS: 21.20	MAE: 4.54	RMSE: 9.23
Epoch 275	LOSS: 21.36	MAE: 4.53	RMSE: 9.23
Epoch 276	LOSS: 21.11	MAE: 4.52	RMSE: 9.24
Epoch 277	LOSS: 21.43	MAE: 4.54	RMSE: 9.23
Epoch 278	LOSS: 21.24	MAE: 4.53	RMSE: 9.23
Epoch 279	LOSS: 21.27	MAE: 4.54	RMSE: 9.21
Epoch 280	LOSS: 20.79	MAE: 4.53	RMSE: 9.22
Epoch 281	LOSS: 21.18	MAE: 4.55	RMSE: 9.22
Epoch 282	LOSS: 21.35	MAE: 4.54	RMSE: 9.21
Epoch 283	LOSS: 20.94	MAE: 4.51	RMSE: 9.20
Epoch 284	LOSS: 21.15	MAE: 4.53	RMSE: 9.21
Epoch 285	LOSS: 21.22	MAE: 4.52	RMSE: 9.23
Epoch 286	LOSS: 20.58	MAE: 4.51	RMSE: 9.20
Epoch 287	LOSS: 20.86	MAE: 4.54	RMSE: 9.23
Epoch 288	LOSS: 20.78	MAE: 4.53	RMSE: 9.22
Epoch 289	LOSS: 21.23	MAE: 4.55	RMSE: 9.23
Epoch 290	LOSS: 20.90	MAE: 4.53	RMSE: 9.21
Epoch 291	LOSS: 21.22	MAE: 4.55	RMSE: 9.22
Epoch 292	LOSS: 21.26	MAE: 4.51	RMSE: 9.21
Epoch 293	LOSS: 21.10	MAE: 4.54	RMSE: 9.23
Epoch 294	LOSS: 20.85	MAE: 4.51	RMSE: 9.22
Epoch 295	LOSS: 21.10	MAE: 4.54	RMSE: 9.25
Epoch 296	LOSS: 20.67	MAE: 4.50	RMSE: 9.20
Epoch 297	LOSS: 21.01	MAE: 4.53	RMSE: 9.21
Epoch 298	LOSS: 20.65	MAE: 4.49	RMSE: 9.19
Epoch 299	LOSS: 21.16	MAE: 4.55	RMSE: 9.21
Epoch 300	LOSS: 21.59	MAE: 4.54	RMSE: 9.20
Epoch 301	LOSS: 21.13	MAE: 4.49	RMSE: 9.20
Epoch 302	LOSS: 20.87	MAE: 4.50	RMSE: 9.19
Epoch 303	LOSS: 20.70	MAE: 4.52	RMSE: 9.20
Epoch 304	LOSS: 20.69	MAE: 4.50	RMSE: 9.20
Epoch 305	LOSS: 20.85	MAE: 4.48	RMSE: 9.19
Epoch 306	LOSS: 20.96	MAE: 4.52	RMSE: 9.20
Epoch 307	LOSS: 21.15	MAE: 4.50	RMSE: 9.19
Epoch 308	LOSS: 20.94	MAE: 4.50	RMSE: 9.19
Epoch 309	LOSS: 20.76	MAE: 4.48	RMSE: 9.19
Epoch 310	LOSS: 20.71	MAE: 4.49	RMSE: 9.19
Epoch 311	LOSS: 20.87	MAE: 4.56	RMSE: 9.22
Epoch 312	LOSS: 21.04	MAE: 4.53	RMSE: 9.20
Epoch 313	LOSS: 20.76	MAE: 4.55	RMSE: 9.21
Epoch 314	LOSS: 20.93	MAE: 4.49	RMSE: 9.18
Epoch 315	LOSS: 20.81	MAE: 4.53	RMSE: 9.18
Epoch 316	LOSS: 20.44	MAE: 4.52	RMSE: 9.19
Epoch 317	LOSS: 20.86	MAE: 4.51	RMSE: 9.20
Epoch 318	LOSS: 20.64	MAE: 4.48	RMSE: 9.19
Epoch 319	LOSS: 21.23	MAE: 4.54	RMSE: 9.21
Epoch 320	LOSS: 20.74	MAE: 4.52	RMSE: 9.21
Epoch 321	LOSS: 21.02	MAE: 4.50	RMSE: 9.20
Epoch 322	LOSS: 21.06	MAE: 4.50	RMSE: 9.20
Epoch 323	LOSS: 20.84	MAE: 4.48	RMSE: 9.20
Epoch 324	LOSS: 20.71	MAE: 4.53	RMSE: 9.19
Epoch 325	LOSS: 20.88	MAE: 4.50	RMSE: 9.20
Epoch 326	LOSS: 20.95	MAE: 4.52	RMSE: 9.19
Epoch 327	LOSS: 20.37	MAE: 4.47	RMSE: 9.19
Epoch 328	LOSS: 20.91	MAE: 4.52	RMSE: 9.21
Epoch 329	LOSS: 21.00	MAE: 4.51	RMSE: 9.22
Epoch 330	LOSS: 20.95	MAE: 4.49	RMSE: 9.19
Epoch 331	LOSS: 21.17	MAE: 4.52	RMSE: 9.20
Epoch 332	LOSS: 21.17	MAE: 4.49	RMSE: 9.18
Epoch 333	LOSS: 20.89	MAE: 4.51	RMSE: 9.18
Epoch 334	LOSS: 20.38	MAE: 4.46	RMSE: 9.18
Epoch 335	LOSS: 21.27	MAE: 4.50	RMSE: 9.20
Epoch 336	LOSS: 20.65	MAE: 4.52	RMSE: 9.20
Epoch 337	LOSS: 20.67	MAE: 4.48	RMSE: 9.18
Epoch 338	LOSS: 20.89	MAE: 4.50	RMSE: 9.18
Epoch 339	LOSS: 20.87	MAE: 4.51	RMSE: 9.19
Epoch 340	LOSS: 20.58	MAE: 4.46	RMSE: 9.17
Epoch 341	LOSS: 20.63	MAE: 4.48	RMSE: 9.20
Epoch 342	LOSS: 20.61	MAE: 4.46	RMSE: 9.18
Epoch 343	LOSS: 20.34	MAE: 4.50	RMSE: 9.19
Epoch 344	LOSS: 20.73	MAE: 4.47	RMSE: 9.18
Epoch 345	LOSS: 20.74	MAE: 4.52	RMSE: 9.16
Epoch 346	LOSS: 20.97	MAE: 4.51	RMSE: 9.19
Epoch 347	LOSS: 20.83	MAE: 4.48	RMSE: 9.18
Epoch 348	LOSS: 20.61	MAE: 4.50	RMSE: 9.19
Epoch 349	LOSS: 20.84	MAE: 4.46	RMSE: 9.17
Epoch 350	LOSS: 20.79	MAE: 4.48	RMSE: 9.18
Epoch 351	LOSS: 20.99	MAE: 4.49	RMSE: 9.18
Epoch 352	LOSS: 20.55	MAE: 4.46	RMSE: 9.16
Epoch 353	LOSS: 20.77	MAE: 4.54	RMSE: 9.22
Epoch 354	LOSS: 20.55	MAE: 4.53	RMSE: 9.22
Epoch 355	LOSS: 20.58	MAE: 4.47	RMSE: 9.18
Epoch 356	LOSS: 21.01	MAE: 4.48	RMSE: 9.20
Epoch 357	LOSS: 21.00	MAE: 4.52	RMSE: 9.15
Epoch 358	LOSS: 20.57	MAE: 4.49	RMSE: 9.18
Epoch 359	LOSS: 20.82	MAE: 4.48	RMSE: 9.18
Epoch 360	LOSS: 20.70	MAE: 4.46	RMSE: 9.18
Epoch 361	LOSS: 20.69	MAE: 4.46	RMSE: 9.17
Epoch 362	LOSS: 20.57	MAE: 4.48	RMSE: 9.18
Epoch 363	LOSS: 20.58	MAE: 4.49	RMSE: 9.18
Epoch 364	LOSS: 20.52	MAE: 4.48	RMSE: 9.19
Epoch 365	LOSS: 20.60	MAE: 4.46	RMSE: 9.16
Epoch 366	LOSS: 20.20	MAE: 4.48	RMSE: 9.17
Epoch 367	LOSS: 20.62	MAE: 4.48	RMSE: 9.18
Epoch 368	LOSS: 20.73	MAE: 4.46	RMSE: 9.18
Epoch 369	LOSS: 20.54	MAE: 4.44	RMSE: 9.16
Epoch 370	LOSS: 20.42	MAE: 4.45	RMSE: 9.15
Epoch 371	LOSS: 20.49	MAE: 4.49	RMSE: 9.18
Epoch 372	LOSS: 20.27	MAE: 4.45	RMSE: 9.17
Epoch 373	LOSS: 20.30	MAE: 4.50	RMSE: 9.19
Epoch 374	LOSS: 20.79	MAE: 4.49	RMSE: 9.17
Epoch 375	LOSS: 20.51	MAE: 4.47	RMSE: 9.15
Epoch 376	LOSS: 20.45	MAE: 4.47	RMSE: 9.17
Epoch 377	LOSS: 20.28	MAE: 4.47	RMSE: 9.18
Epoch 378	LOSS: 20.58	MAE: 4.49	RMSE: 9.19
Epoch 379	LOSS: 20.58	MAE: 4.49	RMSE: 9.18
Epoch 380	LOSS: 20.60	MAE: 4.47	RMSE: 9.18
Epoch 381	LOSS: 20.57	MAE: 4.50	RMSE: 9.18
Epoch 382	LOSS: 20.66	MAE: 4.45	RMSE: 9.15
Epoch 383	LOSS: 20.56	MAE: 4.49	RMSE: 9.18
Epoch 384	LOSS: 20.55	MAE: 4.46	RMSE: 9.15
Epoch 385	LOSS: 20.61	MAE: 4.50	RMSE: 9.19
Epoch 386	LOSS: 20.84	MAE: 4.47	RMSE: 9.17
Epoch 387	LOSS: 20.84	MAE: 4.49	RMSE: 9.17
Epoch 388	LOSS: 20.33	MAE: 4.48	RMSE: 9.18
Epoch 389	LOSS: 20.51	MAE: 4.50	RMSE: 9.18
Epoch 390	LOSS: 20.46	MAE: 4.45	RMSE: 9.15
Epoch 391	LOSS: 20.37	MAE: 4.46	RMSE: 9.16
Epoch 392	LOSS: 20.56	MAE: 4.46	RMSE: 9.17
Epoch 393	LOSS: 20.22	MAE: 4.46	RMSE: 9.16
Epoch 394	LOSS: 20.50	MAE: 4.44	RMSE: 9.17
Epoch 395	LOSS: 20.55	MAE: 4.48	RMSE: 9.18
Epoch 396	LOSS: 20.28	MAE: 4.48	RMSE: 9.17
Epoch 397	LOSS: 20.40	MAE: 4.48	RMSE: 9.17
Epoch 398	LOSS: 20.58	MAE: 4.47	RMSE: 9.17
Epoch 399	LOSS: 20.49	MAE: 4.45	RMSE: 9.15
Epoch 400	LOSS: 20.06	MAE: 4.43	RMSE: 9.13
Epoch 401	LOSS: 20.22	MAE: 4.46	RMSE: 9.15
Epoch 402	LOSS: 20.36	MAE: 4.43	RMSE: 9.14
Epoch 403	LOSS: 20.73	MAE: 4.45	RMSE: 9.18
Epoch 404	LOSS: 20.51	MAE: 4.44	RMSE: 9.16
Epoch 405	LOSS: 20.43	MAE: 4.47	RMSE: 9.17
Epoch 406	LOSS: 20.32	MAE: 4.47	RMSE: 9.17
Epoch 407	LOSS: 20.11	MAE: 4.44	RMSE: 9.17
Epoch 408	LOSS: 20.04	MAE: 4.45	RMSE: 9.16
Epoch 409	LOSS: 20.31	MAE: 4.42	RMSE: 9.15
Epoch 410	LOSS: 20.63	MAE: 4.48	RMSE: 9.15
Epoch 411	LOSS: 20.46	MAE: 4.49	RMSE: 9.17
Epoch 412	LOSS: 20.52	MAE: 4.49	RMSE: 9.12
Epoch 413	LOSS: 20.51	MAE: 4.45	RMSE: 9.12
Epoch 414	LOSS: 20.29	MAE: 4.47	RMSE: 9.17
Epoch 415	LOSS: 20.31	MAE: 4.45	RMSE: 9.14
Epoch 416	LOSS: 20.41	MAE: 4.49	RMSE: 9.16
Epoch 417	LOSS: 20.46	MAE: 4.47	RMSE: 9.13
Epoch 418	LOSS: 20.03	MAE: 4.46	RMSE: 9.16
Epoch 419	LOSS: 20.04	MAE: 4.46	RMSE: 9.16
Epoch 420	LOSS: 20.56	MAE: 4.43	RMSE: 9.15
Epoch 421	LOSS: 20.49	MAE: 4.45	RMSE: 9.16
Epoch 422	LOSS: 20.38	MAE: 4.41	RMSE: 9.16
Epoch 423	LOSS: 20.25	MAE: 4.51	RMSE: 9.18
Epoch 424	LOSS: 20.52	MAE: 4.50	RMSE: 9.17
Epoch 425	LOSS: 20.79	MAE: 4.46	RMSE: 9.18
Epoch 426	LOSS: 20.08	MAE: 4.46	RMSE: 9.17
Epoch 427	LOSS: 20.54	MAE: 4.46	RMSE: 9.16
Epoch 428	LOSS: 20.41	MAE: 4.46	RMSE: 9.17
Epoch 429	LOSS: 20.53	MAE: 4.45	RMSE: 9.16
Epoch 430	LOSS: 20.09	MAE: 4.45	RMSE: 9.16
Epoch 431	LOSS: 20.14	MAE: 4.44	RMSE: 9.15
Epoch 432	LOSS: 20.71	MAE: 4.48	RMSE: 9.18
Epoch 433	LOSS: 20.70	MAE: 4.47	RMSE: 9.17
Epoch 434	LOSS: 20.63	MAE: 4.46	RMSE: 9.16
Epoch 435	LOSS: 20.19	MAE: 4.48	RMSE: 9.16
Epoch 436	LOSS: 20.21	MAE: 4.45	RMSE: 9.16
Epoch 437	LOSS: 20.45	MAE: 4.46	RMSE: 9.16
Epoch 438	LOSS: 20.29	MAE: 4.47	RMSE: 9.17
Epoch 439	LOSS: 20.52	MAE: 4.46	RMSE: 9.16
Epoch 440	LOSS: 20.50	MAE: 4.43	RMSE: 9.14
Epoch 441	LOSS: 20.32	MAE: 4.45	RMSE: 9.17
Epoch 442	LOSS: 20.44	MAE: 4.43	RMSE: 9.16
Epoch 443	LOSS: 20.03	MAE: 4.42	RMSE: 9.13
Epoch 444	LOSS: 20.33	MAE: 4.46	RMSE: 9.16
Epoch 445	LOSS: 20.19	MAE: 4.48	RMSE: 9.18
Epoch 446	LOSS: 20.10	MAE: 4.45	RMSE: 9.16
Epoch 447	LOSS: 20.22	MAE: 4.44	RMSE: 9.16
Epoch 448	LOSS: 20.38	MAE: 4.50	RMSE: 9.19
Epoch 449	LOSS: 20.10	MAE: 4.47	RMSE: 9.18
Epoch 450	LOSS: 20.47	MAE: 4.45	RMSE: 9.16
Epoch 451	LOSS: 20.11	MAE: 4.44	RMSE: 9.17
Epoch 452	LOSS: 20.43	MAE: 4.46	RMSE: 9.16
Epoch 453	LOSS: 20.20	MAE: 4.47	RMSE: 9.16
Epoch 454	LOSS: 20.20	MAE: 4.45	RMSE: 9.17
Epoch 455	LOSS: 20.31	MAE: 4.46	RMSE: 9.16
Epoch 456	LOSS: 20.09	MAE: 4.44	RMSE: 9.16
Epoch 457	LOSS: 20.07	MAE: 4.45	RMSE: 9.17
Epoch 458	LOSS: 20.05	MAE: 4.45	RMSE: 9.16
Epoch 459	LOSS: 20.41	MAE: 4.45	RMSE: 9.17
Epoch 460	LOSS: 20.06	MAE: 4.46	RMSE: 9.16
Epoch 461	LOSS: 20.11	MAE: 4.44	RMSE: 9.16
Epoch 462	LOSS: 20.00	MAE: 4.44	RMSE: 9.16
Epoch 463	LOSS: 19.80	MAE: 4.43	RMSE: 9.15
Epoch 464	LOSS: 19.87	MAE: 4.42	RMSE: 9.14
Epoch 465	LOSS: 20.71	MAE: 4.44	RMSE: 9.17
Epoch 466	LOSS: 20.14	MAE: 4.44	RMSE: 9.15
Epoch 467	LOSS: 20.22	MAE: 4.47	RMSE: 9.18
Epoch 468	LOSS: 20.32	MAE: 4.44	RMSE: 9.17
Epoch 469	LOSS: 20.50	MAE: 4.45	RMSE: 9.15
Epoch 470	LOSS: 19.97	MAE: 4.43	RMSE: 9.15
Epoch 471	LOSS: 20.17	MAE: 4.46	RMSE: 9.17
Epoch 472	LOSS: 20.11	MAE: 4.44	RMSE: 9.15
Epoch 473	LOSS: 20.61	MAE: 4.45	RMSE: 9.18
Epoch 474	LOSS: 20.25	MAE: 4.43	RMSE: 9.16
Epoch 475	LOSS: 20.43	MAE: 4.42	RMSE: 9.14
Epoch 476	LOSS: 20.22	MAE: 4.42	RMSE: 9.15
Epoch 477	LOSS: 20.25	MAE: 4.43	RMSE: 9.15
Epoch 478	LOSS: 19.84	MAE: 4.41	RMSE: 9.15
Epoch 479	LOSS: 20.40	MAE: 4.52	RMSE: 9.18
Epoch 480	LOSS: 20.27	MAE: 4.45	RMSE: 9.15
Epoch 481	LOSS: 19.91	MAE: 4.44	RMSE: 9.15
Epoch 482	LOSS: 20.28	MAE: 4.42	RMSE: 9.13
Epoch 483	LOSS: 20.40	MAE: 4.47	RMSE: 9.16
Epoch 484	LOSS: 20.02	MAE: 4.44	RMSE: 9.15
Epoch 485	LOSS: 20.27	MAE: 4.45	RMSE: 9.16
Epoch 486	LOSS: 19.98	MAE: 4.41	RMSE: 9.15
Epoch 487	LOSS: 20.36	MAE: 4.47	RMSE: 9.16
Epoch 488	LOSS: 19.93	MAE: 4.45	RMSE: 9.14
Epoch 489	LOSS: 20.31	MAE: 4.43	RMSE: 9.14
Epoch 490	LOSS: 19.93	MAE: 4.42	RMSE: 9.14
Epoch 491	LOSS: 20.23	MAE: 4.41	RMSE: 9.14
Epoch 492	LOSS: 19.98	MAE: 4.43	RMSE: 9.15
Epoch 493	LOSS: 19.82	MAE: 4.43	RMSE: 9.15
Epoch 494	LOSS: 19.78	MAE: 4.43	RMSE: 9.16
Epoch 495	LOSS: 20.19	MAE: 4.41	RMSE: 9.15
Epoch 496	LOSS: 20.04	MAE: 4.40	RMSE: 9.13
Epoch 497	LOSS: 20.01	MAE: 4.45	RMSE: 9.15
Epoch 498	LOSS: 20.36	MAE: 4.45	RMSE: 9.15
Epoch 499	LOSS: 20.39	MAE: 4.45	RMSE: 9.15
