Epoch 000	LOSS: 68.27	MAE: 46.34	RMSE: 59.40
Epoch 001	LOSS: 35.71	MAE: 39.03	RMSE: 52.38
Epoch 002	LOSS: 33.04	MAE: 28.56	RMSE: 44.45
Epoch 003	LOSS: 29.09	MAE: 27.57	RMSE: 43.08
Epoch 004	LOSS: 30.28	MAE: 24.63	RMSE: 38.39
Epoch 005	LOSS: 28.13	MAE: 22.42	RMSE: 36.21
Epoch 006	LOSS: 27.83	MAE: 22.55	RMSE: 36.34
Epoch 007	LOSS: 26.02	MAE: 22.46	RMSE: 36.40
Epoch 008	LOSS: 26.92	MAE: 22.17	RMSE: 36.02
Epoch 009	LOSS: 25.78	MAE: 22.14	RMSE: 35.97
Epoch 010	LOSS: 24.37	MAE: 21.60	RMSE: 35.67
Epoch 011	LOSS: 24.92	MAE: 21.10	RMSE: 35.21
Epoch 012	LOSS: 26.13	MAE: 21.59	RMSE: 35.54
Epoch 013	LOSS: 25.48	MAE: 21.00	RMSE: 35.13
Epoch 014	LOSS: 23.62	MAE: 20.84	RMSE: 35.11
Epoch 015	LOSS: 23.76	MAE: 20.88	RMSE: 35.15
Epoch 016	LOSS: 22.90	MAE: 20.69	RMSE: 35.03
Epoch 017	LOSS: 23.46	MAE: 21.03	RMSE: 35.36
Epoch 018	LOSS: 23.13	MAE: 20.85	RMSE: 35.26
Epoch 019	LOSS: 23.16	MAE: 20.80	RMSE: 35.23
Epoch 020	LOSS: 23.28	MAE: 20.90	RMSE: 35.35
Epoch 021	LOSS: 21.66	MAE: 20.70	RMSE: 35.34
Epoch 022	LOSS: 21.61	MAE: 20.62	RMSE: 35.33
Epoch 023	LOSS: 21.39	MAE: 20.55	RMSE: 35.35
Epoch 024	LOSS: 21.16	MAE: 20.13	RMSE: 35.08
Epoch 025	LOSS: 23.07	MAE: 20.66	RMSE: 35.36
Epoch 026	LOSS: 21.96	MAE: 20.41	RMSE: 35.31
Epoch 027	LOSS: 20.47	MAE: 20.26	RMSE: 35.25
Epoch 028	LOSS: 22.33	MAE: 20.51	RMSE: 35.38
Epoch 029	LOSS: 22.03	MAE: 20.29	RMSE: 35.36
Epoch 030	LOSS: 19.97	MAE: 20.21	RMSE: 35.37
Epoch 031	LOSS: 25.11	MAE: 20.74	RMSE: 35.64
Epoch 032	LOSS: 22.94	MAE: 20.50	RMSE: 35.52
Epoch 033	LOSS: 19.59	MAE: 20.03	RMSE: 35.32
Epoch 034	LOSS: 19.91	MAE: 20.25	RMSE: 35.54
Epoch 035	LOSS: 22.98	MAE: 20.57	RMSE: 35.58
Epoch 036	LOSS: 22.18	MAE: 20.52	RMSE: 35.60
Epoch 037	LOSS: 19.41	MAE: 19.98	RMSE: 35.37
Epoch 038	LOSS: 19.96	MAE: 20.13	RMSE: 35.46
Epoch 039	LOSS: 23.07	MAE: 20.67	RMSE: 35.69
Epoch 040	LOSS: 23.54	MAE: 20.70	RMSE: 35.73
Epoch 041	LOSS: 22.09	MAE: 20.42	RMSE: 35.59
Epoch 042	LOSS: 20.24	MAE: 20.05	RMSE: 35.49
Epoch 043	LOSS: 20.43	MAE: 20.22	RMSE: 35.62
Epoch 044	LOSS: 21.43	MAE: 20.67	RMSE: 35.83
Epoch 045	LOSS: 20.81	MAE: 20.30	RMSE: 35.68
Epoch 046	LOSS: 20.83	MAE: 20.40	RMSE: 35.75
Epoch 047	LOSS: 21.44	MAE: 20.49	RMSE: 35.86
Epoch 048	LOSS: 20.68	MAE: 20.13	RMSE: 35.60
Epoch 049	LOSS: 20.94	MAE: 20.12	RMSE: 35.58
Epoch 050	LOSS: 22.07	MAE: 20.52	RMSE: 35.73
Epoch 051	LOSS: 19.94	MAE: 20.22	RMSE: 35.62
Epoch 052	LOSS: 21.85	MAE: 20.47	RMSE: 35.78
Epoch 053	LOSS: 21.75	MAE: 20.48	RMSE: 35.73
Epoch 054	LOSS: 20.20	MAE: 20.22	RMSE: 35.71
Epoch 055	LOSS: 17.98	MAE: 19.94	RMSE: 35.70
Epoch 056	LOSS: 22.29	MAE: 20.49	RMSE: 35.82
Epoch 057	LOSS: 22.39	MAE: 20.65	RMSE: 35.89
Epoch 058	LOSS: 19.11	MAE: 20.23	RMSE: 35.95
Epoch 059	LOSS: 19.55	MAE: 20.09	RMSE: 35.73
Epoch 060	LOSS: 21.44	MAE: 20.29	RMSE: 35.77
Epoch 061	LOSS: 21.96	MAE: 20.44	RMSE: 35.88
Epoch 062	LOSS: 19.08	MAE: 19.98	RMSE: 35.73
Epoch 063	LOSS: 21.68	MAE: 20.52	RMSE: 35.97
Epoch 064	LOSS: 18.87	MAE: 20.09	RMSE: 35.85
Epoch 065	LOSS: 19.35	MAE: 20.33	RMSE: 35.94
Epoch 066	LOSS: 21.53	MAE: 20.73	RMSE: 36.16
Epoch 067	LOSS: 21.34	MAE: 20.61	RMSE: 36.18
Epoch 068	LOSS: 18.79	MAE: 19.97	RMSE: 35.80
Epoch 069	LOSS: 18.87	MAE: 20.11	RMSE: 35.88
Epoch 070	LOSS: 21.03	MAE: 20.59	RMSE: 36.11
Epoch 071	LOSS: 21.13	MAE: 20.68	RMSE: 36.23
Epoch 072	LOSS: 18.60	MAE: 20.18	RMSE: 36.07
Epoch 073	LOSS: 18.75	MAE: 20.27	RMSE: 36.14
Epoch 074	LOSS: 21.85	MAE: 20.61	RMSE: 36.19
Epoch 075	LOSS: 21.83	MAE: 20.50	RMSE: 36.04
Epoch 076	LOSS: 18.44	MAE: 20.18	RMSE: 36.10
Epoch 077	LOSS: 19.43	MAE: 20.29	RMSE: 36.12
Epoch 078	LOSS: 21.36	MAE: 20.56	RMSE: 36.23
Epoch 079	LOSS: 21.62	MAE: 20.70	RMSE: 36.29
Epoch 080	LOSS: 18.73	MAE: 20.28	RMSE: 36.25
Epoch 081	LOSS: 18.73	MAE: 20.43	RMSE: 36.31
Epoch 082	LOSS: 20.92	MAE: 20.86	RMSE: 36.44
Epoch 083	LOSS: 20.67	MAE: 20.64	RMSE: 36.33
Epoch 084	LOSS: 18.80	MAE: 20.39	RMSE: 36.28
Epoch 085	LOSS: 18.14	MAE: 20.23	RMSE: 36.27
Epoch 086	LOSS: 18.92	MAE: 20.37	RMSE: 36.36
Epoch 087	LOSS: 19.26	MAE: 20.45	RMSE: 36.33
Epoch 088	LOSS: 18.18	MAE: 20.36	RMSE: 36.41
Epoch 089	LOSS: 21.33	MAE: 20.88	RMSE: 36.52
Epoch 090	LOSS: 19.44	MAE: 20.50	RMSE: 36.38
Epoch 091	LOSS: 19.27	MAE: 20.48	RMSE: 36.32
Epoch 092	LOSS: 20.36	MAE: 20.47	RMSE: 36.25
Epoch 093	LOSS: 19.25	MAE: 20.43	RMSE: 36.39
Epoch 094	LOSS: 20.85	MAE: 20.96	RMSE: 36.65
Epoch 095	LOSS: 20.33	MAE: 20.75	RMSE: 36.49
Epoch 096	LOSS: 18.27	MAE: 20.14	RMSE: 36.15
Epoch 097	LOSS: 18.12	MAE: 20.60	RMSE: 36.65
Epoch 098	LOSS: 22.47	MAE: 21.13	RMSE: 36.60
Epoch 099	LOSS: 21.82	MAE: 21.04	RMSE: 36.64
Epoch 100	LOSS: 17.91	MAE: 20.40	RMSE: 36.43
Epoch 101	LOSS: 17.82	MAE: 20.45	RMSE: 36.54
Epoch 102	LOSS: 22.01	MAE: 21.25	RMSE: 36.78
Epoch 103	LOSS: 21.03	MAE: 21.18	RMSE: 36.90
Epoch 104	LOSS: 17.99	MAE: 20.49	RMSE: 36.55
Epoch 105	LOSS: 17.87	MAE: 20.56	RMSE: 36.67
Epoch 106	LOSS: 19.68	MAE: 20.97	RMSE: 36.82
Epoch 107	LOSS: 19.30	MAE: 20.69	RMSE: 36.65
Epoch 108	LOSS: 18.96	MAE: 20.79	RMSE: 36.76
Epoch 109	LOSS: 20.99	MAE: 21.10	RMSE: 36.89
Epoch 110	LOSS: 21.23	MAE: 21.19	RMSE: 36.93
Epoch 111	LOSS: 17.85	MAE: 20.55	RMSE: 36.77
Epoch 112	LOSS: 18.66	MAE: 20.79	RMSE: 36.87
Epoch 113	LOSS: 21.06	MAE: 21.35	RMSE: 37.03
Epoch 114	LOSS: 20.17	MAE: 21.05	RMSE: 36.92
Epoch 115	LOSS: 18.15	MAE: 20.76	RMSE: 36.87
Epoch 116	LOSS: 18.10	MAE: 20.71	RMSE: 36.92
Epoch 117	LOSS: 20.96	MAE: 21.28	RMSE: 37.06
Epoch 118	LOSS: 20.61	MAE: 21.13	RMSE: 36.99
Epoch 119	LOSS: 18.36	MAE: 20.78	RMSE: 36.92
Epoch 120	LOSS: 18.50	MAE: 20.87	RMSE: 36.95
Epoch 121	LOSS: 21.01	MAE: 21.27	RMSE: 36.98
Epoch 122	LOSS: 20.62	MAE: 21.23	RMSE: 37.10
Epoch 123	LOSS: 17.70	MAE: 20.72	RMSE: 36.93
Epoch 124	LOSS: 17.52	MAE: 20.66	RMSE: 36.94
Epoch 125	LOSS: 20.64	MAE: 21.23	RMSE: 37.07
Epoch 126	LOSS: 20.23	MAE: 21.14	RMSE: 37.07
Epoch 127	LOSS: 18.26	MAE: 20.75	RMSE: 36.93
Epoch 128	LOSS: 19.25	MAE: 21.06	RMSE: 37.05
Epoch 129	LOSS: 17.71	MAE: 20.71	RMSE: 36.96
Epoch 130	LOSS: 19.39	MAE: 20.93	RMSE: 36.94
Epoch 131	LOSS: 17.48	MAE: 20.58	RMSE: 36.89
Epoch 132	LOSS: 17.36	MAE: 20.71	RMSE: 36.96
Epoch 133	LOSS: 19.44	MAE: 20.97	RMSE: 37.01
Epoch 134	LOSS: 20.54	MAE: 21.21	RMSE: 37.04
Epoch 135	LOSS: 20.25	MAE: 21.19	RMSE: 37.08
Epoch 136	LOSS: 18.53	MAE: 20.75	RMSE: 36.95
Epoch 137	LOSS: 19.59	MAE: 20.96	RMSE: 36.96
Epoch 138	LOSS: 20.50	MAE: 21.29	RMSE: 37.11
Epoch 139	LOSS: 18.86	MAE: 20.94	RMSE: 37.07
Epoch 140	LOSS: 18.66	MAE: 20.77	RMSE: 36.92
Epoch 141	LOSS: 19.92	MAE: 21.35	RMSE: 37.25
Epoch 142	LOSS: 20.70	MAE: 21.38	RMSE: 37.23
Epoch 143	LOSS: 17.23	MAE: 20.71	RMSE: 37.03
Epoch 144	LOSS: 17.94	MAE: 20.53	RMSE: 36.85
Epoch 145	LOSS: 20.60	MAE: 21.16	RMSE: 37.02
Epoch 146	LOSS: 20.86	MAE: 21.16	RMSE: 37.05
Epoch 147	LOSS: 17.73	MAE: 20.74	RMSE: 36.97
Epoch 148	LOSS: 18.87	MAE: 21.06	RMSE: 37.03
Epoch 149	LOSS: 19.82	MAE: 21.17	RMSE: 37.10
Epoch 150	LOSS: 19.58	MAE: 21.13	RMSE: 37.13
Epoch 151	LOSS: 21.01	MAE: 21.42	RMSE: 37.21
Epoch 152	LOSS: 20.82	MAE: 21.34	RMSE: 37.18
Epoch 153	LOSS: 17.20	MAE: 20.69	RMSE: 37.03
Epoch 154	LOSS: 17.45	MAE: 20.67	RMSE: 36.99
Epoch 155	LOSS: 20.19	MAE: 21.19	RMSE: 37.19
Epoch 156	LOSS: 20.00	MAE: 21.21	RMSE: 37.20
Epoch 157	LOSS: 17.69	MAE: 20.84	RMSE: 37.11
Epoch 158	LOSS: 17.25	MAE: 20.76	RMSE: 37.05
Epoch 159	LOSS: 20.72	MAE: 21.41	RMSE: 37.21
Epoch 160	LOSS: 20.38	MAE: 21.33	RMSE: 37.19
Epoch 161	LOSS: 17.61	MAE: 20.83	RMSE: 37.10
Epoch 162	LOSS: 17.35	MAE: 20.88	RMSE: 37.14
Epoch 163	LOSS: 20.16	MAE: 21.35	RMSE: 37.27
Epoch 164	LOSS: 20.65	MAE: 21.35	RMSE: 37.27
Epoch 165	LOSS: 17.52	MAE: 20.79	RMSE: 37.04
Epoch 166	LOSS: 18.60	MAE: 21.08	RMSE: 37.21
Epoch 167	LOSS: 18.26	MAE: 21.09	RMSE: 37.21
Epoch 168	LOSS: 18.40	MAE: 21.07	RMSE: 37.22
Epoch 169	LOSS: 19.45	MAE: 21.09	RMSE: 37.23
Epoch 170	LOSS: 19.38	MAE: 21.20	RMSE: 37.23
Epoch 171	LOSS: 19.29	MAE: 21.25	RMSE: 37.22
Epoch 172	LOSS: 18.63	MAE: 21.28	RMSE: 37.49
Epoch 173	LOSS: 18.09	MAE: 20.64	RMSE: 36.89
Epoch 174	LOSS: 18.73	MAE: 20.97	RMSE: 37.10
Epoch 175	LOSS: 18.16	MAE: 20.86	RMSE: 37.12
Epoch 176	LOSS: 20.39	MAE: 21.11	RMSE: 37.16
Epoch 177	LOSS: 19.56	MAE: 21.19	RMSE: 37.20
Epoch 178	LOSS: 17.44	MAE: 20.77	RMSE: 37.11
Epoch 179	LOSS: 17.48	MAE: 20.81	RMSE: 37.12
Epoch 180	LOSS: 17.92	MAE: 20.87	RMSE: 37.17
Epoch 181	LOSS: 18.35	MAE: 21.17	RMSE: 37.29
Epoch 182	LOSS: 18.95	MAE: 21.16	RMSE: 37.18
Epoch 183	LOSS: 18.14	MAE: 21.00	RMSE: 37.19
Epoch 184	LOSS: 20.80	MAE: 21.35	RMSE: 37.28
Epoch 185	LOSS: 19.89	MAE: 21.25	RMSE: 37.23
Epoch 186	LOSS: 17.25	MAE: 20.89	RMSE: 37.19
Epoch 187	LOSS: 17.32	MAE: 20.85	RMSE: 37.20
Epoch 188	LOSS: 18.02	MAE: 21.00	RMSE: 37.25
Epoch 189	LOSS: 19.68	MAE: 21.33	RMSE: 37.35
Epoch 190	LOSS: 17.61	MAE: 20.90	RMSE: 37.20
Epoch 191	LOSS: 18.60	MAE: 21.17	RMSE: 37.32
Epoch 192	LOSS: 20.27	MAE: 21.30	RMSE: 37.33
Epoch 193	LOSS: 19.75	MAE: 21.30	RMSE: 37.35
Epoch 194	LOSS: 17.58	MAE: 20.94	RMSE: 37.30
Epoch 195	LOSS: 17.43	MAE: 20.89	RMSE: 37.31
Epoch 196	LOSS: 19.25	MAE: 21.23	RMSE: 37.41
Epoch 197	LOSS: 19.99	MAE: 21.29	RMSE: 37.42
Epoch 198	LOSS: 17.17	MAE: 20.84	RMSE: 37.31
Epoch 199	LOSS: 17.07	MAE: 20.92	RMSE: 37.28
Epoch 200	LOSS: 20.51	MAE: 21.49	RMSE: 37.51
Epoch 201	LOSS: 19.68	MAE: 21.24	RMSE: 37.41
Epoch 202	LOSS: 17.01	MAE: 20.83	RMSE: 37.30
Epoch 203	LOSS: 17.31	MAE: 20.90	RMSE: 37.39
Epoch 204	LOSS: 19.20	MAE: 21.30	RMSE: 37.55
Epoch 205	LOSS: 19.88	MAE: 21.45	RMSE: 37.58
Epoch 206	LOSS: 17.44	MAE: 21.02	RMSE: 37.47
Epoch 207	LOSS: 17.27	MAE: 20.98	RMSE: 37.42
Epoch 208	LOSS: 19.39	MAE: 21.23	RMSE: 37.47
Epoch 209	LOSS: 19.32	MAE: 21.27	RMSE: 37.50
Epoch 210	LOSS: 17.02	MAE: 21.00	RMSE: 37.46
Epoch 211	LOSS: 17.33	MAE: 21.07	RMSE: 37.48
Epoch 212	LOSS: 19.76	MAE: 21.46	RMSE: 37.71
Epoch 213	LOSS: 18.93	MAE: 21.30	RMSE: 37.58
Epoch 214	LOSS: 16.85	MAE: 21.07	RMSE: 37.46
Epoch 215	LOSS: 16.30	MAE: 20.89	RMSE: 37.42
Epoch 216	LOSS: 19.37	MAE: 21.31	RMSE: 37.51
Epoch 217	LOSS: 21.64	MAE: 21.82	RMSE: 37.71
Epoch 218	LOSS: 20.81	MAE: 21.73	RMSE: 37.75
Epoch 219	LOSS: 16.84	MAE: 20.97	RMSE: 37.45
Epoch 220	LOSS: 16.71	MAE: 20.99	RMSE: 37.50
Epoch 221	LOSS: 20.26	MAE: 21.63	RMSE: 37.64
Epoch 222	LOSS: 20.52	MAE: 21.71	RMSE: 37.70
Epoch 223	LOSS: 16.57	MAE: 20.93	RMSE: 37.46
Epoch 224	LOSS: 16.76	MAE: 21.00	RMSE: 37.57
Epoch 225	LOSS: 20.35	MAE: 21.51	RMSE: 37.66
Epoch 226	LOSS: 19.58	MAE: 21.43	RMSE: 37.62
Epoch 227	LOSS: 16.81	MAE: 21.03	RMSE: 37.55
Epoch 228	LOSS: 16.70	MAE: 21.03	RMSE: 37.58
Epoch 229	LOSS: 20.20	MAE: 21.65	RMSE: 37.73
Epoch 230	LOSS: 19.70	MAE: 21.63	RMSE: 37.75
Epoch 231	LOSS: 16.83	MAE: 21.01	RMSE: 37.56
Epoch 232	LOSS: 17.31	MAE: 21.16	RMSE: 37.60
Epoch 233	LOSS: 19.69	MAE: 21.43	RMSE: 37.63
Epoch 234	LOSS: 19.59	MAE: 21.56	RMSE: 37.77
Epoch 235	LOSS: 16.94	MAE: 21.17	RMSE: 37.67
Epoch 236	LOSS: 16.87	MAE: 21.11	RMSE: 37.67
Epoch 237	LOSS: 18.48	MAE: 21.31	RMSE: 37.65
Epoch 238	LOSS: 18.80	MAE: 21.46	RMSE: 37.73
Epoch 239	LOSS: 18.44	MAE: 21.49	RMSE: 37.68
Epoch 240	LOSS: 17.76	MAE: 21.19	RMSE: 37.57
Epoch 241	LOSS: 17.35	MAE: 21.25	RMSE: 37.79
Epoch 242	LOSS: 18.18	MAE: 21.27	RMSE: 37.58
Epoch 243	LOSS: 18.63	MAE: 21.47	RMSE: 37.72
Epoch 244	LOSS: 18.32	MAE: 21.26	RMSE: 37.68
Epoch 245	LOSS: 18.73	MAE: 21.35	RMSE: 37.69
Epoch 246	LOSS: 18.25	MAE: 21.28	RMSE: 37.62
Epoch 247	LOSS: 17.75	MAE: 20.93	RMSE: 37.27
Epoch 248	LOSS: 18.16	MAE: 21.39	RMSE: 37.71
Epoch 249	LOSS: 18.53	MAE: 21.31	RMSE: 37.58
Epoch 250	LOSS: 18.64	MAE: 21.44	RMSE: 37.67
Epoch 251	LOSS: 18.38	MAE: 21.53	RMSE: 37.77
Epoch 252	LOSS: 18.08	MAE: 21.34	RMSE: 37.66
Epoch 253	LOSS: 18.37	MAE: 21.39	RMSE: 37.68
Epoch 254	LOSS: 18.75	MAE: 21.32	RMSE: 37.64
Epoch 255	LOSS: 18.43	MAE: 21.48	RMSE: 37.70
Epoch 256	LOSS: 17.30	MAE: 21.13	RMSE: 37.54
Epoch 257	LOSS: 17.78	MAE: 21.12	RMSE: 37.54
Epoch 258	LOSS: 17.84	MAE: 21.26	RMSE: 37.66
Epoch 259	LOSS: 19.02	MAE: 21.43	RMSE: 37.67
Epoch 260	LOSS: 18.34	MAE: 21.30	RMSE: 37.59
Epoch 261	LOSS: 18.20	MAE: 21.10	RMSE: 37.53
Epoch 262	LOSS: 19.42	MAE: 21.24	RMSE: 37.56
Epoch 263	LOSS: 16.99	MAE: 21.00	RMSE: 37.53
Epoch 264	LOSS: 16.53	MAE: 20.95	RMSE: 37.51
Epoch 265	LOSS: 19.54	MAE: 21.47	RMSE: 37.64
Epoch 266	LOSS: 19.38	MAE: 21.46	RMSE: 37.63
Epoch 267	LOSS: 16.72	MAE: 21.14	RMSE: 37.60
Epoch 268	LOSS: 16.65	MAE: 21.04	RMSE: 37.56
Epoch 269	LOSS: 19.43	MAE: 21.54	RMSE: 37.69
Epoch 270	LOSS: 19.42	MAE: 21.55	RMSE: 37.75
Epoch 271	LOSS: 16.69	MAE: 21.03	RMSE: 37.55
Epoch 272	LOSS: 18.60	MAE: 21.31	RMSE: 37.63
Epoch 273	LOSS: 16.46	MAE: 21.01	RMSE: 37.56
Epoch 274	LOSS: 17.99	MAE: 21.37	RMSE: 37.66
Epoch 275	LOSS: 17.54	MAE: 21.05	RMSE: 37.54
Epoch 276	LOSS: 18.32	MAE: 21.30	RMSE: 37.65
Epoch 277	LOSS: 17.63	MAE: 21.42	RMSE: 37.68
Epoch 278	LOSS: 16.90	MAE: 21.06	RMSE: 37.57
Epoch 279	LOSS: 18.55	MAE: 21.40	RMSE: 37.69
Epoch 280	LOSS: 17.14	MAE: 21.02	RMSE: 37.53
Epoch 281	LOSS: 18.04	MAE: 21.28	RMSE: 37.66
Epoch 282	LOSS: 17.51	MAE: 21.08	RMSE: 37.53
Epoch 283	LOSS: 17.42	MAE: 21.26	RMSE: 37.70
Epoch 284	LOSS: 17.20	MAE: 21.15	RMSE: 37.62
Epoch 285	LOSS: 19.03	MAE: 21.40	RMSE: 37.69
Epoch 286	LOSS: 17.20	MAE: 21.16	RMSE: 37.67
Epoch 287	LOSS: 18.47	MAE: 21.31	RMSE: 37.63
Epoch 288	LOSS: 18.80	MAE: 21.50	RMSE: 37.73
Epoch 289	LOSS: 16.14	MAE: 20.98	RMSE: 37.55
Epoch 290	LOSS: 16.53	MAE: 21.12	RMSE: 37.63
Epoch 291	LOSS: 19.26	MAE: 21.63	RMSE: 37.77
Epoch 292	LOSS: 19.73	MAE: 21.72	RMSE: 37.84
Epoch 293	LOSS: 16.12	MAE: 21.10	RMSE: 37.72
Epoch 294	LOSS: 19.24	MAE: 21.48	RMSE: 37.85
Epoch 295	LOSS: 19.59	MAE: 21.44	RMSE: 37.63
Epoch 296	LOSS: 16.37	MAE: 21.06	RMSE: 37.70
Epoch 297	LOSS: 16.34	MAE: 21.13	RMSE: 37.76
Epoch 298	LOSS: 19.49	MAE: 21.53	RMSE: 37.77
Epoch 299	LOSS: 19.32	MAE: 21.57	RMSE: 37.78
Epoch 300	LOSS: 16.54	MAE: 21.15	RMSE: 37.73
Epoch 301	LOSS: 16.17	MAE: 21.10	RMSE: 37.75
Epoch 302	LOSS: 20.10	MAE: 21.69	RMSE: 37.91
Epoch 303	LOSS: 18.68	MAE: 21.39	RMSE: 37.78
Epoch 304	LOSS: 16.22	MAE: 21.13	RMSE: 37.75
Epoch 305	LOSS: 16.78	MAE: 21.26	RMSE: 37.78
Epoch 306	LOSS: 19.72	MAE: 21.87	RMSE: 37.99
Epoch 307	LOSS: 19.08	MAE: 21.68	RMSE: 37.92
Epoch 308	LOSS: 16.22	MAE: 21.18	RMSE: 37.84
Epoch 309	LOSS: 16.68	MAE: 21.25	RMSE: 37.82
Epoch 310	LOSS: 19.18	MAE: 21.55	RMSE: 37.90
Epoch 311	LOSS: 19.17	MAE: 21.67	RMSE: 37.97
Epoch 312	LOSS: 16.09	MAE: 21.13	RMSE: 37.83
Epoch 313	LOSS: 16.53	MAE: 21.26	RMSE: 37.88
Epoch 314	LOSS: 19.55	MAE: 21.76	RMSE: 38.05
Epoch 315	LOSS: 18.91	MAE: 21.66	RMSE: 38.00
Epoch 316	LOSS: 16.40	MAE: 21.26	RMSE: 37.92
Epoch 317	LOSS: 16.31	MAE: 21.18	RMSE: 37.84
Epoch 318	LOSS: 18.96	MAE: 21.61	RMSE: 37.95
Epoch 319	LOSS: 18.02	MAE: 21.53	RMSE: 37.96
Epoch 320	LOSS: 16.86	MAE: 21.28	RMSE: 37.88
Epoch 321	LOSS: 17.90	MAE: 21.45	RMSE: 37.93
Epoch 322	LOSS: 17.93	MAE: 21.42	RMSE: 37.87
Epoch 323	LOSS: 18.06	MAE: 21.45	RMSE: 37.85
Epoch 324	LOSS: 17.47	MAE: 21.27	RMSE: 37.80
Epoch 325	LOSS: 17.25	MAE: 21.37	RMSE: 37.86
Epoch 326	LOSS: 17.83	MAE: 21.38	RMSE: 37.84
Epoch 327	LOSS: 17.47	MAE: 21.47	RMSE: 37.91
Epoch 328	LOSS: 17.33	MAE: 21.32	RMSE: 37.80
Epoch 329	LOSS: 16.99	MAE: 21.29	RMSE: 37.80
Epoch 330	LOSS: 19.23	MAE: 21.80	RMSE: 37.96
Epoch 331	LOSS: 18.62	MAE: 21.54	RMSE: 37.90
Epoch 332	LOSS: 16.27	MAE: 21.25	RMSE: 37.88
Epoch 333	LOSS: 16.26	MAE: 21.20	RMSE: 37.83
Epoch 334	LOSS: 18.92	MAE: 21.58	RMSE: 37.91
Epoch 335	LOSS: 18.44	MAE: 21.55	RMSE: 37.93
Epoch 336	LOSS: 16.04	MAE: 21.23	RMSE: 37.86
Epoch 337	LOSS: 17.69	MAE: 21.44	RMSE: 37.87
Epoch 338	LOSS: 17.70	MAE: 21.45	RMSE: 37.88
Epoch 339	LOSS: 17.90	MAE: 21.41	RMSE: 37.85
Epoch 340	LOSS: 17.06	MAE: 21.27	RMSE: 37.74
Epoch 341	LOSS: 18.14	MAE: 21.43	RMSE: 37.77
Epoch 342	LOSS: 17.77	MAE: 21.58	RMSE: 37.92
Epoch 343	LOSS: 17.65	MAE: 21.33	RMSE: 37.84
Epoch 344	LOSS: 18.23	MAE: 21.39	RMSE: 37.78
Epoch 345	LOSS: 16.30	MAE: 21.19	RMSE: 37.80
Epoch 346	LOSS: 16.40	MAE: 21.19	RMSE: 37.78
Epoch 347	LOSS: 18.88	MAE: 21.58	RMSE: 37.88
Epoch 348	LOSS: 19.02	MAE: 21.56	RMSE: 37.89
Epoch 349	LOSS: 16.29	MAE: 21.19	RMSE: 37.77
Epoch 350	LOSS: 17.15	MAE: 21.39	RMSE: 37.83
Epoch 351	LOSS: 18.65	MAE: 21.43	RMSE: 37.80
Epoch 352	LOSS: 16.85	MAE: 21.26	RMSE: 37.78
Epoch 353	LOSS: 19.76	MAE: 21.61	RMSE: 37.85
Epoch 354	LOSS: 19.34	MAE: 21.73	RMSE: 37.93
Epoch 355	LOSS: 16.49	MAE: 21.28	RMSE: 37.82
Epoch 356	LOSS: 16.02	MAE: 21.29	RMSE: 37.89
Epoch 357	LOSS: 19.32	MAE: 21.52	RMSE: 37.80
Epoch 358	LOSS: 19.22	MAE: 21.54	RMSE: 37.87
Epoch 359	LOSS: 15.85	MAE: 21.05	RMSE: 37.77
Epoch 360	LOSS: 16.13	MAE: 21.16	RMSE: 37.83
Epoch 361	LOSS: 19.49	MAE: 21.74	RMSE: 37.98
Epoch 362	LOSS: 19.26	MAE: 21.66	RMSE: 37.94
Epoch 363	LOSS: 15.64	MAE: 21.09	RMSE: 37.81
Epoch 364	LOSS: 16.17	MAE: 21.21	RMSE: 37.85
Epoch 365	LOSS: 19.56	MAE: 21.78	RMSE: 38.00
Epoch 366	LOSS: 18.80	MAE: 21.60	RMSE: 37.91
Epoch 367	LOSS: 16.26	MAE: 21.25	RMSE: 37.91
Epoch 368	LOSS: 16.16	MAE: 21.18	RMSE: 37.83
Epoch 369	LOSS: 18.87	MAE: 21.67	RMSE: 37.98
Epoch 370	LOSS: 19.11	MAE: 21.68	RMSE: 38.00
Epoch 371	LOSS: 15.99	MAE: 21.19	RMSE: 37.88
Epoch 372	LOSS: 16.11	MAE: 21.10	RMSE: 37.86
Epoch 373	LOSS: 18.78	MAE: 21.55	RMSE: 37.97
Epoch 374	LOSS: 18.81	MAE: 21.69	RMSE: 38.01
Epoch 375	LOSS: 16.05	MAE: 21.14	RMSE: 37.87
Epoch 376	LOSS: 16.34	MAE: 21.29	RMSE: 37.90
Epoch 377	LOSS: 18.80	MAE: 21.63	RMSE: 38.00
Epoch 378	LOSS: 18.62	MAE: 21.63	RMSE: 37.99
Epoch 379	LOSS: 16.35	MAE: 21.31	RMSE: 37.93
Epoch 380	LOSS: 16.11	MAE: 21.29	RMSE: 37.95
Epoch 381	LOSS: 19.24	MAE: 21.81	RMSE: 38.07
Epoch 382	LOSS: 18.55	MAE: 21.67	RMSE: 38.00
Epoch 383	LOSS: 16.73	MAE: 21.34	RMSE: 37.95
Epoch 384	LOSS: 17.29	MAE: 21.39	RMSE: 37.96
Epoch 385	LOSS: 17.60	MAE: 21.50	RMSE: 37.98
Epoch 386	LOSS: 17.63	MAE: 21.47	RMSE: 37.89
Epoch 387	LOSS: 16.68	MAE: 21.33	RMSE: 37.89
Epoch 388	LOSS: 18.73	MAE: 21.65	RMSE: 37.97
Epoch 389	LOSS: 18.49	MAE: 21.46	RMSE: 37.91
Epoch 390	LOSS: 16.02	MAE: 21.13	RMSE: 37.85
Epoch 391	LOSS: 16.69	MAE: 21.32	RMSE: 37.87
Epoch 392	LOSS: 17.30	MAE: 21.48	RMSE: 37.93
Epoch 393	LOSS: 17.24	MAE: 21.36	RMSE: 37.96
Epoch 394	LOSS: 17.12	MAE: 21.28	RMSE: 37.88
Epoch 395	LOSS: 17.84	MAE: 21.40	RMSE: 37.87
Epoch 396	LOSS: 17.48	MAE: 21.30	RMSE: 37.87
Epoch 397	LOSS: 17.12	MAE: 21.30	RMSE: 37.85
Epoch 398	LOSS: 18.32	MAE: 21.55	RMSE: 37.89
Epoch 399	LOSS: 17.49	MAE: 21.47	RMSE: 37.95
Epoch 400	LOSS: 16.27	MAE: 21.29	RMSE: 37.87
Epoch 401	LOSS: 17.59	MAE: 21.40	RMSE: 37.88
Epoch 402	LOSS: 16.72	MAE: 21.33	RMSE: 37.91
Epoch 403	LOSS: 16.57	MAE: 21.39	RMSE: 37.92
Epoch 404	LOSS: 16.98	MAE: 21.30	RMSE: 37.91
Epoch 405	LOSS: 17.62	MAE: 21.39	RMSE: 37.93
Epoch 406	LOSS: 17.07	MAE: 21.38	RMSE: 37.90
Epoch 407	LOSS: 17.21	MAE: 21.41	RMSE: 38.01
Epoch 408	LOSS: 16.49	MAE: 21.30	RMSE: 37.95
Epoch 409	LOSS: 17.34	MAE: 21.41	RMSE: 37.97
Epoch 410	LOSS: 16.19	MAE: 21.25	RMSE: 37.93
Epoch 411	LOSS: 17.97	MAE: 21.66	RMSE: 38.07
Epoch 412	LOSS: 15.76	MAE: 21.21	RMSE: 37.94
Epoch 413	LOSS: 17.39	MAE: 21.39	RMSE: 37.96
Epoch 414	LOSS: 18.58	MAE: 21.66	RMSE: 37.98
Epoch 415	LOSS: 15.15	MAE: 21.03	RMSE: 37.75
Epoch 416	LOSS: 16.01	MAE: 21.17	RMSE: 37.82
Epoch 417	LOSS: 18.72	MAE: 21.56	RMSE: 37.91
Epoch 418	LOSS: 18.72	MAE: 21.60	RMSE: 37.94
Epoch 419	LOSS: 15.59	MAE: 21.28	RMSE: 37.90
Epoch 420	LOSS: 15.84	MAE: 21.24	RMSE: 37.86
Epoch 421	LOSS: 18.53	MAE: 21.48	RMSE: 37.91
Epoch 422	LOSS: 18.49	MAE: 21.53	RMSE: 37.91
Epoch 423	LOSS: 16.68	MAE: 21.34	RMSE: 37.89
Epoch 424	LOSS: 15.61	MAE: 21.17	RMSE: 37.83
Epoch 425	LOSS: 17.77	MAE: 21.43	RMSE: 37.89
Epoch 426	LOSS: 15.58	MAE: 21.17	RMSE: 37.82
Epoch 427	LOSS: 15.61	MAE: 21.05	RMSE: 37.81
Epoch 428	LOSS: 17.00	MAE: 21.20	RMSE: 37.83
Epoch 429	LOSS: 16.71	MAE: 21.30	RMSE: 37.86
Epoch 430	LOSS: 18.76	MAE: 21.53	RMSE: 37.90
Epoch 431	LOSS: 18.58	MAE: 21.52	RMSE: 37.89
Epoch 432	LOSS: 15.77	MAE: 21.21	RMSE: 37.85
Epoch 433	LOSS: 15.57	MAE: 21.16	RMSE: 37.84
Epoch 434	LOSS: 19.27	MAE: 21.72	RMSE: 37.97
Epoch 435	LOSS: 18.84	MAE: 21.74	RMSE: 38.00
Epoch 436	LOSS: 15.63	MAE: 21.23	RMSE: 37.86
Epoch 437	LOSS: 15.63	MAE: 21.22	RMSE: 37.92
Epoch 438	LOSS: 18.48	MAE: 21.41	RMSE: 37.91
Epoch 439	LOSS: 18.39	MAE: 21.61	RMSE: 38.02
Epoch 440	LOSS: 15.52	MAE: 21.13	RMSE: 37.87
Epoch 441	LOSS: 15.68	MAE: 21.12	RMSE: 37.90
Epoch 442	LOSS: 18.48	MAE: 21.63	RMSE: 38.01
Epoch 443	LOSS: 18.30	MAE: 21.65	RMSE: 38.05
Epoch 444	LOSS: 15.61	MAE: 21.27	RMSE: 37.96
Epoch 445	LOSS: 15.88	MAE: 21.27	RMSE: 37.96
Epoch 446	LOSS: 17.82	MAE: 21.62	RMSE: 38.07
Epoch 447	LOSS: 17.60	MAE: 21.55	RMSE: 38.07
Epoch 448	LOSS: 16.62	MAE: 21.35	RMSE: 37.99
Epoch 449	LOSS: 15.97	MAE: 21.33	RMSE: 37.98
Epoch 450	LOSS: 16.86	MAE: 21.44	RMSE: 37.96
Epoch 451	LOSS: 16.71	MAE: 21.24	RMSE: 37.91
Epoch 452	LOSS: 17.09	MAE: 21.48	RMSE: 37.98
Epoch 453	LOSS: 16.06	MAE: 21.25	RMSE: 37.89
Epoch 454	LOSS: 17.17	MAE: 21.35	RMSE: 37.86
Epoch 455	LOSS: 16.40	MAE: 21.15	RMSE: 37.69
Epoch 456	LOSS: 16.35	MAE: 21.29	RMSE: 37.90
Epoch 457	LOSS: 16.62	MAE: 21.33	RMSE: 37.94
Epoch 458	LOSS: 17.64	MAE: 21.47	RMSE: 37.95
Epoch 459	LOSS: 17.11	MAE: 21.18	RMSE: 37.78
Epoch 460	LOSS: 16.24	MAE: 21.25	RMSE: 37.84
Epoch 461	LOSS: 18.78	MAE: 21.38	RMSE: 37.86
Epoch 462	LOSS: 17.45	MAE: 21.26	RMSE: 37.82
Epoch 463	LOSS: 15.12	MAE: 21.06	RMSE: 37.79
Epoch 464	LOSS: 15.82	MAE: 21.09	RMSE: 37.78
Epoch 465	LOSS: 18.25	MAE: 21.43	RMSE: 37.88
Epoch 466	LOSS: 18.11	MAE: 21.33	RMSE: 37.86
Epoch 467	LOSS: 15.81	MAE: 21.14	RMSE: 37.84
Epoch 468	LOSS: 15.79	MAE: 21.13	RMSE: 37.81
Epoch 469	LOSS: 17.83	MAE: 21.58	RMSE: 37.97
Epoch 470	LOSS: 17.75	MAE: 21.38	RMSE: 37.89
Epoch 471	LOSS: 15.33	MAE: 21.09	RMSE: 37.82
Epoch 472	LOSS: 15.43	MAE: 21.10	RMSE: 37.81
Epoch 473	LOSS: 17.54	MAE: 21.47	RMSE: 37.90
Epoch 474	LOSS: 15.70	MAE: 21.12	RMSE: 37.81
Epoch 475	LOSS: 15.89	MAE: 21.09	RMSE: 37.79
Epoch 476	LOSS: 18.77	MAE: 21.39	RMSE: 37.83
Epoch 477	LOSS: 18.30	MAE: 21.49	RMSE: 37.89
Epoch 478	LOSS: 15.83	MAE: 21.06	RMSE: 37.79
Epoch 479	LOSS: 15.65	MAE: 21.08	RMSE: 37.81
Epoch 480	LOSS: 18.37	MAE: 21.46	RMSE: 37.90
Epoch 481	LOSS: 18.29	MAE: 21.47	RMSE: 37.93
Epoch 482	LOSS: 15.54	MAE: 21.18	RMSE: 37.88
Epoch 483	LOSS: 15.47	MAE: 21.15	RMSE: 37.88
Epoch 484	LOSS: 18.62	MAE: 21.66	RMSE: 37.98
Epoch 485	LOSS: 18.09	MAE: 21.42	RMSE: 37.90
Epoch 486	LOSS: 15.28	MAE: 21.03	RMSE: 37.83
Epoch 487	LOSS: 15.63	MAE: 21.08	RMSE: 37.86
Epoch 488	LOSS: 18.31	MAE: 21.55	RMSE: 37.94
Epoch 489	LOSS: 18.27	MAE: 21.57	RMSE: 37.97
Epoch 490	LOSS: 15.19	MAE: 21.04	RMSE: 37.85
Epoch 491	LOSS: 16.30	MAE: 21.32	RMSE: 37.93
Epoch 492	LOSS: 17.10	MAE: 21.35	RMSE: 37.95
Epoch 493	LOSS: 16.99	MAE: 21.46	RMSE: 37.95
Epoch 494	LOSS: 16.84	MAE: 21.13	RMSE: 37.82
Epoch 495	LOSS: 16.94	MAE: 21.26	RMSE: 37.87
Epoch 496	LOSS: 16.12	MAE: 21.08	RMSE: 37.80
Epoch 497	LOSS: 16.48	MAE: 21.31	RMSE: 37.89
Epoch 498	LOSS: 16.86	MAE: 21.08	RMSE: 37.75
Epoch 499	LOSS: 16.33	MAE: 21.23	RMSE: 37.87
