Epoch 000	LOSS: 139.15	MAE: 73.09	RMSE: 86.10
Epoch 001	LOSS: 134.04	MAE: 72.15	RMSE: 85.28
Epoch 002	LOSS: 118.16	MAE: 66.79	RMSE: 80.46
Epoch 003	LOSS: 90.89	MAE: 61.87	RMSE: 75.04
Epoch 004	LOSS: 66.65	MAE: 55.66	RMSE: 69.01
Epoch 005	LOSS: 54.60	MAE: 52.58	RMSE: 66.78
Epoch 006	LOSS: 41.53	MAE: 50.85	RMSE: 66.03
Epoch 007	LOSS: 32.37	MAE: 46.20	RMSE: 62.05
Epoch 008	LOSS: 28.04	MAE: 43.34	RMSE: 58.75
Epoch 009	LOSS: 27.08	MAE: 41.18	RMSE: 55.82
Epoch 010	LOSS: 26.37	MAE: 42.19	RMSE: 57.46
Epoch 011	LOSS: 26.30	MAE: 42.22	RMSE: 57.60
Epoch 012	LOSS: 26.18	MAE: 40.65	RMSE: 55.22
Epoch 013	LOSS: 25.85	MAE: 38.95	RMSE: 52.16
Epoch 014	LOSS: 25.62	MAE: 36.45	RMSE: 48.14
Epoch 015	LOSS: 25.55	MAE: 30.44	RMSE: 38.20
Epoch 016	LOSS: 25.45	MAE: 30.86	RMSE: 38.69
Epoch 017	LOSS: 25.23	MAE: 30.82	RMSE: 38.79
Epoch 018	LOSS: 24.69	MAE: 32.88	RMSE: 42.01
Epoch 019	LOSS: 24.25	MAE: 32.65	RMSE: 41.75
Epoch 020	LOSS: 24.31	MAE: 33.17	RMSE: 42.58
Epoch 021	LOSS: 24.22	MAE: 32.74	RMSE: 41.98
Epoch 022	LOSS: 23.83	MAE: 33.77	RMSE: 43.64
Epoch 023	LOSS: 23.92	MAE: 33.79	RMSE: 43.69
Epoch 024	LOSS: 23.80	MAE: 30.98	RMSE: 39.06
Epoch 025	LOSS: 23.43	MAE: 29.98	RMSE: 37.64
Epoch 026	LOSS: 23.25	MAE: 29.22	RMSE: 37.20
Epoch 027	LOSS: 23.05	MAE: 29.22	RMSE: 37.40
Epoch 028	LOSS: 23.11	MAE: 29.59	RMSE: 37.27
Epoch 029	LOSS: 23.09	MAE: 29.17	RMSE: 37.18
Epoch 030	LOSS: 23.15	MAE: 29.27	RMSE: 37.07
Epoch 031	LOSS: 22.72	MAE: 29.39	RMSE: 37.13
Epoch 032	LOSS: 22.82	MAE: 29.69	RMSE: 37.29
Epoch 033	LOSS: 22.59	MAE: 29.46	RMSE: 37.09
Epoch 034	LOSS: 22.81	MAE: 29.38	RMSE: 37.07
Epoch 035	LOSS: 22.57	MAE: 28.98	RMSE: 37.18
Epoch 036	LOSS: 22.83	MAE: 28.78	RMSE: 37.28
Epoch 037	LOSS: 22.76	MAE: 28.85	RMSE: 37.92
Epoch 038	LOSS: 22.19	MAE: 28.88	RMSE: 38.09
Epoch 039	LOSS: 22.26	MAE: 28.91	RMSE: 37.64
Epoch 040	LOSS: 22.18	MAE: 28.85	RMSE: 37.89
Epoch 041	LOSS: 22.10	MAE: 29.02	RMSE: 38.11
Epoch 042	LOSS: 22.08	MAE: 28.94	RMSE: 38.24
Epoch 043	LOSS: 22.55	MAE: 28.82	RMSE: 37.47
Epoch 044	LOSS: 22.03	MAE: 28.79	RMSE: 37.41
Epoch 045	LOSS: 21.87	MAE: 28.65	RMSE: 36.90
Epoch 046	LOSS: 21.70	MAE: 28.56	RMSE: 36.91
Epoch 047	LOSS: 21.65	MAE: 28.82	RMSE: 36.66
Epoch 048	LOSS: 21.47	MAE: 28.84	RMSE: 36.71
Epoch 049	LOSS: 21.80	MAE: 28.84	RMSE: 36.75
Epoch 050	LOSS: 21.46	MAE: 28.96	RMSE: 36.76
Epoch 051	LOSS: 21.87	MAE: 28.86	RMSE: 36.89
Epoch 052	LOSS: 21.36	MAE: 29.01	RMSE: 36.73
Epoch 053	LOSS: 21.35	MAE: 28.65	RMSE: 36.67
Epoch 054	LOSS: 21.28	MAE: 28.94	RMSE: 36.60
Epoch 055	LOSS: 21.03	MAE: 28.62	RMSE: 36.63
Epoch 056	LOSS: 20.99	MAE: 28.88	RMSE: 36.68
Epoch 057	LOSS: 20.83	MAE: 29.12	RMSE: 36.74
Epoch 058	LOSS: 20.73	MAE: 28.70	RMSE: 36.66
Epoch 059	LOSS: 21.29	MAE: 28.55	RMSE: 36.77
Epoch 060	LOSS: 20.55	MAE: 28.58	RMSE: 36.69
Epoch 061	LOSS: 20.50	MAE: 28.57	RMSE: 36.80
Epoch 062	LOSS: 20.64	MAE: 28.52	RMSE: 36.66
Epoch 063	LOSS: 20.25	MAE: 28.48	RMSE: 36.55
Epoch 064	LOSS: 20.33	MAE: 28.48	RMSE: 36.51
Epoch 065	LOSS: 20.06	MAE: 28.14	RMSE: 36.65
Epoch 066	LOSS: 20.15	MAE: 28.27	RMSE: 36.22
Epoch 067	LOSS: 19.96	MAE: 28.14	RMSE: 36.14
Epoch 068	LOSS: 19.84	MAE: 28.06	RMSE: 36.18
Epoch 069	LOSS: 19.74	MAE: 28.05	RMSE: 36.19
Epoch 070	LOSS: 19.78	MAE: 28.00	RMSE: 36.92
Epoch 071	LOSS: 19.61	MAE: 28.04	RMSE: 36.18
Epoch 072	LOSS: 19.55	MAE: 28.28	RMSE: 36.40
Epoch 073	LOSS: 19.46	MAE: 28.37	RMSE: 36.17
Epoch 074	LOSS: 19.23	MAE: 28.31	RMSE: 36.11
Epoch 075	LOSS: 19.23	MAE: 28.60	RMSE: 36.35
Epoch 076	LOSS: 18.99	MAE: 28.36	RMSE: 36.17
Epoch 077	LOSS: 18.76	MAE: 28.21	RMSE: 36.11
Epoch 078	LOSS: 19.12	MAE: 28.15	RMSE: 36.19
Epoch 079	LOSS: 18.71	MAE: 28.75	RMSE: 36.44
Epoch 080	LOSS: 18.58	MAE: 28.15	RMSE: 36.11
Epoch 081	LOSS: 18.70	MAE: 27.99	RMSE: 36.22
Epoch 082	LOSS: 18.47	MAE: 27.92	RMSE: 35.95
Epoch 083	LOSS: 18.24	MAE: 27.96	RMSE: 35.88
Epoch 084	LOSS: 18.23	MAE: 27.96	RMSE: 35.87
Epoch 085	LOSS: 18.11	MAE: 27.94	RMSE: 35.87
Epoch 086	LOSS: 18.26	MAE: 27.96	RMSE: 35.90
Epoch 087	LOSS: 17.95	MAE: 27.89	RMSE: 35.92
Epoch 088	LOSS: 18.18	MAE: 27.73	RMSE: 36.01
Epoch 089	LOSS: 18.01	MAE: 27.74	RMSE: 36.11
Epoch 090	LOSS: 17.87	MAE: 27.86	RMSE: 35.93
Epoch 091	LOSS: 17.93	MAE: 27.75	RMSE: 35.91
Epoch 092	LOSS: 17.80	MAE: 27.79	RMSE: 35.97
Epoch 093	LOSS: 17.84	MAE: 27.90	RMSE: 35.91
Epoch 094	LOSS: 17.78	MAE: 27.91	RMSE: 35.93
Epoch 095	LOSS: 17.72	MAE: 27.89	RMSE: 35.91
Epoch 096	LOSS: 17.67	MAE: 28.03	RMSE: 35.98
Epoch 097	LOSS: 17.58	MAE: 28.01	RMSE: 35.96
Epoch 098	LOSS: 17.78	MAE: 27.96	RMSE: 35.92
Epoch 099	LOSS: 17.58	MAE: 27.86	RMSE: 35.91
Epoch 100	LOSS: 17.52	MAE: 27.72	RMSE: 35.93
Epoch 101	LOSS: 17.60	MAE: 27.83	RMSE: 35.87
Epoch 102	LOSS: 17.47	MAE: 27.74	RMSE: 36.17
Epoch 103	LOSS: 17.47	MAE: 27.81	RMSE: 35.99
Epoch 104	LOSS: 17.37	MAE: 27.82	RMSE: 36.09
Epoch 105	LOSS: 17.82	MAE: 27.80	RMSE: 36.03
Epoch 106	LOSS: 17.60	MAE: 27.73	RMSE: 35.87
Epoch 107	LOSS: 17.30	MAE: 27.79	RMSE: 35.98
Epoch 108	LOSS: 17.22	MAE: 27.68	RMSE: 35.98
Epoch 109	LOSS: 17.26	MAE: 27.81	RMSE: 35.98
Epoch 110	LOSS: 17.25	MAE: 27.69	RMSE: 35.99
Epoch 111	LOSS: 17.11	MAE: 27.70	RMSE: 35.96
Epoch 112	LOSS: 17.10	MAE: 27.67	RMSE: 36.03
Epoch 113	LOSS: 17.11	MAE: 27.51	RMSE: 36.41
Epoch 114	LOSS: 17.05	MAE: 27.30	RMSE: 36.65
Epoch 115	LOSS: 17.20	MAE: 27.12	RMSE: 36.12
Epoch 116	LOSS: 17.03	MAE: 27.12	RMSE: 35.83
Epoch 117	LOSS: 16.97	MAE: 26.98	RMSE: 35.78
Epoch 118	LOSS: 16.86	MAE: 27.07	RMSE: 35.53
Epoch 119	LOSS: 17.04	MAE: 27.27	RMSE: 35.55
Epoch 120	LOSS: 17.16	MAE: 27.21	RMSE: 35.65
Epoch 121	LOSS: 16.84	MAE: 27.28	RMSE: 35.64
Epoch 122	LOSS: 16.76	MAE: 27.19	RMSE: 35.87
Epoch 123	LOSS: 16.67	MAE: 27.30	RMSE: 35.73
Epoch 124	LOSS: 16.73	MAE: 27.27	RMSE: 35.88
Epoch 125	LOSS: 16.72	MAE: 27.29	RMSE: 35.85
Epoch 126	LOSS: 16.62	MAE: 27.31	RMSE: 35.78
Epoch 127	LOSS: 16.58	MAE: 27.30	RMSE: 35.93
Epoch 128	LOSS: 16.44	MAE: 27.42	RMSE: 35.83
Epoch 129	LOSS: 16.61	MAE: 27.38	RMSE: 35.89
Epoch 130	LOSS: 16.58	MAE: 27.45	RMSE: 35.89
Epoch 131	LOSS: 16.90	MAE: 27.45	RMSE: 36.10
Epoch 132	LOSS: 16.54	MAE: 27.46	RMSE: 35.93
Epoch 133	LOSS: 16.44	MAE: 27.39	RMSE: 36.09
Epoch 134	LOSS: 16.43	MAE: 27.40	RMSE: 36.07
Epoch 135	LOSS: 16.37	MAE: 27.33	RMSE: 36.32
Epoch 136	LOSS: 16.72	MAE: 27.26	RMSE: 35.68
Epoch 137	LOSS: 16.31	MAE: 27.25	RMSE: 35.90
Epoch 138	LOSS: 16.45	MAE: 27.25	RMSE: 35.89
Epoch 139	LOSS: 16.49	MAE: 27.33	RMSE: 35.84
Epoch 140	LOSS: 16.33	MAE: 27.29	RMSE: 35.76
Epoch 141	LOSS: 16.33	MAE: 27.27	RMSE: 35.95
Epoch 142	LOSS: 16.61	MAE: 27.42	RMSE: 35.75
Epoch 143	LOSS: 16.34	MAE: 27.48	RMSE: 35.75
Epoch 144	LOSS: 16.19	MAE: 27.39	RMSE: 35.75
Epoch 145	LOSS: 16.18	MAE: 27.35	RMSE: 35.73
Epoch 146	LOSS: 16.16	MAE: 27.30	RMSE: 35.83
Epoch 147	LOSS: 16.20	MAE: 27.24	RMSE: 36.05
Epoch 148	LOSS: 16.36	MAE: 27.28	RMSE: 36.01
Epoch 149	LOSS: 16.27	MAE: 27.27	RMSE: 36.06
Epoch 150	LOSS: 16.27	MAE: 27.27	RMSE: 36.13
Epoch 151	LOSS: 16.22	MAE: 27.36	RMSE: 35.94
Epoch 152	LOSS: 16.17	MAE: 27.35	RMSE: 35.93
Epoch 153	LOSS: 16.18	MAE: 27.44	RMSE: 35.80
Epoch 154	LOSS: 16.18	MAE: 27.46	RMSE: 35.73
Epoch 155	LOSS: 16.11	MAE: 27.34	RMSE: 35.77
Epoch 156	LOSS: 16.04	MAE: 27.45	RMSE: 35.82
Epoch 157	LOSS: 16.21	MAE: 27.42	RMSE: 35.93
Epoch 158	LOSS: 16.46	MAE: 27.55	RMSE: 35.84
Epoch 159	LOSS: 16.18	MAE: 27.33	RMSE: 35.81
Epoch 160	LOSS: 16.14	MAE: 27.27	RMSE: 35.90
Epoch 161	LOSS: 16.05	MAE: 27.31	RMSE: 35.96
Epoch 162	LOSS: 16.20	MAE: 27.31	RMSE: 36.03
Epoch 163	LOSS: 16.16	MAE: 27.30	RMSE: 35.96
Epoch 164	LOSS: 16.19	MAE: 27.45	RMSE: 35.85
Epoch 165	LOSS: 16.32	MAE: 27.76	RMSE: 35.83
Epoch 166	LOSS: 16.16	MAE: 27.70	RMSE: 35.76
Epoch 167	LOSS: 16.06	MAE: 27.17	RMSE: 35.80
Epoch 168	LOSS: 16.05	MAE: 27.26	RMSE: 35.50
Epoch 169	LOSS: 16.00	MAE: 27.28	RMSE: 35.51
Epoch 170	LOSS: 16.00	MAE: 27.40	RMSE: 35.58
Epoch 171	LOSS: 16.45	MAE: 27.50	RMSE: 35.63
Epoch 172	LOSS: 16.32	MAE: 27.36	RMSE: 35.47
Epoch 173	LOSS: 16.41	MAE: 27.13	RMSE: 35.50
Epoch 174	LOSS: 16.82	MAE: 27.24	RMSE: 35.45
Epoch 175	LOSS: 16.08	MAE: 27.12	RMSE: 35.39
Epoch 176	LOSS: 15.96	MAE: 27.12	RMSE: 35.44
Epoch 177	LOSS: 16.07	MAE: 27.31	RMSE: 35.57
Epoch 178	LOSS: 15.97	MAE: 27.24	RMSE: 35.49
Epoch 179	LOSS: 15.97	MAE: 27.25	RMSE: 35.50
Epoch 180	LOSS: 15.97	MAE: 27.33	RMSE: 35.49
Epoch 181	LOSS: 15.92	MAE: 27.32	RMSE: 35.50
Epoch 182	LOSS: 16.07	MAE: 27.37	RMSE: 35.52
Epoch 183	LOSS: 15.95	MAE: 27.31	RMSE: 35.51
Epoch 184	LOSS: 16.05	MAE: 27.28	RMSE: 35.63
Epoch 185	LOSS: 15.80	MAE: 27.36	RMSE: 35.53
Epoch 186	LOSS: 16.02	MAE: 27.27	RMSE: 35.52
Epoch 187	LOSS: 15.87	MAE: 27.35	RMSE: 35.53
Epoch 188	LOSS: 15.84	MAE: 27.33	RMSE: 35.59
Epoch 189	LOSS: 15.76	MAE: 27.24	RMSE: 35.58
Epoch 190	LOSS: 15.78	MAE: 27.30	RMSE: 35.59
Epoch 191	LOSS: 15.79	MAE: 27.34	RMSE: 35.62
Epoch 192	LOSS: 15.82	MAE: 27.29	RMSE: 35.66
Epoch 193	LOSS: 15.75	MAE: 27.45	RMSE: 35.65
Epoch 194	LOSS: 15.91	MAE: 27.32	RMSE: 35.68
Epoch 195	LOSS: 15.87	MAE: 27.30	RMSE: 35.65
Epoch 196	LOSS: 15.82	MAE: 27.29	RMSE: 35.71
Epoch 197	LOSS: 15.84	MAE: 27.22	RMSE: 35.63
Epoch 198	LOSS: 15.76	MAE: 27.19	RMSE: 35.70
Epoch 199	LOSS: 15.74	MAE: 27.22	RMSE: 35.71
Epoch 200	LOSS: 15.82	MAE: 27.22	RMSE: 35.74
Epoch 201	LOSS: 15.71	MAE: 27.27	RMSE: 35.75
Epoch 202	LOSS: 15.73	MAE: 27.27	RMSE: 35.72
Epoch 203	LOSS: 15.73	MAE: 27.27	RMSE: 35.83
Epoch 204	LOSS: 15.76	MAE: 27.33	RMSE: 35.77
Epoch 205	LOSS: 15.72	MAE: 27.26	RMSE: 35.81
Epoch 206	LOSS: 15.71	MAE: 27.28	RMSE: 35.79
Epoch 207	LOSS: 15.66	MAE: 27.30	RMSE: 35.83
Epoch 208	LOSS: 15.68	MAE: 27.21	RMSE: 35.87
Epoch 209	LOSS: 15.66	MAE: 27.24	RMSE: 35.96
Epoch 210	LOSS: 15.66	MAE: 27.22	RMSE: 35.90
Epoch 211	LOSS: 15.69	MAE: 27.22	RMSE: 35.96
Epoch 212	LOSS: 15.63	MAE: 27.32	RMSE: 35.93
Epoch 213	LOSS: 15.74	MAE: 27.32	RMSE: 35.96
Epoch 214	LOSS: 15.67	MAE: 27.24	RMSE: 35.92
Epoch 215	LOSS: 15.68	MAE: 27.37	RMSE: 35.90
Epoch 216	LOSS: 15.59	MAE: 27.29	RMSE: 35.96
Epoch 217	LOSS: 15.62	MAE: 27.31	RMSE: 35.88
Epoch 218	LOSS: 15.57	MAE: 27.31	RMSE: 35.85
Epoch 219	LOSS: 15.57	MAE: 27.22	RMSE: 35.95
Epoch 220	LOSS: 15.59	MAE: 27.37	RMSE: 35.83
Epoch 221	LOSS: 15.53	MAE: 27.32	RMSE: 35.87
Epoch 222	LOSS: 15.60	MAE: 27.26	RMSE: 35.96
Epoch 223	LOSS: 15.56	MAE: 27.21	RMSE: 35.96
Epoch 224	LOSS: 15.56	MAE: 27.24	RMSE: 36.12
Epoch 225	LOSS: 15.49	MAE: 27.26	RMSE: 36.06
Epoch 226	LOSS: 15.54	MAE: 27.23	RMSE: 36.01
Epoch 227	LOSS: 15.56	MAE: 27.26	RMSE: 35.91
Epoch 228	LOSS: 15.88	MAE: 27.20	RMSE: 36.13
Epoch 229	LOSS: 15.65	MAE: 27.23	RMSE: 35.88
Epoch 230	LOSS: 15.48	MAE: 27.28	RMSE: 35.75
Epoch 231	LOSS: 15.55	MAE: 27.24	RMSE: 35.80
Epoch 232	LOSS: 15.51	MAE: 27.15	RMSE: 35.96
Epoch 233	LOSS: 15.46	MAE: 27.28	RMSE: 35.84
Epoch 234	LOSS: 15.44	MAE: 27.22	RMSE: 35.95
Epoch 235	LOSS: 15.48	MAE: 27.25	RMSE: 35.81
Epoch 236	LOSS: 15.45	MAE: 27.21	RMSE: 35.99
Epoch 237	LOSS: 15.38	MAE: 27.21	RMSE: 36.08
Epoch 238	LOSS: 15.53	MAE: 27.24	RMSE: 35.93
Epoch 239	LOSS: 15.52	MAE: 27.23	RMSE: 36.07
Epoch 240	LOSS: 15.48	MAE: 27.25	RMSE: 35.89
Epoch 241	LOSS: 15.69	MAE: 27.25	RMSE: 35.95
Epoch 242	LOSS: 15.60	MAE: 27.24	RMSE: 36.14
Epoch 243	LOSS: 15.44	MAE: 27.22	RMSE: 36.09
Epoch 244	LOSS: 15.34	MAE: 27.18	RMSE: 35.90
Epoch 245	LOSS: 15.47	MAE: 27.27	RMSE: 35.91
Epoch 246	LOSS: 15.43	MAE: 27.28	RMSE: 35.91
Epoch 247	LOSS: 15.41	MAE: 27.22	RMSE: 36.10
Epoch 248	LOSS: 15.43	MAE: 27.33	RMSE: 35.98
Epoch 249	LOSS: 15.45	MAE: 27.22	RMSE: 36.02
Epoch 250	LOSS: 15.33	MAE: 27.23	RMSE: 35.96
Epoch 251	LOSS: 15.38	MAE: 27.18	RMSE: 36.17
Epoch 252	LOSS: 15.45	MAE: 27.17	RMSE: 35.93
Epoch 253	LOSS: 15.29	MAE: 27.14	RMSE: 35.84
Epoch 254	LOSS: 15.38	MAE: 27.29	RMSE: 35.80
Epoch 255	LOSS: 15.38	MAE: 27.41	RMSE: 35.71
Epoch 256	LOSS: 15.48	MAE: 27.39	RMSE: 35.72
Epoch 257	LOSS: 15.36	MAE: 27.32	RMSE: 35.78
Epoch 258	LOSS: 15.38	MAE: 27.27	RMSE: 35.77
Epoch 259	LOSS: 15.41	MAE: 27.20	RMSE: 35.66
Epoch 260	LOSS: 15.33	MAE: 27.13	RMSE: 35.75
Epoch 261	LOSS: 15.36	MAE: 27.09	RMSE: 35.69
Epoch 262	LOSS: 15.35	MAE: 27.13	RMSE: 35.70
Epoch 263	LOSS: 15.26	MAE: 27.09	RMSE: 35.72
Epoch 264	LOSS: 15.38	MAE: 27.18	RMSE: 35.79
Epoch 265	LOSS: 15.27	MAE: 27.07	RMSE: 35.79
Epoch 266	LOSS: 15.33	MAE: 27.07	RMSE: 35.75
Epoch 267	LOSS: 15.28	MAE: 27.12	RMSE: 35.77
Epoch 268	LOSS: 15.35	MAE: 27.07	RMSE: 35.92
Epoch 269	LOSS: 15.26	MAE: 27.08	RMSE: 35.95
Epoch 270	LOSS: 15.22	MAE: 27.15	RMSE: 36.06
Epoch 271	LOSS: 15.30	MAE: 27.18	RMSE: 35.90
Epoch 272	LOSS: 15.46	MAE: 27.18	RMSE: 35.96
Epoch 273	LOSS: 15.38	MAE: 27.20	RMSE: 35.85
Epoch 274	LOSS: 15.31	MAE: 27.18	RMSE: 35.93
Epoch 275	LOSS: 15.60	MAE: 27.27	RMSE: 35.83
Epoch 276	LOSS: 15.24	MAE: 27.16	RMSE: 35.87
Epoch 277	LOSS: 15.27	MAE: 27.13	RMSE: 35.96
Epoch 278	LOSS: 15.22	MAE: 27.17	RMSE: 35.85
Epoch 279	LOSS: 15.18	MAE: 27.10	RMSE: 36.48
Epoch 280	LOSS: 15.22	MAE: 27.16	RMSE: 35.99
Epoch 281	LOSS: 15.16	MAE: 27.18	RMSE: 36.31
Epoch 282	LOSS: 15.46	MAE: 27.21	RMSE: 35.95
Epoch 283	LOSS: 15.57	MAE: 27.31	RMSE: 35.94
Epoch 284	LOSS: 15.46	MAE: 27.16	RMSE: 36.16
Epoch 285	LOSS: 15.20	MAE: 27.12	RMSE: 35.96
Epoch 286	LOSS: 15.59	MAE: 27.19	RMSE: 35.84
Epoch 287	LOSS: 15.55	MAE: 27.19	RMSE: 35.89
Epoch 288	LOSS: 15.16	MAE: 27.00	RMSE: 35.85
Epoch 289	LOSS: 15.23	MAE: 26.70	RMSE: 35.70
Epoch 290	LOSS: 15.15	MAE: 26.84	RMSE: 35.61
Epoch 291	LOSS: 15.16	MAE: 26.86	RMSE: 35.86
Epoch 292	LOSS: 15.20	MAE: 26.97	RMSE: 35.68
Epoch 293	LOSS: 15.22	MAE: 26.96	RMSE: 35.95
Epoch 294	LOSS: 15.25	MAE: 26.97	RMSE: 35.66
Epoch 295	LOSS: 15.26	MAE: 26.99	RMSE: 35.76
Epoch 296	LOSS: 15.47	MAE: 27.01	RMSE: 35.77
Epoch 297	LOSS: 15.12	MAE: 26.92	RMSE: 35.76
Epoch 298	LOSS: 15.18	MAE: 27.02	RMSE: 35.97
Epoch 299	LOSS: 15.09	MAE: 27.08	RMSE: 35.78
Epoch 300	LOSS: 15.13	MAE: 27.02	RMSE: 35.96
Epoch 301	LOSS: 15.09	MAE: 27.01	RMSE: 35.89
Epoch 302	LOSS: 15.16	MAE: 27.03	RMSE: 35.91
Epoch 303	LOSS: 15.15	MAE: 27.02	RMSE: 35.91
Epoch 304	LOSS: 15.25	MAE: 26.94	RMSE: 35.99
Epoch 305	LOSS: 15.10	MAE: 26.88	RMSE: 35.79
Epoch 306	LOSS: 15.07	MAE: 26.83	RMSE: 36.27
Epoch 307	LOSS: 15.11	MAE: 26.92	RMSE: 36.23
Epoch 308	LOSS: 15.20	MAE: 26.87	RMSE: 36.36
Epoch 309	LOSS: 15.07	MAE: 26.89	RMSE: 36.01
Epoch 310	LOSS: 15.13	MAE: 26.97	RMSE: 36.38
Epoch 311	LOSS: 15.25	MAE: 26.95	RMSE: 36.24
Epoch 312	LOSS: 15.07	MAE: 26.78	RMSE: 36.28
Epoch 313	LOSS: 15.05	MAE: 26.70	RMSE: 35.91
Epoch 314	LOSS: 15.22	MAE: 26.83	RMSE: 35.92
Epoch 315	LOSS: 15.04	MAE: 26.78	RMSE: 35.88
Epoch 316	LOSS: 15.09	MAE: 26.81	RMSE: 35.94
Epoch 317	LOSS: 15.44	MAE: 26.85	RMSE: 35.73
Epoch 318	LOSS: 15.02	MAE: 26.80	RMSE: 35.86
Epoch 319	LOSS: 15.05	MAE: 26.79	RMSE: 35.85
Epoch 320	LOSS: 15.07	MAE: 26.86	RMSE: 35.99
Epoch 321	LOSS: 15.17	MAE: 26.90	RMSE: 36.26
Epoch 322	LOSS: 15.10	MAE: 26.90	RMSE: 35.77
Epoch 323	LOSS: 15.09	MAE: 26.93	RMSE: 36.47
Epoch 324	LOSS: 15.15	MAE: 27.02	RMSE: 35.67
Epoch 325	LOSS: 15.08	MAE: 27.17	RMSE: 35.73
Epoch 326	LOSS: 15.12	MAE: 27.00	RMSE: 35.83
Epoch 327	LOSS: 15.38	MAE: 26.99	RMSE: 35.80
Epoch 328	LOSS: 15.33	MAE: 27.07	RMSE: 35.63
Epoch 329	LOSS: 15.14	MAE: 27.04	RMSE: 35.63
Epoch 330	LOSS: 15.17	MAE: 27.03	RMSE: 35.68
Epoch 331	LOSS: 15.00	MAE: 26.95	RMSE: 35.80
Epoch 332	LOSS: 15.09	MAE: 26.92	RMSE: 35.91
Epoch 333	LOSS: 15.34	MAE: 26.92	RMSE: 36.13
Epoch 334	LOSS: 15.05	MAE: 26.99	RMSE: 36.27
Epoch 335	LOSS: 14.96	MAE: 26.93	RMSE: 36.20
Epoch 336	LOSS: 15.12	MAE: 26.99	RMSE: 36.11
Epoch 337	LOSS: 15.03	MAE: 27.00	RMSE: 36.14
Epoch 338	LOSS: 15.09	MAE: 26.97	RMSE: 36.12
Epoch 339	LOSS: 14.91	MAE: 27.00	RMSE: 35.75
Epoch 340	LOSS: 14.89	MAE: 26.96	RMSE: 35.80
Epoch 341	LOSS: 15.03	MAE: 26.99	RMSE: 35.80
Epoch 342	LOSS: 14.98	MAE: 27.04	RMSE: 35.77
Epoch 343	LOSS: 15.06	MAE: 27.03	RMSE: 35.76
Epoch 344	LOSS: 15.05	MAE: 27.07	RMSE: 35.70
Epoch 345	LOSS: 14.90	MAE: 27.01	RMSE: 35.86
Epoch 346	LOSS: 14.95	MAE: 27.05	RMSE: 35.81
Epoch 347	LOSS: 14.92	MAE: 27.06	RMSE: 35.89
Epoch 348	LOSS: 14.89	MAE: 27.07	RMSE: 35.86
Epoch 349	LOSS: 14.94	MAE: 27.09	RMSE: 35.94
Epoch 350	LOSS: 14.96	MAE: 27.07	RMSE: 35.82
Epoch 351	LOSS: 15.00	MAE: 27.12	RMSE: 35.86
Epoch 352	LOSS: 14.91	MAE: 27.20	RMSE: 35.74
Epoch 353	LOSS: 15.08	MAE: 27.27	RMSE: 35.72
Epoch 354	LOSS: 14.90	MAE: 27.20	RMSE: 35.77
Epoch 355	LOSS: 14.94	MAE: 27.11	RMSE: 35.74
Epoch 356	LOSS: 14.98	MAE: 27.16	RMSE: 35.76
Epoch 357	LOSS: 14.98	MAE: 27.13	RMSE: 35.80
Epoch 358	LOSS: 14.99	MAE: 27.19	RMSE: 35.80
Epoch 359	LOSS: 14.97	MAE: 27.21	RMSE: 35.71
Epoch 360	LOSS: 14.96	MAE: 27.01	RMSE: 36.12
Epoch 361	LOSS: 15.45	MAE: 27.18	RMSE: 35.95
Epoch 362	LOSS: 15.09	MAE: 27.17	RMSE: 35.97
Epoch 363	LOSS: 15.00	MAE: 27.11	RMSE: 36.10
Epoch 364	LOSS: 14.97	MAE: 27.08	RMSE: 36.04
Epoch 365	LOSS: 14.95	MAE: 27.13	RMSE: 36.12
Epoch 366	LOSS: 14.93	MAE: 27.12	RMSE: 36.26
Epoch 367	LOSS: 14.88	MAE: 27.08	RMSE: 36.31
Epoch 368	LOSS: 14.84	MAE: 27.07	RMSE: 36.17
Epoch 369	LOSS: 14.97	MAE: 27.09	RMSE: 36.09
Epoch 370	LOSS: 14.84	MAE: 27.12	RMSE: 35.93
Epoch 371	LOSS: 14.98	MAE: 27.13	RMSE: 35.91
Epoch 372	LOSS: 14.88	MAE: 27.21	RMSE: 35.91
Epoch 373	LOSS: 14.94	MAE: 27.10	RMSE: 36.10
Epoch 374	LOSS: 14.78	MAE: 27.15	RMSE: 35.94
Epoch 375	LOSS: 15.00	MAE: 27.23	RMSE: 36.11
Epoch 376	LOSS: 14.84	MAE: 27.13	RMSE: 36.26
Epoch 377	LOSS: 14.73	MAE: 27.13	RMSE: 36.28
Epoch 378	LOSS: 14.95	MAE: 27.19	RMSE: 36.32
Epoch 379	LOSS: 14.86	MAE: 27.18	RMSE: 36.43
Epoch 380	LOSS: 14.88	MAE: 27.18	RMSE: 36.24
Epoch 381	LOSS: 14.85	MAE: 27.16	RMSE: 36.16
Epoch 382	LOSS: 14.87	MAE: 27.22	RMSE: 35.96
Epoch 383	LOSS: 14.86	MAE: 27.21	RMSE: 36.15
Epoch 384	LOSS: 15.15	MAE: 27.33	RMSE: 35.99
Epoch 385	LOSS: 14.92	MAE: 27.24	RMSE: 36.01
Epoch 386	LOSS: 14.88	MAE: 27.18	RMSE: 36.28
Epoch 387	LOSS: 14.77	MAE: 27.28	RMSE: 35.99
Epoch 388	LOSS: 14.82	MAE: 27.16	RMSE: 36.27
Epoch 389	LOSS: 14.88	MAE: 27.18	RMSE: 36.26
Epoch 390	LOSS: 14.86	MAE: 27.15	RMSE: 36.15
Epoch 391	LOSS: 14.83	MAE: 27.19	RMSE: 36.25
Epoch 392	LOSS: 14.93	MAE: 27.15	RMSE: 36.34
Epoch 393	LOSS: 15.35	MAE: 27.35	RMSE: 36.15
Epoch 394	LOSS: 14.70	MAE: 27.21	RMSE: 36.24
Epoch 395	LOSS: 14.89	MAE: 27.26	RMSE: 36.21
Epoch 396	LOSS: 14.77	MAE: 27.27	RMSE: 36.19
Epoch 397	LOSS: 14.79	MAE: 27.21	RMSE: 36.37
Epoch 398	LOSS: 15.08	MAE: 27.30	RMSE: 36.13
Epoch 399	LOSS: 15.07	MAE: 27.21	RMSE: 36.38
Epoch 400	LOSS: 15.08	MAE: 27.24	RMSE: 36.30
Epoch 401	LOSS: 14.80	MAE: 27.24	RMSE: 36.08
Epoch 402	LOSS: 14.89	MAE: 27.22	RMSE: 36.10
Epoch 403	LOSS: 14.75	MAE: 27.20	RMSE: 36.17
Epoch 404	LOSS: 14.86	MAE: 27.27	RMSE: 36.05
Epoch 405	LOSS: 14.80	MAE: 27.27	RMSE: 36.03
Epoch 406	LOSS: 14.74	MAE: 27.24	RMSE: 36.19
Epoch 407	LOSS: 14.77	MAE: 27.20	RMSE: 35.99
Epoch 408	LOSS: 14.99	MAE: 27.15	RMSE: 35.94
Epoch 409	LOSS: 14.86	MAE: 27.19	RMSE: 35.94
Epoch 410	LOSS: 14.80	MAE: 27.22	RMSE: 35.82
Epoch 411	LOSS: 14.71	MAE: 27.18	RMSE: 35.95
Epoch 412	LOSS: 14.73	MAE: 27.23	RMSE: 35.79
Epoch 413	LOSS: 14.67	MAE: 27.24	RMSE: 35.76
Epoch 414	LOSS: 14.85	MAE: 27.00	RMSE: 35.86
Epoch 415	LOSS: 14.77	MAE: 27.07	RMSE: 35.63
Epoch 416	LOSS: 14.76	MAE: 27.01	RMSE: 35.67
Epoch 417	LOSS: 14.75	MAE: 26.96	RMSE: 35.85
Epoch 418	LOSS: 14.77	MAE: 27.06	RMSE: 35.76
Epoch 419	LOSS: 14.62	MAE: 27.01	RMSE: 35.93
Epoch 420	LOSS: 14.79	MAE: 26.98	RMSE: 36.12
Epoch 421	LOSS: 14.70	MAE: 27.12	RMSE: 35.73
Epoch 422	LOSS: 14.68	MAE: 27.13	RMSE: 35.70
Epoch 423	LOSS: 14.76	MAE: 27.07	RMSE: 35.64
Epoch 424	LOSS: 14.68	MAE: 27.15	RMSE: 35.56
Epoch 425	LOSS: 14.85	MAE: 27.05	RMSE: 35.61
Epoch 426	LOSS: 14.66	MAE: 27.03	RMSE: 35.76
Epoch 427	LOSS: 14.81	MAE: 27.08	RMSE: 35.63
Epoch 428	LOSS: 14.79	MAE: 27.18	RMSE: 35.66
Epoch 429	LOSS: 14.74	MAE: 27.18	RMSE: 35.67
Epoch 430	LOSS: 14.67	MAE: 27.08	RMSE: 35.70
Epoch 431	LOSS: 14.67	MAE: 27.10	RMSE: 35.83
Epoch 432	LOSS: 14.67	MAE: 27.13	RMSE: 35.76
Epoch 433	LOSS: 14.62	MAE: 27.13	RMSE: 35.83
Epoch 434	LOSS: 14.78	MAE: 27.14	RMSE: 35.76
Epoch 435	LOSS: 14.84	MAE: 27.11	RMSE: 35.72
Epoch 436	LOSS: 14.73	MAE: 27.06	RMSE: 35.77
Epoch 437	LOSS: 14.62	MAE: 27.03	RMSE: 35.84
Epoch 438	LOSS: 14.72	MAE: 27.09	RMSE: 35.77
Epoch 439	LOSS: 14.62	MAE: 27.06	RMSE: 35.92
Epoch 440	LOSS: 14.69	MAE: 27.04	RMSE: 36.04
Epoch 441	LOSS: 14.84	MAE: 27.13	RMSE: 35.79
Epoch 442	LOSS: 14.72	MAE: 27.07	RMSE: 36.03
Epoch 443	LOSS: 14.68	MAE: 27.05	RMSE: 36.05
Epoch 444	LOSS: 14.76	MAE: 27.11	RMSE: 35.90
Epoch 445	LOSS: 14.67	MAE: 27.15	RMSE: 35.84
Epoch 446	LOSS: 14.60	MAE: 27.11	RMSE: 35.89
Epoch 447	LOSS: 14.94	MAE: 27.18	RMSE: 35.88
Epoch 448	LOSS: 14.60	MAE: 27.20	RMSE: 35.85
Epoch 449	LOSS: 14.60	MAE: 27.25	RMSE: 35.82
Epoch 450	LOSS: 14.69	MAE: 27.12	RMSE: 35.77
Epoch 451	LOSS: 14.62	MAE: 27.02	RMSE: 35.78
Epoch 452	LOSS: 14.59	MAE: 27.05	RMSE: 35.84
Epoch 453	LOSS: 14.55	MAE: 27.12	RMSE: 35.83
Epoch 454	LOSS: 14.53	MAE: 27.14	RMSE: 35.80
Epoch 455	LOSS: 14.55	MAE: 27.14	RMSE: 35.91
Epoch 456	LOSS: 14.60	MAE: 27.15	RMSE: 35.86
Epoch 457	LOSS: 14.62	MAE: 27.16	RMSE: 35.80
Epoch 458	LOSS: 14.61	MAE: 27.08	RMSE: 35.99
Epoch 459	LOSS: 14.69	MAE: 27.17	RMSE: 35.89
Epoch 460	LOSS: 14.73	MAE: 27.17	RMSE: 36.03
Epoch 461	LOSS: 14.56	MAE: 27.14	RMSE: 36.20
Epoch 462	LOSS: 14.67	MAE: 27.16	RMSE: 36.13
Epoch 463	LOSS: 14.50	MAE: 26.99	RMSE: 36.03
Epoch 464	LOSS: 14.71	MAE: 26.74	RMSE: 35.76
Epoch 465	LOSS: 14.64	MAE: 26.79	RMSE: 35.82
Epoch 466	LOSS: 14.65	MAE: 26.74	RMSE: 35.75
Epoch 467	LOSS: 14.55	MAE: 26.79	RMSE: 35.89
Epoch 468	LOSS: 14.59	MAE: 26.96	RMSE: 35.87
Epoch 469	LOSS: 14.53	MAE: 27.05	RMSE: 35.65
Epoch 470	LOSS: 14.57	MAE: 27.04	RMSE: 35.73
Epoch 471	LOSS: 14.55	MAE: 27.05	RMSE: 35.74
Epoch 472	LOSS: 14.65	MAE: 27.11	RMSE: 35.76
Epoch 473	LOSS: 14.53	MAE: 27.05	RMSE: 35.86
Epoch 474	LOSS: 14.59	MAE: 27.03	RMSE: 35.89
Epoch 475	LOSS: 14.56	MAE: 27.05	RMSE: 35.81
Epoch 476	LOSS: 14.48	MAE: 27.03	RMSE: 36.00
Epoch 477	LOSS: 14.80	MAE: 26.94	RMSE: 35.56
Epoch 478	LOSS: 14.61	MAE: 26.88	RMSE: 35.52
Epoch 479	LOSS: 14.53	MAE: 26.92	RMSE: 35.53
Epoch 480	LOSS: 14.56	MAE: 26.88	RMSE: 35.58
Epoch 481	LOSS: 14.71	MAE: 26.93	RMSE: 35.58
Epoch 482	LOSS: 14.57	MAE: 26.91	RMSE: 35.62
Epoch 483	LOSS: 14.52	MAE: 26.82	RMSE: 35.63
Epoch 484	LOSS: 14.56	MAE: 26.95	RMSE: 35.66
Epoch 485	LOSS: 15.07	MAE: 26.98	RMSE: 35.82
Epoch 486	LOSS: 14.90	MAE: 26.97	RMSE: 35.73
Epoch 487	LOSS: 14.76	MAE: 27.00	RMSE: 35.70
Epoch 488	LOSS: 14.62	MAE: 26.97	RMSE: 35.67
Epoch 489	LOSS: 14.67	MAE: 26.98	RMSE: 35.72
Epoch 490	LOSS: 14.56	MAE: 26.99	RMSE: 35.70
Epoch 491	LOSS: 14.55	MAE: 26.67	RMSE: 35.38
Epoch 492	LOSS: 14.55	MAE: 26.72	RMSE: 35.42
Epoch 493	LOSS: 14.46	MAE: 26.84	RMSE: 35.56
Epoch 494	LOSS: 14.50	MAE: 26.88	RMSE: 35.51
Epoch 495	LOSS: 14.54	MAE: 26.81	RMSE: 35.59
Epoch 496	LOSS: 14.61	MAE: 26.86	RMSE: 35.46
Epoch 497	LOSS: 14.50	MAE: 26.82	RMSE: 35.50
Epoch 498	LOSS: 14.49	MAE: 26.89	RMSE: 35.50
Epoch 499	LOSS: 14.43	MAE: 26.92	RMSE: 35.47
