Epoch 000	LOSS: 295.95	MAE: 54.76	RMSE: 68.70
Epoch 001	LOSS: 263.90	MAE: 51.37	RMSE: 65.46
Epoch 002	LOSS: 249.21	MAE: 49.55	RMSE: 63.74
Epoch 003	LOSS: 237.89	MAE: 48.56	RMSE: 62.75
Epoch 004	LOSS: 228.07	MAE: 48.04	RMSE: 62.12
Epoch 005	LOSS: 221.09	MAE: 47.65	RMSE: 61.54
Epoch 006	LOSS: 215.25	MAE: 46.98	RMSE: 60.64
Epoch 007	LOSS: 211.35	MAE: 46.47	RMSE: 59.94
Epoch 008	LOSS: 205.40	MAE: 46.00	RMSE: 59.27
Epoch 009	LOSS: 203.38	MAE: 45.09	RMSE: 58.18
Epoch 010	LOSS: 200.57	MAE: 44.74	RMSE: 57.57
Epoch 011	LOSS: 197.51	MAE: 44.36	RMSE: 56.96
Epoch 012	LOSS: 194.86	MAE: 43.34	RMSE: 55.74
Epoch 013	LOSS: 192.00	MAE: 43.53	RMSE: 55.66
Epoch 014	LOSS: 190.50	MAE: 42.83	RMSE: 54.84
Epoch 015	LOSS: 189.05	MAE: 42.10	RMSE: 53.96
Epoch 016	LOSS: 187.11	MAE: 41.64	RMSE: 53.36
Epoch 017	LOSS: 185.83	MAE: 40.94	RMSE: 52.49
Epoch 018	LOSS: 182.54	MAE: 40.67	RMSE: 52.08
Epoch 019	LOSS: 181.29	MAE: 40.04	RMSE: 51.37
Epoch 020	LOSS: 178.89	MAE: 39.92	RMSE: 51.07
Epoch 021	LOSS: 177.82	MAE: 39.42	RMSE: 50.51
Epoch 022	LOSS: 176.01	MAE: 38.85	RMSE: 49.80
Epoch 023	LOSS: 175.94	MAE: 38.05	RMSE: 48.90
Epoch 024	LOSS: 174.36	MAE: 37.34	RMSE: 48.11
Epoch 025	LOSS: 172.47	MAE: 37.46	RMSE: 48.15
Epoch 026	LOSS: 171.39	MAE: 37.20	RMSE: 47.81
Epoch 027	LOSS: 170.02	MAE: 36.70	RMSE: 47.21
Epoch 028	LOSS: 168.40	MAE: 36.32	RMSE: 46.80
Epoch 029	LOSS: 166.01	MAE: 35.91	RMSE: 46.23
Epoch 030	LOSS: 164.89	MAE: 35.86	RMSE: 46.20
Epoch 031	LOSS: 163.52	MAE: 35.07	RMSE: 45.30
Epoch 032	LOSS: 162.54	MAE: 34.99	RMSE: 45.10
Epoch 033	LOSS: 160.81	MAE: 34.53	RMSE: 44.55
Epoch 034	LOSS: 159.92	MAE: 33.90	RMSE: 43.89
Epoch 035	LOSS: 157.62	MAE: 34.07	RMSE: 43.94
Epoch 036	LOSS: 157.85	MAE: 33.47	RMSE: 43.17
Epoch 037	LOSS: 156.57	MAE: 33.12	RMSE: 42.80
Epoch 038	LOSS: 155.00	MAE: 33.35	RMSE: 43.01
Epoch 039	LOSS: 153.64	MAE: 32.86	RMSE: 42.53
Epoch 040	LOSS: 152.65	MAE: 32.33	RMSE: 41.94
Epoch 041	LOSS: 150.97	MAE: 32.23	RMSE: 41.70
Epoch 042	LOSS: 149.97	MAE: 31.99	RMSE: 41.36
Epoch 043	LOSS: 148.64	MAE: 31.79	RMSE: 41.14
Epoch 044	LOSS: 147.14	MAE: 31.44	RMSE: 40.69
Epoch 045	LOSS: 146.55	MAE: 31.08	RMSE: 40.30
Epoch 046	LOSS: 144.53	MAE: 30.80	RMSE: 39.93
Epoch 047	LOSS: 143.57	MAE: 30.84	RMSE: 40.02
Epoch 048	LOSS: 141.89	MAE: 30.51	RMSE: 39.54
Epoch 049	LOSS: 141.24	MAE: 30.05	RMSE: 38.94
Epoch 050	LOSS: 140.29	MAE: 29.96	RMSE: 38.84
Epoch 051	LOSS: 137.99	MAE: 29.70	RMSE: 38.60
Epoch 052	LOSS: 137.65	MAE: 29.51	RMSE: 38.52
Epoch 053	LOSS: 136.33	MAE: 29.36	RMSE: 38.10
Epoch 054	LOSS: 133.77	MAE: 29.02	RMSE: 37.72
Epoch 055	LOSS: 134.11	MAE: 28.70	RMSE: 37.31
Epoch 056	LOSS: 132.17	MAE: 28.39	RMSE: 36.96
Epoch 057	LOSS: 131.59	MAE: 28.03	RMSE: 36.53
Epoch 058	LOSS: 129.86	MAE: 28.02	RMSE: 36.55
Epoch 059	LOSS: 129.60	MAE: 27.52	RMSE: 35.90
Epoch 060	LOSS: 128.22	MAE: 27.28	RMSE: 35.57
Epoch 061	LOSS: 127.30	MAE: 27.29	RMSE: 35.65
Epoch 062	LOSS: 125.18	MAE: 26.94	RMSE: 35.20
Epoch 063	LOSS: 124.93	MAE: 26.71	RMSE: 34.91
Epoch 064	LOSS: 123.69	MAE: 26.52	RMSE: 34.72
Epoch 065	LOSS: 122.81	MAE: 26.28	RMSE: 34.36
Epoch 066	LOSS: 121.56	MAE: 26.46	RMSE: 34.75
Epoch 067	LOSS: 120.79	MAE: 26.03	RMSE: 34.13
Epoch 068	LOSS: 119.97	MAE: 25.62	RMSE: 33.66
Epoch 069	LOSS: 118.60	MAE: 25.44	RMSE: 33.49
Epoch 070	LOSS: 117.34	MAE: 25.21	RMSE: 33.17
Epoch 071	LOSS: 117.12	MAE: 25.35	RMSE: 33.20
Epoch 072	LOSS: 115.43	MAE: 24.93	RMSE: 32.80
Epoch 073	LOSS: 114.06	MAE: 25.06	RMSE: 33.02
Epoch 074	LOSS: 113.20	MAE: 24.74	RMSE: 32.74
Epoch 075	LOSS: 112.31	MAE: 24.79	RMSE: 32.78
Epoch 076	LOSS: 111.13	MAE: 24.27	RMSE: 32.25
Epoch 077	LOSS: 110.39	MAE: 24.32	RMSE: 32.40
Epoch 078	LOSS: 109.30	MAE: 23.95	RMSE: 31.76
Epoch 079	LOSS: 108.28	MAE: 23.58	RMSE: 31.39
Epoch 080	LOSS: 107.92	MAE: 23.60	RMSE: 31.31
Epoch 081	LOSS: 106.38	MAE: 23.43	RMSE: 31.21
Epoch 082	LOSS: 105.55	MAE: 23.23	RMSE: 30.96
Epoch 083	LOSS: 104.51	MAE: 23.13	RMSE: 31.21
Epoch 084	LOSS: 103.25	MAE: 22.77	RMSE: 30.65
Epoch 085	LOSS: 102.50	MAE: 22.63	RMSE: 30.38
Epoch 086	LOSS: 101.02	MAE: 22.19	RMSE: 30.15
Epoch 087	LOSS: 100.40	MAE: 22.13	RMSE: 30.00
Epoch 088	LOSS: 99.36	MAE: 21.83	RMSE: 29.62
Epoch 089	LOSS: 99.13	MAE: 22.71	RMSE: 31.23
Epoch 090	LOSS: 97.50	MAE: 21.33	RMSE: 29.17
Epoch 091	LOSS: 96.54	MAE: 21.36	RMSE: 29.45
Epoch 092	LOSS: 95.60	MAE: 21.20	RMSE: 28.97
Epoch 093	LOSS: 94.74	MAE: 21.00	RMSE: 28.78
Epoch 094	LOSS: 94.13	MAE: 21.16	RMSE: 29.67
Epoch 095	LOSS: 92.85	MAE: 20.80	RMSE: 28.49
Epoch 096	LOSS: 92.29	MAE: 20.66	RMSE: 28.27
Epoch 097	LOSS: 91.42	MAE: 21.41	RMSE: 30.71
Epoch 098	LOSS: 91.38	MAE: 20.29	RMSE: 27.76
Epoch 099	LOSS: 89.33	MAE: 19.81	RMSE: 27.55
Epoch 100	LOSS: 89.32	MAE: 19.41	RMSE: 27.05
Epoch 101	LOSS: 87.98	MAE: 19.49	RMSE: 27.29
Epoch 102	LOSS: 87.48	MAE: 19.68	RMSE: 27.34
Epoch 103	LOSS: 86.77	MAE: 19.30	RMSE: 26.94
Epoch 104	LOSS: 86.16	MAE: 19.51	RMSE: 27.30
Epoch 105	LOSS: 85.29	MAE: 19.19	RMSE: 26.82
Epoch 106	LOSS: 84.85	MAE: 19.02	RMSE: 26.60
Epoch 107	LOSS: 83.28	MAE: 18.96	RMSE: 26.70
Epoch 108	LOSS: 82.67	MAE: 18.77	RMSE: 26.32
Epoch 109	LOSS: 82.55	MAE: 18.78	RMSE: 26.91
Epoch 110	LOSS: 81.73	MAE: 18.38	RMSE: 26.11
Epoch 111	LOSS: 80.99	MAE: 18.47	RMSE: 26.11
Epoch 112	LOSS: 80.53	MAE: 19.59	RMSE: 28.73
Epoch 113	LOSS: 79.51	MAE: 18.60	RMSE: 26.95
Epoch 114	LOSS: 78.41	MAE: 18.29	RMSE: 25.86
Epoch 115	LOSS: 79.15	MAE: 18.94	RMSE: 27.55
Epoch 116	LOSS: 77.34	MAE: 18.01	RMSE: 25.70
Epoch 117	LOSS: 77.03	MAE: 17.84	RMSE: 25.57
Epoch 118	LOSS: 76.01	MAE: 17.66	RMSE: 25.37
Epoch 119	LOSS: 75.45	MAE: 17.52	RMSE: 25.32
Epoch 120	LOSS: 75.64	MAE: 18.09	RMSE: 26.81
Epoch 121	LOSS: 74.59	MAE: 17.66	RMSE: 25.70
Epoch 122	LOSS: 73.97	MAE: 17.55	RMSE: 25.98
Epoch 123	LOSS: 73.10	MAE: 17.57	RMSE: 26.20
Epoch 124	LOSS: 72.19	MAE: 17.36	RMSE: 25.08
Epoch 125	LOSS: 71.85	MAE: 17.27	RMSE: 24.84
Epoch 126	LOSS: 71.12	MAE: 17.30	RMSE: 24.98
Epoch 127	LOSS: 70.87	MAE: 17.32	RMSE: 25.86
Epoch 128	LOSS: 70.41	MAE: 17.62	RMSE: 26.60
Epoch 129	LOSS: 69.53	MAE: 16.94	RMSE: 24.65
Epoch 130	LOSS: 69.75	MAE: 18.13	RMSE: 26.89
Epoch 131	LOSS: 69.27	MAE: 17.61	RMSE: 25.82
Epoch 132	LOSS: 68.29	MAE: 16.78	RMSE: 24.42
Epoch 133	LOSS: 67.81	MAE: 16.83	RMSE: 24.55
Epoch 134	LOSS: 67.77	MAE: 17.84	RMSE: 26.39
Epoch 135	LOSS: 66.29	MAE: 16.32	RMSE: 24.20
Epoch 136	LOSS: 66.01	MAE: 16.28	RMSE: 24.43
Epoch 137	LOSS: 66.20	MAE: 16.74	RMSE: 25.21
Epoch 138	LOSS: 65.46	MAE: 16.78	RMSE: 25.47
Epoch 139	LOSS: 65.85	MAE: 17.11	RMSE: 24.71
Epoch 140	LOSS: 64.40	MAE: 16.09	RMSE: 24.43
Epoch 141	LOSS: 64.37	MAE: 16.65	RMSE: 25.43
Epoch 142	LOSS: 63.31	MAE: 15.86	RMSE: 24.09
Epoch 143	LOSS: 63.48	MAE: 16.04	RMSE: 24.26
Epoch 144	LOSS: 62.48	MAE: 15.78	RMSE: 23.91
Epoch 145	LOSS: 62.37	MAE: 15.83	RMSE: 23.91
Epoch 146	LOSS: 62.07	MAE: 15.72	RMSE: 23.87
Epoch 147	LOSS: 61.67	MAE: 16.45	RMSE: 25.54
Epoch 148	LOSS: 61.46	MAE: 17.91	RMSE: 28.45
Epoch 149	LOSS: 60.81	MAE: 15.98	RMSE: 24.99
Epoch 150	LOSS: 60.65	MAE: 15.99	RMSE: 24.00
Epoch 151	LOSS: 60.35	MAE: 15.54	RMSE: 23.49
Epoch 152	LOSS: 59.88	MAE: 15.81	RMSE: 23.77
Epoch 153	LOSS: 59.54	MAE: 15.59	RMSE: 23.66
Epoch 154	LOSS: 58.94	MAE: 15.53	RMSE: 23.36
Epoch 155	LOSS: 59.01	MAE: 15.81	RMSE: 24.22
Epoch 156	LOSS: 58.63	MAE: 15.37	RMSE: 23.57
Epoch 157	LOSS: 58.38	MAE: 15.33	RMSE: 23.41
Epoch 158	LOSS: 58.08	MAE: 15.39	RMSE: 23.63
Epoch 159	LOSS: 57.40	MAE: 15.12	RMSE: 23.28
Epoch 160	LOSS: 58.32	MAE: 15.56	RMSE: 23.69
Epoch 161	LOSS: 57.62	MAE: 16.93	RMSE: 26.21
Epoch 162	LOSS: 57.45	MAE: 15.25	RMSE: 23.35
Epoch 163	LOSS: 56.78	MAE: 15.67	RMSE: 23.88
Epoch 164	LOSS: 56.15	MAE: 14.91	RMSE: 23.15
Epoch 165	LOSS: 56.05	MAE: 15.02	RMSE: 23.59
Epoch 166	LOSS: 55.86	MAE: 14.97	RMSE: 23.41
Epoch 167	LOSS: 55.90	MAE: 15.02	RMSE: 23.16
Epoch 168	LOSS: 55.23	MAE: 15.31	RMSE: 24.16
Epoch 169	LOSS: 54.71	MAE: 14.97	RMSE: 23.39
Epoch 170	LOSS: 54.80	MAE: 14.81	RMSE: 23.32
Epoch 171	LOSS: 54.61	MAE: 14.77	RMSE: 23.19
Epoch 172	LOSS: 54.65	MAE: 15.20	RMSE: 23.80
Epoch 173	LOSS: 54.25	MAE: 14.86	RMSE: 22.81
Epoch 174	LOSS: 54.28	MAE: 15.20	RMSE: 23.39
Epoch 175	LOSS: 54.03	MAE: 15.08	RMSE: 23.31
Epoch 176	LOSS: 53.84	MAE: 15.81	RMSE: 24.20
Epoch 177	LOSS: 54.13	MAE: 14.65	RMSE: 23.12
Epoch 178	LOSS: 53.15	MAE: 14.65	RMSE: 22.51
Epoch 179	LOSS: 53.22	MAE: 14.92	RMSE: 22.95
Epoch 180	LOSS: 54.40	MAE: 15.17	RMSE: 23.11
Epoch 181	LOSS: 52.95	MAE: 14.87	RMSE: 23.21
Epoch 182	LOSS: 52.65	MAE: 14.45	RMSE: 22.82
Epoch 183	LOSS: 52.83	MAE: 14.62	RMSE: 22.72
Epoch 184	LOSS: 51.97	MAE: 14.28	RMSE: 22.41
Epoch 185	LOSS: 51.89	MAE: 14.45	RMSE: 23.00
Epoch 186	LOSS: 51.76	MAE: 14.36	RMSE: 23.14
Epoch 187	LOSS: 51.62	MAE: 14.16	RMSE: 22.50
Epoch 188	LOSS: 52.35	MAE: 15.18	RMSE: 24.25
Epoch 189	LOSS: 52.26	MAE: 15.99	RMSE: 25.58
Epoch 190	LOSS: 51.46	MAE: 14.87	RMSE: 23.03
Epoch 191	LOSS: 51.98	MAE: 15.39	RMSE: 23.81
Epoch 192	LOSS: 51.08	MAE: 14.22	RMSE: 22.20
Epoch 193	LOSS: 50.94	MAE: 14.14	RMSE: 22.28
Epoch 194	LOSS: 50.46	MAE: 14.24	RMSE: 22.40
Epoch 195	LOSS: 51.34	MAE: 16.27	RMSE: 26.73
Epoch 196	LOSS: 50.84	MAE: 15.74	RMSE: 25.16
Epoch 197	LOSS: 50.55	MAE: 14.07	RMSE: 22.11
Epoch 198	LOSS: 50.27	MAE: 14.32	RMSE: 22.64
Epoch 199	LOSS: 50.02	MAE: 14.24	RMSE: 22.52
Epoch 200	LOSS: 50.85	MAE: 16.72	RMSE: 27.21
Epoch 201	LOSS: 49.95	MAE: 14.05	RMSE: 22.44
Epoch 202	LOSS: 49.86	MAE: 14.63	RMSE: 23.60
Epoch 203	LOSS: 49.42	MAE: 14.03	RMSE: 22.70
Epoch 204	LOSS: 49.69	MAE: 14.01	RMSE: 22.54
Epoch 205	LOSS: 49.59	MAE: 13.97	RMSE: 22.34
Epoch 206	LOSS: 50.51	MAE: 14.90	RMSE: 24.09
Epoch 207	LOSS: 49.09	MAE: 13.95	RMSE: 22.44
Epoch 208	LOSS: 49.74	MAE: 14.17	RMSE: 22.36
Epoch 209	LOSS: 49.00	MAE: 13.86	RMSE: 22.02
Epoch 210	LOSS: 49.97	MAE: 14.93	RMSE: 24.12
Epoch 211	LOSS: 48.79	MAE: 14.02	RMSE: 22.52
Epoch 212	LOSS: 48.65	MAE: 13.69	RMSE: 22.01
Epoch 213	LOSS: 49.31	MAE: 15.58	RMSE: 25.58
Epoch 214	LOSS: 48.73	MAE: 14.01	RMSE: 22.59
Epoch 215	LOSS: 48.41	MAE: 13.71	RMSE: 21.91
Epoch 216	LOSS: 48.51	MAE: 14.36	RMSE: 23.00
Epoch 217	LOSS: 48.44	MAE: 13.95	RMSE: 21.97
Epoch 218	LOSS: 48.39	MAE: 13.87	RMSE: 22.36
Epoch 219	LOSS: 47.94	MAE: 13.87	RMSE: 22.44
Epoch 220	LOSS: 48.04	MAE: 15.12	RMSE: 25.64
Epoch 221	LOSS: 48.47	MAE: 13.77	RMSE: 22.36
Epoch 222	LOSS: 47.92	MAE: 13.87	RMSE: 22.21
Epoch 223	LOSS: 48.42	MAE: 14.03	RMSE: 22.40
Epoch 224	LOSS: 47.71	MAE: 13.58	RMSE: 21.64
Epoch 225	LOSS: 49.05	MAE: 13.88	RMSE: 21.85
Epoch 226	LOSS: 47.40	MAE: 13.53	RMSE: 21.82
Epoch 227	LOSS: 47.54	MAE: 13.54	RMSE: 21.77
Epoch 228	LOSS: 47.73	MAE: 13.91	RMSE: 21.86
Epoch 229	LOSS: 47.65	MAE: 13.57	RMSE: 21.53
Epoch 230	LOSS: 47.84	MAE: 14.08	RMSE: 21.98
Epoch 231	LOSS: 47.22	MAE: 13.68	RMSE: 21.75
Epoch 232	LOSS: 47.19	MAE: 13.73	RMSE: 21.60
Epoch 233	LOSS: 46.84	MAE: 13.44	RMSE: 21.58
Epoch 234	LOSS: 47.15	MAE: 14.23	RMSE: 24.36
Epoch 235	LOSS: 47.46	MAE: 13.66	RMSE: 22.52
Epoch 236	LOSS: 47.61	MAE: 13.86	RMSE: 22.66
Epoch 237	LOSS: 47.08	MAE: 14.14	RMSE: 23.28
Epoch 238	LOSS: 46.86	MAE: 13.80	RMSE: 22.63
Epoch 239	LOSS: 47.67	MAE: 14.31	RMSE: 23.90
Epoch 240	LOSS: 47.16	MAE: 13.76	RMSE: 22.67
Epoch 241	LOSS: 46.79	MAE: 13.48	RMSE: 21.75
Epoch 242	LOSS: 46.79	MAE: 13.53	RMSE: 21.75
Epoch 243	LOSS: 46.45	MAE: 13.46	RMSE: 21.90
Epoch 244	LOSS: 46.24	MAE: 13.39	RMSE: 21.58
Epoch 245	LOSS: 46.53	MAE: 13.93	RMSE: 22.72
Epoch 246	LOSS: 46.55	MAE: 13.61	RMSE: 21.69
Epoch 247	LOSS: 46.23	MAE: 13.39	RMSE: 21.50
Epoch 248	LOSS: 46.12	MAE: 13.79	RMSE: 22.05
Epoch 249	LOSS: 46.23	MAE: 14.10	RMSE: 23.48
Epoch 250	LOSS: 46.63	MAE: 13.69	RMSE: 21.72
Epoch 251	LOSS: 46.74	MAE: 14.08	RMSE: 22.43
Epoch 252	LOSS: 46.60	MAE: 13.94	RMSE: 21.95
Epoch 253	LOSS: 46.43	MAE: 13.47	RMSE: 21.45
Epoch 254	LOSS: 46.30	MAE: 13.35	RMSE: 21.56
Epoch 255	LOSS: 45.85	MAE: 13.32	RMSE: 21.61
Epoch 256	LOSS: 45.90	MAE: 13.63	RMSE: 21.77
Epoch 257	LOSS: 46.18	MAE: 13.37	RMSE: 21.49
Epoch 258	LOSS: 45.75	MAE: 13.33	RMSE: 21.60
Epoch 259	LOSS: 46.26	MAE: 13.69	RMSE: 21.87
Epoch 260	LOSS: 45.90	MAE: 13.73	RMSE: 21.80
Epoch 261	LOSS: 48.42	MAE: 13.84	RMSE: 21.93
Epoch 262	LOSS: 46.40	MAE: 13.49	RMSE: 21.33
Epoch 263	LOSS: 46.16	MAE: 13.86	RMSE: 21.67
Epoch 264	LOSS: 46.09	MAE: 14.44	RMSE: 24.30
Epoch 265	LOSS: 45.90	MAE: 15.45	RMSE: 26.09
Epoch 266	LOSS: 46.06	MAE: 13.61	RMSE: 22.36
Epoch 267	LOSS: 45.54	MAE: 13.33	RMSE: 21.48
Epoch 268	LOSS: 46.12	MAE: 14.04	RMSE: 22.60
Epoch 269	LOSS: 45.48	MAE: 13.91	RMSE: 22.26
Epoch 270	LOSS: 45.53	MAE: 13.29	RMSE: 21.54
Epoch 271	LOSS: 45.42	MAE: 13.26	RMSE: 21.55
Epoch 272	LOSS: 45.77	MAE: 13.32	RMSE: 21.34
Epoch 273	LOSS: 45.34	MAE: 13.47	RMSE: 21.78
Epoch 274	LOSS: 46.38	MAE: 14.13	RMSE: 22.45
Epoch 275	LOSS: 46.90	MAE: 15.32	RMSE: 24.55
Epoch 276	LOSS: 45.63	MAE: 13.55	RMSE: 21.96
Epoch 277	LOSS: 45.48	MAE: 13.69	RMSE: 22.32
Epoch 278	LOSS: 45.16	MAE: 13.61	RMSE: 22.69
Epoch 279	LOSS: 45.18	MAE: 13.35	RMSE: 22.41
Epoch 280	LOSS: 45.27	MAE: 13.52	RMSE: 22.11
Epoch 281	LOSS: 45.18	MAE: 13.25	RMSE: 22.01
Epoch 282	LOSS: 45.10	MAE: 13.48	RMSE: 22.33
Epoch 283	LOSS: 45.40	MAE: 13.35	RMSE: 22.19
Epoch 284	LOSS: 45.08	MAE: 13.84	RMSE: 22.79
Epoch 285	LOSS: 44.91	MAE: 13.80	RMSE: 23.13
Epoch 286	LOSS: 45.03	MAE: 14.12	RMSE: 23.00
Epoch 287	LOSS: 45.14	MAE: 13.69	RMSE: 22.35
Epoch 288	LOSS: 45.16	MAE: 13.47	RMSE: 22.38
Epoch 289	LOSS: 44.90	MAE: 14.27	RMSE: 23.54
Epoch 290	LOSS: 44.84	MAE: 13.73	RMSE: 22.60
Epoch 291	LOSS: 44.58	MAE: 13.08	RMSE: 21.26
Epoch 292	LOSS: 45.62	MAE: 14.25	RMSE: 23.10
Epoch 293	LOSS: 44.55	MAE: 13.09	RMSE: 21.33
Epoch 294	LOSS: 44.36	MAE: 13.01	RMSE: 21.34
Epoch 295	LOSS: 44.24	MAE: 13.20	RMSE: 21.84
Epoch 296	LOSS: 44.65	MAE: 13.38	RMSE: 22.21
Epoch 297	LOSS: 44.92	MAE: 13.11	RMSE: 21.35
Epoch 298	LOSS: 44.40	MAE: 13.41	RMSE: 21.52
Epoch 299	LOSS: 44.37	MAE: 13.25	RMSE: 21.55
Epoch 300	LOSS: 44.55	MAE: 13.54	RMSE: 21.40
Epoch 301	LOSS: 44.90	MAE: 13.28	RMSE: 21.19
Epoch 302	LOSS: 45.03	MAE: 14.71	RMSE: 24.09
Epoch 303	LOSS: 45.14	MAE: 13.89	RMSE: 23.35
Epoch 304	LOSS: 44.04	MAE: 13.10	RMSE: 21.55
Epoch 305	LOSS: 43.94	MAE: 13.06	RMSE: 21.59
Epoch 306	LOSS: 44.01	MAE: 13.48	RMSE: 22.70
Epoch 307	LOSS: 44.14	MAE: 13.25	RMSE: 22.26
Epoch 308	LOSS: 44.20	MAE: 12.97	RMSE: 21.28
Epoch 309	LOSS: 44.56	MAE: 14.37	RMSE: 23.27
Epoch 310	LOSS: 43.94	MAE: 14.29	RMSE: 23.32
Epoch 311	LOSS: 44.07	MAE: 13.40	RMSE: 21.81
Epoch 312	LOSS: 44.19	MAE: 13.04	RMSE: 21.54
Epoch 313	LOSS: 44.31	MAE: 13.03	RMSE: 21.33
Epoch 314	LOSS: 43.71	MAE: 13.09	RMSE: 21.81
Epoch 315	LOSS: 43.76	MAE: 13.50	RMSE: 22.57
Epoch 316	LOSS: 43.58	MAE: 13.02	RMSE: 21.81
Epoch 317	LOSS: 44.43	MAE: 13.14	RMSE: 21.44
Epoch 318	LOSS: 43.73	MAE: 12.91	RMSE: 21.28
Epoch 319	LOSS: 44.21	MAE: 13.31	RMSE: 21.20
Epoch 320	LOSS: 44.52	MAE: 13.25	RMSE: 21.19
Epoch 321	LOSS: 43.82	MAE: 13.27	RMSE: 21.61
Epoch 322	LOSS: 43.41	MAE: 13.09	RMSE: 21.70
Epoch 323	LOSS: 43.99	MAE: 13.05	RMSE: 21.33
Epoch 324	LOSS: 43.66	MAE: 13.41	RMSE: 21.62
Epoch 325	LOSS: 43.97	MAE: 12.93	RMSE: 21.18
Epoch 326	LOSS: 43.57	MAE: 13.21	RMSE: 21.83
Epoch 327	LOSS: 43.54	MAE: 12.98	RMSE: 21.70
Epoch 328	LOSS: 43.84	MAE: 13.53	RMSE: 22.06
Epoch 329	LOSS: 43.84	MAE: 13.07	RMSE: 21.40
Epoch 330	LOSS: 43.38	MAE: 12.93	RMSE: 21.27
Epoch 331	LOSS: 43.58	MAE: 13.17	RMSE: 21.91
Epoch 332	LOSS: 44.60	MAE: 13.34	RMSE: 21.82
Epoch 333	LOSS: 44.85	MAE: 14.67	RMSE: 23.59
Epoch 334	LOSS: 44.09	MAE: 13.93	RMSE: 23.80
Epoch 335	LOSS: 43.85	MAE: 13.49	RMSE: 22.25
Epoch 336	LOSS: 43.98	MAE: 13.28	RMSE: 22.31
Epoch 337	LOSS: 43.40	MAE: 13.03	RMSE: 21.32
Epoch 338	LOSS: 43.20	MAE: 12.98	RMSE: 21.30
Epoch 339	LOSS: 43.32	MAE: 12.89	RMSE: 21.29
Epoch 340	LOSS: 43.37	MAE: 13.07	RMSE: 21.76
Epoch 341	LOSS: 43.06	MAE: 12.84	RMSE: 21.20
Epoch 342	LOSS: 42.92	MAE: 12.97	RMSE: 21.56
Epoch 343	LOSS: 43.45	MAE: 13.04	RMSE: 21.61
Epoch 344	LOSS: 43.29	MAE: 13.06	RMSE: 21.65
Epoch 345	LOSS: 42.86	MAE: 13.43	RMSE: 22.67
Epoch 346	LOSS: 43.67	MAE: 12.87	RMSE: 21.08
Epoch 347	LOSS: 42.73	MAE: 12.86	RMSE: 21.40
Epoch 348	LOSS: 43.42	MAE: 13.06	RMSE: 21.00
Epoch 349	LOSS: 43.23	MAE: 13.09	RMSE: 21.22
Epoch 350	LOSS: 42.90	MAE: 13.11	RMSE: 21.34
Epoch 351	LOSS: 42.71	MAE: 12.84	RMSE: 21.21
Epoch 352	LOSS: 42.91	MAE: 12.81	RMSE: 21.18
Epoch 353	LOSS: 42.77	MAE: 13.09	RMSE: 21.82
Epoch 354	LOSS: 42.73	MAE: 12.90	RMSE: 21.50
Epoch 355	LOSS: 42.88	MAE: 13.31	RMSE: 21.86
Epoch 356	LOSS: 42.26	MAE: 12.76	RMSE: 21.09
Epoch 357	LOSS: 42.66	MAE: 12.92	RMSE: 21.12
Epoch 358	LOSS: 42.50	MAE: 12.83	RMSE: 21.38
Epoch 359	LOSS: 42.54	MAE: 12.82	RMSE: 21.33
Epoch 360	LOSS: 44.64	MAE: 15.01	RMSE: 25.24
Epoch 361	LOSS: 43.22	MAE: 12.88	RMSE: 21.18
Epoch 362	LOSS: 42.26	MAE: 12.80	RMSE: 20.88
Epoch 363	LOSS: 42.54	MAE: 12.80	RMSE: 21.19
Epoch 364	LOSS: 43.20	MAE: 13.35	RMSE: 22.46
Epoch 365	LOSS: 43.06	MAE: 12.82	RMSE: 21.00
Epoch 366	LOSS: 42.22	MAE: 12.85	RMSE: 20.99
Epoch 367	LOSS: 42.50	MAE: 13.62	RMSE: 22.84
Epoch 368	LOSS: 42.64	MAE: 12.74	RMSE: 20.95
Epoch 369	LOSS: 43.06	MAE: 13.07	RMSE: 21.40
Epoch 370	LOSS: 42.57	MAE: 12.76	RMSE: 20.93
Epoch 371	LOSS: 43.07	MAE: 13.16	RMSE: 21.15
Epoch 372	LOSS: 42.56	MAE: 12.92	RMSE: 21.10
Epoch 373	LOSS: 42.94	MAE: 12.76	RMSE: 20.89
Epoch 374	LOSS: 42.50	MAE: 12.76	RMSE: 20.94
Epoch 375	LOSS: 42.24	MAE: 12.79	RMSE: 21.34
Epoch 376	LOSS: 42.92	MAE: 13.00	RMSE: 21.36
Epoch 377	LOSS: 41.92	MAE: 12.70	RMSE: 21.01
Epoch 378	LOSS: 41.79	MAE: 12.67	RMSE: 20.90
Epoch 379	LOSS: 42.03	MAE: 12.70	RMSE: 21.00
Epoch 380	LOSS: 42.08	MAE: 12.96	RMSE: 21.76
Epoch 381	LOSS: 42.48	MAE: 12.78	RMSE: 21.22
Epoch 382	LOSS: 42.27	MAE: 12.96	RMSE: 21.59
Epoch 383	LOSS: 41.59	MAE: 12.68	RMSE: 21.41
Epoch 384	LOSS: 42.02	MAE: 12.72	RMSE: 21.16
Epoch 385	LOSS: 41.85	MAE: 12.70	RMSE: 21.22
Epoch 386	LOSS: 42.48	MAE: 12.82	RMSE: 20.96
Epoch 387	LOSS: 42.04	MAE: 12.65	RMSE: 20.80
Epoch 388	LOSS: 42.20	MAE: 12.74	RMSE: 20.65
Epoch 389	LOSS: 42.08	MAE: 12.64	RMSE: 21.15
Epoch 390	LOSS: 41.62	MAE: 12.84	RMSE: 21.01
Epoch 391	LOSS: 41.63	MAE: 12.68	RMSE: 21.02
Epoch 392	LOSS: 42.39	MAE: 12.71	RMSE: 20.81
Epoch 393	LOSS: 41.92	MAE: 13.33	RMSE: 21.81
Epoch 394	LOSS: 41.43	MAE: 12.52	RMSE: 20.73
Epoch 395	LOSS: 41.69	MAE: 13.37	RMSE: 22.62
Epoch 396	LOSS: 42.42	MAE: 12.95	RMSE: 21.80
Epoch 397	LOSS: 42.04	MAE: 12.74	RMSE: 21.24
Epoch 398	LOSS: 41.73	MAE: 12.98	RMSE: 21.74
Epoch 399	LOSS: 41.86	MAE: 12.96	RMSE: 21.85
Epoch 400	LOSS: 41.20	MAE: 12.54	RMSE: 20.87
Epoch 401	LOSS: 42.47	MAE: 12.85	RMSE: 21.26
Epoch 402	LOSS: 42.97	MAE: 12.94	RMSE: 21.51
Epoch 403	LOSS: 42.22	MAE: 13.06	RMSE: 21.28
Epoch 404	LOSS: 41.40	MAE: 12.72	RMSE: 20.71
Epoch 405	LOSS: 42.66	MAE: 12.89	RMSE: 21.34
Epoch 406	LOSS: 42.11	MAE: 13.45	RMSE: 22.49
Epoch 407	LOSS: 41.46	MAE: 12.52	RMSE: 20.90
Epoch 408	LOSS: 42.48	MAE: 12.84	RMSE: 20.81
Epoch 409	LOSS: 41.66	MAE: 12.59	RMSE: 20.66
Epoch 410	LOSS: 41.46	MAE: 12.64	RMSE: 20.71
Epoch 411	LOSS: 42.83	MAE: 13.01	RMSE: 21.56
Epoch 412	LOSS: 41.21	MAE: 12.56	RMSE: 21.27
Epoch 413	LOSS: 45.81	MAE: 15.14	RMSE: 25.01
Epoch 414	LOSS: 42.64	MAE: 14.48	RMSE: 23.63
Epoch 415	LOSS: 42.15	MAE: 13.23	RMSE: 21.80
Epoch 416	LOSS: 43.56	MAE: 13.49	RMSE: 21.52
Epoch 417	LOSS: 41.62	MAE: 13.17	RMSE: 21.51
Epoch 418	LOSS: 41.51	MAE: 12.69	RMSE: 20.81
Epoch 419	LOSS: 41.30	MAE: 12.82	RMSE: 21.80
Epoch 420	LOSS: 41.38	MAE: 12.67	RMSE: 21.10
Epoch 421	LOSS: 41.47	MAE: 13.34	RMSE: 22.49
Epoch 422	LOSS: 41.10	MAE: 12.57	RMSE: 21.09
Epoch 423	LOSS: 41.42	MAE: 12.50	RMSE: 20.99
Epoch 424	LOSS: 40.98	MAE: 12.50	RMSE: 20.82
Epoch 425	LOSS: 41.27	MAE: 12.61	RMSE: 21.27
Epoch 426	LOSS: 41.16	MAE: 12.82	RMSE: 21.53
Epoch 427	LOSS: 41.35	MAE: 12.70	RMSE: 21.44
Epoch 428	LOSS: 41.69	MAE: 12.89	RMSE: 21.12
Epoch 429	LOSS: 41.00	MAE: 12.56	RMSE: 20.78
Epoch 430	LOSS: 42.46	MAE: 12.80	RMSE: 20.93
Epoch 431	LOSS: 41.66	MAE: 12.77	RMSE: 21.10
Epoch 432	LOSS: 41.62	MAE: 12.63	RMSE: 21.03
Epoch 433	LOSS: 41.08	MAE: 12.53	RMSE: 21.04
Epoch 434	LOSS: 41.31	MAE: 12.67	RMSE: 21.40
Epoch 435	LOSS: 41.05	MAE: 12.54	RMSE: 21.10
Epoch 436	LOSS: 40.78	MAE: 12.43	RMSE: 20.92
Epoch 437	LOSS: 40.72	MAE: 13.89	RMSE: 23.93
Epoch 438	LOSS: 41.25	MAE: 13.55	RMSE: 23.05
Epoch 439	LOSS: 40.78	MAE: 12.44	RMSE: 20.91
Epoch 440	LOSS: 40.80	MAE: 12.43	RMSE: 20.66
Epoch 441	LOSS: 40.85	MAE: 12.47	RMSE: 20.74
Epoch 442	LOSS: 41.07	MAE: 12.65	RMSE: 21.22
Epoch 443	LOSS: 41.01	MAE: 12.61	RMSE: 21.45
Epoch 444	LOSS: 40.45	MAE: 12.40	RMSE: 21.21
Epoch 445	LOSS: 40.66	MAE: 12.39	RMSE: 20.80
Epoch 446	LOSS: 41.22	MAE: 12.67	RMSE: 21.07
Epoch 447	LOSS: 40.75	MAE: 12.60	RMSE: 20.93
Epoch 448	LOSS: 40.92	MAE: 12.76	RMSE: 21.17
Epoch 449	LOSS: 40.90	MAE: 12.43	RMSE: 20.69
Epoch 450	LOSS: 40.67	MAE: 12.53	RMSE: 20.66
Epoch 451	LOSS: 41.10	MAE: 13.28	RMSE: 22.20
Epoch 452	LOSS: 40.99	MAE: 13.02	RMSE: 22.11
Epoch 453	LOSS: 40.85	MAE: 12.97	RMSE: 22.07
Epoch 454	LOSS: 40.66	MAE: 12.57	RMSE: 21.14
Epoch 455	LOSS: 40.84	MAE: 12.53	RMSE: 20.88
Epoch 456	LOSS: 40.40	MAE: 12.33	RMSE: 20.49
Epoch 457	LOSS: 41.12	MAE: 12.72	RMSE: 20.80
Epoch 458	LOSS: 41.18	MAE: 12.96	RMSE: 21.71
Epoch 459	LOSS: 40.31	MAE: 12.39	RMSE: 20.98
Epoch 460	LOSS: 40.15	MAE: 12.39	RMSE: 21.14
Epoch 461	LOSS: 40.52	MAE: 12.58	RMSE: 20.82
Epoch 462	LOSS: 40.23	MAE: 12.38	RMSE: 20.81
Epoch 463	LOSS: 40.50	MAE: 12.43	RMSE: 20.72
Epoch 464	LOSS: 40.29	MAE: 12.45	RMSE: 20.94
Epoch 465	LOSS: 40.17	MAE: 12.35	RMSE: 20.81
Epoch 466	LOSS: 40.48	MAE: 12.44	RMSE: 21.02
Epoch 467	LOSS: 41.26	MAE: 12.66	RMSE: 21.39
Epoch 468	LOSS: 40.70	MAE: 12.39	RMSE: 20.81
Epoch 469	LOSS: 41.22	MAE: 12.37	RMSE: 20.57
Epoch 470	LOSS: 40.48	MAE: 12.62	RMSE: 21.79
Epoch 471	LOSS: 40.42	MAE: 12.53	RMSE: 21.05
Epoch 472	LOSS: 40.47	MAE: 12.40	RMSE: 20.53
Epoch 473	LOSS: 41.84	MAE: 12.96	RMSE: 21.77
Epoch 474	LOSS: 41.78	MAE: 13.13	RMSE: 22.06
Epoch 475	LOSS: 40.79	MAE: 14.09	RMSE: 23.95
Epoch 476	LOSS: 41.42	MAE: 13.43	RMSE: 22.84
Epoch 477	LOSS: 41.67	MAE: 12.92	RMSE: 21.94
Epoch 478	LOSS: 40.81	MAE: 12.48	RMSE: 20.95
Epoch 479	LOSS: 41.07	MAE: 13.53	RMSE: 23.76
Epoch 480	LOSS: 40.62	MAE: 12.46	RMSE: 21.05
Epoch 481	LOSS: 40.42	MAE: 12.48	RMSE: 20.73
Epoch 482	LOSS: 42.17	MAE: 12.91	RMSE: 20.91
Epoch 483	LOSS: 40.33	MAE: 12.50	RMSE: 20.58
Epoch 484	LOSS: 40.79	MAE: 13.26	RMSE: 22.53
Epoch 485	LOSS: 40.07	MAE: 12.44	RMSE: 21.12
Epoch 486	LOSS: 40.03	MAE: 12.33	RMSE: 20.62
Epoch 487	LOSS: 40.44	MAE: 12.53	RMSE: 20.71
Epoch 488	LOSS: 41.51	MAE: 12.58	RMSE: 20.82
Epoch 489	LOSS: 40.49	MAE: 12.74	RMSE: 20.99
Epoch 490	LOSS: 40.42	MAE: 13.39	RMSE: 22.91
Epoch 491	LOSS: 40.16	MAE: 12.53	RMSE: 21.04
Epoch 492	LOSS: 40.89	MAE: 12.83	RMSE: 21.63
Epoch 493	LOSS: 40.66	MAE: 13.65	RMSE: 23.40
Epoch 494	LOSS: 39.98	MAE: 12.48	RMSE: 21.22
Epoch 495	LOSS: 39.82	MAE: 12.35	RMSE: 21.05
Epoch 496	LOSS: 40.06	MAE: 12.28	RMSE: 20.46
Epoch 497	LOSS: 39.73	MAE: 12.35	RMSE: 20.90
Epoch 498	LOSS: 40.05	MAE: 12.48	RMSE: 20.89
Epoch 499	LOSS: 40.91	MAE: 12.47	RMSE: 20.80
