Epoch 000	LOSS: 135.07	MAE: 72.84	RMSE: 85.89
Epoch 001	LOSS: 133.43	MAE: 72.50	RMSE: 85.59
Epoch 002	LOSS: 131.31	MAE: 71.98	RMSE: 85.14
Epoch 003	LOSS: 130.01	MAE: 71.35	RMSE: 84.59
Epoch 004	LOSS: 128.47	MAE: 70.46	RMSE: 83.82
Epoch 005	LOSS: 127.16	MAE: 68.82	RMSE: 82.37
Epoch 006	LOSS: 125.44	MAE: 67.31	RMSE: 81.01
Epoch 007	LOSS: 123.56	MAE: 66.35	RMSE: 80.13
Epoch 008	LOSS: 121.86	MAE: 65.58	RMSE: 79.39
Epoch 009	LOSS: 120.64	MAE: 64.85	RMSE: 78.70
Epoch 010	LOSS: 118.97	MAE: 64.14	RMSE: 78.01
Epoch 011	LOSS: 117.90	MAE: 63.44	RMSE: 77.31
Epoch 012	LOSS: 117.16	MAE: 62.76	RMSE: 76.63
Epoch 013	LOSS: 115.72	MAE: 62.15	RMSE: 75.99
Epoch 014	LOSS: 114.33	MAE: 61.55	RMSE: 75.35
Epoch 015	LOSS: 113.46	MAE: 60.97	RMSE: 74.72
Epoch 016	LOSS: 112.47	MAE: 60.40	RMSE: 74.09
Epoch 017	LOSS: 111.26	MAE: 59.85	RMSE: 73.47
Epoch 018	LOSS: 110.03	MAE: 59.36	RMSE: 72.90
Epoch 019	LOSS: 109.19	MAE: 58.86	RMSE: 72.31
Epoch 020	LOSS: 108.57	MAE: 58.37	RMSE: 71.74
Epoch 021	LOSS: 107.41	MAE: 57.91	RMSE: 71.18
Epoch 022	LOSS: 106.84	MAE: 57.46	RMSE: 70.62
Epoch 023	LOSS: 105.43	MAE: 57.01	RMSE: 70.06
Epoch 024	LOSS: 104.57	MAE: 56.56	RMSE: 69.51
Epoch 025	LOSS: 104.47	MAE: 56.18	RMSE: 69.02
Epoch 026	LOSS: 103.05	MAE: 55.75	RMSE: 68.46
Epoch 027	LOSS: 102.41	MAE: 55.36	RMSE: 67.96
Epoch 028	LOSS: 101.35	MAE: 54.96	RMSE: 67.43
Epoch 029	LOSS: 100.62	MAE: 54.57	RMSE: 66.92
Epoch 030	LOSS: 100.36	MAE: 54.20	RMSE: 66.42
Epoch 031	LOSS: 99.22	MAE: 53.84	RMSE: 65.94
Epoch 032	LOSS: 98.41	MAE: 53.48	RMSE: 65.45
Epoch 033	LOSS: 98.13	MAE: 53.11	RMSE: 64.95
Epoch 034	LOSS: 96.96	MAE: 52.78	RMSE: 64.49
Epoch 035	LOSS: 96.65	MAE: 52.45	RMSE: 64.04
Epoch 036	LOSS: 95.75	MAE: 52.09	RMSE: 63.53
Epoch 037	LOSS: 95.52	MAE: 51.77	RMSE: 63.08
Epoch 038	LOSS: 94.28	MAE: 51.47	RMSE: 62.65
Epoch 039	LOSS: 94.07	MAE: 51.14	RMSE: 62.19
Epoch 040	LOSS: 93.69	MAE: 50.83	RMSE: 61.75
Epoch 041	LOSS: 92.63	MAE: 50.53	RMSE: 61.32
Epoch 042	LOSS: 91.98	MAE: 50.24	RMSE: 60.89
Epoch 043	LOSS: 91.86	MAE: 49.94	RMSE: 60.46
Epoch 044	LOSS: 90.77	MAE: 49.66	RMSE: 60.05
Epoch 045	LOSS: 90.37	MAE: 49.36	RMSE: 59.62
Epoch 046	LOSS: 90.14	MAE: 49.09	RMSE: 59.22
Epoch 047	LOSS: 89.29	MAE: 48.81	RMSE: 58.81
Epoch 048	LOSS: 88.76	MAE: 48.55	RMSE: 58.42
Epoch 049	LOSS: 88.01	MAE: 48.28	RMSE: 58.03
Epoch 050	LOSS: 87.75	MAE: 48.02	RMSE: 57.65
Epoch 051	LOSS: 87.44	MAE: 47.77	RMSE: 57.28
Epoch 052	LOSS: 86.77	MAE: 47.51	RMSE: 56.89
Epoch 053	LOSS: 86.41	MAE: 47.27	RMSE: 56.53
Epoch 054	LOSS: 85.78	MAE: 47.01	RMSE: 56.14
Epoch 055	LOSS: 85.13	MAE: 46.77	RMSE: 55.79
Epoch 056	LOSS: 84.57	MAE: 46.53	RMSE: 55.42
Epoch 057	LOSS: 84.40	MAE: 46.30	RMSE: 55.08
Epoch 058	LOSS: 83.92	MAE: 46.07	RMSE: 54.73
Epoch 059	LOSS: 83.50	MAE: 45.85	RMSE: 54.40
Epoch 060	LOSS: 82.96	MAE: 45.63	RMSE: 54.07
Epoch 061	LOSS: 82.80	MAE: 45.41	RMSE: 53.75
Epoch 062	LOSS: 82.15	MAE: 45.20	RMSE: 53.43
Epoch 063	LOSS: 81.64	MAE: 44.99	RMSE: 53.12
Epoch 064	LOSS: 81.29	MAE: 44.79	RMSE: 52.81
Epoch 065	LOSS: 80.79	MAE: 44.59	RMSE: 52.51
Epoch 066	LOSS: 80.60	MAE: 44.39	RMSE: 52.21
Epoch 067	LOSS: 80.20	MAE: 44.20	RMSE: 51.92
Epoch 068	LOSS: 79.88	MAE: 44.00	RMSE: 51.63
Epoch 069	LOSS: 79.65	MAE: 43.82	RMSE: 51.36
Epoch 070	LOSS: 78.90	MAE: 43.63	RMSE: 51.08
Epoch 071	LOSS: 78.60	MAE: 43.45	RMSE: 50.81
Epoch 072	LOSS: 78.26	MAE: 43.28	RMSE: 50.56
Epoch 073	LOSS: 78.38	MAE: 43.42	RMSE: 50.77
Epoch 074	LOSS: 78.19	MAE: 43.25	RMSE: 50.53
Epoch 075	LOSS: 77.50	MAE: 43.02	RMSE: 50.17
Epoch 076	LOSS: 77.31	MAE: 42.84	RMSE: 49.92
Epoch 077	LOSS: 77.05	MAE: 42.68	RMSE: 49.69
Epoch 078	LOSS: 76.60	MAE: 42.52	RMSE: 49.45
Epoch 079	LOSS: 76.51	MAE: 42.37	RMSE: 49.23
Epoch 080	LOSS: 76.07	MAE: 42.22	RMSE: 49.02
Epoch 081	LOSS: 75.74	MAE: 42.07	RMSE: 48.80
Epoch 082	LOSS: 75.62	MAE: 41.92	RMSE: 48.59
Epoch 083	LOSS: 75.35	MAE: 41.79	RMSE: 48.40
Epoch 084	LOSS: 74.81	MAE: 41.64	RMSE: 48.18
Epoch 085	LOSS: 74.66	MAE: 41.50	RMSE: 47.99
Epoch 086	LOSS: 74.43	MAE: 41.37	RMSE: 47.80
Epoch 087	LOSS: 74.20	MAE: 41.23	RMSE: 47.62
Epoch 088	LOSS: 73.94	MAE: 41.12	RMSE: 47.46
Epoch 089	LOSS: 73.69	MAE: 40.99	RMSE: 47.29
Epoch 090	LOSS: 73.47	MAE: 40.88	RMSE: 47.14
Epoch 091	LOSS: 73.14	MAE: 40.77	RMSE: 46.99
Epoch 092	LOSS: 73.12	MAE: 40.63	RMSE: 46.80
Epoch 093	LOSS: 72.90	MAE: 40.50	RMSE: 46.63
Epoch 094	LOSS: 72.38	MAE: 40.41	RMSE: 46.50
Epoch 095	LOSS: 72.24	MAE: 40.30	RMSE: 46.37
Epoch 096	LOSS: 71.95	MAE: 40.19	RMSE: 46.25
Epoch 097	LOSS: 71.86	MAE: 40.04	RMSE: 46.05
Epoch 098	LOSS: 71.25	MAE: 39.93	RMSE: 45.93
Epoch 099	LOSS: 69.25	MAE: 39.46	RMSE: 45.48
Epoch 100	LOSS: 62.99	MAE: 37.85	RMSE: 44.28
Epoch 101	LOSS: 61.95	MAE: 37.72	RMSE: 44.04
Epoch 102	LOSS: 61.20	MAE: 37.57	RMSE: 43.84
Epoch 103	LOSS: 60.52	MAE: 37.47	RMSE: 43.74
Epoch 104	LOSS: 60.04	MAE: 37.34	RMSE: 43.60
Epoch 105	LOSS: 59.61	MAE: 37.16	RMSE: 43.37
Epoch 106	LOSS: 58.95	MAE: 37.03	RMSE: 43.23
Epoch 107	LOSS: 58.59	MAE: 36.86	RMSE: 43.05
Epoch 108	LOSS: 58.02	MAE: 36.75	RMSE: 42.91
Epoch 109	LOSS: 57.31	MAE: 36.59	RMSE: 42.77
Epoch 110	LOSS: 57.42	MAE: 36.96	RMSE: 43.38
Epoch 111	LOSS: 50.47	MAE: 36.46	RMSE: 43.75
Epoch 112	LOSS: 47.27	MAE: 35.45	RMSE: 42.83
Epoch 113	LOSS: 45.42	MAE: 35.03	RMSE: 42.44
Epoch 114	LOSS: 45.00	MAE: 34.75	RMSE: 42.11
Epoch 115	LOSS: 44.02	MAE: 34.56	RMSE: 41.90
Epoch 116	LOSS: 43.14	MAE: 34.36	RMSE: 41.71
Epoch 117	LOSS: 42.34	MAE: 34.10	RMSE: 41.43
Epoch 118	LOSS: 41.58	MAE: 33.89	RMSE: 41.20
Epoch 119	LOSS: 40.72	MAE: 33.64	RMSE: 40.93
Epoch 120	LOSS: 40.07	MAE: 33.39	RMSE: 40.66
Epoch 121	LOSS: 39.23	MAE: 33.21	RMSE: 40.47
Epoch 122	LOSS: 38.85	MAE: 32.99	RMSE: 40.25
Epoch 123	LOSS: 38.14	MAE: 32.79	RMSE: 40.03
Epoch 124	LOSS: 37.55	MAE: 32.62	RMSE: 39.86
Epoch 125	LOSS: 36.86	MAE: 32.44	RMSE: 39.67
Epoch 126	LOSS: 36.34	MAE: 32.22	RMSE: 39.45
Epoch 127	LOSS: 35.71	MAE: 32.09	RMSE: 39.34
Epoch 128	LOSS: 35.26	MAE: 31.93	RMSE: 39.17
Epoch 129	LOSS: 34.64	MAE: 31.77	RMSE: 39.01
Epoch 130	LOSS: 34.28	MAE: 31.61	RMSE: 38.87
Epoch 131	LOSS: 33.70	MAE: 31.45	RMSE: 38.73
Epoch 132	LOSS: 33.17	MAE: 31.28	RMSE: 38.57
Epoch 133	LOSS: 32.70	MAE: 31.13	RMSE: 38.44
Epoch 134	LOSS: 32.33	MAE: 31.02	RMSE: 38.35
Epoch 135	LOSS: 31.79	MAE: 30.87	RMSE: 38.24
Epoch 136	LOSS: 31.38	MAE: 30.73	RMSE: 38.12
Epoch 137	LOSS: 30.93	MAE: 30.61	RMSE: 38.03
Epoch 138	LOSS: 30.62	MAE: 30.50	RMSE: 37.95
Epoch 139	LOSS: 30.27	MAE: 30.37	RMSE: 37.86
Epoch 140	LOSS: 29.79	MAE: 30.35	RMSE: 37.83
Epoch 141	LOSS: 29.48	MAE: 30.23	RMSE: 37.74
Epoch 142	LOSS: 29.18	MAE: 30.15	RMSE: 37.68
Epoch 143	LOSS: 28.89	MAE: 30.04	RMSE: 37.62
Epoch 144	LOSS: 28.61	MAE: 29.93	RMSE: 37.55
Epoch 145	LOSS: 28.25	MAE: 29.87	RMSE: 37.52
Epoch 146	LOSS: 27.92	MAE: 29.76	RMSE: 37.46
Epoch 147	LOSS: 27.57	MAE: 29.70	RMSE: 37.41
Epoch 148	LOSS: 27.37	MAE: 29.60	RMSE: 37.36
Epoch 149	LOSS: 27.09	MAE: 29.54	RMSE: 37.34
Epoch 150	LOSS: 26.86	MAE: 29.48	RMSE: 37.31
Epoch 151	LOSS: 26.58	MAE: 29.42	RMSE: 37.31
Epoch 152	LOSS: 26.36	MAE: 29.38	RMSE: 37.31
Epoch 153	LOSS: 26.11	MAE: 29.29	RMSE: 37.26
Epoch 154	LOSS: 25.93	MAE: 29.23	RMSE: 37.25
Epoch 155	LOSS: 25.81	MAE: 29.18	RMSE: 37.24
Epoch 156	LOSS: 25.55	MAE: 29.15	RMSE: 37.25
Epoch 157	LOSS: 25.27	MAE: 29.11	RMSE: 37.25
Epoch 158	LOSS: 25.18	MAE: 29.07	RMSE: 37.25
Epoch 159	LOSS: 24.98	MAE: 29.02	RMSE: 37.23
Epoch 160	LOSS: 24.85	MAE: 28.99	RMSE: 37.26
Epoch 161	LOSS: 24.58	MAE: 28.92	RMSE: 37.23
Epoch 162	LOSS: 24.55	MAE: 28.91	RMSE: 37.20
Epoch 163	LOSS: 24.38	MAE: 28.87	RMSE: 37.19
Epoch 164	LOSS: 24.24	MAE: 28.82	RMSE: 37.17
Epoch 165	LOSS: 24.15	MAE: 28.78	RMSE: 37.15
Epoch 166	LOSS: 24.00	MAE: 28.77	RMSE: 37.21
Epoch 167	LOSS: 23.82	MAE: 28.74	RMSE: 37.22
Epoch 168	LOSS: 23.75	MAE: 28.74	RMSE: 37.25
Epoch 169	LOSS: 23.58	MAE: 28.70	RMSE: 37.24
Epoch 170	LOSS: 23.59	MAE: 28.69	RMSE: 37.26
Epoch 171	LOSS: 23.43	MAE: 28.68	RMSE: 37.29
Epoch 172	LOSS: 23.41	MAE: 28.66	RMSE: 37.31
Epoch 173	LOSS: 23.29	MAE: 28.63	RMSE: 37.31
Epoch 174	LOSS: 23.15	MAE: 28.63	RMSE: 37.35
Epoch 175	LOSS: 23.13	MAE: 28.61	RMSE: 37.35
Epoch 176	LOSS: 23.04	MAE: 28.61	RMSE: 37.37
Epoch 177	LOSS: 23.02	MAE: 28.60	RMSE: 37.37
Epoch 178	LOSS: 22.92	MAE: 28.58	RMSE: 37.41
Epoch 179	LOSS: 22.88	MAE: 28.56	RMSE: 37.41
Epoch 180	LOSS: 22.84	MAE: 28.56	RMSE: 37.43
Epoch 181	LOSS: 22.70	MAE: 28.54	RMSE: 37.45
Epoch 182	LOSS: 22.83	MAE: 28.53	RMSE: 37.48
Epoch 183	LOSS: 22.65	MAE: 28.52	RMSE: 37.50
Epoch 184	LOSS: 22.65	MAE: 28.52	RMSE: 37.49
Epoch 185	LOSS: 22.54	MAE: 28.50	RMSE: 37.53
Epoch 186	LOSS: 22.60	MAE: 28.49	RMSE: 37.52
Epoch 187	LOSS: 22.51	MAE: 28.51	RMSE: 37.59
Epoch 188	LOSS: 22.49	MAE: 28.51	RMSE: 37.62
Epoch 189	LOSS: 22.36	MAE: 28.48	RMSE: 37.63
Epoch 190	LOSS: 22.45	MAE: 28.47	RMSE: 37.63
Epoch 191	LOSS: 22.31	MAE: 28.46	RMSE: 37.61
Epoch 192	LOSS: 22.37	MAE: 28.48	RMSE: 37.71
Epoch 193	LOSS: 22.26	MAE: 28.46	RMSE: 37.70
Epoch 194	LOSS: 22.30	MAE: 28.45	RMSE: 37.70
Epoch 195	LOSS: 22.16	MAE: 28.48	RMSE: 37.76
Epoch 196	LOSS: 22.20	MAE: 28.46	RMSE: 37.78
Epoch 197	LOSS: 22.19	MAE: 28.46	RMSE: 37.79
Epoch 198	LOSS: 22.16	MAE: 28.47	RMSE: 37.82
Epoch 199	LOSS: 22.07	MAE: 28.49	RMSE: 37.86
Epoch 200	LOSS: 22.08	MAE: 28.47	RMSE: 37.83
Epoch 201	LOSS: 22.07	MAE: 28.45	RMSE: 37.82
Epoch 202	LOSS: 22.05	MAE: 28.41	RMSE: 37.66
Epoch 203	LOSS: 22.10	MAE: 28.42	RMSE: 37.73
Epoch 204	LOSS: 22.01	MAE: 28.38	RMSE: 37.66
Epoch 205	LOSS: 22.01	MAE: 28.40	RMSE: 37.71
Epoch 206	LOSS: 21.95	MAE: 28.39	RMSE: 37.71
Epoch 207	LOSS: 21.90	MAE: 28.44	RMSE: 37.90
Epoch 208	LOSS: 21.92	MAE: 28.40	RMSE: 37.83
Epoch 209	LOSS: 21.90	MAE: 28.40	RMSE: 37.80
Epoch 210	LOSS: 21.86	MAE: 28.40	RMSE: 37.75
Epoch 211	LOSS: 21.89	MAE: 28.41	RMSE: 37.83
Epoch 212	LOSS: 21.90	MAE: 28.40	RMSE: 37.83
Epoch 213	LOSS: 21.88	MAE: 28.40	RMSE: 37.86
Epoch 214	LOSS: 21.77	MAE: 28.36	RMSE: 37.62
Epoch 215	LOSS: 21.79	MAE: 28.36	RMSE: 37.62
Epoch 216	LOSS: 21.80	MAE: 28.36	RMSE: 37.63
Epoch 217	LOSS: 21.76	MAE: 28.34	RMSE: 37.60
Epoch 218	LOSS: 21.84	MAE: 28.32	RMSE: 37.29
Epoch 219	LOSS: 21.72	MAE: 28.36	RMSE: 37.65
Epoch 220	LOSS: 21.75	MAE: 28.34	RMSE: 37.65
Epoch 221	LOSS: 21.68	MAE: 28.34	RMSE: 37.66
Epoch 222	LOSS: 21.76	MAE: 28.35	RMSE: 37.69
Epoch 223	LOSS: 21.67	MAE: 28.35	RMSE: 37.69
Epoch 224	LOSS: 21.57	MAE: 28.37	RMSE: 37.72
Epoch 225	LOSS: 21.67	MAE: 28.34	RMSE: 37.59
Epoch 226	LOSS: 21.69	MAE: 28.36	RMSE: 37.73
Epoch 227	LOSS: 21.69	MAE: 28.37	RMSE: 37.76
Epoch 228	LOSS: 21.64	MAE: 28.32	RMSE: 37.60
Epoch 229	LOSS: 21.66	MAE: 28.34	RMSE: 37.65
Epoch 230	LOSS: 21.66	MAE: 28.33	RMSE: 37.68
Epoch 231	LOSS: 21.61	MAE: 28.35	RMSE: 37.75
Epoch 232	LOSS: 21.57	MAE: 28.35	RMSE: 37.73
Epoch 233	LOSS: 21.59	MAE: 28.35	RMSE: 37.75
Epoch 234	LOSS: 21.55	MAE: 28.33	RMSE: 37.70
Epoch 235	LOSS: 21.59	MAE: 28.35	RMSE: 37.74
Epoch 236	LOSS: 21.54	MAE: 28.33	RMSE: 37.74
Epoch 237	LOSS: 21.51	MAE: 28.33	RMSE: 37.58
Epoch 238	LOSS: 21.48	MAE: 28.32	RMSE: 37.61
Epoch 239	LOSS: 21.56	MAE: 28.30	RMSE: 37.49
Epoch 240	LOSS: 21.51	MAE: 28.26	RMSE: 37.33
Epoch 241	LOSS: 21.54	MAE: 28.27	RMSE: 37.38
Epoch 242	LOSS: 21.53	MAE: 28.29	RMSE: 37.39
Epoch 243	LOSS: 21.55	MAE: 28.29	RMSE: 37.31
Epoch 244	LOSS: 21.55	MAE: 28.26	RMSE: 37.16
Epoch 245	LOSS: 21.51	MAE: 28.25	RMSE: 37.15
Epoch 246	LOSS: 21.42	MAE: 28.26	RMSE: 37.13
Epoch 247	LOSS: 21.41	MAE: 28.23	RMSE: 37.14
Epoch 248	LOSS: 21.55	MAE: 28.25	RMSE: 37.04
Epoch 249	LOSS: 21.43	MAE: 28.26	RMSE: 37.09
Epoch 250	LOSS: 21.52	MAE: 28.24	RMSE: 37.13
Epoch 251	LOSS: 21.50	MAE: 28.24	RMSE: 37.10
Epoch 252	LOSS: 21.45	MAE: 28.24	RMSE: 37.15
Epoch 253	LOSS: 21.36	MAE: 28.24	RMSE: 37.09
Epoch 254	LOSS: 21.48	MAE: 28.25	RMSE: 37.12
Epoch 255	LOSS: 21.48	MAE: 28.22	RMSE: 37.09
Epoch 256	LOSS: 21.38	MAE: 28.24	RMSE: 37.12
Epoch 257	LOSS: 21.44	MAE: 28.24	RMSE: 37.11
Epoch 258	LOSS: 21.33	MAE: 28.23	RMSE: 37.07
Epoch 259	LOSS: 21.32	MAE: 28.22	RMSE: 36.93
Epoch 260	LOSS: 21.41	MAE: 28.22	RMSE: 37.03
Epoch 261	LOSS: 21.33	MAE: 28.24	RMSE: 36.96
Epoch 262	LOSS: 21.36	MAE: 28.23	RMSE: 36.72
Epoch 263	LOSS: 21.40	MAE: 28.25	RMSE: 36.85
Epoch 264	LOSS: 21.35	MAE: 28.24	RMSE: 36.85
Epoch 265	LOSS: 21.34	MAE: 28.22	RMSE: 36.89
Epoch 266	LOSS: 21.38	MAE: 28.22	RMSE: 36.84
Epoch 267	LOSS: 21.35	MAE: 28.21	RMSE: 36.84
Epoch 268	LOSS: 21.38	MAE: 28.23	RMSE: 36.87
Epoch 269	LOSS: 21.37	MAE: 28.20	RMSE: 36.86
Epoch 270	LOSS: 21.43	MAE: 28.26	RMSE: 36.76
Epoch 271	LOSS: 21.25	MAE: 28.25	RMSE: 36.72
Epoch 272	LOSS: 21.42	MAE: 28.25	RMSE: 36.65
Epoch 273	LOSS: 21.26	MAE: 28.24	RMSE: 36.67
Epoch 274	LOSS: 21.22	MAE: 28.24	RMSE: 36.68
Epoch 275	LOSS: 21.31	MAE: 28.27	RMSE: 36.72
Epoch 276	LOSS: 21.23	MAE: 28.23	RMSE: 36.70
Epoch 277	LOSS: 21.23	MAE: 28.24	RMSE: 36.69
Epoch 278	LOSS: 21.26	MAE: 28.24	RMSE: 36.67
Epoch 279	LOSS: 21.27	MAE: 28.25	RMSE: 36.66
Epoch 280	LOSS: 21.24	MAE: 28.22	RMSE: 36.66
Epoch 281	LOSS: 21.22	MAE: 28.23	RMSE: 36.67
Epoch 282	LOSS: 21.16	MAE: 28.24	RMSE: 36.68
Epoch 283	LOSS: 21.22	MAE: 28.23	RMSE: 36.70
Epoch 284	LOSS: 21.20	MAE: 28.23	RMSE: 36.70
Epoch 285	LOSS: 21.23	MAE: 28.25	RMSE: 36.72
Epoch 286	LOSS: 21.25	MAE: 28.24	RMSE: 36.69
Epoch 287	LOSS: 21.24	MAE: 28.25	RMSE: 36.72
Epoch 288	LOSS: 21.24	MAE: 28.25	RMSE: 36.74
Epoch 289	LOSS: 21.13	MAE: 28.23	RMSE: 36.74
Epoch 290	LOSS: 21.09	MAE: 28.22	RMSE: 36.77
Epoch 291	LOSS: 21.15	MAE: 28.21	RMSE: 36.69
Epoch 292	LOSS: 21.19	MAE: 28.25	RMSE: 36.73
Epoch 293	LOSS: 21.18	MAE: 28.20	RMSE: 36.71
Epoch 294	LOSS: 21.14	MAE: 28.18	RMSE: 36.65
Epoch 295	LOSS: 21.12	MAE: 28.21	RMSE: 36.69
Epoch 296	LOSS: 21.16	MAE: 28.22	RMSE: 36.70
Epoch 297	LOSS: 21.11	MAE: 28.21	RMSE: 36.72
Epoch 298	LOSS: 21.13	MAE: 28.20	RMSE: 36.64
Epoch 299	LOSS: 21.12	MAE: 28.22	RMSE: 36.78
Epoch 300	LOSS: 21.15	MAE: 28.18	RMSE: 36.72
Epoch 301	LOSS: 21.13	MAE: 28.19	RMSE: 36.75
Epoch 302	LOSS: 21.09	MAE: 28.18	RMSE: 36.74
Epoch 303	LOSS: 21.09	MAE: 28.21	RMSE: 36.73
Epoch 304	LOSS: 20.98	MAE: 28.21	RMSE: 36.74
Epoch 305	LOSS: 21.01	MAE: 28.18	RMSE: 36.76
Epoch 306	LOSS: 21.03	MAE: 28.16	RMSE: 36.75
Epoch 307	LOSS: 20.96	MAE: 28.14	RMSE: 36.72
Epoch 308	LOSS: 21.03	MAE: 28.19	RMSE: 36.73
Epoch 309	LOSS: 20.96	MAE: 28.17	RMSE: 36.72
Epoch 310	LOSS: 20.94	MAE: 28.17	RMSE: 36.72
Epoch 311	LOSS: 20.93	MAE: 28.15	RMSE: 36.75
Epoch 312	LOSS: 20.96	MAE: 28.15	RMSE: 36.72
Epoch 313	LOSS: 20.92	MAE: 28.16	RMSE: 36.76
Epoch 314	LOSS: 20.89	MAE: 28.14	RMSE: 36.76
Epoch 315	LOSS: 20.96	MAE: 28.13	RMSE: 36.73
Epoch 316	LOSS: 20.88	MAE: 28.13	RMSE: 36.75
Epoch 317	LOSS: 20.83	MAE: 28.14	RMSE: 36.76
Epoch 318	LOSS: 20.82	MAE: 28.15	RMSE: 36.72
Epoch 319	LOSS: 20.85	MAE: 28.13	RMSE: 36.74
Epoch 320	LOSS: 20.88	MAE: 28.11	RMSE: 36.75
Epoch 321	LOSS: 20.74	MAE: 28.12	RMSE: 36.73
Epoch 322	LOSS: 20.80	MAE: 28.12	RMSE: 36.73
Epoch 323	LOSS: 20.66	MAE: 28.09	RMSE: 36.72
Epoch 324	LOSS: 20.69	MAE: 28.12	RMSE: 36.74
Epoch 325	LOSS: 20.79	MAE: 28.12	RMSE: 36.75
Epoch 326	LOSS: 20.65	MAE: 28.08	RMSE: 36.76
Epoch 327	LOSS: 20.64	MAE: 28.09	RMSE: 36.71
Epoch 328	LOSS: 20.63	MAE: 28.06	RMSE: 36.73
Epoch 329	LOSS: 20.57	MAE: 28.07	RMSE: 36.73
Epoch 330	LOSS: 20.67	MAE: 28.05	RMSE: 36.72
Epoch 331	LOSS: 20.59	MAE: 28.05	RMSE: 36.70
Epoch 332	LOSS: 20.57	MAE: 28.06	RMSE: 36.74
Epoch 333	LOSS: 20.60	MAE: 28.07	RMSE: 36.72
Epoch 334	LOSS: 20.55	MAE: 28.06	RMSE: 36.72
Epoch 335	LOSS: 20.46	MAE: 28.06	RMSE: 36.73
Epoch 336	LOSS: 20.47	MAE: 28.05	RMSE: 36.75
Epoch 337	LOSS: 20.52	MAE: 28.06	RMSE: 36.73
Epoch 338	LOSS: 20.52	MAE: 28.04	RMSE: 36.73
Epoch 339	LOSS: 20.46	MAE: 28.04	RMSE: 36.72
Epoch 340	LOSS: 20.42	MAE: 28.02	RMSE: 36.73
Epoch 341	LOSS: 20.50	MAE: 28.04	RMSE: 36.71
Epoch 342	LOSS: 20.43	MAE: 28.02	RMSE: 36.71
Epoch 343	LOSS: 20.44	MAE: 28.02	RMSE: 36.72
Epoch 344	LOSS: 20.54	MAE: 28.01	RMSE: 36.72
Epoch 345	LOSS: 20.33	MAE: 28.00	RMSE: 36.71
Epoch 346	LOSS: 20.37	MAE: 28.00	RMSE: 36.73
Epoch 347	LOSS: 20.28	MAE: 27.99	RMSE: 36.72
Epoch 348	LOSS: 20.33	MAE: 27.98	RMSE: 36.71
Epoch 349	LOSS: 20.26	MAE: 27.98	RMSE: 36.72
Epoch 350	LOSS: 20.27	MAE: 27.98	RMSE: 36.73
Epoch 351	LOSS: 20.28	MAE: 28.00	RMSE: 36.75
Epoch 352	LOSS: 20.31	MAE: 28.00	RMSE: 36.76
Epoch 353	LOSS: 20.25	MAE: 27.99	RMSE: 36.74
Epoch 354	LOSS: 20.25	MAE: 27.99	RMSE: 36.72
Epoch 355	LOSS: 20.22	MAE: 27.98	RMSE: 36.70
Epoch 356	LOSS: 20.27	MAE: 27.97	RMSE: 36.68
Epoch 357	LOSS: 20.17	MAE: 27.98	RMSE: 36.52
Epoch 358	LOSS: 20.24	MAE: 27.97	RMSE: 36.50
Epoch 359	LOSS: 20.23	MAE: 27.98	RMSE: 36.52
Epoch 360	LOSS: 20.21	MAE: 27.97	RMSE: 36.51
Epoch 361	LOSS: 20.20	MAE: 27.99	RMSE: 36.52
Epoch 362	LOSS: 20.14	MAE: 27.97	RMSE: 36.52
Epoch 363	LOSS: 20.13	MAE: 27.97	RMSE: 36.51
Epoch 364	LOSS: 20.15	MAE: 27.99	RMSE: 36.54
Epoch 365	LOSS: 20.09	MAE: 27.95	RMSE: 36.51
Epoch 366	LOSS: 20.17	MAE: 27.94	RMSE: 36.49
Epoch 367	LOSS: 20.05	MAE: 27.95	RMSE: 36.51
Epoch 368	LOSS: 20.16	MAE: 27.95	RMSE: 36.52
Epoch 369	LOSS: 20.03	MAE: 27.93	RMSE: 36.50
Epoch 370	LOSS: 20.16	MAE: 27.95	RMSE: 36.52
Epoch 371	LOSS: 20.14	MAE: 27.95	RMSE: 36.49
Epoch 372	LOSS: 20.10	MAE: 27.93	RMSE: 36.50
Epoch 373	LOSS: 20.08	MAE: 27.92	RMSE: 36.51
Epoch 374	LOSS: 20.08	MAE: 27.93	RMSE: 36.52
Epoch 375	LOSS: 20.10	MAE: 27.94	RMSE: 36.54
Epoch 376	LOSS: 20.06	MAE: 27.93	RMSE: 36.49
Epoch 377	LOSS: 19.96	MAE: 27.93	RMSE: 36.54
Epoch 378	LOSS: 20.11	MAE: 27.92	RMSE: 36.51
Epoch 379	LOSS: 19.97	MAE: 27.93	RMSE: 36.51
Epoch 380	LOSS: 19.96	MAE: 27.92	RMSE: 36.51
Epoch 381	LOSS: 19.94	MAE: 27.93	RMSE: 36.53
Epoch 382	LOSS: 19.99	MAE: 27.92	RMSE: 36.55
Epoch 383	LOSS: 19.95	MAE: 27.95	RMSE: 36.52
Epoch 384	LOSS: 19.93	MAE: 27.92	RMSE: 36.50
Epoch 385	LOSS: 19.87	MAE: 27.90	RMSE: 36.54
Epoch 386	LOSS: 19.97	MAE: 27.93	RMSE: 36.57
Epoch 387	LOSS: 19.91	MAE: 27.90	RMSE: 36.50
Epoch 388	LOSS: 19.80	MAE: 27.90	RMSE: 36.51
Epoch 389	LOSS: 19.92	MAE: 27.88	RMSE: 36.51
Epoch 390	LOSS: 19.99	MAE: 27.88	RMSE: 36.53
Epoch 391	LOSS: 19.86	MAE: 27.90	RMSE: 36.52
Epoch 392	LOSS: 19.91	MAE: 27.89	RMSE: 36.53
Epoch 393	LOSS: 19.92	MAE: 27.90	RMSE: 36.55
Epoch 394	LOSS: 19.83	MAE: 27.88	RMSE: 36.51
Epoch 395	LOSS: 19.81	MAE: 27.88	RMSE: 36.50
Epoch 396	LOSS: 19.86	MAE: 27.86	RMSE: 36.51
Epoch 397	LOSS: 19.82	MAE: 27.88	RMSE: 36.53
Epoch 398	LOSS: 19.79	MAE: 27.86	RMSE: 36.49
Epoch 399	LOSS: 19.74	MAE: 27.87	RMSE: 36.54
Epoch 400	LOSS: 19.77	MAE: 27.87	RMSE: 36.50
Epoch 401	LOSS: 19.75	MAE: 27.87	RMSE: 36.50
Epoch 402	LOSS: 19.78	MAE: 27.87	RMSE: 36.54
Epoch 403	LOSS: 19.76	MAE: 27.87	RMSE: 36.49
Epoch 404	LOSS: 19.79	MAE: 27.86	RMSE: 36.53
Epoch 405	LOSS: 19.75	MAE: 27.87	RMSE: 36.50
Epoch 406	LOSS: 19.72	MAE: 27.87	RMSE: 36.49
Epoch 407	LOSS: 19.67	MAE: 27.88	RMSE: 36.43
Epoch 408	LOSS: 19.68	MAE: 27.85	RMSE: 36.48
Epoch 409	LOSS: 19.70	MAE: 27.86	RMSE: 36.50
Epoch 410	LOSS: 19.67	MAE: 27.84	RMSE: 36.50
Epoch 411	LOSS: 19.62	MAE: 27.83	RMSE: 36.47
Epoch 412	LOSS: 19.68	MAE: 27.82	RMSE: 36.48
Epoch 413	LOSS: 19.61	MAE: 27.82	RMSE: 36.49
Epoch 414	LOSS: 19.62	MAE: 27.83	RMSE: 36.50
Epoch 415	LOSS: 19.65	MAE: 27.81	RMSE: 36.48
Epoch 416	LOSS: 19.55	MAE: 27.82	RMSE: 36.50
Epoch 417	LOSS: 19.62	MAE: 27.83	RMSE: 36.51
Epoch 418	LOSS: 19.60	MAE: 27.81	RMSE: 36.50
Epoch 419	LOSS: 19.54	MAE: 27.83	RMSE: 36.52
Epoch 420	LOSS: 19.55	MAE: 27.82	RMSE: 36.51
Epoch 421	LOSS: 19.59	MAE: 27.81	RMSE: 36.51
Epoch 422	LOSS: 19.59	MAE: 27.81	RMSE: 36.51
Epoch 423	LOSS: 19.53	MAE: 27.80	RMSE: 36.50
Epoch 424	LOSS: 19.54	MAE: 27.78	RMSE: 36.48
Epoch 425	LOSS: 19.54	MAE: 27.83	RMSE: 36.53
Epoch 426	LOSS: 19.56	MAE: 27.78	RMSE: 36.49
Epoch 427	LOSS: 19.43	MAE: 27.78	RMSE: 36.50
Epoch 428	LOSS: 19.42	MAE: 27.80	RMSE: 36.52
Epoch 429	LOSS: 19.44	MAE: 27.78	RMSE: 36.50
Epoch 430	LOSS: 19.46	MAE: 27.77	RMSE: 36.52
Epoch 431	LOSS: 19.49	MAE: 27.77	RMSE: 36.51
Epoch 432	LOSS: 19.37	MAE: 27.77	RMSE: 36.49
Epoch 433	LOSS: 19.39	MAE: 27.76	RMSE: 36.49
Epoch 434	LOSS: 19.39	MAE: 27.76	RMSE: 36.49
Epoch 435	LOSS: 19.38	MAE: 27.77	RMSE: 36.49
Epoch 436	LOSS: 19.37	MAE: 27.74	RMSE: 36.49
Epoch 437	LOSS: 19.40	MAE: 27.75	RMSE: 36.51
Epoch 438	LOSS: 19.37	MAE: 27.75	RMSE: 36.51
Epoch 439	LOSS: 19.30	MAE: 27.74	RMSE: 36.49
Epoch 440	LOSS: 19.33	MAE: 27.75	RMSE: 36.51
Epoch 441	LOSS: 19.43	MAE: 27.76	RMSE: 36.54
Epoch 442	LOSS: 19.31	MAE: 27.75	RMSE: 36.53
Epoch 443	LOSS: 19.37	MAE: 27.78	RMSE: 36.49
Epoch 444	LOSS: 19.33	MAE: 27.76	RMSE: 36.50
Epoch 445	LOSS: 19.34	MAE: 27.72	RMSE: 36.46
Epoch 446	LOSS: 19.32	MAE: 27.75	RMSE: 36.54
Epoch 447	LOSS: 19.29	MAE: 27.73	RMSE: 36.52
Epoch 448	LOSS: 19.31	MAE: 27.73	RMSE: 36.54
Epoch 449	LOSS: 19.26	MAE: 27.72	RMSE: 36.53
Epoch 450	LOSS: 19.23	MAE: 27.73	RMSE: 36.56
Epoch 451	LOSS: 19.20	MAE: 27.71	RMSE: 36.54
Epoch 452	LOSS: 19.24	MAE: 27.73	RMSE: 36.49
Epoch 453	LOSS: 19.27	MAE: 27.72	RMSE: 36.53
Epoch 454	LOSS: 19.24	MAE: 27.71	RMSE: 36.48
Epoch 455	LOSS: 19.27	MAE: 27.69	RMSE: 36.48
Epoch 456	LOSS: 19.19	MAE: 27.73	RMSE: 36.49
Epoch 457	LOSS: 19.17	MAE: 27.72	RMSE: 36.52
Epoch 458	LOSS: 19.15	MAE: 27.70	RMSE: 36.49
Epoch 459	LOSS: 19.12	MAE: 27.70	RMSE: 36.47
Epoch 460	LOSS: 19.23	MAE: 27.71	RMSE: 36.48
Epoch 461	LOSS: 19.10	MAE: 27.69	RMSE: 36.49
Epoch 462	LOSS: 19.13	MAE: 27.71	RMSE: 36.54
Epoch 463	LOSS: 19.07	MAE: 27.68	RMSE: 36.55
Epoch 464	LOSS: 19.11	MAE: 27.68	RMSE: 36.51
Epoch 465	LOSS: 19.02	MAE: 27.69	RMSE: 36.55
Epoch 466	LOSS: 19.02	MAE: 27.72	RMSE: 36.54
Epoch 467	LOSS: 19.05	MAE: 27.68	RMSE: 36.48
Epoch 468	LOSS: 19.05	MAE: 27.68	RMSE: 36.51
Epoch 469	LOSS: 18.96	MAE: 27.66	RMSE: 36.49
Epoch 470	LOSS: 18.94	MAE: 27.66	RMSE: 36.56
Epoch 471	LOSS: 18.94	MAE: 27.64	RMSE: 36.53
Epoch 472	LOSS: 18.99	MAE: 27.65	RMSE: 36.50
Epoch 473	LOSS: 18.88	MAE: 27.67	RMSE: 36.54
Epoch 474	LOSS: 18.94	MAE: 27.63	RMSE: 36.51
Epoch 475	LOSS: 18.93	MAE: 27.65	RMSE: 36.53
Epoch 476	LOSS: 18.88	MAE: 27.65	RMSE: 36.52
Epoch 477	LOSS: 18.90	MAE: 27.63	RMSE: 36.54
Epoch 478	LOSS: 18.87	MAE: 27.64	RMSE: 36.54
Epoch 479	LOSS: 18.78	MAE: 27.64	RMSE: 36.55
Epoch 480	LOSS: 18.88	MAE: 27.61	RMSE: 36.48
Epoch 481	LOSS: 18.76	MAE: 27.64	RMSE: 36.49
Epoch 482	LOSS: 18.76	MAE: 27.61	RMSE: 36.58
Epoch 483	LOSS: 18.86	MAE: 27.60	RMSE: 36.48
Epoch 484	LOSS: 18.74	MAE: 27.63	RMSE: 36.61
Epoch 485	LOSS: 18.66	MAE: 27.62	RMSE: 36.50
Epoch 486	LOSS: 18.74	MAE: 27.62	RMSE: 36.54
Epoch 487	LOSS: 18.69	MAE: 27.60	RMSE: 36.53
Epoch 488	LOSS: 18.65	MAE: 27.58	RMSE: 36.49
Epoch 489	LOSS: 18.57	MAE: 27.64	RMSE: 36.38
Epoch 490	LOSS: 18.73	MAE: 27.68	RMSE: 36.31
Epoch 491	LOSS: 18.53	MAE: 27.65	RMSE: 36.29
Epoch 492	LOSS: 18.51	MAE: 27.60	RMSE: 36.33
Epoch 493	LOSS: 18.53	MAE: 27.62	RMSE: 36.27
Epoch 494	LOSS: 18.48	MAE: 27.62	RMSE: 36.35
Epoch 495	LOSS: 18.48	MAE: 27.62	RMSE: 36.35
Epoch 496	LOSS: 18.41	MAE: 27.60	RMSE: 36.28
Epoch 497	LOSS: 18.45	MAE: 27.59	RMSE: 36.29
Epoch 498	LOSS: 18.41	MAE: 27.61	RMSE: 36.36
Epoch 499	LOSS: 18.30	MAE: 27.57	RMSE: 36.34
Epoch 500	LOSS: 18.32	MAE: 27.58	RMSE: 36.38
Epoch 501	LOSS: 18.24	MAE: 27.60	RMSE: 36.31
Epoch 502	LOSS: 18.31	MAE: 27.56	RMSE: 36.38
Epoch 503	LOSS: 18.25	MAE: 27.57	RMSE: 36.38
Epoch 504	LOSS: 18.14	MAE: 27.62	RMSE: 36.30
Epoch 505	LOSS: 18.18	MAE: 27.56	RMSE: 36.39
Epoch 506	LOSS: 18.07	MAE: 27.55	RMSE: 36.36
Epoch 507	LOSS: 18.06	MAE: 27.55	RMSE: 36.39
Epoch 508	LOSS: 17.99	MAE: 27.53	RMSE: 36.38
Epoch 509	LOSS: 17.99	MAE: 27.53	RMSE: 36.38
Epoch 510	LOSS: 18.08	MAE: 27.60	RMSE: 36.26
Epoch 511	LOSS: 17.96	MAE: 27.59	RMSE: 36.25
Epoch 512	LOSS: 17.92	MAE: 27.58	RMSE: 36.24
Epoch 513	LOSS: 17.95	MAE: 27.57	RMSE: 36.24
Epoch 514	LOSS: 17.95	MAE: 27.56	RMSE: 36.25
Epoch 515	LOSS: 17.90	MAE: 27.56	RMSE: 36.26
Epoch 516	LOSS: 17.83	MAE: 27.57	RMSE: 36.28
Epoch 517	LOSS: 17.82	MAE: 27.54	RMSE: 36.25
Epoch 518	LOSS: 17.83	MAE: 27.56	RMSE: 36.28
Epoch 519	LOSS: 17.76	MAE: 27.55	RMSE: 36.27
Epoch 520	LOSS: 17.80	MAE: 27.55	RMSE: 36.28
Epoch 521	LOSS: 17.76	MAE: 27.55	RMSE: 36.29
Epoch 522	LOSS: 17.68	MAE: 27.53	RMSE: 36.26
Epoch 523	LOSS: 17.66	MAE: 27.51	RMSE: 36.27
Epoch 524	LOSS: 17.65	MAE: 27.51	RMSE: 36.29
Epoch 525	LOSS: 17.63	MAE: 27.51	RMSE: 36.29
Epoch 526	LOSS: 17.55	MAE: 27.50	RMSE: 36.29
Epoch 527	LOSS: 17.61	MAE: 27.47	RMSE: 36.27
Epoch 528	LOSS: 17.49	MAE: 27.48	RMSE: 36.29
Epoch 529	LOSS: 17.52	MAE: 27.49	RMSE: 36.31
Epoch 530	LOSS: 17.50	MAE: 27.49	RMSE: 36.32
Epoch 531	LOSS: 17.49	MAE: 27.47	RMSE: 36.31
Epoch 532	LOSS: 17.40	MAE: 27.45	RMSE: 36.28
Epoch 533	LOSS: 17.49	MAE: 27.48	RMSE: 36.32
Epoch 534	LOSS: 17.44	MAE: 27.47	RMSE: 36.33
Epoch 535	LOSS: 17.46	MAE: 27.45	RMSE: 36.31
Epoch 536	LOSS: 17.34	MAE: 27.45	RMSE: 36.34
Epoch 537	LOSS: 17.39	MAE: 27.45	RMSE: 36.33
Epoch 538	LOSS: 17.31	MAE: 27.44	RMSE: 36.34
Epoch 539	LOSS: 17.32	MAE: 27.45	RMSE: 36.37
Epoch 540	LOSS: 17.34	MAE: 27.43	RMSE: 36.36
Epoch 541	LOSS: 17.33	MAE: 27.43	RMSE: 36.37
Epoch 542	LOSS: 17.29	MAE: 27.44	RMSE: 36.42
Epoch 543	LOSS: 17.23	MAE: 27.45	RMSE: 36.42
Epoch 544	LOSS: 17.22	MAE: 27.42	RMSE: 36.39
Epoch 545	LOSS: 17.24	MAE: 27.38	RMSE: 36.35
Epoch 546	LOSS: 17.24	MAE: 27.42	RMSE: 36.29
Epoch 547	LOSS: 17.28	MAE: 27.39	RMSE: 36.37
Epoch 548	LOSS: 17.18	MAE: 27.40	RMSE: 36.38
Epoch 549	LOSS: 17.14	MAE: 27.41	RMSE: 36.42
Epoch 550	LOSS: 17.19	MAE: 27.37	RMSE: 36.47
Epoch 551	LOSS: 17.16	MAE: 27.38	RMSE: 36.36
Epoch 552	LOSS: 17.12	MAE: 27.38	RMSE: 36.39
Epoch 553	LOSS: 17.11	MAE: 27.36	RMSE: 36.38
Epoch 554	LOSS: 17.02	MAE: 27.39	RMSE: 36.40
Epoch 555	LOSS: 17.09	MAE: 27.37	RMSE: 36.40
Epoch 556	LOSS: 17.01	MAE: 27.37	RMSE: 36.41
Epoch 557	LOSS: 17.04	MAE: 27.37	RMSE: 36.41
Epoch 558	LOSS: 17.10	MAE: 27.36	RMSE: 36.33
Epoch 559	LOSS: 17.04	MAE: 27.35	RMSE: 36.40
Epoch 560	LOSS: 17.05	MAE: 27.36	RMSE: 36.41
Epoch 561	LOSS: 16.99	MAE: 27.38	RMSE: 36.44
Epoch 562	LOSS: 16.91	MAE: 27.34	RMSE: 36.41
Epoch 563	LOSS: 16.97	MAE: 27.36	RMSE: 36.39
Epoch 564	LOSS: 16.92	MAE: 27.34	RMSE: 36.38
Epoch 565	LOSS: 16.90	MAE: 27.33	RMSE: 36.43
Epoch 566	LOSS: 16.95	MAE: 27.34	RMSE: 36.45
Epoch 567	LOSS: 16.84	MAE: 27.31	RMSE: 36.44
Epoch 568	LOSS: 16.86	MAE: 27.34	RMSE: 36.49
Epoch 569	LOSS: 16.84	MAE: 27.31	RMSE: 36.49
Epoch 570	LOSS: 16.90	MAE: 27.32	RMSE: 36.47
Epoch 571	LOSS: 16.75	MAE: 27.32	RMSE: 36.50
Epoch 572	LOSS: 16.82	MAE: 27.33	RMSE: 36.50
Epoch 573	LOSS: 16.83	MAE: 27.31	RMSE: 36.51
Epoch 574	LOSS: 16.81	MAE: 27.30	RMSE: 36.50
Epoch 575	LOSS: 16.80	MAE: 27.29	RMSE: 36.51
Epoch 576	LOSS: 16.82	MAE: 27.31	RMSE: 36.51
Epoch 577	LOSS: 16.77	MAE: 27.32	RMSE: 36.53
Epoch 578	LOSS: 16.71	MAE: 27.30	RMSE: 36.58
Epoch 579	LOSS: 16.76	MAE: 27.30	RMSE: 36.55
Epoch 580	LOSS: 16.68	MAE: 27.31	RMSE: 36.56
Epoch 581	LOSS: 16.70	MAE: 27.30	RMSE: 36.52
Epoch 582	LOSS: 16.66	MAE: 27.31	RMSE: 36.59
Epoch 583	LOSS: 16.70	MAE: 27.28	RMSE: 36.57
Epoch 584	LOSS: 16.71	MAE: 27.27	RMSE: 36.58
Epoch 585	LOSS: 16.69	MAE: 27.29	RMSE: 36.60
Epoch 586	LOSS: 16.60	MAE: 27.28	RMSE: 36.59
Epoch 587	LOSS: 16.63	MAE: 27.27	RMSE: 36.59
Epoch 588	LOSS: 16.61	MAE: 27.28	RMSE: 36.64
Epoch 589	LOSS: 16.62	MAE: 27.28	RMSE: 36.64
Epoch 590	LOSS: 16.60	MAE: 27.28	RMSE: 36.61
Epoch 591	LOSS: 16.59	MAE: 27.28	RMSE: 36.64
Epoch 592	LOSS: 16.63	MAE: 27.27	RMSE: 36.65
Epoch 593	LOSS: 16.54	MAE: 27.27	RMSE: 36.64
Epoch 594	LOSS: 16.56	MAE: 27.26	RMSE: 36.62
Epoch 595	LOSS: 16.60	MAE: 27.27	RMSE: 36.66
Epoch 596	LOSS: 16.61	MAE: 27.29	RMSE: 36.69
Epoch 597	LOSS: 16.58	MAE: 27.29	RMSE: 36.73
Epoch 598	LOSS: 16.44	MAE: 27.26	RMSE: 36.72
Epoch 599	LOSS: 16.54	MAE: 27.26	RMSE: 36.62
Epoch 600	LOSS: 16.55	MAE: 27.29	RMSE: 36.58
Epoch 601	LOSS: 16.51	MAE: 27.28	RMSE: 36.68
Epoch 602	LOSS: 16.51	MAE: 27.27	RMSE: 36.66
Epoch 603	LOSS: 16.49	MAE: 27.27	RMSE: 36.72
Epoch 604	LOSS: 16.45	MAE: 27.24	RMSE: 36.70
Epoch 605	LOSS: 16.44	MAE: 27.29	RMSE: 36.73
Epoch 606	LOSS: 16.47	MAE: 27.26	RMSE: 36.72
Epoch 607	LOSS: 16.44	MAE: 27.29	RMSE: 36.77
Epoch 608	LOSS: 16.44	MAE: 27.25	RMSE: 36.75
Epoch 609	LOSS: 16.47	MAE: 27.27	RMSE: 36.78
Epoch 610	LOSS: 16.38	MAE: 27.27	RMSE: 36.78
Epoch 611	LOSS: 16.39	MAE: 27.27	RMSE: 36.81
Epoch 612	LOSS: 16.35	MAE: 27.26	RMSE: 36.76
Epoch 613	LOSS: 16.35	MAE: 27.25	RMSE: 36.80
Epoch 614	LOSS: 16.34	MAE: 27.25	RMSE: 36.78
Epoch 615	LOSS: 16.39	MAE: 27.26	RMSE: 36.82
Epoch 616	LOSS: 16.31	MAE: 27.26	RMSE: 36.82
Epoch 617	LOSS: 16.30	MAE: 27.25	RMSE: 36.83
Epoch 618	LOSS: 16.30	MAE: 27.25	RMSE: 36.81
Epoch 619	LOSS: 16.24	MAE: 27.24	RMSE: 36.75
Epoch 620	LOSS: 16.29	MAE: 27.24	RMSE: 36.84
Epoch 621	LOSS: 16.30	MAE: 27.25	RMSE: 36.81
Epoch 622	LOSS: 16.23	MAE: 27.23	RMSE: 36.79
Epoch 623	LOSS: 16.29	MAE: 27.24	RMSE: 36.84
Epoch 624	LOSS: 16.28	MAE: 27.25	RMSE: 36.93
Epoch 625	LOSS: 16.23	MAE: 27.24	RMSE: 36.86
Epoch 626	LOSS: 16.24	MAE: 27.25	RMSE: 36.84
Epoch 627	LOSS: 16.19	MAE: 27.22	RMSE: 36.87
Epoch 628	LOSS: 16.27	MAE: 27.23	RMSE: 36.87
Epoch 629	LOSS: 16.22	MAE: 27.25	RMSE: 36.91
Epoch 630	LOSS: 16.13	MAE: 27.24	RMSE: 36.87
Epoch 631	LOSS: 16.16	MAE: 27.25	RMSE: 36.91
Epoch 632	LOSS: 16.15	MAE: 27.23	RMSE: 36.94
Epoch 633	LOSS: 16.16	MAE: 27.24	RMSE: 36.95
Epoch 634	LOSS: 16.12	MAE: 27.23	RMSE: 36.94
Epoch 635	LOSS: 16.12	MAE: 27.22	RMSE: 36.92
Epoch 636	LOSS: 16.12	MAE: 27.22	RMSE: 36.94
Epoch 637	LOSS: 16.11	MAE: 27.23	RMSE: 36.98
Epoch 638	LOSS: 16.08	MAE: 27.22	RMSE: 36.97
Epoch 639	LOSS: 16.14	MAE: 27.24	RMSE: 36.96
Epoch 640	LOSS: 16.12	MAE: 27.24	RMSE: 36.96
Epoch 641	LOSS: 16.07	MAE: 27.21	RMSE: 36.94
Epoch 642	LOSS: 16.09	MAE: 27.21	RMSE: 36.92
Epoch 643	LOSS: 16.06	MAE: 27.23	RMSE: 36.96
Epoch 644	LOSS: 16.03	MAE: 27.26	RMSE: 37.04
Epoch 645	LOSS: 16.01	MAE: 27.24	RMSE: 37.03
Epoch 646	LOSS: 16.06	MAE: 27.22	RMSE: 36.97
Epoch 647	LOSS: 16.06	MAE: 27.23	RMSE: 36.93
Epoch 648	LOSS: 15.96	MAE: 27.23	RMSE: 36.99
Epoch 649	LOSS: 16.01	MAE: 27.22	RMSE: 36.99
Epoch 650	LOSS: 15.98	MAE: 27.21	RMSE: 37.02
Epoch 651	LOSS: 16.01	MAE: 27.22	RMSE: 37.01
Epoch 652	LOSS: 15.98	MAE: 27.21	RMSE: 37.06
Epoch 653	LOSS: 16.04	MAE: 27.21	RMSE: 37.06
Epoch 654	LOSS: 15.95	MAE: 27.22	RMSE: 37.06
Epoch 655	LOSS: 15.88	MAE: 27.22	RMSE: 37.13
Epoch 656	LOSS: 15.93	MAE: 27.21	RMSE: 37.09
Epoch 657	LOSS: 15.89	MAE: 27.22	RMSE: 37.11
Epoch 658	LOSS: 15.93	MAE: 27.22	RMSE: 37.10
Epoch 659	LOSS: 15.93	MAE: 27.20	RMSE: 37.12
Epoch 660	LOSS: 15.89	MAE: 27.22	RMSE: 37.13
Epoch 661	LOSS: 15.87	MAE: 27.22	RMSE: 37.16
Epoch 662	LOSS: 15.89	MAE: 27.24	RMSE: 37.19
Epoch 663	LOSS: 15.83	MAE: 27.21	RMSE: 37.14
Epoch 664	LOSS: 15.85	MAE: 27.21	RMSE: 37.16
Epoch 665	LOSS: 15.88	MAE: 27.22	RMSE: 37.15
Epoch 666	LOSS: 15.91	MAE: 27.22	RMSE: 37.19
Epoch 667	LOSS: 15.86	MAE: 27.20	RMSE: 37.17
Epoch 668	LOSS: 15.86	MAE: 27.21	RMSE: 37.19
Epoch 669	LOSS: 15.81	MAE: 27.21	RMSE: 37.20
Epoch 670	LOSS: 15.83	MAE: 27.21	RMSE: 37.17
Epoch 671	LOSS: 15.84	MAE: 27.23	RMSE: 37.24
Epoch 672	LOSS: 15.78	MAE: 27.21	RMSE: 37.19
Epoch 673	LOSS: 15.81	MAE: 27.20	RMSE: 37.20
Epoch 674	LOSS: 15.75	MAE: 27.21	RMSE: 37.24
Epoch 675	LOSS: 15.69	MAE: 27.21	RMSE: 37.21
Epoch 676	LOSS: 15.73	MAE: 27.22	RMSE: 37.27
Epoch 677	LOSS: 15.77	MAE: 27.21	RMSE: 37.21
Epoch 678	LOSS: 15.73	MAE: 27.21	RMSE: 37.22
Epoch 679	LOSS: 15.72	MAE: 27.22	RMSE: 37.26
Epoch 680	LOSS: 15.75	MAE: 27.22	RMSE: 37.26
Epoch 681	LOSS: 15.67	MAE: 27.21	RMSE: 37.26
Epoch 682	LOSS: 15.75	MAE: 27.22	RMSE: 37.28
Epoch 683	LOSS: 15.72	MAE: 27.22	RMSE: 37.31
Epoch 684	LOSS: 15.69	MAE: 27.20	RMSE: 37.17
Epoch 685	LOSS: 15.61	MAE: 27.21	RMSE: 37.24
Epoch 686	LOSS: 15.69	MAE: 27.22	RMSE: 37.32
Epoch 687	LOSS: 15.65	MAE: 27.20	RMSE: 37.31
Epoch 688	LOSS: 15.67	MAE: 27.21	RMSE: 37.26
Epoch 689	LOSS: 15.66	MAE: 27.23	RMSE: 37.34
Epoch 690	LOSS: 15.69	MAE: 27.21	RMSE: 37.33
Epoch 691	LOSS: 15.65	MAE: 27.22	RMSE: 37.29
Epoch 692	LOSS: 15.62	MAE: 27.21	RMSE: 37.36
Epoch 693	LOSS: 15.60	MAE: 27.23	RMSE: 37.38
Epoch 694	LOSS: 15.61	MAE: 27.18	RMSE: 37.30
Epoch 695	LOSS: 15.62	MAE: 27.21	RMSE: 37.33
Epoch 696	LOSS: 15.61	MAE: 27.21	RMSE: 37.36
Epoch 697	LOSS: 15.57	MAE: 27.23	RMSE: 37.38
Epoch 698	LOSS: 15.59	MAE: 27.21	RMSE: 37.36
Epoch 699	LOSS: 15.59	MAE: 27.21	RMSE: 37.34
Epoch 700	LOSS: 15.60	MAE: 27.23	RMSE: 37.43
Epoch 701	LOSS: 15.51	MAE: 27.23	RMSE: 37.46
Epoch 702	LOSS: 15.53	MAE: 27.23	RMSE: 37.46
Epoch 703	LOSS: 15.60	MAE: 27.19	RMSE: 37.36
Epoch 704	LOSS: 15.56	MAE: 27.20	RMSE: 37.38
Epoch 705	LOSS: 15.60	MAE: 27.22	RMSE: 37.42
Epoch 706	LOSS: 15.55	MAE: 27.20	RMSE: 37.43
Epoch 707	LOSS: 15.64	MAE: 27.20	RMSE: 37.43
Epoch 708	LOSS: 15.50	MAE: 27.22	RMSE: 37.48
Epoch 709	LOSS: 15.50	MAE: 27.21	RMSE: 37.41
Epoch 710	LOSS: 15.51	MAE: 27.20	RMSE: 37.39
Epoch 711	LOSS: 15.44	MAE: 27.20	RMSE: 37.46
Epoch 712	LOSS: 15.50	MAE: 27.22	RMSE: 37.49
Epoch 713	LOSS: 15.46	MAE: 27.21	RMSE: 37.46
Epoch 714	LOSS: 15.45	MAE: 27.21	RMSE: 37.47
Epoch 715	LOSS: 15.47	MAE: 27.21	RMSE: 37.49
Epoch 716	LOSS: 15.46	MAE: 27.22	RMSE: 37.50
Epoch 717	LOSS: 15.45	MAE: 27.24	RMSE: 37.60
Epoch 718	LOSS: 15.47	MAE: 27.22	RMSE: 37.44
Epoch 719	LOSS: 15.45	MAE: 27.21	RMSE: 37.46
Epoch 720	LOSS: 15.42	MAE: 27.23	RMSE: 37.52
Epoch 721	LOSS: 15.50	MAE: 27.22	RMSE: 37.52
Epoch 722	LOSS: 15.42	MAE: 27.20	RMSE: 37.50
Epoch 723	LOSS: 15.45	MAE: 27.22	RMSE: 37.49
Epoch 724	LOSS: 15.46	MAE: 27.22	RMSE: 37.51
Epoch 725	LOSS: 15.44	MAE: 27.23	RMSE: 37.56
Epoch 726	LOSS: 15.39	MAE: 27.22	RMSE: 37.54
Epoch 727	LOSS: 15.44	MAE: 27.21	RMSE: 37.53
Epoch 728	LOSS: 15.37	MAE: 27.22	RMSE: 37.56
Epoch 729	LOSS: 15.47	MAE: 27.21	RMSE: 37.51
Epoch 730	LOSS: 15.44	MAE: 27.22	RMSE: 37.52
Epoch 731	LOSS: 15.42	MAE: 27.21	RMSE: 37.49
Epoch 732	LOSS: 15.39	MAE: 27.22	RMSE: 37.54
Epoch 733	LOSS: 15.33	MAE: 27.21	RMSE: 37.56
Epoch 734	LOSS: 15.35	MAE: 27.21	RMSE: 37.56
Epoch 735	LOSS: 15.37	MAE: 27.22	RMSE: 37.54
Epoch 736	LOSS: 15.37	MAE: 27.22	RMSE: 37.56
Epoch 737	LOSS: 15.34	MAE: 27.22	RMSE: 37.57
Epoch 738	LOSS: 15.34	MAE: 27.23	RMSE: 37.58
Epoch 739	LOSS: 15.35	MAE: 27.23	RMSE: 37.61
Epoch 740	LOSS: 15.37	MAE: 27.22	RMSE: 37.62
Epoch 741	LOSS: 15.37	MAE: 27.24	RMSE: 37.71
Epoch 742	LOSS: 15.31	MAE: 27.23	RMSE: 37.60
Epoch 743	LOSS: 15.24	MAE: 27.24	RMSE: 37.66
Epoch 744	LOSS: 15.30	MAE: 27.23	RMSE: 37.67
Epoch 745	LOSS: 15.21	MAE: 27.23	RMSE: 37.67
Epoch 746	LOSS: 15.28	MAE: 27.23	RMSE: 37.61
Epoch 747	LOSS: 15.26	MAE: 27.21	RMSE: 37.58
Epoch 748	LOSS: 15.28	MAE: 27.24	RMSE: 37.65
Epoch 749	LOSS: 15.22	MAE: 27.25	RMSE: 37.67
Epoch 750	LOSS: 15.26	MAE: 27.22	RMSE: 37.62
Epoch 751	LOSS: 15.24	MAE: 27.24	RMSE: 37.69
Epoch 752	LOSS: 15.32	MAE: 27.23	RMSE: 37.67
Epoch 753	LOSS: 15.23	MAE: 27.23	RMSE: 37.67
Epoch 754	LOSS: 15.22	MAE: 27.22	RMSE: 37.63
Epoch 755	LOSS: 15.25	MAE: 27.22	RMSE: 37.64
Epoch 756	LOSS: 15.28	MAE: 27.22	RMSE: 37.60
Epoch 757	LOSS: 15.18	MAE: 27.23	RMSE: 37.66
Epoch 758	LOSS: 15.19	MAE: 27.22	RMSE: 37.61
Epoch 759	LOSS: 15.24	MAE: 27.22	RMSE: 37.63
Epoch 760	LOSS: 15.20	MAE: 27.23	RMSE: 37.68
Epoch 761	LOSS: 15.22	MAE: 27.24	RMSE: 37.69
Epoch 762	LOSS: 15.18	MAE: 27.22	RMSE: 37.68
Epoch 763	LOSS: 15.17	MAE: 27.21	RMSE: 37.65
Epoch 764	LOSS: 15.18	MAE: 27.21	RMSE: 37.64
Epoch 765	LOSS: 15.23	MAE: 27.23	RMSE: 37.66
Epoch 766	LOSS: 15.22	MAE: 27.22	RMSE: 37.66
Epoch 767	LOSS: 15.16	MAE: 27.24	RMSE: 37.71
Epoch 768	LOSS: 15.16	MAE: 27.23	RMSE: 37.71
Epoch 769	LOSS: 15.19	MAE: 27.23	RMSE: 37.70
Epoch 770	LOSS: 15.13	MAE: 27.24	RMSE: 37.70
Epoch 771	LOSS: 15.17	MAE: 27.24	RMSE: 37.70
Epoch 772	LOSS: 15.10	MAE: 27.23	RMSE: 37.70
Epoch 773	LOSS: 15.12	MAE: 27.24	RMSE: 37.71
Epoch 774	LOSS: 15.21	MAE: 27.24	RMSE: 37.73
Epoch 775	LOSS: 15.17	MAE: 27.23	RMSE: 37.74
Epoch 776	LOSS: 15.16	MAE: 27.24	RMSE: 37.75
Epoch 777	LOSS: 15.19	MAE: 27.24	RMSE: 37.75
Epoch 778	LOSS: 15.15	MAE: 27.22	RMSE: 37.70
Epoch 779	LOSS: 15.06	MAE: 27.22	RMSE: 37.66
Epoch 780	LOSS: 15.12	MAE: 27.23	RMSE: 37.78
Epoch 781	LOSS: 15.11	MAE: 27.24	RMSE: 37.76
Epoch 782	LOSS: 15.05	MAE: 27.25	RMSE: 37.78
Epoch 783	LOSS: 15.07	MAE: 27.24	RMSE: 37.77
Epoch 784	LOSS: 15.05	MAE: 27.23	RMSE: 37.74
Epoch 785	LOSS: 15.07	MAE: 27.21	RMSE: 37.72
Epoch 786	LOSS: 15.11	MAE: 27.24	RMSE: 37.79
Epoch 787	LOSS: 15.14	MAE: 27.22	RMSE: 37.76
Epoch 788	LOSS: 15.06	MAE: 27.24	RMSE: 37.77
Epoch 789	LOSS: 15.07	MAE: 27.24	RMSE: 37.77
Epoch 790	LOSS: 15.08	MAE: 27.24	RMSE: 37.80
Epoch 791	LOSS: 15.07	MAE: 27.23	RMSE: 37.77
Epoch 792	LOSS: 15.12	MAE: 27.26	RMSE: 37.79
Epoch 793	LOSS: 15.05	MAE: 27.23	RMSE: 37.74
Epoch 794	LOSS: 15.08	MAE: 27.23	RMSE: 37.76
Epoch 795	LOSS: 15.10	MAE: 27.25	RMSE: 37.79
Epoch 796	LOSS: 15.05	MAE: 27.24	RMSE: 37.78
Epoch 797	LOSS: 15.03	MAE: 27.23	RMSE: 37.76
Epoch 798	LOSS: 15.03	MAE: 27.24	RMSE: 37.78
Epoch 799	LOSS: 14.99	MAE: 27.25	RMSE: 37.80
Epoch 800	LOSS: 15.03	MAE: 27.24	RMSE: 37.78
Epoch 801	LOSS: 15.01	MAE: 27.24	RMSE: 37.80
Epoch 802	LOSS: 15.02	MAE: 27.23	RMSE: 37.78
Epoch 803	LOSS: 15.06	MAE: 27.24	RMSE: 37.79
Epoch 804	LOSS: 15.09	MAE: 27.23	RMSE: 37.80
Epoch 805	LOSS: 15.01	MAE: 27.24	RMSE: 37.81
Epoch 806	LOSS: 14.96	MAE: 27.23	RMSE: 37.81
Epoch 807	LOSS: 15.05	MAE: 27.24	RMSE: 37.81
Epoch 808	LOSS: 14.97	MAE: 27.26	RMSE: 37.84
Epoch 809	LOSS: 14.99	MAE: 27.25	RMSE: 37.84
Epoch 810	LOSS: 14.99	MAE: 27.26	RMSE: 37.84
Epoch 811	LOSS: 15.00	MAE: 27.25	RMSE: 37.85
Epoch 812	LOSS: 14.98	MAE: 27.25	RMSE: 37.85
Epoch 813	LOSS: 15.00	MAE: 27.24	RMSE: 37.83
Epoch 814	LOSS: 15.00	MAE: 27.25	RMSE: 37.85
Epoch 815	LOSS: 14.94	MAE: 27.25	RMSE: 37.84
Epoch 816	LOSS: 14.96	MAE: 27.26	RMSE: 37.86
Epoch 817	LOSS: 14.98	MAE: 27.26	RMSE: 37.84
Epoch 818	LOSS: 14.97	MAE: 27.25	RMSE: 37.81
Epoch 819	LOSS: 14.98	MAE: 27.25	RMSE: 37.85
Epoch 820	LOSS: 14.97	MAE: 27.25	RMSE: 37.85
Epoch 821	LOSS: 14.90	MAE: 27.27	RMSE: 37.88
Epoch 822	LOSS: 14.98	MAE: 27.25	RMSE: 37.88
Epoch 823	LOSS: 14.97	MAE: 27.25	RMSE: 37.85
Epoch 824	LOSS: 14.92	MAE: 27.25	RMSE: 37.88
Epoch 825	LOSS: 14.95	MAE: 27.24	RMSE: 37.84
Epoch 826	LOSS: 14.96	MAE: 27.25	RMSE: 37.81
Epoch 827	LOSS: 14.92	MAE: 27.24	RMSE: 37.84
Epoch 828	LOSS: 14.94	MAE: 27.26	RMSE: 37.86
Epoch 829	LOSS: 14.96	MAE: 27.26	RMSE: 37.88
Epoch 830	LOSS: 14.94	MAE: 27.29	RMSE: 37.91
Epoch 831	LOSS: 14.93	MAE: 27.26	RMSE: 37.90
Epoch 832	LOSS: 14.92	MAE: 27.27	RMSE: 37.90
Epoch 833	LOSS: 14.92	MAE: 27.28	RMSE: 37.91
Epoch 834	LOSS: 14.90	MAE: 27.28	RMSE: 37.91
Epoch 835	LOSS: 14.92	MAE: 27.26	RMSE: 37.86
Epoch 836	LOSS: 14.90	MAE: 27.27	RMSE: 37.88
Epoch 837	LOSS: 14.90	MAE: 27.25	RMSE: 37.90
Epoch 838	LOSS: 14.87	MAE: 27.26	RMSE: 37.90
Epoch 839	LOSS: 14.83	MAE: 27.27	RMSE: 37.93
Epoch 840	LOSS: 14.92	MAE: 27.26	RMSE: 37.91
Epoch 841	LOSS: 14.90	MAE: 27.26	RMSE: 37.90
Epoch 842	LOSS: 14.89	MAE: 27.26	RMSE: 37.90
Epoch 843	LOSS: 14.87	MAE: 27.27	RMSE: 37.92
Epoch 844	LOSS: 14.89	MAE: 27.25	RMSE: 37.89
Epoch 845	LOSS: 14.85	MAE: 27.28	RMSE: 37.94
Epoch 846	LOSS: 14.87	MAE: 27.27	RMSE: 37.91
Epoch 847	LOSS: 14.84	MAE: 27.26	RMSE: 37.89
Epoch 848	LOSS: 14.87	MAE: 27.24	RMSE: 37.88
Epoch 849	LOSS: 14.87	MAE: 27.25	RMSE: 37.89
Epoch 850	LOSS: 14.86	MAE: 27.27	RMSE: 37.94
Epoch 851	LOSS: 14.84	MAE: 27.26	RMSE: 37.94
Epoch 852	LOSS: 14.80	MAE: 27.26	RMSE: 37.92
Epoch 853	LOSS: 14.86	MAE: 27.26	RMSE: 37.92
Epoch 854	LOSS: 14.84	MAE: 27.27	RMSE: 37.94
Epoch 855	LOSS: 14.81	MAE: 27.26	RMSE: 37.91
Epoch 856	LOSS: 14.87	MAE: 27.27	RMSE: 37.94
Epoch 857	LOSS: 14.83	MAE: 27.26	RMSE: 37.94
Epoch 858	LOSS: 14.78	MAE: 27.26	RMSE: 37.91
Epoch 859	LOSS: 14.85	MAE: 27.27	RMSE: 37.92
Epoch 860	LOSS: 14.84	MAE: 27.26	RMSE: 37.91
Epoch 861	LOSS: 14.77	MAE: 27.25	RMSE: 37.90
Epoch 862	LOSS: 14.79	MAE: 27.25	RMSE: 37.90
Epoch 863	LOSS: 14.78	MAE: 27.27	RMSE: 37.94
Epoch 864	LOSS: 14.78	MAE: 27.28	RMSE: 37.94
Epoch 865	LOSS: 14.80	MAE: 27.26	RMSE: 37.93
Epoch 866	LOSS: 14.82	MAE: 27.26	RMSE: 37.93
Epoch 867	LOSS: 14.75	MAE: 27.26	RMSE: 37.94
Epoch 868	LOSS: 14.83	MAE: 27.24	RMSE: 37.89
Epoch 869	LOSS: 14.81	MAE: 27.26	RMSE: 37.92
Epoch 870	LOSS: 14.76	MAE: 27.25	RMSE: 37.90
Epoch 871	LOSS: 14.73	MAE: 27.27	RMSE: 37.92
Epoch 872	LOSS: 14.82	MAE: 27.27	RMSE: 37.94
Epoch 873	LOSS: 14.77	MAE: 27.27	RMSE: 37.93
Epoch 874	LOSS: 14.78	MAE: 27.28	RMSE: 37.93
Epoch 875	LOSS: 14.75	MAE: 27.26	RMSE: 37.90
Epoch 876	LOSS: 14.76	MAE: 27.27	RMSE: 37.93
Epoch 877	LOSS: 14.75	MAE: 27.27	RMSE: 37.94
Epoch 878	LOSS: 14.76	MAE: 27.26	RMSE: 37.94
Epoch 879	LOSS: 14.79	MAE: 27.27	RMSE: 37.93
Epoch 880	LOSS: 14.80	MAE: 27.26	RMSE: 37.92
Epoch 881	LOSS: 14.74	MAE: 27.25	RMSE: 37.93
Epoch 882	LOSS: 14.80	MAE: 27.24	RMSE: 37.90
Epoch 883	LOSS: 14.73	MAE: 27.26	RMSE: 37.91
Epoch 884	LOSS: 14.74	MAE: 27.26	RMSE: 37.94
Epoch 885	LOSS: 14.74	MAE: 27.27	RMSE: 37.94
Epoch 886	LOSS: 14.74	MAE: 27.26	RMSE: 37.93
Epoch 887	LOSS: 14.76	MAE: 27.26	RMSE: 37.94
Epoch 888	LOSS: 14.76	MAE: 27.25	RMSE: 37.94
Epoch 889	LOSS: 14.75	MAE: 27.27	RMSE: 37.94
Epoch 890	LOSS: 14.70	MAE: 27.25	RMSE: 37.93
Epoch 891	LOSS: 14.75	MAE: 27.26	RMSE: 37.95
Epoch 892	LOSS: 14.77	MAE: 27.26	RMSE: 37.94
Epoch 893	LOSS: 14.79	MAE: 27.27	RMSE: 37.96
Epoch 894	LOSS: 14.71	MAE: 27.25	RMSE: 37.91
Epoch 895	LOSS: 14.76	MAE: 27.26	RMSE: 37.95
Epoch 896	LOSS: 14.77	MAE: 27.24	RMSE: 37.91
Epoch 897	LOSS: 14.71	MAE: 27.27	RMSE: 37.94
Epoch 898	LOSS: 14.71	MAE: 27.27	RMSE: 37.94
Epoch 899	LOSS: 14.70	MAE: 27.27	RMSE: 37.95
Epoch 900	LOSS: 14.70	MAE: 27.26	RMSE: 37.94
Epoch 901	LOSS: 14.74	MAE: 27.25	RMSE: 37.93
Epoch 902	LOSS: 14.68	MAE: 27.28	RMSE: 37.96
Epoch 903	LOSS: 14.67	MAE: 27.26	RMSE: 37.93
Epoch 904	LOSS: 14.71	MAE: 27.27	RMSE: 37.96
Epoch 905	LOSS: 14.71	MAE: 27.25	RMSE: 37.93
Epoch 906	LOSS: 14.66	MAE: 27.26	RMSE: 37.94
Epoch 907	LOSS: 14.68	MAE: 27.26	RMSE: 37.96
Epoch 908	LOSS: 14.79	MAE: 27.25	RMSE: 37.94
Epoch 909	LOSS: 14.70	MAE: 27.26	RMSE: 37.94
Epoch 910	LOSS: 14.73	MAE: 27.27	RMSE: 37.94
Epoch 911	LOSS: 14.71	MAE: 27.27	RMSE: 37.96
Epoch 912	LOSS: 14.67	MAE: 27.26	RMSE: 37.95
Epoch 913	LOSS: 14.70	MAE: 27.27	RMSE: 37.95
Epoch 914	LOSS: 14.66	MAE: 27.27	RMSE: 37.95
Epoch 915	LOSS: 14.70	MAE: 27.27	RMSE: 37.95
Epoch 916	LOSS: 14.69	MAE: 27.26	RMSE: 37.95
Epoch 917	LOSS: 14.69	MAE: 27.27	RMSE: 37.96
Epoch 918	LOSS: 14.63	MAE: 27.27	RMSE: 37.96
Epoch 919	LOSS: 14.65	MAE: 27.28	RMSE: 37.97
Epoch 920	LOSS: 14.67	MAE: 27.27	RMSE: 37.95
Epoch 921	LOSS: 14.65	MAE: 27.27	RMSE: 37.95
Epoch 922	LOSS: 14.62	MAE: 27.28	RMSE: 37.96
Epoch 923	LOSS: 14.70	MAE: 27.27	RMSE: 37.96
Epoch 924	LOSS: 14.68	MAE: 27.26	RMSE: 37.94
Epoch 925	LOSS: 14.68	MAE: 27.26	RMSE: 37.96
Epoch 926	LOSS: 14.76	MAE: 27.26	RMSE: 37.95
Epoch 927	LOSS: 14.72	MAE: 27.26	RMSE: 37.95
Epoch 928	LOSS: 14.67	MAE: 27.27	RMSE: 37.95
Epoch 929	LOSS: 14.69	MAE: 27.26	RMSE: 37.95
Epoch 930	LOSS: 14.67	MAE: 27.27	RMSE: 37.96
Epoch 931	LOSS: 14.61	MAE: 27.26	RMSE: 37.93
Epoch 932	LOSS: 14.67	MAE: 27.28	RMSE: 37.95
Epoch 933	LOSS: 14.63	MAE: 27.26	RMSE: 37.92
Epoch 934	LOSS: 14.69	MAE: 27.28	RMSE: 37.96
Epoch 935	LOSS: 14.69	MAE: 27.28	RMSE: 37.97
Epoch 936	LOSS: 14.68	MAE: 27.28	RMSE: 37.97
Epoch 937	LOSS: 14.63	MAE: 27.27	RMSE: 37.97
Epoch 938	LOSS: 14.62	MAE: 27.27	RMSE: 37.95
Epoch 939	LOSS: 14.64	MAE: 27.25	RMSE: 37.94
Epoch 940	LOSS: 14.63	MAE: 27.27	RMSE: 37.95
Epoch 941	LOSS: 14.64	MAE: 27.26	RMSE: 37.95
Epoch 942	LOSS: 14.59	MAE: 27.28	RMSE: 37.97
Epoch 943	LOSS: 14.64	MAE: 27.28	RMSE: 37.97
Epoch 944	LOSS: 14.58	MAE: 27.27	RMSE: 37.96
Epoch 945	LOSS: 14.62	MAE: 27.27	RMSE: 37.97
Epoch 946	LOSS: 14.64	MAE: 27.27	RMSE: 37.96
Epoch 947	LOSS: 14.62	MAE: 27.27	RMSE: 37.96
Epoch 948	LOSS: 14.58	MAE: 27.29	RMSE: 37.98
Epoch 949	LOSS: 14.64	MAE: 27.26	RMSE: 37.94
Epoch 950	LOSS: 14.61	MAE: 27.26	RMSE: 37.96
Epoch 951	LOSS: 14.58	MAE: 27.27	RMSE: 37.97
Epoch 952	LOSS: 14.58	MAE: 27.28	RMSE: 37.97
Epoch 953	LOSS: 14.66	MAE: 27.27	RMSE: 37.97
Epoch 954	LOSS: 14.58	MAE: 27.27	RMSE: 37.97
Epoch 955	LOSS: 14.59	MAE: 27.26	RMSE: 37.97
Epoch 956	LOSS: 14.52	MAE: 27.29	RMSE: 37.98
Epoch 957	LOSS: 14.61	MAE: 27.26	RMSE: 37.96
Epoch 958	LOSS: 14.60	MAE: 27.27	RMSE: 37.96
Epoch 959	LOSS: 14.57	MAE: 27.26	RMSE: 37.96
Epoch 960	LOSS: 14.61	MAE: 27.28	RMSE: 37.97
Epoch 961	LOSS: 14.63	MAE: 27.27	RMSE: 37.96
Epoch 962	LOSS: 14.58	MAE: 27.26	RMSE: 37.95
Epoch 963	LOSS: 14.55	MAE: 27.28	RMSE: 37.97
Epoch 964	LOSS: 14.58	MAE: 27.28	RMSE: 37.96
Epoch 965	LOSS: 14.58	MAE: 27.26	RMSE: 37.95
Epoch 966	LOSS: 14.63	MAE: 27.27	RMSE: 37.96
Epoch 967	LOSS: 14.63	MAE: 27.27	RMSE: 37.95
Epoch 968	LOSS: 14.60	MAE: 27.26	RMSE: 37.95
Epoch 969	LOSS: 14.56	MAE: 27.26	RMSE: 37.94
Epoch 970	LOSS: 14.56	MAE: 27.27	RMSE: 37.96
Epoch 971	LOSS: 14.54	MAE: 27.26	RMSE: 37.95
Epoch 972	LOSS: 14.60	MAE: 27.26	RMSE: 37.95
Epoch 973	LOSS: 14.59	MAE: 27.27	RMSE: 37.96
Epoch 974	LOSS: 14.59	MAE: 27.26	RMSE: 37.95
Epoch 975	LOSS: 14.53	MAE: 27.28	RMSE: 37.96
Epoch 976	LOSS: 14.60	MAE: 27.26	RMSE: 37.96
Epoch 977	LOSS: 14.59	MAE: 27.26	RMSE: 37.95
Epoch 978	LOSS: 14.56	MAE: 27.25	RMSE: 37.95
Epoch 979	LOSS: 14.57	MAE: 27.26	RMSE: 37.95
Epoch 980	LOSS: 14.58	MAE: 27.27	RMSE: 37.95
Epoch 981	LOSS: 14.59	MAE: 27.27	RMSE: 37.97
Epoch 982	LOSS: 14.55	MAE: 27.27	RMSE: 37.97
Epoch 983	LOSS: 14.56	MAE: 27.25	RMSE: 37.95
Epoch 984	LOSS: 14.57	MAE: 27.26	RMSE: 37.96
Epoch 985	LOSS: 14.58	MAE: 27.26	RMSE: 37.93
Epoch 986	LOSS: 14.52	MAE: 27.26	RMSE: 37.94
Epoch 987	LOSS: 14.56	MAE: 27.26	RMSE: 37.95
Epoch 988	LOSS: 14.57	MAE: 27.27	RMSE: 37.96
Epoch 989	LOSS: 14.54	MAE: 27.27	RMSE: 37.96
Epoch 990	LOSS: 14.51	MAE: 27.26	RMSE: 37.95
Epoch 991	LOSS: 14.54	MAE: 27.26	RMSE: 37.95
Epoch 992	LOSS: 14.49	MAE: 27.26	RMSE: 37.96
Epoch 993	LOSS: 14.56	MAE: 27.27	RMSE: 37.97
Epoch 994	LOSS: 14.56	MAE: 27.26	RMSE: 37.96
Epoch 995	LOSS: 14.52	MAE: 27.26	RMSE: 37.95
Epoch 996	LOSS: 14.54	MAE: 27.26	RMSE: 37.96
Epoch 997	LOSS: 14.52	MAE: 27.27	RMSE: 37.98
Epoch 998	LOSS: 14.53	MAE: 27.27	RMSE: 37.98
Epoch 999	LOSS: 14.54	MAE: 27.26	RMSE: 37.97
