Epoch 000	LOSS: 55.31	MAE: 55.39	RMSE: 56.24
Epoch 001	LOSS: 54.74	MAE: 54.75	RMSE: 55.61
Epoch 002	LOSS: 54.11	MAE: 54.11	RMSE: 54.98
Epoch 003	LOSS: 53.47	MAE: 53.44	RMSE: 54.32
Epoch 004	LOSS: 52.59	MAE: 52.74	RMSE: 53.63
Epoch 005	LOSS: 51.95	MAE: 52.01	RMSE: 52.91
Epoch 006	LOSS: 50.98	MAE: 51.25	RMSE: 52.17
Epoch 007	LOSS: 50.34	MAE: 50.47	RMSE: 51.40
Epoch 008	LOSS: 49.40	MAE: 49.66	RMSE: 50.60
Epoch 009	LOSS: 48.91	MAE: 48.82	RMSE: 49.77
Epoch 010	LOSS: 48.02	MAE: 47.95	RMSE: 48.91
Epoch 011	LOSS: 47.13	MAE: 47.05	RMSE: 48.03
Epoch 012	LOSS: 46.29	MAE: 46.13	RMSE: 47.11
Epoch 013	LOSS: 45.03	MAE: 45.18	RMSE: 46.18
Epoch 014	LOSS: 44.10	MAE: 44.21	RMSE: 45.21
Epoch 015	LOSS: 43.21	MAE: 43.22	RMSE: 44.22
Epoch 016	LOSS: 42.22	MAE: 42.20	RMSE: 43.21
Epoch 017	LOSS: 41.19	MAE: 41.15	RMSE: 42.17
Epoch 018	LOSS: 40.05	MAE: 40.09	RMSE: 41.11
Epoch 019	LOSS: 39.10	MAE: 39.01	RMSE: 40.02
Epoch 020	LOSS: 38.03	MAE: 37.90	RMSE: 38.91
Epoch 021	LOSS: 36.76	MAE: 36.78	RMSE: 37.77
Epoch 022	LOSS: 35.59	MAE: 35.64	RMSE: 36.62
Epoch 023	LOSS: 34.68	MAE: 34.49	RMSE: 35.45
Epoch 024	LOSS: 33.37	MAE: 33.31	RMSE: 34.26
Epoch 025	LOSS: 32.24	MAE: 32.13	RMSE: 33.05
Epoch 026	LOSS: 31.09	MAE: 30.93	RMSE: 31.82
Epoch 027	LOSS: 29.85	MAE: 29.71	RMSE: 30.58
Epoch 028	LOSS: 28.56	MAE: 28.49	RMSE: 29.31
Epoch 029	LOSS: 27.38	MAE: 27.25	RMSE: 28.04
Epoch 030	LOSS: 26.17	MAE: 26.00	RMSE: 26.75
Epoch 031	LOSS: 24.77	MAE: 24.74	RMSE: 25.46
Epoch 032	LOSS: 23.64	MAE: 23.46	RMSE: 24.16
Epoch 033	LOSS: 22.26	MAE: 22.18	RMSE: 22.85
Epoch 034	LOSS: 20.88	MAE: 20.89	RMSE: 21.53
Epoch 035	LOSS: 19.67	MAE: 19.59	RMSE: 20.23
Epoch 036	LOSS: 18.35	MAE: 18.29	RMSE: 18.93
Epoch 037	LOSS: 17.10	MAE: 16.98	RMSE: 17.64
Epoch 038	LOSS: 15.80	MAE: 15.67	RMSE: 16.39
Epoch 039	LOSS: 14.48	MAE: 14.37	RMSE: 15.18
Epoch 040	LOSS: 13.12	MAE: 13.06	RMSE: 14.01
Epoch 041	LOSS: 11.86	MAE: 11.77	RMSE: 12.93
Epoch 042	LOSS: 10.57	MAE: 10.50	RMSE: 11.95
Epoch 043	LOSS: 9.29	MAE: 9.27	RMSE: 11.11
Epoch 044	LOSS: 8.15	MAE: 8.11	RMSE: 10.45
Epoch 045	LOSS: 7.06	MAE: 7.07	RMSE: 10.00
Epoch 046	LOSS: 6.22	MAE: 6.21	RMSE: 9.79
Epoch 047	LOSS: 5.53	MAE: 5.61	RMSE: 9.79
Epoch 048	LOSS: 5.14	MAE: 5.29	RMSE: 9.94
Epoch 049	LOSS: 5.09	MAE: 5.22	RMSE: 10.14
Epoch 050	LOSS: 5.12	MAE: 5.26	RMSE: 10.32
Epoch 051	LOSS: 5.16	MAE: 5.30	RMSE: 10.41
Epoch 052	LOSS: 4.97	MAE: 5.27	RMSE: 10.35
Epoch 053	LOSS: 5.08	MAE: 5.22	RMSE: 10.17
Epoch 054	LOSS: 5.09	MAE: 5.25	RMSE: 10.31
Epoch 055	LOSS: 5.03	MAE: 5.22	RMSE: 10.13
Epoch 056	LOSS: 4.98	MAE: 5.23	RMSE: 10.23
Epoch 057	LOSS: 5.02	MAE: 5.22	RMSE: 10.20
Epoch 058	LOSS: 4.91	MAE: 5.15	RMSE: 10.00
Epoch 059	LOSS: 5.07	MAE: 5.19	RMSE: 10.15
Epoch 060	LOSS: 5.03	MAE: 5.21	RMSE: 9.96
Epoch 061	LOSS: 4.74	MAE: 5.05	RMSE: 9.86
Epoch 062	LOSS: 4.87	MAE: 5.03	RMSE: 9.94
Epoch 063	LOSS: 4.81	MAE: 5.03	RMSE: 9.91
Epoch 064	LOSS: 4.79	MAE: 5.00	RMSE: 9.58
Epoch 065	LOSS: 4.76	MAE: 4.98	RMSE: 9.79
Epoch 066	LOSS: 4.66	MAE: 4.95	RMSE: 9.75
Epoch 067	LOSS: 4.87	MAE: 4.94	RMSE: 9.77
Epoch 068	LOSS: 4.70	MAE: 4.95	RMSE: 9.68
Epoch 069	LOSS: 4.69	MAE: 4.93	RMSE: 9.70
Epoch 070	LOSS: 4.77	MAE: 4.93	RMSE: 9.66
Epoch 071	LOSS: 4.66	MAE: 4.92	RMSE: 9.62
Epoch 072	LOSS: 4.73	MAE: 4.91	RMSE: 9.74
Epoch 073	LOSS: 4.84	MAE: 4.91	RMSE: 9.70
Epoch 074	LOSS: 4.73	MAE: 4.91	RMSE: 9.67
Epoch 075	LOSS: 4.72	MAE: 4.91	RMSE: 9.61
Epoch 076	LOSS: 4.78	MAE: 4.91	RMSE: 9.61
Epoch 077	LOSS: 4.69	MAE: 4.91	RMSE: 9.56
Epoch 078	LOSS: 4.68	MAE: 4.90	RMSE: 9.59
Epoch 079	LOSS: 4.67	MAE: 4.89	RMSE: 9.62
Epoch 080	LOSS: 4.64	MAE: 4.88	RMSE: 9.61
Epoch 081	LOSS: 4.68	MAE: 4.88	RMSE: 9.56
Epoch 082	LOSS: 4.59	MAE: 4.87	RMSE: 9.71
Epoch 083	LOSS: 4.59	MAE: 4.87	RMSE: 9.59
Epoch 084	LOSS: 4.59	MAE: 4.86	RMSE: 9.64
Epoch 085	LOSS: 4.62	MAE: 4.88	RMSE: 9.56
Epoch 086	LOSS: 4.63	MAE: 4.86	RMSE: 9.70
Epoch 087	LOSS: 4.61	MAE: 4.86	RMSE: 9.59
Epoch 088	LOSS: 4.68	MAE: 4.85	RMSE: 9.57
Epoch 089	LOSS: 4.62	MAE: 4.87	RMSE: 9.50
Epoch 090	LOSS: 4.62	MAE: 4.89	RMSE: 9.81
Epoch 091	LOSS: 4.67	MAE: 4.93	RMSE: 9.45
Epoch 092	LOSS: 4.65	MAE: 4.88	RMSE: 9.60
Epoch 093	LOSS: 4.60	MAE: 4.86	RMSE: 9.65
Epoch 094	LOSS: 4.69	MAE: 4.85	RMSE: 9.58
Epoch 095	LOSS: 4.61	MAE: 4.85	RMSE: 9.67
Epoch 096	LOSS: 4.62	MAE: 4.85	RMSE: 9.65
Epoch 097	LOSS: 4.68	MAE: 4.86	RMSE: 9.57
Epoch 098	LOSS: 4.57	MAE: 4.87	RMSE: 9.52
Epoch 099	LOSS: 4.57	MAE: 4.85	RMSE: 9.58
Epoch 100	LOSS: 4.70	MAE: 4.86	RMSE: 9.59
Epoch 101	LOSS: 4.74	MAE: 4.86	RMSE: 9.55
Epoch 102	LOSS: 4.61	MAE: 4.86	RMSE: 9.58
Epoch 103	LOSS: 4.57	MAE: 4.86	RMSE: 9.62
Epoch 104	LOSS: 4.55	MAE: 4.85	RMSE: 9.56
Epoch 105	LOSS: 4.65	MAE: 4.87	RMSE: 9.52
Epoch 106	LOSS: 4.62	MAE: 4.86	RMSE: 9.57
Epoch 107	LOSS: 4.57	MAE: 4.85	RMSE: 9.58
Epoch 108	LOSS: 4.63	MAE: 4.86	RMSE: 9.50
Epoch 109	LOSS: 4.55	MAE: 4.86	RMSE: 9.51
Epoch 110	LOSS: 4.54	MAE: 4.85	RMSE: 9.59
Epoch 111	LOSS: 4.68	MAE: 4.85	RMSE: 9.56
Epoch 112	LOSS: 4.50	MAE: 4.86	RMSE: 9.53
Epoch 113	LOSS: 4.59	MAE: 4.85	RMSE: 9.64
Epoch 114	LOSS: 4.61	MAE: 4.86	RMSE: 9.45
Epoch 115	LOSS: 4.62	MAE: 4.84	RMSE: 9.61
Epoch 116	LOSS: 4.55	MAE: 4.85	RMSE: 9.51
Epoch 117	LOSS: 4.53	MAE: 4.85	RMSE: 9.62
Epoch 118	LOSS: 4.60	MAE: 4.84	RMSE: 9.59
Epoch 119	LOSS: 4.64	MAE: 4.86	RMSE: 9.47
Epoch 120	LOSS: 4.50	MAE: 4.85	RMSE: 9.54
Epoch 121	LOSS: 4.50	MAE: 4.85	RMSE: 9.54
Epoch 122	LOSS: 4.57	MAE: 4.85	RMSE: 9.55
Epoch 123	LOSS: 4.55	MAE: 4.85	RMSE: 9.52
Epoch 124	LOSS: 4.54	MAE: 4.85	RMSE: 9.54
Epoch 125	LOSS: 4.64	MAE: 4.84	RMSE: 9.55
Epoch 126	LOSS: 4.56	MAE: 4.84	RMSE: 9.54
Epoch 127	LOSS: 4.60	MAE: 4.84	RMSE: 9.52
Epoch 128	LOSS: 4.65	MAE: 4.85	RMSE: 9.48
Epoch 129	LOSS: 4.57	MAE: 4.84	RMSE: 9.56
Epoch 130	LOSS: 4.46	MAE: 4.84	RMSE: 9.50
Epoch 131	LOSS: 4.51	MAE: 4.84	RMSE: 9.54
Epoch 132	LOSS: 4.61	MAE: 4.84	RMSE: 9.62
Epoch 133	LOSS: 4.72	MAE: 4.86	RMSE: 9.43
Epoch 134	LOSS: 4.59	MAE: 4.84	RMSE: 9.63
Epoch 135	LOSS: 4.54	MAE: 4.84	RMSE: 9.52
Epoch 136	LOSS: 4.54	MAE: 4.84	RMSE: 9.50
Epoch 137	LOSS: 4.61	MAE: 4.84	RMSE: 9.51
Epoch 138	LOSS: 4.63	MAE: 4.84	RMSE: 9.58
Epoch 139	LOSS: 4.57	MAE: 4.84	RMSE: 9.52
Epoch 140	LOSS: 4.53	MAE: 4.84	RMSE: 9.49
Epoch 141	LOSS: 4.58	MAE: 4.83	RMSE: 9.57
Epoch 142	LOSS: 4.58	MAE: 4.84	RMSE: 9.49
Epoch 143	LOSS: 4.55	MAE: 4.84	RMSE: 9.52
Epoch 144	LOSS: 4.51	MAE: 4.83	RMSE: 9.49
Epoch 145	LOSS: 4.49	MAE: 4.83	RMSE: 9.48
Epoch 146	LOSS: 4.58	MAE: 4.83	RMSE: 9.52
Epoch 147	LOSS: 4.60	MAE: 4.83	RMSE: 9.51
Epoch 148	LOSS: 4.49	MAE: 4.82	RMSE: 9.43
Epoch 149	LOSS: 4.56	MAE: 4.80	RMSE: 9.43
Epoch 150	LOSS: 4.55	MAE: 4.80	RMSE: 9.42
Epoch 151	LOSS: 4.61	MAE: 4.83	RMSE: 9.27
Epoch 152	LOSS: 4.59	MAE: 4.79	RMSE: 9.35
Epoch 153	LOSS: 4.55	MAE: 4.78	RMSE: 9.49
Epoch 154	LOSS: 4.52	MAE: 4.80	RMSE: 9.12
Epoch 155	LOSS: 4.51	MAE: 4.74	RMSE: 9.33
Epoch 156	LOSS: 4.52	MAE: 4.84	RMSE: 9.61
Epoch 157	LOSS: 4.55	MAE: 4.83	RMSE: 9.44
Epoch 158	LOSS: 4.44	MAE: 4.74	RMSE: 9.26
Epoch 159	LOSS: 4.61	MAE: 4.82	RMSE: 9.35
Epoch 160	LOSS: 4.45	MAE: 4.77	RMSE: 9.37
Epoch 161	LOSS: 4.52	MAE: 4.75	RMSE: 9.36
Epoch 162	LOSS: 4.51	MAE: 4.74	RMSE: 9.27
Epoch 163	LOSS: 4.51	MAE: 4.75	RMSE: 9.08
Epoch 164	LOSS: 4.44	MAE: 4.72	RMSE: 9.14
Epoch 165	LOSS: 4.55	MAE: 4.70	RMSE: 9.18
Epoch 166	LOSS: 4.66	MAE: 4.71	RMSE: 9.22
Epoch 167	LOSS: 4.44	MAE: 4.69	RMSE: 9.20
Epoch 168	LOSS: 4.45	MAE: 4.70	RMSE: 9.18
Epoch 169	LOSS: 4.44	MAE: 4.70	RMSE: 9.13
Epoch 170	LOSS: 4.42	MAE: 4.70	RMSE: 9.16
Epoch 171	LOSS: 4.58	MAE: 4.69	RMSE: 9.13
Epoch 172	LOSS: 4.47	MAE: 4.70	RMSE: 9.12
Epoch 173	LOSS: 4.42	MAE: 4.70	RMSE: 9.13
Epoch 174	LOSS: 4.35	MAE: 4.69	RMSE: 9.14
Epoch 175	LOSS: 4.41	MAE: 4.71	RMSE: 9.09
Epoch 176	LOSS: 4.43	MAE: 4.69	RMSE: 9.22
Epoch 177	LOSS: 4.51	MAE: 4.71	RMSE: 9.07
Epoch 178	LOSS: 4.42	MAE: 4.69	RMSE: 9.14
Epoch 179	LOSS: 4.40	MAE: 4.69	RMSE: 9.16
Epoch 180	LOSS: 4.52	MAE: 4.70	RMSE: 9.04
Epoch 181	LOSS: 4.41	MAE: 4.68	RMSE: 9.16
Epoch 182	LOSS: 4.53	MAE: 4.68	RMSE: 9.13
Epoch 183	LOSS: 4.47	MAE: 4.68	RMSE: 9.07
Epoch 184	LOSS: 4.42	MAE: 4.68	RMSE: 9.13
Epoch 185	LOSS: 4.38	MAE: 4.69	RMSE: 9.05
Epoch 186	LOSS: 4.39	MAE: 4.68	RMSE: 9.07
Epoch 187	LOSS: 4.48	MAE: 4.68	RMSE: 9.08
Epoch 188	LOSS: 4.44	MAE: 4.69	RMSE: 9.04
Epoch 189	LOSS: 4.46	MAE: 4.68	RMSE: 9.10
Epoch 190	LOSS: 4.47	MAE: 4.67	RMSE: 9.05
Epoch 191	LOSS: 4.43	MAE: 4.68	RMSE: 9.08
Epoch 192	LOSS: 4.39	MAE: 4.68	RMSE: 9.10
Epoch 193	LOSS: 4.54	MAE: 4.67	RMSE: 9.07
Epoch 194	LOSS: 4.42	MAE: 4.67	RMSE: 9.05
Epoch 195	LOSS: 4.44	MAE: 4.67	RMSE: 9.06
Epoch 196	LOSS: 4.47	MAE: 4.67	RMSE: 9.06
Epoch 197	LOSS: 4.46	MAE: 4.67	RMSE: 9.08
Epoch 198	LOSS: 4.36	MAE: 4.67	RMSE: 9.14
Epoch 199	LOSS: 4.37	MAE: 4.70	RMSE: 8.96
Epoch 200	LOSS: 4.39	MAE: 4.67	RMSE: 9.06
Epoch 201	LOSS: 4.51	MAE: 4.67	RMSE: 9.05
Epoch 202	LOSS: 4.51	MAE: 4.68	RMSE: 9.02
Epoch 203	LOSS: 4.52	MAE: 4.68	RMSE: 9.06
Epoch 204	LOSS: 4.42	MAE: 4.71	RMSE: 8.96
Epoch 205	LOSS: 4.39	MAE: 4.66	RMSE: 9.10
Epoch 206	LOSS: 4.41	MAE: 4.67	RMSE: 8.99
Epoch 207	LOSS: 4.47	MAE: 4.67	RMSE: 9.06
Epoch 208	LOSS: 4.48	MAE: 4.68	RMSE: 9.04
Epoch 209	LOSS: 4.43	MAE: 4.67	RMSE: 9.07
Epoch 210	LOSS: 4.40	MAE: 4.67	RMSE: 9.03
Epoch 211	LOSS: 4.45	MAE: 4.67	RMSE: 9.05
Epoch 212	LOSS: 4.51	MAE: 4.67	RMSE: 9.06
Epoch 213	LOSS: 4.36	MAE: 4.68	RMSE: 8.99
Epoch 214	LOSS: 4.47	MAE: 4.67	RMSE: 9.05
Epoch 215	LOSS: 4.41	MAE: 4.67	RMSE: 9.03
Epoch 216	LOSS: 4.48	MAE: 4.67	RMSE: 9.00
Epoch 217	LOSS: 4.37	MAE: 4.67	RMSE: 9.04
Epoch 218	LOSS: 4.43	MAE: 4.66	RMSE: 9.10
Epoch 219	LOSS: 4.37	MAE: 4.67	RMSE: 9.03
Epoch 220	LOSS: 4.47	MAE: 4.67	RMSE: 9.04
Epoch 221	LOSS: 4.40	MAE: 4.67	RMSE: 9.05
Epoch 222	LOSS: 4.38	MAE: 4.67	RMSE: 9.03
Epoch 223	LOSS: 4.48	MAE: 4.68	RMSE: 8.99
Epoch 224	LOSS: 4.38	MAE: 4.66	RMSE: 9.02
Epoch 225	LOSS: 4.44	MAE: 4.67	RMSE: 9.03
Epoch 226	LOSS: 4.42	MAE: 4.66	RMSE: 9.08
Epoch 227	LOSS: 4.44	MAE: 4.67	RMSE: 9.07
Epoch 228	LOSS: 4.46	MAE: 4.68	RMSE: 8.98
Epoch 229	LOSS: 4.44	MAE: 4.66	RMSE: 9.07
Epoch 230	LOSS: 4.36	MAE: 4.66	RMSE: 9.10
Epoch 231	LOSS: 4.46	MAE: 4.67	RMSE: 9.02
Epoch 232	LOSS: 4.42	MAE: 4.66	RMSE: 9.08
Epoch 233	LOSS: 4.51	MAE: 4.67	RMSE: 9.05
Epoch 234	LOSS: 4.45	MAE: 4.68	RMSE: 9.00
Epoch 235	LOSS: 4.46	MAE: 4.67	RMSE: 9.10
Epoch 236	LOSS: 4.58	MAE: 4.67	RMSE: 9.01
Epoch 237	LOSS: 4.43	MAE: 4.66	RMSE: 9.04
Epoch 238	LOSS: 4.49	MAE: 4.66	RMSE: 9.01
Epoch 239	LOSS: 4.48	MAE: 4.66	RMSE: 9.07
Epoch 240	LOSS: 4.39	MAE: 4.67	RMSE: 9.04
Epoch 241	LOSS: 4.32	MAE: 4.67	RMSE: 9.00
Epoch 242	LOSS: 4.54	MAE: 4.66	RMSE: 9.10
Epoch 243	LOSS: 4.37	MAE: 4.67	RMSE: 9.07
Epoch 244	LOSS: 4.39	MAE: 4.67	RMSE: 9.02
Epoch 245	LOSS: 4.35	MAE: 4.67	RMSE: 9.03
Epoch 246	LOSS: 4.53	MAE: 4.67	RMSE: 9.08
Epoch 247	LOSS: 4.47	MAE: 4.67	RMSE: 9.07
Epoch 248	LOSS: 4.43	MAE: 4.68	RMSE: 8.98
Epoch 249	LOSS: 4.41	MAE: 4.68	RMSE: 9.01
Epoch 250	LOSS: 4.48	MAE: 4.67	RMSE: 9.09
Epoch 251	LOSS: 4.38	MAE: 4.66	RMSE: 9.03
Epoch 252	LOSS: 4.47	MAE: 4.66	RMSE: 9.08
Epoch 253	LOSS: 4.46	MAE: 4.67	RMSE: 9.02
Epoch 254	LOSS: 4.44	MAE: 4.67	RMSE: 9.08
Epoch 255	LOSS: 4.48	MAE: 4.67	RMSE: 9.04
Epoch 256	LOSS: 4.51	MAE: 4.67	RMSE: 9.02
Epoch 257	LOSS: 4.50	MAE: 4.66	RMSE: 9.03
Epoch 258	LOSS: 4.50	MAE: 4.66	RMSE: 9.02
Epoch 259	LOSS: 4.49	MAE: 4.67	RMSE: 9.05
Epoch 260	LOSS: 4.41	MAE: 4.67	RMSE: 9.04
Epoch 261	LOSS: 4.43	MAE: 4.67	RMSE: 9.01
Epoch 262	LOSS: 4.49	MAE: 4.66	RMSE: 9.03
Epoch 263	LOSS: 4.33	MAE: 4.66	RMSE: 9.09
Epoch 264	LOSS: 4.39	MAE: 4.66	RMSE: 9.00
Epoch 265	LOSS: 4.43	MAE: 4.67	RMSE: 8.97
Epoch 266	LOSS: 4.46	MAE: 4.66	RMSE: 9.01
Epoch 267	LOSS: 4.42	MAE: 4.66	RMSE: 8.98
Epoch 268	LOSS: 4.44	MAE: 4.65	RMSE: 9.01
Epoch 269	LOSS: 4.42	MAE: 4.66	RMSE: 8.98
Epoch 270	LOSS: 4.46	MAE: 4.66	RMSE: 9.06
Epoch 271	LOSS: 4.49	MAE: 4.73	RMSE: 8.83
Epoch 272	LOSS: 4.50	MAE: 4.70	RMSE: 9.23
Epoch 273	LOSS: 4.32	MAE: 4.68	RMSE: 9.06
Epoch 274	LOSS: 4.43	MAE: 4.66	RMSE: 9.09
Epoch 275	LOSS: 4.38	MAE: 4.66	RMSE: 9.04
Epoch 276	LOSS: 4.44	MAE: 4.67	RMSE: 9.02
Epoch 277	LOSS: 4.45	MAE: 4.66	RMSE: 9.08
Epoch 278	LOSS: 4.51	MAE: 4.67	RMSE: 9.00
Epoch 279	LOSS: 4.39	MAE: 4.67	RMSE: 9.01
Epoch 280	LOSS: 4.32	MAE: 4.67	RMSE: 9.04
Epoch 281	LOSS: 4.58	MAE: 4.69	RMSE: 8.92
Epoch 282	LOSS: 4.42	MAE: 4.66	RMSE: 9.13
Epoch 283	LOSS: 4.47	MAE: 4.66	RMSE: 9.06
Epoch 284	LOSS: 4.43	MAE: 4.67	RMSE: 8.97
Epoch 285	LOSS: 4.44	MAE: 4.68	RMSE: 9.05
Epoch 286	LOSS: 4.41	MAE: 4.68	RMSE: 9.00
Epoch 287	LOSS: 4.43	MAE: 4.67	RMSE: 9.02
Epoch 288	LOSS: 4.42	MAE: 4.66	RMSE: 9.03
Epoch 289	LOSS: 4.39	MAE: 4.67	RMSE: 9.01
Epoch 290	LOSS: 4.36	MAE: 4.66	RMSE: 9.03
Epoch 291	LOSS: 4.45	MAE: 4.67	RMSE: 9.01
Epoch 292	LOSS: 4.42	MAE: 4.67	RMSE: 9.00
Epoch 293	LOSS: 4.46	MAE: 4.67	RMSE: 9.04
Epoch 294	LOSS: 4.47	MAE: 4.66	RMSE: 9.10
Epoch 295	LOSS: 4.41	MAE: 4.68	RMSE: 8.98
Epoch 296	LOSS: 4.42	MAE: 4.67	RMSE: 9.04
Epoch 297	LOSS: 4.45	MAE: 4.67	RMSE: 9.00
Epoch 298	LOSS: 4.42	MAE: 4.67	RMSE: 9.00
Epoch 299	LOSS: 4.40	MAE: 4.67	RMSE: 9.03
Epoch 300	LOSS: 4.46	MAE: 4.67	RMSE: 9.05
Epoch 301	LOSS: 4.46	MAE: 4.68	RMSE: 8.99
Epoch 302	LOSS: 4.40	MAE: 4.66	RMSE: 9.10
Epoch 303	LOSS: 4.40	MAE: 4.67	RMSE: 8.99
Epoch 304	LOSS: 4.41	MAE: 4.66	RMSE: 9.09
Epoch 305	LOSS: 4.37	MAE: 4.67	RMSE: 8.97
Epoch 306	LOSS: 4.43	MAE: 4.66	RMSE: 9.03
Epoch 307	LOSS: 4.45	MAE: 4.67	RMSE: 8.98
Epoch 308	LOSS: 4.38	MAE: 4.66	RMSE: 9.03
Epoch 309	LOSS: 4.42	MAE: 4.67	RMSE: 8.98
Epoch 310	LOSS: 4.40	MAE: 4.66	RMSE: 9.05
Epoch 311	LOSS: 4.46	MAE: 4.67	RMSE: 9.00
Epoch 312	LOSS: 4.46	MAE: 4.66	RMSE: 9.01
Epoch 313	LOSS: 4.43	MAE: 4.66	RMSE: 9.03
Epoch 314	LOSS: 4.48	MAE: 4.67	RMSE: 8.99
Epoch 315	LOSS: 4.37	MAE: 4.66	RMSE: 9.05
Epoch 316	LOSS: 4.36	MAE: 4.66	RMSE: 9.00
Epoch 317	LOSS: 4.35	MAE: 4.66	RMSE: 9.02
Epoch 318	LOSS: 4.47	MAE: 4.67	RMSE: 8.98
Epoch 319	LOSS: 4.46	MAE: 4.69	RMSE: 8.89
Epoch 320	LOSS: 4.53	MAE: 4.66	RMSE: 9.07
Epoch 321	LOSS: 4.49	MAE: 4.67	RMSE: 9.00
Epoch 322	LOSS: 4.42	MAE: 4.67	RMSE: 9.08
Epoch 323	LOSS: 4.40	MAE: 4.67	RMSE: 9.03
Epoch 324	LOSS: 4.40	MAE: 4.66	RMSE: 9.04
Epoch 325	LOSS: 4.48	MAE: 4.66	RMSE: 9.06
Epoch 326	LOSS: 4.40	MAE: 4.66	RMSE: 9.01
Epoch 327	LOSS: 4.42	MAE: 4.66	RMSE: 9.00
Epoch 328	LOSS: 4.42	MAE: 4.67	RMSE: 8.95
Epoch 329	LOSS: 4.44	MAE: 4.67	RMSE: 9.03
Epoch 330	LOSS: 4.44	MAE: 4.66	RMSE: 9.02
Epoch 331	LOSS: 4.39	MAE: 4.67	RMSE: 8.98
Epoch 332	LOSS: 4.40	MAE: 4.66	RMSE: 9.03
Epoch 333	LOSS: 4.39	MAE: 4.67	RMSE: 8.99
Epoch 334	LOSS: 4.44	MAE: 4.67	RMSE: 8.97
Epoch 335	LOSS: 4.52	MAE: 4.66	RMSE: 9.04
Epoch 336	LOSS: 4.43	MAE: 4.66	RMSE: 9.03
Epoch 337	LOSS: 4.52	MAE: 4.66	RMSE: 9.05
Epoch 338	LOSS: 4.46	MAE: 4.67	RMSE: 8.99
Epoch 339	LOSS: 4.36	MAE: 4.66	RMSE: 9.03
Epoch 340	LOSS: 4.44	MAE: 4.67	RMSE: 8.99
Epoch 341	LOSS: 4.32	MAE: 4.67	RMSE: 9.05
Epoch 342	LOSS: 4.34	MAE: 4.67	RMSE: 8.99
Epoch 343	LOSS: 4.46	MAE: 4.67	RMSE: 9.00
Epoch 344	LOSS: 4.50	MAE: 4.66	RMSE: 9.01
Epoch 345	LOSS: 4.37	MAE: 4.66	RMSE: 9.05
Epoch 346	LOSS: 4.41	MAE: 4.67	RMSE: 9.00
Epoch 347	LOSS: 4.37	MAE: 4.66	RMSE: 9.02
Epoch 348	LOSS: 4.45	MAE: 4.66	RMSE: 9.03
Epoch 349	LOSS: 4.43	MAE: 4.66	RMSE: 9.01
Epoch 350	LOSS: 4.37	MAE: 4.66	RMSE: 9.02
Epoch 351	LOSS: 4.32	MAE: 4.66	RMSE: 9.02
Epoch 352	LOSS: 4.47	MAE: 4.67	RMSE: 9.00
Epoch 353	LOSS: 4.48	MAE: 4.66	RMSE: 9.04
Epoch 354	LOSS: 4.45	MAE: 4.67	RMSE: 8.95
Epoch 355	LOSS: 4.36	MAE: 4.66	RMSE: 9.03
Epoch 356	LOSS: 4.49	MAE: 4.67	RMSE: 8.98
Epoch 357	LOSS: 4.36	MAE: 4.66	RMSE: 9.04
Epoch 358	LOSS: 4.39	MAE: 4.67	RMSE: 8.97
Epoch 359	LOSS: 4.42	MAE: 4.66	RMSE: 9.05
Epoch 360	LOSS: 4.47	MAE: 4.67	RMSE: 9.00
Epoch 361	LOSS: 4.37	MAE: 4.66	RMSE: 9.08
Epoch 362	LOSS: 4.49	MAE: 4.67	RMSE: 8.97
Epoch 363	LOSS: 4.49	MAE: 4.66	RMSE: 9.01
Epoch 364	LOSS: 4.40	MAE: 4.66	RMSE: 9.08
Epoch 365	LOSS: 4.47	MAE: 4.68	RMSE: 8.98
Epoch 366	LOSS: 4.44	MAE: 4.68	RMSE: 8.99
Epoch 367	LOSS: 4.49	MAE: 4.66	RMSE: 9.05
Epoch 368	LOSS: 4.48	MAE: 4.66	RMSE: 9.05
Epoch 369	LOSS: 4.43	MAE: 4.66	RMSE: 9.04
Epoch 370	LOSS: 4.46	MAE: 4.67	RMSE: 8.98
Epoch 371	LOSS: 4.42	MAE: 4.66	RMSE: 9.06
Epoch 372	LOSS: 4.46	MAE: 4.67	RMSE: 8.98
Epoch 373	LOSS: 4.45	MAE: 4.66	RMSE: 9.05
Epoch 374	LOSS: 4.44	MAE: 4.66	RMSE: 9.00
Epoch 375	LOSS: 4.42	MAE: 4.66	RMSE: 9.06
Epoch 376	LOSS: 4.43	MAE: 4.67	RMSE: 8.96
Epoch 377	LOSS: 4.52	MAE: 4.66	RMSE: 9.09
Epoch 378	LOSS: 4.39	MAE: 4.67	RMSE: 8.92
Epoch 379	LOSS: 4.40	MAE: 4.66	RMSE: 9.07
Epoch 380	LOSS: 4.46	MAE: 4.67	RMSE: 8.97
Epoch 381	LOSS: 4.42	MAE: 4.66	RMSE: 9.02
Epoch 382	LOSS: 4.39	MAE: 4.66	RMSE: 9.05
Epoch 383	LOSS: 4.37	MAE: 4.66	RMSE: 9.02
Epoch 384	LOSS: 4.47	MAE: 4.66	RMSE: 8.98
Epoch 385	LOSS: 4.40	MAE: 4.66	RMSE: 9.01
Epoch 386	LOSS: 4.46	MAE: 4.66	RMSE: 8.98
Epoch 387	LOSS: 4.41	MAE: 4.66	RMSE: 9.01
Epoch 388	LOSS: 4.39	MAE: 4.66	RMSE: 9.04
Epoch 389	LOSS: 4.34	MAE: 4.66	RMSE: 9.05
Epoch 390	LOSS: 4.46	MAE: 4.66	RMSE: 9.04
Epoch 391	LOSS: 4.37	MAE: 4.66	RMSE: 9.03
Epoch 392	LOSS: 4.39	MAE: 4.66	RMSE: 8.98
Epoch 393	LOSS: 4.47	MAE: 4.66	RMSE: 9.03
Epoch 394	LOSS: 4.49	MAE: 4.66	RMSE: 9.00
Epoch 395	LOSS: 4.35	MAE: 4.66	RMSE: 9.01
Epoch 396	LOSS: 4.41	MAE: 4.66	RMSE: 8.99
Epoch 397	LOSS: 4.43	MAE: 4.66	RMSE: 9.03
Epoch 398	LOSS: 4.38	MAE: 4.67	RMSE: 8.94
Epoch 399	LOSS: 4.42	MAE: 4.66	RMSE: 9.01
Epoch 400	LOSS: 4.36	MAE: 4.66	RMSE: 9.01
Epoch 401	LOSS: 4.42	MAE: 4.66	RMSE: 9.02
Epoch 402	LOSS: 4.53	MAE: 4.66	RMSE: 8.99
Epoch 403	LOSS: 4.38	MAE: 4.66	RMSE: 9.01
Epoch 404	LOSS: 4.50	MAE: 4.66	RMSE: 9.06
Epoch 405	LOSS: 4.52	MAE: 4.66	RMSE: 9.09
Epoch 406	LOSS: 4.36	MAE: 4.67	RMSE: 8.99
Epoch 407	LOSS: 4.42	MAE: 4.71	RMSE: 8.84
Epoch 408	LOSS: 4.43	MAE: 4.66	RMSE: 9.10
Epoch 409	LOSS: 4.43	MAE: 4.66	RMSE: 9.02
Epoch 410	LOSS: 4.42	MAE: 4.70	RMSE: 8.89
Epoch 411	LOSS: 4.43	MAE: 4.66	RMSE: 9.04
Epoch 412	LOSS: 4.37	MAE: 4.66	RMSE: 9.08
Epoch 413	LOSS: 4.40	MAE: 4.66	RMSE: 9.02
Epoch 414	LOSS: 4.33	MAE: 4.67	RMSE: 8.99
Epoch 415	LOSS: 4.42	MAE: 4.66	RMSE: 9.04
Epoch 416	LOSS: 4.49	MAE: 4.65	RMSE: 9.05
Epoch 417	LOSS: 4.42	MAE: 4.66	RMSE: 9.02
Epoch 418	LOSS: 4.47	MAE: 4.66	RMSE: 8.99
Epoch 419	LOSS: 4.35	MAE: 4.66	RMSE: 9.02
Epoch 420	LOSS: 4.46	MAE: 4.66	RMSE: 9.00
Epoch 421	LOSS: 4.38	MAE: 4.66	RMSE: 9.01
Epoch 422	LOSS: 4.37	MAE: 4.66	RMSE: 9.05
Epoch 423	LOSS: 4.48	MAE: 4.66	RMSE: 9.01
Epoch 424	LOSS: 4.39	MAE: 4.66	RMSE: 9.04
Epoch 425	LOSS: 4.40	MAE: 4.66	RMSE: 9.04
Epoch 426	LOSS: 4.44	MAE: 4.66	RMSE: 8.99
Epoch 427	LOSS: 4.38	MAE: 4.66	RMSE: 9.02
Epoch 428	LOSS: 4.45	MAE: 4.67	RMSE: 8.96
Epoch 429	LOSS: 4.39	MAE: 4.66	RMSE: 9.00
Epoch 430	LOSS: 4.38	MAE: 4.66	RMSE: 9.00
Epoch 431	LOSS: 4.45	MAE: 4.67	RMSE: 9.15
Epoch 432	LOSS: 4.37	MAE: 4.68	RMSE: 8.97
Epoch 433	LOSS: 4.40	MAE: 4.66	RMSE: 9.06
Epoch 434	LOSS: 4.40	MAE: 4.66	RMSE: 9.01
Epoch 435	LOSS: 4.38	MAE: 4.66	RMSE: 8.99
Epoch 436	LOSS: 4.35	MAE: 4.66	RMSE: 9.04
Epoch 437	LOSS: 4.38	MAE: 4.66	RMSE: 9.00
Epoch 438	LOSS: 4.41	MAE: 4.65	RMSE: 9.00
Epoch 439	LOSS: 4.44	MAE: 4.66	RMSE: 9.00
Epoch 440	LOSS: 4.49	MAE: 4.66	RMSE: 9.01
Epoch 441	LOSS: 4.43	MAE: 4.66	RMSE: 9.01
Epoch 442	LOSS: 4.40	MAE: 4.66	RMSE: 9.01
Epoch 443	LOSS: 4.40	MAE: 4.66	RMSE: 9.05
Epoch 444	LOSS: 4.41	MAE: 4.66	RMSE: 8.99
Epoch 445	LOSS: 4.38	MAE: 4.66	RMSE: 8.99
Epoch 446	LOSS: 4.36	MAE: 4.66	RMSE: 9.02
Epoch 447	LOSS: 4.52	MAE: 4.66	RMSE: 9.01
Epoch 448	LOSS: 4.48	MAE: 4.66	RMSE: 9.02
Epoch 449	LOSS: 4.36	MAE: 4.66	RMSE: 8.97
Epoch 450	LOSS: 4.35	MAE: 4.66	RMSE: 8.98
Epoch 451	LOSS: 4.42	MAE: 4.66	RMSE: 9.01
Epoch 452	LOSS: 4.38	MAE: 4.66	RMSE: 9.05
Epoch 453	LOSS: 4.44	MAE: 4.66	RMSE: 9.06
Epoch 454	LOSS: 4.46	MAE: 4.66	RMSE: 8.98
Epoch 455	LOSS: 4.30	MAE: 4.66	RMSE: 8.97
Epoch 456	LOSS: 4.46	MAE: 4.66	RMSE: 9.01
Epoch 457	LOSS: 4.42	MAE: 4.66	RMSE: 9.04
Epoch 458	LOSS: 4.34	MAE: 4.67	RMSE: 9.00
Epoch 459	LOSS: 4.33	MAE: 4.66	RMSE: 9.03
Epoch 460	LOSS: 4.40	MAE: 4.66	RMSE: 8.99
Epoch 461	LOSS: 4.38	MAE: 4.66	RMSE: 9.00
Epoch 462	LOSS: 4.43	MAE: 4.66	RMSE: 9.03
Epoch 463	LOSS: 4.33	MAE: 4.66	RMSE: 9.01
Epoch 464	LOSS: 4.37	MAE: 4.65	RMSE: 9.09
Epoch 465	LOSS: 4.37	MAE: 4.67	RMSE: 8.94
Epoch 466	LOSS: 4.41	MAE: 4.66	RMSE: 9.08
Epoch 467	LOSS: 4.46	MAE: 4.65	RMSE: 9.03
Epoch 468	LOSS: 4.55	MAE: 4.67	RMSE: 8.98
Epoch 469	LOSS: 4.45	MAE: 4.66	RMSE: 9.05
Epoch 470	LOSS: 4.37	MAE: 4.66	RMSE: 9.02
Epoch 471	LOSS: 4.37	MAE: 4.66	RMSE: 9.02
Epoch 472	LOSS: 4.40	MAE: 4.67	RMSE: 9.01
Epoch 473	LOSS: 4.34	MAE: 4.66	RMSE: 9.02
Epoch 474	LOSS: 4.31	MAE: 4.66	RMSE: 9.02
Epoch 475	LOSS: 4.39	MAE: 4.66	RMSE: 8.99
Epoch 476	LOSS: 4.34	MAE: 4.66	RMSE: 9.03
Epoch 477	LOSS: 4.41	MAE: 4.66	RMSE: 8.99
Epoch 478	LOSS: 4.53	MAE: 4.66	RMSE: 9.04
Epoch 479	LOSS: 4.44	MAE: 4.67	RMSE: 8.98
Epoch 480	LOSS: 4.46	MAE: 4.66	RMSE: 9.04
Epoch 481	LOSS: 4.46	MAE: 4.67	RMSE: 8.98
Epoch 482	LOSS: 4.43	MAE: 4.65	RMSE: 9.06
Epoch 483	LOSS: 4.43	MAE: 4.66	RMSE: 9.03
Epoch 484	LOSS: 4.43	MAE: 4.66	RMSE: 9.00
Epoch 485	LOSS: 4.38	MAE: 4.66	RMSE: 9.01
Epoch 486	LOSS: 4.36	MAE: 4.66	RMSE: 9.00
Epoch 487	LOSS: 4.43	MAE: 4.65	RMSE: 9.04
Epoch 488	LOSS: 4.30	MAE: 4.66	RMSE: 9.02
Epoch 489	LOSS: 4.37	MAE: 4.66	RMSE: 9.01
Epoch 490	LOSS: 4.42	MAE: 4.66	RMSE: 9.00
Epoch 491	LOSS: 4.54	MAE: 4.66	RMSE: 9.05
Epoch 492	LOSS: 4.42	MAE: 4.67	RMSE: 8.96
Epoch 493	LOSS: 4.37	MAE: 4.66	RMSE: 9.10
Epoch 494	LOSS: 4.43	MAE: 4.67	RMSE: 8.99
Epoch 495	LOSS: 4.34	MAE: 4.66	RMSE: 9.05
Epoch 496	LOSS: 4.36	MAE: 4.67	RMSE: 8.97
Epoch 497	LOSS: 4.42	MAE: 4.66	RMSE: 9.01
Epoch 498	LOSS: 4.46	MAE: 4.66	RMSE: 9.05
Epoch 499	LOSS: 4.45	MAE: 4.66	RMSE: 9.00
