Epoch 000	LOSS: 227.07	MAE: 215.56	RMSE: 262.33
Epoch 001	LOSS: 221.20	MAE: 213.68	RMSE: 260.75
Epoch 002	LOSS: 225.71	MAE: 213.34	RMSE: 260.46
Epoch 003	LOSS: 223.48	MAE: 213.08	RMSE: 260.25
Epoch 004	LOSS: 228.81	MAE: 212.84	RMSE: 260.04
Epoch 005	LOSS: 223.13	MAE: 212.59	RMSE: 259.83
Epoch 006	LOSS: 222.86	MAE: 212.34	RMSE: 259.61
Epoch 007	LOSS: 223.65	MAE: 212.08	RMSE: 259.40
Epoch 008	LOSS: 222.20	MAE: 211.82	RMSE: 259.18
Epoch 009	LOSS: 225.59	MAE: 211.56	RMSE: 258.95
Epoch 010	LOSS: 220.26	MAE: 211.29	RMSE: 258.72
Epoch 011	LOSS: 223.20	MAE: 211.02	RMSE: 258.49
Epoch 012	LOSS: 221.36	MAE: 210.74	RMSE: 258.26
Epoch 013	LOSS: 218.95	MAE: 210.46	RMSE: 258.02
Epoch 014	LOSS: 222.47	MAE: 210.18	RMSE: 257.78
Epoch 015	LOSS: 224.16	MAE: 209.89	RMSE: 257.53
Epoch 016	LOSS: 219.93	MAE: 209.60	RMSE: 257.28
Epoch 017	LOSS: 221.01	MAE: 209.31	RMSE: 257.03
Epoch 018	LOSS: 220.60	MAE: 209.01	RMSE: 256.78
Epoch 019	LOSS: 216.99	MAE: 208.71	RMSE: 256.52
Epoch 020	LOSS: 220.77	MAE: 208.40	RMSE: 256.25
Epoch 021	LOSS: 218.81	MAE: 208.09	RMSE: 255.99
Epoch 022	LOSS: 218.86	MAE: 207.78	RMSE: 255.72
Epoch 023	LOSS: 218.13	MAE: 207.46	RMSE: 255.45
Epoch 024	LOSS: 219.61	MAE: 207.14	RMSE: 255.17
Epoch 025	LOSS: 216.59	MAE: 206.82	RMSE: 254.89
Epoch 026	LOSS: 219.71	MAE: 206.49	RMSE: 254.61
Epoch 027	LOSS: 217.40	MAE: 206.16	RMSE: 254.32
Epoch 028	LOSS: 216.15	MAE: 205.82	RMSE: 254.03
Epoch 029	LOSS: 216.87	MAE: 205.48	RMSE: 253.74
Epoch 030	LOSS: 215.09	MAE: 205.14	RMSE: 253.44
Epoch 031	LOSS: 219.70	MAE: 204.79	RMSE: 253.14
Epoch 032	LOSS: 215.49	MAE: 204.44	RMSE: 252.84
Epoch 033	LOSS: 217.09	MAE: 204.09	RMSE: 252.54
Epoch 034	LOSS: 213.20	MAE: 203.73	RMSE: 252.23
Epoch 035	LOSS: 218.12	MAE: 203.37	RMSE: 251.91
Epoch 036	LOSS: 216.00	MAE: 203.01	RMSE: 251.60
Epoch 037	LOSS: 215.23	MAE: 202.64	RMSE: 251.28
Epoch 038	LOSS: 212.74	MAE: 202.27	RMSE: 250.96
Epoch 039	LOSS: 212.34	MAE: 201.90	RMSE: 250.63
Epoch 040	LOSS: 214.28	MAE: 201.52	RMSE: 250.30
Epoch 041	LOSS: 213.59	MAE: 201.14	RMSE: 249.97
Epoch 042	LOSS: 213.01	MAE: 200.76	RMSE: 249.64
Epoch 043	LOSS: 212.09	MAE: 200.37	RMSE: 249.30
Epoch 044	LOSS: 208.55	MAE: 199.98	RMSE: 248.96
Epoch 045	LOSS: 211.02	MAE: 199.59	RMSE: 248.61
Epoch 046	LOSS: 209.00	MAE: 199.20	RMSE: 248.27
Epoch 047	LOSS: 209.72	MAE: 198.80	RMSE: 247.92
Epoch 048	LOSS: 208.42	MAE: 198.40	RMSE: 247.56
Epoch 049	LOSS: 210.24	MAE: 198.00	RMSE: 247.21
Epoch 050	LOSS: 207.88	MAE: 197.59	RMSE: 246.85
Epoch 051	LOSS: 207.19	MAE: 197.18	RMSE: 246.49
Epoch 052	LOSS: 204.13	MAE: 196.77	RMSE: 246.13
Epoch 053	LOSS: 207.13	MAE: 196.36	RMSE: 245.76
Epoch 054	LOSS: 209.07	MAE: 195.94	RMSE: 245.39
Epoch 055	LOSS: 207.46	MAE: 195.52	RMSE: 245.02
Epoch 056	LOSS: 205.81	MAE: 195.10	RMSE: 244.64
Epoch 057	LOSS: 207.65	MAE: 194.67	RMSE: 244.26
Epoch 058	LOSS: 205.05	MAE: 194.25	RMSE: 243.88
Epoch 059	LOSS: 203.00	MAE: 193.82	RMSE: 243.50
Epoch 060	LOSS: 207.88	MAE: 193.39	RMSE: 243.11
Epoch 061	LOSS: 203.87	MAE: 192.95	RMSE: 242.72
Epoch 062	LOSS: 202.54	MAE: 192.51	RMSE: 242.33
Epoch 063	LOSS: 205.37	MAE: 192.07	RMSE: 241.94
Epoch 064	LOSS: 205.06	MAE: 191.63	RMSE: 241.54
Epoch 065	LOSS: 203.04	MAE: 191.19	RMSE: 241.14
Epoch 066	LOSS: 203.22	MAE: 190.75	RMSE: 240.74
Epoch 067	LOSS: 201.11	MAE: 190.30	RMSE: 240.34
Epoch 068	LOSS: 203.03	MAE: 189.85	RMSE: 239.93
Epoch 069	LOSS: 203.30	MAE: 189.40	RMSE: 239.52
Epoch 070	LOSS: 202.89	MAE: 188.95	RMSE: 239.11
Epoch 071	LOSS: 198.23	MAE: 188.49	RMSE: 238.69
Epoch 072	LOSS: 197.54	MAE: 188.03	RMSE: 238.28
Epoch 073	LOSS: 200.66	MAE: 187.57	RMSE: 237.86
Epoch 074	LOSS: 199.76	MAE: 187.11	RMSE: 237.44
Epoch 075	LOSS: 198.95	MAE: 186.65	RMSE: 237.01
Epoch 076	LOSS: 196.57	MAE: 186.19	RMSE: 236.59
Epoch 077	LOSS: 196.15	MAE: 185.72	RMSE: 236.16
Epoch 078	LOSS: 195.61	MAE: 185.26	RMSE: 235.73
Epoch 079	LOSS: 193.19	MAE: 184.79	RMSE: 235.30
Epoch 080	LOSS: 198.32	MAE: 184.32	RMSE: 234.87
Epoch 081	LOSS: 192.78	MAE: 183.85	RMSE: 234.43
Epoch 082	LOSS: 189.28	MAE: 183.38	RMSE: 233.99
Epoch 083	LOSS: 196.18	MAE: 182.91	RMSE: 233.55
Epoch 084	LOSS: 192.97	MAE: 182.43	RMSE: 233.11
Epoch 085	LOSS: 191.36	MAE: 181.96	RMSE: 232.67
Epoch 086	LOSS: 193.45	MAE: 181.48	RMSE: 232.22
Epoch 087	LOSS: 193.16	MAE: 181.01	RMSE: 231.77
Epoch 088	LOSS: 190.14	MAE: 180.53	RMSE: 231.33
Epoch 089	LOSS: 191.93	MAE: 180.05	RMSE: 230.88
Epoch 090	LOSS: 189.34	MAE: 179.57	RMSE: 230.42
Epoch 091	LOSS: 189.00	MAE: 179.10	RMSE: 229.97
Epoch 092	LOSS: 188.66	MAE: 178.61	RMSE: 229.51
Epoch 093	LOSS: 188.06	MAE: 178.14	RMSE: 229.06
Epoch 094	LOSS: 191.39	MAE: 177.65	RMSE: 228.60
Epoch 095	LOSS: 188.07	MAE: 177.17	RMSE: 228.14
Epoch 096	LOSS: 189.73	MAE: 176.69	RMSE: 227.67
Epoch 097	LOSS: 187.68	MAE: 176.21	RMSE: 227.21
Epoch 098	LOSS: 186.29	MAE: 175.73	RMSE: 226.75
Epoch 099	LOSS: 184.85	MAE: 175.24	RMSE: 226.28
Epoch 100	LOSS: 183.67	MAE: 174.76	RMSE: 225.81
Epoch 101	LOSS: 186.39	MAE: 174.28	RMSE: 225.34
Epoch 102	LOSS: 183.07	MAE: 173.80	RMSE: 224.87
Epoch 103	LOSS: 182.73	MAE: 173.31	RMSE: 224.40
Epoch 104	LOSS: 184.72	MAE: 172.83	RMSE: 223.93
Epoch 105	LOSS: 183.44	MAE: 172.35	RMSE: 223.46
Epoch 106	LOSS: 182.15	MAE: 171.87	RMSE: 222.99
Epoch 107	LOSS: 182.56	MAE: 171.39	RMSE: 222.51
Epoch 108	LOSS: 179.36	MAE: 170.91	RMSE: 222.03
Epoch 109	LOSS: 176.15	MAE: 170.43	RMSE: 221.56
Epoch 110	LOSS: 180.79	MAE: 169.95	RMSE: 221.08
Epoch 111	LOSS: 179.62	MAE: 169.47	RMSE: 220.60
Epoch 112	LOSS: 178.23	MAE: 168.99	RMSE: 220.12
Epoch 113	LOSS: 177.12	MAE: 168.51	RMSE: 219.63
Epoch 114	LOSS: 177.10	MAE: 168.03	RMSE: 219.15
Epoch 115	LOSS: 175.39	MAE: 167.56	RMSE: 218.67
Epoch 116	LOSS: 175.61	MAE: 167.08	RMSE: 218.18
Epoch 117	LOSS: 176.01	MAE: 166.61	RMSE: 217.70
Epoch 118	LOSS: 175.04	MAE: 166.14	RMSE: 217.22
Epoch 119	LOSS: 173.99	MAE: 165.67	RMSE: 216.73
Epoch 120	LOSS: 173.07	MAE: 165.20	RMSE: 216.25
Epoch 121	LOSS: 172.71	MAE: 164.73	RMSE: 215.76
Epoch 122	LOSS: 173.74	MAE: 164.27	RMSE: 215.27
Epoch 123	LOSS: 173.10	MAE: 163.80	RMSE: 214.78
Epoch 124	LOSS: 173.63	MAE: 163.34	RMSE: 214.30
Epoch 125	LOSS: 171.84	MAE: 162.87	RMSE: 213.81
Epoch 126	LOSS: 171.66	MAE: 162.41	RMSE: 213.32
Epoch 127	LOSS: 173.77	MAE: 161.95	RMSE: 212.83
Epoch 128	LOSS: 168.01	MAE: 161.49	RMSE: 212.34
Epoch 129	LOSS: 172.07	MAE: 161.03	RMSE: 211.85
Epoch 130	LOSS: 171.65	MAE: 160.58	RMSE: 211.36
Epoch 131	LOSS: 165.83	MAE: 160.12	RMSE: 210.87
Epoch 132	LOSS: 166.33	MAE: 159.67	RMSE: 210.38
Epoch 133	LOSS: 169.70	MAE: 159.22	RMSE: 209.89
Epoch 134	LOSS: 167.34	MAE: 158.77	RMSE: 209.40
Epoch 135	LOSS: 168.89	MAE: 158.33	RMSE: 208.91
Epoch 136	LOSS: 168.32	MAE: 157.88	RMSE: 208.42
Epoch 137	LOSS: 166.44	MAE: 157.44	RMSE: 207.93
Epoch 138	LOSS: 167.39	MAE: 157.00	RMSE: 207.44
Epoch 139	LOSS: 167.39	MAE: 156.56	RMSE: 206.95
Epoch 140	LOSS: 164.08	MAE: 156.12	RMSE: 206.46
Epoch 141	LOSS: 167.30	MAE: 155.68	RMSE: 205.97
Epoch 142	LOSS: 165.45	MAE: 155.25	RMSE: 205.48
Epoch 143	LOSS: 164.08	MAE: 154.82	RMSE: 204.99
Epoch 144	LOSS: 162.42	MAE: 154.40	RMSE: 204.51
Epoch 145	LOSS: 163.15	MAE: 153.97	RMSE: 204.02
Epoch 146	LOSS: 163.14	MAE: 153.55	RMSE: 203.54
Epoch 147	LOSS: 162.04	MAE: 153.14	RMSE: 203.06
Epoch 148	LOSS: 159.60	MAE: 152.72	RMSE: 202.58
Epoch 149	LOSS: 160.64	MAE: 152.31	RMSE: 202.10
Epoch 150	LOSS: 158.94	MAE: 151.90	RMSE: 201.62
Epoch 151	LOSS: 160.13	MAE: 151.50	RMSE: 201.14
Epoch 152	LOSS: 160.39	MAE: 151.09	RMSE: 200.67
Epoch 153	LOSS: 157.62	MAE: 150.69	RMSE: 200.19
Epoch 154	LOSS: 158.81	MAE: 150.29	RMSE: 199.71
Epoch 155	LOSS: 158.45	MAE: 149.90	RMSE: 199.23
Epoch 156	LOSS: 156.92	MAE: 149.50	RMSE: 198.76
Epoch 157	LOSS: 157.31	MAE: 149.11	RMSE: 198.28
Epoch 158	LOSS: 158.38	MAE: 148.72	RMSE: 197.81
Epoch 159	LOSS: 157.53	MAE: 148.33	RMSE: 197.34
Epoch 160	LOSS: 154.46	MAE: 147.95	RMSE: 196.87
Epoch 161	LOSS: 155.78	MAE: 147.57	RMSE: 196.40
Epoch 162	LOSS: 156.79	MAE: 147.19	RMSE: 195.93
Epoch 163	LOSS: 156.40	MAE: 146.82	RMSE: 195.46
Epoch 164	LOSS: 154.85	MAE: 146.44	RMSE: 194.99
Epoch 165	LOSS: 154.54	MAE: 146.08	RMSE: 194.53
Epoch 166	LOSS: 154.55	MAE: 145.71	RMSE: 194.07
Epoch 167	LOSS: 154.23	MAE: 145.35	RMSE: 193.61
Epoch 168	LOSS: 152.39	MAE: 144.99	RMSE: 193.15
Epoch 169	LOSS: 154.60	MAE: 144.64	RMSE: 192.69
Epoch 170	LOSS: 151.63	MAE: 144.29	RMSE: 192.23
Epoch 171	LOSS: 151.70	MAE: 143.94	RMSE: 191.77
Epoch 172	LOSS: 151.82	MAE: 143.59	RMSE: 191.32
Epoch 173	LOSS: 152.24	MAE: 143.25	RMSE: 190.86
Epoch 174	LOSS: 150.15	MAE: 142.91	RMSE: 190.41
Epoch 175	LOSS: 151.45	MAE: 142.57	RMSE: 189.96
Epoch 176	LOSS: 151.22	MAE: 142.24	RMSE: 189.51
Epoch 177	LOSS: 151.58	MAE: 141.91	RMSE: 189.06
Epoch 178	LOSS: 151.28	MAE: 141.58	RMSE: 188.62
Epoch 179	LOSS: 149.43	MAE: 141.26	RMSE: 188.18
Epoch 180	LOSS: 149.35	MAE: 140.94	RMSE: 187.74
Epoch 181	LOSS: 148.21	MAE: 140.62	RMSE: 187.30
Epoch 182	LOSS: 147.84	MAE: 140.31	RMSE: 186.87
Epoch 183	LOSS: 147.36	MAE: 140.00	RMSE: 186.43
Epoch 184	LOSS: 147.53	MAE: 139.70	RMSE: 186.00
Epoch 185	LOSS: 147.58	MAE: 139.40	RMSE: 185.58
Epoch 186	LOSS: 145.41	MAE: 139.11	RMSE: 185.16
Epoch 187	LOSS: 143.30	MAE: 138.81	RMSE: 184.73
Epoch 188	LOSS: 146.54	MAE: 138.52	RMSE: 184.31
Epoch 189	LOSS: 145.51	MAE: 138.23	RMSE: 183.89
Epoch 190	LOSS: 143.74	MAE: 137.95	RMSE: 183.47
Epoch 191	LOSS: 140.99	MAE: 137.67	RMSE: 183.06
Epoch 192	LOSS: 143.69	MAE: 137.39	RMSE: 182.64
Epoch 193	LOSS: 143.30	MAE: 137.12	RMSE: 182.23
Epoch 194	LOSS: 143.09	MAE: 136.85	RMSE: 181.83
Epoch 195	LOSS: 143.55	MAE: 136.59	RMSE: 181.42
Epoch 196	LOSS: 142.96	MAE: 136.33	RMSE: 181.02
Epoch 197	LOSS: 143.07	MAE: 136.07	RMSE: 180.63
Epoch 198	LOSS: 139.64	MAE: 135.82	RMSE: 180.24
Epoch 199	LOSS: 141.57	MAE: 135.57	RMSE: 179.85
Epoch 200	LOSS: 138.08	MAE: 135.33	RMSE: 179.46
Epoch 201	LOSS: 139.91	MAE: 135.09	RMSE: 179.08
Epoch 202	LOSS: 140.94	MAE: 134.86	RMSE: 178.70
Epoch 203	LOSS: 138.88	MAE: 134.62	RMSE: 178.32
Epoch 204	LOSS: 141.39	MAE: 134.40	RMSE: 177.95
Epoch 205	LOSS: 139.00	MAE: 134.17	RMSE: 177.58
Epoch 206	LOSS: 139.18	MAE: 133.95	RMSE: 177.21
Epoch 207	LOSS: 139.52	MAE: 133.73	RMSE: 176.85
Epoch 208	LOSS: 139.31	MAE: 133.51	RMSE: 176.48
Epoch 209	LOSS: 138.43	MAE: 133.30	RMSE: 176.12
Epoch 210	LOSS: 138.33	MAE: 133.09	RMSE: 175.76
Epoch 211	LOSS: 136.32	MAE: 132.89	RMSE: 175.41
Epoch 212	LOSS: 137.79	MAE: 132.69	RMSE: 175.06
Epoch 213	LOSS: 137.58	MAE: 132.49	RMSE: 174.71
Epoch 214	LOSS: 136.95	MAE: 132.29	RMSE: 174.37
Epoch 215	LOSS: 137.37	MAE: 132.10	RMSE: 174.03
Epoch 216	LOSS: 136.09	MAE: 131.91	RMSE: 173.69
Epoch 217	LOSS: 136.20	MAE: 131.73	RMSE: 173.35
Epoch 218	LOSS: 135.52	MAE: 131.54	RMSE: 173.01
Epoch 219	LOSS: 134.26	MAE: 131.36	RMSE: 172.68
Epoch 220	LOSS: 135.39	MAE: 131.18	RMSE: 172.35
Epoch 221	LOSS: 136.56	MAE: 131.00	RMSE: 172.02
Epoch 222	LOSS: 135.24	MAE: 130.83	RMSE: 171.70
Epoch 223	LOSS: 133.78	MAE: 130.66	RMSE: 171.38
Epoch 224	LOSS: 134.75	MAE: 130.49	RMSE: 171.07
Epoch 225	LOSS: 132.98	MAE: 130.33	RMSE: 170.76
Epoch 226	LOSS: 131.86	MAE: 130.17	RMSE: 170.44
Epoch 227	LOSS: 132.81	MAE: 130.01	RMSE: 170.13
Epoch 228	LOSS: 133.44	MAE: 129.85	RMSE: 169.83
Epoch 229	LOSS: 130.32	MAE: 129.69	RMSE: 169.52
Epoch 230	LOSS: 131.57	MAE: 129.54	RMSE: 169.22
Epoch 231	LOSS: 133.95	MAE: 129.39	RMSE: 168.92
Epoch 232	LOSS: 132.22	MAE: 129.24	RMSE: 168.63
Epoch 233	LOSS: 128.99	MAE: 129.10	RMSE: 168.34
Epoch 234	LOSS: 131.16	MAE: 128.96	RMSE: 168.05
Epoch 235	LOSS: 130.84	MAE: 128.82	RMSE: 167.76
Epoch 236	LOSS: 131.01	MAE: 128.69	RMSE: 167.48
Epoch 237	LOSS: 131.09	MAE: 128.55	RMSE: 167.21
Epoch 238	LOSS: 131.74	MAE: 128.42	RMSE: 166.93
Epoch 239	LOSS: 131.75	MAE: 128.29	RMSE: 166.66
Epoch 240	LOSS: 132.31	MAE: 128.17	RMSE: 166.39
Epoch 241	LOSS: 129.34	MAE: 128.04	RMSE: 166.12
Epoch 242	LOSS: 129.77	MAE: 127.92	RMSE: 165.86
Epoch 243	LOSS: 129.92	MAE: 127.80	RMSE: 165.59
Epoch 244	LOSS: 129.23	MAE: 127.68	RMSE: 165.33
Epoch 245	LOSS: 129.68	MAE: 127.57	RMSE: 165.08
Epoch 246	LOSS: 128.90	MAE: 127.46	RMSE: 164.83
Epoch 247	LOSS: 131.04	MAE: 127.35	RMSE: 164.58
Epoch 248	LOSS: 129.94	MAE: 127.24	RMSE: 164.34
Epoch 249	LOSS: 129.51	MAE: 127.14	RMSE: 164.10
Epoch 250	LOSS: 128.75	MAE: 127.04	RMSE: 163.86
Epoch 251	LOSS: 128.73	MAE: 126.94	RMSE: 163.63
Epoch 252	LOSS: 129.66	MAE: 126.84	RMSE: 163.39
Epoch 253	LOSS: 127.74	MAE: 126.74	RMSE: 163.17
Epoch 254	LOSS: 128.52	MAE: 126.64	RMSE: 162.94
Epoch 255	LOSS: 127.95	MAE: 126.55	RMSE: 162.71
Epoch 256	LOSS: 127.72	MAE: 126.46	RMSE: 162.49
Epoch 257	LOSS: 128.18	MAE: 126.37	RMSE: 162.27
Epoch 258	LOSS: 127.32	MAE: 126.28	RMSE: 162.05
Epoch 259	LOSS: 127.82	MAE: 126.20	RMSE: 161.84
Epoch 260	LOSS: 127.23	MAE: 126.11	RMSE: 161.63
Epoch 261	LOSS: 128.15	MAE: 126.03	RMSE: 161.41
Epoch 262	LOSS: 128.92	MAE: 125.95	RMSE: 161.20
Epoch 263	LOSS: 126.54	MAE: 125.87	RMSE: 161.00
Epoch 264	LOSS: 126.98	MAE: 125.79	RMSE: 160.79
Epoch 265	LOSS: 126.26	MAE: 125.71	RMSE: 160.59
Epoch 266	LOSS: 125.97	MAE: 125.64	RMSE: 160.40
Epoch 267	LOSS: 127.66	MAE: 125.57	RMSE: 160.20
Epoch 268	LOSS: 126.97	MAE: 125.50	RMSE: 160.01
Epoch 269	LOSS: 125.70	MAE: 125.43	RMSE: 159.82
Epoch 270	LOSS: 125.15	MAE: 125.36	RMSE: 159.62
Epoch 271	LOSS: 125.92	MAE: 125.29	RMSE: 159.43
Epoch 272	LOSS: 127.38	MAE: 125.22	RMSE: 159.25
Epoch 273	LOSS: 125.20	MAE: 125.16	RMSE: 159.06
Epoch 274	LOSS: 125.60	MAE: 125.10	RMSE: 158.88
Epoch 275	LOSS: 124.35	MAE: 125.03	RMSE: 158.71
Epoch 276	LOSS: 125.70	MAE: 124.98	RMSE: 158.53
Epoch 277	LOSS: 124.22	MAE: 124.92	RMSE: 158.36
Epoch 278	LOSS: 124.64	MAE: 124.87	RMSE: 158.20
Epoch 279	LOSS: 124.97	MAE: 124.81	RMSE: 158.04
Epoch 280	LOSS: 124.20	MAE: 124.76	RMSE: 157.88
Epoch 281	LOSS: 124.88	MAE: 124.71	RMSE: 157.72
Epoch 282	LOSS: 125.74	MAE: 124.66	RMSE: 157.56
Epoch 283	LOSS: 123.11	MAE: 124.61	RMSE: 157.41
Epoch 284	LOSS: 124.23	MAE: 124.56	RMSE: 157.25
Epoch 285	LOSS: 124.22	MAE: 124.52	RMSE: 157.10
Epoch 286	LOSS: 123.64	MAE: 124.47	RMSE: 156.95
Epoch 287	LOSS: 124.54	MAE: 124.43	RMSE: 156.80
Epoch 288	LOSS: 124.04	MAE: 124.39	RMSE: 156.66
Epoch 289	LOSS: 123.37	MAE: 124.35	RMSE: 156.52
Epoch 290	LOSS: 125.22	MAE: 124.31	RMSE: 156.39
Epoch 291	LOSS: 123.53	MAE: 124.27	RMSE: 156.25
Epoch 292	LOSS: 124.36	MAE: 124.24	RMSE: 156.12
Epoch 293	LOSS: 123.53	MAE: 124.20	RMSE: 155.99
Epoch 294	LOSS: 123.71	MAE: 124.17	RMSE: 155.86
Epoch 295	LOSS: 123.19	MAE: 124.13	RMSE: 155.74
Epoch 296	LOSS: 123.60	MAE: 124.10	RMSE: 155.61
Epoch 297	LOSS: 123.38	MAE: 124.07	RMSE: 155.48
Epoch 298	LOSS: 123.10	MAE: 124.04	RMSE: 155.36
Epoch 299	LOSS: 123.98	MAE: 124.01	RMSE: 155.24
Epoch 300	LOSS: 123.14	MAE: 123.98	RMSE: 155.12
Epoch 301	LOSS: 122.43	MAE: 123.95	RMSE: 155.00
Epoch 302	LOSS: 122.37	MAE: 123.93	RMSE: 154.88
Epoch 303	LOSS: 122.62	MAE: 123.90	RMSE: 154.77
Epoch 304	LOSS: 122.37	MAE: 123.88	RMSE: 154.67
Epoch 305	LOSS: 121.90	MAE: 123.85	RMSE: 154.56
Epoch 306	LOSS: 122.36	MAE: 123.83	RMSE: 154.46
Epoch 307	LOSS: 122.05	MAE: 123.81	RMSE: 154.36
Epoch 308	LOSS: 122.15	MAE: 123.79	RMSE: 154.26
Epoch 309	LOSS: 121.73	MAE: 123.77	RMSE: 154.16
Epoch 310	LOSS: 121.66	MAE: 123.75	RMSE: 154.06
Epoch 311	LOSS: 121.51	MAE: 123.73	RMSE: 153.97
Epoch 312	LOSS: 122.28	MAE: 123.72	RMSE: 153.87
Epoch 313	LOSS: 121.82	MAE: 123.70	RMSE: 153.78
Epoch 314	LOSS: 121.91	MAE: 123.68	RMSE: 153.69
Epoch 315	LOSS: 121.84	MAE: 123.67	RMSE: 153.60
Epoch 316	LOSS: 122.08	MAE: 123.65	RMSE: 153.51
Epoch 317	LOSS: 122.72	MAE: 123.64	RMSE: 153.43
Epoch 318	LOSS: 121.74	MAE: 123.63	RMSE: 153.34
Epoch 319	LOSS: 122.95	MAE: 123.61	RMSE: 153.26
Epoch 320	LOSS: 122.35	MAE: 123.60	RMSE: 153.17
Epoch 321	LOSS: 121.35	MAE: 123.59	RMSE: 153.09
Epoch 322	LOSS: 122.10	MAE: 123.58	RMSE: 153.01
Epoch 323	LOSS: 121.46	MAE: 123.57	RMSE: 152.93
Epoch 324	LOSS: 120.79	MAE: 123.56	RMSE: 152.85
Epoch 325	LOSS: 121.24	MAE: 123.55	RMSE: 152.78
Epoch 326	LOSS: 121.46	MAE: 123.55	RMSE: 152.70
Epoch 327	LOSS: 123.00	MAE: 123.54	RMSE: 152.63
Epoch 328	LOSS: 121.89	MAE: 123.53	RMSE: 152.56
Epoch 329	LOSS: 120.89	MAE: 123.53	RMSE: 152.49
Epoch 330	LOSS: 121.19	MAE: 123.52	RMSE: 152.42
Epoch 331	LOSS: 121.73	MAE: 123.52	RMSE: 152.36
Epoch 332	LOSS: 121.09	MAE: 123.51	RMSE: 152.30
Epoch 333	LOSS: 120.64	MAE: 123.51	RMSE: 152.24
Epoch 334	LOSS: 120.73	MAE: 123.51	RMSE: 152.17
Epoch 335	LOSS: 120.98	MAE: 123.50	RMSE: 152.11
Epoch 336	LOSS: 120.67	MAE: 123.50	RMSE: 152.05
Epoch 337	LOSS: 121.77	MAE: 123.50	RMSE: 152.00
Epoch 338	LOSS: 120.78	MAE: 123.50	RMSE: 151.94
Epoch 339	LOSS: 120.47	MAE: 123.50	RMSE: 151.89
Epoch 340	LOSS: 120.72	MAE: 123.50	RMSE: 151.83
Epoch 341	LOSS: 121.94	MAE: 123.50	RMSE: 151.78
Epoch 342	LOSS: 120.67	MAE: 123.50	RMSE: 151.73
Epoch 343	LOSS: 121.75	MAE: 123.50	RMSE: 151.68
Epoch 344	LOSS: 121.58	MAE: 123.50	RMSE: 151.63
Epoch 345	LOSS: 119.84	MAE: 123.50	RMSE: 151.58
Epoch 346	LOSS: 120.67	MAE: 123.50	RMSE: 151.53
Epoch 347	LOSS: 120.26	MAE: 123.50	RMSE: 151.49
Epoch 348	LOSS: 120.76	MAE: 123.50	RMSE: 151.45
Epoch 349	LOSS: 120.22	MAE: 123.51	RMSE: 151.41
Epoch 350	LOSS: 120.24	MAE: 123.51	RMSE: 151.37
Epoch 351	LOSS: 120.44	MAE: 123.51	RMSE: 151.33
Epoch 352	LOSS: 120.36	MAE: 123.52	RMSE: 151.29
Epoch 353	LOSS: 120.30	MAE: 123.52	RMSE: 151.26
Epoch 354	LOSS: 120.88	MAE: 123.52	RMSE: 151.22
Epoch 355	LOSS: 120.69	MAE: 123.53	RMSE: 151.18
Epoch 356	LOSS: 120.81	MAE: 123.53	RMSE: 151.14
Epoch 357	LOSS: 120.40	MAE: 123.53	RMSE: 151.10
Epoch 358	LOSS: 120.44	MAE: 123.54	RMSE: 151.07
Epoch 359	LOSS: 119.80	MAE: 123.54	RMSE: 151.04
Epoch 360	LOSS: 120.60	MAE: 123.55	RMSE: 151.00
Epoch 361	LOSS: 120.81	MAE: 123.55	RMSE: 150.97
Epoch 362	LOSS: 120.45	MAE: 123.56	RMSE: 150.93
Epoch 363	LOSS: 120.11	MAE: 123.57	RMSE: 150.90
Epoch 364	LOSS: 120.39	MAE: 123.57	RMSE: 150.87
Epoch 365	LOSS: 119.68	MAE: 123.58	RMSE: 150.84
Epoch 366	LOSS: 121.18	MAE: 123.58	RMSE: 150.81
Epoch 367	LOSS: 120.32	MAE: 123.59	RMSE: 150.79
Epoch 368	LOSS: 120.29	MAE: 123.60	RMSE: 150.76
Epoch 369	LOSS: 120.82	MAE: 123.60	RMSE: 150.73
Epoch 370	LOSS: 120.62	MAE: 123.61	RMSE: 150.71
Epoch 371	LOSS: 120.37	MAE: 123.61	RMSE: 150.68
Epoch 372	LOSS: 120.10	MAE: 123.62	RMSE: 150.66
Epoch 373	LOSS: 120.75	MAE: 123.62	RMSE: 150.64
Epoch 374	LOSS: 119.86	MAE: 123.61	RMSE: 150.63
Epoch 375	LOSS: 120.49	MAE: 123.43	RMSE: 154.05
Epoch 376	LOSS: 120.58	MAE: 123.42	RMSE: 152.90
Epoch 377	LOSS: 125.44	MAE: 126.59	RMSE: 157.74
Epoch 378	LOSS: 120.52	MAE: 123.31	RMSE: 150.98
Epoch 379	LOSS: 119.58	MAE: 123.38	RMSE: 150.66
Epoch 380	LOSS: 119.91	MAE: 123.56	RMSE: 150.52
Epoch 381	LOSS: 119.89	MAE: 123.20	RMSE: 150.22
Epoch 382	LOSS: 118.82	MAE: 122.44	RMSE: 149.56
Epoch 383	LOSS: 118.94	MAE: 121.78	RMSE: 149.04
Epoch 384	LOSS: 117.96	MAE: 122.21	RMSE: 149.42
Epoch 385	LOSS: 116.89	MAE: 119.35	RMSE: 147.52
Epoch 386	LOSS: 114.64	MAE: 117.43	RMSE: 146.95
Epoch 387	LOSS: 116.21	MAE: 117.73	RMSE: 147.89
Epoch 388	LOSS: 114.49	MAE: 115.13	RMSE: 145.63
Epoch 389	LOSS: 112.31	MAE: 113.91	RMSE: 144.57
Epoch 390	LOSS: 110.28	MAE: 113.01	RMSE: 143.85
Epoch 391	LOSS: 109.94	MAE: 111.01	RMSE: 142.30
Epoch 392	LOSS: 105.87	MAE: 109.18	RMSE: 141.21
Epoch 393	LOSS: 106.62	MAE: 108.47	RMSE: 141.60
Epoch 394	LOSS: 104.95	MAE: 108.96	RMSE: 142.04
Epoch 395	LOSS: 106.27	MAE: 108.25	RMSE: 140.72
Epoch 396	LOSS: 108.64	MAE: 107.42	RMSE: 140.70
Epoch 397	LOSS: 106.10	MAE: 107.16	RMSE: 139.96
Epoch 398	LOSS: 106.59	MAE: 107.87	RMSE: 140.26
Epoch 399	LOSS: 105.53	MAE: 107.23	RMSE: 139.31
Epoch 400	LOSS: 104.84	MAE: 106.29	RMSE: 138.76
Epoch 401	LOSS: 105.47	MAE: 106.13	RMSE: 138.46
Epoch 402	LOSS: 107.03	MAE: 105.55	RMSE: 138.09
Epoch 403	LOSS: 104.76	MAE: 105.36	RMSE: 138.05
Epoch 404	LOSS: 105.55	MAE: 105.59	RMSE: 137.55
Epoch 405	LOSS: 104.31	MAE: 105.55	RMSE: 137.39
Epoch 406	LOSS: 103.28	MAE: 104.36	RMSE: 136.79
Epoch 407	LOSS: 104.16	MAE: 104.04	RMSE: 136.52
Epoch 408	LOSS: 103.00	MAE: 104.01	RMSE: 136.29
Epoch 409	LOSS: 101.49	MAE: 103.78	RMSE: 136.19
Epoch 410	LOSS: 101.66	MAE: 104.09	RMSE: 136.02
Epoch 411	LOSS: 103.07	MAE: 103.51	RMSE: 135.82
Epoch 412	LOSS: 102.11	MAE: 104.47	RMSE: 136.05
Epoch 413	LOSS: 102.45	MAE: 104.53	RMSE: 136.84
Epoch 414	LOSS: 103.37	MAE: 106.08	RMSE: 137.61
Epoch 415	LOSS: 103.50	MAE: 105.11	RMSE: 138.00
Epoch 416	LOSS: 103.40	MAE: 105.82	RMSE: 138.00
Epoch 417	LOSS: 103.08	MAE: 104.61	RMSE: 136.62
Epoch 418	LOSS: 102.09	MAE: 103.55	RMSE: 135.74
Epoch 419	LOSS: 102.76	MAE: 104.93	RMSE: 135.40
Epoch 420	LOSS: 101.26	MAE: 103.52	RMSE: 134.58
Epoch 421	LOSS: 99.91	MAE: 102.80	RMSE: 134.48
Epoch 422	LOSS: 102.00	MAE: 103.14	RMSE: 134.21
Epoch 423	LOSS: 101.14	MAE: 102.56	RMSE: 133.71
Epoch 424	LOSS: 101.04	MAE: 102.58	RMSE: 133.90
Epoch 425	LOSS: 99.70	MAE: 102.43	RMSE: 133.44
Epoch 426	LOSS: 100.09	MAE: 102.53	RMSE: 133.44
Epoch 427	LOSS: 101.39	MAE: 101.72	RMSE: 133.06
Epoch 428	LOSS: 99.07	MAE: 101.58	RMSE: 132.76
Epoch 429	LOSS: 101.24	MAE: 102.06	RMSE: 132.84
Epoch 430	LOSS: 100.39	MAE: 101.57	RMSE: 132.49
Epoch 431	LOSS: 99.20	MAE: 101.26	RMSE: 132.28
Epoch 432	LOSS: 98.36	MAE: 101.36	RMSE: 132.20
Epoch 433	LOSS: 99.75	MAE: 101.38	RMSE: 132.12
Epoch 434	LOSS: 97.94	MAE: 101.15	RMSE: 131.92
Epoch 435	LOSS: 98.66	MAE: 101.25	RMSE: 131.88
Epoch 436	LOSS: 99.39	MAE: 101.28	RMSE: 131.83
Epoch 437	LOSS: 98.85	MAE: 100.97	RMSE: 131.58
Epoch 438	LOSS: 99.59	MAE: 100.94	RMSE: 131.48
Epoch 439	LOSS: 99.96	MAE: 101.12	RMSE: 131.50
Epoch 440	LOSS: 97.68	MAE: 100.84	RMSE: 131.27
Epoch 441	LOSS: 98.17	MAE: 100.66	RMSE: 131.12
Epoch 442	LOSS: 99.31	MAE: 100.63	RMSE: 131.02
Epoch 443	LOSS: 98.07	MAE: 100.65	RMSE: 130.97
Epoch 444	LOSS: 97.00	MAE: 100.63	RMSE: 130.89
Epoch 445	LOSS: 97.88	MAE: 100.41	RMSE: 130.70
Epoch 446	LOSS: 97.97	MAE: 100.40	RMSE: 130.64
Epoch 447	LOSS: 98.01	MAE: 100.56	RMSE: 130.68
Epoch 448	LOSS: 96.24	MAE: 100.37	RMSE: 130.51
Epoch 449	LOSS: 96.78	MAE: 100.24	RMSE: 130.37
Epoch 450	LOSS: 97.43	MAE: 100.34	RMSE: 130.37
Epoch 451	LOSS: 98.12	MAE: 100.27	RMSE: 130.28
Epoch 452	LOSS: 97.54	MAE: 100.00	RMSE: 130.08
Epoch 453	LOSS: 97.20	MAE: 100.33	RMSE: 130.23
Epoch 454	LOSS: 98.24	MAE: 100.10	RMSE: 130.03
Epoch 455	LOSS: 96.75	MAE: 99.76	RMSE: 129.80
Epoch 456	LOSS: 98.20	MAE: 100.26	RMSE: 130.05
Epoch 457	LOSS: 96.71	MAE: 99.86	RMSE: 129.76
Epoch 458	LOSS: 97.73	MAE: 99.61	RMSE: 129.62
Epoch 459	LOSS: 98.89	MAE: 100.22	RMSE: 129.91
Epoch 460	LOSS: 97.33	MAE: 99.86	RMSE: 129.64
Epoch 461	LOSS: 96.65	MAE: 99.56	RMSE: 129.45
Epoch 462	LOSS: 98.47	MAE: 99.85	RMSE: 129.56
Epoch 463	LOSS: 97.83	MAE: 99.91	RMSE: 129.57
Epoch 464	LOSS: 97.43	MAE: 99.54	RMSE: 129.30
Epoch 465	LOSS: 97.56	MAE: 99.69	RMSE: 129.35
Epoch 466	LOSS: 97.15	MAE: 100.47	RMSE: 129.86
Epoch 467	LOSS: 97.20	MAE: 99.61	RMSE: 129.26
Epoch 468	LOSS: 97.41	MAE: 99.37	RMSE: 129.09
Epoch 469	LOSS: 98.06	MAE: 99.82	RMSE: 129.32
Epoch 470	LOSS: 97.12	MAE: 99.75	RMSE: 129.24
Epoch 471	LOSS: 96.93	MAE: 99.29	RMSE: 128.93
Epoch 472	LOSS: 97.28	MAE: 99.47	RMSE: 129.01
Epoch 473	LOSS: 96.92	MAE: 99.77	RMSE: 129.18
Epoch 474	LOSS: 97.00	MAE: 99.37	RMSE: 128.88
Epoch 475	LOSS: 96.58	MAE: 99.30	RMSE: 128.81
Epoch 476	LOSS: 97.86	MAE: 99.63	RMSE: 129.00
Epoch 477	LOSS: 95.64	MAE: 99.40	RMSE: 128.81
Epoch 478	LOSS: 96.44	MAE: 99.28	RMSE: 128.72
Epoch 479	LOSS: 94.97	MAE: 99.49	RMSE: 128.83
Epoch 480	LOSS: 96.32	MAE: 99.34	RMSE: 128.71
Epoch 481	LOSS: 96.26	MAE: 99.38	RMSE: 128.71
Epoch 482	LOSS: 96.12	MAE: 99.38	RMSE: 128.69
Epoch 483	LOSS: 96.95	MAE: 99.12	RMSE: 128.49
Epoch 484	LOSS: 97.03	MAE: 99.14	RMSE: 128.49
Epoch 485	LOSS: 97.66	MAE: 99.39	RMSE: 128.62
Epoch 486	LOSS: 96.85	MAE: 98.97	RMSE: 128.34
Epoch 487	LOSS: 96.50	MAE: 99.36	RMSE: 128.56
Epoch 488	LOSS: 96.38	MAE: 99.28	RMSE: 128.48
Epoch 489	LOSS: 96.07	MAE: 98.88	RMSE: 128.24
Epoch 490	LOSS: 95.54	MAE: 99.30	RMSE: 128.46
Epoch 491	LOSS: 96.09	MAE: 98.98	RMSE: 128.24
Epoch 492	LOSS: 97.15	MAE: 99.00	RMSE: 128.24
Epoch 493	LOSS: 96.65	MAE: 99.04	RMSE: 128.24
Epoch 494	LOSS: 96.00	MAE: 99.07	RMSE: 128.24
Epoch 495	LOSS: 96.02	MAE: 99.08	RMSE: 128.24
Epoch 496	LOSS: 96.55	MAE: 99.19	RMSE: 128.30
Epoch 497	LOSS: 97.13	MAE: 99.05	RMSE: 128.19
Epoch 498	LOSS: 96.34	MAE: 99.07	RMSE: 128.18
Epoch 499	LOSS: 96.73	MAE: 98.97	RMSE: 128.11
