Epoch 000	LOSS: 145.49	MAE: 71.23	RMSE: 83.63
Epoch 001	LOSS: 139.39	MAE: 68.60	RMSE: 81.33
Epoch 002	LOSS: 119.51	MAE: 59.51	RMSE: 72.50
Epoch 003	LOSS: 87.57	MAE: 44.15	RMSE: 52.95
Epoch 004	LOSS: 74.21	MAE: 37.78	RMSE: 46.83
Epoch 005	LOSS: 66.00	MAE: 34.65	RMSE: 42.99
Epoch 006	LOSS: 56.50	MAE: 32.61	RMSE: 40.95
Epoch 007	LOSS: 41.17	MAE: 27.82	RMSE: 37.43
Epoch 008	LOSS: 29.70	MAE: 22.77	RMSE: 35.00
Epoch 009	LOSS: 28.20	MAE: 21.80	RMSE: 34.84
Epoch 010	LOSS: 27.83	MAE: 21.19	RMSE: 34.50
Epoch 011	LOSS: 27.26	MAE: 21.00	RMSE: 34.44
Epoch 012	LOSS: 27.52	MAE: 20.87	RMSE: 34.35
Epoch 013	LOSS: 26.66	MAE: 20.67	RMSE: 34.26
Epoch 014	LOSS: 26.27	MAE: 20.43	RMSE: 34.21
Epoch 015	LOSS: 26.22	MAE: 20.34	RMSE: 34.10
Epoch 016	LOSS: 25.95	MAE: 20.12	RMSE: 34.04
Epoch 017	LOSS: 25.92	MAE: 19.91	RMSE: 33.94
Epoch 018	LOSS: 25.54	MAE: 19.71	RMSE: 33.85
Epoch 019	LOSS: 25.61	MAE: 19.92	RMSE: 34.02
Epoch 020	LOSS: 25.14	MAE: 19.68	RMSE: 33.90
Epoch 021	LOSS: 24.25	MAE: 19.39	RMSE: 33.77
Epoch 022	LOSS: 25.05	MAE: 19.68	RMSE: 33.94
Epoch 023	LOSS: 24.25	MAE: 19.33	RMSE: 33.80
Epoch 024	LOSS: 24.06	MAE: 19.33	RMSE: 33.79
Epoch 025	LOSS: 24.23	MAE: 19.35	RMSE: 33.75
Epoch 026	LOSS: 24.55	MAE: 19.36	RMSE: 33.76
Epoch 027	LOSS: 24.04	MAE: 19.22	RMSE: 33.68
Epoch 028	LOSS: 23.71	MAE: 19.08	RMSE: 33.60
Epoch 029	LOSS: 23.55	MAE: 19.10	RMSE: 33.61
Epoch 030	LOSS: 24.70	MAE: 19.18	RMSE: 33.66
Epoch 031	LOSS: 23.74	MAE: 18.94	RMSE: 33.54
Epoch 032	LOSS: 23.25	MAE: 18.91	RMSE: 33.51
Epoch 033	LOSS: 23.65	MAE: 18.99	RMSE: 33.55
Epoch 034	LOSS: 23.45	MAE: 18.88	RMSE: 33.48
Epoch 035	LOSS: 23.13	MAE: 18.83	RMSE: 33.48
Epoch 036	LOSS: 23.16	MAE: 18.86	RMSE: 33.53
Epoch 037	LOSS: 23.14	MAE: 18.75	RMSE: 33.47
Epoch 038	LOSS: 22.99	MAE: 18.71	RMSE: 33.46
Epoch 039	LOSS: 22.89	MAE: 18.81	RMSE: 33.51
Epoch 040	LOSS: 23.06	MAE: 18.89	RMSE: 33.54
Epoch 041	LOSS: 21.89	MAE: 18.55	RMSE: 33.35
Epoch 042	LOSS: 21.88	MAE: 18.44	RMSE: 33.30
Epoch 043	LOSS: 21.78	MAE: 18.40	RMSE: 33.28
Epoch 044	LOSS: 22.00	MAE: 18.37	RMSE: 33.26
Epoch 045	LOSS: 22.24	MAE: 18.32	RMSE: 33.24
Epoch 046	LOSS: 21.06	MAE: 18.13	RMSE: 33.14
Epoch 047	LOSS: 21.78	MAE: 18.13	RMSE: 33.13
Epoch 048	LOSS: 21.30	MAE: 18.09	RMSE: 33.11
Epoch 049	LOSS: 21.95	MAE: 18.39	RMSE: 33.30
Epoch 050	LOSS: 20.73	MAE: 18.09	RMSE: 33.12
Epoch 051	LOSS: 22.48	MAE: 18.21	RMSE: 33.18
Epoch 052	LOSS: 21.24	MAE: 18.04	RMSE: 33.08
Epoch 053	LOSS: 21.33	MAE: 18.09	RMSE: 33.12
Epoch 054	LOSS: 20.70	MAE: 18.03	RMSE: 33.10
Epoch 055	LOSS: 20.37	MAE: 18.00	RMSE: 33.06
Epoch 056	LOSS: 20.47	MAE: 17.97	RMSE: 33.06
Epoch 057	LOSS: 20.48	MAE: 17.90	RMSE: 33.03
Epoch 058	LOSS: 20.30	MAE: 17.88	RMSE: 33.00
Epoch 059	LOSS: 20.75	MAE: 18.06	RMSE: 33.14
Epoch 060	LOSS: 20.92	MAE: 17.95	RMSE: 33.07
Epoch 061	LOSS: 19.79	MAE: 17.83	RMSE: 32.98
Epoch 062	LOSS: 20.88	MAE: 17.92	RMSE: 33.04
Epoch 063	LOSS: 19.98	MAE: 17.70	RMSE: 32.92
Epoch 064	LOSS: 20.15	MAE: 17.75	RMSE: 32.96
Epoch 065	LOSS: 20.11	MAE: 17.76	RMSE: 32.95
Epoch 066	LOSS: 19.25	MAE: 17.63	RMSE: 32.89
Epoch 067	LOSS: 19.55	MAE: 17.63	RMSE: 32.89
Epoch 068	LOSS: 19.12	MAE: 17.50	RMSE: 32.81
Epoch 069	LOSS: 18.86	MAE: 17.51	RMSE: 32.81
Epoch 070	LOSS: 18.90	MAE: 17.48	RMSE: 32.83
Epoch 071	LOSS: 18.92	MAE: 17.44	RMSE: 32.81
Epoch 072	LOSS: 18.84	MAE: 17.43	RMSE: 32.79
Epoch 073	LOSS: 18.76	MAE: 17.43	RMSE: 32.80
Epoch 074	LOSS: 18.18	MAE: 17.39	RMSE: 32.77
Epoch 075	LOSS: 18.22	MAE: 17.39	RMSE: 32.77
Epoch 076	LOSS: 18.54	MAE: 17.30	RMSE: 32.73
Epoch 077	LOSS: 18.11	MAE: 17.29	RMSE: 32.71
Epoch 078	LOSS: 18.43	MAE: 17.25	RMSE: 32.69
Epoch 079	LOSS: 18.43	MAE: 17.24	RMSE: 32.68
Epoch 080	LOSS: 18.23	MAE: 17.24	RMSE: 32.68
Epoch 081	LOSS: 18.24	MAE: 17.23	RMSE: 32.68
Epoch 082	LOSS: 17.83	MAE: 17.23	RMSE: 32.66
Epoch 083	LOSS: 19.06	MAE: 17.28	RMSE: 32.71
Epoch 084	LOSS: 18.09	MAE: 17.23	RMSE: 32.69
Epoch 085	LOSS: 17.86	MAE: 17.21	RMSE: 32.67
Epoch 086	LOSS: 17.83	MAE: 17.15	RMSE: 32.64
Epoch 087	LOSS: 17.79	MAE: 17.26	RMSE: 32.69
Epoch 088	LOSS: 18.05	MAE: 17.14	RMSE: 32.65
Epoch 089	LOSS: 18.04	MAE: 17.15	RMSE: 32.64
Epoch 090	LOSS: 18.04	MAE: 17.10	RMSE: 32.62
Epoch 091	LOSS: 17.83	MAE: 17.12	RMSE: 32.63
Epoch 092	LOSS: 17.81	MAE: 17.16	RMSE: 32.66
Epoch 093	LOSS: 17.40	MAE: 17.04	RMSE: 32.55
Epoch 094	LOSS: 17.96	MAE: 17.12	RMSE: 32.62
Epoch 095	LOSS: 17.76	MAE: 17.05	RMSE: 32.58
Epoch 096	LOSS: 17.21	MAE: 17.00	RMSE: 32.54
Epoch 097	LOSS: 17.66	MAE: 17.01	RMSE: 32.56
Epoch 098	LOSS: 17.35	MAE: 16.98	RMSE: 32.52
Epoch 099	LOSS: 18.31	MAE: 17.16	RMSE: 32.62
Epoch 100	LOSS: 17.35	MAE: 16.97	RMSE: 32.50
Epoch 101	LOSS: 17.88	MAE: 17.07	RMSE: 32.59
Epoch 102	LOSS: 17.30	MAE: 17.03	RMSE: 32.52
Epoch 103	LOSS: 17.86	MAE: 17.04	RMSE: 32.57
Epoch 104	LOSS: 17.50	MAE: 16.90	RMSE: 32.48
Epoch 105	LOSS: 17.54	MAE: 16.90	RMSE: 32.49
Epoch 106	LOSS: 17.30	MAE: 16.94	RMSE: 32.53
Epoch 107	LOSS: 17.00	MAE: 16.88	RMSE: 32.47
Epoch 108	LOSS: 17.17	MAE: 16.89	RMSE: 32.48
Epoch 109	LOSS: 17.00	MAE: 16.87	RMSE: 32.47
Epoch 110	LOSS: 16.96	MAE: 16.78	RMSE: 32.42
Epoch 111	LOSS: 17.10	MAE: 16.81	RMSE: 32.44
Epoch 112	LOSS: 17.07	MAE: 16.87	RMSE: 32.47
Epoch 113	LOSS: 16.85	MAE: 16.81	RMSE: 32.41
Epoch 114	LOSS: 17.28	MAE: 16.85	RMSE: 32.47
Epoch 115	LOSS: 17.18	MAE: 16.79	RMSE: 32.42
Epoch 116	LOSS: 17.17	MAE: 16.75	RMSE: 32.40
Epoch 117	LOSS: 16.68	MAE: 16.77	RMSE: 32.39
Epoch 118	LOSS: 16.70	MAE: 16.77	RMSE: 32.38
Epoch 119	LOSS: 17.34	MAE: 16.84	RMSE: 32.46
Epoch 120	LOSS: 17.17	MAE: 16.79	RMSE: 32.41
Epoch 121	LOSS: 16.65	MAE: 16.73	RMSE: 32.38
Epoch 122	LOSS: 16.91	MAE: 16.75	RMSE: 32.40
Epoch 123	LOSS: 16.93	MAE: 16.76	RMSE: 32.41
Epoch 124	LOSS: 16.79	MAE: 16.72	RMSE: 32.38
Epoch 125	LOSS: 16.97	MAE: 16.71	RMSE: 32.40
Epoch 126	LOSS: 16.80	MAE: 16.74	RMSE: 32.40
Epoch 127	LOSS: 16.90	MAE: 16.68	RMSE: 32.37
Epoch 128	LOSS: 16.53	MAE: 16.67	RMSE: 32.36
Epoch 129	LOSS: 16.66	MAE: 16.65	RMSE: 32.36
Epoch 130	LOSS: 16.46	MAE: 16.65	RMSE: 32.33
Epoch 131	LOSS: 17.16	MAE: 16.71	RMSE: 32.40
Epoch 132	LOSS: 16.80	MAE: 16.60	RMSE: 32.33
Epoch 133	LOSS: 16.54	MAE: 16.62	RMSE: 32.33
Epoch 134	LOSS: 16.65	MAE: 16.64	RMSE: 32.36
Epoch 135	LOSS: 16.44	MAE: 16.69	RMSE: 32.38
Epoch 136	LOSS: 16.52	MAE: 16.63	RMSE: 32.33
Epoch 137	LOSS: 16.57	MAE: 16.59	RMSE: 32.32
Epoch 138	LOSS: 16.58	MAE: 16.65	RMSE: 32.36
Epoch 139	LOSS: 16.70	MAE: 16.70	RMSE: 32.40
Epoch 140	LOSS: 16.73	MAE: 16.56	RMSE: 32.30
Epoch 141	LOSS: 16.55	MAE: 16.55	RMSE: 32.29
Epoch 142	LOSS: 16.57	MAE: 16.55	RMSE: 32.27
Epoch 143	LOSS: 16.59	MAE: 16.57	RMSE: 32.30
Epoch 144	LOSS: 16.46	MAE: 16.57	RMSE: 32.29
Epoch 145	LOSS: 16.39	MAE: 16.61	RMSE: 32.31
Epoch 146	LOSS: 16.36	MAE: 16.54	RMSE: 32.27
Epoch 147	LOSS: 16.67	MAE: 16.57	RMSE: 32.31
Epoch 148	LOSS: 16.38	MAE: 16.55	RMSE: 32.30
Epoch 149	LOSS: 16.37	MAE: 16.56	RMSE: 32.29
Epoch 150	LOSS: 16.34	MAE: 16.53	RMSE: 32.26
Epoch 151	LOSS: 16.85	MAE: 16.57	RMSE: 32.32
Epoch 152	LOSS: 16.24	MAE: 16.49	RMSE: 32.24
Epoch 153	LOSS: 16.24	MAE: 16.55	RMSE: 32.28
Epoch 154	LOSS: 16.29	MAE: 16.55	RMSE: 32.28
Epoch 155	LOSS: 16.37	MAE: 16.57	RMSE: 32.30
Epoch 156	LOSS: 16.38	MAE: 16.78	RMSE: 32.42
Epoch 157	LOSS: 16.39	MAE: 16.47	RMSE: 32.25
Epoch 158	LOSS: 16.40	MAE: 16.52	RMSE: 32.26
Epoch 159	LOSS: 16.13	MAE: 16.64	RMSE: 32.37
Epoch 160	LOSS: 16.29	MAE: 16.49	RMSE: 32.27
Epoch 161	LOSS: 16.24	MAE: 16.46	RMSE: 32.24
Epoch 162	LOSS: 16.38	MAE: 16.57	RMSE: 32.31
Epoch 163	LOSS: 16.38	MAE: 16.48	RMSE: 32.27
Epoch 164	LOSS: 16.20	MAE: 16.46	RMSE: 32.24
Epoch 165	LOSS: 16.06	MAE: 16.44	RMSE: 32.22
Epoch 166	LOSS: 16.12	MAE: 16.45	RMSE: 32.25
Epoch 167	LOSS: 16.88	MAE: 16.44	RMSE: 32.24
Epoch 168	LOSS: 16.38	MAE: 16.42	RMSE: 32.23
Epoch 169	LOSS: 16.06	MAE: 16.41	RMSE: 32.20
Epoch 170	LOSS: 16.07	MAE: 16.46	RMSE: 32.22
Epoch 171	LOSS: 16.17	MAE: 16.43	RMSE: 32.23
Epoch 172	LOSS: 16.04	MAE: 16.41	RMSE: 32.22
Epoch 173	LOSS: 16.17	MAE: 16.47	RMSE: 32.22
Epoch 174	LOSS: 16.24	MAE: 16.44	RMSE: 32.22
Epoch 175	LOSS: 16.08	MAE: 16.39	RMSE: 32.21
Epoch 176	LOSS: 16.64	MAE: 16.56	RMSE: 32.31
Epoch 177	LOSS: 16.16	MAE: 16.40	RMSE: 32.23
Epoch 178	LOSS: 16.59	MAE: 16.43	RMSE: 32.24
Epoch 179	LOSS: 16.22	MAE: 16.52	RMSE: 32.24
Epoch 180	LOSS: 16.54	MAE: 16.42	RMSE: 32.24
Epoch 181	LOSS: 16.37	MAE: 16.42	RMSE: 32.20
Epoch 182	LOSS: 16.90	MAE: 16.56	RMSE: 32.31
Epoch 183	LOSS: 16.20	MAE: 16.37	RMSE: 32.17
Epoch 184	LOSS: 16.05	MAE: 16.41	RMSE: 32.21
Epoch 185	LOSS: 16.11	MAE: 16.35	RMSE: 32.18
Epoch 186	LOSS: 15.89	MAE: 16.34	RMSE: 32.15
Epoch 187	LOSS: 16.40	MAE: 16.38	RMSE: 32.20
Epoch 188	LOSS: 16.09	MAE: 16.38	RMSE: 32.21
Epoch 189	LOSS: 16.02	MAE: 16.35	RMSE: 32.18
Epoch 190	LOSS: 16.11	MAE: 16.38	RMSE: 32.22
Epoch 191	LOSS: 15.92	MAE: 16.35	RMSE: 32.16
Epoch 192	LOSS: 15.94	MAE: 16.32	RMSE: 32.16
Epoch 193	LOSS: 15.97	MAE: 16.36	RMSE: 32.18
Epoch 194	LOSS: 16.40	MAE: 16.32	RMSE: 32.18
Epoch 195	LOSS: 15.90	MAE: 16.33	RMSE: 32.18
Epoch 196	LOSS: 16.92	MAE: 16.48	RMSE: 32.27
Epoch 197	LOSS: 16.09	MAE: 16.31	RMSE: 32.17
Epoch 198	LOSS: 16.29	MAE: 16.34	RMSE: 32.19
Epoch 199	LOSS: 16.04	MAE: 16.29	RMSE: 32.15
Epoch 200	LOSS: 16.02	MAE: 16.34	RMSE: 32.18
Epoch 201	LOSS: 15.80	MAE: 16.25	RMSE: 32.11
Epoch 202	LOSS: 16.19	MAE: 16.29	RMSE: 32.15
Epoch 203	LOSS: 15.76	MAE: 16.29	RMSE: 32.13
Epoch 204	LOSS: 15.79	MAE: 16.34	RMSE: 32.15
Epoch 205	LOSS: 15.89	MAE: 16.26	RMSE: 32.13
Epoch 206	LOSS: 15.68	MAE: 16.26	RMSE: 32.13
Epoch 207	LOSS: 15.76	MAE: 16.28	RMSE: 32.15
Epoch 208	LOSS: 16.04	MAE: 16.30	RMSE: 32.17
Epoch 209	LOSS: 15.80	MAE: 16.29	RMSE: 32.17
Epoch 210	LOSS: 15.85	MAE: 16.29	RMSE: 32.16
Epoch 211	LOSS: 15.72	MAE: 16.24	RMSE: 32.14
Epoch 212	LOSS: 15.64	MAE: 16.27	RMSE: 32.14
Epoch 213	LOSS: 15.69	MAE: 16.27	RMSE: 32.15
Epoch 214	LOSS: 15.69	MAE: 16.24	RMSE: 32.13
Epoch 215	LOSS: 15.91	MAE: 16.25	RMSE: 32.14
Epoch 216	LOSS: 16.31	MAE: 16.39	RMSE: 32.23
Epoch 217	LOSS: 15.75	MAE: 16.22	RMSE: 32.12
Epoch 218	LOSS: 15.87	MAE: 16.24	RMSE: 32.13
Epoch 219	LOSS: 16.65	MAE: 16.48	RMSE: 32.27
Epoch 220	LOSS: 15.79	MAE: 16.31	RMSE: 32.17
Epoch 221	LOSS: 15.82	MAE: 16.23	RMSE: 32.11
Epoch 222	LOSS: 15.86	MAE: 16.29	RMSE: 32.17
Epoch 223	LOSS: 15.74	MAE: 16.23	RMSE: 32.12
Epoch 224	LOSS: 15.60	MAE: 16.17	RMSE: 32.09
Epoch 225	LOSS: 15.79	MAE: 16.26	RMSE: 32.15
Epoch 226	LOSS: 15.61	MAE: 16.21	RMSE: 32.11
Epoch 227	LOSS: 15.59	MAE: 16.18	RMSE: 32.08
Epoch 228	LOSS: 15.71	MAE: 16.21	RMSE: 32.12
Epoch 229	LOSS: 15.59	MAE: 16.17	RMSE: 32.09
Epoch 230	LOSS: 15.45	MAE: 16.19	RMSE: 32.09
Epoch 231	LOSS: 15.62	MAE: 16.15	RMSE: 32.06
Epoch 232	LOSS: 15.54	MAE: 16.21	RMSE: 32.11
Epoch 233	LOSS: 15.70	MAE: 16.20	RMSE: 32.13
Epoch 234	LOSS: 15.84	MAE: 16.24	RMSE: 32.10
Epoch 235	LOSS: 15.50	MAE: 16.20	RMSE: 32.11
Epoch 236	LOSS: 15.75	MAE: 16.33	RMSE: 32.12
Epoch 237	LOSS: 16.17	MAE: 16.33	RMSE: 32.17
Epoch 238	LOSS: 15.66	MAE: 16.25	RMSE: 32.14
Epoch 239	LOSS: 15.97	MAE: 16.21	RMSE: 32.10
Epoch 240	LOSS: 15.61	MAE: 16.16	RMSE: 32.07
Epoch 241	LOSS: 15.54	MAE: 16.19	RMSE: 32.08
Epoch 242	LOSS: 15.91	MAE: 16.23	RMSE: 32.12
Epoch 243	LOSS: 15.74	MAE: 16.15	RMSE: 32.07
Epoch 244	LOSS: 15.50	MAE: 16.18	RMSE: 32.08
Epoch 245	LOSS: 15.43	MAE: 16.17	RMSE: 32.06
Epoch 246	LOSS: 16.16	MAE: 16.27	RMSE: 32.14
Epoch 247	LOSS: 15.47	MAE: 16.15	RMSE: 32.07
Epoch 248	LOSS: 15.54	MAE: 16.19	RMSE: 32.11
Epoch 249	LOSS: 15.54	MAE: 16.15	RMSE: 32.07
Epoch 250	LOSS: 15.46	MAE: 16.17	RMSE: 32.09
Epoch 251	LOSS: 15.46	MAE: 16.13	RMSE: 32.07
Epoch 252	LOSS: 15.39	MAE: 16.12	RMSE: 32.06
Epoch 253	LOSS: 15.56	MAE: 16.14	RMSE: 32.08
Epoch 254	LOSS: 15.45	MAE: 16.11	RMSE: 32.07
Epoch 255	LOSS: 15.58	MAE: 16.16	RMSE: 32.08
Epoch 256	LOSS: 15.70	MAE: 16.13	RMSE: 32.07
Epoch 257	LOSS: 15.79	MAE: 16.14	RMSE: 32.07
Epoch 258	LOSS: 15.44	MAE: 16.13	RMSE: 32.05
Epoch 259	LOSS: 15.52	MAE: 16.10	RMSE: 32.05
Epoch 260	LOSS: 15.55	MAE: 16.16	RMSE: 32.08
Epoch 261	LOSS: 15.36	MAE: 16.08	RMSE: 32.03
Epoch 262	LOSS: 15.42	MAE: 16.06	RMSE: 32.03
Epoch 263	LOSS: 15.43	MAE: 16.09	RMSE: 32.04
Epoch 264	LOSS: 15.39	MAE: 16.10	RMSE: 32.05
Epoch 265	LOSS: 15.34	MAE: 16.13	RMSE: 32.07
Epoch 266	LOSS: 15.35	MAE: 16.10	RMSE: 32.06
Epoch 267	LOSS: 15.40	MAE: 16.12	RMSE: 32.06
Epoch 268	LOSS: 15.49	MAE: 16.13	RMSE: 32.07
Epoch 269	LOSS: 15.46	MAE: 16.18	RMSE: 32.11
Epoch 270	LOSS: 15.31	MAE: 16.12	RMSE: 32.06
Epoch 271	LOSS: 15.43	MAE: 16.08	RMSE: 32.05
Epoch 272	LOSS: 15.37	MAE: 16.08	RMSE: 32.00
Epoch 273	LOSS: 15.45	MAE: 16.03	RMSE: 32.01
Epoch 274	LOSS: 15.27	MAE: 16.06	RMSE: 32.03
Epoch 275	LOSS: 15.33	MAE: 16.10	RMSE: 32.05
Epoch 276	LOSS: 15.27	MAE: 16.13	RMSE: 32.07
Epoch 277	LOSS: 15.24	MAE: 16.12	RMSE: 32.08
Epoch 278	LOSS: 15.47	MAE: 16.04	RMSE: 32.02
Epoch 279	LOSS: 15.54	MAE: 16.09	RMSE: 32.06
Epoch 280	LOSS: 15.35	MAE: 16.05	RMSE: 32.02
Epoch 281	LOSS: 15.23	MAE: 16.03	RMSE: 32.02
Epoch 282	LOSS: 15.54	MAE: 16.07	RMSE: 31.99
Epoch 283	LOSS: 15.56	MAE: 16.09	RMSE: 32.06
Epoch 284	LOSS: 15.28	MAE: 16.06	RMSE: 32.04
Epoch 285	LOSS: 15.39	MAE: 16.02	RMSE: 32.02
Epoch 286	LOSS: 15.78	MAE: 16.14	RMSE: 32.07
Epoch 287	LOSS: 15.33	MAE: 16.19	RMSE: 32.08
Epoch 288	LOSS: 15.43	MAE: 16.01	RMSE: 32.01
Epoch 289	LOSS: 15.23	MAE: 16.06	RMSE: 32.00
Epoch 290	LOSS: 15.25	MAE: 16.04	RMSE: 32.02
Epoch 291	LOSS: 15.49	MAE: 16.05	RMSE: 32.03
Epoch 292	LOSS: 15.19	MAE: 16.03	RMSE: 32.02
Epoch 293	LOSS: 15.16	MAE: 16.02	RMSE: 32.00
Epoch 294	LOSS: 15.15	MAE: 16.00	RMSE: 31.98
Epoch 295	LOSS: 15.18	MAE: 16.03	RMSE: 32.00
Epoch 296	LOSS: 15.16	MAE: 16.05	RMSE: 32.03
Epoch 297	LOSS: 15.28	MAE: 16.08	RMSE: 32.07
Epoch 298	LOSS: 15.28	MAE: 16.01	RMSE: 32.03
Epoch 299	LOSS: 15.24	MAE: 16.00	RMSE: 32.02
Epoch 300	LOSS: 15.11	MAE: 16.10	RMSE: 32.07
Epoch 301	LOSS: 15.28	MAE: 16.04	RMSE: 32.05
Epoch 302	LOSS: 15.17	MAE: 16.04	RMSE: 32.02
Epoch 303	LOSS: 15.21	MAE: 15.97	RMSE: 31.99
Epoch 304	LOSS: 15.14	MAE: 16.03	RMSE: 32.01
Epoch 305	LOSS: 15.11	MAE: 16.05	RMSE: 32.05
Epoch 306	LOSS: 15.25	MAE: 16.14	RMSE: 32.12
Epoch 307	LOSS: 15.31	MAE: 16.01	RMSE: 32.02
Epoch 308	LOSS: 15.22	MAE: 16.04	RMSE: 32.02
Epoch 309	LOSS: 15.46	MAE: 16.13	RMSE: 32.10
Epoch 310	LOSS: 15.56	MAE: 16.05	RMSE: 32.03
Epoch 311	LOSS: 15.15	MAE: 16.07	RMSE: 32.05
Epoch 312	LOSS: 15.05	MAE: 16.01	RMSE: 32.02
Epoch 313	LOSS: 15.25	MAE: 15.97	RMSE: 32.01
Epoch 314	LOSS: 15.25	MAE: 16.01	RMSE: 32.03
Epoch 315	LOSS: 15.07	MAE: 16.04	RMSE: 32.03
Epoch 316	LOSS: 15.25	MAE: 16.05	RMSE: 32.01
Epoch 317	LOSS: 15.20	MAE: 16.06	RMSE: 32.06
Epoch 318	LOSS: 15.30	MAE: 15.99	RMSE: 32.02
Epoch 319	LOSS: 15.24	MAE: 15.97	RMSE: 32.00
Epoch 320	LOSS: 15.33	MAE: 16.08	RMSE: 32.07
Epoch 321	LOSS: 15.28	MAE: 15.96	RMSE: 32.00
Epoch 322	LOSS: 15.06	MAE: 15.98	RMSE: 32.01
Epoch 323	LOSS: 15.04	MAE: 15.92	RMSE: 31.97
Epoch 324	LOSS: 14.97	MAE: 15.95	RMSE: 31.97
Epoch 325	LOSS: 15.12	MAE: 16.01	RMSE: 32.02
Epoch 326	LOSS: 15.21	MAE: 16.01	RMSE: 32.04
Epoch 327	LOSS: 15.13	MAE: 15.97	RMSE: 31.99
Epoch 328	LOSS: 15.28	MAE: 15.95	RMSE: 31.99
Epoch 329	LOSS: 15.21	MAE: 16.06	RMSE: 32.07
Epoch 330	LOSS: 15.14	MAE: 16.15	RMSE: 32.13
Epoch 331	LOSS: 15.02	MAE: 15.98	RMSE: 32.00
Epoch 332	LOSS: 15.07	MAE: 15.94	RMSE: 31.98
Epoch 333	LOSS: 15.08	MAE: 16.03	RMSE: 32.04
Epoch 334	LOSS: 15.09	MAE: 15.97	RMSE: 32.00
Epoch 335	LOSS: 15.03	MAE: 15.96	RMSE: 31.98
Epoch 336	LOSS: 15.04	MAE: 16.00	RMSE: 32.03
Epoch 337	LOSS: 14.99	MAE: 15.94	RMSE: 31.98
Epoch 338	LOSS: 15.13	MAE: 15.93	RMSE: 31.98
Epoch 339	LOSS: 15.21	MAE: 15.97	RMSE: 32.00
Epoch 340	LOSS: 14.99	MAE: 15.95	RMSE: 32.00
Epoch 341	LOSS: 15.14	MAE: 15.87	RMSE: 31.96
Epoch 342	LOSS: 15.04	MAE: 15.92	RMSE: 31.95
Epoch 343	LOSS: 14.96	MAE: 15.94	RMSE: 31.98
Epoch 344	LOSS: 14.96	MAE: 15.99	RMSE: 32.02
Epoch 345	LOSS: 15.27	MAE: 15.97	RMSE: 32.00
Epoch 346	LOSS: 14.99	MAE: 15.90	RMSE: 31.95
Epoch 347	LOSS: 15.11	MAE: 15.94	RMSE: 31.99
Epoch 348	LOSS: 15.17	MAE: 15.95	RMSE: 32.00
Epoch 349	LOSS: 14.99	MAE: 15.94	RMSE: 31.99
Epoch 350	LOSS: 14.93	MAE: 15.95	RMSE: 31.98
Epoch 351	LOSS: 14.98	MAE: 15.95	RMSE: 31.98
Epoch 352	LOSS: 14.99	MAE: 15.91	RMSE: 31.96
Epoch 353	LOSS: 15.56	MAE: 16.01	RMSE: 32.03
Epoch 354	LOSS: 15.37	MAE: 16.01	RMSE: 32.03
Epoch 355	LOSS: 15.08	MAE: 15.96	RMSE: 32.01
Epoch 356	LOSS: 15.25	MAE: 15.93	RMSE: 32.00
Epoch 357	LOSS: 15.01	MAE: 15.95	RMSE: 32.01
Epoch 358	LOSS: 15.27	MAE: 15.98	RMSE: 32.05
Epoch 359	LOSS: 15.03	MAE: 15.92	RMSE: 31.96
Epoch 360	LOSS: 15.43	MAE: 15.90	RMSE: 31.98
Epoch 361	LOSS: 14.96	MAE: 15.94	RMSE: 31.96
Epoch 362	LOSS: 15.12	MAE: 15.91	RMSE: 31.98
Epoch 363	LOSS: 15.27	MAE: 15.94	RMSE: 32.00
Epoch 364	LOSS: 15.12	MAE: 15.96	RMSE: 32.03
Epoch 365	LOSS: 14.89	MAE: 15.88	RMSE: 31.95
Epoch 366	LOSS: 14.92	MAE: 15.90	RMSE: 31.95
Epoch 367	LOSS: 15.38	MAE: 15.93	RMSE: 32.01
Epoch 368	LOSS: 15.05	MAE: 15.91	RMSE: 31.99
Epoch 369	LOSS: 14.82	MAE: 15.92	RMSE: 31.96
Epoch 370	LOSS: 14.92	MAE: 15.86	RMSE: 31.95
Epoch 371	LOSS: 14.86	MAE: 15.86	RMSE: 31.95
Epoch 372	LOSS: 14.87	MAE: 15.93	RMSE: 31.97
Epoch 373	LOSS: 14.86	MAE: 15.92	RMSE: 32.00
Epoch 374	LOSS: 14.95	MAE: 15.91	RMSE: 31.99
Epoch 375	LOSS: 14.82	MAE: 15.91	RMSE: 31.97
Epoch 376	LOSS: 15.09	MAE: 15.93	RMSE: 32.00
Epoch 377	LOSS: 14.88	MAE: 15.87	RMSE: 31.95
Epoch 378	LOSS: 15.03	MAE: 15.90	RMSE: 31.99
Epoch 379	LOSS: 14.85	MAE: 15.96	RMSE: 32.01
Epoch 380	LOSS: 14.94	MAE: 15.87	RMSE: 31.97
Epoch 381	LOSS: 14.89	MAE: 15.84	RMSE: 31.95
Epoch 382	LOSS: 14.87	MAE: 15.86	RMSE: 31.96
Epoch 383	LOSS: 14.93	MAE: 15.86	RMSE: 31.95
Epoch 384	LOSS: 14.86	MAE: 15.90	RMSE: 31.97
Epoch 385	LOSS: 14.78	MAE: 15.84	RMSE: 31.94
Epoch 386	LOSS: 14.86	MAE: 15.88	RMSE: 31.96
Epoch 387	LOSS: 14.93	MAE: 15.89	RMSE: 31.98
Epoch 388	LOSS: 14.78	MAE: 15.87	RMSE: 31.95
Epoch 389	LOSS: 14.99	MAE: 15.84	RMSE: 31.95
Epoch 390	LOSS: 14.88	MAE: 15.92	RMSE: 31.97
Epoch 391	LOSS: 14.82	MAE: 15.88	RMSE: 31.95
Epoch 392	LOSS: 14.81	MAE: 15.93	RMSE: 31.99
Epoch 393	LOSS: 14.79	MAE: 15.87	RMSE: 31.94
Epoch 394	LOSS: 15.14	MAE: 15.85	RMSE: 31.94
Epoch 395	LOSS: 14.80	MAE: 15.89	RMSE: 31.96
Epoch 396	LOSS: 14.83	MAE: 15.90	RMSE: 31.97
Epoch 397	LOSS: 14.95	MAE: 15.89	RMSE: 31.92
Epoch 398	LOSS: 14.94	MAE: 15.90	RMSE: 31.97
Epoch 399	LOSS: 14.84	MAE: 15.84	RMSE: 31.91
Epoch 400	LOSS: 15.05	MAE: 15.86	RMSE: 31.94
Epoch 401	LOSS: 15.29	MAE: 15.96	RMSE: 32.02
Epoch 402	LOSS: 14.90	MAE: 15.87	RMSE: 31.96
Epoch 403	LOSS: 14.98	MAE: 15.85	RMSE: 31.95
Epoch 404	LOSS: 14.76	MAE: 15.91	RMSE: 31.98
Epoch 405	LOSS: 14.88	MAE: 15.89	RMSE: 31.97
Epoch 406	LOSS: 15.18	MAE: 15.90	RMSE: 31.98
Epoch 407	LOSS: 14.71	MAE: 15.85	RMSE: 31.92
Epoch 408	LOSS: 14.86	MAE: 15.84	RMSE: 31.95
Epoch 409	LOSS: 14.97	MAE: 15.88	RMSE: 31.96
Epoch 410	LOSS: 14.80	MAE: 15.92	RMSE: 31.93
Epoch 411	LOSS: 14.76	MAE: 15.81	RMSE: 31.92
Epoch 412	LOSS: 15.19	MAE: 15.98	RMSE: 32.05
Epoch 413	LOSS: 15.21	MAE: 15.89	RMSE: 31.97
Epoch 414	LOSS: 15.11	MAE: 15.86	RMSE: 31.96
Epoch 415	LOSS: 14.77	MAE: 15.86	RMSE: 31.93
Epoch 416	LOSS: 14.69	MAE: 15.85	RMSE: 31.93
Epoch 417	LOSS: 14.95	MAE: 15.88	RMSE: 31.98
Epoch 418	LOSS: 14.82	MAE: 15.85	RMSE: 31.96
Epoch 419	LOSS: 14.70	MAE: 15.83	RMSE: 31.92
Epoch 420	LOSS: 14.72	MAE: 15.91	RMSE: 31.94
Epoch 421	LOSS: 14.75	MAE: 15.84	RMSE: 31.93
Epoch 422	LOSS: 15.25	MAE: 15.93	RMSE: 32.01
Epoch 423	LOSS: 14.83	MAE: 15.82	RMSE: 31.93
Epoch 424	LOSS: 14.75	MAE: 15.81	RMSE: 31.91
Epoch 425	LOSS: 14.67	MAE: 15.84	RMSE: 31.90
Epoch 426	LOSS: 14.95	MAE: 15.82	RMSE: 31.93
Epoch 427	LOSS: 14.87	MAE: 15.80	RMSE: 31.90
Epoch 428	LOSS: 14.69	MAE: 15.83	RMSE: 31.91
Epoch 429	LOSS: 14.74	MAE: 15.88	RMSE: 31.93
Epoch 430	LOSS: 14.89	MAE: 15.82	RMSE: 31.92
Epoch 431	LOSS: 14.79	MAE: 15.85	RMSE: 31.94
Epoch 432	LOSS: 14.77	MAE: 15.83	RMSE: 31.91
Epoch 433	LOSS: 14.81	MAE: 15.83	RMSE: 31.94
Epoch 434	LOSS: 14.75	MAE: 15.82	RMSE: 31.92
Epoch 435	LOSS: 14.67	MAE: 15.82	RMSE: 31.92
Epoch 436	LOSS: 14.68	MAE: 15.82	RMSE: 31.92
Epoch 437	LOSS: 14.69	MAE: 15.85	RMSE: 31.95
Epoch 438	LOSS: 14.64	MAE: 15.80	RMSE: 31.90
Epoch 439	LOSS: 14.69	MAE: 15.78	RMSE: 31.89
Epoch 440	LOSS: 14.85	MAE: 15.96	RMSE: 32.03
Epoch 441	LOSS: 14.78	MAE: 15.81	RMSE: 31.93
Epoch 442	LOSS: 14.62	MAE: 15.77	RMSE: 31.89
Epoch 443	LOSS: 14.78	MAE: 15.83	RMSE: 31.94
Epoch 444	LOSS: 14.67	MAE: 15.90	RMSE: 31.95
Epoch 445	LOSS: 14.91	MAE: 15.85	RMSE: 31.95
Epoch 446	LOSS: 14.57	MAE: 15.81	RMSE: 31.90
Epoch 447	LOSS: 14.62	MAE: 15.79	RMSE: 31.90
Epoch 448	LOSS: 14.67	MAE: 15.84	RMSE: 31.95
Epoch 449	LOSS: 14.62	MAE: 15.82	RMSE: 31.92
Epoch 450	LOSS: 14.62	MAE: 15.81	RMSE: 31.92
Epoch 451	LOSS: 14.57	MAE: 15.78	RMSE: 31.90
Epoch 452	LOSS: 14.51	MAE: 15.83	RMSE: 31.91
Epoch 453	LOSS: 14.81	MAE: 15.78	RMSE: 31.92
Epoch 454	LOSS: 14.66	MAE: 15.76	RMSE: 31.86
Epoch 455	LOSS: 14.59	MAE: 15.79	RMSE: 31.90
Epoch 456	LOSS: 14.57	MAE: 15.76	RMSE: 31.88
Epoch 457	LOSS: 14.49	MAE: 15.76	RMSE: 31.89
Epoch 458	LOSS: 14.50	MAE: 15.80	RMSE: 31.90
Epoch 459	LOSS: 14.57	MAE: 15.78	RMSE: 31.90
Epoch 460	LOSS: 14.65	MAE: 15.79	RMSE: 31.90
Epoch 461	LOSS: 14.60	MAE: 15.76	RMSE: 31.87
Epoch 462	LOSS: 14.57	MAE: 15.80	RMSE: 31.90
Epoch 463	LOSS: 14.58	MAE: 15.76	RMSE: 31.88
Epoch 464	LOSS: 14.59	MAE: 15.80	RMSE: 31.91
Epoch 465	LOSS: 14.49	MAE: 15.79	RMSE: 31.91
Epoch 466	LOSS: 14.58	MAE: 15.77	RMSE: 31.88
Epoch 467	LOSS: 14.56	MAE: 15.81	RMSE: 31.91
Epoch 468	LOSS: 14.66	MAE: 15.77	RMSE: 31.89
Epoch 469	LOSS: 14.53	MAE: 15.75	RMSE: 31.88
Epoch 470	LOSS: 14.67	MAE: 15.76	RMSE: 31.88
Epoch 471	LOSS: 14.57	MAE: 15.81	RMSE: 31.93
Epoch 472	LOSS: 14.60	MAE: 15.76	RMSE: 31.89
Epoch 473	LOSS: 14.62	MAE: 15.73	RMSE: 31.87
Epoch 474	LOSS: 14.52	MAE: 15.74	RMSE: 31.88
Epoch 475	LOSS: 14.62	MAE: 15.76	RMSE: 31.88
Epoch 476	LOSS: 14.50	MAE: 15.73	RMSE: 31.87
Epoch 477	LOSS: 14.75	MAE: 15.74	RMSE: 31.88
Epoch 478	LOSS: 14.55	MAE: 15.74	RMSE: 31.86
Epoch 479	LOSS: 14.54	MAE: 15.75	RMSE: 31.87
Epoch 480	LOSS: 14.60	MAE: 15.79	RMSE: 31.90
Epoch 481	LOSS: 14.63	MAE: 15.73	RMSE: 31.86
Epoch 482	LOSS: 14.65	MAE: 15.73	RMSE: 31.87
Epoch 483	LOSS: 14.52	MAE: 15.71	RMSE: 31.86
Epoch 484	LOSS: 14.49	MAE: 15.77	RMSE: 31.87
Epoch 485	LOSS: 14.50	MAE: 15.71	RMSE: 31.86
Epoch 486	LOSS: 14.45	MAE: 15.78	RMSE: 31.89
Epoch 487	LOSS: 14.46	MAE: 15.77	RMSE: 31.89
Epoch 488	LOSS: 14.99	MAE: 15.77	RMSE: 31.90
Epoch 489	LOSS: 14.97	MAE: 15.81	RMSE: 31.92
Epoch 490	LOSS: 14.58	MAE: 15.78	RMSE: 31.88
Epoch 491	LOSS: 14.46	MAE: 15.75	RMSE: 31.86
Epoch 492	LOSS: 14.80	MAE: 15.76	RMSE: 31.89
Epoch 493	LOSS: 14.43	MAE: 15.72	RMSE: 31.86
Epoch 494	LOSS: 14.47	MAE: 15.75	RMSE: 31.88
Epoch 495	LOSS: 14.40	MAE: 15.72	RMSE: 31.86
Epoch 496	LOSS: 14.48	MAE: 15.73	RMSE: 31.88
Epoch 497	LOSS: 14.47	MAE: 15.76	RMSE: 31.92
Epoch 498	LOSS: 14.38	MAE: 15.81	RMSE: 31.90
Epoch 499	LOSS: 14.61	MAE: 15.74	RMSE: 31.88
