Epoch 000	LOSS: 426.37	MAE: 253.36	RMSE: 296.10
Epoch 001	LOSS: 356.08	MAE: 243.07	RMSE: 286.62
Epoch 002	LOSS: 316.71	MAE: 217.38	RMSE: 265.44
Epoch 003	LOSS: 359.66	MAE: 213.12	RMSE: 259.35
Epoch 004	LOSS: 243.95	MAE: 206.59	RMSE: 254.62
Epoch 005	LOSS: 161.08	MAE: 205.70	RMSE: 255.35
Epoch 006	LOSS: 140.59	MAE: 204.11	RMSE: 254.40
Epoch 007	LOSS: 119.74	MAE: 197.64	RMSE: 250.24
Epoch 008	LOSS: 130.65	MAE: 198.39	RMSE: 249.50
Epoch 009	LOSS: 101.32	MAE: 195.21	RMSE: 249.30
Epoch 010	LOSS: 86.79	MAE: 195.92	RMSE: 250.22
Epoch 011	LOSS: 90.35	MAE: 194.97	RMSE: 249.63
Epoch 012	LOSS: 95.73	MAE: 195.85	RMSE: 249.87
Epoch 013	LOSS: 79.24	MAE: 195.36	RMSE: 250.14
Epoch 014	LOSS: 80.65	MAE: 195.81	RMSE: 250.37
Epoch 015	LOSS: 82.25	MAE: 196.51	RMSE: 250.60
Epoch 016	LOSS: 79.48	MAE: 196.41	RMSE: 250.80
Epoch 017	LOSS: 75.22	MAE: 196.11	RMSE: 250.96
Epoch 018	LOSS: 81.53	MAE: 197.17	RMSE: 251.28
Epoch 019	LOSS: 72.24	MAE: 196.01	RMSE: 251.29
Epoch 020	LOSS: 85.29	MAE: 197.52	RMSE: 251.59
Epoch 021	LOSS: 69.32	MAE: 195.89	RMSE: 251.49
Epoch 022	LOSS: 77.78	MAE: 196.93	RMSE: 251.66
Epoch 023	LOSS: 79.34	MAE: 197.60	RMSE: 251.84
Epoch 024	LOSS: 68.57	MAE: 196.33	RMSE: 251.76
Epoch 025	LOSS: 85.94	MAE: 198.63	RMSE: 252.15
Epoch 026	LOSS: 73.41	MAE: 196.74	RMSE: 251.89
Epoch 027	LOSS: 79.14	MAE: 197.62	RMSE: 252.04
Epoch 028	LOSS: 72.94	MAE: 196.82	RMSE: 251.96
Epoch 029	LOSS: 83.97	MAE: 198.28	RMSE: 252.20
Epoch 030	LOSS: 73.11	MAE: 196.74	RMSE: 252.01
Epoch 031	LOSS: 78.96	MAE: 197.89	RMSE: 252.20
Epoch 032	LOSS: 71.91	MAE: 196.86	RMSE: 252.11
Epoch 033	LOSS: 82.03	MAE: 198.61	RMSE: 252.44
Epoch 034	LOSS: 73.16	MAE: 197.26	RMSE: 252.25
Epoch 035	LOSS: 81.51	MAE: 198.44	RMSE: 252.45
Epoch 036	LOSS: 71.92	MAE: 196.94	RMSE: 252.21
Epoch 037	LOSS: 81.37	MAE: 198.14	RMSE: 252.40
Epoch 038	LOSS: 72.63	MAE: 197.01	RMSE: 252.23
Epoch 039	LOSS: 81.62	MAE: 198.42	RMSE: 252.45
Epoch 040	LOSS: 72.63	MAE: 197.01	RMSE: 252.25
Epoch 041	LOSS: 81.85	MAE: 198.26	RMSE: 252.45
Epoch 042	LOSS: 72.99	MAE: 197.09	RMSE: 252.27
Epoch 043	LOSS: 81.77	MAE: 198.31	RMSE: 252.45
Epoch 044	LOSS: 73.01	MAE: 197.17	RMSE: 252.25
Epoch 045	LOSS: 78.17	MAE: 197.77	RMSE: 252.33
Epoch 046	LOSS: 71.25	MAE: 196.88	RMSE: 252.22
Epoch 047	LOSS: 79.50	MAE: 198.20	RMSE: 252.43
Epoch 048	LOSS: 75.43	MAE: 197.45	RMSE: 252.32
Epoch 049	LOSS: 80.00	MAE: 197.89	RMSE: 252.39
Epoch 050	LOSS: 76.62	MAE: 197.65	RMSE: 252.37
Epoch 051	LOSS: 75.41	MAE: 197.51	RMSE: 252.37
Epoch 052	LOSS: 76.48	MAE: 197.66	RMSE: 252.41
Epoch 053	LOSS: 74.80	MAE: 197.30	RMSE: 252.36
Epoch 054	LOSS: 76.95	MAE: 197.87	RMSE: 252.44
Epoch 055	LOSS: 76.66	MAE: 197.81	RMSE: 252.43
Epoch 056	LOSS: 73.48	MAE: 197.26	RMSE: 252.34
Epoch 057	LOSS: 75.84	MAE: 197.52	RMSE: 252.37
Epoch 058	LOSS: 75.07	MAE: 197.42	RMSE: 252.35
Epoch 059	LOSS: 78.56	MAE: 197.78	RMSE: 252.43
Epoch 060	LOSS: 73.23	MAE: 197.12	RMSE: 252.35
Epoch 061	LOSS: 83.46	MAE: 198.84	RMSE: 252.67
Epoch 062	LOSS: 69.44	MAE: 196.81	RMSE: 252.36
Epoch 063	LOSS: 77.42	MAE: 197.93	RMSE: 252.58
Epoch 064	LOSS: 73.32	MAE: 197.45	RMSE: 252.55
Epoch 065	LOSS: 74.55	MAE: 197.39	RMSE: 252.56
Epoch 066	LOSS: 74.62	MAE: 197.64	RMSE: 252.57
Epoch 067	LOSS: 71.18	MAE: 197.09	RMSE: 252.52
Epoch 068	LOSS: 79.50	MAE: 198.12	RMSE: 252.72
Epoch 069	LOSS: 65.82	MAE: 196.42	RMSE: 252.51
Epoch 070	LOSS: 76.19	MAE: 197.84	RMSE: 252.75
Epoch 071	LOSS: 68.02	MAE: 196.70	RMSE: 252.61
Epoch 072	LOSS: 73.49	MAE: 197.59	RMSE: 252.81
Epoch 073	LOSS: 69.09	MAE: 196.82	RMSE: 252.70
Epoch 074	LOSS: 69.59	MAE: 196.75	RMSE: 252.73
Epoch 075	LOSS: 72.02	MAE: 197.40	RMSE: 252.85
Epoch 076	LOSS: 67.15	MAE: 196.55	RMSE: 252.73
Epoch 077	LOSS: 69.89	MAE: 196.99	RMSE: 252.81
Epoch 078	LOSS: 68.87	MAE: 196.64	RMSE: 252.78
Epoch 079	LOSS: 67.94	MAE: 196.67	RMSE: 252.81
Epoch 080	LOSS: 70.55	MAE: 196.87	RMSE: 252.87
Epoch 081	LOSS: 67.08	MAE: 196.49	RMSE: 252.82
Epoch 082	LOSS: 67.59	MAE: 196.83	RMSE: 252.90
Epoch 083	LOSS: 66.13	MAE: 196.16	RMSE: 252.78
Epoch 084	LOSS: 68.97	MAE: 197.13	RMSE: 252.97
Epoch 085	LOSS: 60.74	MAE: 195.76	RMSE: 252.74
Epoch 086	LOSS: 69.58	MAE: 196.97	RMSE: 252.97
Epoch 087	LOSS: 65.72	MAE: 195.92	RMSE: 252.78
Epoch 088	LOSS: 64.68	MAE: 196.45	RMSE: 252.85
Epoch 089	LOSS: 68.11	MAE: 196.84	RMSE: 252.93
Epoch 090	LOSS: 62.18	MAE: 195.87	RMSE: 252.75
Epoch 091	LOSS: 65.93	MAE: 196.46	RMSE: 252.86
Epoch 092	LOSS: 67.58	MAE: 196.33	RMSE: 252.85
Epoch 093	LOSS: 59.94	MAE: 195.57	RMSE: 252.72
Epoch 094	LOSS: 69.44	MAE: 197.04	RMSE: 253.00
Epoch 095	LOSS: 57.82	MAE: 195.16	RMSE: 252.66
Epoch 096	LOSS: 68.49	MAE: 196.87	RMSE: 252.96
Epoch 097	LOSS: 62.02	MAE: 195.74	RMSE: 252.72
Epoch 098	LOSS: 65.08	MAE: 196.52	RMSE: 252.91
Epoch 099	LOSS: 63.34	MAE: 195.90	RMSE: 252.75
Epoch 100	LOSS: 64.44	MAE: 196.36	RMSE: 252.86
Epoch 101	LOSS: 63.07	MAE: 195.97	RMSE: 252.81
Epoch 102	LOSS: 65.74	MAE: 196.22	RMSE: 252.85
Epoch 103	LOSS: 59.69	MAE: 195.68	RMSE: 252.77
Epoch 104	LOSS: 65.66	MAE: 196.35	RMSE: 252.89
Epoch 105	LOSS: 59.26	MAE: 195.28	RMSE: 252.69
Epoch 106	LOSS: 65.67	MAE: 196.55	RMSE: 252.94
Epoch 107	LOSS: 58.78	MAE: 195.17	RMSE: 252.66
Epoch 108	LOSS: 65.92	MAE: 196.51	RMSE: 252.92
Epoch 109	LOSS: 57.10	MAE: 195.11	RMSE: 252.67
Epoch 110	LOSS: 64.28	MAE: 196.28	RMSE: 252.87
Epoch 111	LOSS: 61.83	MAE: 195.63	RMSE: 252.76
Epoch 112	LOSS: 61.33	MAE: 195.98	RMSE: 252.85
Epoch 113	LOSS: 61.34	MAE: 195.58	RMSE: 252.74
Epoch 114	LOSS: 62.07	MAE: 195.88	RMSE: 252.83
Epoch 115	LOSS: 62.08	MAE: 195.99	RMSE: 252.83
Epoch 116	LOSS: 60.78	MAE: 195.46	RMSE: 252.74
Epoch 117	LOSS: 61.89	MAE: 196.10	RMSE: 252.88
Epoch 118	LOSS: 60.96	MAE: 195.78	RMSE: 252.80
Epoch 119	LOSS: 59.87	MAE: 195.49	RMSE: 252.74
Epoch 120	LOSS: 63.81	MAE: 196.39	RMSE: 252.94
Epoch 121	LOSS: 57.72	MAE: 195.23	RMSE: 252.70
Epoch 122	LOSS: 63.20	MAE: 196.19	RMSE: 252.89
Epoch 123	LOSS: 53.78	MAE: 194.85	RMSE: 252.63
Epoch 124	LOSS: 67.64	MAE: 196.74	RMSE: 252.99
Epoch 125	LOSS: 56.60	MAE: 195.17	RMSE: 252.70
Epoch 126	LOSS: 64.38	MAE: 196.25	RMSE: 252.90
Epoch 127	LOSS: 57.46	MAE: 195.41	RMSE: 252.74
Epoch 128	LOSS: 65.21	MAE: 196.34	RMSE: 252.93
Epoch 129	LOSS: 57.19	MAE: 195.16	RMSE: 252.68
Epoch 130	LOSS: 61.82	MAE: 195.95	RMSE: 252.83
Epoch 131	LOSS: 55.86	MAE: 194.99	RMSE: 252.66
Epoch 132	LOSS: 60.77	MAE: 195.57	RMSE: 252.74
Epoch 133	LOSS: 60.83	MAE: 196.14	RMSE: 252.91
Epoch 134	LOSS: 60.07	MAE: 195.70	RMSE: 252.79
Epoch 135	LOSS: 58.39	MAE: 195.53	RMSE: 252.78
Epoch 136	LOSS: 64.11	MAE: 195.94	RMSE: 252.84
Epoch 137	LOSS: 58.67	MAE: 195.66	RMSE: 252.80
Epoch 138	LOSS: 61.72	MAE: 195.72	RMSE: 252.77
Epoch 139	LOSS: 56.98	MAE: 195.24	RMSE: 252.72
Epoch 140	LOSS: 63.02	MAE: 196.01	RMSE: 252.83
Epoch 141	LOSS: 57.04	MAE: 194.94	RMSE: 252.65
Epoch 142	LOSS: 61.81	MAE: 195.75	RMSE: 252.81
Epoch 143	LOSS: 59.42	MAE: 195.65	RMSE: 252.78
Epoch 144	LOSS: 60.51	MAE: 195.50	RMSE: 252.77
Epoch 145	LOSS: 56.88	MAE: 195.27	RMSE: 252.72
Epoch 146	LOSS: 58.08	MAE: 195.69	RMSE: 252.82
Epoch 147	LOSS: 56.31	MAE: 194.89	RMSE: 252.63
Epoch 148	LOSS: 59.99	MAE: 196.06	RMSE: 252.88
Epoch 149	LOSS: 55.20	MAE: 194.84	RMSE: 252.63
Epoch 150	LOSS: 61.93	MAE: 195.76	RMSE: 252.81
Epoch 151	LOSS: 55.87	MAE: 195.09	RMSE: 252.70
Epoch 152	LOSS: 62.32	MAE: 195.90	RMSE: 252.83
Epoch 153	LOSS: 55.47	MAE: 195.33	RMSE: 252.76
Epoch 154	LOSS: 61.71	MAE: 195.81	RMSE: 252.82
Epoch 155	LOSS: 54.63	MAE: 194.85	RMSE: 252.65
Epoch 156	LOSS: 62.41	MAE: 196.16	RMSE: 252.90
Epoch 157	LOSS: 55.45	MAE: 195.01	RMSE: 252.66
Epoch 158	LOSS: 59.86	MAE: 195.89	RMSE: 252.85
Epoch 159	LOSS: 52.27	MAE: 194.50	RMSE: 252.59
Epoch 160	LOSS: 65.57	MAE: 196.53	RMSE: 252.99
Epoch 161	LOSS: 53.11	MAE: 194.74	RMSE: 252.65
Epoch 162	LOSS: 60.94	MAE: 195.82	RMSE: 252.83
Epoch 163	LOSS: 56.92	MAE: 195.39	RMSE: 252.75
Epoch 164	LOSS: 58.40	MAE: 195.15	RMSE: 252.69
Epoch 165	LOSS: 57.78	MAE: 195.32	RMSE: 252.71
Epoch 166	LOSS: 56.24	MAE: 195.34	RMSE: 252.76
Epoch 167	LOSS: 60.23	MAE: 195.43	RMSE: 252.73
Epoch 168	LOSS: 52.94	MAE: 194.79	RMSE: 252.65
Epoch 169	LOSS: 62.56	MAE: 196.16	RMSE: 252.92
Epoch 170	LOSS: 57.48	MAE: 195.19	RMSE: 252.71
Epoch 171	LOSS: 52.78	MAE: 194.65	RMSE: 252.61
Epoch 172	LOSS: 67.67	MAE: 196.75	RMSE: 253.02
Epoch 173	LOSS: 50.97	MAE: 194.38	RMSE: 252.56
Epoch 174	LOSS: 62.36	MAE: 195.73	RMSE: 252.80
Epoch 175	LOSS: 57.05	MAE: 195.31	RMSE: 252.75
Epoch 176	LOSS: 57.92	MAE: 195.60	RMSE: 252.80
Epoch 177	LOSS: 56.41	MAE: 194.92	RMSE: 252.66
Epoch 178	LOSS: 58.24	MAE: 195.42	RMSE: 252.77
Epoch 179	LOSS: 55.88	MAE: 195.10	RMSE: 252.71
Epoch 180	LOSS: 60.40	MAE: 195.52	RMSE: 252.75
Epoch 181	LOSS: 55.54	MAE: 195.17	RMSE: 252.72
Epoch 182	LOSS: 60.04	MAE: 195.68	RMSE: 252.79
Epoch 183	LOSS: 54.73	MAE: 194.86	RMSE: 252.65
Epoch 184	LOSS: 59.76	MAE: 195.98	RMSE: 252.87
Epoch 185	LOSS: 54.94	MAE: 194.88	RMSE: 252.65
Epoch 186	LOSS: 60.90	MAE: 195.93	RMSE: 252.85
Epoch 187	LOSS: 52.51	MAE: 194.63	RMSE: 252.61
Epoch 188	LOSS: 62.92	MAE: 196.20	RMSE: 252.90
Epoch 189	LOSS: 54.50	MAE: 194.89	RMSE: 252.66
Epoch 190	LOSS: 61.72	MAE: 195.82	RMSE: 252.82
Epoch 191	LOSS: 54.21	MAE: 194.95	RMSE: 252.68
Epoch 192	LOSS: 58.31	MAE: 195.40	RMSE: 252.74
Epoch 193	LOSS: 55.64	MAE: 195.13	RMSE: 252.70
Epoch 194	LOSS: 58.69	MAE: 195.60	RMSE: 252.78
Epoch 195	LOSS: 52.75	MAE: 194.56	RMSE: 252.58
Epoch 196	LOSS: 61.56	MAE: 196.05	RMSE: 252.88
Epoch 197	LOSS: 53.08	MAE: 194.64	RMSE: 252.60
Epoch 198	LOSS: 58.08	MAE: 195.50	RMSE: 252.77
Epoch 199	LOSS: 49.88	MAE: 194.30	RMSE: 252.56
Epoch 200	LOSS: 60.21	MAE: 195.56	RMSE: 252.77
Epoch 201	LOSS: 57.23	MAE: 195.34	RMSE: 252.74
Epoch 202	LOSS: 54.13	MAE: 194.89	RMSE: 252.65
Epoch 203	LOSS: 59.32	MAE: 195.53	RMSE: 252.74
Epoch 204	LOSS: 53.10	MAE: 195.00	RMSE: 252.69
Epoch 205	LOSS: 62.58	MAE: 195.91	RMSE: 252.81
Epoch 206	LOSS: 50.97	MAE: 194.49	RMSE: 252.59
Epoch 207	LOSS: 60.37	MAE: 195.98	RMSE: 252.87
Epoch 208	LOSS: 51.58	MAE: 194.38	RMSE: 252.55
Epoch 209	LOSS: 60.15	MAE: 195.96	RMSE: 252.85
Epoch 210	LOSS: 53.46	MAE: 194.67	RMSE: 252.60
Epoch 211	LOSS: 57.28	MAE: 195.11	RMSE: 252.67
Epoch 212	LOSS: 58.69	MAE: 195.59	RMSE: 252.77
Epoch 213	LOSS: 50.18	MAE: 194.41	RMSE: 252.57
Epoch 214	LOSS: 60.00	MAE: 195.78	RMSE: 252.81
Epoch 215	LOSS: 52.62	MAE: 194.75	RMSE: 252.63
Epoch 216	LOSS: 57.40	MAE: 195.58	RMSE: 252.78
Epoch 217	LOSS: 51.33	MAE: 194.30	RMSE: 252.52
Epoch 218	LOSS: 62.72	MAE: 196.16	RMSE: 252.87
Epoch 219	LOSS: 52.58	MAE: 194.62	RMSE: 252.59
Epoch 220	LOSS: 57.71	MAE: 195.17	RMSE: 252.68
Epoch 221	LOSS: 58.14	MAE: 195.60	RMSE: 252.79
Epoch 222	LOSS: 55.46	MAE: 194.84	RMSE: 252.64
Epoch 223	LOSS: 54.27	MAE: 194.84	RMSE: 252.63
Epoch 224	LOSS: 58.89	MAE: 195.63	RMSE: 252.79
Epoch 225	LOSS: 50.34	MAE: 194.16	RMSE: 252.51
Epoch 226	LOSS: 60.57	MAE: 195.89	RMSE: 252.82
Epoch 227	LOSS: 52.03	MAE: 194.50	RMSE: 252.57
Epoch 228	LOSS: 61.14	MAE: 195.81	RMSE: 252.79
Epoch 229	LOSS: 50.77	MAE: 194.46	RMSE: 252.58
Epoch 230	LOSS: 60.10	MAE: 195.72	RMSE: 252.79
Epoch 231	LOSS: 52.85	MAE: 194.64	RMSE: 252.60
Epoch 232	LOSS: 53.52	MAE: 194.85	RMSE: 252.63
Epoch 233	LOSS: 56.48	MAE: 195.14	RMSE: 252.67
Epoch 234	LOSS: 50.86	MAE: 194.66	RMSE: 252.61
Epoch 235	LOSS: 61.82	MAE: 195.85	RMSE: 252.78
Epoch 236	LOSS: 50.20	MAE: 194.53	RMSE: 252.57
Epoch 237	LOSS: 56.57	MAE: 195.23	RMSE: 252.69
Epoch 238	LOSS: 53.90	MAE: 194.84	RMSE: 252.62
Epoch 239	LOSS: 56.58	MAE: 195.46	RMSE: 252.76
Epoch 240	LOSS: 52.62	MAE: 194.43	RMSE: 252.55
Epoch 241	LOSS: 57.29	MAE: 195.25	RMSE: 252.69
Epoch 242	LOSS: 51.79	MAE: 194.63	RMSE: 252.60
Epoch 243	LOSS: 57.13	MAE: 195.17	RMSE: 252.66
Epoch 244	LOSS: 50.53	MAE: 194.41	RMSE: 252.55
Epoch 245	LOSS: 58.66	MAE: 195.52	RMSE: 252.74
Epoch 246	LOSS: 52.15	MAE: 194.44	RMSE: 252.55
Epoch 247	LOSS: 56.25	MAE: 195.35	RMSE: 252.72
Epoch 248	LOSS: 51.16	MAE: 194.34	RMSE: 252.53
Epoch 249	LOSS: 57.09	MAE: 195.35	RMSE: 252.70
Epoch 250	LOSS: 50.93	MAE: 194.47	RMSE: 252.55
Epoch 251	LOSS: 57.05	MAE: 195.29	RMSE: 252.68
Epoch 252	LOSS: 50.44	MAE: 194.60	RMSE: 252.59
Epoch 253	LOSS: 58.01	MAE: 195.34	RMSE: 252.69
Epoch 254	LOSS: 50.46	MAE: 194.38	RMSE: 252.55
Epoch 255	LOSS: 57.10	MAE: 195.37	RMSE: 252.71
Epoch 256	LOSS: 53.72	MAE: 194.81	RMSE: 252.60
Epoch 257	LOSS: 55.91	MAE: 195.14	RMSE: 252.65
Epoch 258	LOSS: 52.62	MAE: 194.62	RMSE: 252.57
Epoch 259	LOSS: 56.81	MAE: 195.32	RMSE: 252.69
Epoch 260	LOSS: 50.22	MAE: 194.22	RMSE: 252.50
Epoch 261	LOSS: 55.46	MAE: 195.19	RMSE: 252.67
Epoch 262	LOSS: 52.79	MAE: 194.54	RMSE: 252.55
Epoch 263	LOSS: 57.06	MAE: 195.27	RMSE: 252.68
Epoch 264	LOSS: 50.25	MAE: 194.46	RMSE: 252.55
Epoch 265	LOSS: 56.73	MAE: 195.07	RMSE: 252.63
Epoch 266	LOSS: 54.66	MAE: 195.16	RMSE: 252.68
Epoch 267	LOSS: 52.11	MAE: 194.59	RMSE: 252.56
Epoch 268	LOSS: 54.80	MAE: 194.54	RMSE: 252.55
Epoch 269	LOSS: 52.71	MAE: 194.59	RMSE: 252.56
Epoch 270	LOSS: 54.92	MAE: 194.85	RMSE: 252.61
Epoch 271	LOSS: 55.73	MAE: 195.08	RMSE: 252.63
Epoch 272	LOSS: 53.18	MAE: 194.59	RMSE: 252.56
Epoch 273	LOSS: 55.56	MAE: 195.04	RMSE: 252.64
Epoch 274	LOSS: 51.04	MAE: 194.47	RMSE: 252.53
Epoch 275	LOSS: 50.95	MAE: 194.35	RMSE: 252.52
Epoch 276	LOSS: 50.55	MAE: 194.38	RMSE: 252.52
Epoch 277	LOSS: 48.75	MAE: 194.21	RMSE: 252.49
Epoch 278	LOSS: 50.66	MAE: 194.35	RMSE: 252.52
Epoch 279	LOSS: 52.26	MAE: 194.67	RMSE: 252.57
Epoch 280	LOSS: 56.41	MAE: 195.06	RMSE: 252.62
Epoch 281	LOSS: 46.46	MAE: 193.86	RMSE: 252.43
Epoch 282	LOSS: 60.06	MAE: 195.98	RMSE: 252.80
Epoch 283	LOSS: 48.27	MAE: 193.88	RMSE: 252.43
Epoch 284	LOSS: 56.31	MAE: 195.09	RMSE: 252.62
Epoch 285	LOSS: 50.93	MAE: 194.51	RMSE: 252.54
Epoch 286	LOSS: 54.04	MAE: 194.79	RMSE: 252.58
Epoch 287	LOSS: 56.30	MAE: 195.42	RMSE: 252.70
Epoch 288	LOSS: 45.88	MAE: 193.73	RMSE: 252.41
Epoch 289	LOSS: 54.75	MAE: 195.00	RMSE: 252.62
Epoch 290	LOSS: 48.56	MAE: 194.05	RMSE: 252.46
Epoch 291	LOSS: 54.38	MAE: 194.72	RMSE: 252.55
Epoch 292	LOSS: 49.07	MAE: 194.37	RMSE: 252.52
Epoch 293	LOSS: 58.36	MAE: 195.44	RMSE: 252.67
Epoch 294	LOSS: 49.60	MAE: 194.31	RMSE: 252.50
Epoch 295	LOSS: 51.31	MAE: 194.73	RMSE: 252.58
Epoch 296	LOSS: 52.07	MAE: 194.30	RMSE: 252.47
Epoch 297	LOSS: 54.60	MAE: 195.05	RMSE: 252.64
Epoch 298	LOSS: 51.54	MAE: 194.39	RMSE: 252.51
Epoch 299	LOSS: 54.33	MAE: 194.49	RMSE: 252.49
Epoch 300	LOSS: 51.06	MAE: 194.63	RMSE: 252.58
Epoch 301	LOSS: 49.85	MAE: 194.13	RMSE: 252.45
Epoch 302	LOSS: 53.43	MAE: 195.10	RMSE: 252.64
Epoch 303	LOSS: 50.08	MAE: 194.41	RMSE: 252.52
Epoch 304	LOSS: 52.31	MAE: 194.23	RMSE: 252.45
Epoch 305	LOSS: 52.51	MAE: 195.08	RMSE: 252.63
Epoch 306	LOSS: 49.58	MAE: 194.19	RMSE: 252.46
Epoch 307	LOSS: 53.29	MAE: 194.38	RMSE: 252.47
Epoch 308	LOSS: 49.12	MAE: 194.25	RMSE: 252.48
Epoch 309	LOSS: 57.12	MAE: 195.38	RMSE: 252.67
Epoch 310	LOSS: 50.69	MAE: 194.19	RMSE: 252.46
Epoch 311	LOSS: 52.98	MAE: 194.61	RMSE: 252.53
Epoch 312	LOSS: 48.20	MAE: 194.11	RMSE: 252.47
Epoch 313	LOSS: 55.91	MAE: 194.96	RMSE: 252.58
Epoch 314	LOSS: 49.43	MAE: 194.15	RMSE: 252.44
Epoch 315	LOSS: 55.09	MAE: 194.99	RMSE: 252.59
Epoch 316	LOSS: 46.93	MAE: 193.92	RMSE: 252.42
Epoch 317	LOSS: 53.34	MAE: 194.67	RMSE: 252.53
Epoch 318	LOSS: 48.19	MAE: 194.06	RMSE: 252.45
Epoch 319	LOSS: 53.84	MAE: 194.87	RMSE: 252.56
Epoch 320	LOSS: 48.86	MAE: 194.10	RMSE: 252.43
Epoch 321	LOSS: 49.65	MAE: 194.36	RMSE: 252.48
Epoch 322	LOSS: 49.04	MAE: 194.24	RMSE: 252.45
Epoch 323	LOSS: 53.28	MAE: 194.38	RMSE: 252.48
Epoch 324	LOSS: 55.17	MAE: 195.25	RMSE: 252.63
Epoch 325	LOSS: 46.19	MAE: 193.82	RMSE: 252.38
Epoch 326	LOSS: 57.48	MAE: 195.28	RMSE: 252.60
Epoch 327	LOSS: 46.05	MAE: 193.80	RMSE: 252.39
Epoch 328	LOSS: 53.14	MAE: 194.78	RMSE: 252.55
Epoch 329	LOSS: 50.62	MAE: 194.25	RMSE: 252.45
Epoch 330	LOSS: 50.66	MAE: 194.36	RMSE: 252.48
Epoch 331	LOSS: 50.97	MAE: 194.60	RMSE: 252.51
Epoch 332	LOSS: 51.31	MAE: 194.23	RMSE: 252.44
Epoch 333	LOSS: 54.85	MAE: 195.06	RMSE: 252.59
Epoch 334	LOSS: 47.88	MAE: 193.90	RMSE: 252.41
Epoch 335	LOSS: 58.01	MAE: 195.36	RMSE: 252.62
Epoch 336	LOSS: 44.51	MAE: 193.52	RMSE: 252.34
Epoch 337	LOSS: 51.18	MAE: 194.58	RMSE: 252.50
Epoch 338	LOSS: 47.37	MAE: 193.78	RMSE: 252.38
Epoch 339	LOSS: 59.66	MAE: 196.14	RMSE: 252.78
Epoch 340	LOSS: 49.32	MAE: 194.45	RMSE: 252.48
Epoch 341	LOSS: 51.53	MAE: 194.16	RMSE: 252.43
Epoch 342	LOSS: 51.98	MAE: 194.61	RMSE: 252.50
Epoch 343	LOSS: 49.44	MAE: 194.18	RMSE: 252.44
Epoch 344	LOSS: 52.44	MAE: 194.45	RMSE: 252.47
Epoch 345	LOSS: 46.81	MAE: 193.90	RMSE: 252.40
Epoch 346	LOSS: 54.79	MAE: 195.07	RMSE: 252.58
Epoch 347	LOSS: 45.93	MAE: 193.81	RMSE: 252.38
Epoch 348	LOSS: 53.03	MAE: 194.62	RMSE: 252.50
Epoch 349	LOSS: 50.15	MAE: 194.29	RMSE: 252.45
Epoch 350	LOSS: 50.86	MAE: 194.35	RMSE: 252.46
Epoch 351	LOSS: 47.87	MAE: 193.66	RMSE: 252.36
Epoch 352	LOSS: 52.80	MAE: 194.71	RMSE: 252.51
Epoch 353	LOSS: 46.92	MAE: 193.87	RMSE: 252.39
Epoch 354	LOSS: 55.92	MAE: 195.24	RMSE: 252.59
Epoch 355	LOSS: 45.48	MAE: 193.53	RMSE: 252.34
Epoch 356	LOSS: 55.57	MAE: 195.02	RMSE: 252.57
Epoch 357	LOSS: 46.41	MAE: 193.86	RMSE: 252.38
Epoch 358	LOSS: 57.11	MAE: 195.32	RMSE: 252.60
Epoch 359	LOSS: 46.94	MAE: 193.77	RMSE: 252.37
Epoch 360	LOSS: 54.94	MAE: 195.17	RMSE: 252.59
Epoch 361	LOSS: 45.58	MAE: 193.64	RMSE: 252.35
Epoch 362	LOSS: 54.53	MAE: 194.82	RMSE: 252.52
Epoch 363	LOSS: 45.31	MAE: 193.64	RMSE: 252.34
Epoch 364	LOSS: 54.00	MAE: 194.87	RMSE: 252.52
Epoch 365	LOSS: 45.30	MAE: 193.64	RMSE: 252.35
Epoch 366	LOSS: 53.77	MAE: 194.73	RMSE: 252.51
Epoch 367	LOSS: 46.71	MAE: 193.86	RMSE: 252.38
Epoch 368	LOSS: 52.57	MAE: 194.59	RMSE: 252.48
Epoch 369	LOSS: 46.13	MAE: 193.66	RMSE: 252.35
Epoch 370	LOSS: 52.33	MAE: 194.58	RMSE: 252.48
Epoch 371	LOSS: 46.16	MAE: 193.69	RMSE: 252.35
Epoch 372	LOSS: 54.95	MAE: 194.95	RMSE: 252.54
Epoch 373	LOSS: 45.71	MAE: 193.70	RMSE: 252.35
Epoch 374	LOSS: 50.85	MAE: 194.32	RMSE: 252.44
Epoch 375	LOSS: 46.05	MAE: 193.59	RMSE: 252.35
Epoch 376	LOSS: 53.67	MAE: 194.89	RMSE: 252.55
Epoch 377	LOSS: 46.04	MAE: 193.77	RMSE: 252.37
Epoch 378	LOSS: 50.98	MAE: 194.40	RMSE: 252.45
Epoch 379	LOSS: 44.95	MAE: 193.55	RMSE: 252.33
Epoch 380	LOSS: 54.13	MAE: 194.85	RMSE: 252.52
Epoch 381	LOSS: 46.74	MAE: 193.79	RMSE: 252.36
Epoch 382	LOSS: 51.00	MAE: 194.26	RMSE: 252.44
Epoch 383	LOSS: 47.75	MAE: 194.02	RMSE: 252.40
Epoch 384	LOSS: 54.55	MAE: 194.97	RMSE: 252.54
Epoch 385	LOSS: 43.77	MAE: 193.40	RMSE: 252.31
Epoch 386	LOSS: 53.05	MAE: 194.67	RMSE: 252.49
Epoch 387	LOSS: 44.42	MAE: 193.55	RMSE: 252.33
Epoch 388	LOSS: 54.06	MAE: 194.91	RMSE: 252.52
Epoch 389	LOSS: 46.60	MAE: 193.77	RMSE: 252.36
Epoch 390	LOSS: 51.09	MAE: 194.33	RMSE: 252.44
Epoch 391	LOSS: 47.37	MAE: 193.97	RMSE: 252.38
Epoch 392	LOSS: 45.47	MAE: 193.56	RMSE: 252.33
Epoch 393	LOSS: 56.72	MAE: 195.20	RMSE: 252.57
Epoch 394	LOSS: 45.33	MAE: 193.58	RMSE: 252.34
Epoch 395	LOSS: 54.78	MAE: 194.96	RMSE: 252.54
Epoch 396	LOSS: 47.46	MAE: 193.82	RMSE: 252.37
Epoch 397	LOSS: 51.76	MAE: 194.49	RMSE: 252.47
Epoch 398	LOSS: 47.20	MAE: 193.84	RMSE: 252.37
Epoch 399	LOSS: 54.82	MAE: 194.85	RMSE: 252.52
Epoch 400	LOSS: 44.31	MAE: 193.47	RMSE: 252.32
Epoch 401	LOSS: 52.14	MAE: 194.54	RMSE: 252.46
Epoch 402	LOSS: 44.98	MAE: 193.57	RMSE: 252.33
Epoch 403	LOSS: 54.12	MAE: 194.84	RMSE: 252.52
Epoch 404	LOSS: 45.66	MAE: 193.70	RMSE: 252.34
Epoch 405	LOSS: 50.86	MAE: 194.30	RMSE: 252.43
Epoch 406	LOSS: 49.96	MAE: 194.13	RMSE: 252.41
Epoch 407	LOSS: 50.62	MAE: 194.43	RMSE: 252.44
Epoch 408	LOSS: 46.17	MAE: 193.66	RMSE: 252.35
Epoch 409	LOSS: 50.45	MAE: 194.21	RMSE: 252.42
Epoch 410	LOSS: 44.28	MAE: 193.57	RMSE: 252.33
Epoch 411	LOSS: 55.68	MAE: 195.14	RMSE: 252.57
Epoch 412	LOSS: 45.87	MAE: 193.67	RMSE: 252.34
Epoch 413	LOSS: 48.81	MAE: 194.24	RMSE: 252.41
Epoch 414	LOSS: 51.09	MAE: 194.21	RMSE: 252.43
Epoch 415	LOSS: 46.84	MAE: 193.72	RMSE: 252.34
Epoch 416	LOSS: 52.33	MAE: 194.65	RMSE: 252.48
Epoch 417	LOSS: 44.96	MAE: 193.51	RMSE: 252.33
Epoch 418	LOSS: 54.78	MAE: 195.11	RMSE: 252.55
Epoch 419	LOSS: 45.11	MAE: 193.62	RMSE: 252.32
Epoch 420	LOSS: 52.91	MAE: 194.63	RMSE: 252.48
Epoch 421	LOSS: 43.81	MAE: 193.39	RMSE: 252.30
Epoch 422	LOSS: 53.90	MAE: 194.94	RMSE: 252.52
Epoch 423	LOSS: 45.48	MAE: 193.59	RMSE: 252.33
Epoch 424	LOSS: 51.19	MAE: 194.49	RMSE: 252.46
Epoch 425	LOSS: 46.76	MAE: 193.83	RMSE: 252.36
Epoch 426	LOSS: 49.82	MAE: 194.13	RMSE: 252.40
Epoch 427	LOSS: 46.79	MAE: 193.74	RMSE: 252.35
Epoch 428	LOSS: 51.39	MAE: 194.41	RMSE: 252.43
Epoch 429	LOSS: 45.59	MAE: 193.52	RMSE: 252.32
Epoch 430	LOSS: 51.40	MAE: 194.56	RMSE: 252.46
Epoch 431	LOSS: 45.69	MAE: 193.68	RMSE: 252.34
Epoch 432	LOSS: 50.55	MAE: 194.32	RMSE: 252.43
Epoch 433	LOSS: 42.18	MAE: 193.26	RMSE: 252.28
Epoch 434	LOSS: 51.30	MAE: 194.43	RMSE: 252.44
Epoch 435	LOSS: 49.25	MAE: 194.04	RMSE: 252.39
Epoch 436	LOSS: 44.05	MAE: 193.45	RMSE: 252.31
Epoch 437	LOSS: 56.92	MAE: 195.26	RMSE: 252.58
Epoch 438	LOSS: 44.45	MAE: 193.47	RMSE: 252.31
Epoch 439	LOSS: 55.38	MAE: 194.86	RMSE: 252.50
Epoch 440	LOSS: 48.12	MAE: 193.97	RMSE: 252.38
Epoch 441	LOSS: 50.99	MAE: 194.39	RMSE: 252.44
Epoch 442	LOSS: 43.93	MAE: 193.45	RMSE: 252.31
Epoch 443	LOSS: 48.81	MAE: 194.23	RMSE: 252.41
Epoch 444	LOSS: 46.65	MAE: 193.85	RMSE: 252.35
Epoch 445	LOSS: 42.34	MAE: 193.23	RMSE: 252.29
Epoch 446	LOSS: 55.95	MAE: 195.13	RMSE: 252.54
Epoch 447	LOSS: 46.53	MAE: 193.69	RMSE: 252.31
Epoch 448	LOSS: 51.01	MAE: 194.31	RMSE: 252.44
Epoch 449	LOSS: 49.96	MAE: 194.15	RMSE: 252.40
Epoch 450	LOSS: 46.55	MAE: 193.76	RMSE: 252.33
Epoch 451	LOSS: 52.81	MAE: 194.44	RMSE: 252.46
Epoch 452	LOSS: 44.53	MAE: 193.49	RMSE: 252.32
Epoch 453	LOSS: 49.16	MAE: 194.31	RMSE: 252.42
Epoch 454	LOSS: 47.18	MAE: 193.86	RMSE: 252.36
Epoch 455	LOSS: 44.30	MAE: 193.52	RMSE: 252.31
Epoch 456	LOSS: 49.51	MAE: 194.31	RMSE: 252.42
Epoch 457	LOSS: 44.74	MAE: 193.53	RMSE: 252.31
Epoch 458	LOSS: 51.67	MAE: 194.52	RMSE: 252.45
Epoch 459	LOSS: 46.66	MAE: 193.80	RMSE: 252.36
Epoch 460	LOSS: 55.05	MAE: 194.70	RMSE: 252.46
Epoch 461	LOSS: 44.04	MAE: 193.41	RMSE: 252.30
Epoch 462	LOSS: 52.14	MAE: 194.43	RMSE: 252.46
Epoch 463	LOSS: 46.05	MAE: 193.78	RMSE: 252.34
Epoch 464	LOSS: 48.54	MAE: 194.04	RMSE: 252.38
Epoch 465	LOSS: 49.70	MAE: 194.26	RMSE: 252.41
Epoch 466	LOSS: 45.69	MAE: 193.50	RMSE: 252.32
Epoch 467	LOSS: 46.06	MAE: 193.70	RMSE: 252.35
Epoch 468	LOSS: 52.91	MAE: 194.80	RMSE: 252.48
Epoch 469	LOSS: 44.24	MAE: 193.50	RMSE: 252.31
Epoch 470	LOSS: 51.96	MAE: 194.32	RMSE: 252.44
Epoch 471	LOSS: 50.23	MAE: 194.23	RMSE: 252.40
Epoch 472	LOSS: 46.30	MAE: 193.70	RMSE: 252.33
Epoch 473	LOSS: 48.92	MAE: 193.90	RMSE: 252.37
Epoch 474	LOSS: 45.46	MAE: 193.62	RMSE: 252.32
Epoch 475	LOSS: 52.85	MAE: 194.74	RMSE: 252.48
Epoch 476	LOSS: 41.38	MAE: 193.10	RMSE: 252.26
Epoch 477	LOSS: 49.74	MAE: 194.15	RMSE: 252.39
Epoch 478	LOSS: 45.91	MAE: 193.69	RMSE: 252.33
Epoch 479	LOSS: 47.73	MAE: 193.86	RMSE: 252.36
Epoch 480	LOSS: 48.91	MAE: 194.02	RMSE: 252.38
Epoch 481	LOSS: 49.59	MAE: 194.20	RMSE: 252.41
Epoch 482	LOSS: 47.16	MAE: 193.76	RMSE: 252.34
Epoch 483	LOSS: 48.07	MAE: 193.97	RMSE: 252.36
Epoch 484	LOSS: 47.06	MAE: 193.75	RMSE: 252.33
Epoch 485	LOSS: 47.48	MAE: 193.88	RMSE: 252.36
Epoch 486	LOSS: 45.95	MAE: 193.57	RMSE: 252.31
Epoch 487	LOSS: 50.47	MAE: 194.21	RMSE: 252.40
Epoch 488	LOSS: 45.84	MAE: 193.68	RMSE: 252.34
Epoch 489	LOSS: 49.50	MAE: 194.20	RMSE: 252.40
Epoch 490	LOSS: 46.38	MAE: 193.59	RMSE: 252.32
Epoch 491	LOSS: 48.51	MAE: 194.18	RMSE: 252.40
Epoch 492	LOSS: 43.59	MAE: 193.43	RMSE: 252.29
Epoch 493	LOSS: 50.49	MAE: 194.36	RMSE: 252.43
Epoch 494	LOSS: 42.98	MAE: 193.35	RMSE: 252.28
Epoch 495	LOSS: 49.63	MAE: 194.26	RMSE: 252.40
Epoch 496	LOSS: 43.38	MAE: 193.37	RMSE: 252.29
Epoch 497	LOSS: 50.04	MAE: 194.17	RMSE: 252.39
Epoch 498	LOSS: 49.46	MAE: 194.11	RMSE: 252.39
Epoch 499	LOSS: 45.44	MAE: 193.38	RMSE: 252.29
