Epoch 000	LOSS: 220.22	MAE: 250.16	RMSE: 293.76
Epoch 001	LOSS: 216.19	MAE: 248.96	RMSE: 292.69
Epoch 002	LOSS: 216.18	MAE: 248.61	RMSE: 292.39
Epoch 003	LOSS: 216.25	MAE: 248.36	RMSE: 292.18
Epoch 004	LOSS: 219.14	MAE: 248.12	RMSE: 291.96
Epoch 005	LOSS: 217.99	MAE: 247.87	RMSE: 291.75
Epoch 006	LOSS: 217.38	MAE: 247.62	RMSE: 291.53
Epoch 007	LOSS: 216.41	MAE: 247.36	RMSE: 291.31
Epoch 008	LOSS: 216.06	MAE: 247.10	RMSE: 291.08
Epoch 009	LOSS: 217.56	MAE: 246.83	RMSE: 290.85
Epoch 010	LOSS: 215.21	MAE: 246.56	RMSE: 290.62
Epoch 011	LOSS: 218.55	MAE: 246.29	RMSE: 290.38
Epoch 012	LOSS: 213.00	MAE: 246.01	RMSE: 290.13
Epoch 013	LOSS: 213.13	MAE: 245.73	RMSE: 289.89
Epoch 014	LOSS: 217.49	MAE: 245.44	RMSE: 289.64
Epoch 015	LOSS: 215.94	MAE: 245.15	RMSE: 289.38
Epoch 016	LOSS: 214.00	MAE: 244.85	RMSE: 289.13
Epoch 017	LOSS: 214.21	MAE: 244.55	RMSE: 288.87
Epoch 018	LOSS: 213.82	MAE: 244.25	RMSE: 288.60
Epoch 019	LOSS: 212.10	MAE: 243.94	RMSE: 288.33
Epoch 020	LOSS: 213.13	MAE: 243.63	RMSE: 288.06
Epoch 021	LOSS: 212.98	MAE: 243.31	RMSE: 287.78
Epoch 022	LOSS: 211.74	MAE: 242.99	RMSE: 287.50
Epoch 023	LOSS: 214.25	MAE: 242.67	RMSE: 287.22
Epoch 024	LOSS: 212.70	MAE: 242.34	RMSE: 286.93
Epoch 025	LOSS: 208.03	MAE: 242.01	RMSE: 286.64
Epoch 026	LOSS: 207.78	MAE: 241.67	RMSE: 286.34
Epoch 027	LOSS: 211.15	MAE: 241.33	RMSE: 286.04
Epoch 028	LOSS: 209.71	MAE: 240.98	RMSE: 285.74
Epoch 029	LOSS: 209.23	MAE: 240.63	RMSE: 285.43
Epoch 030	LOSS: 209.96	MAE: 240.28	RMSE: 285.12
Epoch 031	LOSS: 209.17	MAE: 239.92	RMSE: 284.81
Epoch 032	LOSS: 205.64	MAE: 239.56	RMSE: 284.49
Epoch 033	LOSS: 205.52	MAE: 239.20	RMSE: 284.17
Epoch 034	LOSS: 206.95	MAE: 238.83	RMSE: 283.85
Epoch 035	LOSS: 205.00	MAE: 238.46	RMSE: 283.52
Epoch 036	LOSS: 203.79	MAE: 238.08	RMSE: 283.19
Epoch 037	LOSS: 207.29	MAE: 237.70	RMSE: 282.85
Epoch 038	LOSS: 205.31	MAE: 237.32	RMSE: 282.51
Epoch 039	LOSS: 210.03	MAE: 236.93	RMSE: 282.17
Epoch 040	LOSS: 211.23	MAE: 236.54	RMSE: 281.83
Epoch 041	LOSS: 202.67	MAE: 236.15	RMSE: 281.48
Epoch 042	LOSS: 206.48	MAE: 235.75	RMSE: 281.13
Epoch 043	LOSS: 206.78	MAE: 235.35	RMSE: 280.77
Epoch 044	LOSS: 204.75	MAE: 234.94	RMSE: 280.42
Epoch 045	LOSS: 203.31	MAE: 234.54	RMSE: 280.06
Epoch 046	LOSS: 203.65	MAE: 234.13	RMSE: 279.69
Epoch 047	LOSS: 200.56	MAE: 233.71	RMSE: 279.32
Epoch 048	LOSS: 202.89	MAE: 233.30	RMSE: 278.95
Epoch 049	LOSS: 200.46	MAE: 232.88	RMSE: 278.58
Epoch 050	LOSS: 200.77	MAE: 232.45	RMSE: 278.20
Epoch 051	LOSS: 201.01	MAE: 232.02	RMSE: 277.82
Epoch 052	LOSS: 198.51	MAE: 231.59	RMSE: 277.44
Epoch 053	LOSS: 197.82	MAE: 231.16	RMSE: 277.05
Epoch 054	LOSS: 197.21	MAE: 230.73	RMSE: 276.66
Epoch 055	LOSS: 198.00	MAE: 230.29	RMSE: 276.27
Epoch 056	LOSS: 200.30	MAE: 229.85	RMSE: 275.88
Epoch 057	LOSS: 199.31	MAE: 229.40	RMSE: 275.48
Epoch 058	LOSS: 197.34	MAE: 228.95	RMSE: 275.08
Epoch 059	LOSS: 196.96	MAE: 228.50	RMSE: 274.68
Epoch 060	LOSS: 197.70	MAE: 228.05	RMSE: 274.27
Epoch 061	LOSS: 197.24	MAE: 227.60	RMSE: 273.86
Epoch 062	LOSS: 198.78	MAE: 227.14	RMSE: 273.45
Epoch 063	LOSS: 193.53	MAE: 226.68	RMSE: 273.03
Epoch 064	LOSS: 195.26	MAE: 226.21	RMSE: 272.62
Epoch 065	LOSS: 196.01	MAE: 225.75	RMSE: 272.20
Epoch 066	LOSS: 196.29	MAE: 225.28	RMSE: 271.77
Epoch 067	LOSS: 195.10	MAE: 224.81	RMSE: 271.35
Epoch 068	LOSS: 194.58	MAE: 224.33	RMSE: 270.92
Epoch 069	LOSS: 190.02	MAE: 223.86	RMSE: 270.49
Epoch 070	LOSS: 193.88	MAE: 223.38	RMSE: 270.05
Epoch 071	LOSS: 193.66	MAE: 222.90	RMSE: 269.62
Epoch 072	LOSS: 191.63	MAE: 222.41	RMSE: 269.18
Epoch 073	LOSS: 189.98	MAE: 221.93	RMSE: 268.74
Epoch 074	LOSS: 195.18	MAE: 221.44	RMSE: 268.29
Epoch 075	LOSS: 193.19	MAE: 220.95	RMSE: 267.84
Epoch 076	LOSS: 190.11	MAE: 220.46	RMSE: 267.39
Epoch 077	LOSS: 187.71	MAE: 219.96	RMSE: 266.94
Epoch 078	LOSS: 189.53	MAE: 219.46	RMSE: 266.49
Epoch 079	LOSS: 189.20	MAE: 218.96	RMSE: 266.03
Epoch 080	LOSS: 188.94	MAE: 218.46	RMSE: 265.57
Epoch 081	LOSS: 188.72	MAE: 217.96	RMSE: 265.11
Epoch 082	LOSS: 184.17	MAE: 217.46	RMSE: 264.64
Epoch 083	LOSS: 187.83	MAE: 216.95	RMSE: 264.18
Epoch 084	LOSS: 187.46	MAE: 216.44	RMSE: 263.71
Epoch 085	LOSS: 184.33	MAE: 215.94	RMSE: 263.24
Epoch 086	LOSS: 184.85	MAE: 215.43	RMSE: 262.77
Epoch 087	LOSS: 189.30	MAE: 214.91	RMSE: 262.29
Epoch 088	LOSS: 184.67	MAE: 214.40	RMSE: 261.82
Epoch 089	LOSS: 184.66	MAE: 213.89	RMSE: 261.34
Epoch 090	LOSS: 186.82	MAE: 213.37	RMSE: 260.86
Epoch 091	LOSS: 182.44	MAE: 212.85	RMSE: 260.37
Epoch 092	LOSS: 183.11	MAE: 212.34	RMSE: 259.89
Epoch 093	LOSS: 178.91	MAE: 211.82	RMSE: 259.40
Epoch 094	LOSS: 180.64	MAE: 211.30	RMSE: 258.92
Epoch 095	LOSS: 181.22	MAE: 210.78	RMSE: 258.43
Epoch 096	LOSS: 179.80	MAE: 210.25	RMSE: 257.93
Epoch 097	LOSS: 180.39	MAE: 209.73	RMSE: 257.44
Epoch 098	LOSS: 180.97	MAE: 209.20	RMSE: 256.94
Epoch 099	LOSS: 178.29	MAE: 208.67	RMSE: 256.45
Epoch 100	LOSS: 179.90	MAE: 208.15	RMSE: 255.95
Epoch 101	LOSS: 181.91	MAE: 207.62	RMSE: 255.45
Epoch 102	LOSS: 177.69	MAE: 207.09	RMSE: 254.95
Epoch 103	LOSS: 174.91	MAE: 206.56	RMSE: 254.44
Epoch 104	LOSS: 178.05	MAE: 206.03	RMSE: 253.94
Epoch 105	LOSS: 176.75	MAE: 205.50	RMSE: 253.43
Epoch 106	LOSS: 175.82	MAE: 204.97	RMSE: 252.93
Epoch 107	LOSS: 173.48	MAE: 204.44	RMSE: 252.42
Epoch 108	LOSS: 175.12	MAE: 203.91	RMSE: 251.91
Epoch 109	LOSS: 174.68	MAE: 203.38	RMSE: 251.40
Epoch 110	LOSS: 172.80	MAE: 202.84	RMSE: 250.88
Epoch 111	LOSS: 174.59	MAE: 202.30	RMSE: 250.37
Epoch 112	LOSS: 171.39	MAE: 201.77	RMSE: 249.85
Epoch 113	LOSS: 174.39	MAE: 201.23	RMSE: 249.33
Epoch 114	LOSS: 175.56	MAE: 200.69	RMSE: 248.82
Epoch 115	LOSS: 173.42	MAE: 200.16	RMSE: 248.30
Epoch 116	LOSS: 169.57	MAE: 199.62	RMSE: 247.77
Epoch 117	LOSS: 171.85	MAE: 199.08	RMSE: 247.25
Epoch 118	LOSS: 165.87	MAE: 198.55	RMSE: 246.73
Epoch 119	LOSS: 170.07	MAE: 198.02	RMSE: 246.21
Epoch 120	LOSS: 169.01	MAE: 197.48	RMSE: 245.69
Epoch 121	LOSS: 165.18	MAE: 196.95	RMSE: 245.17
Epoch 122	LOSS: 171.07	MAE: 196.42	RMSE: 244.64
Epoch 123	LOSS: 166.98	MAE: 195.88	RMSE: 244.12
Epoch 124	LOSS: 166.80	MAE: 195.35	RMSE: 243.59
Epoch 125	LOSS: 168.77	MAE: 194.82	RMSE: 243.07
Epoch 126	LOSS: 169.11	MAE: 194.29	RMSE: 242.54
Epoch 127	LOSS: 164.16	MAE: 193.76	RMSE: 242.02
Epoch 128	LOSS: 165.37	MAE: 193.23	RMSE: 241.49
Epoch 129	LOSS: 161.33	MAE: 192.70	RMSE: 240.97
Epoch 130	LOSS: 162.41	MAE: 192.17	RMSE: 240.44
Epoch 131	LOSS: 164.02	MAE: 191.64	RMSE: 239.91
Epoch 132	LOSS: 164.53	MAE: 191.11	RMSE: 239.38
Epoch 133	LOSS: 165.12	MAE: 190.58	RMSE: 238.85
Epoch 134	LOSS: 161.50	MAE: 190.05	RMSE: 238.32
Epoch 135	LOSS: 162.37	MAE: 189.52	RMSE: 237.79
Epoch 136	LOSS: 161.58	MAE: 189.00	RMSE: 237.26
Epoch 137	LOSS: 162.71	MAE: 188.47	RMSE: 236.73
Epoch 138	LOSS: 157.97	MAE: 187.95	RMSE: 236.20
Epoch 139	LOSS: 159.74	MAE: 187.43	RMSE: 235.67
Epoch 140	LOSS: 158.96	MAE: 186.91	RMSE: 235.14
Epoch 141	LOSS: 159.52	MAE: 186.40	RMSE: 234.62
Epoch 142	LOSS: 156.12	MAE: 185.88	RMSE: 234.09
Epoch 143	LOSS: 158.01	MAE: 185.36	RMSE: 233.56
Epoch 144	LOSS: 156.87	MAE: 184.85	RMSE: 233.03
Epoch 145	LOSS: 152.65	MAE: 184.34	RMSE: 232.50
Epoch 146	LOSS: 155.47	MAE: 183.83	RMSE: 231.97
Epoch 147	LOSS: 154.60	MAE: 183.32	RMSE: 231.45
Epoch 148	LOSS: 155.67	MAE: 182.82	RMSE: 230.92
Epoch 149	LOSS: 153.83	MAE: 182.32	RMSE: 230.40
Epoch 150	LOSS: 156.25	MAE: 181.82	RMSE: 229.88
Epoch 151	LOSS: 154.13	MAE: 181.32	RMSE: 229.35
Epoch 152	LOSS: 153.98	MAE: 180.81	RMSE: 228.83
Epoch 153	LOSS: 153.48	MAE: 180.32	RMSE: 228.30
Epoch 154	LOSS: 153.51	MAE: 179.82	RMSE: 227.78
Epoch 155	LOSS: 154.18	MAE: 179.32	RMSE: 227.26
Epoch 156	LOSS: 153.23	MAE: 178.83	RMSE: 226.73
Epoch 157	LOSS: 151.90	MAE: 178.34	RMSE: 226.21
Epoch 158	LOSS: 151.60	MAE: 177.84	RMSE: 225.69
Epoch 159	LOSS: 150.53	MAE: 177.35	RMSE: 225.16
Epoch 160	LOSS: 149.26	MAE: 176.86	RMSE: 224.64
Epoch 161	LOSS: 151.68	MAE: 176.38	RMSE: 224.12
Epoch 162	LOSS: 146.79	MAE: 175.89	RMSE: 223.60
Epoch 163	LOSS: 148.37	MAE: 175.41	RMSE: 223.08
Epoch 164	LOSS: 148.23	MAE: 174.93	RMSE: 222.56
Epoch 165	LOSS: 150.00	MAE: 174.45	RMSE: 222.04
Epoch 166	LOSS: 149.07	MAE: 173.97	RMSE: 221.52
Epoch 167	LOSS: 145.45	MAE: 173.50	RMSE: 221.01
Epoch 168	LOSS: 148.61	MAE: 173.02	RMSE: 220.49
Epoch 169	LOSS: 146.60	MAE: 172.55	RMSE: 219.97
Epoch 170	LOSS: 146.55	MAE: 172.08	RMSE: 219.46
Epoch 171	LOSS: 148.68	MAE: 171.62	RMSE: 218.95
Epoch 172	LOSS: 144.07	MAE: 171.16	RMSE: 218.44
Epoch 173	LOSS: 147.12	MAE: 170.71	RMSE: 217.94
Epoch 174	LOSS: 146.45	MAE: 170.25	RMSE: 217.43
Epoch 175	LOSS: 146.56	MAE: 169.81	RMSE: 216.93
Epoch 176	LOSS: 144.54	MAE: 169.36	RMSE: 216.44
Epoch 177	LOSS: 144.28	MAE: 168.91	RMSE: 215.94
Epoch 178	LOSS: 143.39	MAE: 168.47	RMSE: 215.44
Epoch 179	LOSS: 142.34	MAE: 168.03	RMSE: 214.95
Epoch 180	LOSS: 141.17	MAE: 167.60	RMSE: 214.45
Epoch 181	LOSS: 143.35	MAE: 167.16	RMSE: 213.96
Epoch 182	LOSS: 141.46	MAE: 166.73	RMSE: 213.47
Epoch 183	LOSS: 140.72	MAE: 166.31	RMSE: 212.98
Epoch 184	LOSS: 140.98	MAE: 165.88	RMSE: 212.49
Epoch 185	LOSS: 141.03	MAE: 165.46	RMSE: 212.01
Epoch 186	LOSS: 139.90	MAE: 165.05	RMSE: 211.53
Epoch 187	LOSS: 140.10	MAE: 164.63	RMSE: 211.05
Epoch 188	LOSS: 137.63	MAE: 164.23	RMSE: 210.58
Epoch 189	LOSS: 139.29	MAE: 163.82	RMSE: 210.10
Epoch 190	LOSS: 139.37	MAE: 163.42	RMSE: 209.63
Epoch 191	LOSS: 140.87	MAE: 163.02	RMSE: 209.16
Epoch 192	LOSS: 138.80	MAE: 162.62	RMSE: 208.70
Epoch 193	LOSS: 138.87	MAE: 162.23	RMSE: 208.23
Epoch 194	LOSS: 139.72	MAE: 161.84	RMSE: 207.77
Epoch 195	LOSS: 136.83	MAE: 161.45	RMSE: 207.30
Epoch 196	LOSS: 139.96	MAE: 161.06	RMSE: 206.84
Epoch 197	LOSS: 136.15	MAE: 160.68	RMSE: 206.38
Epoch 198	LOSS: 136.27	MAE: 160.30	RMSE: 205.92
Epoch 199	LOSS: 136.17	MAE: 159.92	RMSE: 205.46
Epoch 200	LOSS: 136.53	MAE: 159.55	RMSE: 205.01
Epoch 201	LOSS: 135.78	MAE: 159.18	RMSE: 204.56
Epoch 202	LOSS: 136.75	MAE: 158.82	RMSE: 204.11
Epoch 203	LOSS: 136.18	MAE: 158.46	RMSE: 203.67
Epoch 204	LOSS: 133.56	MAE: 158.10	RMSE: 203.23
Epoch 205	LOSS: 133.03	MAE: 157.75	RMSE: 202.80
Epoch 206	LOSS: 134.57	MAE: 157.41	RMSE: 202.37
Epoch 207	LOSS: 136.61	MAE: 157.07	RMSE: 201.95
Epoch 208	LOSS: 134.38	MAE: 156.73	RMSE: 201.52
Epoch 209	LOSS: 133.30	MAE: 156.39	RMSE: 201.10
Epoch 210	LOSS: 133.48	MAE: 156.05	RMSE: 200.67
Epoch 211	LOSS: 132.78	MAE: 155.72	RMSE: 200.25
Epoch 212	LOSS: 132.67	MAE: 155.39	RMSE: 199.83
Epoch 213	LOSS: 132.66	MAE: 155.06	RMSE: 199.41
Epoch 214	LOSS: 130.17	MAE: 154.74	RMSE: 199.00
Epoch 215	LOSS: 132.68	MAE: 154.41	RMSE: 198.59
Epoch 216	LOSS: 133.54	MAE: 154.09	RMSE: 198.18
Epoch 217	LOSS: 129.40	MAE: 153.78	RMSE: 197.77
Epoch 218	LOSS: 131.41	MAE: 153.47	RMSE: 197.37
Epoch 219	LOSS: 131.38	MAE: 153.16	RMSE: 196.97
Epoch 220	LOSS: 131.51	MAE: 152.85	RMSE: 196.56
Epoch 221	LOSS: 131.51	MAE: 152.54	RMSE: 196.16
Epoch 222	LOSS: 130.15	MAE: 152.23	RMSE: 195.76
Epoch 223	LOSS: 130.22	MAE: 151.93	RMSE: 195.37
Epoch 224	LOSS: 131.92	MAE: 151.63	RMSE: 194.98
Epoch 225	LOSS: 130.87	MAE: 151.33	RMSE: 194.58
Epoch 226	LOSS: 128.83	MAE: 151.04	RMSE: 194.20
Epoch 227	LOSS: 131.20	MAE: 150.75	RMSE: 193.81
Epoch 228	LOSS: 127.94	MAE: 150.46	RMSE: 193.43
Epoch 229	LOSS: 129.20	MAE: 150.17	RMSE: 193.05
Epoch 230	LOSS: 131.54	MAE: 149.89	RMSE: 192.68
Epoch 231	LOSS: 125.98	MAE: 149.61	RMSE: 192.30
Epoch 232	LOSS: 128.38	MAE: 149.34	RMSE: 191.93
Epoch 233	LOSS: 126.68	MAE: 149.06	RMSE: 191.57
Epoch 234	LOSS: 128.36	MAE: 148.79	RMSE: 191.20
Epoch 235	LOSS: 127.15	MAE: 148.52	RMSE: 190.84
Epoch 236	LOSS: 127.21	MAE: 148.25	RMSE: 190.48
Epoch 237	LOSS: 126.91	MAE: 147.99	RMSE: 190.12
Epoch 238	LOSS: 127.37	MAE: 147.73	RMSE: 189.76
Epoch 239	LOSS: 128.65	MAE: 147.47	RMSE: 189.41
Epoch 240	LOSS: 125.77	MAE: 147.22	RMSE: 189.06
Epoch 241	LOSS: 128.38	MAE: 146.97	RMSE: 188.72
Epoch 242	LOSS: 127.19	MAE: 146.72	RMSE: 188.39
Epoch 243	LOSS: 127.21	MAE: 146.48	RMSE: 188.05
Epoch 244	LOSS: 127.68	MAE: 146.23	RMSE: 187.71
Epoch 245	LOSS: 125.08	MAE: 145.99	RMSE: 187.38
Epoch 246	LOSS: 126.52	MAE: 145.76	RMSE: 187.05
Epoch 247	LOSS: 126.69	MAE: 145.52	RMSE: 186.72
Epoch 248	LOSS: 126.39	MAE: 145.29	RMSE: 186.40
Epoch 249	LOSS: 127.33	MAE: 145.06	RMSE: 186.08
Epoch 250	LOSS: 124.09	MAE: 144.83	RMSE: 185.77
Epoch 251	LOSS: 125.81	MAE: 144.60	RMSE: 185.45
Epoch 252	LOSS: 125.70	MAE: 144.38	RMSE: 185.14
Epoch 253	LOSS: 126.21	MAE: 144.16	RMSE: 184.83
Epoch 254	LOSS: 125.75	MAE: 143.95	RMSE: 184.53
Epoch 255	LOSS: 124.24	MAE: 143.73	RMSE: 184.23
Epoch 256	LOSS: 124.86	MAE: 143.52	RMSE: 183.93
Epoch 257	LOSS: 124.68	MAE: 143.31	RMSE: 183.63
Epoch 258	LOSS: 124.00	MAE: 143.10	RMSE: 183.33
Epoch 259	LOSS: 124.58	MAE: 142.90	RMSE: 183.04
Epoch 260	LOSS: 124.88	MAE: 142.70	RMSE: 182.76
Epoch 261	LOSS: 123.20	MAE: 142.50	RMSE: 182.48
Epoch 262	LOSS: 124.40	MAE: 142.30	RMSE: 182.19
Epoch 263	LOSS: 124.24	MAE: 142.10	RMSE: 181.91
Epoch 264	LOSS: 123.49	MAE: 141.90	RMSE: 181.62
Epoch 265	LOSS: 122.74	MAE: 141.71	RMSE: 181.34
Epoch 266	LOSS: 121.25	MAE: 141.51	RMSE: 181.06
Epoch 267	LOSS: 124.40	MAE: 141.32	RMSE: 180.78
Epoch 268	LOSS: 124.68	MAE: 141.13	RMSE: 180.50
Epoch 269	LOSS: 123.35	MAE: 140.94	RMSE: 180.23
Epoch 270	LOSS: 123.43	MAE: 140.75	RMSE: 179.95
Epoch 271	LOSS: 124.42	MAE: 140.56	RMSE: 179.68
Epoch 272	LOSS: 123.24	MAE: 140.38	RMSE: 179.41
Epoch 273	LOSS: 123.50	MAE: 140.20	RMSE: 179.16
Epoch 274	LOSS: 123.71	MAE: 140.03	RMSE: 178.90
Epoch 275	LOSS: 121.46	MAE: 139.86	RMSE: 178.66
Epoch 276	LOSS: 122.95	MAE: 139.69	RMSE: 178.41
Epoch 277	LOSS: 122.25	MAE: 139.52	RMSE: 178.16
Epoch 278	LOSS: 121.43	MAE: 139.36	RMSE: 177.92
Epoch 279	LOSS: 122.41	MAE: 139.19	RMSE: 177.68
Epoch 280	LOSS: 121.32	MAE: 139.03	RMSE: 177.43
Epoch 281	LOSS: 122.95	MAE: 138.87	RMSE: 177.19
Epoch 282	LOSS: 123.74	MAE: 138.71	RMSE: 176.96
Epoch 283	LOSS: 121.03	MAE: 138.56	RMSE: 176.74
Epoch 284	LOSS: 121.76	MAE: 138.41	RMSE: 176.51
Epoch 285	LOSS: 121.55	MAE: 138.26	RMSE: 176.29
Epoch 286	LOSS: 122.25	MAE: 138.11	RMSE: 176.07
Epoch 287	LOSS: 121.06	MAE: 137.96	RMSE: 175.85
Epoch 288	LOSS: 121.42	MAE: 137.82	RMSE: 175.63
Epoch 289	LOSS: 120.48	MAE: 137.67	RMSE: 175.41
Epoch 290	LOSS: 120.32	MAE: 137.53	RMSE: 175.20
Epoch 291	LOSS: 120.63	MAE: 137.40	RMSE: 175.00
Epoch 292	LOSS: 121.22	MAE: 137.26	RMSE: 174.79
Epoch 293	LOSS: 119.55	MAE: 137.13	RMSE: 174.59
Epoch 294	LOSS: 120.69	MAE: 137.00	RMSE: 174.39
Epoch 295	LOSS: 120.86	MAE: 136.87	RMSE: 174.19
Epoch 296	LOSS: 120.15	MAE: 136.74	RMSE: 174.00
Epoch 297	LOSS: 120.48	MAE: 136.61	RMSE: 173.80
Epoch 298	LOSS: 120.21	MAE: 136.47	RMSE: 173.60
Epoch 299	LOSS: 120.40	MAE: 136.34	RMSE: 173.40
Epoch 300	LOSS: 121.05	MAE: 136.22	RMSE: 173.20
Epoch 301	LOSS: 120.49	MAE: 136.09	RMSE: 173.01
Epoch 302	LOSS: 120.87	MAE: 135.97	RMSE: 172.82
Epoch 303	LOSS: 120.54	MAE: 135.84	RMSE: 172.63
Epoch 304	LOSS: 120.63	MAE: 135.72	RMSE: 172.45
Epoch 305	LOSS: 119.47	MAE: 135.61	RMSE: 172.27
Epoch 306	LOSS: 119.94	MAE: 135.49	RMSE: 172.09
Epoch 307	LOSS: 121.43	MAE: 135.38	RMSE: 171.92
Epoch 308	LOSS: 119.12	MAE: 135.27	RMSE: 171.75
Epoch 309	LOSS: 119.76	MAE: 135.16	RMSE: 171.58
Epoch 310	LOSS: 119.89	MAE: 135.05	RMSE: 171.41
Epoch 311	LOSS: 119.82	MAE: 134.95	RMSE: 171.24
Epoch 312	LOSS: 120.51	MAE: 134.84	RMSE: 171.08
Epoch 313	LOSS: 119.02	MAE: 134.73	RMSE: 170.91
Epoch 314	LOSS: 119.76	MAE: 134.63	RMSE: 170.75
Epoch 315	LOSS: 120.63	MAE: 134.52	RMSE: 170.58
Epoch 316	LOSS: 119.99	MAE: 134.42	RMSE: 170.42
Epoch 317	LOSS: 119.68	MAE: 134.32	RMSE: 170.27
Epoch 318	LOSS: 119.44	MAE: 134.22	RMSE: 170.11
Epoch 319	LOSS: 118.07	MAE: 134.12	RMSE: 169.95
Epoch 320	LOSS: 118.69	MAE: 134.02	RMSE: 169.80
Epoch 321	LOSS: 118.53	MAE: 133.92	RMSE: 169.64
Epoch 322	LOSS: 118.82	MAE: 133.82	RMSE: 169.48
Epoch 323	LOSS: 117.68	MAE: 133.72	RMSE: 169.33
Epoch 324	LOSS: 119.16	MAE: 133.63	RMSE: 169.18
Epoch 325	LOSS: 119.00	MAE: 133.53	RMSE: 169.03
Epoch 326	LOSS: 118.20	MAE: 133.44	RMSE: 168.88
Epoch 327	LOSS: 119.75	MAE: 133.34	RMSE: 168.73
Epoch 328	LOSS: 118.42	MAE: 133.25	RMSE: 168.58
Epoch 329	LOSS: 118.77	MAE: 133.16	RMSE: 168.43
Epoch 330	LOSS: 118.76	MAE: 133.07	RMSE: 168.28
Epoch 331	LOSS: 119.87	MAE: 132.98	RMSE: 168.14
Epoch 332	LOSS: 118.29	MAE: 132.89	RMSE: 168.00
Epoch 333	LOSS: 118.84	MAE: 132.81	RMSE: 167.87
Epoch 334	LOSS: 118.95	MAE: 132.72	RMSE: 167.73
Epoch 335	LOSS: 117.27	MAE: 132.64	RMSE: 167.60
Epoch 336	LOSS: 118.91	MAE: 132.57	RMSE: 167.48
Epoch 337	LOSS: 118.54	MAE: 132.49	RMSE: 167.36
Epoch 338	LOSS: 119.71	MAE: 132.42	RMSE: 167.24
Epoch 339	LOSS: 118.62	MAE: 132.35	RMSE: 167.13
Epoch 340	LOSS: 117.91	MAE: 132.28	RMSE: 167.01
Epoch 341	LOSS: 118.27	MAE: 132.21	RMSE: 166.91
Epoch 342	LOSS: 118.05	MAE: 132.15	RMSE: 166.80
Epoch 343	LOSS: 119.13	MAE: 132.08	RMSE: 166.70
Epoch 344	LOSS: 119.39	MAE: 132.02	RMSE: 166.59
Epoch 345	LOSS: 118.75	MAE: 131.96	RMSE: 166.49
Epoch 346	LOSS: 118.02	MAE: 131.89	RMSE: 166.38
Epoch 347	LOSS: 119.35	MAE: 131.82	RMSE: 166.27
Epoch 348	LOSS: 119.11	MAE: 131.76	RMSE: 166.17
Epoch 349	LOSS: 118.34	MAE: 131.70	RMSE: 166.07
Epoch 350	LOSS: 118.07	MAE: 131.64	RMSE: 165.97
Epoch 351	LOSS: 117.70	MAE: 131.58	RMSE: 165.87
Epoch 352	LOSS: 118.43	MAE: 131.51	RMSE: 165.76
Epoch 353	LOSS: 118.47	MAE: 131.45	RMSE: 165.66
Epoch 354	LOSS: 118.64	MAE: 131.39	RMSE: 165.56
Epoch 355	LOSS: 118.31	MAE: 131.33	RMSE: 165.46
Epoch 356	LOSS: 118.07	MAE: 131.27	RMSE: 165.36
Epoch 357	LOSS: 117.57	MAE: 131.21	RMSE: 165.26
Epoch 358	LOSS: 116.69	MAE: 131.15	RMSE: 165.17
Epoch 359	LOSS: 116.73	MAE: 131.10	RMSE: 165.08
Epoch 360	LOSS: 118.07	MAE: 131.04	RMSE: 164.99
Epoch 361	LOSS: 118.64	MAE: 130.99	RMSE: 164.90
Epoch 362	LOSS: 118.08	MAE: 130.94	RMSE: 164.81
Epoch 363	LOSS: 118.45	MAE: 130.89	RMSE: 164.72
Epoch 364	LOSS: 118.40	MAE: 130.84	RMSE: 164.65
Epoch 365	LOSS: 119.12	MAE: 130.79	RMSE: 164.56
Epoch 366	LOSS: 117.44	MAE: 130.74	RMSE: 164.47
Epoch 367	LOSS: 118.09	MAE: 130.70	RMSE: 164.42
Epoch 368	LOSS: 117.87	MAE: 130.64	RMSE: 164.31
Epoch 369	LOSS: 118.42	MAE: 130.61	RMSE: 164.25
Epoch 370	LOSS: 117.27	MAE: 130.55	RMSE: 164.15
Epoch 371	LOSS: 118.24	MAE: 130.51	RMSE: 164.09
Epoch 372	LOSS: 118.30	MAE: 130.46	RMSE: 164.00
Epoch 373	LOSS: 116.98	MAE: 130.41	RMSE: 163.92
Epoch 374	LOSS: 119.06	MAE: 130.37	RMSE: 163.85
Epoch 375	LOSS: 118.52	MAE: 130.32	RMSE: 163.77
Epoch 376	LOSS: 117.56	MAE: 130.28	RMSE: 163.70
Epoch 377	LOSS: 119.04	MAE: 130.24	RMSE: 163.63
Epoch 378	LOSS: 116.91	MAE: 130.20	RMSE: 163.56
Epoch 379	LOSS: 117.49	MAE: 130.16	RMSE: 163.49
Epoch 380	LOSS: 118.41	MAE: 130.12	RMSE: 163.43
Epoch 381	LOSS: 118.05	MAE: 130.08	RMSE: 163.36
Epoch 382	LOSS: 117.79	MAE: 130.04	RMSE: 163.29
Epoch 383	LOSS: 118.13	MAE: 130.01	RMSE: 163.23
Epoch 384	LOSS: 119.46	MAE: 130.76	RMSE: 164.25
Epoch 385	LOSS: 117.48	MAE: 130.14	RMSE: 163.45
Epoch 386	LOSS: 117.53	MAE: 130.13	RMSE: 163.43
Epoch 387	LOSS: 117.72	MAE: 130.04	RMSE: 163.24
Epoch 388	LOSS: 118.89	MAE: 129.93	RMSE: 163.09
Epoch 389	LOSS: 117.41	MAE: 129.93	RMSE: 163.10
Epoch 390	LOSS: 117.93	MAE: 129.82	RMSE: 162.91
Epoch 391	LOSS: 117.93	MAE: 129.82	RMSE: 162.90
Epoch 392	LOSS: 118.52	MAE: 129.77	RMSE: 162.82
Epoch 393	LOSS: 118.21	MAE: 129.71	RMSE: 162.72
Epoch 394	LOSS: 117.40	MAE: 129.68	RMSE: 162.67
Epoch 395	LOSS: 117.34	MAE: 129.66	RMSE: 162.64
Epoch 396	LOSS: 118.09	MAE: 129.64	RMSE: 162.60
Epoch 397	LOSS: 118.89	MAE: 129.60	RMSE: 162.54
Epoch 398	LOSS: 116.58	MAE: 129.55	RMSE: 162.45
Epoch 399	LOSS: 117.35	MAE: 129.52	RMSE: 162.40
Epoch 400	LOSS: 117.52	MAE: 129.50	RMSE: 162.35
Epoch 401	LOSS: 118.31	MAE: 129.47	RMSE: 162.30
Epoch 402	LOSS: 117.09	MAE: 129.44	RMSE: 162.25
Epoch 403	LOSS: 117.97	MAE: 129.41	RMSE: 162.20
Epoch 404	LOSS: 117.19	MAE: 129.38	RMSE: 162.16
Epoch 405	LOSS: 117.76	MAE: 129.36	RMSE: 162.11
Epoch 406	LOSS: 118.02	MAE: 129.33	RMSE: 162.06
Epoch 407	LOSS: 117.23	MAE: 129.30	RMSE: 162.02
Epoch 408	LOSS: 117.74	MAE: 129.28	RMSE: 161.98
Epoch 409	LOSS: 117.43	MAE: 129.25	RMSE: 161.93
Epoch 410	LOSS: 117.33	MAE: 129.23	RMSE: 161.89
Epoch 411	LOSS: 116.68	MAE: 129.21	RMSE: 161.85
Epoch 412	LOSS: 117.49	MAE: 129.19	RMSE: 161.82
Epoch 413	LOSS: 117.26	MAE: 129.16	RMSE: 161.77
Epoch 414	LOSS: 117.67	MAE: 129.15	RMSE: 161.80
Epoch 415	LOSS: 117.29	MAE: 129.19	RMSE: 161.96
Epoch 416	LOSS: 116.21	MAE: 129.26	RMSE: 162.14
Epoch 417	LOSS: 118.10	MAE: 129.28	RMSE: 162.39
Epoch 418	LOSS: 117.82	MAE: 129.10	RMSE: 161.66
Epoch 419	LOSS: 116.73	MAE: 129.11	RMSE: 161.67
Epoch 420	LOSS: 116.96	MAE: 129.10	RMSE: 161.65
Epoch 421	LOSS: 117.99	MAE: 129.10	RMSE: 161.65
Epoch 422	LOSS: 117.54	MAE: 129.12	RMSE: 161.68
Epoch 423	LOSS: 116.81	MAE: 129.14	RMSE: 161.71
Epoch 424	LOSS: 118.63	MAE: 129.16	RMSE: 161.74
Epoch 425	LOSS: 117.63	MAE: 129.20	RMSE: 161.81
Epoch 426	LOSS: 117.70	MAE: 129.35	RMSE: 162.05
Epoch 427	LOSS: 116.65	MAE: 129.72	RMSE: 162.64
Epoch 428	LOSS: 117.24	MAE: 131.25	RMSE: 164.99
Epoch 429	LOSS: 114.66	MAE: 134.54	RMSE: 170.07
Epoch 430	LOSS: 115.48	MAE: 137.41	RMSE: 175.30
Epoch 431	LOSS: 112.91	MAE: 140.62	RMSE: 180.32
Epoch 432	LOSS: 111.48	MAE: 129.25	RMSE: 164.39
Epoch 433	LOSS: 109.40	MAE: 128.52	RMSE: 165.49
Epoch 434	LOSS: 104.58	MAE: 125.07	RMSE: 161.64
Epoch 435	LOSS: 103.46	MAE: 123.52	RMSE: 159.12
Epoch 436	LOSS: 107.40	MAE: 126.38	RMSE: 161.42
Epoch 437	LOSS: 105.05	MAE: 122.73	RMSE: 157.74
Epoch 438	LOSS: 104.38	MAE: 122.84	RMSE: 158.06
Epoch 439	LOSS: 104.41	MAE: 122.21	RMSE: 157.76
Epoch 440	LOSS: 100.81	MAE: 123.93	RMSE: 160.24
Epoch 441	LOSS: 103.68	MAE: 121.75	RMSE: 156.94
Epoch 442	LOSS: 100.86	MAE: 121.28	RMSE: 156.24
Epoch 443	LOSS: 100.86	MAE: 120.82	RMSE: 155.65
Epoch 444	LOSS: 104.49	MAE: 121.08	RMSE: 155.51
Epoch 445	LOSS: 105.96	MAE: 121.74	RMSE: 155.67
Epoch 446	LOSS: 101.43	MAE: 120.44	RMSE: 154.81
Epoch 447	LOSS: 101.77	MAE: 119.93	RMSE: 154.53
Epoch 448	LOSS: 101.65	MAE: 120.31	RMSE: 154.94
Epoch 449	LOSS: 101.24	MAE: 120.38	RMSE: 155.04
Epoch 450	LOSS: 101.21	MAE: 119.82	RMSE: 154.43
Epoch 451	LOSS: 100.83	MAE: 119.79	RMSE: 154.24
Epoch 452	LOSS: 102.80	MAE: 119.93	RMSE: 154.44
Epoch 453	LOSS: 101.40	MAE: 120.44	RMSE: 155.48
Epoch 454	LOSS: 101.89	MAE: 121.06	RMSE: 156.72
Epoch 455	LOSS: 100.76	MAE: 119.11	RMSE: 153.46
Epoch 456	LOSS: 101.12	MAE: 119.01	RMSE: 153.17
Epoch 457	LOSS: 100.68	MAE: 119.19	RMSE: 153.24
Epoch 458	LOSS: 98.79	MAE: 119.23	RMSE: 153.28
Epoch 459	LOSS: 100.20	MAE: 119.70	RMSE: 154.10
Epoch 460	LOSS: 99.39	MAE: 118.66	RMSE: 153.00
Epoch 461	LOSS: 100.63	MAE: 118.87	RMSE: 153.51
Epoch 462	LOSS: 99.26	MAE: 119.64	RMSE: 154.76
Epoch 463	LOSS: 97.77	MAE: 118.38	RMSE: 152.76
Epoch 464	LOSS: 98.31	MAE: 118.26	RMSE: 152.58
Epoch 465	LOSS: 98.80	MAE: 118.00	RMSE: 152.24
Epoch 466	LOSS: 97.97	MAE: 118.06	RMSE: 152.48
Epoch 467	LOSS: 99.36	MAE: 117.23	RMSE: 150.82
Epoch 468	LOSS: 98.94	MAE: 120.94	RMSE: 156.69
Epoch 469	LOSS: 94.91	MAE: 117.24	RMSE: 151.29
Epoch 470	LOSS: 94.38	MAE: 116.96	RMSE: 150.93
Epoch 471	LOSS: 97.37	MAE: 118.53	RMSE: 153.46
Epoch 472	LOSS: 95.05	MAE: 116.46	RMSE: 150.25
Epoch 473	LOSS: 95.61	MAE: 116.26	RMSE: 149.91
Epoch 474	LOSS: 95.33	MAE: 116.39	RMSE: 150.20
Epoch 475	LOSS: 94.69	MAE: 115.76	RMSE: 149.05
Epoch 476	LOSS: 94.74	MAE: 115.58	RMSE: 148.95
Epoch 477	LOSS: 94.29	MAE: 115.32	RMSE: 148.58
Epoch 478	LOSS: 94.07	MAE: 115.16	RMSE: 148.36
Epoch 479	LOSS: 93.74	MAE: 115.01	RMSE: 147.88
Epoch 480	LOSS: 94.47	MAE: 115.61	RMSE: 148.74
Epoch 481	LOSS: 95.33	MAE: 115.21	RMSE: 147.67
Epoch 482	LOSS: 94.46	MAE: 115.41	RMSE: 148.35
Epoch 483	LOSS: 93.49	MAE: 115.03	RMSE: 147.94
Epoch 484	LOSS: 94.76	MAE: 114.80	RMSE: 147.30
Epoch 485	LOSS: 93.49	MAE: 114.80	RMSE: 147.90
Epoch 486	LOSS: 93.35	MAE: 114.87	RMSE: 148.02
Epoch 487	LOSS: 93.19	MAE: 114.33	RMSE: 146.99
Epoch 488	LOSS: 94.14	MAE: 114.33	RMSE: 147.09
Epoch 489	LOSS: 93.15	MAE: 115.10	RMSE: 148.37
Epoch 490	LOSS: 93.20	MAE: 114.96	RMSE: 148.19
Epoch 491	LOSS: 92.38	MAE: 114.53	RMSE: 147.45
Epoch 492	LOSS: 91.44	MAE: 114.93	RMSE: 148.17
Epoch 493	LOSS: 91.88	MAE: 116.44	RMSE: 150.79
Epoch 494	LOSS: 91.86	MAE: 117.11	RMSE: 151.97
Epoch 495	LOSS: 90.84	MAE: 118.21	RMSE: 153.73
Epoch 496	LOSS: 91.10	MAE: 118.41	RMSE: 154.07
Epoch 497	LOSS: 92.39	MAE: 117.64	RMSE: 152.51
Epoch 498	LOSS: 91.27	MAE: 117.12	RMSE: 151.51
Epoch 499	LOSS: 91.60	MAE: 117.52	RMSE: 152.24
