Epoch 000	LOSS: 449.13	MAE: 255.18	RMSE: 298.06
Epoch 001	LOSS: 448.63	MAE: 255.15	RMSE: 298.03
Epoch 002	LOSS: 446.60	MAE: 255.09	RMSE: 297.98
Epoch 003	LOSS: 448.09	MAE: 255.00	RMSE: 297.90
Epoch 004	LOSS: 440.98	MAE: 254.87	RMSE: 297.78
Epoch 005	LOSS: 438.26	MAE: 254.67	RMSE: 297.60
Epoch 006	LOSS: 439.03	MAE: 254.37	RMSE: 297.33
Epoch 007	LOSS: 436.62	MAE: 253.94	RMSE: 296.96
Epoch 008	LOSS: 431.58	MAE: 253.33	RMSE: 296.43
Epoch 009	LOSS: 440.40	MAE: 252.45	RMSE: 295.67
Epoch 010	LOSS: 419.88	MAE: 251.11	RMSE: 294.51
Epoch 011	LOSS: 420.84	MAE: 249.01	RMSE: 292.69
Epoch 012	LOSS: 411.74	MAE: 246.42	RMSE: 290.45
Epoch 013	LOSS: 393.92	MAE: 243.42	RMSE: 287.84
Epoch 014	LOSS: 379.99	MAE: 240.10	RMSE: 284.92
Epoch 015	LOSS: 370.81	MAE: 236.52	RMSE: 281.75
Epoch 016	LOSS: 364.15	MAE: 232.82	RMSE: 278.42
Epoch 017	LOSS: 346.18	MAE: 228.95	RMSE: 274.89
Epoch 018	LOSS: 321.59	MAE: 225.02	RMSE: 271.26
Epoch 019	LOSS: 302.31	MAE: 221.03	RMSE: 267.50
Epoch 020	LOSS: 278.96	MAE: 217.30	RMSE: 263.93
Epoch 021	LOSS: 259.42	MAE: 213.46	RMSE: 260.14
Epoch 022	LOSS: 242.08	MAE: 210.03	RMSE: 256.60
Epoch 023	LOSS: 227.70	MAE: 206.82	RMSE: 253.18
Epoch 024	LOSS: 216.33	MAE: 204.04	RMSE: 250.08
Epoch 025	LOSS: 206.63	MAE: 201.24	RMSE: 246.95
Epoch 026	LOSS: 202.12	MAE: 199.40	RMSE: 244.74
Epoch 027	LOSS: 195.60	MAE: 198.64	RMSE: 243.64
Epoch 028	LOSS: 191.23	MAE: 199.14	RMSE: 243.88
Epoch 029	LOSS: 187.87	MAE: 199.43	RMSE: 244.05
Epoch 030	LOSS: 184.16	MAE: 200.48	RMSE: 245.11
Epoch 031	LOSS: 177.93	MAE: 201.64	RMSE: 246.33
Epoch 032	LOSS: 173.55	MAE: 202.93	RMSE: 247.65
Epoch 033	LOSS: 173.65	MAE: 204.42	RMSE: 249.14
Epoch 034	LOSS: 173.49	MAE: 205.72	RMSE: 250.46
Epoch 035	LOSS: 174.02	MAE: 206.78	RMSE: 251.61
Epoch 036	LOSS: 171.94	MAE: 207.47	RMSE: 252.43
Epoch 037	LOSS: 171.87	MAE: 207.87	RMSE: 253.05
Epoch 038	LOSS: 169.21	MAE: 208.11	RMSE: 253.54
Epoch 039	LOSS: 173.30	MAE: 208.35	RMSE: 254.06
Epoch 040	LOSS: 169.12	MAE: 208.54	RMSE: 254.54
Epoch 041	LOSS: 171.14	MAE: 208.77	RMSE: 254.99
Epoch 042	LOSS: 167.99	MAE: 209.14	RMSE: 255.55
Epoch 043	LOSS: 172.61	MAE: 209.49	RMSE: 256.01
Epoch 044	LOSS: 169.24	MAE: 209.96	RMSE: 256.53
Epoch 045	LOSS: 169.62	MAE: 210.33	RMSE: 256.87
Epoch 046	LOSS: 168.34	MAE: 210.72	RMSE: 257.20
Epoch 047	LOSS: 169.79	MAE: 211.01	RMSE: 257.51
Epoch 048	LOSS: 170.38	MAE: 211.26	RMSE: 257.82
Epoch 049	LOSS: 167.12	MAE: 211.34	RMSE: 258.00
Epoch 050	LOSS: 171.40	MAE: 211.43	RMSE: 258.17
Epoch 051	LOSS: 164.31	MAE: 211.46	RMSE: 258.27
Epoch 052	LOSS: 167.38	MAE: 211.51	RMSE: 258.38
Epoch 053	LOSS: 167.09	MAE: 211.56	RMSE: 258.47
Epoch 054	LOSS: 171.00	MAE: 211.57	RMSE: 258.49
Epoch 055	LOSS: 167.78	MAE: 211.52	RMSE: 258.47
Epoch 056	LOSS: 167.43	MAE: 211.46	RMSE: 258.46
Epoch 057	LOSS: 165.44	MAE: 211.38	RMSE: 258.38
Epoch 058	LOSS: 167.61	MAE: 211.38	RMSE: 258.29
Epoch 059	LOSS: 164.47	MAE: 211.47	RMSE: 258.27
Epoch 060	LOSS: 165.47	MAE: 211.36	RMSE: 258.22
Epoch 061	LOSS: 165.64	MAE: 211.35	RMSE: 258.23
Epoch 062	LOSS: 168.98	MAE: 211.38	RMSE: 258.24
Epoch 063	LOSS: 167.73	MAE: 211.32	RMSE: 258.25
Epoch 064	LOSS: 161.64	MAE: 211.27	RMSE: 258.25
Epoch 065	LOSS: 165.63	MAE: 211.21	RMSE: 258.22
Epoch 066	LOSS: 163.62	MAE: 211.15	RMSE: 258.21
Epoch 067	LOSS: 165.32	MAE: 211.21	RMSE: 258.26
Epoch 068	LOSS: 163.14	MAE: 211.23	RMSE: 258.26
Epoch 069	LOSS: 166.87	MAE: 211.18	RMSE: 258.25
Epoch 070	LOSS: 166.24	MAE: 211.17	RMSE: 258.26
Epoch 071	LOSS: 164.10	MAE: 211.19	RMSE: 258.31
Epoch 072	LOSS: 163.09	MAE: 211.11	RMSE: 258.33
Epoch 073	LOSS: 163.92	MAE: 211.04	RMSE: 258.31
Epoch 074	LOSS: 160.54	MAE: 211.06	RMSE: 258.27
Epoch 075	LOSS: 162.03	MAE: 211.07	RMSE: 258.21
Epoch 076	LOSS: 163.50	MAE: 211.06	RMSE: 258.19
Epoch 077	LOSS: 164.83	MAE: 210.99	RMSE: 258.12
Epoch 078	LOSS: 162.21	MAE: 210.93	RMSE: 258.06
Epoch 079	LOSS: 166.08	MAE: 210.84	RMSE: 257.98
Epoch 080	LOSS: 161.55	MAE: 210.72	RMSE: 257.92
Epoch 081	LOSS: 162.90	MAE: 210.66	RMSE: 257.84
Epoch 082	LOSS: 162.10	MAE: 210.61	RMSE: 257.78
Epoch 083	LOSS: 159.06	MAE: 210.61	RMSE: 257.77
Epoch 084	LOSS: 165.25	MAE: 210.63	RMSE: 257.80
Epoch 085	LOSS: 163.23	MAE: 210.73	RMSE: 257.89
Epoch 086	LOSS: 163.25	MAE: 210.71	RMSE: 257.97
Epoch 087	LOSS: 164.25	MAE: 210.62	RMSE: 258.03
Epoch 088	LOSS: 161.59	MAE: 210.50	RMSE: 258.00
Epoch 089	LOSS: 161.41	MAE: 210.49	RMSE: 257.95
Epoch 090	LOSS: 157.82	MAE: 210.50	RMSE: 257.99
Epoch 091	LOSS: 160.40	MAE: 210.53	RMSE: 257.97
Epoch 092	LOSS: 158.86	MAE: 210.54	RMSE: 257.92
Epoch 093	LOSS: 158.68	MAE: 210.35	RMSE: 257.82
Epoch 094	LOSS: 154.72	MAE: 210.26	RMSE: 257.76
Epoch 095	LOSS: 154.62	MAE: 210.23	RMSE: 257.74
Epoch 096	LOSS: 156.25	MAE: 210.21	RMSE: 257.69
Epoch 097	LOSS: 153.07	MAE: 210.02	RMSE: 257.57
Epoch 098	LOSS: 156.96	MAE: 210.00	RMSE: 257.56
Epoch 099	LOSS: 156.54	MAE: 210.05	RMSE: 257.62
Epoch 100	LOSS: 155.45	MAE: 209.89	RMSE: 257.57
Epoch 101	LOSS: 153.04	MAE: 209.75	RMSE: 257.55
Epoch 102	LOSS: 153.13	MAE: 209.60	RMSE: 257.52
Epoch 103	LOSS: 153.67	MAE: 209.57	RMSE: 257.45
Epoch 104	LOSS: 151.88	MAE: 209.40	RMSE: 257.36
Epoch 105	LOSS: 148.26	MAE: 209.14	RMSE: 257.22
Epoch 106	LOSS: 150.95	MAE: 209.05	RMSE: 257.11
Epoch 107	LOSS: 148.76	MAE: 209.08	RMSE: 257.03
Epoch 108	LOSS: 150.49	MAE: 208.99	RMSE: 256.86
Epoch 109	LOSS: 148.22	MAE: 208.68	RMSE: 256.63
Epoch 110	LOSS: 148.43	MAE: 208.49	RMSE: 256.54
Epoch 111	LOSS: 145.86	MAE: 208.20	RMSE: 256.47
Epoch 112	LOSS: 142.92	MAE: 207.85	RMSE: 256.34
Epoch 113	LOSS: 141.53	MAE: 207.57	RMSE: 256.01
Epoch 114	LOSS: 141.52	MAE: 207.68	RMSE: 256.03
Epoch 115	LOSS: 140.61	MAE: 207.81	RMSE: 256.09
Epoch 116	LOSS: 144.64	MAE: 207.46	RMSE: 255.85
Epoch 117	LOSS: 140.94	MAE: 206.98	RMSE: 255.51
Epoch 118	LOSS: 136.55	MAE: 206.66	RMSE: 255.28
Epoch 119	LOSS: 138.35	MAE: 206.66	RMSE: 255.36
Epoch 120	LOSS: 138.36	MAE: 206.72	RMSE: 255.46
Epoch 121	LOSS: 138.60	MAE: 206.72	RMSE: 255.47
Epoch 122	LOSS: 135.95	MAE: 206.54	RMSE: 255.35
Epoch 123	LOSS: 135.89	MAE: 206.23	RMSE: 255.15
Epoch 124	LOSS: 132.61	MAE: 205.78	RMSE: 254.86
Epoch 125	LOSS: 133.86	MAE: 205.55	RMSE: 254.68
Epoch 126	LOSS: 133.54	MAE: 205.44	RMSE: 254.62
Epoch 127	LOSS: 130.28	MAE: 205.46	RMSE: 254.66
Epoch 128	LOSS: 131.66	MAE: 205.60	RMSE: 254.73
Epoch 129	LOSS: 128.38	MAE: 205.47	RMSE: 254.66
Epoch 130	LOSS: 126.68	MAE: 205.07	RMSE: 254.49
Epoch 131	LOSS: 126.78	MAE: 204.83	RMSE: 254.37
Epoch 132	LOSS: 126.61	MAE: 204.73	RMSE: 254.31
Epoch 133	LOSS: 125.68	MAE: 204.57	RMSE: 254.25
Epoch 134	LOSS: 123.17	MAE: 204.41	RMSE: 254.16
Epoch 135	LOSS: 125.80	MAE: 204.31	RMSE: 254.06
Epoch 136	LOSS: 121.73	MAE: 203.97	RMSE: 253.87
Epoch 137	LOSS: 122.26	MAE: 203.71	RMSE: 253.73
Epoch 138	LOSS: 119.29	MAE: 203.59	RMSE: 253.69
Epoch 139	LOSS: 118.16	MAE: 203.34	RMSE: 253.59
Epoch 140	LOSS: 116.35	MAE: 203.10	RMSE: 253.47
Epoch 141	LOSS: 118.87	MAE: 202.91	RMSE: 253.34
Epoch 142	LOSS: 115.31	MAE: 202.68	RMSE: 253.18
Epoch 143	LOSS: 116.16	MAE: 202.41	RMSE: 253.03
Epoch 144	LOSS: 113.76	MAE: 202.27	RMSE: 252.97
Epoch 145	LOSS: 116.81	MAE: 202.45	RMSE: 253.03
Epoch 146	LOSS: 115.49	MAE: 202.41	RMSE: 252.96
Epoch 147	LOSS: 110.43	MAE: 201.93	RMSE: 252.72
Epoch 148	LOSS: 111.79	MAE: 201.55	RMSE: 252.54
Epoch 149	LOSS: 110.87	MAE: 201.21	RMSE: 252.38
Epoch 150	LOSS: 109.14	MAE: 200.98	RMSE: 252.26
Epoch 151	LOSS: 107.98	MAE: 200.72	RMSE: 252.06
Epoch 152	LOSS: 107.22	MAE: 200.65	RMSE: 251.95
Epoch 153	LOSS: 107.09	MAE: 200.46	RMSE: 251.87
Epoch 154	LOSS: 105.76	MAE: 200.16	RMSE: 251.75
Epoch 155	LOSS: 104.57	MAE: 199.97	RMSE: 251.63
Epoch 156	LOSS: 103.24	MAE: 199.73	RMSE: 251.51
Epoch 157	LOSS: 101.81	MAE: 199.52	RMSE: 251.42
Epoch 158	LOSS: 101.13	MAE: 199.18	RMSE: 251.31
Epoch 159	LOSS: 100.75	MAE: 199.09	RMSE: 251.27
Epoch 160	LOSS: 98.90	MAE: 199.00	RMSE: 251.19
Epoch 161	LOSS: 98.17	MAE: 198.95	RMSE: 251.20
Epoch 162	LOSS: 97.88	MAE: 198.94	RMSE: 251.18
Epoch 163	LOSS: 97.47	MAE: 198.83	RMSE: 251.11
Epoch 164	LOSS: 97.83	MAE: 198.74	RMSE: 250.99
Epoch 165	LOSS: 97.20	MAE: 198.64	RMSE: 250.91
Epoch 166	LOSS: 98.00	MAE: 198.48	RMSE: 250.82
Epoch 167	LOSS: 95.10	MAE: 198.20	RMSE: 250.71
Epoch 168	LOSS: 93.32	MAE: 198.18	RMSE: 250.71
Epoch 169	LOSS: 93.89	MAE: 198.32	RMSE: 250.81
Epoch 170	LOSS: 93.14	MAE: 198.07	RMSE: 250.78
Epoch 171	LOSS: 92.71	MAE: 197.96	RMSE: 250.77
Epoch 172	LOSS: 92.07	MAE: 197.78	RMSE: 250.70
Epoch 173	LOSS: 90.25	MAE: 197.64	RMSE: 250.65
Epoch 174	LOSS: 89.61	MAE: 197.43	RMSE: 250.59
Epoch 175	LOSS: 88.85	MAE: 197.41	RMSE: 250.61
Epoch 176	LOSS: 87.97	MAE: 197.37	RMSE: 250.61
Epoch 177	LOSS: 88.11	MAE: 197.34	RMSE: 250.65
Epoch 178	LOSS: 86.81	MAE: 197.23	RMSE: 250.66
Epoch 179	LOSS: 86.33	MAE: 197.12	RMSE: 250.68
Epoch 180	LOSS: 85.36	MAE: 197.08	RMSE: 250.76
Epoch 181	LOSS: 85.13	MAE: 197.19	RMSE: 250.88
Epoch 182	LOSS: 85.55	MAE: 197.32	RMSE: 251.03
Epoch 183	LOSS: 84.01	MAE: 197.34	RMSE: 251.12
Epoch 184	LOSS: 83.42	MAE: 197.34	RMSE: 251.18
Epoch 185	LOSS: 84.40	MAE: 197.40	RMSE: 251.27
Epoch 186	LOSS: 84.61	MAE: 197.63	RMSE: 251.39
Epoch 187	LOSS: 83.99	MAE: 197.70	RMSE: 251.47
Epoch 188	LOSS: 84.24	MAE: 197.65	RMSE: 251.52
Epoch 189	LOSS: 82.68	MAE: 197.45	RMSE: 251.56
Epoch 190	LOSS: 80.77	MAE: 197.31	RMSE: 251.60
Epoch 191	LOSS: 80.13	MAE: 197.31	RMSE: 251.67
Epoch 192	LOSS: 80.72	MAE: 197.29	RMSE: 251.69
Epoch 193	LOSS: 80.68	MAE: 197.44	RMSE: 251.76
Epoch 194	LOSS: 81.49	MAE: 197.72	RMSE: 251.87
Epoch 195	LOSS: 81.46	MAE: 197.74	RMSE: 251.86
Epoch 196	LOSS: 81.09	MAE: 197.69	RMSE: 251.89
Epoch 197	LOSS: 79.50	MAE: 197.49	RMSE: 251.87
Epoch 198	LOSS: 79.64	MAE: 197.30	RMSE: 251.77
Epoch 199	LOSS: 78.62	MAE: 197.21	RMSE: 251.75
Epoch 200	LOSS: 78.48	MAE: 197.33	RMSE: 251.93
Epoch 201	LOSS: 77.19	MAE: 197.38	RMSE: 252.05
Epoch 202	LOSS: 77.92	MAE: 197.38	RMSE: 252.14
Epoch 203	LOSS: 77.73	MAE: 197.53	RMSE: 252.25
Epoch 204	LOSS: 78.51	MAE: 197.62	RMSE: 252.30
Epoch 205	LOSS: 78.14	MAE: 197.61	RMSE: 252.27
Epoch 206	LOSS: 78.10	MAE: 197.59	RMSE: 252.26
Epoch 207	LOSS: 77.96	MAE: 197.49	RMSE: 252.24
Epoch 208	LOSS: 76.40	MAE: 197.40	RMSE: 252.24
Epoch 209	LOSS: 76.15	MAE: 197.30	RMSE: 252.24
Epoch 210	LOSS: 75.47	MAE: 197.24	RMSE: 252.28
Epoch 211	LOSS: 76.09	MAE: 197.23	RMSE: 252.35
Epoch 212	LOSS: 76.04	MAE: 197.26	RMSE: 252.42
Epoch 213	LOSS: 75.80	MAE: 197.34	RMSE: 252.45
Epoch 214	LOSS: 76.17	MAE: 197.44	RMSE: 252.50
Epoch 215	LOSS: 75.71	MAE: 197.40	RMSE: 252.52
Epoch 216	LOSS: 76.39	MAE: 197.37	RMSE: 252.55
Epoch 217	LOSS: 76.24	MAE: 197.46	RMSE: 252.60
Epoch 218	LOSS: 74.57	MAE: 197.55	RMSE: 252.63
Epoch 219	LOSS: 75.07	MAE: 197.56	RMSE: 252.63
Epoch 220	LOSS: 75.36	MAE: 197.84	RMSE: 252.73
Epoch 221	LOSS: 76.57	MAE: 197.85	RMSE: 252.73
Epoch 222	LOSS: 75.81	MAE: 197.77	RMSE: 252.73
Epoch 223	LOSS: 75.20	MAE: 197.72	RMSE: 252.74
Epoch 224	LOSS: 76.19	MAE: 197.70	RMSE: 252.73
Epoch 225	LOSS: 75.05	MAE: 197.62	RMSE: 252.66
Epoch 226	LOSS: 75.23	MAE: 197.61	RMSE: 252.63
Epoch 227	LOSS: 75.47	MAE: 197.54	RMSE: 252.64
Epoch 228	LOSS: 75.43	MAE: 197.47	RMSE: 252.68
Epoch 229	LOSS: 74.09	MAE: 197.38	RMSE: 252.67
Epoch 230	LOSS: 74.32	MAE: 197.49	RMSE: 252.69
Epoch 231	LOSS: 75.62	MAE: 197.62	RMSE: 252.73
Epoch 232	LOSS: 74.85	MAE: 197.49	RMSE: 252.72
Epoch 233	LOSS: 73.33	MAE: 197.40	RMSE: 252.71
Epoch 234	LOSS: 73.43	MAE: 197.36	RMSE: 252.69
Epoch 235	LOSS: 73.55	MAE: 197.39	RMSE: 252.69
Epoch 236	LOSS: 73.97	MAE: 197.34	RMSE: 252.70
Epoch 237	LOSS: 73.71	MAE: 197.22	RMSE: 252.64
Epoch 238	LOSS: 73.97	MAE: 197.13	RMSE: 252.59
Epoch 239	LOSS: 74.62	MAE: 197.16	RMSE: 252.59
Epoch 240	LOSS: 74.85	MAE: 197.16	RMSE: 252.57
Epoch 241	LOSS: 73.71	MAE: 197.22	RMSE: 252.56
Epoch 242	LOSS: 74.09	MAE: 197.36	RMSE: 252.59
Epoch 243	LOSS: 73.86	MAE: 197.41	RMSE: 252.64
Epoch 244	LOSS: 75.73	MAE: 197.45	RMSE: 252.70
Epoch 245	LOSS: 75.14	MAE: 197.44	RMSE: 252.72
Epoch 246	LOSS: 74.36	MAE: 197.35	RMSE: 252.70
Epoch 247	LOSS: 73.08	MAE: 197.32	RMSE: 252.68
Epoch 248	LOSS: 72.52	MAE: 197.30	RMSE: 252.70
Epoch 249	LOSS: 73.89	MAE: 197.27	RMSE: 252.71
Epoch 250	LOSS: 73.62	MAE: 197.24	RMSE: 252.73
Epoch 251	LOSS: 72.91	MAE: 197.26	RMSE: 252.75
Epoch 252	LOSS: 73.51	MAE: 197.30	RMSE: 252.78
Epoch 253	LOSS: 74.64	MAE: 197.42	RMSE: 252.81
Epoch 254	LOSS: 73.91	MAE: 197.41	RMSE: 252.79
Epoch 255	LOSS: 73.58	MAE: 197.41	RMSE: 252.81
Epoch 256	LOSS: 73.24	MAE: 197.34	RMSE: 252.81
Epoch 257	LOSS: 73.17	MAE: 197.28	RMSE: 252.80
Epoch 258	LOSS: 73.29	MAE: 197.29	RMSE: 252.81
Epoch 259	LOSS: 73.09	MAE: 197.29	RMSE: 252.81
Epoch 260	LOSS: 73.60	MAE: 197.40	RMSE: 252.84
Epoch 261	LOSS: 74.57	MAE: 197.69	RMSE: 252.95
Epoch 262	LOSS: 75.26	MAE: 197.67	RMSE: 252.93
Epoch 263	LOSS: 73.84	MAE: 197.52	RMSE: 252.86
Epoch 264	LOSS: 73.56	MAE: 197.52	RMSE: 252.86
Epoch 265	LOSS: 72.24	MAE: 197.43	RMSE: 252.87
Epoch 266	LOSS: 72.32	MAE: 197.40	RMSE: 252.93
Epoch 267	LOSS: 71.80	MAE: 197.45	RMSE: 252.97
Epoch 268	LOSS: 73.07	MAE: 197.53	RMSE: 253.02
Epoch 269	LOSS: 73.83	MAE: 197.60	RMSE: 253.03
Epoch 270	LOSS: 73.90	MAE: 197.58	RMSE: 253.02
Epoch 271	LOSS: 72.84	MAE: 197.51	RMSE: 252.98
Epoch 272	LOSS: 73.29	MAE: 197.49	RMSE: 252.96
Epoch 273	LOSS: 73.24	MAE: 197.49	RMSE: 252.98
Epoch 274	LOSS: 72.81	MAE: 197.43	RMSE: 252.97
Epoch 275	LOSS: 72.79	MAE: 197.46	RMSE: 252.95
Epoch 276	LOSS: 71.81	MAE: 197.42	RMSE: 252.90
Epoch 277	LOSS: 72.98	MAE: 197.22	RMSE: 252.76
Epoch 278	LOSS: 72.60	MAE: 197.10	RMSE: 252.65
Epoch 279	LOSS: 72.10	MAE: 197.10	RMSE: 252.74
Epoch 280	LOSS: 72.17	MAE: 197.19	RMSE: 252.85
Epoch 281	LOSS: 73.29	MAE: 197.36	RMSE: 252.93
Epoch 282	LOSS: 73.49	MAE: 197.56	RMSE: 253.02
Epoch 283	LOSS: 73.94	MAE: 197.53	RMSE: 253.05
Epoch 284	LOSS: 71.80	MAE: 197.42	RMSE: 253.02
Epoch 285	LOSS: 72.08	MAE: 197.55	RMSE: 253.04
Epoch 286	LOSS: 72.52	MAE: 197.57	RMSE: 253.06
Epoch 287	LOSS: 72.60	MAE: 197.59	RMSE: 253.08
Epoch 288	LOSS: 72.83	MAE: 197.57	RMSE: 253.08
Epoch 289	LOSS: 72.86	MAE: 197.61	RMSE: 253.09
Epoch 290	LOSS: 72.36	MAE: 197.56	RMSE: 253.09
Epoch 291	LOSS: 72.76	MAE: 197.43	RMSE: 253.06
Epoch 292	LOSS: 71.60	MAE: 197.34	RMSE: 252.99
Epoch 293	LOSS: 72.47	MAE: 197.33	RMSE: 252.96
Epoch 294	LOSS: 71.44	MAE: 197.27	RMSE: 252.95
Epoch 295	LOSS: 71.94	MAE: 197.29	RMSE: 252.98
Epoch 296	LOSS: 71.60	MAE: 197.28	RMSE: 252.98
Epoch 297	LOSS: 71.83	MAE: 197.27	RMSE: 252.99
Epoch 298	LOSS: 72.25	MAE: 197.33	RMSE: 253.02
Epoch 299	LOSS: 70.69	MAE: 197.36	RMSE: 253.03
Epoch 300	LOSS: 71.04	MAE: 197.34	RMSE: 253.01
Epoch 301	LOSS: 71.13	MAE: 197.35	RMSE: 253.01
Epoch 302	LOSS: 71.02	MAE: 197.39	RMSE: 253.02
Epoch 303	LOSS: 70.97	MAE: 197.42	RMSE: 253.04
Epoch 304	LOSS: 71.40	MAE: 197.26	RMSE: 253.02
Epoch 305	LOSS: 70.79	MAE: 197.19	RMSE: 253.03
Epoch 306	LOSS: 70.76	MAE: 197.25	RMSE: 253.03
Epoch 307	LOSS: 71.04	MAE: 197.32	RMSE: 253.04
Epoch 308	LOSS: 71.47	MAE: 197.31	RMSE: 253.03
Epoch 309	LOSS: 71.58	MAE: 197.35	RMSE: 253.03
Epoch 310	LOSS: 71.43	MAE: 197.36	RMSE: 253.03
Epoch 311	LOSS: 72.16	MAE: 197.43	RMSE: 253.04
Epoch 312	LOSS: 71.00	MAE: 197.29	RMSE: 253.03
Epoch 313	LOSS: 70.31	MAE: 197.26	RMSE: 253.02
Epoch 314	LOSS: 70.34	MAE: 197.25	RMSE: 253.04
Epoch 315	LOSS: 70.45	MAE: 197.16	RMSE: 253.04
Epoch 316	LOSS: 70.60	MAE: 197.13	RMSE: 253.01
Epoch 317	LOSS: 70.59	MAE: 197.20	RMSE: 252.99
Epoch 318	LOSS: 71.14	MAE: 197.17	RMSE: 253.01
Epoch 319	LOSS: 69.90	MAE: 197.23	RMSE: 253.03
Epoch 320	LOSS: 70.11	MAE: 197.28	RMSE: 253.03
Epoch 321	LOSS: 70.51	MAE: 197.24	RMSE: 253.03
Epoch 322	LOSS: 71.16	MAE: 197.24	RMSE: 253.05
Epoch 323	LOSS: 70.78	MAE: 197.24	RMSE: 253.05
Epoch 324	LOSS: 70.57	MAE: 197.14	RMSE: 252.99
Epoch 325	LOSS: 70.51	MAE: 197.11	RMSE: 252.98
Epoch 326	LOSS: 70.16	MAE: 197.14	RMSE: 252.99
Epoch 327	LOSS: 69.13	MAE: 197.07	RMSE: 252.97
Epoch 328	LOSS: 69.43	MAE: 197.07	RMSE: 252.96
Epoch 329	LOSS: 69.25	MAE: 197.09	RMSE: 252.96
Epoch 330	LOSS: 69.43	MAE: 197.02	RMSE: 252.99
Epoch 331	LOSS: 69.32	MAE: 197.02	RMSE: 253.01
Epoch 332	LOSS: 70.30	MAE: 197.09	RMSE: 253.03
Epoch 333	LOSS: 68.46	MAE: 197.12	RMSE: 253.03
Epoch 334	LOSS: 69.83	MAE: 197.18	RMSE: 253.03
Epoch 335	LOSS: 70.28	MAE: 197.22	RMSE: 253.04
Epoch 336	LOSS: 69.74	MAE: 197.14	RMSE: 253.04
Epoch 337	LOSS: 70.14	MAE: 197.06	RMSE: 253.03
Epoch 338	LOSS: 68.53	MAE: 197.09	RMSE: 253.04
Epoch 339	LOSS: 70.00	MAE: 197.03	RMSE: 253.04
Epoch 340	LOSS: 69.34	MAE: 196.92	RMSE: 253.03
Epoch 341	LOSS: 68.98	MAE: 196.97	RMSE: 253.03
Epoch 342	LOSS: 68.68	MAE: 197.04	RMSE: 253.03
Epoch 343	LOSS: 69.28	MAE: 197.03	RMSE: 253.02
Epoch 344	LOSS: 68.56	MAE: 196.97	RMSE: 253.01
Epoch 345	LOSS: 69.67	MAE: 196.94	RMSE: 253.02
Epoch 346	LOSS: 68.24	MAE: 196.89	RMSE: 253.00
Epoch 347	LOSS: 68.21	MAE: 196.91	RMSE: 253.01
Epoch 348	LOSS: 69.25	MAE: 196.93	RMSE: 253.01
Epoch 349	LOSS: 68.55	MAE: 196.95	RMSE: 253.03
Epoch 350	LOSS: 69.11	MAE: 196.90	RMSE: 253.01
Epoch 351	LOSS: 68.89	MAE: 196.93	RMSE: 253.02
Epoch 352	LOSS: 69.45	MAE: 197.00	RMSE: 253.04
Epoch 353	LOSS: 68.78	MAE: 196.97	RMSE: 253.01
Epoch 354	LOSS: 69.15	MAE: 196.95	RMSE: 253.00
Epoch 355	LOSS: 68.08	MAE: 196.94	RMSE: 253.02
Epoch 356	LOSS: 68.14	MAE: 196.92	RMSE: 253.04
Epoch 357	LOSS: 68.06	MAE: 196.97	RMSE: 253.06
Epoch 358	LOSS: 70.02	MAE: 197.02	RMSE: 253.04
Epoch 359	LOSS: 69.39	MAE: 197.03	RMSE: 253.01
Epoch 360	LOSS: 68.29	MAE: 196.94	RMSE: 253.01
Epoch 361	LOSS: 68.50	MAE: 196.84	RMSE: 253.00
Epoch 362	LOSS: 68.52	MAE: 196.82	RMSE: 253.01
Epoch 363	LOSS: 68.41	MAE: 196.82	RMSE: 253.02
Epoch 364	LOSS: 68.28	MAE: 196.88	RMSE: 253.03
Epoch 365	LOSS: 69.93	MAE: 197.01	RMSE: 253.06
Epoch 366	LOSS: 68.78	MAE: 196.93	RMSE: 253.04
Epoch 367	LOSS: 67.92	MAE: 196.85	RMSE: 253.01
Epoch 368	LOSS: 68.36	MAE: 196.84	RMSE: 253.01
Epoch 369	LOSS: 69.10	MAE: 196.90	RMSE: 253.02
Epoch 370	LOSS: 68.49	MAE: 197.01	RMSE: 253.03
Epoch 371	LOSS: 70.08	MAE: 196.97	RMSE: 253.03
Epoch 372	LOSS: 68.89	MAE: 196.90	RMSE: 253.04
Epoch 373	LOSS: 68.20	MAE: 196.86	RMSE: 253.03
Epoch 374	LOSS: 68.15	MAE: 196.83	RMSE: 253.02
Epoch 375	LOSS: 69.05	MAE: 196.85	RMSE: 253.03
Epoch 376	LOSS: 68.55	MAE: 196.88	RMSE: 253.06
Epoch 377	LOSS: 69.01	MAE: 196.93	RMSE: 253.06
Epoch 378	LOSS: 68.84	MAE: 196.95	RMSE: 253.04
Epoch 379	LOSS: 68.01	MAE: 197.01	RMSE: 253.02
Epoch 380	LOSS: 68.98	MAE: 196.92	RMSE: 253.01
Epoch 381	LOSS: 68.52	MAE: 196.80	RMSE: 253.02
Epoch 382	LOSS: 68.64	MAE: 196.81	RMSE: 253.05
Epoch 383	LOSS: 68.64	MAE: 196.83	RMSE: 253.05
Epoch 384	LOSS: 68.53	MAE: 196.80	RMSE: 253.02
Epoch 385	LOSS: 68.31	MAE: 196.86	RMSE: 253.02
Epoch 386	LOSS: 69.26	MAE: 196.91	RMSE: 253.03
Epoch 387	LOSS: 69.46	MAE: 196.96	RMSE: 253.05
Epoch 388	LOSS: 67.47	MAE: 196.83	RMSE: 253.03
Epoch 389	LOSS: 68.98	MAE: 196.90	RMSE: 253.04
Epoch 390	LOSS: 68.20	MAE: 196.87	RMSE: 253.05
Epoch 391	LOSS: 68.23	MAE: 196.93	RMSE: 253.04
Epoch 392	LOSS: 67.71	MAE: 196.93	RMSE: 253.03
Epoch 393	LOSS: 68.40	MAE: 196.89	RMSE: 253.04
Epoch 394	LOSS: 68.15	MAE: 196.90	RMSE: 253.06
Epoch 395	LOSS: 67.95	MAE: 196.90	RMSE: 253.05
Epoch 396	LOSS: 68.95	MAE: 196.88	RMSE: 253.04
Epoch 397	LOSS: 67.95	MAE: 196.83	RMSE: 253.04
Epoch 398	LOSS: 67.87	MAE: 196.82	RMSE: 253.06
Epoch 399	LOSS: 68.35	MAE: 196.85	RMSE: 253.06
Epoch 400	LOSS: 67.85	MAE: 196.85	RMSE: 253.05
Epoch 401	LOSS: 67.94	MAE: 196.83	RMSE: 253.03
Epoch 402	LOSS: 68.42	MAE: 196.88	RMSE: 253.03
Epoch 403	LOSS: 68.80	MAE: 196.82	RMSE: 253.04
Epoch 404	LOSS: 69.08	MAE: 196.81	RMSE: 253.04
Epoch 405	LOSS: 67.62	MAE: 196.77	RMSE: 253.04
Epoch 406	LOSS: 68.76	MAE: 196.77	RMSE: 253.04
Epoch 407	LOSS: 67.58	MAE: 196.78	RMSE: 253.04
Epoch 408	LOSS: 68.20	MAE: 196.84	RMSE: 253.05
Epoch 409	LOSS: 69.16	MAE: 196.90	RMSE: 253.04
Epoch 410	LOSS: 69.08	MAE: 196.96	RMSE: 253.04
Epoch 411	LOSS: 69.12	MAE: 196.93	RMSE: 253.02
Epoch 412	LOSS: 68.46	MAE: 196.88	RMSE: 253.04
Epoch 413	LOSS: 67.95	MAE: 196.81	RMSE: 253.05
Epoch 414	LOSS: 68.62	MAE: 196.77	RMSE: 253.06
Epoch 415	LOSS: 68.42	MAE: 196.87	RMSE: 253.08
Epoch 416	LOSS: 70.34	MAE: 196.95	RMSE: 253.09
Epoch 417	LOSS: 68.92	MAE: 196.94	RMSE: 253.10
Epoch 418	LOSS: 69.27	MAE: 196.93	RMSE: 253.12
Epoch 419	LOSS: 70.04	MAE: 196.97	RMSE: 253.13
Epoch 420	LOSS: 67.54	MAE: 197.00	RMSE: 253.12
Epoch 421	LOSS: 67.33	MAE: 196.97	RMSE: 253.08
Epoch 422	LOSS: 68.11	MAE: 196.92	RMSE: 253.05
Epoch 423	LOSS: 67.64	MAE: 196.89	RMSE: 253.05
Epoch 424	LOSS: 68.38	MAE: 196.83	RMSE: 253.07
Epoch 425	LOSS: 68.44	MAE: 196.80	RMSE: 253.08
Epoch 426	LOSS: 67.64	MAE: 196.84	RMSE: 253.08
Epoch 427	LOSS: 67.94	MAE: 196.87	RMSE: 253.08
Epoch 428	LOSS: 67.94	MAE: 196.97	RMSE: 253.10
Epoch 429	LOSS: 67.93	MAE: 196.91	RMSE: 253.08
Epoch 430	LOSS: 67.32	MAE: 196.86	RMSE: 253.07
Epoch 431	LOSS: 68.07	MAE: 196.84	RMSE: 253.08
Epoch 432	LOSS: 68.23	MAE: 196.83	RMSE: 253.10
Epoch 433	LOSS: 68.23	MAE: 196.81	RMSE: 253.08
Epoch 434	LOSS: 67.75	MAE: 196.88	RMSE: 253.10
Epoch 435	LOSS: 68.24	MAE: 196.90	RMSE: 253.10
Epoch 436	LOSS: 67.63	MAE: 196.86	RMSE: 253.08
Epoch 437	LOSS: 67.81	MAE: 196.85	RMSE: 253.09
Epoch 438	LOSS: 66.92	MAE: 196.80	RMSE: 253.09
Epoch 439	LOSS: 68.14	MAE: 196.86	RMSE: 253.11
Epoch 440	LOSS: 68.25	MAE: 196.94	RMSE: 253.12
Epoch 441	LOSS: 68.18	MAE: 196.90	RMSE: 253.11
Epoch 442	LOSS: 68.99	MAE: 197.04	RMSE: 253.15
Epoch 443	LOSS: 68.96	MAE: 197.02	RMSE: 253.13
Epoch 444	LOSS: 67.82	MAE: 196.90	RMSE: 253.10
Epoch 445	LOSS: 67.84	MAE: 196.83	RMSE: 253.08
Epoch 446	LOSS: 67.89	MAE: 196.85	RMSE: 253.10
Epoch 447	LOSS: 67.97	MAE: 196.87	RMSE: 253.11
Epoch 448	LOSS: 68.51	MAE: 196.88	RMSE: 253.09
Epoch 449	LOSS: 68.53	MAE: 196.91	RMSE: 253.11
Epoch 450	LOSS: 67.28	MAE: 196.90	RMSE: 253.13
Epoch 451	LOSS: 67.70	MAE: 196.89	RMSE: 253.13
Epoch 452	LOSS: 68.03	MAE: 196.86	RMSE: 253.11
Epoch 453	LOSS: 66.97	MAE: 196.90	RMSE: 253.11
Epoch 454	LOSS: 67.92	MAE: 196.91	RMSE: 253.11
Epoch 455	LOSS: 67.70	MAE: 196.85	RMSE: 253.10
Epoch 456	LOSS: 66.84	MAE: 196.77	RMSE: 253.09
Epoch 457	LOSS: 67.36	MAE: 196.81	RMSE: 253.11
Epoch 458	LOSS: 67.20	MAE: 196.82	RMSE: 253.11
Epoch 459	LOSS: 67.34	MAE: 196.78	RMSE: 253.11
Epoch 460	LOSS: 67.25	MAE: 196.80	RMSE: 253.11
Epoch 461	LOSS: 67.36	MAE: 196.82	RMSE: 253.10
Epoch 462	LOSS: 67.53	MAE: 196.84	RMSE: 253.11
Epoch 463	LOSS: 68.67	MAE: 196.89	RMSE: 253.11
Epoch 464	LOSS: 67.95	MAE: 196.91	RMSE: 253.11
Epoch 465	LOSS: 68.17	MAE: 196.92	RMSE: 253.12
Epoch 466	LOSS: 68.35	MAE: 196.89	RMSE: 253.12
Epoch 467	LOSS: 67.65	MAE: 196.81	RMSE: 253.11
Epoch 468	LOSS: 66.88	MAE: 196.84	RMSE: 253.13
Epoch 469	LOSS: 67.47	MAE: 196.87	RMSE: 253.13
Epoch 470	LOSS: 67.94	MAE: 196.91	RMSE: 253.12
Epoch 471	LOSS: 67.69	MAE: 196.88	RMSE: 253.12
Epoch 472	LOSS: 68.66	MAE: 196.97	RMSE: 253.14
Epoch 473	LOSS: 68.47	MAE: 196.93	RMSE: 253.13
Epoch 474	LOSS: 66.76	MAE: 196.89	RMSE: 253.13
Epoch 475	LOSS: 66.59	MAE: 196.79	RMSE: 253.13
Epoch 476	LOSS: 67.95	MAE: 196.87	RMSE: 253.14
Epoch 477	LOSS: 68.26	MAE: 196.95	RMSE: 253.15
Epoch 478	LOSS: 67.68	MAE: 197.02	RMSE: 253.14
Epoch 479	LOSS: 68.00	MAE: 197.00	RMSE: 253.14
Epoch 480	LOSS: 67.84	MAE: 196.87	RMSE: 253.14
Epoch 481	LOSS: 68.08	MAE: 196.89	RMSE: 253.15
Epoch 482	LOSS: 67.94	MAE: 196.85	RMSE: 253.14
Epoch 483	LOSS: 67.14	MAE: 196.89	RMSE: 253.13
Epoch 484	LOSS: 67.51	MAE: 196.86	RMSE: 253.14
Epoch 485	LOSS: 67.42	MAE: 196.87	RMSE: 253.15
Epoch 486	LOSS: 67.15	MAE: 196.86	RMSE: 253.13
Epoch 487	LOSS: 67.72	MAE: 196.90	RMSE: 253.12
Epoch 488	LOSS: 67.89	MAE: 196.86	RMSE: 253.13
Epoch 489	LOSS: 67.61	MAE: 196.86	RMSE: 253.12
Epoch 490	LOSS: 66.94	MAE: 196.84	RMSE: 253.12
Epoch 491	LOSS: 66.93	MAE: 196.79	RMSE: 253.13
Epoch 492	LOSS: 68.15	MAE: 196.84	RMSE: 253.16
Epoch 493	LOSS: 68.39	MAE: 196.94	RMSE: 253.15
Epoch 494	LOSS: 69.11	MAE: 196.98	RMSE: 253.14
Epoch 495	LOSS: 68.24	MAE: 196.98	RMSE: 253.13
Epoch 496	LOSS: 67.16	MAE: 196.86	RMSE: 253.14
Epoch 497	LOSS: 67.17	MAE: 196.80	RMSE: 253.14
Epoch 498	LOSS: 66.87	MAE: 196.81	RMSE: 253.13
Epoch 499	LOSS: 67.39	MAE: 196.88	RMSE: 253.15
