Epoch 000	LOSS: 453.16	MAE: 255.19	RMSE: 298.07
Epoch 001	LOSS: 442.95	MAE: 255.16	RMSE: 298.05
Epoch 002	LOSS: 444.91	MAE: 255.12	RMSE: 298.01
Epoch 003	LOSS: 445.79	MAE: 255.06	RMSE: 297.96
Epoch 004	LOSS: 442.40	MAE: 254.96	RMSE: 297.88
Epoch 005	LOSS: 444.66	MAE: 254.82	RMSE: 297.76
Epoch 006	LOSS: 444.29	MAE: 254.62	RMSE: 297.58
Epoch 007	LOSS: 440.93	MAE: 254.32	RMSE: 297.32
Epoch 008	LOSS: 439.83	MAE: 253.88	RMSE: 296.95
Epoch 009	LOSS: 439.73	MAE: 253.26	RMSE: 296.42
Epoch 010	LOSS: 420.96	MAE: 252.45	RMSE: 295.73
Epoch 011	LOSS: 431.83	MAE: 251.52	RMSE: 294.93
Epoch 012	LOSS: 430.46	MAE: 250.35	RMSE: 293.92
Epoch 013	LOSS: 414.73	MAE: 249.03	RMSE: 292.78
Epoch 014	LOSS: 407.77	MAE: 247.45	RMSE: 291.43
Epoch 015	LOSS: 388.38	MAE: 245.55	RMSE: 289.79
Epoch 016	LOSS: 386.31	MAE: 243.28	RMSE: 287.81
Epoch 017	LOSS: 374.78	MAE: 240.74	RMSE: 285.58
Epoch 018	LOSS: 366.89	MAE: 237.96	RMSE: 283.10
Epoch 019	LOSS: 347.03	MAE: 234.81	RMSE: 280.25
Epoch 020	LOSS: 327.61	MAE: 231.39	RMSE: 277.12
Epoch 021	LOSS: 308.30	MAE: 228.05	RMSE: 274.02
Epoch 022	LOSS: 295.39	MAE: 224.71	RMSE: 270.88
Epoch 023	LOSS: 271.54	MAE: 221.54	RMSE: 267.83
Epoch 024	LOSS: 262.23	MAE: 218.71	RMSE: 265.00
Epoch 025	LOSS: 245.02	MAE: 216.08	RMSE: 262.26
Epoch 026	LOSS: 234.26	MAE: 214.15	RMSE: 260.10
Epoch 027	LOSS: 219.71	MAE: 212.45	RMSE: 258.16
Epoch 028	LOSS: 209.05	MAE: 210.98	RMSE: 256.43
Epoch 029	LOSS: 201.36	MAE: 209.68	RMSE: 254.91
Epoch 030	LOSS: 196.50	MAE: 208.28	RMSE: 253.27
Epoch 031	LOSS: 190.72	MAE: 207.60	RMSE: 252.42
Epoch 032	LOSS: 188.23	MAE: 207.20	RMSE: 251.96
Epoch 033	LOSS: 185.43	MAE: 206.97	RMSE: 251.77
Epoch 034	LOSS: 181.87	MAE: 207.20	RMSE: 252.14
Epoch 035	LOSS: 175.51	MAE: 207.43	RMSE: 252.51
Epoch 036	LOSS: 174.91	MAE: 207.65	RMSE: 252.76
Epoch 037	LOSS: 171.90	MAE: 207.93	RMSE: 253.03
Epoch 038	LOSS: 173.81	MAE: 208.03	RMSE: 253.10
Epoch 039	LOSS: 171.63	MAE: 208.09	RMSE: 253.20
Epoch 040	LOSS: 168.78	MAE: 208.00	RMSE: 253.20
Epoch 041	LOSS: 172.56	MAE: 207.68	RMSE: 253.01
Epoch 042	LOSS: 169.61	MAE: 207.37	RMSE: 252.89
Epoch 043	LOSS: 172.92	MAE: 207.59	RMSE: 253.33
Epoch 044	LOSS: 167.77	MAE: 207.76	RMSE: 253.71
Epoch 045	LOSS: 170.19	MAE: 207.72	RMSE: 253.81
Epoch 046	LOSS: 166.32	MAE: 207.45	RMSE: 253.63
Epoch 047	LOSS: 167.53	MAE: 207.33	RMSE: 253.64
Epoch 048	LOSS: 161.98	MAE: 207.54	RMSE: 253.97
Epoch 049	LOSS: 166.73	MAE: 207.77	RMSE: 254.31
Epoch 050	LOSS: 164.10	MAE: 207.93	RMSE: 254.54
Epoch 051	LOSS: 161.29	MAE: 208.23	RMSE: 254.88
Epoch 052	LOSS: 162.52	MAE: 208.49	RMSE: 255.23
Epoch 053	LOSS: 162.13	MAE: 208.44	RMSE: 255.20
Epoch 054	LOSS: 160.68	MAE: 208.33	RMSE: 255.10
Epoch 055	LOSS: 161.70	MAE: 208.34	RMSE: 255.16
Epoch 056	LOSS: 164.69	MAE: 208.41	RMSE: 255.31
Epoch 057	LOSS: 160.57	MAE: 208.47	RMSE: 255.44
Epoch 058	LOSS: 160.26	MAE: 208.36	RMSE: 255.38
Epoch 059	LOSS: 158.57	MAE: 208.36	RMSE: 255.40
Epoch 060	LOSS: 161.65	MAE: 208.21	RMSE: 255.32
Epoch 061	LOSS: 158.63	MAE: 208.31	RMSE: 255.34
Epoch 062	LOSS: 154.59	MAE: 208.01	RMSE: 255.23
Epoch 063	LOSS: 158.08	MAE: 208.09	RMSE: 255.34
Epoch 064	LOSS: 158.05	MAE: 208.05	RMSE: 255.36
Epoch 065	LOSS: 155.36	MAE: 207.93	RMSE: 255.33
Epoch 066	LOSS: 156.90	MAE: 208.00	RMSE: 255.38
Epoch 067	LOSS: 158.11	MAE: 207.95	RMSE: 255.41
Epoch 068	LOSS: 154.69	MAE: 207.87	RMSE: 255.34
Epoch 069	LOSS: 157.26	MAE: 207.91	RMSE: 255.32
Epoch 070	LOSS: 153.34	MAE: 207.62	RMSE: 255.16
Epoch 071	LOSS: 152.74	MAE: 207.39	RMSE: 254.98
Epoch 072	LOSS: 152.72	MAE: 207.22	RMSE: 254.85
Epoch 073	LOSS: 150.66	MAE: 207.08	RMSE: 254.76
Epoch 074	LOSS: 150.04	MAE: 207.09	RMSE: 254.77
Epoch 075	LOSS: 149.90	MAE: 207.17	RMSE: 254.81
Epoch 076	LOSS: 149.38	MAE: 206.94	RMSE: 254.70
Epoch 077	LOSS: 148.49	MAE: 206.72	RMSE: 254.61
Epoch 078	LOSS: 147.53	MAE: 206.75	RMSE: 254.68
Epoch 079	LOSS: 146.13	MAE: 206.81	RMSE: 254.74
Epoch 080	LOSS: 145.45	MAE: 206.83	RMSE: 254.75
Epoch 081	LOSS: 147.52	MAE: 206.78	RMSE: 254.73
Epoch 082	LOSS: 147.51	MAE: 206.73	RMSE: 254.74
Epoch 083	LOSS: 147.58	MAE: 206.66	RMSE: 254.72
Epoch 084	LOSS: 147.68	MAE: 206.60	RMSE: 254.70
Epoch 085	LOSS: 144.57	MAE: 206.63	RMSE: 254.74
Epoch 086	LOSS: 144.49	MAE: 206.56	RMSE: 254.74
Epoch 087	LOSS: 141.83	MAE: 206.51	RMSE: 254.76
Epoch 088	LOSS: 142.88	MAE: 206.52	RMSE: 254.77
Epoch 089	LOSS: 143.74	MAE: 206.47	RMSE: 254.77
Epoch 090	LOSS: 142.00	MAE: 206.29	RMSE: 254.70
Epoch 091	LOSS: 142.35	MAE: 206.17	RMSE: 254.65
Epoch 092	LOSS: 143.00	MAE: 206.12	RMSE: 254.60
Epoch 093	LOSS: 137.75	MAE: 206.06	RMSE: 254.55
Epoch 094	LOSS: 137.73	MAE: 205.91	RMSE: 254.46
Epoch 095	LOSS: 138.28	MAE: 205.76	RMSE: 254.37
Epoch 096	LOSS: 139.05	MAE: 205.65	RMSE: 254.26
Epoch 097	LOSS: 139.66	MAE: 205.61	RMSE: 254.19
Epoch 098	LOSS: 135.33	MAE: 205.63	RMSE: 254.21
Epoch 099	LOSS: 137.77	MAE: 205.57	RMSE: 254.23
Epoch 100	LOSS: 134.54	MAE: 205.54	RMSE: 254.30
Epoch 101	LOSS: 133.70	MAE: 205.61	RMSE: 254.42
Epoch 102	LOSS: 133.94	MAE: 205.65	RMSE: 254.50
Epoch 103	LOSS: 133.83	MAE: 205.68	RMSE: 254.57
Epoch 104	LOSS: 133.99	MAE: 205.69	RMSE: 254.63
Epoch 105	LOSS: 131.72	MAE: 205.58	RMSE: 254.61
Epoch 106	LOSS: 130.73	MAE: 205.59	RMSE: 254.65
Epoch 107	LOSS: 132.05	MAE: 205.52	RMSE: 254.65
Epoch 108	LOSS: 130.88	MAE: 205.46	RMSE: 254.68
Epoch 109	LOSS: 132.53	MAE: 205.30	RMSE: 254.68
Epoch 110	LOSS: 129.88	MAE: 205.31	RMSE: 254.73
Epoch 111	LOSS: 130.22	MAE: 205.38	RMSE: 254.77
Epoch 112	LOSS: 128.46	MAE: 205.36	RMSE: 254.77
Epoch 113	LOSS: 129.66	MAE: 205.32	RMSE: 254.78
Epoch 114	LOSS: 125.55	MAE: 205.19	RMSE: 254.76
Epoch 115	LOSS: 125.35	MAE: 205.06	RMSE: 254.76
Epoch 116	LOSS: 123.92	MAE: 205.00	RMSE: 254.77
Epoch 117	LOSS: 124.48	MAE: 205.00	RMSE: 254.80
Epoch 118	LOSS: 122.97	MAE: 204.99	RMSE: 254.83
Epoch 119	LOSS: 125.34	MAE: 205.01	RMSE: 254.89
Epoch 120	LOSS: 124.36	MAE: 205.08	RMSE: 254.97
Epoch 121	LOSS: 120.86	MAE: 205.03	RMSE: 254.99
Epoch 122	LOSS: 122.82	MAE: 204.80	RMSE: 254.90
Epoch 123	LOSS: 121.01	MAE: 204.73	RMSE: 254.88
Epoch 124	LOSS: 118.16	MAE: 204.65	RMSE: 254.87
Epoch 125	LOSS: 119.58	MAE: 204.68	RMSE: 254.92
Epoch 126	LOSS: 117.86	MAE: 204.67	RMSE: 254.95
Epoch 127	LOSS: 119.76	MAE: 204.64	RMSE: 254.97
Epoch 128	LOSS: 118.41	MAE: 204.56	RMSE: 254.96
Epoch 129	LOSS: 117.71	MAE: 204.48	RMSE: 254.94
Epoch 130	LOSS: 116.28	MAE: 204.33	RMSE: 254.91
Epoch 131	LOSS: 116.38	MAE: 204.31	RMSE: 254.91
Epoch 132	LOSS: 116.46	MAE: 204.37	RMSE: 254.94
Epoch 133	LOSS: 115.88	MAE: 204.24	RMSE: 254.89
Epoch 134	LOSS: 114.65	MAE: 204.05	RMSE: 254.82
Epoch 135	LOSS: 114.26	MAE: 203.92	RMSE: 254.78
Epoch 136	LOSS: 113.39	MAE: 203.77	RMSE: 254.71
Epoch 137	LOSS: 112.95	MAE: 203.59	RMSE: 254.62
Epoch 138	LOSS: 112.36	MAE: 203.52	RMSE: 254.58
Epoch 139	LOSS: 109.94	MAE: 203.29	RMSE: 254.48
Epoch 140	LOSS: 110.90	MAE: 203.19	RMSE: 254.41
Epoch 141	LOSS: 109.39	MAE: 203.20	RMSE: 254.39
Epoch 142	LOSS: 109.74	MAE: 203.25	RMSE: 254.39
Epoch 143	LOSS: 109.76	MAE: 203.17	RMSE: 254.36
Epoch 144	LOSS: 107.25	MAE: 203.00	RMSE: 254.30
Epoch 145	LOSS: 106.83	MAE: 202.82	RMSE: 254.22
Epoch 146	LOSS: 105.85	MAE: 202.65	RMSE: 254.17
Epoch 147	LOSS: 105.72	MAE: 202.44	RMSE: 254.10
Epoch 148	LOSS: 105.58	MAE: 202.35	RMSE: 254.06
Epoch 149	LOSS: 106.48	MAE: 202.35	RMSE: 254.05
Epoch 150	LOSS: 103.96	MAE: 202.36	RMSE: 254.06
Epoch 151	LOSS: 103.14	MAE: 202.27	RMSE: 254.03
Epoch 152	LOSS: 103.13	MAE: 202.14	RMSE: 254.00
Epoch 153	LOSS: 102.74	MAE: 202.06	RMSE: 253.97
Epoch 154	LOSS: 103.23	MAE: 202.03	RMSE: 253.95
Epoch 155	LOSS: 101.93	MAE: 201.90	RMSE: 253.91
Epoch 156	LOSS: 99.55	MAE: 201.74	RMSE: 253.85
Epoch 157	LOSS: 100.27	MAE: 201.60	RMSE: 253.81
Epoch 158	LOSS: 100.48	MAE: 201.56	RMSE: 253.79
Epoch 159	LOSS: 100.17	MAE: 201.60	RMSE: 253.80
Epoch 160	LOSS: 101.14	MAE: 201.67	RMSE: 253.80
Epoch 161	LOSS: 100.50	MAE: 201.61	RMSE: 253.78
Epoch 162	LOSS: 99.04	MAE: 201.38	RMSE: 253.70
Epoch 163	LOSS: 99.40	MAE: 201.32	RMSE: 253.69
Epoch 164	LOSS: 98.08	MAE: 201.17	RMSE: 253.64
Epoch 165	LOSS: 95.75	MAE: 200.94	RMSE: 253.58
Epoch 166	LOSS: 96.32	MAE: 200.80	RMSE: 253.55
Epoch 167	LOSS: 95.78	MAE: 200.73	RMSE: 253.54
Epoch 168	LOSS: 96.00	MAE: 200.76	RMSE: 253.55
Epoch 169	LOSS: 94.72	MAE: 200.75	RMSE: 253.55
Epoch 170	LOSS: 94.04	MAE: 200.78	RMSE: 253.52
Epoch 171	LOSS: 94.79	MAE: 200.70	RMSE: 253.49
Epoch 172	LOSS: 92.32	MAE: 200.60	RMSE: 253.47
Epoch 173	LOSS: 92.98	MAE: 200.41	RMSE: 253.42
Epoch 174	LOSS: 93.06	MAE: 200.23	RMSE: 253.36
Epoch 175	LOSS: 93.49	MAE: 200.19	RMSE: 253.36
Epoch 176	LOSS: 93.03	MAE: 200.11	RMSE: 253.34
Epoch 177	LOSS: 90.96	MAE: 200.03	RMSE: 253.31
Epoch 178	LOSS: 90.48	MAE: 199.89	RMSE: 253.28
Epoch 179	LOSS: 90.77	MAE: 199.89	RMSE: 253.31
Epoch 180	LOSS: 90.44	MAE: 199.93	RMSE: 253.32
Epoch 181	LOSS: 89.91	MAE: 199.81	RMSE: 253.29
Epoch 182	LOSS: 89.73	MAE: 199.66	RMSE: 253.25
Epoch 183	LOSS: 88.39	MAE: 199.55	RMSE: 253.24
Epoch 184	LOSS: 89.12	MAE: 199.59	RMSE: 253.24
Epoch 185	LOSS: 89.32	MAE: 199.69	RMSE: 253.26
Epoch 186	LOSS: 88.32	MAE: 199.66	RMSE: 253.27
Epoch 187	LOSS: 88.44	MAE: 199.51	RMSE: 253.24
Epoch 188	LOSS: 86.91	MAE: 199.39	RMSE: 253.20
Epoch 189	LOSS: 86.71	MAE: 199.32	RMSE: 253.19
Epoch 190	LOSS: 86.00	MAE: 199.31	RMSE: 253.19
Epoch 191	LOSS: 86.57	MAE: 199.28	RMSE: 253.16
Epoch 192	LOSS: 86.07	MAE: 199.12	RMSE: 253.11
Epoch 193	LOSS: 84.38	MAE: 198.91	RMSE: 253.07
Epoch 194	LOSS: 84.14	MAE: 198.85	RMSE: 253.07
Epoch 195	LOSS: 84.52	MAE: 199.00	RMSE: 253.14
Epoch 196	LOSS: 85.08	MAE: 199.17	RMSE: 253.19
Epoch 197	LOSS: 84.23	MAE: 199.02	RMSE: 253.18
Epoch 198	LOSS: 84.65	MAE: 198.91	RMSE: 253.16
Epoch 199	LOSS: 83.93	MAE: 198.84	RMSE: 253.16
Epoch 200	LOSS: 83.15	MAE: 198.88	RMSE: 253.14
Epoch 201	LOSS: 82.79	MAE: 198.80	RMSE: 253.10
Epoch 202	LOSS: 82.03	MAE: 198.75	RMSE: 253.09
Epoch 203	LOSS: 82.00	MAE: 198.68	RMSE: 253.07
Epoch 204	LOSS: 81.39	MAE: 198.54	RMSE: 253.02
Epoch 205	LOSS: 81.42	MAE: 198.53	RMSE: 253.03
Epoch 206	LOSS: 81.80	MAE: 198.51	RMSE: 253.04
Epoch 207	LOSS: 81.64	MAE: 198.48	RMSE: 253.06
Epoch 208	LOSS: 80.54	MAE: 198.52	RMSE: 253.09
Epoch 209	LOSS: 79.27	MAE: 198.54	RMSE: 253.10
Epoch 210	LOSS: 81.98	MAE: 198.81	RMSE: 253.15
Epoch 211	LOSS: 81.49	MAE: 198.90	RMSE: 253.17
Epoch 212	LOSS: 81.68	MAE: 198.79	RMSE: 253.16
Epoch 213	LOSS: 80.07	MAE: 198.62	RMSE: 253.14
Epoch 214	LOSS: 79.59	MAE: 198.36	RMSE: 253.09
Epoch 215	LOSS: 79.83	MAE: 198.25	RMSE: 253.06
Epoch 216	LOSS: 79.73	MAE: 198.30	RMSE: 253.09
Epoch 217	LOSS: 78.58	MAE: 198.25	RMSE: 253.10
Epoch 218	LOSS: 78.68	MAE: 198.41	RMSE: 253.18
Epoch 219	LOSS: 78.75	MAE: 198.46	RMSE: 253.23
Epoch 220	LOSS: 77.59	MAE: 198.39	RMSE: 253.22
Epoch 221	LOSS: 77.77	MAE: 198.40	RMSE: 253.19
Epoch 222	LOSS: 77.67	MAE: 198.41	RMSE: 253.19
Epoch 223	LOSS: 76.88	MAE: 198.21	RMSE: 253.16
Epoch 224	LOSS: 77.66	MAE: 198.13	RMSE: 253.17
Epoch 225	LOSS: 77.31	MAE: 198.12	RMSE: 253.17
Epoch 226	LOSS: 78.31	MAE: 198.29	RMSE: 253.17
Epoch 227	LOSS: 77.89	MAE: 198.28	RMSE: 253.18
Epoch 228	LOSS: 76.83	MAE: 198.22	RMSE: 253.20
Epoch 229	LOSS: 76.54	MAE: 198.21	RMSE: 253.22
Epoch 230	LOSS: 77.24	MAE: 198.20	RMSE: 253.22
Epoch 231	LOSS: 76.23	MAE: 198.16	RMSE: 253.22
Epoch 232	LOSS: 76.48	MAE: 198.09	RMSE: 253.20
Epoch 233	LOSS: 76.71	MAE: 198.10	RMSE: 253.22
Epoch 234	LOSS: 77.27	MAE: 198.13	RMSE: 253.24
Epoch 235	LOSS: 77.39	MAE: 198.13	RMSE: 253.25
Epoch 236	LOSS: 77.46	MAE: 198.15	RMSE: 253.25
Epoch 237	LOSS: 76.39	MAE: 198.15	RMSE: 253.24
Epoch 238	LOSS: 77.09	MAE: 198.14	RMSE: 253.22
Epoch 239	LOSS: 75.23	MAE: 198.18	RMSE: 253.26
Epoch 240	LOSS: 75.83	MAE: 198.15	RMSE: 253.29
Epoch 241	LOSS: 76.01	MAE: 198.24	RMSE: 253.32
Epoch 242	LOSS: 77.27	MAE: 198.29	RMSE: 253.31
Epoch 243	LOSS: 76.10	MAE: 198.25	RMSE: 253.29
Epoch 244	LOSS: 74.74	MAE: 198.03	RMSE: 253.26
Epoch 245	LOSS: 74.76	MAE: 197.96	RMSE: 253.23
Epoch 246	LOSS: 75.42	MAE: 197.92	RMSE: 253.21
Epoch 247	LOSS: 75.30	MAE: 197.90	RMSE: 253.22
Epoch 248	LOSS: 75.75	MAE: 197.84	RMSE: 253.20
Epoch 249	LOSS: 75.31	MAE: 197.86	RMSE: 253.21
Epoch 250	LOSS: 75.25	MAE: 197.90	RMSE: 253.21
Epoch 251	LOSS: 75.40	MAE: 198.02	RMSE: 253.23
Epoch 252	LOSS: 75.06	MAE: 197.97	RMSE: 253.25
Epoch 253	LOSS: 75.32	MAE: 197.85	RMSE: 253.26
Epoch 254	LOSS: 75.11	MAE: 197.90	RMSE: 253.28
Epoch 255	LOSS: 76.17	MAE: 198.03	RMSE: 253.28
Epoch 256	LOSS: 75.42	MAE: 198.02	RMSE: 253.26
Epoch 257	LOSS: 75.60	MAE: 197.93	RMSE: 253.26
Epoch 258	LOSS: 74.29	MAE: 197.89	RMSE: 253.29
Epoch 259	LOSS: 74.99	MAE: 197.93	RMSE: 253.31
Epoch 260	LOSS: 74.97	MAE: 198.01	RMSE: 253.29
Epoch 261	LOSS: 74.98	MAE: 198.01	RMSE: 253.30
Epoch 262	LOSS: 74.42	MAE: 197.96	RMSE: 253.30
Epoch 263	LOSS: 75.75	MAE: 198.03	RMSE: 253.32
Epoch 264	LOSS: 75.26	MAE: 198.03	RMSE: 253.30
Epoch 265	LOSS: 76.04	MAE: 198.04	RMSE: 253.29
Epoch 266	LOSS: 74.88	MAE: 197.91	RMSE: 253.26
Epoch 267	LOSS: 75.38	MAE: 197.86	RMSE: 253.27
Epoch 268	LOSS: 75.16	MAE: 197.88	RMSE: 253.29
Epoch 269	LOSS: 73.87	MAE: 197.90	RMSE: 253.27
Epoch 270	LOSS: 75.73	MAE: 198.06	RMSE: 253.29
Epoch 271	LOSS: 75.30	MAE: 198.04	RMSE: 253.30
Epoch 272	LOSS: 74.87	MAE: 197.91	RMSE: 253.28
Epoch 273	LOSS: 74.47	MAE: 197.92	RMSE: 253.27
Epoch 274	LOSS: 74.25	MAE: 197.97	RMSE: 253.28
Epoch 275	LOSS: 74.99	MAE: 197.95	RMSE: 253.27
Epoch 276	LOSS: 75.35	MAE: 197.96	RMSE: 253.27
Epoch 277	LOSS: 74.04	MAE: 197.85	RMSE: 253.26
Epoch 278	LOSS: 74.67	MAE: 197.83	RMSE: 253.28
Epoch 279	LOSS: 74.17	MAE: 197.89	RMSE: 253.29
Epoch 280	LOSS: 74.86	MAE: 198.01	RMSE: 253.30
Epoch 281	LOSS: 74.24	MAE: 198.05	RMSE: 253.31
Epoch 282	LOSS: 74.82	MAE: 197.95	RMSE: 253.31
Epoch 283	LOSS: 73.97	MAE: 197.95	RMSE: 253.32
Epoch 284	LOSS: 74.22	MAE: 197.96	RMSE: 253.33
Epoch 285	LOSS: 73.78	MAE: 197.87	RMSE: 253.30
Epoch 286	LOSS: 74.50	MAE: 197.88	RMSE: 253.28
Epoch 287	LOSS: 74.34	MAE: 197.85	RMSE: 253.24
Epoch 288	LOSS: 72.47	MAE: 197.76	RMSE: 253.22
Epoch 289	LOSS: 73.44	MAE: 197.77	RMSE: 253.23
Epoch 290	LOSS: 74.40	MAE: 197.91	RMSE: 253.30
Epoch 291	LOSS: 74.10	MAE: 197.90	RMSE: 253.33
Epoch 292	LOSS: 74.25	MAE: 197.90	RMSE: 253.35
Epoch 293	LOSS: 73.88	MAE: 197.88	RMSE: 253.32
Epoch 294	LOSS: 74.12	MAE: 197.80	RMSE: 253.28
Epoch 295	LOSS: 73.33	MAE: 197.70	RMSE: 253.25
Epoch 296	LOSS: 72.89	MAE: 197.62	RMSE: 253.22
Epoch 297	LOSS: 73.67	MAE: 197.66	RMSE: 253.22
Epoch 298	LOSS: 73.95	MAE: 197.79	RMSE: 253.25
Epoch 299	LOSS: 73.96	MAE: 197.70	RMSE: 253.28
Epoch 300	LOSS: 74.23	MAE: 197.71	RMSE: 253.29
Epoch 301	LOSS: 74.04	MAE: 197.69	RMSE: 253.25
Epoch 302	LOSS: 74.71	MAE: 197.79	RMSE: 253.23
Epoch 303	LOSS: 73.18	MAE: 197.71	RMSE: 253.22
Epoch 304	LOSS: 72.77	MAE: 197.58	RMSE: 253.21
Epoch 305	LOSS: 73.06	MAE: 197.57	RMSE: 253.22
Epoch 306	LOSS: 73.68	MAE: 197.79	RMSE: 253.26
Epoch 307	LOSS: 73.20	MAE: 197.78	RMSE: 253.27
Epoch 308	LOSS: 72.95	MAE: 197.73	RMSE: 253.28
Epoch 309	LOSS: 73.41	MAE: 197.64	RMSE: 253.26
Epoch 310	LOSS: 73.14	MAE: 197.66	RMSE: 253.23
Epoch 311	LOSS: 73.69	MAE: 197.67	RMSE: 253.21
Epoch 312	LOSS: 72.73	MAE: 197.55	RMSE: 253.18
Epoch 313	LOSS: 73.36	MAE: 197.64	RMSE: 253.21
Epoch 314	LOSS: 71.94	MAE: 197.66	RMSE: 253.22
Epoch 315	LOSS: 73.21	MAE: 197.61	RMSE: 253.21
Epoch 316	LOSS: 73.21	MAE: 197.54	RMSE: 253.20
Epoch 317	LOSS: 72.13	MAE: 197.46	RMSE: 253.17
Epoch 318	LOSS: 71.45	MAE: 197.46	RMSE: 253.17
Epoch 319	LOSS: 72.04	MAE: 197.55	RMSE: 253.18
Epoch 320	LOSS: 71.15	MAE: 197.58	RMSE: 253.20
Epoch 321	LOSS: 72.64	MAE: 197.64	RMSE: 253.23
Epoch 322	LOSS: 73.35	MAE: 197.66	RMSE: 253.21
Epoch 323	LOSS: 73.10	MAE: 197.65	RMSE: 253.20
Epoch 324	LOSS: 72.57	MAE: 197.54	RMSE: 253.19
Epoch 325	LOSS: 72.36	MAE: 197.45	RMSE: 253.17
Epoch 326	LOSS: 71.93	MAE: 197.43	RMSE: 253.14
Epoch 327	LOSS: 73.08	MAE: 197.37	RMSE: 253.13
Epoch 328	LOSS: 71.24	MAE: 197.33	RMSE: 253.12
Epoch 329	LOSS: 72.03	MAE: 197.36	RMSE: 253.13
Epoch 330	LOSS: 72.24	MAE: 197.53	RMSE: 253.17
Epoch 331	LOSS: 72.11	MAE: 197.44	RMSE: 253.18
Epoch 332	LOSS: 71.54	MAE: 197.45	RMSE: 253.18
Epoch 333	LOSS: 72.57	MAE: 197.46	RMSE: 253.16
Epoch 334	LOSS: 71.85	MAE: 197.42	RMSE: 253.14
Epoch 335	LOSS: 72.34	MAE: 197.31	RMSE: 253.13
Epoch 336	LOSS: 70.90	MAE: 197.30	RMSE: 253.14
Epoch 337	LOSS: 71.55	MAE: 197.36	RMSE: 253.15
Epoch 338	LOSS: 70.86	MAE: 197.39	RMSE: 253.15
Epoch 339	LOSS: 70.93	MAE: 197.34	RMSE: 253.16
Epoch 340	LOSS: 70.10	MAE: 197.35	RMSE: 253.18
Epoch 341	LOSS: 70.30	MAE: 197.27	RMSE: 253.15
Epoch 342	LOSS: 70.59	MAE: 197.25	RMSE: 253.11
Epoch 343	LOSS: 71.08	MAE: 197.23	RMSE: 253.10
Epoch 344	LOSS: 69.49	MAE: 197.16	RMSE: 253.12
Epoch 345	LOSS: 70.28	MAE: 197.17	RMSE: 253.14
Epoch 346	LOSS: 70.22	MAE: 197.17	RMSE: 253.13
Epoch 347	LOSS: 70.03	MAE: 197.18	RMSE: 253.12
Epoch 348	LOSS: 69.66	MAE: 197.15	RMSE: 253.13
Epoch 349	LOSS: 69.18	MAE: 197.14	RMSE: 253.16
Epoch 350	LOSS: 70.44	MAE: 197.30	RMSE: 253.21
Epoch 351	LOSS: 71.06	MAE: 197.30	RMSE: 253.22
Epoch 352	LOSS: 69.22	MAE: 197.25	RMSE: 253.21
Epoch 353	LOSS: 70.06	MAE: 197.26	RMSE: 253.20
Epoch 354	LOSS: 70.21	MAE: 197.26	RMSE: 253.19
Epoch 355	LOSS: 70.36	MAE: 197.19	RMSE: 253.20
Epoch 356	LOSS: 69.80	MAE: 197.24	RMSE: 253.22
Epoch 357	LOSS: 69.37	MAE: 197.24	RMSE: 253.20
Epoch 358	LOSS: 69.50	MAE: 197.10	RMSE: 253.17
Epoch 359	LOSS: 69.15	MAE: 197.00	RMSE: 253.14
Epoch 360	LOSS: 69.48	MAE: 197.04	RMSE: 253.13
Epoch 361	LOSS: 68.56	MAE: 197.05	RMSE: 253.15
Epoch 362	LOSS: 67.95	MAE: 197.03	RMSE: 253.16
Epoch 363	LOSS: 67.34	MAE: 197.06	RMSE: 253.18
Epoch 364	LOSS: 68.58	MAE: 197.08	RMSE: 253.19
Epoch 365	LOSS: 68.10	MAE: 197.05	RMSE: 253.18
Epoch 366	LOSS: 69.54	MAE: 197.04	RMSE: 253.18
Epoch 367	LOSS: 67.96	MAE: 196.99	RMSE: 253.18
Epoch 368	LOSS: 68.20	MAE: 196.93	RMSE: 253.16
Epoch 369	LOSS: 67.85	MAE: 196.98	RMSE: 253.16
Epoch 370	LOSS: 68.23	MAE: 196.94	RMSE: 253.17
Epoch 371	LOSS: 67.15	MAE: 196.89	RMSE: 253.16
Epoch 372	LOSS: 67.22	MAE: 196.92	RMSE: 253.15
Epoch 373	LOSS: 68.31	MAE: 197.02	RMSE: 253.17
Epoch 374	LOSS: 68.03	MAE: 197.04	RMSE: 253.21
Epoch 375	LOSS: 68.89	MAE: 197.06	RMSE: 253.23
Epoch 376	LOSS: 67.69	MAE: 197.07	RMSE: 253.22
Epoch 377	LOSS: 68.41	MAE: 197.06	RMSE: 253.22
Epoch 378	LOSS: 67.86	MAE: 197.01	RMSE: 253.21
Epoch 379	LOSS: 68.03	MAE: 196.89	RMSE: 253.18
Epoch 380	LOSS: 68.34	MAE: 196.84	RMSE: 253.14
Epoch 381	LOSS: 67.59	MAE: 196.84	RMSE: 253.12
Epoch 382	LOSS: 68.10	MAE: 196.79	RMSE: 253.13
Epoch 383	LOSS: 67.91	MAE: 196.80	RMSE: 253.14
Epoch 384	LOSS: 68.03	MAE: 196.91	RMSE: 253.17
Epoch 385	LOSS: 67.50	MAE: 196.94	RMSE: 253.17
Epoch 386	LOSS: 67.66	MAE: 196.88	RMSE: 253.16
Epoch 387	LOSS: 68.42	MAE: 196.89	RMSE: 253.18
Epoch 388	LOSS: 69.14	MAE: 197.06	RMSE: 253.22
Epoch 389	LOSS: 69.32	MAE: 197.05	RMSE: 253.23
Epoch 390	LOSS: 68.73	MAE: 197.05	RMSE: 253.25
Epoch 391	LOSS: 67.16	MAE: 196.91	RMSE: 253.20
Epoch 392	LOSS: 68.18	MAE: 196.82	RMSE: 253.15
Epoch 393	LOSS: 67.73	MAE: 196.79	RMSE: 253.14
Epoch 394	LOSS: 67.21	MAE: 196.77	RMSE: 253.14
Epoch 395	LOSS: 67.84	MAE: 196.83	RMSE: 253.14
Epoch 396	LOSS: 67.59	MAE: 196.77	RMSE: 253.13
Epoch 397	LOSS: 65.67	MAE: 196.71	RMSE: 253.12
Epoch 398	LOSS: 67.79	MAE: 196.79	RMSE: 253.13
Epoch 399	LOSS: 67.68	MAE: 196.85	RMSE: 253.15
Epoch 400	LOSS: 67.73	MAE: 196.85	RMSE: 253.16
Epoch 401	LOSS: 68.13	MAE: 196.72	RMSE: 253.13
Epoch 402	LOSS: 66.03	MAE: 196.63	RMSE: 253.11
Epoch 403	LOSS: 66.32	MAE: 196.67	RMSE: 253.11
Epoch 404	LOSS: 67.69	MAE: 196.75	RMSE: 253.14
Epoch 405	LOSS: 67.55	MAE: 196.84	RMSE: 253.18
Epoch 406	LOSS: 67.81	MAE: 196.91	RMSE: 253.18
Epoch 407	LOSS: 68.85	MAE: 196.90	RMSE: 253.17
Epoch 408	LOSS: 68.19	MAE: 196.83	RMSE: 253.16
Epoch 409	LOSS: 67.29	MAE: 196.79	RMSE: 253.16
Epoch 410	LOSS: 67.55	MAE: 196.79	RMSE: 253.15
Epoch 411	LOSS: 67.47	MAE: 196.81	RMSE: 253.16
Epoch 412	LOSS: 67.68	MAE: 196.82	RMSE: 253.17
Epoch 413	LOSS: 67.16	MAE: 196.80	RMSE: 253.17
Epoch 414	LOSS: 67.89	MAE: 196.78	RMSE: 253.16
Epoch 415	LOSS: 67.21	MAE: 196.75	RMSE: 253.14
Epoch 416	LOSS: 66.76	MAE: 196.70	RMSE: 253.14
Epoch 417	LOSS: 66.95	MAE: 196.71	RMSE: 253.14
Epoch 418	LOSS: 66.77	MAE: 196.84	RMSE: 253.16
Epoch 419	LOSS: 66.83	MAE: 196.77	RMSE: 253.16
Epoch 420	LOSS: 65.79	MAE: 196.73	RMSE: 253.16
Epoch 421	LOSS: 67.09	MAE: 196.71	RMSE: 253.14
Epoch 422	LOSS: 66.99	MAE: 196.67	RMSE: 253.12
Epoch 423	LOSS: 66.38	MAE: 196.62	RMSE: 253.12
Epoch 424	LOSS: 66.72	MAE: 196.65	RMSE: 253.14
Epoch 425	LOSS: 66.77	MAE: 196.70	RMSE: 253.15
Epoch 426	LOSS: 66.93	MAE: 196.69	RMSE: 253.14
Epoch 427	LOSS: 66.42	MAE: 196.71	RMSE: 253.14
Epoch 428	LOSS: 67.40	MAE: 196.74	RMSE: 253.15
Epoch 429	LOSS: 67.55	MAE: 196.70	RMSE: 253.15
Epoch 430	LOSS: 67.76	MAE: 196.66	RMSE: 253.14
Epoch 431	LOSS: 65.54	MAE: 196.66	RMSE: 253.13
Epoch 432	LOSS: 65.20	MAE: 196.62	RMSE: 253.13
Epoch 433	LOSS: 65.74	MAE: 196.64	RMSE: 253.14
Epoch 434	LOSS: 66.82	MAE: 196.69	RMSE: 253.16
Epoch 435	LOSS: 67.22	MAE: 196.70	RMSE: 253.18
Epoch 436	LOSS: 66.53	MAE: 196.68	RMSE: 253.18
Epoch 437	LOSS: 66.02	MAE: 196.67	RMSE: 253.17
Epoch 438	LOSS: 67.63	MAE: 196.70	RMSE: 253.16
Epoch 439	LOSS: 67.96	MAE: 196.66	RMSE: 253.16
Epoch 440	LOSS: 65.99	MAE: 196.70	RMSE: 253.16
Epoch 441	LOSS: 66.06	MAE: 196.72	RMSE: 253.15
Epoch 442	LOSS: 67.42	MAE: 196.76	RMSE: 253.16
Epoch 443	LOSS: 67.14	MAE: 196.67	RMSE: 253.15
Epoch 444	LOSS: 66.68	MAE: 196.62	RMSE: 253.13
Epoch 445	LOSS: 65.76	MAE: 196.76	RMSE: 253.15
Epoch 446	LOSS: 66.22	MAE: 196.67	RMSE: 253.16
Epoch 447	LOSS: 66.22	MAE: 196.69	RMSE: 253.18
Epoch 448	LOSS: 66.65	MAE: 196.72	RMSE: 253.16
Epoch 449	LOSS: 67.04	MAE: 196.66	RMSE: 253.14
Epoch 450	LOSS: 65.98	MAE: 196.60	RMSE: 253.13
Epoch 451	LOSS: 66.82	MAE: 196.64	RMSE: 253.14
Epoch 452	LOSS: 66.01	MAE: 196.68	RMSE: 253.15
Epoch 453	LOSS: 66.23	MAE: 196.61	RMSE: 253.13
Epoch 454	LOSS: 66.06	MAE: 196.58	RMSE: 253.13
Epoch 455	LOSS: 67.26	MAE: 196.65	RMSE: 253.15
Epoch 456	LOSS: 65.51	MAE: 196.69	RMSE: 253.17
Epoch 457	LOSS: 66.64	MAE: 196.67	RMSE: 253.17
Epoch 458	LOSS: 65.54	MAE: 196.70	RMSE: 253.17
Epoch 459	LOSS: 66.50	MAE: 196.63	RMSE: 253.14
Epoch 460	LOSS: 66.10	MAE: 196.54	RMSE: 253.12
Epoch 461	LOSS: 66.29	MAE: 196.57	RMSE: 253.12
Epoch 462	LOSS: 66.15	MAE: 196.67	RMSE: 253.14
Epoch 463	LOSS: 66.72	MAE: 196.69	RMSE: 253.16
Epoch 464	LOSS: 66.36	MAE: 196.70	RMSE: 253.18
Epoch 465	LOSS: 66.46	MAE: 196.71	RMSE: 253.19
Epoch 466	LOSS: 65.50	MAE: 196.77	RMSE: 253.20
Epoch 467	LOSS: 66.93	MAE: 196.73	RMSE: 253.20
Epoch 468	LOSS: 65.53	MAE: 196.71	RMSE: 253.20
Epoch 469	LOSS: 66.12	MAE: 196.74	RMSE: 253.20
Epoch 470	LOSS: 66.30	MAE: 196.68	RMSE: 253.17
Epoch 471	LOSS: 65.84	MAE: 196.56	RMSE: 253.14
Epoch 472	LOSS: 65.30	MAE: 196.62	RMSE: 253.14
Epoch 473	LOSS: 65.97	MAE: 196.58	RMSE: 253.13
Epoch 474	LOSS: 65.57	MAE: 196.60	RMSE: 253.14
Epoch 475	LOSS: 65.76	MAE: 196.60	RMSE: 253.14
Epoch 476	LOSS: 65.61	MAE: 196.62	RMSE: 253.14
Epoch 477	LOSS: 65.19	MAE: 196.61	RMSE: 253.14
Epoch 478	LOSS: 66.71	MAE: 196.64	RMSE: 253.16
Epoch 479	LOSS: 66.86	MAE: 196.62	RMSE: 253.17
Epoch 480	LOSS: 65.79	MAE: 196.62	RMSE: 253.16
Epoch 481	LOSS: 66.47	MAE: 196.70	RMSE: 253.17
Epoch 482	LOSS: 65.64	MAE: 196.62	RMSE: 253.16
Epoch 483	LOSS: 66.09	MAE: 196.63	RMSE: 253.14
Epoch 484	LOSS: 65.55	MAE: 196.69	RMSE: 253.15
Epoch 485	LOSS: 65.54	MAE: 196.64	RMSE: 253.14
Epoch 486	LOSS: 65.93	MAE: 196.57	RMSE: 253.12
Epoch 487	LOSS: 66.06	MAE: 196.51	RMSE: 253.12
Epoch 488	LOSS: 65.55	MAE: 196.57	RMSE: 253.13
Epoch 489	LOSS: 66.45	MAE: 196.67	RMSE: 253.17
Epoch 490	LOSS: 65.34	MAE: 196.69	RMSE: 253.20
Epoch 491	LOSS: 65.93	MAE: 196.67	RMSE: 253.20
Epoch 492	LOSS: 67.05	MAE: 196.62	RMSE: 253.17
Epoch 493	LOSS: 66.38	MAE: 196.52	RMSE: 253.14
Epoch 494	LOSS: 67.11	MAE: 196.58	RMSE: 253.14
Epoch 495	LOSS: 66.06	MAE: 196.64	RMSE: 253.16
Epoch 496	LOSS: 66.84	MAE: 196.72	RMSE: 253.17
Epoch 497	LOSS: 66.25	MAE: 196.66	RMSE: 253.18
Epoch 498	LOSS: 65.86	MAE: 196.64	RMSE: 253.20
Epoch 499	LOSS: 67.37	MAE: 196.73	RMSE: 253.22
