Traceback (most recent call last):
  File "/home/guo/mmix/bilstm/main.py", line 56, in <module>
    seed = torch.Tensor(np.load(open('json/{}_{}.seed_{}'.format(args.data, args.pattern, args.k), 'rb'))).cuda()
FileNotFoundError: [Errno 2] No such file or directory: 'json/PEMS08_PatternB.seed_6'
Traceback (most recent call last):
  File "/home/guo/mmix/bilstm/main.py", line 56, in <module>
    seed = torch.Tensor(np.load(open('json/{}_{}.seed_{}'.format(args.data, args.pattern, args.k), 'rb'))).cuda()
FileNotFoundError: [Errno 2] No such file or directory: 'json/PEMS08_PatternC.seed_6'
Traceback (most recent call last):
  File "/home/guo/mmix/bilstm/main.py", line 56, in <module>
    seed = torch.Tensor(np.load(open('json/{}_{}.seed_{}'.format(args.data, args.pattern, args.k), 'rb'))).cuda()
FileNotFoundError: [Errno 2] No such file or directory: 'json/PEMS08_PatternB.seed_48'
Traceback (most recent call last):
  File "/home/guo/mmix/bilstm/main.py", line 56, in <module>
    seed = torch.Tensor(np.load(open('json/{}_{}.seed_{}'.format(args.data, args.pattern, args.k), 'rb'))).cuda()
FileNotFoundError: [Errno 2] No such file or directory: 'json/PEMS08_PatternC.seed_48'
Traceback (most recent call last):
  File "/home/guo/mmix/bilstm/main.py", line 56, in <module>
    seed = torch.Tensor(np.load(open('json/{}_{}.seed_{}'.format(args.data, args.pattern, args.k), 'rb'))).cuda()
FileNotFoundError: [Errno 2] No such file or directory: 'json/PEMS08_PatternB.seed_48'
Traceback (most recent call last):
  File "/home/guo/mmix/bilstm/main.py", line 56, in <module>
    seed = torch.Tensor(np.load(open('json/{}_{}.seed_{}'.format(args.data, args.pattern, args.k), 'rb'))).cuda()
FileNotFoundError: [Errno 2] No such file or directory: 'json/PEMS08_PatternC.seed_48'
Traceback (most recent call last):
  File "/home/guo/mmix/bilstm/main.py", line 56, in <module>
    seed = torch.Tensor(np.load(open('json/{}_{}.seed_{}'.format(args.data, args.pattern, args.k), 'rb'))).cuda()
FileNotFoundError: [Errno 2] No such file or directory: 'json/PEMS08_PatternB.seed_48'
Traceback (most recent call last):
  File "/home/guo/mmix/bilstm/main.py", line 56, in <module>
    seed = torch.Tensor(np.load(open('json/{}_{}.seed_{}'.format(args.data, args.pattern, args.k), 'rb'))).cuda()
FileNotFoundError: [Errno 2] No such file or directory: 'json/PEMS08_PatternC.seed_48'
Traceback (most recent call last):
  File "/home/guo/mmix/bilstm/main.py", line 56, in <module>
    seed = torch.Tensor(np.load(open('json/{}_{}.seed_{}'.format(args.data, args.pattern, args.k), 'rb'))).cuda()
FileNotFoundError: [Errno 2] No such file or directory: 'json/PEMS08_PatternB.seed_48'
Traceback (most recent call last):
  File "/home/guo/mmix/bilstm/main.py", line 56, in <module>
    seed = torch.Tensor(np.load(open('json/{}_{}.seed_{}'.format(args.data, args.pattern, args.k), 'rb'))).cuda()
FileNotFoundError: [Errno 2] No such file or directory: 'json/PEMS08_PatternC.seed_48'
Traceback (most recent call last):
  File "/home/guo/mmix/bilstm/main.py", line 56, in <module>
    seed = torch.Tensor(np.load(open('json/{}_{}.seed_{}'.format(args.data, args.pattern, args.k), 'rb'))).cuda()
FileNotFoundError: [Errno 2] No such file or directory: 'json/PEMS08_PatternB.seed_48'
Traceback (most recent call last):
  File "/home/guo/mmix/bilstm/main.py", line 56, in <module>
    seed = torch.Tensor(np.load(open('json/{}_{}.seed_{}'.format(args.data, args.pattern, args.k), 'rb'))).cuda()
FileNotFoundError: [Errno 2] No such file or directory: 'json/PEMS08_PatternC.seed_48'
