Epoch 000	LOSS: 85.44	MAE: 57.62	RMSE: 59.53
Epoch 001	LOSS: 67.81	MAE: 51.69	RMSE: 55.77
Epoch 002	LOSS: 25.31	MAE: 48.90	RMSE: 54.65
Epoch 003	LOSS: 17.97	MAE: 48.11	RMSE: 54.52
Epoch 004	LOSS: 17.85	MAE: 48.26	RMSE: 54.63
Epoch 005	LOSS: 16.12	MAE: 48.29	RMSE: 54.75
Epoch 006	LOSS: 14.69	MAE: 48.30	RMSE: 54.86
Epoch 007	LOSS: 13.53	MAE: 48.24	RMSE: 54.92
Epoch 008	LOSS: 12.45	MAE: 48.21	RMSE: 54.97
Epoch 009	LOSS: 12.22	MAE: 48.19	RMSE: 55.00
Epoch 010	LOSS: 19.32	MAE: 49.00	RMSE: 55.13
Epoch 011	LOSS: 16.99	MAE: 48.81	RMSE: 55.12
Epoch 012	LOSS: 14.55	MAE: 48.55	RMSE: 55.10
Epoch 013	LOSS: 14.82	MAE: 48.54	RMSE: 55.10
Epoch 014	LOSS: 14.18	MAE: 48.51	RMSE: 55.11
Epoch 015	LOSS: 13.84	MAE: 48.48	RMSE: 55.11
Epoch 016	LOSS: 18.18	MAE: 48.98	RMSE: 55.17
Epoch 017	LOSS: 18.26	MAE: 49.03	RMSE: 55.18
Epoch 018	LOSS: 13.66	MAE: 48.49	RMSE: 55.12
Epoch 019	LOSS: 12.89	MAE: 48.39	RMSE: 55.11
Epoch 020	LOSS: 13.34	MAE: 48.45	RMSE: 55.12
Epoch 021	LOSS: 16.88	MAE: 48.86	RMSE: 55.17
Epoch 022	LOSS: 15.77	MAE: 48.72	RMSE: 55.16
Epoch 023	LOSS: 16.44	MAE: 48.83	RMSE: 55.18
Epoch 024	LOSS: 16.42	MAE: 48.84	RMSE: 55.18
Epoch 025	LOSS: 16.00	MAE: 48.80	RMSE: 55.18
Epoch 026	LOSS: 16.18	MAE: 48.81	RMSE: 55.19
Epoch 027	LOSS: 16.73	MAE: 48.90	RMSE: 55.21
Epoch 028	LOSS: 16.71	MAE: 48.91	RMSE: 55.21
Epoch 029	LOSS: 15.90	MAE: 48.84	RMSE: 55.21
Epoch 030	LOSS: 16.78	MAE: 48.93	RMSE: 55.22
Epoch 031	LOSS: 17.06	MAE: 48.97	RMSE: 55.23
Epoch 032	LOSS: 14.98	MAE: 48.71	RMSE: 55.20
Epoch 033	LOSS: 15.27	MAE: 48.78	RMSE: 55.22
Epoch 034	LOSS: 16.70	MAE: 48.97	RMSE: 55.25
Epoch 035	LOSS: 19.82	MAE: 49.32	RMSE: 55.31
Epoch 036	LOSS: 12.90	MAE: 48.50	RMSE: 55.19
Epoch 037	LOSS: 13.19	MAE: 48.52	RMSE: 55.20
Epoch 038	LOSS: 16.80	MAE: 48.98	RMSE: 55.26
Epoch 039	LOSS: 21.63	MAE: 49.59	RMSE: 55.37
Epoch 040	LOSS: 18.80	MAE: 49.24	RMSE: 55.31
Epoch 041	LOSS: 17.45	MAE: 49.06	RMSE: 55.28
Epoch 042	LOSS: 16.25	MAE: 48.92	RMSE: 55.26
Epoch 043	LOSS: 16.59	MAE: 48.96	RMSE: 55.26
Epoch 044	LOSS: 16.03	MAE: 48.91	RMSE: 55.26
Epoch 045	LOSS: 17.11	MAE: 49.03	RMSE: 55.27
Epoch 046	LOSS: 14.81	MAE: 48.74	RMSE: 55.23
Epoch 047	LOSS: 15.17	MAE: 48.80	RMSE: 55.24
Epoch 048	LOSS: 18.36	MAE: 49.18	RMSE: 55.30
Epoch 049	LOSS: 17.93	MAE: 49.14	RMSE: 55.29
Epoch 050	LOSS: 14.53	MAE: 48.72	RMSE: 55.23
Epoch 051	LOSS: 14.90	MAE: 48.76	RMSE: 55.24
Epoch 052	LOSS: 18.52	MAE: 49.20	RMSE: 55.30
Epoch 053	LOSS: 18.15	MAE: 49.17	RMSE: 55.30
Epoch 054	LOSS: 14.30	MAE: 48.68	RMSE: 55.23
Epoch 055	LOSS: 14.74	MAE: 48.73	RMSE: 55.23
Epoch 056	LOSS: 18.92	MAE: 49.28	RMSE: 55.32
Epoch 057	LOSS: 18.46	MAE: 49.21	RMSE: 55.31
Epoch 058	LOSS: 14.49	MAE: 48.71	RMSE: 55.23
Epoch 059	LOSS: 14.58	MAE: 48.71	RMSE: 55.23
Epoch 060	LOSS: 18.37	MAE: 49.19	RMSE: 55.30
Epoch 061	LOSS: 18.27	MAE: 49.18	RMSE: 55.30
Epoch 062	LOSS: 14.12	MAE: 48.68	RMSE: 55.22
Epoch 063	LOSS: 14.67	MAE: 48.72	RMSE: 55.22
Epoch 064	LOSS: 18.54	MAE: 49.21	RMSE: 55.29
Epoch 065	LOSS: 17.72	MAE: 49.11	RMSE: 55.27
Epoch 066	LOSS: 13.91	MAE: 48.63	RMSE: 55.20
Epoch 067	LOSS: 14.60	MAE: 48.71	RMSE: 55.21
Epoch 068	LOSS: 18.11	MAE: 49.15	RMSE: 55.27
Epoch 069	LOSS: 16.98	MAE: 49.01	RMSE: 55.24
Epoch 070	LOSS: 14.67	MAE: 48.72	RMSE: 55.20
Epoch 071	LOSS: 14.16	MAE: 48.63	RMSE: 55.18
Epoch 072	LOSS: 17.79	MAE: 49.13	RMSE: 55.25
Epoch 073	LOSS: 15.97	MAE: 48.88	RMSE: 55.21
Epoch 074	LOSS: 14.33	MAE: 48.68	RMSE: 55.18
Epoch 075	LOSS: 14.80	MAE: 48.71	RMSE: 55.19
Epoch 076	LOSS: 15.75	MAE: 48.85	RMSE: 55.20
Epoch 077	LOSS: 14.89	MAE: 48.77	RMSE: 55.19
Epoch 078	LOSS: 16.32	MAE: 48.91	RMSE: 55.21
Epoch 079	LOSS: 14.01	MAE: 48.64	RMSE: 55.17
Epoch 080	LOSS: 13.70	MAE: 48.57	RMSE: 55.16
Epoch 081	LOSS: 18.40	MAE: 49.19	RMSE: 55.25
Epoch 082	LOSS: 16.57	MAE: 48.96	RMSE: 55.21
Epoch 083	LOSS: 16.42	MAE: 48.92	RMSE: 55.21
Epoch 084	LOSS: 16.75	MAE: 48.98	RMSE: 55.22
Epoch 085	LOSS: 13.88	MAE: 48.60	RMSE: 55.16
Epoch 086	LOSS: 14.18	MAE: 48.67	RMSE: 55.17
Epoch 087	LOSS: 15.14	MAE: 48.76	RMSE: 55.19
Epoch 088	LOSS: 15.85	MAE: 48.89	RMSE: 55.20
Epoch 089	LOSS: 17.28	MAE: 49.06	RMSE: 55.23
Epoch 090	LOSS: 15.70	MAE: 48.85	RMSE: 55.20
Epoch 091	LOSS: 13.73	MAE: 48.61	RMSE: 55.17
Epoch 092	LOSS: 14.10	MAE: 48.64	RMSE: 55.17
Epoch 093	LOSS: 16.47	MAE: 48.95	RMSE: 55.21
Epoch 094	LOSS: 16.53	MAE: 48.96	RMSE: 55.21
Epoch 095	LOSS: 13.91	MAE: 48.62	RMSE: 55.17
Epoch 096	LOSS: 13.73	MAE: 48.61	RMSE: 55.17
Epoch 097	LOSS: 16.68	MAE: 48.98	RMSE: 55.21
Epoch 098	LOSS: 16.40	MAE: 48.95	RMSE: 55.21
Epoch 099	LOSS: 14.13	MAE: 48.66	RMSE: 55.17
Epoch 100	LOSS: 13.40	MAE: 48.57	RMSE: 55.16
Epoch 101	LOSS: 16.80	MAE: 49.00	RMSE: 55.22
Epoch 102	LOSS: 14.38	MAE: 48.69	RMSE: 55.17
Epoch 103	LOSS: 13.80	MAE: 48.62	RMSE: 55.17
Epoch 104	LOSS: 15.96	MAE: 48.90	RMSE: 55.20
Epoch 105	LOSS: 16.77	MAE: 49.00	RMSE: 55.22
Epoch 106	LOSS: 14.14	MAE: 48.66	RMSE: 55.17
Epoch 107	LOSS: 14.04	MAE: 48.64	RMSE: 55.17
Epoch 108	LOSS: 15.47	MAE: 48.84	RMSE: 55.19
Epoch 109	LOSS: 16.95	MAE: 49.04	RMSE: 55.22
Epoch 110	LOSS: 12.89	MAE: 48.49	RMSE: 55.15
Epoch 111	LOSS: 13.73	MAE: 48.61	RMSE: 55.16
Epoch 112	LOSS: 16.59	MAE: 48.98	RMSE: 55.21
Epoch 113	LOSS: 15.87	MAE: 48.88	RMSE: 55.20
Epoch 114	LOSS: 13.47	MAE: 48.61	RMSE: 55.16
Epoch 115	LOSS: 13.97	MAE: 48.66	RMSE: 55.17
Epoch 116	LOSS: 15.92	MAE: 48.91	RMSE: 55.20
Epoch 117	LOSS: 16.38	MAE: 48.97	RMSE: 55.21
Epoch 118	LOSS: 12.08	MAE: 48.42	RMSE: 55.14
Epoch 119	LOSS: 15.80	MAE: 48.88	RMSE: 55.20
Epoch 120	LOSS: 16.86	MAE: 49.01	RMSE: 55.22
Epoch 121	LOSS: 16.71	MAE: 49.01	RMSE: 55.21
Epoch 122	LOSS: 15.41	MAE: 48.86	RMSE: 55.19
Epoch 123	LOSS: 13.59	MAE: 48.61	RMSE: 55.16
Epoch 124	LOSS: 13.75	MAE: 48.64	RMSE: 55.17
Epoch 125	LOSS: 15.57	MAE: 48.87	RMSE: 55.20
Epoch 126	LOSS: 16.36	MAE: 48.97	RMSE: 55.21
Epoch 127	LOSS: 15.65	MAE: 48.87	RMSE: 55.20
Epoch 128	LOSS: 14.78	MAE: 48.77	RMSE: 55.19
Epoch 129	LOSS: 15.84	MAE: 48.91	RMSE: 55.20
Epoch 130	LOSS: 12.93	MAE: 48.51	RMSE: 55.15
Epoch 131	LOSS: 14.51	MAE: 48.74	RMSE: 55.18
Epoch 132	LOSS: 14.44	MAE: 48.74	RMSE: 55.18
Epoch 133	LOSS: 13.26	MAE: 48.59	RMSE: 55.16
Epoch 134	LOSS: 13.39	MAE: 48.60	RMSE: 55.16
Epoch 135	LOSS: 14.89	MAE: 48.79	RMSE: 55.19
Epoch 136	LOSS: 15.05	MAE: 48.81	RMSE: 55.19
Epoch 137	LOSS: 14.70	MAE: 48.79	RMSE: 55.19
Epoch 138	LOSS: 16.91	MAE: 49.06	RMSE: 55.23
Epoch 139	LOSS: 16.07	MAE: 48.94	RMSE: 55.21
Epoch 140	LOSS: 14.31	MAE: 48.71	RMSE: 55.18
Epoch 141	LOSS: 13.32	MAE: 48.61	RMSE: 55.17
Epoch 142	LOSS: 15.85	MAE: 48.93	RMSE: 55.21
Epoch 143	LOSS: 16.00	MAE: 48.95	RMSE: 55.21
Epoch 144	LOSS: 13.77	MAE: 48.64	RMSE: 55.17
Epoch 145	LOSS: 12.98	MAE: 48.56	RMSE: 55.16
Epoch 146	LOSS: 17.20	MAE: 49.16	RMSE: 55.24
Epoch 147	LOSS: 13.85	MAE: 48.64	RMSE: 55.18
Epoch 148	LOSS: 14.58	MAE: 48.75	RMSE: 55.19
Epoch 149	LOSS: 14.52	MAE: 48.74	RMSE: 55.18
Epoch 150	LOSS: 17.87	MAE: 49.16	RMSE: 55.24
Epoch 151	LOSS: 15.61	MAE: 48.87	RMSE: 55.20
Epoch 152	LOSS: 13.06	MAE: 48.54	RMSE: 55.16
Epoch 153	LOSS: 14.12	MAE: 48.69	RMSE: 55.18
Epoch 154	LOSS: 14.60	MAE: 48.74	RMSE: 55.19
Epoch 155	LOSS: 14.61	MAE: 48.74	RMSE: 55.18
Epoch 156	LOSS: 14.27	MAE: 48.72	RMSE: 55.17
Epoch 157	LOSS: 14.42	MAE: 48.73	RMSE: 55.18
Epoch 158	LOSS: 15.14	MAE: 48.82	RMSE: 55.19
Epoch 159	LOSS: 14.17	MAE: 48.69	RMSE: 55.17
Epoch 160	LOSS: 13.84	MAE: 48.66	RMSE: 55.17
Epoch 161	LOSS: 15.18	MAE: 48.84	RMSE: 55.19
Epoch 162	LOSS: 15.22	MAE: 48.86	RMSE: 55.19
Epoch 163	LOSS: 14.16	MAE: 48.71	RMSE: 55.17
Epoch 164	LOSS: 14.57	MAE: 48.77	RMSE: 55.18
Epoch 165	LOSS: 14.96	MAE: 48.81	RMSE: 55.18
Epoch 166	LOSS: 14.39	MAE: 48.73	RMSE: 55.17
Epoch 167	LOSS: 13.78	MAE: 48.65	RMSE: 55.16
Epoch 168	LOSS: 14.66	MAE: 48.78	RMSE: 55.18
Epoch 169	LOSS: 15.19	MAE: 48.84	RMSE: 55.19
Epoch 170	LOSS: 14.43	MAE: 48.74	RMSE: 55.17
Epoch 171	LOSS: 14.78	MAE: 48.79	RMSE: 55.18
Epoch 172	LOSS: 16.37	MAE: 49.00	RMSE: 55.21
Epoch 173	LOSS: 15.70	MAE: 48.91	RMSE: 55.20
Epoch 174	LOSS: 12.90	MAE: 48.56	RMSE: 55.15
Epoch 175	LOSS: 13.79	MAE: 48.65	RMSE: 55.16
Epoch 176	LOSS: 15.29	MAE: 48.86	RMSE: 55.19
Epoch 177	LOSS: 15.30	MAE: 48.88	RMSE: 55.19
Epoch 178	LOSS: 13.35	MAE: 48.60	RMSE: 55.16
Epoch 179	LOSS: 16.11	MAE: 48.97	RMSE: 55.20
Epoch 180	LOSS: 15.87	MAE: 48.94	RMSE: 55.20
Epoch 181	LOSS: 12.53	MAE: 48.48	RMSE: 55.14
Epoch 182	LOSS: 13.55	MAE: 48.63	RMSE: 55.16
Epoch 183	LOSS: 15.81	MAE: 48.93	RMSE: 55.20
Epoch 184	LOSS: 15.84	MAE: 48.94	RMSE: 55.20
Epoch 185	LOSS: 13.49	MAE: 48.63	RMSE: 55.16
Epoch 186	LOSS: 13.79	MAE: 48.66	RMSE: 55.16
Epoch 187	LOSS: 15.87	MAE: 48.93	RMSE: 55.20
Epoch 188	LOSS: 15.93	MAE: 48.94	RMSE: 55.20
Epoch 189	LOSS: 14.67	MAE: 48.78	RMSE: 55.18
Epoch 190	LOSS: 17.65	MAE: 49.16	RMSE: 55.23
Epoch 191	LOSS: 17.39	MAE: 49.13	RMSE: 55.23
Epoch 192	LOSS: 13.45	MAE: 48.61	RMSE: 55.16
Epoch 193	LOSS: 11.26	MAE: 48.32	RMSE: 55.13
Epoch 194	LOSS: 12.50	MAE: 48.50	RMSE: 55.15
Epoch 195	LOSS: 16.05	MAE: 48.97	RMSE: 55.20
Epoch 196	LOSS: 17.35	MAE: 49.14	RMSE: 55.23
Epoch 197	LOSS: 16.50	MAE: 49.01	RMSE: 55.21
Epoch 198	LOSS: 13.84	MAE: 48.67	RMSE: 55.16
Epoch 199	LOSS: 11.85	MAE: 48.41	RMSE: 55.14
Epoch 200	LOSS: 13.73	MAE: 48.65	RMSE: 55.16
Epoch 201	LOSS: 15.81	MAE: 48.93	RMSE: 55.20
Epoch 202	LOSS: 18.61	MAE: 49.27	RMSE: 55.25
Epoch 203	LOSS: 16.67	MAE: 49.04	RMSE: 55.21
Epoch 204	LOSS: 13.69	MAE: 48.63	RMSE: 55.16
Epoch 205	LOSS: 11.73	MAE: 48.40	RMSE: 55.13
Epoch 206	LOSS: 11.76	MAE: 48.39	RMSE: 55.13
Epoch 207	LOSS: 15.86	MAE: 48.93	RMSE: 55.20
Epoch 208	LOSS: 17.21	MAE: 49.13	RMSE: 55.23
Epoch 209	LOSS: 16.55	MAE: 49.00	RMSE: 55.21
Epoch 210	LOSS: 13.20	MAE: 48.59	RMSE: 55.16
Epoch 211	LOSS: 11.81	MAE: 48.41	RMSE: 55.13
Epoch 212	LOSS: 12.52	MAE: 48.49	RMSE: 55.14
Epoch 213	LOSS: 16.81	MAE: 49.07	RMSE: 55.22
Epoch 214	LOSS: 16.28	MAE: 48.99	RMSE: 55.21
Epoch 215	LOSS: 17.68	MAE: 49.18	RMSE: 55.23
Epoch 216	LOSS: 13.90	MAE: 48.69	RMSE: 55.17
Epoch 217	LOSS: 11.81	MAE: 48.40	RMSE: 55.13
Epoch 218	LOSS: 13.34	MAE: 48.60	RMSE: 55.16
Epoch 219	LOSS: 16.36	MAE: 49.00	RMSE: 55.21
Epoch 220	LOSS: 16.57	MAE: 49.04	RMSE: 55.21
Epoch 221	LOSS: 17.66	MAE: 49.18	RMSE: 55.23
Epoch 222	LOSS: 14.29	MAE: 48.73	RMSE: 55.17
Epoch 223	LOSS: 11.35	MAE: 48.33	RMSE: 55.13
Epoch 224	LOSS: 12.46	MAE: 48.48	RMSE: 55.14
Epoch 225	LOSS: 16.07	MAE: 48.97	RMSE: 55.20
Epoch 226	LOSS: 17.33	MAE: 49.11	RMSE: 55.22
Epoch 227	LOSS: 16.56	MAE: 49.02	RMSE: 55.21
Epoch 228	LOSS: 13.44	MAE: 48.64	RMSE: 55.16
Epoch 229	LOSS: 11.41	MAE: 48.36	RMSE: 55.13
Epoch 230	LOSS: 13.40	MAE: 48.60	RMSE: 55.15
Epoch 231	LOSS: 15.79	MAE: 48.92	RMSE: 55.20
Epoch 232	LOSS: 15.80	MAE: 48.91	RMSE: 55.19
Epoch 233	LOSS: 15.15	MAE: 48.83	RMSE: 55.18
Epoch 234	LOSS: 14.88	MAE: 48.79	RMSE: 55.18
Epoch 235	LOSS: 12.34	MAE: 48.47	RMSE: 55.15
Epoch 236	LOSS: 12.06	MAE: 48.43	RMSE: 55.14
Epoch 237	LOSS: 15.68	MAE: 48.91	RMSE: 55.19
Epoch 238	LOSS: 17.03	MAE: 49.09	RMSE: 55.22
Epoch 239	LOSS: 16.12	MAE: 48.96	RMSE: 55.20
Epoch 240	LOSS: 13.15	MAE: 48.56	RMSE: 55.15
Epoch 241	LOSS: 11.43	MAE: 48.33	RMSE: 55.13
Epoch 242	LOSS: 13.06	MAE: 48.57	RMSE: 55.15
Epoch 243	LOSS: 16.94	MAE: 49.06	RMSE: 55.22
Epoch 244	LOSS: 18.27	MAE: 49.24	RMSE: 55.24
Epoch 245	LOSS: 15.22	MAE: 48.86	RMSE: 55.19
Epoch 246	LOSS: 12.51	MAE: 48.51	RMSE: 55.14
Epoch 247	LOSS: 11.80	MAE: 48.41	RMSE: 55.13
Epoch 248	LOSS: 12.21	MAE: 48.48	RMSE: 55.14
Epoch 249	LOSS: 15.45	MAE: 48.90	RMSE: 55.19
Epoch 250	LOSS: 17.19	MAE: 49.14	RMSE: 55.23
Epoch 251	LOSS: 15.70	MAE: 48.91	RMSE: 55.20
Epoch 252	LOSS: 13.85	MAE: 48.66	RMSE: 55.16
Epoch 253	LOSS: 12.02	MAE: 48.42	RMSE: 55.14
Epoch 254	LOSS: 12.93	MAE: 48.57	RMSE: 55.15
Epoch 255	LOSS: 15.62	MAE: 48.91	RMSE: 55.19
Epoch 256	LOSS: 16.86	MAE: 49.06	RMSE: 55.22
Epoch 257	LOSS: 15.44	MAE: 48.88	RMSE: 55.19
Epoch 258	LOSS: 13.95	MAE: 48.67	RMSE: 55.16
Epoch 259	LOSS: 11.80	MAE: 48.40	RMSE: 55.13
Epoch 260	LOSS: 13.51	MAE: 48.61	RMSE: 55.16
Epoch 261	LOSS: 14.61	MAE: 48.78	RMSE: 55.18
Epoch 262	LOSS: 16.75	MAE: 49.06	RMSE: 55.22
Epoch 263	LOSS: 16.44	MAE: 49.01	RMSE: 55.21
Epoch 264	LOSS: 13.13	MAE: 48.57	RMSE: 55.15
Epoch 265	LOSS: 11.90	MAE: 48.42	RMSE: 55.14
Epoch 266	LOSS: 14.33	MAE: 48.73	RMSE: 55.17
Epoch 267	LOSS: 14.16	MAE: 48.71	RMSE: 55.17
Epoch 268	LOSS: 15.79	MAE: 48.95	RMSE: 55.20
Epoch 269	LOSS: 15.21	MAE: 48.85	RMSE: 55.19
Epoch 270	LOSS: 14.96	MAE: 48.80	RMSE: 55.18
Epoch 271	LOSS: 12.73	MAE: 48.49	RMSE: 55.15
Epoch 272	LOSS: 12.94	MAE: 48.55	RMSE: 55.15
Epoch 273	LOSS: 13.26	MAE: 48.58	RMSE: 55.15
Epoch 274	LOSS: 15.87	MAE: 48.92	RMSE: 55.20
Epoch 275	LOSS: 17.53	MAE: 49.14	RMSE: 55.23
Epoch 276	LOSS: 14.77	MAE: 48.81	RMSE: 55.18
Epoch 277	LOSS: 15.00	MAE: 48.81	RMSE: 55.18
Epoch 278	LOSS: 11.84	MAE: 48.41	RMSE: 55.14
Epoch 279	LOSS: 13.62	MAE: 48.65	RMSE: 55.16
Epoch 280	LOSS: 17.63	MAE: 49.17	RMSE: 55.23
Epoch 281	LOSS: 14.76	MAE: 48.79	RMSE: 55.18
Epoch 282	LOSS: 12.46	MAE: 48.50	RMSE: 55.15
Epoch 283	LOSS: 13.35	MAE: 48.62	RMSE: 55.16
Epoch 284	LOSS: 14.11	MAE: 48.70	RMSE: 55.17
Epoch 285	LOSS: 12.31	MAE: 48.47	RMSE: 55.14
Epoch 286	LOSS: 15.87	MAE: 48.93	RMSE: 55.20
Epoch 287	LOSS: 15.77	MAE: 48.91	RMSE: 55.20
Epoch 288	LOSS: 13.36	MAE: 48.61	RMSE: 55.16
Epoch 289	LOSS: 15.81	MAE: 48.90	RMSE: 55.19
Epoch 290	LOSS: 14.08	MAE: 48.70	RMSE: 55.17
Epoch 291	LOSS: 13.33	MAE: 48.59	RMSE: 55.16
Epoch 292	LOSS: 14.55	MAE: 48.75	RMSE: 55.18
Epoch 293	LOSS: 16.07	MAE: 48.93	RMSE: 55.20
Epoch 294	LOSS: 17.00	MAE: 49.08	RMSE: 55.22
Epoch 295	LOSS: 13.04	MAE: 48.53	RMSE: 55.15
Epoch 296	LOSS: 12.77	MAE: 48.51	RMSE: 55.15
Epoch 297	LOSS: 15.81	MAE: 48.89	RMSE: 55.19
Epoch 298	LOSS: 15.86	MAE: 48.91	RMSE: 55.20
Epoch 299	LOSS: 13.25	MAE: 48.59	RMSE: 55.16
Epoch 300	LOSS: 12.61	MAE: 48.52	RMSE: 55.15
Epoch 301	LOSS: 16.05	MAE: 48.96	RMSE: 55.20
Epoch 302	LOSS: 15.99	MAE: 48.95	RMSE: 55.20
Epoch 303	LOSS: 12.80	MAE: 48.53	RMSE: 55.15
Epoch 304	LOSS: 13.53	MAE: 48.62	RMSE: 55.16
Epoch 305	LOSS: 15.65	MAE: 48.90	RMSE: 55.19
Epoch 306	LOSS: 17.82	MAE: 49.19	RMSE: 55.24
Epoch 307	LOSS: 15.23	MAE: 48.87	RMSE: 55.19
Epoch 308	LOSS: 15.22	MAE: 48.87	RMSE: 55.19
Epoch 309	LOSS: 14.95	MAE: 48.83	RMSE: 55.19
Epoch 310	LOSS: 17.88	MAE: 49.19	RMSE: 55.24
Epoch 311	LOSS: 16.76	MAE: 49.06	RMSE: 55.22
Epoch 312	LOSS: 15.23	MAE: 48.82	RMSE: 55.18
Epoch 313	LOSS: 13.64	MAE: 48.64	RMSE: 55.16
Epoch 314	LOSS: 12.22	MAE: 48.47	RMSE: 55.14
Epoch 315	LOSS: 13.54	MAE: 48.64	RMSE: 55.16
Epoch 316	LOSS: 16.03	MAE: 48.96	RMSE: 55.20
Epoch 317	LOSS: 15.16	MAE: 48.85	RMSE: 55.19
Epoch 318	LOSS: 13.88	MAE: 48.69	RMSE: 55.17
Epoch 319	LOSS: 15.97	MAE: 48.94	RMSE: 55.20
Epoch 320	LOSS: 16.27	MAE: 49.01	RMSE: 55.21
Epoch 321	LOSS: 13.96	MAE: 48.69	RMSE: 55.17
Epoch 322	LOSS: 14.53	MAE: 48.77	RMSE: 55.18
Epoch 323	LOSS: 13.92	MAE: 48.68	RMSE: 55.16
Epoch 324	LOSS: 15.00	MAE: 48.83	RMSE: 55.18
Epoch 325	LOSS: 17.73	MAE: 49.22	RMSE: 55.24
Epoch 326	LOSS: 16.87	MAE: 49.07	RMSE: 55.22
Epoch 327	LOSS: 14.52	MAE: 48.74	RMSE: 55.17
Epoch 328	LOSS: 14.52	MAE: 48.77	RMSE: 55.18
Epoch 329	LOSS: 13.25	MAE: 48.60	RMSE: 55.15
Epoch 330	LOSS: 17.00	MAE: 49.12	RMSE: 55.22
Epoch 331	LOSS: 14.19	MAE: 48.72	RMSE: 55.17
Epoch 332	LOSS: 14.31	MAE: 48.73	RMSE: 55.17
Epoch 333	LOSS: 14.93	MAE: 48.80	RMSE: 55.18
Epoch 334	LOSS: 13.45	MAE: 48.63	RMSE: 55.16
Epoch 335	LOSS: 12.56	MAE: 48.51	RMSE: 55.14
Epoch 336	LOSS: 14.67	MAE: 48.79	RMSE: 55.18
Epoch 337	LOSS: 16.35	MAE: 49.02	RMSE: 55.21
Epoch 338	LOSS: 19.12	MAE: 49.38	RMSE: 55.27
Epoch 339	LOSS: 13.00	MAE: 48.55	RMSE: 55.15
Epoch 340	LOSS: 9.55	MAE: 48.11	RMSE: 55.11
Epoch 341	LOSS: 12.20	MAE: 48.45	RMSE: 55.14
Epoch 342	LOSS: 14.14	MAE: 48.68	RMSE: 55.16
Epoch 343	LOSS: 14.91	MAE: 48.84	RMSE: 55.18
Epoch 344	LOSS: 13.77	MAE: 48.67	RMSE: 55.16
Epoch 345	LOSS: 15.11	MAE: 48.85	RMSE: 55.18
Epoch 346	LOSS: 17.51	MAE: 49.17	RMSE: 55.23
Epoch 347	LOSS: 15.63	MAE: 48.92	RMSE: 55.19
Epoch 348	LOSS: 15.95	MAE: 48.97	RMSE: 55.20
Epoch 349	LOSS: 14.06	MAE: 48.71	RMSE: 55.17
Epoch 350	LOSS: 15.05	MAE: 48.83	RMSE: 55.18
Epoch 351	LOSS: 14.82	MAE: 48.79	RMSE: 55.17
Epoch 352	LOSS: 14.96	MAE: 48.80	RMSE: 55.18
Epoch 353	LOSS: 12.55	MAE: 48.51	RMSE: 55.14
Epoch 354	LOSS: 13.37	MAE: 48.62	RMSE: 55.15
Epoch 355	LOSS: 14.25	MAE: 48.70	RMSE: 55.16
Epoch 356	LOSS: 15.95	MAE: 48.97	RMSE: 55.20
Epoch 357	LOSS: 15.93	MAE: 48.96	RMSE: 55.20
Epoch 358	LOSS: 13.15	MAE: 48.59	RMSE: 55.15
Epoch 359	LOSS: 13.23	MAE: 48.59	RMSE: 55.15
Epoch 360	LOSS: 17.21	MAE: 49.13	RMSE: 55.22
Epoch 361	LOSS: 15.06	MAE: 48.85	RMSE: 55.18
Epoch 362	LOSS: 13.24	MAE: 48.60	RMSE: 55.15
Epoch 363	LOSS: 16.34	MAE: 49.01	RMSE: 55.20
Epoch 364	LOSS: 15.55	MAE: 48.89	RMSE: 55.19
Epoch 365	LOSS: 17.16	MAE: 49.11	RMSE: 55.22
Epoch 366	LOSS: 15.90	MAE: 48.93	RMSE: 55.19
Epoch 367	LOSS: 17.48	MAE: 49.17	RMSE: 55.23
Epoch 368	LOSS: 12.98	MAE: 48.57	RMSE: 55.15
Epoch 369	LOSS: 13.25	MAE: 48.57	RMSE: 55.15
Epoch 370	LOSS: 13.03	MAE: 48.56	RMSE: 55.14
Epoch 371	LOSS: 16.38	MAE: 49.01	RMSE: 55.20
Epoch 372	LOSS: 17.21	MAE: 49.11	RMSE: 55.22
Epoch 373	LOSS: 16.89	MAE: 49.05	RMSE: 55.21
Epoch 374	LOSS: 13.29	MAE: 48.60	RMSE: 55.15
Epoch 375	LOSS: 13.31	MAE: 48.60	RMSE: 55.15
Epoch 376	LOSS: 13.78	MAE: 48.66	RMSE: 55.15
Epoch 377	LOSS: 14.50	MAE: 48.74	RMSE: 55.16
Epoch 378	LOSS: 17.36	MAE: 49.14	RMSE: 55.22
Epoch 379	LOSS: 15.60	MAE: 48.89	RMSE: 55.18
Epoch 380	LOSS: 12.22	MAE: 48.46	RMSE: 55.13
Epoch 381	LOSS: 12.15	MAE: 48.43	RMSE: 55.13
Epoch 382	LOSS: 17.13	MAE: 49.07	RMSE: 55.21
Epoch 383	LOSS: 14.35	MAE: 48.69	RMSE: 55.16
Epoch 384	LOSS: 13.39	MAE: 48.58	RMSE: 55.14
Epoch 385	LOSS: 15.13	MAE: 48.81	RMSE: 55.17
Epoch 386	LOSS: 19.95	MAE: 49.48	RMSE: 55.28
Epoch 387	LOSS: 17.29	MAE: 49.13	RMSE: 55.22
Epoch 388	LOSS: 15.20	MAE: 48.86	RMSE: 55.18
Epoch 389	LOSS: 13.94	MAE: 48.68	RMSE: 55.16
Epoch 390	LOSS: 14.56	MAE: 48.75	RMSE: 55.17
Epoch 391	LOSS: 13.91	MAE: 48.68	RMSE: 55.15
Epoch 392	LOSS: 9.22	MAE: 48.07	RMSE: 55.09
Epoch 393	LOSS: 12.96	MAE: 48.56	RMSE: 55.14
Epoch 394	LOSS: 14.25	MAE: 48.69	RMSE: 55.16
Epoch 395	LOSS: 13.94	MAE: 48.70	RMSE: 55.16
Epoch 396	LOSS: 14.09	MAE: 48.70	RMSE: 55.16
Epoch 397	LOSS: 15.88	MAE: 48.93	RMSE: 55.19
Epoch 398	LOSS: 16.71	MAE: 49.04	RMSE: 55.20
Epoch 399	LOSS: 15.16	MAE: 48.85	RMSE: 55.17
Epoch 400	LOSS: 15.78	MAE: 48.93	RMSE: 55.19
Epoch 401	LOSS: 14.60	MAE: 48.77	RMSE: 55.16
Epoch 402	LOSS: 13.39	MAE: 48.60	RMSE: 55.14
Epoch 403	LOSS: 13.02	MAE: 48.57	RMSE: 55.14
Epoch 404	LOSS: 15.62	MAE: 48.92	RMSE: 55.18
Epoch 405	LOSS: 14.50	MAE: 48.75	RMSE: 55.16
Epoch 406	LOSS: 16.43	MAE: 48.99	RMSE: 55.19
Epoch 407	LOSS: 16.81	MAE: 49.02	RMSE: 55.20
Epoch 408	LOSS: 12.82	MAE: 48.51	RMSE: 55.13
Epoch 409	LOSS: 11.87	MAE: 48.40	RMSE: 55.12
Epoch 410	LOSS: 12.70	MAE: 48.51	RMSE: 55.13
Epoch 411	LOSS: 15.92	MAE: 48.91	RMSE: 55.18
Epoch 412	LOSS: 17.17	MAE: 49.07	RMSE: 55.20
Epoch 413	LOSS: 16.27	MAE: 48.96	RMSE: 55.19
Epoch 414	LOSS: 13.57	MAE: 48.63	RMSE: 55.14
Epoch 415	LOSS: 12.17	MAE: 48.44	RMSE: 55.12
Epoch 416	LOSS: 13.30	MAE: 48.59	RMSE: 55.14
Epoch 417	LOSS: 16.08	MAE: 48.93	RMSE: 55.18
Epoch 418	LOSS: 15.11	MAE: 48.81	RMSE: 55.17
Epoch 419	LOSS: 17.10	MAE: 49.08	RMSE: 55.20
Epoch 420	LOSS: 11.99	MAE: 48.40	RMSE: 55.12
Epoch 421	LOSS: 10.94	MAE: 48.26	RMSE: 55.10
Epoch 422	LOSS: 11.71	MAE: 48.36	RMSE: 55.11
Epoch 423	LOSS: 14.73	MAE: 48.76	RMSE: 55.16
Epoch 424	LOSS: 14.27	MAE: 48.69	RMSE: 55.15
Epoch 425	LOSS: 12.33	MAE: 48.48	RMSE: 55.12
Epoch 426	LOSS: 16.57	MAE: 49.02	RMSE: 55.20
Epoch 427	LOSS: 16.51	MAE: 49.02	RMSE: 55.19
Epoch 428	LOSS: 12.57	MAE: 48.50	RMSE: 55.13
Epoch 429	LOSS: 13.05	MAE: 48.56	RMSE: 55.13
Epoch 430	LOSS: 16.37	MAE: 48.99	RMSE: 55.19
Epoch 431	LOSS: 16.03	MAE: 48.95	RMSE: 55.18
Epoch 432	LOSS: 12.87	MAE: 48.53	RMSE: 55.13
Epoch 433	LOSS: 13.09	MAE: 48.55	RMSE: 55.13
Epoch 434	LOSS: 15.76	MAE: 48.92	RMSE: 55.18
Epoch 435	LOSS: 15.68	MAE: 48.90	RMSE: 55.17
Epoch 436	LOSS: 13.04	MAE: 48.55	RMSE: 55.13
Epoch 437	LOSS: 13.74	MAE: 48.65	RMSE: 55.14
Epoch 438	LOSS: 14.67	MAE: 48.76	RMSE: 55.15
Epoch 439	LOSS: 15.70	MAE: 48.91	RMSE: 55.17
Epoch 440	LOSS: 13.90	MAE: 48.66	RMSE: 55.14
Epoch 441	LOSS: 14.73	MAE: 48.78	RMSE: 55.16
Epoch 442	LOSS: 15.27	MAE: 48.85	RMSE: 55.17
Epoch 443	LOSS: 15.72	MAE: 48.91	RMSE: 55.17
Epoch 444	LOSS: 13.74	MAE: 48.66	RMSE: 55.14
Epoch 445	LOSS: 14.20	MAE: 48.71	RMSE: 55.15
Epoch 446	LOSS: 14.93	MAE: 48.82	RMSE: 55.16
Epoch 447	LOSS: 13.99	MAE: 48.66	RMSE: 55.14
Epoch 448	LOSS: 13.15	MAE: 48.57	RMSE: 55.13
Epoch 449	LOSS: 15.12	MAE: 48.84	RMSE: 55.16
Epoch 450	LOSS: 16.52	MAE: 49.02	RMSE: 55.19
Epoch 451	LOSS: 15.34	MAE: 48.82	RMSE: 55.16
Epoch 452	LOSS: 17.88	MAE: 49.20	RMSE: 55.22
Epoch 453	LOSS: 14.26	MAE: 48.68	RMSE: 55.14
Epoch 454	LOSS: 14.55	MAE: 48.73	RMSE: 55.15
Epoch 455	LOSS: 12.24	MAE: 48.45	RMSE: 55.12
Epoch 456	LOSS: 11.84	MAE: 48.40	RMSE: 55.11
Epoch 457	LOSS: 13.84	MAE: 48.66	RMSE: 55.14
Epoch 458	LOSS: 12.83	MAE: 48.51	RMSE: 55.12
Epoch 459	LOSS: 16.29	MAE: 48.99	RMSE: 55.18
Epoch 460	LOSS: 13.43	MAE: 48.58	RMSE: 55.13
Epoch 461	LOSS: 12.63	MAE: 48.45	RMSE: 55.12
Epoch 462	LOSS: 11.80	MAE: 48.36	RMSE: 55.10
Epoch 463	LOSS: 15.40	MAE: 48.81	RMSE: 55.16
Epoch 464	LOSS: 13.92	MAE: 48.65	RMSE: 55.14
Epoch 465	LOSS: 15.05	MAE: 48.79	RMSE: 55.15
Epoch 466	LOSS: 13.13	MAE: 48.56	RMSE: 55.13
Epoch 467	LOSS: 12.82	MAE: 48.53	RMSE: 55.12
Epoch 468	LOSS: 14.90	MAE: 48.79	RMSE: 55.15
Epoch 469	LOSS: 14.89	MAE: 48.77	RMSE: 55.15
Epoch 470	LOSS: 15.83	MAE: 48.94	RMSE: 55.17
Epoch 471	LOSS: 14.96	MAE: 48.79	RMSE: 55.15
Epoch 472	LOSS: 13.85	MAE: 48.65	RMSE: 55.14
Epoch 473	LOSS: 13.87	MAE: 48.65	RMSE: 55.14
Epoch 474	LOSS: 15.02	MAE: 48.80	RMSE: 55.16
Epoch 475	LOSS: 13.98	MAE: 48.68	RMSE: 55.14
Epoch 476	LOSS: 15.49	MAE: 48.88	RMSE: 55.17
Epoch 477	LOSS: 16.86	MAE: 49.01	RMSE: 55.18
Epoch 478	LOSS: 15.44	MAE: 48.85	RMSE: 55.16
Epoch 479	LOSS: 13.98	MAE: 48.69	RMSE: 55.14
Epoch 480	LOSS: 14.75	MAE: 48.77	RMSE: 55.15
Epoch 481	LOSS: 13.65	MAE: 48.63	RMSE: 55.13
Epoch 482	LOSS: 15.34	MAE: 48.84	RMSE: 55.16
Epoch 483	LOSS: 13.88	MAE: 48.67	RMSE: 55.14
Epoch 484	LOSS: 14.40	MAE: 48.75	RMSE: 55.14
Epoch 485	LOSS: 14.51	MAE: 48.75	RMSE: 55.15
Epoch 486	LOSS: 12.74	MAE: 48.53	RMSE: 55.12
Epoch 487	LOSS: 14.78	MAE: 48.78	RMSE: 55.15
Epoch 488	LOSS: 13.44	MAE: 48.60	RMSE: 55.13
Epoch 489	LOSS: 17.27	MAE: 49.13	RMSE: 55.20
Epoch 490	LOSS: 17.63	MAE: 49.15	RMSE: 55.20
Epoch 491	LOSS: 15.41	MAE: 48.89	RMSE: 55.16
Epoch 492	LOSS: 13.72	MAE: 48.61	RMSE: 55.13
Epoch 493	LOSS: 10.80	MAE: 48.26	RMSE: 55.09
Epoch 494	LOSS: 13.30	MAE: 48.58	RMSE: 55.12
Epoch 495	LOSS: 16.27	MAE: 48.95	RMSE: 55.17
Epoch 496	LOSS: 14.91	MAE: 48.79	RMSE: 55.15
Epoch 497	LOSS: 13.09	MAE: 48.56	RMSE: 55.12
Epoch 498	LOSS: 13.05	MAE: 48.54	RMSE: 55.12
Epoch 499	LOSS: 10.65	MAE: 48.22	RMSE: 55.09
