Epoch 000	LOSS: 123.97	MAE: 62.16	RMSE: 62.92
Epoch 001	LOSS: 122.39	MAE: 61.58	RMSE: 62.35
Epoch 002	LOSS: 118.77	MAE: 60.03	RMSE: 60.83
Epoch 003	LOSS: 110.19	MAE: 56.54	RMSE: 57.42
Epoch 004	LOSS: 94.11	MAE: 49.46	RMSE: 50.59
Epoch 005	LOSS: 66.59	MAE: 36.84	RMSE: 38.45
Epoch 006	LOSS: 27.70	MAE: 18.37	RMSE: 22.11
Epoch 007	LOSS: 29.38	MAE: 16.32	RMSE: 20.32
Epoch 008	LOSS: 30.29	MAE: 16.92	RMSE: 20.60
Epoch 009	LOSS: 11.40	MAE: 10.89	RMSE: 18.27
Epoch 010	LOSS: 14.07	MAE: 13.17	RMSE: 19.61
Epoch 011	LOSS: 10.17	MAE: 11.06	RMSE: 19.03
Epoch 012	LOSS: 10.47	MAE: 10.86	RMSE: 18.94
Epoch 013	LOSS: 10.26	MAE: 10.89	RMSE: 18.99
Epoch 014	LOSS: 9.60	MAE: 10.89	RMSE: 19.33
Epoch 015	LOSS: 9.58	MAE: 11.03	RMSE: 19.51
Epoch 016	LOSS: 9.15	MAE: 10.99	RMSE: 19.57
Epoch 017	LOSS: 9.37	MAE: 11.12	RMSE: 19.73
Epoch 018	LOSS: 9.16	MAE: 11.07	RMSE: 19.81
Epoch 019	LOSS: 9.28	MAE: 11.14	RMSE: 19.94
Epoch 020	LOSS: 9.20	MAE: 11.14	RMSE: 20.06
Epoch 021	LOSS: 8.84	MAE: 11.19	RMSE: 20.13
Epoch 022	LOSS: 9.15	MAE: 11.19	RMSE: 20.23
Epoch 023	LOSS: 9.22	MAE: 11.19	RMSE: 20.29
Epoch 024	LOSS: 9.00	MAE: 11.24	RMSE: 20.36
Epoch 025	LOSS: 9.06	MAE: 11.24	RMSE: 20.41
Epoch 026	LOSS: 8.85	MAE: 11.28	RMSE: 20.47
Epoch 027	LOSS: 8.91	MAE: 11.30	RMSE: 20.53
Epoch 028	LOSS: 8.86	MAE: 11.29	RMSE: 20.58
Epoch 029	LOSS: 8.96	MAE: 11.33	RMSE: 20.63
Epoch 030	LOSS: 8.80	MAE: 11.36	RMSE: 20.71
Epoch 031	LOSS: 8.76	MAE: 11.38	RMSE: 20.76
Epoch 032	LOSS: 9.07	MAE: 11.41	RMSE: 20.82
Epoch 033	LOSS: 9.01	MAE: 11.44	RMSE: 20.89
Epoch 034	LOSS: 9.10	MAE: 11.49	RMSE: 20.96
Epoch 035	LOSS: 8.99	MAE: 11.49	RMSE: 21.02
Epoch 036	LOSS: 8.63	MAE: 11.53	RMSE: 21.11
Epoch 037	LOSS: 8.76	MAE: 11.58	RMSE: 21.17
Epoch 038	LOSS: 8.75	MAE: 11.59	RMSE: 21.23
Epoch 039	LOSS: 8.85	MAE: 11.60	RMSE: 21.31
Epoch 040	LOSS: 8.86	MAE: 11.62	RMSE: 21.35
Epoch 041	LOSS: 8.81	MAE: 11.67	RMSE: 21.41
Epoch 042	LOSS: 8.85	MAE: 11.66	RMSE: 21.46
Epoch 043	LOSS: 9.11	MAE: 11.71	RMSE: 21.55
Epoch 044	LOSS: 8.92	MAE: 11.73	RMSE: 21.59
Epoch 045	LOSS: 8.60	MAE: 11.76	RMSE: 21.65
Epoch 046	LOSS: 8.76	MAE: 11.75	RMSE: 21.67
Epoch 047	LOSS: 8.76	MAE: 11.79	RMSE: 21.74
Epoch 048	LOSS: 8.57	MAE: 11.82	RMSE: 21.78
Epoch 049	LOSS: 8.85	MAE: 11.80	RMSE: 21.83
Epoch 050	LOSS: 8.72	MAE: 11.83	RMSE: 21.89
Epoch 051	LOSS: 8.68	MAE: 11.87	RMSE: 21.95
Epoch 052	LOSS: 8.63	MAE: 11.87	RMSE: 22.01
Epoch 053	LOSS: 8.78	MAE: 11.88	RMSE: 22.04
Epoch 054	LOSS: 8.59	MAE: 11.91	RMSE: 22.10
Epoch 055	LOSS: 8.48	MAE: 11.91	RMSE: 22.13
Epoch 056	LOSS: 8.75	MAE: 11.94	RMSE: 22.17
Epoch 057	LOSS: 8.65	MAE: 11.94	RMSE: 22.20
Epoch 058	LOSS: 8.71	MAE: 11.97	RMSE: 22.25
Epoch 059	LOSS: 8.58	MAE: 12.03	RMSE: 22.30
Epoch 060	LOSS: 8.39	MAE: 12.01	RMSE: 22.32
Epoch 061	LOSS: 8.54	MAE: 12.04	RMSE: 22.37
Epoch 062	LOSS: 8.83	MAE: 12.01	RMSE: 22.40
Epoch 063	LOSS: 8.37	MAE: 12.03	RMSE: 22.45
Epoch 064	LOSS: 8.47	MAE: 12.03	RMSE: 22.49
Epoch 065	LOSS: 8.72	MAE: 12.06	RMSE: 22.52
Epoch 066	LOSS: 8.39	MAE: 12.08	RMSE: 22.56
Epoch 067	LOSS: 8.28	MAE: 12.11	RMSE: 22.60
Epoch 068	LOSS: 8.38	MAE: 12.12	RMSE: 22.65
Epoch 069	LOSS: 8.38	MAE: 12.12	RMSE: 22.68
Epoch 070	LOSS: 8.64	MAE: 12.14	RMSE: 22.73
Epoch 071	LOSS: 8.24	MAE: 12.14	RMSE: 22.75
Epoch 072	LOSS: 8.23	MAE: 12.17	RMSE: 22.81
Epoch 073	LOSS: 8.27	MAE: 12.20	RMSE: 22.86
Epoch 074	LOSS: 8.49	MAE: 12.32	RMSE: 22.91
Epoch 075	LOSS: 8.49	MAE: 12.23	RMSE: 22.94
Epoch 076	LOSS: 8.28	MAE: 12.27	RMSE: 23.00
Epoch 077	LOSS: 8.20	MAE: 12.25	RMSE: 23.01
Epoch 078	LOSS: 8.48	MAE: 12.30	RMSE: 23.06
Epoch 079	LOSS: 8.40	MAE: 12.30	RMSE: 23.10
Epoch 080	LOSS: 8.45	MAE: 12.35	RMSE: 23.15
Epoch 081	LOSS: 8.44	MAE: 12.35	RMSE: 23.20
Epoch 082	LOSS: 8.37	MAE: 12.36	RMSE: 23.24
Epoch 083	LOSS: 8.47	MAE: 12.37	RMSE: 23.27
Epoch 084	LOSS: 8.28	MAE: 12.40	RMSE: 23.31
Epoch 085	LOSS: 8.33	MAE: 12.41	RMSE: 23.32
Epoch 086	LOSS: 8.40	MAE: 12.41	RMSE: 23.35
Epoch 087	LOSS: 8.22	MAE: 12.41	RMSE: 23.36
Epoch 088	LOSS: 8.49	MAE: 12.42	RMSE: 23.37
Epoch 089	LOSS: 8.16	MAE: 12.43	RMSE: 23.41
Epoch 090	LOSS: 8.21	MAE: 12.44	RMSE: 23.42
Epoch 091	LOSS: 8.62	MAE: 12.45	RMSE: 23.44
Epoch 092	LOSS: 8.45	MAE: 12.47	RMSE: 23.47
Epoch 093	LOSS: 8.30	MAE: 12.47	RMSE: 23.49
Epoch 094	LOSS: 8.38	MAE: 12.47	RMSE: 23.51
Epoch 095	LOSS: 8.39	MAE: 12.50	RMSE: 23.52
Epoch 096	LOSS: 8.10	MAE: 12.48	RMSE: 23.55
Epoch 097	LOSS: 8.24	MAE: 12.51	RMSE: 23.58
Epoch 098	LOSS: 8.51	MAE: 12.52	RMSE: 23.61
Epoch 099	LOSS: 8.40	MAE: 12.51	RMSE: 23.62
Epoch 100	LOSS: 8.20	MAE: 12.51	RMSE: 23.64
Epoch 101	LOSS: 8.18	MAE: 12.53	RMSE: 23.66
Epoch 102	LOSS: 8.11	MAE: 12.54	RMSE: 23.68
Epoch 103	LOSS: 8.34	MAE: 12.55	RMSE: 23.71
Epoch 104	LOSS: 8.19	MAE: 12.57	RMSE: 23.74
Epoch 105	LOSS: 8.66	MAE: 12.56	RMSE: 23.75
Epoch 106	LOSS: 8.16	MAE: 12.58	RMSE: 23.78
Epoch 107	LOSS: 8.48	MAE: 12.57	RMSE: 23.78
Epoch 108	LOSS: 8.37	MAE: 12.57	RMSE: 23.78
Epoch 109	LOSS: 8.24	MAE: 12.56	RMSE: 23.78
Epoch 110	LOSS: 8.27	MAE: 12.61	RMSE: 23.79
Epoch 111	LOSS: 8.19	MAE: 12.60	RMSE: 23.79
Epoch 112	LOSS: 8.33	MAE: 12.61	RMSE: 23.82
Epoch 113	LOSS: 8.18	MAE: 12.61	RMSE: 23.82
Epoch 114	LOSS: 8.29	MAE: 12.60	RMSE: 23.83
Epoch 115	LOSS: 8.21	MAE: 12.59	RMSE: 23.85
Epoch 116	LOSS: 8.27	MAE: 12.60	RMSE: 23.86
Epoch 117	LOSS: 8.20	MAE: 12.61	RMSE: 23.89
Epoch 118	LOSS: 8.13	MAE: 12.62	RMSE: 23.91
Epoch 119	LOSS: 8.41	MAE: 12.65	RMSE: 23.92
Epoch 120	LOSS: 8.47	MAE: 12.64	RMSE: 23.96
Epoch 121	LOSS: 8.14	MAE: 12.66	RMSE: 24.00
Epoch 122	LOSS: 8.28	MAE: 12.68	RMSE: 24.01
Epoch 123	LOSS: 8.38	MAE: 12.65	RMSE: 24.02
Epoch 124	LOSS: 8.30	MAE: 12.68	RMSE: 24.04
Epoch 125	LOSS: 8.00	MAE: 12.67	RMSE: 24.05
Epoch 126	LOSS: 8.42	MAE: 12.69	RMSE: 24.09
Epoch 127	LOSS: 8.31	MAE: 12.70	RMSE: 24.08
Epoch 128	LOSS: 8.25	MAE: 12.69	RMSE: 24.09
Epoch 129	LOSS: 8.31	MAE: 12.68	RMSE: 24.08
Epoch 130	LOSS: 8.13	MAE: 12.71	RMSE: 24.09
Epoch 131	LOSS: 8.29	MAE: 12.69	RMSE: 24.09
Epoch 132	LOSS: 8.16	MAE: 12.71	RMSE: 24.09
Epoch 133	LOSS: 8.01	MAE: 12.67	RMSE: 24.07
Epoch 134	LOSS: 8.12	MAE: 12.67	RMSE: 24.09
Epoch 135	LOSS: 8.07	MAE: 12.68	RMSE: 24.10
Epoch 136	LOSS: 8.09	MAE: 12.70	RMSE: 24.12
Epoch 137	LOSS: 8.16	MAE: 12.69	RMSE: 24.14
Epoch 138	LOSS: 8.04	MAE: 12.71	RMSE: 24.16
Epoch 139	LOSS: 8.12	MAE: 12.68	RMSE: 24.13
Epoch 140	LOSS: 8.06	MAE: 12.70	RMSE: 24.16
Epoch 141	LOSS: 8.01	MAE: 12.71	RMSE: 24.20
Epoch 142	LOSS: 8.28	MAE: 12.72	RMSE: 24.22
Epoch 143	LOSS: 8.21	MAE: 12.70	RMSE: 24.20
Epoch 144	LOSS: 8.18	MAE: 12.70	RMSE: 24.21
Epoch 145	LOSS: 7.99	MAE: 12.73	RMSE: 24.24
Epoch 146	LOSS: 8.19	MAE: 12.73	RMSE: 24.24
Epoch 147	LOSS: 8.00	MAE: 12.72	RMSE: 24.26
Epoch 148	LOSS: 8.03	MAE: 12.73	RMSE: 24.28
Epoch 149	LOSS: 8.14	MAE: 12.73	RMSE: 24.28
Epoch 150	LOSS: 8.09	MAE: 12.73	RMSE: 24.31
Epoch 151	LOSS: 8.06	MAE: 12.73	RMSE: 24.34
Epoch 152	LOSS: 7.82	MAE: 12.72	RMSE: 24.33
Epoch 153	LOSS: 7.97	MAE: 12.73	RMSE: 24.34
Epoch 154	LOSS: 8.07	MAE: 12.73	RMSE: 24.35
Epoch 155	LOSS: 7.90	MAE: 12.75	RMSE: 24.38
Epoch 156	LOSS: 7.89	MAE: 12.77	RMSE: 24.38
Epoch 157	LOSS: 7.95	MAE: 12.77	RMSE: 24.41
Epoch 158	LOSS: 7.82	MAE: 12.75	RMSE: 24.46
Epoch 159	LOSS: 8.09	MAE: 12.78	RMSE: 24.44
Epoch 160	LOSS: 7.66	MAE: 12.77	RMSE: 24.45
Epoch 161	LOSS: 7.98	MAE: 12.83	RMSE: 24.47
Epoch 162	LOSS: 7.81	MAE: 12.79	RMSE: 24.51
Epoch 163	LOSS: 7.83	MAE: 12.79	RMSE: 24.54
Epoch 164	LOSS: 7.79	MAE: 12.80	RMSE: 24.55
Epoch 165	LOSS: 7.81	MAE: 12.79	RMSE: 24.58
Epoch 166	LOSS: 7.86	MAE: 12.82	RMSE: 24.57
Epoch 167	LOSS: 7.82	MAE: 12.80	RMSE: 24.59
Epoch 168	LOSS: 7.81	MAE: 12.79	RMSE: 24.59
Epoch 169	LOSS: 7.89	MAE: 12.80	RMSE: 24.63
Epoch 170	LOSS: 7.91	MAE: 12.82	RMSE: 24.64
Epoch 171	LOSS: 7.86	MAE: 12.81	RMSE: 24.64
Epoch 172	LOSS: 7.73	MAE: 12.83	RMSE: 24.65
Epoch 173	LOSS: 7.99	MAE: 12.82	RMSE: 24.68
Epoch 174	LOSS: 7.81	MAE: 12.83	RMSE: 24.71
Epoch 175	LOSS: 7.84	MAE: 12.85	RMSE: 24.72
Epoch 176	LOSS: 7.75	MAE: 12.89	RMSE: 24.74
Epoch 177	LOSS: 7.74	MAE: 12.84	RMSE: 24.77
Epoch 178	LOSS: 7.77	MAE: 12.86	RMSE: 24.76
Epoch 179	LOSS: 7.75	MAE: 12.87	RMSE: 24.76
Epoch 180	LOSS: 7.84	MAE: 12.86	RMSE: 24.78
Epoch 181	LOSS: 7.77	MAE: 12.85	RMSE: 24.79
Epoch 182	LOSS: 7.86	MAE: 12.85	RMSE: 24.79
Epoch 183	LOSS: 7.69	MAE: 12.84	RMSE: 24.79
Epoch 184	LOSS: 7.71	MAE: 12.87	RMSE: 24.83
Epoch 185	LOSS: 7.66	MAE: 12.88	RMSE: 24.83
Epoch 186	LOSS: 7.78	MAE: 12.87	RMSE: 24.84
Epoch 187	LOSS: 7.90	MAE: 12.87	RMSE: 24.85
Epoch 188	LOSS: 7.78	MAE: 12.87	RMSE: 24.83
Epoch 189	LOSS: 7.68	MAE: 12.88	RMSE: 24.85
Epoch 190	LOSS: 7.71	MAE: 12.88	RMSE: 24.87
Epoch 191	LOSS: 7.73	MAE: 12.86	RMSE: 24.83
Epoch 192	LOSS: 7.76	MAE: 12.91	RMSE: 24.84
Epoch 193	LOSS: 7.57	MAE: 12.84	RMSE: 24.82
Epoch 194	LOSS: 7.90	MAE: 12.84	RMSE: 24.82
Epoch 195	LOSS: 7.74	MAE: 12.87	RMSE: 24.87
Epoch 196	LOSS: 7.57	MAE: 12.86	RMSE: 24.88
Epoch 197	LOSS: 7.74	MAE: 12.88	RMSE: 24.88
Epoch 198	LOSS: 7.40	MAE: 12.85	RMSE: 24.88
Epoch 199	LOSS: 7.52	MAE: 12.85	RMSE: 24.85
Epoch 200	LOSS: 7.66	MAE: 12.85	RMSE: 24.87
Epoch 201	LOSS: 7.56	MAE: 12.86	RMSE: 24.86
Epoch 202	LOSS: 7.78	MAE: 12.85	RMSE: 24.88
Epoch 203	LOSS: 7.80	MAE: 12.85	RMSE: 24.87
Epoch 204	LOSS: 7.64	MAE: 12.85	RMSE: 24.88
Epoch 205	LOSS: 7.49	MAE: 12.86	RMSE: 24.87
Epoch 206	LOSS: 7.58	MAE: 12.85	RMSE: 24.89
Epoch 207	LOSS: 7.66	MAE: 12.85	RMSE: 24.92
Epoch 208	LOSS: 7.43	MAE: 12.84	RMSE: 24.90
Epoch 209	LOSS: 7.66	MAE: 12.84	RMSE: 24.90
Epoch 210	LOSS: 7.49	MAE: 12.85	RMSE: 24.92
Epoch 211	LOSS: 7.50	MAE: 12.84	RMSE: 24.93
Epoch 212	LOSS: 7.67	MAE: 12.84	RMSE: 24.94
Epoch 213	LOSS: 7.38	MAE: 12.86	RMSE: 24.93
Epoch 214	LOSS: 7.45	MAE: 12.83	RMSE: 24.92
Epoch 215	LOSS: 7.51	MAE: 12.81	RMSE: 24.91
Epoch 216	LOSS: 7.58	MAE: 12.82	RMSE: 24.91
Epoch 217	LOSS: 7.56	MAE: 12.82	RMSE: 24.94
Epoch 218	LOSS: 7.55	MAE: 12.87	RMSE: 24.94
Epoch 219	LOSS: 7.41	MAE: 12.82	RMSE: 24.95
Epoch 220	LOSS: 7.46	MAE: 12.84	RMSE: 24.97
Epoch 221	LOSS: 7.42	MAE: 12.83	RMSE: 24.95
Epoch 222	LOSS: 7.33	MAE: 12.83	RMSE: 24.97
Epoch 223	LOSS: 7.47	MAE: 12.81	RMSE: 24.97
Epoch 224	LOSS: 7.50	MAE: 12.81	RMSE: 24.98
Epoch 225	LOSS: 7.43	MAE: 12.82	RMSE: 24.96
Epoch 226	LOSS: 7.34	MAE: 12.81	RMSE: 24.96
Epoch 227	LOSS: 7.37	MAE: 12.84	RMSE: 24.97
Epoch 228	LOSS: 7.24	MAE: 12.82	RMSE: 24.97
Epoch 229	LOSS: 7.39	MAE: 12.79	RMSE: 24.97
Epoch 230	LOSS: 7.28	MAE: 12.83	RMSE: 24.99
Epoch 231	LOSS: 7.20	MAE: 12.83	RMSE: 24.99
Epoch 232	LOSS: 7.40	MAE: 12.83	RMSE: 25.00
Epoch 233	LOSS: 7.19	MAE: 12.83	RMSE: 24.98
Epoch 234	LOSS: 7.17	MAE: 12.79	RMSE: 24.96
Epoch 235	LOSS: 7.32	MAE: 12.79	RMSE: 24.96
Epoch 236	LOSS: 7.24	MAE: 12.81	RMSE: 24.96
Epoch 237	LOSS: 7.16	MAE: 12.80	RMSE: 24.96
Epoch 238	LOSS: 7.29	MAE: 12.81	RMSE: 24.97
Epoch 239	LOSS: 7.20	MAE: 12.80	RMSE: 24.97
Epoch 240	LOSS: 7.27	MAE: 12.79	RMSE: 24.96
Epoch 241	LOSS: 7.12	MAE: 12.78	RMSE: 24.96
Epoch 242	LOSS: 7.16	MAE: 12.76	RMSE: 24.97
Epoch 243	LOSS: 7.29	MAE: 12.77	RMSE: 24.97
Epoch 244	LOSS: 7.04	MAE: 12.76	RMSE: 24.94
Epoch 245	LOSS: 7.15	MAE: 12.75	RMSE: 24.94
Epoch 246	LOSS: 7.19	MAE: 12.75	RMSE: 24.95
Epoch 247	LOSS: 7.35	MAE: 12.84	RMSE: 24.97
Epoch 248	LOSS: 7.21	MAE: 12.72	RMSE: 24.92
Epoch 249	LOSS: 6.87	MAE: 12.73	RMSE: 24.91
Epoch 250	LOSS: 7.20	MAE: 12.73	RMSE: 24.90
Epoch 251	LOSS: 7.20	MAE: 12.75	RMSE: 24.93
Epoch 252	LOSS: 6.98	MAE: 12.73	RMSE: 24.96
Epoch 253	LOSS: 7.16	MAE: 12.76	RMSE: 24.93
Epoch 254	LOSS: 7.11	MAE: 12.75	RMSE: 24.95
Epoch 255	LOSS: 6.87	MAE: 12.73	RMSE: 24.96
Epoch 256	LOSS: 6.94	MAE: 12.71	RMSE: 24.95
Epoch 257	LOSS: 6.98	MAE: 12.72	RMSE: 24.96
Epoch 258	LOSS: 6.83	MAE: 12.72	RMSE: 24.94
Epoch 259	LOSS: 6.90	MAE: 12.71	RMSE: 24.95
Epoch 260	LOSS: 6.93	MAE: 12.76	RMSE: 24.96
Epoch 261	LOSS: 6.87	MAE: 12.75	RMSE: 24.96
Epoch 262	LOSS: 7.01	MAE: 12.72	RMSE: 24.97
Epoch 263	LOSS: 7.01	MAE: 12.70	RMSE: 24.95
Epoch 264	LOSS: 6.96	MAE: 12.70	RMSE: 24.95
Epoch 265	LOSS: 6.87	MAE: 12.69	RMSE: 24.94
Epoch 266	LOSS: 6.95	MAE: 12.68	RMSE: 24.93
Epoch 267	LOSS: 6.91	MAE: 12.71	RMSE: 24.91
Epoch 268	LOSS: 6.97	MAE: 12.68	RMSE: 24.93
Epoch 269	LOSS: 6.96	MAE: 12.67	RMSE: 24.92
Epoch 270	LOSS: 6.90	MAE: 12.68	RMSE: 24.92
Epoch 271	LOSS: 6.76	MAE: 12.70	RMSE: 24.93
Epoch 272	LOSS: 6.94	MAE: 12.68	RMSE: 24.92
Epoch 273	LOSS: 6.69	MAE: 12.65	RMSE: 24.90
Epoch 274	LOSS: 6.72	MAE: 12.67	RMSE: 24.90
Epoch 275	LOSS: 6.74	MAE: 12.64	RMSE: 24.89
Epoch 276	LOSS: 6.81	MAE: 12.63	RMSE: 24.90
Epoch 277	LOSS: 6.74	MAE: 12.64	RMSE: 24.91
Epoch 278	LOSS: 6.83	MAE: 12.66	RMSE: 24.91
Epoch 279	LOSS: 6.63	MAE: 12.63	RMSE: 24.93
Epoch 280	LOSS: 6.67	MAE: 12.66	RMSE: 24.91
Epoch 281	LOSS: 6.69	MAE: 12.63	RMSE: 24.91
Epoch 282	LOSS: 6.63	MAE: 12.61	RMSE: 24.89
Epoch 283	LOSS: 6.80	MAE: 12.61	RMSE: 24.89
Epoch 284	LOSS: 6.60	MAE: 12.60	RMSE: 24.91
Epoch 285	LOSS: 6.64	MAE: 12.60	RMSE: 24.91
Epoch 286	LOSS: 6.77	MAE: 12.62	RMSE: 24.90
Epoch 287	LOSS: 6.66	MAE: 12.59	RMSE: 24.88
Epoch 288	LOSS: 6.82	MAE: 12.62	RMSE: 24.88
Epoch 289	LOSS: 6.63	MAE: 12.60	RMSE: 24.89
Epoch 290	LOSS: 6.72	MAE: 12.56	RMSE: 24.87
Epoch 291	LOSS: 6.44	MAE: 12.57	RMSE: 24.87
Epoch 292	LOSS: 6.70	MAE: 12.61	RMSE: 24.91
Epoch 293	LOSS: 6.73	MAE: 12.60	RMSE: 24.91
Epoch 294	LOSS: 6.55	MAE: 12.59	RMSE: 24.92
Epoch 295	LOSS: 6.46	MAE: 12.61	RMSE: 24.91
Epoch 296	LOSS: 6.70	MAE: 12.59	RMSE: 24.92
Epoch 297	LOSS: 6.69	MAE: 12.57	RMSE: 24.90
Epoch 298	LOSS: 6.58	MAE: 12.56	RMSE: 24.89
Epoch 299	LOSS: 6.64	MAE: 12.58	RMSE: 24.90
Epoch 300	LOSS: 6.69	MAE: 12.60	RMSE: 24.92
Epoch 301	LOSS: 6.47	MAE: 12.56	RMSE: 24.90
Epoch 302	LOSS: 6.71	MAE: 12.57	RMSE: 24.89
Epoch 303	LOSS: 6.50	MAE: 12.56	RMSE: 24.89
Epoch 304	LOSS: 6.56	MAE: 12.56	RMSE: 24.89
Epoch 305	LOSS: 6.56	MAE: 12.54	RMSE: 24.87
Epoch 306	LOSS: 6.61	MAE: 12.56	RMSE: 24.89
Epoch 307	LOSS: 6.70	MAE: 12.56	RMSE: 24.91
Epoch 308	LOSS: 6.59	MAE: 12.55	RMSE: 24.91
Epoch 309	LOSS: 6.64	MAE: 12.55	RMSE: 24.91
Epoch 310	LOSS: 6.44	MAE: 12.56	RMSE: 24.89
Epoch 311	LOSS: 6.57	MAE: 12.56	RMSE: 24.90
Epoch 312	LOSS: 6.49	MAE: 12.57	RMSE: 24.91
Epoch 313	LOSS: 6.59	MAE: 12.59	RMSE: 24.90
Epoch 314	LOSS: 6.59	MAE: 12.56	RMSE: 24.89
Epoch 315	LOSS: 6.53	MAE: 12.55	RMSE: 24.90
Epoch 316	LOSS: 6.55	MAE: 12.54	RMSE: 24.90
Epoch 317	LOSS: 6.36	MAE: 12.54	RMSE: 24.91
Epoch 318	LOSS: 6.46	MAE: 12.56	RMSE: 24.92
Epoch 319	LOSS: 6.39	MAE: 12.53	RMSE: 24.90
Epoch 320	LOSS: 6.45	MAE: 12.52	RMSE: 24.88
Epoch 321	LOSS: 6.52	MAE: 12.53	RMSE: 24.88
Epoch 322	LOSS: 6.68	MAE: 12.55	RMSE: 24.89
Epoch 323	LOSS: 6.74	MAE: 12.63	RMSE: 24.89
Epoch 324	LOSS: 6.57	MAE: 12.55	RMSE: 24.88
Epoch 325	LOSS: 6.49	MAE: 12.54	RMSE: 24.88
Epoch 326	LOSS: 6.48	MAE: 12.55	RMSE: 24.91
Epoch 327	LOSS: 6.48	MAE: 12.55	RMSE: 24.91
Epoch 328	LOSS: 6.49	MAE: 12.55	RMSE: 24.89
Epoch 329	LOSS: 6.64	MAE: 12.52	RMSE: 24.88
Epoch 330	LOSS: 6.48	MAE: 12.53	RMSE: 24.89
Epoch 331	LOSS: 6.77	MAE: 12.55	RMSE: 24.90
Epoch 332	LOSS: 6.46	MAE: 12.54	RMSE: 24.90
Epoch 333	LOSS: 6.63	MAE: 12.57	RMSE: 24.91
Epoch 334	LOSS: 6.36	MAE: 12.53	RMSE: 24.90
Epoch 335	LOSS: 6.42	MAE: 12.52	RMSE: 24.90
Epoch 336	LOSS: 6.59	MAE: 12.52	RMSE: 24.90
Epoch 337	LOSS: 6.44	MAE: 12.54	RMSE: 24.90
Epoch 338	LOSS: 6.55	MAE: 12.53	RMSE: 24.92
Epoch 339	LOSS: 6.41	MAE: 12.51	RMSE: 24.88
Epoch 340	LOSS: 6.41	MAE: 12.53	RMSE: 24.89
Epoch 341	LOSS: 6.32	MAE: 12.54	RMSE: 24.92
Epoch 342	LOSS: 6.50	MAE: 12.51	RMSE: 24.89
Epoch 343	LOSS: 6.51	MAE: 12.53	RMSE: 24.89
Epoch 344	LOSS: 6.43	MAE: 12.53	RMSE: 24.90
Epoch 345	LOSS: 6.56	MAE: 12.55	RMSE: 24.92
Epoch 346	LOSS: 6.35	MAE: 12.56	RMSE: 24.93
Epoch 347	LOSS: 6.41	MAE: 12.52	RMSE: 24.90
Epoch 348	LOSS: 6.37	MAE: 12.53	RMSE: 24.90
Epoch 349	LOSS: 6.39	MAE: 12.52	RMSE: 24.91
Epoch 350	LOSS: 6.30	MAE: 12.52	RMSE: 24.90
Epoch 351	LOSS: 6.49	MAE: 12.51	RMSE: 24.89
Epoch 352	LOSS: 6.34	MAE: 12.52	RMSE: 24.89
Epoch 353	LOSS: 6.45	MAE: 12.53	RMSE: 24.90
Epoch 354	LOSS: 6.48	MAE: 12.52	RMSE: 24.91
Epoch 355	LOSS: 6.53	MAE: 12.58	RMSE: 24.91
Epoch 356	LOSS: 6.54	MAE: 12.50	RMSE: 24.90
Epoch 357	LOSS: 6.63	MAE: 12.51	RMSE: 24.87
Epoch 358	LOSS: 6.54	MAE: 12.53	RMSE: 24.89
Epoch 359	LOSS: 6.41	MAE: 12.59	RMSE: 24.91
Epoch 360	LOSS: 6.42	MAE: 12.55	RMSE: 24.89
Epoch 361	LOSS: 6.43	MAE: 12.51	RMSE: 24.87
Epoch 362	LOSS: 6.42	MAE: 12.52	RMSE: 24.92
Epoch 363	LOSS: 6.48	MAE: 12.55	RMSE: 24.93
Epoch 364	LOSS: 6.38	MAE: 12.53	RMSE: 24.90
Epoch 365	LOSS: 6.45	MAE: 12.51	RMSE: 24.89
Epoch 366	LOSS: 6.52	MAE: 12.52	RMSE: 24.90
Epoch 367	LOSS: 6.41	MAE: 12.49	RMSE: 24.89
Epoch 368	LOSS: 6.30	MAE: 12.52	RMSE: 24.90
Epoch 369	LOSS: 6.40	MAE: 12.51	RMSE: 24.88
Epoch 370	LOSS: 6.56	MAE: 12.53	RMSE: 24.89
Epoch 371	LOSS: 6.44	MAE: 12.54	RMSE: 24.89
Epoch 372	LOSS: 6.48	MAE: 12.54	RMSE: 24.88
Epoch 373	LOSS: 6.59	MAE: 12.52	RMSE: 24.91
Epoch 374	LOSS: 6.45	MAE: 12.51	RMSE: 24.91
Epoch 375	LOSS: 6.45	MAE: 12.53	RMSE: 24.90
Epoch 376	LOSS: 6.43	MAE: 12.52	RMSE: 24.91
Epoch 377	LOSS: 6.54	MAE: 12.50	RMSE: 24.89
Epoch 378	LOSS: 6.38	MAE: 12.52	RMSE: 24.87
Epoch 379	LOSS: 6.52	MAE: 12.53	RMSE: 24.88
Epoch 380	LOSS: 6.40	MAE: 12.51	RMSE: 24.91
Epoch 381	LOSS: 6.43	MAE: 12.54	RMSE: 24.95
Epoch 382	LOSS: 6.53	MAE: 12.50	RMSE: 24.93
Epoch 383	LOSS: 6.50	MAE: 12.54	RMSE: 24.93
Epoch 384	LOSS: 6.25	MAE: 12.53	RMSE: 24.91
Epoch 385	LOSS: 6.47	MAE: 12.50	RMSE: 24.90
Epoch 386	LOSS: 6.36	MAE: 12.52	RMSE: 24.87
Epoch 387	LOSS: 6.37	MAE: 12.49	RMSE: 24.85
Epoch 388	LOSS: 6.39	MAE: 12.51	RMSE: 24.85
Epoch 389	LOSS: 6.32	MAE: 12.52	RMSE: 24.88
Epoch 390	LOSS: 6.23	MAE: 12.51	RMSE: 24.91
Epoch 391	LOSS: 6.33	MAE: 12.52	RMSE: 24.89
Epoch 392	LOSS: 6.29	MAE: 12.53	RMSE: 24.91
Epoch 393	LOSS: 6.38	MAE: 12.51	RMSE: 24.91
Epoch 394	LOSS: 6.39	MAE: 12.51	RMSE: 24.90
Epoch 395	LOSS: 6.22	MAE: 12.49	RMSE: 24.90
Epoch 396	LOSS: 6.37	MAE: 12.48	RMSE: 24.88
Epoch 397	LOSS: 6.38	MAE: 12.51	RMSE: 24.88
Epoch 398	LOSS: 6.41	MAE: 12.50	RMSE: 24.89
Epoch 399	LOSS: 6.40	MAE: 12.52	RMSE: 24.90
Epoch 400	LOSS: 6.41	MAE: 12.54	RMSE: 24.90
Epoch 401	LOSS: 6.39	MAE: 12.49	RMSE: 24.89
Epoch 402	LOSS: 6.49	MAE: 12.53	RMSE: 24.90
Epoch 403	LOSS: 6.25	MAE: 12.52	RMSE: 24.89
Epoch 404	LOSS: 6.37	MAE: 12.51	RMSE: 24.88
Epoch 405	LOSS: 6.40	MAE: 12.51	RMSE: 24.90
Epoch 406	LOSS: 6.33	MAE: 12.52	RMSE: 24.91
Epoch 407	LOSS: 6.30	MAE: 12.51	RMSE: 24.94
Epoch 408	LOSS: 6.39	MAE: 12.51	RMSE: 24.91
Epoch 409	LOSS: 6.44	MAE: 12.49	RMSE: 24.90
Epoch 410	LOSS: 6.47	MAE: 12.52	RMSE: 24.90
Epoch 411	LOSS: 6.36	MAE: 12.48	RMSE: 24.87
Epoch 412	LOSS: 6.44	MAE: 12.47	RMSE: 24.86
Epoch 413	LOSS: 6.27	MAE: 12.47	RMSE: 24.86
Epoch 414	LOSS: 6.30	MAE: 12.46	RMSE: 24.87
Epoch 415	LOSS: 6.38	MAE: 12.48	RMSE: 24.89
Epoch 416	LOSS: 6.24	MAE: 12.49	RMSE: 24.91
Epoch 417	LOSS: 6.31	MAE: 12.52	RMSE: 24.94
Epoch 418	LOSS: 6.33	MAE: 12.50	RMSE: 24.91
Epoch 419	LOSS: 6.39	MAE: 12.48	RMSE: 24.92
Epoch 420	LOSS: 6.23	MAE: 12.48	RMSE: 24.91
Epoch 421	LOSS: 6.45	MAE: 12.54	RMSE: 24.91
Epoch 422	LOSS: 6.25	MAE: 12.52	RMSE: 24.90
Epoch 423	LOSS: 6.32	MAE: 12.48	RMSE: 24.87
Epoch 424	LOSS: 6.37	MAE: 12.47	RMSE: 24.87
Epoch 425	LOSS: 6.39	MAE: 12.50	RMSE: 24.89
Epoch 426	LOSS: 6.29	MAE: 12.47	RMSE: 24.88
Epoch 427	LOSS: 6.38	MAE: 12.45	RMSE: 24.86
Epoch 428	LOSS: 6.37	MAE: 12.46	RMSE: 24.86
Epoch 429	LOSS: 6.32	MAE: 12.47	RMSE: 24.88
Epoch 430	LOSS: 6.39	MAE: 12.48	RMSE: 24.91
Epoch 431	LOSS: 6.34	MAE: 12.46	RMSE: 24.90
Epoch 432	LOSS: 6.24	MAE: 12.48	RMSE: 24.91
Epoch 433	LOSS: 6.29	MAE: 12.47	RMSE: 24.90
Epoch 434	LOSS: 6.33	MAE: 12.49	RMSE: 24.91
Epoch 435	LOSS: 6.16	MAE: 12.48	RMSE: 24.91
Epoch 436	LOSS: 6.37	MAE: 12.51	RMSE: 24.91
Epoch 437	LOSS: 6.26	MAE: 12.47	RMSE: 24.91
Epoch 438	LOSS: 6.30	MAE: 12.48	RMSE: 24.92
Epoch 439	LOSS: 6.37	MAE: 12.50	RMSE: 24.93
Epoch 440	LOSS: 6.30	MAE: 12.46	RMSE: 24.90
Epoch 441	LOSS: 6.21	MAE: 12.47	RMSE: 24.90
Epoch 442	LOSS: 6.35	MAE: 12.46	RMSE: 24.90
Epoch 443	LOSS: 6.33	MAE: 12.48	RMSE: 24.92
Epoch 444	LOSS: 6.28	MAE: 12.47	RMSE: 24.91
Epoch 445	LOSS: 6.32	MAE: 12.47	RMSE: 24.87
Epoch 446	LOSS: 6.25	MAE: 12.46	RMSE: 24.87
Epoch 447	LOSS: 6.21	MAE: 12.51	RMSE: 24.91
Epoch 448	LOSS: 6.33	MAE: 12.47	RMSE: 24.90
Epoch 449	LOSS: 6.22	MAE: 12.46	RMSE: 24.91
Epoch 450	LOSS: 6.25	MAE: 12.47	RMSE: 24.91
Epoch 451	LOSS: 6.19	MAE: 12.45	RMSE: 24.90
Epoch 452	LOSS: 6.01	MAE: 12.45	RMSE: 24.89
Epoch 453	LOSS: 6.20	MAE: 12.45	RMSE: 24.91
Epoch 454	LOSS: 6.27	MAE: 12.49	RMSE: 24.88
Epoch 455	LOSS: 6.23	MAE: 12.43	RMSE: 24.87
Epoch 456	LOSS: 6.22	MAE: 12.45	RMSE: 24.87
Epoch 457	LOSS: 6.30	MAE: 12.45	RMSE: 24.88
Epoch 458	LOSS: 6.14	MAE: 12.44	RMSE: 24.89
Epoch 459	LOSS: 6.14	MAE: 12.45	RMSE: 24.90
Epoch 460	LOSS: 6.12	MAE: 12.47	RMSE: 24.92
Epoch 461	LOSS: 6.13	MAE: 12.46	RMSE: 24.92
Epoch 462	LOSS: 6.12	MAE: 12.47	RMSE: 24.92
Epoch 463	LOSS: 6.28	MAE: 12.45	RMSE: 24.90
Epoch 464	LOSS: 6.26	MAE: 12.48	RMSE: 24.90
Epoch 465	LOSS: 6.34	MAE: 12.48	RMSE: 24.92
Epoch 466	LOSS: 6.35	MAE: 12.44	RMSE: 24.92
Epoch 467	LOSS: 6.23	MAE: 12.47	RMSE: 24.91
Epoch 468	LOSS: 6.31	MAE: 12.43	RMSE: 24.89
Epoch 469	LOSS: 6.25	MAE: 12.45	RMSE: 24.90
Epoch 470	LOSS: 6.26	MAE: 12.46	RMSE: 24.90
Epoch 471	LOSS: 6.16	MAE: 12.44	RMSE: 24.88
Epoch 472	LOSS: 6.27	MAE: 12.44	RMSE: 24.90
Epoch 473	LOSS: 6.19	MAE: 12.45	RMSE: 24.91
Epoch 474	LOSS: 6.20	MAE: 12.47	RMSE: 24.91
Epoch 475	LOSS: 6.17	MAE: 12.49	RMSE: 24.93
Epoch 476	LOSS: 6.21	MAE: 12.50	RMSE: 24.94
Epoch 477	LOSS: 6.21	MAE: 12.49	RMSE: 24.92
Epoch 478	LOSS: 6.29	MAE: 12.48	RMSE: 24.93
Epoch 479	LOSS: 6.30	MAE: 12.47	RMSE: 24.93
Epoch 480	LOSS: 6.17	MAE: 12.48	RMSE: 24.93
Epoch 481	LOSS: 6.08	MAE: 12.46	RMSE: 24.91
Epoch 482	LOSS: 6.10	MAE: 12.46	RMSE: 24.91
Epoch 483	LOSS: 6.14	MAE: 12.45	RMSE: 24.90
Epoch 484	LOSS: 6.08	MAE: 12.48	RMSE: 24.91
Epoch 485	LOSS: 6.18	MAE: 12.48	RMSE: 24.91
Epoch 486	LOSS: 6.21	MAE: 12.44	RMSE: 24.91
Epoch 487	LOSS: 6.17	MAE: 12.50	RMSE: 24.92
Epoch 488	LOSS: 6.40	MAE: 12.49	RMSE: 24.92
Epoch 489	LOSS: 6.29	MAE: 12.49	RMSE: 24.92
Epoch 490	LOSS: 6.11	MAE: 12.44	RMSE: 24.91
Epoch 491	LOSS: 6.39	MAE: 12.45	RMSE: 24.92
Epoch 492	LOSS: 6.34	MAE: 12.46	RMSE: 24.92
Epoch 493	LOSS: 6.17	MAE: 12.48	RMSE: 24.93
Epoch 494	LOSS: 6.13	MAE: 12.45	RMSE: 24.91
Epoch 495	LOSS: 6.15	MAE: 12.47	RMSE: 24.95
Epoch 496	LOSS: 6.08	MAE: 12.45	RMSE: 24.93
Epoch 497	LOSS: 6.24	MAE: 12.47	RMSE: 24.93
Epoch 498	LOSS: 6.28	MAE: 12.50	RMSE: 24.94
Epoch 499	LOSS: 6.08	MAE: 12.47	RMSE: 24.94
