Epoch 000	LOSS: 216.33	MAE: 250.08	RMSE: 293.67
Epoch 001	LOSS: 215.12	MAE: 248.60	RMSE: 292.38
Epoch 002	LOSS: 214.68	MAE: 248.21	RMSE: 292.05
Epoch 003	LOSS: 219.01	MAE: 247.98	RMSE: 291.84
Epoch 004	LOSS: 214.90	MAE: 247.73	RMSE: 291.62
Epoch 005	LOSS: 215.41	MAE: 247.47	RMSE: 291.41
Epoch 006	LOSS: 212.83	MAE: 247.23	RMSE: 291.19
Epoch 007	LOSS: 214.98	MAE: 246.97	RMSE: 290.97
Epoch 008	LOSS: 213.58	MAE: 246.71	RMSE: 290.74
Epoch 009	LOSS: 215.96	MAE: 246.45	RMSE: 290.52
Epoch 010	LOSS: 212.79	MAE: 246.18	RMSE: 290.28
Epoch 011	LOSS: 211.64	MAE: 245.91	RMSE: 290.05
Epoch 012	LOSS: 212.32	MAE: 245.64	RMSE: 289.81
Epoch 013	LOSS: 214.89	MAE: 245.36	RMSE: 289.57
Epoch 014	LOSS: 211.18	MAE: 245.07	RMSE: 289.32
Epoch 015	LOSS: 212.70	MAE: 244.79	RMSE: 289.07
Epoch 016	LOSS: 215.30	MAE: 244.50	RMSE: 288.82
Epoch 017	LOSS: 210.70	MAE: 244.20	RMSE: 288.56
Epoch 018	LOSS: 212.50	MAE: 243.90	RMSE: 288.30
Epoch 019	LOSS: 212.56	MAE: 243.60	RMSE: 288.03
Epoch 020	LOSS: 215.37	MAE: 243.29	RMSE: 287.76
Epoch 021	LOSS: 210.17	MAE: 242.98	RMSE: 287.49
Epoch 022	LOSS: 210.01	MAE: 242.67	RMSE: 287.22
Epoch 023	LOSS: 210.25	MAE: 242.35	RMSE: 286.94
Epoch 024	LOSS: 212.36	MAE: 242.02	RMSE: 286.65
Epoch 025	LOSS: 215.30	MAE: 241.69	RMSE: 286.36
Epoch 026	LOSS: 208.99	MAE: 241.36	RMSE: 286.07
Epoch 027	LOSS: 206.10	MAE: 241.03	RMSE: 285.78
Epoch 028	LOSS: 211.01	MAE: 240.68	RMSE: 285.48
Epoch 029	LOSS: 211.83	MAE: 240.34	RMSE: 285.18
Epoch 030	LOSS: 207.72	MAE: 239.99	RMSE: 284.87
Epoch 031	LOSS: 210.73	MAE: 239.64	RMSE: 284.56
Epoch 032	LOSS: 209.85	MAE: 239.28	RMSE: 284.24
Epoch 033	LOSS: 208.22	MAE: 238.92	RMSE: 283.93
Epoch 034	LOSS: 206.29	MAE: 238.55	RMSE: 283.60
Epoch 035	LOSS: 207.38	MAE: 238.19	RMSE: 283.28
Epoch 036	LOSS: 205.71	MAE: 237.81	RMSE: 282.95
Epoch 037	LOSS: 203.10	MAE: 237.44	RMSE: 282.62
Epoch 038	LOSS: 204.03	MAE: 237.05	RMSE: 282.28
Epoch 039	LOSS: 204.36	MAE: 236.67	RMSE: 281.94
Epoch 040	LOSS: 205.36	MAE: 236.28	RMSE: 281.60
Epoch 041	LOSS: 203.54	MAE: 235.89	RMSE: 281.25
Epoch 042	LOSS: 207.33	MAE: 235.49	RMSE: 280.90
Epoch 043	LOSS: 203.52	MAE: 235.09	RMSE: 280.55
Epoch 044	LOSS: 208.05	MAE: 234.69	RMSE: 280.19
Epoch 045	LOSS: 202.01	MAE: 234.28	RMSE: 279.83
Epoch 046	LOSS: 200.10	MAE: 233.87	RMSE: 279.47
Epoch 047	LOSS: 203.25	MAE: 233.46	RMSE: 279.10
Epoch 048	LOSS: 202.34	MAE: 233.04	RMSE: 278.73
Epoch 049	LOSS: 201.23	MAE: 232.62	RMSE: 278.36
Epoch 050	LOSS: 199.49	MAE: 232.20	RMSE: 277.98
Epoch 051	LOSS: 202.76	MAE: 231.77	RMSE: 277.60
Epoch 052	LOSS: 198.71	MAE: 231.35	RMSE: 277.22
Epoch 053	LOSS: 200.87	MAE: 230.91	RMSE: 276.83
Epoch 054	LOSS: 199.02	MAE: 230.48	RMSE: 276.44
Epoch 055	LOSS: 201.45	MAE: 230.04	RMSE: 276.05
Epoch 056	LOSS: 199.40	MAE: 229.60	RMSE: 275.65
Epoch 057	LOSS: 199.73	MAE: 229.15	RMSE: 275.25
Epoch 058	LOSS: 198.31	MAE: 228.70	RMSE: 274.85
Epoch 059	LOSS: 197.36	MAE: 228.25	RMSE: 274.45
Epoch 060	LOSS: 196.52	MAE: 227.79	RMSE: 274.04
Epoch 061	LOSS: 195.81	MAE: 227.34	RMSE: 273.63
Epoch 062	LOSS: 199.24	MAE: 226.88	RMSE: 273.21
Epoch 063	LOSS: 195.74	MAE: 226.42	RMSE: 272.80
Epoch 064	LOSS: 194.58	MAE: 225.95	RMSE: 272.38
Epoch 065	LOSS: 193.42	MAE: 225.48	RMSE: 271.96
Epoch 066	LOSS: 195.93	MAE: 225.01	RMSE: 271.53
Epoch 067	LOSS: 193.90	MAE: 224.54	RMSE: 271.11
Epoch 068	LOSS: 191.18	MAE: 224.07	RMSE: 270.68
Epoch 069	LOSS: 192.79	MAE: 223.59	RMSE: 270.24
Epoch 070	LOSS: 196.36	MAE: 223.11	RMSE: 269.81
Epoch 071	LOSS: 194.08	MAE: 222.63	RMSE: 269.37
Epoch 072	LOSS: 192.49	MAE: 222.14	RMSE: 268.93
Epoch 073	LOSS: 193.95	MAE: 221.65	RMSE: 268.49
Epoch 074	LOSS: 190.94	MAE: 221.17	RMSE: 268.04
Epoch 075	LOSS: 190.36	MAE: 220.67	RMSE: 267.59
Epoch 076	LOSS: 190.97	MAE: 220.18	RMSE: 267.14
Epoch 077	LOSS: 189.96	MAE: 219.69	RMSE: 266.69
Epoch 078	LOSS: 185.73	MAE: 219.19	RMSE: 266.24
Epoch 079	LOSS: 189.88	MAE: 218.69	RMSE: 265.78
Epoch 080	LOSS: 185.61	MAE: 218.19	RMSE: 265.32
Epoch 081	LOSS: 187.91	MAE: 217.69	RMSE: 264.86
Epoch 082	LOSS: 185.52	MAE: 217.18	RMSE: 264.39
Epoch 083	LOSS: 186.22	MAE: 216.68	RMSE: 263.92
Epoch 084	LOSS: 186.40	MAE: 216.17	RMSE: 263.46
Epoch 085	LOSS: 185.52	MAE: 215.66	RMSE: 262.99
Epoch 086	LOSS: 182.26	MAE: 215.15	RMSE: 262.51
Epoch 087	LOSS: 181.13	MAE: 214.64	RMSE: 262.04
Epoch 088	LOSS: 183.43	MAE: 214.13	RMSE: 261.56
Epoch 089	LOSS: 187.44	MAE: 213.61	RMSE: 261.08
Epoch 090	LOSS: 183.87	MAE: 213.10	RMSE: 260.60
Epoch 091	LOSS: 182.85	MAE: 212.58	RMSE: 260.12
Epoch 092	LOSS: 179.83	MAE: 212.06	RMSE: 259.63
Epoch 093	LOSS: 177.76	MAE: 211.54	RMSE: 259.14
Epoch 094	LOSS: 180.53	MAE: 211.02	RMSE: 258.66
Epoch 095	LOSS: 180.38	MAE: 210.50	RMSE: 258.17
Epoch 096	LOSS: 178.88	MAE: 209.97	RMSE: 257.67
Epoch 097	LOSS: 180.70	MAE: 209.45	RMSE: 257.18
Epoch 098	LOSS: 179.65	MAE: 208.92	RMSE: 256.68
Epoch 099	LOSS: 176.53	MAE: 208.40	RMSE: 256.19
Epoch 100	LOSS: 178.29	MAE: 207.87	RMSE: 255.69
Epoch 101	LOSS: 177.61	MAE: 207.34	RMSE: 255.19
Epoch 102	LOSS: 176.94	MAE: 206.81	RMSE: 254.68
Epoch 103	LOSS: 174.83	MAE: 206.28	RMSE: 254.18
Epoch 104	LOSS: 174.53	MAE: 205.75	RMSE: 253.67
Epoch 105	LOSS: 176.03	MAE: 205.22	RMSE: 253.16
Epoch 106	LOSS: 174.33	MAE: 204.69	RMSE: 252.65
Epoch 107	LOSS: 173.34	MAE: 204.15	RMSE: 252.14
Epoch 108	LOSS: 174.60	MAE: 203.62	RMSE: 251.63
Epoch 109	LOSS: 172.23	MAE: 203.09	RMSE: 251.12
Epoch 110	LOSS: 172.73	MAE: 202.55	RMSE: 250.61
Epoch 111	LOSS: 173.39	MAE: 202.02	RMSE: 250.09
Epoch 112	LOSS: 173.01	MAE: 201.48	RMSE: 249.57
Epoch 113	LOSS: 172.27	MAE: 200.95	RMSE: 249.06
Epoch 114	LOSS: 173.93	MAE: 200.41	RMSE: 248.54
Epoch 115	LOSS: 169.19	MAE: 199.87	RMSE: 248.02
Epoch 116	LOSS: 167.69	MAE: 199.34	RMSE: 247.50
Epoch 117	LOSS: 167.60	MAE: 198.80	RMSE: 246.98
Epoch 118	LOSS: 169.79	MAE: 198.27	RMSE: 246.45
Epoch 119	LOSS: 170.28	MAE: 197.73	RMSE: 245.93
Epoch 120	LOSS: 167.51	MAE: 197.19	RMSE: 245.41
Epoch 121	LOSS: 171.49	MAE: 196.66	RMSE: 244.88
Epoch 122	LOSS: 168.39	MAE: 196.13	RMSE: 244.36
Epoch 123	LOSS: 167.35	MAE: 195.59	RMSE: 243.83
Epoch 124	LOSS: 164.90	MAE: 195.06	RMSE: 243.31
Epoch 125	LOSS: 166.15	MAE: 194.53	RMSE: 242.78
Epoch 126	LOSS: 166.88	MAE: 193.99	RMSE: 242.25
Epoch 127	LOSS: 162.59	MAE: 193.46	RMSE: 241.73
Epoch 128	LOSS: 162.37	MAE: 192.93	RMSE: 241.20
Epoch 129	LOSS: 164.90	MAE: 192.40	RMSE: 240.67
Epoch 130	LOSS: 162.42	MAE: 191.86	RMSE: 240.14
Epoch 131	LOSS: 164.81	MAE: 191.33	RMSE: 239.61
Epoch 132	LOSS: 163.30	MAE: 190.81	RMSE: 239.08
Epoch 133	LOSS: 163.07	MAE: 190.28	RMSE: 238.55
Epoch 134	LOSS: 161.48	MAE: 189.75	RMSE: 238.01
Epoch 135	LOSS: 162.83	MAE: 189.22	RMSE: 237.48
Epoch 136	LOSS: 158.75	MAE: 188.70	RMSE: 236.95
Epoch 137	LOSS: 162.97	MAE: 188.17	RMSE: 236.42
Epoch 138	LOSS: 157.53	MAE: 187.65	RMSE: 235.89
Epoch 139	LOSS: 161.60	MAE: 187.13	RMSE: 235.36
Epoch 140	LOSS: 158.11	MAE: 186.61	RMSE: 234.83
Epoch 141	LOSS: 158.81	MAE: 186.09	RMSE: 234.30
Epoch 142	LOSS: 156.43	MAE: 185.57	RMSE: 233.77
Epoch 143	LOSS: 156.80	MAE: 185.05	RMSE: 233.24
Epoch 144	LOSS: 157.20	MAE: 184.54	RMSE: 232.70
Epoch 145	LOSS: 157.95	MAE: 184.02	RMSE: 232.17
Epoch 146	LOSS: 156.71	MAE: 183.51	RMSE: 231.65
Epoch 147	LOSS: 155.95	MAE: 183.01	RMSE: 231.12
Epoch 148	LOSS: 155.12	MAE: 182.50	RMSE: 230.59
Epoch 149	LOSS: 152.66	MAE: 181.99	RMSE: 230.06
Epoch 150	LOSS: 152.48	MAE: 181.49	RMSE: 229.53
Epoch 151	LOSS: 155.69	MAE: 180.98	RMSE: 229.00
Epoch 152	LOSS: 153.51	MAE: 180.48	RMSE: 228.48
Epoch 153	LOSS: 151.99	MAE: 179.98	RMSE: 227.95
Epoch 154	LOSS: 154.55	MAE: 179.49	RMSE: 227.43
Epoch 155	LOSS: 149.78	MAE: 178.99	RMSE: 226.90
Epoch 156	LOSS: 153.11	MAE: 178.50	RMSE: 226.38
Epoch 157	LOSS: 151.09	MAE: 178.01	RMSE: 225.86
Epoch 158	LOSS: 146.43	MAE: 177.52	RMSE: 225.34
Epoch 159	LOSS: 153.15	MAE: 177.04	RMSE: 224.82
Epoch 160	LOSS: 152.38	MAE: 176.55	RMSE: 224.31
Epoch 161	LOSS: 149.94	MAE: 176.07	RMSE: 223.79
Epoch 162	LOSS: 149.52	MAE: 175.59	RMSE: 223.27
Epoch 163	LOSS: 148.82	MAE: 175.11	RMSE: 222.75
Epoch 164	LOSS: 149.69	MAE: 174.63	RMSE: 222.24
Epoch 165	LOSS: 148.23	MAE: 174.15	RMSE: 221.72
Epoch 166	LOSS: 148.60	MAE: 173.68	RMSE: 221.20
Epoch 167	LOSS: 150.67	MAE: 173.21	RMSE: 220.69
Epoch 168	LOSS: 147.93	MAE: 172.74	RMSE: 220.18
Epoch 169	LOSS: 146.11	MAE: 172.27	RMSE: 219.66
Epoch 170	LOSS: 147.79	MAE: 171.80	RMSE: 219.15
Epoch 171	LOSS: 143.17	MAE: 171.34	RMSE: 218.64
Epoch 172	LOSS: 145.39	MAE: 170.88	RMSE: 218.13
Epoch 173	LOSS: 143.81	MAE: 170.43	RMSE: 217.62
Epoch 174	LOSS: 146.84	MAE: 169.97	RMSE: 217.12
Epoch 175	LOSS: 143.50	MAE: 169.52	RMSE: 216.62
Epoch 176	LOSS: 143.74	MAE: 169.08	RMSE: 216.12
Epoch 177	LOSS: 141.86	MAE: 168.63	RMSE: 215.62
Epoch 178	LOSS: 143.50	MAE: 168.19	RMSE: 215.12
Epoch 179	LOSS: 142.89	MAE: 167.75	RMSE: 214.63
Epoch 180	LOSS: 141.55	MAE: 167.32	RMSE: 214.14
Epoch 181	LOSS: 144.15	MAE: 166.89	RMSE: 213.64
Epoch 182	LOSS: 142.59	MAE: 166.46	RMSE: 213.15
Epoch 183	LOSS: 141.71	MAE: 166.03	RMSE: 212.66
Epoch 184	LOSS: 142.03	MAE: 165.61	RMSE: 212.18
Epoch 185	LOSS: 142.07	MAE: 165.18	RMSE: 211.69
Epoch 186	LOSS: 141.05	MAE: 164.77	RMSE: 211.21
Epoch 187	LOSS: 141.06	MAE: 164.35	RMSE: 210.72
Epoch 188	LOSS: 138.17	MAE: 163.94	RMSE: 210.25
Epoch 189	LOSS: 139.62	MAE: 163.53	RMSE: 209.77
Epoch 190	LOSS: 140.23	MAE: 163.13	RMSE: 209.29
Epoch 191	LOSS: 139.98	MAE: 162.72	RMSE: 208.82
Epoch 192	LOSS: 139.35	MAE: 162.32	RMSE: 208.34
Epoch 193	LOSS: 137.95	MAE: 161.93	RMSE: 207.88
Epoch 194	LOSS: 137.55	MAE: 161.54	RMSE: 207.41
Epoch 195	LOSS: 137.43	MAE: 161.14	RMSE: 206.94
Epoch 196	LOSS: 136.37	MAE: 160.76	RMSE: 206.48
Epoch 197	LOSS: 137.77	MAE: 160.39	RMSE: 206.02
Epoch 198	LOSS: 135.70	MAE: 160.01	RMSE: 205.57
Epoch 199	LOSS: 137.17	MAE: 159.64	RMSE: 205.12
Epoch 200	LOSS: 134.27	MAE: 159.28	RMSE: 204.67
Epoch 201	LOSS: 136.32	MAE: 158.91	RMSE: 204.22
Epoch 202	LOSS: 135.93	MAE: 158.55	RMSE: 203.78
Epoch 203	LOSS: 136.93	MAE: 158.19	RMSE: 203.33
Epoch 204	LOSS: 135.19	MAE: 157.83	RMSE: 202.89
Epoch 205	LOSS: 133.32	MAE: 157.48	RMSE: 202.46
Epoch 206	LOSS: 135.32	MAE: 157.13	RMSE: 202.02
Epoch 207	LOSS: 134.42	MAE: 156.78	RMSE: 201.58
Epoch 208	LOSS: 134.55	MAE: 156.43	RMSE: 201.15
Epoch 209	LOSS: 131.77	MAE: 156.09	RMSE: 200.72
Epoch 210	LOSS: 134.14	MAE: 155.76	RMSE: 200.30
Epoch 211	LOSS: 134.91	MAE: 155.42	RMSE: 199.88
Epoch 212	LOSS: 130.95	MAE: 155.10	RMSE: 199.46
Epoch 213	LOSS: 130.31	MAE: 154.77	RMSE: 199.04
Epoch 214	LOSS: 131.76	MAE: 154.45	RMSE: 198.64
Epoch 215	LOSS: 131.55	MAE: 154.13	RMSE: 198.23
Epoch 216	LOSS: 130.70	MAE: 153.82	RMSE: 197.82
Epoch 217	LOSS: 131.18	MAE: 153.51	RMSE: 197.42
Epoch 218	LOSS: 131.25	MAE: 153.20	RMSE: 197.02
Epoch 219	LOSS: 131.69	MAE: 152.89	RMSE: 196.62
Epoch 220	LOSS: 130.78	MAE: 152.59	RMSE: 196.22
Epoch 221	LOSS: 132.32	MAE: 152.29	RMSE: 195.83
Epoch 222	LOSS: 132.04	MAE: 151.99	RMSE: 195.44
Epoch 223	LOSS: 130.25	MAE: 151.69	RMSE: 195.05
Epoch 224	LOSS: 130.44	MAE: 151.40	RMSE: 194.67
Epoch 225	LOSS: 129.29	MAE: 151.11	RMSE: 194.29
Epoch 226	LOSS: 128.80	MAE: 150.82	RMSE: 193.91
Epoch 227	LOSS: 129.35	MAE: 150.54	RMSE: 193.54
Epoch 228	LOSS: 128.94	MAE: 150.26	RMSE: 193.17
Epoch 229	LOSS: 129.27	MAE: 149.98	RMSE: 192.80
Epoch 230	LOSS: 129.60	MAE: 149.71	RMSE: 192.43
Epoch 231	LOSS: 127.37	MAE: 149.43	RMSE: 192.06
Epoch 232	LOSS: 128.00	MAE: 149.16	RMSE: 191.70
Epoch 233	LOSS: 127.33	MAE: 148.89	RMSE: 191.33
Epoch 234	LOSS: 129.39	MAE: 148.62	RMSE: 190.97
Epoch 235	LOSS: 129.86	MAE: 148.35	RMSE: 190.61
Epoch 236	LOSS: 128.15	MAE: 148.09	RMSE: 190.25
Epoch 237	LOSS: 126.35	MAE: 147.83	RMSE: 189.90
Epoch 238	LOSS: 128.69	MAE: 147.58	RMSE: 189.55
Epoch 239	LOSS: 127.28	MAE: 147.32	RMSE: 189.21
Epoch 240	LOSS: 127.68	MAE: 147.07	RMSE: 188.86
Epoch 241	LOSS: 127.63	MAE: 146.82	RMSE: 188.52
Epoch 242	LOSS: 128.17	MAE: 146.57	RMSE: 188.18
Epoch 243	LOSS: 127.85	MAE: 146.33	RMSE: 187.85
Epoch 244	LOSS: 127.43	MAE: 146.09	RMSE: 187.52
Epoch 245	LOSS: 127.55	MAE: 145.86	RMSE: 187.19
Epoch 246	LOSS: 125.62	MAE: 145.62	RMSE: 186.87
Epoch 247	LOSS: 126.70	MAE: 145.39	RMSE: 186.55
Epoch 248	LOSS: 127.90	MAE: 145.16	RMSE: 186.23
Epoch 249	LOSS: 124.82	MAE: 144.94	RMSE: 185.93
Epoch 250	LOSS: 124.48	MAE: 144.73	RMSE: 185.62
Epoch 251	LOSS: 125.84	MAE: 144.50	RMSE: 185.31
Epoch 252	LOSS: 124.21	MAE: 144.28	RMSE: 185.00
Epoch 253	LOSS: 127.32	MAE: 144.07	RMSE: 184.70
Epoch 254	LOSS: 124.89	MAE: 143.85	RMSE: 184.39
Epoch 255	LOSS: 125.33	MAE: 143.64	RMSE: 184.09
Epoch 256	LOSS: 124.78	MAE: 143.43	RMSE: 183.79
Epoch 257	LOSS: 126.55	MAE: 143.22	RMSE: 183.50
Epoch 258	LOSS: 126.64	MAE: 143.01	RMSE: 183.20
Epoch 259	LOSS: 122.96	MAE: 142.80	RMSE: 182.91
Epoch 260	LOSS: 124.17	MAE: 142.60	RMSE: 182.62
Epoch 261	LOSS: 124.03	MAE: 142.40	RMSE: 182.33
Epoch 262	LOSS: 124.85	MAE: 142.20	RMSE: 182.05
Epoch 263	LOSS: 123.66	MAE: 142.00	RMSE: 181.76
Epoch 264	LOSS: 121.89	MAE: 141.80	RMSE: 181.47
Epoch 265	LOSS: 122.94	MAE: 141.60	RMSE: 181.19
Epoch 266	LOSS: 122.50	MAE: 141.41	RMSE: 180.91
Epoch 267	LOSS: 123.65	MAE: 141.21	RMSE: 180.63
Epoch 268	LOSS: 123.98	MAE: 141.02	RMSE: 180.36
Epoch 269	LOSS: 122.54	MAE: 140.84	RMSE: 180.08
Epoch 270	LOSS: 122.18	MAE: 140.65	RMSE: 179.82
Epoch 271	LOSS: 122.40	MAE: 140.47	RMSE: 179.55
Epoch 272	LOSS: 122.99	MAE: 140.29	RMSE: 179.29
Epoch 273	LOSS: 122.02	MAE: 140.12	RMSE: 179.03
Epoch 274	LOSS: 122.79	MAE: 139.94	RMSE: 178.78
Epoch 275	LOSS: 122.63	MAE: 139.77	RMSE: 178.52
Epoch 276	LOSS: 123.93	MAE: 139.60	RMSE: 178.27
Epoch 277	LOSS: 122.35	MAE: 139.42	RMSE: 178.02
Epoch 278	LOSS: 123.84	MAE: 139.26	RMSE: 177.77
Epoch 279	LOSS: 121.84	MAE: 139.09	RMSE: 177.52
Epoch 280	LOSS: 121.96	MAE: 138.92	RMSE: 177.28
Epoch 281	LOSS: 121.29	MAE: 138.76	RMSE: 177.04
Epoch 282	LOSS: 123.63	MAE: 138.60	RMSE: 176.80
Epoch 283	LOSS: 119.26	MAE: 138.45	RMSE: 176.57
Epoch 284	LOSS: 122.51	MAE: 138.29	RMSE: 176.34
Epoch 285	LOSS: 120.76	MAE: 138.14	RMSE: 176.11
Epoch 286	LOSS: 121.97	MAE: 137.99	RMSE: 175.88
Epoch 287	LOSS: 120.27	MAE: 137.84	RMSE: 175.66
Epoch 288	LOSS: 121.44	MAE: 137.69	RMSE: 175.44
Epoch 289	LOSS: 120.69	MAE: 137.55	RMSE: 175.23
Epoch 290	LOSS: 121.10	MAE: 137.41	RMSE: 175.01
Epoch 291	LOSS: 121.04	MAE: 137.27	RMSE: 174.80
Epoch 292	LOSS: 120.89	MAE: 137.13	RMSE: 174.59
Epoch 293	LOSS: 120.80	MAE: 136.99	RMSE: 174.38
Epoch 294	LOSS: 120.41	MAE: 136.85	RMSE: 174.18
Epoch 295	LOSS: 119.96	MAE: 136.72	RMSE: 173.97
Epoch 296	LOSS: 120.62	MAE: 136.59	RMSE: 173.77
Epoch 297	LOSS: 120.98	MAE: 136.45	RMSE: 173.57
Epoch 298	LOSS: 120.32	MAE: 136.33	RMSE: 173.37
Epoch 299	LOSS: 120.68	MAE: 136.20	RMSE: 173.18
Epoch 300	LOSS: 120.47	MAE: 136.08	RMSE: 172.99
Epoch 301	LOSS: 119.35	MAE: 135.95	RMSE: 172.80
Epoch 302	LOSS: 120.06	MAE: 135.83	RMSE: 172.61
Epoch 303	LOSS: 120.72	MAE: 135.71	RMSE: 172.42
Epoch 304	LOSS: 119.86	MAE: 135.59	RMSE: 172.25
Epoch 305	LOSS: 120.96	MAE: 135.48	RMSE: 172.07
Epoch 306	LOSS: 119.01	MAE: 135.37	RMSE: 171.89
Epoch 307	LOSS: 119.68	MAE: 135.25	RMSE: 171.72
Epoch 308	LOSS: 118.59	MAE: 135.14	RMSE: 171.54
Epoch 309	LOSS: 120.11	MAE: 135.03	RMSE: 171.37
Epoch 310	LOSS: 120.59	MAE: 134.92	RMSE: 171.20
Epoch 311	LOSS: 119.45	MAE: 134.81	RMSE: 171.03
Epoch 312	LOSS: 120.17	MAE: 134.70	RMSE: 170.86
Epoch 313	LOSS: 118.33	MAE: 134.59	RMSE: 170.69
Epoch 314	LOSS: 119.64	MAE: 134.49	RMSE: 170.53
Epoch 315	LOSS: 119.40	MAE: 134.39	RMSE: 170.37
Epoch 316	LOSS: 118.92	MAE: 134.29	RMSE: 170.22
Epoch 317	LOSS: 117.44	MAE: 134.20	RMSE: 170.07
Epoch 318	LOSS: 119.97	MAE: 134.10	RMSE: 169.92
Epoch 319	LOSS: 117.64	MAE: 134.00	RMSE: 169.76
Epoch 320	LOSS: 118.64	MAE: 133.90	RMSE: 169.61
Epoch 321	LOSS: 118.53	MAE: 133.81	RMSE: 169.47
Epoch 322	LOSS: 119.05	MAE: 133.72	RMSE: 169.32
Epoch 323	LOSS: 118.18	MAE: 133.63	RMSE: 169.18
Epoch 324	LOSS: 119.42	MAE: 133.54	RMSE: 169.04
Epoch 325	LOSS: 119.63	MAE: 133.45	RMSE: 168.90
Epoch 326	LOSS: 119.37	MAE: 133.36	RMSE: 168.76
Epoch 327	LOSS: 119.29	MAE: 133.28	RMSE: 168.62
Epoch 328	LOSS: 118.81	MAE: 133.19	RMSE: 168.48
Epoch 329	LOSS: 118.61	MAE: 133.11	RMSE: 168.35
Epoch 330	LOSS: 117.08	MAE: 133.03	RMSE: 168.22
Epoch 331	LOSS: 119.57	MAE: 132.95	RMSE: 168.10
Epoch 332	LOSS: 118.21	MAE: 132.87	RMSE: 167.97
Epoch 333	LOSS: 119.49	MAE: 132.80	RMSE: 167.85
Epoch 334	LOSS: 119.25	MAE: 132.72	RMSE: 167.73
Epoch 335	LOSS: 119.13	MAE: 132.65	RMSE: 167.61
Epoch 336	LOSS: 119.06	MAE: 132.57	RMSE: 167.48
Epoch 337	LOSS: 119.02	MAE: 132.49	RMSE: 167.36
Epoch 338	LOSS: 117.76	MAE: 132.41	RMSE: 167.23
Epoch 339	LOSS: 117.93	MAE: 132.34	RMSE: 167.12
Epoch 340	LOSS: 118.94	MAE: 132.27	RMSE: 167.00
Epoch 341	LOSS: 118.20	MAE: 132.20	RMSE: 166.89
Epoch 342	LOSS: 119.61	MAE: 132.13	RMSE: 166.77
Epoch 343	LOSS: 119.15	MAE: 132.06	RMSE: 166.66
Epoch 344	LOSS: 118.52	MAE: 132.00	RMSE: 166.56
Epoch 345	LOSS: 118.49	MAE: 132.20	RMSE: 166.82
Epoch 346	LOSS: 118.29	MAE: 131.94	RMSE: 166.46
Epoch 347	LOSS: 119.03	MAE: 131.68	RMSE: 166.39
Epoch 348	LOSS: 117.86	MAE: 131.81	RMSE: 166.25
Epoch 349	LOSS: 118.18	MAE: 131.76	RMSE: 166.19
Epoch 350	LOSS: 119.11	MAE: 131.66	RMSE: 166.02
Epoch 351	LOSS: 117.10	MAE: 131.59	RMSE: 165.88
Epoch 352	LOSS: 117.93	MAE: 131.53	RMSE: 165.79
Epoch 353	LOSS: 116.60	MAE: 131.22	RMSE: 165.90
Epoch 354	LOSS: 127.49	MAE: 137.98	RMSE: 176.82
Epoch 355	LOSS: 118.43	MAE: 131.80	RMSE: 166.78
Epoch 356	LOSS: 119.02	MAE: 132.85	RMSE: 168.66
Epoch 357	LOSS: 117.30	MAE: 132.12	RMSE: 168.00
Epoch 358	LOSS: 117.77	MAE: 131.64	RMSE: 167.03
Epoch 359	LOSS: 117.21	MAE: 131.40	RMSE: 166.45
Epoch 360	LOSS: 116.35	MAE: 130.74	RMSE: 165.31
Epoch 361	LOSS: 116.12	MAE: 130.53	RMSE: 165.39
Epoch 362	LOSS: 113.79	MAE: 130.15	RMSE: 164.78
Epoch 363	LOSS: 115.54	MAE: 130.96	RMSE: 166.44
Epoch 364	LOSS: 116.78	MAE: 131.13	RMSE: 167.14
Epoch 365	LOSS: 115.41	MAE: 130.49	RMSE: 166.31
Epoch 366	LOSS: 115.76	MAE: 129.68	RMSE: 164.83
Epoch 367	LOSS: 113.85	MAE: 129.56	RMSE: 163.67
Epoch 368	LOSS: 112.22	MAE: 129.13	RMSE: 163.74
Epoch 369	LOSS: 112.62	MAE: 128.84	RMSE: 163.76
Epoch 370	LOSS: 111.16	MAE: 128.35	RMSE: 163.33
Epoch 371	LOSS: 110.33	MAE: 127.90	RMSE: 162.65
Epoch 372	LOSS: 109.00	MAE: 127.69	RMSE: 162.13
Epoch 373	LOSS: 109.29	MAE: 127.23	RMSE: 162.17
Epoch 374	LOSS: 108.37	MAE: 127.32	RMSE: 162.65
Epoch 375	LOSS: 106.00	MAE: 126.66	RMSE: 161.91
Epoch 376	LOSS: 104.55	MAE: 126.67	RMSE: 161.78
Epoch 377	LOSS: 104.08	MAE: 126.11	RMSE: 161.32
Epoch 378	LOSS: 103.96	MAE: 125.59	RMSE: 160.93
Epoch 379	LOSS: 102.81	MAE: 125.31	RMSE: 161.54
Epoch 380	LOSS: 101.96	MAE: 124.50	RMSE: 160.07
Epoch 381	LOSS: 105.93	MAE: 126.35	RMSE: 161.09
Epoch 382	LOSS: 102.86	MAE: 124.29	RMSE: 160.13
Epoch 383	LOSS: 102.18	MAE: 125.18	RMSE: 161.45
Epoch 384	LOSS: 100.53	MAE: 125.72	RMSE: 162.24
Epoch 385	LOSS: 100.40	MAE: 126.90	RMSE: 164.10
Epoch 386	LOSS: 99.33	MAE: 126.05	RMSE: 163.57
Epoch 387	LOSS: 98.76	MAE: 125.01	RMSE: 162.34
Epoch 388	LOSS: 100.93	MAE: 124.70	RMSE: 162.01
Epoch 389	LOSS: 99.23	MAE: 127.02	RMSE: 164.39
Epoch 390	LOSS: 100.81	MAE: 125.61	RMSE: 163.45
Epoch 391	LOSS: 96.78	MAE: 124.77	RMSE: 161.87
Epoch 392	LOSS: 97.74	MAE: 126.70	RMSE: 164.29
Epoch 393	LOSS: 99.09	MAE: 126.74	RMSE: 165.04
Epoch 394	LOSS: 97.25	MAE: 127.29	RMSE: 165.26
Epoch 395	LOSS: 95.78	MAE: 119.88	RMSE: 154.74
Epoch 396	LOSS: 98.50	MAE: 122.46	RMSE: 159.34
Epoch 397	LOSS: 95.91	MAE: 125.18	RMSE: 162.18
Epoch 398	LOSS: 96.43	MAE: 121.60	RMSE: 157.38
Epoch 399	LOSS: 96.66	MAE: 119.74	RMSE: 154.59
Epoch 400	LOSS: 94.31	MAE: 122.04	RMSE: 158.72
Epoch 401	LOSS: 94.10	MAE: 129.16	RMSE: 168.46
Epoch 402	LOSS: 95.78	MAE: 121.47	RMSE: 158.30
Epoch 403	LOSS: 93.93	MAE: 118.27	RMSE: 153.44
Epoch 404	LOSS: 93.75	MAE: 122.23	RMSE: 159.46
Epoch 405	LOSS: 94.05	MAE: 126.98	RMSE: 166.17
Epoch 406	LOSS: 95.20	MAE: 126.82	RMSE: 165.98
Epoch 407	LOSS: 93.46	MAE: 125.99	RMSE: 164.81
Epoch 408	LOSS: 94.58	MAE: 124.94	RMSE: 163.59
Epoch 409	LOSS: 93.13	MAE: 123.45	RMSE: 161.52
Epoch 410	LOSS: 92.81	MAE: 120.81	RMSE: 157.62
Epoch 411	LOSS: 94.12	MAE: 119.71	RMSE: 156.05
Epoch 412	LOSS: 93.20	MAE: 121.67	RMSE: 158.74
Epoch 413	LOSS: 91.65	MAE: 121.93	RMSE: 159.06
Epoch 414	LOSS: 91.14	MAE: 120.69	RMSE: 157.39
Epoch 415	LOSS: 91.11	MAE: 120.53	RMSE: 157.29
Epoch 416	LOSS: 92.39	MAE: 120.24	RMSE: 156.76
Epoch 417	LOSS: 92.40	MAE: 118.30	RMSE: 154.16
Epoch 418	LOSS: 90.38	MAE: 117.65	RMSE: 153.30
Epoch 419	LOSS: 91.34	MAE: 117.40	RMSE: 152.88
Epoch 420	LOSS: 91.27	MAE: 117.05	RMSE: 152.37
Epoch 421	LOSS: 91.91	MAE: 117.32	RMSE: 152.83
Epoch 422	LOSS: 90.88	MAE: 117.49	RMSE: 153.01
Epoch 423	LOSS: 89.79	MAE: 116.42	RMSE: 151.49
Epoch 424	LOSS: 90.46	MAE: 115.79	RMSE: 150.42
Epoch 425	LOSS: 90.35	MAE: 115.83	RMSE: 150.53
Epoch 426	LOSS: 89.56	MAE: 116.45	RMSE: 151.56
Epoch 427	LOSS: 88.61	MAE: 118.03	RMSE: 153.85
Epoch 428	LOSS: 91.01	MAE: 118.63	RMSE: 154.92
Epoch 429	LOSS: 89.89	MAE: 118.56	RMSE: 154.77
Epoch 430	LOSS: 89.68	MAE: 117.55	RMSE: 153.24
Epoch 431	LOSS: 88.34	MAE: 117.25	RMSE: 152.80
Epoch 432	LOSS: 90.34	MAE: 117.67	RMSE: 153.41
Epoch 433	LOSS: 89.02	MAE: 117.35	RMSE: 152.99
Epoch 434	LOSS: 90.61	MAE: 117.05	RMSE: 152.45
Epoch 435	LOSS: 88.81	MAE: 115.90	RMSE: 150.73
Epoch 436	LOSS: 89.36	MAE: 116.26	RMSE: 151.17
Epoch 437	LOSS: 88.85	MAE: 117.46	RMSE: 153.05
Epoch 438	LOSS: 90.30	MAE: 119.36	RMSE: 155.98
Epoch 439	LOSS: 89.21	MAE: 118.67	RMSE: 154.93
Epoch 440	LOSS: 89.83	MAE: 116.61	RMSE: 151.85
Epoch 441	LOSS: 87.71	MAE: 116.58	RMSE: 151.80
Epoch 442	LOSS: 88.07	MAE: 116.30	RMSE: 151.47
Epoch 443	LOSS: 88.42	MAE: 114.60	RMSE: 148.53
Epoch 444	LOSS: 88.43	MAE: 117.33	RMSE: 152.82
Epoch 445	LOSS: 88.63	MAE: 122.44	RMSE: 160.48
Epoch 446	LOSS: 89.27	MAE: 120.44	RMSE: 157.51
Epoch 447	LOSS: 87.99	MAE: 117.39	RMSE: 153.12
Epoch 448	LOSS: 88.06	MAE: 126.05	RMSE: 165.56
Epoch 449	LOSS: 87.90	MAE: 126.82	RMSE: 166.56
Epoch 450	LOSS: 86.79	MAE: 125.86	RMSE: 165.27
Epoch 451	LOSS: 87.84	MAE: 127.27	RMSE: 167.28
Epoch 452	LOSS: 88.27	MAE: 123.80	RMSE: 162.43
Epoch 453	LOSS: 87.15	MAE: 119.18	RMSE: 155.63
Epoch 454	LOSS: 87.31	MAE: 116.76	RMSE: 152.02
Epoch 455	LOSS: 87.75	MAE: 115.22	RMSE: 149.53
Epoch 456	LOSS: 86.02	MAE: 113.54	RMSE: 146.85
Epoch 457	LOSS: 86.42	MAE: 112.92	RMSE: 145.77
Epoch 458	LOSS: 88.17	MAE: 112.79	RMSE: 145.29
Epoch 459	LOSS: 87.70	MAE: 112.81	RMSE: 145.55
Epoch 460	LOSS: 86.74	MAE: 113.58	RMSE: 146.87
Epoch 461	LOSS: 86.74	MAE: 114.40	RMSE: 148.18
Epoch 462	LOSS: 87.78	MAE: 114.57	RMSE: 148.54
Epoch 463	LOSS: 86.79	MAE: 114.62	RMSE: 148.56
Epoch 464	LOSS: 86.70	MAE: 114.02	RMSE: 147.59
Epoch 465	LOSS: 86.57	MAE: 113.27	RMSE: 146.42
Epoch 466	LOSS: 86.16	MAE: 113.02	RMSE: 145.92
Epoch 467	LOSS: 87.54	MAE: 113.61	RMSE: 146.97
Epoch 468	LOSS: 87.31	MAE: 114.38	RMSE: 148.19
Epoch 469	LOSS: 87.04	MAE: 115.22	RMSE: 149.33
Epoch 470	LOSS: 87.05	MAE: 113.76	RMSE: 147.10
Epoch 471	LOSS: 85.85	MAE: 112.96	RMSE: 145.75
Epoch 472	LOSS: 86.82	MAE: 112.92	RMSE: 145.59
Epoch 473	LOSS: 86.98	MAE: 112.15	RMSE: 144.45
Epoch 474	LOSS: 86.06	MAE: 112.00	RMSE: 144.10
Epoch 475	LOSS: 87.27	MAE: 113.50	RMSE: 146.68
Epoch 476	LOSS: 85.70	MAE: 113.93	RMSE: 147.41
Epoch 477	LOSS: 85.68	MAE: 113.94	RMSE: 147.30
Epoch 478	LOSS: 86.27	MAE: 115.77	RMSE: 150.43
Epoch 479	LOSS: 86.28	MAE: 116.34	RMSE: 151.36
Epoch 480	LOSS: 86.08	MAE: 115.55	RMSE: 149.96
Epoch 481	LOSS: 86.80	MAE: 114.74	RMSE: 148.71
Epoch 482	LOSS: 85.26	MAE: 114.93	RMSE: 149.04
Epoch 483	LOSS: 86.50	MAE: 114.73	RMSE: 148.63
Epoch 484	LOSS: 84.97	MAE: 113.90	RMSE: 147.28
Epoch 485	LOSS: 84.76	MAE: 113.32	RMSE: 146.28
Epoch 486	LOSS: 86.39	MAE: 113.18	RMSE: 146.02
Epoch 487	LOSS: 85.70	MAE: 112.76	RMSE: 145.37
Epoch 488	LOSS: 86.04	MAE: 112.54	RMSE: 144.92
Epoch 489	LOSS: 86.96	MAE: 112.75	RMSE: 145.26
Epoch 490	LOSS: 84.79	MAE: 113.12	RMSE: 145.92
Epoch 491	LOSS: 86.09	MAE: 113.29	RMSE: 146.16
Epoch 492	LOSS: 86.29	MAE: 113.78	RMSE: 146.93
Epoch 493	LOSS: 85.74	MAE: 114.11	RMSE: 147.49
Epoch 494	LOSS: 86.34	MAE: 114.71	RMSE: 148.52
Epoch 495	LOSS: 85.20	MAE: 114.64	RMSE: 148.43
Epoch 496	LOSS: 84.21	MAE: 113.63	RMSE: 146.78
Epoch 497	LOSS: 85.79	MAE: 113.68	RMSE: 146.82
Epoch 498	LOSS: 85.44	MAE: 113.53	RMSE: 146.58
Epoch 499	LOSS: 85.18	MAE: 113.47	RMSE: 146.43
