Epoch 000	LOSS: 66.21	MAE: 64.97	RMSE: 78.02
Epoch 001	LOSS: 65.24	MAE: 63.99	RMSE: 77.09
Epoch 002	LOSS: 64.27	MAE: 62.95	RMSE: 76.09
Epoch 003	LOSS: 63.30	MAE: 61.89	RMSE: 75.03
Epoch 004	LOSS: 62.12	MAE: 60.79	RMSE: 73.92
Epoch 005	LOSS: 61.25	MAE: 59.70	RMSE: 72.76
Epoch 006	LOSS: 59.78	MAE: 58.60	RMSE: 71.57
Epoch 007	LOSS: 59.03	MAE: 57.51	RMSE: 70.33
Epoch 008	LOSS: 57.61	MAE: 56.43	RMSE: 69.07
Epoch 009	LOSS: 56.65	MAE: 55.36	RMSE: 67.79
Epoch 010	LOSS: 55.47	MAE: 54.31	RMSE: 66.49
Epoch 011	LOSS: 54.54	MAE: 53.27	RMSE: 65.18
Epoch 012	LOSS: 53.51	MAE: 52.24	RMSE: 63.85
Epoch 013	LOSS: 52.55	MAE: 51.25	RMSE: 62.54
Epoch 014	LOSS: 51.29	MAE: 50.26	RMSE: 61.21
Epoch 015	LOSS: 50.51	MAE: 49.30	RMSE: 59.90
Epoch 016	LOSS: 49.46	MAE: 48.38	RMSE: 58.61
Epoch 017	LOSS: 48.72	MAE: 47.47	RMSE: 57.33
Epoch 018	LOSS: 47.68	MAE: 46.59	RMSE: 56.08
Epoch 019	LOSS: 46.99	MAE: 45.75	RMSE: 54.86
Epoch 020	LOSS: 46.10	MAE: 44.94	RMSE: 53.69
Epoch 021	LOSS: 45.19	MAE: 44.18	RMSE: 52.57
Epoch 022	LOSS: 44.54	MAE: 43.46	RMSE: 51.51
Epoch 023	LOSS: 43.79	MAE: 42.78	RMSE: 50.50
Epoch 024	LOSS: 43.21	MAE: 42.13	RMSE: 49.54
Epoch 025	LOSS: 42.55	MAE: 41.55	RMSE: 48.69
Epoch 026	LOSS: 42.08	MAE: 41.01	RMSE: 47.90
Epoch 027	LOSS: 41.57	MAE: 40.52	RMSE: 47.18
Epoch 028	LOSS: 41.01	MAE: 40.07	RMSE: 46.54
Epoch 029	LOSS: 40.63	MAE: 39.67	RMSE: 45.97
Epoch 030	LOSS: 40.25	MAE: 39.31	RMSE: 45.48
Epoch 031	LOSS: 39.84	MAE: 39.01	RMSE: 45.08
Epoch 032	LOSS: 39.56	MAE: 38.73	RMSE: 44.73
Epoch 033	LOSS: 39.34	MAE: 38.51	RMSE: 44.47
Epoch 034	LOSS: 36.72	MAE: 36.77	RMSE: 43.04
Epoch 035	LOSS: 34.91	MAE: 34.56	RMSE: 41.63
Epoch 036	LOSS: 32.84	MAE: 33.70	RMSE: 40.70
Epoch 037	LOSS: 30.64	MAE: 31.78	RMSE: 38.39
Epoch 038	LOSS: 28.77	MAE: 29.94	RMSE: 37.59
Epoch 039	LOSS: 26.92	MAE: 28.66	RMSE: 36.63
Epoch 040	LOSS: 25.01	MAE: 27.96	RMSE: 35.49
Epoch 041	LOSS: 23.86	MAE: 26.90	RMSE: 34.73
Epoch 042	LOSS: 23.41	MAE: 26.81	RMSE: 34.54
Epoch 043	LOSS: 23.07	MAE: 26.17	RMSE: 34.34
Epoch 044	LOSS: 21.96	MAE: 25.47	RMSE: 33.57
Epoch 045	LOSS: 21.31	MAE: 25.13	RMSE: 33.38
Epoch 046	LOSS: 21.02	MAE: 25.25	RMSE: 33.65
Epoch 047	LOSS: 20.86	MAE: 24.91	RMSE: 33.45
Epoch 048	LOSS: 20.38	MAE: 24.42	RMSE: 32.90
Epoch 049	LOSS: 20.22	MAE: 23.73	RMSE: 32.08
Epoch 050	LOSS: 20.07	MAE: 23.18	RMSE: 31.52
Epoch 051	LOSS: 19.77	MAE: 23.25	RMSE: 31.68
Epoch 052	LOSS: 19.67	MAE: 22.85	RMSE: 31.15
Epoch 053	LOSS: 19.67	MAE: 23.21	RMSE: 31.64
Epoch 054	LOSS: 19.69	MAE: 22.70	RMSE: 31.01
Epoch 055	LOSS: 19.58	MAE: 22.84	RMSE: 31.06
Epoch 056	LOSS: 19.51	MAE: 22.31	RMSE: 30.32
Epoch 057	LOSS: 19.36	MAE: 22.81	RMSE: 31.03
Epoch 058	LOSS: 19.42	MAE: 22.93	RMSE: 31.38
Epoch 059	LOSS: 19.26	MAE: 22.68	RMSE: 31.11
Epoch 060	LOSS: 19.23	MAE: 22.43	RMSE: 30.70
Epoch 061	LOSS: 19.13	MAE: 22.42	RMSE: 30.76
Epoch 062	LOSS: 19.03	MAE: 22.33	RMSE: 30.65
Epoch 063	LOSS: 19.16	MAE: 21.96	RMSE: 30.24
Epoch 064	LOSS: 19.13	MAE: 22.77	RMSE: 31.32
Epoch 065	LOSS: 19.12	MAE: 22.87	RMSE: 31.50
Epoch 066	LOSS: 19.55	MAE: 24.21	RMSE: 33.22
Epoch 067	LOSS: 19.62	MAE: 22.63	RMSE: 30.92
Epoch 068	LOSS: 19.21	MAE: 22.89	RMSE: 31.27
Epoch 069	LOSS: 19.53	MAE: 22.43	RMSE: 30.78
Epoch 070	LOSS: 19.12	MAE: 22.20	RMSE: 30.59
Epoch 071	LOSS: 19.00	MAE: 22.16	RMSE: 30.48
Epoch 072	LOSS: 19.01	MAE: 22.03	RMSE: 30.47
Epoch 073	LOSS: 18.86	MAE: 22.20	RMSE: 30.48
Epoch 074	LOSS: 18.93	MAE: 21.81	RMSE: 30.15
Epoch 075	LOSS: 18.79	MAE: 22.13	RMSE: 30.39
Epoch 076	LOSS: 18.79	MAE: 21.69	RMSE: 29.94
Epoch 077	LOSS: 18.78	MAE: 21.96	RMSE: 30.23
Epoch 078	LOSS: 18.75	MAE: 21.63	RMSE: 29.98
Epoch 079	LOSS: 18.75	MAE: 21.90	RMSE: 30.38
Epoch 080	LOSS: 18.75	MAE: 21.44	RMSE: 29.72
Epoch 081	LOSS: 18.66	MAE: 21.55	RMSE: 29.96
Epoch 082	LOSS: 18.64	MAE: 21.47	RMSE: 29.81
Epoch 083	LOSS: 18.56	MAE: 21.57	RMSE: 29.84
Epoch 084	LOSS: 18.68	MAE: 21.42	RMSE: 29.74
Epoch 085	LOSS: 18.58	MAE: 21.64	RMSE: 30.12
Epoch 086	LOSS: 18.71	MAE: 21.29	RMSE: 29.55
Epoch 087	LOSS: 18.67	MAE: 21.58	RMSE: 29.89
Epoch 088	LOSS: 18.58	MAE: 21.35	RMSE: 29.62
Epoch 089	LOSS: 18.59	MAE: 21.34	RMSE: 29.50
Epoch 090	LOSS: 18.56	MAE: 21.23	RMSE: 29.49
Epoch 091	LOSS: 18.48	MAE: 21.29	RMSE: 29.55
Epoch 092	LOSS: 18.50	MAE: 21.28	RMSE: 29.60
Epoch 093	LOSS: 18.47	MAE: 21.33	RMSE: 29.57
Epoch 094	LOSS: 18.43	MAE: 21.28	RMSE: 29.47
Epoch 095	LOSS: 18.46	MAE: 21.25	RMSE: 29.57
Epoch 096	LOSS: 18.45	MAE: 21.07	RMSE: 29.31
Epoch 097	LOSS: 18.40	MAE: 21.15	RMSE: 29.34
Epoch 098	LOSS: 18.41	MAE: 21.11	RMSE: 29.36
Epoch 099	LOSS: 18.40	MAE: 21.13	RMSE: 29.35
Epoch 100	LOSS: 18.38	MAE: 21.34	RMSE: 29.68
Epoch 101	LOSS: 18.36	MAE: 21.12	RMSE: 29.19
Epoch 102	LOSS: 18.32	MAE: 21.06	RMSE: 29.20
Epoch 103	LOSS: 18.38	MAE: 21.16	RMSE: 29.40
Epoch 104	LOSS: 18.36	MAE: 21.09	RMSE: 29.19
Epoch 105	LOSS: 18.44	MAE: 21.01	RMSE: 29.04
Epoch 106	LOSS: 18.49	MAE: 20.96	RMSE: 28.96
Epoch 107	LOSS: 18.37	MAE: 21.03	RMSE: 29.17
Epoch 108	LOSS: 18.36	MAE: 21.14	RMSE: 29.37
Epoch 109	LOSS: 18.35	MAE: 21.05	RMSE: 29.04
Epoch 110	LOSS: 18.31	MAE: 21.13	RMSE: 29.31
Epoch 111	LOSS: 18.30	MAE: 20.83	RMSE: 28.73
Epoch 112	LOSS: 18.29	MAE: 20.77	RMSE: 28.70
Epoch 113	LOSS: 18.30	MAE: 20.81	RMSE: 28.79
Epoch 114	LOSS: 18.23	MAE: 21.03	RMSE: 29.06
Epoch 115	LOSS: 18.22	MAE: 21.08	RMSE: 29.13
Epoch 116	LOSS: 18.18	MAE: 20.99	RMSE: 29.10
Epoch 117	LOSS: 18.27	MAE: 20.78	RMSE: 28.77
Epoch 118	LOSS: 18.31	MAE: 20.73	RMSE: 28.65
Epoch 119	LOSS: 18.22	MAE: 20.97	RMSE: 29.06
Epoch 120	LOSS: 18.25	MAE: 21.13	RMSE: 29.27
Epoch 121	LOSS: 18.16	MAE: 20.95	RMSE: 28.91
Epoch 122	LOSS: 18.16	MAE: 20.96	RMSE: 28.91
Epoch 123	LOSS: 18.21	MAE: 21.14	RMSE: 29.40
Epoch 124	LOSS: 18.21	MAE: 20.83	RMSE: 28.46
Epoch 125	LOSS: 18.27	MAE: 20.58	RMSE: 28.22
Epoch 126	LOSS: 18.27	MAE: 20.59	RMSE: 28.23
Epoch 127	LOSS: 18.14	MAE: 20.63	RMSE: 28.32
Epoch 128	LOSS: 18.11	MAE: 20.63	RMSE: 28.27
Epoch 129	LOSS: 18.21	MAE: 20.91	RMSE: 28.67
Epoch 130	LOSS: 18.12	MAE: 20.61	RMSE: 28.19
Epoch 131	LOSS: 18.16	MAE: 20.57	RMSE: 28.10
Epoch 132	LOSS: 18.08	MAE: 20.50	RMSE: 27.90
Epoch 133	LOSS: 18.15	MAE: 20.36	RMSE: 27.73
Epoch 134	LOSS: 18.07	MAE: 20.45	RMSE: 27.87
Epoch 135	LOSS: 18.11	MAE: 20.37	RMSE: 27.72
Epoch 136	LOSS: 18.11	MAE: 20.53	RMSE: 27.86
Epoch 137	LOSS: 18.12	MAE: 20.54	RMSE: 27.84
Epoch 138	LOSS: 18.03	MAE: 20.74	RMSE: 28.51
Epoch 139	LOSS: 18.13	MAE: 20.68	RMSE: 28.22
Epoch 140	LOSS: 18.08	MAE: 20.47	RMSE: 28.09
Epoch 141	LOSS: 18.08	MAE: 20.40	RMSE: 27.79
Epoch 142	LOSS: 18.08	MAE: 20.73	RMSE: 28.44
Epoch 143	LOSS: 18.20	MAE: 20.99	RMSE: 28.95
Epoch 144	LOSS: 18.13	MAE: 20.71	RMSE: 28.29
Epoch 145	LOSS: 18.07	MAE: 20.54	RMSE: 28.15
Epoch 146	LOSS: 18.13	MAE: 20.16	RMSE: 27.34
Epoch 147	LOSS: 18.08	MAE: 20.29	RMSE: 27.61
Epoch 148	LOSS: 18.09	MAE: 20.66	RMSE: 28.09
Epoch 149	LOSS: 18.05	MAE: 20.34	RMSE: 27.90
Epoch 150	LOSS: 18.06	MAE: 20.26	RMSE: 27.44
Epoch 151	LOSS: 18.00	MAE: 20.43	RMSE: 27.99
Epoch 152	LOSS: 18.01	MAE: 20.58	RMSE: 28.12
Epoch 153	LOSS: 18.02	MAE: 20.40	RMSE: 27.80
Epoch 154	LOSS: 18.12	MAE: 20.65	RMSE: 28.34
Epoch 155	LOSS: 18.01	MAE: 20.48	RMSE: 27.89
Epoch 156	LOSS: 18.00	MAE: 20.52	RMSE: 28.14
Epoch 157	LOSS: 18.04	MAE: 20.40	RMSE: 27.71
Epoch 158	LOSS: 18.01	MAE: 20.17	RMSE: 27.62
Epoch 159	LOSS: 18.02	MAE: 20.21	RMSE: 27.47
Epoch 160	LOSS: 18.10	MAE: 20.13	RMSE: 27.52
Epoch 161	LOSS: 17.98	MAE: 20.38	RMSE: 27.65
Epoch 162	LOSS: 17.98	MAE: 20.59	RMSE: 28.16
Epoch 163	LOSS: 18.02	MAE: 20.24	RMSE: 27.46
Epoch 164	LOSS: 17.99	MAE: 20.19	RMSE: 27.39
Epoch 165	LOSS: 17.99	MAE: 20.23	RMSE: 27.45
Epoch 166	LOSS: 17.98	MAE: 20.12	RMSE: 27.40
Epoch 167	LOSS: 17.96	MAE: 20.19	RMSE: 27.55
Epoch 168	LOSS: 17.99	MAE: 20.20	RMSE: 27.50
Epoch 169	LOSS: 18.02	MAE: 20.20	RMSE: 27.44
Epoch 170	LOSS: 17.98	MAE: 20.31	RMSE: 28.01
Epoch 171	LOSS: 18.01	MAE: 20.49	RMSE: 27.86
Epoch 172	LOSS: 18.03	MAE: 20.53	RMSE: 28.14
Epoch 173	LOSS: 17.97	MAE: 20.07	RMSE: 27.37
Epoch 174	LOSS: 17.98	MAE: 20.24	RMSE: 27.50
Epoch 175	LOSS: 17.94	MAE: 20.20	RMSE: 27.41
Epoch 176	LOSS: 17.94	MAE: 20.30	RMSE: 27.87
Epoch 177	LOSS: 18.01	MAE: 20.10	RMSE: 27.31
Epoch 178	LOSS: 17.97	MAE: 20.18	RMSE: 27.44
Epoch 179	LOSS: 18.00	MAE: 20.10	RMSE: 27.48
Epoch 180	LOSS: 17.95	MAE: 20.09	RMSE: 27.38
Epoch 181	LOSS: 18.01	MAE: 20.36	RMSE: 27.61
Epoch 182	LOSS: 17.95	MAE: 20.32	RMSE: 27.80
Epoch 183	LOSS: 17.96	MAE: 20.30	RMSE: 27.73
Epoch 184	LOSS: 17.90	MAE: 20.12	RMSE: 27.43
Epoch 185	LOSS: 17.92	MAE: 20.12	RMSE: 27.38
Epoch 186	LOSS: 17.97	MAE: 20.18	RMSE: 27.60
Epoch 187	LOSS: 17.90	MAE: 20.12	RMSE: 27.50
Epoch 188	LOSS: 17.90	MAE: 20.47	RMSE: 27.97
Epoch 189	LOSS: 17.90	MAE: 20.08	RMSE: 27.35
Epoch 190	LOSS: 17.93	MAE: 20.28	RMSE: 27.62
Epoch 191	LOSS: 18.01	MAE: 20.28	RMSE: 27.59
Epoch 192	LOSS: 17.98	MAE: 20.40	RMSE: 27.78
Epoch 193	LOSS: 17.90	MAE: 20.36	RMSE: 27.85
Epoch 194	LOSS: 17.89	MAE: 20.27	RMSE: 27.70
Epoch 195	LOSS: 17.94	MAE: 20.32	RMSE: 27.72
Epoch 196	LOSS: 17.94	MAE: 20.12	RMSE: 27.43
Epoch 197	LOSS: 17.91	MAE: 20.27	RMSE: 27.70
Epoch 198	LOSS: 17.90	MAE: 20.33	RMSE: 27.60
Epoch 199	LOSS: 17.89	MAE: 20.30	RMSE: 27.72
Epoch 200	LOSS: 17.92	MAE: 20.33	RMSE: 27.89
Epoch 201	LOSS: 17.85	MAE: 20.30	RMSE: 27.61
Epoch 202	LOSS: 17.82	MAE: 20.35	RMSE: 27.82
Epoch 203	LOSS: 17.91	MAE: 20.48	RMSE: 28.19
Epoch 204	LOSS: 17.93	MAE: 20.44	RMSE: 27.80
Epoch 205	LOSS: 17.86	MAE: 20.20	RMSE: 27.54
Epoch 206	LOSS: 17.87	MAE: 20.19	RMSE: 27.82
Epoch 207	LOSS: 17.88	MAE: 20.29	RMSE: 27.84
Epoch 208	LOSS: 17.84	MAE: 20.03	RMSE: 27.30
Epoch 209	LOSS: 17.88	MAE: 20.28	RMSE: 27.73
Epoch 210	LOSS: 17.87	MAE: 20.11	RMSE: 27.53
Epoch 211	LOSS: 17.85	MAE: 20.21	RMSE: 27.50
Epoch 212	LOSS: 17.82	MAE: 20.05	RMSE: 27.27
Epoch 213	LOSS: 17.91	MAE: 20.34	RMSE: 27.85
Epoch 214	LOSS: 17.89	MAE: 20.25	RMSE: 27.68
Epoch 215	LOSS: 17.87	MAE: 20.04	RMSE: 27.26
Epoch 216	LOSS: 17.85	MAE: 20.17	RMSE: 27.70
Epoch 217	LOSS: 17.82	MAE: 20.15	RMSE: 27.46
Epoch 218	LOSS: 17.84	MAE: 20.17	RMSE: 27.41
Epoch 219	LOSS: 17.97	MAE: 20.20	RMSE: 27.61
Epoch 220	LOSS: 17.88	MAE: 20.23	RMSE: 27.67
Epoch 221	LOSS: 17.88	MAE: 20.18	RMSE: 27.58
Epoch 222	LOSS: 17.83	MAE: 20.38	RMSE: 27.86
Epoch 223	LOSS: 17.84	MAE: 20.33	RMSE: 27.75
Epoch 224	LOSS: 17.86	MAE: 20.09	RMSE: 27.37
Epoch 225	LOSS: 17.82	MAE: 20.24	RMSE: 27.59
Epoch 226	LOSS: 17.83	MAE: 20.22	RMSE: 27.61
Epoch 227	LOSS: 17.78	MAE: 20.28	RMSE: 27.67
Epoch 228	LOSS: 17.88	MAE: 20.40	RMSE: 27.75
Epoch 229	LOSS: 17.91	MAE: 20.34	RMSE: 27.91
Epoch 230	LOSS: 17.83	MAE: 20.08	RMSE: 27.42
Epoch 231	LOSS: 17.87	MAE: 20.35	RMSE: 27.75
Epoch 232	LOSS: 17.85	MAE: 20.13	RMSE: 27.54
Epoch 233	LOSS: 17.84	MAE: 20.11	RMSE: 27.49
Epoch 234	LOSS: 17.82	MAE: 20.07	RMSE: 27.32
Epoch 235	LOSS: 17.92	MAE: 19.98	RMSE: 27.27
Epoch 236	LOSS: 17.84	MAE: 20.17	RMSE: 27.56
Epoch 237	LOSS: 17.81	MAE: 20.07	RMSE: 27.44
Epoch 238	LOSS: 17.80	MAE: 20.08	RMSE: 27.39
Epoch 239	LOSS: 17.82	MAE: 20.13	RMSE: 27.57
Epoch 240	LOSS: 17.81	MAE: 20.39	RMSE: 27.83
Epoch 241	LOSS: 17.89	MAE: 20.47	RMSE: 28.01
Epoch 242	LOSS: 17.88	MAE: 20.45	RMSE: 27.88
Epoch 243	LOSS: 17.85	MAE: 20.27	RMSE: 27.57
Epoch 244	LOSS: 17.82	MAE: 20.16	RMSE: 27.48
Epoch 245	LOSS: 17.85	MAE: 20.41	RMSE: 27.80
Epoch 246	LOSS: 17.80	MAE: 20.30	RMSE: 27.92
Epoch 247	LOSS: 17.84	MAE: 20.17	RMSE: 27.59
Epoch 248	LOSS: 17.79	MAE: 20.18	RMSE: 27.74
Epoch 249	LOSS: 17.83	MAE: 20.06	RMSE: 27.33
Epoch 250	LOSS: 17.83	MAE: 20.19	RMSE: 27.39
Epoch 251	LOSS: 17.74	MAE: 20.20	RMSE: 27.55
Epoch 252	LOSS: 17.82	MAE: 20.08	RMSE: 27.41
Epoch 253	LOSS: 17.78	MAE: 20.00	RMSE: 27.31
Epoch 254	LOSS: 17.78	MAE: 20.04	RMSE: 27.36
Epoch 255	LOSS: 17.79	MAE: 20.05	RMSE: 27.31
Epoch 256	LOSS: 17.82	MAE: 20.10	RMSE: 27.45
Epoch 257	LOSS: 17.81	MAE: 20.25	RMSE: 27.59
Epoch 258	LOSS: 17.82	MAE: 20.19	RMSE: 27.60
Epoch 259	LOSS: 17.80	MAE: 20.19	RMSE: 27.61
Epoch 260	LOSS: 17.80	MAE: 20.02	RMSE: 27.38
Epoch 261	LOSS: 17.77	MAE: 20.11	RMSE: 27.39
Epoch 262	LOSS: 17.80	MAE: 20.10	RMSE: 27.46
Epoch 263	LOSS: 17.78	MAE: 20.02	RMSE: 27.29
Epoch 264	LOSS: 17.76	MAE: 20.16	RMSE: 27.53
Epoch 265	LOSS: 17.84	MAE: 20.25	RMSE: 27.86
Epoch 266	LOSS: 17.76	MAE: 20.17	RMSE: 27.54
Epoch 267	LOSS: 17.75	MAE: 20.10	RMSE: 27.40
Epoch 268	LOSS: 17.69	MAE: 20.21	RMSE: 27.56
Epoch 269	LOSS: 17.82	MAE: 20.39	RMSE: 27.96
Epoch 270	LOSS: 17.81	MAE: 20.23	RMSE: 27.59
Epoch 271	LOSS: 17.71	MAE: 20.17	RMSE: 27.55
Epoch 272	LOSS: 17.78	MAE: 20.22	RMSE: 27.62
Epoch 273	LOSS: 17.79	MAE: 20.10	RMSE: 27.45
Epoch 274	LOSS: 17.81	MAE: 20.20	RMSE: 27.67
Epoch 275	LOSS: 17.73	MAE: 20.12	RMSE: 27.48
Epoch 276	LOSS: 17.87	MAE: 20.04	RMSE: 27.42
Epoch 277	LOSS: 17.83	MAE: 20.09	RMSE: 27.41
Epoch 278	LOSS: 17.71	MAE: 20.10	RMSE: 27.44
Epoch 279	LOSS: 17.75	MAE: 20.20	RMSE: 27.60
Epoch 280	LOSS: 17.74	MAE: 20.21	RMSE: 27.61
Epoch 281	LOSS: 17.84	MAE: 20.09	RMSE: 27.47
Epoch 282	LOSS: 17.78	MAE: 20.16	RMSE: 27.37
Epoch 283	LOSS: 17.82	MAE: 20.04	RMSE: 27.35
Epoch 284	LOSS: 17.79	MAE: 20.27	RMSE: 27.94
Epoch 285	LOSS: 17.84	MAE: 20.09	RMSE: 27.45
Epoch 286	LOSS: 17.83	MAE: 20.44	RMSE: 27.91
Epoch 287	LOSS: 17.70	MAE: 20.28	RMSE: 27.76
Epoch 288	LOSS: 17.82	MAE: 20.09	RMSE: 27.36
Epoch 289	LOSS: 17.84	MAE: 20.01	RMSE: 27.38
Epoch 290	LOSS: 17.79	MAE: 19.98	RMSE: 27.25
Epoch 291	LOSS: 17.78	MAE: 20.01	RMSE: 27.32
Epoch 292	LOSS: 17.76	MAE: 20.22	RMSE: 27.70
Epoch 293	LOSS: 17.78	MAE: 20.06	RMSE: 27.41
Epoch 294	LOSS: 17.75	MAE: 19.97	RMSE: 27.23
Epoch 295	LOSS: 17.78	MAE: 20.09	RMSE: 27.44
Epoch 296	LOSS: 17.76	MAE: 20.16	RMSE: 27.52
Epoch 297	LOSS: 17.79	MAE: 20.24	RMSE: 27.75
Epoch 298	LOSS: 17.73	MAE: 20.16	RMSE: 27.59
Epoch 299	LOSS: 17.76	MAE: 20.21	RMSE: 27.54
Epoch 300	LOSS: 17.76	MAE: 20.29	RMSE: 27.76
Epoch 301	LOSS: 17.77	MAE: 20.27	RMSE: 27.70
Epoch 302	LOSS: 17.75	MAE: 20.28	RMSE: 27.81
Epoch 303	LOSS: 17.71	MAE: 20.34	RMSE: 27.90
Epoch 304	LOSS: 17.80	MAE: 20.00	RMSE: 27.26
Epoch 305	LOSS: 17.75	MAE: 20.06	RMSE: 27.48
Epoch 306	LOSS: 17.74	MAE: 20.10	RMSE: 27.44
Epoch 307	LOSS: 17.75	MAE: 20.22	RMSE: 27.67
Epoch 308	LOSS: 17.71	MAE: 20.11	RMSE: 27.53
Epoch 309	LOSS: 17.73	MAE: 20.30	RMSE: 27.68
Epoch 310	LOSS: 17.76	MAE: 20.25	RMSE: 27.59
Epoch 311	LOSS: 17.83	MAE: 20.03	RMSE: 27.29
Epoch 312	LOSS: 17.78	MAE: 20.15	RMSE: 27.62
Epoch 313	LOSS: 17.75	MAE: 20.19	RMSE: 27.61
Epoch 314	LOSS: 17.81	MAE: 20.17	RMSE: 27.63
Epoch 315	LOSS: 17.75	MAE: 20.17	RMSE: 27.60
Epoch 316	LOSS: 17.74	MAE: 20.26	RMSE: 27.71
Epoch 317	LOSS: 17.78	MAE: 19.97	RMSE: 27.26
Epoch 318	LOSS: 17.76	MAE: 20.26	RMSE: 27.77
Epoch 319	LOSS: 17.71	MAE: 20.08	RMSE: 27.44
Epoch 320	LOSS: 17.80	MAE: 20.12	RMSE: 27.53
Epoch 321	LOSS: 17.77	MAE: 20.03	RMSE: 27.40
Epoch 322	LOSS: 17.74	MAE: 20.29	RMSE: 27.76
Epoch 323	LOSS: 17.77	MAE: 20.24	RMSE: 27.67
Epoch 324	LOSS: 17.79	MAE: 20.39	RMSE: 28.08
Epoch 325	LOSS: 17.75	MAE: 20.20	RMSE: 27.68
Epoch 326	LOSS: 17.78	MAE: 20.10	RMSE: 27.37
Epoch 327	LOSS: 17.76	MAE: 20.08	RMSE: 27.56
Epoch 328	LOSS: 17.77	MAE: 20.07	RMSE: 27.43
Epoch 329	LOSS: 17.75	MAE: 20.19	RMSE: 27.57
Epoch 330	LOSS: 17.71	MAE: 20.09	RMSE: 27.44
Epoch 331	LOSS: 17.77	MAE: 20.12	RMSE: 27.49
Epoch 332	LOSS: 17.70	MAE: 20.08	RMSE: 27.54
Epoch 333	LOSS: 17.73	MAE: 20.10	RMSE: 27.42
Epoch 334	LOSS: 17.72	MAE: 20.22	RMSE: 27.75
Epoch 335	LOSS: 17.75	MAE: 19.99	RMSE: 27.44
Epoch 336	LOSS: 17.71	MAE: 20.17	RMSE: 27.55
Epoch 337	LOSS: 17.72	MAE: 20.17	RMSE: 27.70
Epoch 338	LOSS: 17.72	MAE: 20.07	RMSE: 27.43
Epoch 339	LOSS: 17.74	MAE: 20.19	RMSE: 27.62
Epoch 340	LOSS: 17.74	MAE: 20.08	RMSE: 27.39
Epoch 341	LOSS: 17.73	MAE: 20.19	RMSE: 27.64
Epoch 342	LOSS: 17.76	MAE: 20.14	RMSE: 27.45
Epoch 343	LOSS: 17.74	MAE: 20.29	RMSE: 27.66
Epoch 344	LOSS: 17.74	MAE: 20.26	RMSE: 27.65
Epoch 345	LOSS: 17.71	MAE: 20.08	RMSE: 27.39
Epoch 346	LOSS: 17.75	MAE: 20.48	RMSE: 28.15
Epoch 347	LOSS: 17.77	MAE: 20.32	RMSE: 28.04
Epoch 348	LOSS: 17.67	MAE: 20.04	RMSE: 27.37
Epoch 349	LOSS: 17.78	MAE: 20.14	RMSE: 27.59
Epoch 350	LOSS: 17.76	MAE: 20.30	RMSE: 28.09
Epoch 351	LOSS: 17.72	MAE: 20.22	RMSE: 27.69
Epoch 352	LOSS: 17.78	MAE: 19.98	RMSE: 27.31
Epoch 353	LOSS: 17.74	MAE: 20.06	RMSE: 27.45
Epoch 354	LOSS: 17.74	MAE: 20.22	RMSE: 27.70
Epoch 355	LOSS: 17.69	MAE: 20.02	RMSE: 27.31
Epoch 356	LOSS: 17.76	MAE: 20.24	RMSE: 27.75
Epoch 357	LOSS: 17.71	MAE: 20.02	RMSE: 27.36
Epoch 358	LOSS: 17.75	MAE: 20.18	RMSE: 27.61
Epoch 359	LOSS: 17.68	MAE: 20.06	RMSE: 27.43
Epoch 360	LOSS: 17.68	MAE: 20.12	RMSE: 27.45
Epoch 361	LOSS: 17.73	MAE: 20.35	RMSE: 27.88
Epoch 362	LOSS: 17.73	MAE: 20.06	RMSE: 27.44
Epoch 363	LOSS: 17.74	MAE: 20.17	RMSE: 27.63
Epoch 364	LOSS: 17.70	MAE: 20.12	RMSE: 27.59
Epoch 365	LOSS: 17.77	MAE: 20.11	RMSE: 27.58
Epoch 366	LOSS: 17.75	MAE: 20.20	RMSE: 27.72
Epoch 367	LOSS: 17.75	MAE: 20.18	RMSE: 27.70
Epoch 368	LOSS: 17.73	MAE: 20.04	RMSE: 27.45
Epoch 369	LOSS: 17.72	MAE: 20.22	RMSE: 27.65
Epoch 370	LOSS: 17.78	MAE: 20.08	RMSE: 27.63
Epoch 371	LOSS: 17.74	MAE: 20.09	RMSE: 27.45
Epoch 372	LOSS: 17.72	MAE: 20.34	RMSE: 27.81
Epoch 373	LOSS: 17.76	MAE: 19.99	RMSE: 27.30
Epoch 374	LOSS: 17.71	MAE: 20.24	RMSE: 27.67
Epoch 375	LOSS: 17.75	MAE: 20.03	RMSE: 27.41
Epoch 376	LOSS: 17.72	MAE: 20.13	RMSE: 27.56
Epoch 377	LOSS: 17.76	MAE: 20.19	RMSE: 27.65
Epoch 378	LOSS: 17.79	MAE: 20.06	RMSE: 27.20
Epoch 379	LOSS: 17.76	MAE: 20.09	RMSE: 27.44
Epoch 380	LOSS: 17.72	MAE: 20.28	RMSE: 27.87
Epoch 381	LOSS: 17.73	MAE: 20.01	RMSE: 27.39
Epoch 382	LOSS: 17.68	MAE: 20.26	RMSE: 27.82
Epoch 383	LOSS: 17.72	MAE: 20.08	RMSE: 27.46
Epoch 384	LOSS: 17.69	MAE: 20.12	RMSE: 27.48
Epoch 385	LOSS: 17.70	MAE: 20.28	RMSE: 27.87
Epoch 386	LOSS: 17.68	MAE: 20.21	RMSE: 27.64
Epoch 387	LOSS: 17.74	MAE: 20.05	RMSE: 27.42
Epoch 388	LOSS: 17.74	MAE: 20.00	RMSE: 27.32
Epoch 389	LOSS: 17.74	MAE: 20.38	RMSE: 27.89
Epoch 390	LOSS: 17.68	MAE: 20.10	RMSE: 27.44
Epoch 391	LOSS: 17.72	MAE: 20.12	RMSE: 27.45
Epoch 392	LOSS: 17.71	MAE: 20.10	RMSE: 27.51
Epoch 393	LOSS: 17.74	MAE: 20.18	RMSE: 27.62
Epoch 394	LOSS: 17.72	MAE: 20.10	RMSE: 27.55
Epoch 395	LOSS: 17.69	MAE: 20.30	RMSE: 27.75
Epoch 396	LOSS: 17.75	MAE: 19.99	RMSE: 27.27
Epoch 397	LOSS: 17.73	MAE: 20.22	RMSE: 27.65
Epoch 398	LOSS: 17.71	MAE: 20.23	RMSE: 27.66
Epoch 399	LOSS: 17.77	MAE: 20.03	RMSE: 27.48
Epoch 400	LOSS: 17.75	MAE: 20.01	RMSE: 27.46
Epoch 401	LOSS: 17.72	MAE: 20.23	RMSE: 27.74
Epoch 402	LOSS: 17.69	MAE: 20.24	RMSE: 27.69
Epoch 403	LOSS: 17.71	MAE: 20.01	RMSE: 27.44
Epoch 404	LOSS: 17.70	MAE: 20.08	RMSE: 27.46
Epoch 405	LOSS: 17.72	MAE: 20.12	RMSE: 27.53
Epoch 406	LOSS: 17.68	MAE: 20.05	RMSE: 27.48
Epoch 407	LOSS: 17.70	MAE: 20.39	RMSE: 27.94
Epoch 408	LOSS: 17.70	MAE: 20.12	RMSE: 27.50
Epoch 409	LOSS: 17.71	MAE: 20.05	RMSE: 27.44
Epoch 410	LOSS: 17.65	MAE: 20.20	RMSE: 27.62
Epoch 411	LOSS: 17.69	MAE: 20.24	RMSE: 27.61
Epoch 412	LOSS: 17.71	MAE: 20.17	RMSE: 27.64
Epoch 413	LOSS: 17.71	MAE: 20.00	RMSE: 27.34
Epoch 414	LOSS: 17.73	MAE: 20.10	RMSE: 27.63
Epoch 415	LOSS: 17.70	MAE: 20.15	RMSE: 27.59
Epoch 416	LOSS: 17.73	MAE: 20.20	RMSE: 27.70
Epoch 417	LOSS: 17.72	MAE: 20.14	RMSE: 27.56
Epoch 418	LOSS: 17.69	MAE: 20.20	RMSE: 27.65
Epoch 419	LOSS: 17.68	MAE: 20.07	RMSE: 27.42
Epoch 420	LOSS: 17.70	MAE: 20.19	RMSE: 27.57
Epoch 421	LOSS: 17.73	MAE: 20.36	RMSE: 27.86
Epoch 422	LOSS: 17.70	MAE: 20.12	RMSE: 27.57
Epoch 423	LOSS: 17.72	MAE: 20.02	RMSE: 27.35
Epoch 424	LOSS: 17.72	MAE: 20.08	RMSE: 27.36
Epoch 425	LOSS: 17.62	MAE: 20.32	RMSE: 27.88
Epoch 426	LOSS: 17.71	MAE: 20.14	RMSE: 27.56
Epoch 427	LOSS: 17.69	MAE: 20.07	RMSE: 27.45
Epoch 428	LOSS: 17.66	MAE: 20.16	RMSE: 27.60
Epoch 429	LOSS: 17.73	MAE: 20.11	RMSE: 27.46
Epoch 430	LOSS: 17.72	MAE: 20.18	RMSE: 27.74
Epoch 431	LOSS: 17.67	MAE: 20.33	RMSE: 27.84
Epoch 432	LOSS: 17.72	MAE: 20.16	RMSE: 27.68
Epoch 433	LOSS: 17.69	MAE: 20.17	RMSE: 27.63
Epoch 434	LOSS: 17.66	MAE: 20.03	RMSE: 27.50
Epoch 435	LOSS: 17.66	MAE: 20.21	RMSE: 27.74
Epoch 436	LOSS: 17.71	MAE: 19.98	RMSE: 27.31
Epoch 437	LOSS: 17.68	MAE: 20.20	RMSE: 27.63
Epoch 438	LOSS: 17.72	MAE: 20.15	RMSE: 27.54
Epoch 439	LOSS: 17.69	MAE: 20.23	RMSE: 27.64
Epoch 440	LOSS: 17.68	MAE: 20.13	RMSE: 27.60
Epoch 441	LOSS: 17.72	MAE: 20.12	RMSE: 27.56
Epoch 442	LOSS: 17.73	MAE: 20.12	RMSE: 27.43
Epoch 443	LOSS: 17.71	MAE: 20.18	RMSE: 27.62
Epoch 444	LOSS: 17.67	MAE: 20.18	RMSE: 27.50
Epoch 445	LOSS: 17.70	MAE: 20.19	RMSE: 27.60
Epoch 446	LOSS: 17.69	MAE: 20.21	RMSE: 27.61
Epoch 447	LOSS: 17.68	MAE: 20.10	RMSE: 27.44
Epoch 448	LOSS: 17.72	MAE: 20.25	RMSE: 27.73
Epoch 449	LOSS: 17.67	MAE: 20.13	RMSE: 27.52
Epoch 450	LOSS: 17.64	MAE: 20.08	RMSE: 27.46
Epoch 451	LOSS: 17.66	MAE: 20.30	RMSE: 27.85
Epoch 452	LOSS: 17.65	MAE: 20.11	RMSE: 27.51
Epoch 453	LOSS: 17.67	MAE: 20.16	RMSE: 27.64
Epoch 454	LOSS: 17.72	MAE: 20.32	RMSE: 27.88
Epoch 455	LOSS: 17.67	MAE: 20.06	RMSE: 27.48
Epoch 456	LOSS: 17.73	MAE: 20.01	RMSE: 27.37
Epoch 457	LOSS: 17.73	MAE: 20.41	RMSE: 28.00
Epoch 458	LOSS: 17.72	MAE: 20.07	RMSE: 27.50
Epoch 459	LOSS: 17.73	MAE: 20.09	RMSE: 27.42
Epoch 460	LOSS: 17.70	MAE: 20.17	RMSE: 27.69
Epoch 461	LOSS: 17.70	MAE: 20.24	RMSE: 27.71
Epoch 462	LOSS: 17.65	MAE: 20.14	RMSE: 27.49
Epoch 463	LOSS: 17.69	MAE: 20.31	RMSE: 27.80
Epoch 464	LOSS: 17.67	MAE: 20.22	RMSE: 27.57
Epoch 465	LOSS: 17.69	MAE: 20.11	RMSE: 27.55
Epoch 466	LOSS: 17.71	MAE: 20.44	RMSE: 28.01
Epoch 467	LOSS: 17.72	MAE: 20.05	RMSE: 27.37
Epoch 468	LOSS: 17.67	MAE: 20.18	RMSE: 27.68
Epoch 469	LOSS: 17.70	MAE: 20.18	RMSE: 27.63
Epoch 470	LOSS: 17.69	MAE: 20.29	RMSE: 27.73
Epoch 471	LOSS: 17.68	MAE: 20.11	RMSE: 27.40
Epoch 472	LOSS: 17.61	MAE: 20.11	RMSE: 27.51
Epoch 473	LOSS: 17.68	MAE: 20.22	RMSE: 27.59
Epoch 474	LOSS: 17.69	MAE: 20.14	RMSE: 27.45
Epoch 475	LOSS: 17.68	MAE: 20.17	RMSE: 27.53
Epoch 476	LOSS: 17.70	MAE: 20.14	RMSE: 27.55
Epoch 477	LOSS: 17.70	MAE: 20.21	RMSE: 27.65
Epoch 478	LOSS: 17.70	MAE: 20.14	RMSE: 27.55
Epoch 479	LOSS: 17.69	MAE: 20.21	RMSE: 27.65
Epoch 480	LOSS: 17.69	MAE: 20.10	RMSE: 27.52
Epoch 481	LOSS: 17.63	MAE: 20.20	RMSE: 27.55
Epoch 482	LOSS: 17.71	MAE: 20.37	RMSE: 28.00
Epoch 483	LOSS: 17.77	MAE: 19.93	RMSE: 27.19
Epoch 484	LOSS: 17.64	MAE: 20.15	RMSE: 27.54
Epoch 485	LOSS: 17.68	MAE: 20.17	RMSE: 27.57
Epoch 486	LOSS: 17.66	MAE: 20.04	RMSE: 27.38
Epoch 487	LOSS: 17.69	MAE: 20.20	RMSE: 27.57
Epoch 488	LOSS: 17.70	MAE: 20.14	RMSE: 27.55
Epoch 489	LOSS: 17.72	MAE: 20.03	RMSE: 27.39
Epoch 490	LOSS: 17.68	MAE: 20.23	RMSE: 27.70
Epoch 491	LOSS: 17.68	MAE: 20.08	RMSE: 27.53
Epoch 492	LOSS: 17.67	MAE: 20.05	RMSE: 27.42
Epoch 493	LOSS: 17.69	MAE: 20.20	RMSE: 27.65
Epoch 494	LOSS: 17.68	MAE: 20.13	RMSE: 27.50
Epoch 495	LOSS: 17.63	MAE: 20.14	RMSE: 27.65
Epoch 496	LOSS: 17.68	MAE: 20.17	RMSE: 27.61
Epoch 497	LOSS: 17.65	MAE: 20.18	RMSE: 27.66
Epoch 498	LOSS: 17.63	MAE: 20.16	RMSE: 27.60
Epoch 499	LOSS: 17.68	MAE: 20.21	RMSE: 27.69
