Epoch 000	LOSS: 124.40	MAE: 62.24	RMSE: 63.00
Epoch 001	LOSS: 123.23	MAE: 61.90	RMSE: 62.67
Epoch 002	LOSS: 120.23	MAE: 60.96	RMSE: 61.74
Epoch 003	LOSS: 115.15	MAE: 58.66	RMSE: 59.48
Epoch 004	LOSS: 104.71	MAE: 53.73	RMSE: 54.66
Epoch 005	LOSS: 84.37	MAE: 44.60	RMSE: 45.80
Epoch 006	LOSS: 50.80	MAE: 29.57	RMSE: 31.36
Epoch 007	LOSS: 17.23	MAE: 11.75	RMSE: 17.21
Epoch 008	LOSS: 31.67	MAE: 17.04	RMSE: 20.73
Epoch 009	LOSS: 15.14	MAE: 12.50	RMSE: 19.34
Epoch 010	LOSS: 14.92	MAE: 14.22	RMSE: 20.98
Epoch 011	LOSS: 11.14	MAE: 12.08	RMSE: 20.74
Epoch 012	LOSS: 11.44	MAE: 12.22	RMSE: 21.44
Epoch 013	LOSS: 10.89	MAE: 12.72	RMSE: 22.25
Epoch 014	LOSS: 10.13	MAE: 12.70	RMSE: 22.84
Epoch 015	LOSS: 10.00	MAE: 12.97	RMSE: 23.41
Epoch 016	LOSS: 9.65	MAE: 12.99	RMSE: 23.74
Epoch 017	LOSS: 9.72	MAE: 13.21	RMSE: 24.10
Epoch 018	LOSS: 9.48	MAE: 13.22	RMSE: 24.24
Epoch 019	LOSS: 9.80	MAE: 13.34	RMSE: 24.36
Epoch 020	LOSS: 9.54	MAE: 13.28	RMSE: 24.45
Epoch 021	LOSS: 9.42	MAE: 13.33	RMSE: 24.52
Epoch 022	LOSS: 9.25	MAE: 13.31	RMSE: 24.56
Epoch 023	LOSS: 9.47	MAE: 13.34	RMSE: 24.60
Epoch 024	LOSS: 9.51	MAE: 13.44	RMSE: 24.62
Epoch 025	LOSS: 9.73	MAE: 13.42	RMSE: 24.69
Epoch 026	LOSS: 9.69	MAE: 13.41	RMSE: 24.69
Epoch 027	LOSS: 9.70	MAE: 13.42	RMSE: 24.76
Epoch 028	LOSS: 9.61	MAE: 13.54	RMSE: 24.81
Epoch 029	LOSS: 9.45	MAE: 13.43	RMSE: 24.85
Epoch 030	LOSS: 9.46	MAE: 13.46	RMSE: 24.87
Epoch 031	LOSS: 9.60	MAE: 13.53	RMSE: 24.89
Epoch 032	LOSS: 9.53	MAE: 13.51	RMSE: 24.94
Epoch 033	LOSS: 9.42	MAE: 13.56	RMSE: 25.00
Epoch 034	LOSS: 9.71	MAE: 13.54	RMSE: 25.07
Epoch 035	LOSS: 9.33	MAE: 13.51	RMSE: 25.08
Epoch 036	LOSS: 9.41	MAE: 13.47	RMSE: 25.04
Epoch 037	LOSS: 9.58	MAE: 13.64	RMSE: 25.07
Epoch 038	LOSS: 9.29	MAE: 13.52	RMSE: 25.16
Epoch 039	LOSS: 9.32	MAE: 13.54	RMSE: 25.22
Epoch 040	LOSS: 9.47	MAE: 13.60	RMSE: 25.27
Epoch 041	LOSS: 9.47	MAE: 13.69	RMSE: 25.28
Epoch 042	LOSS: 9.35	MAE: 13.61	RMSE: 25.32
Epoch 043	LOSS: 9.42	MAE: 13.60	RMSE: 25.36
Epoch 044	LOSS: 9.37	MAE: 13.64	RMSE: 25.40
Epoch 045	LOSS: 9.30	MAE: 13.68	RMSE: 25.47
Epoch 046	LOSS: 9.19	MAE: 13.74	RMSE: 25.50
Epoch 047	LOSS: 9.50	MAE: 13.74	RMSE: 25.54
Epoch 048	LOSS: 9.45	MAE: 13.70	RMSE: 25.57
Epoch 049	LOSS: 9.31	MAE: 13.75	RMSE: 25.63
Epoch 050	LOSS: 9.58	MAE: 13.73	RMSE: 25.68
Epoch 051	LOSS: 9.41	MAE: 13.83	RMSE: 25.69
Epoch 052	LOSS: 9.41	MAE: 13.81	RMSE: 25.69
Epoch 053	LOSS: 9.30	MAE: 13.81	RMSE: 25.68
Epoch 054	LOSS: 9.16	MAE: 13.73	RMSE: 25.68
Epoch 055	LOSS: 9.23	MAE: 13.74	RMSE: 25.73
Epoch 056	LOSS: 9.05	MAE: 13.76	RMSE: 25.78
Epoch 057	LOSS: 9.12	MAE: 13.79	RMSE: 25.80
Epoch 058	LOSS: 9.23	MAE: 13.80	RMSE: 25.82
Epoch 059	LOSS: 9.05	MAE: 13.83	RMSE: 25.84
Epoch 060	LOSS: 9.36	MAE: 13.81	RMSE: 25.88
Epoch 061	LOSS: 8.98	MAE: 13.75	RMSE: 25.89
Epoch 062	LOSS: 9.11	MAE: 13.82	RMSE: 25.88
Epoch 063	LOSS: 8.92	MAE: 13.79	RMSE: 25.89
Epoch 064	LOSS: 9.10	MAE: 13.80	RMSE: 25.89
Epoch 065	LOSS: 8.82	MAE: 13.86	RMSE: 25.91
Epoch 066	LOSS: 9.24	MAE: 13.79	RMSE: 25.92
Epoch 067	LOSS: 9.04	MAE: 13.76	RMSE: 25.96
Epoch 068	LOSS: 9.17	MAE: 13.76	RMSE: 25.96
Epoch 069	LOSS: 9.06	MAE: 13.81	RMSE: 25.96
Epoch 070	LOSS: 8.90	MAE: 13.80	RMSE: 25.96
Epoch 071	LOSS: 9.18	MAE: 13.77	RMSE: 25.97
Epoch 072	LOSS: 9.05	MAE: 13.80	RMSE: 26.01
Epoch 073	LOSS: 8.85	MAE: 13.81	RMSE: 26.01
Epoch 074	LOSS: 8.98	MAE: 13.85	RMSE: 26.01
Epoch 075	LOSS: 8.85	MAE: 13.81	RMSE: 26.01
Epoch 076	LOSS: 9.15	MAE: 13.77	RMSE: 26.04
Epoch 077	LOSS: 8.82	MAE: 13.80	RMSE: 26.03
Epoch 078	LOSS: 8.82	MAE: 13.76	RMSE: 26.04
Epoch 079	LOSS: 8.87	MAE: 13.79	RMSE: 26.05
Epoch 080	LOSS: 8.97	MAE: 13.86	RMSE: 26.08
Epoch 081	LOSS: 9.06	MAE: 13.79	RMSE: 26.11
Epoch 082	LOSS: 8.96	MAE: 13.82	RMSE: 26.13
Epoch 083	LOSS: 9.00	MAE: 13.82	RMSE: 26.14
Epoch 084	LOSS: 9.03	MAE: 13.78	RMSE: 26.14
Epoch 085	LOSS: 8.92	MAE: 13.83	RMSE: 26.14
Epoch 086	LOSS: 9.04	MAE: 13.81	RMSE: 26.12
Epoch 087	LOSS: 9.10	MAE: 13.84	RMSE: 26.14
Epoch 088	LOSS: 8.98	MAE: 13.82	RMSE: 26.15
Epoch 089	LOSS: 8.79	MAE: 13.85	RMSE: 26.16
Epoch 090	LOSS: 9.05	MAE: 13.87	RMSE: 26.17
Epoch 091	LOSS: 9.13	MAE: 13.89	RMSE: 26.18
Epoch 092	LOSS: 9.04	MAE: 13.94	RMSE: 26.18
Epoch 093	LOSS: 8.98	MAE: 13.83	RMSE: 26.16
Epoch 094	LOSS: 9.00	MAE: 13.84	RMSE: 26.14
Epoch 095	LOSS: 8.99	MAE: 13.80	RMSE: 26.16
Epoch 096	LOSS: 8.88	MAE: 13.78	RMSE: 26.18
Epoch 097	LOSS: 8.95	MAE: 13.92	RMSE: 26.21
Epoch 098	LOSS: 8.90	MAE: 13.79	RMSE: 26.20
Epoch 099	LOSS: 8.90	MAE: 13.80	RMSE: 26.17
Epoch 100	LOSS: 9.01	MAE: 13.77	RMSE: 26.19
Epoch 101	LOSS: 8.86	MAE: 13.80	RMSE: 26.19
Epoch 102	LOSS: 9.10	MAE: 13.83	RMSE: 26.20
Epoch 103	LOSS: 8.81	MAE: 13.82	RMSE: 26.19
Epoch 104	LOSS: 8.87	MAE: 13.80	RMSE: 26.19
Epoch 105	LOSS: 9.07	MAE: 13.78	RMSE: 26.20
Epoch 106	LOSS: 8.90	MAE: 13.78	RMSE: 26.20
Epoch 107	LOSS: 8.73	MAE: 13.78	RMSE: 26.20
Epoch 108	LOSS: 8.91	MAE: 13.80	RMSE: 26.18
Epoch 109	LOSS: 8.78	MAE: 13.80	RMSE: 26.19
Epoch 110	LOSS: 8.99	MAE: 13.81	RMSE: 26.22
Epoch 111	LOSS: 8.87	MAE: 13.80	RMSE: 26.22
Epoch 112	LOSS: 8.89	MAE: 13.80	RMSE: 26.20
Epoch 113	LOSS: 8.98	MAE: 13.80	RMSE: 26.20
Epoch 114	LOSS: 8.86	MAE: 13.82	RMSE: 26.21
Epoch 115	LOSS: 8.81	MAE: 13.85	RMSE: 26.21
Epoch 116	LOSS: 9.11	MAE: 13.82	RMSE: 26.20
Epoch 117	LOSS: 9.09	MAE: 13.80	RMSE: 26.20
Epoch 118	LOSS: 8.91	MAE: 13.79	RMSE: 26.23
Epoch 119	LOSS: 8.91	MAE: 13.81	RMSE: 26.24
Epoch 120	LOSS: 8.91	MAE: 13.81	RMSE: 26.23
Epoch 121	LOSS: 9.03	MAE: 13.79	RMSE: 26.22
Epoch 122	LOSS: 8.93	MAE: 13.79	RMSE: 26.23
Epoch 123	LOSS: 9.03	MAE: 13.79	RMSE: 26.23
Epoch 124	LOSS: 8.85	MAE: 13.78	RMSE: 26.24
Epoch 125	LOSS: 9.14	MAE: 13.83	RMSE: 26.22
Epoch 126	LOSS: 8.89	MAE: 13.83	RMSE: 26.23
Epoch 127	LOSS: 8.72	MAE: 13.82	RMSE: 26.22
Epoch 128	LOSS: 8.91	MAE: 13.81	RMSE: 26.23
Epoch 129	LOSS: 8.92	MAE: 13.79	RMSE: 26.24
Epoch 130	LOSS: 9.09	MAE: 13.86	RMSE: 26.23
Epoch 131	LOSS: 8.86	MAE: 13.82	RMSE: 26.22
Epoch 132	LOSS: 8.70	MAE: 13.79	RMSE: 26.24
Epoch 133	LOSS: 9.04	MAE: 13.80	RMSE: 26.26
Epoch 134	LOSS: 9.14	MAE: 13.80	RMSE: 26.26
Epoch 135	LOSS: 8.77	MAE: 13.78	RMSE: 26.25
Epoch 136	LOSS: 8.88	MAE: 13.79	RMSE: 26.26
Epoch 137	LOSS: 8.79	MAE: 13.81	RMSE: 26.26
Epoch 138	LOSS: 8.84	MAE: 13.79	RMSE: 26.26
Epoch 139	LOSS: 8.98	MAE: 13.81	RMSE: 26.27
Epoch 140	LOSS: 8.90	MAE: 13.84	RMSE: 26.26
Epoch 141	LOSS: 8.81	MAE: 13.81	RMSE: 26.25
Epoch 142	LOSS: 8.83	MAE: 13.79	RMSE: 26.24
Epoch 143	LOSS: 8.75	MAE: 13.79	RMSE: 26.24
Epoch 144	LOSS: 8.94	MAE: 13.80	RMSE: 26.26
Epoch 145	LOSS: 8.84	MAE: 13.82	RMSE: 26.26
Epoch 146	LOSS: 8.80	MAE: 13.80	RMSE: 26.25
Epoch 147	LOSS: 8.85	MAE: 13.78	RMSE: 26.25
Epoch 148	LOSS: 8.95	MAE: 13.81	RMSE: 26.25
Epoch 149	LOSS: 8.69	MAE: 13.80	RMSE: 26.26
Epoch 150	LOSS: 9.08	MAE: 13.78	RMSE: 26.26
Epoch 151	LOSS: 8.64	MAE: 13.81	RMSE: 26.26
Epoch 152	LOSS: 8.81	MAE: 13.79	RMSE: 26.27
Epoch 153	LOSS: 8.85	MAE: 13.78	RMSE: 26.28
Epoch 154	LOSS: 9.03	MAE: 13.78	RMSE: 26.26
Epoch 155	LOSS: 8.69	MAE: 13.77	RMSE: 26.26
Epoch 156	LOSS: 8.55	MAE: 13.78	RMSE: 26.25
Epoch 157	LOSS: 8.71	MAE: 13.83	RMSE: 26.22
Epoch 158	LOSS: 8.72	MAE: 13.80	RMSE: 26.22
Epoch 159	LOSS: 8.74	MAE: 13.76	RMSE: 26.23
Epoch 160	LOSS: 8.69	MAE: 13.78	RMSE: 26.24
Epoch 161	LOSS: 8.66	MAE: 13.77	RMSE: 26.25
Epoch 162	LOSS: 8.79	MAE: 13.79	RMSE: 26.24
Epoch 163	LOSS: 8.76	MAE: 13.82	RMSE: 26.25
Epoch 164	LOSS: 8.46	MAE: 13.80	RMSE: 26.23
Epoch 165	LOSS: 8.66	MAE: 13.80	RMSE: 26.23
Epoch 166	LOSS: 8.71	MAE: 13.78	RMSE: 26.23
Epoch 167	LOSS: 8.52	MAE: 13.76	RMSE: 26.23
Epoch 168	LOSS: 8.81	MAE: 13.78	RMSE: 26.23
Epoch 169	LOSS: 8.41	MAE: 13.77	RMSE: 26.23
Epoch 170	LOSS: 8.43	MAE: 13.76	RMSE: 26.22
Epoch 171	LOSS: 8.63	MAE: 13.74	RMSE: 26.22
Epoch 172	LOSS: 8.54	MAE: 13.76	RMSE: 26.23
Epoch 173	LOSS: 8.71	MAE: 13.76	RMSE: 26.22
Epoch 174	LOSS: 8.51	MAE: 13.76	RMSE: 26.21
Epoch 175	LOSS: 8.68	MAE: 13.77	RMSE: 26.22
Epoch 176	LOSS: 8.72	MAE: 13.76	RMSE: 26.22
Epoch 177	LOSS: 8.72	MAE: 13.78	RMSE: 26.21
Epoch 178	LOSS: 8.75	MAE: 13.80	RMSE: 26.21
Epoch 179	LOSS: 8.60	MAE: 13.81	RMSE: 26.21
Epoch 180	LOSS: 8.89	MAE: 13.78	RMSE: 26.21
Epoch 181	LOSS: 8.64	MAE: 13.76	RMSE: 26.21
Epoch 182	LOSS: 8.49	MAE: 13.71	RMSE: 26.23
Epoch 183	LOSS: 8.78	MAE: 13.74	RMSE: 26.23
Epoch 184	LOSS: 8.68	MAE: 13.78	RMSE: 26.20
Epoch 185	LOSS: 8.55	MAE: 13.75	RMSE: 26.20
Epoch 186	LOSS: 8.86	MAE: 13.75	RMSE: 26.19
Epoch 187	LOSS: 8.75	MAE: 13.72	RMSE: 26.22
Epoch 188	LOSS: 8.62	MAE: 13.74	RMSE: 26.21
Epoch 189	LOSS: 8.47	MAE: 13.78	RMSE: 26.21
Epoch 190	LOSS: 8.75	MAE: 13.78	RMSE: 26.23
Epoch 191	LOSS: 8.48	MAE: 13.79	RMSE: 26.22
Epoch 192	LOSS: 8.59	MAE: 13.74	RMSE: 26.23
Epoch 193	LOSS: 8.65	MAE: 13.73	RMSE: 26.22
Epoch 194	LOSS: 8.53	MAE: 13.76	RMSE: 26.22
Epoch 195	LOSS: 8.56	MAE: 13.80	RMSE: 26.22
Epoch 196	LOSS: 8.69	MAE: 13.76	RMSE: 26.21
Epoch 197	LOSS: 8.58	MAE: 13.76	RMSE: 26.21
Epoch 198	LOSS: 8.62	MAE: 13.77	RMSE: 26.20
Epoch 199	LOSS: 8.85	MAE: 13.84	RMSE: 26.21
Epoch 200	LOSS: 8.92	MAE: 13.86	RMSE: 26.19
Epoch 201	LOSS: 8.64	MAE: 13.70	RMSE: 26.22
Epoch 202	LOSS: 8.72	MAE: 13.70	RMSE: 26.22
Epoch 203	LOSS: 8.71	MAE: 13.75	RMSE: 26.22
Epoch 204	LOSS: 8.50	MAE: 13.75	RMSE: 26.22
Epoch 205	LOSS: 8.74	MAE: 13.79	RMSE: 26.23
Epoch 206	LOSS: 8.70	MAE: 13.85	RMSE: 26.22
Epoch 207	LOSS: 8.63	MAE: 13.79	RMSE: 26.21
Epoch 208	LOSS: 8.64	MAE: 13.74	RMSE: 26.21
Epoch 209	LOSS: 8.57	MAE: 13.75	RMSE: 26.22
Epoch 210	LOSS: 8.56	MAE: 13.77	RMSE: 26.21
Epoch 211	LOSS: 8.56	MAE: 13.71	RMSE: 26.21
Epoch 212	LOSS: 8.78	MAE: 13.72	RMSE: 26.21
Epoch 213	LOSS: 8.77	MAE: 13.78	RMSE: 26.19
Epoch 214	LOSS: 8.65	MAE: 13.78	RMSE: 26.20
Epoch 215	LOSS: 8.22	MAE: 13.71	RMSE: 26.20
Epoch 216	LOSS: 8.45	MAE: 13.73	RMSE: 26.19
Epoch 217	LOSS: 8.42	MAE: 13.71	RMSE: 26.19
Epoch 218	LOSS: 8.64	MAE: 13.70	RMSE: 26.20
Epoch 219	LOSS: 8.73	MAE: 13.72	RMSE: 26.20
Epoch 220	LOSS: 8.58	MAE: 13.73	RMSE: 26.20
Epoch 221	LOSS: 8.40	MAE: 13.74	RMSE: 26.21
Epoch 222	LOSS: 8.53	MAE: 13.73	RMSE: 26.20
Epoch 223	LOSS: 8.71	MAE: 13.72	RMSE: 26.21
Epoch 224	LOSS: 8.51	MAE: 13.71	RMSE: 26.20
Epoch 225	LOSS: 8.50	MAE: 13.71	RMSE: 26.21
Epoch 226	LOSS: 8.51	MAE: 13.72	RMSE: 26.22
Epoch 227	LOSS: 8.69	MAE: 13.71	RMSE: 26.21
Epoch 228	LOSS: 8.54	MAE: 13.71	RMSE: 26.21
Epoch 229	LOSS: 8.51	MAE: 13.73	RMSE: 26.20
Epoch 230	LOSS: 8.42	MAE: 13.78	RMSE: 26.20
Epoch 231	LOSS: 8.46	MAE: 13.83	RMSE: 26.19
Epoch 232	LOSS: 8.78	MAE: 13.80	RMSE: 26.20
Epoch 233	LOSS: 9.18	MAE: 13.73	RMSE: 26.23
Epoch 234	LOSS: 8.61	MAE: 13.69	RMSE: 26.20
Epoch 235	LOSS: 9.20	MAE: 13.91	RMSE: 26.20
Epoch 236	LOSS: 8.50	MAE: 13.78	RMSE: 26.18
Epoch 237	LOSS: 8.58	MAE: 13.72	RMSE: 26.19
Epoch 238	LOSS: 8.73	MAE: 13.70	RMSE: 26.18
Epoch 239	LOSS: 8.52	MAE: 13.70	RMSE: 26.19
Epoch 240	LOSS: 8.54	MAE: 13.72	RMSE: 26.20
Epoch 241	LOSS: 8.68	MAE: 13.74	RMSE: 26.20
Epoch 242	LOSS: 8.76	MAE: 13.71	RMSE: 26.19
Epoch 243	LOSS: 8.60	MAE: 13.70	RMSE: 26.17
Epoch 244	LOSS: 8.55	MAE: 13.71	RMSE: 26.16
Epoch 245	LOSS: 8.54	MAE: 13.68	RMSE: 26.19
Epoch 246	LOSS: 8.63	MAE: 13.76	RMSE: 26.23
Epoch 247	LOSS: 8.61	MAE: 13.70	RMSE: 26.20
Epoch 248	LOSS: 8.76	MAE: 13.77	RMSE: 26.14
Epoch 249	LOSS: 8.59	MAE: 13.82	RMSE: 26.14
Epoch 250	LOSS: 8.69	MAE: 13.77	RMSE: 26.12
Epoch 251	LOSS: 8.53	MAE: 13.76	RMSE: 26.14
Epoch 252	LOSS: 8.58	MAE: 13.72	RMSE: 26.15
Epoch 253	LOSS: 8.54	MAE: 13.70	RMSE: 26.16
Epoch 254	LOSS: 8.47	MAE: 13.69	RMSE: 26.16
Epoch 255	LOSS: 8.44	MAE: 13.71	RMSE: 26.16
Epoch 256	LOSS: 8.42	MAE: 13.72	RMSE: 26.15
Epoch 257	LOSS: 8.66	MAE: 13.73	RMSE: 26.15
Epoch 258	LOSS: 8.59	MAE: 13.67	RMSE: 26.14
Epoch 259	LOSS: 8.43	MAE: 13.67	RMSE: 26.14
Epoch 260	LOSS: 8.54	MAE: 13.78	RMSE: 26.13
Epoch 261	LOSS: 8.48	MAE: 13.72	RMSE: 26.14
Epoch 262	LOSS: 8.52	MAE: 13.68	RMSE: 26.13
Epoch 263	LOSS: 8.58	MAE: 13.65	RMSE: 26.15
Epoch 264	LOSS: 8.52	MAE: 13.66	RMSE: 26.16
Epoch 265	LOSS: 8.42	MAE: 13.65	RMSE: 26.16
Epoch 266	LOSS: 8.32	MAE: 13.67	RMSE: 26.14
Epoch 267	LOSS: 8.50	MAE: 13.68	RMSE: 26.15
Epoch 268	LOSS: 8.50	MAE: 13.67	RMSE: 26.16
Epoch 269	LOSS: 8.69	MAE: 13.68	RMSE: 26.17
Epoch 270	LOSS: 8.71	MAE: 13.66	RMSE: 26.14
Epoch 271	LOSS: 8.70	MAE: 13.65	RMSE: 26.13
Epoch 272	LOSS: 8.50	MAE: 13.66	RMSE: 26.14
Epoch 273	LOSS: 8.36	MAE: 13.66	RMSE: 26.14
Epoch 274	LOSS: 8.58	MAE: 13.65	RMSE: 26.15
Epoch 275	LOSS: 8.47	MAE: 13.67	RMSE: 26.14
Epoch 276	LOSS: 8.28	MAE: 13.63	RMSE: 26.16
Epoch 277	LOSS: 8.64	MAE: 13.64	RMSE: 26.16
Epoch 278	LOSS: 8.63	MAE: 13.66	RMSE: 26.16
Epoch 279	LOSS: 8.66	MAE: 13.66	RMSE: 26.14
Epoch 280	LOSS: 8.40	MAE: 13.68	RMSE: 26.15
Epoch 281	LOSS: 8.46	MAE: 13.66	RMSE: 26.14
Epoch 282	LOSS: 8.49	MAE: 13.65	RMSE: 26.13
Epoch 283	LOSS: 8.44	MAE: 13.65	RMSE: 26.15
Epoch 284	LOSS: 8.53	MAE: 13.64	RMSE: 26.16
Epoch 285	LOSS: 8.51	MAE: 13.63	RMSE: 26.15
Epoch 286	LOSS: 8.43	MAE: 13.66	RMSE: 26.13
Epoch 287	LOSS: 8.48	MAE: 13.68	RMSE: 26.13
Epoch 288	LOSS: 8.50	MAE: 13.64	RMSE: 26.13
Epoch 289	LOSS: 8.67	MAE: 13.65	RMSE: 26.13
Epoch 290	LOSS: 8.42	MAE: 13.64	RMSE: 26.13
Epoch 291	LOSS: 8.47	MAE: 13.63	RMSE: 26.14
Epoch 292	LOSS: 8.55	MAE: 13.63	RMSE: 26.14
Epoch 293	LOSS: 8.29	MAE: 13.61	RMSE: 26.16
Epoch 294	LOSS: 8.35	MAE: 13.62	RMSE: 26.15
Epoch 295	LOSS: 8.38	MAE: 13.72	RMSE: 26.14
Epoch 296	LOSS: 8.65	MAE: 13.65	RMSE: 26.15
Epoch 297	LOSS: 8.56	MAE: 13.62	RMSE: 26.14
Epoch 298	LOSS: 8.34	MAE: 13.61	RMSE: 26.14
Epoch 299	LOSS: 8.49	MAE: 13.61	RMSE: 26.15
Epoch 300	LOSS: 8.35	MAE: 13.64	RMSE: 26.14
Epoch 301	LOSS: 8.45	MAE: 13.63	RMSE: 26.15
Epoch 302	LOSS: 8.28	MAE: 13.68	RMSE: 26.13
Epoch 303	LOSS: 8.32	MAE: 13.74	RMSE: 26.14
Epoch 304	LOSS: 8.43	MAE: 13.60	RMSE: 26.16
Epoch 305	LOSS: 8.42	MAE: 13.61	RMSE: 26.16
Epoch 306	LOSS: 8.42	MAE: 13.64	RMSE: 26.16
Epoch 307	LOSS: 8.38	MAE: 13.64	RMSE: 26.16
Epoch 308	LOSS: 8.31	MAE: 13.62	RMSE: 26.16
Epoch 309	LOSS: 8.30	MAE: 13.63	RMSE: 26.16
Epoch 310	LOSS: 8.43	MAE: 13.63	RMSE: 26.15
Epoch 311	LOSS: 8.30	MAE: 13.68	RMSE: 26.15
Epoch 312	LOSS: 8.35	MAE: 13.62	RMSE: 26.17
Epoch 313	LOSS: 8.38	MAE: 13.65	RMSE: 26.18
Epoch 314	LOSS: 8.56	MAE: 13.61	RMSE: 26.16
Epoch 315	LOSS: 8.34	MAE: 13.61	RMSE: 26.15
Epoch 316	LOSS: 8.33	MAE: 13.63	RMSE: 26.15
Epoch 317	LOSS: 8.40	MAE: 13.61	RMSE: 26.16
Epoch 318	LOSS: 8.33	MAE: 13.62	RMSE: 26.15
Epoch 319	LOSS: 8.36	MAE: 13.67	RMSE: 26.14
Epoch 320	LOSS: 8.15	MAE: 13.60	RMSE: 26.15
Epoch 321	LOSS: 8.40	MAE: 13.62	RMSE: 26.15
Epoch 322	LOSS: 8.31	MAE: 13.64	RMSE: 26.13
Epoch 323	LOSS: 8.28	MAE: 13.61	RMSE: 26.14
Epoch 324	LOSS: 8.32	MAE: 13.60	RMSE: 26.14
Epoch 325	LOSS: 8.40	MAE: 13.59	RMSE: 26.15
Epoch 326	LOSS: 8.56	MAE: 13.59	RMSE: 26.15
Epoch 327	LOSS: 8.27	MAE: 13.61	RMSE: 26.16
Epoch 328	LOSS: 8.29	MAE: 13.70	RMSE: 26.14
Epoch 329	LOSS: 8.31	MAE: 13.66	RMSE: 26.15
Epoch 330	LOSS: 8.52	MAE: 13.66	RMSE: 26.13
Epoch 331	LOSS: 8.87	MAE: 13.66	RMSE: 26.14
Epoch 332	LOSS: 8.34	MAE: 13.65	RMSE: 26.17
Epoch 333	LOSS: 8.27	MAE: 13.60	RMSE: 26.16
Epoch 334	LOSS: 8.47	MAE: 13.63	RMSE: 26.14
Epoch 335	LOSS: 8.70	MAE: 13.74	RMSE: 26.13
Epoch 336	LOSS: 8.36	MAE: 13.66	RMSE: 26.13
Epoch 337	LOSS: 8.21	MAE: 13.62	RMSE: 26.15
Epoch 338	LOSS: 8.45	MAE: 13.64	RMSE: 26.17
Epoch 339	LOSS: 8.37	MAE: 13.61	RMSE: 26.13
Epoch 340	LOSS: 8.52	MAE: 13.65	RMSE: 26.13
Epoch 341	LOSS: 8.06	MAE: 13.63	RMSE: 26.14
Epoch 342	LOSS: 8.27	MAE: 13.64	RMSE: 26.14
Epoch 343	LOSS: 8.36	MAE: 13.63	RMSE: 26.13
Epoch 344	LOSS: 8.23	MAE: 13.60	RMSE: 26.14
Epoch 345	LOSS: 8.30	MAE: 13.60	RMSE: 26.13
Epoch 346	LOSS: 8.25	MAE: 13.61	RMSE: 26.15
Epoch 347	LOSS: 8.16	MAE: 13.59	RMSE: 26.15
Epoch 348	LOSS: 8.28	MAE: 13.63	RMSE: 26.15
Epoch 349	LOSS: 8.24	MAE: 13.58	RMSE: 26.17
Epoch 350	LOSS: 8.22	MAE: 13.62	RMSE: 26.16
Epoch 351	LOSS: 8.30	MAE: 13.60	RMSE: 26.15
Epoch 352	LOSS: 8.14	MAE: 13.60	RMSE: 26.17
Epoch 353	LOSS: 8.26	MAE: 13.63	RMSE: 26.14
Epoch 354	LOSS: 8.30	MAE: 13.58	RMSE: 26.17
Epoch 355	LOSS: 8.36	MAE: 13.59	RMSE: 26.16
Epoch 356	LOSS: 8.26	MAE: 13.60	RMSE: 26.16
Epoch 357	LOSS: 8.37	MAE: 13.62	RMSE: 26.17
Epoch 358	LOSS: 8.36	MAE: 13.60	RMSE: 26.17
Epoch 359	LOSS: 8.27	MAE: 13.59	RMSE: 26.18
Epoch 360	LOSS: 8.27	MAE: 13.57	RMSE: 26.16
Epoch 361	LOSS: 8.19	MAE: 13.58	RMSE: 26.15
Epoch 362	LOSS: 8.10	MAE: 13.58	RMSE: 26.16
Epoch 363	LOSS: 8.25	MAE: 13.59	RMSE: 26.19
Epoch 364	LOSS: 8.31	MAE: 13.60	RMSE: 26.19
Epoch 365	LOSS: 8.40	MAE: 13.61	RMSE: 26.20
Epoch 366	LOSS: 8.29	MAE: 13.60	RMSE: 26.16
Epoch 367	LOSS: 8.13	MAE: 13.67	RMSE: 26.15
Epoch 368	LOSS: 8.09	MAE: 13.60	RMSE: 26.15
Epoch 369	LOSS: 8.25	MAE: 13.65	RMSE: 26.16
Epoch 370	LOSS: 8.23	MAE: 13.72	RMSE: 26.15
Epoch 371	LOSS: 8.41	MAE: 13.66	RMSE: 26.15
Epoch 372	LOSS: 8.32	MAE: 13.58	RMSE: 26.16
Epoch 373	LOSS: 8.31	MAE: 13.60	RMSE: 26.16
Epoch 374	LOSS: 8.28	MAE: 13.60	RMSE: 26.15
Epoch 375	LOSS: 8.46	MAE: 13.61	RMSE: 26.16
Epoch 376	LOSS: 8.13	MAE: 13.61	RMSE: 26.17
Epoch 377	LOSS: 8.24	MAE: 13.64	RMSE: 26.15
Epoch 378	LOSS: 8.21	MAE: 13.66	RMSE: 26.16
Epoch 379	LOSS: 8.29	MAE: 13.61	RMSE: 26.17
Epoch 380	LOSS: 8.31	MAE: 13.60	RMSE: 26.17
Epoch 381	LOSS: 8.20	MAE: 13.69	RMSE: 26.15
Epoch 382	LOSS: 8.28	MAE: 13.72	RMSE: 26.15
Epoch 383	LOSS: 8.05	MAE: 13.62	RMSE: 26.16
Epoch 384	LOSS: 7.99	MAE: 13.58	RMSE: 26.17
Epoch 385	LOSS: 8.33	MAE: 13.61	RMSE: 26.17
Epoch 386	LOSS: 8.08	MAE: 13.64	RMSE: 26.16
Epoch 387	LOSS: 7.96	MAE: 13.56	RMSE: 26.17
Epoch 388	LOSS: 8.11	MAE: 13.59	RMSE: 26.16
Epoch 389	LOSS: 8.02	MAE: 13.60	RMSE: 26.16
Epoch 390	LOSS: 8.06	MAE: 13.59	RMSE: 26.16
Epoch 391	LOSS: 8.20	MAE: 13.61	RMSE: 26.15
Epoch 392	LOSS: 8.18	MAE: 13.60	RMSE: 26.16
Epoch 393	LOSS: 8.11	MAE: 13.66	RMSE: 26.15
Epoch 394	LOSS: 8.29	MAE: 13.61	RMSE: 26.16
Epoch 395	LOSS: 8.21	MAE: 13.56	RMSE: 26.17
Epoch 396	LOSS: 8.10	MAE: 13.57	RMSE: 26.17
Epoch 397	LOSS: 7.94	MAE: 13.65	RMSE: 26.15
Epoch 398	LOSS: 7.90	MAE: 13.59	RMSE: 26.16
Epoch 399	LOSS: 8.01	MAE: 13.59	RMSE: 26.16
Epoch 400	LOSS: 8.29	MAE: 13.62	RMSE: 26.16
Epoch 401	LOSS: 8.11	MAE: 13.65	RMSE: 26.15
Epoch 402	LOSS: 8.25	MAE: 13.62	RMSE: 26.16
Epoch 403	LOSS: 8.23	MAE: 13.61	RMSE: 26.17
Epoch 404	LOSS: 8.18	MAE: 13.59	RMSE: 26.21
Epoch 405	LOSS: 8.14	MAE: 13.61	RMSE: 26.19
Epoch 406	LOSS: 8.15	MAE: 13.59	RMSE: 26.19
Epoch 407	LOSS: 8.10	MAE: 13.57	RMSE: 26.19
Epoch 408	LOSS: 8.15	MAE: 13.66	RMSE: 26.17
Epoch 409	LOSS: 8.15	MAE: 13.68	RMSE: 26.21
Epoch 410	LOSS: 8.22	MAE: 13.58	RMSE: 26.20
Epoch 411	LOSS: 8.12	MAE: 13.55	RMSE: 26.19
Epoch 412	LOSS: 8.21	MAE: 13.56	RMSE: 26.20
Epoch 413	LOSS: 8.12	MAE: 13.61	RMSE: 26.21
Epoch 414	LOSS: 8.61	MAE: 13.70	RMSE: 26.16
Epoch 415	LOSS: 8.06	MAE: 13.58	RMSE: 26.17
Epoch 416	LOSS: 8.09	MAE: 13.58	RMSE: 26.22
Epoch 417	LOSS: 8.12	MAE: 13.60	RMSE: 26.19
Epoch 418	LOSS: 8.92	MAE: 13.89	RMSE: 26.18
Epoch 419	LOSS: 8.33	MAE: 13.56	RMSE: 26.20
Epoch 420	LOSS: 8.32	MAE: 13.54	RMSE: 26.18
Epoch 421	LOSS: 9.22	MAE: 13.93	RMSE: 26.19
Epoch 422	LOSS: 8.38	MAE: 13.64	RMSE: 26.23
Epoch 423	LOSS: 8.54	MAE: 13.64	RMSE: 26.17
Epoch 424	LOSS: 8.34	MAE: 13.58	RMSE: 26.19
Epoch 425	LOSS: 8.33	MAE: 13.64	RMSE: 26.17
Epoch 426	LOSS: 8.16	MAE: 13.62	RMSE: 26.16
Epoch 427	LOSS: 7.96	MAE: 13.60	RMSE: 26.18
Epoch 428	LOSS: 8.10	MAE: 13.63	RMSE: 26.20
Epoch 429	LOSS: 8.04	MAE: 13.57	RMSE: 26.22
Epoch 430	LOSS: 7.89	MAE: 13.57	RMSE: 26.22
Epoch 431	LOSS: 7.95	MAE: 13.61	RMSE: 26.20
Epoch 432	LOSS: 8.37	MAE: 13.69	RMSE: 26.20
Epoch 433	LOSS: 8.23	MAE: 13.61	RMSE: 26.26
Epoch 434	LOSS: 8.36	MAE: 13.67	RMSE: 26.23
Epoch 435	LOSS: 8.01	MAE: 13.68	RMSE: 26.22
Epoch 436	LOSS: 8.03	MAE: 13.66	RMSE: 26.22
Epoch 437	LOSS: 8.32	MAE: 13.60	RMSE: 26.22
Epoch 438	LOSS: 8.04	MAE: 13.61	RMSE: 26.24
Epoch 439	LOSS: 8.00	MAE: 13.58	RMSE: 26.24
Epoch 440	LOSS: 7.92	MAE: 13.59	RMSE: 26.21
Epoch 441	LOSS: 8.03	MAE: 13.56	RMSE: 26.22
Epoch 442	LOSS: 7.99	MAE: 13.60	RMSE: 26.21
Epoch 443	LOSS: 8.09	MAE: 13.58	RMSE: 26.22
Epoch 444	LOSS: 8.11	MAE: 13.62	RMSE: 26.22
Epoch 445	LOSS: 8.08	MAE: 13.57	RMSE: 26.23
Epoch 446	LOSS: 8.09	MAE: 13.57	RMSE: 26.22
Epoch 447	LOSS: 8.09	MAE: 13.56	RMSE: 26.22
Epoch 448	LOSS: 8.07	MAE: 13.58	RMSE: 26.22
Epoch 449	LOSS: 7.99	MAE: 13.57	RMSE: 26.20
Epoch 450	LOSS: 8.36	MAE: 13.67	RMSE: 26.19
Epoch 451	LOSS: 7.98	MAE: 13.55	RMSE: 26.21
Epoch 452	LOSS: 8.04	MAE: 13.56	RMSE: 26.21
Epoch 453	LOSS: 8.07	MAE: 13.57	RMSE: 26.23
Epoch 454	LOSS: 8.12	MAE: 13.54	RMSE: 26.21
Epoch 455	LOSS: 8.05	MAE: 13.53	RMSE: 26.22
Epoch 456	LOSS: 8.11	MAE: 13.58	RMSE: 26.23
Epoch 457	LOSS: 8.19	MAE: 13.66	RMSE: 26.19
Epoch 458	LOSS: 8.02	MAE: 13.64	RMSE: 26.19
Epoch 459	LOSS: 8.09	MAE: 13.63	RMSE: 26.20
Epoch 460	LOSS: 7.89	MAE: 13.60	RMSE: 26.20
Epoch 461	LOSS: 8.01	MAE: 13.60	RMSE: 26.21
Epoch 462	LOSS: 8.04	MAE: 13.57	RMSE: 26.20
Epoch 463	LOSS: 8.03	MAE: 13.55	RMSE: 26.20
Epoch 464	LOSS: 8.13	MAE: 13.55	RMSE: 26.19
Epoch 465	LOSS: 8.00	MAE: 13.55	RMSE: 26.19
Epoch 466	LOSS: 7.79	MAE: 13.57	RMSE: 26.18
Epoch 467	LOSS: 7.82	MAE: 13.59	RMSE: 26.19
Epoch 468	LOSS: 8.02	MAE: 13.52	RMSE: 26.20
Epoch 469	LOSS: 7.92	MAE: 13.55	RMSE: 26.21
Epoch 470	LOSS: 7.77	MAE: 13.55	RMSE: 26.18
Epoch 471	LOSS: 7.71	MAE: 13.55	RMSE: 26.18
Epoch 472	LOSS: 8.24	MAE: 13.60	RMSE: 26.20
Epoch 473	LOSS: 7.92	MAE: 13.61	RMSE: 26.22
Epoch 474	LOSS: 7.92	MAE: 13.54	RMSE: 26.22
Epoch 475	LOSS: 7.93	MAE: 13.54	RMSE: 26.21
Epoch 476	LOSS: 7.98	MAE: 13.57	RMSE: 26.20
Epoch 477	LOSS: 8.00	MAE: 13.57	RMSE: 26.19
Epoch 478	LOSS: 7.76	MAE: 13.59	RMSE: 26.18
Epoch 479	LOSS: 7.86	MAE: 13.56	RMSE: 26.19
Epoch 480	LOSS: 7.74	MAE: 13.57	RMSE: 26.18
Epoch 481	LOSS: 7.80	MAE: 13.56	RMSE: 26.19
Epoch 482	LOSS: 7.71	MAE: 13.54	RMSE: 26.19
Epoch 483	LOSS: 7.73	MAE: 13.53	RMSE: 26.19
Epoch 484	LOSS: 7.94	MAE: 13.58	RMSE: 26.18
Epoch 485	LOSS: 7.93	MAE: 13.55	RMSE: 26.19
Epoch 486	LOSS: 7.74	MAE: 13.52	RMSE: 26.18
Epoch 487	LOSS: 7.87	MAE: 13.59	RMSE: 26.20
Epoch 488	LOSS: 7.96	MAE: 13.54	RMSE: 26.18
Epoch 489	LOSS: 7.73	MAE: 13.55	RMSE: 26.18
Epoch 490	LOSS: 7.94	MAE: 13.54	RMSE: 26.17
Epoch 491	LOSS: 7.97	MAE: 13.53	RMSE: 26.18
Epoch 492	LOSS: 7.92	MAE: 13.53	RMSE: 26.18
Epoch 493	LOSS: 7.78	MAE: 13.51	RMSE: 26.17
Epoch 494	LOSS: 7.79	MAE: 13.52	RMSE: 26.19
Epoch 495	LOSS: 8.02	MAE: 13.50	RMSE: 26.17
Epoch 496	LOSS: 7.75	MAE: 13.53	RMSE: 26.14
Epoch 497	LOSS: 8.10	MAE: 13.54	RMSE: 26.13
Epoch 498	LOSS: 7.93	MAE: 13.47	RMSE: 26.14
Epoch 499	LOSS: 7.87	MAE: 13.52	RMSE: 26.15
