Epoch 000	LOSS: 460.88	MAE: 220.02	RMSE: 266.08
Epoch 001	LOSS: 467.27	MAE: 219.97	RMSE: 266.04
Epoch 002	LOSS: 464.96	MAE: 219.88	RMSE: 265.96
Epoch 003	LOSS: 466.32	MAE: 219.72	RMSE: 265.83
Epoch 004	LOSS: 462.46	MAE: 219.45	RMSE: 265.61
Epoch 005	LOSS: 457.80	MAE: 219.04	RMSE: 265.27
Epoch 006	LOSS: 459.87	MAE: 218.42	RMSE: 264.76
Epoch 007	LOSS: 457.85	MAE: 217.54	RMSE: 264.03
Epoch 008	LOSS: 455.76	MAE: 216.34	RMSE: 263.03
Epoch 009	LOSS: 454.65	MAE: 214.71	RMSE: 261.67
Epoch 010	LOSS: 447.29	MAE: 212.54	RMSE: 259.83
Epoch 011	LOSS: 449.81	MAE: 209.74	RMSE: 257.45
Epoch 012	LOSS: 436.46	MAE: 206.22	RMSE: 254.45
Epoch 013	LOSS: 426.08	MAE: 201.87	RMSE: 250.70
Epoch 014	LOSS: 410.81	MAE: 196.57	RMSE: 246.09
Epoch 015	LOSS: 405.32	MAE: 190.37	RMSE: 240.61
Epoch 016	LOSS: 386.13	MAE: 183.23	RMSE: 234.16
Epoch 017	LOSS: 369.20	MAE: 175.19	RMSE: 226.70
Epoch 018	LOSS: 352.68	MAE: 166.45	RMSE: 218.25
Epoch 019	LOSS: 329.75	MAE: 157.31	RMSE: 208.92
Epoch 020	LOSS: 308.47	MAE: 148.06	RMSE: 198.78
Epoch 021	LOSS: 289.91	MAE: 139.16	RMSE: 188.09
Epoch 022	LOSS: 266.30	MAE: 130.97	RMSE: 177.06
Epoch 023	LOSS: 253.45	MAE: 123.76	RMSE: 166.20
Epoch 024	LOSS: 233.41	MAE: 117.59	RMSE: 155.91
Epoch 025	LOSS: 221.88	MAE: 112.59	RMSE: 146.82
Epoch 026	LOSS: 212.06	MAE: 109.02	RMSE: 139.77
Epoch 027	LOSS: 204.43	MAE: 106.76	RMSE: 135.19
Epoch 028	LOSS: 199.04	MAE: 105.43	RMSE: 132.89
Epoch 029	LOSS: 197.28	MAE: 104.28	RMSE: 131.89
Epoch 030	LOSS: 190.19	MAE: 102.78	RMSE: 131.22
Epoch 031	LOSS: 186.27	MAE: 100.75	RMSE: 130.17
Epoch 032	LOSS: 183.75	MAE: 98.43	RMSE: 128.61
Epoch 033	LOSS: 178.21	MAE: 96.58	RMSE: 127.12
Epoch 034	LOSS: 180.04	MAE: 95.33	RMSE: 125.85
Epoch 035	LOSS: 172.95	MAE: 94.52	RMSE: 124.86
Epoch 036	LOSS: 171.79	MAE: 93.97	RMSE: 124.34
Epoch 037	LOSS: 168.49	MAE: 93.89	RMSE: 124.40
Epoch 038	LOSS: 172.36	MAE: 93.66	RMSE: 124.45
Epoch 039	LOSS: 170.23	MAE: 93.39	RMSE: 124.58
Epoch 040	LOSS: 171.19	MAE: 93.27	RMSE: 124.93
Epoch 041	LOSS: 169.03	MAE: 93.08	RMSE: 125.28
Epoch 042	LOSS: 173.65	MAE: 92.71	RMSE: 125.52
Epoch 043	LOSS: 168.57	MAE: 92.71	RMSE: 126.13
Epoch 044	LOSS: 165.44	MAE: 92.41	RMSE: 126.40
Epoch 045	LOSS: 165.02	MAE: 92.29	RMSE: 126.64
Epoch 046	LOSS: 165.43	MAE: 91.96	RMSE: 126.65
Epoch 047	LOSS: 166.84	MAE: 91.63	RMSE: 126.42
Epoch 048	LOSS: 163.20	MAE: 91.32	RMSE: 126.12
Epoch 049	LOSS: 163.62	MAE: 90.97	RMSE: 125.63
Epoch 050	LOSS: 162.02	MAE: 90.61	RMSE: 125.09
Epoch 051	LOSS: 164.23	MAE: 90.37	RMSE: 124.56
Epoch 052	LOSS: 163.09	MAE: 90.13	RMSE: 124.16
Epoch 053	LOSS: 161.93	MAE: 89.80	RMSE: 123.86
Epoch 054	LOSS: 162.38	MAE: 89.46	RMSE: 123.53
Epoch 055	LOSS: 160.17	MAE: 89.05	RMSE: 123.00
Epoch 056	LOSS: 159.37	MAE: 88.82	RMSE: 122.53
Epoch 057	LOSS: 156.51	MAE: 88.26	RMSE: 121.74
Epoch 058	LOSS: 159.26	MAE: 87.88	RMSE: 121.31
Epoch 059	LOSS: 156.44	MAE: 87.43	RMSE: 120.96
Epoch 060	LOSS: 155.93	MAE: 86.96	RMSE: 120.51
Epoch 061	LOSS: 154.55	MAE: 86.54	RMSE: 120.10
Epoch 062	LOSS: 155.82	MAE: 86.19	RMSE: 119.77
Epoch 063	LOSS: 154.02	MAE: 85.97	RMSE: 119.58
Epoch 064	LOSS: 152.03	MAE: 85.55	RMSE: 119.20
Epoch 065	LOSS: 150.58	MAE: 85.22	RMSE: 118.81
Epoch 066	LOSS: 149.35	MAE: 84.79	RMSE: 118.43
Epoch 067	LOSS: 146.99	MAE: 84.39	RMSE: 118.04
Epoch 068	LOSS: 147.37	MAE: 83.92	RMSE: 117.53
Epoch 069	LOSS: 147.38	MAE: 83.69	RMSE: 117.27
Epoch 070	LOSS: 146.18	MAE: 83.29	RMSE: 116.89
Epoch 071	LOSS: 145.18	MAE: 82.92	RMSE: 116.49
Epoch 072	LOSS: 143.70	MAE: 82.61	RMSE: 116.18
Epoch 073	LOSS: 145.92	MAE: 82.27	RMSE: 115.84
Epoch 074	LOSS: 141.39	MAE: 81.90	RMSE: 115.43
Epoch 075	LOSS: 140.53	MAE: 81.49	RMSE: 114.98
Epoch 076	LOSS: 141.18	MAE: 81.14	RMSE: 114.57
Epoch 077	LOSS: 141.62	MAE: 80.74	RMSE: 114.10
Epoch 078	LOSS: 141.13	MAE: 80.21	RMSE: 113.40
Epoch 079	LOSS: 138.47	MAE: 79.54	RMSE: 112.54
Epoch 080	LOSS: 141.58	MAE: 79.01	RMSE: 111.95
Epoch 081	LOSS: 138.37	MAE: 78.48	RMSE: 111.35
Epoch 082	LOSS: 138.00	MAE: 77.95	RMSE: 110.74
Epoch 083	LOSS: 137.96	MAE: 77.37	RMSE: 110.07
Epoch 084	LOSS: 134.18	MAE: 76.85	RMSE: 109.50
Epoch 085	LOSS: 133.92	MAE: 76.61	RMSE: 109.19
Epoch 086	LOSS: 130.91	MAE: 76.17	RMSE: 108.73
Epoch 087	LOSS: 130.40	MAE: 75.61	RMSE: 108.25
Epoch 088	LOSS: 133.56	MAE: 75.20	RMSE: 107.81
Epoch 089	LOSS: 129.92	MAE: 74.90	RMSE: 107.49
Epoch 090	LOSS: 131.37	MAE: 74.41	RMSE: 106.78
Epoch 091	LOSS: 130.61	MAE: 73.76	RMSE: 105.99
Epoch 092	LOSS: 129.56	MAE: 73.14	RMSE: 105.32
Epoch 093	LOSS: 128.12	MAE: 72.60	RMSE: 104.70
Epoch 094	LOSS: 127.17	MAE: 72.28	RMSE: 104.22
Epoch 095	LOSS: 125.14	MAE: 71.92	RMSE: 103.73
Epoch 096	LOSS: 125.42	MAE: 71.20	RMSE: 102.89
Epoch 097	LOSS: 126.37	MAE: 70.75	RMSE: 102.21
Epoch 098	LOSS: 123.61	MAE: 70.43	RMSE: 101.77
Epoch 099	LOSS: 121.09	MAE: 69.82	RMSE: 101.13
Epoch 100	LOSS: 120.57	MAE: 69.25	RMSE: 100.65
Epoch 101	LOSS: 118.02	MAE: 68.82	RMSE: 100.20
Epoch 102	LOSS: 118.87	MAE: 68.44	RMSE: 99.92
Epoch 103	LOSS: 117.15	MAE: 67.82	RMSE: 99.23
Epoch 104	LOSS: 117.53	MAE: 67.29	RMSE: 98.72
Epoch 105	LOSS: 115.48	MAE: 67.20	RMSE: 98.87
Epoch 106	LOSS: 113.14	MAE: 66.85	RMSE: 98.63
Epoch 107	LOSS: 113.39	MAE: 66.19	RMSE: 97.96
Epoch 108	LOSS: 111.69	MAE: 65.73	RMSE: 97.53
Epoch 109	LOSS: 110.20	MAE: 65.19	RMSE: 97.15
Epoch 110	LOSS: 109.30	MAE: 64.63	RMSE: 96.62
Epoch 111	LOSS: 108.78	MAE: 64.15	RMSE: 96.21
Epoch 112	LOSS: 105.94	MAE: 63.52	RMSE: 95.69
Epoch 113	LOSS: 107.03	MAE: 62.92	RMSE: 95.13
Epoch 114	LOSS: 104.42	MAE: 62.08	RMSE: 94.23
Epoch 115	LOSS: 103.82	MAE: 61.83	RMSE: 93.90
Epoch 116	LOSS: 100.97	MAE: 61.12	RMSE: 93.42
Epoch 117	LOSS: 100.39	MAE: 60.42	RMSE: 93.05
Epoch 118	LOSS: 99.84	MAE: 59.85	RMSE: 92.63
Epoch 119	LOSS: 97.46	MAE: 59.25	RMSE: 92.08
Epoch 120	LOSS: 96.53	MAE: 58.75	RMSE: 91.73
Epoch 121	LOSS: 95.35	MAE: 58.10	RMSE: 91.40
Epoch 122	LOSS: 93.63	MAE: 57.56	RMSE: 91.06
Epoch 123	LOSS: 93.32	MAE: 57.08	RMSE: 90.74
Epoch 124	LOSS: 92.39	MAE: 56.74	RMSE: 90.66
Epoch 125	LOSS: 90.79	MAE: 56.04	RMSE: 90.22
Epoch 126	LOSS: 90.62	MAE: 55.64	RMSE: 89.89
Epoch 127	LOSS: 89.38	MAE: 55.08	RMSE: 89.66
Epoch 128	LOSS: 87.75	MAE: 54.28	RMSE: 89.43
Epoch 129	LOSS: 86.28	MAE: 54.10	RMSE: 89.46
Epoch 130	LOSS: 85.30	MAE: 53.67	RMSE: 89.09
Epoch 131	LOSS: 84.37	MAE: 52.84	RMSE: 88.31
Epoch 132	LOSS: 83.57	MAE: 52.58	RMSE: 88.29
Epoch 133	LOSS: 82.84	MAE: 52.32	RMSE: 88.30
Epoch 134	LOSS: 82.74	MAE: 51.99	RMSE: 88.22
Epoch 135	LOSS: 81.73	MAE: 51.70	RMSE: 88.08
Epoch 136	LOSS: 81.23	MAE: 51.37	RMSE: 87.92
Epoch 137	LOSS: 80.95	MAE: 51.12	RMSE: 87.87
Epoch 138	LOSS: 80.92	MAE: 50.89	RMSE: 87.72
Epoch 139	LOSS: 79.57	MAE: 50.65	RMSE: 87.58
Epoch 140	LOSS: 80.01	MAE: 50.47	RMSE: 87.45
Epoch 141	LOSS: 79.85	MAE: 50.20	RMSE: 87.32
Epoch 142	LOSS: 79.29	MAE: 49.87	RMSE: 87.15
Epoch 143	LOSS: 79.04	MAE: 49.77	RMSE: 87.13
Epoch 144	LOSS: 78.51	MAE: 49.70	RMSE: 87.10
Epoch 145	LOSS: 79.08	MAE: 49.55	RMSE: 87.08
Epoch 146	LOSS: 78.32	MAE: 49.30	RMSE: 86.97
Epoch 147	LOSS: 78.36	MAE: 49.23	RMSE: 86.93
Epoch 148	LOSS: 77.13	MAE: 49.08	RMSE: 86.88
Epoch 149	LOSS: 78.45	MAE: 49.08	RMSE: 86.93
Epoch 150	LOSS: 78.02	MAE: 48.93	RMSE: 86.78
Epoch 151	LOSS: 77.85	MAE: 49.03	RMSE: 86.82
Epoch 152	LOSS: 77.74	MAE: 49.19	RMSE: 86.95
Epoch 153	LOSS: 78.39	MAE: 49.09	RMSE: 86.90
Epoch 154	LOSS: 78.05	MAE: 48.95	RMSE: 86.78
Epoch 155	LOSS: 77.74	MAE: 49.08	RMSE: 86.94
Epoch 156	LOSS: 77.95	MAE: 49.09	RMSE: 86.99
Epoch 157	LOSS: 77.19	MAE: 48.70	RMSE: 86.68
Epoch 158	LOSS: 76.85	MAE: 48.47	RMSE: 86.57
Epoch 159	LOSS: 76.31	MAE: 48.29	RMSE: 86.54
Epoch 160	LOSS: 76.27	MAE: 48.35	RMSE: 86.58
Epoch 161	LOSS: 77.56	MAE: 48.34	RMSE: 86.53
Epoch 162	LOSS: 76.26	MAE: 48.27	RMSE: 86.49
Epoch 163	LOSS: 76.02	MAE: 48.35	RMSE: 86.58
Epoch 164	LOSS: 75.80	MAE: 48.36	RMSE: 86.59
Epoch 165	LOSS: 76.20	MAE: 48.11	RMSE: 86.44
Epoch 166	LOSS: 75.73	MAE: 47.98	RMSE: 86.40
Epoch 167	LOSS: 76.64	MAE: 48.15	RMSE: 86.59
Epoch 168	LOSS: 76.01	MAE: 48.31	RMSE: 86.68
Epoch 169	LOSS: 75.12	MAE: 48.21	RMSE: 86.51
Epoch 170	LOSS: 76.59	MAE: 48.07	RMSE: 86.43
Epoch 171	LOSS: 74.94	MAE: 47.89	RMSE: 86.43
Epoch 172	LOSS: 75.20	MAE: 47.80	RMSE: 86.35
Epoch 173	LOSS: 74.80	MAE: 47.74	RMSE: 86.28
Epoch 174	LOSS: 74.83	MAE: 47.48	RMSE: 86.20
Epoch 175	LOSS: 74.82	MAE: 47.47	RMSE: 86.25
Epoch 176	LOSS: 74.75	MAE: 47.41	RMSE: 86.24
Epoch 177	LOSS: 74.07	MAE: 47.43	RMSE: 86.28
Epoch 178	LOSS: 73.19	MAE: 47.21	RMSE: 86.12
Epoch 179	LOSS: 73.08	MAE: 47.14	RMSE: 86.06
Epoch 180	LOSS: 74.24	MAE: 46.98	RMSE: 86.00
Epoch 181	LOSS: 73.63	MAE: 46.95	RMSE: 85.97
Epoch 182	LOSS: 73.31	MAE: 47.02	RMSE: 85.95
Epoch 183	LOSS: 73.43	MAE: 46.93	RMSE: 85.93
Epoch 184	LOSS: 72.97	MAE: 46.81	RMSE: 85.96
Epoch 185	LOSS: 73.30	MAE: 46.61	RMSE: 85.93
Epoch 186	LOSS: 71.62	MAE: 46.38	RMSE: 85.75
Epoch 187	LOSS: 73.41	MAE: 46.46	RMSE: 85.79
Epoch 188	LOSS: 71.84	MAE: 46.55	RMSE: 85.86
Epoch 189	LOSS: 71.90	MAE: 46.53	RMSE: 85.84
Epoch 190	LOSS: 71.85	MAE: 46.28	RMSE: 85.70
Epoch 191	LOSS: 72.13	MAE: 46.30	RMSE: 85.78
Epoch 192	LOSS: 70.73	MAE: 46.07	RMSE: 85.62
Epoch 193	LOSS: 70.81	MAE: 45.87	RMSE: 85.53
Epoch 194	LOSS: 70.91	MAE: 45.79	RMSE: 85.51
Epoch 195	LOSS: 70.47	MAE: 45.81	RMSE: 85.48
Epoch 196	LOSS: 71.31	MAE: 45.74	RMSE: 85.45
Epoch 197	LOSS: 69.84	MAE: 45.63	RMSE: 85.39
Epoch 198	LOSS: 68.78	MAE: 45.66	RMSE: 85.45
Epoch 199	LOSS: 69.87	MAE: 45.48	RMSE: 85.34
Epoch 200	LOSS: 68.68	MAE: 45.41	RMSE: 85.29
Epoch 201	LOSS: 68.61	MAE: 45.39	RMSE: 85.30
Epoch 202	LOSS: 69.39	MAE: 45.44	RMSE: 85.34
Epoch 203	LOSS: 69.27	MAE: 45.49	RMSE: 85.38
Epoch 204	LOSS: 69.38	MAE: 45.30	RMSE: 85.28
Epoch 205	LOSS: 69.15	MAE: 45.30	RMSE: 85.28
Epoch 206	LOSS: 68.69	MAE: 45.31	RMSE: 85.28
Epoch 207	LOSS: 68.05	MAE: 45.33	RMSE: 85.33
Epoch 208	LOSS: 70.11	MAE: 45.47	RMSE: 85.44
Epoch 209	LOSS: 67.99	MAE: 45.37	RMSE: 85.33
Epoch 210	LOSS: 68.84	MAE: 45.21	RMSE: 85.22
Epoch 211	LOSS: 68.46	MAE: 45.18	RMSE: 85.24
Epoch 212	LOSS: 67.55	MAE: 45.11	RMSE: 85.17
Epoch 213	LOSS: 69.15	MAE: 45.13	RMSE: 85.20
Epoch 214	LOSS: 68.18	MAE: 45.13	RMSE: 85.21
Epoch 215	LOSS: 68.01	MAE: 45.11	RMSE: 85.19
Epoch 216	LOSS: 68.69	MAE: 45.08	RMSE: 85.15
Epoch 217	LOSS: 68.10	MAE: 45.24	RMSE: 85.29
Epoch 218	LOSS: 68.12	MAE: 45.21	RMSE: 85.29
Epoch 219	LOSS: 68.49	MAE: 45.07	RMSE: 85.19
Epoch 220	LOSS: 67.09	MAE: 45.00	RMSE: 85.14
Epoch 221	LOSS: 67.61	MAE: 45.12	RMSE: 85.23
Epoch 222	LOSS: 68.67	MAE: 45.26	RMSE: 85.29
Epoch 223	LOSS: 68.91	MAE: 45.33	RMSE: 85.36
Epoch 224	LOSS: 68.46	MAE: 45.45	RMSE: 85.46
Epoch 225	LOSS: 68.66	MAE: 45.27	RMSE: 85.34
Epoch 226	LOSS: 67.68	MAE: 45.08	RMSE: 85.22
Epoch 227	LOSS: 69.07	MAE: 45.05	RMSE: 85.17
Epoch 228	LOSS: 67.97	MAE: 45.04	RMSE: 85.18
Epoch 229	LOSS: 69.16	MAE: 45.01	RMSE: 85.20
Epoch 230	LOSS: 67.66	MAE: 45.07	RMSE: 85.23
Epoch 231	LOSS: 67.17	MAE: 44.82	RMSE: 85.11
Epoch 232	LOSS: 67.87	MAE: 44.84	RMSE: 85.12
Epoch 233	LOSS: 67.82	MAE: 44.95	RMSE: 85.17
Epoch 234	LOSS: 67.95	MAE: 44.76	RMSE: 85.06
Epoch 235	LOSS: 67.42	MAE: 44.72	RMSE: 85.04
Epoch 236	LOSS: 67.87	MAE: 44.94	RMSE: 85.17
Epoch 237	LOSS: 68.33	MAE: 44.91	RMSE: 85.16
Epoch 238	LOSS: 67.31	MAE: 44.76	RMSE: 85.09
Epoch 239	LOSS: 67.56	MAE: 44.81	RMSE: 85.10
Epoch 240	LOSS: 67.57	MAE: 44.78	RMSE: 85.09
Epoch 241	LOSS: 67.29	MAE: 44.77	RMSE: 85.06
Epoch 242	LOSS: 67.08	MAE: 44.75	RMSE: 85.06
Epoch 243	LOSS: 67.68	MAE: 44.87	RMSE: 85.16
Epoch 244	LOSS: 67.06	MAE: 44.77	RMSE: 85.11
Epoch 245	LOSS: 67.11	MAE: 44.79	RMSE: 85.09
Epoch 246	LOSS: 66.48	MAE: 44.73	RMSE: 85.08
Epoch 247	LOSS: 67.19	MAE: 44.64	RMSE: 85.03
Epoch 248	LOSS: 66.77	MAE: 44.68	RMSE: 85.04
Epoch 249	LOSS: 67.00	MAE: 44.77	RMSE: 85.12
Epoch 250	LOSS: 66.94	MAE: 44.76	RMSE: 85.08
Epoch 251	LOSS: 66.82	MAE: 44.85	RMSE: 85.11
Epoch 252	LOSS: 67.00	MAE: 44.77	RMSE: 85.08
Epoch 253	LOSS: 66.39	MAE: 44.70	RMSE: 85.08
Epoch 254	LOSS: 67.06	MAE: 44.70	RMSE: 85.09
Epoch 255	LOSS: 67.93	MAE: 44.69	RMSE: 85.07
Epoch 256	LOSS: 67.40	MAE: 44.69	RMSE: 85.06
Epoch 257	LOSS: 67.07	MAE: 44.71	RMSE: 85.08
Epoch 258	LOSS: 67.48	MAE: 44.58	RMSE: 85.00
Epoch 259	LOSS: 67.25	MAE: 44.52	RMSE: 84.97
Epoch 260	LOSS: 67.29	MAE: 44.53	RMSE: 84.99
Epoch 261	LOSS: 66.39	MAE: 44.67	RMSE: 85.07
Epoch 262	LOSS: 67.00	MAE: 44.74	RMSE: 85.12
Epoch 263	LOSS: 67.25	MAE: 44.46	RMSE: 84.95
Epoch 264	LOSS: 66.15	MAE: 44.52	RMSE: 84.95
Epoch 265	LOSS: 66.48	MAE: 44.61	RMSE: 85.03
Epoch 266	LOSS: 65.93	MAE: 44.47	RMSE: 84.94
Epoch 267	LOSS: 67.02	MAE: 44.43	RMSE: 84.92
Epoch 268	LOSS: 66.96	MAE: 44.53	RMSE: 84.97
Epoch 269	LOSS: 67.33	MAE: 44.60	RMSE: 85.01
Epoch 270	LOSS: 67.48	MAE: 44.52	RMSE: 84.96
Epoch 271	LOSS: 66.40	MAE: 44.44	RMSE: 84.93
Epoch 272	LOSS: 66.42	MAE: 44.42	RMSE: 84.93
Epoch 273	LOSS: 66.76	MAE: 44.45	RMSE: 84.97
Epoch 274	LOSS: 66.52	MAE: 44.35	RMSE: 84.91
Epoch 275	LOSS: 66.88	MAE: 44.27	RMSE: 84.84
Epoch 276	LOSS: 67.02	MAE: 44.48	RMSE: 84.97
Epoch 277	LOSS: 66.07	MAE: 44.36	RMSE: 84.92
Epoch 278	LOSS: 66.61	MAE: 44.35	RMSE: 84.91
Epoch 279	LOSS: 67.01	MAE: 44.37	RMSE: 84.92
Epoch 280	LOSS: 66.66	MAE: 44.33	RMSE: 84.87
Epoch 281	LOSS: 65.70	MAE: 44.29	RMSE: 84.87
Epoch 282	LOSS: 66.36	MAE: 44.31	RMSE: 84.88
Epoch 283	LOSS: 66.58	MAE: 44.26	RMSE: 84.84
Epoch 284	LOSS: 65.52	MAE: 44.29	RMSE: 84.87
Epoch 285	LOSS: 66.41	MAE: 44.33	RMSE: 84.91
Epoch 286	LOSS: 66.76	MAE: 44.20	RMSE: 84.84
Epoch 287	LOSS: 65.80	MAE: 44.23	RMSE: 84.87
Epoch 288	LOSS: 66.87	MAE: 44.31	RMSE: 84.92
Epoch 289	LOSS: 66.45	MAE: 44.17	RMSE: 84.83
Epoch 290	LOSS: 65.91	MAE: 44.18	RMSE: 84.84
Epoch 291	LOSS: 66.33	MAE: 44.27	RMSE: 84.88
Epoch 292	LOSS: 65.62	MAE: 44.19	RMSE: 84.85
Epoch 293	LOSS: 65.30	MAE: 44.44	RMSE: 85.00
Epoch 294	LOSS: 67.24	MAE: 44.42	RMSE: 84.99
Epoch 295	LOSS: 65.57	MAE: 44.19	RMSE: 84.82
Epoch 296	LOSS: 66.85	MAE: 44.53	RMSE: 84.99
Epoch 297	LOSS: 66.57	MAE: 44.46	RMSE: 84.95
Epoch 298	LOSS: 66.67	MAE: 44.32	RMSE: 84.89
Epoch 299	LOSS: 65.58	MAE: 44.35	RMSE: 84.93
Epoch 300	LOSS: 65.64	MAE: 44.32	RMSE: 84.90
Epoch 301	LOSS: 66.18	MAE: 44.25	RMSE: 84.87
Epoch 302	LOSS: 65.72	MAE: 44.40	RMSE: 84.97
Epoch 303	LOSS: 66.69	MAE: 44.17	RMSE: 84.85
Epoch 304	LOSS: 65.86	MAE: 44.16	RMSE: 84.84
Epoch 305	LOSS: 65.77	MAE: 44.26	RMSE: 84.90
Epoch 306	LOSS: 66.43	MAE: 44.26	RMSE: 84.90
Epoch 307	LOSS: 66.10	MAE: 44.06	RMSE: 84.79
Epoch 308	LOSS: 65.28	MAE: 44.15	RMSE: 84.83
Epoch 309	LOSS: 65.52	MAE: 44.21	RMSE: 84.86
Epoch 310	LOSS: 65.50	MAE: 44.03	RMSE: 84.79
Epoch 311	LOSS: 64.96	MAE: 44.04	RMSE: 84.79
Epoch 312	LOSS: 66.31	MAE: 44.05	RMSE: 84.77
Epoch 313	LOSS: 65.48	MAE: 44.01	RMSE: 84.76
Epoch 314	LOSS: 65.45	MAE: 43.95	RMSE: 84.73
Epoch 315	LOSS: 66.28	MAE: 44.00	RMSE: 84.75
Epoch 316	LOSS: 66.01	MAE: 44.10	RMSE: 84.79
Epoch 317	LOSS: 65.57	MAE: 44.09	RMSE: 84.81
Epoch 318	LOSS: 65.99	MAE: 43.98	RMSE: 84.74
Epoch 319	LOSS: 66.33	MAE: 43.97	RMSE: 84.72
Epoch 320	LOSS: 65.20	MAE: 43.92	RMSE: 84.69
Epoch 321	LOSS: 65.89	MAE: 43.98	RMSE: 84.73
Epoch 322	LOSS: 64.28	MAE: 43.94	RMSE: 84.72
Epoch 323	LOSS: 64.39	MAE: 43.96	RMSE: 84.72
Epoch 324	LOSS: 64.80	MAE: 44.01	RMSE: 84.75
Epoch 325	LOSS: 65.51	MAE: 44.00	RMSE: 84.75
Epoch 326	LOSS: 64.49	MAE: 43.89	RMSE: 84.69
Epoch 327	LOSS: 64.20	MAE: 43.89	RMSE: 84.69
Epoch 328	LOSS: 64.33	MAE: 43.99	RMSE: 84.73
Epoch 329	LOSS: 65.66	MAE: 44.05	RMSE: 84.76
Epoch 330	LOSS: 65.61	MAE: 43.99	RMSE: 84.74
Epoch 331	LOSS: 66.01	MAE: 43.92	RMSE: 84.73
Epoch 332	LOSS: 65.38	MAE: 43.86	RMSE: 84.67
Epoch 333	LOSS: 65.74	MAE: 43.85	RMSE: 84.66
Epoch 334	LOSS: 66.34	MAE: 43.83	RMSE: 84.66
Epoch 335	LOSS: 65.15	MAE: 43.86	RMSE: 84.68
Epoch 336	LOSS: 65.91	MAE: 43.91	RMSE: 84.72
Epoch 337	LOSS: 65.77	MAE: 43.90	RMSE: 84.71
Epoch 338	LOSS: 65.18	MAE: 43.86	RMSE: 84.68
Epoch 339	LOSS: 65.86	MAE: 43.88	RMSE: 84.68
Epoch 340	LOSS: 65.37	MAE: 43.89	RMSE: 84.68
Epoch 341	LOSS: 65.45	MAE: 43.83	RMSE: 84.63
Epoch 342	LOSS: 65.28	MAE: 43.82	RMSE: 84.64
Epoch 343	LOSS: 64.14	MAE: 43.82	RMSE: 84.64
Epoch 344	LOSS: 65.09	MAE: 43.89	RMSE: 84.66
Epoch 345	LOSS: 65.48	MAE: 43.91	RMSE: 84.68
Epoch 346	LOSS: 64.78	MAE: 43.90	RMSE: 84.67
Epoch 347	LOSS: 65.31	MAE: 43.79	RMSE: 84.62
Epoch 348	LOSS: 64.78	MAE: 43.76	RMSE: 84.61
Epoch 349	LOSS: 66.32	MAE: 43.75	RMSE: 84.60
Epoch 350	LOSS: 64.78	MAE: 43.80	RMSE: 84.63
Epoch 351	LOSS: 65.03	MAE: 43.73	RMSE: 84.61
Epoch 352	LOSS: 64.31	MAE: 43.64	RMSE: 84.56
Epoch 353	LOSS: 64.57	MAE: 43.71	RMSE: 84.59
Epoch 354	LOSS: 65.57	MAE: 43.62	RMSE: 84.54
Epoch 355	LOSS: 64.24	MAE: 43.59	RMSE: 84.54
Epoch 356	LOSS: 64.54	MAE: 43.67	RMSE: 84.58
Epoch 357	LOSS: 65.13	MAE: 43.64	RMSE: 84.56
Epoch 358	LOSS: 64.47	MAE: 43.58	RMSE: 84.53
Epoch 359	LOSS: 64.98	MAE: 43.60	RMSE: 84.53
Epoch 360	LOSS: 65.10	MAE: 43.65	RMSE: 84.55
Epoch 361	LOSS: 64.98	MAE: 43.60	RMSE: 84.52
Epoch 362	LOSS: 64.66	MAE: 43.63	RMSE: 84.56
Epoch 363	LOSS: 64.76	MAE: 43.62	RMSE: 84.54
Epoch 364	LOSS: 64.36	MAE: 43.52	RMSE: 84.49
Epoch 365	LOSS: 64.16	MAE: 43.56	RMSE: 84.52
Epoch 366	LOSS: 64.80	MAE: 43.60	RMSE: 84.52
Epoch 367	LOSS: 65.03	MAE: 43.57	RMSE: 84.50
Epoch 368	LOSS: 64.62	MAE: 43.52	RMSE: 84.48
Epoch 369	LOSS: 64.83	MAE: 43.56	RMSE: 84.52
Epoch 370	LOSS: 63.41	MAE: 43.57	RMSE: 84.52
Epoch 371	LOSS: 65.54	MAE: 43.58	RMSE: 84.53
Epoch 372	LOSS: 63.53	MAE: 43.53	RMSE: 84.50
Epoch 373	LOSS: 65.56	MAE: 43.50	RMSE: 84.49
Epoch 374	LOSS: 64.86	MAE: 43.58	RMSE: 84.52
Epoch 375	LOSS: 64.67	MAE: 43.50	RMSE: 84.49
Epoch 376	LOSS: 64.27	MAE: 43.53	RMSE: 84.49
Epoch 377	LOSS: 64.86	MAE: 43.51	RMSE: 84.48
Epoch 378	LOSS: 64.44	MAE: 43.54	RMSE: 84.48
Epoch 379	LOSS: 65.07	MAE: 43.55	RMSE: 84.47
Epoch 380	LOSS: 64.79	MAE: 43.58	RMSE: 84.50
Epoch 381	LOSS: 64.33	MAE: 43.54	RMSE: 84.48
Epoch 382	LOSS: 64.74	MAE: 43.50	RMSE: 84.47
Epoch 383	LOSS: 64.92	MAE: 43.60	RMSE: 84.52
Epoch 384	LOSS: 63.90	MAE: 43.51	RMSE: 84.46
Epoch 385	LOSS: 63.35	MAE: 43.47	RMSE: 84.46
Epoch 386	LOSS: 64.68	MAE: 43.52	RMSE: 84.50
Epoch 387	LOSS: 64.12	MAE: 43.39	RMSE: 84.43
Epoch 388	LOSS: 64.47	MAE: 43.52	RMSE: 84.50
Epoch 389	LOSS: 64.69	MAE: 43.51	RMSE: 84.49
Epoch 390	LOSS: 64.49	MAE: 43.44	RMSE: 84.43
Epoch 391	LOSS: 64.35	MAE: 43.45	RMSE: 84.46
Epoch 392	LOSS: 65.97	MAE: 43.43	RMSE: 84.44
Epoch 393	LOSS: 63.37	MAE: 43.41	RMSE: 84.43
Epoch 394	LOSS: 64.55	MAE: 43.39	RMSE: 84.41
Epoch 395	LOSS: 63.58	MAE: 43.43	RMSE: 84.41
Epoch 396	LOSS: 63.78	MAE: 43.39	RMSE: 84.41
Epoch 397	LOSS: 64.73	MAE: 43.34	RMSE: 84.40
Epoch 398	LOSS: 64.64	MAE: 43.35	RMSE: 84.38
Epoch 399	LOSS: 64.28	MAE: 43.35	RMSE: 84.38
Epoch 400	LOSS: 64.53	MAE: 43.44	RMSE: 84.44
Epoch 401	LOSS: 64.89	MAE: 43.46	RMSE: 84.44
Epoch 402	LOSS: 63.51	MAE: 43.33	RMSE: 84.38
Epoch 403	LOSS: 64.76	MAE: 43.31	RMSE: 84.36
Epoch 404	LOSS: 64.50	MAE: 43.35	RMSE: 84.37
Epoch 405	LOSS: 64.72	MAE: 43.32	RMSE: 84.36
Epoch 406	LOSS: 64.21	MAE: 43.38	RMSE: 84.40
Epoch 407	LOSS: 64.74	MAE: 43.29	RMSE: 84.34
Epoch 408	LOSS: 63.61	MAE: 43.42	RMSE: 84.41
Epoch 409	LOSS: 64.29	MAE: 43.38	RMSE: 84.38
Epoch 410	LOSS: 63.95	MAE: 43.33	RMSE: 84.35
Epoch 411	LOSS: 64.76	MAE: 43.43	RMSE: 84.40
Epoch 412	LOSS: 63.99	MAE: 43.38	RMSE: 84.40
Epoch 413	LOSS: 65.26	MAE: 43.37	RMSE: 84.36
Epoch 414	LOSS: 64.14	MAE: 43.35	RMSE: 84.35
Epoch 415	LOSS: 65.06	MAE: 43.31	RMSE: 84.34
Epoch 416	LOSS: 64.36	MAE: 43.24	RMSE: 84.33
Epoch 417	LOSS: 63.39	MAE: 43.25	RMSE: 84.33
Epoch 418	LOSS: 63.04	MAE: 43.30	RMSE: 84.34
Epoch 419	LOSS: 64.77	MAE: 43.30	RMSE: 84.34
Epoch 420	LOSS: 63.74	MAE: 43.23	RMSE: 84.33
Epoch 421	LOSS: 63.90	MAE: 43.28	RMSE: 84.37
Epoch 422	LOSS: 63.46	MAE: 43.26	RMSE: 84.33
Epoch 423	LOSS: 64.28	MAE: 43.29	RMSE: 84.33
Epoch 424	LOSS: 63.99	MAE: 43.21	RMSE: 84.30
Epoch 425	LOSS: 62.79	MAE: 43.21	RMSE: 84.30
Epoch 426	LOSS: 63.75	MAE: 43.23	RMSE: 84.31
Epoch 427	LOSS: 63.32	MAE: 43.22	RMSE: 84.30
Epoch 428	LOSS: 63.27	MAE: 43.17	RMSE: 84.27
Epoch 429	LOSS: 63.72	MAE: 43.14	RMSE: 84.25
Epoch 430	LOSS: 63.83	MAE: 43.18	RMSE: 84.27
Epoch 431	LOSS: 64.27	MAE: 43.15	RMSE: 84.25
Epoch 432	LOSS: 63.73	MAE: 43.13	RMSE: 84.25
Epoch 433	LOSS: 63.93	MAE: 43.10	RMSE: 84.23
Epoch 434	LOSS: 64.05	MAE: 43.11	RMSE: 84.26
Epoch 435	LOSS: 63.75	MAE: 43.13	RMSE: 84.27
Epoch 436	LOSS: 64.26	MAE: 43.14	RMSE: 84.26
Epoch 437	LOSS: 63.58	MAE: 43.08	RMSE: 84.24
Epoch 438	LOSS: 63.11	MAE: 43.12	RMSE: 84.25
Epoch 439	LOSS: 63.60	MAE: 43.11	RMSE: 84.24
Epoch 440	LOSS: 63.30	MAE: 43.16	RMSE: 84.28
Epoch 441	LOSS: 62.87	MAE: 43.08	RMSE: 84.24
Epoch 442	LOSS: 63.43	MAE: 43.16	RMSE: 84.27
Epoch 443	LOSS: 64.47	MAE: 43.14	RMSE: 84.26
Epoch 444	LOSS: 63.21	MAE: 43.11	RMSE: 84.23
Epoch 445	LOSS: 63.62	MAE: 43.07	RMSE: 84.20
Epoch 446	LOSS: 63.30	MAE: 43.12	RMSE: 84.23
Epoch 447	LOSS: 64.56	MAE: 43.19	RMSE: 84.27
Epoch 448	LOSS: 63.88	MAE: 43.04	RMSE: 84.16
Epoch 449	LOSS: 64.48	MAE: 43.09	RMSE: 84.19
Epoch 450	LOSS: 64.04	MAE: 43.09	RMSE: 84.22
Epoch 451	LOSS: 63.40	MAE: 43.11	RMSE: 84.22
Epoch 452	LOSS: 62.69	MAE: 43.07	RMSE: 84.19
Epoch 453	LOSS: 63.92	MAE: 43.00	RMSE: 84.14
Epoch 454	LOSS: 63.69	MAE: 43.01	RMSE: 84.15
Epoch 455	LOSS: 63.42	MAE: 43.05	RMSE: 84.17
Epoch 456	LOSS: 63.20	MAE: 43.00	RMSE: 84.15
Epoch 457	LOSS: 63.81	MAE: 43.01	RMSE: 84.16
Epoch 458	LOSS: 63.26	MAE: 43.00	RMSE: 84.14
Epoch 459	LOSS: 63.07	MAE: 42.98	RMSE: 84.13
Epoch 460	LOSS: 63.66	MAE: 42.99	RMSE: 84.15
Epoch 461	LOSS: 63.20	MAE: 42.97	RMSE: 84.14
Epoch 462	LOSS: 63.49	MAE: 42.94	RMSE: 84.12
Epoch 463	LOSS: 63.34	MAE: 42.97	RMSE: 84.14
Epoch 464	LOSS: 62.39	MAE: 42.97	RMSE: 84.13
Epoch 465	LOSS: 64.53	MAE: 42.96	RMSE: 84.13
Epoch 466	LOSS: 62.55	MAE: 42.97	RMSE: 84.12
Epoch 467	LOSS: 63.79	MAE: 42.91	RMSE: 84.09
Epoch 468	LOSS: 63.75	MAE: 42.95	RMSE: 84.12
Epoch 469	LOSS: 63.77	MAE: 42.99	RMSE: 84.14
Epoch 470	LOSS: 63.11	MAE: 42.96	RMSE: 84.11
Epoch 471	LOSS: 62.84	MAE: 42.95	RMSE: 84.12
Epoch 472	LOSS: 62.92	MAE: 42.92	RMSE: 84.11
Epoch 473	LOSS: 64.40	MAE: 42.84	RMSE: 84.07
Epoch 474	LOSS: 64.06	MAE: 42.87	RMSE: 84.08
Epoch 475	LOSS: 63.45	MAE: 42.87	RMSE: 84.08
Epoch 476	LOSS: 63.73	MAE: 42.85	RMSE: 84.06
Epoch 477	LOSS: 62.71	MAE: 42.86	RMSE: 84.07
Epoch 478	LOSS: 63.36	MAE: 42.86	RMSE: 84.08
Epoch 479	LOSS: 63.21	MAE: 42.84	RMSE: 84.05
Epoch 480	LOSS: 62.98	MAE: 42.80	RMSE: 84.03
Epoch 481	LOSS: 62.66	MAE: 42.81	RMSE: 84.01
Epoch 482	LOSS: 62.75	MAE: 42.86	RMSE: 84.02
Epoch 483	LOSS: 62.49	MAE: 42.87	RMSE: 84.02
Epoch 484	LOSS: 63.38	MAE: 42.84	RMSE: 84.02
Epoch 485	LOSS: 63.45	MAE: 42.76	RMSE: 83.95
Epoch 486	LOSS: 62.56	MAE: 42.73	RMSE: 83.96
Epoch 487	LOSS: 62.88	MAE: 42.75	RMSE: 83.97
Epoch 488	LOSS: 62.27	MAE: 42.71	RMSE: 83.95
Epoch 489	LOSS: 62.84	MAE: 42.75	RMSE: 83.97
Epoch 490	LOSS: 63.45	MAE: 42.74	RMSE: 83.95
Epoch 491	LOSS: 62.83	MAE: 42.76	RMSE: 83.99
Epoch 492	LOSS: 63.32	MAE: 42.66	RMSE: 83.93
Epoch 493	LOSS: 63.20	MAE: 42.65	RMSE: 83.92
Epoch 494	LOSS: 62.55	MAE: 42.70	RMSE: 83.94
Epoch 495	LOSS: 63.05	MAE: 42.66	RMSE: 83.90
Epoch 496	LOSS: 62.67	MAE: 42.66	RMSE: 83.91
Epoch 497	LOSS: 63.09	MAE: 42.59	RMSE: 83.87
Epoch 498	LOSS: 63.07	MAE: 42.66	RMSE: 83.88
Epoch 499	LOSS: 63.30	MAE: 42.73	RMSE: 83.90
