Epoch 000	LOSS: 138.24	MAE: 72.98	RMSE: 86.00
Epoch 001	LOSS: 129.61	MAE: 71.61	RMSE: 84.79
Epoch 002	LOSS: 105.56	MAE: 67.90	RMSE: 81.24
Epoch 003	LOSS: 76.32	MAE: 62.98	RMSE: 76.37
Epoch 004	LOSS: 67.01	MAE: 61.63	RMSE: 75.93
Epoch 005	LOSS: 57.76	MAE: 60.94	RMSE: 75.43
Epoch 006	LOSS: 44.76	MAE: 59.25	RMSE: 74.70
Epoch 007	LOSS: 33.82	MAE: 57.66	RMSE: 74.28
Epoch 008	LOSS: 27.41	MAE: 56.93	RMSE: 74.15
Epoch 009	LOSS: 26.78	MAE: 56.91	RMSE: 74.16
Epoch 010	LOSS: 26.16	MAE: 56.87	RMSE: 74.16
Epoch 011	LOSS: 25.98	MAE: 56.83	RMSE: 74.15
Epoch 012	LOSS: 25.45	MAE: 56.75	RMSE: 74.13
Epoch 013	LOSS: 25.15	MAE: 56.71	RMSE: 74.11
Epoch 014	LOSS: 24.87	MAE: 56.66	RMSE: 74.10
Epoch 015	LOSS: 24.66	MAE: 56.62	RMSE: 74.09
Epoch 016	LOSS: 24.38	MAE: 56.60	RMSE: 74.08
Epoch 017	LOSS: 24.08	MAE: 56.53	RMSE: 74.06
Epoch 018	LOSS: 23.64	MAE: 56.51	RMSE: 74.04
Epoch 019	LOSS: 23.55	MAE: 56.50	RMSE: 74.05
Epoch 020	LOSS: 23.49	MAE: 56.45	RMSE: 74.04
Epoch 021	LOSS: 23.41	MAE: 56.44	RMSE: 74.04
Epoch 022	LOSS: 23.00	MAE: 56.41	RMSE: 74.04
Epoch 023	LOSS: 22.93	MAE: 56.41	RMSE: 74.04
Epoch 024	LOSS: 22.86	MAE: 56.37	RMSE: 74.03
Epoch 025	LOSS: 22.75	MAE: 56.36	RMSE: 74.02
Epoch 026	LOSS: 22.84	MAE: 56.36	RMSE: 74.02
Epoch 027	LOSS: 22.53	MAE: 56.33	RMSE: 74.01
Epoch 028	LOSS: 22.74	MAE: 56.35	RMSE: 74.01
Epoch 029	LOSS: 22.32	MAE: 56.30	RMSE: 73.99
Epoch 030	LOSS: 22.22	MAE: 56.29	RMSE: 73.99
Epoch 031	LOSS: 22.25	MAE: 56.28	RMSE: 73.98
Epoch 032	LOSS: 22.10	MAE: 56.25	RMSE: 73.97
Epoch 033	LOSS: 22.14	MAE: 56.26	RMSE: 73.97
Epoch 034	LOSS: 22.12	MAE: 56.26	RMSE: 73.97
Epoch 035	LOSS: 22.21	MAE: 56.26	RMSE: 73.97
Epoch 036	LOSS: 21.78	MAE: 56.25	RMSE: 73.97
Epoch 037	LOSS: 21.60	MAE: 56.22	RMSE: 73.95
Epoch 038	LOSS: 21.59	MAE: 56.21	RMSE: 73.95
Epoch 039	LOSS: 21.27	MAE: 56.18	RMSE: 73.94
Epoch 040	LOSS: 21.24	MAE: 56.19	RMSE: 73.95
Epoch 041	LOSS: 21.20	MAE: 56.16	RMSE: 73.93
Epoch 042	LOSS: 21.10	MAE: 56.16	RMSE: 73.94
Epoch 043	LOSS: 20.76	MAE: 56.12	RMSE: 73.94
Epoch 044	LOSS: 20.86	MAE: 56.12	RMSE: 73.93
Epoch 045	LOSS: 20.71	MAE: 56.07	RMSE: 73.92
Epoch 046	LOSS: 20.44	MAE: 56.05	RMSE: 73.91
Epoch 047	LOSS: 20.20	MAE: 55.99	RMSE: 73.89
Epoch 048	LOSS: 20.12	MAE: 55.97	RMSE: 73.89
Epoch 049	LOSS: 19.79	MAE: 55.91	RMSE: 73.87
Epoch 050	LOSS: 19.65	MAE: 55.88	RMSE: 73.86
Epoch 051	LOSS: 19.76	MAE: 55.88	RMSE: 73.87
Epoch 052	LOSS: 19.26	MAE: 55.84	RMSE: 73.86
Epoch 053	LOSS: 19.07	MAE: 55.78	RMSE: 73.84
Epoch 054	LOSS: 18.82	MAE: 55.76	RMSE: 73.84
Epoch 055	LOSS: 18.71	MAE: 55.75	RMSE: 73.85
Epoch 056	LOSS: 18.67	MAE: 55.75	RMSE: 73.86
Epoch 057	LOSS: 18.64	MAE: 55.72	RMSE: 73.85
Epoch 058	LOSS: 18.43	MAE: 55.69	RMSE: 73.84
Epoch 059	LOSS: 18.31	MAE: 55.69	RMSE: 73.85
Epoch 060	LOSS: 18.49	MAE: 55.71	RMSE: 73.84
Epoch 061	LOSS: 18.13	MAE: 55.65	RMSE: 73.83
Epoch 062	LOSS: 18.03	MAE: 55.65	RMSE: 73.83
Epoch 063	LOSS: 18.02	MAE: 55.65	RMSE: 73.85
Epoch 064	LOSS: 18.16	MAE: 55.67	RMSE: 73.86
Epoch 065	LOSS: 17.93	MAE: 55.65	RMSE: 73.85
Epoch 066	LOSS: 17.90	MAE: 55.64	RMSE: 73.85
Epoch 067	LOSS: 17.74	MAE: 55.63	RMSE: 73.86
Epoch 068	LOSS: 17.83	MAE: 55.63	RMSE: 73.86
Epoch 069	LOSS: 17.78	MAE: 55.63	RMSE: 73.86
Epoch 070	LOSS: 17.81	MAE: 55.63	RMSE: 73.86
Epoch 071	LOSS: 17.70	MAE: 55.63	RMSE: 73.86
Epoch 072	LOSS: 17.57	MAE: 55.61	RMSE: 73.86
Epoch 073	LOSS: 17.59	MAE: 55.62	RMSE: 73.88
Epoch 074	LOSS: 17.56	MAE: 55.63	RMSE: 73.89
Epoch 075	LOSS: 17.44	MAE: 55.60	RMSE: 73.87
Epoch 076	LOSS: 17.53	MAE: 55.61	RMSE: 73.87
Epoch 077	LOSS: 17.39	MAE: 55.60	RMSE: 73.86
Epoch 078	LOSS: 17.39	MAE: 55.59	RMSE: 73.88
Epoch 079	LOSS: 17.41	MAE: 55.61	RMSE: 73.89
Epoch 080	LOSS: 17.22	MAE: 55.59	RMSE: 73.88
Epoch 081	LOSS: 17.14	MAE: 55.57	RMSE: 73.87
Epoch 082	LOSS: 17.12	MAE: 55.57	RMSE: 73.87
Epoch 083	LOSS: 17.31	MAE: 55.58	RMSE: 73.86
Epoch 084	LOSS: 17.23	MAE: 55.57	RMSE: 73.86
Epoch 085	LOSS: 17.20	MAE: 55.57	RMSE: 73.86
Epoch 086	LOSS: 16.98	MAE: 55.54	RMSE: 73.86
Epoch 087	LOSS: 16.96	MAE: 55.54	RMSE: 73.86
Epoch 088	LOSS: 16.80	MAE: 55.54	RMSE: 73.87
Epoch 089	LOSS: 16.77	MAE: 55.53	RMSE: 73.86
Epoch 090	LOSS: 16.71	MAE: 55.51	RMSE: 73.85
Epoch 091	LOSS: 16.84	MAE: 55.54	RMSE: 73.86
Epoch 092	LOSS: 16.85	MAE: 55.52	RMSE: 73.86
Epoch 093	LOSS: 16.74	MAE: 55.52	RMSE: 73.86
Epoch 094	LOSS: 16.89	MAE: 55.52	RMSE: 73.85
Epoch 095	LOSS: 16.96	MAE: 55.53	RMSE: 73.86
Epoch 096	LOSS: 16.77	MAE: 55.50	RMSE: 73.84
Epoch 097	LOSS: 16.58	MAE: 55.50	RMSE: 73.84
Epoch 098	LOSS: 16.59	MAE: 55.49	RMSE: 73.84
Epoch 099	LOSS: 16.62	MAE: 55.49	RMSE: 73.85
Epoch 100	LOSS: 16.57	MAE: 55.49	RMSE: 73.85
Epoch 101	LOSS: 16.51	MAE: 55.51	RMSE: 73.87
Epoch 102	LOSS: 16.61	MAE: 55.51	RMSE: 73.87
Epoch 103	LOSS: 16.41	MAE: 55.50	RMSE: 73.86
Epoch 104	LOSS: 16.51	MAE: 55.48	RMSE: 73.85
Epoch 105	LOSS: 16.38	MAE: 55.47	RMSE: 73.85
Epoch 106	LOSS: 16.36	MAE: 55.48	RMSE: 73.85
Epoch 107	LOSS: 16.41	MAE: 55.48	RMSE: 73.85
Epoch 108	LOSS: 16.35	MAE: 55.47	RMSE: 73.85
Epoch 109	LOSS: 16.32	MAE: 55.49	RMSE: 73.86
Epoch 110	LOSS: 16.26	MAE: 55.47	RMSE: 73.85
Epoch 111	LOSS: 16.43	MAE: 55.49	RMSE: 73.87
Epoch 112	LOSS: 16.25	MAE: 55.48	RMSE: 73.86
Epoch 113	LOSS: 16.22	MAE: 55.46	RMSE: 73.85
Epoch 114	LOSS: 16.18	MAE: 55.46	RMSE: 73.85
Epoch 115	LOSS: 16.23	MAE: 55.47	RMSE: 73.86
Epoch 116	LOSS: 16.11	MAE: 55.46	RMSE: 73.86
Epoch 117	LOSS: 16.21	MAE: 55.47	RMSE: 73.86
Epoch 118	LOSS: 16.24	MAE: 55.43	RMSE: 73.83
Epoch 119	LOSS: 16.03	MAE: 55.45	RMSE: 73.85
Epoch 120	LOSS: 16.13	MAE: 55.45	RMSE: 73.84
Epoch 121	LOSS: 16.12	MAE: 55.44	RMSE: 73.84
Epoch 122	LOSS: 16.14	MAE: 55.45	RMSE: 73.84
Epoch 123	LOSS: 16.00	MAE: 55.45	RMSE: 73.85
Epoch 124	LOSS: 16.00	MAE: 55.45	RMSE: 73.86
Epoch 125	LOSS: 16.00	MAE: 55.45	RMSE: 73.86
Epoch 126	LOSS: 16.15	MAE: 55.46	RMSE: 73.86
Epoch 127	LOSS: 16.28	MAE: 55.49	RMSE: 73.86
Epoch 128	LOSS: 16.05	MAE: 55.44	RMSE: 73.84
Epoch 129	LOSS: 16.20	MAE: 55.45	RMSE: 73.85
Epoch 130	LOSS: 15.93	MAE: 55.43	RMSE: 73.84
Epoch 131	LOSS: 15.98	MAE: 55.43	RMSE: 73.85
Epoch 132	LOSS: 15.97	MAE: 55.43	RMSE: 73.83
Epoch 133	LOSS: 16.05	MAE: 55.44	RMSE: 73.84
Epoch 134	LOSS: 15.81	MAE: 55.43	RMSE: 73.85
Epoch 135	LOSS: 15.85	MAE: 55.43	RMSE: 73.84
Epoch 136	LOSS: 15.79	MAE: 55.42	RMSE: 73.84
Epoch 137	LOSS: 15.84	MAE: 55.43	RMSE: 73.86
Epoch 138	LOSS: 15.93	MAE: 55.44	RMSE: 73.86
Epoch 139	LOSS: 15.99	MAE: 55.45	RMSE: 73.86
Epoch 140	LOSS: 15.86	MAE: 55.43	RMSE: 73.85
Epoch 141	LOSS: 15.78	MAE: 55.40	RMSE: 73.82
Epoch 142	LOSS: 15.79	MAE: 55.43	RMSE: 73.84
Epoch 143	LOSS: 15.83	MAE: 55.42	RMSE: 73.85
Epoch 144	LOSS: 15.78	MAE: 55.44	RMSE: 73.85
Epoch 145	LOSS: 15.71	MAE: 55.42	RMSE: 73.85
Epoch 146	LOSS: 15.99	MAE: 55.46	RMSE: 73.86
Epoch 147	LOSS: 15.92	MAE: 55.45	RMSE: 73.86
Epoch 148	LOSS: 15.95	MAE: 55.43	RMSE: 73.85
Epoch 149	LOSS: 15.86	MAE: 55.42	RMSE: 73.85
Epoch 150	LOSS: 16.11	MAE: 55.46	RMSE: 73.86
Epoch 151	LOSS: 15.81	MAE: 55.42	RMSE: 73.85
Epoch 152	LOSS: 15.81	MAE: 55.42	RMSE: 73.86
Epoch 153	LOSS: 15.71	MAE: 55.42	RMSE: 73.85
Epoch 154	LOSS: 15.73	MAE: 55.42	RMSE: 73.86
Epoch 155	LOSS: 15.67	MAE: 55.42	RMSE: 73.86
Epoch 156	LOSS: 15.64	MAE: 55.41	RMSE: 73.86
Epoch 157	LOSS: 15.76	MAE: 55.42	RMSE: 73.85
Epoch 158	LOSS: 15.73	MAE: 55.42	RMSE: 73.86
Epoch 159	LOSS: 15.60	MAE: 55.42	RMSE: 73.86
Epoch 160	LOSS: 15.65	MAE: 55.42	RMSE: 73.86
Epoch 161	LOSS: 15.60	MAE: 55.40	RMSE: 73.85
Epoch 162	LOSS: 15.57	MAE: 55.41	RMSE: 73.85
Epoch 163	LOSS: 15.66	MAE: 55.41	RMSE: 73.86
Epoch 164	LOSS: 15.57	MAE: 55.41	RMSE: 73.86
Epoch 165	LOSS: 15.53	MAE: 55.39	RMSE: 73.85
Epoch 166	LOSS: 15.62	MAE: 55.41	RMSE: 73.85
Epoch 167	LOSS: 15.59	MAE: 55.40	RMSE: 73.86
Epoch 168	LOSS: 15.67	MAE: 55.43	RMSE: 73.87
Epoch 169	LOSS: 15.62	MAE: 55.41	RMSE: 73.87
Epoch 170	LOSS: 15.57	MAE: 55.41	RMSE: 73.85
Epoch 171	LOSS: 15.62	MAE: 55.41	RMSE: 73.86
Epoch 172	LOSS: 15.57	MAE: 55.39	RMSE: 73.85
Epoch 173	LOSS: 15.39	MAE: 55.40	RMSE: 73.86
Epoch 174	LOSS: 15.50	MAE: 55.40	RMSE: 73.86
Epoch 175	LOSS: 15.51	MAE: 55.39	RMSE: 73.85
Epoch 176	LOSS: 15.47	MAE: 55.38	RMSE: 73.84
Epoch 177	LOSS: 15.46	MAE: 55.40	RMSE: 73.86
Epoch 178	LOSS: 15.63	MAE: 55.40	RMSE: 73.85
Epoch 179	LOSS: 15.45	MAE: 55.39	RMSE: 73.86
Epoch 180	LOSS: 15.53	MAE: 55.39	RMSE: 73.85
Epoch 181	LOSS: 15.43	MAE: 55.38	RMSE: 73.85
Epoch 182	LOSS: 15.50	MAE: 55.38	RMSE: 73.84
Epoch 183	LOSS: 15.67	MAE: 55.39	RMSE: 73.85
Epoch 184	LOSS: 15.41	MAE: 55.38	RMSE: 73.85
Epoch 185	LOSS: 15.40	MAE: 55.36	RMSE: 73.83
Epoch 186	LOSS: 15.33	MAE: 55.37	RMSE: 73.84
Epoch 187	LOSS: 15.39	MAE: 55.34	RMSE: 73.82
Epoch 188	LOSS: 15.39	MAE: 55.34	RMSE: 73.82
Epoch 189	LOSS: 15.45	MAE: 55.37	RMSE: 73.84
Epoch 190	LOSS: 15.37	MAE: 55.35	RMSE: 73.83
Epoch 191	LOSS: 15.37	MAE: 55.35	RMSE: 73.82
Epoch 192	LOSS: 15.32	MAE: 55.35	RMSE: 73.83
Epoch 193	LOSS: 15.33	MAE: 55.34	RMSE: 73.82
Epoch 194	LOSS: 15.32	MAE: 55.33	RMSE: 73.81
Epoch 195	LOSS: 15.57	MAE: 55.38	RMSE: 73.83
Epoch 196	LOSS: 15.38	MAE: 55.33	RMSE: 73.81
Epoch 197	LOSS: 15.53	MAE: 55.35	RMSE: 73.82
Epoch 198	LOSS: 15.32	MAE: 55.34	RMSE: 73.82
Epoch 199	LOSS: 15.35	MAE: 55.34	RMSE: 73.83
Epoch 200	LOSS: 15.27	MAE: 55.35	RMSE: 73.84
Epoch 201	LOSS: 15.27	MAE: 55.34	RMSE: 73.83
Epoch 202	LOSS: 15.27	MAE: 55.36	RMSE: 73.84
Epoch 203	LOSS: 15.31	MAE: 55.37	RMSE: 73.85
Epoch 204	LOSS: 15.28	MAE: 55.35	RMSE: 73.83
Epoch 205	LOSS: 15.29	MAE: 55.35	RMSE: 73.84
Epoch 206	LOSS: 15.19	MAE: 55.35	RMSE: 73.84
Epoch 207	LOSS: 15.15	MAE: 55.34	RMSE: 73.84
Epoch 208	LOSS: 15.15	MAE: 55.34	RMSE: 73.84
Epoch 209	LOSS: 15.14	MAE: 55.35	RMSE: 73.85
Epoch 210	LOSS: 15.27	MAE: 55.35	RMSE: 73.85
Epoch 211	LOSS: 15.16	MAE: 55.34	RMSE: 73.84
Epoch 212	LOSS: 15.32	MAE: 55.36	RMSE: 73.85
Epoch 213	LOSS: 15.20	MAE: 55.35	RMSE: 73.84
Epoch 214	LOSS: 15.19	MAE: 55.34	RMSE: 73.85
Epoch 215	LOSS: 15.20	MAE: 55.34	RMSE: 73.85
Epoch 216	LOSS: 15.15	MAE: 55.34	RMSE: 73.84
Epoch 217	LOSS: 15.25	MAE: 55.34	RMSE: 73.85
Epoch 218	LOSS: 15.16	MAE: 55.35	RMSE: 73.85
Epoch 219	LOSS: 15.26	MAE: 55.35	RMSE: 73.84
Epoch 220	LOSS: 15.14	MAE: 55.34	RMSE: 73.84
Epoch 221	LOSS: 15.12	MAE: 55.35	RMSE: 73.85
Epoch 222	LOSS: 15.15	MAE: 55.34	RMSE: 73.84
Epoch 223	LOSS: 15.16	MAE: 55.35	RMSE: 73.85
Epoch 224	LOSS: 15.19	MAE: 55.35	RMSE: 73.84
Epoch 225	LOSS: 15.07	MAE: 55.33	RMSE: 73.84
Epoch 226	LOSS: 15.12	MAE: 55.33	RMSE: 73.84
Epoch 227	LOSS: 15.46	MAE: 55.38	RMSE: 73.86
Epoch 228	LOSS: 15.14	MAE: 55.34	RMSE: 73.85
Epoch 229	LOSS: 15.08	MAE: 55.35	RMSE: 73.85
Epoch 230	LOSS: 15.05	MAE: 55.33	RMSE: 73.85
Epoch 231	LOSS: 15.05	MAE: 55.34	RMSE: 73.85
Epoch 232	LOSS: 15.19	MAE: 55.34	RMSE: 73.86
Epoch 233	LOSS: 14.98	MAE: 55.35	RMSE: 73.87
Epoch 234	LOSS: 14.93	MAE: 55.34	RMSE: 73.86
Epoch 235	LOSS: 15.09	MAE: 55.33	RMSE: 73.85
Epoch 236	LOSS: 15.09	MAE: 55.35	RMSE: 73.86
Epoch 237	LOSS: 15.02	MAE: 55.33	RMSE: 73.85
Epoch 238	LOSS: 14.98	MAE: 55.33	RMSE: 73.86
Epoch 239	LOSS: 15.08	MAE: 55.33	RMSE: 73.85
Epoch 240	LOSS: 15.00	MAE: 55.35	RMSE: 73.87
Epoch 241	LOSS: 15.06	MAE: 55.35	RMSE: 73.87
Epoch 242	LOSS: 14.98	MAE: 55.34	RMSE: 73.86
Epoch 243	LOSS: 15.02	MAE: 55.33	RMSE: 73.85
Epoch 244	LOSS: 14.99	MAE: 55.32	RMSE: 73.85
Epoch 245	LOSS: 14.93	MAE: 55.33	RMSE: 73.85
Epoch 246	LOSS: 15.05	MAE: 55.31	RMSE: 73.85
Epoch 247	LOSS: 15.01	MAE: 55.33	RMSE: 73.85
Epoch 248	LOSS: 15.05	MAE: 55.33	RMSE: 73.85
Epoch 249	LOSS: 14.93	MAE: 55.32	RMSE: 73.85
Epoch 250	LOSS: 14.97	MAE: 55.32	RMSE: 73.84
Epoch 251	LOSS: 15.00	MAE: 55.32	RMSE: 73.84
Epoch 252	LOSS: 14.85	MAE: 55.31	RMSE: 73.84
Epoch 253	LOSS: 14.93	MAE: 55.31	RMSE: 73.84
Epoch 254	LOSS: 14.88	MAE: 55.31	RMSE: 73.84
Epoch 255	LOSS: 14.91	MAE: 55.29	RMSE: 73.83
Epoch 256	LOSS: 14.96	MAE: 55.31	RMSE: 73.83
Epoch 257	LOSS: 14.89	MAE: 55.31	RMSE: 73.84
Epoch 258	LOSS: 14.91	MAE: 55.31	RMSE: 73.83
Epoch 259	LOSS: 15.02	MAE: 55.34	RMSE: 73.85
Epoch 260	LOSS: 15.68	MAE: 55.40	RMSE: 73.85
Epoch 261	LOSS: 15.21	MAE: 55.36	RMSE: 73.84
Epoch 262	LOSS: 14.99	MAE: 55.30	RMSE: 73.82
Epoch 263	LOSS: 14.84	MAE: 55.29	RMSE: 73.83
Epoch 264	LOSS: 14.86	MAE: 55.32	RMSE: 73.84
Epoch 265	LOSS: 14.87	MAE: 55.32	RMSE: 73.84
Epoch 266	LOSS: 14.84	MAE: 55.31	RMSE: 73.84
Epoch 267	LOSS: 14.82	MAE: 55.30	RMSE: 73.83
Epoch 268	LOSS: 15.31	MAE: 55.35	RMSE: 73.85
Epoch 269	LOSS: 15.02	MAE: 55.32	RMSE: 73.84
Epoch 270	LOSS: 15.19	MAE: 55.31	RMSE: 73.84
Epoch 271	LOSS: 14.97	MAE: 55.31	RMSE: 73.82
Epoch 272	LOSS: 14.90	MAE: 55.30	RMSE: 73.83
Epoch 273	LOSS: 14.85	MAE: 55.30	RMSE: 73.83
Epoch 274	LOSS: 14.89	MAE: 55.30	RMSE: 73.83
Epoch 275	LOSS: 14.92	MAE: 55.31	RMSE: 73.83
Epoch 276	LOSS: 14.93	MAE: 55.29	RMSE: 73.82
Epoch 277	LOSS: 14.84	MAE: 55.29	RMSE: 73.82
Epoch 278	LOSS: 14.74	MAE: 55.29	RMSE: 73.82
Epoch 279	LOSS: 14.86	MAE: 55.29	RMSE: 73.83
Epoch 280	LOSS: 14.86	MAE: 55.29	RMSE: 73.82
Epoch 281	LOSS: 14.80	MAE: 55.29	RMSE: 73.83
Epoch 282	LOSS: 14.78	MAE: 55.30	RMSE: 73.84
Epoch 283	LOSS: 14.73	MAE: 55.29	RMSE: 73.82
Epoch 284	LOSS: 14.77	MAE: 55.29	RMSE: 73.82
Epoch 285	LOSS: 14.78	MAE: 55.28	RMSE: 73.82
Epoch 286	LOSS: 14.82	MAE: 55.29	RMSE: 73.82
Epoch 287	LOSS: 14.81	MAE: 55.29	RMSE: 73.83
Epoch 288	LOSS: 14.86	MAE: 55.29	RMSE: 73.83
Epoch 289	LOSS: 14.79	MAE: 55.29	RMSE: 73.83
Epoch 290	LOSS: 14.76	MAE: 55.28	RMSE: 73.82
Epoch 291	LOSS: 14.90	MAE: 55.30	RMSE: 73.84
Epoch 292	LOSS: 14.92	MAE: 55.31	RMSE: 73.84
Epoch 293	LOSS: 14.77	MAE: 55.29	RMSE: 73.83
Epoch 294	LOSS: 14.69	MAE: 55.28	RMSE: 73.82
Epoch 295	LOSS: 14.75	MAE: 55.28	RMSE: 73.83
Epoch 296	LOSS: 14.79	MAE: 55.29	RMSE: 73.83
Epoch 297	LOSS: 14.68	MAE: 55.28	RMSE: 73.82
Epoch 298	LOSS: 14.74	MAE: 55.28	RMSE: 73.82
Epoch 299	LOSS: 14.67	MAE: 55.27	RMSE: 73.82
Epoch 300	LOSS: 14.76	MAE: 55.28	RMSE: 73.83
Epoch 301	LOSS: 14.84	MAE: 55.30	RMSE: 73.83
Epoch 302	LOSS: 14.85	MAE: 55.29	RMSE: 73.83
Epoch 303	LOSS: 14.74	MAE: 55.30	RMSE: 73.82
Epoch 304	LOSS: 14.83	MAE: 55.29	RMSE: 73.82
Epoch 305	LOSS: 14.76	MAE: 55.28	RMSE: 73.82
Epoch 306	LOSS: 14.79	MAE: 55.28	RMSE: 73.82
Epoch 307	LOSS: 14.86	MAE: 55.31	RMSE: 73.83
Epoch 308	LOSS: 14.90	MAE: 55.30	RMSE: 73.83
Epoch 309	LOSS: 14.83	MAE: 55.28	RMSE: 73.82
Epoch 310	LOSS: 14.91	MAE: 55.31	RMSE: 73.83
Epoch 311	LOSS: 14.69	MAE: 55.28	RMSE: 73.83
Epoch 312	LOSS: 14.75	MAE: 55.28	RMSE: 73.83
Epoch 313	LOSS: 14.97	MAE: 55.27	RMSE: 73.82
Epoch 314	LOSS: 14.93	MAE: 55.29	RMSE: 73.83
Epoch 315	LOSS: 14.71	MAE: 55.28	RMSE: 73.83
Epoch 316	LOSS: 14.78	MAE: 55.27	RMSE: 73.82
Epoch 317	LOSS: 14.67	MAE: 55.28	RMSE: 73.83
Epoch 318	LOSS: 14.78	MAE: 55.28	RMSE: 73.82
Epoch 319	LOSS: 14.68	MAE: 55.27	RMSE: 73.82
Epoch 320	LOSS: 14.76	MAE: 55.29	RMSE: 73.83
Epoch 321	LOSS: 14.64	MAE: 55.27	RMSE: 73.83
Epoch 322	LOSS: 14.69	MAE: 55.28	RMSE: 73.83
Epoch 323	LOSS: 14.69	MAE: 55.27	RMSE: 73.82
Epoch 324	LOSS: 14.68	MAE: 55.28	RMSE: 73.82
Epoch 325	LOSS: 14.66	MAE: 55.29	RMSE: 73.83
Epoch 326	LOSS: 14.66	MAE: 55.28	RMSE: 73.83
Epoch 327	LOSS: 14.65	MAE: 55.27	RMSE: 73.83
Epoch 328	LOSS: 14.80	MAE: 55.29	RMSE: 73.83
Epoch 329	LOSS: 14.80	MAE: 55.29	RMSE: 73.83
Epoch 330	LOSS: 14.69	MAE: 55.27	RMSE: 73.82
Epoch 331	LOSS: 14.65	MAE: 55.26	RMSE: 73.82
Epoch 332	LOSS: 14.67	MAE: 55.26	RMSE: 73.82
Epoch 333	LOSS: 14.71	MAE: 55.27	RMSE: 73.81
Epoch 334	LOSS: 14.64	MAE: 55.28	RMSE: 73.83
Epoch 335	LOSS: 14.66	MAE: 55.26	RMSE: 73.82
Epoch 336	LOSS: 14.73	MAE: 55.28	RMSE: 73.83
Epoch 337	LOSS: 14.64	MAE: 55.26	RMSE: 73.82
Epoch 338	LOSS: 14.70	MAE: 55.27	RMSE: 73.82
Epoch 339	LOSS: 14.65	MAE: 55.27	RMSE: 73.83
Epoch 340	LOSS: 15.19	MAE: 55.31	RMSE: 73.84
Epoch 341	LOSS: 14.79	MAE: 55.28	RMSE: 73.82
Epoch 342	LOSS: 14.83	MAE: 55.28	RMSE: 73.82
Epoch 343	LOSS: 14.72	MAE: 55.27	RMSE: 73.82
Epoch 344	LOSS: 14.78	MAE: 55.27	RMSE: 73.83
Epoch 345	LOSS: 14.82	MAE: 55.30	RMSE: 73.82
Epoch 346	LOSS: 14.75	MAE: 55.29	RMSE: 73.83
Epoch 347	LOSS: 14.61	MAE: 55.26	RMSE: 73.82
Epoch 348	LOSS: 14.79	MAE: 55.27	RMSE: 73.82
Epoch 349	LOSS: 14.66	MAE: 55.26	RMSE: 73.82
Epoch 350	LOSS: 14.59	MAE: 55.27	RMSE: 73.82
Epoch 351	LOSS: 14.77	MAE: 55.26	RMSE: 73.82
Epoch 352	LOSS: 14.58	MAE: 55.26	RMSE: 73.82
Epoch 353	LOSS: 14.67	MAE: 55.26	RMSE: 73.82
Epoch 354	LOSS: 14.56	MAE: 55.27	RMSE: 73.82
Epoch 355	LOSS: 14.62	MAE: 55.27	RMSE: 73.82
Epoch 356	LOSS: 14.70	MAE: 55.27	RMSE: 73.82
Epoch 357	LOSS: 14.66	MAE: 55.26	RMSE: 73.82
Epoch 358	LOSS: 14.61	MAE: 55.26	RMSE: 73.82
Epoch 359	LOSS: 14.81	MAE: 55.28	RMSE: 73.82
Epoch 360	LOSS: 14.87	MAE: 55.33	RMSE: 73.83
Epoch 361	LOSS: 14.56	MAE: 55.27	RMSE: 73.82
Epoch 362	LOSS: 14.57	MAE: 55.26	RMSE: 73.82
Epoch 363	LOSS: 14.52	MAE: 55.25	RMSE: 73.81
Epoch 364	LOSS: 14.65	MAE: 55.27	RMSE: 73.83
Epoch 365	LOSS: 14.78	MAE: 55.28	RMSE: 73.83
Epoch 366	LOSS: 14.54	MAE: 55.25	RMSE: 73.82
Epoch 367	LOSS: 14.56	MAE: 55.26	RMSE: 73.82
Epoch 368	LOSS: 14.64	MAE: 55.25	RMSE: 73.82
Epoch 369	LOSS: 14.54	MAE: 55.26	RMSE: 73.82
Epoch 370	LOSS: 14.53	MAE: 55.26	RMSE: 73.82
Epoch 371	LOSS: 14.49	MAE: 55.25	RMSE: 73.82
Epoch 372	LOSS: 14.56	MAE: 55.25	RMSE: 73.81
Epoch 373	LOSS: 14.59	MAE: 55.25	RMSE: 73.81
Epoch 374	LOSS: 14.50	MAE: 55.26	RMSE: 73.82
Epoch 375	LOSS: 14.51	MAE: 55.25	RMSE: 73.82
Epoch 376	LOSS: 14.49	MAE: 55.26	RMSE: 73.82
Epoch 377	LOSS: 14.59	MAE: 55.26	RMSE: 73.82
Epoch 378	LOSS: 14.58	MAE: 55.25	RMSE: 73.81
Epoch 379	LOSS: 14.69	MAE: 55.27	RMSE: 73.82
Epoch 380	LOSS: 14.50	MAE: 55.25	RMSE: 73.82
Epoch 381	LOSS: 14.50	MAE: 55.25	RMSE: 73.81
Epoch 382	LOSS: 14.52	MAE: 55.25	RMSE: 73.81
Epoch 383	LOSS: 14.47	MAE: 55.25	RMSE: 73.82
Epoch 384	LOSS: 14.54	MAE: 55.25	RMSE: 73.81
Epoch 385	LOSS: 14.54	MAE: 55.25	RMSE: 73.81
Epoch 386	LOSS: 14.58	MAE: 55.23	RMSE: 73.80
Epoch 387	LOSS: 14.44	MAE: 55.24	RMSE: 73.81
Epoch 388	LOSS: 14.56	MAE: 55.25	RMSE: 73.82
Epoch 389	LOSS: 14.45	MAE: 55.25	RMSE: 73.82
Epoch 390	LOSS: 14.72	MAE: 55.28	RMSE: 73.82
Epoch 391	LOSS: 14.97	MAE: 55.27	RMSE: 73.82
Epoch 392	LOSS: 14.70	MAE: 55.30	RMSE: 73.82
Epoch 393	LOSS: 14.86	MAE: 55.27	RMSE: 73.82
Epoch 394	LOSS: 14.50	MAE: 55.25	RMSE: 73.82
Epoch 395	LOSS: 14.49	MAE: 55.25	RMSE: 73.82
Epoch 396	LOSS: 14.45	MAE: 55.25	RMSE: 73.81
Epoch 397	LOSS: 14.48	MAE: 55.24	RMSE: 73.82
Epoch 398	LOSS: 14.64	MAE: 55.26	RMSE: 73.82
Epoch 399	LOSS: 15.08	MAE: 55.27	RMSE: 73.81
Epoch 400	LOSS: 14.75	MAE: 55.29	RMSE: 73.82
Epoch 401	LOSS: 14.49	MAE: 55.24	RMSE: 73.81
Epoch 402	LOSS: 14.46	MAE: 55.25	RMSE: 73.81
Epoch 403	LOSS: 14.50	MAE: 55.25	RMSE: 73.81
Epoch 404	LOSS: 14.63	MAE: 55.27	RMSE: 73.81
Epoch 405	LOSS: 14.43	MAE: 55.25	RMSE: 73.82
Epoch 406	LOSS: 14.74	MAE: 55.28	RMSE: 73.82
Epoch 407	LOSS: 14.53	MAE: 55.25	RMSE: 73.82
Epoch 408	LOSS: 14.56	MAE: 55.26	RMSE: 73.82
Epoch 409	LOSS: 14.59	MAE: 55.27	RMSE: 73.82
Epoch 410	LOSS: 14.47	MAE: 55.25	RMSE: 73.82
Epoch 411	LOSS: 14.40	MAE: 55.24	RMSE: 73.81
Epoch 412	LOSS: 14.39	MAE: 55.24	RMSE: 73.81
Epoch 413	LOSS: 14.40	MAE: 55.23	RMSE: 73.80
Epoch 414	LOSS: 14.50	MAE: 55.23	RMSE: 73.80
Epoch 415	LOSS: 14.47	MAE: 55.24	RMSE: 73.81
Epoch 416	LOSS: 14.40	MAE: 55.24	RMSE: 73.81
Epoch 417	LOSS: 14.48	MAE: 55.23	RMSE: 73.80
Epoch 418	LOSS: 14.40	MAE: 55.23	RMSE: 73.80
Epoch 419	LOSS: 14.40	MAE: 55.24	RMSE: 73.81
Epoch 420	LOSS: 14.51	MAE: 55.24	RMSE: 73.81
Epoch 421	LOSS: 14.40	MAE: 55.23	RMSE: 73.81
Epoch 422	LOSS: 14.40	MAE: 55.24	RMSE: 73.81
Epoch 423	LOSS: 14.60	MAE: 55.25	RMSE: 73.81
Epoch 424	LOSS: 14.68	MAE: 55.26	RMSE: 73.81
Epoch 425	LOSS: 14.51	MAE: 55.24	RMSE: 73.80
Epoch 426	LOSS: 14.58	MAE: 55.24	RMSE: 73.81
Epoch 427	LOSS: 14.39	MAE: 55.23	RMSE: 73.80
Epoch 428	LOSS: 14.37	MAE: 55.23	RMSE: 73.80
Epoch 429	LOSS: 14.46	MAE: 55.24	RMSE: 73.80
Epoch 430	LOSS: 14.44	MAE: 55.23	RMSE: 73.81
Epoch 431	LOSS: 14.34	MAE: 55.23	RMSE: 73.80
Epoch 432	LOSS: 14.37	MAE: 55.25	RMSE: 73.81
Epoch 433	LOSS: 14.44	MAE: 55.23	RMSE: 73.80
Epoch 434	LOSS: 14.41	MAE: 55.22	RMSE: 73.80
Epoch 435	LOSS: 14.40	MAE: 55.23	RMSE: 73.80
Epoch 436	LOSS: 14.36	MAE: 55.23	RMSE: 73.80
Epoch 437	LOSS: 14.34	MAE: 55.23	RMSE: 73.80
Epoch 438	LOSS: 14.45	MAE: 55.23	RMSE: 73.80
Epoch 439	LOSS: 14.52	MAE: 55.23	RMSE: 73.80
Epoch 440	LOSS: 14.44	MAE: 55.23	RMSE: 73.80
Epoch 441	LOSS: 14.44	MAE: 55.23	RMSE: 73.80
Epoch 442	LOSS: 14.37	MAE: 55.23	RMSE: 73.80
Epoch 443	LOSS: 14.43	MAE: 55.23	RMSE: 73.80
Epoch 444	LOSS: 14.43	MAE: 55.23	RMSE: 73.80
Epoch 445	LOSS: 14.29	MAE: 55.22	RMSE: 73.80
Epoch 446	LOSS: 14.34	MAE: 55.22	RMSE: 73.80
Epoch 447	LOSS: 14.37	MAE: 55.22	RMSE: 73.80
Epoch 448	LOSS: 14.34	MAE: 55.22	RMSE: 73.80
Epoch 449	LOSS: 14.41	MAE: 55.23	RMSE: 73.80
Epoch 450	LOSS: 14.46	MAE: 55.23	RMSE: 73.79
Epoch 451	LOSS: 14.34	MAE: 55.22	RMSE: 73.79
Epoch 452	LOSS: 14.40	MAE: 55.22	RMSE: 73.79
Epoch 453	LOSS: 14.43	MAE: 55.23	RMSE: 73.80
Epoch 454	LOSS: 14.27	MAE: 55.22	RMSE: 73.80
Epoch 455	LOSS: 14.40	MAE: 55.22	RMSE: 73.80
Epoch 456	LOSS: 14.35	MAE: 55.22	RMSE: 73.79
Epoch 457	LOSS: 14.41	MAE: 55.23	RMSE: 73.79
Epoch 458	LOSS: 14.35	MAE: 55.21	RMSE: 73.79
Epoch 459	LOSS: 14.41	MAE: 55.23	RMSE: 73.80
Epoch 460	LOSS: 14.41	MAE: 55.23	RMSE: 73.80
Epoch 461	LOSS: 14.48	MAE: 55.23	RMSE: 73.79
Epoch 462	LOSS: 14.55	MAE: 55.24	RMSE: 73.80
Epoch 463	LOSS: 14.53	MAE: 55.24	RMSE: 73.79
Epoch 464	LOSS: 14.75	MAE: 55.24	RMSE: 73.79
Epoch 465	LOSS: 14.74	MAE: 55.24	RMSE: 73.79
Epoch 466	LOSS: 14.63	MAE: 55.26	RMSE: 73.80
Epoch 467	LOSS: 14.38	MAE: 55.22	RMSE: 73.79
Epoch 468	LOSS: 14.40	MAE: 55.21	RMSE: 73.79
Epoch 469	LOSS: 14.33	MAE: 55.21	RMSE: 73.78
Epoch 470	LOSS: 14.35	MAE: 55.21	RMSE: 73.79
Epoch 471	LOSS: 14.32	MAE: 55.20	RMSE: 73.78
Epoch 472	LOSS: 14.33	MAE: 55.20	RMSE: 73.78
Epoch 473	LOSS: 14.32	MAE: 55.21	RMSE: 73.78
Epoch 474	LOSS: 14.40	MAE: 55.21	RMSE: 73.79
Epoch 475	LOSS: 14.32	MAE: 55.21	RMSE: 73.79
Epoch 476	LOSS: 14.42	MAE: 55.23	RMSE: 73.78
Epoch 477	LOSS: 14.40	MAE: 55.22	RMSE: 73.79
Epoch 478	LOSS: 14.36	MAE: 55.22	RMSE: 73.79
Epoch 479	LOSS: 14.31	MAE: 55.20	RMSE: 73.79
Epoch 480	LOSS: 14.29	MAE: 55.21	RMSE: 73.79
Epoch 481	LOSS: 14.27	MAE: 55.21	RMSE: 73.79
Epoch 482	LOSS: 14.63	MAE: 55.25	RMSE: 73.79
Epoch 483	LOSS: 14.48	MAE: 55.23	RMSE: 73.78
Epoch 484	LOSS: 14.37	MAE: 55.20	RMSE: 73.78
Epoch 485	LOSS: 14.28	MAE: 55.21	RMSE: 73.78
Epoch 486	LOSS: 14.40	MAE: 55.23	RMSE: 73.78
Epoch 487	LOSS: 14.45	MAE: 55.23	RMSE: 73.79
Epoch 488	LOSS: 14.33	MAE: 55.21	RMSE: 73.78
Epoch 489	LOSS: 14.22	MAE: 55.19	RMSE: 73.78
Epoch 490	LOSS: 14.25	MAE: 55.21	RMSE: 73.78
Epoch 491	LOSS: 14.25	MAE: 55.19	RMSE: 73.77
Epoch 492	LOSS: 14.39	MAE: 55.20	RMSE: 73.77
Epoch 493	LOSS: 14.34	MAE: 55.20	RMSE: 73.78
Epoch 494	LOSS: 14.25	MAE: 55.21	RMSE: 73.78
Epoch 495	LOSS: 14.33	MAE: 55.20	RMSE: 73.78
Epoch 496	LOSS: 14.27	MAE: 55.19	RMSE: 73.77
Epoch 497	LOSS: 14.26	MAE: 55.20	RMSE: 73.78
Epoch 498	LOSS: 14.30	MAE: 55.20	RMSE: 73.78
Epoch 499	LOSS: 14.29	MAE: 55.20	RMSE: 73.78
