Epoch 000	LOSS: 120.61	MAE: 61.83	RMSE: 62.60
Epoch 001	LOSS: 119.73	MAE: 61.37	RMSE: 62.14
Epoch 002	LOSS: 118.82	MAE: 60.88	RMSE: 61.66
Epoch 003	LOSS: 117.62	MAE: 60.35	RMSE: 61.14
Epoch 004	LOSS: 116.64	MAE: 59.80	RMSE: 60.59
Epoch 005	LOSS: 115.40	MAE: 59.23	RMSE: 60.04
Epoch 006	LOSS: 113.98	MAE: 58.69	RMSE: 59.50
Epoch 007	LOSS: 113.32	MAE: 58.16	RMSE: 58.98
Epoch 008	LOSS: 112.84	MAE: 57.65	RMSE: 58.47
Epoch 009	LOSS: 111.16	MAE: 57.13	RMSE: 57.97
Epoch 010	LOSS: 110.40	MAE: 56.62	RMSE: 57.46
Epoch 011	LOSS: 109.64	MAE: 56.11	RMSE: 56.96
Epoch 012	LOSS: 108.66	MAE: 55.60	RMSE: 56.46
Epoch 013	LOSS: 107.58	MAE: 55.09	RMSE: 55.96
Epoch 014	LOSS: 105.87	MAE: 54.59	RMSE: 55.46
Epoch 015	LOSS: 105.44	MAE: 54.08	RMSE: 54.97
Epoch 016	LOSS: 104.40	MAE: 53.58	RMSE: 54.47
Epoch 017	LOSS: 103.19	MAE: 53.07	RMSE: 53.97
Epoch 018	LOSS: 102.57	MAE: 52.57	RMSE: 53.48
Epoch 019	LOSS: 101.36	MAE: 52.06	RMSE: 52.98
Epoch 020	LOSS: 100.44	MAE: 51.56	RMSE: 52.49
Epoch 021	LOSS: 99.68	MAE: 51.06	RMSE: 52.00
Epoch 022	LOSS: 98.50	MAE: 50.56	RMSE: 51.51
Epoch 023	LOSS: 97.63	MAE: 50.06	RMSE: 51.02
Epoch 024	LOSS: 96.48	MAE: 49.57	RMSE: 50.53
Epoch 025	LOSS: 95.65	MAE: 49.07	RMSE: 50.04
Epoch 026	LOSS: 94.66	MAE: 48.58	RMSE: 49.55
Epoch 027	LOSS: 93.74	MAE: 48.08	RMSE: 49.07
Epoch 028	LOSS: 92.55	MAE: 47.59	RMSE: 48.58
Epoch 029	LOSS: 91.71	MAE: 47.10	RMSE: 48.10
Epoch 030	LOSS: 90.33	MAE: 46.61	RMSE: 47.61
Epoch 031	LOSS: 89.66	MAE: 46.12	RMSE: 47.13
Epoch 032	LOSS: 88.54	MAE: 45.63	RMSE: 46.65
Epoch 033	LOSS: 87.63	MAE: 45.14	RMSE: 46.17
Epoch 034	LOSS: 86.72	MAE: 44.65	RMSE: 45.69
Epoch 035	LOSS: 85.53	MAE: 44.17	RMSE: 45.21
Epoch 036	LOSS: 84.98	MAE: 43.68	RMSE: 44.73
Epoch 037	LOSS: 83.78	MAE: 43.20	RMSE: 44.25
Epoch 038	LOSS: 82.88	MAE: 42.71	RMSE: 43.77
Epoch 039	LOSS: 82.09	MAE: 42.23	RMSE: 43.30
Epoch 040	LOSS: 81.16	MAE: 41.75	RMSE: 42.82
Epoch 041	LOSS: 80.04	MAE: 41.28	RMSE: 42.35
Epoch 042	LOSS: 78.86	MAE: 40.80	RMSE: 41.88
Epoch 043	LOSS: 78.02	MAE: 40.32	RMSE: 41.40
Epoch 044	LOSS: 77.61	MAE: 39.85	RMSE: 40.93
Epoch 045	LOSS: 76.06	MAE: 39.38	RMSE: 40.46
Epoch 046	LOSS: 75.66	MAE: 38.90	RMSE: 39.99
Epoch 047	LOSS: 74.35	MAE: 38.43	RMSE: 39.52
Epoch 048	LOSS: 73.53	MAE: 37.96	RMSE: 39.05
Epoch 049	LOSS: 72.65	MAE: 37.50	RMSE: 38.59
Epoch 050	LOSS: 71.60	MAE: 37.03	RMSE: 38.12
Epoch 051	LOSS: 70.45	MAE: 36.57	RMSE: 37.66
Epoch 052	LOSS: 69.63	MAE: 36.11	RMSE: 37.20
Epoch 053	LOSS: 68.81	MAE: 35.65	RMSE: 36.74
Epoch 054	LOSS: 67.98	MAE: 35.19	RMSE: 36.28
Epoch 055	LOSS: 66.47	MAE: 34.74	RMSE: 35.82
Epoch 056	LOSS: 66.02	MAE: 34.28	RMSE: 35.37
Epoch 057	LOSS: 64.95	MAE: 33.83	RMSE: 34.91
Epoch 058	LOSS: 64.03	MAE: 33.38	RMSE: 34.46
Epoch 059	LOSS: 63.33	MAE: 32.92	RMSE: 34.00
Epoch 060	LOSS: 62.43	MAE: 32.48	RMSE: 33.55
Epoch 061	LOSS: 61.35	MAE: 32.03	RMSE: 33.10
Epoch 062	LOSS: 60.60	MAE: 31.58	RMSE: 32.65
Epoch 063	LOSS: 59.74	MAE: 31.14	RMSE: 32.21
Epoch 064	LOSS: 58.83	MAE: 30.69	RMSE: 31.76
Epoch 065	LOSS: 58.11	MAE: 30.25	RMSE: 31.31
Epoch 066	LOSS: 57.22	MAE: 29.81	RMSE: 30.87
Epoch 067	LOSS: 56.44	MAE: 29.38	RMSE: 30.43
Epoch 068	LOSS: 55.57	MAE: 28.94	RMSE: 29.99
Epoch 069	LOSS: 54.67	MAE: 28.51	RMSE: 29.56
Epoch 070	LOSS: 53.86	MAE: 28.08	RMSE: 29.12
Epoch 071	LOSS: 53.05	MAE: 27.64	RMSE: 28.69
Epoch 072	LOSS: 51.77	MAE: 27.22	RMSE: 28.26
Epoch 073	LOSS: 51.29	MAE: 26.79	RMSE: 27.83
Epoch 074	LOSS: 50.40	MAE: 26.36	RMSE: 27.40
Epoch 075	LOSS: 49.41	MAE: 25.93	RMSE: 26.97
Epoch 076	LOSS: 48.65	MAE: 25.51	RMSE: 26.55
Epoch 077	LOSS: 47.89	MAE: 25.09	RMSE: 26.12
Epoch 078	LOSS: 46.91	MAE: 24.67	RMSE: 25.70
Epoch 079	LOSS: 46.13	MAE: 24.25	RMSE: 25.28
Epoch 080	LOSS: 45.33	MAE: 23.83	RMSE: 24.87
Epoch 081	LOSS: 44.41	MAE: 23.41	RMSE: 24.45
Epoch 082	LOSS: 43.81	MAE: 22.99	RMSE: 24.04
Epoch 083	LOSS: 42.75	MAE: 22.58	RMSE: 23.63
Epoch 084	LOSS: 42.13	MAE: 22.17	RMSE: 23.23
Epoch 085	LOSS: 41.35	MAE: 21.76	RMSE: 22.82
Epoch 086	LOSS: 40.29	MAE: 21.35	RMSE: 22.42
Epoch 087	LOSS: 39.62	MAE: 20.94	RMSE: 22.03
Epoch 088	LOSS: 38.77	MAE: 20.53	RMSE: 21.63
Epoch 089	LOSS: 37.95	MAE: 20.13	RMSE: 21.24
Epoch 090	LOSS: 37.13	MAE: 19.72	RMSE: 20.86
Epoch 091	LOSS: 36.52	MAE: 19.32	RMSE: 20.47
Epoch 092	LOSS: 35.42	MAE: 18.92	RMSE: 20.09
Epoch 093	LOSS: 34.73	MAE: 18.53	RMSE: 19.72
Epoch 094	LOSS: 34.03	MAE: 18.13	RMSE: 19.35
Epoch 095	LOSS: 33.21	MAE: 17.74	RMSE: 18.98
Epoch 096	LOSS: 32.45	MAE: 17.34	RMSE: 18.62
Epoch 097	LOSS: 31.51	MAE: 16.95	RMSE: 18.26
Epoch 098	LOSS: 31.01	MAE: 16.56	RMSE: 17.91
Epoch 099	LOSS: 30.14	MAE: 16.18	RMSE: 17.56
Epoch 100	LOSS: 29.29	MAE: 15.79	RMSE: 17.22
Epoch 101	LOSS: 28.46	MAE: 15.41	RMSE: 16.89
Epoch 102	LOSS: 27.84	MAE: 15.03	RMSE: 16.56
Epoch 103	LOSS: 27.09	MAE: 14.65	RMSE: 16.23
Epoch 104	LOSS: 26.22	MAE: 14.27	RMSE: 15.92
Epoch 105	LOSS: 25.51	MAE: 13.90	RMSE: 15.61
Epoch 106	LOSS: 24.82	MAE: 13.52	RMSE: 15.31
Epoch 107	LOSS: 24.04	MAE: 13.15	RMSE: 15.01
Epoch 108	LOSS: 23.27	MAE: 12.79	RMSE: 14.73
Epoch 109	LOSS: 22.59	MAE: 12.43	RMSE: 14.45
Epoch 110	LOSS: 21.78	MAE: 12.07	RMSE: 14.19
Epoch 111	LOSS: 21.15	MAE: 11.71	RMSE: 13.93
Epoch 112	LOSS: 20.39	MAE: 11.37	RMSE: 13.69
Epoch 113	LOSS: 19.77	MAE: 11.02	RMSE: 13.45
Epoch 114	LOSS: 19.03	MAE: 10.68	RMSE: 13.23
Epoch 115	LOSS: 18.42	MAE: 10.35	RMSE: 13.02
Epoch 116	LOSS: 17.77	MAE: 10.02	RMSE: 12.82
Epoch 117	LOSS: 17.10	MAE: 9.70	RMSE: 12.63
Epoch 118	LOSS: 16.56	MAE: 9.39	RMSE: 12.46
Epoch 119	LOSS: 15.92	MAE: 9.10	RMSE: 12.30
Epoch 120	LOSS: 15.36	MAE: 8.81	RMSE: 12.15
Epoch 121	LOSS: 14.78	MAE: 8.53	RMSE: 12.02
Epoch 122	LOSS: 14.22	MAE: 8.26	RMSE: 11.90
Epoch 123	LOSS: 13.61	MAE: 8.01	RMSE: 11.80
Epoch 124	LOSS: 13.08	MAE: 7.77	RMSE: 11.70
Epoch 125	LOSS: 12.67	MAE: 7.55	RMSE: 11.63
Epoch 126	LOSS: 12.42	MAE: 7.34	RMSE: 11.56
Epoch 127	LOSS: 11.98	MAE: 7.15	RMSE: 11.50
Epoch 128	LOSS: 11.59	MAE: 6.98	RMSE: 11.46
Epoch 129	LOSS: 11.15	MAE: 6.82	RMSE: 11.43
Epoch 130	LOSS: 10.84	MAE: 6.68	RMSE: 11.40
Epoch 131	LOSS: 10.58	MAE: 6.55	RMSE: 11.39
Epoch 132	LOSS: 10.37	MAE: 6.44	RMSE: 11.38
Epoch 133	LOSS: 10.07	MAE: 6.34	RMSE: 11.37
Epoch 134	LOSS: 9.89	MAE: 6.25	RMSE: 11.38
Epoch 135	LOSS: 9.84	MAE: 6.17	RMSE: 11.38
Epoch 136	LOSS: 9.59	MAE: 6.10	RMSE: 11.39
Epoch 137	LOSS: 9.43	MAE: 6.04	RMSE: 11.41
Epoch 138	LOSS: 9.56	MAE: 6.00	RMSE: 11.42
Epoch 139	LOSS: 9.23	MAE: 5.95	RMSE: 11.44
Epoch 140	LOSS: 9.09	MAE: 5.92	RMSE: 11.45
Epoch 141	LOSS: 9.19	MAE: 5.89	RMSE: 11.47
Epoch 142	LOSS: 9.05	MAE: 5.87	RMSE: 11.49
Epoch 143	LOSS: 8.84	MAE: 5.85	RMSE: 11.51
Epoch 144	LOSS: 9.09	MAE: 5.83	RMSE: 11.52
Epoch 145	LOSS: 9.15	MAE: 5.82	RMSE: 11.54
Epoch 146	LOSS: 8.90	MAE: 5.81	RMSE: 11.55
Epoch 147	LOSS: 9.14	MAE: 5.80	RMSE: 11.56
Epoch 148	LOSS: 9.07	MAE: 5.80	RMSE: 11.57
Epoch 149	LOSS: 8.93	MAE: 5.79	RMSE: 11.58
Epoch 150	LOSS: 8.78	MAE: 5.79	RMSE: 11.59
Epoch 151	LOSS: 9.08	MAE: 5.79	RMSE: 11.60
Epoch 152	LOSS: 9.01	MAE: 5.79	RMSE: 11.61
Epoch 153	LOSS: 8.98	MAE: 5.78	RMSE: 11.61
Epoch 154	LOSS: 8.94	MAE: 5.78	RMSE: 11.62
Epoch 155	LOSS: 9.11	MAE: 5.78	RMSE: 11.62
Epoch 156	LOSS: 8.95	MAE: 5.78	RMSE: 11.63
Epoch 157	LOSS: 8.82	MAE: 5.78	RMSE: 11.63
Epoch 158	LOSS: 8.99	MAE: 5.78	RMSE: 11.63
Epoch 159	LOSS: 8.97	MAE: 5.78	RMSE: 11.64
Epoch 160	LOSS: 8.78	MAE: 5.78	RMSE: 11.64
Epoch 161	LOSS: 8.87	MAE: 5.78	RMSE: 11.64
Epoch 162	LOSS: 9.04	MAE: 5.78	RMSE: 11.65
Epoch 163	LOSS: 9.11	MAE: 5.78	RMSE: 11.65
Epoch 164	LOSS: 8.94	MAE: 5.78	RMSE: 11.65
Epoch 165	LOSS: 8.90	MAE: 5.78	RMSE: 11.65
Epoch 166	LOSS: 8.75	MAE: 5.78	RMSE: 11.65
Epoch 167	LOSS: 8.97	MAE: 5.78	RMSE: 11.65
Epoch 168	LOSS: 8.72	MAE: 5.78	RMSE: 11.65
Epoch 169	LOSS: 8.93	MAE: 5.78	RMSE: 11.65
Epoch 170	LOSS: 8.82	MAE: 5.78	RMSE: 11.66
Epoch 171	LOSS: 8.96	MAE: 5.78	RMSE: 11.66
Epoch 172	LOSS: 8.93	MAE: 5.78	RMSE: 11.66
Epoch 173	LOSS: 8.87	MAE: 5.78	RMSE: 11.66
Epoch 174	LOSS: 9.13	MAE: 5.78	RMSE: 11.66
Epoch 175	LOSS: 8.83	MAE: 5.78	RMSE: 11.66
Epoch 176	LOSS: 8.81	MAE: 5.78	RMSE: 11.66
Epoch 177	LOSS: 8.95	MAE: 5.78	RMSE: 11.66
Epoch 178	LOSS: 8.82	MAE: 5.78	RMSE: 11.66
Epoch 179	LOSS: 8.78	MAE: 5.78	RMSE: 11.66
Epoch 180	LOSS: 8.93	MAE: 5.78	RMSE: 11.66
Epoch 181	LOSS: 8.89	MAE: 5.78	RMSE: 11.66
Epoch 182	LOSS: 8.84	MAE: 5.78	RMSE: 11.66
Epoch 183	LOSS: 9.00	MAE: 5.78	RMSE: 11.66
Epoch 184	LOSS: 9.10	MAE: 5.78	RMSE: 11.66
Epoch 185	LOSS: 8.81	MAE: 5.78	RMSE: 11.66
Epoch 186	LOSS: 8.83	MAE: 5.77	RMSE: 11.66
Epoch 187	LOSS: 8.89	MAE: 5.77	RMSE: 11.66
Epoch 188	LOSS: 8.83	MAE: 5.78	RMSE: 11.66
Epoch 189	LOSS: 9.08	MAE: 5.78	RMSE: 11.66
Epoch 190	LOSS: 8.81	MAE: 5.78	RMSE: 11.66
Epoch 191	LOSS: 8.95	MAE: 5.78	RMSE: 11.66
Epoch 192	LOSS: 9.18	MAE: 5.78	RMSE: 11.66
Epoch 193	LOSS: 8.69	MAE: 5.78	RMSE: 11.66
Epoch 194	LOSS: 9.05	MAE: 5.78	RMSE: 11.66
Epoch 195	LOSS: 8.70	MAE: 5.78	RMSE: 11.66
Epoch 196	LOSS: 9.21	MAE: 5.78	RMSE: 11.66
Epoch 197	LOSS: 8.97	MAE: 5.78	RMSE: 11.66
Epoch 198	LOSS: 9.02	MAE: 5.78	RMSE: 11.66
Epoch 199	LOSS: 8.81	MAE: 5.78	RMSE: 11.66
Epoch 200	LOSS: 8.93	MAE: 5.78	RMSE: 11.67
Epoch 201	LOSS: 9.06	MAE: 5.78	RMSE: 11.67
Epoch 202	LOSS: 8.91	MAE: 5.78	RMSE: 11.67
Epoch 203	LOSS: 9.06	MAE: 5.78	RMSE: 11.66
Epoch 204	LOSS: 8.91	MAE: 5.78	RMSE: 11.66
Epoch 205	LOSS: 8.82	MAE: 5.78	RMSE: 11.67
Epoch 206	LOSS: 8.78	MAE: 5.78	RMSE: 11.66
Epoch 207	LOSS: 8.99	MAE: 5.78	RMSE: 11.67
Epoch 208	LOSS: 9.05	MAE: 5.78	RMSE: 11.66
Epoch 209	LOSS: 9.03	MAE: 5.78	RMSE: 11.66
Epoch 210	LOSS: 9.19	MAE: 5.78	RMSE: 11.66
Epoch 211	LOSS: 8.91	MAE: 5.78	RMSE: 11.66
Epoch 212	LOSS: 8.90	MAE: 5.78	RMSE: 11.66
Epoch 213	LOSS: 9.15	MAE: 5.78	RMSE: 11.67
Epoch 214	LOSS: 8.78	MAE: 5.78	RMSE: 11.67
Epoch 215	LOSS: 8.90	MAE: 5.78	RMSE: 11.67
Epoch 216	LOSS: 8.75	MAE: 5.78	RMSE: 11.67
Epoch 217	LOSS: 8.86	MAE: 5.78	RMSE: 11.67
Epoch 218	LOSS: 8.96	MAE: 5.78	RMSE: 11.67
Epoch 219	LOSS: 8.98	MAE: 5.78	RMSE: 11.67
Epoch 220	LOSS: 9.02	MAE: 5.78	RMSE: 11.67
Epoch 221	LOSS: 8.77	MAE: 5.78	RMSE: 11.67
Epoch 222	LOSS: 9.16	MAE: 5.78	RMSE: 11.67
Epoch 223	LOSS: 9.05	MAE: 5.78	RMSE: 11.67
Epoch 224	LOSS: 8.78	MAE: 5.77	RMSE: 11.67
Epoch 225	LOSS: 8.93	MAE: 5.77	RMSE: 11.67
Epoch 226	LOSS: 8.76	MAE: 5.77	RMSE: 11.66
Epoch 227	LOSS: 9.04	MAE: 5.77	RMSE: 11.67
Epoch 228	LOSS: 9.03	MAE: 5.77	RMSE: 11.67
Epoch 229	LOSS: 8.85	MAE: 5.77	RMSE: 11.66
Epoch 230	LOSS: 8.75	MAE: 5.77	RMSE: 11.66
Epoch 231	LOSS: 9.18	MAE: 5.77	RMSE: 11.66
Epoch 232	LOSS: 8.89	MAE: 5.77	RMSE: 11.66
Epoch 233	LOSS: 8.88	MAE: 5.78	RMSE: 11.66
Epoch 234	LOSS: 9.01	MAE: 5.78	RMSE: 11.67
Epoch 235	LOSS: 8.89	MAE: 5.78	RMSE: 11.67
Epoch 236	LOSS: 9.00	MAE: 5.78	RMSE: 11.67
Epoch 237	LOSS: 8.92	MAE: 5.77	RMSE: 11.67
Epoch 238	LOSS: 8.95	MAE: 5.77	RMSE: 11.67
Epoch 239	LOSS: 8.66	MAE: 5.77	RMSE: 11.66
Epoch 240	LOSS: 8.96	MAE: 5.77	RMSE: 11.66
Epoch 241	LOSS: 8.93	MAE: 5.77	RMSE: 11.66
Epoch 242	LOSS: 9.14	MAE: 5.77	RMSE: 11.66
Epoch 243	LOSS: 9.04	MAE: 5.77	RMSE: 11.66
Epoch 244	LOSS: 8.85	MAE: 5.77	RMSE: 11.67
Epoch 245	LOSS: 9.07	MAE: 5.77	RMSE: 11.67
Epoch 246	LOSS: 8.79	MAE: 5.77	RMSE: 11.66
Epoch 247	LOSS: 8.89	MAE: 5.77	RMSE: 11.66
Epoch 248	LOSS: 8.73	MAE: 5.78	RMSE: 11.67
Epoch 249	LOSS: 9.11	MAE: 5.78	RMSE: 11.67
Epoch 250	LOSS: 8.88	MAE: 5.78	RMSE: 11.67
Epoch 251	LOSS: 8.80	MAE: 5.77	RMSE: 11.66
Epoch 252	LOSS: 8.92	MAE: 5.77	RMSE: 11.66
Epoch 253	LOSS: 8.88	MAE: 5.77	RMSE: 11.66
Epoch 254	LOSS: 9.05	MAE: 5.77	RMSE: 11.66
Epoch 255	LOSS: 9.01	MAE: 5.77	RMSE: 11.66
Epoch 256	LOSS: 8.81	MAE: 5.77	RMSE: 11.66
Epoch 257	LOSS: 8.77	MAE: 5.77	RMSE: 11.66
Epoch 258	LOSS: 9.19	MAE: 5.77	RMSE: 11.66
Epoch 259	LOSS: 9.22	MAE: 5.77	RMSE: 11.66
Epoch 260	LOSS: 8.90	MAE: 5.77	RMSE: 11.66
Epoch 261	LOSS: 8.97	MAE: 5.77	RMSE: 11.65
Epoch 262	LOSS: 8.99	MAE: 5.78	RMSE: 11.65
Epoch 263	LOSS: 8.86	MAE: 5.77	RMSE: 11.66
Epoch 264	LOSS: 8.94	MAE: 5.78	RMSE: 11.66
Epoch 265	LOSS: 8.58	MAE: 5.78	RMSE: 11.66
Epoch 266	LOSS: 9.02	MAE: 5.78	RMSE: 11.67
Epoch 267	LOSS: 8.81	MAE: 5.78	RMSE: 11.66
Epoch 268	LOSS: 9.08	MAE: 5.78	RMSE: 11.66
Epoch 269	LOSS: 8.83	MAE: 5.78	RMSE: 11.66
Epoch 270	LOSS: 8.91	MAE: 5.78	RMSE: 11.66
Epoch 271	LOSS: 8.94	MAE: 5.78	RMSE: 11.66
Epoch 272	LOSS: 8.96	MAE: 5.78	RMSE: 11.66
Epoch 273	LOSS: 9.08	MAE: 5.78	RMSE: 11.66
Epoch 274	LOSS: 8.74	MAE: 5.78	RMSE: 11.67
Epoch 275	LOSS: 9.20	MAE: 5.78	RMSE: 11.66
Epoch 276	LOSS: 8.97	MAE: 5.78	RMSE: 11.66
Epoch 277	LOSS: 8.67	MAE: 5.78	RMSE: 11.65
Epoch 278	LOSS: 9.21	MAE: 5.78	RMSE: 11.65
Epoch 279	LOSS: 8.88	MAE: 5.78	RMSE: 11.66
Epoch 280	LOSS: 8.77	MAE: 5.78	RMSE: 11.66
Epoch 281	LOSS: 8.98	MAE: 5.77	RMSE: 11.66
Epoch 282	LOSS: 8.89	MAE: 5.77	RMSE: 11.66
Epoch 283	LOSS: 8.99	MAE: 5.77	RMSE: 11.66
Epoch 284	LOSS: 9.03	MAE: 5.77	RMSE: 11.67
Epoch 285	LOSS: 9.05	MAE: 5.77	RMSE: 11.66
Epoch 286	LOSS: 9.10	MAE: 5.77	RMSE: 11.66
Epoch 287	LOSS: 8.79	MAE: 5.78	RMSE: 11.65
Epoch 288	LOSS: 8.92	MAE: 5.78	RMSE: 11.65
Epoch 289	LOSS: 8.88	MAE: 5.78	RMSE: 11.66
Epoch 290	LOSS: 8.82	MAE: 5.78	RMSE: 11.66
Epoch 291	LOSS: 9.05	MAE: 5.78	RMSE: 11.66
Epoch 292	LOSS: 8.63	MAE: 5.77	RMSE: 11.65
Epoch 293	LOSS: 8.97	MAE: 5.78	RMSE: 11.66
Epoch 294	LOSS: 9.17	MAE: 5.78	RMSE: 11.66
Epoch 295	LOSS: 8.97	MAE: 5.77	RMSE: 11.65
Epoch 296	LOSS: 9.04	MAE: 5.78	RMSE: 11.65
Epoch 297	LOSS: 8.89	MAE: 5.78	RMSE: 11.66
Epoch 298	LOSS: 8.80	MAE: 5.77	RMSE: 11.65
Epoch 299	LOSS: 9.09	MAE: 5.77	RMSE: 11.66
Epoch 300	LOSS: 8.92	MAE: 5.78	RMSE: 11.67
Epoch 301	LOSS: 8.88	MAE: 5.78	RMSE: 11.67
Epoch 302	LOSS: 8.82	MAE: 5.77	RMSE: 11.67
Epoch 303	LOSS: 8.97	MAE: 5.77	RMSE: 11.66
Epoch 304	LOSS: 8.97	MAE: 5.77	RMSE: 11.66
Epoch 305	LOSS: 8.95	MAE: 5.77	RMSE: 11.66
Epoch 306	LOSS: 8.83	MAE: 5.77	RMSE: 11.66
Epoch 307	LOSS: 9.01	MAE: 5.77	RMSE: 11.66
Epoch 308	LOSS: 9.05	MAE: 5.77	RMSE: 11.66
Epoch 309	LOSS: 9.08	MAE: 5.77	RMSE: 11.66
Epoch 310	LOSS: 9.04	MAE: 5.77	RMSE: 11.66
Epoch 311	LOSS: 8.88	MAE: 5.77	RMSE: 11.66
Epoch 312	LOSS: 9.08	MAE: 5.77	RMSE: 11.66
Epoch 313	LOSS: 9.09	MAE: 5.77	RMSE: 11.66
Epoch 314	LOSS: 8.91	MAE: 5.77	RMSE: 11.66
Epoch 315	LOSS: 8.88	MAE: 5.77	RMSE: 11.66
Epoch 316	LOSS: 8.91	MAE: 5.78	RMSE: 11.66
Epoch 317	LOSS: 8.89	MAE: 5.78	RMSE: 11.66
Epoch 318	LOSS: 8.74	MAE: 5.78	RMSE: 11.67
Epoch 319	LOSS: 8.99	MAE: 5.78	RMSE: 11.67
Epoch 320	LOSS: 8.92	MAE: 5.78	RMSE: 11.67
Epoch 321	LOSS: 9.05	MAE: 5.78	RMSE: 11.67
Epoch 322	LOSS: 8.91	MAE: 5.77	RMSE: 11.66
Epoch 323	LOSS: 8.88	MAE: 5.77	RMSE: 11.66
Epoch 324	LOSS: 9.02	MAE: 5.77	RMSE: 11.66
Epoch 325	LOSS: 8.83	MAE: 5.77	RMSE: 11.66
Epoch 326	LOSS: 9.02	MAE: 5.77	RMSE: 11.66
Epoch 327	LOSS: 8.74	MAE: 5.77	RMSE: 11.66
Epoch 328	LOSS: 8.99	MAE: 5.77	RMSE: 11.66
Epoch 329	LOSS: 8.79	MAE: 5.77	RMSE: 11.66
Epoch 330	LOSS: 8.76	MAE: 5.77	RMSE: 11.66
Epoch 331	LOSS: 9.10	MAE: 5.77	RMSE: 11.66
Epoch 332	LOSS: 8.90	MAE: 5.77	RMSE: 11.66
Epoch 333	LOSS: 8.88	MAE: 5.77	RMSE: 11.65
Epoch 334	LOSS: 9.08	MAE: 5.77	RMSE: 11.65
Epoch 335	LOSS: 8.87	MAE: 5.77	RMSE: 11.65
Epoch 336	LOSS: 8.99	MAE: 5.77	RMSE: 11.66
Epoch 337	LOSS: 9.05	MAE: 5.77	RMSE: 11.66
Epoch 338	LOSS: 8.81	MAE: 5.77	RMSE: 11.66
Epoch 339	LOSS: 8.89	MAE: 5.77	RMSE: 11.66
Epoch 340	LOSS: 8.94	MAE: 5.77	RMSE: 11.66
Epoch 341	LOSS: 9.19	MAE: 5.77	RMSE: 11.66
Epoch 342	LOSS: 9.11	MAE: 5.77	RMSE: 11.66
Epoch 343	LOSS: 8.99	MAE: 5.77	RMSE: 11.66
Epoch 344	LOSS: 8.82	MAE: 5.77	RMSE: 11.65
Epoch 345	LOSS: 8.77	MAE: 5.77	RMSE: 11.65
Epoch 346	LOSS: 8.89	MAE: 5.77	RMSE: 11.65
Epoch 347	LOSS: 8.86	MAE: 5.77	RMSE: 11.65
Epoch 348	LOSS: 8.99	MAE: 5.77	RMSE: 11.65
Epoch 349	LOSS: 8.79	MAE: 5.77	RMSE: 11.65
Epoch 350	LOSS: 8.92	MAE: 5.77	RMSE: 11.65
Epoch 351	LOSS: 8.80	MAE: 5.77	RMSE: 11.65
Epoch 352	LOSS: 8.73	MAE: 5.77	RMSE: 11.66
Epoch 353	LOSS: 8.72	MAE: 5.77	RMSE: 11.66
Epoch 354	LOSS: 9.06	MAE: 5.77	RMSE: 11.66
Epoch 355	LOSS: 8.86	MAE: 5.77	RMSE: 11.66
Epoch 356	LOSS: 8.95	MAE: 5.77	RMSE: 11.66
Epoch 357	LOSS: 8.81	MAE: 5.77	RMSE: 11.66
Epoch 358	LOSS: 8.82	MAE: 5.77	RMSE: 11.66
Epoch 359	LOSS: 9.15	MAE: 5.77	RMSE: 11.66
Epoch 360	LOSS: 8.78	MAE: 5.77	RMSE: 11.66
Epoch 361	LOSS: 8.63	MAE: 5.77	RMSE: 11.66
Epoch 362	LOSS: 8.95	MAE: 5.77	RMSE: 11.66
Epoch 363	LOSS: 8.98	MAE: 5.77	RMSE: 11.66
Epoch 364	LOSS: 8.80	MAE: 5.77	RMSE: 11.66
Epoch 365	LOSS: 8.83	MAE: 5.77	RMSE: 11.66
Epoch 366	LOSS: 9.11	MAE: 5.77	RMSE: 11.66
Epoch 367	LOSS: 8.74	MAE: 5.77	RMSE: 11.66
Epoch 368	LOSS: 8.99	MAE: 5.77	RMSE: 11.66
Epoch 369	LOSS: 8.83	MAE: 5.77	RMSE: 11.66
Epoch 370	LOSS: 8.96	MAE: 5.77	RMSE: 11.66
Epoch 371	LOSS: 8.76	MAE: 5.77	RMSE: 11.66
Epoch 372	LOSS: 8.88	MAE: 5.78	RMSE: 11.65
Epoch 373	LOSS: 8.82	MAE: 5.78	RMSE: 11.65
Epoch 374	LOSS: 8.70	MAE: 5.78	RMSE: 11.65
Epoch 375	LOSS: 9.17	MAE: 5.78	RMSE: 11.65
Epoch 376	LOSS: 8.84	MAE: 5.78	RMSE: 11.65
Epoch 377	LOSS: 8.95	MAE: 5.78	RMSE: 11.65
Epoch 378	LOSS: 8.92	MAE: 5.78	RMSE: 11.65
Epoch 379	LOSS: 9.20	MAE: 5.78	RMSE: 11.65
Epoch 380	LOSS: 8.97	MAE: 5.78	RMSE: 11.65
Epoch 381	LOSS: 8.89	MAE: 5.78	RMSE: 11.65
Epoch 382	LOSS: 8.96	MAE: 5.78	RMSE: 11.65
Epoch 383	LOSS: 8.84	MAE: 5.78	RMSE: 11.65
Epoch 384	LOSS: 8.90	MAE: 5.77	RMSE: 11.66
Epoch 385	LOSS: 8.86	MAE: 5.77	RMSE: 11.66
Epoch 386	LOSS: 8.93	MAE: 5.77	RMSE: 11.66
Epoch 387	LOSS: 8.87	MAE: 5.77	RMSE: 11.66
Epoch 388	LOSS: 8.86	MAE: 5.77	RMSE: 11.66
Epoch 389	LOSS: 9.14	MAE: 5.77	RMSE: 11.66
Epoch 390	LOSS: 8.83	MAE: 5.77	RMSE: 11.66
Epoch 391	LOSS: 8.83	MAE: 5.77	RMSE: 11.65
Epoch 392	LOSS: 8.93	MAE: 5.77	RMSE: 11.65
Epoch 393	LOSS: 9.22	MAE: 5.77	RMSE: 11.65
Epoch 394	LOSS: 8.90	MAE: 5.77	RMSE: 11.65
Epoch 395	LOSS: 9.01	MAE: 5.77	RMSE: 11.65
Epoch 396	LOSS: 8.85	MAE: 5.77	RMSE: 11.66
Epoch 397	LOSS: 9.02	MAE: 5.77	RMSE: 11.66
Epoch 398	LOSS: 8.95	MAE: 5.78	RMSE: 11.66
Epoch 399	LOSS: 8.88	MAE: 5.78	RMSE: 11.66
Epoch 400	LOSS: 9.00	MAE: 5.78	RMSE: 11.66
Epoch 401	LOSS: 9.14	MAE: 5.78	RMSE: 11.66
Epoch 402	LOSS: 8.79	MAE: 5.78	RMSE: 11.66
Epoch 403	LOSS: 8.75	MAE: 5.78	RMSE: 11.66
Epoch 404	LOSS: 8.93	MAE: 5.78	RMSE: 11.66
Epoch 405	LOSS: 9.03	MAE: 5.78	RMSE: 11.66
Epoch 406	LOSS: 8.83	MAE: 5.78	RMSE: 11.66
Epoch 407	LOSS: 8.90	MAE: 5.78	RMSE: 11.66
Epoch 408	LOSS: 9.08	MAE: 5.78	RMSE: 11.66
Epoch 409	LOSS: 9.18	MAE: 5.78	RMSE: 11.66
Epoch 410	LOSS: 8.95	MAE: 5.78	RMSE: 11.66
Epoch 411	LOSS: 9.04	MAE: 5.78	RMSE: 11.66
Epoch 412	LOSS: 8.78	MAE: 5.78	RMSE: 11.66
Epoch 413	LOSS: 8.95	MAE: 5.77	RMSE: 11.66
Epoch 414	LOSS: 8.78	MAE: 5.77	RMSE: 11.66
Epoch 415	LOSS: 8.92	MAE: 5.77	RMSE: 11.66
Epoch 416	LOSS: 8.80	MAE: 5.77	RMSE: 11.66
Epoch 417	LOSS: 8.75	MAE: 5.77	RMSE: 11.66
Epoch 418	LOSS: 8.81	MAE: 5.77	RMSE: 11.66
Epoch 419	LOSS: 9.12	MAE: 5.77	RMSE: 11.66
Epoch 420	LOSS: 9.07	MAE: 5.77	RMSE: 11.66
Epoch 421	LOSS: 9.11	MAE: 5.77	RMSE: 11.66
Epoch 422	LOSS: 9.07	MAE: 5.77	RMSE: 11.66
Epoch 423	LOSS: 8.95	MAE: 5.77	RMSE: 11.66
Epoch 424	LOSS: 8.91	MAE: 5.77	RMSE: 11.66
Epoch 425	LOSS: 9.05	MAE: 5.77	RMSE: 11.66
Epoch 426	LOSS: 8.89	MAE: 5.78	RMSE: 11.66
Epoch 427	LOSS: 8.89	MAE: 5.78	RMSE: 11.66
Epoch 428	LOSS: 9.14	MAE: 5.78	RMSE: 11.66
Epoch 429	LOSS: 8.84	MAE: 5.78	RMSE: 11.66
Epoch 430	LOSS: 8.88	MAE: 5.77	RMSE: 11.66
Epoch 431	LOSS: 9.02	MAE: 5.77	RMSE: 11.66
Epoch 432	LOSS: 8.96	MAE: 5.77	RMSE: 11.66
Epoch 433	LOSS: 8.79	MAE: 5.77	RMSE: 11.66
Epoch 434	LOSS: 8.97	MAE: 5.77	RMSE: 11.66
Epoch 435	LOSS: 9.04	MAE: 5.78	RMSE: 11.67
Epoch 436	LOSS: 8.76	MAE: 5.78	RMSE: 11.67
Epoch 437	LOSS: 9.14	MAE: 5.78	RMSE: 11.67
Epoch 438	LOSS: 8.93	MAE: 5.78	RMSE: 11.66
Epoch 439	LOSS: 8.92	MAE: 5.77	RMSE: 11.66
Epoch 440	LOSS: 9.18	MAE: 5.78	RMSE: 11.66
Epoch 441	LOSS: 8.82	MAE: 5.78	RMSE: 11.66
Epoch 442	LOSS: 9.12	MAE: 5.78	RMSE: 11.66
Epoch 443	LOSS: 9.02	MAE: 5.78	RMSE: 11.66
Epoch 444	LOSS: 8.92	MAE: 5.78	RMSE: 11.66
Epoch 445	LOSS: 8.78	MAE: 5.78	RMSE: 11.67
Epoch 446	LOSS: 8.82	MAE: 5.78	RMSE: 11.67
Epoch 447	LOSS: 8.94	MAE: 5.78	RMSE: 11.67
Epoch 448	LOSS: 8.91	MAE: 5.78	RMSE: 11.67
Epoch 449	LOSS: 8.88	MAE: 5.78	RMSE: 11.67
Epoch 450	LOSS: 8.91	MAE: 5.78	RMSE: 11.67
Epoch 451	LOSS: 9.04	MAE: 5.78	RMSE: 11.66
Epoch 452	LOSS: 8.95	MAE: 5.77	RMSE: 11.66
Epoch 453	LOSS: 8.71	MAE: 5.78	RMSE: 11.66
Epoch 454	LOSS: 8.94	MAE: 5.78	RMSE: 11.66
Epoch 455	LOSS: 8.86	MAE: 5.78	RMSE: 11.66
Epoch 456	LOSS: 8.94	MAE: 5.78	RMSE: 11.66
Epoch 457	LOSS: 8.80	MAE: 5.78	RMSE: 11.66
Epoch 458	LOSS: 8.90	MAE: 5.78	RMSE: 11.66
Epoch 459	LOSS: 8.85	MAE: 5.78	RMSE: 11.66
Epoch 460	LOSS: 9.19	MAE: 5.78	RMSE: 11.66
Epoch 461	LOSS: 8.96	MAE: 5.78	RMSE: 11.66
Epoch 462	LOSS: 8.95	MAE: 5.78	RMSE: 11.66
Epoch 463	LOSS: 9.04	MAE: 5.78	RMSE: 11.66
Epoch 464	LOSS: 8.62	MAE: 5.78	RMSE: 11.66
Epoch 465	LOSS: 8.86	MAE: 5.78	RMSE: 11.66
Epoch 466	LOSS: 8.99	MAE: 5.79	RMSE: 11.65
Epoch 467	LOSS: 9.09	MAE: 5.78	RMSE: 11.66
Epoch 468	LOSS: 9.06	MAE: 5.78	RMSE: 11.65
Epoch 469	LOSS: 8.83	MAE: 5.78	RMSE: 11.66
Epoch 470	LOSS: 9.05	MAE: 5.78	RMSE: 11.65
Epoch 471	LOSS: 9.03	MAE: 5.78	RMSE: 11.65
Epoch 472	LOSS: 8.65	MAE: 5.78	RMSE: 11.65
Epoch 473	LOSS: 8.85	MAE: 5.78	RMSE: 11.65
Epoch 474	LOSS: 8.80	MAE: 5.78	RMSE: 11.65
Epoch 475	LOSS: 8.61	MAE: 5.78	RMSE: 11.65
Epoch 476	LOSS: 8.97	MAE: 5.78	RMSE: 11.65
Epoch 477	LOSS: 8.83	MAE: 5.78	RMSE: 11.65
Epoch 478	LOSS: 8.76	MAE: 5.78	RMSE: 11.65
Epoch 479	LOSS: 8.99	MAE: 5.78	RMSE: 11.65
Epoch 480	LOSS: 9.02	MAE: 5.78	RMSE: 11.65
Epoch 481	LOSS: 8.54	MAE: 5.78	RMSE: 11.65
Epoch 482	LOSS: 9.03	MAE: 5.78	RMSE: 11.65
Epoch 483	LOSS: 8.56	MAE: 5.78	RMSE: 11.65
Epoch 484	LOSS: 8.81	MAE: 5.78	RMSE: 11.65
Epoch 485	LOSS: 8.93	MAE: 5.78	RMSE: 11.65
Epoch 486	LOSS: 9.10	MAE: 5.78	RMSE: 11.65
Epoch 487	LOSS: 9.03	MAE: 5.78	RMSE: 11.65
Epoch 488	LOSS: 8.63	MAE: 5.78	RMSE: 11.65
Epoch 489	LOSS: 8.71	MAE: 5.78	RMSE: 11.66
Epoch 490	LOSS: 8.73	MAE: 5.78	RMSE: 11.66
Epoch 491	LOSS: 9.11	MAE: 5.78	RMSE: 11.66
Epoch 492	LOSS: 9.01	MAE: 5.78	RMSE: 11.65
Epoch 493	LOSS: 8.82	MAE: 5.78	RMSE: 11.65
Epoch 494	LOSS: 8.99	MAE: 5.78	RMSE: 11.65
Epoch 495	LOSS: 8.78	MAE: 5.78	RMSE: 11.65
Epoch 496	LOSS: 8.90	MAE: 5.78	RMSE: 11.65
Epoch 497	LOSS: 8.86	MAE: 5.78	RMSE: 11.65
Epoch 498	LOSS: 8.77	MAE: 5.78	RMSE: 11.65
Epoch 499	LOSS: 8.87	MAE: 5.78	RMSE: 11.65
Epoch 500	LOSS: 9.02	MAE: 5.78	RMSE: 11.65
Epoch 501	LOSS: 8.92	MAE: 5.78	RMSE: 11.65
Epoch 502	LOSS: 8.85	MAE: 5.78	RMSE: 11.65
Epoch 503	LOSS: 8.90	MAE: 5.78	RMSE: 11.65
Epoch 504	LOSS: 8.90	MAE: 5.78	RMSE: 11.65
Epoch 505	LOSS: 8.91	MAE: 5.78	RMSE: 11.66
Epoch 506	LOSS: 9.19	MAE: 5.78	RMSE: 11.66
Epoch 507	LOSS: 8.72	MAE: 5.78	RMSE: 11.65
Epoch 508	LOSS: 9.06	MAE: 5.78	RMSE: 11.65
Epoch 509	LOSS: 8.95	MAE: 5.78	RMSE: 11.65
Epoch 510	LOSS: 8.85	MAE: 5.78	RMSE: 11.65
Epoch 511	LOSS: 8.89	MAE: 5.78	RMSE: 11.65
Epoch 512	LOSS: 8.73	MAE: 5.78	RMSE: 11.65
Epoch 513	LOSS: 8.72	MAE: 5.78	RMSE: 11.65
Epoch 514	LOSS: 8.75	MAE: 5.78	RMSE: 11.65
Epoch 515	LOSS: 8.79	MAE: 5.78	RMSE: 11.65
Epoch 516	LOSS: 8.93	MAE: 5.78	RMSE: 11.65
Epoch 517	LOSS: 9.08	MAE: 5.78	RMSE: 11.65
Epoch 518	LOSS: 8.79	MAE: 5.78	RMSE: 11.65
Epoch 519	LOSS: 8.84	MAE: 5.78	RMSE: 11.65
Epoch 520	LOSS: 9.02	MAE: 5.78	RMSE: 11.65
Epoch 521	LOSS: 9.05	MAE: 5.78	RMSE: 11.65
Epoch 522	LOSS: 8.93	MAE: 5.78	RMSE: 11.65
Epoch 523	LOSS: 8.69	MAE: 5.78	RMSE: 11.65
Epoch 524	LOSS: 9.07	MAE: 5.78	RMSE: 11.64
Epoch 525	LOSS: 8.57	MAE: 5.78	RMSE: 11.65
Epoch 526	LOSS: 8.94	MAE: 5.78	RMSE: 11.65
Epoch 527	LOSS: 9.04	MAE: 5.78	RMSE: 11.65
Epoch 528	LOSS: 8.99	MAE: 5.78	RMSE: 11.65
Epoch 529	LOSS: 8.90	MAE: 5.78	RMSE: 11.65
Epoch 530	LOSS: 9.04	MAE: 5.78	RMSE: 11.65
Epoch 531	LOSS: 8.85	MAE: 5.78	RMSE: 11.65
Epoch 532	LOSS: 8.81	MAE: 5.78	RMSE: 11.65
Epoch 533	LOSS: 8.90	MAE: 5.78	RMSE: 11.66
Epoch 534	LOSS: 8.85	MAE: 5.78	RMSE: 11.66
Epoch 535	LOSS: 8.77	MAE: 5.78	RMSE: 11.66
Epoch 536	LOSS: 8.73	MAE: 5.78	RMSE: 11.66
Epoch 537	LOSS: 8.98	MAE: 5.78	RMSE: 11.66
Epoch 538	LOSS: 8.89	MAE: 5.78	RMSE: 11.66
Epoch 539	LOSS: 8.82	MAE: 5.78	RMSE: 11.65
Epoch 540	LOSS: 8.69	MAE: 5.78	RMSE: 11.65
Epoch 541	LOSS: 8.82	MAE: 5.78	RMSE: 11.65
Epoch 542	LOSS: 9.06	MAE: 5.78	RMSE: 11.65
Epoch 543	LOSS: 8.89	MAE: 5.78	RMSE: 11.65
Epoch 544	LOSS: 8.97	MAE: 5.78	RMSE: 11.66
Epoch 545	LOSS: 8.78	MAE: 5.78	RMSE: 11.65
Epoch 546	LOSS: 9.21	MAE: 5.78	RMSE: 11.65
Epoch 547	LOSS: 8.86	MAE: 5.78	RMSE: 11.65
Epoch 548	LOSS: 8.89	MAE: 5.78	RMSE: 11.66
Epoch 549	LOSS: 8.89	MAE: 5.78	RMSE: 11.66
Epoch 550	LOSS: 9.11	MAE: 5.78	RMSE: 11.66
Epoch 551	LOSS: 8.90	MAE: 5.78	RMSE: 11.66
Epoch 552	LOSS: 9.07	MAE: 5.78	RMSE: 11.66
Epoch 553	LOSS: 8.88	MAE: 5.78	RMSE: 11.66
Epoch 554	LOSS: 9.16	MAE: 5.78	RMSE: 11.66
Epoch 555	LOSS: 8.93	MAE: 5.78	RMSE: 11.65
Epoch 556	LOSS: 9.05	MAE: 5.78	RMSE: 11.65
Epoch 557	LOSS: 9.06	MAE: 5.78	RMSE: 11.65
Epoch 558	LOSS: 8.93	MAE: 5.78	RMSE: 11.65
Epoch 559	LOSS: 8.74	MAE: 5.78	RMSE: 11.65
Epoch 560	LOSS: 8.90	MAE: 5.78	RMSE: 11.65
Epoch 561	LOSS: 8.96	MAE: 5.78	RMSE: 11.65
Epoch 562	LOSS: 8.89	MAE: 5.78	RMSE: 11.65
Epoch 563	LOSS: 8.90	MAE: 5.78	RMSE: 11.65
Epoch 564	LOSS: 8.73	MAE: 5.78	RMSE: 11.65
Epoch 565	LOSS: 9.05	MAE: 5.78	RMSE: 11.65
Epoch 566	LOSS: 8.81	MAE: 5.78	RMSE: 11.65
Epoch 567	LOSS: 8.80	MAE: 5.78	RMSE: 11.64
Epoch 568	LOSS: 8.91	MAE: 5.78	RMSE: 11.64
Epoch 569	LOSS: 9.00	MAE: 5.78	RMSE: 11.65
Epoch 570	LOSS: 8.89	MAE: 5.78	RMSE: 11.65
Epoch 571	LOSS: 9.24	MAE: 5.78	RMSE: 11.65
Epoch 572	LOSS: 8.90	MAE: 5.78	RMSE: 11.65
Epoch 573	LOSS: 8.92	MAE: 5.78	RMSE: 11.65
Epoch 574	LOSS: 8.87	MAE: 5.78	RMSE: 11.65
Epoch 575	LOSS: 8.91	MAE: 5.78	RMSE: 11.65
Epoch 576	LOSS: 8.80	MAE: 5.78	RMSE: 11.66
Epoch 577	LOSS: 9.04	MAE: 5.78	RMSE: 11.66
Epoch 578	LOSS: 8.85	MAE: 5.78	RMSE: 11.66
Epoch 579	LOSS: 9.11	MAE: 5.78	RMSE: 11.66
Epoch 580	LOSS: 8.76	MAE: 5.78	RMSE: 11.66
Epoch 581	LOSS: 9.03	MAE: 5.78	RMSE: 11.66
Epoch 582	LOSS: 9.16	MAE: 5.78	RMSE: 11.66
Epoch 583	LOSS: 9.05	MAE: 5.78	RMSE: 11.66
Epoch 584	LOSS: 8.84	MAE: 5.78	RMSE: 11.65
Epoch 585	LOSS: 9.09	MAE: 5.78	RMSE: 11.65
Epoch 586	LOSS: 8.94	MAE: 5.78	RMSE: 11.65
Epoch 587	LOSS: 9.15	MAE: 5.78	RMSE: 11.65
Epoch 588	LOSS: 8.88	MAE: 5.78	RMSE: 11.65
Epoch 589	LOSS: 8.87	MAE: 5.78	RMSE: 11.66
Epoch 590	LOSS: 9.01	MAE: 5.78	RMSE: 11.66
Epoch 591	LOSS: 9.01	MAE: 5.78	RMSE: 11.66
Epoch 592	LOSS: 8.88	MAE: 5.78	RMSE: 11.66
Epoch 593	LOSS: 9.02	MAE: 5.78	RMSE: 11.65
Epoch 594	LOSS: 8.96	MAE: 5.78	RMSE: 11.65
Epoch 595	LOSS: 8.84	MAE: 5.78	RMSE: 11.65
Epoch 596	LOSS: 9.00	MAE: 5.78	RMSE: 11.65
Epoch 597	LOSS: 8.74	MAE: 5.78	RMSE: 11.65
Epoch 598	LOSS: 9.16	MAE: 5.78	RMSE: 11.65
Epoch 599	LOSS: 8.75	MAE: 5.78	RMSE: 11.65
Epoch 600	LOSS: 8.97	MAE: 5.78	RMSE: 11.65
Epoch 601	LOSS: 9.04	MAE: 5.78	RMSE: 11.65
Epoch 602	LOSS: 9.09	MAE: 5.78	RMSE: 11.65
Epoch 603	LOSS: 8.93	MAE: 5.78	RMSE: 11.65
Epoch 604	LOSS: 8.81	MAE: 5.78	RMSE: 11.65
Epoch 605	LOSS: 8.89	MAE: 5.78	RMSE: 11.65
Epoch 606	LOSS: 8.98	MAE: 5.78	RMSE: 11.65
Epoch 607	LOSS: 8.84	MAE: 5.78	RMSE: 11.65
Epoch 608	LOSS: 8.87	MAE: 5.78	RMSE: 11.65
Epoch 609	LOSS: 8.70	MAE: 5.78	RMSE: 11.66
Epoch 610	LOSS: 9.01	MAE: 5.78	RMSE: 11.66
Epoch 611	LOSS: 8.79	MAE: 5.78	RMSE: 11.66
Epoch 612	LOSS: 8.78	MAE: 5.78	RMSE: 11.65
Epoch 613	LOSS: 8.85	MAE: 5.78	RMSE: 11.65
Epoch 614	LOSS: 8.93	MAE: 5.78	RMSE: 11.65
Epoch 615	LOSS: 8.89	MAE: 5.78	RMSE: 11.65
Epoch 616	LOSS: 8.91	MAE: 5.78	RMSE: 11.65
Epoch 617	LOSS: 9.06	MAE: 5.78	RMSE: 11.65
Epoch 618	LOSS: 9.15	MAE: 5.78	RMSE: 11.65
Epoch 619	LOSS: 9.00	MAE: 5.78	RMSE: 11.65
Epoch 620	LOSS: 8.84	MAE: 5.78	RMSE: 11.65
Epoch 621	LOSS: 8.91	MAE: 5.78	RMSE: 11.65
Epoch 622	LOSS: 8.80	MAE: 5.78	RMSE: 11.65
Epoch 623	LOSS: 8.92	MAE: 5.78	RMSE: 11.66
Epoch 624	LOSS: 8.96	MAE: 5.78	RMSE: 11.66
Epoch 625	LOSS: 8.79	MAE: 5.78	RMSE: 11.66
Epoch 626	LOSS: 8.82	MAE: 5.78	RMSE: 11.66
Epoch 627	LOSS: 8.91	MAE: 5.78	RMSE: 11.66
Epoch 628	LOSS: 8.90	MAE: 5.78	RMSE: 11.65
Epoch 629	LOSS: 8.94	MAE: 5.78	RMSE: 11.65
Epoch 630	LOSS: 8.83	MAE: 5.78	RMSE: 11.65
Epoch 631	LOSS: 9.15	MAE: 5.78	RMSE: 11.66
Epoch 632	LOSS: 8.84	MAE: 5.78	RMSE: 11.66
Epoch 633	LOSS: 9.06	MAE: 5.78	RMSE: 11.66
Epoch 634	LOSS: 8.78	MAE: 5.78	RMSE: 11.66
Epoch 635	LOSS: 8.98	MAE: 5.78	RMSE: 11.66
Epoch 636	LOSS: 8.96	MAE: 5.78	RMSE: 11.66
Epoch 637	LOSS: 9.00	MAE: 5.78	RMSE: 11.65
Epoch 638	LOSS: 9.01	MAE: 5.78	RMSE: 11.66
Epoch 639	LOSS: 8.93	MAE: 5.78	RMSE: 11.66
Epoch 640	LOSS: 9.01	MAE: 5.78	RMSE: 11.66
Epoch 641	LOSS: 9.04	MAE: 5.78	RMSE: 11.66
Epoch 642	LOSS: 8.90	MAE: 5.78	RMSE: 11.66
Epoch 643	LOSS: 9.16	MAE: 5.78	RMSE: 11.65
Epoch 644	LOSS: 9.02	MAE: 5.78	RMSE: 11.65
Epoch 645	LOSS: 8.84	MAE: 5.78	RMSE: 11.66
Epoch 646	LOSS: 8.92	MAE: 5.78	RMSE: 11.66
Epoch 647	LOSS: 8.99	MAE: 5.78	RMSE: 11.66
Epoch 648	LOSS: 8.97	MAE: 5.78	RMSE: 11.65
Epoch 649	LOSS: 8.89	MAE: 5.78	RMSE: 11.65
Epoch 650	LOSS: 8.77	MAE: 5.78	RMSE: 11.65
Epoch 651	LOSS: 8.77	MAE: 5.78	RMSE: 11.65
Epoch 652	LOSS: 8.87	MAE: 5.78	RMSE: 11.65
Epoch 653	LOSS: 8.89	MAE: 5.78	RMSE: 11.65
Epoch 654	LOSS: 8.71	MAE: 5.78	RMSE: 11.65
Epoch 655	LOSS: 9.03	MAE: 5.78	RMSE: 11.65
Epoch 656	LOSS: 9.02	MAE: 5.78	RMSE: 11.65
Epoch 657	LOSS: 8.78	MAE: 5.78	RMSE: 11.65
Epoch 658	LOSS: 9.01	MAE: 5.78	RMSE: 11.65
Epoch 659	LOSS: 9.00	MAE: 5.78	RMSE: 11.65
Epoch 660	LOSS: 8.90	MAE: 5.78	RMSE: 11.65
Epoch 661	LOSS: 8.80	MAE: 5.78	RMSE: 11.65
Epoch 662	LOSS: 8.94	MAE: 5.78	RMSE: 11.65
Epoch 663	LOSS: 9.02	MAE: 5.78	RMSE: 11.65
Epoch 664	LOSS: 8.99	MAE: 5.78	RMSE: 11.65
Epoch 665	LOSS: 8.79	MAE: 5.78	RMSE: 11.65
Epoch 666	LOSS: 8.88	MAE: 5.78	RMSE: 11.65
Epoch 667	LOSS: 8.96	MAE: 5.78	RMSE: 11.65
Epoch 668	LOSS: 8.93	MAE: 5.78	RMSE: 11.65
Epoch 669	LOSS: 8.96	MAE: 5.78	RMSE: 11.66
Epoch 670	LOSS: 8.93	MAE: 5.78	RMSE: 11.66
Epoch 671	LOSS: 8.65	MAE: 5.78	RMSE: 11.66
Epoch 672	LOSS: 8.88	MAE: 5.78	RMSE: 11.65
Epoch 673	LOSS: 8.96	MAE: 5.78	RMSE: 11.65
Epoch 674	LOSS: 8.83	MAE: 5.78	RMSE: 11.65
Epoch 675	LOSS: 8.79	MAE: 5.78	RMSE: 11.65
Epoch 676	LOSS: 9.03	MAE: 5.78	RMSE: 11.65
Epoch 677	LOSS: 9.09	MAE: 5.78	RMSE: 11.65
Epoch 678	LOSS: 8.83	MAE: 5.78	RMSE: 11.66
Epoch 679	LOSS: 8.94	MAE: 5.78	RMSE: 11.65
Epoch 680	LOSS: 8.87	MAE: 5.78	RMSE: 11.65
Epoch 681	LOSS: 8.94	MAE: 5.78	RMSE: 11.65
Epoch 682	LOSS: 8.90	MAE: 5.78	RMSE: 11.65
Epoch 683	LOSS: 8.80	MAE: 5.78	RMSE: 11.65
Epoch 684	LOSS: 8.83	MAE: 5.78	RMSE: 11.66
Epoch 685	LOSS: 8.86	MAE: 5.78	RMSE: 11.66
Epoch 686	LOSS: 8.77	MAE: 5.78	RMSE: 11.66
Epoch 687	LOSS: 8.94	MAE: 5.78	RMSE: 11.66
Epoch 688	LOSS: 8.96	MAE: 5.78	RMSE: 11.66
Epoch 689	LOSS: 8.76	MAE: 5.78	RMSE: 11.66
Epoch 690	LOSS: 8.92	MAE: 5.78	RMSE: 11.66
Epoch 691	LOSS: 8.74	MAE: 5.78	RMSE: 11.66
Epoch 692	LOSS: 8.91	MAE: 5.78	RMSE: 11.66
Epoch 693	LOSS: 9.01	MAE: 5.78	RMSE: 11.65
Epoch 694	LOSS: 8.99	MAE: 5.78	RMSE: 11.65
Epoch 695	LOSS: 8.82	MAE: 5.78	RMSE: 11.65
Epoch 696	LOSS: 9.15	MAE: 5.78	RMSE: 11.65
Epoch 697	LOSS: 8.73	MAE: 5.78	RMSE: 11.65
Epoch 698	LOSS: 9.16	MAE: 5.78	RMSE: 11.65
Epoch 699	LOSS: 8.97	MAE: 5.78	RMSE: 11.65
Epoch 700	LOSS: 9.02	MAE: 5.78	RMSE: 11.65
Epoch 701	LOSS: 9.20	MAE: 5.78	RMSE: 11.66
Epoch 702	LOSS: 8.94	MAE: 5.78	RMSE: 11.66
Epoch 703	LOSS: 8.65	MAE: 5.78	RMSE: 11.66
Epoch 704	LOSS: 9.05	MAE: 5.78	RMSE: 11.65
Epoch 705	LOSS: 8.98	MAE: 5.78	RMSE: 11.65
Epoch 706	LOSS: 8.83	MAE: 5.78	RMSE: 11.65
Epoch 707	LOSS: 8.99	MAE: 5.78	RMSE: 11.65
Epoch 708	LOSS: 8.91	MAE: 5.78	RMSE: 11.65
Epoch 709	LOSS: 8.86	MAE: 5.78	RMSE: 11.65
Epoch 710	LOSS: 8.97	MAE: 5.78	RMSE: 11.66
Epoch 711	LOSS: 8.76	MAE: 5.78	RMSE: 11.66
Epoch 712	LOSS: 9.01	MAE: 5.78	RMSE: 11.66
Epoch 713	LOSS: 8.81	MAE: 5.78	RMSE: 11.65
Epoch 714	LOSS: 8.81	MAE: 5.78	RMSE: 11.66
Epoch 715	LOSS: 9.15	MAE: 5.78	RMSE: 11.65
Epoch 716	LOSS: 8.82	MAE: 5.78	RMSE: 11.65
Epoch 717	LOSS: 8.86	MAE: 5.78	RMSE: 11.65
Epoch 718	LOSS: 8.84	MAE: 5.78	RMSE: 11.66
Epoch 719	LOSS: 8.98	MAE: 5.78	RMSE: 11.65
Epoch 720	LOSS: 8.88	MAE: 5.78	RMSE: 11.66
Epoch 721	LOSS: 8.96	MAE: 5.78	RMSE: 11.66
Epoch 722	LOSS: 9.10	MAE: 5.78	RMSE: 11.65
Epoch 723	LOSS: 8.96	MAE: 5.78	RMSE: 11.65
Epoch 724	LOSS: 9.12	MAE: 5.78	RMSE: 11.65
Epoch 725	LOSS: 8.85	MAE: 5.78	RMSE: 11.65
Epoch 726	LOSS: 8.97	MAE: 5.78	RMSE: 11.65
Epoch 727	LOSS: 8.74	MAE: 5.78	RMSE: 11.65
Epoch 728	LOSS: 8.82	MAE: 5.78	RMSE: 11.65
Epoch 729	LOSS: 9.02	MAE: 5.78	RMSE: 11.65
Epoch 730	LOSS: 8.95	MAE: 5.78	RMSE: 11.66
Epoch 731	LOSS: 9.03	MAE: 5.78	RMSE: 11.66
Epoch 732	LOSS: 8.94	MAE: 5.78	RMSE: 11.66
Epoch 733	LOSS: 8.93	MAE: 5.78	RMSE: 11.66
Epoch 734	LOSS: 8.94	MAE: 5.78	RMSE: 11.66
Epoch 735	LOSS: 8.99	MAE: 5.78	RMSE: 11.66
Epoch 736	LOSS: 8.89	MAE: 5.78	RMSE: 11.66
Epoch 737	LOSS: 8.81	MAE: 5.78	RMSE: 11.66
Epoch 738	LOSS: 8.91	MAE: 5.78	RMSE: 11.66
Epoch 739	LOSS: 8.79	MAE: 5.78	RMSE: 11.66
Epoch 740	LOSS: 8.95	MAE: 5.78	RMSE: 11.66
Epoch 741	LOSS: 8.82	MAE: 5.78	RMSE: 11.66
Epoch 742	LOSS: 8.88	MAE: 5.78	RMSE: 11.66
Epoch 743	LOSS: 8.90	MAE: 5.78	RMSE: 11.66
Epoch 744	LOSS: 9.00	MAE: 5.78	RMSE: 11.66
Epoch 745	LOSS: 9.09	MAE: 5.78	RMSE: 11.66
Epoch 746	LOSS: 8.90	MAE: 5.78	RMSE: 11.66
Epoch 747	LOSS: 8.78	MAE: 5.78	RMSE: 11.66
Epoch 748	LOSS: 8.97	MAE: 5.78	RMSE: 11.66
Epoch 749	LOSS: 9.17	MAE: 5.78	RMSE: 11.66
Epoch 750	LOSS: 8.85	MAE: 5.78	RMSE: 11.66
Epoch 751	LOSS: 8.96	MAE: 5.78	RMSE: 11.66
Epoch 752	LOSS: 8.97	MAE: 5.78	RMSE: 11.66
Epoch 753	LOSS: 8.79	MAE: 5.78	RMSE: 11.65
Epoch 754	LOSS: 8.94	MAE: 5.78	RMSE: 11.66
Epoch 755	LOSS: 9.02	MAE: 5.78	RMSE: 11.65
Epoch 756	LOSS: 9.00	MAE: 5.78	RMSE: 11.66
Epoch 757	LOSS: 8.81	MAE: 5.78	RMSE: 11.65
Epoch 758	LOSS: 8.90	MAE: 5.78	RMSE: 11.65
Epoch 759	LOSS: 8.83	MAE: 5.78	RMSE: 11.65
Epoch 760	LOSS: 8.71	MAE: 5.78	RMSE: 11.65
Epoch 761	LOSS: 8.84	MAE: 5.78	RMSE: 11.65
Epoch 762	LOSS: 9.17	MAE: 5.78	RMSE: 11.65
Epoch 763	LOSS: 9.15	MAE: 5.78	RMSE: 11.65
Epoch 764	LOSS: 9.10	MAE: 5.78	RMSE: 11.65
Epoch 765	LOSS: 8.75	MAE: 5.78	RMSE: 11.65
Epoch 766	LOSS: 9.06	MAE: 5.78	RMSE: 11.65
Epoch 767	LOSS: 8.71	MAE: 5.78	RMSE: 11.66
Epoch 768	LOSS: 8.83	MAE: 5.78	RMSE: 11.65
Epoch 769	LOSS: 8.80	MAE: 5.78	RMSE: 11.65
Epoch 770	LOSS: 8.87	MAE: 5.78	RMSE: 11.65
Epoch 771	LOSS: 8.78	MAE: 5.78	RMSE: 11.65
Epoch 772	LOSS: 8.96	MAE: 5.78	RMSE: 11.66
Epoch 773	LOSS: 8.85	MAE: 5.78	RMSE: 11.66
Epoch 774	LOSS: 8.60	MAE: 5.78	RMSE: 11.66
Epoch 775	LOSS: 8.75	MAE: 5.78	RMSE: 11.66
Epoch 776	LOSS: 9.03	MAE: 5.78	RMSE: 11.65
Epoch 777	LOSS: 9.09	MAE: 5.78	RMSE: 11.64
Epoch 778	LOSS: 9.00	MAE: 5.78	RMSE: 11.64
Epoch 779	LOSS: 8.94	MAE: 5.78	RMSE: 11.64
Epoch 780	LOSS: 8.94	MAE: 5.78	RMSE: 11.64
Epoch 781	LOSS: 8.90	MAE: 5.78	RMSE: 11.65
Epoch 782	LOSS: 8.86	MAE: 5.78	RMSE: 11.65
Epoch 783	LOSS: 9.18	MAE: 5.78	RMSE: 11.65
Epoch 784	LOSS: 8.89	MAE: 5.78	RMSE: 11.65
Epoch 785	LOSS: 8.90	MAE: 5.78	RMSE: 11.65
Epoch 786	LOSS: 8.99	MAE: 5.78	RMSE: 11.65
Epoch 787	LOSS: 8.94	MAE: 5.78	RMSE: 11.65
Epoch 788	LOSS: 9.02	MAE: 5.78	RMSE: 11.65
Epoch 789	LOSS: 9.09	MAE: 5.78	RMSE: 11.67
Epoch 790	LOSS: 8.90	MAE: 5.78	RMSE: 11.67
Epoch 791	LOSS: 9.06	MAE: 5.78	RMSE: 11.67
Epoch 792	LOSS: 8.80	MAE: 5.77	RMSE: 11.66
Epoch 793	LOSS: 9.01	MAE: 5.77	RMSE: 11.66
Epoch 794	LOSS: 8.62	MAE: 5.77	RMSE: 11.66
Epoch 795	LOSS: 8.98	MAE: 5.77	RMSE: 11.66
Epoch 796	LOSS: 8.88	MAE: 5.77	RMSE: 11.65
Epoch 797	LOSS: 8.95	MAE: 5.77	RMSE: 11.65
Epoch 798	LOSS: 8.83	MAE: 5.77	RMSE: 11.66
Epoch 799	LOSS: 8.72	MAE: 5.77	RMSE: 11.66
Epoch 800	LOSS: 8.79	MAE: 5.77	RMSE: 11.66
Epoch 801	LOSS: 8.84	MAE: 5.77	RMSE: 11.66
Epoch 802	LOSS: 8.97	MAE: 5.77	RMSE: 11.67
Epoch 803	LOSS: 8.82	MAE: 5.77	RMSE: 11.67
Epoch 804	LOSS: 9.24	MAE: 5.77	RMSE: 11.66
Epoch 805	LOSS: 8.98	MAE: 5.77	RMSE: 11.65
Epoch 806	LOSS: 8.89	MAE: 5.77	RMSE: 11.65
Epoch 807	LOSS: 8.82	MAE: 5.77	RMSE: 11.65
Epoch 808	LOSS: 8.73	MAE: 5.77	RMSE: 11.65
Epoch 809	LOSS: 8.76	MAE: 5.77	RMSE: 11.66
Epoch 810	LOSS: 9.01	MAE: 5.77	RMSE: 11.66
Epoch 811	LOSS: 8.90	MAE: 5.77	RMSE: 11.66
Epoch 812	LOSS: 9.02	MAE: 5.77	RMSE: 11.66
Epoch 813	LOSS: 9.06	MAE: 5.78	RMSE: 11.67
Epoch 814	LOSS: 8.61	MAE: 5.78	RMSE: 11.67
Epoch 815	LOSS: 8.72	MAE: 5.78	RMSE: 11.67
Epoch 816	LOSS: 9.07	MAE: 5.78	RMSE: 11.64
Epoch 817	LOSS: 8.78	MAE: 5.77	RMSE: 11.66
Epoch 818	LOSS: 8.94	MAE: 5.77	RMSE: 11.66
Epoch 819	LOSS: 8.91	MAE: 5.77	RMSE: 11.66
Epoch 820	LOSS: 8.76	MAE: 5.77	RMSE: 11.66
Epoch 821	LOSS: 9.03	MAE: 5.77	RMSE: 11.66
Epoch 822	LOSS: 8.93	MAE: 5.77	RMSE: 11.66
Epoch 823	LOSS: 9.08	MAE: 5.77	RMSE: 11.66
Epoch 824	LOSS: 8.87	MAE: 5.77	RMSE: 11.66
Epoch 825	LOSS: 8.80	MAE: 5.77	RMSE: 11.66
Epoch 826	LOSS: 8.87	MAE: 5.77	RMSE: 11.66
Epoch 827	LOSS: 8.88	MAE: 5.77	RMSE: 11.66
Epoch 828	LOSS: 8.88	MAE: 5.77	RMSE: 11.66
Epoch 829	LOSS: 8.85	MAE: 5.77	RMSE: 11.66
Epoch 830	LOSS: 8.89	MAE: 5.77	RMSE: 11.65
Epoch 831	LOSS: 8.77	MAE: 5.78	RMSE: 11.65
Epoch 832	LOSS: 8.92	MAE: 5.77	RMSE: 11.66
Epoch 833	LOSS: 8.95	MAE: 5.77	RMSE: 11.65
Epoch 834	LOSS: 8.88	MAE: 5.77	RMSE: 11.65
Epoch 835	LOSS: 8.65	MAE: 5.77	RMSE: 11.66
Epoch 836	LOSS: 8.91	MAE: 5.77	RMSE: 11.66
Epoch 837	LOSS: 9.04	MAE: 5.77	RMSE: 11.66
Epoch 838	LOSS: 8.92	MAE: 5.77	RMSE: 11.66
Epoch 839	LOSS: 8.90	MAE: 5.77	RMSE: 11.66
Epoch 840	LOSS: 9.13	MAE: 5.78	RMSE: 11.67
Epoch 841	LOSS: 8.95	MAE: 5.78	RMSE: 11.67
Epoch 842	LOSS: 8.84	MAE: 5.77	RMSE: 11.66
Epoch 843	LOSS: 8.85	MAE: 5.77	RMSE: 11.66
Epoch 844	LOSS: 8.87	MAE: 5.77	RMSE: 11.66
Epoch 845	LOSS: 8.86	MAE: 5.77	RMSE: 11.66
Epoch 846	LOSS: 8.84	MAE: 5.77	RMSE: 11.66
Epoch 847	LOSS: 8.90	MAE: 5.77	RMSE: 11.66
Epoch 848	LOSS: 8.94	MAE: 5.77	RMSE: 11.66
Epoch 849	LOSS: 9.11	MAE: 5.77	RMSE: 11.67
Epoch 850	LOSS: 8.92	MAE: 5.77	RMSE: 11.67
Epoch 851	LOSS: 8.88	MAE: 5.78	RMSE: 11.67
Epoch 852	LOSS: 8.94	MAE: 5.78	RMSE: 11.67
Epoch 853	LOSS: 8.72	MAE: 5.77	RMSE: 11.66
Epoch 854	LOSS: 8.88	MAE: 5.77	RMSE: 11.66
Epoch 855	LOSS: 8.88	MAE: 5.77	RMSE: 11.66
Epoch 856	LOSS: 8.86	MAE: 5.77	RMSE: 11.66
Epoch 857	LOSS: 8.99	MAE: 5.77	RMSE: 11.66
Epoch 858	LOSS: 8.88	MAE: 5.77	RMSE: 11.66
Epoch 859	LOSS: 8.90	MAE: 5.77	RMSE: 11.66
Epoch 860	LOSS: 8.94	MAE: 5.77	RMSE: 11.65
Epoch 861	LOSS: 9.05	MAE: 5.77	RMSE: 11.66
Epoch 862	LOSS: 8.94	MAE: 5.78	RMSE: 11.67
Epoch 863	LOSS: 9.03	MAE: 5.78	RMSE: 11.66
Epoch 864	LOSS: 9.20	MAE: 5.78	RMSE: 11.66
Epoch 865	LOSS: 9.06	MAE: 5.78	RMSE: 11.66
Epoch 866	LOSS: 9.30	MAE: 5.81	RMSE: 11.57
Epoch 867	LOSS: 8.82	MAE: 5.77	RMSE: 11.67
Epoch 868	LOSS: 8.91	MAE: 5.77	RMSE: 11.66
Epoch 869	LOSS: 9.05	MAE: 5.77	RMSE: 11.65
Epoch 870	LOSS: 8.95	MAE: 5.77	RMSE: 11.65
Epoch 871	LOSS: 8.98	MAE: 5.77	RMSE: 11.66
Epoch 872	LOSS: 8.99	MAE: 5.77	RMSE: 11.66
Epoch 873	LOSS: 8.77	MAE: 5.77	RMSE: 11.66
Epoch 874	LOSS: 8.99	MAE: 5.77	RMSE: 11.66
Epoch 875	LOSS: 8.89	MAE: 5.77	RMSE: 11.65
Epoch 876	LOSS: 8.71	MAE: 5.77	RMSE: 11.66
Epoch 877	LOSS: 8.92	MAE: 5.78	RMSE: 11.67
Epoch 878	LOSS: 8.83	MAE: 5.78	RMSE: 11.67
Epoch 879	LOSS: 8.78	MAE: 5.78	RMSE: 11.67
Epoch 880	LOSS: 9.03	MAE: 5.77	RMSE: 11.66
Epoch 881	LOSS: 8.83	MAE: 5.77	RMSE: 11.66
Epoch 882	LOSS: 8.81	MAE: 5.77	RMSE: 11.66
Epoch 883	LOSS: 8.83	MAE: 5.77	RMSE: 11.65
Epoch 884	LOSS: 8.88	MAE: 5.77	RMSE: 11.65
Epoch 885	LOSS: 8.87	MAE: 5.77	RMSE: 11.66
Epoch 886	LOSS: 8.76	MAE: 5.77	RMSE: 11.66
Epoch 887	LOSS: 9.11	MAE: 5.77	RMSE: 11.66
Epoch 888	LOSS: 8.89	MAE: 5.77	RMSE: 11.66
Epoch 889	LOSS: 8.98	MAE: 5.77	RMSE: 11.66
Epoch 890	LOSS: 8.84	MAE: 5.77	RMSE: 11.66
Epoch 891	LOSS: 8.96	MAE: 5.77	RMSE: 11.66
Epoch 892	LOSS: 9.00	MAE: 5.77	RMSE: 11.66
Epoch 893	LOSS: 9.10	MAE: 5.77	RMSE: 11.66
Epoch 894	LOSS: 8.81	MAE: 5.77	RMSE: 11.66
Epoch 895	LOSS: 8.84	MAE: 5.77	RMSE: 11.66
Epoch 896	LOSS: 8.99	MAE: 5.77	RMSE: 11.66
Epoch 897	LOSS: 8.78	MAE: 5.77	RMSE: 11.66
Epoch 898	LOSS: 9.00	MAE: 5.77	RMSE: 11.65
Epoch 899	LOSS: 8.98	MAE: 5.77	RMSE: 11.65
Epoch 900	LOSS: 9.17	MAE: 5.77	RMSE: 11.66
Epoch 901	LOSS: 8.88	MAE: 5.77	RMSE: 11.66
Epoch 902	LOSS: 8.87	MAE: 5.77	RMSE: 11.66
Epoch 903	LOSS: 8.74	MAE: 5.77	RMSE: 11.66
Epoch 904	LOSS: 9.06	MAE: 5.77	RMSE: 11.65
Epoch 905	LOSS: 8.70	MAE: 5.77	RMSE: 11.64
Epoch 906	LOSS: 8.79	MAE: 5.77	RMSE: 11.64
Epoch 907	LOSS: 8.97	MAE: 5.77	RMSE: 11.65
Epoch 908	LOSS: 8.66	MAE: 5.77	RMSE: 11.66
Epoch 909	LOSS: 8.93	MAE: 5.77	RMSE: 11.66
Epoch 910	LOSS: 8.85	MAE: 5.77	RMSE: 11.65
Epoch 911	LOSS: 8.91	MAE: 5.77	RMSE: 11.65
Epoch 912	LOSS: 8.92	MAE: 5.77	RMSE: 11.65
Epoch 913	LOSS: 8.82	MAE: 5.77	RMSE: 11.66
Epoch 914	LOSS: 9.05	MAE: 5.77	RMSE: 11.66
Epoch 915	LOSS: 8.84	MAE: 5.77	RMSE: 11.66
Epoch 916	LOSS: 9.00	MAE: 5.78	RMSE: 11.67
Epoch 917	LOSS: 9.08	MAE: 5.77	RMSE: 11.66
Epoch 918	LOSS: 9.10	MAE: 5.77	RMSE: 11.66
Epoch 919	LOSS: 8.99	MAE: 5.77	RMSE: 11.66
Epoch 920	LOSS: 8.83	MAE: 5.77	RMSE: 11.65
Epoch 921	LOSS: 8.81	MAE: 5.77	RMSE: 11.65
Epoch 922	LOSS: 8.96	MAE: 5.77	RMSE: 11.65
Epoch 923	LOSS: 8.95	MAE: 5.77	RMSE: 11.66
Epoch 924	LOSS: 8.92	MAE: 5.78	RMSE: 11.67
Epoch 925	LOSS: 8.83	MAE: 5.78	RMSE: 11.67
Epoch 926	LOSS: 8.76	MAE: 5.78	RMSE: 11.67
Epoch 927	LOSS: 8.95	MAE: 5.78	RMSE: 11.67
Epoch 928	LOSS: 8.99	MAE: 5.77	RMSE: 11.67
Epoch 929	LOSS: 9.11	MAE: 5.77	RMSE: 11.67
Epoch 930	LOSS: 8.96	MAE: 5.77	RMSE: 11.67
Epoch 931	LOSS: 8.75	MAE: 5.77	RMSE: 11.66
Epoch 932	LOSS: 8.92	MAE: 5.77	RMSE: 11.65
Epoch 933	LOSS: 9.00	MAE: 5.77	RMSE: 11.65
Epoch 934	LOSS: 8.96	MAE: 5.77	RMSE: 11.65
Epoch 935	LOSS: 8.83	MAE: 5.77	RMSE: 11.65
Epoch 936	LOSS: 8.92	MAE: 5.77	RMSE: 11.66
Epoch 937	LOSS: 9.21	MAE: 5.77	RMSE: 11.66
Epoch 938	LOSS: 8.99	MAE: 5.77	RMSE: 11.66
Epoch 939	LOSS: 8.96	MAE: 5.77	RMSE: 11.66
Epoch 940	LOSS: 8.93	MAE: 5.77	RMSE: 11.66
Epoch 941	LOSS: 8.89	MAE: 5.77	RMSE: 11.66
Epoch 942	LOSS: 8.91	MAE: 5.77	RMSE: 11.66
Epoch 943	LOSS: 8.94	MAE: 5.78	RMSE: 11.67
Epoch 944	LOSS: 8.93	MAE: 5.77	RMSE: 11.66
Epoch 945	LOSS: 8.82	MAE: 5.77	RMSE: 11.66
Epoch 946	LOSS: 8.91	MAE: 5.77	RMSE: 11.66
Epoch 947	LOSS: 8.84	MAE: 5.77	RMSE: 11.65
Epoch 948	LOSS: 8.92	MAE: 5.77	RMSE: 11.65
Epoch 949	LOSS: 9.14	MAE: 5.77	RMSE: 11.65
Epoch 950	LOSS: 8.89	MAE: 5.77	RMSE: 11.65
Epoch 951	LOSS: 8.94	MAE: 5.77	RMSE: 11.65
Epoch 952	LOSS: 8.98	MAE: 5.77	RMSE: 11.65
Epoch 953	LOSS: 8.87	MAE: 5.77	RMSE: 11.66
Epoch 954	LOSS: 8.84	MAE: 5.77	RMSE: 11.66
Epoch 955	LOSS: 8.66	MAE: 5.77	RMSE: 11.66
Epoch 956	LOSS: 8.97	MAE: 5.78	RMSE: 11.66
Epoch 957	LOSS: 8.97	MAE: 5.77	RMSE: 11.66
Epoch 958	LOSS: 8.86	MAE: 5.77	RMSE: 11.65
Epoch 959	LOSS: 8.89	MAE: 5.77	RMSE: 11.65
Epoch 960	LOSS: 9.09	MAE: 5.77	RMSE: 11.65
Epoch 961	LOSS: 8.90	MAE: 5.77	RMSE: 11.66
Epoch 962	LOSS: 8.95	MAE: 5.77	RMSE: 11.67
Epoch 963	LOSS: 8.91	MAE: 5.77	RMSE: 11.67
Epoch 964	LOSS: 8.87	MAE: 5.77	RMSE: 11.66
Epoch 965	LOSS: 8.86	MAE: 5.77	RMSE: 11.65
Epoch 966	LOSS: 8.89	MAE: 5.77	RMSE: 11.66
Epoch 967	LOSS: 8.98	MAE: 5.77	RMSE: 11.66
Epoch 968	LOSS: 8.92	MAE: 5.77	RMSE: 11.66
Epoch 969	LOSS: 8.86	MAE: 5.77	RMSE: 11.66
Epoch 970	LOSS: 8.89	MAE: 5.77	RMSE: 11.67
Epoch 971	LOSS: 8.95	MAE: 5.77	RMSE: 11.67
Epoch 972	LOSS: 8.91	MAE: 5.78	RMSE: 11.67
Epoch 973	LOSS: 8.84	MAE: 5.77	RMSE: 11.66
Epoch 974	LOSS: 8.91	MAE: 5.77	RMSE: 11.66
Epoch 975	LOSS: 8.96	MAE: 5.77	RMSE: 11.65
Epoch 976	LOSS: 8.91	MAE: 5.77	RMSE: 11.65
Epoch 977	LOSS: 8.97	MAE: 5.77	RMSE: 11.65
Epoch 978	LOSS: 8.94	MAE: 5.77	RMSE: 11.66
Epoch 979	LOSS: 8.98	MAE: 5.78	RMSE: 11.67
Epoch 980	LOSS: 9.16	MAE: 5.78	RMSE: 11.67
Epoch 981	LOSS: 8.90	MAE: 5.78	RMSE: 11.67
Epoch 982	LOSS: 8.79	MAE: 5.77	RMSE: 11.66
Epoch 983	LOSS: 8.98	MAE: 5.77	RMSE: 11.66
Epoch 984	LOSS: 8.77	MAE: 5.77	RMSE: 11.66
Epoch 985	LOSS: 8.97	MAE: 5.77	RMSE: 11.65
Epoch 986	LOSS: 8.93	MAE: 5.77	RMSE: 11.65
Epoch 987	LOSS: 8.71	MAE: 5.77	RMSE: 11.66
Epoch 988	LOSS: 9.03	MAE: 5.77	RMSE: 11.66
Epoch 989	LOSS: 8.86	MAE: 5.77	RMSE: 11.66
Epoch 990	LOSS: 9.10	MAE: 5.78	RMSE: 11.67
Epoch 991	LOSS: 8.83	MAE: 5.78	RMSE: 11.67
Epoch 992	LOSS: 8.91	MAE: 5.78	RMSE: 11.67
Epoch 993	LOSS: 9.05	MAE: 5.78	RMSE: 11.67
Epoch 994	LOSS: 8.70	MAE: 5.77	RMSE: 11.66
Epoch 995	LOSS: 8.99	MAE: 5.78	RMSE: 11.66
Epoch 996	LOSS: 8.88	MAE: 5.77	RMSE: 11.66
Epoch 997	LOSS: 9.06	MAE: 5.77	RMSE: 11.66
Epoch 998	LOSS: 8.96	MAE: 5.77	RMSE: 11.66
Epoch 999	LOSS: 8.84	MAE: 5.77	RMSE: 11.65
