Epoch 000	LOSS: 1230.61	MAE: 196.57	RMSE: 243.61
Epoch 001	LOSS: 1108.54	MAE: 180.23	RMSE: 228.37
Epoch 002	LOSS: 1073.35	MAE: 167.97	RMSE: 216.51
Epoch 003	LOSS: 1015.87	MAE: 162.36	RMSE: 210.01
Epoch 004	LOSS: 959.61	MAE: 158.97	RMSE: 206.06
Epoch 005	LOSS: 942.19	MAE: 155.69	RMSE: 202.44
Epoch 006	LOSS: 925.81	MAE: 152.95	RMSE: 200.39
Epoch 007	LOSS: 897.62	MAE: 151.43	RMSE: 199.29
Epoch 008	LOSS: 865.92	MAE: 149.46	RMSE: 197.34
Epoch 009	LOSS: 846.41	MAE: 146.41	RMSE: 193.99
Epoch 010	LOSS: 849.09	MAE: 144.30	RMSE: 191.12
Epoch 011	LOSS: 838.09	MAE: 143.38	RMSE: 189.74
Epoch 012	LOSS: 831.32	MAE: 142.35	RMSE: 188.80
Epoch 013	LOSS: 813.59	MAE: 141.32	RMSE: 188.17
Epoch 014	LOSS: 812.44	MAE: 140.59	RMSE: 187.68
Epoch 015	LOSS: 808.17	MAE: 139.71	RMSE: 187.11
Epoch 016	LOSS: 786.01	MAE: 138.74	RMSE: 186.18
Epoch 017	LOSS: 777.55	MAE: 137.30	RMSE: 185.00
Epoch 018	LOSS: 777.73	MAE: 136.75	RMSE: 184.32
Epoch 019	LOSS: 771.04	MAE: 136.16	RMSE: 183.71
Epoch 020	LOSS: 769.40	MAE: 135.82	RMSE: 183.46
Epoch 021	LOSS: 756.91	MAE: 134.70	RMSE: 182.46
Epoch 022	LOSS: 751.44	MAE: 133.94	RMSE: 181.35
Epoch 023	LOSS: 750.19	MAE: 133.51	RMSE: 180.88
Epoch 024	LOSS: 752.30	MAE: 132.41	RMSE: 179.75
Epoch 025	LOSS: 748.18	MAE: 132.01	RMSE: 179.14
Epoch 026	LOSS: 741.01	MAE: 131.61	RMSE: 178.58
Epoch 027	LOSS: 726.00	MAE: 130.71	RMSE: 177.73
Epoch 028	LOSS: 737.48	MAE: 129.98	RMSE: 176.68
Epoch 029	LOSS: 724.76	MAE: 129.38	RMSE: 175.96
Epoch 030	LOSS: 709.92	MAE: 128.47	RMSE: 175.08
Epoch 031	LOSS: 723.87	MAE: 127.54	RMSE: 173.59
Epoch 032	LOSS: 721.52	MAE: 127.09	RMSE: 173.28
Epoch 033	LOSS: 709.93	MAE: 125.89	RMSE: 171.74
Epoch 034	LOSS: 716.51	MAE: 125.15	RMSE: 170.78
Epoch 035	LOSS: 703.55	MAE: 124.18	RMSE: 169.68
Epoch 036	LOSS: 701.53	MAE: 123.56	RMSE: 168.91
Epoch 037	LOSS: 692.92	MAE: 123.08	RMSE: 168.19
Epoch 038	LOSS: 694.71	MAE: 121.74	RMSE: 166.72
Epoch 039	LOSS: 691.75	MAE: 121.13	RMSE: 165.97
Epoch 040	LOSS: 699.82	MAE: 120.68	RMSE: 165.33
Epoch 041	LOSS: 700.34	MAE: 119.07	RMSE: 163.61
Epoch 042	LOSS: 702.85	MAE: 118.82	RMSE: 163.01
Epoch 043	LOSS: 686.87	MAE: 117.72	RMSE: 161.99
Epoch 044	LOSS: 686.50	MAE: 117.28	RMSE: 161.32
Epoch 045	LOSS: 678.99	MAE: 116.22	RMSE: 160.02
Epoch 046	LOSS: 683.58	MAE: 115.88	RMSE: 159.62
Epoch 047	LOSS: 686.79	MAE: 115.03	RMSE: 158.51
Epoch 048	LOSS: 683.70	MAE: 114.41	RMSE: 157.83
Epoch 049	LOSS: 687.04	MAE: 113.57	RMSE: 156.84
Epoch 050	LOSS: 675.44	MAE: 113.03	RMSE: 156.16
Epoch 051	LOSS: 665.80	MAE: 112.03	RMSE: 155.08
Epoch 052	LOSS: 673.46	MAE: 112.01	RMSE: 154.96
Epoch 053	LOSS: 671.36	MAE: 111.03	RMSE: 153.83
Epoch 054	LOSS: 679.36	MAE: 110.32	RMSE: 153.02
Epoch 055	LOSS: 670.24	MAE: 110.13	RMSE: 152.75
Epoch 056	LOSS: 676.44	MAE: 109.36	RMSE: 151.79
Epoch 057	LOSS: 670.54	MAE: 108.30	RMSE: 150.63
Epoch 058	LOSS: 664.36	MAE: 108.47	RMSE: 150.66
Epoch 059	LOSS: 665.80	MAE: 107.29	RMSE: 149.51
Epoch 060	LOSS: 658.34	MAE: 106.84	RMSE: 148.86
Epoch 061	LOSS: 677.03	MAE: 106.21	RMSE: 148.07
Epoch 062	LOSS: 651.17	MAE: 105.97	RMSE: 147.81
Epoch 063	LOSS: 651.82	MAE: 104.90	RMSE: 146.65
Epoch 064	LOSS: 648.83	MAE: 104.73	RMSE: 146.27
Epoch 065	LOSS: 647.94	MAE: 103.93	RMSE: 145.48
Epoch 066	LOSS: 652.75	MAE: 103.62	RMSE: 145.05
Epoch 067	LOSS: 658.94	MAE: 103.08	RMSE: 144.33
Epoch 068	LOSS: 653.32	MAE: 101.88	RMSE: 143.14
Epoch 069	LOSS: 642.63	MAE: 102.31	RMSE: 143.36
Epoch 070	LOSS: 660.15	MAE: 101.34	RMSE: 142.48
Epoch 071	LOSS: 647.17	MAE: 101.00	RMSE: 141.89
Epoch 072	LOSS: 651.00	MAE: 100.27	RMSE: 141.24
Epoch 073	LOSS: 647.93	MAE: 100.08	RMSE: 140.90
Epoch 074	LOSS: 650.76	MAE: 99.66	RMSE: 140.42
Epoch 075	LOSS: 644.08	MAE: 98.79	RMSE: 139.42
Epoch 076	LOSS: 640.45	MAE: 98.90	RMSE: 139.55
Epoch 077	LOSS: 646.22	MAE: 98.38	RMSE: 138.93
Epoch 078	LOSS: 644.52	MAE: 97.85	RMSE: 138.35
Epoch 079	LOSS: 645.56	MAE: 97.32	RMSE: 137.75
Epoch 080	LOSS: 641.21	MAE: 97.04	RMSE: 137.43
Epoch 081	LOSS: 643.79	MAE: 96.34	RMSE: 136.62
Epoch 082	LOSS: 642.58	MAE: 96.07	RMSE: 136.22
Epoch 083	LOSS: 645.60	MAE: 95.79	RMSE: 136.10
Epoch 084	LOSS: 638.14	MAE: 95.51	RMSE: 135.54
Epoch 085	LOSS: 632.10	MAE: 94.82	RMSE: 134.87
Epoch 086	LOSS: 636.85	MAE: 94.61	RMSE: 134.57
Epoch 087	LOSS: 640.68	MAE: 94.35	RMSE: 134.27
Epoch 088	LOSS: 642.86	MAE: 93.59	RMSE: 133.55
Epoch 089	LOSS: 631.34	MAE: 93.70	RMSE: 133.44
Epoch 090	LOSS: 636.54	MAE: 92.79	RMSE: 132.73
Epoch 091	LOSS: 634.66	MAE: 93.04	RMSE: 132.68
Epoch 092	LOSS: 631.04	MAE: 92.10	RMSE: 131.73
Epoch 093	LOSS: 634.36	MAE: 91.94	RMSE: 131.60
Epoch 094	LOSS: 635.04	MAE: 91.62	RMSE: 131.20
Epoch 095	LOSS: 636.21	MAE: 90.88	RMSE: 130.42
Epoch 096	LOSS: 620.09	MAE: 91.07	RMSE: 130.47
Epoch 097	LOSS: 628.60	MAE: 90.25	RMSE: 129.64
Epoch 098	LOSS: 623.10	MAE: 90.33	RMSE: 129.66
Epoch 099	LOSS: 626.53	MAE: 89.73	RMSE: 129.00
Epoch 100	LOSS: 630.02	MAE: 89.39	RMSE: 128.66
Epoch 101	LOSS: 625.72	MAE: 89.40	RMSE: 128.55
Epoch 102	LOSS: 622.52	MAE: 88.84	RMSE: 128.00
Epoch 103	LOSS: 635.39	MAE: 88.35	RMSE: 127.49
Epoch 104	LOSS: 634.05	MAE: 88.44	RMSE: 127.41
Epoch 105	LOSS: 627.25	MAE: 87.59	RMSE: 126.64
Epoch 106	LOSS: 635.34	MAE: 87.80	RMSE: 126.72
Epoch 107	LOSS: 617.83	MAE: 87.36	RMSE: 126.25
Epoch 108	LOSS: 622.35	MAE: 86.99	RMSE: 125.74
Epoch 109	LOSS: 623.77	MAE: 86.55	RMSE: 125.29
Epoch 110	LOSS: 621.55	MAE: 86.52	RMSE: 125.36
Epoch 111	LOSS: 618.75	MAE: 86.50	RMSE: 125.09
Epoch 112	LOSS: 625.11	MAE: 86.20	RMSE: 124.92
Epoch 113	LOSS: 621.27	MAE: 85.56	RMSE: 124.13
Epoch 114	LOSS: 626.32	MAE: 85.27	RMSE: 123.88
Epoch 115	LOSS: 618.80	MAE: 85.06	RMSE: 123.49
Epoch 116	LOSS: 630.50	MAE: 84.31	RMSE: 122.78
Epoch 117	LOSS: 616.56	MAE: 84.66	RMSE: 123.07
Epoch 118	LOSS: 622.58	MAE: 83.97	RMSE: 122.33
Epoch 119	LOSS: 619.69	MAE: 84.42	RMSE: 122.75
Epoch 120	LOSS: 612.62	MAE: 83.26	RMSE: 121.45
Epoch 121	LOSS: 622.48	MAE: 83.87	RMSE: 122.10
Epoch 122	LOSS: 605.74	MAE: 82.92	RMSE: 121.15
Epoch 123	LOSS: 616.64	MAE: 83.23	RMSE: 121.29
Epoch 124	LOSS: 606.02	MAE: 82.62	RMSE: 120.85
Epoch 125	LOSS: 625.43	MAE: 82.99	RMSE: 120.95
Epoch 126	LOSS: 614.10	MAE: 82.00	RMSE: 120.07
Epoch 127	LOSS: 616.97	MAE: 82.15	RMSE: 120.10
Epoch 128	LOSS: 620.53	MAE: 81.62	RMSE: 119.51
Epoch 129	LOSS: 613.34	MAE: 81.74	RMSE: 119.67
Epoch 130	LOSS: 603.55	MAE: 81.24	RMSE: 119.10
Epoch 131	LOSS: 610.87	MAE: 81.11	RMSE: 118.88
Epoch 132	LOSS: 611.73	MAE: 80.65	RMSE: 118.45
Epoch 133	LOSS: 610.70	MAE: 80.87	RMSE: 118.49
Epoch 134	LOSS: 619.08	MAE: 80.04	RMSE: 117.90
Epoch 135	LOSS: 607.97	MAE: 80.55	RMSE: 118.14
Epoch 136	LOSS: 618.50	MAE: 79.82	RMSE: 117.47
Epoch 137	LOSS: 608.32	MAE: 79.82	RMSE: 117.38
Epoch 138	LOSS: 613.51	MAE: 79.65	RMSE: 117.16
Epoch 139	LOSS: 603.32	MAE: 79.33	RMSE: 116.84
Epoch 140	LOSS: 609.25	MAE: 79.35	RMSE: 116.81
Epoch 141	LOSS: 607.82	MAE: 78.94	RMSE: 116.33
Epoch 142	LOSS: 612.69	MAE: 78.75	RMSE: 116.17
Epoch 143	LOSS: 599.50	MAE: 78.44	RMSE: 115.74
Epoch 144	LOSS: 600.22	MAE: 78.48	RMSE: 115.81
Epoch 145	LOSS: 607.62	MAE: 78.04	RMSE: 115.26
Epoch 146	LOSS: 610.79	MAE: 78.15	RMSE: 115.43
Epoch 147	LOSS: 616.63	MAE: 78.03	RMSE: 115.16
Epoch 148	LOSS: 599.00	MAE: 77.53	RMSE: 114.78
Epoch 149	LOSS: 615.16	MAE: 77.33	RMSE: 114.41
Epoch 150	LOSS: 609.15	MAE: 76.85	RMSE: 113.93
Epoch 151	LOSS: 604.58	MAE: 77.12	RMSE: 114.04
Epoch 152	LOSS: 605.86	MAE: 76.51	RMSE: 113.59
Epoch 153	LOSS: 603.15	MAE: 76.40	RMSE: 113.29
Epoch 154	LOSS: 605.25	MAE: 76.56	RMSE: 113.48
Epoch 155	LOSS: 600.72	MAE: 76.28	RMSE: 113.18
Epoch 156	LOSS: 608.82	MAE: 75.79	RMSE: 112.54
Epoch 157	LOSS: 605.74	MAE: 76.47	RMSE: 113.28
Epoch 158	LOSS: 603.06	MAE: 75.30	RMSE: 111.99
Epoch 159	LOSS: 598.14	MAE: 76.12	RMSE: 112.85
Epoch 160	LOSS: 597.06	MAE: 75.23	RMSE: 111.88
Epoch 161	LOSS: 603.54	MAE: 75.44	RMSE: 112.02
Epoch 162	LOSS: 604.99	MAE: 75.21	RMSE: 111.88
Epoch 163	LOSS: 608.52	MAE: 75.08	RMSE: 111.65
Epoch 164	LOSS: 603.43	MAE: 75.02	RMSE: 111.55
Epoch 165	LOSS: 608.78	MAE: 74.87	RMSE: 111.45
Epoch 166	LOSS: 603.32	MAE: 74.55	RMSE: 110.93
Epoch 167	LOSS: 602.44	MAE: 74.46	RMSE: 110.98
Epoch 168	LOSS: 591.69	MAE: 74.44	RMSE: 110.82
Epoch 169	LOSS: 599.33	MAE: 74.12	RMSE: 110.68
Epoch 170	LOSS: 586.51	MAE: 74.07	RMSE: 110.40
Epoch 171	LOSS: 597.64	MAE: 73.87	RMSE: 110.16
Epoch 172	LOSS: 596.72	MAE: 73.97	RMSE: 110.45
Epoch 173	LOSS: 592.67	MAE: 73.89	RMSE: 110.01
Epoch 174	LOSS: 599.36	MAE: 73.31	RMSE: 109.73
Epoch 175	LOSS: 602.07	MAE: 73.60	RMSE: 109.65
Epoch 176	LOSS: 591.44	MAE: 72.98	RMSE: 109.17
Epoch 177	LOSS: 597.83	MAE: 73.54	RMSE: 109.68
Epoch 178	LOSS: 603.96	MAE: 72.65	RMSE: 108.69
Epoch 179	LOSS: 588.59	MAE: 73.03	RMSE: 109.21
Epoch 180	LOSS: 589.59	MAE: 72.24	RMSE: 108.25
Epoch 181	LOSS: 599.37	MAE: 72.72	RMSE: 108.75
Epoch 182	LOSS: 594.33	MAE: 72.70	RMSE: 108.75
Epoch 183	LOSS: 597.16	MAE: 72.35	RMSE: 108.21
Epoch 184	LOSS: 599.64	MAE: 72.11	RMSE: 108.09
Epoch 185	LOSS: 601.35	MAE: 72.22	RMSE: 108.07
Epoch 186	LOSS: 585.41	MAE: 71.81	RMSE: 107.70
Epoch 187	LOSS: 595.10	MAE: 71.87	RMSE: 107.69
Epoch 188	LOSS: 597.44	MAE: 71.67	RMSE: 107.47
Epoch 189	LOSS: 590.94	MAE: 71.68	RMSE: 107.42
Epoch 190	LOSS: 592.22	MAE: 71.38	RMSE: 107.16
Epoch 191	LOSS: 591.86	MAE: 71.42	RMSE: 107.01
Epoch 192	LOSS: 591.52	MAE: 71.24	RMSE: 106.86
Epoch 193	LOSS: 592.28	MAE: 71.23	RMSE: 106.88
Epoch 194	LOSS: 593.53	MAE: 70.41	RMSE: 105.90
Epoch 195	LOSS: 582.40	MAE: 71.64	RMSE: 107.26
Epoch 196	LOSS: 586.73	MAE: 69.99	RMSE: 105.34
Epoch 197	LOSS: 593.17	MAE: 71.07	RMSE: 106.57
Epoch 198	LOSS: 584.13	MAE: 70.32	RMSE: 105.75
Epoch 199	LOSS: 580.77	MAE: 70.24	RMSE: 105.71
Epoch 200	LOSS: 592.99	MAE: 70.14	RMSE: 105.45
Epoch 201	LOSS: 583.60	MAE: 70.23	RMSE: 105.72
Epoch 202	LOSS: 582.86	MAE: 69.84	RMSE: 105.19
Epoch 203	LOSS: 590.91	MAE: 70.12	RMSE: 105.48
Epoch 204	LOSS: 584.53	MAE: 69.32	RMSE: 104.56
Epoch 205	LOSS: 584.80	MAE: 70.02	RMSE: 105.31
Epoch 206	LOSS: 574.48	MAE: 69.34	RMSE: 104.62
Epoch 207	LOSS: 585.53	MAE: 69.40	RMSE: 104.57
Epoch 208	LOSS: 595.77	MAE: 69.32	RMSE: 104.62
Epoch 209	LOSS: 588.04	MAE: 69.34	RMSE: 104.51
Epoch 210	LOSS: 591.39	MAE: 68.97	RMSE: 104.09
Epoch 211	LOSS: 586.87	MAE: 68.99	RMSE: 104.08
Epoch 212	LOSS: 587.59	MAE: 68.51	RMSE: 103.62
Epoch 213	LOSS: 583.79	MAE: 69.15	RMSE: 104.24
Epoch 214	LOSS: 581.24	MAE: 68.34	RMSE: 103.19
Epoch 215	LOSS: 588.05	MAE: 68.46	RMSE: 103.50
Epoch 216	LOSS: 578.09	MAE: 68.76	RMSE: 103.63
Epoch 217	LOSS: 577.18	MAE: 68.02	RMSE: 102.95
Epoch 218	LOSS: 584.54	MAE: 68.30	RMSE: 103.22
Epoch 219	LOSS: 583.52	MAE: 68.20	RMSE: 103.03
Epoch 220	LOSS: 591.04	MAE: 67.75	RMSE: 102.66
Epoch 221	LOSS: 588.48	MAE: 68.06	RMSE: 102.77
Epoch 222	LOSS: 578.67	MAE: 67.96	RMSE: 102.80
Epoch 223	LOSS: 583.23	MAE: 67.56	RMSE: 102.22
Epoch 224	LOSS: 579.39	MAE: 67.93	RMSE: 102.65
Epoch 225	LOSS: 592.16	MAE: 67.63	RMSE: 102.33
Epoch 226	LOSS: 588.23	MAE: 67.66	RMSE: 102.36
Epoch 227	LOSS: 582.87	MAE: 67.73	RMSE: 102.25
Epoch 228	LOSS: 576.46	MAE: 67.02	RMSE: 101.66
Epoch 229	LOSS: 579.19	MAE: 67.92	RMSE: 102.47
Epoch 230	LOSS: 587.42	MAE: 66.62	RMSE: 101.17
Epoch 231	LOSS: 579.80	MAE: 67.95	RMSE: 102.52
Epoch 232	LOSS: 576.96	MAE: 66.95	RMSE: 101.44
Epoch 233	LOSS: 579.54	MAE: 67.22	RMSE: 101.78
Epoch 234	LOSS: 577.03	MAE: 66.92	RMSE: 101.37
Epoch 235	LOSS: 575.00	MAE: 67.21	RMSE: 101.81
Epoch 236	LOSS: 582.14	MAE: 66.77	RMSE: 101.04
Epoch 237	LOSS: 577.91	MAE: 66.75	RMSE: 101.24
Epoch 238	LOSS: 575.21	MAE: 66.69	RMSE: 100.90
Epoch 239	LOSS: 585.84	MAE: 66.83	RMSE: 101.25
Epoch 240	LOSS: 585.02	MAE: 66.65	RMSE: 100.76
Epoch 241	LOSS: 567.20	MAE: 66.50	RMSE: 100.85
Epoch 242	LOSS: 581.70	MAE: 66.35	RMSE: 100.49
Epoch 243	LOSS: 573.13	MAE: 66.30	RMSE: 100.57
Epoch 244	LOSS: 567.61	MAE: 66.56	RMSE: 100.62
Epoch 245	LOSS: 575.24	MAE: 66.09	RMSE: 100.28
Epoch 246	LOSS: 575.68	MAE: 66.41	RMSE: 100.56
Epoch 247	LOSS: 583.82	MAE: 65.91	RMSE: 100.00
Epoch 248	LOSS: 567.40	MAE: 65.93	RMSE: 99.98
Epoch 249	LOSS: 571.77	MAE: 66.01	RMSE: 100.16
Epoch 250	LOSS: 577.00	MAE: 66.03	RMSE: 99.97
Epoch 251	LOSS: 574.85	MAE: 65.78	RMSE: 99.78
Epoch 252	LOSS: 579.92	MAE: 65.80	RMSE: 99.79
Epoch 253	LOSS: 564.98	MAE: 65.75	RMSE: 99.75
Epoch 254	LOSS: 573.23	MAE: 65.49	RMSE: 99.35
Epoch 255	LOSS: 562.98	MAE: 65.68	RMSE: 99.61
Epoch 256	LOSS: 571.91	MAE: 65.45	RMSE: 99.22
Epoch 257	LOSS: 572.00	MAE: 65.54	RMSE: 99.42
Epoch 258	LOSS: 567.18	MAE: 65.23	RMSE: 98.92
Epoch 259	LOSS: 573.09	MAE: 65.26	RMSE: 99.16
Epoch 260	LOSS: 577.82	MAE: 65.22	RMSE: 98.94
Epoch 261	LOSS: 576.46	MAE: 65.46	RMSE: 99.22
Epoch 262	LOSS: 578.14	MAE: 64.56	RMSE: 98.21
Epoch 263	LOSS: 564.47	MAE: 65.67	RMSE: 99.45
Epoch 264	LOSS: 567.43	MAE: 64.88	RMSE: 98.53
Epoch 265	LOSS: 572.44	MAE: 65.23	RMSE: 98.96
Epoch 266	LOSS: 575.08	MAE: 64.85	RMSE: 98.52
Epoch 267	LOSS: 566.48	MAE: 65.06	RMSE: 98.70
Epoch 268	LOSS: 576.47	MAE: 65.18	RMSE: 98.78
Epoch 269	LOSS: 568.97	MAE: 64.91	RMSE: 98.56
Epoch 270	LOSS: 569.62	MAE: 64.62	RMSE: 98.20
Epoch 271	LOSS: 570.62	MAE: 64.87	RMSE: 98.49
Epoch 272	LOSS: 574.85	MAE: 64.16	RMSE: 97.70
Epoch 273	LOSS: 567.95	MAE: 64.43	RMSE: 97.95
Epoch 274	LOSS: 565.03	MAE: 64.49	RMSE: 97.89
Epoch 275	LOSS: 568.47	MAE: 64.38	RMSE: 97.88
Epoch 276	LOSS: 565.83	MAE: 64.51	RMSE: 97.91
Epoch 277	LOSS: 562.76	MAE: 64.19	RMSE: 97.56
Epoch 278	LOSS: 564.14	MAE: 64.55	RMSE: 97.93
Epoch 279	LOSS: 566.33	MAE: 63.83	RMSE: 97.15
Epoch 280	LOSS: 569.23	MAE: 64.53	RMSE: 97.87
Epoch 281	LOSS: 574.80	MAE: 63.76	RMSE: 97.04
Epoch 282	LOSS: 561.92	MAE: 64.39	RMSE: 97.70
Epoch 283	LOSS: 559.97	MAE: 63.73	RMSE: 96.96
Epoch 284	LOSS: 564.22	MAE: 64.17	RMSE: 97.33
Epoch 285	LOSS: 572.78	MAE: 64.03	RMSE: 97.38
Epoch 286	LOSS: 560.74	MAE: 63.65	RMSE: 96.74
Epoch 287	LOSS: 567.05	MAE: 64.09	RMSE: 97.37
Epoch 288	LOSS: 562.62	MAE: 63.49	RMSE: 96.62
Epoch 289	LOSS: 570.36	MAE: 63.58	RMSE: 96.76
Epoch 290	LOSS: 562.42	MAE: 63.58	RMSE: 96.72
Epoch 291	LOSS: 563.11	MAE: 63.37	RMSE: 96.41
Epoch 292	LOSS: 565.04	MAE: 63.78	RMSE: 96.90
Epoch 293	LOSS: 562.10	MAE: 62.99	RMSE: 95.92
Epoch 294	LOSS: 563.79	MAE: 64.25	RMSE: 97.48
Epoch 295	LOSS: 566.87	MAE: 62.55	RMSE: 95.35
Epoch 296	LOSS: 563.88	MAE: 63.95	RMSE: 97.02
Epoch 297	LOSS: 566.24	MAE: 62.73	RMSE: 95.61
Epoch 298	LOSS: 559.75	MAE: 63.33	RMSE: 96.29
Epoch 299	LOSS: 561.73	MAE: 63.30	RMSE: 96.30
Epoch 300	LOSS: 556.07	MAE: 62.84	RMSE: 95.65
Epoch 301	LOSS: 564.18	MAE: 63.78	RMSE: 96.66
Epoch 302	LOSS: 557.63	MAE: 62.74	RMSE: 95.61
Epoch 303	LOSS: 559.13	MAE: 63.49	RMSE: 96.33
Epoch 304	LOSS: 562.93	MAE: 62.53	RMSE: 95.33
Epoch 305	LOSS: 562.85	MAE: 63.34	RMSE: 96.15
Epoch 306	LOSS: 571.01	MAE: 62.61	RMSE: 95.40
Epoch 307	LOSS: 545.55	MAE: 63.31	RMSE: 96.12
Epoch 308	LOSS: 561.85	MAE: 62.69	RMSE: 95.41
Epoch 309	LOSS: 549.75	MAE: 62.58	RMSE: 95.26
Epoch 310	LOSS: 563.12	MAE: 62.80	RMSE: 95.54
Epoch 311	LOSS: 560.44	MAE: 62.51	RMSE: 95.14
Epoch 312	LOSS: 553.74	MAE: 62.64	RMSE: 95.31
Epoch 313	LOSS: 554.55	MAE: 62.80	RMSE: 95.47
Epoch 314	LOSS: 552.34	MAE: 62.44	RMSE: 94.99
Epoch 315	LOSS: 554.02	MAE: 62.66	RMSE: 95.34
Epoch 316	LOSS: 553.54	MAE: 62.50	RMSE: 95.08
Epoch 317	LOSS: 559.72	MAE: 62.62	RMSE: 95.15
Epoch 318	LOSS: 552.43	MAE: 62.40	RMSE: 94.91
Epoch 319	LOSS: 550.66	MAE: 62.71	RMSE: 95.15
Epoch 320	LOSS: 547.44	MAE: 62.44	RMSE: 94.88
Epoch 321	LOSS: 551.10	MAE: 62.00	RMSE: 94.41
Epoch 322	LOSS: 554.26	MAE: 62.67	RMSE: 95.14
Epoch 323	LOSS: 558.87	MAE: 61.49	RMSE: 93.85
Epoch 324	LOSS: 554.01	MAE: 62.81	RMSE: 95.21
Epoch 325	LOSS: 558.11	MAE: 61.89	RMSE: 94.20
Epoch 326	LOSS: 554.12	MAE: 62.56	RMSE: 94.96
Epoch 327	LOSS: 553.67	MAE: 61.89	RMSE: 94.14
Epoch 328	LOSS: 549.68	MAE: 62.29	RMSE: 94.65
Epoch 329	LOSS: 556.17	MAE: 61.74	RMSE: 94.02
Epoch 330	LOSS: 558.39	MAE: 61.97	RMSE: 94.24
Epoch 331	LOSS: 559.82	MAE: 61.85	RMSE: 93.99
Epoch 332	LOSS: 550.58	MAE: 62.28	RMSE: 94.58
Epoch 333	LOSS: 554.43	MAE: 61.48	RMSE: 93.64
Epoch 334	LOSS: 547.47	MAE: 62.27	RMSE: 94.49
Epoch 335	LOSS: 555.24	MAE: 61.70	RMSE: 93.89
Epoch 336	LOSS: 552.74	MAE: 61.24	RMSE: 93.32
Epoch 337	LOSS: 556.21	MAE: 62.19	RMSE: 94.35
Epoch 338	LOSS: 559.74	MAE: 61.38	RMSE: 93.47
Epoch 339	LOSS: 554.58	MAE: 61.88	RMSE: 93.96
Epoch 340	LOSS: 544.30	MAE: 61.38	RMSE: 93.44
Epoch 341	LOSS: 552.73	MAE: 61.63	RMSE: 93.63
Epoch 342	LOSS: 548.28	MAE: 61.35	RMSE: 93.43
Epoch 343	LOSS: 553.88	MAE: 62.12	RMSE: 93.97
Epoch 344	LOSS: 542.19	MAE: 60.95	RMSE: 92.97
Epoch 345	LOSS: 542.83	MAE: 62.26	RMSE: 94.37
Epoch 346	LOSS: 550.02	MAE: 60.80	RMSE: 92.57
Epoch 347	LOSS: 541.43	MAE: 62.18	RMSE: 94.20
Epoch 348	LOSS: 554.19	MAE: 61.09	RMSE: 93.08
Epoch 349	LOSS: 544.83	MAE: 61.51	RMSE: 93.41
Epoch 350	LOSS: 543.62	MAE: 61.49	RMSE: 93.36
Epoch 351	LOSS: 548.27	MAE: 61.34	RMSE: 93.34
Epoch 352	LOSS: 545.04	MAE: 61.10	RMSE: 92.92
Epoch 353	LOSS: 544.70	MAE: 61.26	RMSE: 92.99
Epoch 354	LOSS: 549.68	MAE: 61.03	RMSE: 92.88
Epoch 355	LOSS: 545.59	MAE: 61.55	RMSE: 93.41
Epoch 356	LOSS: 550.85	MAE: 61.07	RMSE: 92.88
Epoch 357	LOSS: 555.24	MAE: 61.95	RMSE: 93.75
Epoch 358	LOSS: 540.94	MAE: 60.76	RMSE: 92.52
Epoch 359	LOSS: 545.42	MAE: 61.66	RMSE: 93.42
Epoch 360	LOSS: 541.35	MAE: 60.93	RMSE: 92.63
Epoch 361	LOSS: 541.80	MAE: 61.22	RMSE: 92.90
Epoch 362	LOSS: 540.30	MAE: 60.80	RMSE: 92.37
Epoch 363	LOSS: 548.46	MAE: 61.30	RMSE: 93.01
Epoch 364	LOSS: 543.80	MAE: 60.79	RMSE: 92.35
Epoch 365	LOSS: 534.81	MAE: 60.98	RMSE: 92.63
Epoch 366	LOSS: 542.35	MAE: 60.84	RMSE: 92.38
Epoch 367	LOSS: 543.86	MAE: 61.18	RMSE: 92.78
Epoch 368	LOSS: 545.55	MAE: 60.66	RMSE: 92.23
Epoch 369	LOSS: 538.97	MAE: 61.08	RMSE: 92.57
Epoch 370	LOSS: 541.64	MAE: 60.57	RMSE: 92.24
Epoch 371	LOSS: 539.52	MAE: 61.08	RMSE: 92.53
Epoch 372	LOSS: 543.72	MAE: 60.67	RMSE: 92.26
Epoch 373	LOSS: 536.50	MAE: 61.05	RMSE: 92.49
Epoch 374	LOSS: 536.92	MAE: 60.31	RMSE: 91.87
Epoch 375	LOSS: 539.59	MAE: 61.03	RMSE: 92.36
Epoch 376	LOSS: 543.14	MAE: 60.37	RMSE: 91.85
Epoch 377	LOSS: 537.33	MAE: 60.82	RMSE: 92.15
Epoch 378	LOSS: 542.32	MAE: 60.32	RMSE: 91.80
Epoch 379	LOSS: 540.01	MAE: 60.70	RMSE: 92.04
Epoch 380	LOSS: 540.34	MAE: 60.56	RMSE: 92.01
Epoch 381	LOSS: 533.26	MAE: 60.49	RMSE: 91.74
Epoch 382	LOSS: 538.02	MAE: 60.58	RMSE: 91.98
Epoch 383	LOSS: 547.98	MAE: 60.38	RMSE: 91.51
Epoch 384	LOSS: 538.98	MAE: 60.61	RMSE: 92.08
Epoch 385	LOSS: 538.66	MAE: 60.44	RMSE: 91.66
Epoch 386	LOSS: 532.54	MAE: 60.34	RMSE: 91.66
Epoch 387	LOSS: 537.28	MAE: 60.02	RMSE: 91.15
Epoch 388	LOSS: 536.10	MAE: 60.58	RMSE: 91.91
Epoch 389	LOSS: 530.59	MAE: 60.69	RMSE: 91.99
Epoch 390	LOSS: 537.26	MAE: 60.57	RMSE: 91.75
Epoch 391	LOSS: 539.07	MAE: 60.03	RMSE: 91.19
Epoch 392	LOSS: 533.77	MAE: 61.21	RMSE: 92.63
Epoch 393	LOSS: 535.91	MAE: 60.09	RMSE: 91.14
Epoch 394	LOSS: 530.28	MAE: 60.49	RMSE: 91.83
Epoch 395	LOSS: 534.39	MAE: 60.71	RMSE: 91.90
Epoch 396	LOSS: 528.30	MAE: 60.02	RMSE: 91.12
Epoch 397	LOSS: 533.55	MAE: 60.93	RMSE: 92.29
Epoch 398	LOSS: 538.91	MAE: 59.88	RMSE: 90.80
Epoch 399	LOSS: 532.48	MAE: 60.26	RMSE: 91.52
Epoch 400	LOSS: 535.12	MAE: 60.54	RMSE: 91.68
Epoch 401	LOSS: 532.07	MAE: 60.06	RMSE: 91.01
Epoch 402	LOSS: 528.49	MAE: 60.78	RMSE: 91.92
Epoch 403	LOSS: 538.71	MAE: 59.97	RMSE: 91.02
Epoch 404	LOSS: 532.46	MAE: 60.27	RMSE: 91.40
Epoch 405	LOSS: 537.17	MAE: 59.78	RMSE: 90.72
Epoch 406	LOSS: 535.72	MAE: 60.24	RMSE: 91.23
Epoch 407	LOSS: 534.84	MAE: 59.76	RMSE: 90.70
Epoch 408	LOSS: 528.69	MAE: 60.31	RMSE: 91.38
Epoch 409	LOSS: 533.04	MAE: 59.37	RMSE: 90.21
Epoch 410	LOSS: 530.43	MAE: 60.68	RMSE: 91.74
Epoch 411	LOSS: 524.07	MAE: 59.31	RMSE: 90.11
Epoch 412	LOSS: 528.85	MAE: 60.05	RMSE: 91.05
Epoch 413	LOSS: 527.47	MAE: 60.05	RMSE: 91.00
Epoch 414	LOSS: 531.74	MAE: 59.29	RMSE: 90.02
Epoch 415	LOSS: 529.30	MAE: 59.88	RMSE: 90.77
Epoch 416	LOSS: 528.41	MAE: 60.08	RMSE: 90.97
Epoch 417	LOSS: 523.69	MAE: 59.70	RMSE: 90.44
Epoch 418	LOSS: 528.83	MAE: 60.21	RMSE: 91.10
Epoch 419	LOSS: 529.57	MAE: 59.55	RMSE: 90.39
Epoch 420	LOSS: 521.97	MAE: 59.98	RMSE: 90.80
Epoch 421	LOSS: 528.40	MAE: 59.49	RMSE: 90.20
Epoch 422	LOSS: 520.04	MAE: 59.98	RMSE: 90.79
Epoch 423	LOSS: 529.46	MAE: 59.71	RMSE: 90.46
Epoch 424	LOSS: 524.62	MAE: 59.50	RMSE: 90.12
Epoch 425	LOSS: 521.58	MAE: 59.42	RMSE: 90.15
Epoch 426	LOSS: 523.90	MAE: 60.06	RMSE: 90.79
Epoch 427	LOSS: 527.14	MAE: 58.99	RMSE: 89.64
Epoch 428	LOSS: 515.28	MAE: 60.03	RMSE: 90.69
Epoch 429	LOSS: 531.61	MAE: 59.30	RMSE: 89.89
Epoch 430	LOSS: 533.81	MAE: 59.75	RMSE: 90.44
Epoch 431	LOSS: 522.29	MAE: 59.37	RMSE: 90.00
Epoch 432	LOSS: 520.01	MAE: 59.79	RMSE: 90.32
Epoch 433	LOSS: 527.12	MAE: 59.40	RMSE: 89.82
Epoch 434	LOSS: 528.43	MAE: 59.70	RMSE: 90.34
Epoch 435	LOSS: 520.17	MAE: 59.41	RMSE: 89.94
Epoch 436	LOSS: 529.98	MAE: 59.50	RMSE: 89.97
Epoch 437	LOSS: 528.87	MAE: 59.39	RMSE: 89.97
Epoch 438	LOSS: 517.77	MAE: 59.67	RMSE: 90.13
Epoch 439	LOSS: 524.54	MAE: 59.42	RMSE: 89.92
Epoch 440	LOSS: 526.45	MAE: 59.28	RMSE: 89.66
Epoch 441	LOSS: 523.06	MAE: 59.50	RMSE: 90.09
Epoch 442	LOSS: 519.23	MAE: 59.60	RMSE: 89.93
Epoch 443	LOSS: 522.53	MAE: 59.32	RMSE: 89.93
Epoch 444	LOSS: 519.13	MAE: 59.40	RMSE: 89.82
Epoch 445	LOSS: 521.22	MAE: 59.35	RMSE: 89.93
Epoch 446	LOSS: 518.28	MAE: 59.31	RMSE: 89.80
Epoch 447	LOSS: 527.17	MAE: 58.90	RMSE: 89.21
Epoch 448	LOSS: 516.26	MAE: 59.45	RMSE: 89.91
Epoch 449	LOSS: 525.47	MAE: 59.51	RMSE: 89.95
Epoch 450	LOSS: 517.33	MAE: 58.85	RMSE: 89.07
Epoch 451	LOSS: 511.59	MAE: 59.70	RMSE: 90.22
Epoch 452	LOSS: 511.36	MAE: 58.98	RMSE: 89.12
Epoch 453	LOSS: 514.82	MAE: 59.60	RMSE: 90.03
Epoch 454	LOSS: 522.24	MAE: 58.97	RMSE: 89.19
Epoch 455	LOSS: 516.70	MAE: 59.43	RMSE: 89.79
Epoch 456	LOSS: 513.66	MAE: 58.62	RMSE: 88.67
Epoch 457	LOSS: 520.89	MAE: 59.26	RMSE: 89.45
Epoch 458	LOSS: 519.44	MAE: 58.57	RMSE: 88.71
Epoch 459	LOSS: 518.18	MAE: 59.10	RMSE: 89.19
Epoch 460	LOSS: 513.86	MAE: 58.89	RMSE: 89.12
Epoch 461	LOSS: 514.82	MAE: 59.36	RMSE: 89.54
Epoch 462	LOSS: 518.24	MAE: 58.48	RMSE: 88.57
Epoch 463	LOSS: 512.04	MAE: 59.25	RMSE: 89.34
Epoch 464	LOSS: 517.70	MAE: 58.60	RMSE: 88.82
Epoch 465	LOSS: 516.86	MAE: 58.94	RMSE: 89.02
Epoch 466	LOSS: 514.11	MAE: 58.74	RMSE: 88.83
Epoch 467	LOSS: 504.02	MAE: 59.03	RMSE: 89.11
Epoch 468	LOSS: 517.69	MAE: 58.59	RMSE: 88.71
Epoch 469	LOSS: 510.14	MAE: 58.92	RMSE: 88.90
Epoch 470	LOSS: 515.34	MAE: 59.09	RMSE: 89.25
Epoch 471	LOSS: 513.99	MAE: 58.42	RMSE: 88.31
Epoch 472	LOSS: 516.63	MAE: 59.22	RMSE: 89.26
Epoch 473	LOSS: 505.97	MAE: 58.33	RMSE: 88.26
Epoch 474	LOSS: 515.79	MAE: 59.09	RMSE: 89.12
Epoch 475	LOSS: 513.61	MAE: 58.23	RMSE: 88.02
Epoch 476	LOSS: 507.53	MAE: 59.32	RMSE: 89.30
Epoch 477	LOSS: 511.37	MAE: 58.31	RMSE: 88.22
Epoch 478	LOSS: 514.31	MAE: 59.30	RMSE: 89.19
Epoch 479	LOSS: 507.01	MAE: 58.64	RMSE: 88.78
Epoch 480	LOSS: 508.50	MAE: 58.80	RMSE: 88.54
Epoch 481	LOSS: 517.74	MAE: 58.72	RMSE: 88.69
Epoch 482	LOSS: 506.99	MAE: 59.01	RMSE: 88.87
Epoch 483	LOSS: 505.10	MAE: 58.28	RMSE: 88.12
Epoch 484	LOSS: 509.00	MAE: 58.75	RMSE: 88.62
Epoch 485	LOSS: 501.81	MAE: 59.10	RMSE: 89.17
Epoch 486	LOSS: 506.70	MAE: 58.75	RMSE: 88.49
Epoch 487	LOSS: 514.28	MAE: 58.73	RMSE: 88.54
Epoch 488	LOSS: 504.33	MAE: 58.78	RMSE: 88.73
Epoch 489	LOSS: 511.14	MAE: 58.66	RMSE: 88.49
Epoch 490	LOSS: 512.62	MAE: 59.06	RMSE: 88.95
Epoch 491	LOSS: 511.79	MAE: 58.44	RMSE: 88.12
Epoch 492	LOSS: 505.61	MAE: 59.21	RMSE: 89.13
Epoch 493	LOSS: 506.97	MAE: 58.16	RMSE: 87.84
Epoch 494	LOSS: 513.84	MAE: 59.03	RMSE: 88.85
Epoch 495	LOSS: 510.65	MAE: 58.30	RMSE: 88.10
Epoch 496	LOSS: 504.27	MAE: 58.92	RMSE: 88.66
Epoch 497	LOSS: 508.00	MAE: 58.17	RMSE: 87.87
Epoch 498	LOSS: 497.67	MAE: 58.84	RMSE: 88.60
Epoch 499	LOSS: 506.39	MAE: 58.06	RMSE: 87.62
