Epoch 000	LOSS: 135.61	MAE: 72.87	RMSE: 85.92
Epoch 001	LOSS: 133.96	MAE: 72.39	RMSE: 85.50
Epoch 002	LOSS: 132.07	MAE: 71.59	RMSE: 84.80
Epoch 003	LOSS: 130.38	MAE: 70.34	RMSE: 83.71
Epoch 004	LOSS: 128.21	MAE: 69.08	RMSE: 82.60
Epoch 005	LOSS: 127.28	MAE: 68.02	RMSE: 81.66
Epoch 006	LOSS: 125.77	MAE: 67.11	RMSE: 80.82
Epoch 007	LOSS: 123.48	MAE: 66.31	RMSE: 80.08
Epoch 008	LOSS: 121.80	MAE: 65.54	RMSE: 79.36
Epoch 009	LOSS: 121.06	MAE: 64.80	RMSE: 78.65
Epoch 010	LOSS: 119.40	MAE: 64.08	RMSE: 77.95
Epoch 011	LOSS: 117.94	MAE: 63.39	RMSE: 77.27
Epoch 012	LOSS: 117.14	MAE: 62.73	RMSE: 76.59
Epoch 013	LOSS: 115.54	MAE: 62.10	RMSE: 75.94
Epoch 014	LOSS: 114.60	MAE: 61.50	RMSE: 75.30
Epoch 015	LOSS: 112.98	MAE: 60.92	RMSE: 74.66
Epoch 016	LOSS: 112.12	MAE: 60.36	RMSE: 74.05
Epoch 017	LOSS: 111.37	MAE: 59.83	RMSE: 73.44
Epoch 018	LOSS: 110.15	MAE: 59.31	RMSE: 72.84
Epoch 019	LOSS: 108.73	MAE: 58.82	RMSE: 72.26
Epoch 020	LOSS: 108.36	MAE: 58.33	RMSE: 71.69
Epoch 021	LOSS: 106.70	MAE: 57.86	RMSE: 71.12
Epoch 022	LOSS: 106.72	MAE: 57.41	RMSE: 70.56
Epoch 023	LOSS: 105.40	MAE: 56.97	RMSE: 70.01
Epoch 024	LOSS: 104.81	MAE: 56.54	RMSE: 69.48
Epoch 025	LOSS: 104.00	MAE: 56.12	RMSE: 68.94
Epoch 026	LOSS: 103.11	MAE: 55.72	RMSE: 68.42
Epoch 027	LOSS: 102.44	MAE: 55.31	RMSE: 67.90
Epoch 028	LOSS: 101.69	MAE: 54.94	RMSE: 67.41
Epoch 029	LOSS: 100.78	MAE: 54.54	RMSE: 66.88
Epoch 030	LOSS: 99.61	MAE: 54.13	RMSE: 66.38
Epoch 031	LOSS: 98.49	MAE: 53.57	RMSE: 65.85
Epoch 032	LOSS: 97.53	MAE: 53.15	RMSE: 65.30
Epoch 033	LOSS: 96.40	MAE: 52.68	RMSE: 64.76
Epoch 034	LOSS: 95.55	MAE: 52.29	RMSE: 64.23
Epoch 035	LOSS: 94.58	MAE: 51.85	RMSE: 63.69
Epoch 036	LOSS: 93.69	MAE: 51.46	RMSE: 63.16
Epoch 037	LOSS: 92.68	MAE: 51.05	RMSE: 62.63
Epoch 038	LOSS: 91.81	MAE: 50.70	RMSE: 62.12
Epoch 039	LOSS: 90.80	MAE: 50.27	RMSE: 61.60
Epoch 040	LOSS: 90.06	MAE: 49.93	RMSE: 61.10
Epoch 041	LOSS: 89.25	MAE: 49.56	RMSE: 60.60
Epoch 042	LOSS: 88.40	MAE: 49.17	RMSE: 60.10
Epoch 043	LOSS: 87.61	MAE: 48.84	RMSE: 59.62
Epoch 044	LOSS: 86.98	MAE: 48.48	RMSE: 59.13
Epoch 045	LOSS: 86.37	MAE: 48.14	RMSE: 58.65
Epoch 046	LOSS: 85.28	MAE: 47.78	RMSE: 58.17
Epoch 047	LOSS: 84.39	MAE: 47.46	RMSE: 57.71
Epoch 048	LOSS: 83.78	MAE: 47.12	RMSE: 57.25
Epoch 049	LOSS: 82.95	MAE: 46.79	RMSE: 56.79
Epoch 050	LOSS: 82.56	MAE: 46.91	RMSE: 57.01
Epoch 051	LOSS: 81.51	MAE: 46.55	RMSE: 56.47
Epoch 052	LOSS: 80.72	MAE: 46.06	RMSE: 55.79
Epoch 053	LOSS: 80.38	MAE: 45.87	RMSE: 55.54
Epoch 054	LOSS: 79.13	MAE: 45.51	RMSE: 55.01
Epoch 055	LOSS: 78.43	MAE: 45.04	RMSE: 54.33
Epoch 056	LOSS: 77.89	MAE: 44.75	RMSE: 53.92
Epoch 057	LOSS: 77.18	MAE: 44.46	RMSE: 53.51
Epoch 058	LOSS: 76.44	MAE: 44.19	RMSE: 53.12
Epoch 059	LOSS: 75.96	MAE: 43.91	RMSE: 52.73
Epoch 060	LOSS: 75.29	MAE: 43.60	RMSE: 52.27
Epoch 061	LOSS: 74.37	MAE: 43.38	RMSE: 51.97
Epoch 062	LOSS: 73.87	MAE: 43.32	RMSE: 51.92
Epoch 063	LOSS: 73.43	MAE: 43.07	RMSE: 51.56
Epoch 064	LOSS: 72.81	MAE: 42.85	RMSE: 51.24
Epoch 065	LOSS: 72.09	MAE: 42.65	RMSE: 50.99
Epoch 066	LOSS: 71.18	MAE: 42.43	RMSE: 50.68
Epoch 067	LOSS: 70.87	MAE: 42.21	RMSE: 50.34
Epoch 068	LOSS: 70.05	MAE: 42.02	RMSE: 50.11
Epoch 069	LOSS: 69.60	MAE: 41.68	RMSE: 49.62
Epoch 070	LOSS: 69.30	MAE: 41.45	RMSE: 49.30
Epoch 071	LOSS: 68.47	MAE: 41.25	RMSE: 49.01
Epoch 072	LOSS: 68.03	MAE: 41.14	RMSE: 48.85
Epoch 073	LOSS: 67.39	MAE: 40.89	RMSE: 48.53
Epoch 074	LOSS: 66.78	MAE: 40.71	RMSE: 48.24
Epoch 075	LOSS: 66.43	MAE: 40.56	RMSE: 48.07
Epoch 076	LOSS: 65.77	MAE: 40.36	RMSE: 47.80
Epoch 077	LOSS: 65.49	MAE: 40.18	RMSE: 47.53
Epoch 078	LOSS: 64.96	MAE: 39.96	RMSE: 47.25
Epoch 079	LOSS: 64.35	MAE: 39.79	RMSE: 46.98
Epoch 080	LOSS: 64.12	MAE: 39.55	RMSE: 46.70
Epoch 081	LOSS: 63.55	MAE: 39.37	RMSE: 46.44
Epoch 082	LOSS: 63.00	MAE: 39.17	RMSE: 46.19
Epoch 083	LOSS: 62.50	MAE: 39.01	RMSE: 45.96
Epoch 084	LOSS: 62.01	MAE: 38.84	RMSE: 45.73
Epoch 085	LOSS: 61.58	MAE: 38.68	RMSE: 45.52
Epoch 086	LOSS: 60.95	MAE: 38.62	RMSE: 45.49
Epoch 087	LOSS: 59.75	MAE: 38.41	RMSE: 45.47
Epoch 088	LOSS: 55.18	MAE: 37.78	RMSE: 45.33
Epoch 089	LOSS: 52.27	MAE: 36.70	RMSE: 44.33
Epoch 090	LOSS: 51.27	MAE: 36.38	RMSE: 43.92
Epoch 091	LOSS: 50.55	MAE: 36.05	RMSE: 43.56
Epoch 092	LOSS: 49.54	MAE: 35.81	RMSE: 43.26
Epoch 093	LOSS: 48.84	MAE: 35.56	RMSE: 42.97
Epoch 094	LOSS: 48.00	MAE: 35.28	RMSE: 42.67
Epoch 095	LOSS: 47.25	MAE: 35.12	RMSE: 42.50
Epoch 096	LOSS: 46.34	MAE: 34.90	RMSE: 42.24
Epoch 097	LOSS: 45.86	MAE: 34.66	RMSE: 41.95
Epoch 098	LOSS: 45.37	MAE: 34.39	RMSE: 41.66
Epoch 099	LOSS: 44.69	MAE: 34.13	RMSE: 41.37
Epoch 100	LOSS: 43.99	MAE: 33.89	RMSE: 41.14
Epoch 101	LOSS: 43.19	MAE: 33.72	RMSE: 40.94
Epoch 102	LOSS: 42.45	MAE: 33.54	RMSE: 40.77
Epoch 103	LOSS: 41.75	MAE: 33.44	RMSE: 40.66
Epoch 104	LOSS: 41.23	MAE: 33.16	RMSE: 40.38
Epoch 105	LOSS: 40.62	MAE: 33.05	RMSE: 40.27
Epoch 106	LOSS: 40.13	MAE: 32.90	RMSE: 40.13
Epoch 107	LOSS: 39.56	MAE: 32.74	RMSE: 39.96
Epoch 108	LOSS: 39.01	MAE: 32.59	RMSE: 39.83
Epoch 109	LOSS: 38.32	MAE: 32.42	RMSE: 39.67
Epoch 110	LOSS: 37.86	MAE: 32.20	RMSE: 39.51
Epoch 111	LOSS: 37.48	MAE: 32.12	RMSE: 39.40
Epoch 112	LOSS: 37.00	MAE: 31.96	RMSE: 39.26
Epoch 113	LOSS: 36.45	MAE: 31.88	RMSE: 39.19
Epoch 114	LOSS: 35.89	MAE: 31.73	RMSE: 39.07
Epoch 115	LOSS: 35.37	MAE: 32.09	RMSE: 39.38
Epoch 116	LOSS: 35.03	MAE: 31.92	RMSE: 39.19
Epoch 117	LOSS: 34.59	MAE: 31.71	RMSE: 38.99
Epoch 118	LOSS: 34.25	MAE: 31.54	RMSE: 38.85
Epoch 119	LOSS: 33.72	MAE: 31.46	RMSE: 38.77
Epoch 120	LOSS: 33.49	MAE: 31.33	RMSE: 38.64
Epoch 121	LOSS: 32.93	MAE: 31.21	RMSE: 38.55
Epoch 122	LOSS: 32.37	MAE: 31.26	RMSE: 38.58
Epoch 123	LOSS: 32.18	MAE: 31.16	RMSE: 38.49
Epoch 124	LOSS: 31.80	MAE: 31.01	RMSE: 38.36
Epoch 125	LOSS: 31.51	MAE: 30.82	RMSE: 38.22
Epoch 126	LOSS: 31.04	MAE: 30.81	RMSE: 38.18
Epoch 127	LOSS: 30.69	MAE: 30.69	RMSE: 38.10
Epoch 128	LOSS: 30.42	MAE: 30.63	RMSE: 38.04
Epoch 129	LOSS: 29.96	MAE: 30.54	RMSE: 37.96
Epoch 130	LOSS: 29.74	MAE: 30.53	RMSE: 37.95
Epoch 131	LOSS: 29.44	MAE: 30.39	RMSE: 37.83
Epoch 132	LOSS: 29.08	MAE: 30.27	RMSE: 37.75
Epoch 133	LOSS: 28.87	MAE: 30.21	RMSE: 37.70
Epoch 134	LOSS: 28.57	MAE: 30.10	RMSE: 37.62
Epoch 135	LOSS: 28.37	MAE: 30.04	RMSE: 37.58
Epoch 136	LOSS: 28.04	MAE: 29.96	RMSE: 37.52
Epoch 137	LOSS: 27.73	MAE: 29.87	RMSE: 37.47
Epoch 138	LOSS: 27.55	MAE: 29.79	RMSE: 37.43
Epoch 139	LOSS: 27.35	MAE: 29.72	RMSE: 37.36
Epoch 140	LOSS: 27.14	MAE: 29.63	RMSE: 37.34
Epoch 141	LOSS: 26.87	MAE: 29.58	RMSE: 37.30
Epoch 142	LOSS: 26.75	MAE: 29.49	RMSE: 37.25
Epoch 143	LOSS: 26.49	MAE: 29.49	RMSE: 37.26
Epoch 144	LOSS: 26.33	MAE: 29.46	RMSE: 37.21
Epoch 145	LOSS: 26.10	MAE: 29.48	RMSE: 37.19
Epoch 146	LOSS: 25.83	MAE: 29.43	RMSE: 37.15
Epoch 147	LOSS: 25.91	MAE: 29.44	RMSE: 37.15
Epoch 148	LOSS: 25.66	MAE: 29.32	RMSE: 37.05
Epoch 149	LOSS: 25.46	MAE: 29.31	RMSE: 37.05
Epoch 150	LOSS: 25.28	MAE: 29.29	RMSE: 37.01
Epoch 151	LOSS: 25.00	MAE: 29.23	RMSE: 37.02
Epoch 152	LOSS: 24.98	MAE: 29.18	RMSE: 36.99
Epoch 153	LOSS: 24.77	MAE: 29.19	RMSE: 36.96
Epoch 154	LOSS: 24.62	MAE: 29.09	RMSE: 36.93
Epoch 155	LOSS: 24.55	MAE: 29.06	RMSE: 36.93
Epoch 156	LOSS: 24.37	MAE: 29.02	RMSE: 36.89
Epoch 157	LOSS: 24.30	MAE: 29.01	RMSE: 36.93
Epoch 158	LOSS: 24.27	MAE: 29.00	RMSE: 36.88
Epoch 159	LOSS: 24.18	MAE: 28.93	RMSE: 36.90
Epoch 160	LOSS: 24.03	MAE: 28.89	RMSE: 36.90
Epoch 161	LOSS: 23.99	MAE: 28.90	RMSE: 36.91
Epoch 162	LOSS: 23.87	MAE: 28.84	RMSE: 36.87
Epoch 163	LOSS: 23.81	MAE: 28.83	RMSE: 36.87
Epoch 164	LOSS: 23.61	MAE: 28.78	RMSE: 36.86
Epoch 165	LOSS: 23.56	MAE: 28.76	RMSE: 36.88
Epoch 166	LOSS: 23.48	MAE: 28.76	RMSE: 36.88
Epoch 167	LOSS: 23.36	MAE: 28.71	RMSE: 36.85
Epoch 168	LOSS: 23.33	MAE: 28.68	RMSE: 36.83
Epoch 169	LOSS: 23.36	MAE: 28.72	RMSE: 36.91
Epoch 170	LOSS: 23.23	MAE: 28.64	RMSE: 36.88
Epoch 171	LOSS: 23.16	MAE: 28.65	RMSE: 36.87
Epoch 172	LOSS: 23.10	MAE: 28.62	RMSE: 36.87
Epoch 173	LOSS: 22.99	MAE: 28.60	RMSE: 36.89
Epoch 174	LOSS: 22.89	MAE: 28.59	RMSE: 36.89
Epoch 175	LOSS: 22.92	MAE: 28.57	RMSE: 36.88
Epoch 176	LOSS: 22.92	MAE: 28.61	RMSE: 36.86
Epoch 177	LOSS: 22.89	MAE: 28.60	RMSE: 36.83
Epoch 178	LOSS: 22.83	MAE: 28.60	RMSE: 37.00
Epoch 179	LOSS: 22.68	MAE: 28.57	RMSE: 36.94
Epoch 180	LOSS: 22.74	MAE: 28.54	RMSE: 36.97
Epoch 181	LOSS: 22.66	MAE: 28.53	RMSE: 36.96
Epoch 182	LOSS: 22.66	MAE: 28.53	RMSE: 36.96
Epoch 183	LOSS: 22.58	MAE: 28.50	RMSE: 36.97
Epoch 184	LOSS: 22.56	MAE: 28.50	RMSE: 36.99
Epoch 185	LOSS: 22.47	MAE: 28.51	RMSE: 37.03
Epoch 186	LOSS: 22.48	MAE: 28.51	RMSE: 37.04
Epoch 187	LOSS: 22.38	MAE: 28.51	RMSE: 37.05
Epoch 188	LOSS: 22.51	MAE: 28.49	RMSE: 37.06
Epoch 189	LOSS: 22.36	MAE: 28.49	RMSE: 36.84
Epoch 190	LOSS: 22.39	MAE: 28.45	RMSE: 37.01
Epoch 191	LOSS: 22.28	MAE: 28.46	RMSE: 37.01
Epoch 192	LOSS: 22.30	MAE: 28.45	RMSE: 37.01
Epoch 193	LOSS: 22.30	MAE: 28.47	RMSE: 36.91
Epoch 194	LOSS: 22.21	MAE: 28.45	RMSE: 37.03
Epoch 195	LOSS: 22.19	MAE: 28.44	RMSE: 37.00
Epoch 196	LOSS: 22.16	MAE: 28.61	RMSE: 36.51
Epoch 197	LOSS: 22.26	MAE: 28.68	RMSE: 36.52
Epoch 198	LOSS: 22.09	MAE: 28.62	RMSE: 36.54
Epoch 199	LOSS: 22.11	MAE: 28.61	RMSE: 36.53
Epoch 200	LOSS: 22.16	MAE: 28.74	RMSE: 36.51
Epoch 201	LOSS: 22.15	MAE: 28.58	RMSE: 36.53
Epoch 202	LOSS: 22.16	MAE: 28.58	RMSE: 36.54
Epoch 203	LOSS: 22.13	MAE: 28.49	RMSE: 36.55
Epoch 204	LOSS: 22.04	MAE: 28.54	RMSE: 36.54
Epoch 205	LOSS: 22.01	MAE: 28.50	RMSE: 36.58
Epoch 206	LOSS: 22.00	MAE: 28.51	RMSE: 36.59
Epoch 207	LOSS: 21.96	MAE: 28.51	RMSE: 36.58
Epoch 208	LOSS: 21.88	MAE: 28.51	RMSE: 36.58
Epoch 209	LOSS: 21.98	MAE: 28.48	RMSE: 36.55
Epoch 210	LOSS: 21.94	MAE: 28.92	RMSE: 36.59
Epoch 211	LOSS: 21.92	MAE: 28.82	RMSE: 36.52
Epoch 212	LOSS: 21.97	MAE: 28.72	RMSE: 36.47
Epoch 213	LOSS: 21.80	MAE: 28.69	RMSE: 36.47
Epoch 214	LOSS: 21.90	MAE: 28.67	RMSE: 36.48
Epoch 215	LOSS: 21.84	MAE: 28.61	RMSE: 36.42
Epoch 216	LOSS: 21.89	MAE: 28.63	RMSE: 36.44
Epoch 217	LOSS: 21.82	MAE: 28.91	RMSE: 36.57
Epoch 218	LOSS: 21.80	MAE: 28.76	RMSE: 36.52
Epoch 219	LOSS: 21.79	MAE: 28.77	RMSE: 36.49
Epoch 220	LOSS: 21.80	MAE: 28.76	RMSE: 36.49
Epoch 221	LOSS: 21.81	MAE: 28.76	RMSE: 36.51
Epoch 222	LOSS: 21.79	MAE: 28.75	RMSE: 36.49
Epoch 223	LOSS: 21.79	MAE: 28.76	RMSE: 36.49
Epoch 224	LOSS: 21.66	MAE: 28.73	RMSE: 36.47
Epoch 225	LOSS: 21.77	MAE: 28.74	RMSE: 36.48
Epoch 226	LOSS: 21.81	MAE: 28.74	RMSE: 36.48
Epoch 227	LOSS: 21.73	MAE: 28.73	RMSE: 36.47
Epoch 228	LOSS: 21.61	MAE: 28.73	RMSE: 36.48
Epoch 229	LOSS: 21.69	MAE: 28.71	RMSE: 36.46
Epoch 230	LOSS: 21.60	MAE: 28.69	RMSE: 36.45
Epoch 231	LOSS: 21.73	MAE: 28.74	RMSE: 36.48
Epoch 232	LOSS: 21.60	MAE: 28.73	RMSE: 36.46
Epoch 233	LOSS: 21.67	MAE: 28.73	RMSE: 36.48
Epoch 234	LOSS: 21.68	MAE: 28.72	RMSE: 36.47
Epoch 235	LOSS: 21.64	MAE: 28.82	RMSE: 36.51
Epoch 236	LOSS: 21.69	MAE: 28.72	RMSE: 36.47
Epoch 237	LOSS: 21.64	MAE: 28.69	RMSE: 36.46
Epoch 238	LOSS: 21.66	MAE: 28.70	RMSE: 36.46
Epoch 239	LOSS: 21.61	MAE: 28.69	RMSE: 36.45
Epoch 240	LOSS: 21.61	MAE: 28.69	RMSE: 36.47
Epoch 241	LOSS: 21.67	MAE: 28.68	RMSE: 36.45
Epoch 242	LOSS: 21.60	MAE: 28.69	RMSE: 36.46
Epoch 243	LOSS: 21.57	MAE: 28.73	RMSE: 36.47
Epoch 244	LOSS: 21.63	MAE: 28.68	RMSE: 36.46
Epoch 245	LOSS: 21.60	MAE: 28.64	RMSE: 36.43
Epoch 246	LOSS: 21.54	MAE: 28.66	RMSE: 36.44
Epoch 247	LOSS: 21.65	MAE: 28.66	RMSE: 36.45
Epoch 248	LOSS: 21.52	MAE: 28.66	RMSE: 36.44
Epoch 249	LOSS: 21.60	MAE: 28.69	RMSE: 36.45
Epoch 250	LOSS: 21.55	MAE: 28.69	RMSE: 36.46
Epoch 251	LOSS: 21.59	MAE: 28.65	RMSE: 36.44
Epoch 252	LOSS: 21.48	MAE: 28.68	RMSE: 36.47
Epoch 253	LOSS: 21.53	MAE: 28.63	RMSE: 36.44
Epoch 254	LOSS: 21.60	MAE: 28.67	RMSE: 36.48
Epoch 255	LOSS: 21.54	MAE: 28.61	RMSE: 36.41
Epoch 256	LOSS: 21.49	MAE: 28.72	RMSE: 36.49
Epoch 257	LOSS: 21.51	MAE: 28.66	RMSE: 36.47
Epoch 258	LOSS: 21.48	MAE: 28.64	RMSE: 36.45
Epoch 259	LOSS: 21.49	MAE: 28.73	RMSE: 36.48
Epoch 260	LOSS: 21.50	MAE: 28.82	RMSE: 36.52
Epoch 261	LOSS: 21.42	MAE: 28.76	RMSE: 36.48
Epoch 262	LOSS: 21.40	MAE: 28.73	RMSE: 36.47
Epoch 263	LOSS: 21.39	MAE: 28.74	RMSE: 36.47
Epoch 264	LOSS: 21.39	MAE: 28.75	RMSE: 36.48
Epoch 265	LOSS: 21.40	MAE: 28.75	RMSE: 36.48
Epoch 266	LOSS: 21.40	MAE: 28.74	RMSE: 36.47
Epoch 267	LOSS: 21.44	MAE: 28.77	RMSE: 36.49
Epoch 268	LOSS: 21.39	MAE: 28.69	RMSE: 36.43
Epoch 269	LOSS: 21.42	MAE: 28.72	RMSE: 36.46
Epoch 270	LOSS: 21.50	MAE: 28.71	RMSE: 36.45
Epoch 271	LOSS: 21.41	MAE: 28.71	RMSE: 36.45
Epoch 272	LOSS: 21.37	MAE: 28.69	RMSE: 36.44
Epoch 273	LOSS: 21.32	MAE: 28.72	RMSE: 36.46
Epoch 274	LOSS: 21.36	MAE: 28.73	RMSE: 36.47
Epoch 275	LOSS: 21.41	MAE: 28.68	RMSE: 36.43
Epoch 276	LOSS: 21.40	MAE: 28.70	RMSE: 36.45
Epoch 277	LOSS: 21.36	MAE: 28.71	RMSE: 36.45
Epoch 278	LOSS: 21.40	MAE: 29.12	RMSE: 36.81
Epoch 279	LOSS: 21.42	MAE: 28.69	RMSE: 36.46
Epoch 280	LOSS: 21.32	MAE: 28.68	RMSE: 36.44
Epoch 281	LOSS: 21.44	MAE: 28.72	RMSE: 36.46
Epoch 282	LOSS: 21.29	MAE: 28.74	RMSE: 36.46
Epoch 283	LOSS: 21.34	MAE: 28.68	RMSE: 36.44
Epoch 284	LOSS: 21.27	MAE: 28.70	RMSE: 36.45
Epoch 285	LOSS: 21.21	MAE: 28.72	RMSE: 36.46
Epoch 286	LOSS: 21.34	MAE: 28.69	RMSE: 36.45
Epoch 287	LOSS: 21.28	MAE: 28.69	RMSE: 36.45
Epoch 288	LOSS: 21.37	MAE: 28.64	RMSE: 36.40
Epoch 289	LOSS: 21.19	MAE: 28.66	RMSE: 36.43
Epoch 290	LOSS: 21.37	MAE: 28.67	RMSE: 36.43
Epoch 291	LOSS: 21.32	MAE: 28.66	RMSE: 36.43
Epoch 292	LOSS: 21.38	MAE: 28.66	RMSE: 36.43
Epoch 293	LOSS: 21.28	MAE: 28.66	RMSE: 36.43
Epoch 294	LOSS: 21.35	MAE: 28.69	RMSE: 36.46
Epoch 295	LOSS: 21.30	MAE: 28.65	RMSE: 36.42
Epoch 296	LOSS: 21.25	MAE: 28.63	RMSE: 36.40
Epoch 297	LOSS: 21.23	MAE: 28.66	RMSE: 36.44
Epoch 298	LOSS: 21.29	MAE: 28.64	RMSE: 36.42
Epoch 299	LOSS: 21.28	MAE: 28.63	RMSE: 36.41
Epoch 300	LOSS: 21.18	MAE: 28.64	RMSE: 36.42
Epoch 301	LOSS: 21.27	MAE: 28.64	RMSE: 36.42
Epoch 302	LOSS: 21.27	MAE: 28.61	RMSE: 36.40
Epoch 303	LOSS: 21.23	MAE: 28.63	RMSE: 36.42
Epoch 304	LOSS: 21.31	MAE: 28.63	RMSE: 36.42
Epoch 305	LOSS: 21.22	MAE: 28.62	RMSE: 36.41
Epoch 306	LOSS: 21.23	MAE: 28.64	RMSE: 36.43
Epoch 307	LOSS: 21.15	MAE: 28.70	RMSE: 36.44
Epoch 308	LOSS: 21.23	MAE: 28.58	RMSE: 36.38
Epoch 309	LOSS: 21.20	MAE: 28.62	RMSE: 36.43
Epoch 310	LOSS: 21.25	MAE: 28.64	RMSE: 36.44
Epoch 311	LOSS: 21.20	MAE: 28.59	RMSE: 36.39
Epoch 312	LOSS: 21.25	MAE: 28.63	RMSE: 36.43
Epoch 313	LOSS: 21.20	MAE: 28.59	RMSE: 36.39
Epoch 314	LOSS: 21.17	MAE: 28.62	RMSE: 36.41
Epoch 315	LOSS: 21.19	MAE: 28.60	RMSE: 36.40
Epoch 316	LOSS: 21.31	MAE: 28.62	RMSE: 36.41
Epoch 317	LOSS: 21.22	MAE: 28.61	RMSE: 36.41
Epoch 318	LOSS: 21.16	MAE: 28.62	RMSE: 36.43
Epoch 319	LOSS: 21.27	MAE: 28.62	RMSE: 36.43
Epoch 320	LOSS: 21.21	MAE: 28.59	RMSE: 36.40
Epoch 321	LOSS: 21.18	MAE: 28.59	RMSE: 36.40
Epoch 322	LOSS: 21.20	MAE: 28.57	RMSE: 36.39
Epoch 323	LOSS: 21.13	MAE: 28.60	RMSE: 36.41
Epoch 324	LOSS: 21.07	MAE: 28.61	RMSE: 36.40
Epoch 325	LOSS: 21.16	MAE: 28.59	RMSE: 36.39
Epoch 326	LOSS: 21.11	MAE: 28.58	RMSE: 36.38
Epoch 327	LOSS: 21.08	MAE: 28.60	RMSE: 36.39
Epoch 328	LOSS: 21.05	MAE: 28.59	RMSE: 36.39
Epoch 329	LOSS: 20.99	MAE: 28.60	RMSE: 36.40
Epoch 330	LOSS: 21.12	MAE: 28.59	RMSE: 36.39
Epoch 331	LOSS: 21.09	MAE: 28.58	RMSE: 36.40
Epoch 332	LOSS: 21.05	MAE: 28.55	RMSE: 36.38
Epoch 333	LOSS: 21.04	MAE: 28.60	RMSE: 36.43
Epoch 334	LOSS: 21.07	MAE: 28.60	RMSE: 36.43
Epoch 335	LOSS: 21.06	MAE: 28.43	RMSE: 36.45
Epoch 336	LOSS: 21.09	MAE: 28.58	RMSE: 36.43
Epoch 337	LOSS: 21.06	MAE: 28.57	RMSE: 36.41
Epoch 338	LOSS: 21.06	MAE: 28.57	RMSE: 36.40
Epoch 339	LOSS: 21.10	MAE: 28.56	RMSE: 36.38
Epoch 340	LOSS: 21.07	MAE: 28.58	RMSE: 36.38
Epoch 341	LOSS: 21.04	MAE: 28.60	RMSE: 36.40
Epoch 342	LOSS: 20.95	MAE: 28.57	RMSE: 36.38
Epoch 343	LOSS: 20.90	MAE: 28.55	RMSE: 36.38
Epoch 344	LOSS: 21.03	MAE: 28.56	RMSE: 36.40
Epoch 345	LOSS: 21.01	MAE: 28.56	RMSE: 36.39
Epoch 346	LOSS: 20.98	MAE: 28.56	RMSE: 36.39
Epoch 347	LOSS: 21.03	MAE: 28.54	RMSE: 36.37
Epoch 348	LOSS: 20.97	MAE: 28.54	RMSE: 36.39
Epoch 349	LOSS: 20.91	MAE: 28.55	RMSE: 36.40
Epoch 350	LOSS: 20.96	MAE: 28.60	RMSE: 36.41
Epoch 351	LOSS: 20.96	MAE: 28.58	RMSE: 36.42
Epoch 352	LOSS: 21.06	MAE: 28.55	RMSE: 36.39
Epoch 353	LOSS: 21.08	MAE: 28.56	RMSE: 36.40
Epoch 354	LOSS: 21.00	MAE: 28.54	RMSE: 36.39
Epoch 355	LOSS: 20.89	MAE: 28.53	RMSE: 36.38
Epoch 356	LOSS: 20.87	MAE: 28.57	RMSE: 36.41
Epoch 357	LOSS: 20.88	MAE: 28.51	RMSE: 36.37
Epoch 358	LOSS: 20.92	MAE: 28.52	RMSE: 36.38
Epoch 359	LOSS: 20.85	MAE: 28.51	RMSE: 36.37
Epoch 360	LOSS: 20.92	MAE: 28.59	RMSE: 36.40
Epoch 361	LOSS: 20.89	MAE: 28.52	RMSE: 36.39
Epoch 362	LOSS: 20.72	MAE: 28.51	RMSE: 36.38
Epoch 363	LOSS: 20.86	MAE: 28.56	RMSE: 36.39
Epoch 364	LOSS: 20.84	MAE: 28.57	RMSE: 36.40
Epoch 365	LOSS: 20.92	MAE: 28.54	RMSE: 36.40
Epoch 366	LOSS: 20.76	MAE: 28.55	RMSE: 36.38
Epoch 367	LOSS: 20.76	MAE: 28.50	RMSE: 36.37
Epoch 368	LOSS: 20.75	MAE: 28.49	RMSE: 36.37
Epoch 369	LOSS: 20.65	MAE: 28.51	RMSE: 36.36
Epoch 370	LOSS: 20.74	MAE: 28.48	RMSE: 36.35
Epoch 371	LOSS: 20.69	MAE: 28.44	RMSE: 36.34
Epoch 372	LOSS: 20.61	MAE: 28.47	RMSE: 36.37
Epoch 373	LOSS: 20.59	MAE: 28.46	RMSE: 36.35
Epoch 374	LOSS: 20.61	MAE: 28.45	RMSE: 36.35
Epoch 375	LOSS: 20.55	MAE: 28.47	RMSE: 36.36
Epoch 376	LOSS: 20.63	MAE: 28.44	RMSE: 36.35
Epoch 377	LOSS: 20.61	MAE: 28.43	RMSE: 36.35
Epoch 378	LOSS: 20.60	MAE: 28.41	RMSE: 36.33
Epoch 379	LOSS: 20.62	MAE: 28.35	RMSE: 36.36
Epoch 380	LOSS: 20.56	MAE: 28.35	RMSE: 36.44
Epoch 381	LOSS: 20.56	MAE: 28.31	RMSE: 36.40
Epoch 382	LOSS: 20.53	MAE: 28.31	RMSE: 36.41
Epoch 383	LOSS: 20.39	MAE: 28.35	RMSE: 36.35
Epoch 384	LOSS: 20.42	MAE: 28.29	RMSE: 36.40
Epoch 385	LOSS: 20.42	MAE: 28.38	RMSE: 36.37
Epoch 386	LOSS: 20.44	MAE: 28.46	RMSE: 36.38
Epoch 387	LOSS: 20.45	MAE: 28.45	RMSE: 36.36
Epoch 388	LOSS: 20.46	MAE: 28.35	RMSE: 36.37
Epoch 389	LOSS: 20.45	MAE: 28.45	RMSE: 36.37
Epoch 390	LOSS: 20.47	MAE: 28.45	RMSE: 36.34
Epoch 391	LOSS: 20.77	MAE: 28.31	RMSE: 36.42
Epoch 392	LOSS: 20.57	MAE: 28.27	RMSE: 36.41
Epoch 393	LOSS: 20.53	MAE: 28.24	RMSE: 36.27
Epoch 394	LOSS: 20.43	MAE: 28.38	RMSE: 36.29
Epoch 395	LOSS: 20.43	MAE: 28.43	RMSE: 36.33
Epoch 396	LOSS: 20.34	MAE: 28.39	RMSE: 36.27
Epoch 397	LOSS: 20.33	MAE: 28.43	RMSE: 36.31
Epoch 398	LOSS: 20.37	MAE: 28.41	RMSE: 36.29
Epoch 399	LOSS: 20.35	MAE: 28.44	RMSE: 36.31
Epoch 400	LOSS: 20.32	MAE: 28.41	RMSE: 36.29
Epoch 401	LOSS: 20.30	MAE: 28.36	RMSE: 36.27
Epoch 402	LOSS: 20.25	MAE: 28.37	RMSE: 36.28
Epoch 403	LOSS: 20.32	MAE: 28.46	RMSE: 36.31
Epoch 404	LOSS: 20.30	MAE: 28.45	RMSE: 36.30
Epoch 405	LOSS: 20.21	MAE: 28.58	RMSE: 36.39
Epoch 406	LOSS: 20.28	MAE: 28.48	RMSE: 36.32
Epoch 407	LOSS: 20.21	MAE: 28.48	RMSE: 36.32
Epoch 408	LOSS: 20.22	MAE: 28.50	RMSE: 36.33
Epoch 409	LOSS: 20.16	MAE: 28.51	RMSE: 36.33
Epoch 410	LOSS: 20.24	MAE: 28.48	RMSE: 36.33
Epoch 411	LOSS: 20.18	MAE: 28.46	RMSE: 36.32
Epoch 412	LOSS: 20.07	MAE: 28.45	RMSE: 36.31
Epoch 413	LOSS: 20.14	MAE: 28.53	RMSE: 36.35
Epoch 414	LOSS: 20.19	MAE: 28.47	RMSE: 36.32
Epoch 415	LOSS: 20.19	MAE: 28.48	RMSE: 36.31
Epoch 416	LOSS: 20.13	MAE: 28.51	RMSE: 36.34
Epoch 417	LOSS: 20.13	MAE: 28.84	RMSE: 36.65
Epoch 418	LOSS: 20.04	MAE: 28.53	RMSE: 36.35
Epoch 419	LOSS: 20.13	MAE: 28.66	RMSE: 36.46
Epoch 420	LOSS: 20.09	MAE: 28.59	RMSE: 36.40
Epoch 421	LOSS: 20.09	MAE: 28.63	RMSE: 36.43
Epoch 422	LOSS: 20.06	MAE: 28.60	RMSE: 36.41
Epoch 423	LOSS: 20.04	MAE: 28.57	RMSE: 36.39
Epoch 424	LOSS: 20.06	MAE: 28.50	RMSE: 36.32
Epoch 425	LOSS: 19.94	MAE: 28.54	RMSE: 36.37
Epoch 426	LOSS: 19.96	MAE: 28.61	RMSE: 36.42
Epoch 427	LOSS: 19.94	MAE: 28.55	RMSE: 36.38
Epoch 428	LOSS: 19.91	MAE: 28.67	RMSE: 36.48
Epoch 429	LOSS: 20.05	MAE: 28.52	RMSE: 36.35
Epoch 430	LOSS: 19.90	MAE: 28.52	RMSE: 36.36
Epoch 431	LOSS: 19.95	MAE: 28.54	RMSE: 36.36
Epoch 432	LOSS: 19.81	MAE: 28.54	RMSE: 36.37
Epoch 433	LOSS: 19.87	MAE: 28.53	RMSE: 36.36
Epoch 434	LOSS: 19.89	MAE: 28.49	RMSE: 36.33
Epoch 435	LOSS: 19.84	MAE: 28.49	RMSE: 36.33
Epoch 436	LOSS: 19.89	MAE: 28.50	RMSE: 36.34
Epoch 437	LOSS: 19.86	MAE: 28.53	RMSE: 36.37
Epoch 438	LOSS: 19.82	MAE: 28.50	RMSE: 36.33
Epoch 439	LOSS: 19.81	MAE: 28.51	RMSE: 36.35
Epoch 440	LOSS: 19.82	MAE: 28.54	RMSE: 36.38
Epoch 441	LOSS: 19.82	MAE: 28.58	RMSE: 36.40
Epoch 442	LOSS: 19.74	MAE: 28.50	RMSE: 36.34
Epoch 443	LOSS: 19.81	MAE: 28.59	RMSE: 36.42
Epoch 444	LOSS: 19.77	MAE: 28.56	RMSE: 36.40
Epoch 445	LOSS: 19.83	MAE: 28.49	RMSE: 36.33
Epoch 446	LOSS: 19.72	MAE: 28.59	RMSE: 36.42
Epoch 447	LOSS: 19.83	MAE: 28.53	RMSE: 36.38
Epoch 448	LOSS: 19.72	MAE: 28.64	RMSE: 36.48
Epoch 449	LOSS: 19.65	MAE: 28.50	RMSE: 36.34
Epoch 450	LOSS: 19.72	MAE: 28.47	RMSE: 36.32
Epoch 451	LOSS: 19.73	MAE: 28.44	RMSE: 36.29
Epoch 452	LOSS: 19.67	MAE: 28.44	RMSE: 36.30
Epoch 453	LOSS: 19.64	MAE: 28.44	RMSE: 36.29
Epoch 454	LOSS: 19.65	MAE: 28.53	RMSE: 36.38
Epoch 455	LOSS: 19.54	MAE: 28.42	RMSE: 36.29
Epoch 456	LOSS: 19.68	MAE: 28.48	RMSE: 36.33
Epoch 457	LOSS: 19.59	MAE: 28.41	RMSE: 36.28
Epoch 458	LOSS: 19.59	MAE: 28.42	RMSE: 36.29
Epoch 459	LOSS: 19.54	MAE: 28.41	RMSE: 36.28
Epoch 460	LOSS: 19.56	MAE: 28.40	RMSE: 36.27
Epoch 461	LOSS: 19.59	MAE: 28.42	RMSE: 36.29
Epoch 462	LOSS: 19.54	MAE: 28.39	RMSE: 36.27
Epoch 463	LOSS: 19.71	MAE: 28.41	RMSE: 36.27
Epoch 464	LOSS: 19.59	MAE: 28.40	RMSE: 36.27
Epoch 465	LOSS: 19.56	MAE: 28.37	RMSE: 36.25
Epoch 466	LOSS: 19.47	MAE: 28.37	RMSE: 36.26
Epoch 467	LOSS: 19.47	MAE: 28.46	RMSE: 36.33
Epoch 468	LOSS: 19.48	MAE: 28.41	RMSE: 36.29
Epoch 469	LOSS: 19.51	MAE: 28.39	RMSE: 36.27
Epoch 470	LOSS: 19.53	MAE: 28.35	RMSE: 36.24
Epoch 471	LOSS: 19.53	MAE: 28.40	RMSE: 36.29
Epoch 472	LOSS: 19.46	MAE: 28.34	RMSE: 36.24
Epoch 473	LOSS: 19.45	MAE: 28.37	RMSE: 36.26
Epoch 474	LOSS: 19.49	MAE: 28.34	RMSE: 36.24
Epoch 475	LOSS: 19.50	MAE: 28.23	RMSE: 36.17
Epoch 476	LOSS: 19.43	MAE: 28.27	RMSE: 36.21
Epoch 477	LOSS: 19.44	MAE: 28.36	RMSE: 36.26
Epoch 478	LOSS: 19.39	MAE: 28.37	RMSE: 36.26
Epoch 479	LOSS: 19.43	MAE: 28.40	RMSE: 36.29
Epoch 480	LOSS: 19.34	MAE: 28.36	RMSE: 36.25
Epoch 481	LOSS: 19.43	MAE: 28.33	RMSE: 36.23
Epoch 482	LOSS: 19.36	MAE: 28.39	RMSE: 36.28
Epoch 483	LOSS: 19.40	MAE: 28.31	RMSE: 36.21
Epoch 484	LOSS: 19.34	MAE: 28.32	RMSE: 36.23
Epoch 485	LOSS: 19.37	MAE: 28.36	RMSE: 36.25
Epoch 486	LOSS: 19.36	MAE: 28.32	RMSE: 36.22
Epoch 487	LOSS: 19.31	MAE: 28.28	RMSE: 36.18
Epoch 488	LOSS: 19.30	MAE: 28.29	RMSE: 36.19
Epoch 489	LOSS: 19.30	MAE: 28.37	RMSE: 36.26
Epoch 490	LOSS: 19.36	MAE: 28.33	RMSE: 36.23
Epoch 491	LOSS: 19.26	MAE: 28.30	RMSE: 36.21
Epoch 492	LOSS: 19.36	MAE: 28.33	RMSE: 36.23
Epoch 493	LOSS: 19.22	MAE: 28.33	RMSE: 36.23
Epoch 494	LOSS: 19.21	MAE: 28.35	RMSE: 36.24
Epoch 495	LOSS: 19.21	MAE: 28.35	RMSE: 36.24
Epoch 496	LOSS: 19.34	MAE: 28.33	RMSE: 36.23
Epoch 497	LOSS: 19.37	MAE: 28.29	RMSE: 36.20
Epoch 498	LOSS: 19.25	MAE: 28.31	RMSE: 36.21
Epoch 499	LOSS: 19.22	MAE: 28.24	RMSE: 36.18
Epoch 500	LOSS: 19.25	MAE: 28.30	RMSE: 36.20
Epoch 501	LOSS: 19.31	MAE: 28.28	RMSE: 36.19
Epoch 502	LOSS: 19.25	MAE: 28.32	RMSE: 36.23
Epoch 503	LOSS: 19.16	MAE: 28.31	RMSE: 36.21
Epoch 504	LOSS: 19.13	MAE: 28.29	RMSE: 36.20
Epoch 505	LOSS: 19.22	MAE: 28.23	RMSE: 36.16
Epoch 506	LOSS: 19.16	MAE: 28.23	RMSE: 36.16
Epoch 507	LOSS: 19.13	MAE: 28.32	RMSE: 36.22
Epoch 508	LOSS: 19.11	MAE: 28.27	RMSE: 36.19
Epoch 509	LOSS: 19.13	MAE: 28.30	RMSE: 36.21
Epoch 510	LOSS: 19.22	MAE: 28.24	RMSE: 36.16
Epoch 511	LOSS: 19.07	MAE: 28.32	RMSE: 36.23
Epoch 512	LOSS: 19.09	MAE: 28.31	RMSE: 36.21
Epoch 513	LOSS: 19.19	MAE: 28.25	RMSE: 36.16
Epoch 514	LOSS: 19.08	MAE: 28.23	RMSE: 36.16
Epoch 515	LOSS: 19.06	MAE: 28.23	RMSE: 36.16
Epoch 516	LOSS: 19.12	MAE: 28.32	RMSE: 36.23
Epoch 517	LOSS: 19.05	MAE: 28.18	RMSE: 36.13
Epoch 518	LOSS: 19.11	MAE: 28.16	RMSE: 36.11
Epoch 519	LOSS: 19.04	MAE: 28.17	RMSE: 36.13
Epoch 520	LOSS: 19.06	MAE: 28.15	RMSE: 36.11
Epoch 521	LOSS: 18.99	MAE: 28.16	RMSE: 36.13
Epoch 522	LOSS: 19.03	MAE: 28.18	RMSE: 36.15
Epoch 523	LOSS: 18.98	MAE: 28.16	RMSE: 36.14
Epoch 524	LOSS: 18.98	MAE: 28.15	RMSE: 36.12
Epoch 525	LOSS: 18.93	MAE: 28.25	RMSE: 36.18
Epoch 526	LOSS: 18.97	MAE: 28.22	RMSE: 36.17
Epoch 527	LOSS: 18.96	MAE: 28.22	RMSE: 36.15
Epoch 528	LOSS: 18.93	MAE: 28.28	RMSE: 36.19
Epoch 529	LOSS: 18.97	MAE: 28.27	RMSE: 36.20
Epoch 530	LOSS: 18.90	MAE: 28.23	RMSE: 36.17
Epoch 531	LOSS: 18.92	MAE: 28.16	RMSE: 36.12
Epoch 532	LOSS: 18.85	MAE: 28.27	RMSE: 36.19
Epoch 533	LOSS: 18.87	MAE: 28.31	RMSE: 36.23
Epoch 534	LOSS: 18.80	MAE: 28.26	RMSE: 36.19
Epoch 535	LOSS: 18.87	MAE: 28.27	RMSE: 36.21
Epoch 536	LOSS: 18.79	MAE: 28.28	RMSE: 36.20
Epoch 537	LOSS: 18.77	MAE: 28.24	RMSE: 36.18
Epoch 538	LOSS: 18.85	MAE: 28.28	RMSE: 36.21
Epoch 539	LOSS: 18.79	MAE: 28.24	RMSE: 36.18
Epoch 540	LOSS: 18.85	MAE: 28.60	RMSE: 36.48
Epoch 541	LOSS: 18.78	MAE: 28.22	RMSE: 36.17
Epoch 542	LOSS: 18.84	MAE: 28.21	RMSE: 36.15
Epoch 543	LOSS: 18.86	MAE: 28.28	RMSE: 36.22
Epoch 544	LOSS: 18.76	MAE: 28.17	RMSE: 36.13
Epoch 545	LOSS: 18.83	MAE: 28.15	RMSE: 36.13
Epoch 546	LOSS: 18.77	MAE: 28.18	RMSE: 36.13
Epoch 547	LOSS: 18.76	MAE: 28.21	RMSE: 36.16
Epoch 548	LOSS: 18.74	MAE: 28.22	RMSE: 36.17
Epoch 549	LOSS: 18.85	MAE: 28.17	RMSE: 36.14
Epoch 550	LOSS: 18.63	MAE: 28.26	RMSE: 36.20
Epoch 551	LOSS: 18.71	MAE: 28.17	RMSE: 36.14
Epoch 552	LOSS: 18.65	MAE: 28.14	RMSE: 36.11
Epoch 553	LOSS: 18.68	MAE: 28.15	RMSE: 36.13
Epoch 554	LOSS: 18.69	MAE: 28.18	RMSE: 36.15
Epoch 555	LOSS: 18.68	MAE: 28.18	RMSE: 36.15
Epoch 556	LOSS: 18.66	MAE: 28.13	RMSE: 36.11
Epoch 557	LOSS: 18.65	MAE: 28.14	RMSE: 36.13
Epoch 558	LOSS: 18.62	MAE: 28.14	RMSE: 36.13
Epoch 559	LOSS: 18.61	MAE: 28.13	RMSE: 36.12
Epoch 560	LOSS: 18.60	MAE: 28.14	RMSE: 36.13
Epoch 561	LOSS: 18.53	MAE: 28.15	RMSE: 36.12
Epoch 562	LOSS: 18.53	MAE: 28.08	RMSE: 36.08
Epoch 563	LOSS: 18.49	MAE: 28.09	RMSE: 36.09
Epoch 564	LOSS: 18.55	MAE: 28.12	RMSE: 36.11
Epoch 565	LOSS: 18.44	MAE: 28.09	RMSE: 36.09
Epoch 566	LOSS: 18.41	MAE: 28.11	RMSE: 36.10
Epoch 567	LOSS: 18.35	MAE: 28.07	RMSE: 36.06
Epoch 568	LOSS: 18.34	MAE: 28.07	RMSE: 36.06
Epoch 569	LOSS: 18.34	MAE: 28.08	RMSE: 36.08
Epoch 570	LOSS: 18.41	MAE: 28.11	RMSE: 36.08
Epoch 571	LOSS: 18.35	MAE: 28.16	RMSE: 36.12
Epoch 572	LOSS: 18.34	MAE: 28.06	RMSE: 36.07
Epoch 573	LOSS: 18.33	MAE: 28.03	RMSE: 36.05
Epoch 574	LOSS: 18.29	MAE: 28.06	RMSE: 36.07
Epoch 575	LOSS: 18.34	MAE: 28.04	RMSE: 36.07
Epoch 576	LOSS: 18.21	MAE: 28.06	RMSE: 36.08
Epoch 577	LOSS: 18.26	MAE: 28.04	RMSE: 36.06
Epoch 578	LOSS: 18.16	MAE: 28.02	RMSE: 36.05
Epoch 579	LOSS: 18.20	MAE: 28.02	RMSE: 36.06
Epoch 580	LOSS: 18.15	MAE: 27.98	RMSE: 36.02
Epoch 581	LOSS: 18.16	MAE: 27.98	RMSE: 36.03
Epoch 582	LOSS: 18.10	MAE: 28.00	RMSE: 36.05
Epoch 583	LOSS: 18.13	MAE: 28.01	RMSE: 36.06
Epoch 584	LOSS: 18.06	MAE: 27.97	RMSE: 36.02
Epoch 585	LOSS: 18.04	MAE: 27.91	RMSE: 36.01
Epoch 586	LOSS: 17.99	MAE: 27.86	RMSE: 35.99
Epoch 587	LOSS: 18.07	MAE: 27.85	RMSE: 35.97
Epoch 588	LOSS: 17.94	MAE: 27.95	RMSE: 36.04
Epoch 589	LOSS: 17.95	MAE: 27.91	RMSE: 36.01
Epoch 590	LOSS: 18.03	MAE: 27.91	RMSE: 36.00
Epoch 591	LOSS: 17.99	MAE: 27.91	RMSE: 36.01
Epoch 592	LOSS: 18.00	MAE: 27.97	RMSE: 36.02
Epoch 593	LOSS: 18.02	MAE: 27.89	RMSE: 35.98
Epoch 594	LOSS: 18.00	MAE: 27.94	RMSE: 36.01
Epoch 595	LOSS: 17.82	MAE: 27.96	RMSE: 36.04
Epoch 596	LOSS: 17.91	MAE: 27.93	RMSE: 36.02
Epoch 597	LOSS: 17.89	MAE: 27.94	RMSE: 36.02
Epoch 598	LOSS: 17.85	MAE: 27.94	RMSE: 36.02
Epoch 599	LOSS: 17.77	MAE: 27.90	RMSE: 35.99
Epoch 600	LOSS: 17.82	MAE: 27.90	RMSE: 36.00
Epoch 601	LOSS: 17.77	MAE: 27.91	RMSE: 36.01
Epoch 602	LOSS: 17.68	MAE: 27.94	RMSE: 36.03
Epoch 603	LOSS: 17.68	MAE: 27.93	RMSE: 36.03
Epoch 604	LOSS: 17.68	MAE: 27.89	RMSE: 35.99
Epoch 605	LOSS: 17.73	MAE: 27.93	RMSE: 36.02
Epoch 606	LOSS: 17.67	MAE: 27.86	RMSE: 35.97
Epoch 607	LOSS: 17.73	MAE: 27.89	RMSE: 36.00
Epoch 608	LOSS: 17.56	MAE: 27.88	RMSE: 35.99
Epoch 609	LOSS: 17.62	MAE: 27.88	RMSE: 35.98
Epoch 610	LOSS: 17.52	MAE: 27.89	RMSE: 36.01
Epoch 611	LOSS: 17.47	MAE: 27.87	RMSE: 35.99
Epoch 612	LOSS: 17.45	MAE: 27.89	RMSE: 36.01
Epoch 613	LOSS: 17.45	MAE: 27.86	RMSE: 35.97
Epoch 614	LOSS: 17.41	MAE: 27.90	RMSE: 36.01
Epoch 615	LOSS: 17.38	MAE: 27.84	RMSE: 35.99
Epoch 616	LOSS: 17.29	MAE: 27.86	RMSE: 35.99
Epoch 617	LOSS: 17.27	MAE: 27.86	RMSE: 35.97
Epoch 618	LOSS: 17.24	MAE: 27.85	RMSE: 35.98
Epoch 619	LOSS: 17.28	MAE: 27.84	RMSE: 35.99
Epoch 620	LOSS: 17.24	MAE: 27.83	RMSE: 35.96
Epoch 621	LOSS: 17.23	MAE: 27.87	RMSE: 35.99
Epoch 622	LOSS: 17.02	MAE: 27.86	RMSE: 35.96
Epoch 623	LOSS: 17.08	MAE: 27.90	RMSE: 36.01
Epoch 624	LOSS: 17.07	MAE: 27.80	RMSE: 35.97
Epoch 625	LOSS: 17.05	MAE: 27.85	RMSE: 35.97
Epoch 626	LOSS: 17.08	MAE: 27.82	RMSE: 35.99
Epoch 627	LOSS: 17.11	MAE: 27.79	RMSE: 35.97
Epoch 628	LOSS: 17.01	MAE: 27.79	RMSE: 35.96
Epoch 629	LOSS: 16.98	MAE: 27.82	RMSE: 35.97
Epoch 630	LOSS: 17.03	MAE: 27.81	RMSE: 36.01
Epoch 631	LOSS: 16.95	MAE: 27.77	RMSE: 35.95
Epoch 632	LOSS: 16.84	MAE: 27.78	RMSE: 35.97
Epoch 633	LOSS: 16.83	MAE: 27.79	RMSE: 35.95
Epoch 634	LOSS: 16.79	MAE: 27.83	RMSE: 35.99
Epoch 635	LOSS: 16.90	MAE: 27.80	RMSE: 35.97
Epoch 636	LOSS: 16.84	MAE: 27.74	RMSE: 35.95
Epoch 637	LOSS: 16.80	MAE: 27.76	RMSE: 35.97
Epoch 638	LOSS: 16.78	MAE: 27.73	RMSE: 35.94
Epoch 639	LOSS: 16.81	MAE: 27.72	RMSE: 35.95
Epoch 640	LOSS: 16.78	MAE: 27.72	RMSE: 35.95
Epoch 641	LOSS: 16.77	MAE: 27.74	RMSE: 35.95
Epoch 642	LOSS: 16.79	MAE: 27.67	RMSE: 35.94
Epoch 643	LOSS: 16.76	MAE: 27.71	RMSE: 35.95
Epoch 644	LOSS: 16.67	MAE: 27.72	RMSE: 35.95
Epoch 645	LOSS: 16.73	MAE: 27.71	RMSE: 35.96
Epoch 646	LOSS: 16.67	MAE: 27.76	RMSE: 35.96
Epoch 647	LOSS: 16.67	MAE: 27.74	RMSE: 35.95
Epoch 648	LOSS: 16.63	MAE: 27.69	RMSE: 35.95
Epoch 649	LOSS: 16.65	MAE: 27.69	RMSE: 35.94
Epoch 650	LOSS: 16.68	MAE: 27.69	RMSE: 35.94
Epoch 651	LOSS: 16.69	MAE: 27.75	RMSE: 35.98
Epoch 652	LOSS: 16.60	MAE: 27.73	RMSE: 35.96
Epoch 653	LOSS: 16.57	MAE: 27.69	RMSE: 35.95
Epoch 654	LOSS: 16.63	MAE: 27.70	RMSE: 35.95
Epoch 655	LOSS: 16.71	MAE: 27.71	RMSE: 35.97
Epoch 656	LOSS: 16.59	MAE: 27.76	RMSE: 35.98
Epoch 657	LOSS: 16.53	MAE: 27.67	RMSE: 35.94
Epoch 658	LOSS: 16.58	MAE: 27.68	RMSE: 35.94
Epoch 659	LOSS: 16.48	MAE: 27.67	RMSE: 35.95
Epoch 660	LOSS: 16.48	MAE: 27.66	RMSE: 35.96
Epoch 661	LOSS: 16.51	MAE: 27.67	RMSE: 35.94
Epoch 662	LOSS: 16.49	MAE: 27.68	RMSE: 35.96
Epoch 663	LOSS: 16.45	MAE: 27.71	RMSE: 35.97
Epoch 664	LOSS: 16.45	MAE: 27.64	RMSE: 35.92
Epoch 665	LOSS: 16.39	MAE: 27.66	RMSE: 35.95
Epoch 666	LOSS: 16.35	MAE: 27.65	RMSE: 35.93
Epoch 667	LOSS: 16.42	MAE: 27.64	RMSE: 35.94
Epoch 668	LOSS: 16.46	MAE: 27.68	RMSE: 35.98
Epoch 669	LOSS: 16.41	MAE: 27.67	RMSE: 35.97
Epoch 670	LOSS: 16.39	MAE: 27.64	RMSE: 35.93
Epoch 671	LOSS: 16.33	MAE: 27.63	RMSE: 35.94
Epoch 672	LOSS: 16.32	MAE: 27.63	RMSE: 35.96
Epoch 673	LOSS: 16.30	MAE: 27.62	RMSE: 35.94
Epoch 674	LOSS: 16.61	MAE: 27.69	RMSE: 35.97
Epoch 675	LOSS: 16.48	MAE: 27.67	RMSE: 35.96
Epoch 676	LOSS: 16.45	MAE: 27.63	RMSE: 35.95
Epoch 677	LOSS: 16.41	MAE: 27.66	RMSE: 35.97
Epoch 678	LOSS: 16.36	MAE: 27.65	RMSE: 35.95
Epoch 679	LOSS: 16.33	MAE: 27.61	RMSE: 35.96
Epoch 680	LOSS: 16.30	MAE: 27.61	RMSE: 35.97
Epoch 681	LOSS: 16.30	MAE: 27.61	RMSE: 35.98
Epoch 682	LOSS: 16.22	MAE: 27.64	RMSE: 35.95
Epoch 683	LOSS: 16.24	MAE: 27.60	RMSE: 35.95
Epoch 684	LOSS: 16.23	MAE: 27.61	RMSE: 35.95
Epoch 685	LOSS: 16.18	MAE: 27.61	RMSE: 35.97
Epoch 686	LOSS: 16.25	MAE: 27.60	RMSE: 35.98
Epoch 687	LOSS: 16.25	MAE: 27.59	RMSE: 35.95
Epoch 688	LOSS: 16.20	MAE: 27.59	RMSE: 35.97
Epoch 689	LOSS: 16.19	MAE: 27.58	RMSE: 35.95
Epoch 690	LOSS: 16.21	MAE: 27.61	RMSE: 35.95
Epoch 691	LOSS: 16.16	MAE: 27.61	RMSE: 35.96
Epoch 692	LOSS: 16.21	MAE: 27.60	RMSE: 35.96
Epoch 693	LOSS: 16.21	MAE: 27.58	RMSE: 35.97
Epoch 694	LOSS: 16.15	MAE: 27.58	RMSE: 35.95
Epoch 695	LOSS: 16.06	MAE: 27.62	RMSE: 35.96
Epoch 696	LOSS: 16.26	MAE: 27.62	RMSE: 35.95
Epoch 697	LOSS: 16.23	MAE: 27.56	RMSE: 35.95
Epoch 698	LOSS: 16.21	MAE: 27.61	RMSE: 35.96
Epoch 699	LOSS: 16.13	MAE: 27.56	RMSE: 35.94
Epoch 700	LOSS: 16.07	MAE: 27.59	RMSE: 35.96
Epoch 701	LOSS: 16.05	MAE: 27.60	RMSE: 35.95
Epoch 702	LOSS: 16.05	MAE: 27.58	RMSE: 35.96
Epoch 703	LOSS: 16.11	MAE: 27.57	RMSE: 35.92
Epoch 704	LOSS: 16.09	MAE: 27.56	RMSE: 35.99
Epoch 705	LOSS: 16.09	MAE: 27.52	RMSE: 35.94
Epoch 706	LOSS: 16.05	MAE: 27.53	RMSE: 35.95
Epoch 707	LOSS: 15.99	MAE: 27.55	RMSE: 35.96
Epoch 708	LOSS: 16.02	MAE: 27.52	RMSE: 35.93
Epoch 709	LOSS: 16.00	MAE: 27.54	RMSE: 35.96
Epoch 710	LOSS: 15.99	MAE: 27.58	RMSE: 35.98
Epoch 711	LOSS: 15.89	MAE: 27.53	RMSE: 35.99
Epoch 712	LOSS: 15.98	MAE: 27.53	RMSE: 35.98
Epoch 713	LOSS: 15.94	MAE: 27.51	RMSE: 35.97
Epoch 714	LOSS: 15.96	MAE: 27.48	RMSE: 35.92
Epoch 715	LOSS: 15.95	MAE: 27.52	RMSE: 35.95
Epoch 716	LOSS: 15.94	MAE: 27.53	RMSE: 35.97
Epoch 717	LOSS: 16.01	MAE: 27.54	RMSE: 35.96
Epoch 718	LOSS: 15.98	MAE: 27.53	RMSE: 35.99
Epoch 719	LOSS: 15.96	MAE: 27.49	RMSE: 35.97
Epoch 720	LOSS: 15.89	MAE: 27.51	RMSE: 35.98
Epoch 721	LOSS: 15.91	MAE: 27.52	RMSE: 36.00
Epoch 722	LOSS: 15.94	MAE: 27.49	RMSE: 35.95
Epoch 723	LOSS: 15.91	MAE: 27.48	RMSE: 35.95
Epoch 724	LOSS: 15.93	MAE: 27.50	RMSE: 35.93
Epoch 725	LOSS: 15.90	MAE: 27.47	RMSE: 35.95
Epoch 726	LOSS: 15.88	MAE: 27.45	RMSE: 35.92
Epoch 727	LOSS: 15.95	MAE: 27.50	RMSE: 35.95
Epoch 728	LOSS: 15.95	MAE: 27.56	RMSE: 35.91
Epoch 729	LOSS: 15.91	MAE: 27.56	RMSE: 35.94
Epoch 730	LOSS: 15.85	MAE: 27.58	RMSE: 35.93
Epoch 731	LOSS: 15.87	MAE: 27.61	RMSE: 35.96
Epoch 732	LOSS: 15.83	MAE: 27.61	RMSE: 35.95
Epoch 733	LOSS: 15.82	MAE: 27.57	RMSE: 35.93
Epoch 734	LOSS: 15.80	MAE: 27.59	RMSE: 35.96
Epoch 735	LOSS: 15.84	MAE: 27.56	RMSE: 35.98
Epoch 736	LOSS: 15.75	MAE: 27.45	RMSE: 35.97
Epoch 737	LOSS: 15.85	MAE: 27.53	RMSE: 35.95
Epoch 738	LOSS: 15.78	MAE: 27.47	RMSE: 35.98
Epoch 739	LOSS: 15.79	MAE: 27.48	RMSE: 35.99
Epoch 740	LOSS: 15.80	MAE: 27.47	RMSE: 35.95
Epoch 741	LOSS: 15.81	MAE: 27.55	RMSE: 35.96
Epoch 742	LOSS: 15.90	MAE: 27.57	RMSE: 36.00
Epoch 743	LOSS: 15.80	MAE: 27.55	RMSE: 35.95
Epoch 744	LOSS: 15.78	MAE: 27.58	RMSE: 35.94
Epoch 745	LOSS: 15.71	MAE: 27.54	RMSE: 35.96
Epoch 746	LOSS: 15.71	MAE: 27.52	RMSE: 35.96
Epoch 747	LOSS: 15.76	MAE: 27.52	RMSE: 35.96
Epoch 748	LOSS: 15.73	MAE: 27.53	RMSE: 35.95
Epoch 749	LOSS: 15.77	MAE: 27.51	RMSE: 35.94
Epoch 750	LOSS: 15.79	MAE: 27.52	RMSE: 35.96
Epoch 751	LOSS: 15.73	MAE: 27.54	RMSE: 35.97
Epoch 752	LOSS: 15.70	MAE: 27.54	RMSE: 35.96
Epoch 753	LOSS: 15.69	MAE: 27.53	RMSE: 35.96
Epoch 754	LOSS: 15.65	MAE: 27.53	RMSE: 35.97
Epoch 755	LOSS: 15.67	MAE: 27.53	RMSE: 35.97
Epoch 756	LOSS: 15.68	MAE: 27.51	RMSE: 35.95
Epoch 757	LOSS: 15.63	MAE: 27.53	RMSE: 35.96
Epoch 758	LOSS: 15.63	MAE: 27.50	RMSE: 35.95
Epoch 759	LOSS: 15.66	MAE: 27.47	RMSE: 35.93
Epoch 760	LOSS: 15.63	MAE: 27.51	RMSE: 35.98
Epoch 761	LOSS: 15.63	MAE: 27.45	RMSE: 35.93
Epoch 762	LOSS: 15.66	MAE: 27.49	RMSE: 35.97
Epoch 763	LOSS: 15.66	MAE: 27.47	RMSE: 35.95
Epoch 764	LOSS: 15.62	MAE: 27.48	RMSE: 35.97
Epoch 765	LOSS: 15.57	MAE: 27.47	RMSE: 35.95
Epoch 766	LOSS: 15.58	MAE: 27.50	RMSE: 35.98
Epoch 767	LOSS: 15.59	MAE: 27.49	RMSE: 35.97
Epoch 768	LOSS: 15.59	MAE: 27.47	RMSE: 35.96
Epoch 769	LOSS: 15.61	MAE: 27.49	RMSE: 35.98
Epoch 770	LOSS: 15.57	MAE: 27.47	RMSE: 35.95
Epoch 771	LOSS: 15.61	MAE: 27.49	RMSE: 35.97
Epoch 772	LOSS: 15.60	MAE: 27.48	RMSE: 35.95
Epoch 773	LOSS: 15.57	MAE: 27.48	RMSE: 35.95
Epoch 774	LOSS: 15.50	MAE: 27.49	RMSE: 35.97
Epoch 775	LOSS: 15.55	MAE: 27.48	RMSE: 35.95
Epoch 776	LOSS: 15.59	MAE: 27.47	RMSE: 35.96
Epoch 777	LOSS: 15.57	MAE: 27.51	RMSE: 35.99
Epoch 778	LOSS: 15.57	MAE: 27.47	RMSE: 35.97
Epoch 779	LOSS: 15.58	MAE: 27.48	RMSE: 35.97
Epoch 780	LOSS: 15.55	MAE: 27.49	RMSE: 35.98
Epoch 781	LOSS: 15.57	MAE: 27.47	RMSE: 35.97
Epoch 782	LOSS: 15.59	MAE: 27.47	RMSE: 35.97
Epoch 783	LOSS: 15.59	MAE: 27.47	RMSE: 35.96
Epoch 784	LOSS: 15.50	MAE: 27.49	RMSE: 35.99
Epoch 785	LOSS: 15.69	MAE: 27.48	RMSE: 35.96
Epoch 786	LOSS: 15.61	MAE: 27.49	RMSE: 35.97
Epoch 787	LOSS: 15.58	MAE: 27.51	RMSE: 35.97
Epoch 788	LOSS: 15.47	MAE: 27.53	RMSE: 35.97
Epoch 789	LOSS: 15.57	MAE: 27.50	RMSE: 35.98
Epoch 790	LOSS: 15.55	MAE: 27.48	RMSE: 35.98
Epoch 791	LOSS: 15.52	MAE: 27.50	RMSE: 35.97
Epoch 792	LOSS: 15.52	MAE: 27.46	RMSE: 35.94
Epoch 793	LOSS: 15.47	MAE: 27.49	RMSE: 35.99
Epoch 794	LOSS: 15.51	MAE: 27.50	RMSE: 35.97
Epoch 795	LOSS: 15.47	MAE: 27.45	RMSE: 35.96
Epoch 796	LOSS: 15.55	MAE: 27.44	RMSE: 35.95
Epoch 797	LOSS: 15.43	MAE: 27.49	RMSE: 35.96
Epoch 798	LOSS: 15.58	MAE: 27.46	RMSE: 35.95
Epoch 799	LOSS: 15.50	MAE: 27.48	RMSE: 35.96
Epoch 800	LOSS: 15.53	MAE: 27.50	RMSE: 35.99
Epoch 801	LOSS: 15.48	MAE: 27.48	RMSE: 35.99
Epoch 802	LOSS: 15.45	MAE: 27.49	RMSE: 36.00
Epoch 803	LOSS: 15.44	MAE: 27.47	RMSE: 35.99
Epoch 804	LOSS: 15.54	MAE: 27.50	RMSE: 36.01
Epoch 805	LOSS: 15.45	MAE: 27.47	RMSE: 35.97
Epoch 806	LOSS: 15.41	MAE: 27.46	RMSE: 35.98
Epoch 807	LOSS: 15.38	MAE: 27.47	RMSE: 35.99
Epoch 808	LOSS: 15.40	MAE: 27.50	RMSE: 36.01
Epoch 809	LOSS: 15.40	MAE: 27.48	RMSE: 35.99
Epoch 810	LOSS: 15.39	MAE: 27.49	RMSE: 36.01
Epoch 811	LOSS: 15.37	MAE: 27.51	RMSE: 36.00
Epoch 812	LOSS: 15.47	MAE: 27.48	RMSE: 36.01
Epoch 813	LOSS: 15.39	MAE: 27.47	RMSE: 35.98
Epoch 814	LOSS: 15.44	MAE: 27.46	RMSE: 35.99
Epoch 815	LOSS: 15.39	MAE: 27.46	RMSE: 36.00
Epoch 816	LOSS: 15.37	MAE: 27.48	RMSE: 36.02
Epoch 817	LOSS: 15.45	MAE: 27.47	RMSE: 36.01
Epoch 818	LOSS: 15.38	MAE: 27.45	RMSE: 35.97
Epoch 819	LOSS: 15.44	MAE: 27.48	RMSE: 35.99
Epoch 820	LOSS: 15.37	MAE: 27.46	RMSE: 35.99
Epoch 821	LOSS: 15.32	MAE: 27.46	RMSE: 35.99
Epoch 822	LOSS: 15.38	MAE: 27.47	RMSE: 35.99
Epoch 823	LOSS: 15.37	MAE: 27.46	RMSE: 36.01
Epoch 824	LOSS: 15.36	MAE: 27.43	RMSE: 35.97
Epoch 825	LOSS: 15.32	MAE: 27.43	RMSE: 35.97
Epoch 826	LOSS: 15.31	MAE: 27.44	RMSE: 35.99
Epoch 827	LOSS: 15.34	MAE: 27.43	RMSE: 36.01
Epoch 828	LOSS: 15.33	MAE: 27.42	RMSE: 35.99
Epoch 829	LOSS: 15.33	MAE: 27.45	RMSE: 36.01
Epoch 830	LOSS: 15.33	MAE: 27.42	RMSE: 35.98
Epoch 831	LOSS: 15.30	MAE: 27.41	RMSE: 35.98
Epoch 832	LOSS: 15.23	MAE: 27.46	RMSE: 36.01
Epoch 833	LOSS: 15.31	MAE: 27.41	RMSE: 35.98
Epoch 834	LOSS: 15.28	MAE: 27.40	RMSE: 35.97
Epoch 835	LOSS: 15.27	MAE: 27.44	RMSE: 36.01
Epoch 836	LOSS: 15.31	MAE: 27.44	RMSE: 35.97
Epoch 837	LOSS: 15.32	MAE: 27.42	RMSE: 35.96
Epoch 838	LOSS: 15.28	MAE: 27.44	RMSE: 36.00
Epoch 839	LOSS: 15.30	MAE: 27.44	RMSE: 36.01
Epoch 840	LOSS: 15.28	MAE: 27.43	RMSE: 36.00
Epoch 841	LOSS: 15.26	MAE: 27.43	RMSE: 35.99
Epoch 842	LOSS: 15.37	MAE: 27.44	RMSE: 35.98
Epoch 843	LOSS: 15.31	MAE: 27.42	RMSE: 35.96
Epoch 844	LOSS: 15.28	MAE: 27.41	RMSE: 35.95
Epoch 845	LOSS: 15.27	MAE: 27.44	RMSE: 36.01
Epoch 846	LOSS: 15.26	MAE: 27.41	RMSE: 36.00
Epoch 847	LOSS: 15.23	MAE: 27.39	RMSE: 35.98
Epoch 848	LOSS: 15.26	MAE: 27.41	RMSE: 35.99
Epoch 849	LOSS: 15.22	MAE: 27.41	RMSE: 36.00
Epoch 850	LOSS: 15.24	MAE: 27.41	RMSE: 36.01
Epoch 851	LOSS: 15.18	MAE: 27.39	RMSE: 35.99
Epoch 852	LOSS: 15.22	MAE: 27.41	RMSE: 35.98
Epoch 853	LOSS: 15.23	MAE: 27.43	RMSE: 36.02
Epoch 854	LOSS: 15.17	MAE: 27.40	RMSE: 35.99
Epoch 855	LOSS: 15.20	MAE: 27.40	RMSE: 36.01
Epoch 856	LOSS: 15.27	MAE: 27.40	RMSE: 36.00
Epoch 857	LOSS: 15.16	MAE: 27.42	RMSE: 36.02
Epoch 858	LOSS: 15.18	MAE: 27.41	RMSE: 36.00
Epoch 859	LOSS: 15.18	MAE: 27.42	RMSE: 35.98
Epoch 860	LOSS: 15.15	MAE: 27.41	RMSE: 35.97
Epoch 861	LOSS: 15.18	MAE: 27.38	RMSE: 35.98
Epoch 862	LOSS: 15.16	MAE: 27.39	RMSE: 36.00
Epoch 863	LOSS: 15.22	MAE: 27.40	RMSE: 36.02
Epoch 864	LOSS: 15.18	MAE: 27.39	RMSE: 36.01
Epoch 865	LOSS: 15.15	MAE: 27.40	RMSE: 36.02
Epoch 866	LOSS: 15.16	MAE: 27.39	RMSE: 35.99
Epoch 867	LOSS: 15.17	MAE: 27.37	RMSE: 35.98
Epoch 868	LOSS: 15.16	MAE: 27.38	RMSE: 36.01
Epoch 869	LOSS: 15.16	MAE: 27.36	RMSE: 35.99
Epoch 870	LOSS: 15.15	MAE: 27.38	RMSE: 36.01
Epoch 871	LOSS: 15.06	MAE: 27.40	RMSE: 36.04
Epoch 872	LOSS: 15.13	MAE: 27.39	RMSE: 36.01
Epoch 873	LOSS: 15.10	MAE: 27.39	RMSE: 36.03
Epoch 874	LOSS: 15.15	MAE: 27.37	RMSE: 36.00
Epoch 875	LOSS: 15.12	MAE: 27.38	RMSE: 36.01
Epoch 876	LOSS: 15.13	MAE: 27.37	RMSE: 36.00
Epoch 877	LOSS: 15.15	MAE: 27.39	RMSE: 36.02
Epoch 878	LOSS: 15.14	MAE: 27.39	RMSE: 36.04
Epoch 879	LOSS: 15.12	MAE: 27.38	RMSE: 36.02
Epoch 880	LOSS: 15.09	MAE: 27.36	RMSE: 36.01
Epoch 881	LOSS: 15.16	MAE: 27.36	RMSE: 36.00
Epoch 882	LOSS: 15.06	MAE: 27.39	RMSE: 36.04
Epoch 883	LOSS: 15.13	MAE: 27.38	RMSE: 36.03
Epoch 884	LOSS: 15.14	MAE: 27.39	RMSE: 36.03
Epoch 885	LOSS: 15.10	MAE: 27.37	RMSE: 36.02
Epoch 886	LOSS: 15.09	MAE: 27.36	RMSE: 36.01
Epoch 887	LOSS: 15.06	MAE: 27.37	RMSE: 36.03
Epoch 888	LOSS: 15.08	MAE: 27.36	RMSE: 36.03
Epoch 889	LOSS: 15.04	MAE: 27.36	RMSE: 36.02
Epoch 890	LOSS: 15.11	MAE: 27.35	RMSE: 36.01
Epoch 891	LOSS: 15.10	MAE: 27.38	RMSE: 35.99
Epoch 892	LOSS: 15.04	MAE: 27.38	RMSE: 36.00
Epoch 893	LOSS: 15.11	MAE: 27.37	RMSE: 36.02
Epoch 894	LOSS: 15.03	MAE: 27.36	RMSE: 36.01
Epoch 895	LOSS: 15.02	MAE: 27.38	RMSE: 35.99
Epoch 896	LOSS: 15.07	MAE: 27.38	RMSE: 35.96
Epoch 897	LOSS: 15.08	MAE: 27.40	RMSE: 36.00
Epoch 898	LOSS: 15.08	MAE: 27.36	RMSE: 36.00
Epoch 899	LOSS: 15.12	MAE: 27.40	RMSE: 36.01
Epoch 900	LOSS: 15.07	MAE: 27.36	RMSE: 36.01
Epoch 901	LOSS: 15.07	MAE: 27.34	RMSE: 35.99
Epoch 902	LOSS: 15.01	MAE: 27.37	RMSE: 36.03
Epoch 903	LOSS: 14.98	MAE: 27.35	RMSE: 35.99
Epoch 904	LOSS: 15.06	MAE: 27.33	RMSE: 35.99
Epoch 905	LOSS: 14.98	MAE: 27.37	RMSE: 36.00
Epoch 906	LOSS: 15.05	MAE: 27.34	RMSE: 36.02
Epoch 907	LOSS: 14.97	MAE: 27.37	RMSE: 36.01
Epoch 908	LOSS: 14.96	MAE: 27.35	RMSE: 36.00
Epoch 909	LOSS: 14.96	MAE: 27.35	RMSE: 36.01
Epoch 910	LOSS: 15.02	MAE: 27.35	RMSE: 36.00
Epoch 911	LOSS: 15.04	MAE: 27.36	RMSE: 36.01
Epoch 912	LOSS: 15.00	MAE: 27.35	RMSE: 36.02
Epoch 913	LOSS: 14.96	MAE: 27.36	RMSE: 36.03
Epoch 914	LOSS: 14.93	MAE: 27.37	RMSE: 36.03
Epoch 915	LOSS: 15.03	MAE: 27.35	RMSE: 36.01
Epoch 916	LOSS: 15.06	MAE: 27.38	RMSE: 36.03
Epoch 917	LOSS: 15.04	MAE: 27.35	RMSE: 36.02
Epoch 918	LOSS: 15.01	MAE: 27.35	RMSE: 35.99
Epoch 919	LOSS: 15.05	MAE: 27.37	RMSE: 36.04
Epoch 920	LOSS: 14.95	MAE: 27.35	RMSE: 36.00
Epoch 921	LOSS: 15.07	MAE: 27.32	RMSE: 35.98
Epoch 922	LOSS: 15.02	MAE: 27.37	RMSE: 36.06
Epoch 923	LOSS: 15.00	MAE: 27.35	RMSE: 36.03
Epoch 924	LOSS: 14.98	MAE: 27.35	RMSE: 36.01
Epoch 925	LOSS: 14.90	MAE: 27.37	RMSE: 36.03
Epoch 926	LOSS: 14.98	MAE: 27.33	RMSE: 36.03
Epoch 927	LOSS: 14.94	MAE: 27.36	RMSE: 36.04
Epoch 928	LOSS: 14.96	MAE: 27.34	RMSE: 36.05
Epoch 929	LOSS: 14.94	MAE: 27.32	RMSE: 36.04
Epoch 930	LOSS: 14.89	MAE: 27.32	RMSE: 36.04
Epoch 931	LOSS: 14.94	MAE: 27.31	RMSE: 36.03
Epoch 932	LOSS: 14.99	MAE: 27.32	RMSE: 36.03
Epoch 933	LOSS: 14.88	MAE: 27.35	RMSE: 36.05
Epoch 934	LOSS: 14.94	MAE: 27.31	RMSE: 36.03
Epoch 935	LOSS: 14.92	MAE: 27.33	RMSE: 36.03
Epoch 936	LOSS: 14.90	MAE: 27.31	RMSE: 36.02
Epoch 937	LOSS: 14.89	MAE: 27.32	RMSE: 36.06
Epoch 938	LOSS: 14.89	MAE: 27.30	RMSE: 36.01
Epoch 939	LOSS: 14.85	MAE: 27.31	RMSE: 36.04
Epoch 940	LOSS: 14.86	MAE: 27.30	RMSE: 36.02
Epoch 941	LOSS: 14.92	MAE: 27.32	RMSE: 35.97
Epoch 942	LOSS: 14.88	MAE: 27.34	RMSE: 36.01
Epoch 943	LOSS: 14.85	MAE: 27.32	RMSE: 36.00
Epoch 944	LOSS: 14.88	MAE: 27.32	RMSE: 36.02
Epoch 945	LOSS: 14.85	MAE: 27.32	RMSE: 36.02
Epoch 946	LOSS: 14.88	MAE: 27.32	RMSE: 36.04
Epoch 947	LOSS: 14.93	MAE: 27.28	RMSE: 35.95
Epoch 948	LOSS: 14.90	MAE: 27.30	RMSE: 36.06
Epoch 949	LOSS: 15.02	MAE: 27.32	RMSE: 36.06
Epoch 950	LOSS: 14.82	MAE: 27.30	RMSE: 36.03
Epoch 951	LOSS: 14.90	MAE: 27.32	RMSE: 36.08
Epoch 952	LOSS: 14.94	MAE: 27.31	RMSE: 36.04
Epoch 953	LOSS: 14.87	MAE: 27.30	RMSE: 36.04
Epoch 954	LOSS: 14.98	MAE: 27.30	RMSE: 36.05
Epoch 955	LOSS: 14.92	MAE: 27.31	RMSE: 36.05
Epoch 956	LOSS: 14.90	MAE: 27.30	RMSE: 36.04
Epoch 957	LOSS: 14.88	MAE: 27.31	RMSE: 36.06
Epoch 958	LOSS: 14.91	MAE: 27.31	RMSE: 36.05
Epoch 959	LOSS: 14.89	MAE: 27.29	RMSE: 36.03
Epoch 960	LOSS: 14.83	MAE: 27.28	RMSE: 35.98
Epoch 961	LOSS: 14.90	MAE: 27.33	RMSE: 36.01
Epoch 962	LOSS: 14.81	MAE: 27.31	RMSE: 36.04
Epoch 963	LOSS: 14.82	MAE: 27.29	RMSE: 36.02
Epoch 964	LOSS: 14.84	MAE: 27.30	RMSE: 36.04
Epoch 965	LOSS: 14.90	MAE: 27.29	RMSE: 36.05
Epoch 966	LOSS: 14.87	MAE: 27.29	RMSE: 35.99
Epoch 967	LOSS: 14.85	MAE: 27.31	RMSE: 36.05
Epoch 968	LOSS: 14.79	MAE: 27.30	RMSE: 36.05
Epoch 969	LOSS: 14.87	MAE: 27.32	RMSE: 36.02
Epoch 970	LOSS: 14.79	MAE: 27.31	RMSE: 36.02
Epoch 971	LOSS: 14.87	MAE: 27.32	RMSE: 36.01
Epoch 972	LOSS: 14.92	MAE: 27.28	RMSE: 36.04
Epoch 973	LOSS: 14.88	MAE: 27.29	RMSE: 36.05
Epoch 974	LOSS: 14.81	MAE: 27.27	RMSE: 36.04
Epoch 975	LOSS: 14.79	MAE: 27.28	RMSE: 36.03
Epoch 976	LOSS: 14.79	MAE: 27.28	RMSE: 36.03
Epoch 977	LOSS: 14.77	MAE: 27.27	RMSE: 36.01
Epoch 978	LOSS: 14.77	MAE: 27.27	RMSE: 36.01
Epoch 979	LOSS: 14.81	MAE: 27.31	RMSE: 36.03
Epoch 980	LOSS: 14.82	MAE: 27.29	RMSE: 36.05
Epoch 981	LOSS: 14.83	MAE: 27.28	RMSE: 36.00
Epoch 982	LOSS: 14.77	MAE: 27.26	RMSE: 36.04
Epoch 983	LOSS: 14.81	MAE: 27.30	RMSE: 36.08
Epoch 984	LOSS: 14.77	MAE: 27.28	RMSE: 36.06
Epoch 985	LOSS: 14.81	MAE: 27.28	RMSE: 36.06
Epoch 986	LOSS: 14.82	MAE: 27.29	RMSE: 36.06
Epoch 987	LOSS: 14.81	MAE: 27.31	RMSE: 36.09
Epoch 988	LOSS: 14.82	MAE: 27.29	RMSE: 36.07
Epoch 989	LOSS: 14.78	MAE: 27.30	RMSE: 36.02
Epoch 990	LOSS: 14.84	MAE: 27.29	RMSE: 36.08
Epoch 991	LOSS: 14.80	MAE: 27.32	RMSE: 36.08
Epoch 992	LOSS: 14.78	MAE: 27.28	RMSE: 36.04
Epoch 993	LOSS: 14.74	MAE: 27.27	RMSE: 36.05
Epoch 994	LOSS: 14.78	MAE: 27.28	RMSE: 36.07
Epoch 995	LOSS: 14.84	MAE: 27.26	RMSE: 36.05
Epoch 996	LOSS: 14.75	MAE: 27.29	RMSE: 36.04
Epoch 997	LOSS: 14.86	MAE: 27.29	RMSE: 36.05
Epoch 998	LOSS: 14.82	MAE: 27.27	RMSE: 36.07
Epoch 999	LOSS: 14.84	MAE: 27.27	RMSE: 36.06
