Epoch 000	LOSS: 229.69	MAE: 218.64	RMSE: 264.92
Epoch 001	LOSS: 229.49	MAE: 217.62	RMSE: 264.07
Epoch 002	LOSS: 230.47	MAE: 216.53	RMSE: 263.16
Epoch 003	LOSS: 227.77	MAE: 215.38	RMSE: 262.19
Epoch 004	LOSS: 225.46	MAE: 214.16	RMSE: 261.15
Epoch 005	LOSS: 224.80	MAE: 212.89	RMSE: 260.07
Epoch 006	LOSS: 226.48	MAE: 211.58	RMSE: 258.95
Epoch 007	LOSS: 221.67	MAE: 210.22	RMSE: 257.80
Epoch 008	LOSS: 218.82	MAE: 208.85	RMSE: 256.62
Epoch 009	LOSS: 215.39	MAE: 207.45	RMSE: 255.42
Epoch 010	LOSS: 216.70	MAE: 206.05	RMSE: 254.21
Epoch 011	LOSS: 211.34	MAE: 204.63	RMSE: 252.99
Epoch 012	LOSS: 212.56	MAE: 203.21	RMSE: 251.76
Epoch 013	LOSS: 212.45	MAE: 201.78	RMSE: 250.51
Epoch 014	LOSS: 211.33	MAE: 200.34	RMSE: 249.25
Epoch 015	LOSS: 212.17	MAE: 198.90	RMSE: 247.98
Epoch 016	LOSS: 209.85	MAE: 197.43	RMSE: 246.70
Epoch 017	LOSS: 209.11	MAE: 195.96	RMSE: 245.39
Epoch 018	LOSS: 205.70	MAE: 194.46	RMSE: 244.06
Epoch 019	LOSS: 200.46	MAE: 192.95	RMSE: 242.71
Epoch 020	LOSS: 202.63	MAE: 191.46	RMSE: 241.37
Epoch 021	LOSS: 201.74	MAE: 189.97	RMSE: 240.03
Epoch 022	LOSS: 200.74	MAE: 188.49	RMSE: 238.68
Epoch 023	LOSS: 198.90	MAE: 187.01	RMSE: 237.33
Epoch 024	LOSS: 193.28	MAE: 185.54	RMSE: 235.98
Epoch 025	LOSS: 195.11	MAE: 184.07	RMSE: 234.63
Epoch 026	LOSS: 193.54	MAE: 182.61	RMSE: 233.27
Epoch 027	LOSS: 192.91	MAE: 181.15	RMSE: 231.91
Epoch 028	LOSS: 189.32	MAE: 179.70	RMSE: 230.54
Epoch 029	LOSS: 188.09	MAE: 178.26	RMSE: 229.17
Epoch 030	LOSS: 188.50	MAE: 176.83	RMSE: 227.81
Epoch 031	LOSS: 188.06	MAE: 175.41	RMSE: 226.44
Epoch 032	LOSS: 182.05	MAE: 174.00	RMSE: 225.08
Epoch 033	LOSS: 181.50	MAE: 172.61	RMSE: 223.71
Epoch 034	LOSS: 184.71	MAE: 171.22	RMSE: 222.34
Epoch 035	LOSS: 180.70	MAE: 169.85	RMSE: 220.97
Epoch 036	LOSS: 180.74	MAE: 168.48	RMSE: 219.60
Epoch 037	LOSS: 174.99	MAE: 167.13	RMSE: 218.24
Epoch 038	LOSS: 175.17	MAE: 165.80	RMSE: 216.87
Epoch 039	LOSS: 172.39	MAE: 164.49	RMSE: 215.51
Epoch 040	LOSS: 173.49	MAE: 163.19	RMSE: 214.15
Epoch 041	LOSS: 172.96	MAE: 161.91	RMSE: 212.79
Epoch 042	LOSS: 170.15	MAE: 160.64	RMSE: 211.44
Epoch 043	LOSS: 170.14	MAE: 159.39	RMSE: 210.09
Epoch 044	LOSS: 169.04	MAE: 158.16	RMSE: 208.75
Epoch 045	LOSS: 168.54	MAE: 156.93	RMSE: 207.41
Epoch 046	LOSS: 165.54	MAE: 155.71	RMSE: 206.07
Epoch 047	LOSS: 163.15	MAE: 154.49	RMSE: 204.74
Epoch 048	LOSS: 164.42	MAE: 153.30	RMSE: 203.40
Epoch 049	LOSS: 162.03	MAE: 152.12	RMSE: 202.08
Epoch 050	LOSS: 160.97	MAE: 150.97	RMSE: 200.76
Epoch 051	LOSS: 158.89	MAE: 149.81	RMSE: 199.45
Epoch 052	LOSS: 157.49	MAE: 148.57	RMSE: 198.12
Epoch 053	LOSS: 154.16	MAE: 147.21	RMSE: 196.75
Epoch 054	LOSS: 155.90	MAE: 145.91	RMSE: 195.33
Epoch 055	LOSS: 152.90	MAE: 144.72	RMSE: 193.91
Epoch 056	LOSS: 153.32	MAE: 143.56	RMSE: 192.56
Epoch 057	LOSS: 148.75	MAE: 142.48	RMSE: 191.27
Epoch 058	LOSS: 151.51	MAE: 141.45	RMSE: 190.01
Epoch 059	LOSS: 147.50	MAE: 140.45	RMSE: 188.75
Epoch 060	LOSS: 143.72	MAE: 139.39	RMSE: 187.40
Epoch 061	LOSS: 146.02	MAE: 138.37	RMSE: 186.09
Epoch 062	LOSS: 142.80	MAE: 137.42	RMSE: 184.85
Epoch 063	LOSS: 140.71	MAE: 136.51	RMSE: 183.66
Epoch 064	LOSS: 140.80	MAE: 135.62	RMSE: 182.47
Epoch 065	LOSS: 139.60	MAE: 134.78	RMSE: 181.35
Epoch 066	LOSS: 141.72	MAE: 133.98	RMSE: 180.25
Epoch 067	LOSS: 138.57	MAE: 133.16	RMSE: 179.12
Epoch 068	LOSS: 137.37	MAE: 132.40	RMSE: 178.08
Epoch 069	LOSS: 136.23	MAE: 131.66	RMSE: 177.07
Epoch 070	LOSS: 134.86	MAE: 130.98	RMSE: 176.15
Epoch 071	LOSS: 135.31	MAE: 130.28	RMSE: 175.22
Epoch 072	LOSS: 130.97	MAE: 129.64	RMSE: 174.44
Epoch 073	LOSS: 132.76	MAE: 129.04	RMSE: 173.70
Epoch 074	LOSS: 130.43	MAE: 128.40	RMSE: 172.82
Epoch 075	LOSS: 130.79	MAE: 127.91	RMSE: 172.27
Epoch 076	LOSS: 130.13	MAE: 127.49	RMSE: 171.89
Epoch 077	LOSS: 127.85	MAE: 126.99	RMSE: 171.37
Epoch 078	LOSS: 126.97	MAE: 126.60	RMSE: 171.15
Epoch 079	LOSS: 125.14	MAE: 126.27	RMSE: 171.08
Epoch 080	LOSS: 125.56	MAE: 125.70	RMSE: 170.72
Epoch 081	LOSS: 120.51	MAE: 125.25	RMSE: 170.59
Epoch 082	LOSS: 119.14	MAE: 124.73	RMSE: 170.24
Epoch 083	LOSS: 117.29	MAE: 124.24	RMSE: 170.11
Epoch 084	LOSS: 119.73	MAE: 123.98	RMSE: 170.17
Epoch 085	LOSS: 117.16	MAE: 123.71	RMSE: 169.96
Epoch 086	LOSS: 117.07	MAE: 123.52	RMSE: 169.78
Epoch 087	LOSS: 114.82	MAE: 123.22	RMSE: 169.39
Epoch 088	LOSS: 114.53	MAE: 122.84	RMSE: 168.94
Epoch 089	LOSS: 115.46	MAE: 122.38	RMSE: 168.42
Epoch 090	LOSS: 111.92	MAE: 121.82	RMSE: 167.89
Epoch 091	LOSS: 113.29	MAE: 121.27	RMSE: 167.20
Epoch 092	LOSS: 112.51	MAE: 120.80	RMSE: 166.56
Epoch 093	LOSS: 111.09	MAE: 120.25	RMSE: 165.80
Epoch 094	LOSS: 112.34	MAE: 119.89	RMSE: 165.24
Epoch 095	LOSS: 111.00	MAE: 119.48	RMSE: 164.57
Epoch 096	LOSS: 110.91	MAE: 119.12	RMSE: 164.23
Epoch 097	LOSS: 109.61	MAE: 118.66	RMSE: 163.54
Epoch 098	LOSS: 108.79	MAE: 118.16	RMSE: 162.76
Epoch 099	LOSS: 107.38	MAE: 117.72	RMSE: 162.02
Epoch 100	LOSS: 109.11	MAE: 117.33	RMSE: 161.51
Epoch 101	LOSS: 105.82	MAE: 116.94	RMSE: 160.96
Epoch 102	LOSS: 107.13	MAE: 116.55	RMSE: 160.39
Epoch 103	LOSS: 108.45	MAE: 116.22	RMSE: 159.90
Epoch 104	LOSS: 105.11	MAE: 115.87	RMSE: 159.41
Epoch 105	LOSS: 105.70	MAE: 115.63	RMSE: 159.18
Epoch 106	LOSS: 105.06	MAE: 115.30	RMSE: 158.82
Epoch 107	LOSS: 104.66	MAE: 115.06	RMSE: 158.59
Epoch 108	LOSS: 104.63	MAE: 114.74	RMSE: 158.00
Epoch 109	LOSS: 105.16	MAE: 114.47	RMSE: 157.57
Epoch 110	LOSS: 105.15	MAE: 114.20	RMSE: 157.13
Epoch 111	LOSS: 104.66	MAE: 113.92	RMSE: 156.76
Epoch 112	LOSS: 102.66	MAE: 113.71	RMSE: 156.41
Epoch 113	LOSS: 103.87	MAE: 113.48	RMSE: 156.15
Epoch 114	LOSS: 103.47	MAE: 113.23	RMSE: 155.71
Epoch 115	LOSS: 101.83	MAE: 112.96	RMSE: 155.42
Epoch 116	LOSS: 102.45	MAE: 112.75	RMSE: 155.10
Epoch 117	LOSS: 104.14	MAE: 112.54	RMSE: 154.95
Epoch 118	LOSS: 101.48	MAE: 112.30	RMSE: 154.77
Epoch 119	LOSS: 102.05	MAE: 111.90	RMSE: 154.53
Epoch 120	LOSS: 100.75	MAE: 111.51	RMSE: 154.05
Epoch 121	LOSS: 102.84	MAE: 111.38	RMSE: 153.79
Epoch 122	LOSS: 102.32	MAE: 111.20	RMSE: 153.69
Epoch 123	LOSS: 102.63	MAE: 110.79	RMSE: 152.98
Epoch 124	LOSS: 99.29	MAE: 110.51	RMSE: 152.45
Epoch 125	LOSS: 97.95	MAE: 110.23	RMSE: 152.05
Epoch 126	LOSS: 99.49	MAE: 109.97	RMSE: 151.87
Epoch 127	LOSS: 99.17	MAE: 109.68	RMSE: 151.56
Epoch 128	LOSS: 98.05	MAE: 109.45	RMSE: 151.10
Epoch 129	LOSS: 96.52	MAE: 109.14	RMSE: 150.74
Epoch 130	LOSS: 97.52	MAE: 108.87	RMSE: 150.50
Epoch 131	LOSS: 97.24	MAE: 108.54	RMSE: 149.99
Epoch 132	LOSS: 97.57	MAE: 108.25	RMSE: 149.58
Epoch 133	LOSS: 97.13	MAE: 107.94	RMSE: 149.29
Epoch 134	LOSS: 98.23	MAE: 107.63	RMSE: 148.91
Epoch 135	LOSS: 95.48	MAE: 107.08	RMSE: 148.59
Epoch 136	LOSS: 96.85	MAE: 106.44	RMSE: 147.97
Epoch 137	LOSS: 95.49	MAE: 106.16	RMSE: 147.69
Epoch 138	LOSS: 93.83	MAE: 105.82	RMSE: 147.06
Epoch 139	LOSS: 93.25	MAE: 105.50	RMSE: 146.58
Epoch 140	LOSS: 95.33	MAE: 105.20	RMSE: 145.93
Epoch 141	LOSS: 95.28	MAE: 104.89	RMSE: 145.52
Epoch 142	LOSS: 94.05	MAE: 104.59	RMSE: 145.08
Epoch 143	LOSS: 94.71	MAE: 104.32	RMSE: 144.74
Epoch 144	LOSS: 93.43	MAE: 104.17	RMSE: 144.58
Epoch 145	LOSS: 92.18	MAE: 104.14	RMSE: 144.67
Epoch 146	LOSS: 90.07	MAE: 103.86	RMSE: 144.26
Epoch 147	LOSS: 90.40	MAE: 103.63	RMSE: 143.97
Epoch 148	LOSS: 92.46	MAE: 103.31	RMSE: 143.51
Epoch 149	LOSS: 91.07	MAE: 103.03	RMSE: 143.13
Epoch 150	LOSS: 89.94	MAE: 102.80	RMSE: 142.46
Epoch 151	LOSS: 90.36	MAE: 102.43	RMSE: 141.79
Epoch 152	LOSS: 90.90	MAE: 102.18	RMSE: 141.34
Epoch 153	LOSS: 90.60	MAE: 101.89	RMSE: 140.92
Epoch 154	LOSS: 89.71	MAE: 101.68	RMSE: 140.51
Epoch 155	LOSS: 89.21	MAE: 101.39	RMSE: 140.32
Epoch 156	LOSS: 89.44	MAE: 101.25	RMSE: 140.10
Epoch 157	LOSS: 88.38	MAE: 101.03	RMSE: 139.99
Epoch 158	LOSS: 88.97	MAE: 100.81	RMSE: 139.65
Epoch 159	LOSS: 89.65	MAE: 100.60	RMSE: 139.52
Epoch 160	LOSS: 87.33	MAE: 100.40	RMSE: 139.21
Epoch 161	LOSS: 86.86	MAE: 100.16	RMSE: 138.95
Epoch 162	LOSS: 86.90	MAE: 99.96	RMSE: 138.37
Epoch 163	LOSS: 86.04	MAE: 99.52	RMSE: 138.05
Epoch 164	LOSS: 85.79	MAE: 98.99	RMSE: 137.68
Epoch 165	LOSS: 86.57	MAE: 98.61	RMSE: 137.49
Epoch 166	LOSS: 87.31	MAE: 98.42	RMSE: 136.87
Epoch 167	LOSS: 85.61	MAE: 98.18	RMSE: 136.59
Epoch 168	LOSS: 86.16	MAE: 97.91	RMSE: 136.23
Epoch 169	LOSS: 85.07	MAE: 97.66	RMSE: 135.78
Epoch 170	LOSS: 84.24	MAE: 97.43	RMSE: 135.15
Epoch 171	LOSS: 85.89	MAE: 97.16	RMSE: 134.78
Epoch 172	LOSS: 85.43	MAE: 97.05	RMSE: 134.36
Epoch 173	LOSS: 84.66	MAE: 96.73	RMSE: 134.06
Epoch 174	LOSS: 84.94	MAE: 96.62	RMSE: 133.71
Epoch 175	LOSS: 82.97	MAE: 96.35	RMSE: 133.59
Epoch 176	LOSS: 83.96	MAE: 96.19	RMSE: 133.43
Epoch 177	LOSS: 83.40	MAE: 95.99	RMSE: 133.30
Epoch 178	LOSS: 84.48	MAE: 95.90	RMSE: 132.95
Epoch 179	LOSS: 82.98	MAE: 95.69	RMSE: 132.88
Epoch 180	LOSS: 82.84	MAE: 95.53	RMSE: 132.60
Epoch 181	LOSS: 81.51	MAE: 95.34	RMSE: 132.40
Epoch 182	LOSS: 82.64	MAE: 95.22	RMSE: 132.10
Epoch 183	LOSS: 82.53	MAE: 94.99	RMSE: 132.01
Epoch 184	LOSS: 82.14	MAE: 94.83	RMSE: 131.70
Epoch 185	LOSS: 82.14	MAE: 94.67	RMSE: 131.52
Epoch 186	LOSS: 80.58	MAE: 94.63	RMSE: 131.12
Epoch 187	LOSS: 80.47	MAE: 94.42	RMSE: 130.92
Epoch 188	LOSS: 79.58	MAE: 94.32	RMSE: 130.64
Epoch 189	LOSS: 80.65	MAE: 94.13	RMSE: 130.53
Epoch 190	LOSS: 80.83	MAE: 94.10	RMSE: 130.23
Epoch 191	LOSS: 80.73	MAE: 93.87	RMSE: 130.07
Epoch 192	LOSS: 80.39	MAE: 93.83	RMSE: 129.72
Epoch 193	LOSS: 79.72	MAE: 93.57	RMSE: 129.53
Epoch 194	LOSS: 79.30	MAE: 93.54	RMSE: 129.22
Epoch 195	LOSS: 78.87	MAE: 93.27	RMSE: 129.13
Epoch 196	LOSS: 78.23	MAE: 93.11	RMSE: 128.97
Epoch 197	LOSS: 79.18	MAE: 92.92	RMSE: 128.92
Epoch 198	LOSS: 77.77	MAE: 92.86	RMSE: 128.70
Epoch 199	LOSS: 76.61	MAE: 92.65	RMSE: 128.64
Epoch 200	LOSS: 77.46	MAE: 92.56	RMSE: 128.32
Epoch 201	LOSS: 77.57	MAE: 92.42	RMSE: 128.11
Epoch 202	LOSS: 77.87	MAE: 92.45	RMSE: 127.80
Epoch 203	LOSS: 77.50	MAE: 92.21	RMSE: 127.63
Epoch 204	LOSS: 77.68	MAE: 92.10	RMSE: 127.40
Epoch 205	LOSS: 77.26	MAE: 91.89	RMSE: 127.31
Epoch 206	LOSS: 77.19	MAE: 91.90	RMSE: 127.07
Epoch 207	LOSS: 76.62	MAE: 91.60	RMSE: 126.96
Epoch 208	LOSS: 76.55	MAE: 91.52	RMSE: 126.67
Epoch 209	LOSS: 76.09	MAE: 91.30	RMSE: 126.48
Epoch 210	LOSS: 75.60	MAE: 91.30	RMSE: 126.20
Epoch 211	LOSS: 76.78	MAE: 91.04	RMSE: 126.04
Epoch 212	LOSS: 76.56	MAE: 90.96	RMSE: 125.82
Epoch 213	LOSS: 76.01	MAE: 90.71	RMSE: 125.74
Epoch 214	LOSS: 74.98	MAE: 90.77	RMSE: 125.57
Epoch 215	LOSS: 73.50	MAE: 90.43	RMSE: 125.50
Epoch 216	LOSS: 75.03	MAE: 90.36	RMSE: 125.28
Epoch 217	LOSS: 74.71	MAE: 90.25	RMSE: 125.05
Epoch 218	LOSS: 73.95	MAE: 90.45	RMSE: 124.85
Epoch 219	LOSS: 74.15	MAE: 90.16	RMSE: 124.61
Epoch 220	LOSS: 74.33	MAE: 90.08	RMSE: 124.38
Epoch 221	LOSS: 73.03	MAE: 89.86	RMSE: 124.28
Epoch 222	LOSS: 74.00	MAE: 89.88	RMSE: 124.02
Epoch 223	LOSS: 73.72	MAE: 89.54	RMSE: 123.81
Epoch 224	LOSS: 72.39	MAE: 89.35	RMSE: 123.66
Epoch 225	LOSS: 72.76	MAE: 89.16	RMSE: 123.68
Epoch 226	LOSS: 72.37	MAE: 89.22	RMSE: 123.42
Epoch 227	LOSS: 72.02	MAE: 88.97	RMSE: 123.27
Epoch 228	LOSS: 73.60	MAE: 88.93	RMSE: 123.05
Epoch 229	LOSS: 72.03	MAE: 88.67	RMSE: 122.90
Epoch 230	LOSS: 71.77	MAE: 88.41	RMSE: 122.54
Epoch 231	LOSS: 72.91	MAE: 88.28	RMSE: 122.49
Epoch 232	LOSS: 72.49	MAE: 88.27	RMSE: 122.31
Epoch 233	LOSS: 72.89	MAE: 87.96	RMSE: 122.19
Epoch 234	LOSS: 71.28	MAE: 88.15	RMSE: 122.01
Epoch 235	LOSS: 70.84	MAE: 87.85	RMSE: 121.85
Epoch 236	LOSS: 69.42	MAE: 87.75	RMSE: 121.59
Epoch 237	LOSS: 70.83	MAE: 87.49	RMSE: 121.53
Epoch 238	LOSS: 71.30	MAE: 87.58	RMSE: 121.35
Epoch 239	LOSS: 71.08	MAE: 87.31	RMSE: 121.22
Epoch 240	LOSS: 71.13	MAE: 87.21	RMSE: 121.08
Epoch 241	LOSS: 70.69	MAE: 86.87	RMSE: 121.17
Epoch 242	LOSS: 70.74	MAE: 86.93	RMSE: 120.80
Epoch 243	LOSS: 69.56	MAE: 86.65	RMSE: 120.87
Epoch 244	LOSS: 69.49	MAE: 86.69	RMSE: 120.64
Epoch 245	LOSS: 69.59	MAE: 86.55	RMSE: 120.45
Epoch 246	LOSS: 69.39	MAE: 86.85	RMSE: 120.31
Epoch 247	LOSS: 69.39	MAE: 86.43	RMSE: 120.17
Epoch 248	LOSS: 68.19	MAE: 86.43	RMSE: 119.99
Epoch 249	LOSS: 68.77	MAE: 86.09	RMSE: 119.94
Epoch 250	LOSS: 67.99	MAE: 86.51	RMSE: 119.85
Epoch 251	LOSS: 68.78	MAE: 85.94	RMSE: 119.64
Epoch 252	LOSS: 69.13	MAE: 85.77	RMSE: 119.68
Epoch 253	LOSS: 68.59	MAE: 85.59	RMSE: 119.53
Epoch 254	LOSS: 68.70	MAE: 86.35	RMSE: 119.39
Epoch 255	LOSS: 66.80	MAE: 85.66	RMSE: 119.13
Epoch 256	LOSS: 68.01	MAE: 85.35	RMSE: 119.30
Epoch 257	LOSS: 67.76	MAE: 85.27	RMSE: 118.76
Epoch 258	LOSS: 67.11	MAE: 85.88	RMSE: 118.72
Epoch 259	LOSS: 67.65	MAE: 85.05	RMSE: 118.33
Epoch 260	LOSS: 66.73	MAE: 84.87	RMSE: 118.38
Epoch 261	LOSS: 67.40	MAE: 84.64	RMSE: 118.03
Epoch 262	LOSS: 67.12	MAE: 85.77	RMSE: 118.26
Epoch 263	LOSS: 66.42	MAE: 84.79	RMSE: 117.73
Epoch 264	LOSS: 66.16	MAE: 84.52	RMSE: 118.41
Epoch 265	LOSS: 67.53	MAE: 84.39	RMSE: 117.30
Epoch 266	LOSS: 67.25	MAE: 84.13	RMSE: 117.20
Epoch 267	LOSS: 66.61	MAE: 83.60	RMSE: 118.98
Epoch 268	LOSS: 66.45	MAE: 83.12	RMSE: 117.25
Epoch 269	LOSS: 66.22	MAE: 83.44	RMSE: 116.82
Epoch 270	LOSS: 65.61	MAE: 83.75	RMSE: 116.52
Epoch 271	LOSS: 66.22	MAE: 83.28	RMSE: 116.37
Epoch 272	LOSS: 65.71	MAE: 83.51	RMSE: 116.01
Epoch 273	LOSS: 66.56	MAE: 82.82	RMSE: 115.72
Epoch 274	LOSS: 64.92	MAE: 82.20	RMSE: 115.64
Epoch 275	LOSS: 64.62	MAE: 82.05	RMSE: 116.21
Epoch 276	LOSS: 65.16	MAE: 82.65	RMSE: 115.10
Epoch 277	LOSS: 65.29	MAE: 82.62	RMSE: 114.98
Epoch 278	LOSS: 64.73	MAE: 82.39	RMSE: 114.88
Epoch 279	LOSS: 64.00	MAE: 81.85	RMSE: 115.17
Epoch 280	LOSS: 64.96	MAE: 81.82	RMSE: 114.33
Epoch 281	LOSS: 63.25	MAE: 81.05	RMSE: 114.99
Epoch 282	LOSS: 62.85	MAE: 80.78	RMSE: 114.81
Epoch 283	LOSS: 63.27	MAE: 81.29	RMSE: 113.90
Epoch 284	LOSS: 63.95	MAE: 81.21	RMSE: 113.76
Epoch 285	LOSS: 64.41	MAE: 80.78	RMSE: 114.49
Epoch 286	LOSS: 64.00	MAE: 81.34	RMSE: 113.60
Epoch 287	LOSS: 63.81	MAE: 80.41	RMSE: 114.47
Epoch 288	LOSS: 63.14	MAE: 80.16	RMSE: 114.58
Epoch 289	LOSS: 62.36	MAE: 80.70	RMSE: 113.26
Epoch 290	LOSS: 63.49	MAE: 79.98	RMSE: 113.17
Epoch 291	LOSS: 62.29	MAE: 79.82	RMSE: 113.54
Epoch 292	LOSS: 62.65	MAE: 80.36	RMSE: 112.51
Epoch 293	LOSS: 62.81	MAE: 79.61	RMSE: 112.29
Epoch 294	LOSS: 63.63	MAE: 78.98	RMSE: 112.58
Epoch 295	LOSS: 62.18	MAE: 78.92	RMSE: 112.52
Epoch 296	LOSS: 63.12	MAE: 80.50	RMSE: 112.25
Epoch 297	LOSS: 63.00	MAE: 79.38	RMSE: 111.85
Epoch 298	LOSS: 62.48	MAE: 78.78	RMSE: 111.91
Epoch 299	LOSS: 62.45	MAE: 78.73	RMSE: 111.70
Epoch 300	LOSS: 62.24	MAE: 79.17	RMSE: 111.40
Epoch 301	LOSS: 60.89	MAE: 78.25	RMSE: 111.84
Epoch 302	LOSS: 62.24	MAE: 78.76	RMSE: 111.18
Epoch 303	LOSS: 61.83	MAE: 78.13	RMSE: 111.79
Epoch 304	LOSS: 60.78	MAE: 77.96	RMSE: 111.18
Epoch 305	LOSS: 62.26	MAE: 78.11	RMSE: 110.50
Epoch 306	LOSS: 61.94	MAE: 78.41	RMSE: 110.22
Epoch 307	LOSS: 60.78	MAE: 77.47	RMSE: 111.09
Epoch 308	LOSS: 61.20	MAE: 77.90	RMSE: 109.82
Epoch 309	LOSS: 61.00	MAE: 78.31	RMSE: 109.79
Epoch 310	LOSS: 60.85	MAE: 76.97	RMSE: 110.94
Epoch 311	LOSS: 60.20	MAE: 75.94	RMSE: 108.69
Epoch 312	LOSS: 61.30	MAE: 77.24	RMSE: 108.63
Epoch 313	LOSS: 59.47	MAE: 75.87	RMSE: 107.84
Epoch 314	LOSS: 59.48	MAE: 75.81	RMSE: 109.22
Epoch 315	LOSS: 59.70	MAE: 80.54	RMSE: 110.41
Epoch 316	LOSS: 60.13	MAE: 77.93	RMSE: 108.79
Epoch 317	LOSS: 59.80	MAE: 76.65	RMSE: 107.98
Epoch 318	LOSS: 59.67	MAE: 75.55	RMSE: 108.80
Epoch 319	LOSS: 60.51	MAE: 75.38	RMSE: 108.21
Epoch 320	LOSS: 59.89	MAE: 75.29	RMSE: 106.88
Epoch 321	LOSS: 59.12	MAE: 75.28	RMSE: 106.85
Epoch 322	LOSS: 59.66	MAE: 74.83	RMSE: 106.88
Epoch 323	LOSS: 59.55	MAE: 75.96	RMSE: 106.76
Epoch 324	LOSS: 58.98	MAE: 75.64	RMSE: 106.58
Epoch 325	LOSS: 58.34	MAE: 74.59	RMSE: 106.85
Epoch 326	LOSS: 60.33	MAE: 74.91	RMSE: 106.40
Epoch 327	LOSS: 58.95	MAE: 75.26	RMSE: 106.47
Epoch 328	LOSS: 58.41	MAE: 74.49	RMSE: 106.55
Epoch 329	LOSS: 59.01	MAE: 74.74	RMSE: 106.13
Epoch 330	LOSS: 57.91	MAE: 74.20	RMSE: 106.00
Epoch 331	LOSS: 58.22	MAE: 74.30	RMSE: 106.58
Epoch 332	LOSS: 59.23	MAE: 74.35	RMSE: 105.80
Epoch 333	LOSS: 58.48	MAE: 73.99	RMSE: 105.67
Epoch 334	LOSS: 58.44	MAE: 74.06	RMSE: 106.32
Epoch 335	LOSS: 58.69	MAE: 74.23	RMSE: 105.48
Epoch 336	LOSS: 58.51	MAE: 74.31	RMSE: 105.46
Epoch 337	LOSS: 59.02	MAE: 74.02	RMSE: 106.24
Epoch 338	LOSS: 58.35	MAE: 73.43	RMSE: 105.28
Epoch 339	LOSS: 58.39	MAE: 73.52	RMSE: 105.04
Epoch 340	LOSS: 58.97	MAE: 73.63	RMSE: 105.32
Epoch 341	LOSS: 58.07	MAE: 74.53	RMSE: 105.29
Epoch 342	LOSS: 57.71	MAE: 73.55	RMSE: 104.86
Epoch 343	LOSS: 58.74	MAE: 73.76	RMSE: 105.92
Epoch 344	LOSS: 57.73	MAE: 72.91	RMSE: 104.50
Epoch 345	LOSS: 57.00	MAE: 72.92	RMSE: 104.37
Epoch 346	LOSS: 58.53	MAE: 72.92	RMSE: 104.69
Epoch 347	LOSS: 57.09	MAE: 73.39	RMSE: 104.29
Epoch 348	LOSS: 56.58	MAE: 72.66	RMSE: 103.97
Epoch 349	LOSS: 57.74	MAE: 72.74	RMSE: 104.73
Epoch 350	LOSS: 57.47	MAE: 72.54	RMSE: 103.78
Epoch 351	LOSS: 57.68	MAE: 72.25	RMSE: 103.62
Epoch 352	LOSS: 57.96	MAE: 72.42	RMSE: 104.21
Epoch 353	LOSS: 57.21	MAE: 72.64	RMSE: 103.70
Epoch 354	LOSS: 57.17	MAE: 72.20	RMSE: 103.56
Epoch 355	LOSS: 57.98	MAE: 72.38	RMSE: 104.26
Epoch 356	LOSS: 57.07	MAE: 72.41	RMSE: 103.40
Epoch 357	LOSS: 57.32	MAE: 72.36	RMSE: 103.34
Epoch 358	LOSS: 58.09	MAE: 72.14	RMSE: 103.91
Epoch 359	LOSS: 57.17	MAE: 71.84	RMSE: 103.13
Epoch 360	LOSS: 57.02	MAE: 71.76	RMSE: 103.05
Epoch 361	LOSS: 57.85	MAE: 71.78	RMSE: 103.39
Epoch 362	LOSS: 57.47	MAE: 72.85	RMSE: 103.35
Epoch 363	LOSS: 57.15	MAE: 72.56	RMSE: 103.20
Epoch 364	LOSS: 57.07	MAE: 71.86	RMSE: 103.43
Epoch 365	LOSS: 56.20	MAE: 72.07	RMSE: 103.07
Epoch 366	LOSS: 56.79	MAE: 71.92	RMSE: 103.07
Epoch 367	LOSS: 57.40	MAE: 72.12	RMSE: 103.72
Epoch 368	LOSS: 56.93	MAE: 72.81	RMSE: 103.31
Epoch 369	LOSS: 57.33	MAE: 73.36	RMSE: 103.58
Epoch 370	LOSS: 56.11	MAE: 71.77	RMSE: 103.15
Epoch 371	LOSS: 56.98	MAE: 71.85	RMSE: 102.90
Epoch 372	LOSS: 56.82	MAE: 71.76	RMSE: 102.83
Epoch 373	LOSS: 56.58	MAE: 71.78	RMSE: 103.21
Epoch 374	LOSS: 57.27	MAE: 72.22	RMSE: 102.82
Epoch 375	LOSS: 56.73	MAE: 71.68	RMSE: 102.58
Epoch 376	LOSS: 56.90	MAE: 71.45	RMSE: 102.89
Epoch 377	LOSS: 56.16	MAE: 71.90	RMSE: 102.48
Epoch 378	LOSS: 55.99	MAE: 71.19	RMSE: 102.33
Epoch 379	LOSS: 56.63	MAE: 71.55	RMSE: 103.13
Epoch 380	LOSS: 56.37	MAE: 72.65	RMSE: 102.76
Epoch 381	LOSS: 56.55	MAE: 72.61	RMSE: 102.70
Epoch 382	LOSS: 55.37	MAE: 71.20	RMSE: 102.32
Epoch 383	LOSS: 56.90	MAE: 71.20	RMSE: 102.11
Epoch 384	LOSS: 55.82	MAE: 71.02	RMSE: 102.32
Epoch 385	LOSS: 56.11	MAE: 71.35	RMSE: 102.77
Epoch 386	LOSS: 56.44	MAE: 73.29	RMSE: 103.02
Epoch 387	LOSS: 56.21	MAE: 75.50	RMSE: 104.57
Epoch 388	LOSS: 55.75	MAE: 72.26	RMSE: 102.54
Epoch 389	LOSS: 55.39	MAE: 71.28	RMSE: 102.09
Epoch 390	LOSS: 55.84	MAE: 72.12	RMSE: 103.91
Epoch 391	LOSS: 55.29	MAE: 71.42	RMSE: 102.37
Epoch 392	LOSS: 55.97	MAE: 73.09	RMSE: 102.76
Epoch 393	LOSS: 55.74	MAE: 71.91	RMSE: 102.09
Epoch 394	LOSS: 56.00	MAE: 71.18	RMSE: 102.30
Epoch 395	LOSS: 55.55	MAE: 70.90	RMSE: 101.57
Epoch 396	LOSS: 55.27	MAE: 70.80	RMSE: 101.40
Epoch 397	LOSS: 55.98	MAE: 70.76	RMSE: 101.66
Epoch 398	LOSS: 55.82	MAE: 70.97	RMSE: 101.28
Epoch 399	LOSS: 55.07	MAE: 70.48	RMSE: 101.21
Epoch 400	LOSS: 55.62	MAE: 70.78	RMSE: 101.85
Epoch 401	LOSS: 55.57	MAE: 70.67	RMSE: 101.08
Epoch 402	LOSS: 54.91	MAE: 70.30	RMSE: 101.01
Epoch 403	LOSS: 55.45	MAE: 70.56	RMSE: 101.64
Epoch 404	LOSS: 54.49	MAE: 70.68	RMSE: 101.03
Epoch 405	LOSS: 54.94	MAE: 70.19	RMSE: 100.89
Epoch 406	LOSS: 54.96	MAE: 70.60	RMSE: 101.81
Epoch 407	LOSS: 54.86	MAE: 70.84	RMSE: 100.98
Epoch 408	LOSS: 54.80	MAE: 71.01	RMSE: 101.03
Epoch 409	LOSS: 54.93	MAE: 70.23	RMSE: 101.19
Epoch 410	LOSS: 55.56	MAE: 70.23	RMSE: 100.69
Epoch 411	LOSS: 53.82	MAE: 70.15	RMSE: 100.65
Epoch 412	LOSS: 54.68	MAE: 70.06	RMSE: 100.90
Epoch 413	LOSS: 54.74	MAE: 71.41	RMSE: 101.13
Epoch 414	LOSS: 54.21	MAE: 70.73	RMSE: 100.75
Epoch 415	LOSS: 54.84	MAE: 70.32	RMSE: 101.26
Epoch 416	LOSS: 54.96	MAE: 70.20	RMSE: 100.47
Epoch 417	LOSS: 54.63	MAE: 70.65	RMSE: 100.67
Epoch 418	LOSS: 54.75	MAE: 69.84	RMSE: 100.57
Epoch 419	LOSS: 53.52	MAE: 70.38	RMSE: 100.49
Epoch 420	LOSS: 54.54	MAE: 69.71	RMSE: 100.31
Epoch 421	LOSS: 54.34	MAE: 70.33	RMSE: 101.24
Epoch 422	LOSS: 54.83	MAE: 70.91	RMSE: 100.66
Epoch 423	LOSS: 54.33	MAE: 72.08	RMSE: 101.38
Epoch 424	LOSS: 54.12	MAE: 69.77	RMSE: 100.24
Epoch 425	LOSS: 53.69	MAE: 69.77	RMSE: 100.12
Epoch 426	LOSS: 54.31	MAE: 69.49	RMSE: 100.22
Epoch 427	LOSS: 55.06	MAE: 69.98	RMSE: 100.88
Epoch 428	LOSS: 54.28	MAE: 70.13	RMSE: 100.04
Epoch 429	LOSS: 54.42	MAE: 69.99	RMSE: 99.85
Epoch 430	LOSS: 54.31	MAE: 69.43	RMSE: 100.05
Epoch 431	LOSS: 54.59	MAE: 69.73	RMSE: 99.81
Epoch 432	LOSS: 53.79	MAE: 69.29	RMSE: 99.75
Epoch 433	LOSS: 54.20	MAE: 69.99	RMSE: 100.88
Epoch 434	LOSS: 53.87	MAE: 69.49	RMSE: 99.60
Epoch 435	LOSS: 54.56	MAE: 69.41	RMSE: 99.55
Epoch 436	LOSS: 53.42	MAE: 69.27	RMSE: 99.94
Epoch 437	LOSS: 54.02	MAE: 69.76	RMSE: 99.60
Epoch 438	LOSS: 53.73	MAE: 69.42	RMSE: 99.44
Epoch 439	LOSS: 54.18	MAE: 69.27	RMSE: 99.97
Epoch 440	LOSS: 52.58	MAE: 69.54	RMSE: 99.44
Epoch 441	LOSS: 53.48	MAE: 69.68	RMSE: 99.50
Epoch 442	LOSS: 54.47	MAE: 69.22	RMSE: 99.80
Epoch 443	LOSS: 52.93	MAE: 69.34	RMSE: 99.26
Epoch 444	LOSS: 53.37	MAE: 69.47	RMSE: 99.30
Epoch 445	LOSS: 54.06	MAE: 69.39	RMSE: 99.96
Epoch 446	LOSS: 53.13	MAE: 68.99	RMSE: 99.15
Epoch 447	LOSS: 53.22	MAE: 69.16	RMSE: 99.14
Epoch 448	LOSS: 53.40	MAE: 68.97	RMSE: 99.43
Epoch 449	LOSS: 52.99	MAE: 69.10	RMSE: 99.05
Epoch 450	LOSS: 52.44	MAE: 68.97	RMSE: 99.01
Epoch 451	LOSS: 54.04	MAE: 69.04	RMSE: 99.55
Epoch 452	LOSS: 53.89	MAE: 68.92	RMSE: 98.85
Epoch 453	LOSS: 53.85	MAE: 68.65	RMSE: 98.67
Epoch 454	LOSS: 53.08	MAE: 68.83	RMSE: 99.21
Epoch 455	LOSS: 53.09	MAE: 69.29	RMSE: 98.90
Epoch 456	LOSS: 52.26	MAE: 69.05	RMSE: 98.83
Epoch 457	LOSS: 53.12	MAE: 68.84	RMSE: 99.29
Epoch 458	LOSS: 53.13	MAE: 68.85	RMSE: 98.72
Epoch 459	LOSS: 53.07	MAE: 68.55	RMSE: 98.55
Epoch 460	LOSS: 53.17	MAE: 68.81	RMSE: 99.11
Epoch 461	LOSS: 52.17	MAE: 68.65	RMSE: 98.42
Epoch 462	LOSS: 52.35	MAE: 68.46	RMSE: 98.35
Epoch 463	LOSS: 53.11	MAE: 68.50	RMSE: 98.78
Epoch 464	LOSS: 52.86	MAE: 69.23	RMSE: 98.66
Epoch 465	LOSS: 51.99	MAE: 68.78	RMSE: 98.42
Epoch 466	LOSS: 52.50	MAE: 68.96	RMSE: 99.27
Epoch 467	LOSS: 51.96	MAE: 68.12	RMSE: 98.11
Epoch 468	LOSS: 51.76	MAE: 68.09	RMSE: 98.01
Epoch 469	LOSS: 52.50	MAE: 68.06	RMSE: 98.11
Epoch 470	LOSS: 52.60	MAE: 69.31	RMSE: 98.46
Epoch 471	LOSS: 53.03	MAE: 67.97	RMSE: 97.85
Epoch 472	LOSS: 51.80	MAE: 68.77	RMSE: 99.11
Epoch 473	LOSS: 51.93	MAE: 68.07	RMSE: 97.79
Epoch 474	LOSS: 52.65	MAE: 68.02	RMSE: 97.72
Epoch 475	LOSS: 52.29	MAE: 67.98	RMSE: 98.09
Epoch 476	LOSS: 52.78	MAE: 68.43	RMSE: 97.90
Epoch 477	LOSS: 51.97	MAE: 67.88	RMSE: 97.75
Epoch 478	LOSS: 52.79	MAE: 68.22	RMSE: 98.43
Epoch 479	LOSS: 52.93	MAE: 69.06	RMSE: 98.21
Epoch 480	LOSS: 52.24	MAE: 68.86	RMSE: 98.16
Epoch 481	LOSS: 51.88	MAE: 68.49	RMSE: 98.79
Epoch 482	LOSS: 51.63	MAE: 67.85	RMSE: 97.79
Epoch 483	LOSS: 52.10	MAE: 68.04	RMSE: 97.73
Epoch 484	LOSS: 51.82	MAE: 67.80	RMSE: 97.77
Epoch 485	LOSS: 51.77	MAE: 68.70	RMSE: 97.94
Epoch 486	LOSS: 51.20	MAE: 67.62	RMSE: 97.52
Epoch 487	LOSS: 52.69	MAE: 68.89	RMSE: 99.09
Epoch 488	LOSS: 51.02	MAE: 67.66	RMSE: 97.38
Epoch 489	LOSS: 51.31	MAE: 67.59	RMSE: 97.33
Epoch 490	LOSS: 50.80	MAE: 67.74	RMSE: 97.81
Epoch 491	LOSS: 51.22	MAE: 68.54	RMSE: 97.67
Epoch 492	LOSS: 51.18	MAE: 68.26	RMSE: 97.49
Epoch 493	LOSS: 51.83	MAE: 67.60	RMSE: 97.72
Epoch 494	LOSS: 51.03	MAE: 67.35	RMSE: 97.14
Epoch 495	LOSS: 51.25	MAE: 67.30	RMSE: 97.23
Epoch 496	LOSS: 51.87	MAE: 67.65	RMSE: 97.75
Epoch 497	LOSS: 51.27	MAE: 68.28	RMSE: 97.47
Epoch 498	LOSS: 50.75	MAE: 67.71	RMSE: 97.19
Epoch 499	LOSS: 51.24	MAE: 67.70	RMSE: 97.83
