Epoch 000	LOSS: 1167.40	MAE: 240.97	RMSE: 286.78
Epoch 001	LOSS: 1015.34	MAE: 228.18	RMSE: 279.28
Epoch 002	LOSS: 949.12	MAE: 223.85	RMSE: 273.68
Epoch 003	LOSS: 916.89	MAE: 217.07	RMSE: 266.11
Epoch 004	LOSS: 892.67	MAE: 209.26	RMSE: 257.95
Epoch 005	LOSS: 865.56	MAE: 207.34	RMSE: 256.75
Epoch 006	LOSS: 822.12	MAE: 211.45	RMSE: 262.25
Epoch 007	LOSS: 822.72	MAE: 210.64	RMSE: 260.94
Epoch 008	LOSS: 799.49	MAE: 204.55	RMSE: 255.22
Epoch 009	LOSS: 782.49	MAE: 200.97	RMSE: 253.32
Epoch 010	LOSS: 772.53	MAE: 201.44	RMSE: 253.33
Epoch 011	LOSS: 770.69	MAE: 199.49	RMSE: 252.53
Epoch 012	LOSS: 765.44	MAE: 199.24	RMSE: 252.32
Epoch 013	LOSS: 744.87	MAE: 200.12	RMSE: 252.58
Epoch 014	LOSS: 747.90	MAE: 198.88	RMSE: 251.78
Epoch 015	LOSS: 744.46	MAE: 197.49	RMSE: 251.16
Epoch 016	LOSS: 741.93	MAE: 196.46	RMSE: 250.63
Epoch 017	LOSS: 732.01	MAE: 196.20	RMSE: 250.30
Epoch 018	LOSS: 740.89	MAE: 196.58	RMSE: 250.21
Epoch 019	LOSS: 735.57	MAE: 196.30	RMSE: 249.91
Epoch 020	LOSS: 721.40	MAE: 195.51	RMSE: 249.48
Epoch 021	LOSS: 722.73	MAE: 194.37	RMSE: 248.87
Epoch 022	LOSS: 710.63	MAE: 194.27	RMSE: 248.58
Epoch 023	LOSS: 722.39	MAE: 194.37	RMSE: 248.54
Epoch 024	LOSS: 718.43	MAE: 194.08	RMSE: 248.20
Epoch 025	LOSS: 708.04	MAE: 192.65	RMSE: 247.45
Epoch 026	LOSS: 714.92	MAE: 192.67	RMSE: 247.25
Epoch 027	LOSS: 710.70	MAE: 192.58	RMSE: 247.13
Epoch 028	LOSS: 697.75	MAE: 192.19	RMSE: 246.69
Epoch 029	LOSS: 698.27	MAE: 191.45	RMSE: 246.19
Epoch 030	LOSS: 704.80	MAE: 191.12	RMSE: 245.95
Epoch 031	LOSS: 691.42	MAE: 190.89	RMSE: 245.67
Epoch 032	LOSS: 700.13	MAE: 190.38	RMSE: 245.19
Epoch 033	LOSS: 685.56	MAE: 190.16	RMSE: 244.92
Epoch 034	LOSS: 689.33	MAE: 189.35	RMSE: 244.47
Epoch 035	LOSS: 695.86	MAE: 189.29	RMSE: 244.16
Epoch 036	LOSS: 691.73	MAE: 188.91	RMSE: 243.86
Epoch 037	LOSS: 681.47	MAE: 188.06	RMSE: 243.42
Epoch 038	LOSS: 682.81	MAE: 187.71	RMSE: 243.05
Epoch 039	LOSS: 674.81	MAE: 187.74	RMSE: 242.85
Epoch 040	LOSS: 675.06	MAE: 187.23	RMSE: 242.52
Epoch 041	LOSS: 686.50	MAE: 186.62	RMSE: 242.10
Epoch 042	LOSS: 682.97	MAE: 186.53	RMSE: 241.85
Epoch 043	LOSS: 681.55	MAE: 186.28	RMSE: 241.54
Epoch 044	LOSS: 673.25	MAE: 185.53	RMSE: 241.12
Epoch 045	LOSS: 667.92	MAE: 185.35	RMSE: 240.82
Epoch 046	LOSS: 669.86	MAE: 185.18	RMSE: 240.59
Epoch 047	LOSS: 673.22	MAE: 184.66	RMSE: 240.24
Epoch 048	LOSS: 664.99	MAE: 184.30	RMSE: 239.89
Epoch 049	LOSS: 683.63	MAE: 184.15	RMSE: 239.68
Epoch 050	LOSS: 658.95	MAE: 183.40	RMSE: 239.24
Epoch 051	LOSS: 659.43	MAE: 183.46	RMSE: 239.03
Epoch 052	LOSS: 652.46	MAE: 183.21	RMSE: 238.75
Epoch 053	LOSS: 664.71	MAE: 182.51	RMSE: 238.38
Epoch 054	LOSS: 652.83	MAE: 182.47	RMSE: 238.16
Epoch 055	LOSS: 655.07	MAE: 182.24	RMSE: 237.82
Epoch 056	LOSS: 660.02	MAE: 181.79	RMSE: 237.53
Epoch 057	LOSS: 668.21	MAE: 181.53	RMSE: 237.28
Epoch 058	LOSS: 658.63	MAE: 181.05	RMSE: 236.87
Epoch 059	LOSS: 653.94	MAE: 180.99	RMSE: 236.56
Epoch 060	LOSS: 642.73	MAE: 180.49	RMSE: 236.28
Epoch 061	LOSS: 650.64	MAE: 179.82	RMSE: 235.83
Epoch 062	LOSS: 653.58	MAE: 179.79	RMSE: 235.57
Epoch 063	LOSS: 644.83	MAE: 179.53	RMSE: 235.32
Epoch 064	LOSS: 651.72	MAE: 178.96	RMSE: 234.91
Epoch 065	LOSS: 645.85	MAE: 178.79	RMSE: 234.65
Epoch 066	LOSS: 644.18	MAE: 178.86	RMSE: 234.49
Epoch 067	LOSS: 643.31	MAE: 177.84	RMSE: 233.87
Epoch 068	LOSS: 645.00	MAE: 177.74	RMSE: 233.70
Epoch 069	LOSS: 641.11	MAE: 177.82	RMSE: 233.43
Epoch 070	LOSS: 646.37	MAE: 176.96	RMSE: 232.93
Epoch 071	LOSS: 638.82	MAE: 176.58	RMSE: 232.64
Epoch 072	LOSS: 639.29	MAE: 176.65	RMSE: 232.32
Epoch 073	LOSS: 638.57	MAE: 176.00	RMSE: 231.92
Epoch 074	LOSS: 630.22	MAE: 175.73	RMSE: 231.62
Epoch 075	LOSS: 631.66	MAE: 175.30	RMSE: 231.20
Epoch 076	LOSS: 628.48	MAE: 174.97	RMSE: 230.88
Epoch 077	LOSS: 627.21	MAE: 174.65	RMSE: 230.53
Epoch 078	LOSS: 627.56	MAE: 174.44	RMSE: 230.28
Epoch 079	LOSS: 639.70	MAE: 174.03	RMSE: 229.91
Epoch 080	LOSS: 628.01	MAE: 173.64	RMSE: 229.52
Epoch 081	LOSS: 628.15	MAE: 173.53	RMSE: 229.31
Epoch 082	LOSS: 627.96	MAE: 173.02	RMSE: 228.88
Epoch 083	LOSS: 631.98	MAE: 172.45	RMSE: 228.44
Epoch 084	LOSS: 634.01	MAE: 172.47	RMSE: 228.24
Epoch 085	LOSS: 622.93	MAE: 171.82	RMSE: 227.78
Epoch 086	LOSS: 626.16	MAE: 171.30	RMSE: 227.27
Epoch 087	LOSS: 629.13	MAE: 171.29	RMSE: 227.10
Epoch 088	LOSS: 643.58	MAE: 170.77	RMSE: 226.66
Epoch 089	LOSS: 633.14	MAE: 170.31	RMSE: 226.20
Epoch 090	LOSS: 631.22	MAE: 170.09	RMSE: 225.83
Epoch 091	LOSS: 621.09	MAE: 169.86	RMSE: 225.59
Epoch 092	LOSS: 625.48	MAE: 169.23	RMSE: 224.99
Epoch 093	LOSS: 613.02	MAE: 168.98	RMSE: 224.74
Epoch 094	LOSS: 617.92	MAE: 168.68	RMSE: 224.41
Epoch 095	LOSS: 609.09	MAE: 167.97	RMSE: 223.86
Epoch 096	LOSS: 620.92	MAE: 167.61	RMSE: 223.44
Epoch 097	LOSS: 622.43	MAE: 167.36	RMSE: 223.05
Epoch 098	LOSS: 619.32	MAE: 167.07	RMSE: 222.68
Epoch 099	LOSS: 614.83	MAE: 166.26	RMSE: 222.07
Epoch 100	LOSS: 616.43	MAE: 166.17	RMSE: 221.81
Epoch 101	LOSS: 612.96	MAE: 166.06	RMSE: 221.59
Epoch 102	LOSS: 617.99	MAE: 165.25	RMSE: 220.92
Epoch 103	LOSS: 618.47	MAE: 164.80	RMSE: 220.54
Epoch 104	LOSS: 617.21	MAE: 164.83	RMSE: 220.38
Epoch 105	LOSS: 612.23	MAE: 164.15	RMSE: 219.74
Epoch 106	LOSS: 610.13	MAE: 163.95	RMSE: 219.55
Epoch 107	LOSS: 610.53	MAE: 163.93	RMSE: 219.37
Epoch 108	LOSS: 606.73	MAE: 162.95	RMSE: 218.55
Epoch 109	LOSS: 616.99	MAE: 162.74	RMSE: 218.28
Epoch 110	LOSS: 620.59	MAE: 162.60	RMSE: 218.08
Epoch 111	LOSS: 605.91	MAE: 161.87	RMSE: 217.38
Epoch 112	LOSS: 612.48	MAE: 161.94	RMSE: 217.31
Epoch 113	LOSS: 605.50	MAE: 161.42	RMSE: 216.88
Epoch 114	LOSS: 613.39	MAE: 161.05	RMSE: 216.47
Epoch 115	LOSS: 604.47	MAE: 160.83	RMSE: 216.14
Epoch 116	LOSS: 609.11	MAE: 160.57	RMSE: 215.84
Epoch 117	LOSS: 608.78	MAE: 160.22	RMSE: 215.44
Epoch 118	LOSS: 593.00	MAE: 159.82	RMSE: 215.15
Epoch 119	LOSS: 602.97	MAE: 159.55	RMSE: 214.80
Epoch 120	LOSS: 588.14	MAE: 159.31	RMSE: 214.44
Epoch 121	LOSS: 610.07	MAE: 158.75	RMSE: 213.98
Epoch 122	LOSS: 607.59	MAE: 158.50	RMSE: 213.71
Epoch 123	LOSS: 608.50	MAE: 158.16	RMSE: 213.33
Epoch 124	LOSS: 589.56	MAE: 157.87	RMSE: 212.96
Epoch 125	LOSS: 596.03	MAE: 157.50	RMSE: 212.66
Epoch 126	LOSS: 597.35	MAE: 157.03	RMSE: 212.17
Epoch 127	LOSS: 606.27	MAE: 156.88	RMSE: 211.85
Epoch 128	LOSS: 586.54	MAE: 156.42	RMSE: 211.50
Epoch 129	LOSS: 596.80	MAE: 156.12	RMSE: 211.09
Epoch 130	LOSS: 600.41	MAE: 155.93	RMSE: 210.84
Epoch 131	LOSS: 596.38	MAE: 155.44	RMSE: 210.43
Epoch 132	LOSS: 596.81	MAE: 155.26	RMSE: 210.16
Epoch 133	LOSS: 582.90	MAE: 154.90	RMSE: 209.66
Epoch 134	LOSS: 594.00	MAE: 154.44	RMSE: 209.32
Epoch 135	LOSS: 582.34	MAE: 154.00	RMSE: 208.83
Epoch 136	LOSS: 588.99	MAE: 153.88	RMSE: 208.51
Epoch 137	LOSS: 591.36	MAE: 153.37	RMSE: 208.04
Epoch 138	LOSS: 595.68	MAE: 152.95	RMSE: 207.59
Epoch 139	LOSS: 592.62	MAE: 152.77	RMSE: 207.27
Epoch 140	LOSS: 588.16	MAE: 152.07	RMSE: 206.70
Epoch 141	LOSS: 580.85	MAE: 151.60	RMSE: 206.23
Epoch 142	LOSS: 582.11	MAE: 151.73	RMSE: 206.10
Epoch 143	LOSS: 589.58	MAE: 150.86	RMSE: 205.38
Epoch 144	LOSS: 572.20	MAE: 150.63	RMSE: 205.02
Epoch 145	LOSS: 577.20	MAE: 150.45	RMSE: 204.68
Epoch 146	LOSS: 590.44	MAE: 149.74	RMSE: 204.08
Epoch 147	LOSS: 591.14	MAE: 149.64	RMSE: 203.89
Epoch 148	LOSS: 586.35	MAE: 149.32	RMSE: 203.33
Epoch 149	LOSS: 579.25	MAE: 149.05	RMSE: 203.09
Epoch 150	LOSS: 576.78	MAE: 148.38	RMSE: 202.52
Epoch 151	LOSS: 577.21	MAE: 148.38	RMSE: 202.29
Epoch 152	LOSS: 583.42	MAE: 148.03	RMSE: 201.91
Epoch 153	LOSS: 587.65	MAE: 147.48	RMSE: 201.52
Epoch 154	LOSS: 579.08	MAE: 147.42	RMSE: 201.33
Epoch 155	LOSS: 574.31	MAE: 147.21	RMSE: 201.04
Epoch 156	LOSS: 583.98	MAE: 146.74	RMSE: 200.59
Epoch 157	LOSS: 574.39	MAE: 146.46	RMSE: 200.41
Epoch 158	LOSS: 581.96	MAE: 146.47	RMSE: 200.21
Epoch 159	LOSS: 581.56	MAE: 146.03	RMSE: 199.83
Epoch 160	LOSS: 569.48	MAE: 145.90	RMSE: 199.64
Epoch 161	LOSS: 575.99	MAE: 145.66	RMSE: 199.38
Epoch 162	LOSS: 574.31	MAE: 145.33	RMSE: 199.06
Epoch 163	LOSS: 576.96	MAE: 145.06	RMSE: 198.70
Epoch 164	LOSS: 580.61	MAE: 144.85	RMSE: 198.39
Epoch 165	LOSS: 580.72	MAE: 144.54	RMSE: 198.14
Epoch 166	LOSS: 580.09	MAE: 144.34	RMSE: 197.81
Epoch 167	LOSS: 571.57	MAE: 143.88	RMSE: 197.42
Epoch 168	LOSS: 573.51	MAE: 143.56	RMSE: 197.07
Epoch 169	LOSS: 569.38	MAE: 143.49	RMSE: 196.78
Epoch 170	LOSS: 567.76	MAE: 142.82	RMSE: 196.15
Epoch 171	LOSS: 571.69	MAE: 142.73	RMSE: 195.98
Epoch 172	LOSS: 561.18	MAE: 142.20	RMSE: 195.43
Epoch 173	LOSS: 569.10	MAE: 142.08	RMSE: 195.15
Epoch 174	LOSS: 575.94	MAE: 142.04	RMSE: 194.91
Epoch 175	LOSS: 563.07	MAE: 141.43	RMSE: 194.55
Epoch 176	LOSS: 574.00	MAE: 141.15	RMSE: 194.21
Epoch 177	LOSS: 576.10	MAE: 141.08	RMSE: 193.84
Epoch 178	LOSS: 569.52	MAE: 140.71	RMSE: 193.59
Epoch 179	LOSS: 556.12	MAE: 140.26	RMSE: 193.11
Epoch 180	LOSS: 559.27	MAE: 140.19	RMSE: 192.91
Epoch 181	LOSS: 564.57	MAE: 139.90	RMSE: 192.53
Epoch 182	LOSS: 563.71	MAE: 139.46	RMSE: 192.06
Epoch 183	LOSS: 561.85	MAE: 139.10	RMSE: 191.72
Epoch 184	LOSS: 564.66	MAE: 138.71	RMSE: 191.21
Epoch 185	LOSS: 562.52	MAE: 138.49	RMSE: 191.02
Epoch 186	LOSS: 567.61	MAE: 138.41	RMSE: 190.79
Epoch 187	LOSS: 562.74	MAE: 137.95	RMSE: 190.31
Epoch 188	LOSS: 552.02	MAE: 137.67	RMSE: 190.05
Epoch 189	LOSS: 555.74	MAE: 137.68	RMSE: 189.84
Epoch 190	LOSS: 555.52	MAE: 137.18	RMSE: 189.37
Epoch 191	LOSS: 557.69	MAE: 136.78	RMSE: 188.97
Epoch 192	LOSS: 565.72	MAE: 136.68	RMSE: 188.76
Epoch 193	LOSS: 552.21	MAE: 136.49	RMSE: 188.48
Epoch 194	LOSS: 558.01	MAE: 136.05	RMSE: 188.05
Epoch 195	LOSS: 564.90	MAE: 135.79	RMSE: 187.79
Epoch 196	LOSS: 549.09	MAE: 135.51	RMSE: 187.36
Epoch 197	LOSS: 561.44	MAE: 135.38	RMSE: 187.13
Epoch 198	LOSS: 559.13	MAE: 134.91	RMSE: 186.77
Epoch 199	LOSS: 555.79	MAE: 134.61	RMSE: 186.40
Epoch 200	LOSS: 550.18	MAE: 134.61	RMSE: 186.26
Epoch 201	LOSS: 559.32	MAE: 134.22	RMSE: 185.88
Epoch 202	LOSS: 557.84	MAE: 133.98	RMSE: 185.58
Epoch 203	LOSS: 547.18	MAE: 133.81	RMSE: 185.27
Epoch 204	LOSS: 555.83	MAE: 133.53	RMSE: 184.98
Epoch 205	LOSS: 551.08	MAE: 132.98	RMSE: 184.38
Epoch 206	LOSS: 547.51	MAE: 132.90	RMSE: 184.16
Epoch 207	LOSS: 547.92	MAE: 132.40	RMSE: 183.59
Epoch 208	LOSS: 557.56	MAE: 131.93	RMSE: 183.04
Epoch 209	LOSS: 549.27	MAE: 131.80	RMSE: 182.80
Epoch 210	LOSS: 554.92	MAE: 131.03	RMSE: 181.93
Epoch 211	LOSS: 545.59	MAE: 130.91	RMSE: 181.75
Epoch 212	LOSS: 545.27	MAE: 130.52	RMSE: 181.27
Epoch 213	LOSS: 553.85	MAE: 130.12	RMSE: 180.88
Epoch 214	LOSS: 549.73	MAE: 129.89	RMSE: 180.46
Epoch 215	LOSS: 545.36	MAE: 129.53	RMSE: 180.03
Epoch 216	LOSS: 548.26	MAE: 129.24	RMSE: 179.65
Epoch 217	LOSS: 551.72	MAE: 128.86	RMSE: 179.26
Epoch 218	LOSS: 547.81	MAE: 128.92	RMSE: 179.18
Epoch 219	LOSS: 545.85	MAE: 128.36	RMSE: 178.59
Epoch 220	LOSS: 546.29	MAE: 128.33	RMSE: 178.49
Epoch 221	LOSS: 549.69	MAE: 127.95	RMSE: 178.01
Epoch 222	LOSS: 545.50	MAE: 127.65	RMSE: 177.69
Epoch 223	LOSS: 555.42	MAE: 127.43	RMSE: 177.31
Epoch 224	LOSS: 538.05	MAE: 127.01	RMSE: 176.85
Epoch 225	LOSS: 546.70	MAE: 126.47	RMSE: 176.15
Epoch 226	LOSS: 538.04	MAE: 126.25	RMSE: 175.88
Epoch 227	LOSS: 547.54	MAE: 125.73	RMSE: 175.18
Epoch 228	LOSS: 539.15	MAE: 125.52	RMSE: 174.94
Epoch 229	LOSS: 543.60	MAE: 125.06	RMSE: 174.26
Epoch 230	LOSS: 526.85	MAE: 124.70	RMSE: 173.81
Epoch 231	LOSS: 545.30	MAE: 124.27	RMSE: 173.31
Epoch 232	LOSS: 542.80	MAE: 123.78	RMSE: 172.76
Epoch 233	LOSS: 536.69	MAE: 123.77	RMSE: 172.52
Epoch 234	LOSS: 539.53	MAE: 123.14	RMSE: 171.88
Epoch 235	LOSS: 534.15	MAE: 122.93	RMSE: 171.54
Epoch 236	LOSS: 548.44	MAE: 122.63	RMSE: 171.18
Epoch 237	LOSS: 534.96	MAE: 122.26	RMSE: 170.78
Epoch 238	LOSS: 539.72	MAE: 122.10	RMSE: 170.43
Epoch 239	LOSS: 538.38	MAE: 121.69	RMSE: 170.00
Epoch 240	LOSS: 528.92	MAE: 121.49	RMSE: 169.60
Epoch 241	LOSS: 535.91	MAE: 120.94	RMSE: 169.11
Epoch 242	LOSS: 529.64	MAE: 120.84	RMSE: 168.92
Epoch 243	LOSS: 548.74	MAE: 120.48	RMSE: 168.38
Epoch 244	LOSS: 525.31	MAE: 120.21	RMSE: 168.03
Epoch 245	LOSS: 528.71	MAE: 120.06	RMSE: 167.78
Epoch 246	LOSS: 527.43	MAE: 119.61	RMSE: 167.28
Epoch 247	LOSS: 534.92	MAE: 119.74	RMSE: 167.27
Epoch 248	LOSS: 539.70	MAE: 119.33	RMSE: 166.73
Epoch 249	LOSS: 536.22	MAE: 118.99	RMSE: 166.46
Epoch 250	LOSS: 527.80	MAE: 118.72	RMSE: 166.10
Epoch 251	LOSS: 537.02	MAE: 118.26	RMSE: 165.45
Epoch 252	LOSS: 528.39	MAE: 118.50	RMSE: 165.63
Epoch 253	LOSS: 524.08	MAE: 117.72	RMSE: 164.83
Epoch 254	LOSS: 526.07	MAE: 117.29	RMSE: 164.29
Epoch 255	LOSS: 527.14	MAE: 117.31	RMSE: 164.12
Epoch 256	LOSS: 525.28	MAE: 116.69	RMSE: 163.50
Epoch 257	LOSS: 530.08	MAE: 116.04	RMSE: 162.53
Epoch 258	LOSS: 530.73	MAE: 115.88	RMSE: 162.21
Epoch 259	LOSS: 531.05	MAE: 115.10	RMSE: 161.38
Epoch 260	LOSS: 527.54	MAE: 114.65	RMSE: 160.68
Epoch 261	LOSS: 525.90	MAE: 114.41	RMSE: 160.41
Epoch 262	LOSS: 523.59	MAE: 113.95	RMSE: 159.74
Epoch 263	LOSS: 526.07	MAE: 113.32	RMSE: 158.96
Epoch 264	LOSS: 536.31	MAE: 113.16	RMSE: 158.71
Epoch 265	LOSS: 508.08	MAE: 112.72	RMSE: 158.17
Epoch 266	LOSS: 524.51	MAE: 112.27	RMSE: 157.61
Epoch 267	LOSS: 521.95	MAE: 112.27	RMSE: 157.44
Epoch 268	LOSS: 518.66	MAE: 111.70	RMSE: 156.79
Epoch 269	LOSS: 528.73	MAE: 111.59	RMSE: 156.65
Epoch 270	LOSS: 512.92	MAE: 111.22	RMSE: 156.07
Epoch 271	LOSS: 527.24	MAE: 110.99	RMSE: 155.88
Epoch 272	LOSS: 527.59	MAE: 110.82	RMSE: 155.42
Epoch 273	LOSS: 528.67	MAE: 110.41	RMSE: 155.06
Epoch 274	LOSS: 514.12	MAE: 110.27	RMSE: 154.83
Epoch 275	LOSS: 525.10	MAE: 109.97	RMSE: 154.28
Epoch 276	LOSS: 521.99	MAE: 109.63	RMSE: 154.07
Epoch 277	LOSS: 526.37	MAE: 109.54	RMSE: 153.66
Epoch 278	LOSS: 520.61	MAE: 109.03	RMSE: 153.17
Epoch 279	LOSS: 519.26	MAE: 108.85	RMSE: 152.79
Epoch 280	LOSS: 516.86	MAE: 108.56	RMSE: 152.46
Epoch 281	LOSS: 513.54	MAE: 108.12	RMSE: 151.76
Epoch 282	LOSS: 523.35	MAE: 107.81	RMSE: 151.43
Epoch 283	LOSS: 513.57	MAE: 107.92	RMSE: 151.34
Epoch 284	LOSS: 515.76	MAE: 107.20	RMSE: 150.56
Epoch 285	LOSS: 517.60	MAE: 107.07	RMSE: 150.35
Epoch 286	LOSS: 516.78	MAE: 106.87	RMSE: 149.88
Epoch 287	LOSS: 512.89	MAE: 106.47	RMSE: 149.53
Epoch 288	LOSS: 523.82	MAE: 106.23	RMSE: 148.98
Epoch 289	LOSS: 519.59	MAE: 105.78	RMSE: 148.49
Epoch 290	LOSS: 510.73	MAE: 105.74	RMSE: 148.35
Epoch 291	LOSS: 521.91	MAE: 105.21	RMSE: 147.73
Epoch 292	LOSS: 510.95	MAE: 105.32	RMSE: 147.76
Epoch 293	LOSS: 524.37	MAE: 104.65	RMSE: 146.91
Epoch 294	LOSS: 520.30	MAE: 104.96	RMSE: 147.16
Epoch 295	LOSS: 516.55	MAE: 104.21	RMSE: 146.39
Epoch 296	LOSS: 524.82	MAE: 104.50	RMSE: 146.57
Epoch 297	LOSS: 516.41	MAE: 103.94	RMSE: 145.86
Epoch 298	LOSS: 509.65	MAE: 103.89	RMSE: 145.87
Epoch 299	LOSS: 511.70	MAE: 103.80	RMSE: 145.57
Epoch 300	LOSS: 500.54	MAE: 103.34	RMSE: 145.09
Epoch 301	LOSS: 508.73	MAE: 103.29	RMSE: 144.87
Epoch 302	LOSS: 519.95	MAE: 102.82	RMSE: 144.39
Epoch 303	LOSS: 511.42	MAE: 102.71	RMSE: 144.12
Epoch 304	LOSS: 505.95	MAE: 102.59	RMSE: 143.93
Epoch 305	LOSS: 506.87	MAE: 102.13	RMSE: 143.40
Epoch 306	LOSS: 507.68	MAE: 102.21	RMSE: 143.43
Epoch 307	LOSS: 505.69	MAE: 101.69	RMSE: 142.78
Epoch 308	LOSS: 500.47	MAE: 101.84	RMSE: 142.93
Epoch 309	LOSS: 505.21	MAE: 101.78	RMSE: 142.67
Epoch 310	LOSS: 508.84	MAE: 101.56	RMSE: 142.49
Epoch 311	LOSS: 504.53	MAE: 101.28	RMSE: 142.03
Epoch 312	LOSS: 501.46	MAE: 101.24	RMSE: 142.02
Epoch 313	LOSS: 505.26	MAE: 100.90	RMSE: 141.56
Epoch 314	LOSS: 505.79	MAE: 100.55	RMSE: 140.92
Epoch 315	LOSS: 498.50	MAE: 100.36	RMSE: 140.65
Epoch 316	LOSS: 510.65	MAE: 99.70	RMSE: 139.89
Epoch 317	LOSS: 512.34	MAE: 99.68	RMSE: 139.65
Epoch 318	LOSS: 504.11	MAE: 99.32	RMSE: 139.27
Epoch 319	LOSS: 495.12	MAE: 99.18	RMSE: 138.99
Epoch 320	LOSS: 502.58	MAE: 98.90	RMSE: 138.44
Epoch 321	LOSS: 493.97	MAE: 98.78	RMSE: 138.35
Epoch 322	LOSS: 509.73	MAE: 98.31	RMSE: 137.75
Epoch 323	LOSS: 508.15	MAE: 98.68	RMSE: 138.06
Epoch 324	LOSS: 495.92	MAE: 97.91	RMSE: 137.25
Epoch 325	LOSS: 501.17	MAE: 98.16	RMSE: 137.35
Epoch 326	LOSS: 499.53	MAE: 97.61	RMSE: 136.62
Epoch 327	LOSS: 501.74	MAE: 97.21	RMSE: 136.27
Epoch 328	LOSS: 497.55	MAE: 97.17	RMSE: 135.95
Epoch 329	LOSS: 507.34	MAE: 96.83	RMSE: 135.50
Epoch 330	LOSS: 492.50	MAE: 96.78	RMSE: 135.44
Epoch 331	LOSS: 491.31	MAE: 96.32	RMSE: 134.83
Epoch 332	LOSS: 496.44	MAE: 96.10	RMSE: 134.55
Epoch 333	LOSS: 501.12	MAE: 95.83	RMSE: 134.11
Epoch 334	LOSS: 500.36	MAE: 95.84	RMSE: 134.10
Epoch 335	LOSS: 497.88	MAE: 95.62	RMSE: 133.86
Epoch 336	LOSS: 503.69	MAE: 95.51	RMSE: 133.64
Epoch 337	LOSS: 495.47	MAE: 95.22	RMSE: 133.28
Epoch 338	LOSS: 500.85	MAE: 95.20	RMSE: 133.24
Epoch 339	LOSS: 488.08	MAE: 94.92	RMSE: 132.76
Epoch 340	LOSS: 496.73	MAE: 95.16	RMSE: 133.02
Epoch 341	LOSS: 495.80	MAE: 94.64	RMSE: 132.45
Epoch 342	LOSS: 495.25	MAE: 94.81	RMSE: 132.51
Epoch 343	LOSS: 496.22	MAE: 94.63	RMSE: 132.17
Epoch 344	LOSS: 491.78	MAE: 94.28	RMSE: 131.94
Epoch 345	LOSS: 497.18	MAE: 94.20	RMSE: 131.59
Epoch 346	LOSS: 485.86	MAE: 94.05	RMSE: 131.41
Epoch 347	LOSS: 488.65	MAE: 93.93	RMSE: 131.28
Epoch 348	LOSS: 496.91	MAE: 93.78	RMSE: 131.01
Epoch 349	LOSS: 490.72	MAE: 93.32	RMSE: 130.55
Epoch 350	LOSS: 491.04	MAE: 93.32	RMSE: 130.50
Epoch 351	LOSS: 492.83	MAE: 93.05	RMSE: 130.07
Epoch 352	LOSS: 490.86	MAE: 93.22	RMSE: 130.33
Epoch 353	LOSS: 492.87	MAE: 92.84	RMSE: 129.80
Epoch 354	LOSS: 485.24	MAE: 92.72	RMSE: 129.50
Epoch 355	LOSS: 493.78	MAE: 92.68	RMSE: 129.48
Epoch 356	LOSS: 488.32	MAE: 92.47	RMSE: 129.13
Epoch 357	LOSS: 483.76	MAE: 92.27	RMSE: 128.83
Epoch 358	LOSS: 487.29	MAE: 92.19	RMSE: 128.75
Epoch 359	LOSS: 476.02	MAE: 92.14	RMSE: 128.59
Epoch 360	LOSS: 491.18	MAE: 91.65	RMSE: 128.02
Epoch 361	LOSS: 479.26	MAE: 91.79	RMSE: 128.15
Epoch 362	LOSS: 476.55	MAE: 91.37	RMSE: 127.65
Epoch 363	LOSS: 488.39	MAE: 91.69	RMSE: 127.89
Epoch 364	LOSS: 479.79	MAE: 91.39	RMSE: 127.66
Epoch 365	LOSS: 478.59	MAE: 91.39	RMSE: 127.43
Epoch 366	LOSS: 485.58	MAE: 91.10	RMSE: 127.24
Epoch 367	LOSS: 484.89	MAE: 90.55	RMSE: 126.39
Epoch 368	LOSS: 488.09	MAE: 90.73	RMSE: 126.49
Epoch 369	LOSS: 488.25	MAE: 90.21	RMSE: 126.01
Epoch 370	LOSS: 486.12	MAE: 89.98	RMSE: 125.67
Epoch 371	LOSS: 479.13	MAE: 90.10	RMSE: 125.70
Epoch 372	LOSS: 477.09	MAE: 89.58	RMSE: 125.18
Epoch 373	LOSS: 479.48	MAE: 89.78	RMSE: 125.24
Epoch 374	LOSS: 489.71	MAE: 89.38	RMSE: 124.80
Epoch 375	LOSS: 486.93	MAE: 89.57	RMSE: 124.95
Epoch 376	LOSS: 484.16	MAE: 88.99	RMSE: 124.21
Epoch 377	LOSS: 473.02	MAE: 89.35	RMSE: 124.52
Epoch 378	LOSS: 476.16	MAE: 88.83	RMSE: 124.00
Epoch 379	LOSS: 477.32	MAE: 88.68	RMSE: 123.63
Epoch 380	LOSS: 478.69	MAE: 88.71	RMSE: 123.74
Epoch 381	LOSS: 479.75	MAE: 88.09	RMSE: 122.91
Epoch 382	LOSS: 488.51	MAE: 87.90	RMSE: 122.67
Epoch 383	LOSS: 471.30	MAE: 88.06	RMSE: 122.58
Epoch 384	LOSS: 478.18	MAE: 87.40	RMSE: 121.90
Epoch 385	LOSS: 483.11	MAE: 87.53	RMSE: 121.90
Epoch 386	LOSS: 468.63	MAE: 86.95	RMSE: 121.36
Epoch 387	LOSS: 476.39	MAE: 87.03	RMSE: 121.38
Epoch 388	LOSS: 475.56	MAE: 86.68	RMSE: 120.95
Epoch 389	LOSS: 478.69	MAE: 86.74	RMSE: 120.96
Epoch 390	LOSS: 485.17	MAE: 86.41	RMSE: 120.53
Epoch 391	LOSS: 472.55	MAE: 86.57	RMSE: 120.72
Epoch 392	LOSS: 486.83	MAE: 86.32	RMSE: 120.50
Epoch 393	LOSS: 476.87	MAE: 86.24	RMSE: 120.18
Epoch 394	LOSS: 482.59	MAE: 86.10	RMSE: 120.05
Epoch 395	LOSS: 469.52	MAE: 86.27	RMSE: 120.06
Epoch 396	LOSS: 472.36	MAE: 85.68	RMSE: 119.42
Epoch 397	LOSS: 468.38	MAE: 86.06	RMSE: 119.73
Epoch 398	LOSS: 478.20	MAE: 85.40	RMSE: 119.15
Epoch 399	LOSS: 469.85	MAE: 85.61	RMSE: 119.24
Epoch 400	LOSS: 477.41	MAE: 85.32	RMSE: 118.82
Epoch 401	LOSS: 468.05	MAE: 85.32	RMSE: 118.65
Epoch 402	LOSS: 473.35	MAE: 84.85	RMSE: 118.31
Epoch 403	LOSS: 475.84	MAE: 85.13	RMSE: 118.53
Epoch 404	LOSS: 469.78	MAE: 84.63	RMSE: 117.76
Epoch 405	LOSS: 468.03	MAE: 84.72	RMSE: 117.91
Epoch 406	LOSS: 469.08	MAE: 84.24	RMSE: 117.28
Epoch 407	LOSS: 476.65	MAE: 84.23	RMSE: 117.15
Epoch 408	LOSS: 468.47	MAE: 83.88	RMSE: 116.88
Epoch 409	LOSS: 470.94	MAE: 83.92	RMSE: 116.74
Epoch 410	LOSS: 476.36	MAE: 83.66	RMSE: 116.47
Epoch 411	LOSS: 469.88	MAE: 83.55	RMSE: 116.23
Epoch 412	LOSS: 463.00	MAE: 83.43	RMSE: 116.10
Epoch 413	LOSS: 466.12	MAE: 83.18	RMSE: 116.03
Epoch 414	LOSS: 462.21	MAE: 82.86	RMSE: 115.49
Epoch 415	LOSS: 473.04	MAE: 82.93	RMSE: 115.36
Epoch 416	LOSS: 466.04	MAE: 82.57	RMSE: 115.11
Epoch 417	LOSS: 465.55	MAE: 82.49	RMSE: 114.76
Epoch 418	LOSS: 463.04	MAE: 82.35	RMSE: 114.75
Epoch 419	LOSS: 472.63	MAE: 82.08	RMSE: 114.27
Epoch 420	LOSS: 460.32	MAE: 82.00	RMSE: 114.29
Epoch 421	LOSS: 467.00	MAE: 81.76	RMSE: 113.96
Epoch 422	LOSS: 469.41	MAE: 81.42	RMSE: 113.52
Epoch 423	LOSS: 466.38	MAE: 81.54	RMSE: 113.51
Epoch 424	LOSS: 472.93	MAE: 81.31	RMSE: 113.28
Epoch 425	LOSS: 465.46	MAE: 81.16	RMSE: 113.09
Epoch 426	LOSS: 462.97	MAE: 81.18	RMSE: 113.09
Epoch 427	LOSS: 461.57	MAE: 80.76	RMSE: 112.55
Epoch 428	LOSS: 464.47	MAE: 80.74	RMSE: 112.61
Epoch 429	LOSS: 465.56	MAE: 80.39	RMSE: 112.02
Epoch 430	LOSS: 458.40	MAE: 80.44	RMSE: 112.08
Epoch 431	LOSS: 464.78	MAE: 80.22	RMSE: 111.72
Epoch 432	LOSS: 457.30	MAE: 80.06	RMSE: 111.57
Epoch 433	LOSS: 460.85	MAE: 80.20	RMSE: 111.58
Epoch 434	LOSS: 458.33	MAE: 79.85	RMSE: 111.22
Epoch 435	LOSS: 464.26	MAE: 79.70	RMSE: 111.03
Epoch 436	LOSS: 463.76	MAE: 79.67	RMSE: 110.89
Epoch 437	LOSS: 458.27	MAE: 79.28	RMSE: 110.65
Epoch 438	LOSS: 452.51	MAE: 79.44	RMSE: 110.57
Epoch 439	LOSS: 466.29	MAE: 79.20	RMSE: 110.49
Epoch 440	LOSS: 462.11	MAE: 79.34	RMSE: 110.40
Epoch 441	LOSS: 454.38	MAE: 79.11	RMSE: 110.23
Epoch 442	LOSS: 460.00	MAE: 79.03	RMSE: 110.08
Epoch 443	LOSS: 457.15	MAE: 79.03	RMSE: 109.94
Epoch 444	LOSS: 465.47	MAE: 78.97	RMSE: 109.97
Epoch 445	LOSS: 458.34	MAE: 78.70	RMSE: 109.54
Epoch 446	LOSS: 458.57	MAE: 78.84	RMSE: 109.78
Epoch 447	LOSS: 456.29	MAE: 78.31	RMSE: 109.23
Epoch 448	LOSS: 462.27	MAE: 78.19	RMSE: 109.06
Epoch 449	LOSS: 458.15	MAE: 78.03	RMSE: 108.89
Epoch 450	LOSS: 459.18	MAE: 78.32	RMSE: 109.16
Epoch 451	LOSS: 453.77	MAE: 77.88	RMSE: 108.69
Epoch 452	LOSS: 455.95	MAE: 78.13	RMSE: 108.85
Epoch 453	LOSS: 462.83	MAE: 77.66	RMSE: 108.43
Epoch 454	LOSS: 455.60	MAE: 77.66	RMSE: 108.31
Epoch 455	LOSS: 454.27	MAE: 77.61	RMSE: 108.27
Epoch 456	LOSS: 460.10	MAE: 77.65	RMSE: 108.25
Epoch 457	LOSS: 456.70	MAE: 77.62	RMSE: 108.18
Epoch 458	LOSS: 460.12	MAE: 77.34	RMSE: 107.99
Epoch 459	LOSS: 445.92	MAE: 77.52	RMSE: 107.96
Epoch 460	LOSS: 451.71	MAE: 76.89	RMSE: 107.49
Epoch 461	LOSS: 453.26	MAE: 77.41	RMSE: 107.86
Epoch 462	LOSS: 456.92	MAE: 77.13	RMSE: 107.66
Epoch 463	LOSS: 453.50	MAE: 76.83	RMSE: 107.36
Epoch 464	LOSS: 450.97	MAE: 77.34	RMSE: 107.74
Epoch 465	LOSS: 455.28	MAE: 76.81	RMSE: 107.40
Epoch 466	LOSS: 455.98	MAE: 77.03	RMSE: 107.46
Epoch 467	LOSS: 449.96	MAE: 76.85	RMSE: 107.27
Epoch 468	LOSS: 454.16	MAE: 76.89	RMSE: 107.32
Epoch 469	LOSS: 444.94	MAE: 76.82	RMSE: 107.16
Epoch 470	LOSS: 458.47	MAE: 76.81	RMSE: 107.18
Epoch 471	LOSS: 448.38	MAE: 76.87	RMSE: 107.14
Epoch 472	LOSS: 454.15	MAE: 76.46	RMSE: 106.87
Epoch 473	LOSS: 454.84	MAE: 76.85	RMSE: 107.09
Epoch 474	LOSS: 445.33	MAE: 76.43	RMSE: 106.79
Epoch 475	LOSS: 445.93	MAE: 76.20	RMSE: 106.53
Epoch 476	LOSS: 455.39	MAE: 76.23	RMSE: 106.44
Epoch 477	LOSS: 448.73	MAE: 75.93	RMSE: 106.16
Epoch 478	LOSS: 459.96	MAE: 75.84	RMSE: 106.02
Epoch 479	LOSS: 452.66	MAE: 75.73	RMSE: 105.86
Epoch 480	LOSS: 442.66	MAE: 75.74	RMSE: 105.89
Epoch 481	LOSS: 441.50	MAE: 75.16	RMSE: 105.23
Epoch 482	LOSS: 447.55	MAE: 75.33	RMSE: 105.38
Epoch 483	LOSS: 453.60	MAE: 75.07	RMSE: 104.99
Epoch 484	LOSS: 447.92	MAE: 74.76	RMSE: 104.83
Epoch 485	LOSS: 442.63	MAE: 74.92	RMSE: 104.86
Epoch 486	LOSS: 453.69	MAE: 74.45	RMSE: 104.50
Epoch 487	LOSS: 449.55	MAE: 74.63	RMSE: 104.58
Epoch 488	LOSS: 441.89	MAE: 74.32	RMSE: 104.34
Epoch 489	LOSS: 446.04	MAE: 74.45	RMSE: 104.40
Epoch 490	LOSS: 438.31	MAE: 74.17	RMSE: 104.14
Epoch 491	LOSS: 451.56	MAE: 74.18	RMSE: 104.12
Epoch 492	LOSS: 440.87	MAE: 74.13	RMSE: 104.08
Epoch 493	LOSS: 446.69	MAE: 74.04	RMSE: 103.95
Epoch 494	LOSS: 443.13	MAE: 74.05	RMSE: 103.87
Epoch 495	LOSS: 440.71	MAE: 73.91	RMSE: 103.79
Epoch 496	LOSS: 441.64	MAE: 73.94	RMSE: 103.79
Epoch 497	LOSS: 442.51	MAE: 74.23	RMSE: 104.04
Epoch 498	LOSS: 439.07	MAE: 73.69	RMSE: 103.55
Epoch 499	LOSS: 443.65	MAE: 73.82	RMSE: 103.67
