Epoch 000	LOSS: 1244.32	MAE: 200.92	RMSE: 249.38
Epoch 001	LOSS: 1122.41	MAE: 182.86	RMSE: 233.47
Epoch 002	LOSS: 1071.83	MAE: 171.38	RMSE: 222.37
Epoch 003	LOSS: 1032.53	MAE: 165.46	RMSE: 214.77
Epoch 004	LOSS: 1005.28	MAE: 158.69	RMSE: 206.98
Epoch 005	LOSS: 920.13	MAE: 152.74	RMSE: 199.96
Epoch 006	LOSS: 907.68	MAE: 146.70	RMSE: 194.01
Epoch 007	LOSS: 887.91	MAE: 142.59	RMSE: 189.73
Epoch 008	LOSS: 862.20	MAE: 139.94	RMSE: 186.99
Epoch 009	LOSS: 863.05	MAE: 139.29	RMSE: 186.52
Epoch 010	LOSS: 841.42	MAE: 139.53	RMSE: 186.61
Epoch 011	LOSS: 819.10	MAE: 138.76	RMSE: 185.40
Epoch 012	LOSS: 807.92	MAE: 138.05	RMSE: 184.28
Epoch 013	LOSS: 802.28	MAE: 137.05	RMSE: 183.27
Epoch 014	LOSS: 794.37	MAE: 135.94	RMSE: 182.20
Epoch 015	LOSS: 787.53	MAE: 135.58	RMSE: 182.20
Epoch 016	LOSS: 793.18	MAE: 135.34	RMSE: 182.20
Epoch 017	LOSS: 767.01	MAE: 134.55	RMSE: 181.27
Epoch 018	LOSS: 761.34	MAE: 133.76	RMSE: 180.18
Epoch 019	LOSS: 759.30	MAE: 133.44	RMSE: 179.70
Epoch 020	LOSS: 747.93	MAE: 133.31	RMSE: 179.83
Epoch 021	LOSS: 746.89	MAE: 132.76	RMSE: 179.36
Epoch 022	LOSS: 751.11	MAE: 131.99	RMSE: 178.26
Epoch 023	LOSS: 746.57	MAE: 131.82	RMSE: 178.00
Epoch 024	LOSS: 726.20	MAE: 131.69	RMSE: 177.97
Epoch 025	LOSS: 734.39	MAE: 130.99	RMSE: 177.27
Epoch 026	LOSS: 722.24	MAE: 130.50	RMSE: 176.63
Epoch 027	LOSS: 720.51	MAE: 130.29	RMSE: 176.50
Epoch 028	LOSS: 710.65	MAE: 129.67	RMSE: 175.55
Epoch 029	LOSS: 705.30	MAE: 129.44	RMSE: 175.23
Epoch 030	LOSS: 713.22	MAE: 128.93	RMSE: 174.93
Epoch 031	LOSS: 705.09	MAE: 128.65	RMSE: 174.43
Epoch 032	LOSS: 707.71	MAE: 128.39	RMSE: 173.93
Epoch 033	LOSS: 699.23	MAE: 127.70	RMSE: 173.49
Epoch 034	LOSS: 694.36	MAE: 127.38	RMSE: 172.80
Epoch 035	LOSS: 700.18	MAE: 126.82	RMSE: 172.42
Epoch 036	LOSS: 695.77	MAE: 126.02	RMSE: 171.51
Epoch 037	LOSS: 690.86	MAE: 125.79	RMSE: 171.10
Epoch 038	LOSS: 693.56	MAE: 125.65	RMSE: 171.13
Epoch 039	LOSS: 687.48	MAE: 124.70	RMSE: 169.91
Epoch 040	LOSS: 684.04	MAE: 124.38	RMSE: 169.63
Epoch 041	LOSS: 678.85	MAE: 123.77	RMSE: 169.12
Epoch 042	LOSS: 673.88	MAE: 123.45	RMSE: 168.56
Epoch 043	LOSS: 674.36	MAE: 122.86	RMSE: 168.01
Epoch 044	LOSS: 677.13	MAE: 122.34	RMSE: 167.31
Epoch 045	LOSS: 665.70	MAE: 121.81	RMSE: 166.82
Epoch 046	LOSS: 668.81	MAE: 121.45	RMSE: 166.34
Epoch 047	LOSS: 661.37	MAE: 120.70	RMSE: 165.51
Epoch 048	LOSS: 664.69	MAE: 120.14	RMSE: 164.91
Epoch 049	LOSS: 660.62	MAE: 120.02	RMSE: 164.79
Epoch 050	LOSS: 664.27	MAE: 119.51	RMSE: 164.13
Epoch 051	LOSS: 661.45	MAE: 118.64	RMSE: 163.16
Epoch 052	LOSS: 660.71	MAE: 118.81	RMSE: 163.21
Epoch 053	LOSS: 655.75	MAE: 117.74	RMSE: 162.21
Epoch 054	LOSS: 646.96	MAE: 117.21	RMSE: 161.39
Epoch 055	LOSS: 643.51	MAE: 117.12	RMSE: 161.38
Epoch 056	LOSS: 640.83	MAE: 116.60	RMSE: 160.82
Epoch 057	LOSS: 651.88	MAE: 115.56	RMSE: 159.53
Epoch 058	LOSS: 647.46	MAE: 115.57	RMSE: 159.60
Epoch 059	LOSS: 643.05	MAE: 115.08	RMSE: 158.94
Epoch 060	LOSS: 642.23	MAE: 114.45	RMSE: 158.20
Epoch 061	LOSS: 640.52	MAE: 114.62	RMSE: 158.55
Epoch 062	LOSS: 644.45	MAE: 113.01	RMSE: 156.63
Epoch 063	LOSS: 637.06	MAE: 113.54	RMSE: 157.09
Epoch 064	LOSS: 645.49	MAE: 112.46	RMSE: 156.02
Epoch 065	LOSS: 643.15	MAE: 112.50	RMSE: 155.93
Epoch 066	LOSS: 642.89	MAE: 111.77	RMSE: 155.12
Epoch 067	LOSS: 641.01	MAE: 111.66	RMSE: 154.97
Epoch 068	LOSS: 632.27	MAE: 111.40	RMSE: 154.69
Epoch 069	LOSS: 626.56	MAE: 110.93	RMSE: 154.15
Epoch 070	LOSS: 633.44	MAE: 110.22	RMSE: 153.37
Epoch 071	LOSS: 630.68	MAE: 110.18	RMSE: 153.22
Epoch 072	LOSS: 623.19	MAE: 109.71	RMSE: 152.87
Epoch 073	LOSS: 633.14	MAE: 109.49	RMSE: 152.40
Epoch 074	LOSS: 630.13	MAE: 108.86	RMSE: 151.79
Epoch 075	LOSS: 634.32	MAE: 108.69	RMSE: 151.60
Epoch 076	LOSS: 626.32	MAE: 108.38	RMSE: 151.20
Epoch 077	LOSS: 627.63	MAE: 108.00	RMSE: 150.69
Epoch 078	LOSS: 632.49	MAE: 107.66	RMSE: 150.46
Epoch 079	LOSS: 621.03	MAE: 107.54	RMSE: 150.18
Epoch 080	LOSS: 620.89	MAE: 107.01	RMSE: 149.79
Epoch 081	LOSS: 623.45	MAE: 106.83	RMSE: 149.31
Epoch 082	LOSS: 625.30	MAE: 106.84	RMSE: 149.41
Epoch 083	LOSS: 613.67	MAE: 106.27	RMSE: 148.65
Epoch 084	LOSS: 626.78	MAE: 105.87	RMSE: 148.47
Epoch 085	LOSS: 628.42	MAE: 105.93	RMSE: 148.16
Epoch 086	LOSS: 627.30	MAE: 105.29	RMSE: 147.72
Epoch 087	LOSS: 625.48	MAE: 105.18	RMSE: 147.49
Epoch 088	LOSS: 618.68	MAE: 104.70	RMSE: 146.92
Epoch 089	LOSS: 622.18	MAE: 104.31	RMSE: 146.55
Epoch 090	LOSS: 611.37	MAE: 104.59	RMSE: 146.73
Epoch 091	LOSS: 609.11	MAE: 103.80	RMSE: 146.01
Epoch 092	LOSS: 611.37	MAE: 103.74	RMSE: 145.83
Epoch 093	LOSS: 615.40	MAE: 103.30	RMSE: 145.41
Epoch 094	LOSS: 616.74	MAE: 103.32	RMSE: 145.32
Epoch 095	LOSS: 609.47	MAE: 103.14	RMSE: 145.12
Epoch 096	LOSS: 617.60	MAE: 102.50	RMSE: 144.49
Epoch 097	LOSS: 618.77	MAE: 102.73	RMSE: 144.57
Epoch 098	LOSS: 614.93	MAE: 102.05	RMSE: 143.94
Epoch 099	LOSS: 617.65	MAE: 101.81	RMSE: 143.63
Epoch 100	LOSS: 610.23	MAE: 101.82	RMSE: 143.55
Epoch 101	LOSS: 606.10	MAE: 101.55	RMSE: 143.39
Epoch 102	LOSS: 609.24	MAE: 100.95	RMSE: 142.62
Epoch 103	LOSS: 606.30	MAE: 100.80	RMSE: 142.53
Epoch 104	LOSS: 601.74	MAE: 101.40	RMSE: 142.95
Epoch 105	LOSS: 612.45	MAE: 100.41	RMSE: 142.13
Epoch 106	LOSS: 608.66	MAE: 100.24	RMSE: 141.73
Epoch 107	LOSS: 616.16	MAE: 100.32	RMSE: 141.84
Epoch 108	LOSS: 613.42	MAE: 99.85	RMSE: 141.37
Epoch 109	LOSS: 603.54	MAE: 99.76	RMSE: 141.30
Epoch 110	LOSS: 604.43	MAE: 99.66	RMSE: 140.98
Epoch 111	LOSS: 600.98	MAE: 99.47	RMSE: 140.99
Epoch 112	LOSS: 600.21	MAE: 99.01	RMSE: 140.27
Epoch 113	LOSS: 603.03	MAE: 98.97	RMSE: 140.37
Epoch 114	LOSS: 608.67	MAE: 98.55	RMSE: 139.90
Epoch 115	LOSS: 611.43	MAE: 98.36	RMSE: 139.60
Epoch 116	LOSS: 611.29	MAE: 98.33	RMSE: 139.54
Epoch 117	LOSS: 602.14	MAE: 98.20	RMSE: 139.43
Epoch 118	LOSS: 591.74	MAE: 97.98	RMSE: 139.15
Epoch 119	LOSS: 616.19	MAE: 97.60	RMSE: 138.76
Epoch 120	LOSS: 601.88	MAE: 97.37	RMSE: 138.42
Epoch 121	LOSS: 601.03	MAE: 97.03	RMSE: 138.14
Epoch 122	LOSS: 608.81	MAE: 97.28	RMSE: 138.27
Epoch 123	LOSS: 601.90	MAE: 96.80	RMSE: 137.79
Epoch 124	LOSS: 599.04	MAE: 96.90	RMSE: 137.82
Epoch 125	LOSS: 601.68	MAE: 96.22	RMSE: 137.18
Epoch 126	LOSS: 599.92	MAE: 96.80	RMSE: 137.57
Epoch 127	LOSS: 600.34	MAE: 95.79	RMSE: 136.71
Epoch 128	LOSS: 599.48	MAE: 96.20	RMSE: 137.08
Epoch 129	LOSS: 602.40	MAE: 95.57	RMSE: 136.28
Epoch 130	LOSS: 604.17	MAE: 95.39	RMSE: 136.23
Epoch 131	LOSS: 605.17	MAE: 95.81	RMSE: 136.50
Epoch 132	LOSS: 605.45	MAE: 95.09	RMSE: 135.83
Epoch 133	LOSS: 594.23	MAE: 95.11	RMSE: 135.83
Epoch 134	LOSS: 593.22	MAE: 94.58	RMSE: 135.19
Epoch 135	LOSS: 604.65	MAE: 94.92	RMSE: 135.50
Epoch 136	LOSS: 603.05	MAE: 94.45	RMSE: 135.07
Epoch 137	LOSS: 598.91	MAE: 94.51	RMSE: 135.16
Epoch 138	LOSS: 594.48	MAE: 94.08	RMSE: 134.53
Epoch 139	LOSS: 596.98	MAE: 93.75	RMSE: 134.41
Epoch 140	LOSS: 597.62	MAE: 93.65	RMSE: 134.07
Epoch 141	LOSS: 592.87	MAE: 93.27	RMSE: 133.87
Epoch 142	LOSS: 594.65	MAE: 93.14	RMSE: 133.50
Epoch 143	LOSS: 596.02	MAE: 93.54	RMSE: 133.95
Epoch 144	LOSS: 597.48	MAE: 92.83	RMSE: 133.19
Epoch 145	LOSS: 585.99	MAE: 92.30	RMSE: 132.68
Epoch 146	LOSS: 588.73	MAE: 92.60	RMSE: 132.79
Epoch 147	LOSS: 585.58	MAE: 92.49	RMSE: 132.79
Epoch 148	LOSS: 595.53	MAE: 91.94	RMSE: 132.08
Epoch 149	LOSS: 596.82	MAE: 91.91	RMSE: 132.29
Epoch 150	LOSS: 584.78	MAE: 91.93	RMSE: 131.90
Epoch 151	LOSS: 589.62	MAE: 91.50	RMSE: 131.73
Epoch 152	LOSS: 592.15	MAE: 91.88	RMSE: 131.89
Epoch 153	LOSS: 590.13	MAE: 90.89	RMSE: 130.91
Epoch 154	LOSS: 596.26	MAE: 90.90	RMSE: 130.94
Epoch 155	LOSS: 587.56	MAE: 91.21	RMSE: 131.13
Epoch 156	LOSS: 591.00	MAE: 90.42	RMSE: 130.48
Epoch 157	LOSS: 595.00	MAE: 90.74	RMSE: 130.54
Epoch 158	LOSS: 587.74	MAE: 90.49	RMSE: 130.39
Epoch 159	LOSS: 587.26	MAE: 90.37	RMSE: 130.30
Epoch 160	LOSS: 596.63	MAE: 89.45	RMSE: 129.29
Epoch 161	LOSS: 581.71	MAE: 90.39	RMSE: 130.18
Epoch 162	LOSS: 579.69	MAE: 89.81	RMSE: 129.59
Epoch 163	LOSS: 596.53	MAE: 89.42	RMSE: 129.20
Epoch 164	LOSS: 598.38	MAE: 89.42	RMSE: 129.03
Epoch 165	LOSS: 590.90	MAE: 88.59	RMSE: 128.37
Epoch 166	LOSS: 592.85	MAE: 89.58	RMSE: 129.19
Epoch 167	LOSS: 576.40	MAE: 88.57	RMSE: 128.24
Epoch 168	LOSS: 584.20	MAE: 89.00	RMSE: 128.50
Epoch 169	LOSS: 574.81	MAE: 88.07	RMSE: 127.68
Epoch 170	LOSS: 583.71	MAE: 88.21	RMSE: 127.74
Epoch 171	LOSS: 585.59	MAE: 88.35	RMSE: 127.81
Epoch 172	LOSS: 585.93	MAE: 87.78	RMSE: 127.23
Epoch 173	LOSS: 586.59	MAE: 88.06	RMSE: 127.47
Epoch 174	LOSS: 583.50	MAE: 87.68	RMSE: 127.09
Epoch 175	LOSS: 591.61	MAE: 87.25	RMSE: 126.63
Epoch 176	LOSS: 583.78	MAE: 87.38	RMSE: 126.86
Epoch 177	LOSS: 575.97	MAE: 86.69	RMSE: 125.92
Epoch 178	LOSS: 578.92	MAE: 87.46	RMSE: 126.80
Epoch 179	LOSS: 575.30	MAE: 86.76	RMSE: 125.88
Epoch 180	LOSS: 578.29	MAE: 86.82	RMSE: 126.17
Epoch 181	LOSS: 582.89	MAE: 86.86	RMSE: 126.07
Epoch 182	LOSS: 574.74	MAE: 86.50	RMSE: 125.77
Epoch 183	LOSS: 571.34	MAE: 86.28	RMSE: 125.45
Epoch 184	LOSS: 585.80	MAE: 86.26	RMSE: 125.41
Epoch 185	LOSS: 581.04	MAE: 86.29	RMSE: 125.46
Epoch 186	LOSS: 579.78	MAE: 85.90	RMSE: 124.95
Epoch 187	LOSS: 583.33	MAE: 85.70	RMSE: 124.63
Epoch 188	LOSS: 575.65	MAE: 85.89	RMSE: 124.87
Epoch 189	LOSS: 573.40	MAE: 85.21	RMSE: 124.16
Epoch 190	LOSS: 575.24	MAE: 85.23	RMSE: 124.23
Epoch 191	LOSS: 577.58	MAE: 85.11	RMSE: 123.95
Epoch 192	LOSS: 580.81	MAE: 85.16	RMSE: 123.98
Epoch 193	LOSS: 578.51	MAE: 84.77	RMSE: 123.66
Epoch 194	LOSS: 571.17	MAE: 84.96	RMSE: 123.72
Epoch 195	LOSS: 577.70	MAE: 84.08	RMSE: 122.91
Epoch 196	LOSS: 574.62	MAE: 84.96	RMSE: 123.67
Epoch 197	LOSS: 571.76	MAE: 83.87	RMSE: 122.53
Epoch 198	LOSS: 582.08	MAE: 84.47	RMSE: 123.21
Epoch 199	LOSS: 579.15	MAE: 83.40	RMSE: 122.09
Epoch 200	LOSS: 574.28	MAE: 84.31	RMSE: 122.75
Epoch 201	LOSS: 574.45	MAE: 83.86	RMSE: 122.48
Epoch 202	LOSS: 582.06	MAE: 83.09	RMSE: 121.71
Epoch 203	LOSS: 570.56	MAE: 83.85	RMSE: 122.38
Epoch 204	LOSS: 567.79	MAE: 83.24	RMSE: 121.85
Epoch 205	LOSS: 578.77	MAE: 83.46	RMSE: 121.95
Epoch 206	LOSS: 566.88	MAE: 83.12	RMSE: 121.70
Epoch 207	LOSS: 572.03	MAE: 82.77	RMSE: 121.15
Epoch 208	LOSS: 566.78	MAE: 83.22	RMSE: 121.66
Epoch 209	LOSS: 582.13	MAE: 82.28	RMSE: 120.70
Epoch 210	LOSS: 570.02	MAE: 83.04	RMSE: 121.45
Epoch 211	LOSS: 575.66	MAE: 82.53	RMSE: 120.82
Epoch 212	LOSS: 565.09	MAE: 82.13	RMSE: 120.51
Epoch 213	LOSS: 572.74	MAE: 82.33	RMSE: 120.69
Epoch 214	LOSS: 562.82	MAE: 81.98	RMSE: 120.34
Epoch 215	LOSS: 578.50	MAE: 82.30	RMSE: 120.54
Epoch 216	LOSS: 569.35	MAE: 81.85	RMSE: 120.17
Epoch 217	LOSS: 569.70	MAE: 82.14	RMSE: 120.35
Epoch 218	LOSS: 573.87	MAE: 81.65	RMSE: 119.84
Epoch 219	LOSS: 562.93	MAE: 81.47	RMSE: 119.63
Epoch 220	LOSS: 570.66	MAE: 81.62	RMSE: 119.83
Epoch 221	LOSS: 564.92	MAE: 81.58	RMSE: 119.66
Epoch 222	LOSS: 576.40	MAE: 80.88	RMSE: 119.06
Epoch 223	LOSS: 574.64	MAE: 80.92	RMSE: 118.97
Epoch 224	LOSS: 565.35	MAE: 81.14	RMSE: 119.24
Epoch 225	LOSS: 570.27	MAE: 80.50	RMSE: 118.55
Epoch 226	LOSS: 557.55	MAE: 81.13	RMSE: 119.21
Epoch 227	LOSS: 561.62	MAE: 80.60	RMSE: 118.56
Epoch 228	LOSS: 564.49	MAE: 80.91	RMSE: 118.85
Epoch 229	LOSS: 571.26	MAE: 80.45	RMSE: 118.41
Epoch 230	LOSS: 558.46	MAE: 80.39	RMSE: 118.32
Epoch 231	LOSS: 567.87	MAE: 80.02	RMSE: 118.00
Epoch 232	LOSS: 568.08	MAE: 80.14	RMSE: 117.95
Epoch 233	LOSS: 562.47	MAE: 79.80	RMSE: 117.71
Epoch 234	LOSS: 562.79	MAE: 80.01	RMSE: 117.77
Epoch 235	LOSS: 561.80	MAE: 79.64	RMSE: 117.52
Epoch 236	LOSS: 565.22	MAE: 79.70	RMSE: 117.46
Epoch 237	LOSS: 567.40	MAE: 79.06	RMSE: 116.92
Epoch 238	LOSS: 565.13	MAE: 79.95	RMSE: 117.46
Epoch 239	LOSS: 565.53	MAE: 79.19	RMSE: 116.98
Epoch 240	LOSS: 555.77	MAE: 79.25	RMSE: 116.85
Epoch 241	LOSS: 570.86	MAE: 78.99	RMSE: 116.61
Epoch 242	LOSS: 564.80	MAE: 79.19	RMSE: 116.74
Epoch 243	LOSS: 566.31	MAE: 78.79	RMSE: 116.28
Epoch 244	LOSS: 558.55	MAE: 78.61	RMSE: 116.30
Epoch 245	LOSS: 565.00	MAE: 78.90	RMSE: 116.40
Epoch 246	LOSS: 571.60	MAE: 78.55	RMSE: 116.01
Epoch 247	LOSS: 564.85	MAE: 78.38	RMSE: 115.95
Epoch 248	LOSS: 572.38	MAE: 78.34	RMSE: 115.84
Epoch 249	LOSS: 561.27	MAE: 78.09	RMSE: 115.42
Epoch 250	LOSS: 560.31	MAE: 78.41	RMSE: 115.83
Epoch 251	LOSS: 560.57	MAE: 77.71	RMSE: 115.11
Epoch 252	LOSS: 565.74	MAE: 77.99	RMSE: 115.13
Epoch 253	LOSS: 561.03	MAE: 77.52	RMSE: 114.80
Epoch 254	LOSS: 558.83	MAE: 77.67	RMSE: 115.00
Epoch 255	LOSS: 567.19	MAE: 76.82	RMSE: 114.06
Epoch 256	LOSS: 563.56	MAE: 78.23	RMSE: 115.39
Epoch 257	LOSS: 557.91	MAE: 76.70	RMSE: 113.81
Epoch 258	LOSS: 571.86	MAE: 77.52	RMSE: 114.83
Epoch 259	LOSS: 566.57	MAE: 77.27	RMSE: 114.39
Epoch 260	LOSS: 559.73	MAE: 76.52	RMSE: 113.64
Epoch 261	LOSS: 558.43	MAE: 77.15	RMSE: 114.17
Epoch 262	LOSS: 565.99	MAE: 76.63	RMSE: 113.74
Epoch 263	LOSS: 560.38	MAE: 76.70	RMSE: 113.64
Epoch 264	LOSS: 556.82	MAE: 76.58	RMSE: 113.68
Epoch 265	LOSS: 563.96	MAE: 76.73	RMSE: 113.74
Epoch 266	LOSS: 561.70	MAE: 75.94	RMSE: 113.01
Epoch 267	LOSS: 557.50	MAE: 76.70	RMSE: 113.57
Epoch 268	LOSS: 561.54	MAE: 76.19	RMSE: 113.24
Epoch 269	LOSS: 559.13	MAE: 76.06	RMSE: 112.89
Epoch 270	LOSS: 558.25	MAE: 76.58	RMSE: 113.49
Epoch 271	LOSS: 555.33	MAE: 75.29	RMSE: 112.19
Epoch 272	LOSS: 548.78	MAE: 76.22	RMSE: 113.11
Epoch 273	LOSS: 558.92	MAE: 75.65	RMSE: 112.53
Epoch 274	LOSS: 552.88	MAE: 75.45	RMSE: 112.13
Epoch 275	LOSS: 554.53	MAE: 75.79	RMSE: 112.70
Epoch 276	LOSS: 552.22	MAE: 75.48	RMSE: 112.28
Epoch 277	LOSS: 556.20	MAE: 75.42	RMSE: 112.08
Epoch 278	LOSS: 548.06	MAE: 75.49	RMSE: 112.17
Epoch 279	LOSS: 548.63	MAE: 75.03	RMSE: 111.78
Epoch 280	LOSS: 553.14	MAE: 75.31	RMSE: 111.94
Epoch 281	LOSS: 560.44	MAE: 75.03	RMSE: 111.62
Epoch 282	LOSS: 549.05	MAE: 75.32	RMSE: 112.06
Epoch 283	LOSS: 547.42	MAE: 74.92	RMSE: 111.45
Epoch 284	LOSS: 557.96	MAE: 75.06	RMSE: 111.74
Epoch 285	LOSS: 553.03	MAE: 74.89	RMSE: 111.55
Epoch 286	LOSS: 554.20	MAE: 74.50	RMSE: 110.99
Epoch 287	LOSS: 552.33	MAE: 74.56	RMSE: 111.06
Epoch 288	LOSS: 550.59	MAE: 74.62	RMSE: 111.14
Epoch 289	LOSS: 553.23	MAE: 74.67	RMSE: 111.17
Epoch 290	LOSS: 544.50	MAE: 74.11	RMSE: 110.60
Epoch 291	LOSS: 550.59	MAE: 74.54	RMSE: 110.99
Epoch 292	LOSS: 556.99	MAE: 73.89	RMSE: 110.19
Epoch 293	LOSS: 541.83	MAE: 73.72	RMSE: 110.18
Epoch 294	LOSS: 554.48	MAE: 74.58	RMSE: 110.87
Epoch 295	LOSS: 549.81	MAE: 73.32	RMSE: 109.69
Epoch 296	LOSS: 547.85	MAE: 74.68	RMSE: 110.85
Epoch 297	LOSS: 557.20	MAE: 73.28	RMSE: 109.67
Epoch 298	LOSS: 544.74	MAE: 74.29	RMSE: 110.59
Epoch 299	LOSS: 545.75	MAE: 73.29	RMSE: 109.54
Epoch 300	LOSS: 546.51	MAE: 73.67	RMSE: 109.89
Epoch 301	LOSS: 545.39	MAE: 74.01	RMSE: 110.23
Epoch 302	LOSS: 545.72	MAE: 73.51	RMSE: 109.75
Epoch 303	LOSS: 548.07	MAE: 73.50	RMSE: 109.79
Epoch 304	LOSS: 542.10	MAE: 73.40	RMSE: 109.40
Epoch 305	LOSS: 558.11	MAE: 73.77	RMSE: 109.99
Epoch 306	LOSS: 549.17	MAE: 72.92	RMSE: 109.00
Epoch 307	LOSS: 537.43	MAE: 73.55	RMSE: 109.65
Epoch 308	LOSS: 536.61	MAE: 72.74	RMSE: 108.83
Epoch 309	LOSS: 550.72	MAE: 72.93	RMSE: 109.07
Epoch 310	LOSS: 546.94	MAE: 72.98	RMSE: 109.01
Epoch 311	LOSS: 546.38	MAE: 73.18	RMSE: 109.25
Epoch 312	LOSS: 542.28	MAE: 72.36	RMSE: 108.28
Epoch 313	LOSS: 541.23	MAE: 72.93	RMSE: 108.87
Epoch 314	LOSS: 541.16	MAE: 72.88	RMSE: 108.85
Epoch 315	LOSS: 547.17	MAE: 72.10	RMSE: 107.91
Epoch 316	LOSS: 537.71	MAE: 72.87	RMSE: 108.83
Epoch 317	LOSS: 553.26	MAE: 72.05	RMSE: 107.92
Epoch 318	LOSS: 549.02	MAE: 72.54	RMSE: 108.28
Epoch 319	LOSS: 544.41	MAE: 72.25	RMSE: 108.29
Epoch 320	LOSS: 541.49	MAE: 72.19	RMSE: 107.83
Epoch 321	LOSS: 542.61	MAE: 72.05	RMSE: 107.88
Epoch 322	LOSS: 540.12	MAE: 72.11	RMSE: 107.79
Epoch 323	LOSS: 538.23	MAE: 71.97	RMSE: 107.72
Epoch 324	LOSS: 536.31	MAE: 71.67	RMSE: 107.33
Epoch 325	LOSS: 540.98	MAE: 71.94	RMSE: 107.62
Epoch 326	LOSS: 544.29	MAE: 71.90	RMSE: 107.46
Epoch 327	LOSS: 534.42	MAE: 71.32	RMSE: 106.96
Epoch 328	LOSS: 543.50	MAE: 71.87	RMSE: 107.45
Epoch 329	LOSS: 544.91	MAE: 71.45	RMSE: 107.06
Epoch 330	LOSS: 543.54	MAE: 71.48	RMSE: 107.12
Epoch 331	LOSS: 535.70	MAE: 71.44	RMSE: 106.95
Epoch 332	LOSS: 536.65	MAE: 71.24	RMSE: 106.69
Epoch 333	LOSS: 536.71	MAE: 71.20	RMSE: 106.83
Epoch 334	LOSS: 536.21	MAE: 71.46	RMSE: 106.82
Epoch 335	LOSS: 533.76	MAE: 71.10	RMSE: 106.55
Epoch 336	LOSS: 550.40	MAE: 70.90	RMSE: 106.40
Epoch 337	LOSS: 536.39	MAE: 71.59	RMSE: 106.97
Epoch 338	LOSS: 536.18	MAE: 70.98	RMSE: 106.40
Epoch 339	LOSS: 534.20	MAE: 71.02	RMSE: 106.50
Epoch 340	LOSS: 534.85	MAE: 70.54	RMSE: 106.01
Epoch 341	LOSS: 538.44	MAE: 70.94	RMSE: 106.21
Epoch 342	LOSS: 539.40	MAE: 70.25	RMSE: 105.64
Epoch 343	LOSS: 534.51	MAE: 70.94	RMSE: 106.22
Epoch 344	LOSS: 538.82	MAE: 70.75	RMSE: 106.05
Epoch 345	LOSS: 542.62	MAE: 70.62	RMSE: 105.92
Epoch 346	LOSS: 532.93	MAE: 70.42	RMSE: 105.77
Epoch 347	LOSS: 536.88	MAE: 70.53	RMSE: 105.76
Epoch 348	LOSS: 535.56	MAE: 70.09	RMSE: 105.21
Epoch 349	LOSS: 526.77	MAE: 70.92	RMSE: 106.11
Epoch 350	LOSS: 534.35	MAE: 70.02	RMSE: 105.15
Epoch 351	LOSS: 534.38	MAE: 70.93	RMSE: 106.11
Epoch 352	LOSS: 537.50	MAE: 69.83	RMSE: 104.86
Epoch 353	LOSS: 535.35	MAE: 70.86	RMSE: 106.13
Epoch 354	LOSS: 533.66	MAE: 69.78	RMSE: 104.81
Epoch 355	LOSS: 538.72	MAE: 69.90	RMSE: 105.03
Epoch 356	LOSS: 533.09	MAE: 70.30	RMSE: 105.31
Epoch 357	LOSS: 534.29	MAE: 69.81	RMSE: 104.83
Epoch 358	LOSS: 527.77	MAE: 69.91	RMSE: 104.90
Epoch 359	LOSS: 537.08	MAE: 69.70	RMSE: 104.63
Epoch 360	LOSS: 534.60	MAE: 69.90	RMSE: 104.78
Epoch 361	LOSS: 531.52	MAE: 69.77	RMSE: 104.79
Epoch 362	LOSS: 528.40	MAE: 69.39	RMSE: 104.15
Epoch 363	LOSS: 531.60	MAE: 70.05	RMSE: 104.94
Epoch 364	LOSS: 523.89	MAE: 69.54	RMSE: 104.50
Epoch 365	LOSS: 523.54	MAE: 69.74	RMSE: 104.58
Epoch 366	LOSS: 530.96	MAE: 69.48	RMSE: 104.26
Epoch 367	LOSS: 531.17	MAE: 69.60	RMSE: 104.39
Epoch 368	LOSS: 529.21	MAE: 69.50	RMSE: 104.31
Epoch 369	LOSS: 523.31	MAE: 69.03	RMSE: 103.74
Epoch 370	LOSS: 525.29	MAE: 69.68	RMSE: 104.48
Epoch 371	LOSS: 522.48	MAE: 69.24	RMSE: 103.92
Epoch 372	LOSS: 532.52	MAE: 69.35	RMSE: 104.13
Epoch 373	LOSS: 528.19	MAE: 68.76	RMSE: 103.31
Epoch 374	LOSS: 522.99	MAE: 69.60	RMSE: 104.43
Epoch 375	LOSS: 527.08	MAE: 68.78	RMSE: 103.33
Epoch 376	LOSS: 518.97	MAE: 69.22	RMSE: 103.95
Epoch 377	LOSS: 521.38	MAE: 69.02	RMSE: 103.57
Epoch 378	LOSS: 512.97	MAE: 69.25	RMSE: 104.07
Epoch 379	LOSS: 523.74	MAE: 68.32	RMSE: 102.75
Epoch 380	LOSS: 524.60	MAE: 69.16	RMSE: 103.80
Epoch 381	LOSS: 515.00	MAE: 68.39	RMSE: 102.81
Epoch 382	LOSS: 528.34	MAE: 68.76	RMSE: 103.27
Epoch 383	LOSS: 519.86	MAE: 68.36	RMSE: 102.80
Epoch 384	LOSS: 520.17	MAE: 69.15	RMSE: 103.62
Epoch 385	LOSS: 527.99	MAE: 68.29	RMSE: 102.56
Epoch 386	LOSS: 520.04	MAE: 68.68	RMSE: 103.18
Epoch 387	LOSS: 521.71	MAE: 68.38	RMSE: 102.68
Epoch 388	LOSS: 519.76	MAE: 68.87	RMSE: 103.28
Epoch 389	LOSS: 521.46	MAE: 67.92	RMSE: 102.20
Epoch 390	LOSS: 520.21	MAE: 68.41	RMSE: 102.85
Epoch 391	LOSS: 524.96	MAE: 67.74	RMSE: 101.96
Epoch 392	LOSS: 528.56	MAE: 68.47	RMSE: 102.82
Epoch 393	LOSS: 516.43	MAE: 67.70	RMSE: 101.77
Epoch 394	LOSS: 509.28	MAE: 68.62	RMSE: 103.10
Epoch 395	LOSS: 516.61	MAE: 67.57	RMSE: 101.60
Epoch 396	LOSS: 518.89	MAE: 68.41	RMSE: 102.72
Epoch 397	LOSS: 507.87	MAE: 67.62	RMSE: 101.71
Epoch 398	LOSS: 523.99	MAE: 67.95	RMSE: 102.18
Epoch 399	LOSS: 510.23	MAE: 67.99	RMSE: 102.05
Epoch 400	LOSS: 511.85	MAE: 67.40	RMSE: 101.43
Epoch 401	LOSS: 513.15	MAE: 68.76	RMSE: 102.83
Epoch 402	LOSS: 510.20	MAE: 66.93	RMSE: 100.95
Epoch 403	LOSS: 510.44	MAE: 68.37	RMSE: 102.52
Epoch 404	LOSS: 516.02	MAE: 67.22	RMSE: 101.18
Epoch 405	LOSS: 510.11	MAE: 67.88	RMSE: 101.90
Epoch 406	LOSS: 513.99	MAE: 67.16	RMSE: 101.06
Epoch 407	LOSS: 515.51	MAE: 67.96	RMSE: 101.92
Epoch 408	LOSS: 518.55	MAE: 67.30	RMSE: 101.27
Epoch 409	LOSS: 516.22	MAE: 67.58	RMSE: 101.54
Epoch 410	LOSS: 512.89	MAE: 67.11	RMSE: 100.93
Epoch 411	LOSS: 507.07	MAE: 67.49	RMSE: 101.44
Epoch 412	LOSS: 514.74	MAE: 67.34	RMSE: 101.17
Epoch 413	LOSS: 520.41	MAE: 67.13	RMSE: 100.96
Epoch 414	LOSS: 515.71	MAE: 67.05	RMSE: 100.80
Epoch 415	LOSS: 509.55	MAE: 67.05	RMSE: 100.88
Epoch 416	LOSS: 507.78	MAE: 67.02	RMSE: 100.69
Epoch 417	LOSS: 517.94	MAE: 67.58	RMSE: 101.40
Epoch 418	LOSS: 506.68	MAE: 66.75	RMSE: 100.59
Epoch 419	LOSS: 505.46	MAE: 67.17	RMSE: 100.90
Epoch 420	LOSS: 505.78	MAE: 66.83	RMSE: 100.76
Epoch 421	LOSS: 507.25	MAE: 66.97	RMSE: 100.61
Epoch 422	LOSS: 509.53	MAE: 66.88	RMSE: 100.58
Epoch 423	LOSS: 518.11	MAE: 67.27	RMSE: 100.85
Epoch 424	LOSS: 508.56	MAE: 66.17	RMSE: 99.90
Epoch 425	LOSS: 516.50	MAE: 67.74	RMSE: 101.41
Epoch 426	LOSS: 516.19	MAE: 66.28	RMSE: 99.72
Epoch 427	LOSS: 516.09	MAE: 67.17	RMSE: 100.97
Epoch 428	LOSS: 504.70	MAE: 66.80	RMSE: 100.37
Epoch 429	LOSS: 504.46	MAE: 67.15	RMSE: 100.88
Epoch 430	LOSS: 506.51	MAE: 66.19	RMSE: 99.70
Epoch 431	LOSS: 506.08	MAE: 67.07	RMSE: 100.62
Epoch 432	LOSS: 504.14	MAE: 66.71	RMSE: 100.30
Epoch 433	LOSS: 508.20	MAE: 66.13	RMSE: 99.49
Epoch 434	LOSS: 501.81	MAE: 67.05	RMSE: 100.54
Epoch 435	LOSS: 515.31	MAE: 66.43	RMSE: 99.91
Epoch 436	LOSS: 505.37	MAE: 66.42	RMSE: 99.83
Epoch 437	LOSS: 503.00	MAE: 66.66	RMSE: 100.13
Epoch 438	LOSS: 505.47	MAE: 66.66	RMSE: 100.03
Epoch 439	LOSS: 508.07	MAE: 66.54	RMSE: 100.00
Epoch 440	LOSS: 499.39	MAE: 66.38	RMSE: 99.62
Epoch 441	LOSS: 508.51	MAE: 66.56	RMSE: 100.03
Epoch 442	LOSS: 503.46	MAE: 66.15	RMSE: 99.42
Epoch 443	LOSS: 506.53	MAE: 66.64	RMSE: 99.92
Epoch 444	LOSS: 501.96	MAE: 65.95	RMSE: 99.18
Epoch 445	LOSS: 505.19	MAE: 66.26	RMSE: 99.50
Epoch 446	LOSS: 497.50	MAE: 65.94	RMSE: 99.01
Epoch 447	LOSS: 506.76	MAE: 66.19	RMSE: 99.49
Epoch 448	LOSS: 512.55	MAE: 65.85	RMSE: 98.93
Epoch 449	LOSS: 496.96	MAE: 66.68	RMSE: 100.01
Epoch 450	LOSS: 496.22	MAE: 65.59	RMSE: 98.54
Epoch 451	LOSS: 499.62	MAE: 65.98	RMSE: 99.19
Epoch 452	LOSS: 490.08	MAE: 65.91	RMSE: 98.92
Epoch 453	LOSS: 492.99	MAE: 65.97	RMSE: 99.12
Epoch 454	LOSS: 494.85	MAE: 65.80	RMSE: 98.76
Epoch 455	LOSS: 495.11	MAE: 65.81	RMSE: 98.89
Epoch 456	LOSS: 492.93	MAE: 66.03	RMSE: 99.10
Epoch 457	LOSS: 496.00	MAE: 65.65	RMSE: 98.64
Epoch 458	LOSS: 493.50	MAE: 66.15	RMSE: 99.10
Epoch 459	LOSS: 503.99	MAE: 64.94	RMSE: 97.93
Epoch 460	LOSS: 500.91	MAE: 66.40	RMSE: 99.39
Epoch 461	LOSS: 495.22	MAE: 64.87	RMSE: 97.61
Epoch 462	LOSS: 495.36	MAE: 66.09	RMSE: 99.12
Epoch 463	LOSS: 503.84	MAE: 65.31	RMSE: 98.19
Epoch 464	LOSS: 494.27	MAE: 66.21	RMSE: 99.12
Epoch 465	LOSS: 499.64	MAE: 64.96	RMSE: 97.70
Epoch 466	LOSS: 494.62	MAE: 65.63	RMSE: 98.50
Epoch 467	LOSS: 488.57	MAE: 65.23	RMSE: 98.03
Epoch 468	LOSS: 498.59	MAE: 65.58	RMSE: 98.40
Epoch 469	LOSS: 491.85	MAE: 65.68	RMSE: 98.56
Epoch 470	LOSS: 499.47	MAE: 65.33	RMSE: 98.11
Epoch 471	LOSS: 500.04	MAE: 65.26	RMSE: 98.17
Epoch 472	LOSS: 487.77	MAE: 65.08	RMSE: 97.78
Epoch 473	LOSS: 484.01	MAE: 65.12	RMSE: 97.81
Epoch 474	LOSS: 494.82	MAE: 65.37	RMSE: 98.03
Epoch 475	LOSS: 488.65	MAE: 65.31	RMSE: 97.96
Epoch 476	LOSS: 491.93	MAE: 65.34	RMSE: 98.08
Epoch 477	LOSS: 488.38	MAE: 64.65	RMSE: 97.23
Epoch 478	LOSS: 493.40	MAE: 65.13	RMSE: 97.87
Epoch 479	LOSS: 495.55	MAE: 65.10	RMSE: 97.61
Epoch 480	LOSS: 494.63	MAE: 65.10	RMSE: 97.67
Epoch 481	LOSS: 484.33	MAE: 65.41	RMSE: 98.03
Epoch 482	LOSS: 493.23	MAE: 64.70	RMSE: 97.33
Epoch 483	LOSS: 489.77	MAE: 65.32	RMSE: 97.69
Epoch 484	LOSS: 493.44	MAE: 64.62	RMSE: 97.29
Epoch 485	LOSS: 487.51	MAE: 65.21	RMSE: 97.57
Epoch 486	LOSS: 486.68	MAE: 64.89	RMSE: 97.36
Epoch 487	LOSS: 488.43	MAE: 64.87	RMSE: 97.23
Epoch 488	LOSS: 492.60	MAE: 64.93	RMSE: 97.34
Epoch 489	LOSS: 482.95	MAE: 65.06	RMSE: 97.41
Epoch 490	LOSS: 488.68	MAE: 64.58	RMSE: 97.07
Epoch 491	LOSS: 490.39	MAE: 64.83	RMSE: 97.19
Epoch 492	LOSS: 475.99	MAE: 64.93	RMSE: 97.25
Epoch 493	LOSS: 492.34	MAE: 65.08	RMSE: 97.44
Epoch 494	LOSS: 490.69	MAE: 64.53	RMSE: 96.87
Epoch 495	LOSS: 492.55	MAE: 64.98	RMSE: 97.39
Epoch 496	LOSS: 487.94	MAE: 64.53	RMSE: 96.80
Epoch 497	LOSS: 477.81	MAE: 64.88	RMSE: 97.14
Epoch 498	LOSS: 486.65	MAE: 64.19	RMSE: 96.43
Epoch 499	LOSS: 478.29	MAE: 65.04	RMSE: 97.39
