Epoch 000	LOSS: 449.46	MAE: 255.19	RMSE: 298.06
Epoch 001	LOSS: 441.49	MAE: 255.15	RMSE: 298.03
Epoch 002	LOSS: 446.32	MAE: 255.10	RMSE: 297.99
Epoch 003	LOSS: 447.44	MAE: 255.03	RMSE: 297.92
Epoch 004	LOSS: 445.05	MAE: 254.90	RMSE: 297.81
Epoch 005	LOSS: 439.59	MAE: 254.71	RMSE: 297.65
Epoch 006	LOSS: 444.51	MAE: 254.43	RMSE: 297.40
Epoch 007	LOSS: 435.61	MAE: 254.02	RMSE: 297.05
Epoch 008	LOSS: 438.80	MAE: 253.43	RMSE: 296.54
Epoch 009	LOSS: 433.63	MAE: 252.53	RMSE: 295.76
Epoch 010	LOSS: 430.05	MAE: 251.06	RMSE: 294.50
Epoch 011	LOSS: 416.07	MAE: 249.15	RMSE: 292.84
Epoch 012	LOSS: 414.89	MAE: 246.92	RMSE: 290.90
Epoch 013	LOSS: 399.64	MAE: 244.16	RMSE: 288.49
Epoch 014	LOSS: 393.91	MAE: 240.92	RMSE: 285.66
Epoch 015	LOSS: 372.66	MAE: 237.31	RMSE: 282.48
Epoch 016	LOSS: 358.41	MAE: 233.50	RMSE: 279.09
Epoch 017	LOSS: 344.42	MAE: 229.49	RMSE: 275.46
Epoch 018	LOSS: 326.82	MAE: 225.46	RMSE: 271.75
Epoch 019	LOSS: 305.81	MAE: 221.27	RMSE: 267.83
Epoch 020	LOSS: 289.83	MAE: 216.94	RMSE: 263.69
Epoch 021	LOSS: 266.53	MAE: 212.58	RMSE: 259.41
Epoch 022	LOSS: 249.39	MAE: 208.47	RMSE: 255.23
Epoch 023	LOSS: 235.58	MAE: 204.55	RMSE: 251.11
Epoch 024	LOSS: 220.66	MAE: 200.67	RMSE: 246.94
Epoch 025	LOSS: 210.53	MAE: 197.62	RMSE: 243.50
Epoch 026	LOSS: 202.48	MAE: 195.24	RMSE: 240.70
Epoch 027	LOSS: 196.95	MAE: 194.17	RMSE: 239.22
Epoch 028	LOSS: 195.58	MAE: 194.46	RMSE: 239.11
Epoch 029	LOSS: 188.65	MAE: 195.57	RMSE: 239.96
Epoch 030	LOSS: 184.78	MAE: 197.37	RMSE: 241.69
Epoch 031	LOSS: 182.50	MAE: 199.26	RMSE: 243.68
Epoch 032	LOSS: 176.66	MAE: 201.66	RMSE: 246.24
Epoch 033	LOSS: 176.26	MAE: 203.72	RMSE: 248.35
Epoch 034	LOSS: 170.93	MAE: 205.91	RMSE: 250.65
Epoch 035	LOSS: 173.05	MAE: 208.06	RMSE: 252.97
Epoch 036	LOSS: 171.47	MAE: 209.33	RMSE: 254.42
Epoch 037	LOSS: 170.58	MAE: 209.95	RMSE: 255.20
Epoch 038	LOSS: 172.37	MAE: 210.28	RMSE: 255.77
Epoch 039	LOSS: 170.59	MAE: 210.81	RMSE: 256.61
Epoch 040	LOSS: 171.77	MAE: 211.17	RMSE: 257.27
Epoch 041	LOSS: 169.27	MAE: 211.32	RMSE: 257.67
Epoch 042	LOSS: 169.24	MAE: 211.43	RMSE: 257.97
Epoch 043	LOSS: 167.83	MAE: 211.59	RMSE: 258.27
Epoch 044	LOSS: 168.55	MAE: 211.78	RMSE: 258.53
Epoch 045	LOSS: 169.37	MAE: 212.03	RMSE: 258.74
Epoch 046	LOSS: 166.10	MAE: 212.13	RMSE: 258.83
Epoch 047	LOSS: 169.53	MAE: 212.15	RMSE: 258.84
Epoch 048	LOSS: 169.66	MAE: 212.03	RMSE: 258.83
Epoch 049	LOSS: 165.73	MAE: 211.92	RMSE: 258.86
Epoch 050	LOSS: 165.96	MAE: 211.93	RMSE: 258.91
Epoch 051	LOSS: 164.80	MAE: 212.03	RMSE: 259.05
Epoch 052	LOSS: 168.39	MAE: 212.06	RMSE: 259.12
Epoch 053	LOSS: 165.29	MAE: 212.10	RMSE: 259.18
Epoch 054	LOSS: 164.77	MAE: 212.16	RMSE: 259.23
Epoch 055	LOSS: 168.22	MAE: 212.17	RMSE: 259.23
Epoch 056	LOSS: 164.85	MAE: 212.13	RMSE: 259.18
Epoch 057	LOSS: 162.86	MAE: 212.08	RMSE: 259.16
Epoch 058	LOSS: 163.55	MAE: 212.05	RMSE: 259.14
Epoch 059	LOSS: 166.80	MAE: 212.04	RMSE: 259.11
Epoch 060	LOSS: 162.83	MAE: 211.88	RMSE: 259.00
Epoch 061	LOSS: 163.76	MAE: 211.88	RMSE: 258.97
Epoch 062	LOSS: 164.58	MAE: 211.94	RMSE: 258.99
Epoch 063	LOSS: 164.37	MAE: 211.89	RMSE: 258.94
Epoch 064	LOSS: 162.64	MAE: 211.70	RMSE: 258.79
Epoch 065	LOSS: 165.45	MAE: 211.52	RMSE: 258.65
Epoch 066	LOSS: 164.43	MAE: 211.49	RMSE: 258.56
Epoch 067	LOSS: 165.98	MAE: 211.60	RMSE: 258.58
Epoch 068	LOSS: 164.68	MAE: 211.55	RMSE: 258.48
Epoch 069	LOSS: 163.64	MAE: 211.50	RMSE: 258.38
Epoch 070	LOSS: 163.63	MAE: 211.21	RMSE: 258.20
Epoch 071	LOSS: 162.09	MAE: 210.98	RMSE: 258.06
Epoch 072	LOSS: 161.58	MAE: 210.69	RMSE: 257.92
Epoch 073	LOSS: 160.30	MAE: 210.60	RMSE: 257.86
Epoch 074	LOSS: 161.83	MAE: 210.60	RMSE: 257.84
Epoch 075	LOSS: 161.11	MAE: 210.56	RMSE: 257.77
Epoch 076	LOSS: 158.88	MAE: 210.59	RMSE: 257.75
Epoch 077	LOSS: 160.63	MAE: 210.70	RMSE: 257.78
Epoch 078	LOSS: 160.24	MAE: 210.70	RMSE: 257.75
Epoch 079	LOSS: 162.44	MAE: 210.63	RMSE: 257.68
Epoch 080	LOSS: 159.14	MAE: 210.35	RMSE: 257.54
Epoch 081	LOSS: 156.63	MAE: 210.08	RMSE: 257.48
Epoch 082	LOSS: 155.19	MAE: 210.03	RMSE: 257.48
Epoch 083	LOSS: 157.04	MAE: 210.26	RMSE: 257.56
Epoch 084	LOSS: 161.30	MAE: 210.57	RMSE: 257.72
Epoch 085	LOSS: 160.16	MAE: 210.67	RMSE: 257.81
Epoch 086	LOSS: 157.69	MAE: 210.49	RMSE: 257.74
Epoch 087	LOSS: 155.69	MAE: 210.13	RMSE: 257.58
Epoch 088	LOSS: 155.28	MAE: 209.94	RMSE: 257.57
Epoch 089	LOSS: 155.75	MAE: 209.96	RMSE: 257.60
Epoch 090	LOSS: 153.01	MAE: 210.10	RMSE: 257.69
Epoch 091	LOSS: 158.15	MAE: 210.31	RMSE: 257.77
Epoch 092	LOSS: 154.09	MAE: 210.29	RMSE: 257.75
Epoch 093	LOSS: 153.78	MAE: 210.18	RMSE: 257.69
Epoch 094	LOSS: 155.32	MAE: 210.04	RMSE: 257.58
Epoch 095	LOSS: 153.33	MAE: 209.83	RMSE: 257.40
Epoch 096	LOSS: 154.78	MAE: 209.62	RMSE: 257.30
Epoch 097	LOSS: 152.45	MAE: 209.53	RMSE: 257.30
Epoch 098	LOSS: 149.52	MAE: 209.65	RMSE: 257.49
Epoch 099	LOSS: 149.70	MAE: 209.76	RMSE: 257.60
Epoch 100	LOSS: 151.27	MAE: 209.77	RMSE: 257.63
Epoch 101	LOSS: 149.90	MAE: 209.92	RMSE: 257.74
Epoch 102	LOSS: 153.22	MAE: 210.04	RMSE: 257.88
Epoch 103	LOSS: 151.68	MAE: 209.98	RMSE: 257.85
Epoch 104	LOSS: 151.47	MAE: 209.64	RMSE: 257.56
Epoch 105	LOSS: 149.31	MAE: 209.31	RMSE: 257.34
Epoch 106	LOSS: 145.09	MAE: 209.26	RMSE: 257.46
Epoch 107	LOSS: 150.35	MAE: 209.48	RMSE: 257.64
Epoch 108	LOSS: 150.47	MAE: 209.64	RMSE: 257.71
Epoch 109	LOSS: 148.97	MAE: 209.78	RMSE: 257.79
Epoch 110	LOSS: 150.62	MAE: 209.95	RMSE: 257.85
Epoch 111	LOSS: 149.29	MAE: 209.94	RMSE: 257.82
Epoch 112	LOSS: 149.53	MAE: 209.75	RMSE: 257.72
Epoch 113	LOSS: 144.24	MAE: 209.33	RMSE: 257.51
Epoch 114	LOSS: 145.89	MAE: 209.04	RMSE: 257.41
Epoch 115	LOSS: 145.39	MAE: 208.94	RMSE: 257.38
Epoch 116	LOSS: 144.50	MAE: 209.16	RMSE: 257.45
Epoch 117	LOSS: 146.07	MAE: 209.22	RMSE: 257.42
Epoch 118	LOSS: 143.90	MAE: 209.09	RMSE: 257.31
Epoch 119	LOSS: 144.54	MAE: 208.96	RMSE: 257.21
Epoch 120	LOSS: 144.62	MAE: 208.67	RMSE: 257.10
Epoch 121	LOSS: 140.01	MAE: 208.35	RMSE: 257.06
Epoch 122	LOSS: 140.56	MAE: 208.30	RMSE: 257.04
Epoch 123	LOSS: 140.26	MAE: 208.33	RMSE: 257.04
Epoch 124	LOSS: 140.73	MAE: 208.41	RMSE: 257.02
Epoch 125	LOSS: 141.46	MAE: 208.56	RMSE: 257.07
Epoch 126	LOSS: 139.30	MAE: 208.54	RMSE: 257.02
Epoch 127	LOSS: 138.93	MAE: 208.41	RMSE: 256.96
Epoch 128	LOSS: 138.98	MAE: 208.02	RMSE: 256.79
Epoch 129	LOSS: 135.86	MAE: 207.58	RMSE: 256.59
Epoch 130	LOSS: 134.31	MAE: 207.19	RMSE: 256.43
Epoch 131	LOSS: 134.73	MAE: 207.04	RMSE: 256.35
Epoch 132	LOSS: 134.06	MAE: 207.09	RMSE: 256.35
Epoch 133	LOSS: 134.68	MAE: 207.32	RMSE: 256.43
Epoch 134	LOSS: 136.03	MAE: 207.65	RMSE: 256.55
Epoch 135	LOSS: 139.00	MAE: 207.98	RMSE: 256.66
Epoch 136	LOSS: 136.88	MAE: 208.09	RMSE: 256.66
Epoch 137	LOSS: 135.77	MAE: 207.95	RMSE: 256.58
Epoch 138	LOSS: 137.63	MAE: 207.69	RMSE: 256.46
Epoch 139	LOSS: 132.90	MAE: 207.11	RMSE: 256.21
Epoch 140	LOSS: 130.15	MAE: 206.60	RMSE: 255.99
Epoch 141	LOSS: 127.41	MAE: 206.27	RMSE: 255.85
Epoch 142	LOSS: 128.92	MAE: 206.23	RMSE: 255.76
Epoch 143	LOSS: 127.96	MAE: 206.30	RMSE: 255.76
Epoch 144	LOSS: 129.53	MAE: 206.32	RMSE: 255.74
Epoch 145	LOSS: 129.02	MAE: 206.20	RMSE: 255.68
Epoch 146	LOSS: 126.52	MAE: 205.85	RMSE: 255.53
Epoch 147	LOSS: 125.48	MAE: 205.40	RMSE: 255.35
Epoch 148	LOSS: 125.26	MAE: 205.29	RMSE: 255.28
Epoch 149	LOSS: 124.33	MAE: 205.36	RMSE: 255.27
Epoch 150	LOSS: 125.14	MAE: 205.49	RMSE: 255.30
Epoch 151	LOSS: 125.90	MAE: 205.41	RMSE: 255.22
Epoch 152	LOSS: 127.51	MAE: 205.57	RMSE: 255.27
Epoch 153	LOSS: 128.27	MAE: 205.82	RMSE: 255.36
Epoch 154	LOSS: 128.43	MAE: 205.84	RMSE: 255.37
Epoch 155	LOSS: 129.61	MAE: 205.83	RMSE: 255.38
Epoch 156	LOSS: 128.51	MAE: 205.83	RMSE: 255.36
Epoch 157	LOSS: 126.30	MAE: 205.68	RMSE: 255.27
Epoch 158	LOSS: 125.94	MAE: 205.21	RMSE: 255.04
Epoch 159	LOSS: 124.03	MAE: 204.71	RMSE: 254.78
Epoch 160	LOSS: 123.11	MAE: 204.65	RMSE: 254.76
Epoch 161	LOSS: 121.59	MAE: 204.46	RMSE: 254.71
Epoch 162	LOSS: 119.20	MAE: 204.20	RMSE: 254.59
Epoch 163	LOSS: 118.89	MAE: 204.23	RMSE: 254.55
Epoch 164	LOSS: 120.49	MAE: 204.46	RMSE: 254.62
Epoch 165	LOSS: 122.43	MAE: 204.55	RMSE: 254.65
Epoch 166	LOSS: 120.90	MAE: 204.36	RMSE: 254.58
Epoch 167	LOSS: 121.88	MAE: 204.21	RMSE: 254.54
Epoch 168	LOSS: 119.42	MAE: 203.84	RMSE: 254.38
Epoch 169	LOSS: 119.53	MAE: 203.76	RMSE: 254.37
Epoch 170	LOSS: 117.91	MAE: 203.93	RMSE: 254.47
Epoch 171	LOSS: 119.83	MAE: 203.92	RMSE: 254.48
Epoch 172	LOSS: 120.22	MAE: 203.86	RMSE: 254.48
Epoch 173	LOSS: 118.65	MAE: 203.87	RMSE: 254.52
Epoch 174	LOSS: 119.11	MAE: 203.80	RMSE: 254.54
Epoch 175	LOSS: 119.08	MAE: 203.73	RMSE: 254.53
Epoch 176	LOSS: 117.31	MAE: 203.71	RMSE: 254.49
Epoch 177	LOSS: 116.11	MAE: 203.77	RMSE: 254.44
Epoch 178	LOSS: 120.56	MAE: 204.00	RMSE: 254.47
Epoch 179	LOSS: 121.79	MAE: 204.12	RMSE: 254.43
Epoch 180	LOSS: 120.74	MAE: 204.08	RMSE: 254.31
Epoch 181	LOSS: 119.21	MAE: 203.88	RMSE: 254.09
Epoch 182	LOSS: 119.48	MAE: 203.44	RMSE: 253.84
Epoch 183	LOSS: 116.74	MAE: 203.12	RMSE: 253.79
Epoch 184	LOSS: 116.64	MAE: 203.12	RMSE: 253.92
Epoch 185	LOSS: 117.26	MAE: 203.16	RMSE: 254.03
Epoch 186	LOSS: 116.10	MAE: 203.15	RMSE: 254.09
Epoch 187	LOSS: 115.92	MAE: 203.27	RMSE: 254.17
Epoch 188	LOSS: 117.37	MAE: 203.31	RMSE: 254.26
Epoch 189	LOSS: 116.48	MAE: 203.25	RMSE: 254.25
Epoch 190	LOSS: 115.25	MAE: 203.21	RMSE: 254.23
Epoch 191	LOSS: 115.29	MAE: 203.15	RMSE: 254.26
Epoch 192	LOSS: 112.35	MAE: 203.05	RMSE: 254.26
Epoch 193	LOSS: 115.41	MAE: 203.05	RMSE: 254.27
Epoch 194	LOSS: 115.38	MAE: 203.10	RMSE: 254.30
Epoch 195	LOSS: 115.35	MAE: 203.17	RMSE: 254.34
Epoch 196	LOSS: 114.84	MAE: 203.21	RMSE: 254.38
Epoch 197	LOSS: 114.17	MAE: 203.33	RMSE: 254.47
Epoch 198	LOSS: 114.59	MAE: 203.48	RMSE: 254.55
Epoch 199	LOSS: 114.88	MAE: 203.51	RMSE: 254.56
Epoch 200	LOSS: 114.07	MAE: 203.24	RMSE: 254.43
Epoch 201	LOSS: 112.88	MAE: 202.67	RMSE: 254.21
Epoch 202	LOSS: 111.20	MAE: 202.37	RMSE: 254.10
Epoch 203	LOSS: 110.38	MAE: 202.36	RMSE: 254.13
Epoch 204	LOSS: 112.40	MAE: 202.62	RMSE: 254.24
Epoch 205	LOSS: 113.28	MAE: 202.96	RMSE: 254.38
Epoch 206	LOSS: 113.49	MAE: 203.13	RMSE: 254.43
Epoch 207	LOSS: 113.30	MAE: 202.97	RMSE: 254.37
Epoch 208	LOSS: 113.23	MAE: 202.65	RMSE: 254.27
Epoch 209	LOSS: 111.33	MAE: 202.38	RMSE: 254.18
Epoch 210	LOSS: 111.12	MAE: 202.32	RMSE: 254.17
Epoch 211	LOSS: 111.47	MAE: 202.55	RMSE: 254.24
Epoch 212	LOSS: 113.18	MAE: 202.76	RMSE: 254.30
Epoch 213	LOSS: 112.56	MAE: 202.85	RMSE: 254.30
Epoch 214	LOSS: 113.86	MAE: 202.66	RMSE: 254.23
Epoch 215	LOSS: 110.31	MAE: 202.23	RMSE: 254.06
Epoch 216	LOSS: 108.60	MAE: 201.92	RMSE: 253.93
Epoch 217	LOSS: 109.03	MAE: 201.78	RMSE: 253.90
Epoch 218	LOSS: 108.62	MAE: 201.76	RMSE: 253.95
Epoch 219	LOSS: 109.24	MAE: 201.75	RMSE: 253.98
Epoch 220	LOSS: 107.85	MAE: 201.82	RMSE: 254.03
Epoch 221	LOSS: 109.15	MAE: 202.12	RMSE: 254.12
Epoch 222	LOSS: 109.25	MAE: 202.20	RMSE: 254.15
Epoch 223	LOSS: 106.68	MAE: 202.09	RMSE: 254.09
Epoch 224	LOSS: 106.17	MAE: 202.17	RMSE: 254.10
Epoch 225	LOSS: 107.19	MAE: 202.23	RMSE: 254.12
Epoch 226	LOSS: 107.89	MAE: 202.22	RMSE: 254.12
Epoch 227	LOSS: 108.15	MAE: 201.95	RMSE: 254.05
Epoch 228	LOSS: 107.70	MAE: 201.54	RMSE: 253.94
Epoch 229	LOSS: 105.73	MAE: 201.40	RMSE: 253.90
Epoch 230	LOSS: 105.64	MAE: 201.56	RMSE: 253.94
Epoch 231	LOSS: 106.49	MAE: 201.88	RMSE: 254.02
Epoch 232	LOSS: 107.99	MAE: 202.38	RMSE: 254.17
Epoch 233	LOSS: 110.86	MAE: 202.91	RMSE: 254.33
Epoch 234	LOSS: 110.04	MAE: 202.83	RMSE: 254.30
Epoch 235	LOSS: 108.01	MAE: 202.41	RMSE: 254.14
Epoch 236	LOSS: 105.18	MAE: 201.86	RMSE: 253.95
Epoch 237	LOSS: 104.30	MAE: 201.44	RMSE: 253.82
Epoch 238	LOSS: 103.69	MAE: 201.20	RMSE: 253.74
Epoch 239	LOSS: 103.63	MAE: 201.10	RMSE: 253.69
Epoch 240	LOSS: 104.09	MAE: 201.08	RMSE: 253.69
Epoch 241	LOSS: 103.04	MAE: 201.06	RMSE: 253.72
Epoch 242	LOSS: 102.05	MAE: 201.24	RMSE: 253.80
Epoch 243	LOSS: 102.78	MAE: 201.48	RMSE: 253.87
Epoch 244	LOSS: 103.24	MAE: 201.49	RMSE: 253.87
Epoch 245	LOSS: 103.60	MAE: 201.53	RMSE: 253.89
Epoch 246	LOSS: 103.86	MAE: 201.58	RMSE: 253.92
Epoch 247	LOSS: 104.32	MAE: 201.70	RMSE: 253.95
Epoch 248	LOSS: 103.65	MAE: 201.79	RMSE: 253.96
Epoch 249	LOSS: 102.77	MAE: 201.52	RMSE: 253.89
Epoch 250	LOSS: 102.00	MAE: 201.44	RMSE: 253.89
Epoch 251	LOSS: 101.04	MAE: 201.34	RMSE: 253.87
Epoch 252	LOSS: 101.57	MAE: 201.23	RMSE: 253.85
Epoch 253	LOSS: 98.75	MAE: 200.85	RMSE: 253.71
Epoch 254	LOSS: 99.55	MAE: 200.73	RMSE: 253.67
Epoch 255	LOSS: 97.27	MAE: 200.62	RMSE: 253.64
Epoch 256	LOSS: 98.33	MAE: 200.47	RMSE: 253.61
Epoch 257	LOSS: 97.91	MAE: 200.58	RMSE: 253.65
Epoch 258	LOSS: 101.31	MAE: 201.10	RMSE: 253.80
Epoch 259	LOSS: 100.91	MAE: 201.29	RMSE: 253.85
Epoch 260	LOSS: 99.71	MAE: 201.01	RMSE: 253.75
Epoch 261	LOSS: 100.09	MAE: 201.02	RMSE: 253.75
Epoch 262	LOSS: 99.98	MAE: 201.16	RMSE: 253.79
Epoch 263	LOSS: 99.60	MAE: 201.10	RMSE: 253.76
Epoch 264	LOSS: 100.17	MAE: 201.06	RMSE: 253.75
Epoch 265	LOSS: 100.67	MAE: 200.90	RMSE: 253.72
Epoch 266	LOSS: 97.71	MAE: 200.65	RMSE: 253.66
Epoch 267	LOSS: 99.02	MAE: 200.87	RMSE: 253.77
Epoch 268	LOSS: 97.93	MAE: 200.76	RMSE: 253.77
Epoch 269	LOSS: 96.28	MAE: 200.51	RMSE: 253.67
Epoch 270	LOSS: 97.83	MAE: 200.72	RMSE: 253.69
Epoch 271	LOSS: 99.67	MAE: 200.96	RMSE: 253.74
Epoch 272	LOSS: 98.49	MAE: 201.03	RMSE: 253.75
Epoch 273	LOSS: 96.76	MAE: 200.71	RMSE: 253.67
Epoch 274	LOSS: 95.84	MAE: 200.45	RMSE: 253.61
Epoch 275	LOSS: 94.99	MAE: 200.34	RMSE: 253.58
Epoch 276	LOSS: 95.71	MAE: 200.46	RMSE: 253.62
Epoch 277	LOSS: 94.55	MAE: 200.18	RMSE: 253.52
Epoch 278	LOSS: 93.37	MAE: 199.85	RMSE: 253.45
Epoch 279	LOSS: 91.10	MAE: 199.68	RMSE: 253.41
Epoch 280	LOSS: 89.92	MAE: 199.50	RMSE: 253.36
Epoch 281	LOSS: 90.86	MAE: 199.45	RMSE: 253.36
Epoch 282	LOSS: 90.92	MAE: 199.55	RMSE: 253.40
Epoch 283	LOSS: 90.37	MAE: 199.69	RMSE: 253.43
Epoch 284	LOSS: 91.22	MAE: 199.78	RMSE: 253.45
Epoch 285	LOSS: 90.74	MAE: 199.99	RMSE: 253.50
Epoch 286	LOSS: 93.87	MAE: 200.43	RMSE: 253.62
Epoch 287	LOSS: 92.63	MAE: 200.40	RMSE: 253.62
Epoch 288	LOSS: 92.54	MAE: 200.26	RMSE: 253.58
Epoch 289	LOSS: 90.33	MAE: 199.83	RMSE: 253.47
Epoch 290	LOSS: 88.58	MAE: 199.57	RMSE: 253.42
Epoch 291	LOSS: 91.14	MAE: 199.62	RMSE: 253.48
Epoch 292	LOSS: 89.37	MAE: 199.41	RMSE: 253.42
Epoch 293	LOSS: 88.30	MAE: 199.29	RMSE: 253.38
Epoch 294	LOSS: 87.59	MAE: 199.24	RMSE: 253.36
Epoch 295	LOSS: 87.86	MAE: 199.17	RMSE: 253.35
Epoch 296	LOSS: 89.07	MAE: 199.24	RMSE: 253.37
Epoch 297	LOSS: 87.10	MAE: 199.02	RMSE: 253.30
Epoch 298	LOSS: 84.72	MAE: 198.82	RMSE: 253.24
Epoch 299	LOSS: 84.47	MAE: 198.69	RMSE: 253.19
Epoch 300	LOSS: 85.60	MAE: 198.71	RMSE: 253.21
Epoch 301	LOSS: 85.01	MAE: 198.71	RMSE: 253.23
Epoch 302	LOSS: 84.77	MAE: 198.91	RMSE: 253.29
Epoch 303	LOSS: 85.16	MAE: 199.10	RMSE: 253.36
Epoch 304	LOSS: 85.02	MAE: 199.06	RMSE: 253.36
Epoch 305	LOSS: 87.71	MAE: 199.10	RMSE: 253.37
Epoch 306	LOSS: 89.31	MAE: 199.21	RMSE: 253.39
Epoch 307	LOSS: 85.50	MAE: 198.93	RMSE: 253.30
Epoch 308	LOSS: 83.00	MAE: 198.50	RMSE: 253.15
Epoch 309	LOSS: 82.76	MAE: 198.12	RMSE: 252.92
Epoch 310	LOSS: 83.29	MAE: 198.03	RMSE: 252.71
Epoch 311	LOSS: 82.56	MAE: 197.78	RMSE: 252.43
Epoch 312	LOSS: 82.84	MAE: 197.72	RMSE: 252.29
Epoch 313	LOSS: 84.07	MAE: 197.84	RMSE: 252.25
Epoch 314	LOSS: 84.52	MAE: 198.07	RMSE: 252.32
Epoch 315	LOSS: 84.15	MAE: 198.17	RMSE: 252.43
Epoch 316	LOSS: 82.72	MAE: 198.07	RMSE: 252.52
Epoch 317	LOSS: 82.02	MAE: 198.08	RMSE: 252.64
Epoch 318	LOSS: 81.91	MAE: 197.99	RMSE: 252.68
Epoch 319	LOSS: 80.91	MAE: 197.82	RMSE: 252.58
Epoch 320	LOSS: 82.92	MAE: 197.85	RMSE: 252.40
Epoch 321	LOSS: 83.32	MAE: 197.65	RMSE: 252.10
Epoch 322	LOSS: 82.38	MAE: 197.28	RMSE: 251.69
Epoch 323	LOSS: 83.48	MAE: 197.65	RMSE: 251.99
Epoch 324	LOSS: 82.20	MAE: 197.91	RMSE: 252.43
Epoch 325	LOSS: 83.12	MAE: 198.27	RMSE: 252.78
Epoch 326	LOSS: 85.87	MAE: 198.77	RMSE: 253.07
Epoch 327	LOSS: 85.28	MAE: 198.44	RMSE: 252.90
Epoch 328	LOSS: 81.98	MAE: 197.57	RMSE: 252.21
Epoch 329	LOSS: 80.76	MAE: 196.51	RMSE: 251.26
Epoch 330	LOSS: 79.83	MAE: 196.66	RMSE: 251.58
Epoch 331	LOSS: 79.97	MAE: 197.32	RMSE: 252.32
Epoch 332	LOSS: 78.89	MAE: 197.74	RMSE: 252.75
Epoch 333	LOSS: 80.36	MAE: 198.08	RMSE: 252.93
Epoch 334	LOSS: 83.22	MAE: 198.50	RMSE: 253.09
Epoch 335	LOSS: 82.83	MAE: 198.38	RMSE: 253.09
Epoch 336	LOSS: 81.01	MAE: 197.96	RMSE: 252.96
Epoch 337	LOSS: 79.12	MAE: 197.87	RMSE: 252.95
Epoch 338	LOSS: 80.11	MAE: 197.85	RMSE: 252.92
Epoch 339	LOSS: 79.93	MAE: 197.74	RMSE: 252.80
Epoch 340	LOSS: 79.67	MAE: 197.55	RMSE: 252.58
Epoch 341	LOSS: 78.12	MAE: 197.45	RMSE: 252.40
Epoch 342	LOSS: 78.98	MAE: 197.42	RMSE: 252.32
Epoch 343	LOSS: 80.10	MAE: 197.68	RMSE: 252.57
Epoch 344	LOSS: 81.64	MAE: 197.94	RMSE: 252.80
Epoch 345	LOSS: 82.00	MAE: 197.91	RMSE: 252.86
Epoch 346	LOSS: 80.00	MAE: 197.51	RMSE: 252.66
Epoch 347	LOSS: 79.30	MAE: 197.28	RMSE: 252.31
Epoch 348	LOSS: 78.80	MAE: 197.28	RMSE: 252.30
Epoch 349	LOSS: 79.09	MAE: 197.45	RMSE: 252.60
Epoch 350	LOSS: 79.33	MAE: 197.56	RMSE: 252.75
Epoch 351	LOSS: 78.66	MAE: 197.59	RMSE: 252.78
Epoch 352	LOSS: 79.16	MAE: 197.65	RMSE: 252.78
Epoch 353	LOSS: 80.95	MAE: 197.95	RMSE: 252.88
Epoch 354	LOSS: 81.43	MAE: 197.99	RMSE: 252.89
Epoch 355	LOSS: 80.51	MAE: 198.02	RMSE: 252.88
Epoch 356	LOSS: 80.74	MAE: 197.86	RMSE: 252.84
Epoch 357	LOSS: 81.55	MAE: 197.90	RMSE: 252.86
Epoch 358	LOSS: 82.03	MAE: 197.95	RMSE: 252.87
Epoch 359	LOSS: 81.54	MAE: 197.82	RMSE: 252.79
Epoch 360	LOSS: 78.63	MAE: 197.82	RMSE: 252.75
Epoch 361	LOSS: 77.91	MAE: 197.62	RMSE: 252.65
Epoch 362	LOSS: 78.34	MAE: 197.56	RMSE: 252.63
Epoch 363	LOSS: 79.29	MAE: 197.59	RMSE: 252.67
Epoch 364	LOSS: 80.13	MAE: 197.80	RMSE: 252.71
Epoch 365	LOSS: 80.92	MAE: 197.96	RMSE: 252.73
Epoch 366	LOSS: 81.31	MAE: 198.10	RMSE: 252.85
Epoch 367	LOSS: 82.26	MAE: 198.09	RMSE: 252.93
Epoch 368	LOSS: 83.37	MAE: 198.07	RMSE: 252.99
Epoch 369	LOSS: 81.20	MAE: 197.95	RMSE: 253.01
Epoch 370	LOSS: 80.26	MAE: 197.81	RMSE: 252.97
Epoch 371	LOSS: 80.27	MAE: 197.70	RMSE: 252.92
Epoch 372	LOSS: 78.01	MAE: 197.73	RMSE: 252.93
Epoch 373	LOSS: 78.81	MAE: 197.95	RMSE: 253.12
Epoch 374	LOSS: 78.46	MAE: 198.24	RMSE: 253.21
Epoch 375	LOSS: 81.21	MAE: 198.45	RMSE: 253.24
Epoch 376	LOSS: 80.27	MAE: 198.39	RMSE: 253.20
Epoch 377	LOSS: 82.30	MAE: 198.36	RMSE: 253.21
Epoch 378	LOSS: 81.91	MAE: 198.17	RMSE: 253.16
Epoch 379	LOSS: 81.04	MAE: 197.81	RMSE: 253.05
Epoch 380	LOSS: 78.90	MAE: 197.54	RMSE: 252.97
Epoch 381	LOSS: 78.20	MAE: 197.61	RMSE: 253.00
Epoch 382	LOSS: 75.72	MAE: 197.65	RMSE: 253.09
Epoch 383	LOSS: 76.53	MAE: 197.71	RMSE: 253.12
Epoch 384	LOSS: 75.43	MAE: 197.71	RMSE: 253.09
Epoch 385	LOSS: 76.30	MAE: 197.72	RMSE: 253.05
Epoch 386	LOSS: 78.08	MAE: 197.82	RMSE: 253.08
Epoch 387	LOSS: 80.79	MAE: 198.15	RMSE: 253.20
Epoch 388	LOSS: 81.19	MAE: 198.24	RMSE: 253.20
Epoch 389	LOSS: 83.41	MAE: 198.49	RMSE: 253.26
Epoch 390	LOSS: 83.35	MAE: 198.49	RMSE: 253.33
Epoch 391	LOSS: 80.02	MAE: 198.40	RMSE: 253.39
Epoch 392	LOSS: 80.95	MAE: 198.30	RMSE: 253.39
Epoch 393	LOSS: 82.29	MAE: 198.39	RMSE: 253.39
Epoch 394	LOSS: 81.23	MAE: 198.29	RMSE: 253.34
Epoch 395	LOSS: 79.31	MAE: 198.18	RMSE: 253.34
Epoch 396	LOSS: 78.88	MAE: 198.19	RMSE: 253.40
Epoch 397	LOSS: 80.00	MAE: 198.24	RMSE: 253.48
Epoch 398	LOSS: 78.89	MAE: 198.32	RMSE: 253.55
Epoch 399	LOSS: 80.04	MAE: 198.26	RMSE: 253.48
Epoch 400	LOSS: 78.41	MAE: 197.98	RMSE: 253.25
Epoch 401	LOSS: 78.07	MAE: 197.72	RMSE: 252.98
Epoch 402	LOSS: 76.98	MAE: 197.44	RMSE: 252.75
Epoch 403	LOSS: 77.66	MAE: 197.58	RMSE: 252.73
Epoch 404	LOSS: 79.39	MAE: 197.99	RMSE: 252.95
Epoch 405	LOSS: 79.20	MAE: 198.13	RMSE: 253.06
Epoch 406	LOSS: 78.06	MAE: 197.94	RMSE: 253.08
Epoch 407	LOSS: 80.64	MAE: 198.16	RMSE: 253.27
Epoch 408	LOSS: 80.30	MAE: 198.14	RMSE: 253.29
Epoch 409	LOSS: 78.84	MAE: 198.12	RMSE: 253.36
Epoch 410	LOSS: 79.74	MAE: 198.16	RMSE: 253.39
Epoch 411	LOSS: 80.45	MAE: 198.55	RMSE: 253.55
Epoch 412	LOSS: 79.55	MAE: 198.47	RMSE: 253.44
Epoch 413	LOSS: 78.03	MAE: 198.33	RMSE: 253.36
Epoch 414	LOSS: 78.85	MAE: 198.40	RMSE: 253.48
Epoch 415	LOSS: 79.64	MAE: 198.61	RMSE: 253.73
Epoch 416	LOSS: 81.45	MAE: 198.78	RMSE: 253.82
Epoch 417	LOSS: 80.45	MAE: 198.76	RMSE: 253.81
Epoch 418	LOSS: 80.01	MAE: 198.45	RMSE: 253.67
Epoch 419	LOSS: 79.06	MAE: 198.20	RMSE: 253.53
Epoch 420	LOSS: 77.91	MAE: 198.19	RMSE: 253.46
Epoch 421	LOSS: 78.67	MAE: 198.21	RMSE: 253.33
Epoch 422	LOSS: 79.10	MAE: 198.38	RMSE: 253.29
Epoch 423	LOSS: 79.30	MAE: 198.43	RMSE: 253.33
Epoch 424	LOSS: 78.93	MAE: 198.44	RMSE: 253.43
Epoch 425	LOSS: 79.02	MAE: 198.47	RMSE: 253.51
Epoch 426	LOSS: 80.30	MAE: 198.51	RMSE: 253.56
Epoch 427	LOSS: 79.21	MAE: 198.34	RMSE: 253.53
Epoch 428	LOSS: 80.86	MAE: 198.28	RMSE: 253.48
Epoch 429	LOSS: 78.97	MAE: 198.22	RMSE: 253.47
Epoch 430	LOSS: 79.96	MAE: 198.24	RMSE: 253.45
Epoch 431	LOSS: 79.46	MAE: 198.29	RMSE: 253.42
Epoch 432	LOSS: 79.33	MAE: 198.24	RMSE: 253.34
Epoch 433	LOSS: 77.95	MAE: 198.22	RMSE: 253.29
Epoch 434	LOSS: 77.43	MAE: 198.16	RMSE: 253.28
Epoch 435	LOSS: 78.90	MAE: 198.14	RMSE: 253.29
Epoch 436	LOSS: 79.67	MAE: 198.17	RMSE: 253.32
Epoch 437	LOSS: 79.18	MAE: 198.07	RMSE: 253.33
Epoch 438	LOSS: 77.49	MAE: 198.06	RMSE: 253.35
Epoch 439	LOSS: 79.51	MAE: 198.16	RMSE: 253.41
Epoch 440	LOSS: 80.79	MAE: 198.26	RMSE: 253.48
Epoch 441	LOSS: 80.21	MAE: 198.33	RMSE: 253.49
Epoch 442	LOSS: 80.42	MAE: 198.13	RMSE: 253.41
Epoch 443	LOSS: 78.34	MAE: 197.91	RMSE: 253.28
Epoch 444	LOSS: 78.32	MAE: 197.83	RMSE: 253.26
Epoch 445	LOSS: 78.11	MAE: 197.84	RMSE: 253.34
Epoch 446	LOSS: 79.60	MAE: 197.97	RMSE: 253.43
Epoch 447	LOSS: 77.64	MAE: 197.88	RMSE: 253.40
Epoch 448	LOSS: 77.18	MAE: 197.85	RMSE: 253.34
Epoch 449	LOSS: 77.55	MAE: 197.90	RMSE: 253.30
Epoch 450	LOSS: 76.58	MAE: 197.88	RMSE: 253.29
Epoch 451	LOSS: 78.40	MAE: 198.03	RMSE: 253.32
Epoch 452	LOSS: 78.67	MAE: 198.01	RMSE: 253.26
Epoch 453	LOSS: 78.99	MAE: 197.92	RMSE: 253.18
Epoch 454	LOSS: 78.46	MAE: 197.93	RMSE: 253.19
Epoch 455	LOSS: 80.16	MAE: 198.13	RMSE: 253.23
Epoch 456	LOSS: 79.35	MAE: 198.22	RMSE: 253.32
Epoch 457	LOSS: 80.05	MAE: 198.21	RMSE: 253.41
Epoch 458	LOSS: 78.36	MAE: 198.20	RMSE: 253.45
Epoch 459	LOSS: 78.62	MAE: 198.12	RMSE: 253.49
Epoch 460	LOSS: 77.81	MAE: 198.29	RMSE: 253.59
Epoch 461	LOSS: 78.51	MAE: 198.35	RMSE: 253.64
Epoch 462	LOSS: 77.48	MAE: 198.15	RMSE: 253.55
Epoch 463	LOSS: 75.98	MAE: 197.98	RMSE: 253.47
Epoch 464	LOSS: 75.97	MAE: 197.94	RMSE: 253.41
Epoch 465	LOSS: 75.83	MAE: 197.86	RMSE: 253.38
Epoch 466	LOSS: 78.44	MAE: 197.84	RMSE: 253.35
Epoch 467	LOSS: 77.28	MAE: 197.88	RMSE: 253.34
Epoch 468	LOSS: 77.11	MAE: 197.86	RMSE: 253.32
Epoch 469	LOSS: 79.63	MAE: 198.18	RMSE: 253.40
Epoch 470	LOSS: 79.84	MAE: 198.27	RMSE: 253.44
Epoch 471	LOSS: 80.22	MAE: 198.35	RMSE: 253.46
Epoch 472	LOSS: 80.46	MAE: 198.44	RMSE: 253.47
Epoch 473	LOSS: 79.42	MAE: 198.38	RMSE: 253.46
Epoch 474	LOSS: 79.16	MAE: 198.26	RMSE: 253.45
Epoch 475	LOSS: 78.65	MAE: 198.10	RMSE: 253.44
Epoch 476	LOSS: 77.74	MAE: 198.03	RMSE: 253.42
Epoch 477	LOSS: 76.75	MAE: 197.92	RMSE: 253.39
Epoch 478	LOSS: 75.75	MAE: 197.78	RMSE: 253.33
Epoch 479	LOSS: 77.54	MAE: 197.85	RMSE: 253.32
Epoch 480	LOSS: 76.31	MAE: 197.80	RMSE: 253.32
Epoch 481	LOSS: 77.93	MAE: 197.89	RMSE: 253.34
Epoch 482	LOSS: 77.52	MAE: 198.03	RMSE: 253.38
Epoch 483	LOSS: 78.76	MAE: 198.18	RMSE: 253.42
Epoch 484	LOSS: 80.11	MAE: 198.28	RMSE: 253.45
Epoch 485	LOSS: 78.95	MAE: 198.23	RMSE: 253.45
Epoch 486	LOSS: 80.95	MAE: 198.05	RMSE: 253.43
Epoch 487	LOSS: 77.79	MAE: 197.97	RMSE: 253.40
Epoch 488	LOSS: 76.87	MAE: 197.99	RMSE: 253.38
Epoch 489	LOSS: 76.22	MAE: 197.96	RMSE: 253.35
Epoch 490	LOSS: 77.19	MAE: 197.95	RMSE: 253.33
Epoch 491	LOSS: 80.44	MAE: 198.08	RMSE: 253.36
Epoch 492	LOSS: 79.15	MAE: 198.14	RMSE: 253.36
Epoch 493	LOSS: 80.77	MAE: 198.18	RMSE: 253.38
Epoch 494	LOSS: 78.76	MAE: 198.19	RMSE: 253.40
Epoch 495	LOSS: 79.77	MAE: 198.25	RMSE: 253.40
Epoch 496	LOSS: 79.05	MAE: 198.21	RMSE: 253.40
Epoch 497	LOSS: 78.33	MAE: 198.03	RMSE: 253.37
Epoch 498	LOSS: 78.06	MAE: 197.99	RMSE: 253.34
Epoch 499	LOSS: 76.90	MAE: 197.88	RMSE: 253.31
