Epoch 000	LOSS: 223.54	MAE: 253.75	RMSE: 296.84
Epoch 001	LOSS: 219.58	MAE: 252.73	RMSE: 295.95
Epoch 002	LOSS: 221.53	MAE: 251.63	RMSE: 295.00
Epoch 003	LOSS: 218.09	MAE: 250.45	RMSE: 293.99
Epoch 004	LOSS: 213.29	MAE: 249.19	RMSE: 292.90
Epoch 005	LOSS: 216.13	MAE: 247.86	RMSE: 291.75
Epoch 006	LOSS: 215.13	MAE: 246.47	RMSE: 290.54
Epoch 007	LOSS: 211.16	MAE: 245.02	RMSE: 289.28
Epoch 008	LOSS: 209.29	MAE: 243.54	RMSE: 287.99
Epoch 009	LOSS: 215.43	MAE: 242.03	RMSE: 286.67
Epoch 010	LOSS: 209.31	MAE: 240.49	RMSE: 285.32
Epoch 011	LOSS: 204.18	MAE: 238.93	RMSE: 283.95
Epoch 012	LOSS: 205.81	MAE: 237.35	RMSE: 282.56
Epoch 013	LOSS: 203.18	MAE: 235.76	RMSE: 281.16
Epoch 014	LOSS: 202.03	MAE: 234.16	RMSE: 279.75
Epoch 015	LOSS: 199.07	MAE: 232.55	RMSE: 278.32
Epoch 016	LOSS: 202.47	MAE: 230.93	RMSE: 276.87
Epoch 017	LOSS: 201.23	MAE: 229.30	RMSE: 275.42
Epoch 018	LOSS: 197.16	MAE: 227.68	RMSE: 273.97
Epoch 019	LOSS: 198.50	MAE: 226.07	RMSE: 272.52
Epoch 020	LOSS: 193.57	MAE: 224.48	RMSE: 271.08
Epoch 021	LOSS: 193.14	MAE: 222.88	RMSE: 269.63
Epoch 022	LOSS: 190.31	MAE: 221.27	RMSE: 268.17
Epoch 023	LOSS: 189.33	MAE: 219.66	RMSE: 266.69
Epoch 024	LOSS: 187.94	MAE: 218.05	RMSE: 265.21
Epoch 025	LOSS: 189.53	MAE: 216.43	RMSE: 263.72
Epoch 026	LOSS: 182.69	MAE: 214.82	RMSE: 262.23
Epoch 027	LOSS: 183.26	MAE: 213.22	RMSE: 260.74
Epoch 028	LOSS: 181.72	MAE: 211.62	RMSE: 259.24
Epoch 029	LOSS: 180.10	MAE: 210.04	RMSE: 257.76
Epoch 030	LOSS: 180.83	MAE: 208.46	RMSE: 256.27
Epoch 031	LOSS: 179.14	MAE: 206.89	RMSE: 254.78
Epoch 032	LOSS: 176.53	MAE: 205.33	RMSE: 253.29
Epoch 033	LOSS: 174.87	MAE: 203.78	RMSE: 251.81
Epoch 034	LOSS: 173.71	MAE: 202.23	RMSE: 250.32
Epoch 035	LOSS: 172.99	MAE: 200.70	RMSE: 248.84
Epoch 036	LOSS: 175.24	MAE: 199.16	RMSE: 247.35
Epoch 037	LOSS: 170.65	MAE: 197.63	RMSE: 245.85
Epoch 038	LOSS: 167.44	MAE: 196.10	RMSE: 244.35
Epoch 039	LOSS: 168.68	MAE: 194.58	RMSE: 242.85
Epoch 040	LOSS: 163.62	MAE: 193.06	RMSE: 241.35
Epoch 041	LOSS: 166.12	MAE: 191.55	RMSE: 239.85
Epoch 042	LOSS: 165.32	MAE: 190.06	RMSE: 238.35
Epoch 043	LOSS: 164.43	MAE: 188.58	RMSE: 236.86
Epoch 044	LOSS: 158.01	MAE: 187.11	RMSE: 235.37
Epoch 045	LOSS: 158.78	MAE: 185.67	RMSE: 233.90
Epoch 046	LOSS: 157.40	MAE: 184.25	RMSE: 232.44
Epoch 047	LOSS: 155.08	MAE: 182.85	RMSE: 230.99
Epoch 048	LOSS: 153.81	MAE: 181.47	RMSE: 229.55
Epoch 049	LOSS: 158.87	MAE: 180.10	RMSE: 228.13
Epoch 050	LOSS: 155.30	MAE: 178.76	RMSE: 226.71
Epoch 051	LOSS: 153.33	MAE: 177.45	RMSE: 225.32
Epoch 052	LOSS: 148.68	MAE: 176.15	RMSE: 223.95
Epoch 053	LOSS: 149.36	MAE: 174.87	RMSE: 222.58
Epoch 054	LOSS: 148.38	MAE: 173.61	RMSE: 221.23
Epoch 055	LOSS: 147.03	MAE: 172.41	RMSE: 219.94
Epoch 056	LOSS: 143.59	MAE: 171.24	RMSE: 218.68
Epoch 057	LOSS: 145.38	MAE: 170.07	RMSE: 217.40
Epoch 058	LOSS: 145.34	MAE: 168.99	RMSE: 216.22
Epoch 059	LOSS: 141.09	MAE: 167.98	RMSE: 215.13
Epoch 060	LOSS: 139.43	MAE: 166.93	RMSE: 213.98
Epoch 061	LOSS: 137.39	MAE: 165.92	RMSE: 212.86
Epoch 062	LOSS: 140.06	MAE: 165.00	RMSE: 211.83
Epoch 063	LOSS: 139.01	MAE: 164.11	RMSE: 210.86
Epoch 064	LOSS: 137.36	MAE: 163.28	RMSE: 209.95
Epoch 065	LOSS: 136.17	MAE: 162.54	RMSE: 209.16
Epoch 066	LOSS: 133.30	MAE: 161.83	RMSE: 208.41
Epoch 067	LOSS: 132.27	MAE: 161.09	RMSE: 207.63
Epoch 068	LOSS: 129.08	MAE: 160.82	RMSE: 207.44
Epoch 069	LOSS: 130.52	MAE: 160.25	RMSE: 206.87
Epoch 070	LOSS: 125.90	MAE: 160.12	RMSE: 206.83
Epoch 071	LOSS: 127.56	MAE: 160.32	RMSE: 207.19
Epoch 072	LOSS: 125.66	MAE: 160.05	RMSE: 206.98
Epoch 073	LOSS: 124.66	MAE: 159.37	RMSE: 206.31
Epoch 074	LOSS: 123.90	MAE: 158.57	RMSE: 205.43
Epoch 075	LOSS: 121.18	MAE: 157.23	RMSE: 203.93
Epoch 076	LOSS: 121.41	MAE: 155.69	RMSE: 202.14
Epoch 077	LOSS: 121.10	MAE: 154.36	RMSE: 200.54
Epoch 078	LOSS: 120.50	MAE: 153.10	RMSE: 198.96
Epoch 079	LOSS: 116.86	MAE: 152.16	RMSE: 197.81
Epoch 080	LOSS: 117.90	MAE: 151.31	RMSE: 196.75
Epoch 081	LOSS: 119.06	MAE: 150.43	RMSE: 195.63
Epoch 082	LOSS: 117.00	MAE: 149.17	RMSE: 194.09
Epoch 083	LOSS: 113.44	MAE: 148.56	RMSE: 193.43
Epoch 084	LOSS: 112.76	MAE: 147.66	RMSE: 192.38
Epoch 085	LOSS: 113.59	MAE: 146.94	RMSE: 191.55
Epoch 086	LOSS: 112.38	MAE: 146.68	RMSE: 191.44
Epoch 087	LOSS: 114.42	MAE: 146.22	RMSE: 190.85
Epoch 088	LOSS: 112.87	MAE: 145.41	RMSE: 189.68
Epoch 089	LOSS: 114.16	MAE: 144.83	RMSE: 188.90
Epoch 090	LOSS: 112.36	MAE: 144.42	RMSE: 188.41
Epoch 091	LOSS: 110.30	MAE: 144.16	RMSE: 188.11
Epoch 092	LOSS: 110.98	MAE: 143.72	RMSE: 187.52
Epoch 093	LOSS: 108.05	MAE: 143.93	RMSE: 187.87
Epoch 094	LOSS: 109.68	MAE: 144.26	RMSE: 188.38
Epoch 095	LOSS: 107.99	MAE: 144.12	RMSE: 188.19
Epoch 096	LOSS: 108.52	MAE: 144.09	RMSE: 188.19
Epoch 097	LOSS: 107.84	MAE: 144.57	RMSE: 188.87
Epoch 098	LOSS: 107.87	MAE: 144.89	RMSE: 189.39
Epoch 099	LOSS: 105.30	MAE: 145.26	RMSE: 189.91
Epoch 100	LOSS: 104.60	MAE: 145.16	RMSE: 189.81
Epoch 101	LOSS: 104.12	MAE: 144.62	RMSE: 189.18
Epoch 102	LOSS: 103.08	MAE: 144.64	RMSE: 189.28
Epoch 103	LOSS: 102.59	MAE: 143.92	RMSE: 188.34
Epoch 104	LOSS: 105.77	MAE: 143.30	RMSE: 187.56
Epoch 105	LOSS: 101.55	MAE: 143.17	RMSE: 187.49
Epoch 106	LOSS: 104.65	MAE: 143.05	RMSE: 187.40
Epoch 107	LOSS: 101.15	MAE: 142.41	RMSE: 186.53
Epoch 108	LOSS: 101.82	MAE: 142.80	RMSE: 187.18
Epoch 109	LOSS: 101.09	MAE: 143.21	RMSE: 187.87
Epoch 110	LOSS: 101.68	MAE: 144.55	RMSE: 189.71
Epoch 111	LOSS: 102.40	MAE: 145.11	RMSE: 190.36
Epoch 112	LOSS: 100.06	MAE: 146.94	RMSE: 192.84
Epoch 113	LOSS: 101.80	MAE: 147.70	RMSE: 193.91
Epoch 114	LOSS: 99.26	MAE: 149.03	RMSE: 195.73
Epoch 115	LOSS: 99.45	MAE: 147.50	RMSE: 193.62
Epoch 116	LOSS: 99.21	MAE: 145.54	RMSE: 191.28
Epoch 117	LOSS: 96.85	MAE: 144.31	RMSE: 190.05
Epoch 118	LOSS: 98.55	MAE: 143.20	RMSE: 188.58
Epoch 119	LOSS: 97.31	MAE: 142.47	RMSE: 187.49
Epoch 120	LOSS: 97.77	MAE: 145.38	RMSE: 191.77
Epoch 121	LOSS: 95.90	MAE: 144.66	RMSE: 190.42
Epoch 122	LOSS: 96.48	MAE: 145.72	RMSE: 191.92
Epoch 123	LOSS: 95.47	MAE: 151.23	RMSE: 199.13
Epoch 124	LOSS: 95.79	MAE: 145.21	RMSE: 191.88
Epoch 125	LOSS: 96.05	MAE: 142.22	RMSE: 186.98
Epoch 126	LOSS: 96.38	MAE: 142.48	RMSE: 187.23
Epoch 127	LOSS: 93.72	MAE: 142.63	RMSE: 188.10
Epoch 128	LOSS: 95.61	MAE: 147.07	RMSE: 194.41
Epoch 129	LOSS: 92.14	MAE: 140.59	RMSE: 185.13
Epoch 130	LOSS: 94.29	MAE: 139.54	RMSE: 183.20
Epoch 131	LOSS: 94.51	MAE: 142.01	RMSE: 187.06
Epoch 132	LOSS: 94.85	MAE: 147.97	RMSE: 195.83
Epoch 133	LOSS: 92.99	MAE: 140.88	RMSE: 185.34
Epoch 134	LOSS: 92.89	MAE: 140.66	RMSE: 184.74
Epoch 135	LOSS: 93.74	MAE: 143.48	RMSE: 188.70
Epoch 136	LOSS: 91.68	MAE: 146.46	RMSE: 193.14
Epoch 137	LOSS: 92.41	MAE: 150.05	RMSE: 198.43
Epoch 138	LOSS: 90.40	MAE: 141.06	RMSE: 186.39
Epoch 139	LOSS: 90.40	MAE: 137.76	RMSE: 181.56
Epoch 140	LOSS: 90.24	MAE: 136.56	RMSE: 180.12
Epoch 141	LOSS: 90.38	MAE: 140.42	RMSE: 186.86
Epoch 142	LOSS: 91.34	MAE: 139.57	RMSE: 185.49
Epoch 143	LOSS: 89.79	MAE: 137.15	RMSE: 181.08
Epoch 144	LOSS: 88.78	MAE: 140.47	RMSE: 186.06
Epoch 145	LOSS: 89.88	MAE: 143.83	RMSE: 191.17
Epoch 146	LOSS: 88.04	MAE: 136.94	RMSE: 181.72
Epoch 147	LOSS: 89.12	MAE: 142.76	RMSE: 190.34
Epoch 148	LOSS: 88.28	MAE: 137.49	RMSE: 183.03
Epoch 149	LOSS: 88.24	MAE: 137.68	RMSE: 183.10
Epoch 150	LOSS: 87.63	MAE: 141.49	RMSE: 188.19
Epoch 151	LOSS: 87.34	MAE: 136.88	RMSE: 181.68
Epoch 152	LOSS: 86.46	MAE: 140.94	RMSE: 187.11
Epoch 153	LOSS: 85.89	MAE: 127.52	RMSE: 168.20
Epoch 154	LOSS: 84.26	MAE: 125.20	RMSE: 164.49
Epoch 155	LOSS: 86.02	MAE: 126.50	RMSE: 167.41
Epoch 156	LOSS: 87.60	MAE: 129.55	RMSE: 172.56
Epoch 157	LOSS: 86.53	MAE: 131.30	RMSE: 174.30
Epoch 158	LOSS: 84.69	MAE: 136.63	RMSE: 181.15
Epoch 159	LOSS: 85.72	MAE: 139.85	RMSE: 185.24
Epoch 160	LOSS: 84.46	MAE: 132.61	RMSE: 176.15
Epoch 161	LOSS: 83.81	MAE: 125.97	RMSE: 166.92
Epoch 162	LOSS: 83.37	MAE: 124.31	RMSE: 164.86
Epoch 163	LOSS: 83.17	MAE: 130.26	RMSE: 173.47
Epoch 164	LOSS: 81.90	MAE: 139.45	RMSE: 185.04
Epoch 165	LOSS: 84.36	MAE: 137.68	RMSE: 182.81
Epoch 166	LOSS: 82.45	MAE: 131.90	RMSE: 175.63
Epoch 167	LOSS: 81.79	MAE: 134.06	RMSE: 178.96
Epoch 168	LOSS: 82.64	MAE: 123.69	RMSE: 163.86
Epoch 169	LOSS: 81.38	MAE: 127.16	RMSE: 169.47
Epoch 170	LOSS: 81.76	MAE: 129.17	RMSE: 172.41
Epoch 171	LOSS: 82.71	MAE: 124.52	RMSE: 165.65
Epoch 172	LOSS: 81.84	MAE: 134.77	RMSE: 179.89
Epoch 173	LOSS: 79.66	MAE: 137.15	RMSE: 182.62
Epoch 174	LOSS: 82.16	MAE: 122.64	RMSE: 162.42
Epoch 175	LOSS: 80.15	MAE: 129.14	RMSE: 172.03
Epoch 176	LOSS: 79.60	MAE: 132.99	RMSE: 177.31
Epoch 177	LOSS: 79.39	MAE: 122.46	RMSE: 162.60
Epoch 178	LOSS: 80.52	MAE: 121.63	RMSE: 161.70
Epoch 179	LOSS: 79.29	MAE: 122.26	RMSE: 162.88
Epoch 180	LOSS: 79.03	MAE: 123.07	RMSE: 163.63
Epoch 181	LOSS: 80.14	MAE: 141.43	RMSE: 188.07
Epoch 182	LOSS: 79.52	MAE: 122.17	RMSE: 162.34
Epoch 183	LOSS: 78.23	MAE: 130.67	RMSE: 174.93
Epoch 184	LOSS: 78.58	MAE: 120.88	RMSE: 160.45
Epoch 185	LOSS: 78.13	MAE: 126.77	RMSE: 169.52
Epoch 186	LOSS: 77.80	MAE: 128.71	RMSE: 172.40
Epoch 187	LOSS: 76.82	MAE: 124.39	RMSE: 166.38
Epoch 188	LOSS: 77.31	MAE: 133.23	RMSE: 178.58
Epoch 189	LOSS: 79.71	MAE: 120.33	RMSE: 159.30
Epoch 190	LOSS: 78.40	MAE: 118.64	RMSE: 155.81
Epoch 191	LOSS: 77.74	MAE: 131.73	RMSE: 177.08
Epoch 192	LOSS: 77.14	MAE: 125.06	RMSE: 166.95
Epoch 193	LOSS: 76.80	MAE: 132.16	RMSE: 175.34
Epoch 194	LOSS: 77.06	MAE: 149.10	RMSE: 196.26
Epoch 195	LOSS: 77.70	MAE: 156.21	RMSE: 204.36
Epoch 196	LOSS: 75.17	MAE: 152.13	RMSE: 199.72
Epoch 197	LOSS: 76.76	MAE: 125.27	RMSE: 165.16
Epoch 198	LOSS: 76.52	MAE: 121.09	RMSE: 159.14
Epoch 199	LOSS: 76.99	MAE: 121.78	RMSE: 160.41
Epoch 200	LOSS: 76.69	MAE: 118.47	RMSE: 155.53
Epoch 201	LOSS: 75.89	MAE: 118.12	RMSE: 155.80
Epoch 202	LOSS: 75.37	MAE: 121.20	RMSE: 162.07
Epoch 203	LOSS: 75.81	MAE: 120.32	RMSE: 161.51
Epoch 204	LOSS: 74.74	MAE: 119.25	RMSE: 159.20
Epoch 205	LOSS: 75.56	MAE: 128.82	RMSE: 173.46
Epoch 206	LOSS: 74.13	MAE: 145.03	RMSE: 192.89
Epoch 207	LOSS: 75.30	MAE: 127.74	RMSE: 171.01
Epoch 208	LOSS: 74.30	MAE: 119.26	RMSE: 158.11
Epoch 209	LOSS: 74.91	MAE: 119.53	RMSE: 158.79
Epoch 210	LOSS: 74.15	MAE: 119.60	RMSE: 159.13
Epoch 211	LOSS: 74.58	MAE: 121.62	RMSE: 162.57
Epoch 212	LOSS: 75.23	MAE: 140.41	RMSE: 187.54
Epoch 213	LOSS: 72.86	MAE: 138.83	RMSE: 185.57
Epoch 214	LOSS: 72.25	MAE: 148.67	RMSE: 197.30
Epoch 215	LOSS: 73.71	MAE: 123.92	RMSE: 166.44
Epoch 216	LOSS: 73.06	MAE: 116.64	RMSE: 154.75
Epoch 217	LOSS: 72.42	MAE: 127.32	RMSE: 172.13
Epoch 218	LOSS: 72.48	MAE: 125.03	RMSE: 168.96
Epoch 219	LOSS: 72.34	MAE: 121.79	RMSE: 163.80
Epoch 220	LOSS: 73.11	MAE: 131.71	RMSE: 177.54
Epoch 221	LOSS: 73.77	MAE: 137.42	RMSE: 184.34
Epoch 222	LOSS: 71.21	MAE: 129.02	RMSE: 173.31
Epoch 223	LOSS: 71.27	MAE: 130.09	RMSE: 174.71
Epoch 224	LOSS: 71.84	MAE: 140.37	RMSE: 188.03
Epoch 225	LOSS: 71.16	MAE: 133.53	RMSE: 180.12
Epoch 226	LOSS: 72.02	MAE: 117.39	RMSE: 157.60
Epoch 227	LOSS: 71.18	MAE: 116.41	RMSE: 155.82
Epoch 228	LOSS: 70.80	MAE: 121.91	RMSE: 165.13
Epoch 229	LOSS: 70.41	MAE: 121.11	RMSE: 163.98
Epoch 230	LOSS: 70.88	MAE: 141.28	RMSE: 189.42
Epoch 231	LOSS: 71.26	MAE: 150.97	RMSE: 200.76
Epoch 232	LOSS: 69.54	MAE: 119.40	RMSE: 159.10
Epoch 233	LOSS: 69.29	MAE: 118.44	RMSE: 157.57
Epoch 234	LOSS: 69.26	MAE: 122.99	RMSE: 165.04
Epoch 235	LOSS: 69.03	MAE: 133.90	RMSE: 180.79
Epoch 236	LOSS: 69.71	MAE: 130.43	RMSE: 175.51
Epoch 237	LOSS: 70.91	MAE: 158.17	RMSE: 208.36
Epoch 238	LOSS: 69.66	MAE: 148.88	RMSE: 197.66
Epoch 239	LOSS: 69.57	MAE: 129.99	RMSE: 174.25
Epoch 240	LOSS: 69.03	MAE: 126.26	RMSE: 169.54
Epoch 241	LOSS: 70.57	MAE: 127.47	RMSE: 171.38
Epoch 242	LOSS: 68.56	MAE: 121.90	RMSE: 163.83
Epoch 243	LOSS: 67.96	MAE: 129.92	RMSE: 174.89
Epoch 244	LOSS: 68.34	MAE: 144.54	RMSE: 192.87
Epoch 245	LOSS: 68.02	MAE: 124.62	RMSE: 168.08
Epoch 246	LOSS: 68.80	MAE: 116.61	RMSE: 156.08
Epoch 247	LOSS: 67.60	MAE: 121.77	RMSE: 163.75
Epoch 248	LOSS: 68.68	MAE: 125.04	RMSE: 167.97
Epoch 249	LOSS: 67.11	MAE: 132.56	RMSE: 177.66
Epoch 250	LOSS: 67.48	MAE: 139.28	RMSE: 185.55
Epoch 251	LOSS: 67.58	MAE: 124.78	RMSE: 167.57
Epoch 252	LOSS: 66.30	MAE: 122.17	RMSE: 164.00
Epoch 253	LOSS: 67.33	MAE: 123.49	RMSE: 165.77
Epoch 254	LOSS: 67.83	MAE: 137.10	RMSE: 183.55
Epoch 255	LOSS: 66.50	MAE: 139.70	RMSE: 186.44
Epoch 256	LOSS: 67.17	MAE: 125.15	RMSE: 167.55
Epoch 257	LOSS: 66.60	MAE: 119.90	RMSE: 159.72
Epoch 258	LOSS: 66.84	MAE: 123.19	RMSE: 164.74
Epoch 259	LOSS: 65.54	MAE: 138.82	RMSE: 185.79
Epoch 260	LOSS: 66.45	MAE: 134.85	RMSE: 180.44
Epoch 261	LOSS: 67.47	MAE: 142.21	RMSE: 188.93
Epoch 262	LOSS: 66.65	MAE: 152.02	RMSE: 200.47
Epoch 263	LOSS: 65.00	MAE: 148.61	RMSE: 196.65
Epoch 264	LOSS: 65.25	MAE: 146.58	RMSE: 194.30
Epoch 265	LOSS: 65.21	MAE: 132.11	RMSE: 177.11
Epoch 266	LOSS: 65.13	MAE: 118.19	RMSE: 157.73
Epoch 267	LOSS: 64.47	MAE: 122.47	RMSE: 164.82
Epoch 268	LOSS: 64.50	MAE: 128.14	RMSE: 172.28
Epoch 269	LOSS: 65.20	MAE: 121.79	RMSE: 162.65
Epoch 270	LOSS: 64.33	MAE: 128.83	RMSE: 172.44
Epoch 271	LOSS: 64.77	MAE: 143.83	RMSE: 191.06
Epoch 272	LOSS: 65.89	MAE: 139.27	RMSE: 185.58
Epoch 273	LOSS: 64.83	MAE: 139.20	RMSE: 185.52
Epoch 274	LOSS: 65.93	MAE: 126.86	RMSE: 169.97
Epoch 275	LOSS: 64.77	MAE: 118.15	RMSE: 157.19
Epoch 276	LOSS: 64.10	MAE: 131.30	RMSE: 175.97
Epoch 277	LOSS: 65.44	MAE: 141.80	RMSE: 189.01
Epoch 278	LOSS: 64.25	MAE: 132.78	RMSE: 177.57
Epoch 279	LOSS: 63.73	MAE: 128.52	RMSE: 171.99
Epoch 280	LOSS: 64.29	MAE: 124.09	RMSE: 166.04
Epoch 281	LOSS: 64.88	MAE: 129.91	RMSE: 174.29
Epoch 282	LOSS: 64.10	MAE: 145.39	RMSE: 193.66
Epoch 283	LOSS: 63.75	MAE: 138.95	RMSE: 185.43
Epoch 284	LOSS: 63.96	MAE: 119.18	RMSE: 158.74
Epoch 285	LOSS: 63.76	MAE: 118.26	RMSE: 157.43
Epoch 286	LOSS: 65.51	MAE: 164.36	RMSE: 214.13
Epoch 287	LOSS: 62.81	MAE: 178.71	RMSE: 230.01
Epoch 288	LOSS: 65.03	MAE: 161.60	RMSE: 211.80
Epoch 289	LOSS: 68.29	MAE: 138.97	RMSE: 184.77
Epoch 290	LOSS: 65.71	MAE: 128.34	RMSE: 170.60
Epoch 291	LOSS: 64.84	MAE: 129.10	RMSE: 171.75
Epoch 292	LOSS: 68.14	MAE: 131.69	RMSE: 174.55
Epoch 293	LOSS: 64.22	MAE: 128.17	RMSE: 170.12
Epoch 294	LOSS: 63.22	MAE: 124.72	RMSE: 165.38
Epoch 295	LOSS: 64.23	MAE: 130.47	RMSE: 173.19
Epoch 296	LOSS: 62.33	MAE: 142.02	RMSE: 188.42
Epoch 297	LOSS: 64.60	MAE: 150.82	RMSE: 198.85
Epoch 298	LOSS: 63.50	MAE: 148.80	RMSE: 196.68
Epoch 299	LOSS: 62.19	MAE: 123.02	RMSE: 163.49
Epoch 300	LOSS: 62.55	MAE: 111.75	RMSE: 144.83
Epoch 301	LOSS: 63.67	MAE: 111.57	RMSE: 143.97
Epoch 302	LOSS: 64.78	MAE: 111.76	RMSE: 145.15
Epoch 303	LOSS: 62.79	MAE: 126.87	RMSE: 171.30
Epoch 304	LOSS: 62.24	MAE: 133.54	RMSE: 179.67
Epoch 305	LOSS: 61.78	MAE: 132.25	RMSE: 177.42
Epoch 306	LOSS: 62.75	MAE: 145.67	RMSE: 193.10
Epoch 307	LOSS: 62.54	MAE: 147.19	RMSE: 194.97
Epoch 308	LOSS: 61.21	MAE: 144.37	RMSE: 191.45
Epoch 309	LOSS: 62.11	MAE: 148.54	RMSE: 196.66
Epoch 310	LOSS: 62.24	MAE: 144.68	RMSE: 192.20
Epoch 311	LOSS: 61.75	MAE: 125.96	RMSE: 168.85
Epoch 312	LOSS: 61.76	MAE: 130.58	RMSE: 175.95
Epoch 313	LOSS: 60.90	MAE: 136.45	RMSE: 184.17
Epoch 314	LOSS: 60.45	MAE: 124.85	RMSE: 167.19
Epoch 315	LOSS: 61.58	MAE: 121.85	RMSE: 162.63
Epoch 316	LOSS: 60.10	MAE: 130.93	RMSE: 175.29
Epoch 317	LOSS: 60.92	MAE: 134.14	RMSE: 179.67
Epoch 318	LOSS: 60.63	MAE: 120.69	RMSE: 161.93
Epoch 319	LOSS: 60.30	MAE: 128.34	RMSE: 173.26
Epoch 320	LOSS: 59.44	MAE: 126.58	RMSE: 170.80
Epoch 321	LOSS: 59.36	MAE: 114.05	RMSE: 150.81
Epoch 322	LOSS: 59.54	MAE: 125.01	RMSE: 166.80
Epoch 323	LOSS: 59.05	MAE: 141.99	RMSE: 189.10
Epoch 324	LOSS: 59.02	MAE: 133.06	RMSE: 178.05
Epoch 325	LOSS: 58.12	MAE: 126.76	RMSE: 170.32
Epoch 326	LOSS: 58.57	MAE: 121.08	RMSE: 163.57
Epoch 327	LOSS: 58.49	MAE: 112.18	RMSE: 148.49
Epoch 328	LOSS: 59.21	MAE: 110.75	RMSE: 144.29
Epoch 329	LOSS: 58.45	MAE: 110.30	RMSE: 142.72
Epoch 330	LOSS: 58.46	MAE: 110.81	RMSE: 145.33
Epoch 331	LOSS: 59.84	MAE: 123.40	RMSE: 164.64
Epoch 332	LOSS: 58.12	MAE: 135.93	RMSE: 181.36
Epoch 333	LOSS: 58.90	MAE: 137.73	RMSE: 183.63
Epoch 334	LOSS: 56.98	MAE: 144.86	RMSE: 192.42
Epoch 335	LOSS: 57.78	MAE: 146.84	RMSE: 194.49
Epoch 336	LOSS: 56.47	MAE: 130.60	RMSE: 174.40
Epoch 337	LOSS: 57.46	MAE: 121.06	RMSE: 161.42
Epoch 338	LOSS: 58.59	MAE: 133.22	RMSE: 177.53
Epoch 339	LOSS: 56.47	MAE: 132.48	RMSE: 176.84
Epoch 340	LOSS: 57.47	MAE: 117.60	RMSE: 155.97
Epoch 341	LOSS: 57.86	MAE: 115.40	RMSE: 152.87
Epoch 342	LOSS: 58.43	MAE: 136.48	RMSE: 181.61
Epoch 343	LOSS: 62.25	MAE: 164.86	RMSE: 214.41
Epoch 344	LOSS: 57.01	MAE: 169.44	RMSE: 220.20
Epoch 345	LOSS: 58.03	MAE: 156.11	RMSE: 205.38
Epoch 346	LOSS: 58.68	MAE: 141.27	RMSE: 187.07
Epoch 347	LOSS: 56.62	MAE: 135.57	RMSE: 180.06
Epoch 348	LOSS: 62.70	MAE: 137.06	RMSE: 181.21
Epoch 349	LOSS: 60.88	MAE: 132.75	RMSE: 175.76
Epoch 350	LOSS: 56.35	MAE: 124.78	RMSE: 165.74
Epoch 351	LOSS: 57.89	MAE: 131.05	RMSE: 174.20
Epoch 352	LOSS: 58.22	MAE: 142.68	RMSE: 189.46
Epoch 353	LOSS: 57.26	MAE: 150.67	RMSE: 199.17
Epoch 354	LOSS: 55.70	MAE: 140.99	RMSE: 187.84
Epoch 355	LOSS: 56.29	MAE: 126.47	RMSE: 168.94
Epoch 356	LOSS: 56.55	MAE: 118.64	RMSE: 157.84
Epoch 357	LOSS: 56.56	MAE: 113.39	RMSE: 149.62
Epoch 358	LOSS: 55.54	MAE: 116.72	RMSE: 155.20
Epoch 359	LOSS: 56.34	MAE: 135.48	RMSE: 181.25
Epoch 360	LOSS: 56.92	MAE: 141.75	RMSE: 189.37
Epoch 361	LOSS: 58.44	MAE: 130.96	RMSE: 175.22
Epoch 362	LOSS: 57.30	MAE: 127.15	RMSE: 170.00
Epoch 363	LOSS: 57.07	MAE: 131.59	RMSE: 175.70
Epoch 364	LOSS: 59.66	MAE: 130.53	RMSE: 173.76
Epoch 365	LOSS: 56.41	MAE: 119.30	RMSE: 158.81
Epoch 366	LOSS: 56.03	MAE: 115.38	RMSE: 152.27
Epoch 367	LOSS: 56.28	MAE: 120.79	RMSE: 160.52
Epoch 368	LOSS: 56.64	MAE: 127.21	RMSE: 169.67
Epoch 369	LOSS: 58.84	MAE: 118.33	RMSE: 157.53
Epoch 370	LOSS: 57.21	MAE: 111.36	RMSE: 146.76
Epoch 371	LOSS: 55.51	MAE: 110.79	RMSE: 145.46
Epoch 372	LOSS: 56.14	MAE: 113.62	RMSE: 150.87
Epoch 373	LOSS: 56.57	MAE: 116.54	RMSE: 155.41
Epoch 374	LOSS: 55.27	MAE: 116.00	RMSE: 154.08
Epoch 375	LOSS: 56.21	MAE: 120.83	RMSE: 160.94
Epoch 376	LOSS: 55.06	MAE: 135.48	RMSE: 180.80
Epoch 377	LOSS: 57.34	MAE: 142.92	RMSE: 189.57
Epoch 378	LOSS: 55.86	MAE: 135.26	RMSE: 179.89
Epoch 379	LOSS: 56.59	MAE: 130.58	RMSE: 173.73
Epoch 380	LOSS: 56.88	MAE: 132.38	RMSE: 175.97
Epoch 381	LOSS: 56.14	MAE: 128.06	RMSE: 170.30
Epoch 382	LOSS: 56.19	MAE: 119.63	RMSE: 158.68
Epoch 383	LOSS: 55.24	MAE: 117.64	RMSE: 155.69
Epoch 384	LOSS: 54.67	MAE: 125.60	RMSE: 167.52
Epoch 385	LOSS: 54.98	MAE: 129.86	RMSE: 173.74
Epoch 386	LOSS: 55.17	MAE: 121.29	RMSE: 161.50
Epoch 387	LOSS: 54.93	MAE: 119.83	RMSE: 159.16
Epoch 388	LOSS: 54.03	MAE: 130.86	RMSE: 174.29
Epoch 389	LOSS: 54.96	MAE: 136.43	RMSE: 180.88
Epoch 390	LOSS: 54.97	MAE: 126.74	RMSE: 168.59
Epoch 391	LOSS: 55.92	MAE: 124.66	RMSE: 165.72
Epoch 392	LOSS: 54.74	MAE: 134.05	RMSE: 177.92
Epoch 393	LOSS: 55.12	MAE: 136.01	RMSE: 180.25
Epoch 394	LOSS: 54.63	MAE: 126.39	RMSE: 168.14
Epoch 395	LOSS: 55.28	MAE: 124.66	RMSE: 165.76
Epoch 396	LOSS: 54.59	MAE: 134.39	RMSE: 178.43
Epoch 397	LOSS: 56.09	MAE: 137.91	RMSE: 182.73
Epoch 398	LOSS: 53.96	MAE: 127.38	RMSE: 169.56
Epoch 399	LOSS: 55.59	MAE: 124.45	RMSE: 165.58
Epoch 400	LOSS: 54.84	MAE: 129.53	RMSE: 172.53
Epoch 401	LOSS: 54.36	MAE: 123.21	RMSE: 164.10
Epoch 402	LOSS: 55.13	MAE: 116.66	RMSE: 154.61
Epoch 403	LOSS: 54.72	MAE: 121.65	RMSE: 161.76
Epoch 404	LOSS: 55.49	MAE: 138.10	RMSE: 183.65
Epoch 405	LOSS: 55.89	MAE: 146.12	RMSE: 193.13
Epoch 406	LOSS: 54.55	MAE: 136.24	RMSE: 180.88
Epoch 407	LOSS: 54.26	MAE: 128.81	RMSE: 171.30
Epoch 408	LOSS: 54.16	MAE: 132.25	RMSE: 175.79
Epoch 409	LOSS: 55.85	MAE: 131.12	RMSE: 174.26
Epoch 410	LOSS: 54.19	MAE: 122.21	RMSE: 162.52
Epoch 411	LOSS: 54.44	MAE: 120.93	RMSE: 160.66
Epoch 412	LOSS: 53.85	MAE: 126.99	RMSE: 169.23
Epoch 413	LOSS: 55.11	MAE: 125.81	RMSE: 167.83
Epoch 414	LOSS: 54.38	MAE: 117.97	RMSE: 156.67
Epoch 415	LOSS: 54.79	MAE: 117.87	RMSE: 156.46
Epoch 416	LOSS: 54.45	MAE: 128.83	RMSE: 172.45
Epoch 417	LOSS: 54.60	MAE: 133.04	RMSE: 177.72
Epoch 418	LOSS: 53.84	MAE: 122.34	RMSE: 162.88
Epoch 419	LOSS: 54.53	MAE: 118.45	RMSE: 157.15
Epoch 420	LOSS: 54.94	MAE: 128.69	RMSE: 171.33
Epoch 421	LOSS: 55.21	MAE: 136.87	RMSE: 181.52
Epoch 422	LOSS: 54.25	MAE: 128.98	RMSE: 171.64
Epoch 423	LOSS: 54.83	MAE: 126.17	RMSE: 167.87
Epoch 424	LOSS: 54.27	MAE: 129.62	RMSE: 172.45
Epoch 425	LOSS: 54.07	MAE: 124.58	RMSE: 165.76
Epoch 426	LOSS: 53.04	MAE: 115.59	RMSE: 152.93
Epoch 427	LOSS: 53.77	MAE: 115.57	RMSE: 152.81
Epoch 428	LOSS: 54.02	MAE: 124.83	RMSE: 166.65
Epoch 429	LOSS: 54.86	MAE: 129.81	RMSE: 173.49
Epoch 430	LOSS: 53.89	MAE: 122.00	RMSE: 162.42
Epoch 431	LOSS: 53.97	MAE: 121.39	RMSE: 161.35
Epoch 432	LOSS: 54.51	MAE: 128.14	RMSE: 170.76
Epoch 433	LOSS: 54.72	MAE: 124.43	RMSE: 165.65
Epoch 434	LOSS: 53.26	MAE: 116.19	RMSE: 153.84
Epoch 435	LOSS: 53.73	MAE: 117.13	RMSE: 155.15
Epoch 436	LOSS: 53.68	MAE: 132.08	RMSE: 175.94
Epoch 437	LOSS: 54.73	MAE: 142.61	RMSE: 189.05
Epoch 438	LOSS: 53.21	MAE: 134.60	RMSE: 178.85
Epoch 439	LOSS: 53.41	MAE: 131.14	RMSE: 174.30
Epoch 440	LOSS: 53.74	MAE: 137.31	RMSE: 182.07
Epoch 441	LOSS: 54.45	MAE: 135.99	RMSE: 180.33
Epoch 442	LOSS: 53.62	MAE: 124.59	RMSE: 165.76
Epoch 443	LOSS: 53.51	MAE: 123.46	RMSE: 164.14
Epoch 444	LOSS: 52.89	MAE: 131.87	RMSE: 175.37
Epoch 445	LOSS: 53.35	MAE: 131.18	RMSE: 174.52
Epoch 446	LOSS: 52.91	MAE: 120.19	RMSE: 159.72
Epoch 447	LOSS: 54.38	MAE: 118.93	RMSE: 157.81
Epoch 448	LOSS: 54.46	MAE: 129.26	RMSE: 172.50
Epoch 449	LOSS: 54.19	MAE: 135.09	RMSE: 179.99
Epoch 450	LOSS: 53.67	MAE: 124.87	RMSE: 166.27
Epoch 451	LOSS: 53.81	MAE: 123.12	RMSE: 163.73
Epoch 452	LOSS: 53.66	MAE: 132.20	RMSE: 175.87
Epoch 453	LOSS: 52.57	MAE: 133.76	RMSE: 177.74
Epoch 454	LOSS: 53.52	MAE: 123.99	RMSE: 165.03
Epoch 455	LOSS: 53.16	MAE: 122.67	RMSE: 163.12
Epoch 456	LOSS: 52.74	MAE: 133.24	RMSE: 177.26
Epoch 457	LOSS: 53.54	MAE: 135.22	RMSE: 179.74
Epoch 458	LOSS: 52.44	MAE: 124.97	RMSE: 166.41
Epoch 459	LOSS: 53.64	MAE: 124.32	RMSE: 165.43
Epoch 460	LOSS: 53.16	MAE: 135.80	RMSE: 180.52
Epoch 461	LOSS: 53.13	MAE: 137.00	RMSE: 181.92
Epoch 462	LOSS: 52.88	MAE: 125.36	RMSE: 166.95
Epoch 463	LOSS: 53.43	MAE: 124.76	RMSE: 166.04
Epoch 464	LOSS: 51.44	MAE: 136.66	RMSE: 181.51
Epoch 465	LOSS: 54.16	MAE: 140.38	RMSE: 185.96
Epoch 466	LOSS: 52.04	MAE: 128.33	RMSE: 170.90
Epoch 467	LOSS: 53.62	MAE: 125.79	RMSE: 167.45
Epoch 468	LOSS: 52.67	MAE: 133.63	RMSE: 177.78
Epoch 469	LOSS: 54.12	MAE: 133.04	RMSE: 177.02
Epoch 470	LOSS: 52.70	MAE: 118.66	RMSE: 157.69
Epoch 471	LOSS: 52.48	MAE: 113.63	RMSE: 149.97
Epoch 472	LOSS: 52.30	MAE: 119.23	RMSE: 158.86
Epoch 473	LOSS: 52.88	MAE: 123.92	RMSE: 165.63
Epoch 474	LOSS: 51.90	MAE: 120.93	RMSE: 161.13
Epoch 475	LOSS: 52.73	MAE: 127.95	RMSE: 170.61
Epoch 476	LOSS: 52.50	MAE: 143.17	RMSE: 190.10
Epoch 477	LOSS: 54.00	MAE: 144.88	RMSE: 191.55
Epoch 478	LOSS: 52.26	MAE: 131.25	RMSE: 174.66
Epoch 479	LOSS: 52.87	MAE: 126.64	RMSE: 168.59
Epoch 480	LOSS: 52.52	MAE: 133.87	RMSE: 177.97
Epoch 481	LOSS: 53.80	MAE: 134.72	RMSE: 178.90
Epoch 482	LOSS: 51.68	MAE: 125.01	RMSE: 166.56
Epoch 483	LOSS: 52.31	MAE: 124.01	RMSE: 165.14
Epoch 484	LOSS: 52.42	MAE: 134.46	RMSE: 178.92
Epoch 485	LOSS: 54.21	MAE: 136.69	RMSE: 181.82
Epoch 486	LOSS: 52.01	MAE: 124.03	RMSE: 165.32
Epoch 487	LOSS: 52.56	MAE: 121.71	RMSE: 161.98
Epoch 488	LOSS: 52.20	MAE: 134.26	RMSE: 178.82
Epoch 489	LOSS: 54.56	MAE: 141.50	RMSE: 187.61
Epoch 490	LOSS: 52.26	MAE: 131.05	RMSE: 174.48
Epoch 491	LOSS: 51.93	MAE: 127.99	RMSE: 170.44
Epoch 492	LOSS: 52.17	MAE: 136.35	RMSE: 181.08
Epoch 493	LOSS: 52.42	MAE: 136.25	RMSE: 180.84
Epoch 494	LOSS: 51.68	MAE: 123.86	RMSE: 165.07
Epoch 495	LOSS: 52.03	MAE: 122.02	RMSE: 162.44
Epoch 496	LOSS: 51.95	MAE: 129.38	RMSE: 172.41
Epoch 497	LOSS: 52.44	MAE: 127.93	RMSE: 170.51
Epoch 498	LOSS: 52.20	MAE: 119.71	RMSE: 159.33
Epoch 499	LOSS: 52.71	MAE: 123.91	RMSE: 165.12
