Epoch 000	LOSS: 85.98	MAE: 54.60	RMSE: 57.99
Epoch 001	LOSS: 41.41	MAE: 51.30	RMSE: 55.65
Epoch 002	LOSS: 25.13	MAE: 48.71	RMSE: 54.64
Epoch 003	LOSS: 19.17	MAE: 48.34	RMSE: 54.68
Epoch 004	LOSS: 15.68	MAE: 48.50	RMSE: 54.81
Epoch 005	LOSS: 11.33	MAE: 47.93	RMSE: 54.78
Epoch 006	LOSS: 10.75	MAE: 48.04	RMSE: 54.85
Epoch 007	LOSS: 10.96	MAE: 48.21	RMSE: 54.91
Epoch 008	LOSS: 10.12	MAE: 48.11	RMSE: 54.91
Epoch 009	LOSS: 9.28	MAE: 48.02	RMSE: 54.90
Epoch 010	LOSS: 10.53	MAE: 47.89	RMSE: 54.81
Epoch 011	LOSS: 9.83	MAE: 47.85	RMSE: 54.81
Epoch 012	LOSS: 8.55	MAE: 47.81	RMSE: 54.79
Epoch 013	LOSS: 9.40	MAE: 48.00	RMSE: 54.79
Epoch 014	LOSS: 8.94	MAE: 47.74	RMSE: 54.71
Epoch 015	LOSS: 8.64	MAE: 47.62	RMSE: 54.62
Epoch 016	LOSS: 9.60	MAE: 47.53	RMSE: 54.51
Epoch 017	LOSS: 8.86	MAE: 47.16	RMSE: 54.13
Epoch 018	LOSS: 8.54	MAE: 46.57	RMSE: 53.66
Epoch 019	LOSS: 8.69	MAE: 46.33	RMSE: 53.43
Epoch 020	LOSS: 9.39	MAE: 46.18	RMSE: 53.19
Epoch 021	LOSS: 10.68	MAE: 46.03	RMSE: 53.10
Epoch 022	LOSS: 8.79	MAE: 46.05	RMSE: 53.21
Epoch 023	LOSS: 9.50	MAE: 46.25	RMSE: 53.36
Epoch 024	LOSS: 10.50	MAE: 45.65	RMSE: 52.88
Epoch 025	LOSS: 8.31	MAE: 45.02	RMSE: 52.64
Epoch 026	LOSS: 8.51	MAE: 44.52	RMSE: 52.29
Epoch 027	LOSS: 12.36	MAE: 44.50	RMSE: 52.14
Epoch 028	LOSS: 9.70	MAE: 44.87	RMSE: 52.27
Epoch 029	LOSS: 9.68	MAE: 45.25	RMSE: 52.38
Epoch 030	LOSS: 10.89	MAE: 44.26	RMSE: 51.91
Epoch 031	LOSS: 8.43	MAE: 43.76	RMSE: 51.55
Epoch 032	LOSS: 10.35	MAE: 43.81	RMSE: 51.44
Epoch 033	LOSS: 8.74	MAE: 43.33	RMSE: 51.10
Epoch 034	LOSS: 9.64	MAE: 43.42	RMSE: 51.19
Epoch 035	LOSS: 9.63	MAE: 45.80	RMSE: 52.80
Epoch 036	LOSS: 8.57	MAE: 46.21	RMSE: 53.26
Epoch 037	LOSS: 12.20	MAE: 46.25	RMSE: 53.04
Epoch 038	LOSS: 8.90	MAE: 44.82	RMSE: 52.30
Epoch 039	LOSS: 9.58	MAE: 44.44	RMSE: 51.99
Epoch 040	LOSS: 8.22	MAE: 44.22	RMSE: 51.90
Epoch 041	LOSS: 11.25	MAE: 45.07	RMSE: 52.22
Epoch 042	LOSS: 9.91	MAE: 45.85	RMSE: 52.76
Epoch 043	LOSS: 12.07	MAE: 45.67	RMSE: 52.42
Epoch 044	LOSS: 8.95	MAE: 44.93	RMSE: 51.95
Epoch 045	LOSS: 10.22	MAE: 44.80	RMSE: 51.86
Epoch 046	LOSS: 9.60	MAE: 44.93	RMSE: 51.92
Epoch 047	LOSS: 9.27	MAE: 44.71	RMSE: 51.71
Epoch 048	LOSS: 9.81	MAE: 44.59	RMSE: 51.50
Epoch 049	LOSS: 9.71	MAE: 44.48	RMSE: 51.37
Epoch 050	LOSS: 10.06	MAE: 44.45	RMSE: 51.34
Epoch 051	LOSS: 8.38	MAE: 43.68	RMSE: 50.43
Epoch 052	LOSS: 9.28	MAE: 41.30	RMSE: 47.81
Epoch 053	LOSS: 10.46	MAE: 39.38	RMSE: 45.26
Epoch 054	LOSS: 8.95	MAE: 34.72	RMSE: 40.67
Epoch 055	LOSS: 8.16	MAE: 35.25	RMSE: 40.78
Epoch 056	LOSS: 9.99	MAE: 35.75	RMSE: 41.25
Epoch 057	LOSS: 9.43	MAE: 35.22	RMSE: 40.82
Epoch 058	LOSS: 8.53	MAE: 30.56	RMSE: 35.85
Epoch 059	LOSS: 10.60	MAE: 26.99	RMSE: 31.88
Epoch 060	LOSS: 8.85	MAE: 22.76	RMSE: 26.93
Epoch 061	LOSS: 8.50	MAE: 22.51	RMSE: 26.60
Epoch 062	LOSS: 8.83	MAE: 30.11	RMSE: 35.61
Epoch 063	LOSS: 8.71	MAE: 25.74	RMSE: 30.46
Epoch 064	LOSS: 8.87	MAE: 13.47	RMSE: 17.31
Epoch 065	LOSS: 8.63	MAE: 8.06	RMSE: 14.61
Epoch 066	LOSS: 9.00	MAE: 11.88	RMSE: 15.96
Epoch 067	LOSS: 8.96	MAE: 13.53	RMSE: 17.33
Epoch 068	LOSS: 8.40	MAE: 12.45	RMSE: 16.56
Epoch 069	LOSS: 8.12	MAE: 16.37	RMSE: 19.74
Epoch 070	LOSS: 7.57	MAE: 23.23	RMSE: 27.46
Epoch 071	LOSS: 7.82	MAE: 25.31	RMSE: 29.87
Epoch 072	LOSS: 9.38	MAE: 22.23	RMSE: 26.25
Epoch 073	LOSS: 8.41	MAE: 13.18	RMSE: 15.97
Epoch 074	LOSS: 9.74	MAE: 7.61	RMSE: 11.05
Epoch 075	LOSS: 8.19	MAE: 6.42	RMSE: 10.31
Epoch 076	LOSS: 8.00	MAE: 8.32	RMSE: 11.72
Epoch 077	LOSS: 8.95	MAE: 11.21	RMSE: 14.37
Epoch 078	LOSS: 8.00	MAE: 9.94	RMSE: 13.05
Epoch 079	LOSS: 7.70	MAE: 6.82	RMSE: 10.30
Epoch 080	LOSS: 9.59	MAE: 9.68	RMSE: 12.40
Epoch 081	LOSS: 8.27	MAE: 11.51	RMSE: 14.23
Epoch 082	LOSS: 7.53	MAE: 11.30	RMSE: 13.99
Epoch 083	LOSS: 7.50	MAE: 11.51	RMSE: 14.16
Epoch 084	LOSS: 8.61	MAE: 7.04	RMSE: 10.35
Epoch 085	LOSS: 7.71	MAE: 7.45	RMSE: 11.10
Epoch 086	LOSS: 7.71	MAE: 7.56	RMSE: 11.52
Epoch 087	LOSS: 7.55	MAE: 14.82	RMSE: 17.47
Epoch 088	LOSS: 7.11	MAE: 17.40	RMSE: 20.34
Epoch 089	LOSS: 7.47	MAE: 17.75	RMSE: 20.60
Epoch 090	LOSS: 7.70	MAE: 17.71	RMSE: 20.61
Epoch 091	LOSS: 7.68	MAE: 17.83	RMSE: 20.75
Epoch 092	LOSS: 7.23	MAE: 17.87	RMSE: 20.84
Epoch 093	LOSS: 6.71	MAE: 18.13	RMSE: 21.10
Epoch 094	LOSS: 6.79	MAE: 18.41	RMSE: 21.38
Epoch 095	LOSS: 7.32	MAE: 18.37	RMSE: 21.46
Epoch 096	LOSS: 7.30	MAE: 15.20	RMSE: 18.06
Epoch 097	LOSS: 7.33	MAE: 11.81	RMSE: 14.54
Epoch 098	LOSS: 6.72	MAE: 10.04	RMSE: 12.82
Epoch 099	LOSS: 7.78	MAE: 14.86	RMSE: 17.59
Epoch 100	LOSS: 6.26	MAE: 16.55	RMSE: 19.45
Epoch 101	LOSS: 7.20	MAE: 9.84	RMSE: 12.66
Epoch 102	LOSS: 7.02	MAE: 7.08	RMSE: 11.06
Epoch 103	LOSS: 7.65	MAE: 7.57	RMSE: 11.46
Epoch 104	LOSS: 7.27	MAE: 12.97	RMSE: 16.26
Epoch 105	LOSS: 7.61	MAE: 16.53	RMSE: 19.94
Epoch 106	LOSS: 6.90	MAE: 12.25	RMSE: 15.43
Epoch 107	LOSS: 6.87	MAE: 9.64	RMSE: 13.00
Epoch 108	LOSS: 7.15	MAE: 6.57	RMSE: 10.31
Epoch 109	LOSS: 6.34	MAE: 11.80	RMSE: 14.45
Epoch 110	LOSS: 6.61	MAE: 11.24	RMSE: 13.79
Epoch 111	LOSS: 6.57	MAE: 9.37	RMSE: 12.27
Epoch 112	LOSS: 7.22	MAE: 10.30	RMSE: 13.05
Epoch 113	LOSS: 6.77	MAE: 13.33	RMSE: 16.01
Epoch 114	LOSS: 6.47	MAE: 15.20	RMSE: 18.10
Epoch 115	LOSS: 6.90	MAE: 16.51	RMSE: 19.49
Epoch 116	LOSS: 7.08	MAE: 17.16	RMSE: 20.36
Epoch 117	LOSS: 6.74	MAE: 14.28	RMSE: 17.00
Epoch 118	LOSS: 6.32	MAE: 10.17	RMSE: 12.83
Epoch 119	LOSS: 7.48	MAE: 8.79	RMSE: 11.47
Epoch 120	LOSS: 6.75	MAE: 8.49	RMSE: 11.23
Epoch 121	LOSS: 6.86	MAE: 8.36	RMSE: 11.13
Epoch 122	LOSS: 6.58	MAE: 6.89	RMSE: 9.98
Epoch 123	LOSS: 5.91	MAE: 6.31	RMSE: 9.60
Epoch 124	LOSS: 8.87	MAE: 7.38	RMSE: 10.23
Epoch 125	LOSS: 6.81	MAE: 7.66	RMSE: 10.46
Epoch 126	LOSS: 6.45	MAE: 8.03	RMSE: 10.71
Epoch 127	LOSS: 6.70	MAE: 6.02	RMSE: 9.35
Epoch 128	LOSS: 7.05	MAE: 5.68	RMSE: 9.23
Epoch 129	LOSS: 6.21	MAE: 6.28	RMSE: 9.75
Epoch 130	LOSS: 6.15	MAE: 5.11	RMSE: 9.02
Epoch 131	LOSS: 6.76	MAE: 5.14	RMSE: 8.99
Epoch 132	LOSS: 6.80	MAE: 5.64	RMSE: 9.20
Epoch 133	LOSS: 8.56	MAE: 5.65	RMSE: 9.23
Epoch 134	LOSS: 6.40	MAE: 5.82	RMSE: 9.35
Epoch 135	LOSS: 5.90	MAE: 6.08	RMSE: 9.57
Epoch 136	LOSS: 6.40	MAE: 6.27	RMSE: 9.64
Epoch 137	LOSS: 6.26	MAE: 5.40	RMSE: 9.14
Epoch 138	LOSS: 6.14	MAE: 5.16	RMSE: 9.13
Epoch 139	LOSS: 6.20	MAE: 6.24	RMSE: 9.74
Epoch 140	LOSS: 6.74	MAE: 5.40	RMSE: 9.22
Epoch 141	LOSS: 7.00	MAE: 8.48	RMSE: 11.07
Epoch 142	LOSS: 6.64	MAE: 10.11	RMSE: 12.51
Epoch 143	LOSS: 9.92	MAE: 8.91	RMSE: 11.30
Epoch 144	LOSS: 9.73	MAE: 6.42	RMSE: 9.42
Epoch 145	LOSS: 6.20	MAE: 5.13	RMSE: 8.93
Epoch 146	LOSS: 5.90	MAE: 5.23	RMSE: 9.08
Epoch 147	LOSS: 6.29	MAE: 5.19	RMSE: 8.92
Epoch 148	LOSS: 6.42	MAE: 6.55	RMSE: 9.68
Epoch 149	LOSS: 6.55	MAE: 6.83	RMSE: 9.87
Epoch 150	LOSS: 6.08	MAE: 7.14	RMSE: 10.09
Epoch 151	LOSS: 6.55	MAE: 7.43	RMSE: 10.29
Epoch 152	LOSS: 5.96	MAE: 8.64	RMSE: 11.20
Epoch 153	LOSS: 6.36	MAE: 8.69	RMSE: 11.18
Epoch 154	LOSS: 6.35	MAE: 6.20	RMSE: 9.35
Epoch 155	LOSS: 6.44	MAE: 4.99	RMSE: 8.84
Epoch 156	LOSS: 6.08	MAE: 5.88	RMSE: 9.25
Epoch 157	LOSS: 6.78	MAE: 8.33	RMSE: 11.00
Epoch 158	LOSS: 6.70	MAE: 10.05	RMSE: 12.52
Epoch 159	LOSS: 6.54	MAE: 6.21	RMSE: 9.69
Epoch 160	LOSS: 6.89	MAE: 9.30	RMSE: 12.32
Epoch 161	LOSS: 6.34	MAE: 9.66	RMSE: 12.65
Epoch 162	LOSS: 7.71	MAE: 9.66	RMSE: 12.52
Epoch 163	LOSS: 6.43	MAE: 9.08	RMSE: 12.11
Epoch 164	LOSS: 6.05	MAE: 8.47	RMSE: 11.55
Epoch 165	LOSS: 6.82	MAE: 7.33	RMSE: 10.44
Epoch 166	LOSS: 6.45	MAE: 11.25	RMSE: 13.76
Epoch 167	LOSS: 6.18	MAE: 10.45	RMSE: 12.90
Epoch 168	LOSS: 9.03	MAE: 5.77	RMSE: 9.06
Epoch 169	LOSS: 6.15	MAE: 5.20	RMSE: 9.00
Epoch 170	LOSS: 6.25	MAE: 5.52	RMSE: 9.36
Epoch 171	LOSS: 5.85	MAE: 5.77	RMSE: 9.40
Epoch 172	LOSS: 6.04	MAE: 6.17	RMSE: 9.64
Epoch 173	LOSS: 6.00	MAE: 6.49	RMSE: 9.49
Epoch 174	LOSS: 6.18	MAE: 8.15	RMSE: 10.76
Epoch 175	LOSS: 6.50	MAE: 9.99	RMSE: 12.27
Epoch 176	LOSS: 5.81	MAE: 10.73	RMSE: 13.08
Epoch 177	LOSS: 6.09	MAE: 9.03	RMSE: 11.42
Epoch 178	LOSS: 6.29	MAE: 6.93	RMSE: 9.64
Epoch 179	LOSS: 6.24	MAE: 5.78	RMSE: 9.03
Epoch 180	LOSS: 5.72	MAE: 5.75	RMSE: 9.27
Epoch 181	LOSS: 5.86	MAE: 5.74	RMSE: 9.26
Epoch 182	LOSS: 6.19	MAE: 5.23	RMSE: 8.96
Epoch 183	LOSS: 5.69	MAE: 6.66	RMSE: 9.51
Epoch 184	LOSS: 5.56	MAE: 6.33	RMSE: 9.38
Epoch 185	LOSS: 5.79	MAE: 5.11	RMSE: 8.53
Epoch 186	LOSS: 5.99	MAE: 5.33	RMSE: 8.90
Epoch 187	LOSS: 7.42	MAE: 5.94	RMSE: 9.52
Epoch 188	LOSS: 5.68	MAE: 6.03	RMSE: 9.53
Epoch 189	LOSS: 6.67	MAE: 8.96	RMSE: 11.91
Epoch 190	LOSS: 6.99	MAE: 7.90	RMSE: 10.98
Epoch 191	LOSS: 6.28	MAE: 6.89	RMSE: 10.14
Epoch 192	LOSS: 6.10	MAE: 4.92	RMSE: 8.57
Epoch 193	LOSS: 5.77	MAE: 5.89	RMSE: 9.13
Epoch 194	LOSS: 5.55	MAE: 5.68	RMSE: 9.19
Epoch 195	LOSS: 6.29	MAE: 5.45	RMSE: 9.25
Epoch 196	LOSS: 5.80	MAE: 5.46	RMSE: 9.40
Epoch 197	LOSS: 5.79	MAE: 6.55	RMSE: 9.97
Epoch 198	LOSS: 5.99	MAE: 5.70	RMSE: 9.54
Epoch 199	LOSS: 5.84	MAE: 7.76	RMSE: 10.62
Epoch 200	LOSS: 6.13	MAE: 7.59	RMSE: 10.26
Epoch 201	LOSS: 5.85	MAE: 6.69	RMSE: 9.51
Epoch 202	LOSS: 6.42	MAE: 5.96	RMSE: 8.95
Epoch 203	LOSS: 5.40	MAE: 5.60	RMSE: 8.69
Epoch 204	LOSS: 5.95	MAE: 8.78	RMSE: 11.17
Epoch 205	LOSS: 5.93	MAE: 11.18	RMSE: 13.45
Epoch 206	LOSS: 5.90	MAE: 11.59	RMSE: 13.92
Epoch 207	LOSS: 5.94	MAE: 10.06	RMSE: 12.35
Epoch 208	LOSS: 5.67	MAE: 7.61	RMSE: 10.22
Epoch 209	LOSS: 5.71	MAE: 5.19	RMSE: 8.74
Epoch 210	LOSS: 5.80	MAE: 4.93	RMSE: 8.61
Epoch 211	LOSS: 6.33	MAE: 5.30	RMSE: 8.90
Epoch 212	LOSS: 5.92	MAE: 5.01	RMSE: 8.69
Epoch 213	LOSS: 6.08	MAE: 4.76	RMSE: 8.37
Epoch 214	LOSS: 5.93	MAE: 5.81	RMSE: 8.75
Epoch 215	LOSS: 5.99	MAE: 7.17	RMSE: 9.75
Epoch 216	LOSS: 5.32	MAE: 7.78	RMSE: 10.21
Epoch 217	LOSS: 5.46	MAE: 6.47	RMSE: 9.15
Epoch 218	LOSS: 5.26	MAE: 5.02	RMSE: 8.36
Epoch 219	LOSS: 6.40	MAE: 4.71	RMSE: 8.45
Epoch 220	LOSS: 5.79	MAE: 4.79	RMSE: 8.60
Epoch 221	LOSS: 5.88	MAE: 4.82	RMSE: 8.53
Epoch 222	LOSS: 5.82	MAE: 4.94	RMSE: 8.55
Epoch 223	LOSS: 5.60	MAE: 5.71	RMSE: 8.81
Epoch 224	LOSS: 5.54	MAE: 6.48	RMSE: 9.34
Epoch 225	LOSS: 5.32	MAE: 5.72	RMSE: 8.82
Epoch 226	LOSS: 5.95	MAE: 4.96	RMSE: 8.59
Epoch 227	LOSS: 5.47	MAE: 5.30	RMSE: 8.85
Epoch 228	LOSS: 5.80	MAE: 5.39	RMSE: 8.63
Epoch 229	LOSS: 6.20	MAE: 6.55	RMSE: 9.28
Epoch 230	LOSS: 7.04	MAE: 6.19	RMSE: 9.04
Epoch 231	LOSS: 6.43	MAE: 5.09	RMSE: 8.44
Epoch 232	LOSS: 5.52	MAE: 4.96	RMSE: 8.62
Epoch 233	LOSS: 7.04	MAE: 7.28	RMSE: 10.32
Epoch 234	LOSS: 6.16	MAE: 7.29	RMSE: 10.36
Epoch 235	LOSS: 7.27	MAE: 7.12	RMSE: 10.24
Epoch 236	LOSS: 6.90	MAE: 6.58	RMSE: 9.82
Epoch 237	LOSS: 5.51	MAE: 6.16	RMSE: 9.47
Epoch 238	LOSS: 7.84	MAE: 4.84	RMSE: 8.26
Epoch 239	LOSS: 7.86	MAE: 6.35	RMSE: 8.95
Epoch 240	LOSS: 6.22	MAE: 8.11	RMSE: 10.26
Epoch 241	LOSS: 5.79	MAE: 9.66	RMSE: 11.72
Epoch 242	LOSS: 5.80	MAE: 10.37	RMSE: 12.46
Epoch 243	LOSS: 5.56	MAE: 8.84	RMSE: 11.05
Epoch 244	LOSS: 5.58	MAE: 5.78	RMSE: 8.58
Epoch 245	LOSS: 5.42	MAE: 5.14	RMSE: 8.70
Epoch 246	LOSS: 5.58	MAE: 6.37	RMSE: 9.65
Epoch 247	LOSS: 5.72	MAE: 4.76	RMSE: 8.41
Epoch 248	LOSS: 5.30	MAE: 5.44	RMSE: 8.64
Epoch 249	LOSS: 5.44	MAE: 6.46	RMSE: 9.24
Epoch 250	LOSS: 6.16	MAE: 4.60	RMSE: 8.27
Epoch 251	LOSS: 5.51	MAE: 5.77	RMSE: 9.24
Epoch 252	LOSS: 5.76	MAE: 6.18	RMSE: 8.94
Epoch 253	LOSS: 5.59	MAE: 9.74	RMSE: 11.79
Epoch 254	LOSS: 6.28	MAE: 7.41	RMSE: 9.72
Epoch 255	LOSS: 5.81	MAE: 4.88	RMSE: 8.18
Epoch 256	LOSS: 6.99	MAE: 4.74	RMSE: 8.10
Epoch 257	LOSS: 6.27	MAE: 4.75	RMSE: 8.14
Epoch 258	LOSS: 5.29	MAE: 5.20	RMSE: 8.40
Epoch 259	LOSS: 6.65	MAE: 5.72	RMSE: 8.73
Epoch 260	LOSS: 5.80	MAE: 5.03	RMSE: 8.57
Epoch 261	LOSS: 5.95	MAE: 5.11	RMSE: 8.78
Epoch 262	LOSS: 6.86	MAE: 5.07	RMSE: 8.54
Epoch 263	LOSS: 6.48	MAE: 7.74	RMSE: 9.99
Epoch 264	LOSS: 6.14	MAE: 9.75	RMSE: 11.76
Epoch 265	LOSS: 5.44	MAE: 10.14	RMSE: 12.20
Epoch 266	LOSS: 5.38	MAE: 8.49	RMSE: 10.67
Epoch 267	LOSS: 5.82	MAE: 6.42	RMSE: 8.92
Epoch 268	LOSS: 5.71	MAE: 4.53	RMSE: 8.12
Epoch 269	LOSS: 5.32	MAE: 4.73	RMSE: 8.37
Epoch 270	LOSS: 5.50	MAE: 4.51	RMSE: 8.22
Epoch 271	LOSS: 5.24	MAE: 5.68	RMSE: 8.49
Epoch 272	LOSS: 5.91	MAE: 7.06	RMSE: 9.40
Epoch 273	LOSS: 5.57	MAE: 8.33	RMSE: 10.49
Epoch 274	LOSS: 5.70	MAE: 8.35	RMSE: 10.60
Epoch 275	LOSS: 6.20	MAE: 7.17	RMSE: 9.70
Epoch 276	LOSS: 7.25	MAE: 5.22	RMSE: 8.58
Epoch 277	LOSS: 5.69	MAE: 4.92	RMSE: 8.55
Epoch 278	LOSS: 6.48	MAE: 5.44	RMSE: 8.92
Epoch 279	LOSS: 5.52	MAE: 5.49	RMSE: 8.96
Epoch 280	LOSS: 5.98	MAE: 4.81	RMSE: 8.44
Epoch 281	LOSS: 5.35	MAE: 5.09	RMSE: 8.41
Epoch 282	LOSS: 5.75	MAE: 5.70	RMSE: 8.67
Epoch 283	LOSS: 6.03	MAE: 5.87	RMSE: 8.66
Epoch 284	LOSS: 5.81	MAE: 5.74	RMSE: 8.57
Epoch 285	LOSS: 6.11	MAE: 5.25	RMSE: 8.29
Epoch 286	LOSS: 5.60	MAE: 5.18	RMSE: 8.24
Epoch 287	LOSS: 6.74	MAE: 4.92	RMSE: 8.20
Epoch 288	LOSS: 6.61	MAE: 4.70	RMSE: 8.25
Epoch 289	LOSS: 6.20	MAE: 4.89	RMSE: 8.43
Epoch 290	LOSS: 7.25	MAE: 4.76	RMSE: 8.32
Epoch 291	LOSS: 6.19	MAE: 5.00	RMSE: 8.24
Epoch 292	LOSS: 5.85	MAE: 5.86	RMSE: 8.66
Epoch 293	LOSS: 7.31	MAE: 6.65	RMSE: 9.11
Epoch 294	LOSS: 5.81	MAE: 6.67	RMSE: 9.18
Epoch 295	LOSS: 5.37	MAE: 6.85	RMSE: 9.19
Epoch 296	LOSS: 5.49	MAE: 5.87	RMSE: 8.42
Epoch 297	LOSS: 5.49	MAE: 4.25	RMSE: 7.76
Epoch 298	LOSS: 5.36	MAE: 4.35	RMSE: 7.79
Epoch 299	LOSS: 5.42	MAE: 4.25	RMSE: 7.89
Epoch 300	LOSS: 5.63	MAE: 4.45	RMSE: 7.80
Epoch 301	LOSS: 5.21	MAE: 5.76	RMSE: 8.33
Epoch 302	LOSS: 5.15	MAE: 5.39	RMSE: 8.08
Epoch 303	LOSS: 7.57	MAE: 4.53	RMSE: 7.71
Epoch 304	LOSS: 5.95	MAE: 4.24	RMSE: 7.66
Epoch 305	LOSS: 5.48	MAE: 4.72	RMSE: 7.77
Epoch 306	LOSS: 5.59	MAE: 4.31	RMSE: 7.75
Epoch 307	LOSS: 6.67	MAE: 4.58	RMSE: 7.78
Epoch 308	LOSS: 5.67	MAE: 5.05	RMSE: 7.94
Epoch 309	LOSS: 5.29	MAE: 4.90	RMSE: 7.97
Epoch 310	LOSS: 6.27	MAE: 4.72	RMSE: 7.90
Epoch 311	LOSS: 5.42	MAE: 4.48	RMSE: 7.84
Epoch 312	LOSS: 5.89	MAE: 4.37	RMSE: 7.83
Epoch 313	LOSS: 5.56	MAE: 4.37	RMSE: 7.82
Epoch 314	LOSS: 5.54	MAE: 4.43	RMSE: 7.86
Epoch 315	LOSS: 5.66	MAE: 4.48	RMSE: 7.88
Epoch 316	LOSS: 5.16	MAE: 5.30	RMSE: 8.17
Epoch 317	LOSS: 5.19	MAE: 5.93	RMSE: 8.45
Epoch 318	LOSS: 5.69	MAE: 5.77	RMSE: 9.20
Epoch 319	LOSS: 5.87	MAE: 4.64	RMSE: 7.77
Epoch 320	LOSS: 5.66	MAE: 7.74	RMSE: 9.76
Epoch 321	LOSS: 6.19	MAE: 10.06	RMSE: 11.93
Epoch 322	LOSS: 5.51	MAE: 9.10	RMSE: 11.13
Epoch 323	LOSS: 5.14	MAE: 4.85	RMSE: 8.01
Epoch 324	LOSS: 5.52	MAE: 6.49	RMSE: 9.74
Epoch 325	LOSS: 5.67	MAE: 4.51	RMSE: 8.04
Epoch 326	LOSS: 5.48	MAE: 6.69	RMSE: 9.00
Epoch 327	LOSS: 6.88	MAE: 7.41	RMSE: 9.44
Epoch 328	LOSS: 6.23	MAE: 6.04	RMSE: 8.39
Epoch 329	LOSS: 5.67	MAE: 4.69	RMSE: 7.69
Epoch 330	LOSS: 5.63	MAE: 4.30	RMSE: 7.75
Epoch 331	LOSS: 5.60	MAE: 5.08	RMSE: 8.13
Epoch 332	LOSS: 6.19	MAE: 6.42	RMSE: 9.70
Epoch 333	LOSS: 6.02	MAE: 8.36	RMSE: 11.51
Epoch 334	LOSS: 5.55	MAE: 7.43	RMSE: 10.61
Epoch 335	LOSS: 6.39	MAE: 5.78	RMSE: 9.18
Epoch 336	LOSS: 6.12	MAE: 5.10	RMSE: 8.61
Epoch 337	LOSS: 5.30	MAE: 4.85	RMSE: 7.94
Epoch 338	LOSS: 6.12	MAE: 6.39	RMSE: 8.63
Epoch 339	LOSS: 5.30	MAE: 5.89	RMSE: 8.35
Epoch 340	LOSS: 5.45	MAE: 4.21	RMSE: 7.68
Epoch 341	LOSS: 5.33	MAE: 4.21	RMSE: 7.75
Epoch 342	LOSS: 5.20	MAE: 4.41	RMSE: 7.93
Epoch 343	LOSS: 5.62	MAE: 4.53	RMSE: 8.11
Epoch 344	LOSS: 5.42	MAE: 3.99	RMSE: 7.61
Epoch 345	LOSS: 8.29	MAE: 5.22	RMSE: 7.83
Epoch 346	LOSS: 7.32	MAE: 7.25	RMSE: 9.02
Epoch 347	LOSS: 7.15	MAE: 4.74	RMSE: 7.58
Epoch 348	LOSS: 5.23	MAE: 4.20	RMSE: 7.82
Epoch 349	LOSS: 5.03	MAE: 4.57	RMSE: 8.36
Epoch 350	LOSS: 5.41	MAE: 4.43	RMSE: 8.01
Epoch 351	LOSS: 5.81	MAE: 5.29	RMSE: 8.64
Epoch 352	LOSS: 5.43	MAE: 5.67	RMSE: 9.00
Epoch 353	LOSS: 8.67	MAE: 6.41	RMSE: 9.16
Epoch 354	LOSS: 7.19	MAE: 7.16	RMSE: 9.45
Epoch 355	LOSS: 6.62	MAE: 6.50	RMSE: 8.89
Epoch 356	LOSS: 6.18	MAE: 6.47	RMSE: 8.87
Epoch 357	LOSS: 5.44	MAE: 7.87	RMSE: 9.98
Epoch 358	LOSS: 5.26	MAE: 4.84	RMSE: 7.97
Epoch 359	LOSS: 5.27	MAE: 10.19	RMSE: 13.38
Epoch 360	LOSS: 5.29	MAE: 9.89	RMSE: 13.00
Epoch 361	LOSS: 5.83	MAE: 6.24	RMSE: 8.87
Epoch 362	LOSS: 6.96	MAE: 8.98	RMSE: 10.92
Epoch 363	LOSS: 5.83	MAE: 8.07	RMSE: 10.24
Epoch 364	LOSS: 5.61	MAE: 7.71	RMSE: 9.99
Epoch 365	LOSS: 5.20	MAE: 5.54	RMSE: 8.64
Epoch 366	LOSS: 5.55	MAE: 5.63	RMSE: 8.43
Epoch 367	LOSS: 5.41	MAE: 5.29	RMSE: 8.09
Epoch 368	LOSS: 5.78	MAE: 5.24	RMSE: 8.05
Epoch 369	LOSS: 5.79	MAE: 9.27	RMSE: 11.08
Epoch 370	LOSS: 6.22	MAE: 11.61	RMSE: 13.48
Epoch 371	LOSS: 5.49	MAE: 11.87	RMSE: 13.78
Epoch 372	LOSS: 7.23	MAE: 11.10	RMSE: 12.83
Epoch 373	LOSS: 5.56	MAE: 8.35	RMSE: 10.15
Epoch 374	LOSS: 5.35	MAE: 6.17	RMSE: 8.36
Epoch 375	LOSS: 5.16	MAE: 6.17	RMSE: 8.42
Epoch 376	LOSS: 6.22	MAE: 8.90	RMSE: 10.59
Epoch 377	LOSS: 5.32	MAE: 10.01	RMSE: 11.80
Epoch 378	LOSS: 5.87	MAE: 8.17	RMSE: 10.07
Epoch 379	LOSS: 5.76	MAE: 6.70	RMSE: 8.89
Epoch 380	LOSS: 5.42	MAE: 4.52	RMSE: 7.76
Epoch 381	LOSS: 5.17	MAE: 4.47	RMSE: 8.08
Epoch 382	LOSS: 5.64	MAE: 4.66	RMSE: 8.26
Epoch 383	LOSS: 5.53	MAE: 4.57	RMSE: 7.68
Epoch 384	LOSS: 5.67	MAE: 5.17	RMSE: 7.76
Epoch 385	LOSS: 5.46	MAE: 5.64	RMSE: 7.98
Epoch 386	LOSS: 5.15	MAE: 8.11	RMSE: 9.94
Epoch 387	LOSS: 5.59	MAE: 8.94	RMSE: 10.76
Epoch 388	LOSS: 5.58	MAE: 7.91	RMSE: 9.80
Epoch 389	LOSS: 5.42	MAE: 4.12	RMSE: 7.79
Epoch 390	LOSS: 5.46	MAE: 9.27	RMSE: 12.36
Epoch 391	LOSS: 5.44	MAE: 13.11	RMSE: 16.26
Epoch 392	LOSS: 5.87	MAE: 5.93	RMSE: 9.62
Epoch 393	LOSS: 5.62	MAE: 6.08	RMSE: 9.23
Epoch 394	LOSS: 5.81	MAE: 6.89	RMSE: 9.56
Epoch 395	LOSS: 6.23	MAE: 5.84	RMSE: 8.76
Epoch 396	LOSS: 7.25	MAE: 5.20	RMSE: 8.12
Epoch 397	LOSS: 5.69	MAE: 5.90	RMSE: 8.31
Epoch 398	LOSS: 5.19	MAE: 6.89	RMSE: 8.95
Epoch 399	LOSS: 6.72	MAE: 7.43	RMSE: 9.30
Epoch 400	LOSS: 5.39	MAE: 7.85	RMSE: 9.71
Epoch 401	LOSS: 6.76	MAE: 8.38	RMSE: 10.19
Epoch 402	LOSS: 5.36	MAE: 8.73	RMSE: 10.53
Epoch 403	LOSS: 6.03	MAE: 8.35	RMSE: 10.15
Epoch 404	LOSS: 5.59	MAE: 5.92	RMSE: 8.17
Epoch 405	LOSS: 5.09	MAE: 4.56	RMSE: 8.27
Epoch 406	LOSS: 6.63	MAE: 7.80	RMSE: 10.95
Epoch 407	LOSS: 5.83	MAE: 9.84	RMSE: 12.89
Epoch 408	LOSS: 5.26	MAE: 10.42	RMSE: 13.45
Epoch 409	LOSS: 6.20	MAE: 9.83	RMSE: 12.85
Epoch 410	LOSS: 6.32	MAE: 8.65	RMSE: 11.70
Epoch 411	LOSS: 5.62	MAE: 7.85	RMSE: 10.93
Epoch 412	LOSS: 7.06	MAE: 8.06	RMSE: 10.94
Epoch 413	LOSS: 5.68	MAE: 6.07	RMSE: 9.39
Epoch 414	LOSS: 5.80	MAE: 4.70	RMSE: 8.38
Epoch 415	LOSS: 6.44	MAE: 4.82	RMSE: 7.71
Epoch 416	LOSS: 6.01	MAE: 7.75	RMSE: 9.56
Epoch 417	LOSS: 5.20	MAE: 7.46	RMSE: 9.30
Epoch 418	LOSS: 5.47	MAE: 6.46	RMSE: 8.54
Epoch 419	LOSS: 6.46	MAE: 6.34	RMSE: 8.40
Epoch 420	LOSS: 5.44	MAE: 7.27	RMSE: 9.18
Epoch 421	LOSS: 5.77	MAE: 6.35	RMSE: 8.53
Epoch 422	LOSS: 5.47	MAE: 4.28	RMSE: 7.62
Epoch 423	LOSS: 5.49	MAE: 4.02	RMSE: 7.72
Epoch 424	LOSS: 7.64	MAE: 4.07	RMSE: 7.80
Epoch 425	LOSS: 5.99	MAE: 4.06	RMSE: 7.61
Epoch 426	LOSS: 5.83	MAE: 4.46	RMSE: 7.63
Epoch 427	LOSS: 5.72	MAE: 4.77	RMSE: 7.76
Epoch 428	LOSS: 5.22	MAE: 4.97	RMSE: 7.87
Epoch 429	LOSS: 4.93	MAE: 4.93	RMSE: 7.89
Epoch 430	LOSS: 5.87	MAE: 4.45	RMSE: 7.70
Epoch 431	LOSS: 5.57	MAE: 4.13	RMSE: 7.88
Epoch 432	LOSS: 5.21	MAE: 4.14	RMSE: 7.52
Epoch 433	LOSS: 5.88	MAE: 5.12	RMSE: 7.86
Epoch 434	LOSS: 6.08	MAE: 5.09	RMSE: 7.80
Epoch 435	LOSS: 5.69	MAE: 4.37	RMSE: 7.53
Epoch 436	LOSS: 6.20	MAE: 4.17	RMSE: 7.51
Epoch 437	LOSS: 6.00	MAE: 4.94	RMSE: 7.73
Epoch 438	LOSS: 5.51	MAE: 4.07	RMSE: 7.54
Epoch 439	LOSS: 6.19	MAE: 4.13	RMSE: 7.55
Epoch 440	LOSS: 5.95	MAE: 4.46	RMSE: 7.56
Epoch 441	LOSS: 5.45	MAE: 4.12	RMSE: 7.52
Epoch 442	LOSS: 5.15	MAE: 4.28	RMSE: 7.64
Epoch 443	LOSS: 5.23	MAE: 4.70	RMSE: 7.75
Epoch 444	LOSS: 5.15	MAE: 5.03	RMSE: 7.88
Epoch 445	LOSS: 5.34	MAE: 5.23	RMSE: 7.99
Epoch 446	LOSS: 6.09	MAE: 4.95	RMSE: 7.80
Epoch 447	LOSS: 5.83	MAE: 4.58	RMSE: 8.26
Epoch 448	LOSS: 5.17	MAE: 4.11	RMSE: 7.85
Epoch 449	LOSS: 5.79	MAE: 5.73	RMSE: 8.52
Epoch 450	LOSS: 5.20	MAE: 6.99	RMSE: 9.59
Epoch 451	LOSS: 5.13	MAE: 4.64	RMSE: 8.53
Epoch 452	LOSS: 5.02	MAE: 6.35	RMSE: 9.80
Epoch 453	LOSS: 5.60	MAE: 8.32	RMSE: 11.40
Epoch 454	LOSS: 5.53	MAE: 9.03	RMSE: 12.01
Epoch 455	LOSS: 5.47	MAE: 10.13	RMSE: 13.11
Epoch 456	LOSS: 5.53	MAE: 4.82	RMSE: 8.46
Epoch 457	LOSS: 5.31	MAE: 5.26	RMSE: 8.11
Epoch 458	LOSS: 5.43	MAE: 7.31	RMSE: 9.35
Epoch 459	LOSS: 5.59	MAE: 5.07	RMSE: 7.94
Epoch 460	LOSS: 5.21	MAE: 4.30	RMSE: 8.03
Epoch 461	LOSS: 5.20	MAE: 4.45	RMSE: 8.15
Epoch 462	LOSS: 5.25	MAE: 5.68	RMSE: 8.27
Epoch 463	LOSS: 6.54	MAE: 10.45	RMSE: 12.31
Epoch 464	LOSS: 5.45	MAE: 13.20	RMSE: 15.28
Epoch 465	LOSS: 5.27	MAE: 12.68	RMSE: 14.68
Epoch 466	LOSS: 5.84	MAE: 10.57	RMSE: 12.28
Epoch 467	LOSS: 5.10	MAE: 8.54	RMSE: 10.30
Epoch 468	LOSS: 5.88	MAE: 6.42	RMSE: 8.48
Epoch 469	LOSS: 6.22	MAE: 4.92	RMSE: 7.58
Epoch 470	LOSS: 6.43	MAE: 4.20	RMSE: 7.40
Epoch 471	LOSS: 6.12	MAE: 3.84	RMSE: 7.41
Epoch 472	LOSS: 5.56	MAE: 4.27	RMSE: 7.38
Epoch 473	LOSS: 5.21	MAE: 5.11	RMSE: 7.69
Epoch 474	LOSS: 4.97	MAE: 5.71	RMSE: 8.02
Epoch 475	LOSS: 4.98	MAE: 6.14	RMSE: 8.31
Epoch 476	LOSS: 5.15	MAE: 4.11	RMSE: 7.39
Epoch 477	LOSS: 6.07	MAE: 4.40	RMSE: 8.11
Epoch 478	LOSS: 4.91	MAE: 4.11	RMSE: 7.90
Epoch 479	LOSS: 4.99	MAE: 4.11	RMSE: 7.79
Epoch 480	LOSS: 5.34	MAE: 6.37	RMSE: 8.91
Epoch 481	LOSS: 7.21	MAE: 7.85	RMSE: 9.98
Epoch 482	LOSS: 5.94	MAE: 9.28	RMSE: 11.20
Epoch 483	LOSS: 5.88	MAE: 9.89	RMSE: 11.70
Epoch 484	LOSS: 6.26	MAE: 9.54	RMSE: 11.24
Epoch 485	LOSS: 5.62	MAE: 9.16	RMSE: 10.92
Epoch 486	LOSS: 5.36	MAE: 8.04	RMSE: 9.83
Epoch 487	LOSS: 7.07	MAE: 5.23	RMSE: 7.70
Epoch 488	LOSS: 5.60	MAE: 3.84	RMSE: 7.45
Epoch 489	LOSS: 6.31	MAE: 5.01	RMSE: 8.66
Epoch 490	LOSS: 5.06	MAE: 6.45	RMSE: 9.77
Epoch 491	LOSS: 6.79	MAE: 7.45	RMSE: 10.50
Epoch 492	LOSS: 5.34	MAE: 7.95	RMSE: 11.07
Epoch 493	LOSS: 6.11	MAE: 6.34	RMSE: 9.66
Epoch 494	LOSS: 6.34	MAE: 4.34	RMSE: 8.21
Epoch 495	LOSS: 5.92	MAE: 4.73	RMSE: 8.15
Epoch 496	LOSS: 5.03	MAE: 8.04	RMSE: 10.14
Epoch 497	LOSS: 5.58	MAE: 10.46	RMSE: 12.34
Epoch 498	LOSS: 5.32	MAE: 10.26	RMSE: 12.20
Epoch 499	LOSS: 5.16	MAE: 5.89	RMSE: 8.54
