Epoch 000	LOSS: 452.67	MAE: 255.19	RMSE: 298.06
Epoch 001	LOSS: 444.71	MAE: 255.17	RMSE: 298.05
Epoch 002	LOSS: 449.77	MAE: 255.14	RMSE: 298.01
Epoch 003	LOSS: 448.30	MAE: 255.09	RMSE: 297.97
Epoch 004	LOSS: 435.08	MAE: 255.01	RMSE: 297.90
Epoch 005	LOSS: 447.18	MAE: 254.89	RMSE: 297.80
Epoch 006	LOSS: 449.63	MAE: 254.72	RMSE: 297.64
Epoch 007	LOSS: 444.14	MAE: 254.47	RMSE: 297.42
Epoch 008	LOSS: 438.86	MAE: 254.11	RMSE: 297.11
Epoch 009	LOSS: 435.89	MAE: 253.58	RMSE: 296.64
Epoch 010	LOSS: 428.34	MAE: 252.73	RMSE: 295.91
Epoch 011	LOSS: 426.28	MAE: 251.38	RMSE: 294.74
Epoch 012	LOSS: 424.95	MAE: 249.53	RMSE: 293.14
Epoch 013	LOSS: 416.81	MAE: 247.25	RMSE: 291.14
Epoch 014	LOSS: 409.59	MAE: 244.52	RMSE: 288.76
Epoch 015	LOSS: 396.02	MAE: 241.32	RMSE: 285.95
Epoch 016	LOSS: 390.31	MAE: 237.63	RMSE: 282.71
Epoch 017	LOSS: 373.21	MAE: 233.43	RMSE: 279.00
Epoch 018	LOSS: 362.97	MAE: 228.76	RMSE: 274.81
Epoch 019	LOSS: 342.38	MAE: 223.57	RMSE: 270.12
Epoch 020	LOSS: 330.09	MAE: 217.77	RMSE: 264.80
Epoch 021	LOSS: 307.85	MAE: 211.43	RMSE: 258.90
Epoch 022	LOSS: 302.69	MAE: 204.62	RMSE: 252.43
Epoch 023	LOSS: 275.04	MAE: 197.63	RMSE: 245.62
Epoch 024	LOSS: 263.57	MAE: 190.76	RMSE: 238.75
Epoch 025	LOSS: 244.48	MAE: 183.99	RMSE: 231.74
Epoch 026	LOSS: 231.37	MAE: 177.22	RMSE: 224.47
Epoch 027	LOSS: 219.54	MAE: 170.47	RMSE: 216.99
Epoch 028	LOSS: 209.31	MAE: 164.33	RMSE: 209.90
Epoch 029	LOSS: 201.46	MAE: 159.54	RMSE: 204.02
Epoch 030	LOSS: 197.89	MAE: 156.21	RMSE: 199.56
Epoch 031	LOSS: 191.77	MAE: 153.93	RMSE: 196.20
Epoch 032	LOSS: 189.17	MAE: 153.68	RMSE: 195.16
Epoch 033	LOSS: 186.82	MAE: 155.03	RMSE: 196.07
Epoch 034	LOSS: 181.63	MAE: 156.74	RMSE: 197.48
Epoch 035	LOSS: 175.81	MAE: 159.16	RMSE: 199.81
Epoch 036	LOSS: 175.96	MAE: 163.23	RMSE: 204.05
Epoch 037	LOSS: 175.40	MAE: 167.33	RMSE: 208.38
Epoch 038	LOSS: 173.58	MAE: 171.03	RMSE: 212.32
Epoch 039	LOSS: 175.71	MAE: 174.81	RMSE: 216.46
Epoch 040	LOSS: 170.38	MAE: 177.59	RMSE: 219.56
Epoch 041	LOSS: 172.90	MAE: 180.11	RMSE: 222.37
Epoch 042	LOSS: 169.59	MAE: 182.51	RMSE: 225.06
Epoch 043	LOSS: 168.64	MAE: 184.69	RMSE: 227.56
Epoch 044	LOSS: 167.92	MAE: 186.71	RMSE: 229.89
Epoch 045	LOSS: 169.95	MAE: 188.65	RMSE: 232.15
Epoch 046	LOSS: 168.10	MAE: 190.24	RMSE: 234.04
Epoch 047	LOSS: 168.50	MAE: 191.68	RMSE: 235.77
Epoch 048	LOSS: 167.53	MAE: 193.60	RMSE: 237.95
Epoch 049	LOSS: 166.96	MAE: 195.57	RMSE: 240.21
Epoch 050	LOSS: 166.69	MAE: 197.02	RMSE: 241.94
Epoch 051	LOSS: 165.23	MAE: 198.41	RMSE: 243.53
Epoch 052	LOSS: 168.02	MAE: 200.13	RMSE: 245.41
Epoch 053	LOSS: 165.87	MAE: 201.84	RMSE: 247.32
Epoch 054	LOSS: 163.58	MAE: 203.30	RMSE: 249.05
Epoch 055	LOSS: 164.23	MAE: 204.66	RMSE: 250.61
Epoch 056	LOSS: 168.46	MAE: 205.78	RMSE: 251.90
Epoch 057	LOSS: 166.46	MAE: 206.67	RMSE: 252.92
Epoch 058	LOSS: 165.95	MAE: 207.38	RMSE: 253.79
Epoch 059	LOSS: 164.35	MAE: 208.03	RMSE: 254.56
Epoch 060	LOSS: 165.46	MAE: 208.66	RMSE: 255.28
Epoch 061	LOSS: 166.07	MAE: 209.21	RMSE: 255.95
Epoch 062	LOSS: 167.96	MAE: 209.54	RMSE: 256.40
Epoch 063	LOSS: 162.05	MAE: 209.86	RMSE: 256.77
Epoch 064	LOSS: 167.48	MAE: 210.18	RMSE: 257.15
Epoch 065	LOSS: 164.88	MAE: 210.60	RMSE: 257.64
Epoch 066	LOSS: 163.91	MAE: 210.93	RMSE: 258.03
Epoch 067	LOSS: 164.48	MAE: 211.13	RMSE: 258.24
Epoch 068	LOSS: 164.16	MAE: 211.45	RMSE: 258.48
Epoch 069	LOSS: 159.37	MAE: 211.38	RMSE: 258.56
Epoch 070	LOSS: 162.07	MAE: 211.46	RMSE: 258.66
Epoch 071	LOSS: 164.59	MAE: 211.45	RMSE: 258.70
Epoch 072	LOSS: 161.93	MAE: 211.48	RMSE: 258.74
Epoch 073	LOSS: 161.37	MAE: 211.49	RMSE: 258.80
Epoch 074	LOSS: 162.59	MAE: 211.45	RMSE: 258.82
Epoch 075	LOSS: 162.72	MAE: 211.45	RMSE: 258.85
Epoch 076	LOSS: 161.24	MAE: 211.50	RMSE: 258.91
Epoch 077	LOSS: 162.66	MAE: 211.56	RMSE: 259.00
Epoch 078	LOSS: 161.42	MAE: 211.56	RMSE: 259.07
Epoch 079	LOSS: 159.64	MAE: 211.63	RMSE: 259.14
Epoch 080	LOSS: 160.31	MAE: 211.66	RMSE: 259.18
Epoch 081	LOSS: 159.51	MAE: 211.67	RMSE: 259.20
Epoch 082	LOSS: 157.68	MAE: 211.68	RMSE: 259.21
Epoch 083	LOSS: 162.14	MAE: 211.72	RMSE: 259.24
Epoch 084	LOSS: 159.03	MAE: 211.65	RMSE: 259.19
Epoch 085	LOSS: 157.57	MAE: 211.62	RMSE: 259.23
Epoch 086	LOSS: 158.34	MAE: 211.60	RMSE: 259.23
Epoch 087	LOSS: 154.28	MAE: 211.55	RMSE: 259.20
Epoch 088	LOSS: 157.83	MAE: 211.49	RMSE: 259.17
Epoch 089	LOSS: 158.17	MAE: 211.50	RMSE: 259.16
Epoch 090	LOSS: 158.48	MAE: 211.47	RMSE: 259.15
Epoch 091	LOSS: 156.93	MAE: 211.44	RMSE: 259.15
Epoch 092	LOSS: 159.78	MAE: 211.44	RMSE: 259.19
Epoch 093	LOSS: 156.82	MAE: 211.40	RMSE: 259.18
Epoch 094	LOSS: 154.66	MAE: 211.30	RMSE: 259.16
Epoch 095	LOSS: 152.45	MAE: 211.26	RMSE: 259.14
Epoch 096	LOSS: 154.56	MAE: 211.17	RMSE: 259.11
Epoch 097	LOSS: 153.74	MAE: 211.14	RMSE: 259.09
Epoch 098	LOSS: 153.32	MAE: 211.10	RMSE: 259.06
Epoch 099	LOSS: 154.94	MAE: 211.00	RMSE: 259.01
Epoch 100	LOSS: 152.38	MAE: 210.97	RMSE: 259.00
Epoch 101	LOSS: 149.60	MAE: 210.94	RMSE: 258.97
Epoch 102	LOSS: 153.93	MAE: 210.91	RMSE: 258.96
Epoch 103	LOSS: 153.06	MAE: 210.82	RMSE: 258.91
Epoch 104	LOSS: 152.07	MAE: 210.77	RMSE: 258.87
Epoch 105	LOSS: 149.49	MAE: 210.75	RMSE: 258.85
Epoch 106	LOSS: 151.08	MAE: 210.67	RMSE: 258.82
Epoch 107	LOSS: 150.18	MAE: 210.59	RMSE: 258.80
Epoch 108	LOSS: 151.83	MAE: 210.51	RMSE: 258.79
Epoch 109	LOSS: 149.89	MAE: 210.44	RMSE: 258.79
Epoch 110	LOSS: 148.30	MAE: 210.36	RMSE: 258.75
Epoch 111	LOSS: 148.77	MAE: 210.26	RMSE: 258.68
Epoch 112	LOSS: 147.93	MAE: 210.22	RMSE: 258.62
Epoch 113	LOSS: 149.72	MAE: 210.16	RMSE: 258.55
Epoch 114	LOSS: 146.98	MAE: 210.06	RMSE: 258.48
Epoch 115	LOSS: 146.24	MAE: 209.96	RMSE: 258.41
Epoch 116	LOSS: 146.57	MAE: 209.89	RMSE: 258.37
Epoch 117	LOSS: 146.40	MAE: 209.79	RMSE: 258.36
Epoch 118	LOSS: 146.71	MAE: 209.68	RMSE: 258.33
Epoch 119	LOSS: 144.73	MAE: 209.57	RMSE: 258.28
Epoch 120	LOSS: 143.58	MAE: 209.51	RMSE: 258.25
Epoch 121	LOSS: 140.90	MAE: 209.50	RMSE: 258.22
Epoch 122	LOSS: 144.66	MAE: 209.37	RMSE: 258.14
Epoch 123	LOSS: 141.70	MAE: 209.28	RMSE: 258.07
Epoch 124	LOSS: 142.59	MAE: 209.18	RMSE: 258.01
Epoch 125	LOSS: 142.38	MAE: 209.21	RMSE: 257.99
Epoch 126	LOSS: 142.03	MAE: 209.12	RMSE: 257.94
Epoch 127	LOSS: 139.66	MAE: 208.98	RMSE: 257.89
Epoch 128	LOSS: 140.79	MAE: 208.81	RMSE: 257.84
Epoch 129	LOSS: 138.66	MAE: 208.74	RMSE: 257.77
Epoch 130	LOSS: 138.51	MAE: 208.58	RMSE: 257.70
Epoch 131	LOSS: 135.56	MAE: 208.37	RMSE: 257.62
Epoch 132	LOSS: 138.54	MAE: 208.29	RMSE: 257.55
Epoch 133	LOSS: 137.25	MAE: 208.23	RMSE: 257.48
Epoch 134	LOSS: 134.12	MAE: 208.04	RMSE: 257.40
Epoch 135	LOSS: 134.17	MAE: 207.86	RMSE: 257.30
Epoch 136	LOSS: 134.36	MAE: 207.79	RMSE: 257.25
Epoch 137	LOSS: 135.74	MAE: 207.70	RMSE: 257.23
Epoch 138	LOSS: 134.20	MAE: 207.55	RMSE: 257.16
Epoch 139	LOSS: 130.56	MAE: 207.29	RMSE: 257.05
Epoch 140	LOSS: 131.50	MAE: 207.14	RMSE: 256.97
Epoch 141	LOSS: 130.29	MAE: 207.03	RMSE: 256.89
Epoch 142	LOSS: 128.50	MAE: 207.09	RMSE: 256.87
Epoch 143	LOSS: 127.59	MAE: 207.09	RMSE: 256.81
Epoch 144	LOSS: 131.47	MAE: 206.92	RMSE: 256.71
Epoch 145	LOSS: 128.70	MAE: 206.79	RMSE: 256.65
Epoch 146	LOSS: 128.92	MAE: 206.76	RMSE: 256.64
Epoch 147	LOSS: 124.93	MAE: 206.54	RMSE: 256.55
Epoch 148	LOSS: 126.57	MAE: 206.45	RMSE: 256.48
Epoch 149	LOSS: 126.91	MAE: 206.38	RMSE: 256.44
Epoch 150	LOSS: 125.34	MAE: 206.31	RMSE: 256.40
Epoch 151	LOSS: 124.87	MAE: 206.12	RMSE: 256.32
Epoch 152	LOSS: 124.06	MAE: 205.86	RMSE: 256.25
Epoch 153	LOSS: 125.11	MAE: 205.86	RMSE: 256.24
Epoch 154	LOSS: 122.73	MAE: 205.88	RMSE: 256.22
Epoch 155	LOSS: 125.02	MAE: 205.78	RMSE: 256.16
Epoch 156	LOSS: 124.37	MAE: 205.63	RMSE: 256.08
Epoch 157	LOSS: 119.82	MAE: 205.56	RMSE: 256.02
Epoch 158	LOSS: 122.03	MAE: 205.38	RMSE: 255.93
Epoch 159	LOSS: 121.96	MAE: 205.30	RMSE: 255.90
Epoch 160	LOSS: 119.05	MAE: 205.15	RMSE: 255.85
Epoch 161	LOSS: 121.19	MAE: 205.05	RMSE: 255.82
Epoch 162	LOSS: 118.95	MAE: 204.95	RMSE: 255.78
Epoch 163	LOSS: 120.08	MAE: 204.78	RMSE: 255.70
Epoch 164	LOSS: 119.32	MAE: 204.69	RMSE: 255.67
Epoch 165	LOSS: 118.91	MAE: 204.63	RMSE: 255.66
Epoch 166	LOSS: 120.14	MAE: 204.54	RMSE: 255.64
Epoch 167	LOSS: 119.05	MAE: 204.47	RMSE: 255.59
Epoch 168	LOSS: 118.56	MAE: 204.38	RMSE: 255.51
Epoch 169	LOSS: 119.69	MAE: 204.52	RMSE: 255.51
Epoch 170	LOSS: 118.61	MAE: 204.55	RMSE: 255.52
Epoch 171	LOSS: 117.67	MAE: 204.43	RMSE: 255.48
Epoch 172	LOSS: 118.09	MAE: 204.24	RMSE: 255.40
Epoch 173	LOSS: 117.41	MAE: 204.21	RMSE: 255.37
Epoch 174	LOSS: 117.09	MAE: 204.10	RMSE: 255.33
Epoch 175	LOSS: 118.18	MAE: 203.94	RMSE: 255.27
Epoch 176	LOSS: 116.38	MAE: 203.88	RMSE: 255.25
Epoch 177	LOSS: 117.96	MAE: 203.84	RMSE: 255.25
Epoch 178	LOSS: 115.70	MAE: 203.80	RMSE: 255.23
Epoch 179	LOSS: 118.50	MAE: 203.95	RMSE: 255.28
Epoch 180	LOSS: 117.56	MAE: 203.93	RMSE: 255.27
Epoch 181	LOSS: 116.17	MAE: 203.78	RMSE: 255.21
Epoch 182	LOSS: 115.28	MAE: 203.70	RMSE: 255.16
Epoch 183	LOSS: 114.77	MAE: 203.73	RMSE: 255.17
Epoch 184	LOSS: 115.47	MAE: 203.62	RMSE: 255.14
Epoch 185	LOSS: 116.18	MAE: 203.53	RMSE: 255.10
Epoch 186	LOSS: 116.60	MAE: 203.66	RMSE: 255.12
Epoch 187	LOSS: 116.86	MAE: 203.82	RMSE: 255.15
Epoch 188	LOSS: 115.72	MAE: 203.68	RMSE: 255.11
Epoch 189	LOSS: 114.03	MAE: 203.51	RMSE: 255.06
Epoch 190	LOSS: 116.15	MAE: 203.41	RMSE: 255.02
Epoch 191	LOSS: 116.03	MAE: 203.44	RMSE: 255.03
Epoch 192	LOSS: 114.23	MAE: 203.43	RMSE: 255.03
Epoch 193	LOSS: 114.48	MAE: 203.40	RMSE: 255.02
Epoch 194	LOSS: 115.98	MAE: 203.43	RMSE: 255.03
Epoch 195	LOSS: 115.96	MAE: 203.40	RMSE: 255.02
Epoch 196	LOSS: 113.80	MAE: 203.10	RMSE: 254.94
Epoch 197	LOSS: 115.18	MAE: 203.20	RMSE: 254.97
Epoch 198	LOSS: 114.10	MAE: 203.35	RMSE: 255.02
Epoch 199	LOSS: 114.75	MAE: 203.43	RMSE: 255.01
Epoch 200	LOSS: 115.44	MAE: 203.45	RMSE: 255.01
Epoch 201	LOSS: 114.80	MAE: 203.41	RMSE: 255.00
Epoch 202	LOSS: 113.79	MAE: 203.26	RMSE: 254.95
Epoch 203	LOSS: 116.09	MAE: 203.31	RMSE: 254.95
Epoch 204	LOSS: 114.23	MAE: 203.26	RMSE: 254.93
Epoch 205	LOSS: 113.24	MAE: 203.09	RMSE: 254.88
Epoch 206	LOSS: 113.34	MAE: 202.90	RMSE: 254.83
Epoch 207	LOSS: 113.39	MAE: 202.89	RMSE: 254.82
Epoch 208	LOSS: 112.31	MAE: 203.00	RMSE: 254.84
Epoch 209	LOSS: 113.58	MAE: 203.26	RMSE: 254.92
Epoch 210	LOSS: 113.57	MAE: 203.26	RMSE: 254.92
Epoch 211	LOSS: 114.01	MAE: 203.02	RMSE: 254.85
Epoch 212	LOSS: 112.94	MAE: 203.01	RMSE: 254.86
Epoch 213	LOSS: 113.86	MAE: 203.18	RMSE: 254.93
Epoch 214	LOSS: 113.59	MAE: 203.16	RMSE: 254.93
Epoch 215	LOSS: 113.23	MAE: 202.97	RMSE: 254.86
Epoch 216	LOSS: 113.97	MAE: 203.01	RMSE: 254.86
Epoch 217	LOSS: 113.07	MAE: 203.13	RMSE: 254.88
Epoch 218	LOSS: 111.64	MAE: 202.95	RMSE: 254.83
Epoch 219	LOSS: 113.25	MAE: 202.90	RMSE: 254.79
Epoch 220	LOSS: 111.60	MAE: 202.90	RMSE: 254.79
Epoch 221	LOSS: 113.55	MAE: 202.88	RMSE: 254.79
Epoch 222	LOSS: 112.28	MAE: 203.07	RMSE: 254.84
Epoch 223	LOSS: 112.87	MAE: 203.03	RMSE: 254.84
Epoch 224	LOSS: 113.61	MAE: 202.87	RMSE: 254.82
Epoch 225	LOSS: 112.48	MAE: 202.88	RMSE: 254.82
Epoch 226	LOSS: 112.50	MAE: 202.85	RMSE: 254.78
Epoch 227	LOSS: 112.83	MAE: 202.84	RMSE: 254.76
Epoch 228	LOSS: 112.14	MAE: 202.84	RMSE: 254.76
Epoch 229	LOSS: 111.57	MAE: 202.78	RMSE: 254.76
Epoch 230	LOSS: 112.83	MAE: 202.80	RMSE: 254.80
Epoch 231	LOSS: 110.77	MAE: 203.04	RMSE: 254.87
Epoch 232	LOSS: 112.54	MAE: 203.00	RMSE: 254.84
Epoch 233	LOSS: 112.58	MAE: 202.66	RMSE: 254.73
Epoch 234	LOSS: 111.72	MAE: 202.68	RMSE: 254.71
Epoch 235	LOSS: 111.64	MAE: 202.77	RMSE: 254.73
Epoch 236	LOSS: 110.64	MAE: 202.71	RMSE: 254.74
Epoch 237	LOSS: 110.34	MAE: 202.70	RMSE: 254.74
Epoch 238	LOSS: 111.63	MAE: 202.83	RMSE: 254.77
Epoch 239	LOSS: 111.86	MAE: 202.98	RMSE: 254.80
Epoch 240	LOSS: 110.51	MAE: 202.75	RMSE: 254.74
Epoch 241	LOSS: 110.17	MAE: 202.69	RMSE: 254.73
Epoch 242	LOSS: 111.65	MAE: 202.61	RMSE: 254.70
Epoch 243	LOSS: 111.17	MAE: 202.73	RMSE: 254.73
Epoch 244	LOSS: 111.15	MAE: 202.52	RMSE: 254.67
Epoch 245	LOSS: 109.36	MAE: 202.55	RMSE: 254.66
Epoch 246	LOSS: 109.92	MAE: 202.63	RMSE: 254.67
Epoch 247	LOSS: 111.34	MAE: 202.72	RMSE: 254.70
Epoch 248	LOSS: 109.16	MAE: 202.54	RMSE: 254.67
Epoch 249	LOSS: 109.43	MAE: 202.49	RMSE: 254.67
Epoch 250	LOSS: 109.53	MAE: 202.54	RMSE: 254.68
Epoch 251	LOSS: 110.27	MAE: 202.61	RMSE: 254.69
Epoch 252	LOSS: 109.21	MAE: 202.51	RMSE: 254.65
Epoch 253	LOSS: 109.01	MAE: 202.42	RMSE: 254.61
Epoch 254	LOSS: 109.41	MAE: 202.48	RMSE: 254.63
Epoch 255	LOSS: 109.23	MAE: 202.63	RMSE: 254.69
Epoch 256	LOSS: 109.56	MAE: 202.62	RMSE: 254.71
Epoch 257	LOSS: 109.27	MAE: 202.61	RMSE: 254.71
Epoch 258	LOSS: 109.00	MAE: 202.63	RMSE: 254.68
Epoch 259	LOSS: 106.99	MAE: 202.34	RMSE: 254.57
Epoch 260	LOSS: 109.06	MAE: 202.29	RMSE: 254.54
Epoch 261	LOSS: 107.96	MAE: 202.31	RMSE: 254.56
Epoch 262	LOSS: 109.04	MAE: 202.43	RMSE: 254.60
Epoch 263	LOSS: 109.57	MAE: 202.53	RMSE: 254.66
Epoch 264	LOSS: 109.46	MAE: 202.51	RMSE: 254.67
Epoch 265	LOSS: 108.66	MAE: 202.31	RMSE: 254.60
Epoch 266	LOSS: 108.37	MAE: 202.18	RMSE: 254.56
Epoch 267	LOSS: 107.70	MAE: 202.28	RMSE: 254.57
Epoch 268	LOSS: 107.34	MAE: 202.35	RMSE: 254.59
Epoch 269	LOSS: 106.49	MAE: 202.41	RMSE: 254.61
Epoch 270	LOSS: 107.03	MAE: 202.51	RMSE: 254.65
Epoch 271	LOSS: 107.71	MAE: 202.30	RMSE: 254.60
Epoch 272	LOSS: 108.09	MAE: 202.25	RMSE: 254.57
Epoch 273	LOSS: 107.32	MAE: 202.19	RMSE: 254.54
Epoch 274	LOSS: 106.69	MAE: 202.11	RMSE: 254.51
Epoch 275	LOSS: 108.24	MAE: 202.16	RMSE: 254.53
Epoch 276	LOSS: 106.10	MAE: 202.22	RMSE: 254.55
Epoch 277	LOSS: 105.49	MAE: 202.23	RMSE: 254.56
Epoch 278	LOSS: 106.76	MAE: 202.11	RMSE: 254.53
Epoch 279	LOSS: 107.25	MAE: 202.05	RMSE: 254.51
Epoch 280	LOSS: 105.66	MAE: 202.20	RMSE: 254.53
Epoch 281	LOSS: 105.67	MAE: 202.33	RMSE: 254.55
Epoch 282	LOSS: 106.30	MAE: 202.20	RMSE: 254.51
Epoch 283	LOSS: 104.77	MAE: 202.10	RMSE: 254.50
Epoch 284	LOSS: 103.78	MAE: 202.12	RMSE: 254.52
Epoch 285	LOSS: 105.73	MAE: 202.14	RMSE: 254.54
Epoch 286	LOSS: 104.64	MAE: 202.13	RMSE: 254.53
Epoch 287	LOSS: 104.69	MAE: 202.06	RMSE: 254.49
Epoch 288	LOSS: 104.79	MAE: 202.01	RMSE: 254.45
Epoch 289	LOSS: 104.87	MAE: 202.02	RMSE: 254.45
Epoch 290	LOSS: 105.04	MAE: 201.92	RMSE: 254.43
Epoch 291	LOSS: 105.01	MAE: 201.83	RMSE: 254.41
Epoch 292	LOSS: 103.95	MAE: 201.93	RMSE: 254.44
Epoch 293	LOSS: 104.54	MAE: 202.10	RMSE: 254.51
Epoch 294	LOSS: 103.55	MAE: 201.93	RMSE: 254.46
Epoch 295	LOSS: 104.91	MAE: 201.77	RMSE: 254.40
Epoch 296	LOSS: 104.55	MAE: 201.88	RMSE: 254.41
Epoch 297	LOSS: 103.87	MAE: 201.84	RMSE: 254.40
Epoch 298	LOSS: 102.69	MAE: 201.79	RMSE: 254.40
Epoch 299	LOSS: 103.35	MAE: 201.72	RMSE: 254.39
Epoch 300	LOSS: 101.69	MAE: 201.74	RMSE: 254.38
Epoch 301	LOSS: 103.46	MAE: 201.81	RMSE: 254.39
Epoch 302	LOSS: 102.39	MAE: 201.78	RMSE: 254.38
Epoch 303	LOSS: 101.88	MAE: 201.63	RMSE: 254.34
Epoch 304	LOSS: 102.85	MAE: 201.57	RMSE: 254.33
Epoch 305	LOSS: 101.50	MAE: 201.68	RMSE: 254.35
Epoch 306	LOSS: 101.90	MAE: 201.69	RMSE: 254.35
Epoch 307	LOSS: 101.63	MAE: 201.69	RMSE: 254.36
Epoch 308	LOSS: 102.73	MAE: 201.62	RMSE: 254.34
Epoch 309	LOSS: 102.45	MAE: 201.55	RMSE: 254.32
Epoch 310	LOSS: 101.83	MAE: 201.59	RMSE: 254.32
Epoch 311	LOSS: 102.17	MAE: 201.53	RMSE: 254.29
Epoch 312	LOSS: 101.27	MAE: 201.59	RMSE: 254.31
Epoch 313	LOSS: 100.82	MAE: 201.60	RMSE: 254.31
Epoch 314	LOSS: 101.90	MAE: 201.59	RMSE: 254.32
Epoch 315	LOSS: 101.41	MAE: 201.55	RMSE: 254.32
Epoch 316	LOSS: 101.14	MAE: 201.44	RMSE: 254.29
Epoch 317	LOSS: 101.50	MAE: 201.43	RMSE: 254.27
Epoch 318	LOSS: 100.54	MAE: 201.46	RMSE: 254.27
Epoch 319	LOSS: 100.64	MAE: 201.36	RMSE: 254.24
Epoch 320	LOSS: 100.94	MAE: 201.34	RMSE: 254.24
Epoch 321	LOSS: 98.91	MAE: 201.42	RMSE: 254.27
Epoch 322	LOSS: 99.64	MAE: 201.46	RMSE: 254.28
Epoch 323	LOSS: 99.63	MAE: 201.30	RMSE: 254.22
Epoch 324	LOSS: 98.88	MAE: 201.16	RMSE: 254.17
Epoch 325	LOSS: 99.39	MAE: 201.16	RMSE: 254.18
Epoch 326	LOSS: 99.80	MAE: 201.28	RMSE: 254.21
Epoch 327	LOSS: 99.64	MAE: 201.32	RMSE: 254.22
Epoch 328	LOSS: 99.73	MAE: 201.22	RMSE: 254.20
Epoch 329	LOSS: 98.53	MAE: 201.10	RMSE: 254.17
Epoch 330	LOSS: 98.46	MAE: 201.08	RMSE: 254.16
Epoch 331	LOSS: 98.72	MAE: 201.03	RMSE: 254.14
Epoch 332	LOSS: 99.38	MAE: 201.09	RMSE: 254.15
Epoch 333	LOSS: 98.53	MAE: 201.34	RMSE: 254.21
Epoch 334	LOSS: 99.92	MAE: 201.39	RMSE: 254.22
Epoch 335	LOSS: 98.27	MAE: 201.02	RMSE: 254.13
Epoch 336	LOSS: 98.86	MAE: 201.02	RMSE: 254.13
Epoch 337	LOSS: 97.55	MAE: 200.96	RMSE: 254.11
Epoch 338	LOSS: 98.05	MAE: 201.07	RMSE: 254.15
Epoch 339	LOSS: 96.81	MAE: 201.13	RMSE: 254.16
Epoch 340	LOSS: 98.11	MAE: 201.04	RMSE: 254.13
Epoch 341	LOSS: 96.59	MAE: 200.99	RMSE: 254.11
Epoch 342	LOSS: 96.94	MAE: 200.87	RMSE: 254.08
Epoch 343	LOSS: 97.07	MAE: 200.87	RMSE: 254.08
Epoch 344	LOSS: 96.06	MAE: 201.10	RMSE: 254.14
Epoch 345	LOSS: 97.32	MAE: 201.07	RMSE: 254.12
Epoch 346	LOSS: 96.73	MAE: 200.80	RMSE: 254.05
Epoch 347	LOSS: 95.88	MAE: 200.77	RMSE: 254.05
Epoch 348	LOSS: 97.45	MAE: 200.87	RMSE: 254.07
Epoch 349	LOSS: 97.28	MAE: 200.82	RMSE: 254.06
Epoch 350	LOSS: 97.29	MAE: 200.96	RMSE: 254.09
Epoch 351	LOSS: 95.34	MAE: 200.82	RMSE: 254.05
Epoch 352	LOSS: 96.73	MAE: 200.90	RMSE: 254.07
Epoch 353	LOSS: 95.86	MAE: 200.78	RMSE: 254.04
Epoch 354	LOSS: 97.54	MAE: 200.80	RMSE: 254.04
Epoch 355	LOSS: 96.53	MAE: 200.86	RMSE: 254.05
Epoch 356	LOSS: 95.79	MAE: 200.79	RMSE: 254.04
Epoch 357	LOSS: 94.91	MAE: 200.58	RMSE: 253.98
Epoch 358	LOSS: 96.34	MAE: 200.78	RMSE: 254.03
Epoch 359	LOSS: 95.88	MAE: 200.75	RMSE: 254.02
Epoch 360	LOSS: 94.76	MAE: 200.66	RMSE: 254.00
Epoch 361	LOSS: 95.36	MAE: 200.75	RMSE: 254.02
Epoch 362	LOSS: 96.43	MAE: 200.82	RMSE: 254.03
Epoch 363	LOSS: 95.15	MAE: 200.66	RMSE: 253.99
Epoch 364	LOSS: 94.32	MAE: 200.61	RMSE: 253.98
Epoch 365	LOSS: 93.52	MAE: 200.51	RMSE: 253.95
Epoch 366	LOSS: 93.73	MAE: 200.48	RMSE: 253.94
Epoch 367	LOSS: 94.14	MAE: 200.60	RMSE: 253.98
Epoch 368	LOSS: 94.52	MAE: 200.90	RMSE: 254.05
Epoch 369	LOSS: 95.94	MAE: 200.85	RMSE: 254.04
Epoch 370	LOSS: 94.39	MAE: 200.60	RMSE: 253.97
Epoch 371	LOSS: 94.11	MAE: 200.34	RMSE: 253.91
Epoch 372	LOSS: 93.77	MAE: 200.45	RMSE: 253.93
Epoch 373	LOSS: 93.07	MAE: 200.45	RMSE: 253.93
Epoch 374	LOSS: 93.06	MAE: 200.60	RMSE: 253.96
Epoch 375	LOSS: 93.32	MAE: 200.45	RMSE: 253.93
Epoch 376	LOSS: 94.16	MAE: 200.60	RMSE: 254.00
Epoch 377	LOSS: 93.84	MAE: 200.41	RMSE: 253.95
Epoch 378	LOSS: 92.43	MAE: 200.34	RMSE: 253.90
Epoch 379	LOSS: 91.76	MAE: 200.44	RMSE: 253.92
Epoch 380	LOSS: 93.00	MAE: 200.29	RMSE: 253.88
Epoch 381	LOSS: 92.12	MAE: 200.19	RMSE: 253.86
Epoch 382	LOSS: 92.74	MAE: 200.25	RMSE: 253.86
Epoch 383	LOSS: 92.22	MAE: 200.31	RMSE: 253.88
Epoch 384	LOSS: 92.62	MAE: 200.34	RMSE: 253.90
Epoch 385	LOSS: 91.43	MAE: 200.30	RMSE: 253.90
Epoch 386	LOSS: 91.16	MAE: 200.13	RMSE: 253.85
Epoch 387	LOSS: 91.61	MAE: 200.27	RMSE: 253.87
Epoch 388	LOSS: 91.31	MAE: 200.26	RMSE: 253.88
Epoch 389	LOSS: 91.71	MAE: 200.23	RMSE: 253.87
Epoch 390	LOSS: 91.26	MAE: 200.23	RMSE: 253.86
Epoch 391	LOSS: 92.28	MAE: 200.25	RMSE: 253.86
Epoch 392	LOSS: 90.88	MAE: 200.16	RMSE: 253.84
Epoch 393	LOSS: 91.22	MAE: 200.08	RMSE: 253.83
Epoch 394	LOSS: 91.10	MAE: 200.08	RMSE: 253.82
Epoch 395	LOSS: 90.78	MAE: 199.99	RMSE: 253.79
Epoch 396	LOSS: 90.49	MAE: 200.08	RMSE: 253.82
Epoch 397	LOSS: 89.80	MAE: 200.06	RMSE: 253.82
Epoch 398	LOSS: 90.15	MAE: 199.97	RMSE: 253.80
Epoch 399	LOSS: 89.37	MAE: 199.93	RMSE: 253.78
Epoch 400	LOSS: 89.67	MAE: 199.91	RMSE: 253.78
Epoch 401	LOSS: 89.76	MAE: 199.97	RMSE: 253.79
Epoch 402	LOSS: 90.25	MAE: 199.89	RMSE: 253.77
Epoch 403	LOSS: 89.23	MAE: 199.74	RMSE: 253.74
Epoch 404	LOSS: 89.56	MAE: 199.85	RMSE: 253.77
Epoch 405	LOSS: 89.15	MAE: 199.87	RMSE: 253.77
Epoch 406	LOSS: 89.04	MAE: 199.79	RMSE: 253.74
Epoch 407	LOSS: 88.65	MAE: 199.88	RMSE: 253.76
Epoch 408	LOSS: 88.19	MAE: 199.98	RMSE: 253.79
Epoch 409	LOSS: 88.31	MAE: 199.83	RMSE: 253.76
Epoch 410	LOSS: 88.86	MAE: 199.77	RMSE: 253.74
Epoch 411	LOSS: 88.19	MAE: 199.80	RMSE: 253.74
Epoch 412	LOSS: 88.87	MAE: 199.73	RMSE: 253.73
Epoch 413	LOSS: 88.31	MAE: 199.70	RMSE: 253.71
Epoch 414	LOSS: 88.80	MAE: 199.94	RMSE: 253.77
Epoch 415	LOSS: 88.60	MAE: 199.96	RMSE: 253.78
Epoch 416	LOSS: 87.90	MAE: 199.76	RMSE: 253.74
Epoch 417	LOSS: 88.70	MAE: 199.70	RMSE: 253.71
Epoch 418	LOSS: 88.29	MAE: 199.77	RMSE: 253.72
Epoch 419	LOSS: 87.41	MAE: 199.70	RMSE: 253.71
Epoch 420	LOSS: 88.22	MAE: 199.61	RMSE: 253.69
Epoch 421	LOSS: 87.99	MAE: 199.72	RMSE: 253.72
Epoch 422	LOSS: 87.37	MAE: 199.71	RMSE: 253.72
Epoch 423	LOSS: 87.58	MAE: 199.56	RMSE: 253.70
Epoch 424	LOSS: 87.28	MAE: 199.52	RMSE: 253.69
Epoch 425	LOSS: 87.02	MAE: 199.65	RMSE: 253.69
Epoch 426	LOSS: 89.56	MAE: 199.84	RMSE: 253.73
Epoch 427	LOSS: 87.15	MAE: 199.65	RMSE: 253.68
Epoch 428	LOSS: 87.82	MAE: 199.74	RMSE: 253.72
Epoch 429	LOSS: 90.03	MAE: 200.05	RMSE: 253.81
Epoch 430	LOSS: 86.77	MAE: 199.76	RMSE: 253.72
Epoch 431	LOSS: 86.76	MAE: 199.58	RMSE: 253.67
Epoch 432	LOSS: 88.85	MAE: 199.77	RMSE: 253.71
Epoch 433	LOSS: 88.41	MAE: 199.58	RMSE: 253.67
Epoch 434	LOSS: 86.48	MAE: 199.51	RMSE: 253.67
Epoch 435	LOSS: 86.49	MAE: 199.54	RMSE: 253.67
Epoch 436	LOSS: 87.40	MAE: 199.60	RMSE: 253.67
Epoch 437	LOSS: 87.82	MAE: 199.75	RMSE: 253.71
Epoch 438	LOSS: 86.42	MAE: 199.57	RMSE: 253.68
Epoch 439	LOSS: 86.52	MAE: 199.53	RMSE: 253.69
Epoch 440	LOSS: 87.71	MAE: 199.60	RMSE: 253.71
Epoch 441	LOSS: 87.58	MAE: 199.67	RMSE: 253.71
Epoch 442	LOSS: 86.68	MAE: 199.39	RMSE: 253.65
Epoch 443	LOSS: 87.07	MAE: 199.42	RMSE: 253.65
Epoch 444	LOSS: 85.17	MAE: 199.45	RMSE: 253.65
Epoch 445	LOSS: 85.69	MAE: 199.48	RMSE: 253.65
Epoch 446	LOSS: 85.63	MAE: 199.32	RMSE: 253.62
Epoch 447	LOSS: 85.69	MAE: 199.22	RMSE: 253.60
Epoch 448	LOSS: 85.94	MAE: 199.28	RMSE: 253.62
Epoch 449	LOSS: 86.20	MAE: 199.48	RMSE: 253.66
Epoch 450	LOSS: 85.90	MAE: 199.36	RMSE: 253.63
Epoch 451	LOSS: 85.07	MAE: 199.19	RMSE: 253.58
Epoch 452	LOSS: 85.43	MAE: 199.20	RMSE: 253.58
Epoch 453	LOSS: 86.37	MAE: 199.36	RMSE: 253.61
Epoch 454	LOSS: 84.82	MAE: 199.29	RMSE: 253.59
Epoch 455	LOSS: 85.66	MAE: 199.12	RMSE: 253.57
Epoch 456	LOSS: 85.36	MAE: 199.21	RMSE: 253.61
Epoch 457	LOSS: 85.23	MAE: 199.32	RMSE: 253.62
Epoch 458	LOSS: 84.76	MAE: 199.29	RMSE: 253.60
Epoch 459	LOSS: 84.46	MAE: 199.15	RMSE: 253.57
Epoch 460	LOSS: 84.88	MAE: 199.15	RMSE: 253.58
Epoch 461	LOSS: 86.19	MAE: 199.32	RMSE: 253.62
Epoch 462	LOSS: 86.60	MAE: 199.39	RMSE: 253.64
Epoch 463	LOSS: 84.05	MAE: 199.22	RMSE: 253.61
Epoch 464	LOSS: 84.31	MAE: 199.10	RMSE: 253.58
Epoch 465	LOSS: 84.66	MAE: 199.01	RMSE: 253.53
Epoch 466	LOSS: 85.78	MAE: 199.18	RMSE: 253.55
Epoch 467	LOSS: 85.03	MAE: 199.34	RMSE: 253.60
Epoch 468	LOSS: 84.70	MAE: 199.25	RMSE: 253.60
Epoch 469	LOSS: 85.01	MAE: 199.21	RMSE: 253.62
Epoch 470	LOSS: 84.79	MAE: 198.93	RMSE: 253.53
Epoch 471	LOSS: 83.71	MAE: 198.99	RMSE: 253.51
Epoch 472	LOSS: 84.61	MAE: 199.12	RMSE: 253.54
Epoch 473	LOSS: 83.56	MAE: 199.08	RMSE: 253.54
Epoch 474	LOSS: 85.15	MAE: 198.97	RMSE: 253.52
Epoch 475	LOSS: 84.19	MAE: 199.05	RMSE: 253.56
Epoch 476	LOSS: 83.47	MAE: 199.20	RMSE: 253.60
Epoch 477	LOSS: 84.11	MAE: 199.14	RMSE: 253.58
Epoch 478	LOSS: 84.82	MAE: 198.99	RMSE: 253.54
Epoch 479	LOSS: 85.96	MAE: 199.02	RMSE: 253.55
Epoch 480	LOSS: 84.79	MAE: 198.99	RMSE: 253.53
Epoch 481	LOSS: 83.79	MAE: 199.09	RMSE: 253.56
Epoch 482	LOSS: 83.79	MAE: 199.10	RMSE: 253.58
Epoch 483	LOSS: 83.57	MAE: 198.97	RMSE: 253.55
Epoch 484	LOSS: 83.30	MAE: 199.05	RMSE: 253.55
Epoch 485	LOSS: 83.12	MAE: 199.07	RMSE: 253.56
Epoch 486	LOSS: 83.67	MAE: 199.12	RMSE: 253.58
Epoch 487	LOSS: 83.66	MAE: 199.03	RMSE: 253.58
Epoch 488	LOSS: 82.35	MAE: 198.90	RMSE: 253.53
Epoch 489	LOSS: 82.65	MAE: 199.00	RMSE: 253.53
Epoch 490	LOSS: 84.40	MAE: 198.88	RMSE: 253.50
Epoch 491	LOSS: 84.08	MAE: 198.88	RMSE: 253.49
Epoch 492	LOSS: 83.34	MAE: 198.93	RMSE: 253.51
Epoch 493	LOSS: 82.20	MAE: 198.85	RMSE: 253.50
Epoch 494	LOSS: 83.91	MAE: 198.85	RMSE: 253.51
Epoch 495	LOSS: 82.96	MAE: 199.03	RMSE: 253.55
Epoch 496	LOSS: 85.24	MAE: 199.15	RMSE: 253.59
Epoch 497	LOSS: 84.07	MAE: 198.94	RMSE: 253.55
Epoch 498	LOSS: 83.49	MAE: 198.80	RMSE: 253.53
Epoch 499	LOSS: 84.86	MAE: 198.80	RMSE: 253.50
