Epoch 000	LOSS: 220.19	MAE: 253.77	RMSE: 296.84
Epoch 001	LOSS: 218.34	MAE: 252.81	RMSE: 296.02
Epoch 002	LOSS: 219.34	MAE: 251.78	RMSE: 295.13
Epoch 003	LOSS: 219.89	MAE: 250.68	RMSE: 294.19
Epoch 004	LOSS: 218.34	MAE: 249.51	RMSE: 293.17
Epoch 005	LOSS: 216.03	MAE: 248.27	RMSE: 292.10
Epoch 006	LOSS: 213.50	MAE: 246.98	RMSE: 290.99
Epoch 007	LOSS: 215.01	MAE: 245.64	RMSE: 289.82
Epoch 008	LOSS: 211.53	MAE: 244.27	RMSE: 288.62
Epoch 009	LOSS: 210.13	MAE: 242.85	RMSE: 287.38
Epoch 010	LOSS: 210.15	MAE: 241.39	RMSE: 286.11
Epoch 011	LOSS: 207.43	MAE: 239.94	RMSE: 284.83
Epoch 012	LOSS: 207.81	MAE: 238.46	RMSE: 283.53
Epoch 013	LOSS: 200.71	MAE: 236.93	RMSE: 282.18
Epoch 014	LOSS: 205.94	MAE: 235.40	RMSE: 280.83
Epoch 015	LOSS: 202.82	MAE: 233.81	RMSE: 279.42
Epoch 016	LOSS: 203.31	MAE: 232.24	RMSE: 278.02
Epoch 017	LOSS: 202.62	MAE: 230.66	RMSE: 276.62
Epoch 018	LOSS: 194.01	MAE: 229.04	RMSE: 275.16
Epoch 019	LOSS: 193.84	MAE: 227.38	RMSE: 273.67
Epoch 020	LOSS: 191.76	MAE: 225.73	RMSE: 272.18
Epoch 021	LOSS: 193.98	MAE: 224.11	RMSE: 270.71
Epoch 022	LOSS: 194.07	MAE: 222.48	RMSE: 269.24
Epoch 023	LOSS: 193.56	MAE: 220.86	RMSE: 267.76
Epoch 024	LOSS: 187.26	MAE: 219.25	RMSE: 266.29
Epoch 025	LOSS: 185.12	MAE: 217.56	RMSE: 264.74
Epoch 026	LOSS: 184.46	MAE: 215.87	RMSE: 263.18
Epoch 027	LOSS: 186.23	MAE: 214.19	RMSE: 261.62
Epoch 028	LOSS: 183.42	MAE: 212.56	RMSE: 260.10
Epoch 029	LOSS: 178.74	MAE: 210.96	RMSE: 258.61
Epoch 030	LOSS: 175.11	MAE: 209.39	RMSE: 257.13
Epoch 031	LOSS: 178.21	MAE: 207.83	RMSE: 255.66
Epoch 032	LOSS: 177.98	MAE: 206.27	RMSE: 254.17
Epoch 033	LOSS: 180.66	MAE: 204.68	RMSE: 252.66
Epoch 034	LOSS: 172.99	MAE: 203.09	RMSE: 251.14
Epoch 035	LOSS: 175.04	MAE: 201.52	RMSE: 249.62
Epoch 036	LOSS: 166.44	MAE: 199.95	RMSE: 248.10
Epoch 037	LOSS: 171.26	MAE: 198.36	RMSE: 246.56
Epoch 038	LOSS: 168.07	MAE: 196.80	RMSE: 245.03
Epoch 039	LOSS: 168.46	MAE: 195.26	RMSE: 243.52
Epoch 040	LOSS: 163.36	MAE: 193.74	RMSE: 242.02
Epoch 041	LOSS: 166.03	MAE: 192.21	RMSE: 240.50
Epoch 042	LOSS: 159.93	MAE: 190.69	RMSE: 238.98
Epoch 043	LOSS: 158.61	MAE: 189.19	RMSE: 237.47
Epoch 044	LOSS: 161.42	MAE: 187.71	RMSE: 235.97
Epoch 045	LOSS: 158.63	MAE: 186.25	RMSE: 234.48
Epoch 046	LOSS: 157.84	MAE: 184.80	RMSE: 233.00
Epoch 047	LOSS: 158.31	MAE: 183.39	RMSE: 231.54
Epoch 048	LOSS: 155.51	MAE: 182.00	RMSE: 230.10
Epoch 049	LOSS: 153.58	MAE: 180.62	RMSE: 228.66
Epoch 050	LOSS: 151.40	MAE: 179.27	RMSE: 227.24
Epoch 051	LOSS: 151.02	MAE: 177.93	RMSE: 225.81
Epoch 052	LOSS: 151.12	MAE: 176.59	RMSE: 224.39
Epoch 053	LOSS: 149.83	MAE: 175.30	RMSE: 223.01
Epoch 054	LOSS: 147.24	MAE: 174.01	RMSE: 221.62
Epoch 055	LOSS: 144.72	MAE: 172.70	RMSE: 220.20
Epoch 056	LOSS: 146.73	MAE: 171.44	RMSE: 218.82
Epoch 057	LOSS: 145.87	MAE: 170.22	RMSE: 217.48
Epoch 058	LOSS: 145.12	MAE: 168.92	RMSE: 216.04
Epoch 059	LOSS: 141.11	MAE: 167.71	RMSE: 214.69
Epoch 060	LOSS: 141.29	MAE: 166.54	RMSE: 213.38
Epoch 061	LOSS: 140.77	MAE: 165.38	RMSE: 212.07
Epoch 062	LOSS: 140.60	MAE: 164.24	RMSE: 210.79
Epoch 063	LOSS: 139.92	MAE: 163.15	RMSE: 209.54
Epoch 064	LOSS: 137.55	MAE: 162.07	RMSE: 208.32
Epoch 065	LOSS: 136.50	MAE: 161.07	RMSE: 207.19
Epoch 066	LOSS: 133.96	MAE: 160.16	RMSE: 206.17
Epoch 067	LOSS: 132.19	MAE: 159.08	RMSE: 204.93
Epoch 068	LOSS: 132.71	MAE: 158.13	RMSE: 203.87
Epoch 069	LOSS: 131.83	MAE: 157.13	RMSE: 202.75
Epoch 070	LOSS: 130.89	MAE: 156.18	RMSE: 201.76
Epoch 071	LOSS: 131.55	MAE: 155.05	RMSE: 200.46
Epoch 072	LOSS: 128.20	MAE: 154.20	RMSE: 199.57
Epoch 073	LOSS: 126.24	MAE: 153.02	RMSE: 198.23
Epoch 074	LOSS: 129.15	MAE: 151.92	RMSE: 197.01
Epoch 075	LOSS: 127.45	MAE: 151.00	RMSE: 196.00
Epoch 076	LOSS: 123.80	MAE: 150.49	RMSE: 195.60
Epoch 077	LOSS: 123.25	MAE: 149.85	RMSE: 194.97
Epoch 078	LOSS: 123.42	MAE: 148.09	RMSE: 193.01
Epoch 079	LOSS: 121.71	MAE: 146.64	RMSE: 191.37
Epoch 080	LOSS: 120.21	MAE: 145.74	RMSE: 190.30
Epoch 081	LOSS: 120.17	MAE: 144.91	RMSE: 189.40
Epoch 082	LOSS: 117.18	MAE: 144.22	RMSE: 188.63
Epoch 083	LOSS: 116.68	MAE: 143.39	RMSE: 187.90
Epoch 084	LOSS: 114.92	MAE: 142.93	RMSE: 187.30
Epoch 085	LOSS: 115.54	MAE: 142.25	RMSE: 186.81
Epoch 086	LOSS: 114.43	MAE: 141.78	RMSE: 186.44
Epoch 087	LOSS: 113.49	MAE: 141.38	RMSE: 186.10
Epoch 088	LOSS: 111.11	MAE: 141.30	RMSE: 186.41
Epoch 089	LOSS: 111.03	MAE: 141.14	RMSE: 186.47
Epoch 090	LOSS: 111.26	MAE: 141.19	RMSE: 186.65
Epoch 091	LOSS: 111.45	MAE: 138.94	RMSE: 183.55
Epoch 092	LOSS: 109.89	MAE: 138.22	RMSE: 182.21
Epoch 093	LOSS: 108.90	MAE: 138.44	RMSE: 182.01
Epoch 094	LOSS: 105.30	MAE: 138.46	RMSE: 181.62
Epoch 095	LOSS: 107.39	MAE: 138.46	RMSE: 181.25
Epoch 096	LOSS: 108.09	MAE: 138.00	RMSE: 180.74
Epoch 097	LOSS: 106.96	MAE: 137.78	RMSE: 180.40
Epoch 098	LOSS: 105.17	MAE: 137.22	RMSE: 179.94
Epoch 099	LOSS: 105.21	MAE: 136.81	RMSE: 179.52
Epoch 100	LOSS: 103.83	MAE: 136.35	RMSE: 179.17
Epoch 101	LOSS: 104.61	MAE: 135.98	RMSE: 178.78
Epoch 102	LOSS: 103.69	MAE: 135.64	RMSE: 178.69
Epoch 103	LOSS: 105.46	MAE: 135.25	RMSE: 178.36
Epoch 104	LOSS: 103.02	MAE: 134.99	RMSE: 178.06
Epoch 105	LOSS: 104.13	MAE: 134.72	RMSE: 177.87
Epoch 106	LOSS: 102.03	MAE: 134.58	RMSE: 177.89
Epoch 107	LOSS: 103.88	MAE: 134.37	RMSE: 177.72
Epoch 108	LOSS: 102.29	MAE: 134.22	RMSE: 177.44
Epoch 109	LOSS: 100.95	MAE: 134.08	RMSE: 177.48
Epoch 110	LOSS: 101.19	MAE: 133.85	RMSE: 177.31
Epoch 111	LOSS: 101.85	MAE: 133.54	RMSE: 176.73
Epoch 112	LOSS: 100.62	MAE: 133.30	RMSE: 176.35
Epoch 113	LOSS: 102.16	MAE: 133.14	RMSE: 176.29
Epoch 114	LOSS: 100.45	MAE: 133.00	RMSE: 176.36
Epoch 115	LOSS: 101.01	MAE: 132.80	RMSE: 175.90
Epoch 116	LOSS: 98.84	MAE: 132.64	RMSE: 175.73
Epoch 117	LOSS: 100.54	MAE: 132.44	RMSE: 175.70
Epoch 118	LOSS: 99.10	MAE: 132.20	RMSE: 175.52
Epoch 119	LOSS: 101.37	MAE: 131.97	RMSE: 175.27
Epoch 120	LOSS: 98.63	MAE: 131.74	RMSE: 174.90
Epoch 121	LOSS: 99.42	MAE: 131.56	RMSE: 174.96
Epoch 122	LOSS: 97.71	MAE: 131.43	RMSE: 174.99
Epoch 123	LOSS: 98.94	MAE: 130.94	RMSE: 173.99
Epoch 124	LOSS: 97.44	MAE: 130.76	RMSE: 173.20
Epoch 125	LOSS: 99.90	MAE: 130.54	RMSE: 172.91
Epoch 126	LOSS: 99.28	MAE: 130.34	RMSE: 172.90
Epoch 127	LOSS: 97.10	MAE: 130.15	RMSE: 172.72
Epoch 128	LOSS: 97.30	MAE: 130.19	RMSE: 172.70
Epoch 129	LOSS: 96.25	MAE: 130.07	RMSE: 172.93
Epoch 130	LOSS: 98.92	MAE: 129.53	RMSE: 172.48
Epoch 131	LOSS: 95.89	MAE: 129.24	RMSE: 172.00
Epoch 132	LOSS: 97.03	MAE: 128.99	RMSE: 171.93
Epoch 133	LOSS: 98.95	MAE: 128.58	RMSE: 171.25
Epoch 134	LOSS: 95.85	MAE: 128.29	RMSE: 170.46
Epoch 135	LOSS: 95.53	MAE: 127.91	RMSE: 170.20
Epoch 136	LOSS: 94.95	MAE: 127.72	RMSE: 170.06
Epoch 137	LOSS: 92.67	MAE: 127.43	RMSE: 169.66
Epoch 138	LOSS: 94.00	MAE: 127.16	RMSE: 169.28
Epoch 139	LOSS: 94.24	MAE: 126.99	RMSE: 169.49
Epoch 140	LOSS: 94.23	MAE: 127.02	RMSE: 169.83
Epoch 141	LOSS: 95.76	MAE: 127.66	RMSE: 171.16
Epoch 142	LOSS: 94.39	MAE: 126.82	RMSE: 170.06
Epoch 143	LOSS: 95.08	MAE: 126.25	RMSE: 169.07
Epoch 144	LOSS: 92.49	MAE: 126.17	RMSE: 169.18
Epoch 145	LOSS: 93.35	MAE: 126.31	RMSE: 169.46
Epoch 146	LOSS: 93.30	MAE: 125.56	RMSE: 168.35
Epoch 147	LOSS: 91.27	MAE: 125.11	RMSE: 167.87
Epoch 148	LOSS: 92.76	MAE: 124.42	RMSE: 166.76
Epoch 149	LOSS: 91.48	MAE: 124.47	RMSE: 166.17
Epoch 150	LOSS: 92.28	MAE: 124.48	RMSE: 165.80
Epoch 151	LOSS: 91.39	MAE: 124.21	RMSE: 165.55
Epoch 152	LOSS: 91.83	MAE: 123.51	RMSE: 165.19
Epoch 153	LOSS: 90.20	MAE: 122.98	RMSE: 165.21
Epoch 154	LOSS: 89.89	MAE: 122.89	RMSE: 165.46
Epoch 155	LOSS: 89.58	MAE: 122.81	RMSE: 165.36
Epoch 156	LOSS: 90.13	MAE: 122.51	RMSE: 165.10
Epoch 157	LOSS: 90.64	MAE: 122.36	RMSE: 164.98
Epoch 158	LOSS: 91.10	MAE: 122.98	RMSE: 165.87
Epoch 159	LOSS: 90.11	MAE: 121.36	RMSE: 163.63
Epoch 160	LOSS: 90.43	MAE: 121.48	RMSE: 163.41
Epoch 161	LOSS: 89.32	MAE: 121.49	RMSE: 163.51
Epoch 162	LOSS: 89.01	MAE: 121.48	RMSE: 163.65
Epoch 163	LOSS: 90.66	MAE: 121.53	RMSE: 164.07
Epoch 164	LOSS: 89.41	MAE: 120.96	RMSE: 163.41
Epoch 165	LOSS: 89.03	MAE: 121.14	RMSE: 163.65
Epoch 166	LOSS: 88.26	MAE: 121.61	RMSE: 164.23
Epoch 167	LOSS: 86.69	MAE: 120.11	RMSE: 162.41
Epoch 168	LOSS: 87.00	MAE: 119.62	RMSE: 161.56
Epoch 169	LOSS: 86.66	MAE: 119.41	RMSE: 161.07
Epoch 170	LOSS: 88.21	MAE: 119.14	RMSE: 160.84
Epoch 171	LOSS: 86.89	MAE: 119.59	RMSE: 161.56
Epoch 172	LOSS: 87.11	MAE: 119.60	RMSE: 161.58
Epoch 173	LOSS: 87.46	MAE: 119.33	RMSE: 161.15
Epoch 174	LOSS: 86.75	MAE: 120.15	RMSE: 162.05
Epoch 175	LOSS: 84.75	MAE: 118.34	RMSE: 159.94
Epoch 176	LOSS: 85.32	MAE: 118.20	RMSE: 159.83
Epoch 177	LOSS: 86.44	MAE: 118.11	RMSE: 159.72
Epoch 178	LOSS: 89.19	MAE: 117.57	RMSE: 159.09
Epoch 179	LOSS: 85.88	MAE: 117.55	RMSE: 159.17
Epoch 180	LOSS: 87.38	MAE: 117.72	RMSE: 159.35
Epoch 181	LOSS: 84.11	MAE: 116.66	RMSE: 158.18
Epoch 182	LOSS: 84.70	MAE: 116.66	RMSE: 158.21
Epoch 183	LOSS: 84.81	MAE: 116.23	RMSE: 157.78
Epoch 184	LOSS: 84.03	MAE: 116.57	RMSE: 158.20
Epoch 185	LOSS: 84.84	MAE: 118.55	RMSE: 160.37
Epoch 186	LOSS: 83.40	MAE: 117.59	RMSE: 159.18
Epoch 187	LOSS: 82.84	MAE: 116.35	RMSE: 157.80
Epoch 188	LOSS: 83.86	MAE: 115.47	RMSE: 156.54
Epoch 189	LOSS: 83.31	MAE: 116.79	RMSE: 157.10
Epoch 190	LOSS: 81.61	MAE: 116.96	RMSE: 157.13
Epoch 191	LOSS: 87.95	MAE: 117.05	RMSE: 157.65
Epoch 192	LOSS: 89.52	MAE: 120.51	RMSE: 161.04
Epoch 193	LOSS: 84.88	MAE: 121.87	RMSE: 162.96
Epoch 194	LOSS: 83.13	MAE: 120.78	RMSE: 161.88
Epoch 195	LOSS: 85.12	MAE: 120.77	RMSE: 161.85
Epoch 196	LOSS: 82.82	MAE: 119.47	RMSE: 160.38
Epoch 197	LOSS: 82.43	MAE: 116.96	RMSE: 157.40
Epoch 198	LOSS: 82.42	MAE: 115.12	RMSE: 155.64
Epoch 199	LOSS: 84.41	MAE: 114.79	RMSE: 155.50
Epoch 200	LOSS: 82.37	MAE: 114.33	RMSE: 154.89
Epoch 201	LOSS: 83.73	MAE: 113.78	RMSE: 154.22
Epoch 202	LOSS: 83.13	MAE: 113.98	RMSE: 154.43
Epoch 203	LOSS: 83.26	MAE: 116.89	RMSE: 157.81
Epoch 204	LOSS: 81.97	MAE: 115.76	RMSE: 156.57
Epoch 205	LOSS: 79.61	MAE: 113.73	RMSE: 154.30
Epoch 206	LOSS: 81.15	MAE: 112.89	RMSE: 153.36
Epoch 207	LOSS: 82.37	MAE: 112.99	RMSE: 153.42
Epoch 208	LOSS: 79.11	MAE: 113.23	RMSE: 153.60
Epoch 209	LOSS: 79.60	MAE: 114.59	RMSE: 154.91
Epoch 210	LOSS: 78.42	MAE: 113.59	RMSE: 153.83
Epoch 211	LOSS: 80.41	MAE: 111.85	RMSE: 152.07
Epoch 212	LOSS: 78.94	MAE: 111.73	RMSE: 151.90
Epoch 213	LOSS: 81.18	MAE: 111.40	RMSE: 151.41
Epoch 214	LOSS: 78.10	MAE: 112.37	RMSE: 152.35
Epoch 215	LOSS: 80.00	MAE: 114.29	RMSE: 153.93
Epoch 216	LOSS: 79.52	MAE: 113.27	RMSE: 152.91
Epoch 217	LOSS: 78.13	MAE: 112.35	RMSE: 151.93
Epoch 218	LOSS: 77.30	MAE: 112.92	RMSE: 152.54
Epoch 219	LOSS: 78.67	MAE: 114.75	RMSE: 154.36
Epoch 220	LOSS: 77.73	MAE: 113.78	RMSE: 153.56
Epoch 221	LOSS: 77.92	MAE: 111.60	RMSE: 151.23
Epoch 222	LOSS: 76.83	MAE: 111.67	RMSE: 151.12
Epoch 223	LOSS: 77.40	MAE: 111.73	RMSE: 151.16
Epoch 224	LOSS: 76.72	MAE: 110.46	RMSE: 149.88
Epoch 225	LOSS: 77.82	MAE: 110.79	RMSE: 150.15
Epoch 226	LOSS: 76.81	MAE: 110.18	RMSE: 149.55
Epoch 227	LOSS: 77.70	MAE: 110.10	RMSE: 149.48
Epoch 228	LOSS: 76.64	MAE: 110.69	RMSE: 150.09
Epoch 229	LOSS: 77.38	MAE: 109.86	RMSE: 149.23
Epoch 230	LOSS: 75.88	MAE: 109.53	RMSE: 148.83
Epoch 231	LOSS: 77.13	MAE: 109.03	RMSE: 148.19
Epoch 232	LOSS: 75.05	MAE: 109.47	RMSE: 148.77
Epoch 233	LOSS: 77.69	MAE: 110.69	RMSE: 150.14
Epoch 234	LOSS: 74.23	MAE: 109.98	RMSE: 149.25
Epoch 235	LOSS: 74.99	MAE: 109.87	RMSE: 148.90
Epoch 236	LOSS: 74.32	MAE: 110.76	RMSE: 149.45
Epoch 237	LOSS: 76.49	MAE: 109.42	RMSE: 148.10
Epoch 238	LOSS: 75.38	MAE: 109.38	RMSE: 148.04
Epoch 239	LOSS: 76.12	MAE: 110.06	RMSE: 148.54
Epoch 240	LOSS: 76.28	MAE: 109.09	RMSE: 147.82
Epoch 241	LOSS: 75.49	MAE: 108.84	RMSE: 147.46
Epoch 242	LOSS: 76.25	MAE: 109.21	RMSE: 147.49
Epoch 243	LOSS: 74.21	MAE: 108.28	RMSE: 146.65
Epoch 244	LOSS: 74.38	MAE: 108.28	RMSE: 146.58
Epoch 245	LOSS: 75.40	MAE: 109.43	RMSE: 147.51
Epoch 246	LOSS: 74.62	MAE: 108.42	RMSE: 146.69
Epoch 247	LOSS: 75.47	MAE: 108.82	RMSE: 147.03
Epoch 248	LOSS: 73.79	MAE: 110.31	RMSE: 148.29
Epoch 249	LOSS: 74.29	MAE: 106.87	RMSE: 145.53
Epoch 250	LOSS: 74.51	MAE: 106.89	RMSE: 145.53
Epoch 251	LOSS: 75.17	MAE: 106.53	RMSE: 145.32
Epoch 252	LOSS: 74.86	MAE: 106.36	RMSE: 145.05
Epoch 253	LOSS: 74.27	MAE: 106.20	RMSE: 144.81
Epoch 254	LOSS: 74.62	MAE: 107.98	RMSE: 146.06
Epoch 255	LOSS: 73.78	MAE: 108.30	RMSE: 146.34
Epoch 256	LOSS: 76.07	MAE: 106.65	RMSE: 145.14
Epoch 257	LOSS: 72.22	MAE: 106.83	RMSE: 145.56
Epoch 258	LOSS: 72.13	MAE: 106.71	RMSE: 145.35
Epoch 259	LOSS: 74.04	MAE: 108.24	RMSE: 146.84
Epoch 260	LOSS: 73.93	MAE: 109.47	RMSE: 147.60
Epoch 261	LOSS: 74.05	MAE: 106.28	RMSE: 144.60
Epoch 262	LOSS: 72.12	MAE: 105.59	RMSE: 144.03
Epoch 263	LOSS: 72.50	MAE: 105.78	RMSE: 144.22
Epoch 264	LOSS: 70.90	MAE: 106.41	RMSE: 144.53
Epoch 265	LOSS: 71.10	MAE: 108.27	RMSE: 145.84
Epoch 266	LOSS: 73.35	MAE: 109.35	RMSE: 146.74
Epoch 267	LOSS: 70.50	MAE: 111.05	RMSE: 148.40
Epoch 268	LOSS: 70.86	MAE: 109.63	RMSE: 146.95
Epoch 269	LOSS: 70.79	MAE: 106.44	RMSE: 144.20
Epoch 270	LOSS: 70.76	MAE: 104.97	RMSE: 142.86
Epoch 271	LOSS: 70.85	MAE: 104.36	RMSE: 142.29
Epoch 272	LOSS: 71.62	MAE: 104.43	RMSE: 142.26
Epoch 273	LOSS: 71.00	MAE: 104.67	RMSE: 142.23
Epoch 274	LOSS: 69.28	MAE: 105.82	RMSE: 142.94
Epoch 275	LOSS: 70.71	MAE: 104.00	RMSE: 141.55
Epoch 276	LOSS: 69.18	MAE: 103.49	RMSE: 141.04
Epoch 277	LOSS: 71.66	MAE: 104.44	RMSE: 142.03
Epoch 278	LOSS: 69.05	MAE: 105.02	RMSE: 142.75
Epoch 279	LOSS: 69.95	MAE: 104.91	RMSE: 142.58
Epoch 280	LOSS: 68.94	MAE: 105.63	RMSE: 143.20
Epoch 281	LOSS: 69.90	MAE: 106.46	RMSE: 143.85
Epoch 282	LOSS: 69.43	MAE: 105.15	RMSE: 142.45
Epoch 283	LOSS: 68.75	MAE: 103.10	RMSE: 140.23
Epoch 284	LOSS: 69.43	MAE: 103.51	RMSE: 140.44
Epoch 285	LOSS: 67.67	MAE: 103.23	RMSE: 140.27
Epoch 286	LOSS: 68.87	MAE: 105.72	RMSE: 142.71
Epoch 287	LOSS: 68.28	MAE: 107.23	RMSE: 144.21
Epoch 288	LOSS: 69.27	MAE: 108.97	RMSE: 145.93
Epoch 289	LOSS: 67.72	MAE: 111.33	RMSE: 148.10
Epoch 290	LOSS: 69.28	MAE: 110.64	RMSE: 147.07
Epoch 291	LOSS: 68.33	MAE: 110.97	RMSE: 147.27
Epoch 292	LOSS: 69.86	MAE: 111.02	RMSE: 146.98
Epoch 293	LOSS: 67.28	MAE: 105.33	RMSE: 141.31
Epoch 294	LOSS: 67.53	MAE: 103.40	RMSE: 139.97
Epoch 295	LOSS: 68.19	MAE: 103.05	RMSE: 139.63
Epoch 296	LOSS: 68.00	MAE: 102.27	RMSE: 138.85
Epoch 297	LOSS: 67.02	MAE: 101.88	RMSE: 138.33
Epoch 298	LOSS: 69.09	MAE: 104.60	RMSE: 140.52
Epoch 299	LOSS: 67.38	MAE: 103.55	RMSE: 139.66
Epoch 300	LOSS: 67.45	MAE: 102.57	RMSE: 138.78
Epoch 301	LOSS: 65.73	MAE: 101.86	RMSE: 138.20
Epoch 302	LOSS: 65.79	MAE: 101.39	RMSE: 137.59
Epoch 303	LOSS: 66.69	MAE: 102.05	RMSE: 138.41
Epoch 304	LOSS: 67.05	MAE: 101.58	RMSE: 137.73
Epoch 305	LOSS: 65.90	MAE: 102.04	RMSE: 137.93
Epoch 306	LOSS: 66.78	MAE: 103.50	RMSE: 139.33
Epoch 307	LOSS: 67.02	MAE: 106.02	RMSE: 141.65
Epoch 308	LOSS: 65.69	MAE: 100.99	RMSE: 136.85
Epoch 309	LOSS: 66.59	MAE: 101.56	RMSE: 137.22
Epoch 310	LOSS: 65.75	MAE: 102.70	RMSE: 138.01
Epoch 311	LOSS: 66.50	MAE: 102.74	RMSE: 138.04
Epoch 312	LOSS: 66.20	MAE: 102.10	RMSE: 137.90
Epoch 313	LOSS: 68.19	MAE: 103.22	RMSE: 138.73
Epoch 314	LOSS: 64.81	MAE: 102.63	RMSE: 138.08
Epoch 315	LOSS: 66.58	MAE: 102.81	RMSE: 138.06
Epoch 316	LOSS: 65.13	MAE: 104.38	RMSE: 139.83
Epoch 317	LOSS: 65.67	MAE: 105.95	RMSE: 141.38
Epoch 318	LOSS: 66.01	MAE: 105.29	RMSE: 140.56
Epoch 319	LOSS: 66.69	MAE: 106.30	RMSE: 141.57
Epoch 320	LOSS: 65.25	MAE: 108.37	RMSE: 143.76
Epoch 321	LOSS: 64.69	MAE: 108.43	RMSE: 143.93
Epoch 322	LOSS: 64.36	MAE: 106.76	RMSE: 142.22
Epoch 323	LOSS: 65.71	MAE: 106.04	RMSE: 141.46
Epoch 324	LOSS: 64.66	MAE: 102.84	RMSE: 138.35
Epoch 325	LOSS: 64.78	MAE: 100.19	RMSE: 136.01
Epoch 326	LOSS: 64.37	MAE: 100.75	RMSE: 136.75
Epoch 327	LOSS: 64.38	MAE: 101.37	RMSE: 137.53
Epoch 328	LOSS: 63.98	MAE: 102.43	RMSE: 138.77
Epoch 329	LOSS: 64.25	MAE: 102.20	RMSE: 138.32
Epoch 330	LOSS: 65.35	MAE: 101.44	RMSE: 136.98
Epoch 331	LOSS: 63.04	MAE: 101.01	RMSE: 136.52
Epoch 332	LOSS: 62.43	MAE: 101.74	RMSE: 137.05
Epoch 333	LOSS: 63.70	MAE: 102.99	RMSE: 138.32
Epoch 334	LOSS: 63.02	MAE: 104.30	RMSE: 139.62
Epoch 335	LOSS: 62.91	MAE: 101.87	RMSE: 137.22
Epoch 336	LOSS: 63.86	MAE: 101.72	RMSE: 137.14
Epoch 337	LOSS: 62.24	MAE: 101.17	RMSE: 136.84
Epoch 338	LOSS: 63.93	MAE: 101.59	RMSE: 136.87
Epoch 339	LOSS: 63.78	MAE: 102.02	RMSE: 137.93
Epoch 340	LOSS: 63.67	MAE: 103.58	RMSE: 139.89
Epoch 341	LOSS: 62.98	MAE: 103.79	RMSE: 140.18
Epoch 342	LOSS: 63.82	MAE: 102.90	RMSE: 139.03
Epoch 343	LOSS: 62.16	MAE: 104.75	RMSE: 140.99
Epoch 344	LOSS: 62.49	MAE: 103.45	RMSE: 139.36
Epoch 345	LOSS: 63.65	MAE: 100.87	RMSE: 136.41
Epoch 346	LOSS: 63.01	MAE: 100.87	RMSE: 136.56
Epoch 347	LOSS: 61.56	MAE: 100.90	RMSE: 136.61
Epoch 348	LOSS: 62.62	MAE: 100.58	RMSE: 136.23
Epoch 349	LOSS: 62.72	MAE: 103.40	RMSE: 138.46
Epoch 350	LOSS: 61.80	MAE: 103.71	RMSE: 138.49
Epoch 351	LOSS: 62.15	MAE: 103.07	RMSE: 137.66
Epoch 352	LOSS: 61.70	MAE: 104.37	RMSE: 138.86
Epoch 353	LOSS: 61.78	MAE: 104.45	RMSE: 138.91
Epoch 354	LOSS: 61.81	MAE: 100.98	RMSE: 135.66
Epoch 355	LOSS: 61.36	MAE: 102.05	RMSE: 136.57
Epoch 356	LOSS: 61.69	MAE: 102.07	RMSE: 136.54
Epoch 357	LOSS: 62.08	MAE: 101.30	RMSE: 135.82
Epoch 358	LOSS: 62.42	MAE: 103.58	RMSE: 137.83
Epoch 359	LOSS: 61.33	MAE: 104.62	RMSE: 138.83
Epoch 360	LOSS: 61.46	MAE: 102.71	RMSE: 137.08
Epoch 361	LOSS: 60.72	MAE: 103.06	RMSE: 137.38
Epoch 362	LOSS: 61.04	MAE: 101.97	RMSE: 136.43
Epoch 363	LOSS: 61.74	MAE: 100.32	RMSE: 134.82
Epoch 364	LOSS: 60.56	MAE: 102.55	RMSE: 136.93
Epoch 365	LOSS: 61.18	MAE: 103.27	RMSE: 137.63
Epoch 366	LOSS: 61.40	MAE: 101.39	RMSE: 135.85
Epoch 367	LOSS: 61.13	MAE: 102.64	RMSE: 136.95
Epoch 368	LOSS: 60.76	MAE: 101.79	RMSE: 136.20
Epoch 369	LOSS: 61.25	MAE: 101.39	RMSE: 136.01
Epoch 370	LOSS: 61.28	MAE: 103.47	RMSE: 137.94
Epoch 371	LOSS: 59.95	MAE: 103.44	RMSE: 138.12
Epoch 372	LOSS: 62.42	MAE: 102.86	RMSE: 137.68
Epoch 373	LOSS: 59.53	MAE: 106.14	RMSE: 140.86
Epoch 374	LOSS: 60.02	MAE: 107.08	RMSE: 141.88
Epoch 375	LOSS: 61.96	MAE: 105.13	RMSE: 140.01
Epoch 376	LOSS: 60.43	MAE: 105.62	RMSE: 140.50
Epoch 377	LOSS: 60.51	MAE: 105.01	RMSE: 139.93
Epoch 378	LOSS: 61.48	MAE: 103.42	RMSE: 138.37
Epoch 379	LOSS: 61.02	MAE: 104.71	RMSE: 139.46
Epoch 380	LOSS: 59.90	MAE: 104.09	RMSE: 138.79
Epoch 381	LOSS: 60.56	MAE: 102.93	RMSE: 137.64
Epoch 382	LOSS: 60.28	MAE: 107.11	RMSE: 141.79
Epoch 383	LOSS: 59.26	MAE: 108.35	RMSE: 143.03
Epoch 384	LOSS: 60.60	MAE: 99.36	RMSE: 134.10
Epoch 385	LOSS: 59.63	MAE: 98.05	RMSE: 132.78
Epoch 386	LOSS: 59.53	MAE: 97.74	RMSE: 132.33
Epoch 387	LOSS: 59.70	MAE: 100.33	RMSE: 134.36
Epoch 388	LOSS: 59.97	MAE: 104.95	RMSE: 139.28
Epoch 389	LOSS: 59.38	MAE: 106.00	RMSE: 140.69
Epoch 390	LOSS: 60.15	MAE: 103.38	RMSE: 137.46
Epoch 391	LOSS: 59.97	MAE: 104.27	RMSE: 138.24
Epoch 392	LOSS: 60.27	MAE: 101.57	RMSE: 135.69
Epoch 393	LOSS: 61.00	MAE: 98.67	RMSE: 132.55
Epoch 394	LOSS: 59.83	MAE: 100.10	RMSE: 133.54
Epoch 395	LOSS: 65.96	MAE: 98.74	RMSE: 132.98
Epoch 396	LOSS: 62.62	MAE: 99.59	RMSE: 133.73
Epoch 397	LOSS: 60.84	MAE: 99.26	RMSE: 133.41
Epoch 398	LOSS: 60.73	MAE: 100.48	RMSE: 134.37
Epoch 399	LOSS: 60.66	MAE: 106.14	RMSE: 140.60
Epoch 400	LOSS: 59.60	MAE: 109.38	RMSE: 144.42
Epoch 401	LOSS: 60.36	MAE: 106.39	RMSE: 140.70
Epoch 402	LOSS: 61.26	MAE: 105.03	RMSE: 138.81
Epoch 403	LOSS: 59.38	MAE: 106.35	RMSE: 140.34
Epoch 404	LOSS: 58.06	MAE: 103.79	RMSE: 137.52
Epoch 405	LOSS: 58.66	MAE: 100.64	RMSE: 134.49
Epoch 406	LOSS: 58.36	MAE: 102.45	RMSE: 136.56
Epoch 407	LOSS: 58.20	MAE: 103.79	RMSE: 138.20
Epoch 408	LOSS: 58.92	MAE: 105.42	RMSE: 140.09
Epoch 409	LOSS: 57.88	MAE: 101.52	RMSE: 136.38
Epoch 410	LOSS: 58.57	MAE: 102.35	RMSE: 137.34
Epoch 411	LOSS: 58.49	MAE: 101.55	RMSE: 136.66
Epoch 412	LOSS: 59.23	MAE: 99.33	RMSE: 134.07
Epoch 413	LOSS: 57.47	MAE: 99.54	RMSE: 134.38
Epoch 414	LOSS: 58.24	MAE: 100.42	RMSE: 135.16
Epoch 415	LOSS: 57.32	MAE: 100.90	RMSE: 135.48
Epoch 416	LOSS: 58.27	MAE: 100.33	RMSE: 134.68
Epoch 417	LOSS: 57.27	MAE: 100.18	RMSE: 134.41
Epoch 418	LOSS: 57.62	MAE: 102.62	RMSE: 136.51
Epoch 419	LOSS: 59.03	MAE: 102.70	RMSE: 136.42
Epoch 420	LOSS: 58.72	MAE: 102.41	RMSE: 135.90
Epoch 421	LOSS: 58.18	MAE: 102.58	RMSE: 136.12
Epoch 422	LOSS: 59.11	MAE: 102.54	RMSE: 136.16
Epoch 423	LOSS: 57.67	MAE: 102.77	RMSE: 136.43
Epoch 424	LOSS: 59.28	MAE: 100.69	RMSE: 134.50
Epoch 425	LOSS: 59.81	MAE: 98.26	RMSE: 131.95
Epoch 426	LOSS: 57.55	MAE: 97.88	RMSE: 131.58
Epoch 427	LOSS: 58.82	MAE: 98.82	RMSE: 132.27
Epoch 428	LOSS: 59.79	MAE: 99.28	RMSE: 132.52
Epoch 429	LOSS: 58.46	MAE: 102.11	RMSE: 135.18
Epoch 430	LOSS: 56.87	MAE: 105.76	RMSE: 139.22
Epoch 431	LOSS: 57.65	MAE: 99.26	RMSE: 132.98
Epoch 432	LOSS: 56.93	MAE: 97.74	RMSE: 131.79
Epoch 433	LOSS: 57.54	MAE: 98.54	RMSE: 132.55
Epoch 434	LOSS: 57.55	MAE: 101.38	RMSE: 135.29
Epoch 435	LOSS: 56.43	MAE: 103.10	RMSE: 137.36
Epoch 436	LOSS: 57.14	MAE: 104.03	RMSE: 138.52
Epoch 437	LOSS: 56.75	MAE: 104.45	RMSE: 138.84
Epoch 438	LOSS: 56.46	MAE: 101.76	RMSE: 135.93
Epoch 439	LOSS: 56.77	MAE: 97.75	RMSE: 131.58
Epoch 440	LOSS: 57.65	MAE: 98.92	RMSE: 132.03
Epoch 441	LOSS: 56.97	MAE: 98.29	RMSE: 131.96
Epoch 442	LOSS: 55.68	MAE: 103.81	RMSE: 137.81
Epoch 443	LOSS: 56.53	MAE: 107.31	RMSE: 142.30
Epoch 444	LOSS: 57.62	MAE: 103.10	RMSE: 136.86
Epoch 445	LOSS: 55.67	MAE: 102.54	RMSE: 136.36
Epoch 446	LOSS: 56.93	MAE: 102.55	RMSE: 136.56
Epoch 447	LOSS: 56.38	MAE: 102.23	RMSE: 136.31
Epoch 448	LOSS: 57.77	MAE: 105.43	RMSE: 139.67
Epoch 449	LOSS: 56.51	MAE: 107.23	RMSE: 141.68
Epoch 450	LOSS: 56.08	MAE: 104.32	RMSE: 138.91
Epoch 451	LOSS: 56.47	MAE: 103.07	RMSE: 138.11
Epoch 452	LOSS: 56.72	MAE: 103.68	RMSE: 138.70
Epoch 453	LOSS: 56.04	MAE: 102.72	RMSE: 137.65
Epoch 454	LOSS: 55.38	MAE: 101.25	RMSE: 136.00
Epoch 455	LOSS: 56.10	MAE: 104.37	RMSE: 138.92
Epoch 456	LOSS: 56.03	MAE: 106.29	RMSE: 140.94
Epoch 457	LOSS: 56.33	MAE: 104.23	RMSE: 138.72
Epoch 458	LOSS: 55.07	MAE: 106.15	RMSE: 140.41
Epoch 459	LOSS: 54.33	MAE: 105.89	RMSE: 139.88
Epoch 460	LOSS: 55.46	MAE: 107.26	RMSE: 141.09
Epoch 461	LOSS: 54.60	MAE: 106.51	RMSE: 140.31
Epoch 462	LOSS: 57.04	MAE: 103.79	RMSE: 137.44
Epoch 463	LOSS: 55.25	MAE: 103.59	RMSE: 137.35
Epoch 464	LOSS: 57.45	MAE: 105.32	RMSE: 138.84
Epoch 465	LOSS: 55.35	MAE: 103.02	RMSE: 136.79
Epoch 466	LOSS: 56.13	MAE: 101.22	RMSE: 135.00
Epoch 467	LOSS: 54.62	MAE: 104.45	RMSE: 138.30
Epoch 468	LOSS: 54.65	MAE: 102.14	RMSE: 135.93
Epoch 469	LOSS: 55.14	MAE: 98.48	RMSE: 132.52
Epoch 470	LOSS: 53.85	MAE: 96.12	RMSE: 130.48
Epoch 471	LOSS: 54.87	MAE: 101.02	RMSE: 134.86
Epoch 472	LOSS: 54.98	MAE: 108.43	RMSE: 142.90
Epoch 473	LOSS: 56.97	MAE: 101.30	RMSE: 135.44
Epoch 474	LOSS: 54.73	MAE: 98.92	RMSE: 133.41
Epoch 475	LOSS: 56.09	MAE: 99.14	RMSE: 133.71
Epoch 476	LOSS: 54.06	MAE: 97.48	RMSE: 131.90
Epoch 477	LOSS: 55.76	MAE: 95.93	RMSE: 130.07
Epoch 478	LOSS: 55.48	MAE: 95.94	RMSE: 130.35
Epoch 479	LOSS: 54.53	MAE: 95.39	RMSE: 129.63
Epoch 480	LOSS: 54.75	MAE: 95.60	RMSE: 129.41
Epoch 481	LOSS: 56.57	MAE: 98.56	RMSE: 132.10
Epoch 482	LOSS: 53.36	MAE: 100.51	RMSE: 133.88
Epoch 483	LOSS: 54.45	MAE: 101.10	RMSE: 134.43
Epoch 484	LOSS: 54.56	MAE: 101.96	RMSE: 135.32
Epoch 485	LOSS: 54.12	MAE: 99.59	RMSE: 132.85
Epoch 486	LOSS: 53.40	MAE: 98.41	RMSE: 131.89
Epoch 487	LOSS: 54.20	MAE: 98.95	RMSE: 132.57
Epoch 488	LOSS: 54.60	MAE: 98.97	RMSE: 133.25
Epoch 489	LOSS: 54.48	MAE: 100.43	RMSE: 134.88
Epoch 490	LOSS: 54.39	MAE: 101.80	RMSE: 136.42
Epoch 491	LOSS: 54.81	MAE: 101.59	RMSE: 136.33
Epoch 492	LOSS: 54.78	MAE: 103.77	RMSE: 138.83
Epoch 493	LOSS: 54.20	MAE: 102.58	RMSE: 137.69
Epoch 494	LOSS: 54.81	MAE: 101.24	RMSE: 136.21
Epoch 495	LOSS: 53.48	MAE: 102.49	RMSE: 137.60
Epoch 496	LOSS: 52.03	MAE: 103.63	RMSE: 138.51
Epoch 497	LOSS: 54.48	MAE: 100.75	RMSE: 135.21
Epoch 498	LOSS: 53.72	MAE: 101.17	RMSE: 135.52
Epoch 499	LOSS: 52.69	MAE: 99.77	RMSE: 134.14
