Epoch 000	LOSS: 446.17	MAE: 255.19	RMSE: 298.07
Epoch 001	LOSS: 446.27	MAE: 255.17	RMSE: 298.05
Epoch 002	LOSS: 457.14	MAE: 255.14	RMSE: 298.02
Epoch 003	LOSS: 442.99	MAE: 255.09	RMSE: 297.98
Epoch 004	LOSS: 440.49	MAE: 255.01	RMSE: 297.91
Epoch 005	LOSS: 443.21	MAE: 254.90	RMSE: 297.81
Epoch 006	LOSS: 445.73	MAE: 254.73	RMSE: 297.67
Epoch 007	LOSS: 442.14	MAE: 254.50	RMSE: 297.47
Epoch 008	LOSS: 443.06	MAE: 254.17	RMSE: 297.19
Epoch 009	LOSS: 440.94	MAE: 253.70	RMSE: 296.79
Epoch 010	LOSS: 439.20	MAE: 253.01	RMSE: 296.20
Epoch 011	LOSS: 434.93	MAE: 252.00	RMSE: 295.33
Epoch 012	LOSS: 422.93	MAE: 250.28	RMSE: 293.85
Epoch 013	LOSS: 420.34	MAE: 247.78	RMSE: 291.70
Epoch 014	LOSS: 414.92	MAE: 244.33	RMSE: 288.72
Epoch 015	LOSS: 413.98	MAE: 240.00	RMSE: 284.96
Epoch 016	LOSS: 400.79	MAE: 234.31	RMSE: 279.98
Epoch 017	LOSS: 387.25	MAE: 227.55	RMSE: 274.02
Epoch 018	LOSS: 375.49	MAE: 219.69	RMSE: 267.02
Epoch 019	LOSS: 368.74	MAE: 210.99	RMSE: 259.12
Epoch 020	LOSS: 351.83	MAE: 201.34	RMSE: 250.16
Epoch 021	LOSS: 330.55	MAE: 191.18	RMSE: 240.46
Epoch 022	LOSS: 319.67	MAE: 180.51	RMSE: 229.87
Epoch 023	LOSS: 302.11	MAE: 169.68	RMSE: 218.63
Epoch 024	LOSS: 284.06	MAE: 159.19	RMSE: 207.08
Epoch 025	LOSS: 267.95	MAE: 148.99	RMSE: 195.15
Epoch 026	LOSS: 252.94	MAE: 139.31	RMSE: 183.13
Epoch 027	LOSS: 236.12	MAE: 130.59	RMSE: 171.63
Epoch 028	LOSS: 224.51	MAE: 123.31	RMSE: 161.30
Epoch 029	LOSS: 212.91	MAE: 118.07	RMSE: 152.91
Epoch 030	LOSS: 203.10	MAE: 115.16	RMSE: 147.27
Epoch 031	LOSS: 197.19	MAE: 114.34	RMSE: 144.74
Epoch 032	LOSS: 192.17	MAE: 114.08	RMSE: 143.82
Epoch 033	LOSS: 187.38	MAE: 113.42	RMSE: 143.14
Epoch 034	LOSS: 182.67	MAE: 111.77	RMSE: 141.87
Epoch 035	LOSS: 182.74	MAE: 109.26	RMSE: 139.85
Epoch 036	LOSS: 177.79	MAE: 107.06	RMSE: 138.16
Epoch 037	LOSS: 177.03	MAE: 104.87	RMSE: 136.38
Epoch 038	LOSS: 169.95	MAE: 102.62	RMSE: 134.47
Epoch 039	LOSS: 171.01	MAE: 100.29	RMSE: 132.34
Epoch 040	LOSS: 170.77	MAE: 97.83	RMSE: 129.98
Epoch 041	LOSS: 171.87	MAE: 95.43	RMSE: 127.52
Epoch 042	LOSS: 169.55	MAE: 93.55	RMSE: 125.50
Epoch 043	LOSS: 168.71	MAE: 92.03	RMSE: 123.75
Epoch 044	LOSS: 169.54	MAE: 90.80	RMSE: 122.22
Epoch 045	LOSS: 169.27	MAE: 89.90	RMSE: 120.98
Epoch 046	LOSS: 167.71	MAE: 89.32	RMSE: 120.01
Epoch 047	LOSS: 169.38	MAE: 89.20	RMSE: 119.40
Epoch 048	LOSS: 167.37	MAE: 89.22	RMSE: 119.01
Epoch 049	LOSS: 162.81	MAE: 89.31	RMSE: 118.71
Epoch 050	LOSS: 165.46	MAE: 89.30	RMSE: 118.48
Epoch 051	LOSS: 167.53	MAE: 89.49	RMSE: 118.43
Epoch 052	LOSS: 164.95	MAE: 89.52	RMSE: 118.29
Epoch 053	LOSS: 162.39	MAE: 89.31	RMSE: 118.05
Epoch 054	LOSS: 160.91	MAE: 88.97	RMSE: 117.75
Epoch 055	LOSS: 161.31	MAE: 88.56	RMSE: 117.47
Epoch 056	LOSS: 159.65	MAE: 88.10	RMSE: 117.18
Epoch 057	LOSS: 163.01	MAE: 87.66	RMSE: 116.92
Epoch 058	LOSS: 158.62	MAE: 87.23	RMSE: 116.57
Epoch 059	LOSS: 161.24	MAE: 86.86	RMSE: 116.36
Epoch 060	LOSS: 160.43	MAE: 86.49	RMSE: 116.13
Epoch 061	LOSS: 159.81	MAE: 86.31	RMSE: 116.03
Epoch 062	LOSS: 159.97	MAE: 86.00	RMSE: 115.83
Epoch 063	LOSS: 157.39	MAE: 85.68	RMSE: 115.59
Epoch 064	LOSS: 158.69	MAE: 85.48	RMSE: 115.42
Epoch 065	LOSS: 158.95	MAE: 85.21	RMSE: 115.25
Epoch 066	LOSS: 156.21	MAE: 84.95	RMSE: 115.11
Epoch 067	LOSS: 157.19	MAE: 84.71	RMSE: 115.02
Epoch 068	LOSS: 159.64	MAE: 84.61	RMSE: 115.03
Epoch 069	LOSS: 154.61	MAE: 84.29	RMSE: 114.81
Epoch 070	LOSS: 154.06	MAE: 84.22	RMSE: 114.69
Epoch 071	LOSS: 155.11	MAE: 84.34	RMSE: 114.64
Epoch 072	LOSS: 154.46	MAE: 84.22	RMSE: 114.49
Epoch 073	LOSS: 155.42	MAE: 84.11	RMSE: 114.32
Epoch 074	LOSS: 155.12	MAE: 83.97	RMSE: 114.19
Epoch 075	LOSS: 155.03	MAE: 84.04	RMSE: 114.23
Epoch 076	LOSS: 154.09	MAE: 83.96	RMSE: 114.15
Epoch 077	LOSS: 150.83	MAE: 83.79	RMSE: 114.06
Epoch 078	LOSS: 153.11	MAE: 84.08	RMSE: 114.38
Epoch 079	LOSS: 151.29	MAE: 83.95	RMSE: 114.25
Epoch 080	LOSS: 152.38	MAE: 83.56	RMSE: 113.90
Epoch 081	LOSS: 150.72	MAE: 83.77	RMSE: 113.82
Epoch 082	LOSS: 150.75	MAE: 83.89	RMSE: 113.69
Epoch 083	LOSS: 153.01	MAE: 83.94	RMSE: 113.61
Epoch 084	LOSS: 151.52	MAE: 83.86	RMSE: 113.61
Epoch 085	LOSS: 151.51	MAE: 83.52	RMSE: 113.47
Epoch 086	LOSS: 152.10	MAE: 83.34	RMSE: 113.40
Epoch 087	LOSS: 149.92	MAE: 83.08	RMSE: 113.31
Epoch 088	LOSS: 148.95	MAE: 82.89	RMSE: 113.22
Epoch 089	LOSS: 146.02	MAE: 82.65	RMSE: 113.10
Epoch 090	LOSS: 145.88	MAE: 82.47	RMSE: 112.76
Epoch 091	LOSS: 147.64	MAE: 82.55	RMSE: 112.54
Epoch 092	LOSS: 147.43	MAE: 82.88	RMSE: 112.52
Epoch 093	LOSS: 152.57	MAE: 83.12	RMSE: 112.51
Epoch 094	LOSS: 145.87	MAE: 83.18	RMSE: 112.46
Epoch 095	LOSS: 147.95	MAE: 83.06	RMSE: 112.27
Epoch 096	LOSS: 145.87	MAE: 82.83	RMSE: 112.02
Epoch 097	LOSS: 145.21	MAE: 82.79	RMSE: 112.03
Epoch 098	LOSS: 144.83	MAE: 82.40	RMSE: 111.69
Epoch 099	LOSS: 144.94	MAE: 81.97	RMSE: 111.47
Epoch 100	LOSS: 144.26	MAE: 81.40	RMSE: 111.22
Epoch 101	LOSS: 144.47	MAE: 80.99	RMSE: 111.10
Epoch 102	LOSS: 143.24	MAE: 80.81	RMSE: 110.95
Epoch 103	LOSS: 145.10	MAE: 80.53	RMSE: 110.59
Epoch 104	LOSS: 140.77	MAE: 80.48	RMSE: 110.49
Epoch 105	LOSS: 142.35	MAE: 80.45	RMSE: 110.39
Epoch 106	LOSS: 143.38	MAE: 80.41	RMSE: 110.11
Epoch 107	LOSS: 141.13	MAE: 80.63	RMSE: 109.96
Epoch 108	LOSS: 140.89	MAE: 80.87	RMSE: 109.89
Epoch 109	LOSS: 139.85	MAE: 80.95	RMSE: 109.89
Epoch 110	LOSS: 138.51	MAE: 80.96	RMSE: 109.89
Epoch 111	LOSS: 140.63	MAE: 80.80	RMSE: 109.69
Epoch 112	LOSS: 140.42	MAE: 80.68	RMSE: 109.51
Epoch 113	LOSS: 136.71	MAE: 79.71	RMSE: 108.94
Epoch 114	LOSS: 140.09	MAE: 79.06	RMSE: 108.60
Epoch 115	LOSS: 137.56	MAE: 78.73	RMSE: 108.36
Epoch 116	LOSS: 136.53	MAE: 78.42	RMSE: 108.06
Epoch 117	LOSS: 138.92	MAE: 78.30	RMSE: 107.98
Epoch 118	LOSS: 136.91	MAE: 78.10	RMSE: 107.77
Epoch 119	LOSS: 140.62	MAE: 79.05	RMSE: 107.96
Epoch 120	LOSS: 134.79	MAE: 79.91	RMSE: 108.27
Epoch 121	LOSS: 133.82	MAE: 79.79	RMSE: 107.81
Epoch 122	LOSS: 132.81	MAE: 80.11	RMSE: 107.84
Epoch 123	LOSS: 134.38	MAE: 80.12	RMSE: 107.73
Epoch 124	LOSS: 135.65	MAE: 79.50	RMSE: 107.40
Epoch 125	LOSS: 133.06	MAE: 78.56	RMSE: 106.91
Epoch 126	LOSS: 134.19	MAE: 77.78	RMSE: 106.57
Epoch 127	LOSS: 133.77	MAE: 77.69	RMSE: 106.57
Epoch 128	LOSS: 131.38	MAE: 77.13	RMSE: 106.08
Epoch 129	LOSS: 131.37	MAE: 77.15	RMSE: 105.93
Epoch 130	LOSS: 132.41	MAE: 77.90	RMSE: 106.01
Epoch 131	LOSS: 130.58	MAE: 79.69	RMSE: 106.81
Epoch 132	LOSS: 132.36	MAE: 81.53	RMSE: 108.07
Epoch 133	LOSS: 131.21	MAE: 81.60	RMSE: 108.10
Epoch 134	LOSS: 130.57	MAE: 80.27	RMSE: 106.87
Epoch 135	LOSS: 131.36	MAE: 78.59	RMSE: 105.83
Epoch 136	LOSS: 128.35	MAE: 77.29	RMSE: 105.05
Epoch 137	LOSS: 128.15	MAE: 76.34	RMSE: 104.60
Epoch 138	LOSS: 127.52	MAE: 76.08	RMSE: 104.39
Epoch 139	LOSS: 125.74	MAE: 76.18	RMSE: 104.26
Epoch 140	LOSS: 129.93	MAE: 76.62	RMSE: 104.27
Epoch 141	LOSS: 125.41	MAE: 76.88	RMSE: 104.13
Epoch 142	LOSS: 127.57	MAE: 77.40	RMSE: 104.42
Epoch 143	LOSS: 125.32	MAE: 77.64	RMSE: 104.42
Epoch 144	LOSS: 124.86	MAE: 76.59	RMSE: 103.63
Epoch 145	LOSS: 126.66	MAE: 76.25	RMSE: 103.28
Epoch 146	LOSS: 125.39	MAE: 75.87	RMSE: 103.02
Epoch 147	LOSS: 125.20	MAE: 75.76	RMSE: 102.93
Epoch 148	LOSS: 125.23	MAE: 76.31	RMSE: 103.17
Epoch 149	LOSS: 121.27	MAE: 76.40	RMSE: 103.19
Epoch 150	LOSS: 121.48	MAE: 75.89	RMSE: 102.73
Epoch 151	LOSS: 118.92	MAE: 75.33	RMSE: 102.24
Epoch 152	LOSS: 121.97	MAE: 75.12	RMSE: 101.97
Epoch 153	LOSS: 123.52	MAE: 74.84	RMSE: 101.70
Epoch 154	LOSS: 119.04	MAE: 74.92	RMSE: 101.66
Epoch 155	LOSS: 120.19	MAE: 74.65	RMSE: 101.37
Epoch 156	LOSS: 121.15	MAE: 74.84	RMSE: 101.39
Epoch 157	LOSS: 119.43	MAE: 74.87	RMSE: 101.29
Epoch 158	LOSS: 117.67	MAE: 74.71	RMSE: 101.13
Epoch 159	LOSS: 117.98	MAE: 74.64	RMSE: 101.09
Epoch 160	LOSS: 117.79	MAE: 74.06	RMSE: 100.60
Epoch 161	LOSS: 117.02	MAE: 73.76	RMSE: 100.32
Epoch 162	LOSS: 115.12	MAE: 73.50	RMSE: 100.11
Epoch 163	LOSS: 117.01	MAE: 73.72	RMSE: 100.14
Epoch 164	LOSS: 115.34	MAE: 74.30	RMSE: 100.40
Epoch 165	LOSS: 115.90	MAE: 74.97	RMSE: 100.85
Epoch 166	LOSS: 115.29	MAE: 75.07	RMSE: 100.87
Epoch 167	LOSS: 114.23	MAE: 74.59	RMSE: 100.34
Epoch 168	LOSS: 116.36	MAE: 74.79	RMSE: 100.36
Epoch 169	LOSS: 114.14	MAE: 74.71	RMSE: 100.30
Epoch 170	LOSS: 112.96	MAE: 74.32	RMSE: 99.98
Epoch 171	LOSS: 113.62	MAE: 74.29	RMSE: 99.98
Epoch 172	LOSS: 112.29	MAE: 74.07	RMSE: 99.80
Epoch 173	LOSS: 111.54	MAE: 73.76	RMSE: 99.44
Epoch 174	LOSS: 110.80	MAE: 73.69	RMSE: 99.28
Epoch 175	LOSS: 113.08	MAE: 73.96	RMSE: 99.42
Epoch 176	LOSS: 110.96	MAE: 74.15	RMSE: 99.54
Epoch 177	LOSS: 112.93	MAE: 74.17	RMSE: 99.50
Epoch 178	LOSS: 110.74	MAE: 74.06	RMSE: 99.35
Epoch 179	LOSS: 112.88	MAE: 74.11	RMSE: 99.33
Epoch 180	LOSS: 108.30	MAE: 73.57	RMSE: 98.97
Epoch 181	LOSS: 109.86	MAE: 73.46	RMSE: 98.95
Epoch 182	LOSS: 110.39	MAE: 73.18	RMSE: 98.72
Epoch 183	LOSS: 110.26	MAE: 72.86	RMSE: 98.47
Epoch 184	LOSS: 111.16	MAE: 72.28	RMSE: 97.92
Epoch 185	LOSS: 110.49	MAE: 72.01	RMSE: 97.67
Epoch 186	LOSS: 109.61	MAE: 72.00	RMSE: 97.62
Epoch 187	LOSS: 107.96	MAE: 71.59	RMSE: 97.36
Epoch 188	LOSS: 108.96	MAE: 71.23	RMSE: 97.07
Epoch 189	LOSS: 108.99	MAE: 70.96	RMSE: 96.86
Epoch 190	LOSS: 108.10	MAE: 70.91	RMSE: 96.76
Epoch 191	LOSS: 108.47	MAE: 70.83	RMSE: 96.64
Epoch 192	LOSS: 107.51	MAE: 71.03	RMSE: 96.71
Epoch 193	LOSS: 106.40	MAE: 71.48	RMSE: 96.95
Epoch 194	LOSS: 107.93	MAE: 72.31	RMSE: 97.48
Epoch 195	LOSS: 105.16	MAE: 72.51	RMSE: 97.59
Epoch 196	LOSS: 106.26	MAE: 72.35	RMSE: 97.49
Epoch 197	LOSS: 106.21	MAE: 72.50	RMSE: 97.52
Epoch 198	LOSS: 106.11	MAE: 72.55	RMSE: 97.47
Epoch 199	LOSS: 106.14	MAE: 72.67	RMSE: 97.47
Epoch 200	LOSS: 105.80	MAE: 72.28	RMSE: 97.25
Epoch 201	LOSS: 106.25	MAE: 72.10	RMSE: 97.23
Epoch 202	LOSS: 105.29	MAE: 71.92	RMSE: 97.15
Epoch 203	LOSS: 105.35	MAE: 71.54	RMSE: 96.78
Epoch 204	LOSS: 105.77	MAE: 71.11	RMSE: 96.37
Epoch 205	LOSS: 104.16	MAE: 71.01	RMSE: 96.28
Epoch 206	LOSS: 104.72	MAE: 70.93	RMSE: 96.18
Epoch 207	LOSS: 104.81	MAE: 70.97	RMSE: 96.25
Epoch 208	LOSS: 104.48	MAE: 71.16	RMSE: 96.40
Epoch 209	LOSS: 104.62	MAE: 71.14	RMSE: 96.33
Epoch 210	LOSS: 102.59	MAE: 70.98	RMSE: 96.13
Epoch 211	LOSS: 102.97	MAE: 71.34	RMSE: 96.27
Epoch 212	LOSS: 104.72	MAE: 71.54	RMSE: 96.46
Epoch 213	LOSS: 103.81	MAE: 71.81	RMSE: 96.76
Epoch 214	LOSS: 101.69	MAE: 71.89	RMSE: 96.81
Epoch 215	LOSS: 103.62	MAE: 72.20	RMSE: 96.94
Epoch 216	LOSS: 102.01	MAE: 72.25	RMSE: 96.89
Epoch 217	LOSS: 102.64	MAE: 72.13	RMSE: 96.77
Epoch 218	LOSS: 101.71	MAE: 72.05	RMSE: 96.72
Epoch 219	LOSS: 102.22	MAE: 71.99	RMSE: 96.66
Epoch 220	LOSS: 101.65	MAE: 72.10	RMSE: 96.76
Epoch 221	LOSS: 102.38	MAE: 73.76	RMSE: 98.22
Epoch 222	LOSS: 101.23	MAE: 75.35	RMSE: 99.68
Epoch 223	LOSS: 100.71	MAE: 75.95	RMSE: 100.26
Epoch 224	LOSS: 100.90	MAE: 76.05	RMSE: 100.27
Epoch 225	LOSS: 100.34	MAE: 75.58	RMSE: 99.77
Epoch 226	LOSS: 101.04	MAE: 75.04	RMSE: 99.38
Epoch 227	LOSS: 99.71	MAE: 74.30	RMSE: 98.73
Epoch 228	LOSS: 100.49	MAE: 73.27	RMSE: 97.89
Epoch 229	LOSS: 98.89	MAE: 72.51	RMSE: 97.30
Epoch 230	LOSS: 100.33	MAE: 71.79	RMSE: 96.78
Epoch 231	LOSS: 99.59	MAE: 71.01	RMSE: 96.18
Epoch 232	LOSS: 99.16	MAE: 70.35	RMSE: 95.63
Epoch 233	LOSS: 99.61	MAE: 69.77	RMSE: 95.18
Epoch 234	LOSS: 98.54	MAE: 69.41	RMSE: 94.92
Epoch 235	LOSS: 99.19	MAE: 68.97	RMSE: 94.51
Epoch 236	LOSS: 99.05	MAE: 68.79	RMSE: 94.23
Epoch 237	LOSS: 98.68	MAE: 68.80	RMSE: 94.11
Epoch 238	LOSS: 97.90	MAE: 68.87	RMSE: 94.19
Epoch 239	LOSS: 97.53	MAE: 68.77	RMSE: 94.14
Epoch 240	LOSS: 95.84	MAE: 68.64	RMSE: 94.11
Epoch 241	LOSS: 96.82	MAE: 68.23	RMSE: 93.91
Epoch 242	LOSS: 96.27	MAE: 68.09	RMSE: 93.90
Epoch 243	LOSS: 95.91	MAE: 67.99	RMSE: 93.88
Epoch 244	LOSS: 97.39	MAE: 68.14	RMSE: 94.02
Epoch 245	LOSS: 96.58	MAE: 68.24	RMSE: 94.05
Epoch 246	LOSS: 96.01	MAE: 68.12	RMSE: 93.92
Epoch 247	LOSS: 95.35	MAE: 68.25	RMSE: 93.90
Epoch 248	LOSS: 96.19	MAE: 68.51	RMSE: 93.95
Epoch 249	LOSS: 94.64	MAE: 68.99	RMSE: 94.17
Epoch 250	LOSS: 95.54	MAE: 69.16	RMSE: 94.18
Epoch 251	LOSS: 94.44	MAE: 69.10	RMSE: 94.09
Epoch 252	LOSS: 95.66	MAE: 69.05	RMSE: 94.06
Epoch 253	LOSS: 94.62	MAE: 68.99	RMSE: 94.05
Epoch 254	LOSS: 94.85	MAE: 68.93	RMSE: 93.96
Epoch 255	LOSS: 94.73	MAE: 68.95	RMSE: 93.98
Epoch 256	LOSS: 94.00	MAE: 68.62	RMSE: 93.81
Epoch 257	LOSS: 94.34	MAE: 68.45	RMSE: 93.88
Epoch 258	LOSS: 94.51	MAE: 68.65	RMSE: 94.19
Epoch 259	LOSS: 93.95	MAE: 68.53	RMSE: 94.19
Epoch 260	LOSS: 92.94	MAE: 68.40	RMSE: 94.10
Epoch 261	LOSS: 92.71	MAE: 68.10	RMSE: 93.74
Epoch 262	LOSS: 92.47	MAE: 68.11	RMSE: 93.58
Epoch 263	LOSS: 93.46	MAE: 68.14	RMSE: 93.51
Epoch 264	LOSS: 92.75	MAE: 68.63	RMSE: 93.93
Epoch 265	LOSS: 92.58	MAE: 68.89	RMSE: 94.12
Epoch 266	LOSS: 91.31	MAE: 68.93	RMSE: 94.17
Epoch 267	LOSS: 91.45	MAE: 68.91	RMSE: 94.00
Epoch 268	LOSS: 91.03	MAE: 69.54	RMSE: 94.44
Epoch 269	LOSS: 90.98	MAE: 70.24	RMSE: 94.95
Epoch 270	LOSS: 90.70	MAE: 71.19	RMSE: 95.67
Epoch 271	LOSS: 90.97	MAE: 72.02	RMSE: 96.35
Epoch 272	LOSS: 90.10	MAE: 72.08	RMSE: 96.40
Epoch 273	LOSS: 89.80	MAE: 71.10	RMSE: 95.58
Epoch 274	LOSS: 89.26	MAE: 69.32	RMSE: 94.21
Epoch 275	LOSS: 88.86	MAE: 68.27	RMSE: 93.51
Epoch 276	LOSS: 89.23	MAE: 68.15	RMSE: 93.32
Epoch 277	LOSS: 87.79	MAE: 68.00	RMSE: 93.11
Epoch 278	LOSS: 88.27	MAE: 67.99	RMSE: 93.04
Epoch 279	LOSS: 88.21	MAE: 67.76	RMSE: 92.82
Epoch 280	LOSS: 87.64	MAE: 67.31	RMSE: 92.39
Epoch 281	LOSS: 89.07	MAE: 66.03	RMSE: 92.05
Epoch 282	LOSS: 87.77	MAE: 65.66	RMSE: 92.08
Epoch 283	LOSS: 86.76	MAE: 65.61	RMSE: 92.05
Epoch 284	LOSS: 86.71	MAE: 65.68	RMSE: 91.93
Epoch 285	LOSS: 87.10	MAE: 65.99	RMSE: 91.82
Epoch 286	LOSS: 85.93	MAE: 66.44	RMSE: 91.81
Epoch 287	LOSS: 86.30	MAE: 67.11	RMSE: 92.12
Epoch 288	LOSS: 84.94	MAE: 67.10	RMSE: 92.05
Epoch 289	LOSS: 86.03	MAE: 66.87	RMSE: 91.89
Epoch 290	LOSS: 84.72	MAE: 66.06	RMSE: 91.43
Epoch 291	LOSS: 85.26	MAE: 65.87	RMSE: 91.40
Epoch 292	LOSS: 85.21	MAE: 65.36	RMSE: 91.11
Epoch 293	LOSS: 85.53	MAE: 65.23	RMSE: 91.07
Epoch 294	LOSS: 85.40	MAE: 65.15	RMSE: 90.99
Epoch 295	LOSS: 83.84	MAE: 65.25	RMSE: 91.09
Epoch 296	LOSS: 84.26	MAE: 65.57	RMSE: 91.29
Epoch 297	LOSS: 83.87	MAE: 65.67	RMSE: 91.19
Epoch 298	LOSS: 83.63	MAE: 66.05	RMSE: 91.19
Epoch 299	LOSS: 83.11	MAE: 66.29	RMSE: 91.30
Epoch 300	LOSS: 82.68	MAE: 66.89	RMSE: 91.73
Epoch 301	LOSS: 83.19	MAE: 66.96	RMSE: 91.77
Epoch 302	LOSS: 82.07	MAE: 66.67	RMSE: 91.54
Epoch 303	LOSS: 83.43	MAE: 65.64	RMSE: 90.91
Epoch 304	LOSS: 82.90	MAE: 65.37	RMSE: 90.93
Epoch 305	LOSS: 82.57	MAE: 65.06	RMSE: 91.05
Epoch 306	LOSS: 82.57	MAE: 64.65	RMSE: 90.98
Epoch 307	LOSS: 82.52	MAE: 64.31	RMSE: 91.07
Epoch 308	LOSS: 81.87	MAE: 63.96	RMSE: 91.03
Epoch 309	LOSS: 81.06	MAE: 63.92	RMSE: 91.38
Epoch 310	LOSS: 81.42	MAE: 64.24	RMSE: 90.36
Epoch 311	LOSS: 82.57	MAE: 65.20	RMSE: 90.31
Epoch 312	LOSS: 81.50	MAE: 67.15	RMSE: 91.46
Epoch 313	LOSS: 81.57	MAE: 68.87	RMSE: 92.88
Epoch 314	LOSS: 80.99	MAE: 71.85	RMSE: 95.97
Epoch 315	LOSS: 80.80	MAE: 72.46	RMSE: 96.71
Epoch 316	LOSS: 80.78	MAE: 71.50	RMSE: 95.58
Epoch 317	LOSS: 80.25	MAE: 70.25	RMSE: 94.32
Epoch 318	LOSS: 79.48	MAE: 69.40	RMSE: 93.62
Epoch 319	LOSS: 79.71	MAE: 68.53	RMSE: 92.79
Epoch 320	LOSS: 79.37	MAE: 68.33	RMSE: 92.42
Epoch 321	LOSS: 79.10	MAE: 69.41	RMSE: 93.41
Epoch 322	LOSS: 78.70	MAE: 72.08	RMSE: 96.17
Epoch 323	LOSS: 79.06	MAE: 73.32	RMSE: 97.43
Epoch 324	LOSS: 78.64	MAE: 71.06	RMSE: 94.91
Epoch 325	LOSS: 78.75	MAE: 68.57	RMSE: 92.58
Epoch 326	LOSS: 78.97	MAE: 67.13	RMSE: 91.49
Epoch 327	LOSS: 79.22	MAE: 71.81	RMSE: 95.88
Epoch 328	LOSS: 78.40	MAE: 71.38	RMSE: 95.39
Epoch 329	LOSS: 77.35	MAE: 66.25	RMSE: 91.02
Epoch 330	LOSS: 78.12	MAE: 64.63	RMSE: 93.40
Epoch 331	LOSS: 78.94	MAE: 65.41	RMSE: 95.26
Epoch 332	LOSS: 77.34	MAE: 64.17	RMSE: 91.69
Epoch 333	LOSS: 77.82	MAE: 64.77	RMSE: 90.45
Epoch 334	LOSS: 76.76	MAE: 65.85	RMSE: 90.50
Epoch 335	LOSS: 77.01	MAE: 67.17	RMSE: 91.28
Epoch 336	LOSS: 76.73	MAE: 68.48	RMSE: 92.46
Epoch 337	LOSS: 77.47	MAE: 69.49	RMSE: 93.50
Epoch 338	LOSS: 77.49	MAE: 69.36	RMSE: 93.32
Epoch 339	LOSS: 78.17	MAE: 67.24	RMSE: 91.26
Epoch 340	LOSS: 76.67	MAE: 65.40	RMSE: 89.83
Epoch 341	LOSS: 76.61	MAE: 64.23	RMSE: 89.24
Epoch 342	LOSS: 76.97	MAE: 63.64	RMSE: 89.16
Epoch 343	LOSS: 77.04	MAE: 64.28	RMSE: 89.26
Epoch 344	LOSS: 76.74	MAE: 65.34	RMSE: 89.81
Epoch 345	LOSS: 77.06	MAE: 66.59	RMSE: 90.82
Epoch 346	LOSS: 76.21	MAE: 67.42	RMSE: 91.60
Epoch 347	LOSS: 76.64	MAE: 66.85	RMSE: 91.02
Epoch 348	LOSS: 76.41	MAE: 66.21	RMSE: 90.42
Epoch 349	LOSS: 75.45	MAE: 65.05	RMSE: 89.52
Epoch 350	LOSS: 75.08	MAE: 65.25	RMSE: 89.70
Epoch 351	LOSS: 75.71	MAE: 65.88	RMSE: 90.36
Epoch 352	LOSS: 76.39	MAE: 66.35	RMSE: 90.77
Epoch 353	LOSS: 76.53	MAE: 65.58	RMSE: 90.16
Epoch 354	LOSS: 76.18	MAE: 64.78	RMSE: 89.50
Epoch 355	LOSS: 77.21	MAE: 63.81	RMSE: 88.73
Epoch 356	LOSS: 75.54	MAE: 63.02	RMSE: 88.17
Epoch 357	LOSS: 75.95	MAE: 61.02	RMSE: 87.70
Epoch 358	LOSS: 76.72	MAE: 60.80	RMSE: 88.12
Epoch 359	LOSS: 76.83	MAE: 60.70	RMSE: 88.33
Epoch 360	LOSS: 76.66	MAE: 60.41	RMSE: 88.25
Epoch 361	LOSS: 75.99	MAE: 60.37	RMSE: 88.26
Epoch 362	LOSS: 75.59	MAE: 60.44	RMSE: 88.21
Epoch 363	LOSS: 75.60	MAE: 60.68	RMSE: 87.78
Epoch 364	LOSS: 75.98	MAE: 60.24	RMSE: 88.19
Epoch 365	LOSS: 76.12	MAE: 60.30	RMSE: 87.93
Epoch 366	LOSS: 75.48	MAE: 60.55	RMSE: 87.77
Epoch 367	LOSS: 76.07	MAE: 60.08	RMSE: 87.76
Epoch 368	LOSS: 76.99	MAE: 59.95	RMSE: 88.85
Epoch 369	LOSS: 75.45	MAE: 60.26	RMSE: 89.55
Epoch 370	LOSS: 76.50	MAE: 60.68	RMSE: 87.40
Epoch 371	LOSS: 76.49	MAE: 73.94	RMSE: 100.85
Epoch 372	LOSS: 75.82	MAE: 79.48	RMSE: 107.11
Epoch 373	LOSS: 76.67	MAE: 77.82	RMSE: 105.01
Epoch 374	LOSS: 75.65	MAE: 75.90	RMSE: 102.84
Epoch 375	LOSS: 75.86	MAE: 68.46	RMSE: 94.09
Epoch 376	LOSS: 75.54	MAE: 62.33	RMSE: 87.40
Epoch 377	LOSS: 75.50	MAE: 61.75	RMSE: 87.80
Epoch 378	LOSS: 75.03	MAE: 62.58	RMSE: 87.69
Epoch 379	LOSS: 75.42	MAE: 65.92	RMSE: 90.43
Epoch 380	LOSS: 76.28	MAE: 69.42	RMSE: 94.38
Epoch 381	LOSS: 75.86	MAE: 72.49	RMSE: 98.07
Epoch 382	LOSS: 76.17	MAE: 70.94	RMSE: 95.98
Epoch 383	LOSS: 75.50	MAE: 65.60	RMSE: 89.82
Epoch 384	LOSS: 75.07	MAE: 63.61	RMSE: 88.22
Epoch 385	LOSS: 75.70	MAE: 63.20	RMSE: 88.29
Epoch 386	LOSS: 75.28	MAE: 63.38	RMSE: 88.36
Epoch 387	LOSS: 75.06	MAE: 65.67	RMSE: 89.93
Epoch 388	LOSS: 74.88	MAE: 68.11	RMSE: 92.51
Epoch 389	LOSS: 76.07	MAE: 69.58	RMSE: 94.14
Epoch 390	LOSS: 76.01	MAE: 69.03	RMSE: 93.49
Epoch 391	LOSS: 74.95	MAE: 66.90	RMSE: 91.24
Epoch 392	LOSS: 74.94	MAE: 65.44	RMSE: 89.80
Epoch 393	LOSS: 76.27	MAE: 64.11	RMSE: 88.59
Epoch 394	LOSS: 76.18	MAE: 63.52	RMSE: 88.06
Epoch 395	LOSS: 75.15	MAE: 64.21	RMSE: 88.86
Epoch 396	LOSS: 75.64	MAE: 64.03	RMSE: 88.92
Epoch 397	LOSS: 75.49	MAE: 62.70	RMSE: 88.00
Epoch 398	LOSS: 75.08	MAE: 63.68	RMSE: 88.45
Epoch 399	LOSS: 75.69	MAE: 69.11	RMSE: 95.42
Epoch 400	LOSS: 74.75	MAE: 68.12	RMSE: 94.38
Epoch 401	LOSS: 75.45	MAE: 63.11	RMSE: 88.01
Epoch 402	LOSS: 74.39	MAE: 65.51	RMSE: 90.92
Epoch 403	LOSS: 74.97	MAE: 70.78	RMSE: 97.85
Epoch 404	LOSS: 74.49	MAE: 64.05	RMSE: 88.78
Epoch 405	LOSS: 74.70	MAE: 61.54	RMSE: 86.81
Epoch 406	LOSS: 76.56	MAE: 62.86	RMSE: 87.64
Epoch 407	LOSS: 75.10	MAE: 65.31	RMSE: 89.85
Epoch 408	LOSS: 75.22	MAE: 68.08	RMSE: 92.83
Epoch 409	LOSS: 74.78	MAE: 69.90	RMSE: 95.01
Epoch 410	LOSS: 75.47	MAE: 71.31	RMSE: 96.75
Epoch 411	LOSS: 75.21	MAE: 68.83	RMSE: 93.78
Epoch 412	LOSS: 75.47	MAE: 66.18	RMSE: 90.72
Epoch 413	LOSS: 75.13	MAE: 64.72	RMSE: 89.19
Epoch 414	LOSS: 74.77	MAE: 65.57	RMSE: 90.03
Epoch 415	LOSS: 75.60	MAE: 68.24	RMSE: 92.97
Epoch 416	LOSS: 76.29	MAE: 71.41	RMSE: 96.54
Epoch 417	LOSS: 75.74	MAE: 74.80	RMSE: 100.49
Epoch 418	LOSS: 75.21	MAE: 73.65	RMSE: 99.08
Epoch 419	LOSS: 74.95	MAE: 68.79	RMSE: 93.56
Epoch 420	LOSS: 75.69	MAE: 62.68	RMSE: 87.48
Epoch 421	LOSS: 75.08	MAE: 60.93	RMSE: 87.13
Epoch 422	LOSS: 75.57	MAE: 62.96	RMSE: 87.79
Epoch 423	LOSS: 74.87	MAE: 65.39	RMSE: 89.90
Epoch 424	LOSS: 75.01	MAE: 69.78	RMSE: 94.73
Epoch 425	LOSS: 75.59	MAE: 71.89	RMSE: 97.09
Epoch 426	LOSS: 75.59	MAE: 73.97	RMSE: 99.52
Epoch 427	LOSS: 75.69	MAE: 75.94	RMSE: 101.87
Epoch 428	LOSS: 75.36	MAE: 75.10	RMSE: 100.74
Epoch 429	LOSS: 75.44	MAE: 72.27	RMSE: 97.39
Epoch 430	LOSS: 74.54	MAE: 69.28	RMSE: 93.97
Epoch 431	LOSS: 74.89	MAE: 65.58	RMSE: 89.84
Epoch 432	LOSS: 75.02	MAE: 63.44	RMSE: 87.99
Epoch 433	LOSS: 74.25	MAE: 62.30	RMSE: 87.56
Epoch 434	LOSS: 74.81	MAE: 62.98	RMSE: 87.75
Epoch 435	LOSS: 75.07	MAE: 65.67	RMSE: 90.33
Epoch 436	LOSS: 74.64	MAE: 68.67	RMSE: 93.44
Epoch 437	LOSS: 75.45	MAE: 69.25	RMSE: 94.02
Epoch 438	LOSS: 75.36	MAE: 68.53	RMSE: 93.33
Epoch 439	LOSS: 74.67	MAE: 66.08	RMSE: 90.76
Epoch 440	LOSS: 75.97	MAE: 64.87	RMSE: 89.54
Epoch 441	LOSS: 74.74	MAE: 64.26	RMSE: 88.99
Epoch 442	LOSS: 75.60	MAE: 64.27	RMSE: 88.96
Epoch 443	LOSS: 74.79	MAE: 64.26	RMSE: 88.80
Epoch 444	LOSS: 74.15	MAE: 64.24	RMSE: 88.68
Epoch 445	LOSS: 74.01	MAE: 64.85	RMSE: 89.36
Epoch 446	LOSS: 74.53	MAE: 65.61	RMSE: 90.27
Epoch 447	LOSS: 74.31	MAE: 66.09	RMSE: 90.82
Epoch 448	LOSS: 75.04	MAE: 66.96	RMSE: 91.76
Epoch 449	LOSS: 74.50	MAE: 66.86	RMSE: 91.54
Epoch 450	LOSS: 75.15	MAE: 64.26	RMSE: 88.84
Epoch 451	LOSS: 75.87	MAE: 62.23	RMSE: 87.19
Epoch 452	LOSS: 74.62	MAE: 61.29	RMSE: 86.76
Epoch 453	LOSS: 75.24	MAE: 60.68	RMSE: 86.61
Epoch 454	LOSS: 74.39	MAE: 60.61	RMSE: 86.57
Epoch 455	LOSS: 73.79	MAE: 60.71	RMSE: 86.62
Epoch 456	LOSS: 74.52	MAE: 60.82	RMSE: 86.57
Epoch 457	LOSS: 75.28	MAE: 61.19	RMSE: 86.70
Epoch 458	LOSS: 74.31	MAE: 61.80	RMSE: 87.05
Epoch 459	LOSS: 74.25	MAE: 62.51	RMSE: 87.63
Epoch 460	LOSS: 75.10	MAE: 63.16	RMSE: 88.17
Epoch 461	LOSS: 75.87	MAE: 62.82	RMSE: 87.73
Epoch 462	LOSS: 74.59	MAE: 62.49	RMSE: 87.45
Epoch 463	LOSS: 73.21	MAE: 62.91	RMSE: 87.94
Epoch 464	LOSS: 74.78	MAE: 63.01	RMSE: 88.09
Epoch 465	LOSS: 74.52	MAE: 62.83	RMSE: 87.86
Epoch 466	LOSS: 74.11	MAE: 62.79	RMSE: 87.81
Epoch 467	LOSS: 75.08	MAE: 62.53	RMSE: 87.65
Epoch 468	LOSS: 74.96	MAE: 62.45	RMSE: 87.57
Epoch 469	LOSS: 75.28	MAE: 62.48	RMSE: 87.60
Epoch 470	LOSS: 74.84	MAE: 62.46	RMSE: 87.54
Epoch 471	LOSS: 75.18	MAE: 62.11	RMSE: 87.14
Epoch 472	LOSS: 75.08	MAE: 62.00	RMSE: 87.00
Epoch 473	LOSS: 74.55	MAE: 62.06	RMSE: 87.18
Epoch 474	LOSS: 74.24	MAE: 62.58	RMSE: 87.75
Epoch 475	LOSS: 75.32	MAE: 62.72	RMSE: 87.82
Epoch 476	LOSS: 74.23	MAE: 62.58	RMSE: 87.58
Epoch 477	LOSS: 74.39	MAE: 62.91	RMSE: 87.88
Epoch 478	LOSS: 73.70	MAE: 62.94	RMSE: 87.97
Epoch 479	LOSS: 73.66	MAE: 62.69	RMSE: 87.79
Epoch 480	LOSS: 74.30	MAE: 62.20	RMSE: 87.38
Epoch 481	LOSS: 73.98	MAE: 61.89	RMSE: 87.05
Epoch 482	LOSS: 75.04	MAE: 62.00	RMSE: 87.05
Epoch 483	LOSS: 73.94	MAE: 62.74	RMSE: 87.68
Epoch 484	LOSS: 74.54	MAE: 63.39	RMSE: 88.31
Epoch 485	LOSS: 74.86	MAE: 63.26	RMSE: 88.10
Epoch 486	LOSS: 74.37	MAE: 62.20	RMSE: 87.16
Epoch 487	LOSS: 73.87	MAE: 61.33	RMSE: 86.54
Epoch 488	LOSS: 73.73	MAE: 61.71	RMSE: 86.81
Epoch 489	LOSS: 75.26	MAE: 62.18	RMSE: 87.19
Epoch 490	LOSS: 75.15	MAE: 62.43	RMSE: 87.41
Epoch 491	LOSS: 73.89	MAE: 62.59	RMSE: 87.55
Epoch 492	LOSS: 75.06	MAE: 62.67	RMSE: 87.68
Epoch 493	LOSS: 73.64	MAE: 61.77	RMSE: 86.92
Epoch 494	LOSS: 74.06	MAE: 61.84	RMSE: 86.96
Epoch 495	LOSS: 74.38	MAE: 62.27	RMSE: 87.36
Epoch 496	LOSS: 74.43	MAE: 62.31	RMSE: 87.37
Epoch 497	LOSS: 74.61	MAE: 62.58	RMSE: 87.57
Epoch 498	LOSS: 74.34	MAE: 62.81	RMSE: 87.91
Epoch 499	LOSS: 74.70	MAE: 62.57	RMSE: 87.79
