Epoch 000	LOSS: 220.61	MAE: 253.99	RMSE: 297.04
Epoch 001	LOSS: 220.09	MAE: 253.12	RMSE: 296.28
Epoch 002	LOSS: 218.29	MAE: 252.18	RMSE: 295.48
Epoch 003	LOSS: 219.16	MAE: 251.16	RMSE: 294.60
Epoch 004	LOSS: 216.98	MAE: 250.07	RMSE: 293.65
Epoch 005	LOSS: 216.99	MAE: 248.89	RMSE: 292.64
Epoch 006	LOSS: 216.59	MAE: 247.65	RMSE: 291.56
Epoch 007	LOSS: 213.79	MAE: 246.33	RMSE: 290.41
Epoch 008	LOSS: 212.52	MAE: 244.96	RMSE: 289.22
Epoch 009	LOSS: 210.62	MAE: 243.54	RMSE: 287.98
Epoch 010	LOSS: 213.67	MAE: 242.07	RMSE: 286.70
Epoch 011	LOSS: 209.55	MAE: 240.57	RMSE: 285.37
Epoch 012	LOSS: 203.68	MAE: 239.04	RMSE: 284.03
Epoch 013	LOSS: 205.08	MAE: 237.49	RMSE: 282.66
Epoch 014	LOSS: 203.50	MAE: 235.93	RMSE: 281.28
Epoch 015	LOSS: 199.58	MAE: 234.36	RMSE: 279.89
Epoch 016	LOSS: 198.86	MAE: 232.78	RMSE: 278.49
Epoch 017	LOSS: 200.31	MAE: 231.20	RMSE: 277.07
Epoch 018	LOSS: 197.90	MAE: 229.60	RMSE: 275.65
Epoch 019	LOSS: 193.38	MAE: 228.01	RMSE: 274.22
Epoch 020	LOSS: 194.56	MAE: 226.38	RMSE: 272.76
Epoch 021	LOSS: 195.74	MAE: 224.76	RMSE: 271.30
Epoch 022	LOSS: 195.46	MAE: 223.13	RMSE: 269.82
Epoch 023	LOSS: 190.60	MAE: 221.51	RMSE: 268.35
Epoch 024	LOSS: 186.87	MAE: 219.90	RMSE: 266.88
Epoch 025	LOSS: 187.51	MAE: 218.26	RMSE: 265.39
Epoch 026	LOSS: 184.05	MAE: 216.63	RMSE: 263.88
Epoch 027	LOSS: 184.05	MAE: 215.00	RMSE: 262.38
Epoch 028	LOSS: 185.90	MAE: 213.38	RMSE: 260.87
Epoch 029	LOSS: 179.08	MAE: 211.76	RMSE: 259.35
Epoch 030	LOSS: 181.96	MAE: 210.15	RMSE: 257.84
Epoch 031	LOSS: 177.93	MAE: 208.54	RMSE: 256.33
Epoch 032	LOSS: 179.08	MAE: 206.95	RMSE: 254.82
Epoch 033	LOSS: 176.75	MAE: 205.39	RMSE: 253.33
Epoch 034	LOSS: 171.45	MAE: 203.84	RMSE: 251.85
Epoch 035	LOSS: 171.82	MAE: 202.32	RMSE: 250.39
Epoch 036	LOSS: 170.73	MAE: 200.80	RMSE: 248.92
Epoch 037	LOSS: 170.18	MAE: 199.31	RMSE: 247.48
Epoch 038	LOSS: 165.94	MAE: 197.85	RMSE: 246.06
Epoch 039	LOSS: 169.34	MAE: 196.42	RMSE: 244.66
Epoch 040	LOSS: 162.82	MAE: 195.02	RMSE: 243.28
Epoch 041	LOSS: 164.89	MAE: 193.67	RMSE: 241.95
Epoch 042	LOSS: 160.13	MAE: 192.36	RMSE: 240.65
Epoch 043	LOSS: 161.11	MAE: 191.07	RMSE: 239.37
Epoch 044	LOSS: 161.91	MAE: 189.84	RMSE: 238.13
Epoch 045	LOSS: 156.82	MAE: 188.68	RMSE: 236.97
Epoch 046	LOSS: 158.20	MAE: 187.58	RMSE: 235.86
Epoch 047	LOSS: 160.35	MAE: 186.52	RMSE: 234.78
Epoch 048	LOSS: 157.91	MAE: 185.57	RMSE: 233.81
Epoch 049	LOSS: 154.82	MAE: 184.73	RMSE: 232.96
Epoch 050	LOSS: 152.42	MAE: 184.00	RMSE: 232.20
Epoch 051	LOSS: 148.28	MAE: 183.38	RMSE: 231.57
Epoch 052	LOSS: 147.81	MAE: 182.86	RMSE: 231.05
Epoch 053	LOSS: 149.22	MAE: 182.42	RMSE: 230.58
Epoch 054	LOSS: 149.09	MAE: 182.08	RMSE: 230.27
Epoch 055	LOSS: 145.37	MAE: 181.87	RMSE: 230.05
Epoch 056	LOSS: 143.42	MAE: 181.78	RMSE: 229.98
Epoch 057	LOSS: 142.03	MAE: 181.70	RMSE: 229.97
Epoch 058	LOSS: 141.86	MAE: 181.76	RMSE: 230.04
Epoch 059	LOSS: 142.40	MAE: 181.86	RMSE: 230.14
Epoch 060	LOSS: 144.93	MAE: 182.02	RMSE: 230.39
Epoch 061	LOSS: 140.16	MAE: 182.35	RMSE: 230.77
Epoch 062	LOSS: 139.30	MAE: 182.80	RMSE: 231.26
Epoch 063	LOSS: 136.28	MAE: 183.18	RMSE: 231.74
Epoch 064	LOSS: 134.97	MAE: 183.81	RMSE: 232.49
Epoch 065	LOSS: 134.05	MAE: 184.28	RMSE: 232.95
Epoch 066	LOSS: 132.80	MAE: 184.87	RMSE: 233.64
Epoch 067	LOSS: 131.78	MAE: 185.94	RMSE: 234.86
Epoch 068	LOSS: 130.56	MAE: 186.20	RMSE: 235.21
Epoch 069	LOSS: 126.85	MAE: 186.84	RMSE: 235.92
Epoch 070	LOSS: 125.69	MAE: 187.19	RMSE: 236.44
Epoch 071	LOSS: 123.67	MAE: 187.69	RMSE: 237.20
Epoch 072	LOSS: 123.08	MAE: 187.89	RMSE: 237.55
Epoch 073	LOSS: 122.83	MAE: 187.91	RMSE: 237.72
Epoch 074	LOSS: 119.10	MAE: 187.87	RMSE: 237.83
Epoch 075	LOSS: 117.42	MAE: 188.06	RMSE: 238.16
Epoch 076	LOSS: 119.39	MAE: 188.11	RMSE: 238.26
Epoch 077	LOSS: 119.77	MAE: 188.00	RMSE: 238.19
Epoch 078	LOSS: 118.09	MAE: 187.89	RMSE: 238.13
Epoch 079	LOSS: 115.35	MAE: 187.58	RMSE: 237.88
Epoch 080	LOSS: 116.60	MAE: 187.34	RMSE: 237.65
Epoch 081	LOSS: 114.26	MAE: 187.10	RMSE: 237.41
Epoch 082	LOSS: 114.08	MAE: 186.77	RMSE: 237.08
Epoch 083	LOSS: 112.86	MAE: 186.35	RMSE: 236.63
Epoch 084	LOSS: 111.73	MAE: 185.85	RMSE: 236.31
Epoch 085	LOSS: 113.62	MAE: 185.60	RMSE: 236.10
Epoch 086	LOSS: 110.51	MAE: 185.27	RMSE: 235.79
Epoch 087	LOSS: 110.66	MAE: 185.08	RMSE: 235.61
Epoch 088	LOSS: 109.51	MAE: 184.67	RMSE: 235.42
Epoch 089	LOSS: 109.31	MAE: 184.54	RMSE: 235.22
Epoch 090	LOSS: 109.78	MAE: 184.38	RMSE: 235.07
Epoch 091	LOSS: 110.78	MAE: 184.29	RMSE: 234.93
Epoch 092	LOSS: 105.55	MAE: 184.08	RMSE: 234.93
Epoch 093	LOSS: 108.03	MAE: 184.27	RMSE: 235.08
Epoch 094	LOSS: 107.50	MAE: 184.10	RMSE: 235.06
Epoch 095	LOSS: 106.62	MAE: 183.76	RMSE: 234.85
Epoch 096	LOSS: 104.82	MAE: 183.78	RMSE: 234.78
Epoch 097	LOSS: 102.67	MAE: 183.64	RMSE: 234.65
Epoch 098	LOSS: 103.82	MAE: 183.33	RMSE: 234.47
Epoch 099	LOSS: 103.88	MAE: 183.44	RMSE: 234.40
Epoch 100	LOSS: 106.46	MAE: 183.21	RMSE: 234.21
Epoch 101	LOSS: 103.03	MAE: 182.68	RMSE: 233.86
Epoch 102	LOSS: 102.96	MAE: 182.69	RMSE: 233.74
Epoch 103	LOSS: 103.04	MAE: 182.47	RMSE: 233.59
Epoch 104	LOSS: 100.88	MAE: 182.28	RMSE: 233.54
Epoch 105	LOSS: 103.15	MAE: 182.27	RMSE: 233.47
Epoch 106	LOSS: 101.65	MAE: 181.95	RMSE: 233.22
Epoch 107	LOSS: 102.00	MAE: 181.74	RMSE: 232.97
Epoch 108	LOSS: 101.76	MAE: 181.45	RMSE: 232.76
Epoch 109	LOSS: 99.89	MAE: 181.44	RMSE: 232.69
Epoch 110	LOSS: 101.17	MAE: 181.09	RMSE: 232.47
Epoch 111	LOSS: 97.89	MAE: 180.97	RMSE: 232.33
Epoch 112	LOSS: 97.22	MAE: 180.79	RMSE: 232.20
Epoch 113	LOSS: 97.63	MAE: 180.57	RMSE: 231.99
Epoch 114	LOSS: 97.90	MAE: 180.36	RMSE: 231.76
Epoch 115	LOSS: 97.53	MAE: 180.03	RMSE: 231.47
Epoch 116	LOSS: 96.85	MAE: 179.78	RMSE: 231.17
Epoch 117	LOSS: 95.20	MAE: 179.31	RMSE: 230.76
Epoch 118	LOSS: 94.71	MAE: 179.03	RMSE: 230.40
Epoch 119	LOSS: 94.69	MAE: 178.56	RMSE: 229.95
Epoch 120	LOSS: 94.06	MAE: 178.34	RMSE: 229.69
Epoch 121	LOSS: 94.34	MAE: 177.97	RMSE: 229.42
Epoch 122	LOSS: 90.98	MAE: 177.75	RMSE: 229.12
Epoch 123	LOSS: 91.06	MAE: 177.22	RMSE: 228.63
Epoch 124	LOSS: 91.10	MAE: 177.04	RMSE: 228.35
Epoch 125	LOSS: 92.36	MAE: 176.61	RMSE: 227.96
Epoch 126	LOSS: 93.36	MAE: 176.53	RMSE: 227.79
Epoch 127	LOSS: 91.47	MAE: 176.13	RMSE: 227.46
Epoch 128	LOSS: 90.06	MAE: 176.05	RMSE: 227.31
Epoch 129	LOSS: 88.42	MAE: 175.60	RMSE: 226.93
Epoch 130	LOSS: 88.68	MAE: 175.50	RMSE: 226.72
Epoch 131	LOSS: 88.77	MAE: 175.13	RMSE: 226.42
Epoch 132	LOSS: 90.09	MAE: 175.13	RMSE: 226.34
Epoch 133	LOSS: 89.29	MAE: 174.94	RMSE: 226.25
Epoch 134	LOSS: 86.95	MAE: 175.15	RMSE: 226.40
Epoch 135	LOSS: 87.47	MAE: 174.99	RMSE: 226.34
Epoch 136	LOSS: 86.87	MAE: 175.17	RMSE: 226.39
Epoch 137	LOSS: 89.19	MAE: 174.69	RMSE: 225.99
Epoch 138	LOSS: 86.18	MAE: 174.68	RMSE: 225.87
Epoch 139	LOSS: 87.17	MAE: 174.26	RMSE: 225.56
Epoch 140	LOSS: 88.03	MAE: 174.14	RMSE: 225.38
Epoch 141	LOSS: 86.54	MAE: 173.67	RMSE: 224.99
Epoch 142	LOSS: 85.92	MAE: 173.54	RMSE: 224.75
Epoch 143	LOSS: 83.59	MAE: 173.00	RMSE: 224.27
Epoch 144	LOSS: 84.62	MAE: 172.93	RMSE: 224.10
Epoch 145	LOSS: 86.07	MAE: 172.61	RMSE: 223.88
Epoch 146	LOSS: 83.11	MAE: 172.50	RMSE: 223.70
Epoch 147	LOSS: 84.98	MAE: 172.11	RMSE: 223.43
Epoch 148	LOSS: 83.41	MAE: 172.05	RMSE: 223.29
Epoch 149	LOSS: 83.62	MAE: 171.59	RMSE: 222.90
Epoch 150	LOSS: 84.66	MAE: 171.50	RMSE: 222.70
Epoch 151	LOSS: 84.16	MAE: 170.95	RMSE: 222.21
Epoch 152	LOSS: 83.66	MAE: 170.77	RMSE: 221.89
Epoch 153	LOSS: 83.82	MAE: 170.33	RMSE: 221.57
Epoch 154	LOSS: 83.38	MAE: 170.46	RMSE: 221.65
Epoch 155	LOSS: 80.60	MAE: 170.09	RMSE: 221.41
Epoch 156	LOSS: 80.44	MAE: 170.08	RMSE: 221.30
Epoch 157	LOSS: 80.95	MAE: 169.68	RMSE: 220.99
Epoch 158	LOSS: 81.82	MAE: 169.78	RMSE: 220.98
Epoch 159	LOSS: 80.52	MAE: 169.40	RMSE: 220.66
Epoch 160	LOSS: 81.30	MAE: 169.41	RMSE: 220.54
Epoch 161	LOSS: 81.21	MAE: 169.05	RMSE: 220.27
Epoch 162	LOSS: 81.27	MAE: 169.04	RMSE: 220.14
Epoch 163	LOSS: 78.21	MAE: 168.61	RMSE: 219.77
Epoch 164	LOSS: 80.69	MAE: 168.69	RMSE: 219.74
Epoch 165	LOSS: 81.25	MAE: 168.45	RMSE: 219.66
Epoch 166	LOSS: 80.02	MAE: 168.59	RMSE: 219.70
Epoch 167	LOSS: 80.28	MAE: 167.99	RMSE: 219.18
Epoch 168	LOSS: 79.45	MAE: 167.75	RMSE: 218.73
Epoch 169	LOSS: 80.45	MAE: 167.36	RMSE: 218.43
Epoch 170	LOSS: 78.96	MAE: 167.49	RMSE: 218.50
Epoch 171	LOSS: 77.84	MAE: 167.22	RMSE: 218.38
Epoch 172	LOSS: 78.75	MAE: 167.28	RMSE: 218.37
Epoch 173	LOSS: 77.66	MAE: 166.75	RMSE: 217.90
Epoch 174	LOSS: 77.53	MAE: 166.70	RMSE: 217.70
Epoch 175	LOSS: 77.16	MAE: 166.48	RMSE: 217.64
Epoch 176	LOSS: 78.55	MAE: 166.72	RMSE: 217.85
Epoch 177	LOSS: 77.21	MAE: 166.25	RMSE: 217.46
Epoch 178	LOSS: 76.72	MAE: 166.10	RMSE: 217.16
Epoch 179	LOSS: 75.47	MAE: 165.58	RMSE: 216.67
Epoch 180	LOSS: 77.42	MAE: 165.59	RMSE: 216.57
Epoch 181	LOSS: 74.86	MAE: 165.27	RMSE: 216.38
Epoch 182	LOSS: 75.02	MAE: 165.30	RMSE: 216.32
Epoch 183	LOSS: 75.91	MAE: 164.85	RMSE: 215.96
Epoch 184	LOSS: 75.26	MAE: 164.75	RMSE: 215.74
Epoch 185	LOSS: 75.00	MAE: 164.41	RMSE: 215.50
Epoch 186	LOSS: 76.67	MAE: 164.63	RMSE: 215.65
Epoch 187	LOSS: 73.92	MAE: 164.33	RMSE: 215.47
Epoch 188	LOSS: 74.43	MAE: 164.40	RMSE: 215.43
Epoch 189	LOSS: 72.81	MAE: 163.91	RMSE: 215.00
Epoch 190	LOSS: 74.25	MAE: 163.82	RMSE: 214.78
Epoch 191	LOSS: 74.18	MAE: 163.32	RMSE: 214.34
Epoch 192	LOSS: 74.14	MAE: 163.48	RMSE: 214.43
Epoch 193	LOSS: 74.34	MAE: 163.21	RMSE: 214.30
Epoch 194	LOSS: 73.07	MAE: 163.39	RMSE: 214.44
Epoch 195	LOSS: 74.04	MAE: 162.88	RMSE: 214.01
Epoch 196	LOSS: 73.73	MAE: 162.79	RMSE: 213.80
Epoch 197	LOSS: 73.48	MAE: 162.41	RMSE: 213.54
Epoch 198	LOSS: 73.08	MAE: 162.69	RMSE: 213.80
Epoch 199	LOSS: 70.33	MAE: 162.29	RMSE: 213.49
Epoch 200	LOSS: 73.07	MAE: 162.36	RMSE: 213.47
Epoch 201	LOSS: 72.03	MAE: 161.82	RMSE: 212.98
Epoch 202	LOSS: 72.77	MAE: 161.86	RMSE: 212.88
Epoch 203	LOSS: 72.14	MAE: 161.49	RMSE: 212.61
Epoch 204	LOSS: 72.93	MAE: 161.68	RMSE: 212.77
Epoch 205	LOSS: 71.90	MAE: 161.38	RMSE: 212.61
Epoch 206	LOSS: 71.84	MAE: 161.59	RMSE: 212.77
Epoch 207	LOSS: 71.49	MAE: 161.03	RMSE: 212.29
Epoch 208	LOSS: 70.00	MAE: 161.05	RMSE: 212.20
Epoch 209	LOSS: 70.63	MAE: 160.72	RMSE: 211.98
Epoch 210	LOSS: 70.14	MAE: 160.99	RMSE: 212.16
Epoch 211	LOSS: 70.07	MAE: 160.51	RMSE: 211.75
Epoch 212	LOSS: 70.76	MAE: 160.42	RMSE: 211.53
Epoch 213	LOSS: 69.85	MAE: 159.85	RMSE: 211.01
Epoch 214	LOSS: 69.98	MAE: 159.93	RMSE: 211.01
Epoch 215	LOSS: 70.80	MAE: 159.54	RMSE: 210.71
Epoch 216	LOSS: 70.04	MAE: 159.65	RMSE: 210.73
Epoch 217	LOSS: 69.97	MAE: 159.20	RMSE: 210.36
Epoch 218	LOSS: 69.49	MAE: 159.38	RMSE: 210.48
Epoch 219	LOSS: 70.21	MAE: 159.02	RMSE: 210.22
Epoch 220	LOSS: 68.86	MAE: 159.16	RMSE: 210.28
Epoch 221	LOSS: 68.73	MAE: 158.72	RMSE: 209.91
Epoch 222	LOSS: 68.66	MAE: 158.86	RMSE: 209.95
Epoch 223	LOSS: 68.70	MAE: 158.34	RMSE: 209.47
Epoch 224	LOSS: 68.82	MAE: 158.35	RMSE: 209.35
Epoch 225	LOSS: 67.14	MAE: 157.76	RMSE: 208.78
Epoch 226	LOSS: 67.72	MAE: 157.91	RMSE: 208.86
Epoch 227	LOSS: 67.67	MAE: 157.60	RMSE: 208.66
Epoch 228	LOSS: 67.49	MAE: 157.86	RMSE: 208.86
Epoch 229	LOSS: 68.26	MAE: 157.54	RMSE: 208.65
Epoch 230	LOSS: 67.57	MAE: 157.69	RMSE: 208.72
Epoch 231	LOSS: 67.79	MAE: 157.16	RMSE: 208.24
Epoch 232	LOSS: 68.14	MAE: 157.27	RMSE: 208.24
Epoch 233	LOSS: 67.10	MAE: 156.72	RMSE: 207.75
Epoch 234	LOSS: 67.40	MAE: 156.85	RMSE: 207.80
Epoch 235	LOSS: 67.89	MAE: 156.41	RMSE: 207.42
Epoch 236	LOSS: 66.72	MAE: 156.42	RMSE: 207.31
Epoch 237	LOSS: 65.75	MAE: 155.77	RMSE: 206.65
Epoch 238	LOSS: 66.40	MAE: 155.79	RMSE: 206.54
Epoch 239	LOSS: 66.98	MAE: 155.22	RMSE: 206.00
Epoch 240	LOSS: 66.00	MAE: 155.40	RMSE: 206.11
Epoch 241	LOSS: 65.72	MAE: 154.85	RMSE: 205.60
Epoch 242	LOSS: 64.74	MAE: 154.86	RMSE: 205.49
Epoch 243	LOSS: 65.99	MAE: 154.32	RMSE: 204.96
Epoch 244	LOSS: 65.57	MAE: 154.52	RMSE: 205.06
Epoch 245	LOSS: 66.05	MAE: 154.11	RMSE: 204.72
Epoch 246	LOSS: 65.46	MAE: 154.37	RMSE: 204.90
Epoch 247	LOSS: 65.17	MAE: 154.01	RMSE: 204.61
Epoch 248	LOSS: 64.66	MAE: 154.23	RMSE: 204.73
Epoch 249	LOSS: 65.35	MAE: 153.79	RMSE: 204.31
Epoch 250	LOSS: 64.65	MAE: 154.08	RMSE: 204.51
Epoch 251	LOSS: 64.84	MAE: 153.78	RMSE: 204.30
Epoch 252	LOSS: 64.55	MAE: 153.94	RMSE: 204.37
Epoch 253	LOSS: 65.26	MAE: 153.61	RMSE: 204.15
Epoch 254	LOSS: 64.85	MAE: 153.77	RMSE: 204.22
Epoch 255	LOSS: 64.43	MAE: 153.26	RMSE: 203.73
Epoch 256	LOSS: 64.40	MAE: 153.53	RMSE: 203.94
Epoch 257	LOSS: 64.06	MAE: 153.16	RMSE: 203.65
Epoch 258	LOSS: 64.31	MAE: 153.46	RMSE: 203.89
Epoch 259	LOSS: 64.87	MAE: 153.17	RMSE: 203.70
Epoch 260	LOSS: 63.70	MAE: 153.46	RMSE: 203.92
Epoch 261	LOSS: 63.90	MAE: 153.08	RMSE: 203.59
Epoch 262	LOSS: 63.48	MAE: 153.30	RMSE: 203.69
Epoch 263	LOSS: 63.99	MAE: 152.69	RMSE: 203.06
Epoch 264	LOSS: 63.55	MAE: 152.81	RMSE: 203.04
Epoch 265	LOSS: 63.31	MAE: 152.44	RMSE: 202.76
Epoch 266	LOSS: 65.00	MAE: 152.83	RMSE: 203.08
Epoch 267	LOSS: 62.00	MAE: 152.44	RMSE: 202.76
Epoch 268	LOSS: 63.47	MAE: 152.56	RMSE: 202.72
Epoch 269	LOSS: 62.63	MAE: 151.94	RMSE: 202.08
Epoch 270	LOSS: 64.00	MAE: 152.08	RMSE: 202.06
Epoch 271	LOSS: 61.69	MAE: 151.62	RMSE: 201.67
Epoch 272	LOSS: 62.28	MAE: 151.82	RMSE: 201.75
Epoch 273	LOSS: 62.04	MAE: 151.41	RMSE: 201.45
Epoch 274	LOSS: 62.75	MAE: 151.65	RMSE: 201.60
Epoch 275	LOSS: 62.90	MAE: 151.11	RMSE: 201.12
Epoch 276	LOSS: 62.16	MAE: 151.22	RMSE: 201.08
Epoch 277	LOSS: 62.26	MAE: 150.78	RMSE: 200.71
Epoch 278	LOSS: 62.06	MAE: 151.02	RMSE: 200.86
Epoch 279	LOSS: 61.61	MAE: 150.53	RMSE: 200.43
Epoch 280	LOSS: 62.27	MAE: 150.85	RMSE: 200.66
Epoch 281	LOSS: 61.97	MAE: 150.29	RMSE: 200.10
Epoch 282	LOSS: 62.39	MAE: 150.46	RMSE: 200.11
Epoch 283	LOSS: 61.30	MAE: 150.17	RMSE: 199.93
Epoch 284	LOSS: 61.03	MAE: 150.67	RMSE: 200.42
Epoch 285	LOSS: 59.91	MAE: 150.29	RMSE: 200.14
Epoch 286	LOSS: 60.81	MAE: 150.65	RMSE: 200.44
Epoch 287	LOSS: 60.18	MAE: 150.25	RMSE: 200.09
Epoch 288	LOSS: 61.18	MAE: 150.61	RMSE: 200.37
Epoch 289	LOSS: 60.98	MAE: 150.32	RMSE: 200.08
Epoch 290	LOSS: 60.27	MAE: 150.43	RMSE: 200.10
Epoch 291	LOSS: 60.65	MAE: 149.91	RMSE: 199.57
Epoch 292	LOSS: 61.23	MAE: 149.93	RMSE: 199.47
Epoch 293	LOSS: 61.39	MAE: 149.34	RMSE: 198.94
Epoch 294	LOSS: 60.79	MAE: 149.68	RMSE: 199.26
Epoch 295	LOSS: 60.32	MAE: 149.41	RMSE: 199.06
Epoch 296	LOSS: 59.36	MAE: 149.78	RMSE: 199.34
Epoch 297	LOSS: 60.20	MAE: 149.48	RMSE: 199.09
Epoch 298	LOSS: 60.41	MAE: 150.04	RMSE: 199.51
Epoch 299	LOSS: 60.19	MAE: 149.64	RMSE: 199.14
Epoch 300	LOSS: 59.47	MAE: 149.74	RMSE: 199.10
Epoch 301	LOSS: 58.76	MAE: 149.04	RMSE: 198.41
Epoch 302	LOSS: 59.59	MAE: 149.21	RMSE: 198.47
Epoch 303	LOSS: 60.05	MAE: 148.65	RMSE: 198.02
Epoch 304	LOSS: 58.54	MAE: 148.95	RMSE: 198.23
Epoch 305	LOSS: 58.08	MAE: 148.53	RMSE: 197.88
Epoch 306	LOSS: 59.54	MAE: 148.97	RMSE: 198.21
Epoch 307	LOSS: 60.01	MAE: 148.41	RMSE: 197.66
Epoch 308	LOSS: 58.07	MAE: 148.75	RMSE: 197.91
Epoch 309	LOSS: 59.51	MAE: 148.36	RMSE: 197.58
Epoch 310	LOSS: 58.83	MAE: 148.80	RMSE: 197.99
Epoch 311	LOSS: 58.75	MAE: 148.34	RMSE: 197.59
Epoch 312	LOSS: 59.56	MAE: 148.70	RMSE: 197.86
Epoch 313	LOSS: 58.33	MAE: 148.31	RMSE: 197.55
Epoch 314	LOSS: 58.53	MAE: 148.68	RMSE: 197.88
Epoch 315	LOSS: 57.77	MAE: 148.43	RMSE: 197.72
Epoch 316	LOSS: 58.56	MAE: 148.83	RMSE: 198.06
Epoch 317	LOSS: 57.48	MAE: 148.46	RMSE: 197.71
Epoch 318	LOSS: 58.47	MAE: 148.78	RMSE: 197.90
Epoch 319	LOSS: 58.55	MAE: 148.09	RMSE: 197.18
Epoch 320	LOSS: 58.34	MAE: 148.48	RMSE: 197.48
Epoch 321	LOSS: 57.07	MAE: 147.97	RMSE: 197.08
Epoch 322	LOSS: 56.82	MAE: 148.27	RMSE: 197.28
Epoch 323	LOSS: 56.70	MAE: 147.72	RMSE: 196.76
Epoch 324	LOSS: 57.22	MAE: 148.17	RMSE: 197.09
Epoch 325	LOSS: 57.64	MAE: 147.78	RMSE: 196.85
Epoch 326	LOSS: 57.62	MAE: 148.36	RMSE: 197.41
Epoch 327	LOSS: 57.23	MAE: 147.94	RMSE: 197.10
Epoch 328	LOSS: 57.60	MAE: 148.06	RMSE: 197.03
Epoch 329	LOSS: 57.47	MAE: 147.26	RMSE: 196.24
Epoch 330	LOSS: 56.35	MAE: 147.37	RMSE: 196.21
Epoch 331	LOSS: 56.85	MAE: 146.98	RMSE: 195.86
Epoch 332	LOSS: 57.22	MAE: 147.52	RMSE: 196.35
Epoch 333	LOSS: 56.98	MAE: 147.12	RMSE: 196.12
Epoch 334	LOSS: 57.62	MAE: 147.53	RMSE: 196.49
Epoch 335	LOSS: 56.77	MAE: 147.11	RMSE: 196.13
Epoch 336	LOSS: 57.35	MAE: 147.49	RMSE: 196.34
Epoch 337	LOSS: 56.26	MAE: 146.82	RMSE: 195.67
Epoch 338	LOSS: 56.66	MAE: 147.24	RMSE: 196.02
Epoch 339	LOSS: 56.23	MAE: 146.81	RMSE: 195.70
Epoch 340	LOSS: 56.07	MAE: 147.15	RMSE: 195.94
Epoch 341	LOSS: 57.21	MAE: 146.51	RMSE: 195.35
Epoch 342	LOSS: 56.43	MAE: 146.81	RMSE: 195.55
Epoch 343	LOSS: 56.41	MAE: 146.15	RMSE: 194.90
Epoch 344	LOSS: 55.63	MAE: 146.15	RMSE: 194.70
Epoch 345	LOSS: 55.17	MAE: 145.34	RMSE: 193.83
Epoch 346	LOSS: 55.56	MAE: 145.58	RMSE: 193.99
Epoch 347	LOSS: 56.14	MAE: 145.15	RMSE: 193.61
Epoch 348	LOSS: 56.05	MAE: 145.55	RMSE: 193.95
Epoch 349	LOSS: 55.74	MAE: 145.25	RMSE: 193.75
Epoch 350	LOSS: 55.56	MAE: 145.79	RMSE: 194.30
Epoch 351	LOSS: 55.61	MAE: 145.38	RMSE: 193.95
Epoch 352	LOSS: 55.58	MAE: 145.57	RMSE: 194.02
Epoch 353	LOSS: 54.38	MAE: 144.85	RMSE: 193.21
Epoch 354	LOSS: 55.61	MAE: 145.17	RMSE: 193.45
Epoch 355	LOSS: 55.77	MAE: 144.90	RMSE: 193.33
Epoch 356	LOSS: 55.47	MAE: 145.44	RMSE: 193.90
Epoch 357	LOSS: 54.88	MAE: 145.14	RMSE: 193.73
Epoch 358	LOSS: 54.92	MAE: 145.66	RMSE: 194.21
Epoch 359	LOSS: 54.45	MAE: 145.25	RMSE: 193.87
Epoch 360	LOSS: 53.87	MAE: 145.69	RMSE: 194.31
Epoch 361	LOSS: 55.14	MAE: 145.32	RMSE: 194.05
Epoch 362	LOSS: 55.12	MAE: 145.83	RMSE: 194.51
Epoch 363	LOSS: 54.78	MAE: 145.34	RMSE: 194.09
Epoch 364	LOSS: 55.67	MAE: 145.44	RMSE: 194.03
Epoch 365	LOSS: 53.76	MAE: 144.90	RMSE: 193.56
Epoch 366	LOSS: 53.63	MAE: 145.56	RMSE: 194.20
Epoch 367	LOSS: 53.64	MAE: 145.21	RMSE: 193.95
Epoch 368	LOSS: 54.68	MAE: 145.68	RMSE: 194.31
Epoch 369	LOSS: 54.12	MAE: 145.02	RMSE: 193.67
Epoch 370	LOSS: 54.07	MAE: 145.37	RMSE: 193.88
Epoch 371	LOSS: 53.99	MAE: 144.80	RMSE: 193.40
Epoch 372	LOSS: 54.00	MAE: 145.13	RMSE: 193.63
Epoch 373	LOSS: 53.60	MAE: 144.65	RMSE: 193.22
Epoch 374	LOSS: 54.19	MAE: 145.26	RMSE: 193.76
Epoch 375	LOSS: 53.60	MAE: 144.73	RMSE: 193.35
Epoch 376	LOSS: 53.09	MAE: 145.05	RMSE: 193.59
Epoch 377	LOSS: 52.98	MAE: 144.44	RMSE: 192.99
Epoch 378	LOSS: 53.41	MAE: 144.72	RMSE: 193.04
Epoch 379	LOSS: 54.40	MAE: 144.16	RMSE: 192.48
Epoch 380	LOSS: 52.86	MAE: 144.61	RMSE: 192.83
Epoch 381	LOSS: 53.52	MAE: 143.98	RMSE: 192.20
Epoch 382	LOSS: 53.68	MAE: 143.90	RMSE: 191.88
Epoch 383	LOSS: 54.16	MAE: 143.24	RMSE: 191.21
Epoch 384	LOSS: 54.30	MAE: 143.79	RMSE: 191.68
Epoch 385	LOSS: 53.03	MAE: 143.69	RMSE: 191.72
Epoch 386	LOSS: 53.47	MAE: 144.31	RMSE: 192.29
Epoch 387	LOSS: 52.45	MAE: 143.93	RMSE: 192.06
Epoch 388	LOSS: 54.18	MAE: 144.17	RMSE: 192.20
Epoch 389	LOSS: 53.05	MAE: 143.28	RMSE: 191.25
Epoch 390	LOSS: 53.19	MAE: 143.36	RMSE: 191.13
Epoch 391	LOSS: 53.31	MAE: 142.60	RMSE: 190.28
Epoch 392	LOSS: 52.29	MAE: 142.93	RMSE: 190.50
Epoch 393	LOSS: 52.91	MAE: 142.51	RMSE: 190.10
Epoch 394	LOSS: 52.34	MAE: 142.92	RMSE: 190.52
Epoch 395	LOSS: 51.76	MAE: 142.54	RMSE: 190.28
Epoch 396	LOSS: 52.36	MAE: 143.08	RMSE: 190.79
Epoch 397	LOSS: 52.91	MAE: 142.77	RMSE: 190.52
Epoch 398	LOSS: 52.02	MAE: 143.09	RMSE: 190.74
Epoch 399	LOSS: 52.40	MAE: 142.51	RMSE: 190.23
Epoch 400	LOSS: 51.44	MAE: 142.90	RMSE: 190.51
Epoch 401	LOSS: 51.39	MAE: 142.52	RMSE: 190.01
Epoch 402	LOSS: 52.85	MAE: 142.94	RMSE: 190.38
Epoch 403	LOSS: 52.18	MAE: 142.43	RMSE: 190.02
Epoch 404	LOSS: 51.83	MAE: 142.93	RMSE: 190.55
Epoch 405	LOSS: 51.88	MAE: 142.67	RMSE: 190.34
Epoch 406	LOSS: 53.06	MAE: 143.04	RMSE: 190.59
Epoch 407	LOSS: 52.14	MAE: 142.50	RMSE: 190.11
Epoch 408	LOSS: 52.42	MAE: 142.81	RMSE: 190.37
Epoch 409	LOSS: 52.52	MAE: 142.32	RMSE: 189.79
Epoch 410	LOSS: 51.52	MAE: 142.74	RMSE: 190.15
Epoch 411	LOSS: 51.66	MAE: 142.31	RMSE: 189.90
Epoch 412	LOSS: 52.18	MAE: 142.65	RMSE: 190.31
Epoch 413	LOSS: 52.13	MAE: 142.10	RMSE: 189.74
Epoch 414	LOSS: 51.20	MAE: 142.48	RMSE: 189.98
Epoch 415	LOSS: 51.55	MAE: 142.01	RMSE: 189.46
Epoch 416	LOSS: 51.80	MAE: 142.29	RMSE: 189.52
Epoch 417	LOSS: 51.20	MAE: 141.78	RMSE: 189.02
Epoch 418	LOSS: 51.85	MAE: 142.27	RMSE: 189.53
Epoch 419	LOSS: 50.85	MAE: 142.04	RMSE: 189.44
Epoch 420	LOSS: 50.87	MAE: 142.75	RMSE: 190.14
Epoch 421	LOSS: 51.53	MAE: 142.41	RMSE: 189.93
Epoch 422	LOSS: 50.99	MAE: 142.84	RMSE: 190.34
Epoch 423	LOSS: 51.49	MAE: 142.20	RMSE: 189.66
Epoch 424	LOSS: 51.28	MAE: 142.43	RMSE: 189.73
Epoch 425	LOSS: 51.22	MAE: 141.66	RMSE: 188.94
Epoch 426	LOSS: 51.12	MAE: 141.95	RMSE: 189.18
Epoch 427	LOSS: 50.75	MAE: 141.53	RMSE: 188.86
Epoch 428	LOSS: 50.43	MAE: 142.06	RMSE: 189.32
Epoch 429	LOSS: 50.89	MAE: 141.44	RMSE: 188.65
Epoch 430	LOSS: 50.60	MAE: 141.74	RMSE: 188.85
Epoch 431	LOSS: 50.90	MAE: 141.02	RMSE: 188.14
Epoch 432	LOSS: 51.30	MAE: 141.42	RMSE: 188.41
Epoch 433	LOSS: 50.71	MAE: 140.99	RMSE: 187.99
Epoch 434	LOSS: 50.82	MAE: 141.55	RMSE: 188.45
Epoch 435	LOSS: 50.96	MAE: 141.25	RMSE: 188.29
Epoch 436	LOSS: 51.09	MAE: 141.83	RMSE: 188.87
Epoch 437	LOSS: 50.39	MAE: 141.45	RMSE: 188.61
Epoch 438	LOSS: 50.33	MAE: 141.93	RMSE: 189.03
Epoch 439	LOSS: 50.84	MAE: 141.40	RMSE: 188.55
Epoch 440	LOSS: 50.23	MAE: 141.62	RMSE: 188.66
Epoch 441	LOSS: 51.08	MAE: 140.94	RMSE: 188.00
Epoch 442	LOSS: 50.20	MAE: 141.26	RMSE: 188.20
Epoch 443	LOSS: 49.87	MAE: 140.67	RMSE: 187.67
Epoch 444	LOSS: 49.91	MAE: 141.00	RMSE: 187.91
Epoch 445	LOSS: 49.90	MAE: 140.39	RMSE: 187.37
Epoch 446	LOSS: 49.88	MAE: 140.83	RMSE: 187.75
Epoch 447	LOSS: 49.22	MAE: 140.42	RMSE: 187.40
Epoch 448	LOSS: 50.30	MAE: 140.95	RMSE: 187.88
Epoch 449	LOSS: 49.96	MAE: 140.32	RMSE: 187.23
Epoch 450	LOSS: 50.41	MAE: 140.81	RMSE: 187.59
Epoch 451	LOSS: 49.11	MAE: 140.41	RMSE: 187.26
Epoch 452	LOSS: 50.41	MAE: 140.90	RMSE: 187.71
Epoch 453	LOSS: 49.39	MAE: 140.43	RMSE: 187.37
Epoch 454	LOSS: 50.12	MAE: 140.97	RMSE: 187.91
Epoch 455	LOSS: 48.48	MAE: 140.56	RMSE: 187.65
Epoch 456	LOSS: 50.64	MAE: 141.14	RMSE: 188.20
Epoch 457	LOSS: 50.12	MAE: 140.78	RMSE: 187.90
Epoch 458	LOSS: 49.08	MAE: 141.45	RMSE: 188.54
Epoch 459	LOSS: 49.38	MAE: 140.68	RMSE: 187.82
Epoch 460	LOSS: 49.67	MAE: 140.72	RMSE: 187.64
Epoch 461	LOSS: 49.17	MAE: 139.85	RMSE: 186.69
Epoch 462	LOSS: 50.18	MAE: 140.09	RMSE: 186.76
Epoch 463	LOSS: 49.27	MAE: 139.68	RMSE: 186.38
Epoch 464	LOSS: 49.36	MAE: 140.24	RMSE: 186.82
Epoch 465	LOSS: 48.95	MAE: 139.85	RMSE: 186.48
Epoch 466	LOSS: 49.27	MAE: 140.35	RMSE: 186.94
Epoch 467	LOSS: 49.35	MAE: 139.77	RMSE: 186.47
Epoch 468	LOSS: 48.60	MAE: 140.04	RMSE: 186.59
Epoch 469	LOSS: 48.55	MAE: 139.23	RMSE: 185.74
Epoch 470	LOSS: 48.76	MAE: 139.50	RMSE: 185.87
Epoch 471	LOSS: 49.49	MAE: 139.07	RMSE: 185.54
Epoch 472	LOSS: 48.04	MAE: 139.71	RMSE: 186.17
Epoch 473	LOSS: 49.52	MAE: 139.29	RMSE: 185.88
Epoch 474	LOSS: 49.47	MAE: 139.79	RMSE: 186.32
Epoch 475	LOSS: 48.87	MAE: 139.31	RMSE: 185.94
Epoch 476	LOSS: 49.10	MAE: 139.78	RMSE: 186.35
Epoch 477	LOSS: 49.16	MAE: 139.22	RMSE: 185.89
Epoch 478	LOSS: 48.84	MAE: 139.63	RMSE: 186.22
Epoch 479	LOSS: 48.75	MAE: 139.23	RMSE: 185.93
Epoch 480	LOSS: 48.91	MAE: 139.85	RMSE: 186.51
Epoch 481	LOSS: 48.73	MAE: 139.46	RMSE: 186.24
Epoch 482	LOSS: 48.62	MAE: 140.08	RMSE: 186.82
Epoch 483	LOSS: 48.37	MAE: 139.45	RMSE: 186.17
Epoch 484	LOSS: 48.74	MAE: 139.85	RMSE: 186.43
Epoch 485	LOSS: 48.08	MAE: 139.21	RMSE: 185.83
Epoch 486	LOSS: 48.56	MAE: 139.75	RMSE: 186.37
Epoch 487	LOSS: 47.81	MAE: 139.39	RMSE: 186.18
Epoch 488	LOSS: 49.01	MAE: 139.96	RMSE: 186.71
Epoch 489	LOSS: 48.98	MAE: 139.43	RMSE: 186.26
Epoch 490	LOSS: 48.79	MAE: 139.80	RMSE: 186.47
Epoch 491	LOSS: 47.90	MAE: 139.16	RMSE: 185.80
Epoch 492	LOSS: 47.86	MAE: 139.65	RMSE: 186.19
Epoch 493	LOSS: 47.90	MAE: 139.08	RMSE: 185.73
Epoch 494	LOSS: 48.25	MAE: 139.56	RMSE: 186.17
Epoch 495	LOSS: 47.76	MAE: 138.95	RMSE: 185.61
Epoch 496	LOSS: 46.81	MAE: 139.43	RMSE: 186.00
Epoch 497	LOSS: 48.03	MAE: 138.81	RMSE: 185.36
Epoch 498	LOSS: 47.51	MAE: 139.27	RMSE: 185.67
Epoch 499	LOSS: 48.05	MAE: 138.72	RMSE: 185.22
