Epoch 000	LOSS: 232.18	MAE: 218.65	RMSE: 264.93
Epoch 001	LOSS: 230.46	MAE: 217.65	RMSE: 264.09
Epoch 002	LOSS: 228.52	MAE: 216.55	RMSE: 263.17
Epoch 003	LOSS: 226.78	MAE: 215.37	RMSE: 262.16
Epoch 004	LOSS: 225.97	MAE: 214.10	RMSE: 261.08
Epoch 005	LOSS: 222.48	MAE: 212.76	RMSE: 259.95
Epoch 006	LOSS: 218.33	MAE: 211.38	RMSE: 258.77
Epoch 007	LOSS: 219.61	MAE: 209.96	RMSE: 257.56
Epoch 008	LOSS: 215.99	MAE: 208.51	RMSE: 256.32
Epoch 009	LOSS: 217.96	MAE: 207.02	RMSE: 255.04
Epoch 010	LOSS: 215.95	MAE: 205.52	RMSE: 253.75
Epoch 011	LOSS: 215.26	MAE: 204.00	RMSE: 252.43
Epoch 012	LOSS: 211.36	MAE: 202.45	RMSE: 251.10
Epoch 013	LOSS: 211.39	MAE: 200.90	RMSE: 249.75
Epoch 014	LOSS: 212.52	MAE: 199.35	RMSE: 248.39
Epoch 015	LOSS: 210.11	MAE: 197.82	RMSE: 247.04
Epoch 016	LOSS: 206.80	MAE: 196.28	RMSE: 245.69
Epoch 017	LOSS: 204.94	MAE: 194.76	RMSE: 244.34
Epoch 018	LOSS: 203.05	MAE: 193.23	RMSE: 242.98
Epoch 019	LOSS: 203.16	MAE: 191.72	RMSE: 241.62
Epoch 020	LOSS: 200.95	MAE: 190.21	RMSE: 240.26
Epoch 021	LOSS: 199.93	MAE: 188.71	RMSE: 238.90
Epoch 022	LOSS: 197.10	MAE: 187.21	RMSE: 237.53
Epoch 023	LOSS: 198.67	MAE: 185.72	RMSE: 236.16
Epoch 024	LOSS: 196.42	MAE: 184.23	RMSE: 234.79
Epoch 025	LOSS: 194.47	MAE: 182.74	RMSE: 233.40
Epoch 026	LOSS: 192.07	MAE: 181.25	RMSE: 232.01
Epoch 027	LOSS: 191.63	MAE: 179.77	RMSE: 230.62
Epoch 028	LOSS: 187.31	MAE: 178.29	RMSE: 229.22
Epoch 029	LOSS: 189.36	MAE: 176.81	RMSE: 227.80
Epoch 030	LOSS: 185.92	MAE: 175.33	RMSE: 226.38
Epoch 031	LOSS: 183.98	MAE: 173.87	RMSE: 224.96
Epoch 032	LOSS: 181.89	MAE: 172.41	RMSE: 223.54
Epoch 033	LOSS: 182.27	MAE: 170.97	RMSE: 222.12
Epoch 034	LOSS: 178.92	MAE: 169.55	RMSE: 220.71
Epoch 035	LOSS: 180.60	MAE: 168.15	RMSE: 219.30
Epoch 036	LOSS: 177.90	MAE: 166.77	RMSE: 217.90
Epoch 037	LOSS: 176.43	MAE: 165.41	RMSE: 216.50
Epoch 038	LOSS: 173.93	MAE: 164.06	RMSE: 215.11
Epoch 039	LOSS: 174.90	MAE: 162.74	RMSE: 213.71
Epoch 040	LOSS: 170.20	MAE: 161.43	RMSE: 212.33
Epoch 041	LOSS: 170.34	MAE: 160.14	RMSE: 210.95
Epoch 042	LOSS: 167.82	MAE: 158.86	RMSE: 209.57
Epoch 043	LOSS: 163.58	MAE: 157.62	RMSE: 208.21
Epoch 044	LOSS: 165.55	MAE: 156.39	RMSE: 206.86
Epoch 045	LOSS: 162.89	MAE: 155.18	RMSE: 205.51
Epoch 046	LOSS: 161.18	MAE: 153.98	RMSE: 204.16
Epoch 047	LOSS: 160.51	MAE: 152.79	RMSE: 202.80
Epoch 048	LOSS: 158.86	MAE: 151.63	RMSE: 201.46
Epoch 049	LOSS: 157.50	MAE: 150.49	RMSE: 200.13
Epoch 050	LOSS: 159.00	MAE: 149.38	RMSE: 198.82
Epoch 051	LOSS: 155.36	MAE: 148.29	RMSE: 197.52
Epoch 052	LOSS: 156.31	MAE: 147.24	RMSE: 196.26
Epoch 053	LOSS: 154.41	MAE: 146.20	RMSE: 195.00
Epoch 054	LOSS: 154.49	MAE: 145.18	RMSE: 193.77
Epoch 055	LOSS: 151.16	MAE: 144.21	RMSE: 192.59
Epoch 056	LOSS: 148.05	MAE: 143.24	RMSE: 191.39
Epoch 057	LOSS: 149.44	MAE: 142.32	RMSE: 190.29
Epoch 058	LOSS: 147.00	MAE: 141.43	RMSE: 189.21
Epoch 059	LOSS: 146.11	MAE: 140.54	RMSE: 188.14
Epoch 060	LOSS: 144.17	MAE: 139.71	RMSE: 187.20
Epoch 061	LOSS: 142.34	MAE: 138.89	RMSE: 186.29
Epoch 062	LOSS: 142.56	MAE: 138.14	RMSE: 185.57
Epoch 063	LOSS: 142.77	MAE: 137.43	RMSE: 184.97
Epoch 064	LOSS: 139.20	MAE: 136.77	RMSE: 184.55
Epoch 065	LOSS: 137.39	MAE: 136.24	RMSE: 184.43
Epoch 066	LOSS: 134.97	MAE: 135.76	RMSE: 184.41
Epoch 067	LOSS: 133.52	MAE: 135.17	RMSE: 184.22
Epoch 068	LOSS: 133.20	MAE: 134.63	RMSE: 184.11
Epoch 069	LOSS: 128.64	MAE: 134.11	RMSE: 183.88
Epoch 070	LOSS: 128.95	MAE: 133.39	RMSE: 183.13
Epoch 071	LOSS: 128.09	MAE: 132.41	RMSE: 181.85
Epoch 072	LOSS: 128.34	MAE: 131.19	RMSE: 180.13
Epoch 073	LOSS: 124.26	MAE: 129.84	RMSE: 178.15
Epoch 074	LOSS: 124.54	MAE: 128.64	RMSE: 176.33
Epoch 075	LOSS: 122.87	MAE: 127.64	RMSE: 174.83
Epoch 076	LOSS: 124.41	MAE: 126.68	RMSE: 173.32
Epoch 077	LOSS: 124.26	MAE: 125.84	RMSE: 171.99
Epoch 078	LOSS: 120.45	MAE: 125.31	RMSE: 171.00
Epoch 079	LOSS: 120.65	MAE: 124.81	RMSE: 170.25
Epoch 080	LOSS: 117.63	MAE: 124.34	RMSE: 170.03
Epoch 081	LOSS: 120.79	MAE: 123.97	RMSE: 169.85
Epoch 082	LOSS: 116.97	MAE: 123.66	RMSE: 169.39
Epoch 083	LOSS: 119.83	MAE: 123.34	RMSE: 169.24
Epoch 084	LOSS: 115.63	MAE: 123.10	RMSE: 169.41
Epoch 085	LOSS: 117.90	MAE: 123.00	RMSE: 169.91
Epoch 086	LOSS: 117.33	MAE: 122.76	RMSE: 169.77
Epoch 087	LOSS: 117.57	MAE: 122.46	RMSE: 169.59
Epoch 088	LOSS: 113.70	MAE: 121.94	RMSE: 168.86
Epoch 089	LOSS: 116.15	MAE: 121.43	RMSE: 168.25
Epoch 090	LOSS: 114.58	MAE: 121.13	RMSE: 168.19
Epoch 091	LOSS: 112.68	MAE: 120.54	RMSE: 167.06
Epoch 092	LOSS: 113.33	MAE: 120.01	RMSE: 166.29
Epoch 093	LOSS: 112.32	MAE: 119.48	RMSE: 165.59
Epoch 094	LOSS: 110.09	MAE: 118.98	RMSE: 165.16
Epoch 095	LOSS: 109.75	MAE: 118.44	RMSE: 164.14
Epoch 096	LOSS: 109.53	MAE: 117.94	RMSE: 163.54
Epoch 097	LOSS: 111.88	MAE: 117.52	RMSE: 163.19
Epoch 098	LOSS: 108.30	MAE: 117.19	RMSE: 163.08
Epoch 099	LOSS: 109.39	MAE: 116.94	RMSE: 163.42
Epoch 100	LOSS: 108.63	MAE: 116.53	RMSE: 162.89
Epoch 101	LOSS: 107.51	MAE: 116.06	RMSE: 162.70
Epoch 102	LOSS: 107.60	MAE: 115.14	RMSE: 160.94
Epoch 103	LOSS: 105.48	MAE: 114.66	RMSE: 159.03
Epoch 104	LOSS: 104.19	MAE: 114.02	RMSE: 158.38
Epoch 105	LOSS: 106.20	MAE: 113.97	RMSE: 159.39
Epoch 106	LOSS: 103.47	MAE: 113.59	RMSE: 159.06
Epoch 107	LOSS: 105.31	MAE: 113.45	RMSE: 158.43
Epoch 108	LOSS: 104.50	MAE: 113.14	RMSE: 159.12
Epoch 109	LOSS: 105.24	MAE: 113.60	RMSE: 160.42
Epoch 110	LOSS: 101.24	MAE: 112.75	RMSE: 159.04
Epoch 111	LOSS: 103.63	MAE: 112.57	RMSE: 157.24
Epoch 112	LOSS: 102.72	MAE: 112.08	RMSE: 156.77
Epoch 113	LOSS: 103.36	MAE: 111.73	RMSE: 157.08
Epoch 114	LOSS: 101.21	MAE: 111.31	RMSE: 156.08
Epoch 115	LOSS: 100.27	MAE: 111.29	RMSE: 155.97
Epoch 116	LOSS: 101.82	MAE: 111.15	RMSE: 157.16
Epoch 117	LOSS: 103.16	MAE: 111.16	RMSE: 157.05
Epoch 118	LOSS: 101.11	MAE: 110.85	RMSE: 155.30
Epoch 119	LOSS: 100.45	MAE: 110.28	RMSE: 155.20
Epoch 120	LOSS: 97.87	MAE: 109.72	RMSE: 155.05
Epoch 121	LOSS: 101.05	MAE: 109.13	RMSE: 153.38
Epoch 122	LOSS: 99.25	MAE: 109.20	RMSE: 154.73
Epoch 123	LOSS: 99.78	MAE: 109.79	RMSE: 156.48
Epoch 124	LOSS: 98.81	MAE: 109.25	RMSE: 155.32
Epoch 125	LOSS: 100.51	MAE: 108.70	RMSE: 154.95
Epoch 126	LOSS: 98.18	MAE: 107.51	RMSE: 152.24
Epoch 127	LOSS: 98.28	MAE: 106.96	RMSE: 151.37
Epoch 128	LOSS: 98.27	MAE: 106.73	RMSE: 150.06
Epoch 129	LOSS: 94.57	MAE: 106.30	RMSE: 150.17
Epoch 130	LOSS: 95.75	MAE: 106.02	RMSE: 150.42
Epoch 131	LOSS: 96.07	MAE: 105.66	RMSE: 148.91
Epoch 132	LOSS: 95.29	MAE: 105.20	RMSE: 147.20
Epoch 133	LOSS: 97.29	MAE: 104.52	RMSE: 146.41
Epoch 134	LOSS: 94.48	MAE: 103.92	RMSE: 146.30
Epoch 135	LOSS: 93.51	MAE: 103.98	RMSE: 147.90
Epoch 136	LOSS: 94.66	MAE: 106.04	RMSE: 152.86
Epoch 137	LOSS: 91.73	MAE: 102.87	RMSE: 145.71
Epoch 138	LOSS: 92.52	MAE: 102.35	RMSE: 142.65
Epoch 139	LOSS: 90.13	MAE: 103.18	RMSE: 141.58
Epoch 140	LOSS: 91.16	MAE: 102.07	RMSE: 141.37
Epoch 141	LOSS: 90.98	MAE: 100.45	RMSE: 142.88
Epoch 142	LOSS: 89.03	MAE: 102.56	RMSE: 149.07
Epoch 143	LOSS: 90.98	MAE: 100.13	RMSE: 144.06
Epoch 144	LOSS: 91.39	MAE: 98.90	RMSE: 141.63
Epoch 145	LOSS: 90.42	MAE: 98.86	RMSE: 141.79
Epoch 146	LOSS: 88.23	MAE: 98.40	RMSE: 139.80
Epoch 147	LOSS: 90.19	MAE: 97.82	RMSE: 138.98
Epoch 148	LOSS: 88.42	MAE: 97.62	RMSE: 140.34
Epoch 149	LOSS: 87.92	MAE: 98.84	RMSE: 143.93
Epoch 150	LOSS: 89.34	MAE: 97.11	RMSE: 139.86
Epoch 151	LOSS: 88.30	MAE: 96.61	RMSE: 138.52
Epoch 152	LOSS: 87.05	MAE: 98.62	RMSE: 143.99
Epoch 153	LOSS: 86.06	MAE: 96.94	RMSE: 140.71
Epoch 154	LOSS: 86.39	MAE: 96.78	RMSE: 137.09
Epoch 155	LOSS: 85.41	MAE: 96.00	RMSE: 136.21
Epoch 156	LOSS: 87.08	MAE: 95.58	RMSE: 136.04
Epoch 157	LOSS: 86.85	MAE: 97.01	RMSE: 141.69
Epoch 158	LOSS: 84.95	MAE: 95.25	RMSE: 135.83
Epoch 159	LOSS: 84.07	MAE: 94.54	RMSE: 134.73
Epoch 160	LOSS: 84.77	MAE: 94.77	RMSE: 136.23
Epoch 161	LOSS: 82.27	MAE: 94.25	RMSE: 134.86
Epoch 162	LOSS: 83.79	MAE: 95.83	RMSE: 136.10
Epoch 163	LOSS: 82.44	MAE: 94.61	RMSE: 137.19
Epoch 164	LOSS: 82.96	MAE: 94.00	RMSE: 135.70
Epoch 165	LOSS: 83.95	MAE: 94.30	RMSE: 137.33
Epoch 166	LOSS: 82.21	MAE: 93.77	RMSE: 132.48
Epoch 167	LOSS: 82.26	MAE: 93.38	RMSE: 132.77
Epoch 168	LOSS: 83.54	MAE: 93.63	RMSE: 134.39
Epoch 169	LOSS: 81.54	MAE: 92.86	RMSE: 132.62
Epoch 170	LOSS: 81.15	MAE: 92.56	RMSE: 133.34
Epoch 171	LOSS: 81.80	MAE: 93.24	RMSE: 135.25
Epoch 172	LOSS: 80.93	MAE: 93.11	RMSE: 134.27
Epoch 173	LOSS: 80.42	MAE: 93.66	RMSE: 136.15
Epoch 174	LOSS: 82.17	MAE: 97.07	RMSE: 143.13
Epoch 175	LOSS: 80.22	MAE: 94.55	RMSE: 130.30
Epoch 176	LOSS: 80.08	MAE: 95.48	RMSE: 130.88
Epoch 177	LOSS: 82.26	MAE: 95.31	RMSE: 132.21
Epoch 178	LOSS: 81.21	MAE: 95.66	RMSE: 132.19
Epoch 179	LOSS: 79.49	MAE: 95.00	RMSE: 132.13
Epoch 180	LOSS: 80.43	MAE: 94.46	RMSE: 132.36
Epoch 181	LOSS: 77.96	MAE: 94.34	RMSE: 132.05
Epoch 182	LOSS: 81.12	MAE: 93.47	RMSE: 132.35
Epoch 183	LOSS: 78.97	MAE: 93.50	RMSE: 136.06
Epoch 184	LOSS: 78.38	MAE: 92.77	RMSE: 135.22
Epoch 185	LOSS: 80.09	MAE: 93.86	RMSE: 129.35
Epoch 186	LOSS: 77.69	MAE: 93.97	RMSE: 129.21
Epoch 187	LOSS: 79.31	MAE: 91.80	RMSE: 129.58
Epoch 188	LOSS: 78.92	MAE: 91.41	RMSE: 130.51
Epoch 189	LOSS: 78.01	MAE: 91.28	RMSE: 131.74
Epoch 190	LOSS: 77.36	MAE: 90.91	RMSE: 131.03
Epoch 191	LOSS: 78.12	MAE: 91.00	RMSE: 131.97
Epoch 192	LOSS: 76.22	MAE: 91.29	RMSE: 133.89
Epoch 193	LOSS: 77.54	MAE: 90.38	RMSE: 132.20
Epoch 194	LOSS: 77.47	MAE: 89.66	RMSE: 127.70
Epoch 195	LOSS: 74.28	MAE: 89.37	RMSE: 128.08
Epoch 196	LOSS: 75.94	MAE: 89.28	RMSE: 128.62
Epoch 197	LOSS: 76.49	MAE: 90.72	RMSE: 133.86
Epoch 198	LOSS: 77.14	MAE: 89.32	RMSE: 130.45
Epoch 199	LOSS: 76.66	MAE: 89.31	RMSE: 127.23
Epoch 200	LOSS: 75.71	MAE: 88.72	RMSE: 130.06
Epoch 201	LOSS: 75.87	MAE: 88.19	RMSE: 128.44
Epoch 202	LOSS: 75.11	MAE: 88.26	RMSE: 125.73
Epoch 203	LOSS: 75.04	MAE: 88.23	RMSE: 125.42
Epoch 204	LOSS: 72.88	MAE: 88.46	RMSE: 125.04
Epoch 205	LOSS: 73.47	MAE: 87.57	RMSE: 126.48
Epoch 206	LOSS: 74.05	MAE: 87.85	RMSE: 128.58
Epoch 207	LOSS: 73.27	MAE: 88.56	RMSE: 130.43
Epoch 208	LOSS: 72.65	MAE: 87.24	RMSE: 125.50
Epoch 209	LOSS: 73.10	MAE: 86.88	RMSE: 126.52
Epoch 210	LOSS: 72.31	MAE: 87.57	RMSE: 128.38
Epoch 211	LOSS: 74.52	MAE: 87.44	RMSE: 124.12
Epoch 212	LOSS: 71.91	MAE: 87.36	RMSE: 123.81
Epoch 213	LOSS: 73.00	MAE: 86.63	RMSE: 124.70
Epoch 214	LOSS: 73.13	MAE: 86.27	RMSE: 124.95
Epoch 215	LOSS: 72.53	MAE: 86.40	RMSE: 125.52
Epoch 216	LOSS: 71.54	MAE: 87.52	RMSE: 129.79
Epoch 217	LOSS: 71.33	MAE: 87.37	RMSE: 122.74
Epoch 218	LOSS: 71.58	MAE: 87.12	RMSE: 122.45
Epoch 219	LOSS: 72.07	MAE: 86.64	RMSE: 125.45
Epoch 220	LOSS: 71.83	MAE: 89.62	RMSE: 132.40
Epoch 221	LOSS: 72.01	MAE: 86.50	RMSE: 123.15
Epoch 222	LOSS: 71.19	MAE: 87.37	RMSE: 123.03
Epoch 223	LOSS: 70.61	MAE: 85.40	RMSE: 123.64
Epoch 224	LOSS: 70.75	MAE: 88.06	RMSE: 130.84
Epoch 225	LOSS: 69.81	MAE: 85.51	RMSE: 121.68
Epoch 226	LOSS: 71.75	MAE: 86.09	RMSE: 121.30
Epoch 227	LOSS: 70.29	MAE: 85.49	RMSE: 121.67
Epoch 228	LOSS: 71.28	MAE: 84.95	RMSE: 122.55
Epoch 229	LOSS: 70.85	MAE: 86.39	RMSE: 127.15
Epoch 230	LOSS: 69.77	MAE: 85.55	RMSE: 126.21
Epoch 231	LOSS: 69.81	MAE: 84.69	RMSE: 122.85
Epoch 232	LOSS: 68.74	MAE: 84.40	RMSE: 123.83
Epoch 233	LOSS: 69.47	MAE: 84.40	RMSE: 124.54
Epoch 234	LOSS: 69.46	MAE: 83.73	RMSE: 122.05
Epoch 235	LOSS: 69.13	MAE: 83.79	RMSE: 120.31
Epoch 236	LOSS: 67.72	MAE: 85.05	RMSE: 119.69
Epoch 237	LOSS: 68.30	MAE: 83.55	RMSE: 122.59
Epoch 238	LOSS: 68.01	MAE: 84.30	RMSE: 125.13
Epoch 239	LOSS: 68.08	MAE: 83.08	RMSE: 121.20
Epoch 240	LOSS: 67.79	MAE: 83.19	RMSE: 119.69
Epoch 241	LOSS: 68.85	MAE: 89.70	RMSE: 133.36
Epoch 242	LOSS: 68.68	MAE: 83.07	RMSE: 121.42
Epoch 243	LOSS: 66.65	MAE: 82.81	RMSE: 119.44
Epoch 244	LOSS: 69.18	MAE: 83.02	RMSE: 120.15
Epoch 245	LOSS: 68.33	MAE: 82.74	RMSE: 119.22
Epoch 246	LOSS: 66.83	MAE: 82.50	RMSE: 120.76
Epoch 247	LOSS: 66.99	MAE: 82.91	RMSE: 122.53
Epoch 248	LOSS: 67.38	MAE: 86.33	RMSE: 118.52
Epoch 249	LOSS: 66.80	MAE: 85.23	RMSE: 117.90
Epoch 250	LOSS: 67.96	MAE: 83.01	RMSE: 119.26
Epoch 251	LOSS: 67.23	MAE: 89.12	RMSE: 132.36
Epoch 252	LOSS: 65.97	MAE: 89.72	RMSE: 133.48
Epoch 253	LOSS: 65.47	MAE: 83.83	RMSE: 117.38
Epoch 254	LOSS: 67.18	MAE: 89.05	RMSE: 119.30
Epoch 255	LOSS: 66.55	MAE: 89.18	RMSE: 119.45
Epoch 256	LOSS: 65.67	MAE: 83.47	RMSE: 116.76
Epoch 257	LOSS: 66.60	MAE: 81.47	RMSE: 118.08
Epoch 258	LOSS: 65.97	MAE: 87.12	RMSE: 129.15
Epoch 259	LOSS: 64.63	MAE: 82.26	RMSE: 122.48
Epoch 260	LOSS: 65.63	MAE: 80.90	RMSE: 118.23
Epoch 261	LOSS: 66.00	MAE: 81.78	RMSE: 118.70
Epoch 262	LOSS: 66.54	MAE: 82.73	RMSE: 118.29
Epoch 263	LOSS: 64.96	MAE: 81.05	RMSE: 118.06
Epoch 264	LOSS: 64.78	MAE: 80.67	RMSE: 119.63
Epoch 265	LOSS: 64.94	MAE: 80.95	RMSE: 120.66
Epoch 266	LOSS: 62.97	MAE: 80.30	RMSE: 119.40
Epoch 267	LOSS: 64.81	MAE: 80.79	RMSE: 115.53
Epoch 268	LOSS: 64.06	MAE: 81.11	RMSE: 115.75
Epoch 269	LOSS: 62.87	MAE: 79.59	RMSE: 117.31
Epoch 270	LOSS: 63.90	MAE: 80.25	RMSE: 119.92
Epoch 271	LOSS: 62.67	MAE: 79.62	RMSE: 118.19
Epoch 272	LOSS: 63.87	MAE: 79.93	RMSE: 114.58
Epoch 273	LOSS: 64.45	MAE: 80.41	RMSE: 114.93
Epoch 274	LOSS: 64.33	MAE: 81.46	RMSE: 114.81
Epoch 275	LOSS: 63.32	MAE: 79.18	RMSE: 114.22
Epoch 276	LOSS: 65.00	MAE: 85.97	RMSE: 126.86
Epoch 277	LOSS: 64.64	MAE: 91.42	RMSE: 134.23
Epoch 278	LOSS: 64.56	MAE: 82.54	RMSE: 123.64
Epoch 279	LOSS: 64.34	MAE: 79.54	RMSE: 117.70
Epoch 280	LOSS: 62.88	MAE: 79.29	RMSE: 116.94
Epoch 281	LOSS: 64.05	MAE: 78.94	RMSE: 115.18
Epoch 282	LOSS: 62.89	MAE: 79.22	RMSE: 113.35
Epoch 283	LOSS: 63.57	MAE: 81.02	RMSE: 121.83
Epoch 284	LOSS: 62.64	MAE: 84.65	RMSE: 126.69
Epoch 285	LOSS: 61.12	MAE: 79.50	RMSE: 112.66
Epoch 286	LOSS: 63.02	MAE: 80.05	RMSE: 112.63
Epoch 287	LOSS: 63.27	MAE: 81.22	RMSE: 113.04
Epoch 288	LOSS: 61.83	MAE: 78.26	RMSE: 112.71
Epoch 289	LOSS: 60.63	MAE: 78.46	RMSE: 116.57
Epoch 290	LOSS: 61.56	MAE: 79.07	RMSE: 118.83
Epoch 291	LOSS: 60.79	MAE: 77.46	RMSE: 115.20
Epoch 292	LOSS: 61.41	MAE: 77.30	RMSE: 115.56
Epoch 293	LOSS: 60.96	MAE: 80.07	RMSE: 121.85
Epoch 294	LOSS: 60.75	MAE: 76.51	RMSE: 112.10
Epoch 295	LOSS: 60.45	MAE: 76.55	RMSE: 111.35
Epoch 296	LOSS: 60.38	MAE: 76.83	RMSE: 111.01
Epoch 297	LOSS: 60.58	MAE: 76.01	RMSE: 112.97
Epoch 298	LOSS: 59.82	MAE: 77.66	RMSE: 117.13
Epoch 299	LOSS: 60.07	MAE: 76.24	RMSE: 111.54
Epoch 300	LOSS: 60.38	MAE: 77.76	RMSE: 110.51
Epoch 301	LOSS: 60.19	MAE: 76.71	RMSE: 115.09
Epoch 302	LOSS: 61.11	MAE: 85.23	RMSE: 127.21
Epoch 303	LOSS: 60.66	MAE: 77.52	RMSE: 117.30
Epoch 304	LOSS: 62.83	MAE: 77.77	RMSE: 111.10
Epoch 305	LOSS: 59.60	MAE: 77.26	RMSE: 110.23
Epoch 306	LOSS: 63.92	MAE: 77.11	RMSE: 111.49
Epoch 307	LOSS: 63.39	MAE: 76.93	RMSE: 111.46
Epoch 308	LOSS: 58.54	MAE: 76.63	RMSE: 110.04
Epoch 309	LOSS: 59.68	MAE: 75.88	RMSE: 111.05
Epoch 310	LOSS: 59.62	MAE: 78.38	RMSE: 117.75
Epoch 311	LOSS: 59.90	MAE: 79.14	RMSE: 119.17
Epoch 312	LOSS: 58.37	MAE: 76.38	RMSE: 110.17
Epoch 313	LOSS: 60.03	MAE: 82.08	RMSE: 111.60
Epoch 314	LOSS: 59.93	MAE: 77.77	RMSE: 110.05
Epoch 315	LOSS: 60.51	MAE: 76.80	RMSE: 114.02
Epoch 316	LOSS: 59.64	MAE: 77.15	RMSE: 115.48
Epoch 317	LOSS: 61.37	MAE: 76.51	RMSE: 113.69
Epoch 318	LOSS: 58.47	MAE: 76.31	RMSE: 114.21
Epoch 319	LOSS: 59.86	MAE: 75.43	RMSE: 110.80
Epoch 320	LOSS: 60.37	MAE: 77.57	RMSE: 109.59
Epoch 321	LOSS: 60.00	MAE: 77.34	RMSE: 109.52
Epoch 322	LOSS: 57.61	MAE: 76.26	RMSE: 115.39
Epoch 323	LOSS: 58.89	MAE: 79.57	RMSE: 120.92
Epoch 324	LOSS: 58.66	MAE: 75.28	RMSE: 112.48
Epoch 325	LOSS: 58.26	MAE: 74.77	RMSE: 109.60
Epoch 326	LOSS: 57.48	MAE: 75.03	RMSE: 109.03
Epoch 327	LOSS: 58.17	MAE: 77.89	RMSE: 118.51
Epoch 328	LOSS: 58.19	MAE: 74.66	RMSE: 112.13
Epoch 329	LOSS: 58.31	MAE: 75.43	RMSE: 114.05
Epoch 330	LOSS: 57.80	MAE: 77.68	RMSE: 118.13
Epoch 331	LOSS: 59.26	MAE: 77.92	RMSE: 109.06
Epoch 332	LOSS: 57.45	MAE: 79.15	RMSE: 109.19
Epoch 333	LOSS: 62.05	MAE: 75.65	RMSE: 108.43
Epoch 334	LOSS: 59.56	MAE: 74.71	RMSE: 108.65
Epoch 335	LOSS: 57.42	MAE: 74.54	RMSE: 108.34
Epoch 336	LOSS: 59.25	MAE: 74.59	RMSE: 110.20
Epoch 337	LOSS: 57.11	MAE: 77.19	RMSE: 116.62
Epoch 338	LOSS: 57.95	MAE: 73.94	RMSE: 108.50
Epoch 339	LOSS: 58.36	MAE: 79.53	RMSE: 109.19
Epoch 340	LOSS: 57.17	MAE: 76.98	RMSE: 108.24
Epoch 341	LOSS: 57.12	MAE: 80.59	RMSE: 121.47
Epoch 342	LOSS: 58.62	MAE: 81.10	RMSE: 122.62
Epoch 343	LOSS: 59.58	MAE: 74.90	RMSE: 112.63
Epoch 344	LOSS: 57.32	MAE: 73.92	RMSE: 109.83
Epoch 345	LOSS: 56.38	MAE: 74.02	RMSE: 107.43
Epoch 346	LOSS: 57.14	MAE: 74.10	RMSE: 107.21
Epoch 347	LOSS: 57.55	MAE: 74.53	RMSE: 112.45
Epoch 348	LOSS: 56.09	MAE: 73.55	RMSE: 110.12
Epoch 349	LOSS: 56.35	MAE: 73.32	RMSE: 108.21
Epoch 350	LOSS: 59.04	MAE: 74.89	RMSE: 113.04
Epoch 351	LOSS: 56.95	MAE: 73.96	RMSE: 112.09
Epoch 352	LOSS: 56.62	MAE: 73.22	RMSE: 107.94
Epoch 353	LOSS: 55.44	MAE: 72.97	RMSE: 109.62
Epoch 354	LOSS: 57.38	MAE: 74.76	RMSE: 112.71
Epoch 355	LOSS: 56.13	MAE: 72.80	RMSE: 106.80
Epoch 356	LOSS: 57.91	MAE: 75.35	RMSE: 107.13
Epoch 357	LOSS: 55.88	MAE: 72.85	RMSE: 106.94
Epoch 358	LOSS: 57.52	MAE: 76.27	RMSE: 116.16
Epoch 359	LOSS: 56.19	MAE: 74.37	RMSE: 113.51
Epoch 360	LOSS: 57.28	MAE: 74.20	RMSE: 107.10
Epoch 361	LOSS: 55.54	MAE: 73.35	RMSE: 106.80
Epoch 362	LOSS: 56.35	MAE: 73.09	RMSE: 109.96
Epoch 363	LOSS: 55.72	MAE: 72.64	RMSE: 109.32
Epoch 364	LOSS: 57.20	MAE: 73.35	RMSE: 109.19
Epoch 365	LOSS: 55.02	MAE: 74.11	RMSE: 113.40
Epoch 366	LOSS: 55.99	MAE: 76.18	RMSE: 116.72
Epoch 367	LOSS: 55.26	MAE: 72.29	RMSE: 108.32
Epoch 368	LOSS: 54.53	MAE: 73.12	RMSE: 110.87
Epoch 369	LOSS: 54.89	MAE: 72.65	RMSE: 105.98
Epoch 370	LOSS: 55.18	MAE: 72.64	RMSE: 110.14
Epoch 371	LOSS: 55.74	MAE: 72.93	RMSE: 110.96
Epoch 372	LOSS: 55.71	MAE: 74.52	RMSE: 114.16
Epoch 373	LOSS: 55.09	MAE: 71.89	RMSE: 107.64
Epoch 374	LOSS: 55.77	MAE: 73.17	RMSE: 105.96
Epoch 375	LOSS: 54.59	MAE: 71.93	RMSE: 107.40
Epoch 376	LOSS: 55.78	MAE: 73.00	RMSE: 110.00
Epoch 377	LOSS: 56.28	MAE: 72.15	RMSE: 106.56
Epoch 378	LOSS: 56.27	MAE: 72.85	RMSE: 106.51
Epoch 379	LOSS: 54.44	MAE: 73.12	RMSE: 110.64
Epoch 380	LOSS: 55.29	MAE: 73.28	RMSE: 110.81
Epoch 381	LOSS: 54.98	MAE: 72.55	RMSE: 105.91
Epoch 382	LOSS: 55.75	MAE: 72.95	RMSE: 105.58
Epoch 383	LOSS: 54.29	MAE: 72.29	RMSE: 109.87
Epoch 384	LOSS: 56.32	MAE: 74.48	RMSE: 113.34
Epoch 385	LOSS: 54.43	MAE: 71.42	RMSE: 106.81
Epoch 386	LOSS: 54.54	MAE: 71.60	RMSE: 105.75
Epoch 387	LOSS: 55.18	MAE: 73.01	RMSE: 110.83
Epoch 388	LOSS: 55.38	MAE: 74.01	RMSE: 112.13
Epoch 389	LOSS: 54.71	MAE: 71.83	RMSE: 105.37
Epoch 390	LOSS: 55.78	MAE: 72.71	RMSE: 105.20
Epoch 391	LOSS: 54.41	MAE: 72.29	RMSE: 109.39
Epoch 392	LOSS: 55.31	MAE: 74.66	RMSE: 113.56
Epoch 393	LOSS: 54.22	MAE: 71.39	RMSE: 105.89
Epoch 394	LOSS: 55.02	MAE: 72.92	RMSE: 105.04
Epoch 395	LOSS: 54.23	MAE: 71.12	RMSE: 106.08
Epoch 396	LOSS: 54.57	MAE: 72.06	RMSE: 108.39
Epoch 397	LOSS: 54.25	MAE: 71.31	RMSE: 105.84
Epoch 398	LOSS: 54.18	MAE: 71.48	RMSE: 106.54
Epoch 399	LOSS: 54.18	MAE: 71.97	RMSE: 109.01
Epoch 400	LOSS: 54.07	MAE: 71.04	RMSE: 105.08
Epoch 401	LOSS: 53.05	MAE: 71.14	RMSE: 105.46
Epoch 402	LOSS: 55.33	MAE: 76.61	RMSE: 117.25
Epoch 403	LOSS: 53.42	MAE: 74.79	RMSE: 114.41
Epoch 404	LOSS: 54.77	MAE: 77.14	RMSE: 105.73
Epoch 405	LOSS: 55.72	MAE: 76.01	RMSE: 105.08
Epoch 406	LOSS: 55.25	MAE: 72.52	RMSE: 103.95
Epoch 407	LOSS: 54.33	MAE: 71.97	RMSE: 104.88
Epoch 408	LOSS: 53.45	MAE: 72.86	RMSE: 107.80
Epoch 409	LOSS: 54.02	MAE: 71.51	RMSE: 105.47
Epoch 410	LOSS: 53.70	MAE: 71.71	RMSE: 105.69
Epoch 411	LOSS: 54.82	MAE: 73.03	RMSE: 110.60
Epoch 412	LOSS: 54.08	MAE: 73.14	RMSE: 111.63
Epoch 413	LOSS: 54.68	MAE: 72.41	RMSE: 107.60
Epoch 414	LOSS: 53.50	MAE: 71.53	RMSE: 107.05
Epoch 415	LOSS: 54.10	MAE: 71.48	RMSE: 107.98
Epoch 416	LOSS: 52.81	MAE: 70.50	RMSE: 104.57
Epoch 417	LOSS: 52.79	MAE: 71.53	RMSE: 108.56
Epoch 418	LOSS: 52.95	MAE: 73.27	RMSE: 111.84
Epoch 419	LOSS: 51.95	MAE: 70.48	RMSE: 104.34
Epoch 420	LOSS: 52.65	MAE: 70.45	RMSE: 104.46
Epoch 421	LOSS: 53.28	MAE: 70.45	RMSE: 104.28
Epoch 422	LOSS: 52.10	MAE: 70.03	RMSE: 105.46
Epoch 423	LOSS: 52.33	MAE: 70.16	RMSE: 104.98
Epoch 424	LOSS: 51.96	MAE: 70.14	RMSE: 106.23
Epoch 425	LOSS: 51.70	MAE: 70.30	RMSE: 103.52
Epoch 426	LOSS: 52.75	MAE: 70.13	RMSE: 104.67
Epoch 427	LOSS: 51.64	MAE: 70.10	RMSE: 103.43
Epoch 428	LOSS: 52.04	MAE: 69.95	RMSE: 105.61
Epoch 429	LOSS: 52.17	MAE: 70.03	RMSE: 106.38
Epoch 430	LOSS: 50.89	MAE: 69.94	RMSE: 106.18
Epoch 431	LOSS: 52.42	MAE: 69.84	RMSE: 103.83
Epoch 432	LOSS: 51.48	MAE: 69.36	RMSE: 104.02
Epoch 433	LOSS: 50.96	MAE: 69.41	RMSE: 103.48
Epoch 434	LOSS: 51.40	MAE: 69.95	RMSE: 106.50
Epoch 435	LOSS: 51.87	MAE: 69.30	RMSE: 103.26
Epoch 436	LOSS: 51.83	MAE: 69.12	RMSE: 102.88
Epoch 437	LOSS: 51.35	MAE: 69.16	RMSE: 103.74
Epoch 438	LOSS: 50.93	MAE: 69.89	RMSE: 106.90
Epoch 439	LOSS: 51.24	MAE: 69.33	RMSE: 102.86
Epoch 440	LOSS: 50.94	MAE: 68.93	RMSE: 103.63
Epoch 441	LOSS: 51.01	MAE: 68.96	RMSE: 103.10
Epoch 442	LOSS: 51.57	MAE: 69.11	RMSE: 104.48
Epoch 443	LOSS: 51.13	MAE: 69.17	RMSE: 102.10
Epoch 444	LOSS: 50.88	MAE: 68.85	RMSE: 103.49
Epoch 445	LOSS: 50.38	MAE: 68.90	RMSE: 104.43
Epoch 446	LOSS: 50.40	MAE: 69.34	RMSE: 105.82
Epoch 447	LOSS: 50.54	MAE: 69.09	RMSE: 102.03
Epoch 448	LOSS: 51.40	MAE: 68.59	RMSE: 102.13
Epoch 449	LOSS: 50.44	MAE: 68.92	RMSE: 104.95
Epoch 450	LOSS: 50.88	MAE: 68.72	RMSE: 104.10
Epoch 451	LOSS: 51.14	MAE: 69.19	RMSE: 101.40
Epoch 452	LOSS: 50.54	MAE: 68.71	RMSE: 104.18
Epoch 453	LOSS: 50.53	MAE: 68.48	RMSE: 103.39
Epoch 454	LOSS: 49.82	MAE: 68.68	RMSE: 104.48
Epoch 455	LOSS: 49.67	MAE: 68.47	RMSE: 102.64
Epoch 456	LOSS: 51.02	MAE: 69.76	RMSE: 107.24
Epoch 457	LOSS: 49.93	MAE: 69.12	RMSE: 105.95
Epoch 458	LOSS: 50.66	MAE: 68.10	RMSE: 102.49
Epoch 459	LOSS: 49.85	MAE: 68.68	RMSE: 101.13
Epoch 460	LOSS: 50.49	MAE: 68.76	RMSE: 104.97
Epoch 461	LOSS: 50.25	MAE: 69.41	RMSE: 106.83
Epoch 462	LOSS: 51.11	MAE: 67.91	RMSE: 102.45
Epoch 463	LOSS: 50.58	MAE: 69.72	RMSE: 100.80
Epoch 464	LOSS: 49.15	MAE: 68.87	RMSE: 105.40
Epoch 465	LOSS: 50.13	MAE: 68.36	RMSE: 100.99
Epoch 466	LOSS: 49.62	MAE: 71.10	RMSE: 100.90
Epoch 467	LOSS: 50.15	MAE: 71.04	RMSE: 100.74
Epoch 468	LOSS: 51.03	MAE: 69.28	RMSE: 100.42
Epoch 469	LOSS: 49.24	MAE: 68.55	RMSE: 102.31
Epoch 470	LOSS: 50.24	MAE: 68.37	RMSE: 102.12
Epoch 471	LOSS: 50.48	MAE: 70.18	RMSE: 108.03
Epoch 472	LOSS: 49.38	MAE: 68.18	RMSE: 102.52
Epoch 473	LOSS: 49.05	MAE: 68.48	RMSE: 100.36
Epoch 474	LOSS: 49.80	MAE: 71.65	RMSE: 110.55
Epoch 475	LOSS: 50.75	MAE: 68.00	RMSE: 103.13
Epoch 476	LOSS: 49.82	MAE: 67.99	RMSE: 100.73
Epoch 477	LOSS: 48.85	MAE: 68.34	RMSE: 99.87
Epoch 478	LOSS: 49.97	MAE: 69.05	RMSE: 99.98
Epoch 479	LOSS: 49.21	MAE: 67.67	RMSE: 100.64
Epoch 480	LOSS: 47.90	MAE: 67.40	RMSE: 100.60
Epoch 481	LOSS: 50.52	MAE: 67.83	RMSE: 100.44
Epoch 482	LOSS: 48.77	MAE: 68.68	RMSE: 104.60
Epoch 483	LOSS: 48.68	MAE: 68.35	RMSE: 104.18
Epoch 484	LOSS: 50.39	MAE: 68.21	RMSE: 100.05
Epoch 485	LOSS: 48.35	MAE: 67.09	RMSE: 100.25
Epoch 486	LOSS: 48.68	MAE: 67.00	RMSE: 100.30
Epoch 487	LOSS: 50.39	MAE: 67.76	RMSE: 100.03
Epoch 488	LOSS: 49.42	MAE: 68.34	RMSE: 104.38
Epoch 489	LOSS: 48.24	MAE: 67.19	RMSE: 101.81
Epoch 490	LOSS: 49.58	MAE: 70.25	RMSE: 100.19
Epoch 491	LOSS: 48.76	MAE: 67.59	RMSE: 99.27
Epoch 492	LOSS: 48.05	MAE: 66.94	RMSE: 100.57
Epoch 493	LOSS: 49.43	MAE: 67.22	RMSE: 100.88
Epoch 494	LOSS: 48.60	MAE: 68.76	RMSE: 105.44
Epoch 495	LOSS: 48.05	MAE: 66.79	RMSE: 100.03
Epoch 496	LOSS: 49.42	MAE: 68.46	RMSE: 99.51
Epoch 497	LOSS: 47.75	MAE: 67.41	RMSE: 102.42
Epoch 498	LOSS: 47.85	MAE: 68.07	RMSE: 103.88
Epoch 499	LOSS: 49.59	MAE: 67.48	RMSE: 99.47
