Epoch 000	LOSS: 120.86	MAE: 63.20	RMSE: 63.78
Epoch 001	LOSS: 120.43	MAE: 63.07	RMSE: 63.64
Epoch 002	LOSS: 118.59	MAE: 62.72	RMSE: 63.31
Epoch 003	LOSS: 113.65	MAE: 61.95	RMSE: 62.56
Epoch 004	LOSS: 105.88	MAE: 60.28	RMSE: 60.96
Epoch 005	LOSS: 92.16	MAE: 57.61	RMSE: 58.53
Epoch 006	LOSS: 70.50	MAE: 54.69	RMSE: 56.33
Epoch 007	LOSS: 41.01	MAE: 50.51	RMSE: 53.94
Epoch 008	LOSS: 20.64	MAE: 45.92	RMSE: 52.13
Epoch 009	LOSS: 26.57	MAE: 47.95	RMSE: 52.89
Epoch 010	LOSS: 18.02	MAE: 47.61	RMSE: 53.65
Epoch 011	LOSS: 12.64	MAE: 47.56	RMSE: 54.06
Epoch 012	LOSS: 12.03	MAE: 47.29	RMSE: 53.98
Epoch 013	LOSS: 10.43	MAE: 46.95	RMSE: 53.76
Epoch 014	LOSS: 9.68	MAE: 47.06	RMSE: 53.87
Epoch 015	LOSS: 9.56	MAE: 47.07	RMSE: 53.92
Epoch 016	LOSS: 9.78	MAE: 47.06	RMSE: 53.92
Epoch 017	LOSS: 9.64	MAE: 47.05	RMSE: 53.91
Epoch 018	LOSS: 9.51	MAE: 46.98	RMSE: 53.84
Epoch 019	LOSS: 9.26	MAE: 46.97	RMSE: 53.82
Epoch 020	LOSS: 9.25	MAE: 46.92	RMSE: 53.77
Epoch 021	LOSS: 9.33	MAE: 46.87	RMSE: 53.71
Epoch 022	LOSS: 9.25	MAE: 46.84	RMSE: 53.67
Epoch 023	LOSS: 9.44	MAE: 46.82	RMSE: 53.65
Epoch 024	LOSS: 9.15	MAE: 46.82	RMSE: 53.65
Epoch 025	LOSS: 9.38	MAE: 46.80	RMSE: 53.64
Epoch 026	LOSS: 9.25	MAE: 46.81	RMSE: 53.65
Epoch 027	LOSS: 9.09	MAE: 46.82	RMSE: 53.66
Epoch 028	LOSS: 9.12	MAE: 46.79	RMSE: 53.64
Epoch 029	LOSS: 9.13	MAE: 46.74	RMSE: 53.58
Epoch 030	LOSS: 9.14	MAE: 46.71	RMSE: 53.54
Epoch 031	LOSS: 9.14	MAE: 46.71	RMSE: 53.54
Epoch 032	LOSS: 9.26	MAE: 46.69	RMSE: 53.52
Epoch 033	LOSS: 8.96	MAE: 46.65	RMSE: 53.50
Epoch 034	LOSS: 8.98	MAE: 46.65	RMSE: 53.50
Epoch 035	LOSS: 9.21	MAE: 46.65	RMSE: 53.51
Epoch 036	LOSS: 8.91	MAE: 46.65	RMSE: 53.51
Epoch 037	LOSS: 9.03	MAE: 46.66	RMSE: 53.51
Epoch 038	LOSS: 8.83	MAE: 46.64	RMSE: 53.50
Epoch 039	LOSS: 8.81	MAE: 46.62	RMSE: 53.48
Epoch 040	LOSS: 8.82	MAE: 46.59	RMSE: 53.46
Epoch 041	LOSS: 8.79	MAE: 46.59	RMSE: 53.46
Epoch 042	LOSS: 8.72	MAE: 46.58	RMSE: 53.44
Epoch 043	LOSS: 8.86	MAE: 46.56	RMSE: 53.43
Epoch 044	LOSS: 8.57	MAE: 46.56	RMSE: 53.43
Epoch 045	LOSS: 8.65	MAE: 46.55	RMSE: 53.42
Epoch 046	LOSS: 8.70	MAE: 46.53	RMSE: 53.40
Epoch 047	LOSS: 8.85	MAE: 46.54	RMSE: 53.41
Epoch 048	LOSS: 8.75	MAE: 46.53	RMSE: 53.39
Epoch 049	LOSS: 8.64	MAE: 46.50	RMSE: 53.37
Epoch 050	LOSS: 8.80	MAE: 46.49	RMSE: 53.36
Epoch 051	LOSS: 8.92	MAE: 46.47	RMSE: 53.33
Epoch 052	LOSS: 8.55	MAE: 46.50	RMSE: 53.37
Epoch 053	LOSS: 8.92	MAE: 46.50	RMSE: 53.37
Epoch 054	LOSS: 8.54	MAE: 46.46	RMSE: 53.33
Epoch 055	LOSS: 8.60	MAE: 46.46	RMSE: 53.33
Epoch 056	LOSS: 8.77	MAE: 46.47	RMSE: 53.34
Epoch 057	LOSS: 8.71	MAE: 46.45	RMSE: 53.32
Epoch 058	LOSS: 8.79	MAE: 46.43	RMSE: 53.30
Epoch 059	LOSS: 8.64	MAE: 46.42	RMSE: 53.29
Epoch 060	LOSS: 8.81	MAE: 46.41	RMSE: 53.28
Epoch 061	LOSS: 8.66	MAE: 46.42	RMSE: 53.29
Epoch 062	LOSS: 8.64	MAE: 46.41	RMSE: 53.28
Epoch 063	LOSS: 8.64	MAE: 46.37	RMSE: 53.24
Epoch 064	LOSS: 8.50	MAE: 46.40	RMSE: 53.26
Epoch 065	LOSS: 8.49	MAE: 46.38	RMSE: 53.24
Epoch 066	LOSS: 8.74	MAE: 46.37	RMSE: 53.24
Epoch 067	LOSS: 8.60	MAE: 46.37	RMSE: 53.23
Epoch 068	LOSS: 8.49	MAE: 46.36	RMSE: 53.23
Epoch 069	LOSS: 8.58	MAE: 46.36	RMSE: 53.22
Epoch 070	LOSS: 8.59	MAE: 46.35	RMSE: 53.21
Epoch 071	LOSS: 8.69	MAE: 46.34	RMSE: 53.20
Epoch 072	LOSS: 8.54	MAE: 46.33	RMSE: 53.20
Epoch 073	LOSS: 8.70	MAE: 46.31	RMSE: 53.17
Epoch 074	LOSS: 8.45	MAE: 46.34	RMSE: 53.20
Epoch 075	LOSS: 8.62	MAE: 46.31	RMSE: 53.17
Epoch 076	LOSS: 8.70	MAE: 46.32	RMSE: 53.19
Epoch 077	LOSS: 8.39	MAE: 46.30	RMSE: 53.16
Epoch 078	LOSS: 8.55	MAE: 46.29	RMSE: 53.15
Epoch 079	LOSS: 8.44	MAE: 46.28	RMSE: 53.14
Epoch 080	LOSS: 8.51	MAE: 46.26	RMSE: 53.12
Epoch 081	LOSS: 8.44	MAE: 46.27	RMSE: 53.13
Epoch 082	LOSS: 8.74	MAE: 46.26	RMSE: 53.11
Epoch 083	LOSS: 8.53	MAE: 46.27	RMSE: 53.12
Epoch 084	LOSS: 8.88	MAE: 46.24	RMSE: 53.09
Epoch 085	LOSS: 8.33	MAE: 46.28	RMSE: 53.14
Epoch 086	LOSS: 8.63	MAE: 46.24	RMSE: 53.10
Epoch 087	LOSS: 8.38	MAE: 46.27	RMSE: 53.12
Epoch 088	LOSS: 8.53	MAE: 46.23	RMSE: 53.08
Epoch 089	LOSS: 8.58	MAE: 46.23	RMSE: 53.09
Epoch 090	LOSS: 8.45	MAE: 46.22	RMSE: 53.07
Epoch 091	LOSS: 8.46	MAE: 46.22	RMSE: 53.07
Epoch 092	LOSS: 8.27	MAE: 46.20	RMSE: 53.05
Epoch 093	LOSS: 8.65	MAE: 46.23	RMSE: 53.08
Epoch 094	LOSS: 8.63	MAE: 46.21	RMSE: 53.07
Epoch 095	LOSS: 8.28	MAE: 46.20	RMSE: 53.06
Epoch 096	LOSS: 8.34	MAE: 46.20	RMSE: 53.06
Epoch 097	LOSS: 8.43	MAE: 46.20	RMSE: 53.05
Epoch 098	LOSS: 8.61	MAE: 46.19	RMSE: 53.04
Epoch 099	LOSS: 8.52	MAE: 46.17	RMSE: 53.02
Epoch 100	LOSS: 8.39	MAE: 46.16	RMSE: 53.02
Epoch 101	LOSS: 8.52	MAE: 46.16	RMSE: 53.00
Epoch 102	LOSS: 8.50	MAE: 46.16	RMSE: 53.01
Epoch 103	LOSS: 8.41	MAE: 46.16	RMSE: 53.01
Epoch 104	LOSS: 8.31	MAE: 46.16	RMSE: 53.01
Epoch 105	LOSS: 8.44	MAE: 46.16	RMSE: 53.01
Epoch 106	LOSS: 8.49	MAE: 46.13	RMSE: 52.97
Epoch 107	LOSS: 8.62	MAE: 46.15	RMSE: 53.00
Epoch 108	LOSS: 8.45	MAE: 46.12	RMSE: 52.96
Epoch 109	LOSS: 8.30	MAE: 46.13	RMSE: 52.97
Epoch 110	LOSS: 8.40	MAE: 46.11	RMSE: 52.95
Epoch 111	LOSS: 8.43	MAE: 46.10	RMSE: 52.95
Epoch 112	LOSS: 8.45	MAE: 46.10	RMSE: 52.94
Epoch 113	LOSS: 8.68	MAE: 46.10	RMSE: 52.94
Epoch 114	LOSS: 8.58	MAE: 46.10	RMSE: 52.94
Epoch 115	LOSS: 8.28	MAE: 46.06	RMSE: 52.90
Epoch 116	LOSS: 8.50	MAE: 46.09	RMSE: 52.93
Epoch 117	LOSS: 8.49	MAE: 46.09	RMSE: 52.92
Epoch 118	LOSS: 8.53	MAE: 46.07	RMSE: 52.90
Epoch 119	LOSS: 8.50	MAE: 46.05	RMSE: 52.89
Epoch 120	LOSS: 8.33	MAE: 46.05	RMSE: 52.88
Epoch 121	LOSS: 8.46	MAE: 46.05	RMSE: 52.88
Epoch 122	LOSS: 8.46	MAE: 46.04	RMSE: 52.86
Epoch 123	LOSS: 8.28	MAE: 46.02	RMSE: 52.86
Epoch 124	LOSS: 8.56	MAE: 46.04	RMSE: 52.88
Epoch 125	LOSS: 8.43	MAE: 46.04	RMSE: 52.87
Epoch 126	LOSS: 8.56	MAE: 46.01	RMSE: 52.85
Epoch 127	LOSS: 8.61	MAE: 46.00	RMSE: 52.83
Epoch 128	LOSS: 8.25	MAE: 46.00	RMSE: 52.83
Epoch 129	LOSS: 8.44	MAE: 46.02	RMSE: 52.85
Epoch 130	LOSS: 8.58	MAE: 46.00	RMSE: 52.83
Epoch 131	LOSS: 8.78	MAE: 46.02	RMSE: 52.84
Epoch 132	LOSS: 8.30	MAE: 45.99	RMSE: 52.82
Epoch 133	LOSS: 8.34	MAE: 45.98	RMSE: 52.81
Epoch 134	LOSS: 8.24	MAE: 45.97	RMSE: 52.80
Epoch 135	LOSS: 8.50	MAE: 45.99	RMSE: 52.80
Epoch 136	LOSS: 8.30	MAE: 45.98	RMSE: 52.81
Epoch 137	LOSS: 8.54	MAE: 45.97	RMSE: 52.79
Epoch 138	LOSS: 8.28	MAE: 45.94	RMSE: 52.77
Epoch 139	LOSS: 8.41	MAE: 45.96	RMSE: 52.78
Epoch 140	LOSS: 8.47	MAE: 45.92	RMSE: 52.74
Epoch 141	LOSS: 8.48	MAE: 45.95	RMSE: 52.76
Epoch 142	LOSS: 8.26	MAE: 45.93	RMSE: 52.75
Epoch 143	LOSS: 8.45	MAE: 45.94	RMSE: 52.75
Epoch 144	LOSS: 8.10	MAE: 45.93	RMSE: 52.75
Epoch 145	LOSS: 8.35	MAE: 45.93	RMSE: 52.75
Epoch 146	LOSS: 8.42	MAE: 45.92	RMSE: 52.75
Epoch 147	LOSS: 8.31	MAE: 45.92	RMSE: 52.73
Epoch 148	LOSS: 8.32	MAE: 45.91	RMSE: 52.73
Epoch 149	LOSS: 8.46	MAE: 45.89	RMSE: 52.71
Epoch 150	LOSS: 8.41	MAE: 45.91	RMSE: 52.72
Epoch 151	LOSS: 8.40	MAE: 45.89	RMSE: 52.71
Epoch 152	LOSS: 8.54	MAE: 45.88	RMSE: 52.70
Epoch 153	LOSS: 8.24	MAE: 45.87	RMSE: 52.68
Epoch 154	LOSS: 8.66	MAE: 45.87	RMSE: 52.68
Epoch 155	LOSS: 8.65	MAE: 45.86	RMSE: 52.67
Epoch 156	LOSS: 8.37	MAE: 45.85	RMSE: 52.66
Epoch 157	LOSS: 8.10	MAE: 45.86	RMSE: 52.67
Epoch 158	LOSS: 8.25	MAE: 45.83	RMSE: 52.65
Epoch 159	LOSS: 8.27	MAE: 45.82	RMSE: 52.63
Epoch 160	LOSS: 8.15	MAE: 45.81	RMSE: 52.62
Epoch 161	LOSS: 8.42	MAE: 45.83	RMSE: 52.64
Epoch 162	LOSS: 8.37	MAE: 45.81	RMSE: 52.62
Epoch 163	LOSS: 8.42	MAE: 45.82	RMSE: 52.63
Epoch 164	LOSS: 8.53	MAE: 45.82	RMSE: 52.63
Epoch 165	LOSS: 8.37	MAE: 45.80	RMSE: 52.61
Epoch 166	LOSS: 8.29	MAE: 45.82	RMSE: 52.64
Epoch 167	LOSS: 8.54	MAE: 45.83	RMSE: 52.64
Epoch 168	LOSS: 8.18	MAE: 45.82	RMSE: 52.63
Epoch 169	LOSS: 8.38	MAE: 45.79	RMSE: 52.60
Epoch 170	LOSS: 8.32	MAE: 45.78	RMSE: 52.59
Epoch 171	LOSS: 8.46	MAE: 45.81	RMSE: 52.61
Epoch 172	LOSS: 8.23	MAE: 45.80	RMSE: 52.61
Epoch 173	LOSS: 8.32	MAE: 45.79	RMSE: 52.60
Epoch 174	LOSS: 8.36	MAE: 45.78	RMSE: 52.59
Epoch 175	LOSS: 8.31	MAE: 45.77	RMSE: 52.58
Epoch 176	LOSS: 8.23	MAE: 45.77	RMSE: 52.57
Epoch 177	LOSS: 8.06	MAE: 45.77	RMSE: 52.58
Epoch 178	LOSS: 8.32	MAE: 45.74	RMSE: 52.54
Epoch 179	LOSS: 8.27	MAE: 45.76	RMSE: 52.56
Epoch 180	LOSS: 8.20	MAE: 45.75	RMSE: 52.56
Epoch 181	LOSS: 8.24	MAE: 45.76	RMSE: 52.56
Epoch 182	LOSS: 8.24	MAE: 45.76	RMSE: 52.57
Epoch 183	LOSS: 8.08	MAE: 45.75	RMSE: 52.56
Epoch 184	LOSS: 8.17	MAE: 45.74	RMSE: 52.54
Epoch 185	LOSS: 8.35	MAE: 45.76	RMSE: 52.56
Epoch 186	LOSS: 8.16	MAE: 45.74	RMSE: 52.55
Epoch 187	LOSS: 8.31	MAE: 45.75	RMSE: 52.55
Epoch 188	LOSS: 8.27	MAE: 45.74	RMSE: 52.54
Epoch 189	LOSS: 8.11	MAE: 45.73	RMSE: 52.54
Epoch 190	LOSS: 8.31	MAE: 45.73	RMSE: 52.54
Epoch 191	LOSS: 8.14	MAE: 45.73	RMSE: 52.54
Epoch 192	LOSS: 8.19	MAE: 45.72	RMSE: 52.54
Epoch 193	LOSS: 8.42	MAE: 45.72	RMSE: 52.53
Epoch 194	LOSS: 8.38	MAE: 45.73	RMSE: 52.54
Epoch 195	LOSS: 8.19	MAE: 45.73	RMSE: 52.55
Epoch 196	LOSS: 8.13	MAE: 45.72	RMSE: 52.53
Epoch 197	LOSS: 8.16	MAE: 45.73	RMSE: 52.55
Epoch 198	LOSS: 8.25	MAE: 45.73	RMSE: 52.54
Epoch 199	LOSS: 8.01	MAE: 45.76	RMSE: 52.58
Epoch 200	LOSS: 8.19	MAE: 45.74	RMSE: 52.56
Epoch 201	LOSS: 8.11	MAE: 45.72	RMSE: 52.54
Epoch 202	LOSS: 8.01	MAE: 45.73	RMSE: 52.55
Epoch 203	LOSS: 7.95	MAE: 45.73	RMSE: 52.55
Epoch 204	LOSS: 7.92	MAE: 45.73	RMSE: 52.55
Epoch 205	LOSS: 8.31	MAE: 45.73	RMSE: 52.55
Epoch 206	LOSS: 8.17	MAE: 45.72	RMSE: 52.55
Epoch 207	LOSS: 8.05	MAE: 45.73	RMSE: 52.56
Epoch 208	LOSS: 8.40	MAE: 45.73	RMSE: 52.55
Epoch 209	LOSS: 8.06	MAE: 45.75	RMSE: 52.57
Epoch 210	LOSS: 8.14	MAE: 45.76	RMSE: 52.58
Epoch 211	LOSS: 8.05	MAE: 45.75	RMSE: 52.57
Epoch 212	LOSS: 7.99	MAE: 45.75	RMSE: 52.58
Epoch 213	LOSS: 8.15	MAE: 45.77	RMSE: 52.60
Epoch 214	LOSS: 8.19	MAE: 45.75	RMSE: 52.58
Epoch 215	LOSS: 8.21	MAE: 45.77	RMSE: 52.61
Epoch 216	LOSS: 7.89	MAE: 45.78	RMSE: 52.62
Epoch 217	LOSS: 7.96	MAE: 45.79	RMSE: 52.63
Epoch 218	LOSS: 8.28	MAE: 45.79	RMSE: 52.63
Epoch 219	LOSS: 8.14	MAE: 45.78	RMSE: 52.62
Epoch 220	LOSS: 8.16	MAE: 45.80	RMSE: 52.65
Epoch 221	LOSS: 8.06	MAE: 45.80	RMSE: 52.65
Epoch 222	LOSS: 8.16	MAE: 45.80	RMSE: 52.65
Epoch 223	LOSS: 8.22	MAE: 45.79	RMSE: 52.64
Epoch 224	LOSS: 7.97	MAE: 45.79	RMSE: 52.64
Epoch 225	LOSS: 7.98	MAE: 45.79	RMSE: 52.64
Epoch 226	LOSS: 7.98	MAE: 45.81	RMSE: 52.66
Epoch 227	LOSS: 8.06	MAE: 45.83	RMSE: 52.67
Epoch 228	LOSS: 8.06	MAE: 45.82	RMSE: 52.66
Epoch 229	LOSS: 8.12	MAE: 45.82	RMSE: 52.66
Epoch 230	LOSS: 8.06	MAE: 45.81	RMSE: 52.66
Epoch 231	LOSS: 8.00	MAE: 45.80	RMSE: 52.64
Epoch 232	LOSS: 8.18	MAE: 45.81	RMSE: 52.67
Epoch 233	LOSS: 8.03	MAE: 45.83	RMSE: 52.67
Epoch 234	LOSS: 8.07	MAE: 45.80	RMSE: 52.65
Epoch 235	LOSS: 8.00	MAE: 45.80	RMSE: 52.65
Epoch 236	LOSS: 7.83	MAE: 45.83	RMSE: 52.67
Epoch 237	LOSS: 7.89	MAE: 45.82	RMSE: 52.68
Epoch 238	LOSS: 7.87	MAE: 45.83	RMSE: 52.69
Epoch 239	LOSS: 8.12	MAE: 45.81	RMSE: 52.67
Epoch 240	LOSS: 8.12	MAE: 45.81	RMSE: 52.67
Epoch 241	LOSS: 8.04	MAE: 45.81	RMSE: 52.67
Epoch 242	LOSS: 8.05	MAE: 45.82	RMSE: 52.68
Epoch 243	LOSS: 7.99	MAE: 45.83	RMSE: 52.69
Epoch 244	LOSS: 8.16	MAE: 45.83	RMSE: 52.69
Epoch 245	LOSS: 8.03	MAE: 45.84	RMSE: 52.70
Epoch 246	LOSS: 8.16	MAE: 45.86	RMSE: 52.71
Epoch 247	LOSS: 7.83	MAE: 45.84	RMSE: 52.70
Epoch 248	LOSS: 7.90	MAE: 45.84	RMSE: 52.71
Epoch 249	LOSS: 7.94	MAE: 45.85	RMSE: 52.71
Epoch 250	LOSS: 7.97	MAE: 45.85	RMSE: 52.72
Epoch 251	LOSS: 7.87	MAE: 45.86	RMSE: 52.73
Epoch 252	LOSS: 7.69	MAE: 45.87	RMSE: 52.73
Epoch 253	LOSS: 7.85	MAE: 45.86	RMSE: 52.74
Epoch 254	LOSS: 7.82	MAE: 45.88	RMSE: 52.74
Epoch 255	LOSS: 8.01	MAE: 45.87	RMSE: 52.74
Epoch 256	LOSS: 7.81	MAE: 45.88	RMSE: 52.74
Epoch 257	LOSS: 7.74	MAE: 45.91	RMSE: 52.77
Epoch 258	LOSS: 7.88	MAE: 45.92	RMSE: 52.78
Epoch 259	LOSS: 8.06	MAE: 45.89	RMSE: 52.76
Epoch 260	LOSS: 7.87	MAE: 45.88	RMSE: 52.75
Epoch 261	LOSS: 7.71	MAE: 45.89	RMSE: 52.76
Epoch 262	LOSS: 8.05	MAE: 45.89	RMSE: 52.76
Epoch 263	LOSS: 7.94	MAE: 45.88	RMSE: 52.76
Epoch 264	LOSS: 7.80	MAE: 45.91	RMSE: 52.80
Epoch 265	LOSS: 8.08	MAE: 45.90	RMSE: 52.78
Epoch 266	LOSS: 7.98	MAE: 45.91	RMSE: 52.79
Epoch 267	LOSS: 7.85	MAE: 45.93	RMSE: 52.82
Epoch 268	LOSS: 7.84	MAE: 45.94	RMSE: 52.82
Epoch 269	LOSS: 7.92	MAE: 45.96	RMSE: 52.83
Epoch 270	LOSS: 8.02	MAE: 45.95	RMSE: 52.83
Epoch 271	LOSS: 7.82	MAE: 45.93	RMSE: 52.82
Epoch 272	LOSS: 7.83	MAE: 45.94	RMSE: 52.83
Epoch 273	LOSS: 8.06	MAE: 45.94	RMSE: 52.82
Epoch 274	LOSS: 7.84	MAE: 45.94	RMSE: 52.83
Epoch 275	LOSS: 7.88	MAE: 45.95	RMSE: 52.84
Epoch 276	LOSS: 8.00	MAE: 45.93	RMSE: 52.82
Epoch 277	LOSS: 7.92	MAE: 45.95	RMSE: 52.84
Epoch 278	LOSS: 7.85	MAE: 45.93	RMSE: 52.82
Epoch 279	LOSS: 8.17	MAE: 45.91	RMSE: 52.79
Epoch 280	LOSS: 7.69	MAE: 45.92	RMSE: 52.81
Epoch 281	LOSS: 7.96	MAE: 45.92	RMSE: 52.82
Epoch 282	LOSS: 7.84	MAE: 45.93	RMSE: 52.81
Epoch 283	LOSS: 8.00	MAE: 45.94	RMSE: 52.82
Epoch 284	LOSS: 7.68	MAE: 45.93	RMSE: 52.82
Epoch 285	LOSS: 8.06	MAE: 45.93	RMSE: 52.82
Epoch 286	LOSS: 7.86	MAE: 45.92	RMSE: 52.81
Epoch 287	LOSS: 7.84	MAE: 45.96	RMSE: 52.85
Epoch 288	LOSS: 7.82	MAE: 45.94	RMSE: 52.83
Epoch 289	LOSS: 8.01	MAE: 45.98	RMSE: 52.87
Epoch 290	LOSS: 7.95	MAE: 45.97	RMSE: 52.87
Epoch 291	LOSS: 7.99	MAE: 45.98	RMSE: 52.87
Epoch 292	LOSS: 7.74	MAE: 45.98	RMSE: 52.88
Epoch 293	LOSS: 7.91	MAE: 45.99	RMSE: 52.89
Epoch 294	LOSS: 7.94	MAE: 46.00	RMSE: 52.90
Epoch 295	LOSS: 8.06	MAE: 46.00	RMSE: 52.90
Epoch 296	LOSS: 7.95	MAE: 45.98	RMSE: 52.88
Epoch 297	LOSS: 8.03	MAE: 45.97	RMSE: 52.87
Epoch 298	LOSS: 7.85	MAE: 45.99	RMSE: 52.89
Epoch 299	LOSS: 7.90	MAE: 45.99	RMSE: 52.90
Epoch 300	LOSS: 7.95	MAE: 45.99	RMSE: 52.89
Epoch 301	LOSS: 7.89	MAE: 45.98	RMSE: 52.89
Epoch 302	LOSS: 7.70	MAE: 46.00	RMSE: 52.91
Epoch 303	LOSS: 7.70	MAE: 46.01	RMSE: 52.91
Epoch 304	LOSS: 7.90	MAE: 46.00	RMSE: 52.91
Epoch 305	LOSS: 7.90	MAE: 45.99	RMSE: 52.90
Epoch 306	LOSS: 7.78	MAE: 45.99	RMSE: 52.90
Epoch 307	LOSS: 7.77	MAE: 46.01	RMSE: 52.91
Epoch 308	LOSS: 8.03	MAE: 46.01	RMSE: 52.92
Epoch 309	LOSS: 7.74	MAE: 46.02	RMSE: 52.93
Epoch 310	LOSS: 7.73	MAE: 46.03	RMSE: 52.94
Epoch 311	LOSS: 7.98	MAE: 46.04	RMSE: 52.95
Epoch 312	LOSS: 7.71	MAE: 46.05	RMSE: 52.97
Epoch 313	LOSS: 7.55	MAE: 46.03	RMSE: 52.95
Epoch 314	LOSS: 7.90	MAE: 46.05	RMSE: 52.97
Epoch 315	LOSS: 7.69	MAE: 46.06	RMSE: 52.99
Epoch 316	LOSS: 7.58	MAE: 46.06	RMSE: 52.99
Epoch 317	LOSS: 7.77	MAE: 46.05	RMSE: 52.98
Epoch 318	LOSS: 7.72	MAE: 46.06	RMSE: 52.99
Epoch 319	LOSS: 7.81	MAE: 46.07	RMSE: 53.00
Epoch 320	LOSS: 7.90	MAE: 46.07	RMSE: 53.00
Epoch 321	LOSS: 7.69	MAE: 46.08	RMSE: 53.01
Epoch 322	LOSS: 7.86	MAE: 46.10	RMSE: 53.03
Epoch 323	LOSS: 7.74	MAE: 46.08	RMSE: 53.02
Epoch 324	LOSS: 7.80	MAE: 46.09	RMSE: 53.02
Epoch 325	LOSS: 7.70	MAE: 46.09	RMSE: 53.02
Epoch 326	LOSS: 7.74	MAE: 46.09	RMSE: 53.03
Epoch 327	LOSS: 7.69	MAE: 46.11	RMSE: 53.05
Epoch 328	LOSS: 7.78	MAE: 46.12	RMSE: 53.06
Epoch 329	LOSS: 7.72	MAE: 46.12	RMSE: 53.06
Epoch 330	LOSS: 7.73	MAE: 46.14	RMSE: 53.08
Epoch 331	LOSS: 7.71	MAE: 46.13	RMSE: 53.07
Epoch 332	LOSS: 7.77	MAE: 46.15	RMSE: 53.10
Epoch 333	LOSS: 7.71	MAE: 46.13	RMSE: 53.08
Epoch 334	LOSS: 7.54	MAE: 46.17	RMSE: 53.11
Epoch 335	LOSS: 7.68	MAE: 46.16	RMSE: 53.11
Epoch 336	LOSS: 7.86	MAE: 46.15	RMSE: 53.09
Epoch 337	LOSS: 7.84	MAE: 46.15	RMSE: 53.11
Epoch 338	LOSS: 7.65	MAE: 46.14	RMSE: 53.10
Epoch 339	LOSS: 7.52	MAE: 46.16	RMSE: 53.11
Epoch 340	LOSS: 7.75	MAE: 46.17	RMSE: 53.12
Epoch 341	LOSS: 7.62	MAE: 46.19	RMSE: 53.15
Epoch 342	LOSS: 7.68	MAE: 46.17	RMSE: 53.12
Epoch 343	LOSS: 7.72	MAE: 46.18	RMSE: 53.14
Epoch 344	LOSS: 7.55	MAE: 46.20	RMSE: 53.16
Epoch 345	LOSS: 7.72	MAE: 46.24	RMSE: 53.21
Epoch 346	LOSS: 7.67	MAE: 46.26	RMSE: 53.24
Epoch 347	LOSS: 7.56	MAE: 46.25	RMSE: 53.22
Epoch 348	LOSS: 7.54	MAE: 46.28	RMSE: 53.26
Epoch 349	LOSS: 7.69	MAE: 46.29	RMSE: 53.26
Epoch 350	LOSS: 7.81	MAE: 46.28	RMSE: 53.26
Epoch 351	LOSS: 7.56	MAE: 46.30	RMSE: 53.28
Epoch 352	LOSS: 7.65	MAE: 46.32	RMSE: 53.29
Epoch 353	LOSS: 7.71	MAE: 46.32	RMSE: 53.30
Epoch 354	LOSS: 7.62	MAE: 46.31	RMSE: 53.30
Epoch 355	LOSS: 7.63	MAE: 46.31	RMSE: 53.30
Epoch 356	LOSS: 7.61	MAE: 46.34	RMSE: 53.32
Epoch 357	LOSS: 7.73	MAE: 46.33	RMSE: 53.31
Epoch 358	LOSS: 7.43	MAE: 46.35	RMSE: 53.35
Epoch 359	LOSS: 7.83	MAE: 46.35	RMSE: 53.34
Epoch 360	LOSS: 7.70	MAE: 46.35	RMSE: 53.34
Epoch 361	LOSS: 7.61	MAE: 46.37	RMSE: 53.35
Epoch 362	LOSS: 7.65	MAE: 46.37	RMSE: 53.36
Epoch 363	LOSS: 7.54	MAE: 46.37	RMSE: 53.36
Epoch 364	LOSS: 7.56	MAE: 46.36	RMSE: 53.35
Epoch 365	LOSS: 7.56	MAE: 46.38	RMSE: 53.37
Epoch 366	LOSS: 7.59	MAE: 46.39	RMSE: 53.38
Epoch 367	LOSS: 7.69	MAE: 46.37	RMSE: 53.36
Epoch 368	LOSS: 7.47	MAE: 46.38	RMSE: 53.38
Epoch 369	LOSS: 7.48	MAE: 46.39	RMSE: 53.38
Epoch 370	LOSS: 7.36	MAE: 46.42	RMSE: 53.42
Epoch 371	LOSS: 7.60	MAE: 46.42	RMSE: 53.42
Epoch 372	LOSS: 7.70	MAE: 46.42	RMSE: 53.41
Epoch 373	LOSS: 7.75	MAE: 46.43	RMSE: 53.41
Epoch 374	LOSS: 7.56	MAE: 46.44	RMSE: 53.45
Epoch 375	LOSS: 7.65	MAE: 46.44	RMSE: 53.44
Epoch 376	LOSS: 7.65	MAE: 46.49	RMSE: 53.48
Epoch 377	LOSS: 7.64	MAE: 46.45	RMSE: 53.46
Epoch 378	LOSS: 7.73	MAE: 46.46	RMSE: 53.46
Epoch 379	LOSS: 7.48	MAE: 46.45	RMSE: 53.46
Epoch 380	LOSS: 7.50	MAE: 46.45	RMSE: 53.46
Epoch 381	LOSS: 7.63	MAE: 46.46	RMSE: 53.47
Epoch 382	LOSS: 7.36	MAE: 46.48	RMSE: 53.49
Epoch 383	LOSS: 7.49	MAE: 46.45	RMSE: 53.46
Epoch 384	LOSS: 7.68	MAE: 46.45	RMSE: 53.47
Epoch 385	LOSS: 7.66	MAE: 46.47	RMSE: 53.49
Epoch 386	LOSS: 7.41	MAE: 46.48	RMSE: 53.49
Epoch 387	LOSS: 7.51	MAE: 46.49	RMSE: 53.50
Epoch 388	LOSS: 7.57	MAE: 46.49	RMSE: 53.50
Epoch 389	LOSS: 7.47	MAE: 46.49	RMSE: 53.51
Epoch 390	LOSS: 7.53	MAE: 46.49	RMSE: 53.51
Epoch 391	LOSS: 7.48	MAE: 46.50	RMSE: 53.52
Epoch 392	LOSS: 7.72	MAE: 46.50	RMSE: 53.51
Epoch 393	LOSS: 7.60	MAE: 46.50	RMSE: 53.51
Epoch 394	LOSS: 7.60	MAE: 46.53	RMSE: 53.55
Epoch 395	LOSS: 7.56	MAE: 46.51	RMSE: 53.53
Epoch 396	LOSS: 7.46	MAE: 46.54	RMSE: 53.56
Epoch 397	LOSS: 7.59	MAE: 46.53	RMSE: 53.56
Epoch 398	LOSS: 7.50	MAE: 46.55	RMSE: 53.58
Epoch 399	LOSS: 7.40	MAE: 46.55	RMSE: 53.59
Epoch 400	LOSS: 7.29	MAE: 46.56	RMSE: 53.59
Epoch 401	LOSS: 7.40	MAE: 46.57	RMSE: 53.60
Epoch 402	LOSS: 7.41	MAE: 46.58	RMSE: 53.61
Epoch 403	LOSS: 7.51	MAE: 46.58	RMSE: 53.62
Epoch 404	LOSS: 7.53	MAE: 46.59	RMSE: 53.63
Epoch 405	LOSS: 7.80	MAE: 46.59	RMSE: 53.61
Epoch 406	LOSS: 7.96	MAE: 46.61	RMSE: 53.63
Epoch 407	LOSS: 7.55	MAE: 46.59	RMSE: 53.63
Epoch 408	LOSS: 7.80	MAE: 46.62	RMSE: 53.65
Epoch 409	LOSS: 7.56	MAE: 46.60	RMSE: 53.63
Epoch 410	LOSS: 7.49	MAE: 46.61	RMSE: 53.66
Epoch 411	LOSS: 7.53	MAE: 46.61	RMSE: 53.65
Epoch 412	LOSS: 7.41	MAE: 46.60	RMSE: 53.65
Epoch 413	LOSS: 7.47	MAE: 46.64	RMSE: 53.69
Epoch 414	LOSS: 7.65	MAE: 46.64	RMSE: 53.69
Epoch 415	LOSS: 7.39	MAE: 46.65	RMSE: 53.69
Epoch 416	LOSS: 7.39	MAE: 46.68	RMSE: 53.72
Epoch 417	LOSS: 7.43	MAE: 46.65	RMSE: 53.70
Epoch 418	LOSS: 7.70	MAE: 46.67	RMSE: 53.70
Epoch 419	LOSS: 7.46	MAE: 46.65	RMSE: 53.69
Epoch 420	LOSS: 7.86	MAE: 46.65	RMSE: 53.67
Epoch 421	LOSS: 7.55	MAE: 46.67	RMSE: 53.70
Epoch 422	LOSS: 7.49	MAE: 46.65	RMSE: 53.71
Epoch 423	LOSS: 7.52	MAE: 46.63	RMSE: 53.69
Epoch 424	LOSS: 7.64	MAE: 46.67	RMSE: 53.69
Epoch 425	LOSS: 8.84	MAE: 46.95	RMSE: 53.79
Epoch 426	LOSS: 8.44	MAE: 46.67	RMSE: 53.70
Epoch 427	LOSS: 7.61	MAE: 46.67	RMSE: 53.69
Epoch 428	LOSS: 7.80	MAE: 46.68	RMSE: 53.71
Epoch 429	LOSS: 7.60	MAE: 46.67	RMSE: 53.70
Epoch 430	LOSS: 7.54	MAE: 46.68	RMSE: 53.73
Epoch 431	LOSS: 7.56	MAE: 46.73	RMSE: 53.76
Epoch 432	LOSS: 7.38	MAE: 46.71	RMSE: 53.77
Epoch 433	LOSS: 7.32	MAE: 46.70	RMSE: 53.76
Epoch 434	LOSS: 7.37	MAE: 46.71	RMSE: 53.78
Epoch 435	LOSS: 7.36	MAE: 46.71	RMSE: 53.78
Epoch 436	LOSS: 7.54	MAE: 46.72	RMSE: 53.78
Epoch 437	LOSS: 7.30	MAE: 46.71	RMSE: 53.78
Epoch 438	LOSS: 7.42	MAE: 46.72	RMSE: 53.78
Epoch 439	LOSS: 7.35	MAE: 46.73	RMSE: 53.79
Epoch 440	LOSS: 7.42	MAE: 46.72	RMSE: 53.79
Epoch 441	LOSS: 7.33	MAE: 46.73	RMSE: 53.80
Epoch 442	LOSS: 7.18	MAE: 46.73	RMSE: 53.79
Epoch 443	LOSS: 7.34	MAE: 46.74	RMSE: 53.80
Epoch 444	LOSS: 7.27	MAE: 46.75	RMSE: 53.82
Epoch 445	LOSS: 7.13	MAE: 46.76	RMSE: 53.84
Epoch 446	LOSS: 7.24	MAE: 46.76	RMSE: 53.84
Epoch 447	LOSS: 7.34	MAE: 46.78	RMSE: 53.85
Epoch 448	LOSS: 7.32	MAE: 46.78	RMSE: 53.86
Epoch 449	LOSS: 7.24	MAE: 46.78	RMSE: 53.86
Epoch 450	LOSS: 7.42	MAE: 46.78	RMSE: 53.85
Epoch 451	LOSS: 7.14	MAE: 46.81	RMSE: 53.89
Epoch 452	LOSS: 7.06	MAE: 46.81	RMSE: 53.88
Epoch 453	LOSS: 7.27	MAE: 46.81	RMSE: 53.88
Epoch 454	LOSS: 7.34	MAE: 46.80	RMSE: 53.88
Epoch 455	LOSS: 7.39	MAE: 46.82	RMSE: 53.89
Epoch 456	LOSS: 7.20	MAE: 46.80	RMSE: 53.89
Epoch 457	LOSS: 7.22	MAE: 46.81	RMSE: 53.89
Epoch 458	LOSS: 7.26	MAE: 46.82	RMSE: 53.89
Epoch 459	LOSS: 7.41	MAE: 46.85	RMSE: 53.91
Epoch 460	LOSS: 7.47	MAE: 46.80	RMSE: 53.89
Epoch 461	LOSS: 7.57	MAE: 46.81	RMSE: 53.89
Epoch 462	LOSS: 7.69	MAE: 46.82	RMSE: 53.88
Epoch 463	LOSS: 7.46	MAE: 46.82	RMSE: 53.90
Epoch 464	LOSS: 7.27	MAE: 46.81	RMSE: 53.89
Epoch 465	LOSS: 7.58	MAE: 46.81	RMSE: 53.90
Epoch 466	LOSS: 7.56	MAE: 46.86	RMSE: 53.92
Epoch 467	LOSS: 7.60	MAE: 46.87	RMSE: 53.92
Epoch 468	LOSS: 7.43	MAE: 46.81	RMSE: 53.89
Epoch 469	LOSS: 7.54	MAE: 46.85	RMSE: 53.92
Epoch 470	LOSS: 7.52	MAE: 46.83	RMSE: 53.91
Epoch 471	LOSS: 7.35	MAE: 46.83	RMSE: 53.91
Epoch 472	LOSS: 7.04	MAE: 46.85	RMSE: 53.93
Epoch 473	LOSS: 7.47	MAE: 46.88	RMSE: 53.96
Epoch 474	LOSS: 7.36	MAE: 46.88	RMSE: 53.96
Epoch 475	LOSS: 7.28	MAE: 46.86	RMSE: 53.95
Epoch 476	LOSS: 7.26	MAE: 46.85	RMSE: 53.95
Epoch 477	LOSS: 7.39	MAE: 46.87	RMSE: 53.96
Epoch 478	LOSS: 7.09	MAE: 46.86	RMSE: 53.96
Epoch 479	LOSS: 7.31	MAE: 46.86	RMSE: 53.95
Epoch 480	LOSS: 7.13	MAE: 46.87	RMSE: 53.96
Epoch 481	LOSS: 7.09	MAE: 46.86	RMSE: 53.95
Epoch 482	LOSS: 7.25	MAE: 46.86	RMSE: 53.95
Epoch 483	LOSS: 7.17	MAE: 46.87	RMSE: 53.96
Epoch 484	LOSS: 6.89	MAE: 46.85	RMSE: 53.95
Epoch 485	LOSS: 7.33	MAE: 46.87	RMSE: 53.96
Epoch 486	LOSS: 7.34	MAE: 46.86	RMSE: 53.95
Epoch 487	LOSS: 7.59	MAE: 46.87	RMSE: 53.95
Epoch 488	LOSS: 7.77	MAE: 46.91	RMSE: 53.96
Epoch 489	LOSS: 7.28	MAE: 46.87	RMSE: 53.96
Epoch 490	LOSS: 7.47	MAE: 46.87	RMSE: 53.95
Epoch 491	LOSS: 7.23	MAE: 46.88	RMSE: 53.96
Epoch 492	LOSS: 7.26	MAE: 46.88	RMSE: 53.97
Epoch 493	LOSS: 7.23	MAE: 46.89	RMSE: 53.98
Epoch 494	LOSS: 7.16	MAE: 46.89	RMSE: 53.98
Epoch 495	LOSS: 7.29	MAE: 46.88	RMSE: 53.97
Epoch 496	LOSS: 7.06	MAE: 46.88	RMSE: 53.98
Epoch 497	LOSS: 7.33	MAE: 46.92	RMSE: 53.99
Epoch 498	LOSS: 7.47	MAE: 46.90	RMSE: 53.98
Epoch 499	LOSS: 7.27	MAE: 46.86	RMSE: 53.95
