Epoch 000	LOSS: 224.40	MAE: 215.16	RMSE: 262.00
Epoch 001	LOSS: 224.67	MAE: 213.63	RMSE: 260.71
Epoch 002	LOSS: 227.20	MAE: 213.35	RMSE: 260.47
Epoch 003	LOSS: 223.32	MAE: 213.08	RMSE: 260.25
Epoch 004	LOSS: 227.99	MAE: 212.83	RMSE: 260.04
Epoch 005	LOSS: 225.16	MAE: 212.59	RMSE: 259.83
Epoch 006	LOSS: 224.28	MAE: 212.34	RMSE: 259.62
Epoch 007	LOSS: 223.85	MAE: 212.08	RMSE: 259.40
Epoch 008	LOSS: 224.30	MAE: 211.83	RMSE: 259.18
Epoch 009	LOSS: 223.68	MAE: 211.56	RMSE: 258.96
Epoch 010	LOSS: 224.42	MAE: 211.29	RMSE: 258.73
Epoch 011	LOSS: 224.64	MAE: 211.02	RMSE: 258.50
Epoch 012	LOSS: 222.03	MAE: 210.75	RMSE: 258.26
Epoch 013	LOSS: 221.33	MAE: 210.47	RMSE: 258.03
Epoch 014	LOSS: 224.00	MAE: 210.19	RMSE: 257.79
Epoch 015	LOSS: 223.17	MAE: 209.91	RMSE: 257.54
Epoch 016	LOSS: 221.42	MAE: 209.62	RMSE: 257.30
Epoch 017	LOSS: 219.39	MAE: 209.32	RMSE: 257.05
Epoch 018	LOSS: 220.78	MAE: 209.03	RMSE: 256.79
Epoch 019	LOSS: 221.34	MAE: 208.73	RMSE: 256.53
Epoch 020	LOSS: 220.26	MAE: 208.42	RMSE: 256.27
Epoch 021	LOSS: 221.29	MAE: 208.12	RMSE: 256.01
Epoch 022	LOSS: 219.67	MAE: 207.80	RMSE: 255.74
Epoch 023	LOSS: 221.33	MAE: 207.49	RMSE: 255.47
Epoch 024	LOSS: 220.38	MAE: 207.17	RMSE: 255.19
Epoch 025	LOSS: 218.01	MAE: 206.85	RMSE: 254.92
Epoch 026	LOSS: 217.91	MAE: 206.52	RMSE: 254.63
Epoch 027	LOSS: 216.45	MAE: 206.19	RMSE: 254.35
Epoch 028	LOSS: 218.86	MAE: 205.85	RMSE: 254.06
Epoch 029	LOSS: 216.40	MAE: 205.51	RMSE: 253.77
Epoch 030	LOSS: 215.40	MAE: 205.17	RMSE: 253.47
Epoch 031	LOSS: 218.69	MAE: 204.83	RMSE: 253.17
Epoch 032	LOSS: 217.14	MAE: 204.48	RMSE: 252.87
Epoch 033	LOSS: 216.37	MAE: 204.12	RMSE: 252.57
Epoch 034	LOSS: 215.69	MAE: 203.77	RMSE: 252.26
Epoch 035	LOSS: 215.34	MAE: 203.41	RMSE: 251.94
Epoch 036	LOSS: 217.60	MAE: 203.04	RMSE: 251.63
Epoch 037	LOSS: 214.14	MAE: 202.68	RMSE: 251.31
Epoch 038	LOSS: 212.99	MAE: 202.31	RMSE: 250.99
Epoch 039	LOSS: 212.31	MAE: 201.93	RMSE: 250.66
Epoch 040	LOSS: 214.91	MAE: 201.56	RMSE: 250.33
Epoch 041	LOSS: 210.38	MAE: 201.18	RMSE: 250.00
Epoch 042	LOSS: 212.26	MAE: 200.79	RMSE: 249.67
Epoch 043	LOSS: 210.00	MAE: 200.41	RMSE: 249.33
Epoch 044	LOSS: 211.55	MAE: 200.02	RMSE: 248.99
Epoch 045	LOSS: 212.28	MAE: 199.63	RMSE: 248.64
Epoch 046	LOSS: 211.06	MAE: 199.23	RMSE: 248.30
Epoch 047	LOSS: 209.64	MAE: 198.83	RMSE: 247.95
Epoch 048	LOSS: 210.71	MAE: 198.43	RMSE: 247.59
Epoch 049	LOSS: 208.93	MAE: 198.03	RMSE: 247.24
Epoch 050	LOSS: 210.26	MAE: 197.62	RMSE: 246.88
Epoch 051	LOSS: 206.92	MAE: 197.21	RMSE: 246.52
Epoch 052	LOSS: 208.58	MAE: 196.80	RMSE: 246.15
Epoch 053	LOSS: 210.44	MAE: 196.38	RMSE: 245.78
Epoch 054	LOSS: 207.01	MAE: 195.97	RMSE: 245.41
Epoch 055	LOSS: 205.88	MAE: 195.55	RMSE: 245.04
Epoch 056	LOSS: 207.89	MAE: 195.12	RMSE: 244.66
Epoch 057	LOSS: 207.62	MAE: 194.70	RMSE: 244.29
Epoch 058	LOSS: 207.81	MAE: 194.27	RMSE: 243.91
Epoch 059	LOSS: 204.10	MAE: 193.84	RMSE: 243.52
Epoch 060	LOSS: 203.08	MAE: 193.41	RMSE: 243.13
Epoch 061	LOSS: 208.06	MAE: 192.98	RMSE: 242.75
Epoch 062	LOSS: 204.77	MAE: 192.54	RMSE: 242.35
Epoch 063	LOSS: 203.37	MAE: 192.10	RMSE: 241.96
Epoch 064	LOSS: 203.03	MAE: 191.66	RMSE: 241.56
Epoch 065	LOSS: 203.04	MAE: 191.21	RMSE: 241.16
Epoch 066	LOSS: 205.20	MAE: 190.77	RMSE: 240.76
Epoch 067	LOSS: 199.38	MAE: 190.32	RMSE: 240.35
Epoch 068	LOSS: 204.10	MAE: 189.87	RMSE: 239.95
Epoch 069	LOSS: 200.71	MAE: 189.42	RMSE: 239.54
Epoch 070	LOSS: 201.71	MAE: 188.97	RMSE: 239.13
Epoch 071	LOSS: 201.88	MAE: 188.51	RMSE: 238.71
Epoch 072	LOSS: 199.86	MAE: 188.05	RMSE: 238.30
Epoch 073	LOSS: 199.71	MAE: 187.59	RMSE: 237.88
Epoch 074	LOSS: 197.83	MAE: 187.13	RMSE: 237.46
Epoch 075	LOSS: 198.80	MAE: 186.67	RMSE: 237.03
Epoch 076	LOSS: 198.23	MAE: 186.21	RMSE: 236.61
Epoch 077	LOSS: 196.20	MAE: 185.74	RMSE: 236.18
Epoch 078	LOSS: 195.02	MAE: 185.28	RMSE: 235.75
Epoch 079	LOSS: 198.67	MAE: 184.81	RMSE: 235.32
Epoch 080	LOSS: 194.61	MAE: 184.34	RMSE: 234.88
Epoch 081	LOSS: 190.94	MAE: 183.87	RMSE: 234.45
Epoch 082	LOSS: 194.71	MAE: 183.39	RMSE: 234.01
Epoch 083	LOSS: 191.72	MAE: 182.92	RMSE: 233.57
Epoch 084	LOSS: 191.90	MAE: 182.45	RMSE: 233.13
Epoch 085	LOSS: 195.82	MAE: 181.97	RMSE: 232.68
Epoch 086	LOSS: 189.44	MAE: 181.50	RMSE: 232.24
Epoch 087	LOSS: 188.95	MAE: 181.02	RMSE: 231.79
Epoch 088	LOSS: 192.39	MAE: 180.54	RMSE: 231.34
Epoch 089	LOSS: 191.16	MAE: 180.06	RMSE: 230.89
Epoch 090	LOSS: 192.21	MAE: 179.59	RMSE: 230.43
Epoch 091	LOSS: 187.58	MAE: 179.11	RMSE: 229.98
Epoch 092	LOSS: 190.41	MAE: 178.63	RMSE: 229.52
Epoch 093	LOSS: 186.92	MAE: 178.15	RMSE: 229.07
Epoch 094	LOSS: 190.96	MAE: 177.66	RMSE: 228.61
Epoch 095	LOSS: 189.60	MAE: 177.18	RMSE: 228.15
Epoch 096	LOSS: 188.16	MAE: 176.70	RMSE: 227.68
Epoch 097	LOSS: 186.97	MAE: 176.22	RMSE: 227.22
Epoch 098	LOSS: 187.52	MAE: 175.74	RMSE: 226.76
Epoch 099	LOSS: 185.43	MAE: 175.25	RMSE: 226.29
Epoch 100	LOSS: 185.30	MAE: 174.77	RMSE: 225.82
Epoch 101	LOSS: 187.19	MAE: 174.29	RMSE: 225.35
Epoch 102	LOSS: 184.05	MAE: 173.80	RMSE: 224.88
Epoch 103	LOSS: 182.81	MAE: 173.32	RMSE: 224.41
Epoch 104	LOSS: 182.98	MAE: 172.84	RMSE: 223.94
Epoch 105	LOSS: 181.65	MAE: 172.36	RMSE: 223.46
Epoch 106	LOSS: 184.44	MAE: 171.88	RMSE: 222.99
Epoch 107	LOSS: 181.54	MAE: 171.39	RMSE: 222.51
Epoch 108	LOSS: 181.17	MAE: 170.91	RMSE: 222.03
Epoch 109	LOSS: 180.84	MAE: 170.43	RMSE: 221.56
Epoch 110	LOSS: 181.41	MAE: 169.95	RMSE: 221.08
Epoch 111	LOSS: 179.92	MAE: 169.47	RMSE: 220.60
Epoch 112	LOSS: 181.16	MAE: 168.99	RMSE: 220.11
Epoch 113	LOSS: 179.27	MAE: 168.51	RMSE: 219.63
Epoch 114	LOSS: 179.37	MAE: 168.03	RMSE: 219.15
Epoch 115	LOSS: 176.22	MAE: 167.56	RMSE: 218.67
Epoch 116	LOSS: 177.22	MAE: 167.08	RMSE: 218.18
Epoch 117	LOSS: 176.38	MAE: 166.60	RMSE: 217.70
Epoch 118	LOSS: 174.21	MAE: 166.13	RMSE: 217.21
Epoch 119	LOSS: 176.13	MAE: 165.66	RMSE: 216.72
Epoch 120	LOSS: 176.97	MAE: 165.19	RMSE: 216.24
Epoch 121	LOSS: 174.09	MAE: 164.73	RMSE: 215.75
Epoch 122	LOSS: 172.39	MAE: 164.26	RMSE: 215.27
Epoch 123	LOSS: 175.63	MAE: 163.80	RMSE: 214.78
Epoch 124	LOSS: 175.17	MAE: 163.33	RMSE: 214.29
Epoch 125	LOSS: 170.65	MAE: 162.87	RMSE: 213.81
Epoch 126	LOSS: 174.01	MAE: 162.41	RMSE: 213.32
Epoch 127	LOSS: 168.84	MAE: 161.95	RMSE: 212.83
Epoch 128	LOSS: 168.92	MAE: 161.49	RMSE: 212.34
Epoch 129	LOSS: 171.30	MAE: 161.03	RMSE: 211.85
Epoch 130	LOSS: 167.32	MAE: 160.58	RMSE: 211.36
Epoch 131	LOSS: 170.68	MAE: 160.12	RMSE: 210.87
Epoch 132	LOSS: 168.40	MAE: 159.67	RMSE: 210.38
Epoch 133	LOSS: 169.77	MAE: 159.22	RMSE: 209.89
Epoch 134	LOSS: 166.72	MAE: 158.77	RMSE: 209.40
Epoch 135	LOSS: 167.65	MAE: 158.32	RMSE: 208.91
Epoch 136	LOSS: 168.14	MAE: 157.88	RMSE: 208.42
Epoch 137	LOSS: 163.39	MAE: 157.44	RMSE: 207.93
Epoch 138	LOSS: 168.57	MAE: 157.00	RMSE: 207.45
Epoch 139	LOSS: 165.16	MAE: 156.57	RMSE: 206.96
Epoch 140	LOSS: 164.97	MAE: 156.13	RMSE: 206.48
Epoch 141	LOSS: 163.12	MAE: 155.70	RMSE: 205.99
Epoch 142	LOSS: 165.25	MAE: 155.28	RMSE: 205.51
Epoch 143	LOSS: 163.61	MAE: 154.85	RMSE: 205.03
Epoch 144	LOSS: 164.50	MAE: 154.43	RMSE: 204.54
Epoch 145	LOSS: 163.87	MAE: 154.01	RMSE: 204.06
Epoch 146	LOSS: 163.01	MAE: 153.59	RMSE: 203.58
Epoch 147	LOSS: 161.35	MAE: 153.17	RMSE: 203.10
Epoch 148	LOSS: 160.93	MAE: 152.76	RMSE: 202.62
Epoch 149	LOSS: 159.73	MAE: 152.34	RMSE: 202.14
Epoch 150	LOSS: 160.90	MAE: 151.94	RMSE: 201.66
Epoch 151	LOSS: 160.42	MAE: 151.53	RMSE: 201.18
Epoch 152	LOSS: 157.65	MAE: 151.12	RMSE: 200.70
Epoch 153	LOSS: 159.34	MAE: 150.72	RMSE: 200.22
Epoch 154	LOSS: 158.78	MAE: 150.32	RMSE: 199.75
Epoch 155	LOSS: 159.26	MAE: 149.93	RMSE: 199.27
Epoch 156	LOSS: 159.61	MAE: 149.53	RMSE: 198.79
Epoch 157	LOSS: 157.52	MAE: 149.13	RMSE: 198.32
Epoch 158	LOSS: 159.08	MAE: 148.74	RMSE: 197.84
Epoch 159	LOSS: 156.83	MAE: 148.35	RMSE: 197.36
Epoch 160	LOSS: 155.85	MAE: 147.97	RMSE: 196.89
Epoch 161	LOSS: 157.22	MAE: 147.58	RMSE: 196.41
Epoch 162	LOSS: 155.77	MAE: 147.20	RMSE: 195.94
Epoch 163	LOSS: 156.51	MAE: 146.83	RMSE: 195.47
Epoch 164	LOSS: 154.31	MAE: 146.45	RMSE: 195.00
Epoch 165	LOSS: 154.04	MAE: 146.08	RMSE: 194.54
Epoch 166	LOSS: 152.96	MAE: 145.72	RMSE: 194.07
Epoch 167	LOSS: 152.72	MAE: 145.36	RMSE: 193.61
Epoch 168	LOSS: 154.70	MAE: 144.99	RMSE: 193.15
Epoch 169	LOSS: 150.78	MAE: 144.64	RMSE: 192.69
Epoch 170	LOSS: 152.98	MAE: 144.29	RMSE: 192.23
Epoch 171	LOSS: 151.57	MAE: 143.94	RMSE: 191.78
Epoch 172	LOSS: 151.51	MAE: 143.60	RMSE: 191.33
Epoch 173	LOSS: 148.34	MAE: 143.26	RMSE: 190.88
Epoch 174	LOSS: 152.26	MAE: 142.92	RMSE: 190.43
Epoch 175	LOSS: 150.36	MAE: 142.59	RMSE: 189.99
Epoch 176	LOSS: 147.66	MAE: 142.26	RMSE: 189.55
Epoch 177	LOSS: 148.77	MAE: 141.94	RMSE: 189.11
Epoch 178	LOSS: 149.45	MAE: 141.61	RMSE: 188.67
Epoch 179	LOSS: 148.27	MAE: 141.29	RMSE: 188.23
Epoch 180	LOSS: 147.30	MAE: 140.97	RMSE: 187.79
Epoch 181	LOSS: 148.50	MAE: 140.66	RMSE: 187.35
Epoch 182	LOSS: 146.83	MAE: 140.35	RMSE: 186.91
Epoch 183	LOSS: 145.26	MAE: 140.04	RMSE: 186.48
Epoch 184	LOSS: 146.57	MAE: 139.73	RMSE: 186.05
Epoch 185	LOSS: 144.27	MAE: 139.43	RMSE: 185.62
Epoch 186	LOSS: 146.48	MAE: 139.13	RMSE: 185.19
Epoch 187	LOSS: 145.81	MAE: 138.84	RMSE: 184.77
Epoch 188	LOSS: 145.52	MAE: 138.55	RMSE: 184.36
Epoch 189	LOSS: 144.24	MAE: 138.27	RMSE: 183.94
Epoch 190	LOSS: 146.98	MAE: 137.99	RMSE: 183.53
Epoch 191	LOSS: 144.75	MAE: 137.71	RMSE: 183.12
Epoch 192	LOSS: 144.23	MAE: 137.43	RMSE: 182.71
Epoch 193	LOSS: 143.51	MAE: 137.16	RMSE: 182.30
Epoch 194	LOSS: 143.41	MAE: 136.89	RMSE: 181.89
Epoch 195	LOSS: 142.40	MAE: 136.63	RMSE: 181.48
Epoch 196	LOSS: 142.46	MAE: 136.36	RMSE: 181.08
Epoch 197	LOSS: 143.70	MAE: 136.11	RMSE: 180.69
Epoch 198	LOSS: 140.76	MAE: 135.86	RMSE: 180.29
Epoch 199	LOSS: 141.06	MAE: 135.61	RMSE: 179.90
Epoch 200	LOSS: 141.94	MAE: 135.36	RMSE: 179.51
Epoch 201	LOSS: 140.64	MAE: 135.12	RMSE: 179.13
Epoch 202	LOSS: 140.71	MAE: 134.88	RMSE: 178.75
Epoch 203	LOSS: 141.01	MAE: 134.65	RMSE: 178.37
Epoch 204	LOSS: 138.59	MAE: 134.42	RMSE: 177.99
Epoch 205	LOSS: 141.50	MAE: 134.19	RMSE: 177.62
Epoch 206	LOSS: 136.09	MAE: 133.97	RMSE: 177.24
Epoch 207	LOSS: 139.23	MAE: 133.74	RMSE: 176.87
Epoch 208	LOSS: 138.40	MAE: 133.53	RMSE: 176.50
Epoch 209	LOSS: 138.14	MAE: 133.31	RMSE: 176.14
Epoch 210	LOSS: 136.52	MAE: 133.10	RMSE: 175.78
Epoch 211	LOSS: 137.52	MAE: 132.89	RMSE: 175.42
Epoch 212	LOSS: 137.09	MAE: 132.69	RMSE: 175.07
Epoch 213	LOSS: 138.23	MAE: 132.49	RMSE: 174.72
Epoch 214	LOSS: 137.33	MAE: 132.30	RMSE: 174.37
Epoch 215	LOSS: 136.22	MAE: 132.10	RMSE: 174.03
Epoch 216	LOSS: 137.64	MAE: 131.91	RMSE: 173.69
Epoch 217	LOSS: 136.06	MAE: 131.73	RMSE: 173.35
Epoch 218	LOSS: 133.74	MAE: 131.54	RMSE: 173.01
Epoch 219	LOSS: 135.56	MAE: 131.36	RMSE: 172.68
Epoch 220	LOSS: 135.77	MAE: 131.18	RMSE: 172.36
Epoch 221	LOSS: 135.43	MAE: 131.01	RMSE: 172.03
Epoch 222	LOSS: 134.06	MAE: 130.83	RMSE: 171.71
Epoch 223	LOSS: 133.16	MAE: 130.66	RMSE: 171.39
Epoch 224	LOSS: 133.74	MAE: 130.49	RMSE: 171.07
Epoch 225	LOSS: 135.33	MAE: 130.33	RMSE: 170.75
Epoch 226	LOSS: 133.76	MAE: 130.17	RMSE: 170.44
Epoch 227	LOSS: 133.74	MAE: 130.01	RMSE: 170.13
Epoch 228	LOSS: 133.29	MAE: 129.85	RMSE: 169.83
Epoch 229	LOSS: 132.60	MAE: 129.69	RMSE: 169.52
Epoch 230	LOSS: 132.60	MAE: 129.54	RMSE: 169.22
Epoch 231	LOSS: 132.04	MAE: 129.39	RMSE: 168.92
Epoch 232	LOSS: 131.03	MAE: 129.25	RMSE: 168.63
Epoch 233	LOSS: 131.51	MAE: 129.10	RMSE: 168.34
Epoch 234	LOSS: 132.10	MAE: 128.96	RMSE: 168.05
Epoch 235	LOSS: 132.52	MAE: 128.83	RMSE: 167.77
Epoch 236	LOSS: 130.15	MAE: 128.69	RMSE: 167.50
Epoch 237	LOSS: 131.10	MAE: 128.56	RMSE: 167.22
Epoch 238	LOSS: 132.43	MAE: 128.43	RMSE: 166.96
Epoch 239	LOSS: 130.66	MAE: 128.31	RMSE: 166.69
Epoch 240	LOSS: 130.93	MAE: 128.18	RMSE: 166.42
Epoch 241	LOSS: 130.85	MAE: 128.06	RMSE: 166.16
Epoch 242	LOSS: 129.94	MAE: 127.94	RMSE: 165.89
Epoch 243	LOSS: 130.90	MAE: 127.82	RMSE: 165.63
Epoch 244	LOSS: 128.16	MAE: 127.70	RMSE: 165.38
Epoch 245	LOSS: 128.95	MAE: 127.59	RMSE: 165.12
Epoch 246	LOSS: 129.10	MAE: 127.48	RMSE: 164.87
Epoch 247	LOSS: 129.08	MAE: 127.37	RMSE: 164.62
Epoch 248	LOSS: 128.46	MAE: 127.26	RMSE: 164.38
Epoch 249	LOSS: 128.89	MAE: 127.15	RMSE: 164.14
Epoch 250	LOSS: 129.66	MAE: 127.05	RMSE: 163.89
Epoch 251	LOSS: 129.53	MAE: 126.95	RMSE: 163.65
Epoch 252	LOSS: 128.64	MAE: 126.85	RMSE: 163.41
Epoch 253	LOSS: 128.66	MAE: 126.75	RMSE: 163.18
Epoch 254	LOSS: 127.28	MAE: 126.65	RMSE: 162.94
Epoch 255	LOSS: 128.25	MAE: 126.55	RMSE: 162.71
Epoch 256	LOSS: 126.27	MAE: 126.46	RMSE: 162.49
Epoch 257	LOSS: 128.74	MAE: 126.37	RMSE: 162.26
Epoch 258	LOSS: 126.68	MAE: 126.28	RMSE: 162.04
Epoch 259	LOSS: 128.97	MAE: 126.19	RMSE: 161.82
Epoch 260	LOSS: 128.20	MAE: 126.10	RMSE: 161.60
Epoch 261	LOSS: 127.89	MAE: 126.02	RMSE: 161.39
Epoch 262	LOSS: 126.90	MAE: 125.94	RMSE: 161.18
Epoch 263	LOSS: 126.94	MAE: 125.86	RMSE: 160.97
Epoch 264	LOSS: 127.89	MAE: 125.78	RMSE: 160.77
Epoch 265	LOSS: 127.30	MAE: 125.71	RMSE: 160.57
Epoch 266	LOSS: 125.18	MAE: 125.63	RMSE: 160.37
Epoch 267	LOSS: 126.69	MAE: 125.56	RMSE: 160.18
Epoch 268	LOSS: 127.09	MAE: 125.49	RMSE: 159.99
Epoch 269	LOSS: 126.14	MAE: 125.42	RMSE: 159.80
Epoch 270	LOSS: 127.28	MAE: 125.35	RMSE: 159.62
Epoch 271	LOSS: 125.16	MAE: 125.29	RMSE: 159.43
Epoch 272	LOSS: 125.77	MAE: 125.22	RMSE: 159.25
Epoch 273	LOSS: 126.34	MAE: 125.16	RMSE: 159.07
Epoch 274	LOSS: 125.59	MAE: 125.10	RMSE: 158.90
Epoch 275	LOSS: 124.51	MAE: 125.04	RMSE: 158.73
Epoch 276	LOSS: 124.97	MAE: 124.98	RMSE: 158.56
Epoch 277	LOSS: 125.74	MAE: 124.93	RMSE: 158.39
Epoch 278	LOSS: 124.47	MAE: 124.87	RMSE: 158.23
Epoch 279	LOSS: 124.22	MAE: 124.82	RMSE: 158.06
Epoch 280	LOSS: 123.64	MAE: 124.77	RMSE: 157.91
Epoch 281	LOSS: 124.65	MAE: 124.72	RMSE: 157.75
Epoch 282	LOSS: 124.69	MAE: 124.67	RMSE: 157.60
Epoch 283	LOSS: 123.58	MAE: 124.63	RMSE: 157.45
Epoch 284	LOSS: 124.47	MAE: 124.58	RMSE: 157.30
Epoch 285	LOSS: 124.24	MAE: 124.53	RMSE: 157.15
Epoch 286	LOSS: 125.21	MAE: 124.49	RMSE: 157.00
Epoch 287	LOSS: 124.13	MAE: 124.45	RMSE: 156.86
Epoch 288	LOSS: 124.66	MAE: 124.40	RMSE: 156.71
Epoch 289	LOSS: 124.50	MAE: 124.36	RMSE: 156.57
Epoch 290	LOSS: 123.63	MAE: 124.32	RMSE: 156.43
Epoch 291	LOSS: 123.90	MAE: 124.28	RMSE: 156.29
Epoch 292	LOSS: 123.31	MAE: 124.25	RMSE: 156.15
Epoch 293	LOSS: 123.55	MAE: 124.21	RMSE: 156.02
Epoch 294	LOSS: 124.09	MAE: 124.18	RMSE: 155.89
Epoch 295	LOSS: 123.59	MAE: 124.14	RMSE: 155.76
Epoch 296	LOSS: 123.77	MAE: 124.11	RMSE: 155.64
Epoch 297	LOSS: 123.62	MAE: 124.08	RMSE: 155.51
Epoch 298	LOSS: 123.26	MAE: 124.05	RMSE: 155.39
Epoch 299	LOSS: 123.06	MAE: 124.02	RMSE: 155.27
Epoch 300	LOSS: 123.12	MAE: 123.99	RMSE: 155.15
Epoch 301	LOSS: 123.20	MAE: 123.96	RMSE: 155.04
Epoch 302	LOSS: 121.36	MAE: 123.94	RMSE: 154.93
Epoch 303	LOSS: 123.32	MAE: 123.91	RMSE: 154.82
Epoch 304	LOSS: 123.04	MAE: 123.89	RMSE: 154.72
Epoch 305	LOSS: 122.20	MAE: 123.87	RMSE: 154.61
Epoch 306	LOSS: 123.60	MAE: 123.84	RMSE: 154.51
Epoch 307	LOSS: 122.14	MAE: 123.82	RMSE: 154.41
Epoch 308	LOSS: 121.47	MAE: 123.80	RMSE: 154.31
Epoch 309	LOSS: 122.00	MAE: 123.78	RMSE: 154.21
Epoch 310	LOSS: 122.88	MAE: 123.76	RMSE: 154.11
Epoch 311	LOSS: 121.31	MAE: 123.74	RMSE: 154.02
Epoch 312	LOSS: 121.16	MAE: 123.73	RMSE: 153.92
Epoch 313	LOSS: 120.60	MAE: 123.71	RMSE: 153.83
Epoch 314	LOSS: 122.59	MAE: 123.69	RMSE: 153.74
Epoch 315	LOSS: 122.24	MAE: 123.68	RMSE: 153.65
Epoch 316	LOSS: 122.96	MAE: 123.66	RMSE: 153.56
Epoch 317	LOSS: 122.38	MAE: 123.65	RMSE: 153.47
Epoch 318	LOSS: 122.21	MAE: 123.63	RMSE: 153.39
Epoch 319	LOSS: 122.60	MAE: 123.62	RMSE: 153.30
Epoch 320	LOSS: 121.71	MAE: 123.61	RMSE: 153.22
Epoch 321	LOSS: 122.52	MAE: 123.60	RMSE: 153.13
Epoch 322	LOSS: 122.53	MAE: 123.59	RMSE: 153.06
Epoch 323	LOSS: 122.43	MAE: 123.58	RMSE: 152.98
Epoch 324	LOSS: 122.29	MAE: 123.57	RMSE: 152.91
Epoch 325	LOSS: 121.18	MAE: 123.56	RMSE: 152.83
Epoch 326	LOSS: 121.96	MAE: 123.55	RMSE: 152.76
Epoch 327	LOSS: 120.98	MAE: 123.55	RMSE: 152.69
Epoch 328	LOSS: 121.30	MAE: 123.54	RMSE: 152.63
Epoch 329	LOSS: 121.24	MAE: 123.53	RMSE: 152.56
Epoch 330	LOSS: 121.81	MAE: 123.53	RMSE: 152.49
Epoch 331	LOSS: 120.54	MAE: 123.52	RMSE: 152.43
Epoch 332	LOSS: 120.98	MAE: 123.52	RMSE: 152.37
Epoch 333	LOSS: 121.42	MAE: 123.51	RMSE: 152.31
Epoch 334	LOSS: 120.12	MAE: 123.51	RMSE: 152.25
Epoch 335	LOSS: 121.50	MAE: 123.51	RMSE: 152.19
Epoch 336	LOSS: 121.08	MAE: 123.50	RMSE: 152.14
Epoch 337	LOSS: 122.40	MAE: 123.50	RMSE: 152.08
Epoch 338	LOSS: 120.63	MAE: 123.50	RMSE: 152.03
Epoch 339	LOSS: 122.54	MAE: 123.47	RMSE: 152.03
Epoch 340	LOSS: 120.77	MAE: 123.50	RMSE: 151.94
Epoch 341	LOSS: 121.76	MAE: 123.50	RMSE: 151.88
Epoch 342	LOSS: 120.44	MAE: 123.50	RMSE: 151.83
Epoch 343	LOSS: 120.68	MAE: 123.50	RMSE: 151.77
Epoch 344	LOSS: 121.57	MAE: 123.49	RMSE: 151.72
Epoch 345	LOSS: 120.74	MAE: 123.49	RMSE: 151.68
Epoch 346	LOSS: 120.84	MAE: 123.49	RMSE: 151.63
Epoch 347	LOSS: 120.74	MAE: 123.20	RMSE: 151.48
Epoch 348	LOSS: 116.70	MAE: 118.39	RMSE: 151.47
Epoch 349	LOSS: 121.07	MAE: 120.09	RMSE: 150.81
Epoch 350	LOSS: 118.98	MAE: 120.92	RMSE: 149.72
Epoch 351	LOSS: 120.08	MAE: 119.89	RMSE: 151.33
Epoch 352	LOSS: 115.40	MAE: 116.43	RMSE: 148.83
Epoch 353	LOSS: 125.15	MAE: 121.23	RMSE: 157.41
Epoch 354	LOSS: 119.90	MAE: 121.90	RMSE: 152.15
Epoch 355	LOSS: 112.45	MAE: 116.45	RMSE: 147.17
Epoch 356	LOSS: 111.27	MAE: 112.67	RMSE: 145.04
Epoch 357	LOSS: 109.16	MAE: 110.80	RMSE: 143.96
Epoch 358	LOSS: 115.00	MAE: 113.21	RMSE: 145.79
Epoch 359	LOSS: 110.24	MAE: 110.61	RMSE: 144.12
Epoch 360	LOSS: 108.65	MAE: 111.53	RMSE: 145.22
Epoch 361	LOSS: 107.03	MAE: 110.20	RMSE: 143.37
Epoch 362	LOSS: 107.89	MAE: 109.99	RMSE: 142.80
Epoch 363	LOSS: 106.89	MAE: 111.76	RMSE: 143.55
Epoch 364	LOSS: 107.64	MAE: 107.62	RMSE: 141.19
Epoch 365	LOSS: 106.84	MAE: 108.46	RMSE: 141.38
Epoch 366	LOSS: 105.84	MAE: 107.10	RMSE: 140.66
Epoch 367	LOSS: 106.81	MAE: 107.55	RMSE: 141.79
Epoch 368	LOSS: 106.87	MAE: 108.40	RMSE: 142.11
Epoch 369	LOSS: 105.18	MAE: 107.33	RMSE: 141.31
Epoch 370	LOSS: 105.93	MAE: 106.85	RMSE: 140.79
Epoch 371	LOSS: 104.11	MAE: 107.08	RMSE: 140.57
Epoch 372	LOSS: 105.68	MAE: 106.74	RMSE: 140.27
Epoch 373	LOSS: 104.08	MAE: 106.40	RMSE: 139.98
Epoch 374	LOSS: 104.93	MAE: 106.19	RMSE: 139.88
Epoch 375	LOSS: 104.70	MAE: 105.95	RMSE: 139.71
Epoch 376	LOSS: 103.75	MAE: 105.88	RMSE: 139.46
Epoch 377	LOSS: 102.56	MAE: 105.59	RMSE: 139.06
Epoch 378	LOSS: 104.00	MAE: 105.35	RMSE: 138.75
Epoch 379	LOSS: 104.14	MAE: 105.22	RMSE: 138.57
Epoch 380	LOSS: 103.13	MAE: 104.94	RMSE: 138.38
Epoch 381	LOSS: 102.69	MAE: 104.78	RMSE: 138.20
Epoch 382	LOSS: 101.94	MAE: 104.80	RMSE: 137.99
Epoch 383	LOSS: 102.04	MAE: 104.52	RMSE: 137.69
Epoch 384	LOSS: 103.30	MAE: 104.38	RMSE: 137.49
Epoch 385	LOSS: 101.21	MAE: 104.33	RMSE: 137.33
Epoch 386	LOSS: 100.84	MAE: 104.13	RMSE: 137.13
Epoch 387	LOSS: 101.27	MAE: 104.09	RMSE: 136.93
Epoch 388	LOSS: 101.56	MAE: 103.94	RMSE: 136.74
Epoch 389	LOSS: 101.26	MAE: 103.72	RMSE: 136.59
Epoch 390	LOSS: 101.84	MAE: 103.67	RMSE: 136.46
Epoch 391	LOSS: 101.08	MAE: 103.52	RMSE: 136.26
Epoch 392	LOSS: 99.98	MAE: 103.51	RMSE: 136.06
Epoch 393	LOSS: 100.66	MAE: 103.41	RMSE: 135.88
Epoch 394	LOSS: 99.24	MAE: 103.29	RMSE: 135.74
Epoch 395	LOSS: 100.27	MAE: 103.22	RMSE: 135.65
Epoch 396	LOSS: 100.91	MAE: 103.09	RMSE: 135.50
Epoch 397	LOSS: 101.46	MAE: 103.07	RMSE: 135.34
Epoch 398	LOSS: 100.03	MAE: 102.98	RMSE: 135.17
Epoch 399	LOSS: 100.91	MAE: 102.92	RMSE: 135.05
Epoch 400	LOSS: 99.94	MAE: 102.88	RMSE: 134.95
Epoch 401	LOSS: 99.45	MAE: 102.65	RMSE: 134.76
Epoch 402	LOSS: 99.98	MAE: 102.73	RMSE: 134.66
Epoch 403	LOSS: 100.36	MAE: 102.50	RMSE: 134.42
Epoch 404	LOSS: 99.38	MAE: 102.64	RMSE: 134.38
Epoch 405	LOSS: 99.19	MAE: 102.38	RMSE: 134.23
Epoch 406	LOSS: 99.16	MAE: 102.24	RMSE: 134.10
Epoch 407	LOSS: 98.98	MAE: 102.71	RMSE: 134.19
Epoch 408	LOSS: 98.52	MAE: 102.07	RMSE: 133.85
Epoch 409	LOSS: 98.55	MAE: 102.21	RMSE: 133.79
Epoch 410	LOSS: 98.65	MAE: 102.02	RMSE: 133.61
Epoch 411	LOSS: 98.28	MAE: 101.88	RMSE: 133.47
Epoch 412	LOSS: 99.14	MAE: 102.18	RMSE: 133.51
Epoch 413	LOSS: 99.68	MAE: 101.69	RMSE: 133.28
Epoch 414	LOSS: 98.44	MAE: 102.04	RMSE: 133.27
Epoch 415	LOSS: 99.51	MAE: 101.58	RMSE: 133.09
Epoch 416	LOSS: 99.10	MAE: 101.65	RMSE: 132.99
Epoch 417	LOSS: 99.51	MAE: 102.10	RMSE: 133.07
Epoch 418	LOSS: 98.82	MAE: 101.42	RMSE: 132.83
Epoch 419	LOSS: 98.58	MAE: 102.06	RMSE: 132.93
Epoch 420	LOSS: 98.81	MAE: 101.36	RMSE: 132.61
Epoch 421	LOSS: 98.86	MAE: 101.30	RMSE: 132.49
Epoch 422	LOSS: 98.72	MAE: 102.20	RMSE: 132.73
Epoch 423	LOSS: 98.78	MAE: 101.18	RMSE: 132.35
Epoch 424	LOSS: 98.37	MAE: 101.11	RMSE: 132.20
Epoch 425	LOSS: 98.65	MAE: 101.49	RMSE: 132.20
Epoch 426	LOSS: 98.83	MAE: 100.95	RMSE: 132.02
Epoch 427	LOSS: 98.36	MAE: 100.98	RMSE: 131.79
Epoch 428	LOSS: 96.98	MAE: 101.09	RMSE: 131.74
Epoch 429	LOSS: 96.77	MAE: 100.73	RMSE: 131.70
Epoch 430	LOSS: 98.26	MAE: 100.98	RMSE: 131.55
Epoch 431	LOSS: 97.87	MAE: 100.76	RMSE: 131.29
Epoch 432	LOSS: 97.44	MAE: 100.41	RMSE: 131.08
Epoch 433	LOSS: 97.18	MAE: 100.83	RMSE: 131.01
Epoch 434	LOSS: 98.23	MAE: 100.43	RMSE: 130.76
Epoch 435	LOSS: 97.55	MAE: 100.16	RMSE: 130.69
Epoch 436	LOSS: 97.83	MAE: 100.76	RMSE: 130.89
Epoch 437	LOSS: 97.60	MAE: 100.12	RMSE: 130.49
Epoch 438	LOSS: 97.71	MAE: 100.07	RMSE: 130.31
Epoch 439	LOSS: 95.94	MAE: 100.26	RMSE: 130.28
Epoch 440	LOSS: 97.74	MAE: 99.77	RMSE: 130.12
Epoch 441	LOSS: 97.01	MAE: 100.04	RMSE: 130.08
Epoch 442	LOSS: 97.02	MAE: 100.04	RMSE: 130.06
Epoch 443	LOSS: 96.78	MAE: 99.62	RMSE: 129.88
Epoch 444	LOSS: 97.88	MAE: 99.83	RMSE: 129.90
Epoch 445	LOSS: 96.16	MAE: 99.73	RMSE: 129.82
Epoch 446	LOSS: 97.63	MAE: 99.53	RMSE: 129.70
Epoch 447	LOSS: 96.92	MAE: 99.77	RMSE: 129.72
Epoch 448	LOSS: 97.27	MAE: 99.51	RMSE: 129.56
Epoch 449	LOSS: 96.33	MAE: 99.44	RMSE: 129.48
Epoch 450	LOSS: 96.90	MAE: 99.80	RMSE: 129.60
Epoch 451	LOSS: 97.24	MAE: 99.23	RMSE: 129.27
Epoch 452	LOSS: 96.36	MAE: 99.31	RMSE: 129.23
Epoch 453	LOSS: 96.53	MAE: 99.22	RMSE: 129.07
Epoch 454	LOSS: 95.24	MAE: 98.80	RMSE: 128.74
Epoch 455	LOSS: 96.60	MAE: 99.12	RMSE: 128.80
Epoch 456	LOSS: 94.18	MAE: 98.44	RMSE: 128.37
Epoch 457	LOSS: 95.61	MAE: 98.29	RMSE: 128.25
Epoch 458	LOSS: 95.35	MAE: 97.91	RMSE: 127.85
Epoch 459	LOSS: 94.96	MAE: 97.46	RMSE: 127.56
Epoch 460	LOSS: 93.74	MAE: 97.13	RMSE: 127.43
Epoch 461	LOSS: 93.28	MAE: 96.63	RMSE: 126.78
Epoch 462	LOSS: 92.27	MAE: 96.47	RMSE: 126.56
Epoch 463	LOSS: 91.99	MAE: 95.33	RMSE: 125.44
Epoch 464	LOSS: 93.20	MAE: 96.28	RMSE: 125.74
Epoch 465	LOSS: 98.91	MAE: 97.07	RMSE: 127.10
Epoch 466	LOSS: 94.67	MAE: 97.21	RMSE: 126.89
Epoch 467	LOSS: 94.24	MAE: 96.91	RMSE: 126.41
Epoch 468	LOSS: 93.24	MAE: 96.38	RMSE: 126.25
Epoch 469	LOSS: 92.67	MAE: 95.48	RMSE: 125.64
Epoch 470	LOSS: 91.78	MAE: 95.83	RMSE: 125.39
Epoch 471	LOSS: 91.59	MAE: 94.84	RMSE: 124.89
Epoch 472	LOSS: 91.87	MAE: 95.28	RMSE: 124.70
Epoch 473	LOSS: 92.57	MAE: 95.26	RMSE: 124.58
Epoch 474	LOSS: 91.91	MAE: 94.27	RMSE: 124.11
Epoch 475	LOSS: 92.61	MAE: 94.48	RMSE: 124.18
Epoch 476	LOSS: 91.17	MAE: 94.60	RMSE: 124.07
Epoch 477	LOSS: 91.11	MAE: 93.95	RMSE: 123.52
Epoch 478	LOSS: 91.72	MAE: 94.15	RMSE: 123.79
Epoch 479	LOSS: 90.08	MAE: 93.64	RMSE: 123.35
Epoch 480	LOSS: 90.86	MAE: 93.21	RMSE: 122.85
Epoch 481	LOSS: 88.99	MAE: 93.22	RMSE: 123.00
Epoch 482	LOSS: 90.90	MAE: 92.99	RMSE: 122.54
Epoch 483	LOSS: 89.78	MAE: 92.76	RMSE: 122.43
Epoch 484	LOSS: 89.66	MAE: 92.60	RMSE: 122.29
Epoch 485	LOSS: 89.80	MAE: 92.62	RMSE: 122.25
Epoch 486	LOSS: 89.81	MAE: 92.32	RMSE: 122.17
Epoch 487	LOSS: 89.63	MAE: 92.12	RMSE: 121.71
Epoch 488	LOSS: 88.92	MAE: 92.43	RMSE: 122.05
Epoch 489	LOSS: 89.79	MAE: 91.84	RMSE: 121.48
Epoch 490	LOSS: 89.58	MAE: 91.68	RMSE: 121.35
Epoch 491	LOSS: 89.96	MAE: 91.79	RMSE: 121.31
Epoch 492	LOSS: 88.97	MAE: 91.53	RMSE: 121.14
Epoch 493	LOSS: 88.32	MAE: 91.50	RMSE: 120.94
Epoch 494	LOSS: 88.93	MAE: 91.37	RMSE: 120.84
Epoch 495	LOSS: 88.40	MAE: 91.26	RMSE: 120.73
Epoch 496	LOSS: 89.70	MAE: 91.37	RMSE: 120.68
Epoch 497	LOSS: 87.67	MAE: 91.47	RMSE: 120.73
Epoch 498	LOSS: 88.19	MAE: 91.26	RMSE: 120.55
Epoch 499	LOSS: 87.37	MAE: 91.22	RMSE: 120.51
