Epoch 000	LOSS: 446.81	MAE: 255.19	RMSE: 298.06
Epoch 001	LOSS: 454.65	MAE: 255.16	RMSE: 298.04
Epoch 002	LOSS: 448.00	MAE: 255.12	RMSE: 298.00
Epoch 003	LOSS: 438.59	MAE: 255.06	RMSE: 297.95
Epoch 004	LOSS: 448.87	MAE: 254.97	RMSE: 297.88
Epoch 005	LOSS: 439.87	MAE: 254.84	RMSE: 297.76
Epoch 006	LOSS: 445.65	MAE: 254.65	RMSE: 297.60
Epoch 007	LOSS: 440.62	MAE: 254.38	RMSE: 297.36
Epoch 008	LOSS: 444.14	MAE: 254.01	RMSE: 297.04
Epoch 009	LOSS: 435.71	MAE: 253.48	RMSE: 296.58
Epoch 010	LOSS: 434.12	MAE: 252.73	RMSE: 295.94
Epoch 011	LOSS: 422.27	MAE: 251.61	RMSE: 294.97
Epoch 012	LOSS: 419.11	MAE: 249.91	RMSE: 293.51
Epoch 013	LOSS: 416.11	MAE: 247.73	RMSE: 291.61
Epoch 014	LOSS: 402.35	MAE: 245.18	RMSE: 289.40
Epoch 015	LOSS: 391.50	MAE: 242.35	RMSE: 286.94
Epoch 016	LOSS: 381.11	MAE: 239.25	RMSE: 284.21
Epoch 017	LOSS: 369.16	MAE: 235.89	RMSE: 281.22
Epoch 018	LOSS: 351.85	MAE: 232.16	RMSE: 277.86
Epoch 019	LOSS: 335.58	MAE: 228.23	RMSE: 274.27
Epoch 020	LOSS: 318.19	MAE: 224.31	RMSE: 270.64
Epoch 021	LOSS: 305.93	MAE: 220.34	RMSE: 266.91
Epoch 022	LOSS: 281.35	MAE: 216.05	RMSE: 262.81
Epoch 023	LOSS: 270.41	MAE: 211.76	RMSE: 258.59
Epoch 024	LOSS: 247.94	MAE: 207.81	RMSE: 254.56
Epoch 025	LOSS: 233.52	MAE: 204.06	RMSE: 250.62
Epoch 026	LOSS: 219.07	MAE: 200.57	RMSE: 246.85
Epoch 027	LOSS: 211.76	MAE: 197.75	RMSE: 243.66
Epoch 028	LOSS: 203.56	MAE: 195.53	RMSE: 241.04
Epoch 029	LOSS: 196.28	MAE: 194.65	RMSE: 239.73
Epoch 030	LOSS: 193.50	MAE: 194.97	RMSE: 239.67
Epoch 031	LOSS: 188.82	MAE: 196.17	RMSE: 240.61
Epoch 032	LOSS: 187.16	MAE: 198.14	RMSE: 242.51
Epoch 033	LOSS: 182.67	MAE: 200.14	RMSE: 244.57
Epoch 034	LOSS: 179.33	MAE: 202.75	RMSE: 247.35
Epoch 035	LOSS: 176.33	MAE: 204.72	RMSE: 249.46
Epoch 036	LOSS: 174.69	MAE: 206.99	RMSE: 251.88
Epoch 037	LOSS: 169.38	MAE: 208.52	RMSE: 253.51
Epoch 038	LOSS: 175.45	MAE: 209.48	RMSE: 254.52
Epoch 039	LOSS: 172.64	MAE: 210.01	RMSE: 255.11
Epoch 040	LOSS: 173.05	MAE: 210.46	RMSE: 255.71
Epoch 041	LOSS: 168.03	MAE: 210.53	RMSE: 255.97
Epoch 042	LOSS: 169.65	MAE: 210.72	RMSE: 256.42
Epoch 043	LOSS: 170.08	MAE: 210.89	RMSE: 256.85
Epoch 044	LOSS: 170.45	MAE: 211.05	RMSE: 257.23
Epoch 045	LOSS: 165.77	MAE: 211.32	RMSE: 257.64
Epoch 046	LOSS: 168.88	MAE: 211.59	RMSE: 257.99
Epoch 047	LOSS: 168.86	MAE: 211.80	RMSE: 258.29
Epoch 048	LOSS: 167.85	MAE: 211.96	RMSE: 258.53
Epoch 049	LOSS: 166.64	MAE: 212.07	RMSE: 258.73
Epoch 050	LOSS: 168.06	MAE: 212.12	RMSE: 258.89
Epoch 051	LOSS: 167.24	MAE: 212.21	RMSE: 259.03
Epoch 052	LOSS: 167.43	MAE: 212.28	RMSE: 259.16
Epoch 053	LOSS: 170.85	MAE: 212.36	RMSE: 259.29
Epoch 054	LOSS: 169.02	MAE: 212.39	RMSE: 259.41
Epoch 055	LOSS: 166.47	MAE: 212.44	RMSE: 259.52
Epoch 056	LOSS: 171.88	MAE: 212.42	RMSE: 259.60
Epoch 057	LOSS: 166.29	MAE: 212.40	RMSE: 259.61
Epoch 058	LOSS: 168.13	MAE: 212.43	RMSE: 259.61
Epoch 059	LOSS: 166.75	MAE: 212.51	RMSE: 259.59
Epoch 060	LOSS: 168.05	MAE: 212.56	RMSE: 259.46
Epoch 061	LOSS: 166.10	MAE: 212.49	RMSE: 259.38
Epoch 062	LOSS: 168.64	MAE: 212.32	RMSE: 259.31
Epoch 063	LOSS: 168.27	MAE: 212.16	RMSE: 259.24
Epoch 064	LOSS: 167.21	MAE: 212.00	RMSE: 259.12
Epoch 065	LOSS: 168.15	MAE: 211.96	RMSE: 258.99
Epoch 066	LOSS: 166.94	MAE: 211.86	RMSE: 258.90
Epoch 067	LOSS: 165.15	MAE: 211.72	RMSE: 258.81
Epoch 068	LOSS: 161.97	MAE: 211.53	RMSE: 258.74
Epoch 069	LOSS: 164.06	MAE: 211.56	RMSE: 258.70
Epoch 070	LOSS: 165.04	MAE: 211.58	RMSE: 258.68
Epoch 071	LOSS: 164.92	MAE: 211.45	RMSE: 258.56
Epoch 072	LOSS: 161.78	MAE: 211.49	RMSE: 258.62
Epoch 073	LOSS: 168.10	MAE: 211.50	RMSE: 258.68
Epoch 074	LOSS: 160.50	MAE: 211.43	RMSE: 258.62
Epoch 075	LOSS: 167.17	MAE: 211.62	RMSE: 258.80
Epoch 076	LOSS: 164.97	MAE: 211.72	RMSE: 258.89
Epoch 077	LOSS: 161.36	MAE: 211.56	RMSE: 258.80
Epoch 078	LOSS: 162.58	MAE: 211.52	RMSE: 258.79
Epoch 079	LOSS: 159.33	MAE: 211.62	RMSE: 258.90
Epoch 080	LOSS: 162.03	MAE: 211.74	RMSE: 258.99
Epoch 081	LOSS: 160.44	MAE: 211.78	RMSE: 259.00
Epoch 082	LOSS: 162.46	MAE: 211.75	RMSE: 259.01
Epoch 083	LOSS: 159.26	MAE: 211.58	RMSE: 259.00
Epoch 084	LOSS: 161.27	MAE: 211.45	RMSE: 259.01
Epoch 085	LOSS: 159.80	MAE: 211.40	RMSE: 259.01
Epoch 086	LOSS: 161.57	MAE: 211.43	RMSE: 259.04
Epoch 087	LOSS: 156.35	MAE: 211.56	RMSE: 259.12
Epoch 088	LOSS: 158.49	MAE: 211.62	RMSE: 259.17
Epoch 089	LOSS: 155.54	MAE: 211.53	RMSE: 259.13
Epoch 090	LOSS: 159.79	MAE: 211.40	RMSE: 259.05
Epoch 091	LOSS: 154.59	MAE: 211.29	RMSE: 258.97
Epoch 092	LOSS: 157.22	MAE: 211.28	RMSE: 258.93
Epoch 093	LOSS: 159.03	MAE: 211.31	RMSE: 258.92
Epoch 094	LOSS: 156.53	MAE: 211.34	RMSE: 258.91
Epoch 095	LOSS: 157.35	MAE: 211.24	RMSE: 258.87
Epoch 096	LOSS: 155.23	MAE: 211.18	RMSE: 258.87
Epoch 097	LOSS: 155.98	MAE: 211.07	RMSE: 258.86
Epoch 098	LOSS: 157.86	MAE: 210.99	RMSE: 258.84
Epoch 099	LOSS: 152.37	MAE: 211.00	RMSE: 258.86
Epoch 100	LOSS: 151.68	MAE: 210.98	RMSE: 258.89
Epoch 101	LOSS: 153.23	MAE: 210.97	RMSE: 258.89
Epoch 102	LOSS: 151.40	MAE: 210.98	RMSE: 258.85
Epoch 103	LOSS: 153.13	MAE: 210.76	RMSE: 258.55
Epoch 104	LOSS: 153.12	MAE: 210.75	RMSE: 258.61
Epoch 105	LOSS: 152.73	MAE: 210.74	RMSE: 258.76
Epoch 106	LOSS: 153.56	MAE: 210.69	RMSE: 258.76
Epoch 107	LOSS: 151.93	MAE: 210.64	RMSE: 258.77
Epoch 108	LOSS: 152.04	MAE: 210.55	RMSE: 258.76
Epoch 109	LOSS: 152.09	MAE: 210.45	RMSE: 258.70
Epoch 110	LOSS: 148.28	MAE: 210.38	RMSE: 258.64
Epoch 111	LOSS: 151.10	MAE: 210.45	RMSE: 258.61
Epoch 112	LOSS: 149.75	MAE: 210.50	RMSE: 258.58
Epoch 113	LOSS: 149.21	MAE: 210.44	RMSE: 258.52
Epoch 114	LOSS: 148.28	MAE: 210.20	RMSE: 258.40
Epoch 115	LOSS: 146.97	MAE: 210.15	RMSE: 258.38
Epoch 116	LOSS: 146.85	MAE: 210.10	RMSE: 258.35
Epoch 117	LOSS: 146.37	MAE: 210.00	RMSE: 258.28
Epoch 118	LOSS: 144.17	MAE: 209.94	RMSE: 258.26
Epoch 119	LOSS: 143.69	MAE: 209.87	RMSE: 258.24
Epoch 120	LOSS: 144.87	MAE: 209.86	RMSE: 258.25
Epoch 121	LOSS: 147.12	MAE: 209.80	RMSE: 258.23
Epoch 122	LOSS: 144.77	MAE: 209.69	RMSE: 258.20
Epoch 123	LOSS: 144.50	MAE: 209.68	RMSE: 258.19
Epoch 124	LOSS: 144.95	MAE: 209.59	RMSE: 258.15
Epoch 125	LOSS: 141.24	MAE: 209.38	RMSE: 258.07
Epoch 126	LOSS: 137.88	MAE: 209.21	RMSE: 257.98
Epoch 127	LOSS: 142.46	MAE: 209.07	RMSE: 257.89
Epoch 128	LOSS: 141.35	MAE: 208.99	RMSE: 257.83
Epoch 129	LOSS: 140.60	MAE: 208.96	RMSE: 257.80
Epoch 130	LOSS: 136.17	MAE: 208.98	RMSE: 257.77
Epoch 131	LOSS: 141.22	MAE: 209.02	RMSE: 257.75
Epoch 132	LOSS: 140.83	MAE: 208.93	RMSE: 257.69
Epoch 133	LOSS: 138.66	MAE: 208.75	RMSE: 257.60
Epoch 134	LOSS: 137.09	MAE: 208.58	RMSE: 257.53
Epoch 135	LOSS: 136.78	MAE: 208.40	RMSE: 257.43
Epoch 136	LOSS: 134.29	MAE: 208.18	RMSE: 257.30
Epoch 137	LOSS: 131.61	MAE: 208.05	RMSE: 257.28
Epoch 138	LOSS: 132.85	MAE: 207.82	RMSE: 257.18
Epoch 139	LOSS: 129.91	MAE: 207.64	RMSE: 257.08
Epoch 140	LOSS: 131.70	MAE: 207.36	RMSE: 256.95
Epoch 141	LOSS: 129.96	MAE: 207.27	RMSE: 256.89
Epoch 142	LOSS: 128.60	MAE: 207.28	RMSE: 256.86
Epoch 143	LOSS: 128.44	MAE: 207.13	RMSE: 256.78
Epoch 144	LOSS: 127.91	MAE: 207.10	RMSE: 256.75
Epoch 145	LOSS: 128.65	MAE: 207.04	RMSE: 256.71
Epoch 146	LOSS: 126.41	MAE: 206.89	RMSE: 256.62
Epoch 147	LOSS: 124.89	MAE: 206.60	RMSE: 256.51
Epoch 148	LOSS: 122.36	MAE: 206.29	RMSE: 256.38
Epoch 149	LOSS: 124.50	MAE: 206.05	RMSE: 256.26
Epoch 150	LOSS: 120.23	MAE: 205.91	RMSE: 256.18
Epoch 151	LOSS: 119.83	MAE: 205.77	RMSE: 256.11
Epoch 152	LOSS: 119.85	MAE: 205.62	RMSE: 256.05
Epoch 153	LOSS: 121.11	MAE: 205.62	RMSE: 256.03
Epoch 154	LOSS: 120.81	MAE: 205.66	RMSE: 256.02
Epoch 155	LOSS: 118.46	MAE: 205.57	RMSE: 255.98
Epoch 156	LOSS: 115.31	MAE: 205.41	RMSE: 255.90
Epoch 157	LOSS: 115.12	MAE: 205.28	RMSE: 255.82
Epoch 158	LOSS: 118.74	MAE: 205.06	RMSE: 255.73
Epoch 159	LOSS: 113.62	MAE: 204.85	RMSE: 255.64
Epoch 160	LOSS: 112.48	MAE: 204.65	RMSE: 255.55
Epoch 161	LOSS: 110.80	MAE: 204.41	RMSE: 255.47
Epoch 162	LOSS: 110.33	MAE: 204.30	RMSE: 255.43
Epoch 163	LOSS: 111.42	MAE: 204.26	RMSE: 255.40
Epoch 164	LOSS: 110.09	MAE: 204.32	RMSE: 255.40
Epoch 165	LOSS: 110.97	MAE: 204.26	RMSE: 255.36
Epoch 166	LOSS: 109.24	MAE: 204.07	RMSE: 255.28
Epoch 167	LOSS: 107.90	MAE: 203.84	RMSE: 255.19
Epoch 168	LOSS: 107.52	MAE: 203.66	RMSE: 255.12
Epoch 169	LOSS: 107.17	MAE: 203.47	RMSE: 255.06
Epoch 170	LOSS: 106.28	MAE: 203.37	RMSE: 255.01
Epoch 171	LOSS: 106.20	MAE: 203.20	RMSE: 254.95
Epoch 172	LOSS: 103.72	MAE: 203.02	RMSE: 254.88
Epoch 173	LOSS: 102.63	MAE: 202.88	RMSE: 254.82
Epoch 174	LOSS: 103.47	MAE: 202.71	RMSE: 254.76
Epoch 175	LOSS: 102.87	MAE: 202.56	RMSE: 254.71
Epoch 176	LOSS: 101.45	MAE: 202.48	RMSE: 254.68
Epoch 177	LOSS: 101.32	MAE: 202.45	RMSE: 254.65
Epoch 178	LOSS: 101.33	MAE: 202.39	RMSE: 254.62
Epoch 179	LOSS: 100.60	MAE: 202.38	RMSE: 254.61
Epoch 180	LOSS: 101.04	MAE: 202.52	RMSE: 254.62
Epoch 181	LOSS: 99.55	MAE: 202.30	RMSE: 254.53
Epoch 182	LOSS: 99.72	MAE: 201.98	RMSE: 254.45
Epoch 183	LOSS: 98.03	MAE: 201.74	RMSE: 254.39
Epoch 184	LOSS: 96.31	MAE: 201.61	RMSE: 254.34
Epoch 185	LOSS: 95.68	MAE: 201.49	RMSE: 254.29
Epoch 186	LOSS: 95.52	MAE: 201.41	RMSE: 254.25
Epoch 187	LOSS: 93.33	MAE: 201.22	RMSE: 254.20
Epoch 188	LOSS: 93.63	MAE: 201.04	RMSE: 254.15
Epoch 189	LOSS: 91.53	MAE: 201.02	RMSE: 254.14
Epoch 190	LOSS: 93.66	MAE: 201.26	RMSE: 254.18
Epoch 191	LOSS: 93.45	MAE: 201.37	RMSE: 254.18
Epoch 192	LOSS: 91.99	MAE: 201.04	RMSE: 254.10
Epoch 193	LOSS: 89.81	MAE: 200.73	RMSE: 254.01
Epoch 194	LOSS: 89.56	MAE: 200.42	RMSE: 253.93
Epoch 195	LOSS: 87.64	MAE: 200.30	RMSE: 253.88
Epoch 196	LOSS: 88.01	MAE: 200.26	RMSE: 253.85
Epoch 197	LOSS: 86.93	MAE: 200.06	RMSE: 253.81
Epoch 198	LOSS: 86.95	MAE: 200.02	RMSE: 253.82
Epoch 199	LOSS: 87.17	MAE: 200.13	RMSE: 253.82
Epoch 200	LOSS: 86.89	MAE: 200.30	RMSE: 253.85
Epoch 201	LOSS: 85.54	MAE: 200.01	RMSE: 253.79
Epoch 202	LOSS: 83.82	MAE: 199.71	RMSE: 253.73
Epoch 203	LOSS: 84.16	MAE: 199.59	RMSE: 253.69
Epoch 204	LOSS: 83.20	MAE: 199.56	RMSE: 253.66
Epoch 205	LOSS: 82.04	MAE: 199.44	RMSE: 253.62
Epoch 206	LOSS: 81.95	MAE: 199.21	RMSE: 253.59
Epoch 207	LOSS: 81.14	MAE: 199.15	RMSE: 253.59
Epoch 208	LOSS: 81.71	MAE: 199.17	RMSE: 253.58
Epoch 209	LOSS: 81.19	MAE: 199.30	RMSE: 253.60
Epoch 210	LOSS: 80.86	MAE: 199.36	RMSE: 253.60
Epoch 211	LOSS: 79.77	MAE: 199.18	RMSE: 253.56
Epoch 212	LOSS: 80.43	MAE: 199.12	RMSE: 253.56
Epoch 213	LOSS: 79.57	MAE: 199.03	RMSE: 253.54
Epoch 214	LOSS: 78.57	MAE: 198.87	RMSE: 253.46
Epoch 215	LOSS: 78.29	MAE: 198.70	RMSE: 253.40
Epoch 216	LOSS: 77.51	MAE: 198.63	RMSE: 253.42
Epoch 217	LOSS: 77.46	MAE: 198.62	RMSE: 253.42
Epoch 218	LOSS: 77.53	MAE: 198.74	RMSE: 253.44
Epoch 219	LOSS: 77.67	MAE: 198.71	RMSE: 253.47
Epoch 220	LOSS: 77.56	MAE: 198.63	RMSE: 253.47
Epoch 221	LOSS: 77.91	MAE: 198.58	RMSE: 253.43
Epoch 222	LOSS: 77.05	MAE: 198.52	RMSE: 253.41
Epoch 223	LOSS: 77.27	MAE: 198.40	RMSE: 253.41
Epoch 224	LOSS: 75.65	MAE: 198.33	RMSE: 253.40
Epoch 225	LOSS: 75.19	MAE: 198.32	RMSE: 253.38
Epoch 226	LOSS: 76.50	MAE: 198.41	RMSE: 253.38
Epoch 227	LOSS: 76.52	MAE: 198.36	RMSE: 253.38
Epoch 228	LOSS: 76.11	MAE: 198.25	RMSE: 253.38
Epoch 229	LOSS: 75.97	MAE: 198.25	RMSE: 253.39
Epoch 230	LOSS: 76.78	MAE: 198.50	RMSE: 253.43
Epoch 231	LOSS: 78.21	MAE: 198.60	RMSE: 253.46
Epoch 232	LOSS: 76.29	MAE: 198.48	RMSE: 253.44
Epoch 233	LOSS: 75.40	MAE: 198.28	RMSE: 253.41
Epoch 234	LOSS: 75.33	MAE: 198.15	RMSE: 253.38
Epoch 235	LOSS: 74.80	MAE: 198.15	RMSE: 253.37
Epoch 236	LOSS: 75.41	MAE: 198.29	RMSE: 253.39
Epoch 237	LOSS: 75.66	MAE: 198.20	RMSE: 253.37
Epoch 238	LOSS: 75.40	MAE: 198.02	RMSE: 253.36
Epoch 239	LOSS: 76.19	MAE: 197.89	RMSE: 253.33
Epoch 240	LOSS: 75.54	MAE: 197.96	RMSE: 253.34
Epoch 241	LOSS: 75.06	MAE: 197.99	RMSE: 253.34
Epoch 242	LOSS: 74.80	MAE: 197.87	RMSE: 253.32
Epoch 243	LOSS: 73.16	MAE: 197.86	RMSE: 253.34
Epoch 244	LOSS: 74.16	MAE: 197.97	RMSE: 253.34
Epoch 245	LOSS: 74.60	MAE: 198.09	RMSE: 253.35
Epoch 246	LOSS: 74.54	MAE: 198.16	RMSE: 253.37
Epoch 247	LOSS: 74.29	MAE: 198.07	RMSE: 253.37
Epoch 248	LOSS: 73.15	MAE: 197.95	RMSE: 253.36
Epoch 249	LOSS: 74.25	MAE: 197.82	RMSE: 253.32
Epoch 250	LOSS: 73.52	MAE: 197.79	RMSE: 253.30
Epoch 251	LOSS: 73.36	MAE: 197.76	RMSE: 253.29
Epoch 252	LOSS: 73.02	MAE: 197.77	RMSE: 253.30
Epoch 253	LOSS: 73.97	MAE: 197.78	RMSE: 253.31
Epoch 254	LOSS: 73.80	MAE: 197.74	RMSE: 253.31
Epoch 255	LOSS: 73.10	MAE: 197.74	RMSE: 253.31
Epoch 256	LOSS: 74.71	MAE: 197.94	RMSE: 253.34
Epoch 257	LOSS: 74.55	MAE: 197.93	RMSE: 253.32
Epoch 258	LOSS: 74.20	MAE: 197.84	RMSE: 253.30
Epoch 259	LOSS: 73.82	MAE: 197.73	RMSE: 253.30
Epoch 260	LOSS: 75.11	MAE: 197.65	RMSE: 253.31
Epoch 261	LOSS: 73.47	MAE: 197.62	RMSE: 253.30
Epoch 262	LOSS: 72.28	MAE: 197.58	RMSE: 253.27
Epoch 263	LOSS: 72.91	MAE: 197.57	RMSE: 253.25
Epoch 264	LOSS: 71.42	MAE: 197.60	RMSE: 253.27
Epoch 265	LOSS: 72.02	MAE: 197.69	RMSE: 253.29
Epoch 266	LOSS: 73.17	MAE: 197.84	RMSE: 253.32
Epoch 267	LOSS: 75.21	MAE: 198.06	RMSE: 253.38
Epoch 268	LOSS: 75.53	MAE: 198.11	RMSE: 253.40
Epoch 269	LOSS: 74.48	MAE: 197.98	RMSE: 253.36
Epoch 270	LOSS: 73.24	MAE: 197.84	RMSE: 253.32
Epoch 271	LOSS: 73.31	MAE: 197.70	RMSE: 253.28
Epoch 272	LOSS: 72.97	MAE: 197.65	RMSE: 253.28
Epoch 273	LOSS: 71.84	MAE: 197.58	RMSE: 253.27
Epoch 274	LOSS: 72.50	MAE: 197.63	RMSE: 253.29
Epoch 275	LOSS: 72.76	MAE: 197.59	RMSE: 253.28
Epoch 276	LOSS: 72.96	MAE: 197.60	RMSE: 253.28
Epoch 277	LOSS: 72.57	MAE: 197.54	RMSE: 253.28
Epoch 278	LOSS: 71.79	MAE: 197.52	RMSE: 253.28
Epoch 279	LOSS: 71.36	MAE: 197.54	RMSE: 253.26
Epoch 280	LOSS: 72.21	MAE: 197.57	RMSE: 253.26
Epoch 281	LOSS: 72.88	MAE: 197.46	RMSE: 253.27
Epoch 282	LOSS: 71.81	MAE: 197.46	RMSE: 253.27
Epoch 283	LOSS: 72.56	MAE: 197.51	RMSE: 253.27
Epoch 284	LOSS: 71.94	MAE: 197.51	RMSE: 253.27
Epoch 285	LOSS: 72.41	MAE: 197.47	RMSE: 253.27
Epoch 286	LOSS: 71.80	MAE: 197.48	RMSE: 253.27
Epoch 287	LOSS: 72.27	MAE: 197.51	RMSE: 253.26
Epoch 288	LOSS: 70.92	MAE: 197.56	RMSE: 253.27
Epoch 289	LOSS: 71.92	MAE: 197.51	RMSE: 253.28
Epoch 290	LOSS: 71.02	MAE: 197.42	RMSE: 253.26
Epoch 291	LOSS: 71.02	MAE: 197.43	RMSE: 253.25
Epoch 292	LOSS: 71.23	MAE: 197.40	RMSE: 253.24
Epoch 293	LOSS: 71.08	MAE: 197.34	RMSE: 253.24
Epoch 294	LOSS: 70.96	MAE: 197.35	RMSE: 253.25
Epoch 295	LOSS: 71.23	MAE: 197.42	RMSE: 253.27
Epoch 296	LOSS: 71.87	MAE: 197.48	RMSE: 253.27
Epoch 297	LOSS: 72.03	MAE: 197.55	RMSE: 253.30
Epoch 298	LOSS: 72.83	MAE: 197.54	RMSE: 253.29
Epoch 299	LOSS: 71.39	MAE: 197.44	RMSE: 253.24
Epoch 300	LOSS: 72.22	MAE: 197.50	RMSE: 253.23
Epoch 301	LOSS: 70.61	MAE: 197.41	RMSE: 253.24
Epoch 302	LOSS: 71.85	MAE: 197.38	RMSE: 253.24
Epoch 303	LOSS: 72.47	MAE: 197.39	RMSE: 253.25
Epoch 304	LOSS: 71.52	MAE: 197.35	RMSE: 253.25
Epoch 305	LOSS: 72.16	MAE: 197.35	RMSE: 253.25
Epoch 306	LOSS: 70.63	MAE: 197.42	RMSE: 253.26
Epoch 307	LOSS: 71.01	MAE: 197.37	RMSE: 253.25
Epoch 308	LOSS: 72.78	MAE: 197.42	RMSE: 253.26
Epoch 309	LOSS: 71.54	MAE: 197.46	RMSE: 253.27
Epoch 310	LOSS: 70.95	MAE: 197.38	RMSE: 253.26
Epoch 311	LOSS: 69.78	MAE: 197.39	RMSE: 253.26
Epoch 312	LOSS: 70.62	MAE: 197.39	RMSE: 253.25
Epoch 313	LOSS: 72.78	MAE: 197.44	RMSE: 253.27
Epoch 314	LOSS: 71.73	MAE: 197.47	RMSE: 253.29
Epoch 315	LOSS: 70.49	MAE: 197.39	RMSE: 253.27
Epoch 316	LOSS: 69.47	MAE: 197.30	RMSE: 253.25
Epoch 317	LOSS: 69.95	MAE: 197.30	RMSE: 253.24
Epoch 318	LOSS: 70.49	MAE: 197.34	RMSE: 253.23
Epoch 319	LOSS: 71.53	MAE: 197.41	RMSE: 253.25
Epoch 320	LOSS: 71.46	MAE: 197.39	RMSE: 253.26
Epoch 321	LOSS: 71.15	MAE: 197.35	RMSE: 253.27
Epoch 322	LOSS: 70.19	MAE: 197.30	RMSE: 253.25
Epoch 323	LOSS: 69.99	MAE: 197.31	RMSE: 253.24
Epoch 324	LOSS: 70.10	MAE: 197.28	RMSE: 253.23
Epoch 325	LOSS: 69.50	MAE: 197.31	RMSE: 253.24
Epoch 326	LOSS: 71.26	MAE: 197.27	RMSE: 253.23
Epoch 327	LOSS: 70.09	MAE: 197.30	RMSE: 253.24
Epoch 328	LOSS: 71.17	MAE: 197.28	RMSE: 253.24
Epoch 329	LOSS: 70.77	MAE: 197.34	RMSE: 253.24
Epoch 330	LOSS: 69.61	MAE: 197.29	RMSE: 253.23
Epoch 331	LOSS: 69.90	MAE: 197.26	RMSE: 253.22
Epoch 332	LOSS: 69.88	MAE: 197.30	RMSE: 253.24
Epoch 333	LOSS: 70.67	MAE: 197.27	RMSE: 253.24
Epoch 334	LOSS: 69.46	MAE: 197.28	RMSE: 253.25
Epoch 335	LOSS: 70.38	MAE: 197.38	RMSE: 253.28
Epoch 336	LOSS: 70.46	MAE: 197.37	RMSE: 253.29
Epoch 337	LOSS: 68.52	MAE: 197.27	RMSE: 253.27
Epoch 338	LOSS: 68.97	MAE: 197.28	RMSE: 253.25
Epoch 339	LOSS: 69.89	MAE: 197.32	RMSE: 253.25
Epoch 340	LOSS: 69.73	MAE: 197.26	RMSE: 253.25
Epoch 341	LOSS: 69.54	MAE: 197.23	RMSE: 253.26
Epoch 342	LOSS: 69.23	MAE: 197.21	RMSE: 253.26
Epoch 343	LOSS: 69.34	MAE: 197.24	RMSE: 253.27
Epoch 344	LOSS: 70.08	MAE: 197.22	RMSE: 253.25
Epoch 345	LOSS: 69.68	MAE: 197.25	RMSE: 253.24
Epoch 346	LOSS: 69.64	MAE: 197.27	RMSE: 253.24
Epoch 347	LOSS: 69.83	MAE: 197.31	RMSE: 253.25
Epoch 348	LOSS: 68.85	MAE: 197.28	RMSE: 253.25
Epoch 349	LOSS: 69.42	MAE: 197.26	RMSE: 253.25
Epoch 350	LOSS: 68.56	MAE: 197.20	RMSE: 253.24
Epoch 351	LOSS: 70.06	MAE: 197.22	RMSE: 253.25
Epoch 352	LOSS: 68.52	MAE: 197.20	RMSE: 253.24
Epoch 353	LOSS: 68.34	MAE: 197.19	RMSE: 253.24
Epoch 354	LOSS: 68.49	MAE: 197.21	RMSE: 253.25
Epoch 355	LOSS: 68.73	MAE: 197.23	RMSE: 253.25
Epoch 356	LOSS: 68.72	MAE: 197.20	RMSE: 253.24
Epoch 357	LOSS: 69.02	MAE: 197.23	RMSE: 253.25
Epoch 358	LOSS: 69.12	MAE: 197.23	RMSE: 253.25
Epoch 359	LOSS: 69.24	MAE: 197.22	RMSE: 253.25
Epoch 360	LOSS: 69.43	MAE: 197.26	RMSE: 253.27
Epoch 361	LOSS: 69.30	MAE: 197.29	RMSE: 253.28
Epoch 362	LOSS: 69.23	MAE: 197.23	RMSE: 253.26
Epoch 363	LOSS: 68.89	MAE: 197.18	RMSE: 253.25
Epoch 364	LOSS: 68.91	MAE: 197.20	RMSE: 253.24
Epoch 365	LOSS: 68.83	MAE: 197.21	RMSE: 253.24
Epoch 366	LOSS: 68.35	MAE: 197.11	RMSE: 253.23
Epoch 367	LOSS: 68.39	MAE: 197.11	RMSE: 253.23
Epoch 368	LOSS: 69.98	MAE: 197.19	RMSE: 253.25
Epoch 369	LOSS: 69.23	MAE: 197.15	RMSE: 253.25
Epoch 370	LOSS: 67.99	MAE: 197.12	RMSE: 253.24
Epoch 371	LOSS: 69.29	MAE: 197.17	RMSE: 253.24
Epoch 372	LOSS: 68.69	MAE: 197.17	RMSE: 253.24
Epoch 373	LOSS: 69.99	MAE: 197.14	RMSE: 253.23
Epoch 374	LOSS: 69.06	MAE: 197.08	RMSE: 253.23
Epoch 375	LOSS: 68.88	MAE: 197.12	RMSE: 253.24
Epoch 376	LOSS: 69.61	MAE: 197.20	RMSE: 253.27
Epoch 377	LOSS: 69.56	MAE: 197.18	RMSE: 253.27
Epoch 378	LOSS: 68.98	MAE: 197.18	RMSE: 253.26
Epoch 379	LOSS: 68.23	MAE: 197.18	RMSE: 253.25
Epoch 380	LOSS: 68.55	MAE: 197.17	RMSE: 253.24
Epoch 381	LOSS: 68.58	MAE: 197.18	RMSE: 253.25
Epoch 382	LOSS: 69.42	MAE: 197.16	RMSE: 253.25
Epoch 383	LOSS: 68.41	MAE: 197.20	RMSE: 253.26
Epoch 384	LOSS: 69.62	MAE: 197.23	RMSE: 253.27
Epoch 385	LOSS: 68.61	MAE: 197.13	RMSE: 253.24
Epoch 386	LOSS: 68.12	MAE: 197.13	RMSE: 253.26
Epoch 387	LOSS: 67.86	MAE: 197.13	RMSE: 253.25
Epoch 388	LOSS: 67.55	MAE: 197.15	RMSE: 253.25
Epoch 389	LOSS: 68.69	MAE: 197.14	RMSE: 253.25
Epoch 390	LOSS: 68.24	MAE: 197.16	RMSE: 253.26
Epoch 391	LOSS: 68.87	MAE: 197.16	RMSE: 253.26
Epoch 392	LOSS: 68.68	MAE: 197.14	RMSE: 253.26
Epoch 393	LOSS: 67.32	MAE: 197.10	RMSE: 253.25
Epoch 394	LOSS: 67.81	MAE: 197.08	RMSE: 253.24
Epoch 395	LOSS: 68.44	MAE: 197.11	RMSE: 253.24
Epoch 396	LOSS: 68.52	MAE: 197.12	RMSE: 253.24
Epoch 397	LOSS: 67.94	MAE: 197.13	RMSE: 253.25
Epoch 398	LOSS: 67.29	MAE: 197.09	RMSE: 253.24
Epoch 399	LOSS: 67.96	MAE: 197.08	RMSE: 253.25
Epoch 400	LOSS: 66.80	MAE: 197.13	RMSE: 253.26
Epoch 401	LOSS: 67.82	MAE: 197.15	RMSE: 253.26
Epoch 402	LOSS: 66.75	MAE: 197.04	RMSE: 253.24
Epoch 403	LOSS: 67.46	MAE: 197.07	RMSE: 253.23
Epoch 404	LOSS: 67.55	MAE: 197.09	RMSE: 253.23
Epoch 405	LOSS: 67.78	MAE: 197.08	RMSE: 253.23
Epoch 406	LOSS: 68.52	MAE: 197.03	RMSE: 253.24
Epoch 407	LOSS: 68.54	MAE: 197.04	RMSE: 253.24
Epoch 408	LOSS: 69.32	MAE: 197.15	RMSE: 253.25
Epoch 409	LOSS: 68.55	MAE: 197.19	RMSE: 253.25
Epoch 410	LOSS: 67.67	MAE: 197.16	RMSE: 253.25
Epoch 411	LOSS: 68.21	MAE: 197.12	RMSE: 253.25
Epoch 412	LOSS: 68.09	MAE: 197.13	RMSE: 253.25
Epoch 413	LOSS: 68.31	MAE: 197.09	RMSE: 253.24
Epoch 414	LOSS: 68.52	MAE: 197.09	RMSE: 253.24
Epoch 415	LOSS: 67.68	MAE: 196.95	RMSE: 253.22
Epoch 416	LOSS: 67.50	MAE: 196.95	RMSE: 253.23
Epoch 417	LOSS: 67.32	MAE: 197.10	RMSE: 253.24
Epoch 418	LOSS: 68.82	MAE: 197.23	RMSE: 253.26
Epoch 419	LOSS: 70.15	MAE: 197.34	RMSE: 253.28
Epoch 420	LOSS: 71.08	MAE: 197.31	RMSE: 253.27
Epoch 421	LOSS: 67.40	MAE: 197.17	RMSE: 253.25
Epoch 422	LOSS: 69.78	MAE: 197.17	RMSE: 253.27
Epoch 423	LOSS: 68.24	MAE: 197.15	RMSE: 253.27
Epoch 424	LOSS: 67.99	MAE: 197.07	RMSE: 253.25
Epoch 425	LOSS: 68.38	MAE: 197.05	RMSE: 253.23
Epoch 426	LOSS: 67.18	MAE: 197.01	RMSE: 253.22
Epoch 427	LOSS: 67.56	MAE: 197.05	RMSE: 253.24
Epoch 428	LOSS: 68.74	MAE: 197.18	RMSE: 253.27
Epoch 429	LOSS: 67.63	MAE: 197.18	RMSE: 253.27
Epoch 430	LOSS: 66.70	MAE: 197.09	RMSE: 253.26
Epoch 431	LOSS: 66.90	MAE: 196.99	RMSE: 253.24
Epoch 432	LOSS: 68.29	MAE: 196.92	RMSE: 253.22
Epoch 433	LOSS: 67.71	MAE: 196.98	RMSE: 253.22
Epoch 434	LOSS: 67.56	MAE: 197.08	RMSE: 253.24
Epoch 435	LOSS: 68.06	MAE: 197.10	RMSE: 253.25
Epoch 436	LOSS: 66.92	MAE: 197.09	RMSE: 253.24
Epoch 437	LOSS: 67.66	MAE: 197.09	RMSE: 253.24
Epoch 438	LOSS: 67.70	MAE: 197.09	RMSE: 253.26
Epoch 439	LOSS: 67.85	MAE: 197.08	RMSE: 253.26
Epoch 440	LOSS: 66.79	MAE: 197.05	RMSE: 253.24
Epoch 441	LOSS: 66.86	MAE: 197.01	RMSE: 253.23
Epoch 442	LOSS: 66.76	MAE: 197.00	RMSE: 253.24
Epoch 443	LOSS: 65.75	MAE: 197.01	RMSE: 253.24
Epoch 444	LOSS: 67.05	MAE: 197.02	RMSE: 253.24
Epoch 445	LOSS: 67.81	MAE: 197.13	RMSE: 253.26
Epoch 446	LOSS: 66.37	MAE: 197.24	RMSE: 253.30
Epoch 447	LOSS: 67.93	MAE: 197.13	RMSE: 253.27
Epoch 448	LOSS: 67.19	MAE: 197.15	RMSE: 253.26
Epoch 449	LOSS: 67.32	MAE: 197.09	RMSE: 253.26
Epoch 450	LOSS: 67.30	MAE: 197.02	RMSE: 253.24
Epoch 451	LOSS: 66.25	MAE: 196.96	RMSE: 253.22
Epoch 452	LOSS: 66.15	MAE: 196.93	RMSE: 253.22
Epoch 453	LOSS: 66.60	MAE: 197.02	RMSE: 253.25
Epoch 454	LOSS: 66.81	MAE: 197.11	RMSE: 253.27
Epoch 455	LOSS: 67.89	MAE: 197.13	RMSE: 253.27
Epoch 456	LOSS: 67.38	MAE: 197.12	RMSE: 253.27
Epoch 457	LOSS: 67.23	MAE: 197.09	RMSE: 253.26
Epoch 458	LOSS: 66.92	MAE: 196.99	RMSE: 253.24
Epoch 459	LOSS: 65.58	MAE: 196.97	RMSE: 253.25
Epoch 460	LOSS: 66.12	MAE: 196.98	RMSE: 253.25
Epoch 461	LOSS: 66.88	MAE: 197.02	RMSE: 253.25
Epoch 462	LOSS: 66.69	MAE: 197.07	RMSE: 253.25
Epoch 463	LOSS: 68.11	MAE: 197.04	RMSE: 253.25
Epoch 464	LOSS: 66.97	MAE: 197.01	RMSE: 253.25
Epoch 465	LOSS: 66.42	MAE: 197.04	RMSE: 253.25
Epoch 466	LOSS: 66.71	MAE: 196.95	RMSE: 253.23
Epoch 467	LOSS: 66.83	MAE: 196.93	RMSE: 253.23
Epoch 468	LOSS: 66.94	MAE: 196.90	RMSE: 253.22
Epoch 469	LOSS: 66.61	MAE: 197.08	RMSE: 253.25
Epoch 470	LOSS: 67.11	MAE: 197.10	RMSE: 253.26
Epoch 471	LOSS: 68.01	MAE: 197.07	RMSE: 253.27
Epoch 472	LOSS: 67.37	MAE: 197.06	RMSE: 253.26
Epoch 473	LOSS: 67.09	MAE: 197.10	RMSE: 253.26
Epoch 474	LOSS: 68.40	MAE: 197.06	RMSE: 253.24
Epoch 475	LOSS: 66.43	MAE: 196.99	RMSE: 253.24
Epoch 476	LOSS: 67.00	MAE: 196.96	RMSE: 253.25
Epoch 477	LOSS: 67.46	MAE: 197.00	RMSE: 253.25
Epoch 478	LOSS: 67.15	MAE: 197.01	RMSE: 253.25
Epoch 479	LOSS: 66.27	MAE: 197.00	RMSE: 253.24
Epoch 480	LOSS: 66.46	MAE: 197.02	RMSE: 253.24
Epoch 481	LOSS: 66.40	MAE: 197.07	RMSE: 253.26
Epoch 482	LOSS: 67.47	MAE: 197.07	RMSE: 253.26
Epoch 483	LOSS: 67.79	MAE: 197.03	RMSE: 253.26
Epoch 484	LOSS: 65.81	MAE: 196.99	RMSE: 253.26
Epoch 485	LOSS: 67.36	MAE: 196.97	RMSE: 253.25
Epoch 486	LOSS: 66.54	MAE: 196.94	RMSE: 253.23
Epoch 487	LOSS: 67.16	MAE: 197.01	RMSE: 253.23
Epoch 488	LOSS: 66.38	MAE: 197.00	RMSE: 253.22
Epoch 489	LOSS: 67.50	MAE: 197.02	RMSE: 253.24
Epoch 490	LOSS: 66.83	MAE: 197.02	RMSE: 253.26
Epoch 491	LOSS: 67.11	MAE: 197.00	RMSE: 253.26
Epoch 492	LOSS: 67.38	MAE: 196.96	RMSE: 253.24
Epoch 493	LOSS: 66.39	MAE: 197.05	RMSE: 253.24
Epoch 494	LOSS: 68.17	MAE: 197.02	RMSE: 253.23
Epoch 495	LOSS: 66.25	MAE: 197.01	RMSE: 253.24
Epoch 496	LOSS: 66.48	MAE: 196.98	RMSE: 253.24
Epoch 497	LOSS: 66.82	MAE: 196.99	RMSE: 253.25
Epoch 498	LOSS: 65.68	MAE: 196.98	RMSE: 253.25
Epoch 499	LOSS: 67.78	MAE: 196.99	RMSE: 253.24
