Epoch 000	LOSS: 229.30	MAE: 218.65	RMSE: 264.93
Epoch 001	LOSS: 230.31	MAE: 217.67	RMSE: 264.12
Epoch 002	LOSS: 229.27	MAE: 216.62	RMSE: 263.23
Epoch 003	LOSS: 225.16	MAE: 215.48	RMSE: 262.26
Epoch 004	LOSS: 226.07	MAE: 214.26	RMSE: 261.23
Epoch 005	LOSS: 224.46	MAE: 212.97	RMSE: 260.14
Epoch 006	LOSS: 220.79	MAE: 211.63	RMSE: 259.00
Epoch 007	LOSS: 221.96	MAE: 210.26	RMSE: 257.82
Epoch 008	LOSS: 223.20	MAE: 208.84	RMSE: 256.61
Epoch 009	LOSS: 219.49	MAE: 207.40	RMSE: 255.37
Epoch 010	LOSS: 218.59	MAE: 205.94	RMSE: 254.12
Epoch 011	LOSS: 214.22	MAE: 204.47	RMSE: 252.84
Epoch 012	LOSS: 211.97	MAE: 202.97	RMSE: 251.55
Epoch 013	LOSS: 210.11	MAE: 201.46	RMSE: 250.23
Epoch 014	LOSS: 209.16	MAE: 199.94	RMSE: 248.91
Epoch 015	LOSS: 209.40	MAE: 198.42	RMSE: 247.57
Epoch 016	LOSS: 209.30	MAE: 196.91	RMSE: 246.24
Epoch 017	LOSS: 209.31	MAE: 195.40	RMSE: 244.90
Epoch 018	LOSS: 204.14	MAE: 193.91	RMSE: 243.57
Epoch 019	LOSS: 202.62	MAE: 192.42	RMSE: 242.24
Epoch 020	LOSS: 203.00	MAE: 190.94	RMSE: 240.91
Epoch 021	LOSS: 203.08	MAE: 189.45	RMSE: 239.57
Epoch 022	LOSS: 197.58	MAE: 187.97	RMSE: 238.22
Epoch 023	LOSS: 197.08	MAE: 186.48	RMSE: 236.86
Epoch 024	LOSS: 196.22	MAE: 184.98	RMSE: 235.49
Epoch 025	LOSS: 193.88	MAE: 183.49	RMSE: 234.11
Epoch 026	LOSS: 191.76	MAE: 182.01	RMSE: 232.73
Epoch 027	LOSS: 192.90	MAE: 180.53	RMSE: 231.34
Epoch 028	LOSS: 189.10	MAE: 179.06	RMSE: 229.95
Epoch 029	LOSS: 183.34	MAE: 177.61	RMSE: 228.57
Epoch 030	LOSS: 187.63	MAE: 176.16	RMSE: 227.18
Epoch 031	LOSS: 187.32	MAE: 174.73	RMSE: 225.80
Epoch 032	LOSS: 182.22	MAE: 173.30	RMSE: 224.42
Epoch 033	LOSS: 182.07	MAE: 171.89	RMSE: 223.04
Epoch 034	LOSS: 181.68	MAE: 170.48	RMSE: 221.66
Epoch 035	LOSS: 180.42	MAE: 169.07	RMSE: 220.29
Epoch 036	LOSS: 175.82	MAE: 167.64	RMSE: 218.89
Epoch 037	LOSS: 177.30	MAE: 166.23	RMSE: 217.50
Epoch 038	LOSS: 173.30	MAE: 164.82	RMSE: 216.08
Epoch 039	LOSS: 169.94	MAE: 163.41	RMSE: 214.65
Epoch 040	LOSS: 172.51	MAE: 162.03	RMSE: 213.23
Epoch 041	LOSS: 171.56	MAE: 160.61	RMSE: 211.78
Epoch 042	LOSS: 167.81	MAE: 159.16	RMSE: 210.30
Epoch 043	LOSS: 166.93	MAE: 157.75	RMSE: 208.85
Epoch 044	LOSS: 165.99	MAE: 156.41	RMSE: 207.42
Epoch 045	LOSS: 166.46	MAE: 155.13	RMSE: 206.04
Epoch 046	LOSS: 160.10	MAE: 153.87	RMSE: 204.68
Epoch 047	LOSS: 161.13	MAE: 152.58	RMSE: 203.36
Epoch 048	LOSS: 160.99	MAE: 151.28	RMSE: 202.06
Epoch 049	LOSS: 157.69	MAE: 150.06	RMSE: 200.72
Epoch 050	LOSS: 156.69	MAE: 148.80	RMSE: 199.31
Epoch 051	LOSS: 153.27	MAE: 147.52	RMSE: 197.92
Epoch 052	LOSS: 156.30	MAE: 146.31	RMSE: 196.57
Epoch 053	LOSS: 154.10	MAE: 145.14	RMSE: 195.23
Epoch 054	LOSS: 152.19	MAE: 143.97	RMSE: 193.94
Epoch 055	LOSS: 149.82	MAE: 142.85	RMSE: 192.58
Epoch 056	LOSS: 148.32	MAE: 141.89	RMSE: 191.28
Epoch 057	LOSS: 145.05	MAE: 140.85	RMSE: 190.06
Epoch 058	LOSS: 149.86	MAE: 139.60	RMSE: 188.74
Epoch 059	LOSS: 144.22	MAE: 138.29	RMSE: 187.34
Epoch 060	LOSS: 140.14	MAE: 137.00	RMSE: 186.04
Epoch 061	LOSS: 140.29	MAE: 135.83	RMSE: 184.77
Epoch 062	LOSS: 141.32	MAE: 134.76	RMSE: 183.44
Epoch 063	LOSS: 136.47	MAE: 133.57	RMSE: 182.17
Epoch 064	LOSS: 138.89	MAE: 132.35	RMSE: 180.74
Epoch 065	LOSS: 137.65	MAE: 131.36	RMSE: 179.38
Epoch 066	LOSS: 137.58	MAE: 130.47	RMSE: 178.10
Epoch 067	LOSS: 133.90	MAE: 129.60	RMSE: 176.91
Epoch 068	LOSS: 133.86	MAE: 128.58	RMSE: 175.68
Epoch 069	LOSS: 130.91	MAE: 127.50	RMSE: 174.60
Epoch 070	LOSS: 130.94	MAE: 126.70	RMSE: 173.53
Epoch 071	LOSS: 128.05	MAE: 126.03	RMSE: 172.51
Epoch 072	LOSS: 127.06	MAE: 125.27	RMSE: 171.41
Epoch 073	LOSS: 124.65	MAE: 124.46	RMSE: 170.33
Epoch 074	LOSS: 126.04	MAE: 123.69	RMSE: 169.50
Epoch 075	LOSS: 121.72	MAE: 123.20	RMSE: 168.77
Epoch 076	LOSS: 117.94	MAE: 122.60	RMSE: 167.94
Epoch 077	LOSS: 122.06	MAE: 122.29	RMSE: 167.38
Epoch 078	LOSS: 121.49	MAE: 122.23	RMSE: 166.97
Epoch 079	LOSS: 118.53	MAE: 121.84	RMSE: 166.22
Epoch 080	LOSS: 121.11	MAE: 121.70	RMSE: 165.81
Epoch 081	LOSS: 118.18	MAE: 121.39	RMSE: 165.28
Epoch 082	LOSS: 119.21	MAE: 121.25	RMSE: 164.97
Epoch 083	LOSS: 118.75	MAE: 120.79	RMSE: 164.49
Epoch 084	LOSS: 115.28	MAE: 120.49	RMSE: 164.14
Epoch 085	LOSS: 117.46	MAE: 120.15	RMSE: 163.81
Epoch 086	LOSS: 115.89	MAE: 119.94	RMSE: 163.42
Epoch 087	LOSS: 115.41	MAE: 119.68	RMSE: 163.03
Epoch 088	LOSS: 117.19	MAE: 119.66	RMSE: 162.73
Epoch 089	LOSS: 114.51	MAE: 119.38	RMSE: 162.39
Epoch 090	LOSS: 113.33	MAE: 119.04	RMSE: 161.90
Epoch 091	LOSS: 114.89	MAE: 118.90	RMSE: 161.56
Epoch 092	LOSS: 115.67	MAE: 118.56	RMSE: 161.17
Epoch 093	LOSS: 114.38	MAE: 118.34	RMSE: 160.78
Epoch 094	LOSS: 113.41	MAE: 118.01	RMSE: 160.35
Epoch 095	LOSS: 109.76	MAE: 117.85	RMSE: 159.98
Epoch 096	LOSS: 110.56	MAE: 117.47	RMSE: 159.55
Epoch 097	LOSS: 110.68	MAE: 117.30	RMSE: 159.17
Epoch 098	LOSS: 110.19	MAE: 116.97	RMSE: 158.74
Epoch 099	LOSS: 110.95	MAE: 116.82	RMSE: 158.36
Epoch 100	LOSS: 111.64	MAE: 116.46	RMSE: 157.92
Epoch 101	LOSS: 109.28	MAE: 116.36	RMSE: 157.59
Epoch 102	LOSS: 110.51	MAE: 115.97	RMSE: 157.15
Epoch 103	LOSS: 111.52	MAE: 115.83	RMSE: 156.80
Epoch 104	LOSS: 106.33	MAE: 115.46	RMSE: 156.34
Epoch 105	LOSS: 108.54	MAE: 115.35	RMSE: 155.97
Epoch 106	LOSS: 108.25	MAE: 115.05	RMSE: 155.55
Epoch 107	LOSS: 106.18	MAE: 114.97	RMSE: 155.22
Epoch 108	LOSS: 106.14	MAE: 114.53	RMSE: 154.77
Epoch 109	LOSS: 106.09	MAE: 114.35	RMSE: 154.37
Epoch 110	LOSS: 107.39	MAE: 114.07	RMSE: 153.92
Epoch 111	LOSS: 105.49	MAE: 113.92	RMSE: 153.46
Epoch 112	LOSS: 106.21	MAE: 113.55	RMSE: 153.02
Epoch 113	LOSS: 103.22	MAE: 113.44	RMSE: 152.66
Epoch 114	LOSS: 104.81	MAE: 113.06	RMSE: 152.23
Epoch 115	LOSS: 103.13	MAE: 112.96	RMSE: 151.89
Epoch 116	LOSS: 104.68	MAE: 112.63	RMSE: 151.49
Epoch 117	LOSS: 104.36	MAE: 112.61	RMSE: 151.19
Epoch 118	LOSS: 101.17	MAE: 112.27	RMSE: 150.80
Epoch 119	LOSS: 102.08	MAE: 112.23	RMSE: 150.52
Epoch 120	LOSS: 102.58	MAE: 111.90	RMSE: 150.13
Epoch 121	LOSS: 101.22	MAE: 111.86	RMSE: 149.83
Epoch 122	LOSS: 102.19	MAE: 111.48	RMSE: 149.43
Epoch 123	LOSS: 101.64	MAE: 111.44	RMSE: 149.16
Epoch 124	LOSS: 99.72	MAE: 111.12	RMSE: 148.80
Epoch 125	LOSS: 102.64	MAE: 111.10	RMSE: 148.54
Epoch 126	LOSS: 99.92	MAE: 110.77	RMSE: 148.18
Epoch 127	LOSS: 99.05	MAE: 110.78	RMSE: 147.94
Epoch 128	LOSS: 98.01	MAE: 110.45	RMSE: 147.61
Epoch 129	LOSS: 97.33	MAE: 110.46	RMSE: 147.37
Epoch 130	LOSS: 98.62	MAE: 110.11	RMSE: 147.01
Epoch 131	LOSS: 97.16	MAE: 110.10	RMSE: 146.75
Epoch 132	LOSS: 98.91	MAE: 109.73	RMSE: 146.37
Epoch 133	LOSS: 96.00	MAE: 109.73	RMSE: 146.12
Epoch 134	LOSS: 97.93	MAE: 109.34	RMSE: 145.76
Epoch 135	LOSS: 96.68	MAE: 109.33	RMSE: 145.53
Epoch 136	LOSS: 96.87	MAE: 108.95	RMSE: 145.17
Epoch 137	LOSS: 95.22	MAE: 108.95	RMSE: 144.94
Epoch 138	LOSS: 97.55	MAE: 108.56	RMSE: 144.59
Epoch 139	LOSS: 95.45	MAE: 108.53	RMSE: 144.35
Epoch 140	LOSS: 94.88	MAE: 108.12	RMSE: 144.01
Epoch 141	LOSS: 95.18	MAE: 108.13	RMSE: 143.80
Epoch 142	LOSS: 94.37	MAE: 107.75	RMSE: 143.49
Epoch 143	LOSS: 93.32	MAE: 107.78	RMSE: 143.31
Epoch 144	LOSS: 95.36	MAE: 107.44	RMSE: 143.01
Epoch 145	LOSS: 94.01	MAE: 107.51	RMSE: 142.84
Epoch 146	LOSS: 94.12	MAE: 107.17	RMSE: 142.56
Epoch 147	LOSS: 93.07	MAE: 107.26	RMSE: 142.42
Epoch 148	LOSS: 93.86	MAE: 106.98	RMSE: 142.15
Epoch 149	LOSS: 93.25	MAE: 107.11	RMSE: 142.02
Epoch 150	LOSS: 92.57	MAE: 106.79	RMSE: 141.75
Epoch 151	LOSS: 93.12	MAE: 106.92	RMSE: 141.62
Epoch 152	LOSS: 91.09	MAE: 106.60	RMSE: 141.35
Epoch 153	LOSS: 93.53	MAE: 106.72	RMSE: 141.22
Epoch 154	LOSS: 90.97	MAE: 106.38	RMSE: 140.96
Epoch 155	LOSS: 92.10	MAE: 106.49	RMSE: 140.84
Epoch 156	LOSS: 91.87	MAE: 106.16	RMSE: 140.58
Epoch 157	LOSS: 90.24	MAE: 106.27	RMSE: 140.47
Epoch 158	LOSS: 90.35	MAE: 105.93	RMSE: 140.22
Epoch 159	LOSS: 90.05	MAE: 106.03	RMSE: 140.12
Epoch 160	LOSS: 90.06	MAE: 105.69	RMSE: 139.88
Epoch 161	LOSS: 90.24	MAE: 105.82	RMSE: 139.77
Epoch 162	LOSS: 88.96	MAE: 105.47	RMSE: 139.53
Epoch 163	LOSS: 87.79	MAE: 105.57	RMSE: 139.45
Epoch 164	LOSS: 88.45	MAE: 105.17	RMSE: 139.23
Epoch 165	LOSS: 89.02	MAE: 105.23	RMSE: 139.18
Epoch 166	LOSS: 87.58	MAE: 104.89	RMSE: 138.97
Epoch 167	LOSS: 88.26	MAE: 105.03	RMSE: 138.86
Epoch 168	LOSS: 87.40	MAE: 104.65	RMSE: 138.65
Epoch 169	LOSS: 87.74	MAE: 104.71	RMSE: 138.59
Epoch 170	LOSS: 86.47	MAE: 104.35	RMSE: 138.43
Epoch 171	LOSS: 86.37	MAE: 104.48	RMSE: 138.34
Epoch 172	LOSS: 87.11	MAE: 104.15	RMSE: 138.13
Epoch 173	LOSS: 88.14	MAE: 104.22	RMSE: 138.07
Epoch 174	LOSS: 86.27	MAE: 103.80	RMSE: 138.01
Epoch 175	LOSS: 86.43	MAE: 103.83	RMSE: 137.96
Epoch 176	LOSS: 85.16	MAE: 103.56	RMSE: 137.65
Epoch 177	LOSS: 85.30	MAE: 103.53	RMSE: 137.69
Epoch 178	LOSS: 85.31	MAE: 102.92	RMSE: 138.07
Epoch 179	LOSS: 83.85	MAE: 103.03	RMSE: 137.89
Epoch 180	LOSS: 84.88	MAE: 102.92	RMSE: 137.47
Epoch 181	LOSS: 85.38	MAE: 102.98	RMSE: 137.41
Epoch 182	LOSS: 84.98	MAE: 102.50	RMSE: 137.41
Epoch 183	LOSS: 83.13	MAE: 102.46	RMSE: 137.34
Epoch 184	LOSS: 83.83	MAE: 102.09	RMSE: 137.16
Epoch 185	LOSS: 84.24	MAE: 102.17	RMSE: 137.04
Epoch 186	LOSS: 82.65	MAE: 101.77	RMSE: 137.04
Epoch 187	LOSS: 82.94	MAE: 101.87	RMSE: 136.90
Epoch 188	LOSS: 82.46	MAE: 101.41	RMSE: 137.12
Epoch 189	LOSS: 83.61	MAE: 101.25	RMSE: 137.53
Epoch 190	LOSS: 81.68	MAE: 100.79	RMSE: 138.33
Epoch 191	LOSS: 82.37	MAE: 100.82	RMSE: 138.05
Epoch 192	LOSS: 82.37	MAE: 100.62	RMSE: 137.59
Epoch 193	LOSS: 80.95	MAE: 100.57	RMSE: 137.40
Epoch 194	LOSS: 80.84	MAE: 100.21	RMSE: 138.18
Epoch 195	LOSS: 81.56	MAE: 100.18	RMSE: 137.96
Epoch 196	LOSS: 80.34	MAE: 100.17	RMSE: 137.30
Epoch 197	LOSS: 81.96	MAE: 100.37	RMSE: 136.98
Epoch 198	LOSS: 79.59	MAE: 99.92	RMSE: 136.97
Epoch 199	LOSS: 80.92	MAE: 99.55	RMSE: 138.20
Epoch 200	LOSS: 80.68	MAE: 99.41	RMSE: 138.51
Epoch 201	LOSS: 80.86	MAE: 99.30	RMSE: 136.71
Epoch 202	LOSS: 79.36	MAE: 99.51	RMSE: 135.73
Epoch 203	LOSS: 79.17	MAE: 99.87	RMSE: 135.06
Epoch 204	LOSS: 78.58	MAE: 99.31	RMSE: 134.64
Epoch 205	LOSS: 79.12	MAE: 99.16	RMSE: 134.27
Epoch 206	LOSS: 78.05	MAE: 98.72	RMSE: 134.71
Epoch 207	LOSS: 78.32	MAE: 98.41	RMSE: 135.33
Epoch 208	LOSS: 78.07	MAE: 98.35	RMSE: 137.49
Epoch 209	LOSS: 77.77	MAE: 98.48	RMSE: 137.64
Epoch 210	LOSS: 77.20	MAE: 98.03	RMSE: 136.89
Epoch 211	LOSS: 78.45	MAE: 97.96	RMSE: 135.77
Epoch 212	LOSS: 78.49	MAE: 98.01	RMSE: 134.18
Epoch 213	LOSS: 78.55	MAE: 98.36	RMSE: 133.00
Epoch 214	LOSS: 76.34	MAE: 98.88	RMSE: 132.59
Epoch 215	LOSS: 77.79	MAE: 98.42	RMSE: 132.20
Epoch 216	LOSS: 78.09	MAE: 98.13	RMSE: 132.09
Epoch 217	LOSS: 77.39	MAE: 97.39	RMSE: 132.77
Epoch 218	LOSS: 76.28	MAE: 97.09	RMSE: 132.74
Epoch 219	LOSS: 76.40	MAE: 96.94	RMSE: 133.14
Epoch 220	LOSS: 75.37	MAE: 97.11	RMSE: 133.65
Epoch 221	LOSS: 76.43	MAE: 96.68	RMSE: 134.66
Epoch 222	LOSS: 74.61	MAE: 96.39	RMSE: 134.25
Epoch 223	LOSS: 75.04	MAE: 96.09	RMSE: 133.54
Epoch 224	LOSS: 76.31	MAE: 96.08	RMSE: 132.76
Epoch 225	LOSS: 75.74	MAE: 95.93	RMSE: 132.60
Epoch 226	LOSS: 74.81	MAE: 96.26	RMSE: 132.18
Epoch 227	LOSS: 75.08	MAE: 95.97	RMSE: 132.44
Epoch 228	LOSS: 74.44	MAE: 95.73	RMSE: 132.69
Epoch 229	LOSS: 74.83	MAE: 95.39	RMSE: 133.54
Epoch 230	LOSS: 74.85	MAE: 95.35	RMSE: 133.47
Epoch 231	LOSS: 73.72	MAE: 95.42	RMSE: 133.10
Epoch 232	LOSS: 74.35	MAE: 95.42	RMSE: 132.55
Epoch 233	LOSS: 72.87	MAE: 94.86	RMSE: 132.46
Epoch 234	LOSS: 72.22	MAE: 94.68	RMSE: 132.48
Epoch 235	LOSS: 73.00	MAE: 94.66	RMSE: 131.91
Epoch 236	LOSS: 73.33	MAE: 94.76	RMSE: 131.90
Epoch 237	LOSS: 71.96	MAE: 94.38	RMSE: 132.24
Epoch 238	LOSS: 72.34	MAE: 94.18	RMSE: 132.00
Epoch 239	LOSS: 71.92	MAE: 93.93	RMSE: 132.83
Epoch 240	LOSS: 71.64	MAE: 93.93	RMSE: 132.82
Epoch 241	LOSS: 71.65	MAE: 93.85	RMSE: 133.39
Epoch 242	LOSS: 71.40	MAE: 93.72	RMSE: 132.54
Epoch 243	LOSS: 71.86	MAE: 93.40	RMSE: 131.53
Epoch 244	LOSS: 70.75	MAE: 93.28	RMSE: 130.46
Epoch 245	LOSS: 72.47	MAE: 92.92	RMSE: 130.52
Epoch 246	LOSS: 70.65	MAE: 92.90	RMSE: 130.22
Epoch 247	LOSS: 70.31	MAE: 92.72	RMSE: 130.75
Epoch 248	LOSS: 70.93	MAE: 92.69	RMSE: 130.48
Epoch 249	LOSS: 70.38	MAE: 92.36	RMSE: 130.31
Epoch 250	LOSS: 72.10	MAE: 92.27	RMSE: 129.65
Epoch 251	LOSS: 72.94	MAE: 92.00	RMSE: 129.66
Epoch 252	LOSS: 71.35	MAE: 92.38	RMSE: 128.92
Epoch 253	LOSS: 70.79	MAE: 91.74	RMSE: 129.40
Epoch 254	LOSS: 71.00	MAE: 91.49	RMSE: 129.48
Epoch 255	LOSS: 70.04	MAE: 91.36	RMSE: 129.93
Epoch 256	LOSS: 69.96	MAE: 91.78	RMSE: 129.17
Epoch 257	LOSS: 70.42	MAE: 91.12	RMSE: 129.28
Epoch 258	LOSS: 68.55	MAE: 90.92	RMSE: 129.11
Epoch 259	LOSS: 69.58	MAE: 90.74	RMSE: 129.05
Epoch 260	LOSS: 70.08	MAE: 91.56	RMSE: 128.28
Epoch 261	LOSS: 68.88	MAE: 90.48	RMSE: 129.56
Epoch 262	LOSS: 69.81	MAE: 91.26	RMSE: 131.20
Epoch 263	LOSS: 68.26	MAE: 90.99	RMSE: 128.64
Epoch 264	LOSS: 69.40	MAE: 91.14	RMSE: 128.17
Epoch 265	LOSS: 68.62	MAE: 90.06	RMSE: 127.90
Epoch 266	LOSS: 68.09	MAE: 89.86	RMSE: 127.66
Epoch 267	LOSS: 68.89	MAE: 89.42	RMSE: 126.90
Epoch 268	LOSS: 69.33	MAE: 89.89	RMSE: 125.57
Epoch 269	LOSS: 68.46	MAE: 89.19	RMSE: 125.50
Epoch 270	LOSS: 68.24	MAE: 89.10	RMSE: 126.06
Epoch 271	LOSS: 69.03	MAE: 89.24	RMSE: 127.49
Epoch 272	LOSS: 67.24	MAE: 88.92	RMSE: 126.30
Epoch 273	LOSS: 67.68	MAE: 88.72	RMSE: 126.75
Epoch 274	LOSS: 68.23	MAE: 88.34	RMSE: 126.84
Epoch 275	LOSS: 67.18	MAE: 88.38	RMSE: 127.00
Epoch 276	LOSS: 68.48	MAE: 88.23	RMSE: 125.36
Epoch 277	LOSS: 68.19	MAE: 87.67	RMSE: 124.58
Epoch 278	LOSS: 68.20	MAE: 87.84	RMSE: 123.46
Epoch 279	LOSS: 67.02	MAE: 87.45	RMSE: 122.56
Epoch 280	LOSS: 66.82	MAE: 88.18	RMSE: 123.05
Epoch 281	LOSS: 67.03	MAE: 87.43	RMSE: 123.74
Epoch 282	LOSS: 67.73	MAE: 86.93	RMSE: 124.19
Epoch 283	LOSS: 67.04	MAE: 86.44	RMSE: 123.39
Epoch 284	LOSS: 66.91	MAE: 86.85	RMSE: 122.25
Epoch 285	LOSS: 67.14	MAE: 86.45	RMSE: 124.28
Epoch 286	LOSS: 66.48	MAE: 86.41	RMSE: 123.51
Epoch 287	LOSS: 66.51	MAE: 88.79	RMSE: 124.93
Epoch 288	LOSS: 66.26	MAE: 88.70	RMSE: 125.16
Epoch 289	LOSS: 67.86	MAE: 86.62	RMSE: 122.26
Epoch 290	LOSS: 65.57	MAE: 85.78	RMSE: 121.01
Epoch 291	LOSS: 66.41	MAE: 87.28	RMSE: 121.93
Epoch 292	LOSS: 65.70	MAE: 88.36	RMSE: 126.24
Epoch 293	LOSS: 65.49	MAE: 86.54	RMSE: 123.56
Epoch 294	LOSS: 64.92	MAE: 85.06	RMSE: 119.53
Epoch 295	LOSS: 64.23	MAE: 84.53	RMSE: 118.98
Epoch 296	LOSS: 64.68	MAE: 83.52	RMSE: 119.41
Epoch 297	LOSS: 64.88	MAE: 83.18	RMSE: 119.53
Epoch 298	LOSS: 64.87	MAE: 83.82	RMSE: 117.13
Epoch 299	LOSS: 64.80	MAE: 83.29	RMSE: 116.95
Epoch 300	LOSS: 64.85	MAE: 82.34	RMSE: 116.70
Epoch 301	LOSS: 64.24	MAE: 81.87	RMSE: 115.45
Epoch 302	LOSS: 63.61	MAE: 81.70	RMSE: 115.88
Epoch 303	LOSS: 63.60	MAE: 81.38	RMSE: 116.04
Epoch 304	LOSS: 62.22	MAE: 81.08	RMSE: 115.47
Epoch 305	LOSS: 63.28	MAE: 80.75	RMSE: 115.35
Epoch 306	LOSS: 63.55	MAE: 81.91	RMSE: 118.67
Epoch 307	LOSS: 63.12	MAE: 81.90	RMSE: 115.54
Epoch 308	LOSS: 62.89	MAE: 84.19	RMSE: 114.79
Epoch 309	LOSS: 63.80	MAE: 82.99	RMSE: 114.26
Epoch 310	LOSS: 63.29	MAE: 82.61	RMSE: 113.92
Epoch 311	LOSS: 63.60	MAE: 82.17	RMSE: 117.85
Epoch 312	LOSS: 63.83	MAE: 87.57	RMSE: 125.45
Epoch 313	LOSS: 63.59	MAE: 80.77	RMSE: 114.17
Epoch 314	LOSS: 63.21	MAE: 83.15	RMSE: 114.48
Epoch 315	LOSS: 63.08	MAE: 84.96	RMSE: 114.90
Epoch 316	LOSS: 62.58	MAE: 81.37	RMSE: 113.69
Epoch 317	LOSS: 62.71	MAE: 82.54	RMSE: 118.11
Epoch 318	LOSS: 62.69	MAE: 83.73	RMSE: 119.94
Epoch 319	LOSS: 62.98	MAE: 80.33	RMSE: 113.78
Epoch 320	LOSS: 62.53	MAE: 80.39	RMSE: 112.77
Epoch 321	LOSS: 62.67	MAE: 80.95	RMSE: 112.52
Epoch 322	LOSS: 61.76	MAE: 79.47	RMSE: 112.71
Epoch 323	LOSS: 62.24	MAE: 83.76	RMSE: 120.59
Epoch 324	LOSS: 62.13	MAE: 80.32	RMSE: 114.12
Epoch 325	LOSS: 61.95	MAE: 80.28	RMSE: 113.06
Epoch 326	LOSS: 63.06	MAE: 80.81	RMSE: 112.34
Epoch 327	LOSS: 60.73	MAE: 81.15	RMSE: 111.92
Epoch 328	LOSS: 60.45	MAE: 79.40	RMSE: 112.25
Epoch 329	LOSS: 61.75	MAE: 80.31	RMSE: 115.03
Epoch 330	LOSS: 60.81	MAE: 79.71	RMSE: 113.99
Epoch 331	LOSS: 61.71	MAE: 79.76	RMSE: 112.13
Epoch 332	LOSS: 60.22	MAE: 79.21	RMSE: 111.67
Epoch 333	LOSS: 60.58	MAE: 78.36	RMSE: 111.74
Epoch 334	LOSS: 61.22	MAE: 79.39	RMSE: 113.35
Epoch 335	LOSS: 61.91	MAE: 81.08	RMSE: 111.04
Epoch 336	LOSS: 62.75	MAE: 92.35	RMSE: 118.19
Epoch 337	LOSS: 62.19	MAE: 94.63	RMSE: 120.32
Epoch 338	LOSS: 62.14	MAE: 95.02	RMSE: 120.62
Epoch 339	LOSS: 61.59	MAE: 89.17	RMSE: 116.60
Epoch 340	LOSS: 61.16	MAE: 85.14	RMSE: 114.32
Epoch 341	LOSS: 61.15	MAE: 82.48	RMSE: 112.72
Epoch 342	LOSS: 61.94	MAE: 82.13	RMSE: 113.99
Epoch 343	LOSS: 60.85	MAE: 80.43	RMSE: 112.68
Epoch 344	LOSS: 59.89	MAE: 80.73	RMSE: 112.55
Epoch 345	LOSS: 58.99	MAE: 81.61	RMSE: 112.66
Epoch 346	LOSS: 59.01	MAE: 80.29	RMSE: 112.37
Epoch 347	LOSS: 59.58	MAE: 79.46	RMSE: 112.03
Epoch 348	LOSS: 58.83	MAE: 79.39	RMSE: 110.11
Epoch 349	LOSS: 59.68	MAE: 78.88	RMSE: 109.66
Epoch 350	LOSS: 60.48	MAE: 78.63	RMSE: 110.18
Epoch 351	LOSS: 60.34	MAE: 78.64	RMSE: 109.96
Epoch 352	LOSS: 58.49	MAE: 78.17	RMSE: 110.75
Epoch 353	LOSS: 59.91	MAE: 77.76	RMSE: 111.00
Epoch 354	LOSS: 59.19	MAE: 77.86	RMSE: 111.28
Epoch 355	LOSS: 58.67	MAE: 77.97	RMSE: 109.54
Epoch 356	LOSS: 59.64	MAE: 78.57	RMSE: 109.30
Epoch 357	LOSS: 58.68	MAE: 77.36	RMSE: 110.14
Epoch 358	LOSS: 57.93	MAE: 77.05	RMSE: 109.95
Epoch 359	LOSS: 57.19	MAE: 76.96	RMSE: 109.37
Epoch 360	LOSS: 58.27	MAE: 76.83	RMSE: 108.68
Epoch 361	LOSS: 58.06	MAE: 76.40	RMSE: 109.00
Epoch 362	LOSS: 57.85	MAE: 76.49	RMSE: 108.81
Epoch 363	LOSS: 58.06	MAE: 76.64	RMSE: 107.85
Epoch 364	LOSS: 58.19	MAE: 76.31	RMSE: 108.62
Epoch 365	LOSS: 58.14	MAE: 76.56	RMSE: 108.73
Epoch 366	LOSS: 58.57	MAE: 76.94	RMSE: 109.29
Epoch 367	LOSS: 58.07	MAE: 77.65	RMSE: 110.57
Epoch 368	LOSS: 59.71	MAE: 77.36	RMSE: 109.83
Epoch 369	LOSS: 57.82	MAE: 76.64	RMSE: 108.02
Epoch 370	LOSS: 57.23	MAE: 76.65	RMSE: 107.87
Epoch 371	LOSS: 58.47	MAE: 77.35	RMSE: 110.61
Epoch 372	LOSS: 61.81	MAE: 83.01	RMSE: 118.54
Epoch 373	LOSS: 57.90	MAE: 82.25	RMSE: 118.84
Epoch 374	LOSS: 59.56	MAE: 77.67	RMSE: 107.71
Epoch 375	LOSS: 58.91	MAE: 81.03	RMSE: 108.99
Epoch 376	LOSS: 58.90	MAE: 80.48	RMSE: 109.02
Epoch 377	LOSS: 58.75	MAE: 79.84	RMSE: 108.53
Epoch 378	LOSS: 58.21	MAE: 77.71	RMSE: 107.26
Epoch 379	LOSS: 57.39	MAE: 75.81	RMSE: 106.92
Epoch 380	LOSS: 56.17	MAE: 76.27	RMSE: 108.17
Epoch 381	LOSS: 56.65	MAE: 75.66	RMSE: 107.53
Epoch 382	LOSS: 56.48	MAE: 76.32	RMSE: 106.88
Epoch 383	LOSS: 56.52	MAE: 77.51	RMSE: 107.09
Epoch 384	LOSS: 55.53	MAE: 75.58	RMSE: 106.74
Epoch 385	LOSS: 56.89	MAE: 75.77	RMSE: 108.24
Epoch 386	LOSS: 55.92	MAE: 75.77	RMSE: 106.43
Epoch 387	LOSS: 56.19	MAE: 75.45	RMSE: 106.71
Epoch 388	LOSS: 55.69	MAE: 75.54	RMSE: 106.78
Epoch 389	LOSS: 56.25	MAE: 75.18	RMSE: 106.71
Epoch 390	LOSS: 56.60	MAE: 75.33	RMSE: 105.96
Epoch 391	LOSS: 55.35	MAE: 75.19	RMSE: 106.53
Epoch 392	LOSS: 54.32	MAE: 75.48	RMSE: 107.91
Epoch 393	LOSS: 55.15	MAE: 74.53	RMSE: 105.83
Epoch 394	LOSS: 54.69	MAE: 74.70	RMSE: 105.00
Epoch 395	LOSS: 54.15	MAE: 74.24	RMSE: 105.11
Epoch 396	LOSS: 55.29	MAE: 73.89	RMSE: 104.71
Epoch 397	LOSS: 53.83	MAE: 74.07	RMSE: 105.28
Epoch 398	LOSS: 54.50	MAE: 73.67	RMSE: 104.93
Epoch 399	LOSS: 53.21	MAE: 73.88	RMSE: 105.45
Epoch 400	LOSS: 54.30	MAE: 73.93	RMSE: 104.55
Epoch 401	LOSS: 54.69	MAE: 73.48	RMSE: 104.32
Epoch 402	LOSS: 55.22	MAE: 73.29	RMSE: 103.98
Epoch 403	LOSS: 53.47	MAE: 73.22	RMSE: 104.02
Epoch 404	LOSS: 53.49	MAE: 73.54	RMSE: 103.59
Epoch 405	LOSS: 53.53	MAE: 72.83	RMSE: 103.47
Epoch 406	LOSS: 53.29	MAE: 72.75	RMSE: 103.52
Epoch 407	LOSS: 54.20	MAE: 73.05	RMSE: 103.88
Epoch 408	LOSS: 53.09	MAE: 72.77	RMSE: 102.94
Epoch 409	LOSS: 53.91	MAE: 72.85	RMSE: 103.32
Epoch 410	LOSS: 53.63	MAE: 73.42	RMSE: 103.49
Epoch 411	LOSS: 55.03	MAE: 73.59	RMSE: 103.26
Epoch 412	LOSS: 53.04	MAE: 73.42	RMSE: 104.21
Epoch 413	LOSS: 52.36	MAE: 72.49	RMSE: 102.93
Epoch 414	LOSS: 53.43	MAE: 74.09	RMSE: 103.53
Epoch 415	LOSS: 53.69	MAE: 72.68	RMSE: 103.01
Epoch 416	LOSS: 53.23	MAE: 73.08	RMSE: 103.50
Epoch 417	LOSS: 52.77	MAE: 72.86	RMSE: 103.02
Epoch 418	LOSS: 52.80	MAE: 72.26	RMSE: 102.65
Epoch 419	LOSS: 52.72	MAE: 74.45	RMSE: 103.92
Epoch 420	LOSS: 53.75	MAE: 75.05	RMSE: 103.91
Epoch 421	LOSS: 53.29	MAE: 73.14	RMSE: 103.30
Epoch 422	LOSS: 52.43	MAE: 74.04	RMSE: 105.17
Epoch 423	LOSS: 53.16	MAE: 72.85	RMSE: 102.92
Epoch 424	LOSS: 52.83	MAE: 72.64	RMSE: 102.55
Epoch 425	LOSS: 52.75	MAE: 72.94	RMSE: 102.68
Epoch 426	LOSS: 53.28	MAE: 73.96	RMSE: 103.16
Epoch 427	LOSS: 54.64	MAE: 81.67	RMSE: 111.63
Epoch 428	LOSS: 53.47	MAE: 72.90	RMSE: 103.67
Epoch 429	LOSS: 52.81	MAE: 72.42	RMSE: 103.24
Epoch 430	LOSS: 52.17	MAE: 72.24	RMSE: 103.08
Epoch 431	LOSS: 53.17	MAE: 74.65	RMSE: 103.62
Epoch 432	LOSS: 51.93	MAE: 72.83	RMSE: 102.56
Epoch 433	LOSS: 52.22	MAE: 73.08	RMSE: 103.67
Epoch 434	LOSS: 53.17	MAE: 72.62	RMSE: 102.44
Epoch 435	LOSS: 51.85	MAE: 72.41	RMSE: 102.66
Epoch 436	LOSS: 52.50	MAE: 74.91	RMSE: 103.35
Epoch 437	LOSS: 51.41	MAE: 71.78	RMSE: 101.98
Epoch 438	LOSS: 52.03	MAE: 72.34	RMSE: 102.82
Epoch 439	LOSS: 52.56	MAE: 75.60	RMSE: 103.73
Epoch 440	LOSS: 54.39	MAE: 83.35	RMSE: 109.34
Epoch 441	LOSS: 53.90	MAE: 79.90	RMSE: 107.36
Epoch 442	LOSS: 56.00	MAE: 76.23	RMSE: 104.73
Epoch 443	LOSS: 51.97	MAE: 73.85	RMSE: 102.91
Epoch 444	LOSS: 55.35	MAE: 73.14	RMSE: 102.29
Epoch 445	LOSS: 54.48	MAE: 73.19	RMSE: 103.68
Epoch 446	LOSS: 51.47	MAE: 77.74	RMSE: 109.99
Epoch 447	LOSS: 53.76	MAE: 76.30	RMSE: 107.61
Epoch 448	LOSS: 51.28	MAE: 72.40	RMSE: 102.01
Epoch 449	LOSS: 51.54	MAE: 73.25	RMSE: 102.00
Epoch 450	LOSS: 51.42	MAE: 72.02	RMSE: 101.45
Epoch 451	LOSS: 51.07	MAE: 72.13	RMSE: 101.42
Epoch 452	LOSS: 52.42	MAE: 72.82	RMSE: 102.68
Epoch 453	LOSS: 51.77	MAE: 73.49	RMSE: 104.01
Epoch 454	LOSS: 52.49	MAE: 72.44	RMSE: 102.61
Epoch 455	LOSS: 51.14	MAE: 72.19	RMSE: 102.38
Epoch 456	LOSS: 51.14	MAE: 73.59	RMSE: 102.08
Epoch 457	LOSS: 51.44	MAE: 72.16	RMSE: 101.26
Epoch 458	LOSS: 50.69	MAE: 75.44	RMSE: 107.01
Epoch 459	LOSS: 51.96	MAE: 71.98	RMSE: 101.34
Epoch 460	LOSS: 51.27	MAE: 75.02	RMSE: 102.94
Epoch 461	LOSS: 51.66	MAE: 71.55	RMSE: 101.21
Epoch 462	LOSS: 51.41	MAE: 71.67	RMSE: 101.64
Epoch 463	LOSS: 52.47	MAE: 71.59	RMSE: 101.30
Epoch 464	LOSS: 51.96	MAE: 71.51	RMSE: 101.58
Epoch 465	LOSS: 51.24	MAE: 71.49	RMSE: 100.95
Epoch 466	LOSS: 51.62	MAE: 72.21	RMSE: 100.91
Epoch 467	LOSS: 51.32	MAE: 71.28	RMSE: 100.64
Epoch 468	LOSS: 51.71	MAE: 72.31	RMSE: 102.54
Epoch 469	LOSS: 53.30	MAE: 72.73	RMSE: 102.88
Epoch 470	LOSS: 50.51	MAE: 70.98	RMSE: 100.46
Epoch 471	LOSS: 51.47	MAE: 71.72	RMSE: 100.61
Epoch 472	LOSS: 51.08	MAE: 71.12	RMSE: 100.81
Epoch 473	LOSS: 53.50	MAE: 72.00	RMSE: 101.89
Epoch 474	LOSS: 50.67	MAE: 70.95	RMSE: 100.43
Epoch 475	LOSS: 51.38	MAE: 71.31	RMSE: 100.50
Epoch 476	LOSS: 51.01	MAE: 70.80	RMSE: 100.44
Epoch 477	LOSS: 52.33	MAE: 70.98	RMSE: 100.45
Epoch 478	LOSS: 50.61	MAE: 72.02	RMSE: 100.86
Epoch 479	LOSS: 51.74	MAE: 71.55	RMSE: 100.58
Epoch 480	LOSS: 51.28	MAE: 71.31	RMSE: 100.96
Epoch 481	LOSS: 53.30	MAE: 72.46	RMSE: 102.05
Epoch 482	LOSS: 49.44	MAE: 70.48	RMSE: 100.06
Epoch 483	LOSS: 51.32	MAE: 70.93	RMSE: 100.16
Epoch 484	LOSS: 51.22	MAE: 70.96	RMSE: 100.64
Epoch 485	LOSS: 53.39	MAE: 72.00	RMSE: 101.75
Epoch 486	LOSS: 50.11	MAE: 70.47	RMSE: 100.01
Epoch 487	LOSS: 50.82	MAE: 70.84	RMSE: 100.11
Epoch 488	LOSS: 51.39	MAE: 71.11	RMSE: 100.92
Epoch 489	LOSS: 53.15	MAE: 72.13	RMSE: 101.93
Epoch 490	LOSS: 50.35	MAE: 70.38	RMSE: 99.86
Epoch 491	LOSS: 51.19	MAE: 71.07	RMSE: 100.13
Epoch 492	LOSS: 51.62	MAE: 70.74	RMSE: 100.42
Epoch 493	LOSS: 53.00	MAE: 71.74	RMSE: 101.40
Epoch 494	LOSS: 49.52	MAE: 70.19	RMSE: 99.77
Epoch 495	LOSS: 50.95	MAE: 70.43	RMSE: 99.82
Epoch 496	LOSS: 51.38	MAE: 70.35	RMSE: 99.87
Epoch 497	LOSS: 52.59	MAE: 71.72	RMSE: 100.74
Epoch 498	LOSS: 50.26	MAE: 74.85	RMSE: 102.72
Epoch 499	LOSS: 50.67	MAE: 71.92	RMSE: 100.73
