Epoch 000	LOSS: 451.21	MAE: 255.19	RMSE: 298.06
Epoch 001	LOSS: 450.73	MAE: 255.17	RMSE: 298.05
Epoch 002	LOSS: 444.80	MAE: 255.13	RMSE: 298.02
Epoch 003	LOSS: 440.19	MAE: 255.08	RMSE: 297.97
Epoch 004	LOSS: 446.84	MAE: 255.00	RMSE: 297.90
Epoch 005	LOSS: 448.89	MAE: 254.89	RMSE: 297.80
Epoch 006	LOSS: 447.88	MAE: 254.73	RMSE: 297.66
Epoch 007	LOSS: 446.10	MAE: 254.50	RMSE: 297.47
Epoch 008	LOSS: 439.16	MAE: 254.17	RMSE: 297.18
Epoch 009	LOSS: 445.38	MAE: 253.65	RMSE: 296.73
Epoch 010	LOSS: 436.51	MAE: 253.02	RMSE: 296.19
Epoch 011	LOSS: 436.05	MAE: 252.31	RMSE: 295.57
Epoch 012	LOSS: 435.97	MAE: 251.54	RMSE: 294.90
Epoch 013	LOSS: 416.93	MAE: 250.70	RMSE: 294.16
Epoch 014	LOSS: 423.72	MAE: 249.73	RMSE: 293.31
Epoch 015	LOSS: 409.11	MAE: 248.59	RMSE: 292.32
Epoch 016	LOSS: 412.37	MAE: 247.30	RMSE: 291.17
Epoch 017	LOSS: 394.22	MAE: 245.81	RMSE: 289.86
Epoch 018	LOSS: 384.63	MAE: 244.12	RMSE: 288.35
Epoch 019	LOSS: 371.22	MAE: 242.27	RMSE: 286.68
Epoch 020	LOSS: 350.84	MAE: 240.16	RMSE: 284.76
Epoch 021	LOSS: 344.55	MAE: 237.81	RMSE: 282.61
Epoch 022	LOSS: 319.22	MAE: 235.35	RMSE: 280.34
Epoch 023	LOSS: 310.14	MAE: 232.71	RMSE: 277.87
Epoch 024	LOSS: 289.82	MAE: 230.04	RMSE: 275.34
Epoch 025	LOSS: 269.04	MAE: 227.32	RMSE: 272.72
Epoch 026	LOSS: 258.02	MAE: 224.66	RMSE: 270.09
Epoch 027	LOSS: 246.09	MAE: 221.91	RMSE: 267.35
Epoch 028	LOSS: 231.69	MAE: 219.27	RMSE: 264.65
Epoch 029	LOSS: 216.08	MAE: 216.79	RMSE: 262.09
Epoch 030	LOSS: 210.36	MAE: 214.60	RMSE: 259.77
Epoch 031	LOSS: 202.21	MAE: 212.76	RMSE: 257.80
Epoch 032	LOSS: 198.44	MAE: 211.39	RMSE: 256.32
Epoch 033	LOSS: 191.48	MAE: 210.32	RMSE: 255.18
Epoch 034	LOSS: 187.41	MAE: 209.64	RMSE: 254.42
Epoch 035	LOSS: 184.26	MAE: 209.30	RMSE: 254.03
Epoch 036	LOSS: 185.12	MAE: 209.00	RMSE: 253.75
Epoch 037	LOSS: 180.98	MAE: 208.83	RMSE: 253.63
Epoch 038	LOSS: 177.64	MAE: 208.74	RMSE: 253.65
Epoch 039	LOSS: 174.16	MAE: 208.78	RMSE: 253.82
Epoch 040	LOSS: 170.99	MAE: 208.83	RMSE: 254.02
Epoch 041	LOSS: 172.55	MAE: 208.69	RMSE: 254.03
Epoch 042	LOSS: 167.13	MAE: 208.66	RMSE: 254.16
Epoch 043	LOSS: 162.59	MAE: 208.80	RMSE: 254.45
Epoch 044	LOSS: 163.37	MAE: 209.06	RMSE: 254.77
Epoch 045	LOSS: 163.05	MAE: 209.09	RMSE: 254.88
Epoch 046	LOSS: 160.78	MAE: 209.07	RMSE: 254.96
Epoch 047	LOSS: 159.84	MAE: 209.23	RMSE: 255.19
Epoch 048	LOSS: 159.60	MAE: 209.34	RMSE: 255.30
Epoch 049	LOSS: 158.79	MAE: 209.25	RMSE: 255.28
Epoch 050	LOSS: 157.77	MAE: 209.09	RMSE: 255.25
Epoch 051	LOSS: 155.87	MAE: 208.99	RMSE: 255.25
Epoch 052	LOSS: 157.07	MAE: 208.85	RMSE: 255.18
Epoch 053	LOSS: 152.88	MAE: 208.69	RMSE: 255.10
Epoch 054	LOSS: 150.19	MAE: 208.62	RMSE: 255.12
Epoch 055	LOSS: 152.71	MAE: 208.46	RMSE: 255.04
Epoch 056	LOSS: 150.29	MAE: 208.19	RMSE: 254.92
Epoch 057	LOSS: 150.57	MAE: 207.96	RMSE: 254.78
Epoch 058	LOSS: 147.03	MAE: 207.71	RMSE: 254.69
Epoch 059	LOSS: 143.97	MAE: 207.62	RMSE: 254.70
Epoch 060	LOSS: 146.76	MAE: 207.52	RMSE: 254.69
Epoch 061	LOSS: 145.76	MAE: 207.39	RMSE: 254.71
Epoch 062	LOSS: 146.94	MAE: 207.28	RMSE: 254.74
Epoch 063	LOSS: 141.62	MAE: 207.06	RMSE: 254.69
Epoch 064	LOSS: 142.12	MAE: 207.07	RMSE: 254.80
Epoch 065	LOSS: 141.15	MAE: 206.97	RMSE: 254.79
Epoch 066	LOSS: 141.36	MAE: 206.87	RMSE: 254.80
Epoch 067	LOSS: 141.75	MAE: 206.78	RMSE: 254.82
Epoch 068	LOSS: 138.59	MAE: 206.81	RMSE: 254.90
Epoch 069	LOSS: 136.98	MAE: 206.81	RMSE: 254.95
Epoch 070	LOSS: 136.39	MAE: 206.72	RMSE: 254.98
Epoch 071	LOSS: 136.72	MAE: 206.68	RMSE: 255.03
Epoch 072	LOSS: 134.66	MAE: 206.66	RMSE: 255.10
Epoch 073	LOSS: 132.91	MAE: 206.75	RMSE: 255.30
Epoch 074	LOSS: 132.91	MAE: 206.95	RMSE: 255.57
Epoch 075	LOSS: 134.43	MAE: 206.91	RMSE: 255.68
Epoch 076	LOSS: 131.86	MAE: 206.94	RMSE: 255.78
Epoch 077	LOSS: 130.79	MAE: 206.86	RMSE: 255.85
Epoch 078	LOSS: 129.24	MAE: 206.79	RMSE: 255.91
Epoch 079	LOSS: 130.19	MAE: 206.70	RMSE: 255.93
Epoch 080	LOSS: 129.16	MAE: 206.53	RMSE: 255.90
Epoch 081	LOSS: 129.97	MAE: 206.51	RMSE: 255.95
Epoch 082	LOSS: 124.91	MAE: 206.41	RMSE: 255.97
Epoch 083	LOSS: 124.97	MAE: 206.39	RMSE: 256.07
Epoch 084	LOSS: 125.63	MAE: 206.39	RMSE: 256.16
Epoch 085	LOSS: 124.43	MAE: 206.31	RMSE: 256.22
Epoch 086	LOSS: 123.25	MAE: 206.21	RMSE: 256.22
Epoch 087	LOSS: 120.18	MAE: 206.04	RMSE: 256.17
Epoch 088	LOSS: 120.63	MAE: 205.96	RMSE: 256.16
Epoch 089	LOSS: 120.85	MAE: 205.78	RMSE: 256.11
Epoch 090	LOSS: 118.42	MAE: 205.69	RMSE: 256.09
Epoch 091	LOSS: 118.19	MAE: 205.54	RMSE: 256.08
Epoch 092	LOSS: 118.98	MAE: 205.38	RMSE: 256.04
Epoch 093	LOSS: 117.60	MAE: 205.27	RMSE: 255.97
Epoch 094	LOSS: 114.64	MAE: 205.15	RMSE: 255.93
Epoch 095	LOSS: 115.06	MAE: 205.08	RMSE: 255.89
Epoch 096	LOSS: 113.27	MAE: 204.90	RMSE: 255.82
Epoch 097	LOSS: 110.23	MAE: 204.69	RMSE: 255.75
Epoch 098	LOSS: 111.69	MAE: 204.52	RMSE: 255.68
Epoch 099	LOSS: 109.56	MAE: 204.47	RMSE: 255.62
Epoch 100	LOSS: 110.19	MAE: 204.30	RMSE: 255.55
Epoch 101	LOSS: 110.69	MAE: 204.13	RMSE: 255.50
Epoch 102	LOSS: 107.20	MAE: 204.01	RMSE: 255.44
Epoch 103	LOSS: 108.04	MAE: 203.98	RMSE: 255.40
Epoch 104	LOSS: 105.74	MAE: 203.88	RMSE: 255.35
Epoch 105	LOSS: 105.76	MAE: 203.64	RMSE: 255.29
Epoch 106	LOSS: 104.73	MAE: 203.51	RMSE: 255.22
Epoch 107	LOSS: 104.93	MAE: 203.37	RMSE: 255.16
Epoch 108	LOSS: 103.61	MAE: 203.21	RMSE: 255.10
Epoch 109	LOSS: 101.79	MAE: 203.10	RMSE: 255.07
Epoch 110	LOSS: 101.46	MAE: 202.99	RMSE: 255.01
Epoch 111	LOSS: 99.78	MAE: 202.85	RMSE: 254.95
Epoch 112	LOSS: 99.57	MAE: 202.69	RMSE: 254.89
Epoch 113	LOSS: 99.31	MAE: 202.59	RMSE: 254.84
Epoch 114	LOSS: 99.42	MAE: 202.50	RMSE: 254.81
Epoch 115	LOSS: 98.85	MAE: 202.49	RMSE: 254.79
Epoch 116	LOSS: 97.51	MAE: 202.35	RMSE: 254.71
Epoch 117	LOSS: 96.96	MAE: 202.18	RMSE: 254.67
Epoch 118	LOSS: 96.97	MAE: 202.07	RMSE: 254.65
Epoch 119	LOSS: 96.83	MAE: 201.97	RMSE: 254.60
Epoch 120	LOSS: 96.51	MAE: 201.87	RMSE: 254.55
Epoch 121	LOSS: 95.48	MAE: 201.75	RMSE: 254.51
Epoch 122	LOSS: 95.10	MAE: 201.66	RMSE: 254.45
Epoch 123	LOSS: 95.57	MAE: 201.58	RMSE: 254.44
Epoch 124	LOSS: 94.52	MAE: 201.52	RMSE: 254.43
Epoch 125	LOSS: 94.56	MAE: 201.45	RMSE: 254.40
Epoch 126	LOSS: 92.59	MAE: 201.39	RMSE: 254.35
Epoch 127	LOSS: 92.06	MAE: 201.26	RMSE: 254.33
Epoch 128	LOSS: 91.26	MAE: 201.17	RMSE: 254.31
Epoch 129	LOSS: 90.81	MAE: 201.05	RMSE: 254.26
Epoch 130	LOSS: 91.39	MAE: 201.15	RMSE: 254.28
Epoch 131	LOSS: 89.29	MAE: 201.07	RMSE: 254.23
Epoch 132	LOSS: 88.43	MAE: 200.86	RMSE: 254.17
Epoch 133	LOSS: 89.81	MAE: 200.81	RMSE: 254.20
Epoch 134	LOSS: 88.27	MAE: 200.67	RMSE: 254.13
Epoch 135	LOSS: 89.26	MAE: 200.75	RMSE: 254.12
Epoch 136	LOSS: 88.38	MAE: 200.75	RMSE: 254.14
Epoch 137	LOSS: 86.78	MAE: 200.58	RMSE: 254.10
Epoch 138	LOSS: 86.26	MAE: 200.44	RMSE: 254.04
Epoch 139	LOSS: 86.55	MAE: 200.30	RMSE: 253.99
Epoch 140	LOSS: 86.49	MAE: 200.28	RMSE: 253.99
Epoch 141	LOSS: 84.96	MAE: 200.20	RMSE: 253.92
Epoch 142	LOSS: 84.67	MAE: 200.13	RMSE: 253.91
Epoch 143	LOSS: 84.39	MAE: 200.08	RMSE: 253.90
Epoch 144	LOSS: 84.82	MAE: 200.00	RMSE: 253.86
Epoch 145	LOSS: 83.15	MAE: 199.88	RMSE: 253.83
Epoch 146	LOSS: 82.55	MAE: 199.82	RMSE: 253.82
Epoch 147	LOSS: 83.51	MAE: 199.74	RMSE: 253.77
Epoch 148	LOSS: 82.02	MAE: 199.71	RMSE: 253.77
Epoch 149	LOSS: 82.84	MAE: 199.82	RMSE: 253.83
Epoch 150	LOSS: 82.73	MAE: 199.71	RMSE: 253.80
Epoch 151	LOSS: 82.03	MAE: 199.53	RMSE: 253.74
Epoch 152	LOSS: 81.93	MAE: 199.51	RMSE: 253.74
Epoch 153	LOSS: 81.86	MAE: 199.43	RMSE: 253.70
Epoch 154	LOSS: 81.65	MAE: 199.38	RMSE: 253.67
Epoch 155	LOSS: 81.05	MAE: 199.41	RMSE: 253.70
Epoch 156	LOSS: 79.77	MAE: 199.34	RMSE: 253.69
Epoch 157	LOSS: 79.77	MAE: 199.10	RMSE: 253.60
Epoch 158	LOSS: 80.57	MAE: 199.13	RMSE: 253.61
Epoch 159	LOSS: 80.19	MAE: 199.14	RMSE: 253.62
Epoch 160	LOSS: 78.82	MAE: 199.13	RMSE: 253.61
Epoch 161	LOSS: 79.47	MAE: 199.10	RMSE: 253.61
Epoch 162	LOSS: 79.36	MAE: 199.07	RMSE: 253.62
Epoch 163	LOSS: 78.16	MAE: 199.02	RMSE: 253.61
Epoch 164	LOSS: 77.99	MAE: 198.94	RMSE: 253.58
Epoch 165	LOSS: 77.35	MAE: 198.80	RMSE: 253.55
Epoch 166	LOSS: 77.35	MAE: 198.73	RMSE: 253.52
Epoch 167	LOSS: 78.48	MAE: 198.84	RMSE: 253.54
Epoch 168	LOSS: 77.42	MAE: 198.78	RMSE: 253.51
Epoch 169	LOSS: 76.88	MAE: 198.72	RMSE: 253.51
Epoch 170	LOSS: 77.16	MAE: 198.67	RMSE: 253.51
Epoch 171	LOSS: 76.58	MAE: 198.67	RMSE: 253.52
Epoch 172	LOSS: 76.68	MAE: 198.52	RMSE: 253.50
Epoch 173	LOSS: 77.99	MAE: 198.66	RMSE: 253.54
Epoch 174	LOSS: 76.38	MAE: 198.70	RMSE: 253.53
Epoch 175	LOSS: 77.18	MAE: 198.62	RMSE: 253.46
Epoch 176	LOSS: 77.44	MAE: 198.55	RMSE: 253.46
Epoch 177	LOSS: 75.52	MAE: 198.58	RMSE: 253.51
Epoch 178	LOSS: 75.63	MAE: 198.51	RMSE: 253.51
Epoch 179	LOSS: 75.31	MAE: 198.38	RMSE: 253.47
Epoch 180	LOSS: 75.88	MAE: 198.46	RMSE: 253.49
Epoch 181	LOSS: 75.22	MAE: 198.48	RMSE: 253.46
Epoch 182	LOSS: 75.60	MAE: 198.43	RMSE: 253.43
Epoch 183	LOSS: 74.58	MAE: 198.35	RMSE: 253.45
Epoch 184	LOSS: 75.60	MAE: 198.24	RMSE: 253.42
Epoch 185	LOSS: 75.34	MAE: 198.20	RMSE: 253.43
Epoch 186	LOSS: 75.18	MAE: 198.27	RMSE: 253.45
Epoch 187	LOSS: 74.92	MAE: 198.37	RMSE: 253.46
Epoch 188	LOSS: 74.18	MAE: 198.33	RMSE: 253.44
Epoch 189	LOSS: 74.92	MAE: 198.23	RMSE: 253.42
Epoch 190	LOSS: 75.09	MAE: 198.16	RMSE: 253.41
Epoch 191	LOSS: 75.61	MAE: 198.12	RMSE: 253.41
Epoch 192	LOSS: 74.21	MAE: 198.15	RMSE: 253.44
Epoch 193	LOSS: 75.40	MAE: 198.17	RMSE: 253.43
Epoch 194	LOSS: 74.38	MAE: 198.20	RMSE: 253.40
Epoch 195	LOSS: 74.42	MAE: 198.21	RMSE: 253.41
Epoch 196	LOSS: 75.52	MAE: 198.22	RMSE: 253.43
Epoch 197	LOSS: 74.27	MAE: 198.13	RMSE: 253.40
Epoch 198	LOSS: 75.27	MAE: 198.11	RMSE: 253.41
Epoch 199	LOSS: 73.77	MAE: 198.09	RMSE: 253.43
Epoch 200	LOSS: 73.85	MAE: 198.13	RMSE: 253.43
Epoch 201	LOSS: 74.40	MAE: 198.15	RMSE: 253.42
Epoch 202	LOSS: 74.86	MAE: 198.15	RMSE: 253.43
Epoch 203	LOSS: 74.69	MAE: 198.12	RMSE: 253.42
Epoch 204	LOSS: 73.76	MAE: 198.07	RMSE: 253.40
Epoch 205	LOSS: 73.68	MAE: 198.06	RMSE: 253.40
Epoch 206	LOSS: 73.66	MAE: 197.97	RMSE: 253.39
Epoch 207	LOSS: 74.06	MAE: 198.01	RMSE: 253.40
Epoch 208	LOSS: 74.99	MAE: 198.06	RMSE: 253.41
Epoch 209	LOSS: 74.80	MAE: 198.17	RMSE: 253.41
Epoch 210	LOSS: 73.33	MAE: 198.10	RMSE: 253.39
Epoch 211	LOSS: 73.25	MAE: 197.95	RMSE: 253.38
Epoch 212	LOSS: 73.21	MAE: 197.89	RMSE: 253.38
Epoch 213	LOSS: 74.31	MAE: 197.91	RMSE: 253.37
Epoch 214	LOSS: 73.27	MAE: 197.95	RMSE: 253.38
Epoch 215	LOSS: 73.20	MAE: 197.99	RMSE: 253.38
Epoch 216	LOSS: 74.11	MAE: 198.00	RMSE: 253.38
Epoch 217	LOSS: 72.78	MAE: 197.99	RMSE: 253.37
Epoch 218	LOSS: 72.58	MAE: 197.87	RMSE: 253.37
Epoch 219	LOSS: 73.84	MAE: 197.92	RMSE: 253.41
Epoch 220	LOSS: 72.34	MAE: 197.87	RMSE: 253.37
Epoch 221	LOSS: 72.93	MAE: 197.93	RMSE: 253.39
Epoch 222	LOSS: 75.64	MAE: 198.13	RMSE: 253.44
Epoch 223	LOSS: 73.68	MAE: 197.97	RMSE: 253.40
Epoch 224	LOSS: 72.29	MAE: 197.91	RMSE: 253.38
Epoch 225	LOSS: 73.92	MAE: 197.91	RMSE: 253.41
Epoch 226	LOSS: 73.04	MAE: 197.96	RMSE: 253.45
Epoch 227	LOSS: 73.03	MAE: 198.01	RMSE: 253.45
Epoch 228	LOSS: 71.71	MAE: 197.87	RMSE: 253.39
Epoch 229	LOSS: 72.51	MAE: 197.82	RMSE: 253.37
Epoch 230	LOSS: 73.19	MAE: 197.81	RMSE: 253.37
Epoch 231	LOSS: 72.75	MAE: 197.78	RMSE: 253.36
Epoch 232	LOSS: 73.84	MAE: 197.79	RMSE: 253.34
Epoch 233	LOSS: 72.30	MAE: 197.87	RMSE: 253.38
Epoch 234	LOSS: 72.46	MAE: 197.94	RMSE: 253.41
Epoch 235	LOSS: 73.25	MAE: 197.79	RMSE: 253.37
Epoch 236	LOSS: 71.75	MAE: 197.76	RMSE: 253.34
Epoch 237	LOSS: 72.12	MAE: 197.78	RMSE: 253.34
Epoch 238	LOSS: 71.27	MAE: 197.77	RMSE: 253.37
Epoch 239	LOSS: 71.98	MAE: 197.79	RMSE: 253.38
Epoch 240	LOSS: 71.91	MAE: 197.78	RMSE: 253.38
Epoch 241	LOSS: 71.43	MAE: 197.82	RMSE: 253.39
Epoch 242	LOSS: 72.94	MAE: 197.72	RMSE: 253.36
Epoch 243	LOSS: 73.39	MAE: 197.71	RMSE: 253.34
Epoch 244	LOSS: 72.52	MAE: 197.69	RMSE: 253.35
Epoch 245	LOSS: 72.22	MAE: 197.74	RMSE: 253.34
Epoch 246	LOSS: 72.01	MAE: 197.80	RMSE: 253.35
Epoch 247	LOSS: 72.56	MAE: 197.82	RMSE: 253.36
Epoch 248	LOSS: 71.73	MAE: 197.67	RMSE: 253.34
Epoch 249	LOSS: 70.48	MAE: 197.68	RMSE: 253.32
Epoch 250	LOSS: 71.45	MAE: 197.73	RMSE: 253.34
Epoch 251	LOSS: 72.62	MAE: 197.71	RMSE: 253.36
Epoch 252	LOSS: 71.64	MAE: 197.69	RMSE: 253.35
Epoch 253	LOSS: 71.78	MAE: 197.65	RMSE: 253.33
Epoch 254	LOSS: 71.83	MAE: 197.65	RMSE: 253.32
Epoch 255	LOSS: 71.11	MAE: 197.63	RMSE: 253.34
Epoch 256	LOSS: 71.44	MAE: 197.63	RMSE: 253.33
Epoch 257	LOSS: 72.43	MAE: 197.72	RMSE: 253.33
Epoch 258	LOSS: 73.02	MAE: 197.79	RMSE: 253.33
Epoch 259	LOSS: 70.91	MAE: 197.69	RMSE: 253.33
Epoch 260	LOSS: 72.40	MAE: 197.60	RMSE: 253.34
Epoch 261	LOSS: 72.16	MAE: 197.57	RMSE: 253.35
Epoch 262	LOSS: 71.55	MAE: 197.59	RMSE: 253.34
Epoch 263	LOSS: 72.23	MAE: 197.71	RMSE: 253.33
Epoch 264	LOSS: 71.62	MAE: 197.78	RMSE: 253.34
Epoch 265	LOSS: 71.27	MAE: 197.62	RMSE: 253.32
Epoch 266	LOSS: 71.16	MAE: 197.54	RMSE: 253.33
Epoch 267	LOSS: 71.35	MAE: 197.55	RMSE: 253.34
Epoch 268	LOSS: 70.62	MAE: 197.64	RMSE: 253.36
Epoch 269	LOSS: 70.88	MAE: 197.74	RMSE: 253.35
Epoch 270	LOSS: 70.90	MAE: 197.72	RMSE: 253.32
Epoch 271	LOSS: 70.52	MAE: 197.64	RMSE: 253.32
Epoch 272	LOSS: 71.26	MAE: 197.55	RMSE: 253.34
Epoch 273	LOSS: 72.32	MAE: 197.54	RMSE: 253.34
Epoch 274	LOSS: 72.29	MAE: 197.59	RMSE: 253.34
Epoch 275	LOSS: 71.40	MAE: 197.64	RMSE: 253.33
Epoch 276	LOSS: 70.64	MAE: 197.61	RMSE: 253.33
Epoch 277	LOSS: 70.51	MAE: 197.54	RMSE: 253.32
Epoch 278	LOSS: 70.68	MAE: 197.56	RMSE: 253.32
Epoch 279	LOSS: 71.22	MAE: 197.50	RMSE: 253.30
Epoch 280	LOSS: 70.85	MAE: 197.53	RMSE: 253.31
Epoch 281	LOSS: 71.72	MAE: 197.50	RMSE: 253.29
Epoch 282	LOSS: 71.35	MAE: 197.52	RMSE: 253.31
Epoch 283	LOSS: 70.64	MAE: 197.48	RMSE: 253.31
Epoch 284	LOSS: 69.88	MAE: 197.45	RMSE: 253.31
Epoch 285	LOSS: 70.76	MAE: 197.49	RMSE: 253.30
Epoch 286	LOSS: 70.16	MAE: 197.49	RMSE: 253.29
Epoch 287	LOSS: 70.98	MAE: 197.52	RMSE: 253.30
Epoch 288	LOSS: 70.29	MAE: 197.51	RMSE: 253.30
Epoch 289	LOSS: 69.88	MAE: 197.42	RMSE: 253.29
Epoch 290	LOSS: 69.40	MAE: 197.37	RMSE: 253.28
Epoch 291	LOSS: 70.33	MAE: 197.37	RMSE: 253.27
Epoch 292	LOSS: 70.09	MAE: 197.39	RMSE: 253.28
Epoch 293	LOSS: 70.21	MAE: 197.34	RMSE: 253.27
Epoch 294	LOSS: 70.28	MAE: 197.40	RMSE: 253.29
Epoch 295	LOSS: 69.59	MAE: 197.36	RMSE: 253.28
Epoch 296	LOSS: 69.90	MAE: 197.30	RMSE: 253.27
Epoch 297	LOSS: 70.30	MAE: 197.33	RMSE: 253.26
Epoch 298	LOSS: 69.22	MAE: 197.35	RMSE: 253.26
Epoch 299	LOSS: 71.82	MAE: 197.44	RMSE: 253.30
Epoch 300	LOSS: 70.00	MAE: 197.43	RMSE: 253.28
Epoch 301	LOSS: 70.39	MAE: 197.34	RMSE: 253.26
Epoch 302	LOSS: 69.93	MAE: 197.35	RMSE: 253.27
Epoch 303	LOSS: 70.60	MAE: 197.29	RMSE: 253.27
Epoch 304	LOSS: 70.15	MAE: 197.30	RMSE: 253.26
Epoch 305	LOSS: 69.31	MAE: 197.28	RMSE: 253.24
Epoch 306	LOSS: 70.21	MAE: 197.32	RMSE: 253.26
Epoch 307	LOSS: 69.49	MAE: 197.33	RMSE: 253.28
Epoch 308	LOSS: 69.99	MAE: 197.27	RMSE: 253.26
Epoch 309	LOSS: 69.50	MAE: 197.36	RMSE: 253.27
Epoch 310	LOSS: 69.63	MAE: 197.32	RMSE: 253.26
Epoch 311	LOSS: 68.85	MAE: 197.26	RMSE: 253.26
Epoch 312	LOSS: 70.24	MAE: 197.24	RMSE: 253.25
Epoch 313	LOSS: 69.22	MAE: 197.28	RMSE: 253.26
Epoch 314	LOSS: 69.26	MAE: 197.32	RMSE: 253.27
Epoch 315	LOSS: 68.48	MAE: 197.26	RMSE: 253.25
Epoch 316	LOSS: 68.95	MAE: 197.21	RMSE: 253.25
Epoch 317	LOSS: 68.21	MAE: 197.29	RMSE: 253.27
Epoch 318	LOSS: 68.76	MAE: 197.22	RMSE: 253.24
Epoch 319	LOSS: 68.80	MAE: 197.22	RMSE: 253.23
Epoch 320	LOSS: 69.97	MAE: 197.33	RMSE: 253.28
Epoch 321	LOSS: 68.21	MAE: 197.24	RMSE: 253.26
Epoch 322	LOSS: 69.67	MAE: 197.28	RMSE: 253.25
Epoch 323	LOSS: 68.91	MAE: 197.27	RMSE: 253.25
Epoch 324	LOSS: 68.91	MAE: 197.23	RMSE: 253.24
Epoch 325	LOSS: 69.77	MAE: 197.23	RMSE: 253.26
Epoch 326	LOSS: 69.42	MAE: 197.19	RMSE: 253.25
Epoch 327	LOSS: 69.47	MAE: 197.24	RMSE: 253.24
Epoch 328	LOSS: 68.88	MAE: 197.26	RMSE: 253.26
Epoch 329	LOSS: 68.74	MAE: 197.24	RMSE: 253.26
Epoch 330	LOSS: 69.55	MAE: 197.24	RMSE: 253.24
Epoch 331	LOSS: 69.10	MAE: 197.22	RMSE: 253.24
Epoch 332	LOSS: 69.09	MAE: 197.27	RMSE: 253.26
Epoch 333	LOSS: 68.87	MAE: 197.19	RMSE: 253.25
Epoch 334	LOSS: 68.55	MAE: 197.21	RMSE: 253.25
Epoch 335	LOSS: 68.13	MAE: 197.19	RMSE: 253.24
Epoch 336	LOSS: 68.92	MAE: 197.22	RMSE: 253.25
Epoch 337	LOSS: 69.03	MAE: 197.17	RMSE: 253.24
Epoch 338	LOSS: 68.98	MAE: 197.16	RMSE: 253.24
Epoch 339	LOSS: 68.70	MAE: 197.18	RMSE: 253.24
Epoch 340	LOSS: 69.98	MAE: 197.23	RMSE: 253.23
Epoch 341	LOSS: 68.32	MAE: 197.25	RMSE: 253.24
Epoch 342	LOSS: 69.39	MAE: 197.17	RMSE: 253.24
Epoch 343	LOSS: 69.40	MAE: 197.27	RMSE: 253.27
Epoch 344	LOSS: 69.40	MAE: 197.19	RMSE: 253.24
Epoch 345	LOSS: 68.77	MAE: 197.27	RMSE: 253.24
Epoch 346	LOSS: 69.11	MAE: 197.21	RMSE: 253.24
Epoch 347	LOSS: 68.39	MAE: 197.13	RMSE: 253.23
Epoch 348	LOSS: 69.45	MAE: 197.09	RMSE: 253.21
Epoch 349	LOSS: 67.69	MAE: 197.19	RMSE: 253.23
Epoch 350	LOSS: 68.60	MAE: 197.16	RMSE: 253.23
Epoch 351	LOSS: 68.70	MAE: 197.13	RMSE: 253.23
Epoch 352	LOSS: 69.54	MAE: 197.14	RMSE: 253.23
Epoch 353	LOSS: 67.66	MAE: 197.12	RMSE: 253.22
Epoch 354	LOSS: 68.70	MAE: 197.14	RMSE: 253.23
Epoch 355	LOSS: 68.98	MAE: 197.08	RMSE: 253.21
Epoch 356	LOSS: 68.45	MAE: 197.14	RMSE: 253.22
Epoch 357	LOSS: 67.26	MAE: 197.12	RMSE: 253.21
Epoch 358	LOSS: 68.34	MAE: 197.12	RMSE: 253.23
Epoch 359	LOSS: 68.38	MAE: 197.09	RMSE: 253.21
Epoch 360	LOSS: 67.94	MAE: 197.14	RMSE: 253.22
Epoch 361	LOSS: 68.38	MAE: 197.11	RMSE: 253.22
Epoch 362	LOSS: 67.61	MAE: 197.08	RMSE: 253.21
Epoch 363	LOSS: 68.50	MAE: 197.10	RMSE: 253.21
Epoch 364	LOSS: 67.58	MAE: 197.11	RMSE: 253.21
Epoch 365	LOSS: 67.83	MAE: 197.07	RMSE: 253.20
Epoch 366	LOSS: 68.38	MAE: 197.05	RMSE: 253.20
Epoch 367	LOSS: 68.94	MAE: 197.10	RMSE: 253.21
Epoch 368	LOSS: 68.87	MAE: 197.06	RMSE: 253.18
Epoch 369	LOSS: 67.99	MAE: 197.04	RMSE: 253.19
Epoch 370	LOSS: 68.25	MAE: 197.14	RMSE: 253.22
Epoch 371	LOSS: 68.03	MAE: 197.09	RMSE: 253.20
Epoch 372	LOSS: 69.16	MAE: 197.11	RMSE: 253.20
Epoch 373	LOSS: 68.17	MAE: 197.07	RMSE: 253.19
Epoch 374	LOSS: 68.18	MAE: 197.10	RMSE: 253.21
Epoch 375	LOSS: 68.81	MAE: 197.09	RMSE: 253.21
Epoch 376	LOSS: 67.44	MAE: 197.02	RMSE: 253.18
Epoch 377	LOSS: 68.20	MAE: 197.06	RMSE: 253.19
Epoch 378	LOSS: 67.38	MAE: 197.03	RMSE: 253.18
Epoch 379	LOSS: 67.64	MAE: 197.08	RMSE: 253.18
Epoch 380	LOSS: 66.76	MAE: 197.05	RMSE: 253.18
Epoch 381	LOSS: 67.84	MAE: 197.04	RMSE: 253.19
Epoch 382	LOSS: 67.97	MAE: 197.01	RMSE: 253.19
Epoch 383	LOSS: 67.72	MAE: 197.05	RMSE: 253.19
Epoch 384	LOSS: 67.50	MAE: 197.03	RMSE: 253.18
Epoch 385	LOSS: 67.43	MAE: 197.02	RMSE: 253.18
Epoch 386	LOSS: 66.41	MAE: 197.03	RMSE: 253.18
Epoch 387	LOSS: 67.67	MAE: 196.98	RMSE: 253.16
Epoch 388	LOSS: 69.06	MAE: 197.04	RMSE: 253.18
Epoch 389	LOSS: 67.57	MAE: 196.97	RMSE: 253.16
Epoch 390	LOSS: 69.01	MAE: 197.04	RMSE: 253.16
Epoch 391	LOSS: 68.35	MAE: 197.03	RMSE: 253.18
Epoch 392	LOSS: 67.48	MAE: 197.09	RMSE: 253.21
Epoch 393	LOSS: 68.62	MAE: 197.10	RMSE: 253.20
Epoch 394	LOSS: 67.83	MAE: 197.02	RMSE: 253.16
Epoch 395	LOSS: 68.25	MAE: 197.09	RMSE: 253.18
Epoch 396	LOSS: 66.13	MAE: 196.96	RMSE: 253.15
Epoch 397	LOSS: 67.72	MAE: 197.03	RMSE: 253.17
Epoch 398	LOSS: 68.31	MAE: 197.02	RMSE: 253.18
Epoch 399	LOSS: 67.36	MAE: 197.02	RMSE: 253.16
Epoch 400	LOSS: 68.66	MAE: 197.04	RMSE: 253.17
Epoch 401	LOSS: 68.58	MAE: 197.09	RMSE: 253.18
Epoch 402	LOSS: 67.13	MAE: 196.93	RMSE: 253.15
Epoch 403	LOSS: 68.48	MAE: 197.02	RMSE: 253.17
Epoch 404	LOSS: 67.17	MAE: 197.01	RMSE: 253.17
Epoch 405	LOSS: 67.83	MAE: 196.97	RMSE: 253.16
Epoch 406	LOSS: 67.35	MAE: 196.95	RMSE: 253.15
Epoch 407	LOSS: 68.24	MAE: 196.97	RMSE: 253.16
Epoch 408	LOSS: 66.97	MAE: 196.91	RMSE: 253.14
Epoch 409	LOSS: 67.80	MAE: 196.92	RMSE: 253.13
Epoch 410	LOSS: 66.45	MAE: 196.96	RMSE: 253.15
Epoch 411	LOSS: 67.69	MAE: 196.96	RMSE: 253.16
Epoch 412	LOSS: 66.59	MAE: 196.92	RMSE: 253.13
Epoch 413	LOSS: 66.39	MAE: 196.95	RMSE: 253.13
Epoch 414	LOSS: 67.67	MAE: 196.95	RMSE: 253.13
Epoch 415	LOSS: 67.13	MAE: 196.92	RMSE: 253.13
Epoch 416	LOSS: 67.39	MAE: 196.92	RMSE: 253.12
Epoch 417	LOSS: 66.91	MAE: 196.91	RMSE: 253.12
Epoch 418	LOSS: 67.12	MAE: 196.89	RMSE: 253.12
Epoch 419	LOSS: 66.64	MAE: 196.89	RMSE: 253.12
Epoch 420	LOSS: 66.94	MAE: 196.88	RMSE: 253.10
Epoch 421	LOSS: 67.13	MAE: 196.83	RMSE: 253.10
Epoch 422	LOSS: 66.97	MAE: 196.90	RMSE: 253.13
Epoch 423	LOSS: 66.82	MAE: 196.85	RMSE: 253.10
Epoch 424	LOSS: 66.47	MAE: 196.91	RMSE: 253.10
Epoch 425	LOSS: 67.61	MAE: 196.91	RMSE: 253.11
Epoch 426	LOSS: 66.77	MAE: 196.88	RMSE: 253.11
Epoch 427	LOSS: 66.83	MAE: 196.84	RMSE: 253.10
Epoch 428	LOSS: 66.38	MAE: 196.86	RMSE: 253.11
Epoch 429	LOSS: 66.18	MAE: 196.86	RMSE: 253.11
Epoch 430	LOSS: 67.43	MAE: 196.86	RMSE: 253.10
Epoch 431	LOSS: 67.26	MAE: 196.97	RMSE: 253.13
Epoch 432	LOSS: 67.34	MAE: 196.94	RMSE: 253.14
Epoch 433	LOSS: 66.48	MAE: 196.87	RMSE: 253.12
Epoch 434	LOSS: 67.97	MAE: 196.87	RMSE: 253.09
Epoch 435	LOSS: 67.46	MAE: 196.96	RMSE: 253.12
Epoch 436	LOSS: 67.55	MAE: 196.89	RMSE: 253.12
Epoch 437	LOSS: 66.27	MAE: 196.86	RMSE: 253.11
Epoch 438	LOSS: 67.53	MAE: 196.82	RMSE: 253.09
Epoch 439	LOSS: 66.43	MAE: 196.90	RMSE: 253.11
Epoch 440	LOSS: 65.78	MAE: 196.83	RMSE: 253.09
Epoch 441	LOSS: 67.23	MAE: 196.83	RMSE: 253.09
Epoch 442	LOSS: 66.25	MAE: 196.89	RMSE: 253.11
Epoch 443	LOSS: 65.89	MAE: 196.90	RMSE: 253.11
Epoch 444	LOSS: 65.84	MAE: 196.81	RMSE: 253.08
Epoch 445	LOSS: 66.26	MAE: 196.79	RMSE: 253.08
Epoch 446	LOSS: 66.30	MAE: 196.82	RMSE: 253.09
Epoch 447	LOSS: 66.17	MAE: 196.83	RMSE: 253.09
Epoch 448	LOSS: 67.20	MAE: 196.81	RMSE: 253.08
Epoch 449	LOSS: 66.64	MAE: 196.80	RMSE: 253.08
Epoch 450	LOSS: 66.64	MAE: 196.83	RMSE: 253.08
Epoch 451	LOSS: 67.53	MAE: 196.82	RMSE: 253.07
Epoch 452	LOSS: 67.17	MAE: 196.83	RMSE: 253.08
Epoch 453	LOSS: 66.32	MAE: 196.83	RMSE: 253.09
Epoch 454	LOSS: 66.81	MAE: 196.84	RMSE: 253.08
Epoch 455	LOSS: 67.52	MAE: 196.87	RMSE: 253.09
Epoch 456	LOSS: 67.01	MAE: 196.87	RMSE: 253.11
Epoch 457	LOSS: 66.62	MAE: 196.81	RMSE: 253.09
Epoch 458	LOSS: 66.60	MAE: 196.81	RMSE: 253.07
Epoch 459	LOSS: 66.34	MAE: 196.85	RMSE: 253.09
Epoch 460	LOSS: 67.16	MAE: 196.76	RMSE: 253.08
Epoch 461	LOSS: 66.57	MAE: 196.76	RMSE: 253.07
Epoch 462	LOSS: 67.19	MAE: 196.82	RMSE: 253.08
Epoch 463	LOSS: 66.70	MAE: 196.82	RMSE: 253.08
Epoch 464	LOSS: 66.07	MAE: 196.79	RMSE: 253.08
Epoch 465	LOSS: 66.20	MAE: 196.86	RMSE: 253.09
Epoch 466	LOSS: 66.30	MAE: 196.83	RMSE: 253.08
Epoch 467	LOSS: 67.02	MAE: 196.80	RMSE: 253.08
Epoch 468	LOSS: 65.90	MAE: 196.76	RMSE: 253.07
Epoch 469	LOSS: 66.27	MAE: 196.75	RMSE: 253.07
Epoch 470	LOSS: 67.20	MAE: 196.81	RMSE: 253.08
Epoch 471	LOSS: 66.21	MAE: 196.80	RMSE: 253.08
Epoch 472	LOSS: 66.31	MAE: 196.78	RMSE: 253.07
Epoch 473	LOSS: 67.24	MAE: 196.78	RMSE: 253.08
Epoch 474	LOSS: 67.27	MAE: 196.75	RMSE: 253.07
Epoch 475	LOSS: 65.60	MAE: 196.81	RMSE: 253.08
Epoch 476	LOSS: 65.34	MAE: 196.76	RMSE: 253.08
Epoch 477	LOSS: 66.56	MAE: 196.77	RMSE: 253.09
Epoch 478	LOSS: 66.98	MAE: 196.78	RMSE: 253.08
Epoch 479	LOSS: 66.61	MAE: 196.74	RMSE: 253.06
Epoch 480	LOSS: 66.29	MAE: 196.75	RMSE: 253.08
Epoch 481	LOSS: 66.31	MAE: 196.78	RMSE: 253.08
Epoch 482	LOSS: 66.12	MAE: 196.77	RMSE: 253.07
Epoch 483	LOSS: 65.27	MAE: 196.73	RMSE: 253.07
Epoch 484	LOSS: 65.11	MAE: 196.79	RMSE: 253.08
Epoch 485	LOSS: 67.30	MAE: 196.76	RMSE: 253.07
Epoch 486	LOSS: 65.50	MAE: 196.83	RMSE: 253.09
Epoch 487	LOSS: 66.23	MAE: 196.76	RMSE: 253.09
Epoch 488	LOSS: 66.93	MAE: 196.77	RMSE: 253.07
Epoch 489	LOSS: 64.40	MAE: 196.75	RMSE: 253.08
Epoch 490	LOSS: 66.46	MAE: 196.76	RMSE: 253.09
Epoch 491	LOSS: 66.15	MAE: 196.69	RMSE: 253.06
Epoch 492	LOSS: 66.13	MAE: 196.74	RMSE: 253.08
Epoch 493	LOSS: 66.44	MAE: 196.73	RMSE: 253.08
Epoch 494	LOSS: 66.07	MAE: 196.75	RMSE: 253.06
Epoch 495	LOSS: 66.36	MAE: 196.77	RMSE: 253.07
Epoch 496	LOSS: 66.51	MAE: 196.79	RMSE: 253.10
Epoch 497	LOSS: 65.98	MAE: 196.86	RMSE: 253.12
Epoch 498	LOSS: 67.17	MAE: 196.76	RMSE: 253.07
Epoch 499	LOSS: 66.87	MAE: 196.88	RMSE: 253.09
