Epoch 000	LOSS: 229.02	MAE: 218.50	RMSE: 264.81
Epoch 001	LOSS: 227.48	MAE: 217.48	RMSE: 263.96
Epoch 002	LOSS: 228.21	MAE: 216.38	RMSE: 263.03
Epoch 003	LOSS: 227.79	MAE: 215.21	RMSE: 262.03
Epoch 004	LOSS: 229.69	MAE: 213.97	RMSE: 260.99
Epoch 005	LOSS: 223.52	MAE: 212.68	RMSE: 259.89
Epoch 006	LOSS: 223.03	MAE: 211.36	RMSE: 258.77
Epoch 007	LOSS: 222.16	MAE: 210.01	RMSE: 257.62
Epoch 008	LOSS: 218.10	MAE: 208.64	RMSE: 256.44
Epoch 009	LOSS: 216.76	MAE: 207.26	RMSE: 255.25
Epoch 010	LOSS: 214.75	MAE: 205.87	RMSE: 254.05
Epoch 011	LOSS: 215.84	MAE: 204.47	RMSE: 252.85
Epoch 012	LOSS: 215.53	MAE: 203.06	RMSE: 251.63
Epoch 013	LOSS: 212.66	MAE: 201.64	RMSE: 250.39
Epoch 014	LOSS: 209.49	MAE: 200.21	RMSE: 249.15
Epoch 015	LOSS: 208.70	MAE: 198.78	RMSE: 247.89
Epoch 016	LOSS: 210.81	MAE: 197.34	RMSE: 246.62
Epoch 017	LOSS: 211.20	MAE: 195.89	RMSE: 245.34
Epoch 018	LOSS: 204.77	MAE: 194.44	RMSE: 244.05
Epoch 019	LOSS: 203.35	MAE: 192.99	RMSE: 242.75
Epoch 020	LOSS: 203.14	MAE: 191.54	RMSE: 241.45
Epoch 021	LOSS: 201.95	MAE: 190.09	RMSE: 240.15
Epoch 022	LOSS: 199.86	MAE: 188.64	RMSE: 238.84
Epoch 023	LOSS: 199.75	MAE: 187.20	RMSE: 237.52
Epoch 024	LOSS: 196.06	MAE: 185.76	RMSE: 236.20
Epoch 025	LOSS: 197.59	MAE: 184.32	RMSE: 234.87
Epoch 026	LOSS: 197.98	MAE: 182.89	RMSE: 233.54
Epoch 027	LOSS: 191.83	MAE: 181.46	RMSE: 232.21
Epoch 028	LOSS: 192.28	MAE: 180.04	RMSE: 230.87
Epoch 029	LOSS: 187.75	MAE: 178.63	RMSE: 229.53
Epoch 030	LOSS: 186.48	MAE: 177.22	RMSE: 228.19
Epoch 031	LOSS: 184.24	MAE: 175.82	RMSE: 226.85
Epoch 032	LOSS: 186.20	MAE: 174.43	RMSE: 225.50
Epoch 033	LOSS: 185.36	MAE: 173.04	RMSE: 224.15
Epoch 034	LOSS: 182.70	MAE: 171.67	RMSE: 222.80
Epoch 035	LOSS: 181.44	MAE: 170.31	RMSE: 221.45
Epoch 036	LOSS: 180.74	MAE: 168.95	RMSE: 220.09
Epoch 037	LOSS: 179.02	MAE: 167.61	RMSE: 218.74
Epoch 038	LOSS: 175.22	MAE: 166.29	RMSE: 217.38
Epoch 039	LOSS: 175.04	MAE: 164.98	RMSE: 216.03
Epoch 040	LOSS: 172.42	MAE: 163.68	RMSE: 214.68
Epoch 041	LOSS: 170.79	MAE: 162.39	RMSE: 213.33
Epoch 042	LOSS: 173.69	MAE: 161.10	RMSE: 211.97
Epoch 043	LOSS: 169.71	MAE: 159.79	RMSE: 210.60
Epoch 044	LOSS: 168.89	MAE: 158.51	RMSE: 209.24
Epoch 045	LOSS: 167.16	MAE: 157.26	RMSE: 207.89
Epoch 046	LOSS: 166.50	MAE: 156.02	RMSE: 206.55
Epoch 047	LOSS: 165.38	MAE: 154.78	RMSE: 205.20
Epoch 048	LOSS: 161.97	MAE: 153.52	RMSE: 203.82
Epoch 049	LOSS: 163.70	MAE: 152.26	RMSE: 202.40
Epoch 050	LOSS: 154.81	MAE: 150.98	RMSE: 200.97
Epoch 051	LOSS: 160.82	MAE: 149.74	RMSE: 199.54
Epoch 052	LOSS: 156.93	MAE: 148.53	RMSE: 198.14
Epoch 053	LOSS: 154.67	MAE: 147.34	RMSE: 196.73
Epoch 054	LOSS: 154.33	MAE: 146.17	RMSE: 195.31
Epoch 055	LOSS: 153.05	MAE: 145.04	RMSE: 193.94
Epoch 056	LOSS: 153.66	MAE: 143.92	RMSE: 192.60
Epoch 057	LOSS: 150.62	MAE: 142.78	RMSE: 191.31
Epoch 058	LOSS: 150.60	MAE: 141.75	RMSE: 189.99
Epoch 059	LOSS: 147.68	MAE: 140.81	RMSE: 188.68
Epoch 060	LOSS: 143.99	MAE: 139.88	RMSE: 187.40
Epoch 061	LOSS: 144.30	MAE: 138.91	RMSE: 186.14
Epoch 062	LOSS: 146.60	MAE: 137.93	RMSE: 184.92
Epoch 063	LOSS: 144.36	MAE: 137.05	RMSE: 183.72
Epoch 064	LOSS: 141.60	MAE: 136.25	RMSE: 182.51
Epoch 065	LOSS: 143.70	MAE: 135.49	RMSE: 181.34
Epoch 066	LOSS: 141.51	MAE: 134.66	RMSE: 180.21
Epoch 067	LOSS: 141.22	MAE: 133.92	RMSE: 179.16
Epoch 068	LOSS: 141.09	MAE: 133.27	RMSE: 178.02
Epoch 069	LOSS: 139.50	MAE: 132.57	RMSE: 176.94
Epoch 070	LOSS: 136.95	MAE: 131.84	RMSE: 175.90
Epoch 071	LOSS: 137.29	MAE: 131.16	RMSE: 174.80
Epoch 072	LOSS: 135.33	MAE: 130.54	RMSE: 173.77
Epoch 073	LOSS: 132.78	MAE: 129.92	RMSE: 172.81
Epoch 074	LOSS: 132.78	MAE: 129.35	RMSE: 171.88
Epoch 075	LOSS: 132.63	MAE: 128.79	RMSE: 170.96
Epoch 076	LOSS: 132.74	MAE: 128.11	RMSE: 170.04
Epoch 077	LOSS: 131.53	MAE: 127.52	RMSE: 169.08
Epoch 078	LOSS: 128.65	MAE: 126.98	RMSE: 168.14
Epoch 079	LOSS: 128.74	MAE: 126.32	RMSE: 167.28
Epoch 080	LOSS: 128.07	MAE: 125.66	RMSE: 166.45
Epoch 081	LOSS: 126.11	MAE: 124.95	RMSE: 165.52
Epoch 082	LOSS: 127.00	MAE: 124.32	RMSE: 164.54
Epoch 083	LOSS: 122.82	MAE: 123.89	RMSE: 163.68
Epoch 084	LOSS: 124.67	MAE: 123.31	RMSE: 162.97
Epoch 085	LOSS: 124.54	MAE: 122.78	RMSE: 162.39
Epoch 086	LOSS: 123.47	MAE: 122.30	RMSE: 161.76
Epoch 087	LOSS: 122.33	MAE: 121.66	RMSE: 161.04
Epoch 088	LOSS: 122.27	MAE: 121.04	RMSE: 160.59
Epoch 089	LOSS: 121.17	MAE: 120.38	RMSE: 160.32
Epoch 090	LOSS: 119.97	MAE: 119.66	RMSE: 160.16
Epoch 091	LOSS: 117.70	MAE: 118.93	RMSE: 159.74
Epoch 092	LOSS: 117.49	MAE: 118.08	RMSE: 159.67
Epoch 093	LOSS: 113.73	MAE: 117.22	RMSE: 159.14
Epoch 094	LOSS: 112.06	MAE: 116.84	RMSE: 159.55
Epoch 095	LOSS: 113.24	MAE: 116.41	RMSE: 159.54
Epoch 096	LOSS: 110.23	MAE: 115.91	RMSE: 159.14
Epoch 097	LOSS: 107.82	MAE: 115.71	RMSE: 159.27
Epoch 098	LOSS: 108.40	MAE: 115.67	RMSE: 158.93
Epoch 099	LOSS: 107.86	MAE: 115.27	RMSE: 158.04
Epoch 100	LOSS: 106.91	MAE: 115.05	RMSE: 157.22
Epoch 101	LOSS: 106.30	MAE: 114.49	RMSE: 155.82
Epoch 102	LOSS: 107.28	MAE: 114.09	RMSE: 154.74
Epoch 103	LOSS: 103.68	MAE: 113.70	RMSE: 153.87
Epoch 104	LOSS: 105.66	MAE: 113.31	RMSE: 153.31
Epoch 105	LOSS: 103.58	MAE: 112.90	RMSE: 152.79
Epoch 106	LOSS: 104.89	MAE: 112.54	RMSE: 152.20
Epoch 107	LOSS: 104.98	MAE: 112.27	RMSE: 151.67
Epoch 108	LOSS: 104.61	MAE: 112.15	RMSE: 151.28
Epoch 109	LOSS: 105.46	MAE: 111.91	RMSE: 150.77
Epoch 110	LOSS: 103.44	MAE: 111.79	RMSE: 150.37
Epoch 111	LOSS: 103.54	MAE: 111.63	RMSE: 150.13
Epoch 112	LOSS: 101.74	MAE: 111.56	RMSE: 149.93
Epoch 113	LOSS: 103.93	MAE: 111.18	RMSE: 149.62
Epoch 114	LOSS: 102.76	MAE: 111.06	RMSE: 149.45
Epoch 115	LOSS: 102.58	MAE: 111.03	RMSE: 149.34
Epoch 116	LOSS: 102.06	MAE: 110.87	RMSE: 149.14
Epoch 117	LOSS: 102.08	MAE: 110.68	RMSE: 148.76
Epoch 118	LOSS: 101.23	MAE: 110.73	RMSE: 148.66
Epoch 119	LOSS: 101.77	MAE: 110.52	RMSE: 148.38
Epoch 120	LOSS: 101.97	MAE: 110.54	RMSE: 148.31
Epoch 121	LOSS: 100.23	MAE: 110.30	RMSE: 148.06
Epoch 122	LOSS: 101.91	MAE: 110.35	RMSE: 148.14
Epoch 123	LOSS: 101.66	MAE: 110.12	RMSE: 147.83
Epoch 124	LOSS: 99.28	MAE: 110.12	RMSE: 147.79
Epoch 125	LOSS: 101.08	MAE: 109.96	RMSE: 147.65
Epoch 126	LOSS: 101.49	MAE: 110.07	RMSE: 147.60
Epoch 127	LOSS: 101.09	MAE: 109.98	RMSE: 147.40
Epoch 128	LOSS: 100.94	MAE: 109.87	RMSE: 147.29
Epoch 129	LOSS: 101.17	MAE: 110.20	RMSE: 147.53
Epoch 130	LOSS: 103.01	MAE: 109.65	RMSE: 146.99
Epoch 131	LOSS: 100.65	MAE: 109.84	RMSE: 147.22
Epoch 132	LOSS: 100.72	MAE: 109.65	RMSE: 146.81
Epoch 133	LOSS: 98.34	MAE: 109.54	RMSE: 146.73
Epoch 134	LOSS: 99.07	MAE: 109.31	RMSE: 146.65
Epoch 135	LOSS: 99.76	MAE: 109.27	RMSE: 146.59
Epoch 136	LOSS: 97.96	MAE: 109.00	RMSE: 146.50
Epoch 137	LOSS: 99.99	MAE: 108.92	RMSE: 146.46
Epoch 138	LOSS: 99.33	MAE: 108.69	RMSE: 146.22
Epoch 139	LOSS: 99.09	MAE: 108.51	RMSE: 146.13
Epoch 140	LOSS: 98.61	MAE: 108.23	RMSE: 145.88
Epoch 141	LOSS: 98.92	MAE: 108.30	RMSE: 145.82
Epoch 142	LOSS: 99.18	MAE: 108.02	RMSE: 145.58
Epoch 143	LOSS: 98.00	MAE: 108.03	RMSE: 145.55
Epoch 144	LOSS: 98.84	MAE: 107.86	RMSE: 145.33
Epoch 145	LOSS: 94.97	MAE: 107.83	RMSE: 145.19
Epoch 146	LOSS: 98.65	MAE: 107.60	RMSE: 145.00
Epoch 147	LOSS: 97.17	MAE: 107.62	RMSE: 144.88
Epoch 148	LOSS: 95.41	MAE: 107.37	RMSE: 144.65
Epoch 149	LOSS: 96.44	MAE: 107.43	RMSE: 144.58
Epoch 150	LOSS: 97.86	MAE: 107.18	RMSE: 144.35
Epoch 151	LOSS: 96.68	MAE: 107.17	RMSE: 144.33
Epoch 152	LOSS: 97.96	MAE: 106.94	RMSE: 144.18
Epoch 153	LOSS: 97.35	MAE: 106.90	RMSE: 144.10
Epoch 154	LOSS: 97.27	MAE: 106.74	RMSE: 143.96
Epoch 155	LOSS: 95.45	MAE: 106.73	RMSE: 143.89
Epoch 156	LOSS: 95.66	MAE: 106.48	RMSE: 143.77
Epoch 157	LOSS: 94.73	MAE: 106.51	RMSE: 143.73
Epoch 158	LOSS: 96.75	MAE: 106.33	RMSE: 143.55
Epoch 159	LOSS: 96.41	MAE: 106.44	RMSE: 143.53
Epoch 160	LOSS: 96.18	MAE: 106.21	RMSE: 143.36
Epoch 161	LOSS: 96.14	MAE: 106.22	RMSE: 143.34
Epoch 162	LOSS: 93.31	MAE: 105.96	RMSE: 143.17
Epoch 163	LOSS: 94.48	MAE: 105.95	RMSE: 143.06
Epoch 164	LOSS: 95.02	MAE: 105.79	RMSE: 142.93
Epoch 165	LOSS: 95.38	MAE: 105.86	RMSE: 142.88
Epoch 166	LOSS: 94.54	MAE: 105.70	RMSE: 142.44
Epoch 167	LOSS: 93.50	MAE: 105.65	RMSE: 142.26
Epoch 168	LOSS: 92.68	MAE: 105.42	RMSE: 142.24
Epoch 169	LOSS: 93.74	MAE: 105.52	RMSE: 141.90
Epoch 170	LOSS: 93.53	MAE: 105.33	RMSE: 141.87
Epoch 171	LOSS: 92.18	MAE: 105.18	RMSE: 141.73
Epoch 172	LOSS: 95.92	MAE: 105.00	RMSE: 141.57
Epoch 173	LOSS: 92.75	MAE: 104.98	RMSE: 141.55
Epoch 174	LOSS: 91.87	MAE: 104.82	RMSE: 141.44
Epoch 175	LOSS: 92.07	MAE: 104.62	RMSE: 141.47
Epoch 176	LOSS: 92.91	MAE: 104.60	RMSE: 141.34
Epoch 177	LOSS: 93.64	MAE: 104.98	RMSE: 141.10
Epoch 178	LOSS: 91.88	MAE: 104.66	RMSE: 140.99
Epoch 179	LOSS: 91.83	MAE: 104.58	RMSE: 140.90
Epoch 180	LOSS: 92.04	MAE: 104.30	RMSE: 141.03
Epoch 181	LOSS: 90.57	MAE: 104.28	RMSE: 140.88
Epoch 182	LOSS: 90.43	MAE: 104.08	RMSE: 140.88
Epoch 183	LOSS: 90.46	MAE: 104.04	RMSE: 141.09
Epoch 184	LOSS: 89.40	MAE: 103.98	RMSE: 141.10
Epoch 185	LOSS: 88.07	MAE: 104.10	RMSE: 140.93
Epoch 186	LOSS: 90.19	MAE: 104.02	RMSE: 141.01
Epoch 187	LOSS: 91.02	MAE: 103.92	RMSE: 140.96
Epoch 188	LOSS: 90.18	MAE: 103.71	RMSE: 141.56
Epoch 189	LOSS: 89.63	MAE: 103.65	RMSE: 141.47
Epoch 190	LOSS: 91.28	MAE: 103.55	RMSE: 141.29
Epoch 191	LOSS: 88.87	MAE: 103.67	RMSE: 140.90
Epoch 192	LOSS: 88.59	MAE: 103.52	RMSE: 140.71
Epoch 193	LOSS: 89.19	MAE: 103.77	RMSE: 140.44
Epoch 194	LOSS: 88.64	MAE: 103.49	RMSE: 141.07
Epoch 195	LOSS: 88.20	MAE: 103.70	RMSE: 141.63
Epoch 196	LOSS: 88.39	MAE: 103.62	RMSE: 141.87
Epoch 197	LOSS: 87.07	MAE: 103.43	RMSE: 141.30
Epoch 198	LOSS: 88.89	MAE: 103.47	RMSE: 140.47
Epoch 199	LOSS: 86.70	MAE: 103.23	RMSE: 140.33
Epoch 200	LOSS: 86.79	MAE: 103.23	RMSE: 140.14
Epoch 201	LOSS: 86.32	MAE: 102.98	RMSE: 140.82
Epoch 202	LOSS: 86.93	MAE: 103.00	RMSE: 140.55
Epoch 203	LOSS: 87.92	MAE: 102.83	RMSE: 139.97
Epoch 204	LOSS: 85.41	MAE: 102.84	RMSE: 139.33
Epoch 205	LOSS: 87.33	MAE: 102.67	RMSE: 138.88
Epoch 206	LOSS: 85.42	MAE: 102.74	RMSE: 138.55
Epoch 207	LOSS: 86.46	MAE: 102.42	RMSE: 138.64
Epoch 208	LOSS: 83.59	MAE: 102.51	RMSE: 138.57
Epoch 209	LOSS: 85.20	MAE: 102.08	RMSE: 139.13
Epoch 210	LOSS: 84.84	MAE: 102.00	RMSE: 139.26
Epoch 211	LOSS: 84.80	MAE: 101.91	RMSE: 138.99
Epoch 212	LOSS: 84.27	MAE: 101.95	RMSE: 138.40
Epoch 213	LOSS: 84.77	MAE: 101.74	RMSE: 138.29
Epoch 214	LOSS: 84.84	MAE: 101.81	RMSE: 138.35
Epoch 215	LOSS: 84.22	MAE: 101.50	RMSE: 138.69
Epoch 216	LOSS: 83.92	MAE: 101.51	RMSE: 138.16
Epoch 217	LOSS: 82.55	MAE: 101.26	RMSE: 138.09
Epoch 218	LOSS: 84.40	MAE: 101.27	RMSE: 137.50
Epoch 219	LOSS: 83.51	MAE: 100.94	RMSE: 137.96
Epoch 220	LOSS: 83.43	MAE: 100.99	RMSE: 138.45
Epoch 221	LOSS: 81.85	MAE: 101.01	RMSE: 139.45
Epoch 222	LOSS: 82.21	MAE: 100.91	RMSE: 137.92
Epoch 223	LOSS: 81.52	MAE: 100.74	RMSE: 136.97
Epoch 224	LOSS: 81.98	MAE: 100.80	RMSE: 136.58
Epoch 225	LOSS: 82.91	MAE: 100.40	RMSE: 136.65
Epoch 226	LOSS: 81.30	MAE: 100.44	RMSE: 136.30
Epoch 227	LOSS: 81.42	MAE: 100.16	RMSE: 136.93
Epoch 228	LOSS: 81.38	MAE: 100.17	RMSE: 137.63
Epoch 229	LOSS: 81.49	MAE: 100.86	RMSE: 140.57
Epoch 230	LOSS: 81.63	MAE: 100.25	RMSE: 136.73
Epoch 231	LOSS: 81.91	MAE: 100.12	RMSE: 135.61
Epoch 232	LOSS: 81.21	MAE: 100.29	RMSE: 135.39
Epoch 233	LOSS: 82.79	MAE: 99.97	RMSE: 136.21
Epoch 234	LOSS: 79.96	MAE: 100.05	RMSE: 137.79
Epoch 235	LOSS: 81.91	MAE: 100.03	RMSE: 138.58
Epoch 236	LOSS: 79.94	MAE: 99.70	RMSE: 136.46
Epoch 237	LOSS: 79.19	MAE: 99.46	RMSE: 135.73
Epoch 238	LOSS: 80.05	MAE: 99.21	RMSE: 135.36
Epoch 239	LOSS: 78.91	MAE: 99.05	RMSE: 135.40
Epoch 240	LOSS: 80.35	MAE: 98.84	RMSE: 135.62
Epoch 241	LOSS: 79.03	MAE: 98.77	RMSE: 134.39
Epoch 242	LOSS: 78.84	MAE: 98.48	RMSE: 134.84
Epoch 243	LOSS: 78.62	MAE: 98.43	RMSE: 135.48
Epoch 244	LOSS: 79.05	MAE: 98.31	RMSE: 135.82
Epoch 245	LOSS: 78.51	MAE: 97.99	RMSE: 134.23
Epoch 246	LOSS: 77.88	MAE: 98.02	RMSE: 133.06
Epoch 247	LOSS: 77.03	MAE: 97.49	RMSE: 132.54
Epoch 248	LOSS: 77.39	MAE: 97.32	RMSE: 132.02
Epoch 249	LOSS: 79.52	MAE: 97.61	RMSE: 135.65
Epoch 250	LOSS: 77.67	MAE: 97.24	RMSE: 133.05
Epoch 251	LOSS: 77.11	MAE: 97.65	RMSE: 131.63
Epoch 252	LOSS: 76.86	MAE: 96.90	RMSE: 132.29
Epoch 253	LOSS: 76.78	MAE: 96.96	RMSE: 133.76
Epoch 254	LOSS: 77.21	MAE: 96.83	RMSE: 133.72
Epoch 255	LOSS: 75.62	MAE: 96.53	RMSE: 130.89
Epoch 256	LOSS: 77.22	MAE: 95.99	RMSE: 131.01
Epoch 257	LOSS: 75.77	MAE: 95.99	RMSE: 132.09
Epoch 258	LOSS: 75.22	MAE: 96.66	RMSE: 134.19
Epoch 259	LOSS: 76.39	MAE: 96.21	RMSE: 131.57
Epoch 260	LOSS: 75.38	MAE: 96.38	RMSE: 130.77
Epoch 261	LOSS: 75.00	MAE: 95.92	RMSE: 132.08
Epoch 262	LOSS: 74.29	MAE: 95.73	RMSE: 130.96
Epoch 263	LOSS: 74.12	MAE: 95.41	RMSE: 131.20
Epoch 264	LOSS: 74.63	MAE: 96.28	RMSE: 128.33
Epoch 265	LOSS: 74.69	MAE: 95.19	RMSE: 128.25
Epoch 266	LOSS: 73.49	MAE: 95.01	RMSE: 130.75
Epoch 267	LOSS: 72.77	MAE: 95.59	RMSE: 132.81
Epoch 268	LOSS: 74.22	MAE: 94.51	RMSE: 128.23
Epoch 269	LOSS: 73.23	MAE: 95.32	RMSE: 127.77
Epoch 270	LOSS: 74.00	MAE: 95.63	RMSE: 127.78
Epoch 271	LOSS: 73.57	MAE: 94.72	RMSE: 129.86
Epoch 272	LOSS: 73.28	MAE: 95.06	RMSE: 131.48
Epoch 273	LOSS: 72.08	MAE: 94.66	RMSE: 130.06
Epoch 274	LOSS: 73.03	MAE: 94.73	RMSE: 131.21
Epoch 275	LOSS: 73.31	MAE: 94.51	RMSE: 130.52
Epoch 276	LOSS: 72.36	MAE: 94.68	RMSE: 129.04
Epoch 277	LOSS: 73.63	MAE: 94.69	RMSE: 131.16
Epoch 278	LOSS: 72.89	MAE: 95.03	RMSE: 132.48
Epoch 279	LOSS: 71.18	MAE: 94.64	RMSE: 130.89
Epoch 280	LOSS: 70.70	MAE: 94.82	RMSE: 132.19
Epoch 281	LOSS: 71.67	MAE: 94.67	RMSE: 131.89
Epoch 282	LOSS: 70.60	MAE: 94.40	RMSE: 129.32
Epoch 283	LOSS: 72.29	MAE: 93.88	RMSE: 129.46
Epoch 284	LOSS: 71.39	MAE: 93.68	RMSE: 129.10
Epoch 285	LOSS: 71.69	MAE: 94.02	RMSE: 128.00
Epoch 286	LOSS: 71.78	MAE: 93.74	RMSE: 129.53
Epoch 287	LOSS: 73.17	MAE: 93.54	RMSE: 129.02
Epoch 288	LOSS: 70.18	MAE: 93.90	RMSE: 126.87
Epoch 289	LOSS: 71.65	MAE: 93.04	RMSE: 127.36
Epoch 290	LOSS: 71.12	MAE: 92.95	RMSE: 127.33
Epoch 291	LOSS: 70.69	MAE: 93.38	RMSE: 126.91
Epoch 292	LOSS: 71.08	MAE: 93.62	RMSE: 129.76
Epoch 293	LOSS: 71.00	MAE: 93.06	RMSE: 128.47
Epoch 294	LOSS: 70.73	MAE: 93.48	RMSE: 126.16
Epoch 295	LOSS: 68.49	MAE: 92.71	RMSE: 127.30
Epoch 296	LOSS: 70.55	MAE: 92.73	RMSE: 127.91
Epoch 297	LOSS: 70.94	MAE: 92.89	RMSE: 126.36
Epoch 298	LOSS: 70.91	MAE: 92.71	RMSE: 127.71
Epoch 299	LOSS: 71.92	MAE: 92.52	RMSE: 127.23
Epoch 300	LOSS: 69.81	MAE: 92.69	RMSE: 126.14
Epoch 301	LOSS: 70.42	MAE: 92.49	RMSE: 127.67
Epoch 302	LOSS: 70.77	MAE: 92.17	RMSE: 126.72
Epoch 303	LOSS: 70.44	MAE: 92.66	RMSE: 125.57
Epoch 304	LOSS: 70.73	MAE: 92.73	RMSE: 128.60
Epoch 305	LOSS: 69.42	MAE: 92.06	RMSE: 127.01
Epoch 306	LOSS: 70.60	MAE: 93.51	RMSE: 124.67
Epoch 307	LOSS: 69.61	MAE: 91.54	RMSE: 125.00
Epoch 308	LOSS: 71.19	MAE: 91.92	RMSE: 127.39
Epoch 309	LOSS: 69.38	MAE: 91.50	RMSE: 125.45
Epoch 310	LOSS: 71.20	MAE: 92.21	RMSE: 127.99
Epoch 311	LOSS: 69.53	MAE: 91.80	RMSE: 126.29
Epoch 312	LOSS: 70.32	MAE: 91.89	RMSE: 124.96
Epoch 313	LOSS: 69.31	MAE: 91.21	RMSE: 124.03
Epoch 314	LOSS: 69.26	MAE: 91.43	RMSE: 122.87
Epoch 315	LOSS: 69.91	MAE: 92.37	RMSE: 128.31
Epoch 316	LOSS: 69.63	MAE: 93.15	RMSE: 123.55
Epoch 317	LOSS: 70.54	MAE: 92.80	RMSE: 123.76
Epoch 318	LOSS: 70.35	MAE: 91.71	RMSE: 124.06
Epoch 319	LOSS: 68.45	MAE: 91.68	RMSE: 124.54
Epoch 320	LOSS: 69.47	MAE: 91.99	RMSE: 127.11
Epoch 321	LOSS: 69.27	MAE: 91.46	RMSE: 125.63
Epoch 322	LOSS: 69.14	MAE: 93.61	RMSE: 123.74
Epoch 323	LOSS: 68.59	MAE: 91.39	RMSE: 123.10
Epoch 324	LOSS: 69.32	MAE: 91.59	RMSE: 126.83
Epoch 325	LOSS: 68.51	MAE: 90.98	RMSE: 123.60
Epoch 326	LOSS: 68.46	MAE: 94.12	RMSE: 123.56
Epoch 327	LOSS: 70.66	MAE: 93.07	RMSE: 123.40
Epoch 328	LOSS: 70.97	MAE: 91.56	RMSE: 123.13
Epoch 329	LOSS: 68.90	MAE: 91.17	RMSE: 123.18
Epoch 330	LOSS: 67.96	MAE: 90.83	RMSE: 123.80
Epoch 331	LOSS: 68.48	MAE: 91.08	RMSE: 125.89
Epoch 332	LOSS: 68.71	MAE: 91.09	RMSE: 125.50
Epoch 333	LOSS: 67.94	MAE: 91.05	RMSE: 125.36
Epoch 334	LOSS: 69.22	MAE: 91.27	RMSE: 126.28
Epoch 335	LOSS: 67.78	MAE: 90.77	RMSE: 124.04
Epoch 336	LOSS: 68.33	MAE: 90.41	RMSE: 124.24
Epoch 337	LOSS: 69.14	MAE: 90.72	RMSE: 126.06
Epoch 338	LOSS: 67.37	MAE: 90.49	RMSE: 123.62
Epoch 339	LOSS: 66.79	MAE: 90.89	RMSE: 122.90
Epoch 340	LOSS: 68.40	MAE: 90.69	RMSE: 125.79
Epoch 341	LOSS: 66.78	MAE: 91.46	RMSE: 128.00
Epoch 342	LOSS: 68.06	MAE: 92.47	RMSE: 122.57
Epoch 343	LOSS: 66.91	MAE: 93.61	RMSE: 122.69
Epoch 344	LOSS: 68.66	MAE: 90.90	RMSE: 122.03
Epoch 345	LOSS: 68.75	MAE: 89.80	RMSE: 122.61
Epoch 346	LOSS: 67.04	MAE: 89.78	RMSE: 123.34
Epoch 347	LOSS: 67.24	MAE: 90.53	RMSE: 125.85
Epoch 348	LOSS: 66.90	MAE: 90.11	RMSE: 124.74
Epoch 349	LOSS: 66.90	MAE: 89.61	RMSE: 123.84
Epoch 350	LOSS: 66.32	MAE: 89.65	RMSE: 124.55
Epoch 351	LOSS: 67.00	MAE: 90.24	RMSE: 125.97
Epoch 352	LOSS: 66.10	MAE: 90.06	RMSE: 125.79
Epoch 353	LOSS: 66.93	MAE: 90.75	RMSE: 121.90
Epoch 354	LOSS: 66.24	MAE: 89.38	RMSE: 122.10
Epoch 355	LOSS: 67.43	MAE: 89.36	RMSE: 123.74
Epoch 356	LOSS: 65.62	MAE: 88.88	RMSE: 122.71
Epoch 357	LOSS: 66.13	MAE: 89.09	RMSE: 123.31
Epoch 358	LOSS: 66.60	MAE: 91.22	RMSE: 128.01
Epoch 359	LOSS: 66.48	MAE: 91.37	RMSE: 127.93
Epoch 360	LOSS: 65.08	MAE: 89.63	RMSE: 123.58
Epoch 361	LOSS: 66.11	MAE: 89.76	RMSE: 123.56
Epoch 362	LOSS: 66.01	MAE: 90.51	RMSE: 126.85
Epoch 363	LOSS: 65.63	MAE: 89.87	RMSE: 125.63
Epoch 364	LOSS: 64.87	MAE: 90.04	RMSE: 121.26
Epoch 365	LOSS: 65.47	MAE: 92.04	RMSE: 121.13
Epoch 366	LOSS: 67.68	MAE: 90.13	RMSE: 120.32
Epoch 367	LOSS: 68.95	MAE: 89.56	RMSE: 120.03
Epoch 368	LOSS: 65.39	MAE: 89.71	RMSE: 119.64
Epoch 369	LOSS: 65.46	MAE: 88.93	RMSE: 119.71
Epoch 370	LOSS: 64.78	MAE: 88.42	RMSE: 120.68
Epoch 371	LOSS: 65.08	MAE: 88.70	RMSE: 120.41
Epoch 372	LOSS: 65.01	MAE: 90.34	RMSE: 124.68
Epoch 373	LOSS: 65.65	MAE: 94.13	RMSE: 132.22
Epoch 374	LOSS: 63.73	MAE: 91.53	RMSE: 126.52
Epoch 375	LOSS: 64.08	MAE: 91.71	RMSE: 124.58
Epoch 376	LOSS: 64.61	MAE: 91.08	RMSE: 124.30
Epoch 377	LOSS: 63.55	MAE: 90.55	RMSE: 126.84
Epoch 378	LOSS: 64.08	MAE: 89.84	RMSE: 126.08
Epoch 379	LOSS: 63.89	MAE: 89.27	RMSE: 123.30
Epoch 380	LOSS: 65.58	MAE: 89.10	RMSE: 123.30
Epoch 381	LOSS: 62.84	MAE: 89.18	RMSE: 121.38
Epoch 382	LOSS: 64.51	MAE: 89.35	RMSE: 120.70
Epoch 383	LOSS: 64.64	MAE: 88.70	RMSE: 120.99
Epoch 384	LOSS: 63.18	MAE: 88.70	RMSE: 121.02
Epoch 385	LOSS: 63.83	MAE: 88.52	RMSE: 122.78
Epoch 386	LOSS: 63.13	MAE: 88.59	RMSE: 123.02
Epoch 387	LOSS: 62.93	MAE: 89.12	RMSE: 121.94
Epoch 388	LOSS: 64.10	MAE: 89.06	RMSE: 123.77
Epoch 389	LOSS: 62.64	MAE: 89.25	RMSE: 122.88
Epoch 390	LOSS: 64.58	MAE: 89.16	RMSE: 123.64
Epoch 391	LOSS: 63.81	MAE: 89.05	RMSE: 124.20
Epoch 392	LOSS: 64.23	MAE: 88.53	RMSE: 121.37
Epoch 393	LOSS: 62.72	MAE: 88.20	RMSE: 121.18
Epoch 394	LOSS: 62.62	MAE: 88.98	RMSE: 124.72
Epoch 395	LOSS: 63.61	MAE: 89.05	RMSE: 124.55
Epoch 396	LOSS: 62.92	MAE: 88.35	RMSE: 123.67
Epoch 397	LOSS: 63.08	MAE: 88.24	RMSE: 121.80
Epoch 398	LOSS: 61.49	MAE: 87.79	RMSE: 121.23
Epoch 399	LOSS: 61.36	MAE: 87.37	RMSE: 120.79
Epoch 400	LOSS: 61.89	MAE: 88.55	RMSE: 124.72
Epoch 401	LOSS: 61.23	MAE: 88.61	RMSE: 119.48
Epoch 402	LOSS: 63.33	MAE: 87.94	RMSE: 119.71
Epoch 403	LOSS: 62.31	MAE: 87.78	RMSE: 119.61
Epoch 404	LOSS: 62.13	MAE: 87.26	RMSE: 121.63
Epoch 405	LOSS: 61.46	MAE: 87.48	RMSE: 122.00
Epoch 406	LOSS: 61.31	MAE: 87.33	RMSE: 122.02
Epoch 407	LOSS: 61.12	MAE: 87.68	RMSE: 123.43
Epoch 408	LOSS: 60.65	MAE: 87.31	RMSE: 119.60
Epoch 409	LOSS: 61.24	MAE: 87.19	RMSE: 119.27
Epoch 410	LOSS: 61.17	MAE: 88.97	RMSE: 126.09
Epoch 411	LOSS: 61.33	MAE: 86.97	RMSE: 121.66
Epoch 412	LOSS: 60.27	MAE: 86.97	RMSE: 119.28
Epoch 413	LOSS: 60.76	MAE: 86.76	RMSE: 119.18
Epoch 414	LOSS: 60.48	MAE: 89.92	RMSE: 127.44
Epoch 415	LOSS: 60.89	MAE: 87.46	RMSE: 123.21
Epoch 416	LOSS: 61.97	MAE: 89.47	RMSE: 119.82
Epoch 417	LOSS: 62.89	MAE: 88.90	RMSE: 119.82
Epoch 418	LOSS: 64.14	MAE: 88.13	RMSE: 120.15
Epoch 419	LOSS: 60.44	MAE: 87.45	RMSE: 119.51
Epoch 420	LOSS: 60.96	MAE: 86.99	RMSE: 122.90
Epoch 421	LOSS: 61.89	MAE: 91.31	RMSE: 129.04
Epoch 422	LOSS: 60.53	MAE: 86.37	RMSE: 118.33
Epoch 423	LOSS: 62.46	MAE: 90.91	RMSE: 118.82
Epoch 424	LOSS: 62.92	MAE: 92.30	RMSE: 119.59
Epoch 425	LOSS: 61.10	MAE: 90.62	RMSE: 118.31
Epoch 426	LOSS: 61.37	MAE: 86.48	RMSE: 116.93
Epoch 427	LOSS: 61.19	MAE: 86.05	RMSE: 118.28
Epoch 428	LOSS: 61.76	MAE: 86.20	RMSE: 119.16
Epoch 429	LOSS: 60.00	MAE: 86.94	RMSE: 121.49
Epoch 430	LOSS: 59.11	MAE: 86.53	RMSE: 120.94
Epoch 431	LOSS: 60.39	MAE: 86.91	RMSE: 118.21
Epoch 432	LOSS: 61.33	MAE: 87.83	RMSE: 118.13
Epoch 433	LOSS: 59.58	MAE: 87.68	RMSE: 117.46
Epoch 434	LOSS: 62.03	MAE: 86.86	RMSE: 119.55
Epoch 435	LOSS: 61.68	MAE: 87.31	RMSE: 121.87
Epoch 436	LOSS: 62.36	MAE: 87.09	RMSE: 121.90
Epoch 437	LOSS: 60.60	MAE: 87.73	RMSE: 123.94
Epoch 438	LOSS: 60.95	MAE: 88.08	RMSE: 124.05
Epoch 439	LOSS: 60.20	MAE: 86.57	RMSE: 120.01
Epoch 440	LOSS: 60.55	MAE: 88.40	RMSE: 118.50
Epoch 441	LOSS: 59.68	MAE: 89.65	RMSE: 118.53
Epoch 442	LOSS: 61.30	MAE: 87.61	RMSE: 117.91
Epoch 443	LOSS: 63.82	MAE: 86.83	RMSE: 117.79
Epoch 444	LOSS: 59.55	MAE: 85.93	RMSE: 116.86
Epoch 445	LOSS: 60.79	MAE: 86.08	RMSE: 116.95
Epoch 446	LOSS: 59.90	MAE: 84.89	RMSE: 118.14
Epoch 447	LOSS: 59.82	MAE: 86.41	RMSE: 121.84
Epoch 448	LOSS: 58.93	MAE: 85.43	RMSE: 120.75
Epoch 449	LOSS: 57.59	MAE: 84.93	RMSE: 118.21
Epoch 450	LOSS: 59.28	MAE: 85.53	RMSE: 117.72
Epoch 451	LOSS: 58.05	MAE: 86.64	RMSE: 117.15
Epoch 452	LOSS: 58.89	MAE: 85.75	RMSE: 117.04
Epoch 453	LOSS: 60.01	MAE: 86.64	RMSE: 122.13
Epoch 454	LOSS: 60.42	MAE: 88.53	RMSE: 125.50
Epoch 455	LOSS: 61.98	MAE: 85.39	RMSE: 118.14
Epoch 456	LOSS: 60.45	MAE: 86.26	RMSE: 117.19
Epoch 457	LOSS: 60.20	MAE: 85.72	RMSE: 117.68
Epoch 458	LOSS: 62.74	MAE: 86.01	RMSE: 118.27
Epoch 459	LOSS: 58.87	MAE: 84.97	RMSE: 117.09
Epoch 460	LOSS: 60.73	MAE: 85.38	RMSE: 116.93
Epoch 461	LOSS: 58.92	MAE: 84.56	RMSE: 117.46
Epoch 462	LOSS: 59.42	MAE: 84.79	RMSE: 118.76
Epoch 463	LOSS: 58.07	MAE: 84.33	RMSE: 117.71
Epoch 464	LOSS: 57.73	MAE: 84.41	RMSE: 117.47
Epoch 465	LOSS: 57.28	MAE: 84.22	RMSE: 117.97
Epoch 466	LOSS: 58.18	MAE: 84.61	RMSE: 119.41
Epoch 467	LOSS: 58.07	MAE: 84.40	RMSE: 117.69
Epoch 468	LOSS: 57.68	MAE: 84.45	RMSE: 118.20
Epoch 469	LOSS: 57.62	MAE: 84.20	RMSE: 118.42
Epoch 470	LOSS: 56.92	MAE: 84.36	RMSE: 116.43
Epoch 471	LOSS: 59.03	MAE: 84.66	RMSE: 118.96
Epoch 472	LOSS: 56.98	MAE: 83.74	RMSE: 117.87
Epoch 473	LOSS: 57.52	MAE: 83.24	RMSE: 116.36
Epoch 474	LOSS: 57.09	MAE: 83.12	RMSE: 116.05
Epoch 475	LOSS: 56.19	MAE: 83.13	RMSE: 116.02
Epoch 476	LOSS: 56.81	MAE: 83.05	RMSE: 116.33
Epoch 477	LOSS: 57.02	MAE: 83.34	RMSE: 115.77
Epoch 478	LOSS: 57.04	MAE: 83.75	RMSE: 115.33
Epoch 479	LOSS: 57.75	MAE: 83.57	RMSE: 116.04
Epoch 480	LOSS: 56.78	MAE: 83.39	RMSE: 115.69
Epoch 481	LOSS: 56.26	MAE: 83.48	RMSE: 117.06
Epoch 482	LOSS: 56.27	MAE: 83.21	RMSE: 116.75
Epoch 483	LOSS: 56.12	MAE: 84.26	RMSE: 119.83
Epoch 484	LOSS: 55.58	MAE: 83.50	RMSE: 116.09
Epoch 485	LOSS: 56.05	MAE: 83.74	RMSE: 115.23
Epoch 486	LOSS: 56.04	MAE: 83.01	RMSE: 114.99
Epoch 487	LOSS: 57.66	MAE: 82.75	RMSE: 115.62
Epoch 488	LOSS: 56.89	MAE: 82.74	RMSE: 115.28
Epoch 489	LOSS: 56.68	MAE: 83.10	RMSE: 114.62
Epoch 490	LOSS: 55.80	MAE: 82.66	RMSE: 115.62
Epoch 491	LOSS: 55.49	MAE: 82.38	RMSE: 115.15
Epoch 492	LOSS: 56.29	MAE: 84.46	RMSE: 114.06
Epoch 493	LOSS: 56.77	MAE: 83.46	RMSE: 114.10
Epoch 494	LOSS: 56.44	MAE: 82.52	RMSE: 114.86
Epoch 495	LOSS: 55.85	MAE: 82.32	RMSE: 115.69
Epoch 496	LOSS: 55.41	MAE: 82.58	RMSE: 116.69
Epoch 497	LOSS: 55.48	MAE: 83.69	RMSE: 114.28
Epoch 498	LOSS: 56.90	MAE: 82.69	RMSE: 115.08
Epoch 499	LOSS: 55.30	MAE: 82.05	RMSE: 114.30
