Epoch 000	LOSS: 65.56	MAE: 60.36	RMSE: 75.95
Epoch 001	LOSS: 30.86	MAE: 57.05	RMSE: 73.90
Epoch 002	LOSS: 25.89	MAE: 56.39	RMSE: 73.72
Epoch 003	LOSS: 24.54	MAE: 55.62	RMSE: 72.93
Epoch 004	LOSS: 24.49	MAE: 54.72	RMSE: 72.11
Epoch 005	LOSS: 23.87	MAE: 53.86	RMSE: 71.50
Epoch 006	LOSS: 23.43	MAE: 53.64	RMSE: 71.29
Epoch 007	LOSS: 23.58	MAE: 53.71	RMSE: 71.34
Epoch 008	LOSS: 23.51	MAE: 53.70	RMSE: 71.37
Epoch 009	LOSS: 23.63	MAE: 53.20	RMSE: 70.96
Epoch 010	LOSS: 22.98	MAE: 53.54	RMSE: 71.29
Epoch 011	LOSS: 23.17	MAE: 54.28	RMSE: 71.83
Epoch 012	LOSS: 22.47	MAE: 53.46	RMSE: 71.21
Epoch 013	LOSS: 22.26	MAE: 53.08	RMSE: 70.99
Epoch 014	LOSS: 21.68	MAE: 53.72	RMSE: 71.47
Epoch 015	LOSS: 20.22	MAE: 53.96	RMSE: 71.73
Epoch 016	LOSS: 19.42	MAE: 53.29	RMSE: 71.32
Epoch 017	LOSS: 18.17	MAE: 52.84	RMSE: 71.01
Epoch 018	LOSS: 17.91	MAE: 52.41	RMSE: 70.73
Epoch 019	LOSS: 17.62	MAE: 53.09	RMSE: 71.27
Epoch 020	LOSS: 17.43	MAE: 52.32	RMSE: 70.68
Epoch 021	LOSS: 17.30	MAE: 52.67	RMSE: 70.91
Epoch 022	LOSS: 17.26	MAE: 52.68	RMSE: 70.95
Epoch 023	LOSS: 16.87	MAE: 52.35	RMSE: 70.68
Epoch 024	LOSS: 17.11	MAE: 52.43	RMSE: 70.76
Epoch 025	LOSS: 16.73	MAE: 52.25	RMSE: 70.59
Epoch 026	LOSS: 16.54	MAE: 52.41	RMSE: 70.71
Epoch 027	LOSS: 16.25	MAE: 52.13	RMSE: 70.52
Epoch 028	LOSS: 16.43	MAE: 52.17	RMSE: 70.60
Epoch 029	LOSS: 16.03	MAE: 51.98	RMSE: 70.40
Epoch 030	LOSS: 16.27	MAE: 52.08	RMSE: 70.48
Epoch 031	LOSS: 16.14	MAE: 52.07	RMSE: 70.47
Epoch 032	LOSS: 15.68	MAE: 51.94	RMSE: 70.36
Epoch 033	LOSS: 15.59	MAE: 51.71	RMSE: 70.18
Epoch 034	LOSS: 16.23	MAE: 52.02	RMSE: 70.41
Epoch 035	LOSS: 15.91	MAE: 52.04	RMSE: 70.38
Epoch 036	LOSS: 15.69	MAE: 51.66	RMSE: 70.12
Epoch 037	LOSS: 16.21	MAE: 52.04	RMSE: 70.41
Epoch 038	LOSS: 15.44	MAE: 51.73	RMSE: 70.18
Epoch 039	LOSS: 15.27	MAE: 51.71	RMSE: 70.13
Epoch 040	LOSS: 15.31	MAE: 51.55	RMSE: 69.94
Epoch 041	LOSS: 15.37	MAE: 51.01	RMSE: 69.42
Epoch 042	LOSS: 15.64	MAE: 50.96	RMSE: 69.28
Epoch 043	LOSS: 15.86	MAE: 50.89	RMSE: 69.08
Epoch 044	LOSS: 15.89	MAE: 50.25	RMSE: 68.58
Epoch 045	LOSS: 15.58	MAE: 50.10	RMSE: 68.27
Epoch 046	LOSS: 15.63	MAE: 49.28	RMSE: 67.56
Epoch 047	LOSS: 15.14	MAE: 49.82	RMSE: 67.92
Epoch 048	LOSS: 15.17	MAE: 48.35	RMSE: 66.49
Epoch 049	LOSS: 15.02	MAE: 46.95	RMSE: 64.94
Epoch 050	LOSS: 15.46	MAE: 44.96	RMSE: 62.57
Epoch 051	LOSS: 15.08	MAE: 38.27	RMSE: 52.48
Epoch 052	LOSS: 15.12	MAE: 32.18	RMSE: 41.83
Epoch 053	LOSS: 15.39	MAE: 32.38	RMSE: 42.10
Epoch 054	LOSS: 14.99	MAE: 29.88	RMSE: 38.17
Epoch 055	LOSS: 15.15	MAE: 28.74	RMSE: 37.16
Epoch 056	LOSS: 15.04	MAE: 28.91	RMSE: 37.19
Epoch 057	LOSS: 15.03	MAE: 28.73	RMSE: 36.89
Epoch 058	LOSS: 16.22	MAE: 30.28	RMSE: 38.73
Epoch 059	LOSS: 15.47	MAE: 30.69	RMSE: 39.34
Epoch 060	LOSS: 15.15	MAE: 30.39	RMSE: 38.80
Epoch 061	LOSS: 14.90	MAE: 29.51	RMSE: 37.68
Epoch 062	LOSS: 15.48	MAE: 29.58	RMSE: 37.80
Epoch 063	LOSS: 15.23	MAE: 28.67	RMSE: 36.90
Epoch 064	LOSS: 14.85	MAE: 28.46	RMSE: 36.88
Epoch 065	LOSS: 14.72	MAE: 28.69	RMSE: 36.91
Epoch 066	LOSS: 14.76	MAE: 28.73	RMSE: 36.92
Epoch 067	LOSS: 14.76	MAE: 29.09	RMSE: 37.16
Epoch 068	LOSS: 14.83	MAE: 28.42	RMSE: 36.80
Epoch 069	LOSS: 14.80	MAE: 28.76	RMSE: 36.96
Epoch 070	LOSS: 14.52	MAE: 28.98	RMSE: 37.05
Epoch 071	LOSS: 14.67	MAE: 30.09	RMSE: 38.39
Epoch 072	LOSS: 14.60	MAE: 30.86	RMSE: 39.71
Epoch 073	LOSS: 14.63	MAE: 29.93	RMSE: 38.19
Epoch 074	LOSS: 14.49	MAE: 28.95	RMSE: 37.12
Epoch 075	LOSS: 14.57	MAE: 30.15	RMSE: 38.45
Epoch 076	LOSS: 14.41	MAE: 29.23	RMSE: 37.42
Epoch 077	LOSS: 14.29	MAE: 29.13	RMSE: 37.25
Epoch 078	LOSS: 14.49	MAE: 28.13	RMSE: 36.87
Epoch 079	LOSS: 14.59	MAE: 28.35	RMSE: 36.78
Epoch 080	LOSS: 14.31	MAE: 28.53	RMSE: 36.80
Epoch 081	LOSS: 14.21	MAE: 28.15	RMSE: 37.46
Epoch 082	LOSS: 14.59	MAE: 28.31	RMSE: 36.93
Epoch 083	LOSS: 14.34	MAE: 28.65	RMSE: 36.84
Epoch 084	LOSS: 14.38	MAE: 28.85	RMSE: 36.99
Epoch 085	LOSS: 14.28	MAE: 29.41	RMSE: 37.51
Epoch 086	LOSS: 14.17	MAE: 28.60	RMSE: 36.80
Epoch 087	LOSS: 14.26	MAE: 28.04	RMSE: 36.95
Epoch 088	LOSS: 14.15	MAE: 27.99	RMSE: 36.85
Epoch 089	LOSS: 14.31	MAE: 28.00	RMSE: 38.00
Epoch 090	LOSS: 14.58	MAE: 28.04	RMSE: 37.41
Epoch 091	LOSS: 14.95	MAE: 28.35	RMSE: 36.50
Epoch 092	LOSS: 14.47	MAE: 28.85	RMSE: 36.87
Epoch 093	LOSS: 14.20	MAE: 28.33	RMSE: 36.57
Epoch 094	LOSS: 14.00	MAE: 27.84	RMSE: 36.69
Epoch 095	LOSS: 14.05	MAE: 28.15	RMSE: 36.68
Epoch 096	LOSS: 13.86	MAE: 28.20	RMSE: 36.51
Epoch 097	LOSS: 13.89	MAE: 28.57	RMSE: 36.61
Epoch 098	LOSS: 13.89	MAE: 28.56	RMSE: 36.65
Epoch 099	LOSS: 13.99	MAE: 29.59	RMSE: 37.71
Epoch 100	LOSS: 14.05	MAE: 29.32	RMSE: 37.41
Epoch 101	LOSS: 13.93	MAE: 27.92	RMSE: 36.53
Epoch 102	LOSS: 13.94	MAE: 28.04	RMSE: 36.70
Epoch 103	LOSS: 14.04	MAE: 28.31	RMSE: 36.60
Epoch 104	LOSS: 13.86	MAE: 28.48	RMSE: 36.64
Epoch 105	LOSS: 13.77	MAE: 28.74	RMSE: 36.85
Epoch 106	LOSS: 14.05	MAE: 27.91	RMSE: 36.50
Epoch 107	LOSS: 13.98	MAE: 28.57	RMSE: 36.76
Epoch 108	LOSS: 13.78	MAE: 28.43	RMSE: 36.62
Epoch 109	LOSS: 13.71	MAE: 29.98	RMSE: 38.38
Epoch 110	LOSS: 13.66	MAE: 30.93	RMSE: 39.85
Epoch 111	LOSS: 13.82	MAE: 29.44	RMSE: 37.68
Epoch 112	LOSS: 13.74	MAE: 29.02	RMSE: 37.14
Epoch 113	LOSS: 13.73	MAE: 28.32	RMSE: 36.59
Epoch 114	LOSS: 13.96	MAE: 28.73	RMSE: 36.90
Epoch 115	LOSS: 13.64	MAE: 28.64	RMSE: 36.81
Epoch 116	LOSS: 13.87	MAE: 29.14	RMSE: 37.33
Epoch 117	LOSS: 13.61	MAE: 29.31	RMSE: 37.56
Epoch 118	LOSS: 13.68	MAE: 29.52	RMSE: 37.81
Epoch 119	LOSS: 13.72	MAE: 27.97	RMSE: 36.92
Epoch 120	LOSS: 13.50	MAE: 28.05	RMSE: 38.80
Epoch 121	LOSS: 14.34	MAE: 28.05	RMSE: 36.62
Epoch 122	LOSS: 13.75	MAE: 29.31	RMSE: 37.42
Epoch 123	LOSS: 14.02	MAE: 29.34	RMSE: 37.52
Epoch 124	LOSS: 13.79	MAE: 27.99	RMSE: 36.90
Epoch 125	LOSS: 13.60	MAE: 28.09	RMSE: 38.73
Epoch 126	LOSS: 13.45	MAE: 27.99	RMSE: 37.27
Epoch 127	LOSS: 13.51	MAE: 27.94	RMSE: 36.52
Epoch 128	LOSS: 13.50	MAE: 28.70	RMSE: 36.85
Epoch 129	LOSS: 13.49	MAE: 28.50	RMSE: 36.70
Epoch 130	LOSS: 13.66	MAE: 28.35	RMSE: 36.54
Epoch 131	LOSS: 13.29	MAE: 28.15	RMSE: 39.00
Epoch 132	LOSS: 13.66	MAE: 27.82	RMSE: 37.06
Epoch 133	LOSS: 13.30	MAE: 28.10	RMSE: 36.46
Epoch 134	LOSS: 13.59	MAE: 28.43	RMSE: 36.54
Epoch 135	LOSS: 13.21	MAE: 28.65	RMSE: 36.74
Epoch 136	LOSS: 13.22	MAE: 28.78	RMSE: 36.90
Epoch 137	LOSS: 13.55	MAE: 28.99	RMSE: 37.13
Epoch 138	LOSS: 13.28	MAE: 29.87	RMSE: 38.15
Epoch 139	LOSS: 13.18	MAE: 28.36	RMSE: 36.57
Epoch 140	LOSS: 13.19	MAE: 28.74	RMSE: 36.95
Epoch 141	LOSS: 13.36	MAE: 28.79	RMSE: 36.96
Epoch 142	LOSS: 13.19	MAE: 27.97	RMSE: 36.45
Epoch 143	LOSS: 13.26	MAE: 27.81	RMSE: 36.74
Epoch 144	LOSS: 13.42	MAE: 27.67	RMSE: 36.75
Epoch 145	LOSS: 13.19	MAE: 28.37	RMSE: 36.53
Epoch 146	LOSS: 13.07	MAE: 27.69	RMSE: 36.80
Epoch 147	LOSS: 12.96	MAE: 27.90	RMSE: 36.95
Epoch 148	LOSS: 13.07	MAE: 27.74	RMSE: 36.72
Epoch 149	LOSS: 12.97	MAE: 27.94	RMSE: 36.64
Epoch 150	LOSS: 13.10	MAE: 28.31	RMSE: 36.62
Epoch 151	LOSS: 13.04	MAE: 28.00	RMSE: 36.44
Epoch 152	LOSS: 13.06	MAE: 27.91	RMSE: 36.55
Epoch 153	LOSS: 13.17	MAE: 27.77	RMSE: 36.60
Epoch 154	LOSS: 12.88	MAE: 28.03	RMSE: 36.47
Epoch 155	LOSS: 12.93	MAE: 28.42	RMSE: 36.62
Epoch 156	LOSS: 12.81	MAE: 28.53	RMSE: 36.70
Epoch 157	LOSS: 12.93	MAE: 28.35	RMSE: 36.55
Epoch 158	LOSS: 13.04	MAE: 28.12	RMSE: 36.46
Epoch 159	LOSS: 13.04	MAE: 28.32	RMSE: 36.56
Epoch 160	LOSS: 12.95	MAE: 28.43	RMSE: 36.62
Epoch 161	LOSS: 13.02	MAE: 27.78	RMSE: 36.71
Epoch 162	LOSS: 12.86	MAE: 27.79	RMSE: 36.69
Epoch 163	LOSS: 12.74	MAE: 27.88	RMSE: 36.61
Epoch 164	LOSS: 12.84	MAE: 28.00	RMSE: 36.46
Epoch 165	LOSS: 12.99	MAE: 28.52	RMSE: 36.72
Epoch 166	LOSS: 13.11	MAE: 28.20	RMSE: 36.52
Epoch 167	LOSS: 12.85	MAE: 28.08	RMSE: 36.51
Epoch 168	LOSS: 12.62	MAE: 28.18	RMSE: 36.52
Epoch 169	LOSS: 12.70	MAE: 28.15	RMSE: 36.56
Epoch 170	LOSS: 12.66	MAE: 27.88	RMSE: 36.48
Epoch 171	LOSS: 12.78	MAE: 28.23	RMSE: 36.57
Epoch 172	LOSS: 12.66	MAE: 28.17	RMSE: 36.57
Epoch 173	LOSS: 12.65	MAE: 27.90	RMSE: 36.51
Epoch 174	LOSS: 12.76	MAE: 28.12	RMSE: 36.53
Epoch 175	LOSS: 12.58	MAE: 27.95	RMSE: 36.46
Epoch 176	LOSS: 12.82	MAE: 27.96	RMSE: 36.61
Epoch 177	LOSS: 12.85	MAE: 27.73	RMSE: 36.71
Epoch 178	LOSS: 12.66	MAE: 27.76	RMSE: 36.54
Epoch 179	LOSS: 12.78	MAE: 28.01	RMSE: 36.59
Epoch 180	LOSS: 12.55	MAE: 27.77	RMSE: 36.57
Epoch 181	LOSS: 12.75	MAE: 27.68	RMSE: 36.51
Epoch 182	LOSS: 12.52	MAE: 27.93	RMSE: 36.64
Epoch 183	LOSS: 12.61	MAE: 27.76	RMSE: 36.59
Epoch 184	LOSS: 12.70	MAE: 28.05	RMSE: 37.01
Epoch 185	LOSS: 12.59	MAE: 27.75	RMSE: 36.68
Epoch 186	LOSS: 12.64	MAE: 27.81	RMSE: 36.45
Epoch 187	LOSS: 12.64	MAE: 28.14	RMSE: 36.47
Epoch 188	LOSS: 12.48	MAE: 28.32	RMSE: 36.55
Epoch 189	LOSS: 12.61	MAE: 27.76	RMSE: 36.67
Epoch 190	LOSS: 12.55	MAE: 28.86	RMSE: 37.03
Epoch 191	LOSS: 12.47	MAE: 29.32	RMSE: 37.66
Epoch 192	LOSS: 12.44	MAE: 29.02	RMSE: 37.17
Epoch 193	LOSS: 12.56	MAE: 27.70	RMSE: 36.57
Epoch 194	LOSS: 12.28	MAE: 27.72	RMSE: 37.21
Epoch 195	LOSS: 12.40	MAE: 27.61	RMSE: 37.24
Epoch 196	LOSS: 12.63	MAE: 27.83	RMSE: 36.55
Epoch 197	LOSS: 12.40	MAE: 28.30	RMSE: 36.58
Epoch 198	LOSS: 12.45	MAE: 27.80	RMSE: 36.57
Epoch 199	LOSS: 12.45	MAE: 28.04	RMSE: 36.47
Epoch 200	LOSS: 12.42	MAE: 27.98	RMSE: 36.50
Epoch 201	LOSS: 12.35	MAE: 27.57	RMSE: 36.91
Epoch 202	LOSS: 12.33	MAE: 27.82	RMSE: 36.64
Epoch 203	LOSS: 12.40	MAE: 28.30	RMSE: 36.54
Epoch 204	LOSS: 12.31	MAE: 28.43	RMSE: 36.65
Epoch 205	LOSS: 12.44	MAE: 27.75	RMSE: 36.66
Epoch 206	LOSS: 12.15	MAE: 27.72	RMSE: 36.96
Epoch 207	LOSS: 12.33	MAE: 27.60	RMSE: 36.79
Epoch 208	LOSS: 12.42	MAE: 27.80	RMSE: 36.52
Epoch 209	LOSS: 12.60	MAE: 27.84	RMSE: 36.38
Epoch 210	LOSS: 12.12	MAE: 28.20	RMSE: 36.51
Epoch 211	LOSS: 12.40	MAE: 27.71	RMSE: 36.48
Epoch 212	LOSS: 12.28	MAE: 27.62	RMSE: 37.19
Epoch 213	LOSS: 12.35	MAE: 27.87	RMSE: 36.82
Epoch 214	LOSS: 12.29	MAE: 27.87	RMSE: 36.40
Epoch 215	LOSS: 12.45	MAE: 28.29	RMSE: 36.53
Epoch 216	LOSS: 12.21	MAE: 27.96	RMSE: 36.43
Epoch 217	LOSS: 12.00	MAE: 28.01	RMSE: 36.45
Epoch 218	LOSS: 12.33	MAE: 27.77	RMSE: 36.48
Epoch 219	LOSS: 12.28	MAE: 27.87	RMSE: 36.49
Epoch 220	LOSS: 12.12	MAE: 28.04	RMSE: 36.45
Epoch 221	LOSS: 12.11	MAE: 28.40	RMSE: 36.63
Epoch 222	LOSS: 12.13	MAE: 28.58	RMSE: 36.77
Epoch 223	LOSS: 12.34	MAE: 28.64	RMSE: 36.88
Epoch 224	LOSS: 12.18	MAE: 28.74	RMSE: 36.96
Epoch 225	LOSS: 12.40	MAE: 28.57	RMSE: 36.79
Epoch 226	LOSS: 12.17	MAE: 27.78	RMSE: 36.47
Epoch 227	LOSS: 12.16	MAE: 27.90	RMSE: 36.52
Epoch 228	LOSS: 12.11	MAE: 28.11	RMSE: 36.50
Epoch 229	LOSS: 12.04	MAE: 28.19	RMSE: 36.50
Epoch 230	LOSS: 12.10	MAE: 28.23	RMSE: 36.58
Epoch 231	LOSS: 12.02	MAE: 28.03	RMSE: 36.48
Epoch 232	LOSS: 11.95	MAE: 27.99	RMSE: 36.50
Epoch 233	LOSS: 12.14	MAE: 27.93	RMSE: 36.60
Epoch 234	LOSS: 11.91	MAE: 27.95	RMSE: 36.45
Epoch 235	LOSS: 11.95	MAE: 27.99	RMSE: 36.39
Epoch 236	LOSS: 12.10	MAE: 28.08	RMSE: 36.50
Epoch 237	LOSS: 12.17	MAE: 27.76	RMSE: 38.38
Epoch 238	LOSS: 12.30	MAE: 29.67	RMSE: 42.90
Epoch 239	LOSS: 11.98	MAE: 27.71	RMSE: 36.55
Epoch 240	LOSS: 12.04	MAE: 31.52	RMSE: 41.05
Epoch 241	LOSS: 11.96	MAE: 32.91	RMSE: 43.58
Epoch 242	LOSS: 11.90	MAE: 31.81	RMSE: 41.76
Epoch 243	LOSS: 12.00	MAE: 30.20	RMSE: 38.85
Epoch 244	LOSS: 11.97	MAE: 28.08	RMSE: 36.37
Epoch 245	LOSS: 11.95	MAE: 27.66	RMSE: 36.42
Epoch 246	LOSS: 11.85	MAE: 27.78	RMSE: 36.48
Epoch 247	LOSS: 11.89	MAE: 27.75	RMSE: 38.36
Epoch 248	LOSS: 11.91	MAE: 27.66	RMSE: 37.77
Epoch 249	LOSS: 11.82	MAE: 27.68	RMSE: 36.61
Epoch 250	LOSS: 11.81	MAE: 27.84	RMSE: 36.28
Epoch 251	LOSS: 11.75	MAE: 28.28	RMSE: 36.47
Epoch 252	LOSS: 11.99	MAE: 27.97	RMSE: 36.30
Epoch 253	LOSS: 11.81	MAE: 27.70	RMSE: 36.45
Epoch 254	LOSS: 11.76	MAE: 27.68	RMSE: 36.46
Epoch 255	LOSS: 11.88	MAE: 27.83	RMSE: 36.41
Epoch 256	LOSS: 11.91	MAE: 28.16	RMSE: 36.47
Epoch 257	LOSS: 11.81	MAE: 27.62	RMSE: 36.50
Epoch 258	LOSS: 11.86	MAE: 27.89	RMSE: 36.43
Epoch 259	LOSS: 11.87	MAE: 27.66	RMSE: 36.49
Epoch 260	LOSS: 11.74	MAE: 27.67	RMSE: 36.54
Epoch 261	LOSS: 11.83	MAE: 27.68	RMSE: 36.54
Epoch 262	LOSS: 11.69	MAE: 27.84	RMSE: 36.50
Epoch 263	LOSS: 12.02	MAE: 27.79	RMSE: 36.59
Epoch 264	LOSS: 11.81	MAE: 27.96	RMSE: 36.57
Epoch 265	LOSS: 11.74	MAE: 27.85	RMSE: 36.37
Epoch 266	LOSS: 11.74	MAE: 28.35	RMSE: 36.64
Epoch 267	LOSS: 11.72	MAE: 27.82	RMSE: 36.42
Epoch 268	LOSS: 11.81	MAE: 27.99	RMSE: 36.47
Epoch 269	LOSS: 11.77	MAE: 27.88	RMSE: 36.38
Epoch 270	LOSS: 11.71	MAE: 28.13	RMSE: 36.50
Epoch 271	LOSS: 11.61	MAE: 27.91	RMSE: 36.39
Epoch 272	LOSS: 11.59	MAE: 27.87	RMSE: 36.42
Epoch 273	LOSS: 11.78	MAE: 27.74	RMSE: 36.56
Epoch 274	LOSS: 11.53	MAE: 27.54	RMSE: 36.91
Epoch 275	LOSS: 11.66	MAE: 27.66	RMSE: 36.89
Epoch 276	LOSS: 11.76	MAE: 27.96	RMSE: 36.34
Epoch 277	LOSS: 11.56	MAE: 28.62	RMSE: 36.76
Epoch 278	LOSS: 11.54	MAE: 27.69	RMSE: 36.33
Epoch 279	LOSS: 11.91	MAE: 27.58	RMSE: 36.74
Epoch 280	LOSS: 11.78	MAE: 27.58	RMSE: 36.81
Epoch 281	LOSS: 11.91	MAE: 27.78	RMSE: 36.44
Epoch 282	LOSS: 11.50	MAE: 28.20	RMSE: 36.50
Epoch 283	LOSS: 11.88	MAE: 28.18	RMSE: 36.45
Epoch 284	LOSS: 11.63	MAE: 27.64	RMSE: 36.80
Epoch 285	LOSS: 11.59	MAE: 27.62	RMSE: 37.64
Epoch 286	LOSS: 11.73	MAE: 27.61	RMSE: 37.40
Epoch 287	LOSS: 11.79	MAE: 27.51	RMSE: 36.63
Epoch 288	LOSS: 11.64	MAE: 27.76	RMSE: 36.42
Epoch 289	LOSS: 12.48	MAE: 27.89	RMSE: 36.36
Epoch 290	LOSS: 11.56	MAE: 28.51	RMSE: 36.70
Epoch 291	LOSS: 12.08	MAE: 27.62	RMSE: 36.90
Epoch 292	LOSS: 11.64	MAE: 28.23	RMSE: 39.86
Epoch 293	LOSS: 11.82	MAE: 28.14	RMSE: 39.81
Epoch 294	LOSS: 11.73	MAE: 27.59	RMSE: 36.74
Epoch 295	LOSS: 11.59	MAE: 27.80	RMSE: 36.29
Epoch 296	LOSS: 11.85	MAE: 27.66	RMSE: 36.77
Epoch 297	LOSS: 11.56	MAE: 27.65	RMSE: 36.75
Epoch 298	LOSS: 11.50	MAE: 27.78	RMSE: 36.34
Epoch 299	LOSS: 11.60	MAE: 27.88	RMSE: 36.36
Epoch 300	LOSS: 11.89	MAE: 27.78	RMSE: 36.31
Epoch 301	LOSS: 11.44	MAE: 28.13	RMSE: 36.50
Epoch 302	LOSS: 11.35	MAE: 27.60	RMSE: 36.37
Epoch 303	LOSS: 11.77	MAE: 27.63	RMSE: 36.32
Epoch 304	LOSS: 11.58	MAE: 27.94	RMSE: 36.51
Epoch 305	LOSS: 11.51	MAE: 27.63	RMSE: 36.34
Epoch 306	LOSS: 11.49	MAE: 28.19	RMSE: 36.47
Epoch 307	LOSS: 11.47	MAE: 27.77	RMSE: 36.33
Epoch 308	LOSS: 11.45	MAE: 27.97	RMSE: 36.42
Epoch 309	LOSS: 11.45	MAE: 28.09	RMSE: 36.47
Epoch 310	LOSS: 11.53	MAE: 27.58	RMSE: 36.49
Epoch 311	LOSS: 11.45	MAE: 27.68	RMSE: 36.46
Epoch 312	LOSS: 11.55	MAE: 27.72	RMSE: 36.61
Epoch 313	LOSS: 11.43	MAE: 27.92	RMSE: 36.39
Epoch 314	LOSS: 11.57	MAE: 27.69	RMSE: 37.31
Epoch 315	LOSS: 11.62	MAE: 27.86	RMSE: 38.89
Epoch 316	LOSS: 11.42	MAE: 27.64	RMSE: 36.88
Epoch 317	LOSS: 11.54	MAE: 28.21	RMSE: 36.49
Epoch 318	LOSS: 11.32	MAE: 27.72	RMSE: 36.47
Epoch 319	LOSS: 11.38	MAE: 27.62	RMSE: 36.62
Epoch 320	LOSS: 11.46	MAE: 27.59	RMSE: 36.62
Epoch 321	LOSS: 11.38	MAE: 27.65	RMSE: 36.67
Epoch 322	LOSS: 11.40	MAE: 27.63	RMSE: 36.60
Epoch 323	LOSS: 11.45	MAE: 27.67	RMSE: 36.52
Epoch 324	LOSS: 11.28	MAE: 27.68	RMSE: 36.61
Epoch 325	LOSS: 11.41	MAE: 27.61	RMSE: 37.00
Epoch 326	LOSS: 11.59	MAE: 27.72	RMSE: 36.51
Epoch 327	LOSS: 11.52	MAE: 27.49	RMSE: 36.89
Epoch 328	LOSS: 11.45	MAE: 27.44	RMSE: 36.95
Epoch 329	LOSS: 11.44	MAE: 27.71	RMSE: 36.37
Epoch 330	LOSS: 11.38	MAE: 27.82	RMSE: 36.39
Epoch 331	LOSS: 11.39	MAE: 27.67	RMSE: 36.35
Epoch 332	LOSS: 11.51	MAE: 27.66	RMSE: 36.52
Epoch 333	LOSS: 11.38	MAE: 27.71	RMSE: 36.47
Epoch 334	LOSS: 11.34	MAE: 27.76	RMSE: 36.50
Epoch 335	LOSS: 11.22	MAE: 28.15	RMSE: 36.52
Epoch 336	LOSS: 11.28	MAE: 28.30	RMSE: 36.61
Epoch 337	LOSS: 11.42	MAE: 28.45	RMSE: 36.65
Epoch 338	LOSS: 11.35	MAE: 27.85	RMSE: 36.42
Epoch 339	LOSS: 11.25	MAE: 28.09	RMSE: 36.56
Epoch 340	LOSS: 11.43	MAE: 28.33	RMSE: 36.73
Epoch 341	LOSS: 11.27	MAE: 27.65	RMSE: 36.88
Epoch 342	LOSS: 11.36	MAE: 27.68	RMSE: 36.58
Epoch 343	LOSS: 11.15	MAE: 27.80	RMSE: 36.51
Epoch 344	LOSS: 11.40	MAE: 27.83	RMSE: 36.43
Epoch 345	LOSS: 11.37	MAE: 27.85	RMSE: 36.42
Epoch 346	LOSS: 11.29	MAE: 27.94	RMSE: 36.45
Epoch 347	LOSS: 11.28	MAE: 27.79	RMSE: 36.40
Epoch 348	LOSS: 11.42	MAE: 27.71	RMSE: 36.72
Epoch 349	LOSS: 11.53	MAE: 27.51	RMSE: 37.13
Epoch 350	LOSS: 11.36	MAE: 27.54	RMSE: 36.55
Epoch 351	LOSS: 11.40	MAE: 27.61	RMSE: 36.47
Epoch 352	LOSS: 11.37	MAE: 27.53	RMSE: 36.60
Epoch 353	LOSS: 11.17	MAE: 27.81	RMSE: 36.37
Epoch 354	LOSS: 11.29	MAE: 28.04	RMSE: 36.36
Epoch 355	LOSS: 11.30	MAE: 27.58	RMSE: 36.36
Epoch 356	LOSS: 11.28	MAE: 27.70	RMSE: 36.46
Epoch 357	LOSS: 11.46	MAE: 27.71	RMSE: 36.36
Epoch 358	LOSS: 11.19	MAE: 27.91	RMSE: 36.41
Epoch 359	LOSS: 11.30	MAE: 27.82	RMSE: 36.29
Epoch 360	LOSS: 11.27	MAE: 27.69	RMSE: 37.02
Epoch 361	LOSS: 11.10	MAE: 27.63	RMSE: 36.83
Epoch 362	LOSS: 11.26	MAE: 27.48	RMSE: 36.68
Epoch 363	LOSS: 11.19	MAE: 27.68	RMSE: 36.54
Epoch 364	LOSS: 11.31	MAE: 27.58	RMSE: 36.57
Epoch 365	LOSS: 11.18	MAE: 27.57	RMSE: 36.60
Epoch 366	LOSS: 11.33	MAE: 27.71	RMSE: 36.52
Epoch 367	LOSS: 11.17	MAE: 27.79	RMSE: 36.43
Epoch 368	LOSS: 11.29	MAE: 27.77	RMSE: 36.36
Epoch 369	LOSS: 11.19	MAE: 28.07	RMSE: 36.46
Epoch 370	LOSS: 11.48	MAE: 27.75	RMSE: 36.37
Epoch 371	LOSS: 11.18	MAE: 27.66	RMSE: 36.45
Epoch 372	LOSS: 11.29	MAE: 27.80	RMSE: 36.41
Epoch 373	LOSS: 11.11	MAE: 27.75	RMSE: 36.38
Epoch 374	LOSS: 11.72	MAE: 27.93	RMSE: 36.35
Epoch 375	LOSS: 11.31	MAE: 28.96	RMSE: 37.09
Epoch 376	LOSS: 11.11	MAE: 29.17	RMSE: 37.36
Epoch 377	LOSS: 11.18	MAE: 27.53	RMSE: 36.97
Epoch 378	LOSS: 11.15	MAE: 27.60	RMSE: 37.04
Epoch 379	LOSS: 11.24	MAE: 27.50	RMSE: 36.64
Epoch 380	LOSS: 11.20	MAE: 27.86	RMSE: 36.40
Epoch 381	LOSS: 11.20	MAE: 27.99	RMSE: 36.38
Epoch 382	LOSS: 11.21	MAE: 27.82	RMSE: 36.29
Epoch 383	LOSS: 11.06	MAE: 27.88	RMSE: 36.33
Epoch 384	LOSS: 11.05	MAE: 27.53	RMSE: 36.76
Epoch 385	LOSS: 11.20	MAE: 27.53	RMSE: 37.09
Epoch 386	LOSS: 11.14	MAE: 27.49	RMSE: 36.72
Epoch 387	LOSS: 11.19	MAE: 27.81	RMSE: 36.46
Epoch 388	LOSS: 11.15	MAE: 27.62	RMSE: 36.55
Epoch 389	LOSS: 11.27	MAE: 27.62	RMSE: 36.82
Epoch 390	LOSS: 11.10	MAE: 27.64	RMSE: 36.91
Epoch 391	LOSS: 11.16	MAE: 27.57	RMSE: 36.59
Epoch 392	LOSS: 11.21	MAE: 27.95	RMSE: 36.42
Epoch 393	LOSS: 11.33	MAE: 27.98	RMSE: 36.37
Epoch 394	LOSS: 11.27	MAE: 28.51	RMSE: 36.72
Epoch 395	LOSS: 11.26	MAE: 28.21	RMSE: 36.51
Epoch 396	LOSS: 11.14	MAE: 28.61	RMSE: 36.81
Epoch 397	LOSS: 11.10	MAE: 28.50	RMSE: 36.72
Epoch 398	LOSS: 11.16	MAE: 28.36	RMSE: 36.65
Epoch 399	LOSS: 11.48	MAE: 28.52	RMSE: 36.77
Epoch 400	LOSS: 11.02	MAE: 28.19	RMSE: 36.49
Epoch 401	LOSS: 11.30	MAE: 27.62	RMSE: 37.01
Epoch 402	LOSS: 11.22	MAE: 27.47	RMSE: 36.73
Epoch 403	LOSS: 11.17	MAE: 27.87	RMSE: 36.44
Epoch 404	LOSS: 11.01	MAE: 27.82	RMSE: 36.33
Epoch 405	LOSS: 11.09	MAE: 27.70	RMSE: 36.49
Epoch 406	LOSS: 11.00	MAE: 27.52	RMSE: 36.82
Epoch 407	LOSS: 11.23	MAE: 27.61	RMSE: 36.59
Epoch 408	LOSS: 11.26	MAE: 27.64	RMSE: 36.40
Epoch 409	LOSS: 11.14	MAE: 27.65	RMSE: 36.62
Epoch 410	LOSS: 11.20	MAE: 27.50	RMSE: 37.10
Epoch 411	LOSS: 11.09	MAE: 27.52	RMSE: 37.10
Epoch 412	LOSS: 11.00	MAE: 27.72	RMSE: 36.44
Epoch 413	LOSS: 11.30	MAE: 27.63	RMSE: 36.92
Epoch 414	LOSS: 11.13	MAE: 28.21	RMSE: 40.16
Epoch 415	LOSS: 11.25	MAE: 27.70	RMSE: 38.35
Epoch 416	LOSS: 11.11	MAE: 28.79	RMSE: 37.03
Epoch 417	LOSS: 11.06	MAE: 29.39	RMSE: 37.82
Epoch 418	LOSS: 11.13	MAE: 29.59	RMSE: 37.94
Epoch 419	LOSS: 11.16	MAE: 28.75	RMSE: 36.98
Epoch 420	LOSS: 11.10	MAE: 28.41	RMSE: 36.61
Epoch 421	LOSS: 11.38	MAE: 27.63	RMSE: 36.58
Epoch 422	LOSS: 11.28	MAE: 27.55	RMSE: 37.32
Epoch 423	LOSS: 11.04	MAE: 27.71	RMSE: 36.43
Epoch 424	LOSS: 10.99	MAE: 27.76	RMSE: 36.35
Epoch 425	LOSS: 11.18	MAE: 27.79	RMSE: 36.41
Epoch 426	LOSS: 11.02	MAE: 27.71	RMSE: 36.45
Epoch 427	LOSS: 11.13	MAE: 27.70	RMSE: 36.52
Epoch 428	LOSS: 11.01	MAE: 27.62	RMSE: 37.87
Epoch 429	LOSS: 11.06	MAE: 27.52	RMSE: 36.80
Epoch 430	LOSS: 11.38	MAE: 27.66	RMSE: 36.61
Epoch 431	LOSS: 11.11	MAE: 27.58	RMSE: 36.44
Epoch 432	LOSS: 11.21	MAE: 27.76	RMSE: 36.38
Epoch 433	LOSS: 11.01	MAE: 27.92	RMSE: 36.39
Epoch 434	LOSS: 11.17	MAE: 27.88	RMSE: 36.39
Epoch 435	LOSS: 11.21	MAE: 27.73	RMSE: 36.42
Epoch 436	LOSS: 11.18	MAE: 27.71	RMSE: 36.49
Epoch 437	LOSS: 11.20	MAE: 27.57	RMSE: 36.53
Epoch 438	LOSS: 10.96	MAE: 27.75	RMSE: 36.49
Epoch 439	LOSS: 11.03	MAE: 27.58	RMSE: 36.52
Epoch 440	LOSS: 10.96	MAE: 27.63	RMSE: 36.49
Epoch 441	LOSS: 11.08	MAE: 27.78	RMSE: 36.46
Epoch 442	LOSS: 10.92	MAE: 27.70	RMSE: 36.55
Epoch 443	LOSS: 11.02	MAE: 27.53	RMSE: 36.77
Epoch 444	LOSS: 11.42	MAE: 27.65	RMSE: 36.80
Epoch 445	LOSS: 11.02	MAE: 27.56	RMSE: 36.60
Epoch 446	LOSS: 11.13	MAE: 28.02	RMSE: 36.50
Epoch 447	LOSS: 10.92	MAE: 28.02	RMSE: 36.43
Epoch 448	LOSS: 11.05	MAE: 28.10	RMSE: 36.50
Epoch 449	LOSS: 10.93	MAE: 27.70	RMSE: 36.54
Epoch 450	LOSS: 10.96	MAE: 27.66	RMSE: 36.77
Epoch 451	LOSS: 11.06	MAE: 27.70	RMSE: 36.61
Epoch 452	LOSS: 11.03	MAE: 27.97	RMSE: 36.52
Epoch 453	LOSS: 11.03	MAE: 28.29	RMSE: 36.65
Epoch 454	LOSS: 10.97	MAE: 28.06	RMSE: 36.55
Epoch 455	LOSS: 10.94	MAE: 28.03	RMSE: 36.52
Epoch 456	LOSS: 10.97	MAE: 27.75	RMSE: 36.81
Epoch 457	LOSS: 11.02	MAE: 28.06	RMSE: 39.57
Epoch 458	LOSS: 11.11	MAE: 27.76	RMSE: 37.65
Epoch 459	LOSS: 11.03	MAE: 27.79	RMSE: 36.56
Epoch 460	LOSS: 10.78	MAE: 28.09	RMSE: 36.47
Epoch 461	LOSS: 11.19	MAE: 28.27	RMSE: 36.57
Epoch 462	LOSS: 11.00	MAE: 28.26	RMSE: 36.59
Epoch 463	LOSS: 10.92	MAE: 27.89	RMSE: 36.45
Epoch 464	LOSS: 11.00	MAE: 27.56	RMSE: 37.08
Epoch 465	LOSS: 11.11	MAE: 27.57	RMSE: 36.77
Epoch 466	LOSS: 11.01	MAE: 27.82	RMSE: 36.35
Epoch 467	LOSS: 11.07	MAE: 28.23	RMSE: 36.55
Epoch 468	LOSS: 10.98	MAE: 28.28	RMSE: 36.55
Epoch 469	LOSS: 10.86	MAE: 28.39	RMSE: 36.67
Epoch 470	LOSS: 11.07	MAE: 27.85	RMSE: 36.49
Epoch 471	LOSS: 11.07	MAE: 27.53	RMSE: 37.12
Epoch 472	LOSS: 10.87	MAE: 27.71	RMSE: 37.19
Epoch 473	LOSS: 10.89	MAE: 27.56	RMSE: 36.95
Epoch 474	LOSS: 10.95	MAE: 27.70	RMSE: 36.58
Epoch 475	LOSS: 10.90	MAE: 27.89	RMSE: 36.40
Epoch 476	LOSS: 10.95	MAE: 28.16	RMSE: 36.52
Epoch 477	LOSS: 10.95	MAE: 27.90	RMSE: 36.41
Epoch 478	LOSS: 10.91	MAE: 27.77	RMSE: 36.48
Epoch 479	LOSS: 11.06	MAE: 27.63	RMSE: 36.48
Epoch 480	LOSS: 10.91	MAE: 27.86	RMSE: 36.41
Epoch 481	LOSS: 10.89	MAE: 27.77	RMSE: 36.34
Epoch 482	LOSS: 10.89	MAE: 28.11	RMSE: 36.56
Epoch 483	LOSS: 10.82	MAE: 27.79	RMSE: 37.44
Epoch 484	LOSS: 10.96	MAE: 27.83	RMSE: 37.04
Epoch 485	LOSS: 10.82	MAE: 28.42	RMSE: 36.68
Epoch 486	LOSS: 11.09	MAE: 29.74	RMSE: 38.14
Epoch 487	LOSS: 10.97	MAE: 28.75	RMSE: 37.03
Epoch 488	LOSS: 10.94	MAE: 27.79	RMSE: 36.27
Epoch 489	LOSS: 11.02	MAE: 27.72	RMSE: 36.39
Epoch 490	LOSS: 10.84	MAE: 27.62	RMSE: 36.56
Epoch 491	LOSS: 11.11	MAE: 27.52	RMSE: 36.63
Epoch 492	LOSS: 10.95	MAE: 27.67	RMSE: 36.44
Epoch 493	LOSS: 10.84	MAE: 27.88	RMSE: 36.35
Epoch 494	LOSS: 10.83	MAE: 28.46	RMSE: 36.68
Epoch 495	LOSS: 10.86	MAE: 28.43	RMSE: 36.68
Epoch 496	LOSS: 10.73	MAE: 28.38	RMSE: 36.65
Epoch 497	LOSS: 10.74	MAE: 27.82	RMSE: 36.36
Epoch 498	LOSS: 10.84	MAE: 28.03	RMSE: 36.42
Epoch 499	LOSS: 10.82	MAE: 27.91	RMSE: 36.42
