Epoch 000	LOSS: 120.79	MAE: 63.19	RMSE: 63.77
Epoch 001	LOSS: 119.36	MAE: 63.02	RMSE: 63.60
Epoch 002	LOSS: 117.54	MAE: 62.60	RMSE: 63.19
Epoch 003	LOSS: 112.27	MAE: 61.66	RMSE: 62.29
Epoch 004	LOSS: 101.83	MAE: 59.75	RMSE: 60.50
Epoch 005	LOSS: 84.82	MAE: 56.66	RMSE: 57.78
Epoch 006	LOSS: 59.17	MAE: 52.27	RMSE: 54.41
Epoch 007	LOSS: 30.98	MAE: 46.53	RMSE: 51.14
Epoch 008	LOSS: 23.61	MAE: 44.72	RMSE: 50.40
Epoch 009	LOSS: 23.23	MAE: 46.52	RMSE: 51.72
Epoch 010	LOSS: 17.29	MAE: 46.25	RMSE: 52.86
Epoch 011	LOSS: 12.49	MAE: 46.90	RMSE: 53.24
Epoch 012	LOSS: 12.06	MAE: 46.11	RMSE: 52.80
Epoch 013	LOSS: 10.88	MAE: 45.87	RMSE: 52.55
Epoch 014	LOSS: 9.65	MAE: 45.91	RMSE: 52.56
Epoch 015	LOSS: 9.38	MAE: 45.99	RMSE: 52.69
Epoch 016	LOSS: 9.46	MAE: 46.11	RMSE: 52.81
Epoch 017	LOSS: 9.45	MAE: 46.03	RMSE: 52.75
Epoch 018	LOSS: 9.25	MAE: 45.98	RMSE: 52.69
Epoch 019	LOSS: 9.39	MAE: 46.03	RMSE: 52.75
Epoch 020	LOSS: 9.26	MAE: 46.07	RMSE: 52.79
Epoch 021	LOSS: 9.27	MAE: 46.08	RMSE: 52.80
Epoch 022	LOSS: 9.40	MAE: 46.14	RMSE: 52.86
Epoch 023	LOSS: 9.15	MAE: 46.11	RMSE: 52.85
Epoch 024	LOSS: 9.40	MAE: 46.14	RMSE: 52.87
Epoch 025	LOSS: 9.48	MAE: 46.14	RMSE: 52.85
Epoch 026	LOSS: 9.34	MAE: 46.12	RMSE: 52.84
Epoch 027	LOSS: 9.66	MAE: 46.10	RMSE: 52.83
Epoch 028	LOSS: 9.29	MAE: 46.13	RMSE: 52.87
Epoch 029	LOSS: 9.25	MAE: 46.17	RMSE: 52.90
Epoch 030	LOSS: 9.20	MAE: 46.18	RMSE: 52.93
Epoch 031	LOSS: 9.57	MAE: 46.20	RMSE: 52.94
Epoch 032	LOSS: 9.48	MAE: 46.19	RMSE: 52.94
Epoch 033	LOSS: 9.47	MAE: 46.23	RMSE: 52.96
Epoch 034	LOSS: 9.41	MAE: 46.18	RMSE: 52.91
Epoch 035	LOSS: 9.25	MAE: 46.20	RMSE: 52.94
Epoch 036	LOSS: 9.26	MAE: 46.17	RMSE: 52.91
Epoch 037	LOSS: 9.17	MAE: 46.17	RMSE: 52.91
Epoch 038	LOSS: 9.35	MAE: 46.20	RMSE: 52.93
Epoch 039	LOSS: 9.14	MAE: 46.17	RMSE: 52.91
Epoch 040	LOSS: 9.40	MAE: 46.20	RMSE: 52.93
Epoch 041	LOSS: 9.22	MAE: 46.16	RMSE: 52.90
Epoch 042	LOSS: 9.13	MAE: 46.15	RMSE: 52.89
Epoch 043	LOSS: 9.14	MAE: 46.15	RMSE: 52.89
Epoch 044	LOSS: 9.28	MAE: 46.13	RMSE: 52.87
Epoch 045	LOSS: 9.23	MAE: 46.14	RMSE: 52.87
Epoch 046	LOSS: 9.15	MAE: 46.12	RMSE: 52.86
Epoch 047	LOSS: 9.39	MAE: 46.09	RMSE: 52.83
Epoch 048	LOSS: 9.23	MAE: 46.12	RMSE: 52.85
Epoch 049	LOSS: 9.26	MAE: 46.10	RMSE: 52.83
Epoch 050	LOSS: 9.24	MAE: 46.07	RMSE: 52.81
Epoch 051	LOSS: 9.24	MAE: 46.10	RMSE: 52.83
Epoch 052	LOSS: 9.36	MAE: 46.07	RMSE: 52.81
Epoch 053	LOSS: 9.49	MAE: 46.02	RMSE: 52.75
Epoch 054	LOSS: 9.19	MAE: 46.01	RMSE: 52.74
Epoch 055	LOSS: 8.99	MAE: 45.99	RMSE: 52.72
Epoch 056	LOSS: 9.26	MAE: 46.00	RMSE: 52.73
Epoch 057	LOSS: 9.13	MAE: 45.99	RMSE: 52.73
Epoch 058	LOSS: 9.15	MAE: 46.02	RMSE: 52.76
Epoch 059	LOSS: 9.08	MAE: 45.99	RMSE: 52.73
Epoch 060	LOSS: 9.27	MAE: 45.97	RMSE: 52.71
Epoch 061	LOSS: 9.10	MAE: 45.95	RMSE: 52.68
Epoch 062	LOSS: 9.32	MAE: 45.93	RMSE: 52.65
Epoch 063	LOSS: 9.08	MAE: 45.91	RMSE: 52.64
Epoch 064	LOSS: 9.01	MAE: 45.91	RMSE: 52.65
Epoch 065	LOSS: 8.98	MAE: 45.93	RMSE: 52.66
Epoch 066	LOSS: 9.05	MAE: 45.92	RMSE: 52.65
Epoch 067	LOSS: 9.33	MAE: 45.87	RMSE: 52.60
Epoch 068	LOSS: 8.97	MAE: 45.88	RMSE: 52.60
Epoch 069	LOSS: 8.85	MAE: 45.85	RMSE: 52.58
Epoch 070	LOSS: 9.12	MAE: 45.82	RMSE: 52.55
Epoch 071	LOSS: 9.13	MAE: 45.81	RMSE: 52.53
Epoch 072	LOSS: 9.10	MAE: 45.79	RMSE: 52.51
Epoch 073	LOSS: 9.09	MAE: 45.77	RMSE: 52.49
Epoch 074	LOSS: 8.90	MAE: 45.78	RMSE: 52.50
Epoch 075	LOSS: 8.97	MAE: 45.76	RMSE: 52.47
Epoch 076	LOSS: 9.00	MAE: 45.75	RMSE: 52.45
Epoch 077	LOSS: 9.00	MAE: 45.75	RMSE: 52.45
Epoch 078	LOSS: 9.04	MAE: 45.72	RMSE: 52.43
Epoch 079	LOSS: 9.06	MAE: 45.69	RMSE: 52.40
Epoch 080	LOSS: 9.00	MAE: 45.74	RMSE: 52.44
Epoch 081	LOSS: 9.06	MAE: 45.62	RMSE: 52.33
Epoch 082	LOSS: 9.29	MAE: 45.69	RMSE: 52.36
Epoch 083	LOSS: 8.86	MAE: 45.66	RMSE: 52.36
Epoch 084	LOSS: 9.00	MAE: 45.69	RMSE: 52.41
Epoch 085	LOSS: 8.97	MAE: 45.70	RMSE: 52.42
Epoch 086	LOSS: 9.16	MAE: 45.63	RMSE: 52.35
Epoch 087	LOSS: 8.99	MAE: 45.61	RMSE: 52.32
Epoch 088	LOSS: 8.90	MAE: 45.60	RMSE: 52.32
Epoch 089	LOSS: 8.86	MAE: 45.60	RMSE: 52.31
Epoch 090	LOSS: 9.01	MAE: 45.58	RMSE: 52.28
Epoch 091	LOSS: 9.00	MAE: 45.55	RMSE: 52.26
Epoch 092	LOSS: 8.84	MAE: 45.55	RMSE: 52.25
Epoch 093	LOSS: 8.94	MAE: 45.52	RMSE: 52.23
Epoch 094	LOSS: 9.00	MAE: 45.51	RMSE: 52.21
Epoch 095	LOSS: 8.75	MAE: 45.51	RMSE: 52.21
Epoch 096	LOSS: 8.75	MAE: 45.51	RMSE: 52.20
Epoch 097	LOSS: 8.76	MAE: 45.46	RMSE: 52.17
Epoch 098	LOSS: 8.79	MAE: 45.47	RMSE: 52.16
Epoch 099	LOSS: 8.80	MAE: 45.44	RMSE: 52.13
Epoch 100	LOSS: 8.81	MAE: 45.41	RMSE: 52.11
Epoch 101	LOSS: 8.75	MAE: 45.40	RMSE: 52.10
Epoch 102	LOSS: 8.95	MAE: 45.40	RMSE: 52.09
Epoch 103	LOSS: 9.15	MAE: 45.38	RMSE: 52.07
Epoch 104	LOSS: 9.05	MAE: 45.37	RMSE: 52.06
Epoch 105	LOSS: 8.94	MAE: 45.37	RMSE: 52.06
Epoch 106	LOSS: 8.89	MAE: 45.34	RMSE: 52.03
Epoch 107	LOSS: 8.91	MAE: 45.33	RMSE: 52.01
Epoch 108	LOSS: 8.82	MAE: 45.35	RMSE: 52.03
Epoch 109	LOSS: 8.78	MAE: 45.33	RMSE: 52.01
Epoch 110	LOSS: 9.02	MAE: 45.31	RMSE: 51.99
Epoch 111	LOSS: 8.85	MAE: 45.29	RMSE: 51.97
Epoch 112	LOSS: 8.90	MAE: 45.27	RMSE: 51.95
Epoch 113	LOSS: 8.95	MAE: 45.26	RMSE: 51.94
Epoch 114	LOSS: 8.91	MAE: 45.26	RMSE: 51.94
Epoch 115	LOSS: 8.87	MAE: 45.25	RMSE: 51.93
Epoch 116	LOSS: 8.73	MAE: 45.26	RMSE: 51.94
Epoch 117	LOSS: 8.76	MAE: 45.24	RMSE: 51.91
Epoch 118	LOSS: 9.06	MAE: 45.21	RMSE: 51.88
Epoch 119	LOSS: 8.96	MAE: 45.22	RMSE: 51.89
Epoch 120	LOSS: 8.87	MAE: 45.27	RMSE: 51.93
Epoch 121	LOSS: 8.88	MAE: 45.24	RMSE: 51.92
Epoch 122	LOSS: 8.91	MAE: 45.24	RMSE: 51.92
Epoch 123	LOSS: 9.02	MAE: 45.22	RMSE: 51.89
Epoch 124	LOSS: 8.83	MAE: 45.19	RMSE: 51.87
Epoch 125	LOSS: 9.04	MAE: 45.22	RMSE: 51.88
Epoch 126	LOSS: 8.88	MAE: 45.18	RMSE: 51.85
Epoch 127	LOSS: 8.87	MAE: 45.17	RMSE: 51.83
Epoch 128	LOSS: 8.90	MAE: 45.13	RMSE: 51.80
Epoch 129	LOSS: 9.09	MAE: 45.14	RMSE: 51.81
Epoch 130	LOSS: 8.91	MAE: 45.15	RMSE: 51.81
Epoch 131	LOSS: 8.85	MAE: 45.12	RMSE: 51.79
Epoch 132	LOSS: 8.83	MAE: 45.11	RMSE: 51.77
Epoch 133	LOSS: 8.89	MAE: 45.11	RMSE: 51.76
Epoch 134	LOSS: 8.88	MAE: 45.08	RMSE: 51.74
Epoch 135	LOSS: 8.86	MAE: 45.06	RMSE: 51.72
Epoch 136	LOSS: 8.94	MAE: 45.05	RMSE: 51.71
Epoch 137	LOSS: 8.93	MAE: 45.06	RMSE: 51.71
Epoch 138	LOSS: 8.96	MAE: 45.06	RMSE: 51.71
Epoch 139	LOSS: 9.04	MAE: 45.04	RMSE: 51.70
Epoch 140	LOSS: 8.82	MAE: 45.04	RMSE: 51.69
Epoch 141	LOSS: 8.90	MAE: 45.02	RMSE: 51.67
Epoch 142	LOSS: 8.79	MAE: 45.01	RMSE: 51.66
Epoch 143	LOSS: 8.80	MAE: 44.98	RMSE: 51.62
Epoch 144	LOSS: 8.80	MAE: 44.94	RMSE: 51.59
Epoch 145	LOSS: 8.91	MAE: 44.98	RMSE: 51.61
Epoch 146	LOSS: 8.78	MAE: 44.94	RMSE: 51.58
Epoch 147	LOSS: 8.66	MAE: 44.93	RMSE: 51.57
Epoch 148	LOSS: 8.82	MAE: 44.95	RMSE: 51.58
Epoch 149	LOSS: 8.66	MAE: 44.93	RMSE: 51.58
Epoch 150	LOSS: 8.87	MAE: 44.92	RMSE: 51.56
Epoch 151	LOSS: 9.02	MAE: 44.93	RMSE: 51.56
Epoch 152	LOSS: 8.98	MAE: 44.92	RMSE: 51.54
Epoch 153	LOSS: 8.84	MAE: 44.88	RMSE: 51.52
Epoch 154	LOSS: 9.11	MAE: 44.87	RMSE: 51.51
Epoch 155	LOSS: 8.90	MAE: 44.88	RMSE: 51.51
Epoch 156	LOSS: 8.90	MAE: 44.86	RMSE: 51.49
Epoch 157	LOSS: 8.67	MAE: 44.84	RMSE: 51.47
Epoch 158	LOSS: 8.96	MAE: 44.83	RMSE: 51.46
Epoch 159	LOSS: 9.01	MAE: 44.82	RMSE: 51.44
Epoch 160	LOSS: 8.71	MAE: 44.79	RMSE: 51.42
Epoch 161	LOSS: 8.63	MAE: 44.81	RMSE: 51.44
Epoch 162	LOSS: 9.09	MAE: 44.79	RMSE: 51.41
Epoch 163	LOSS: 8.71	MAE: 44.80	RMSE: 51.43
Epoch 164	LOSS: 9.00	MAE: 44.80	RMSE: 51.42
Epoch 165	LOSS: 8.99	MAE: 44.79	RMSE: 51.41
Epoch 166	LOSS: 8.93	MAE: 44.75	RMSE: 51.37
Epoch 167	LOSS: 8.84	MAE: 44.73	RMSE: 51.35
Epoch 168	LOSS: 9.01	MAE: 44.71	RMSE: 51.33
Epoch 169	LOSS: 8.66	MAE: 44.70	RMSE: 51.31
Epoch 170	LOSS: 8.78	MAE: 44.69	RMSE: 51.30
Epoch 171	LOSS: 8.88	MAE: 44.67	RMSE: 51.28
Epoch 172	LOSS: 8.87	MAE: 44.63	RMSE: 51.24
Epoch 173	LOSS: 9.13	MAE: 44.63	RMSE: 51.23
Epoch 174	LOSS: 8.82	MAE: 44.63	RMSE: 51.23
Epoch 175	LOSS: 8.81	MAE: 44.63	RMSE: 51.22
Epoch 176	LOSS: 8.86	MAE: 44.62	RMSE: 51.21
Epoch 177	LOSS: 8.89	MAE: 44.58	RMSE: 51.17
Epoch 178	LOSS: 8.86	MAE: 44.57	RMSE: 51.16
Epoch 179	LOSS: 8.65	MAE: 44.58	RMSE: 51.18
Epoch 180	LOSS: 8.82	MAE: 44.59	RMSE: 51.18
Epoch 181	LOSS: 8.60	MAE: 44.64	RMSE: 51.25
Epoch 182	LOSS: 8.88	MAE: 44.67	RMSE: 51.28
Epoch 183	LOSS: 8.58	MAE: 44.65	RMSE: 51.26
Epoch 184	LOSS: 8.53	MAE: 44.65	RMSE: 51.25
Epoch 185	LOSS: 8.66	MAE: 44.67	RMSE: 51.28
Epoch 186	LOSS: 8.76	MAE: 44.71	RMSE: 51.32
Epoch 187	LOSS: 8.80	MAE: 44.72	RMSE: 51.34
Epoch 188	LOSS: 8.67	MAE: 44.69	RMSE: 51.32
Epoch 189	LOSS: 8.64	MAE: 44.73	RMSE: 51.35
Epoch 190	LOSS: 8.61	MAE: 44.75	RMSE: 51.37
Epoch 191	LOSS: 8.75	MAE: 44.74	RMSE: 51.37
Epoch 192	LOSS: 8.81	MAE: 44.74	RMSE: 51.37
Epoch 193	LOSS: 8.77	MAE: 44.77	RMSE: 51.40
Epoch 194	LOSS: 8.72	MAE: 44.76	RMSE: 51.39
Epoch 195	LOSS: 8.74	MAE: 44.78	RMSE: 51.41
Epoch 196	LOSS: 8.79	MAE: 44.79	RMSE: 51.41
Epoch 197	LOSS: 8.64	MAE: 44.79	RMSE: 51.41
Epoch 198	LOSS: 8.65	MAE: 44.77	RMSE: 51.40
Epoch 199	LOSS: 8.72	MAE: 44.77	RMSE: 51.40
Epoch 200	LOSS: 8.69	MAE: 44.76	RMSE: 51.39
Epoch 201	LOSS: 8.76	MAE: 44.76	RMSE: 51.40
Epoch 202	LOSS: 8.70	MAE: 44.82	RMSE: 51.45
Epoch 203	LOSS: 8.67	MAE: 44.80	RMSE: 51.42
Epoch 204	LOSS: 8.82	MAE: 44.78	RMSE: 51.42
Epoch 205	LOSS: 8.66	MAE: 44.77	RMSE: 51.41
Epoch 206	LOSS: 8.74	MAE: 44.77	RMSE: 51.41
Epoch 207	LOSS: 8.81	MAE: 44.75	RMSE: 51.38
Epoch 208	LOSS: 8.80	MAE: 44.73	RMSE: 51.37
Epoch 209	LOSS: 8.92	MAE: 44.73	RMSE: 51.37
Epoch 210	LOSS: 8.76	MAE: 44.74	RMSE: 51.36
Epoch 211	LOSS: 8.52	MAE: 44.74	RMSE: 51.37
Epoch 212	LOSS: 8.58	MAE: 44.74	RMSE: 51.37
Epoch 213	LOSS: 8.65	MAE: 44.74	RMSE: 51.37
Epoch 214	LOSS: 8.46	MAE: 44.77	RMSE: 51.40
Epoch 215	LOSS: 8.57	MAE: 44.72	RMSE: 51.35
Epoch 216	LOSS: 8.64	MAE: 44.71	RMSE: 51.34
Epoch 217	LOSS: 8.64	MAE: 44.71	RMSE: 51.33
Epoch 218	LOSS: 8.81	MAE: 44.72	RMSE: 51.35
Epoch 219	LOSS: 8.86	MAE: 44.73	RMSE: 51.35
Epoch 220	LOSS: 8.58	MAE: 44.69	RMSE: 51.32
Epoch 221	LOSS: 8.68	MAE: 44.75	RMSE: 51.37
Epoch 222	LOSS: 8.82	MAE: 44.72	RMSE: 51.35
Epoch 223	LOSS: 8.75	MAE: 44.74	RMSE: 51.37
Epoch 224	LOSS: 8.73	MAE: 44.73	RMSE: 51.36
Epoch 225	LOSS: 8.54	MAE: 44.74	RMSE: 51.37
Epoch 226	LOSS: 8.58	MAE: 44.71	RMSE: 51.34
Epoch 227	LOSS: 8.63	MAE: 44.66	RMSE: 51.29
Epoch 228	LOSS: 8.51	MAE: 44.66	RMSE: 51.29
Epoch 229	LOSS: 8.50	MAE: 44.68	RMSE: 51.30
Epoch 230	LOSS: 8.61	MAE: 44.66	RMSE: 51.29
Epoch 231	LOSS: 8.34	MAE: 44.66	RMSE: 51.30
Epoch 232	LOSS: 8.47	MAE: 44.70	RMSE: 51.32
Epoch 233	LOSS: 8.58	MAE: 44.68	RMSE: 51.32
Epoch 234	LOSS: 8.28	MAE: 44.70	RMSE: 51.33
Epoch 235	LOSS: 8.60	MAE: 44.72	RMSE: 51.36
Epoch 236	LOSS: 8.50	MAE: 44.67	RMSE: 51.31
Epoch 237	LOSS: 8.40	MAE: 44.68	RMSE: 51.32
Epoch 238	LOSS: 8.32	MAE: 44.68	RMSE: 51.32
Epoch 239	LOSS: 8.35	MAE: 44.69	RMSE: 51.33
Epoch 240	LOSS: 8.46	MAE: 44.70	RMSE: 51.34
Epoch 241	LOSS: 8.22	MAE: 44.69	RMSE: 51.32
Epoch 242	LOSS: 8.29	MAE: 44.68	RMSE: 51.31
Epoch 243	LOSS: 8.49	MAE: 44.67	RMSE: 51.30
Epoch 244	LOSS: 8.50	MAE: 44.67	RMSE: 51.30
Epoch 245	LOSS: 8.50	MAE: 44.67	RMSE: 51.30
Epoch 246	LOSS: 8.48	MAE: 44.65	RMSE: 51.28
Epoch 247	LOSS: 8.28	MAE: 44.63	RMSE: 51.26
Epoch 248	LOSS: 8.26	MAE: 44.65	RMSE: 51.27
Epoch 249	LOSS: 8.28	MAE: 44.64	RMSE: 51.27
Epoch 250	LOSS: 8.22	MAE: 44.64	RMSE: 51.27
Epoch 251	LOSS: 8.36	MAE: 44.65	RMSE: 51.27
Epoch 252	LOSS: 8.36	MAE: 44.62	RMSE: 51.24
Epoch 253	LOSS: 8.29	MAE: 44.62	RMSE: 51.26
Epoch 254	LOSS: 8.37	MAE: 44.65	RMSE: 51.28
Epoch 255	LOSS: 8.52	MAE: 44.62	RMSE: 51.25
Epoch 256	LOSS: 8.41	MAE: 44.60	RMSE: 51.23
Epoch 257	LOSS: 8.18	MAE: 44.64	RMSE: 51.26
Epoch 258	LOSS: 8.58	MAE: 44.62	RMSE: 51.25
Epoch 259	LOSS: 8.41	MAE: 44.59	RMSE: 51.21
Epoch 260	LOSS: 8.38	MAE: 44.62	RMSE: 51.24
Epoch 261	LOSS: 8.41	MAE: 44.61	RMSE: 51.24
Epoch 262	LOSS: 8.50	MAE: 44.59	RMSE: 51.22
Epoch 263	LOSS: 8.32	MAE: 44.57	RMSE: 51.20
Epoch 264	LOSS: 8.16	MAE: 44.61	RMSE: 51.24
Epoch 265	LOSS: 8.39	MAE: 44.60	RMSE: 51.23
Epoch 266	LOSS: 8.41	MAE: 44.57	RMSE: 51.20
Epoch 267	LOSS: 8.53	MAE: 44.56	RMSE: 51.18
Epoch 268	LOSS: 8.31	MAE: 44.58	RMSE: 51.20
Epoch 269	LOSS: 8.34	MAE: 44.56	RMSE: 51.18
Epoch 270	LOSS: 8.29	MAE: 44.56	RMSE: 51.18
Epoch 271	LOSS: 8.48	MAE: 44.55	RMSE: 51.18
Epoch 272	LOSS: 8.78	MAE: 44.56	RMSE: 51.18
Epoch 273	LOSS: 8.34	MAE: 44.57	RMSE: 51.19
Epoch 274	LOSS: 8.25	MAE: 44.58	RMSE: 51.20
Epoch 275	LOSS: 8.14	MAE: 44.54	RMSE: 51.16
Epoch 276	LOSS: 8.47	MAE: 44.54	RMSE: 51.17
Epoch 277	LOSS: 8.45	MAE: 44.56	RMSE: 51.17
Epoch 278	LOSS: 8.55	MAE: 44.54	RMSE: 51.15
Epoch 279	LOSS: 8.46	MAE: 44.53	RMSE: 51.15
Epoch 280	LOSS: 8.26	MAE: 44.53	RMSE: 51.15
Epoch 281	LOSS: 8.51	MAE: 44.55	RMSE: 51.17
Epoch 282	LOSS: 8.25	MAE: 44.53	RMSE: 51.15
Epoch 283	LOSS: 8.47	MAE: 44.52	RMSE: 51.14
Epoch 284	LOSS: 8.32	MAE: 44.53	RMSE: 51.14
Epoch 285	LOSS: 8.26	MAE: 44.52	RMSE: 51.13
Epoch 286	LOSS: 8.37	MAE: 44.52	RMSE: 51.14
Epoch 287	LOSS: 8.44	MAE: 44.52	RMSE: 51.13
Epoch 288	LOSS: 8.52	MAE: 44.52	RMSE: 51.14
Epoch 289	LOSS: 8.23	MAE: 44.51	RMSE: 51.13
Epoch 290	LOSS: 8.21	MAE: 44.55	RMSE: 51.16
Epoch 291	LOSS: 8.21	MAE: 44.50	RMSE: 51.12
Epoch 292	LOSS: 8.17	MAE: 44.54	RMSE: 51.16
Epoch 293	LOSS: 8.39	MAE: 44.53	RMSE: 51.15
Epoch 294	LOSS: 8.22	MAE: 44.51	RMSE: 51.13
Epoch 295	LOSS: 8.27	MAE: 44.52	RMSE: 51.14
Epoch 296	LOSS: 8.54	MAE: 44.52	RMSE: 51.14
Epoch 297	LOSS: 8.44	MAE: 44.50	RMSE: 51.11
Epoch 298	LOSS: 8.34	MAE: 44.50	RMSE: 51.12
Epoch 299	LOSS: 8.23	MAE: 44.49	RMSE: 51.10
Epoch 300	LOSS: 8.34	MAE: 44.48	RMSE: 51.10
Epoch 301	LOSS: 8.35	MAE: 44.50	RMSE: 51.11
Epoch 302	LOSS: 8.41	MAE: 44.47	RMSE: 51.08
Epoch 303	LOSS: 8.52	MAE: 44.48	RMSE: 51.09
Epoch 304	LOSS: 8.39	MAE: 44.46	RMSE: 51.07
Epoch 305	LOSS: 8.34	MAE: 44.48	RMSE: 51.09
Epoch 306	LOSS: 8.35	MAE: 44.50	RMSE: 51.10
Epoch 307	LOSS: 8.35	MAE: 44.46	RMSE: 51.07
Epoch 308	LOSS: 8.20	MAE: 44.46	RMSE: 51.07
Epoch 309	LOSS: 8.28	MAE: 44.43	RMSE: 51.04
Epoch 310	LOSS: 8.26	MAE: 44.44	RMSE: 51.05
Epoch 311	LOSS: 8.48	MAE: 44.47	RMSE: 51.07
Epoch 312	LOSS: 8.45	MAE: 44.44	RMSE: 51.05
Epoch 313	LOSS: 8.32	MAE: 44.44	RMSE: 51.05
Epoch 314	LOSS: 8.29	MAE: 44.48	RMSE: 51.09
Epoch 315	LOSS: 8.34	MAE: 44.45	RMSE: 51.06
Epoch 316	LOSS: 8.36	MAE: 44.45	RMSE: 51.06
Epoch 317	LOSS: 8.38	MAE: 44.47	RMSE: 51.07
Epoch 318	LOSS: 8.37	MAE: 44.44	RMSE: 51.05
Epoch 319	LOSS: 8.42	MAE: 44.45	RMSE: 51.06
Epoch 320	LOSS: 8.15	MAE: 44.44	RMSE: 51.05
Epoch 321	LOSS: 8.25	MAE: 44.44	RMSE: 51.05
Epoch 322	LOSS: 8.21	MAE: 44.45	RMSE: 51.06
Epoch 323	LOSS: 8.07	MAE: 44.46	RMSE: 51.07
Epoch 324	LOSS: 8.22	MAE: 44.43	RMSE: 51.05
Epoch 325	LOSS: 8.20	MAE: 44.45	RMSE: 51.06
Epoch 326	LOSS: 8.30	MAE: 44.44	RMSE: 51.05
Epoch 327	LOSS: 8.37	MAE: 44.46	RMSE: 51.06
Epoch 328	LOSS: 8.38	MAE: 44.43	RMSE: 51.04
Epoch 329	LOSS: 8.33	MAE: 44.42	RMSE: 51.03
Epoch 330	LOSS: 8.22	MAE: 44.46	RMSE: 51.06
Epoch 331	LOSS: 8.26	MAE: 44.44	RMSE: 51.05
Epoch 332	LOSS: 8.04	MAE: 44.42	RMSE: 51.03
Epoch 333	LOSS: 8.24	MAE: 44.43	RMSE: 51.04
Epoch 334	LOSS: 8.06	MAE: 44.42	RMSE: 51.03
Epoch 335	LOSS: 8.51	MAE: 44.44	RMSE: 51.05
Epoch 336	LOSS: 8.23	MAE: 44.43	RMSE: 51.04
Epoch 337	LOSS: 8.28	MAE: 44.44	RMSE: 51.04
Epoch 338	LOSS: 8.29	MAE: 44.42	RMSE: 51.03
Epoch 339	LOSS: 8.21	MAE: 44.42	RMSE: 51.03
Epoch 340	LOSS: 8.38	MAE: 44.42	RMSE: 51.02
Epoch 341	LOSS: 8.45	MAE: 44.41	RMSE: 51.01
Epoch 342	LOSS: 8.29	MAE: 44.42	RMSE: 51.03
Epoch 343	LOSS: 8.00	MAE: 44.41	RMSE: 51.01
Epoch 344	LOSS: 8.27	MAE: 44.41	RMSE: 51.01
Epoch 345	LOSS: 8.25	MAE: 44.42	RMSE: 51.03
Epoch 346	LOSS: 8.28	MAE: 44.40	RMSE: 51.01
Epoch 347	LOSS: 8.14	MAE: 44.42	RMSE: 51.03
Epoch 348	LOSS: 8.38	MAE: 44.40	RMSE: 51.00
Epoch 349	LOSS: 8.45	MAE: 44.40	RMSE: 51.01
Epoch 350	LOSS: 8.27	MAE: 44.39	RMSE: 51.00
Epoch 351	LOSS: 8.21	MAE: 44.40	RMSE: 51.00
Epoch 352	LOSS: 8.16	MAE: 44.41	RMSE: 51.01
Epoch 353	LOSS: 8.21	MAE: 44.39	RMSE: 50.99
Epoch 354	LOSS: 8.15	MAE: 44.40	RMSE: 51.01
Epoch 355	LOSS: 8.20	MAE: 44.38	RMSE: 50.98
Epoch 356	LOSS: 8.32	MAE: 44.37	RMSE: 50.97
Epoch 357	LOSS: 8.08	MAE: 44.39	RMSE: 50.98
Epoch 358	LOSS: 8.35	MAE: 44.36	RMSE: 50.96
Epoch 359	LOSS: 8.16	MAE: 44.39	RMSE: 50.99
Epoch 360	LOSS: 8.26	MAE: 44.38	RMSE: 50.98
Epoch 361	LOSS: 8.33	MAE: 44.37	RMSE: 50.97
Epoch 362	LOSS: 8.23	MAE: 44.36	RMSE: 50.96
Epoch 363	LOSS: 8.43	MAE: 44.37	RMSE: 50.97
Epoch 364	LOSS: 8.18	MAE: 44.38	RMSE: 50.98
Epoch 365	LOSS: 8.24	MAE: 44.36	RMSE: 50.95
Epoch 366	LOSS: 8.42	MAE: 44.36	RMSE: 50.97
Epoch 367	LOSS: 8.30	MAE: 44.37	RMSE: 50.97
Epoch 368	LOSS: 8.14	MAE: 44.39	RMSE: 50.99
Epoch 369	LOSS: 8.30	MAE: 44.36	RMSE: 50.96
Epoch 370	LOSS: 8.36	MAE: 44.36	RMSE: 50.96
Epoch 371	LOSS: 8.33	MAE: 44.39	RMSE: 50.99
Epoch 372	LOSS: 7.98	MAE: 44.39	RMSE: 50.99
Epoch 373	LOSS: 8.41	MAE: 44.36	RMSE: 50.97
Epoch 374	LOSS: 8.50	MAE: 44.35	RMSE: 50.95
Epoch 375	LOSS: 8.27	MAE: 44.36	RMSE: 50.96
Epoch 376	LOSS: 8.31	MAE: 44.39	RMSE: 50.98
Epoch 377	LOSS: 8.31	MAE: 44.37	RMSE: 50.97
Epoch 378	LOSS: 8.28	MAE: 44.35	RMSE: 50.96
Epoch 379	LOSS: 8.41	MAE: 44.36	RMSE: 50.96
Epoch 380	LOSS: 8.09	MAE: 44.37	RMSE: 50.97
Epoch 381	LOSS: 8.34	MAE: 44.36	RMSE: 50.96
Epoch 382	LOSS: 8.19	MAE: 44.37	RMSE: 50.97
Epoch 383	LOSS: 8.01	MAE: 44.38	RMSE: 50.98
Epoch 384	LOSS: 8.13	MAE: 44.35	RMSE: 50.96
Epoch 385	LOSS: 8.32	MAE: 44.38	RMSE: 50.98
Epoch 386	LOSS: 8.11	MAE: 44.36	RMSE: 50.97
Epoch 387	LOSS: 8.30	MAE: 44.37	RMSE: 50.97
Epoch 388	LOSS: 8.32	MAE: 44.36	RMSE: 50.96
Epoch 389	LOSS: 8.40	MAE: 44.37	RMSE: 50.97
Epoch 390	LOSS: 8.20	MAE: 44.35	RMSE: 50.96
Epoch 391	LOSS: 8.08	MAE: 44.38	RMSE: 50.98
Epoch 392	LOSS: 8.12	MAE: 44.36	RMSE: 50.96
Epoch 393	LOSS: 8.33	MAE: 44.35	RMSE: 50.96
Epoch 394	LOSS: 8.36	MAE: 44.34	RMSE: 50.94
Epoch 395	LOSS: 8.16	MAE: 44.36	RMSE: 50.96
Epoch 396	LOSS: 8.13	MAE: 44.38	RMSE: 50.98
Epoch 397	LOSS: 8.41	MAE: 44.36	RMSE: 50.96
Epoch 398	LOSS: 8.46	MAE: 44.34	RMSE: 50.94
Epoch 399	LOSS: 8.50	MAE: 44.37	RMSE: 50.98
Epoch 400	LOSS: 8.33	MAE: 44.37	RMSE: 50.98
Epoch 401	LOSS: 8.12	MAE: 44.38	RMSE: 50.98
Epoch 402	LOSS: 8.37	MAE: 44.35	RMSE: 50.95
Epoch 403	LOSS: 8.21	MAE: 44.37	RMSE: 50.98
Epoch 404	LOSS: 8.39	MAE: 44.36	RMSE: 50.96
Epoch 405	LOSS: 8.17	MAE: 44.36	RMSE: 50.97
Epoch 406	LOSS: 8.10	MAE: 44.37	RMSE: 50.97
Epoch 407	LOSS: 8.03	MAE: 44.32	RMSE: 50.93
Epoch 408	LOSS: 8.27	MAE: 44.37	RMSE: 50.97
Epoch 409	LOSS: 8.18	MAE: 44.36	RMSE: 50.97
Epoch 410	LOSS: 8.36	MAE: 44.34	RMSE: 50.95
Epoch 411	LOSS: 8.18	MAE: 44.36	RMSE: 50.96
Epoch 412	LOSS: 8.09	MAE: 44.34	RMSE: 50.95
Epoch 413	LOSS: 8.25	MAE: 44.36	RMSE: 50.96
Epoch 414	LOSS: 8.15	MAE: 44.37	RMSE: 50.98
Epoch 415	LOSS: 8.07	MAE: 44.35	RMSE: 50.96
Epoch 416	LOSS: 8.29	MAE: 44.35	RMSE: 50.95
Epoch 417	LOSS: 8.02	MAE: 44.35	RMSE: 50.96
Epoch 418	LOSS: 8.06	MAE: 44.37	RMSE: 50.97
Epoch 419	LOSS: 8.04	MAE: 44.34	RMSE: 50.94
Epoch 420	LOSS: 8.29	MAE: 44.32	RMSE: 50.93
Epoch 421	LOSS: 7.98	MAE: 44.33	RMSE: 50.94
Epoch 422	LOSS: 8.02	MAE: 44.33	RMSE: 50.94
Epoch 423	LOSS: 8.26	MAE: 44.35	RMSE: 50.96
Epoch 424	LOSS: 8.08	MAE: 44.35	RMSE: 50.96
Epoch 425	LOSS: 8.29	MAE: 44.35	RMSE: 50.95
Epoch 426	LOSS: 8.07	MAE: 44.35	RMSE: 50.96
Epoch 427	LOSS: 8.08	MAE: 44.36	RMSE: 50.96
Epoch 428	LOSS: 8.19	MAE: 44.33	RMSE: 50.94
Epoch 429	LOSS: 8.17	MAE: 44.37	RMSE: 50.98
Epoch 430	LOSS: 8.21	MAE: 44.35	RMSE: 50.96
Epoch 431	LOSS: 8.11	MAE: 44.35	RMSE: 50.96
Epoch 432	LOSS: 8.19	MAE: 44.36	RMSE: 50.98
Epoch 433	LOSS: 8.26	MAE: 44.39	RMSE: 51.00
Epoch 434	LOSS: 8.24	MAE: 44.36	RMSE: 50.97
Epoch 435	LOSS: 8.20	MAE: 44.37	RMSE: 50.99
Epoch 436	LOSS: 8.29	MAE: 44.38	RMSE: 50.99
Epoch 437	LOSS: 8.07	MAE: 44.34	RMSE: 50.96
Epoch 438	LOSS: 8.18	MAE: 44.34	RMSE: 50.96
Epoch 439	LOSS: 7.91	MAE: 44.37	RMSE: 50.98
Epoch 440	LOSS: 8.28	MAE: 44.36	RMSE: 50.97
Epoch 441	LOSS: 8.07	MAE: 44.36	RMSE: 50.98
Epoch 442	LOSS: 8.32	MAE: 44.36	RMSE: 50.97
Epoch 443	LOSS: 8.37	MAE: 44.37	RMSE: 50.98
Epoch 444	LOSS: 8.15	MAE: 44.35	RMSE: 50.98
Epoch 445	LOSS: 7.95	MAE: 44.38	RMSE: 51.00
Epoch 446	LOSS: 8.07	MAE: 44.37	RMSE: 50.99
Epoch 447	LOSS: 8.20	MAE: 44.38	RMSE: 51.01
Epoch 448	LOSS: 8.15	MAE: 44.38	RMSE: 51.00
Epoch 449	LOSS: 8.30	MAE: 44.38	RMSE: 51.00
Epoch 450	LOSS: 7.90	MAE: 44.37	RMSE: 50.99
Epoch 451	LOSS: 8.09	MAE: 44.37	RMSE: 50.99
Epoch 452	LOSS: 8.10	MAE: 44.40	RMSE: 51.02
Epoch 453	LOSS: 8.11	MAE: 44.39	RMSE: 51.02
Epoch 454	LOSS: 8.07	MAE: 44.37	RMSE: 51.00
Epoch 455	LOSS: 8.07	MAE: 44.39	RMSE: 51.02
Epoch 456	LOSS: 8.02	MAE: 44.41	RMSE: 51.03
Epoch 457	LOSS: 8.04	MAE: 44.37	RMSE: 50.99
Epoch 458	LOSS: 8.12	MAE: 44.40	RMSE: 51.02
Epoch 459	LOSS: 8.20	MAE: 44.38	RMSE: 51.01
Epoch 460	LOSS: 8.17	MAE: 44.38	RMSE: 51.01
Epoch 461	LOSS: 8.16	MAE: 44.41	RMSE: 51.04
Epoch 462	LOSS: 8.11	MAE: 44.41	RMSE: 51.04
Epoch 463	LOSS: 8.07	MAE: 44.38	RMSE: 51.00
Epoch 464	LOSS: 8.07	MAE: 44.40	RMSE: 51.03
Epoch 465	LOSS: 8.12	MAE: 44.40	RMSE: 51.03
Epoch 466	LOSS: 8.17	MAE: 44.41	RMSE: 51.03
Epoch 467	LOSS: 7.94	MAE: 44.40	RMSE: 51.04
Epoch 468	LOSS: 8.17	MAE: 44.41	RMSE: 51.04
Epoch 469	LOSS: 8.13	MAE: 44.41	RMSE: 51.05
Epoch 470	LOSS: 8.65	MAE: 44.42	RMSE: 51.04
Epoch 471	LOSS: 8.02	MAE: 44.42	RMSE: 51.05
Epoch 472	LOSS: 8.15	MAE: 44.38	RMSE: 51.01
Epoch 473	LOSS: 8.10	MAE: 44.43	RMSE: 51.06
Epoch 474	LOSS: 8.28	MAE: 44.42	RMSE: 51.05
Epoch 475	LOSS: 8.30	MAE: 44.43	RMSE: 51.07
Epoch 476	LOSS: 8.03	MAE: 44.42	RMSE: 51.05
Epoch 477	LOSS: 8.20	MAE: 44.45	RMSE: 51.08
Epoch 478	LOSS: 8.21	MAE: 44.44	RMSE: 51.08
Epoch 479	LOSS: 8.01	MAE: 44.47	RMSE: 51.10
Epoch 480	LOSS: 8.13	MAE: 44.42	RMSE: 51.05
Epoch 481	LOSS: 8.12	MAE: 44.44	RMSE: 51.08
Epoch 482	LOSS: 8.04	MAE: 44.44	RMSE: 51.08
Epoch 483	LOSS: 7.93	MAE: 44.43	RMSE: 51.07
Epoch 484	LOSS: 8.21	MAE: 44.47	RMSE: 51.11
Epoch 485	LOSS: 7.87	MAE: 44.47	RMSE: 51.11
Epoch 486	LOSS: 8.15	MAE: 44.46	RMSE: 51.10
Epoch 487	LOSS: 7.83	MAE: 44.47	RMSE: 51.11
Epoch 488	LOSS: 7.96	MAE: 44.44	RMSE: 51.09
Epoch 489	LOSS: 8.14	MAE: 44.44	RMSE: 51.09
Epoch 490	LOSS: 8.07	MAE: 44.46	RMSE: 51.11
Epoch 491	LOSS: 8.16	MAE: 44.47	RMSE: 51.11
Epoch 492	LOSS: 7.94	MAE: 44.48	RMSE: 51.13
Epoch 493	LOSS: 8.35	MAE: 44.44	RMSE: 51.08
Epoch 494	LOSS: 8.17	MAE: 44.48	RMSE: 51.12
Epoch 495	LOSS: 8.16	MAE: 44.46	RMSE: 51.11
Epoch 496	LOSS: 8.11	MAE: 44.46	RMSE: 51.12
Epoch 497	LOSS: 8.00	MAE: 44.49	RMSE: 51.13
Epoch 498	LOSS: 8.16	MAE: 44.46	RMSE: 51.11
Epoch 499	LOSS: 8.10	MAE: 44.47	RMSE: 51.12
