Epoch 000	LOSS: 224.97	MAE: 215.39	RMSE: 262.19
Epoch 001	LOSS: 226.41	MAE: 213.70	RMSE: 260.77
Epoch 002	LOSS: 225.21	MAE: 213.37	RMSE: 260.49
Epoch 003	LOSS: 227.55	MAE: 213.10	RMSE: 260.27
Epoch 004	LOSS: 224.45	MAE: 212.86	RMSE: 260.06
Epoch 005	LOSS: 225.47	MAE: 212.62	RMSE: 259.85
Epoch 006	LOSS: 223.72	MAE: 212.37	RMSE: 259.64
Epoch 007	LOSS: 225.32	MAE: 212.12	RMSE: 259.43
Epoch 008	LOSS: 223.79	MAE: 211.86	RMSE: 259.21
Epoch 009	LOSS: 222.74	MAE: 211.60	RMSE: 258.99
Epoch 010	LOSS: 224.33	MAE: 211.33	RMSE: 258.76
Epoch 011	LOSS: 221.97	MAE: 211.07	RMSE: 258.53
Epoch 012	LOSS: 224.46	MAE: 210.79	RMSE: 258.30
Epoch 013	LOSS: 220.11	MAE: 210.52	RMSE: 258.07
Epoch 014	LOSS: 221.75	MAE: 210.24	RMSE: 257.83
Epoch 015	LOSS: 221.66	MAE: 209.95	RMSE: 257.58
Epoch 016	LOSS: 226.14	MAE: 209.67	RMSE: 257.34
Epoch 017	LOSS: 218.73	MAE: 209.37	RMSE: 257.09
Epoch 018	LOSS: 221.04	MAE: 209.08	RMSE: 256.83
Epoch 019	LOSS: 220.83	MAE: 208.78	RMSE: 256.58
Epoch 020	LOSS: 220.29	MAE: 208.48	RMSE: 256.32
Epoch 021	LOSS: 219.07	MAE: 208.17	RMSE: 256.05
Epoch 022	LOSS: 218.19	MAE: 207.86	RMSE: 255.79
Epoch 023	LOSS: 217.44	MAE: 207.54	RMSE: 255.52
Epoch 024	LOSS: 222.24	MAE: 207.22	RMSE: 255.24
Epoch 025	LOSS: 215.51	MAE: 206.90	RMSE: 254.97
Epoch 026	LOSS: 215.05	MAE: 206.58	RMSE: 254.68
Epoch 027	LOSS: 218.74	MAE: 206.25	RMSE: 254.40
Epoch 028	LOSS: 216.78	MAE: 205.91	RMSE: 254.11
Epoch 029	LOSS: 215.19	MAE: 205.57	RMSE: 253.82
Epoch 030	LOSS: 216.35	MAE: 205.23	RMSE: 253.52
Epoch 031	LOSS: 215.04	MAE: 204.89	RMSE: 253.23
Epoch 032	LOSS: 218.92	MAE: 204.54	RMSE: 252.92
Epoch 033	LOSS: 215.44	MAE: 204.19	RMSE: 252.62
Epoch 034	LOSS: 213.39	MAE: 203.83	RMSE: 252.31
Epoch 035	LOSS: 213.25	MAE: 203.47	RMSE: 252.00
Epoch 036	LOSS: 214.18	MAE: 203.11	RMSE: 251.68
Epoch 037	LOSS: 214.70	MAE: 202.74	RMSE: 251.36
Epoch 038	LOSS: 214.79	MAE: 202.37	RMSE: 251.04
Epoch 039	LOSS: 214.12	MAE: 202.00	RMSE: 250.72
Epoch 040	LOSS: 212.17	MAE: 201.62	RMSE: 250.39
Epoch 041	LOSS: 212.36	MAE: 201.24	RMSE: 250.06
Epoch 042	LOSS: 215.16	MAE: 200.86	RMSE: 249.72
Epoch 043	LOSS: 211.01	MAE: 200.47	RMSE: 249.38
Epoch 044	LOSS: 210.79	MAE: 200.08	RMSE: 249.04
Epoch 045	LOSS: 212.71	MAE: 199.69	RMSE: 248.70
Epoch 046	LOSS: 207.13	MAE: 199.29	RMSE: 248.35
Epoch 047	LOSS: 212.02	MAE: 198.89	RMSE: 248.00
Epoch 048	LOSS: 210.14	MAE: 198.49	RMSE: 247.64
Epoch 049	LOSS: 209.90	MAE: 198.09	RMSE: 247.29
Epoch 050	LOSS: 208.45	MAE: 197.68	RMSE: 246.93
Epoch 051	LOSS: 211.82	MAE: 197.27	RMSE: 246.57
Epoch 052	LOSS: 206.45	MAE: 196.85	RMSE: 246.20
Epoch 053	LOSS: 206.89	MAE: 196.44	RMSE: 245.83
Epoch 054	LOSS: 206.60	MAE: 196.02	RMSE: 245.46
Epoch 055	LOSS: 206.90	MAE: 195.60	RMSE: 245.08
Epoch 056	LOSS: 205.26	MAE: 195.17	RMSE: 244.71
Epoch 057	LOSS: 205.77	MAE: 194.75	RMSE: 244.33
Epoch 058	LOSS: 204.18	MAE: 194.32	RMSE: 243.94
Epoch 059	LOSS: 203.28	MAE: 193.88	RMSE: 243.56
Epoch 060	LOSS: 205.24	MAE: 193.45	RMSE: 243.17
Epoch 061	LOSS: 205.76	MAE: 193.01	RMSE: 242.78
Epoch 062	LOSS: 207.43	MAE: 192.57	RMSE: 242.38
Epoch 063	LOSS: 201.94	MAE: 192.13	RMSE: 241.99
Epoch 064	LOSS: 205.31	MAE: 191.69	RMSE: 241.59
Epoch 065	LOSS: 200.77	MAE: 191.24	RMSE: 241.19
Epoch 066	LOSS: 203.99	MAE: 190.80	RMSE: 240.78
Epoch 067	LOSS: 201.12	MAE: 190.35	RMSE: 240.38
Epoch 068	LOSS: 199.75	MAE: 189.90	RMSE: 239.97
Epoch 069	LOSS: 198.84	MAE: 189.44	RMSE: 239.56
Epoch 070	LOSS: 202.33	MAE: 188.99	RMSE: 239.14
Epoch 071	LOSS: 199.40	MAE: 188.53	RMSE: 238.73
Epoch 072	LOSS: 200.61	MAE: 188.07	RMSE: 238.31
Epoch 073	LOSS: 197.32	MAE: 187.61	RMSE: 237.89
Epoch 074	LOSS: 196.71	MAE: 187.14	RMSE: 237.47
Epoch 075	LOSS: 196.65	MAE: 186.68	RMSE: 237.04
Epoch 076	LOSS: 197.23	MAE: 186.21	RMSE: 236.61
Epoch 077	LOSS: 194.63	MAE: 185.75	RMSE: 236.18
Epoch 078	LOSS: 198.38	MAE: 185.28	RMSE: 235.75
Epoch 079	LOSS: 194.62	MAE: 184.81	RMSE: 235.32
Epoch 080	LOSS: 196.40	MAE: 184.34	RMSE: 234.88
Epoch 081	LOSS: 194.80	MAE: 183.86	RMSE: 234.44
Epoch 082	LOSS: 194.71	MAE: 183.39	RMSE: 234.00
Epoch 083	LOSS: 193.26	MAE: 182.92	RMSE: 233.56
Epoch 084	LOSS: 190.08	MAE: 182.44	RMSE: 233.12
Epoch 085	LOSS: 196.53	MAE: 181.96	RMSE: 232.67
Epoch 086	LOSS: 192.08	MAE: 181.49	RMSE: 232.22
Epoch 087	LOSS: 191.81	MAE: 181.01	RMSE: 231.77
Epoch 088	LOSS: 187.71	MAE: 180.53	RMSE: 231.32
Epoch 089	LOSS: 188.63	MAE: 180.05	RMSE: 230.87
Epoch 090	LOSS: 190.62	MAE: 179.56	RMSE: 230.41
Epoch 091	LOSS: 190.79	MAE: 179.08	RMSE: 229.96
Epoch 092	LOSS: 191.51	MAE: 178.60	RMSE: 229.50
Epoch 093	LOSS: 192.90	MAE: 178.12	RMSE: 229.04
Epoch 094	LOSS: 190.87	MAE: 177.63	RMSE: 228.58
Epoch 095	LOSS: 190.56	MAE: 177.15	RMSE: 228.11
Epoch 096	LOSS: 188.09	MAE: 176.66	RMSE: 227.65
Epoch 097	LOSS: 185.92	MAE: 176.18	RMSE: 227.18
Epoch 098	LOSS: 185.29	MAE: 175.69	RMSE: 226.71
Epoch 099	LOSS: 186.22	MAE: 175.21	RMSE: 226.25
Epoch 100	LOSS: 187.40	MAE: 174.72	RMSE: 225.78
Epoch 101	LOSS: 185.34	MAE: 174.24	RMSE: 225.31
Epoch 102	LOSS: 183.19	MAE: 173.75	RMSE: 224.83
Epoch 103	LOSS: 183.91	MAE: 173.27	RMSE: 224.36
Epoch 104	LOSS: 183.24	MAE: 172.79	RMSE: 223.89
Epoch 105	LOSS: 180.95	MAE: 172.30	RMSE: 223.41
Epoch 106	LOSS: 185.11	MAE: 171.82	RMSE: 222.93
Epoch 107	LOSS: 179.97	MAE: 171.33	RMSE: 222.45
Epoch 108	LOSS: 182.54	MAE: 170.85	RMSE: 221.97
Epoch 109	LOSS: 183.40	MAE: 170.37	RMSE: 221.49
Epoch 110	LOSS: 180.07	MAE: 169.89	RMSE: 221.01
Epoch 111	LOSS: 179.84	MAE: 169.40	RMSE: 220.53
Epoch 112	LOSS: 178.62	MAE: 168.92	RMSE: 220.05
Epoch 113	LOSS: 176.93	MAE: 168.44	RMSE: 219.56
Epoch 114	LOSS: 176.06	MAE: 167.96	RMSE: 219.07
Epoch 115	LOSS: 179.66	MAE: 167.48	RMSE: 218.59
Epoch 116	LOSS: 177.69	MAE: 167.00	RMSE: 218.10
Epoch 117	LOSS: 179.77	MAE: 166.52	RMSE: 217.61
Epoch 118	LOSS: 173.28	MAE: 166.05	RMSE: 217.12
Epoch 119	LOSS: 176.26	MAE: 165.58	RMSE: 216.64
Epoch 120	LOSS: 174.71	MAE: 165.10	RMSE: 216.15
Epoch 121	LOSS: 175.03	MAE: 164.63	RMSE: 215.66
Epoch 122	LOSS: 172.91	MAE: 164.16	RMSE: 215.17
Epoch 123	LOSS: 173.18	MAE: 163.70	RMSE: 214.68
Epoch 124	LOSS: 170.66	MAE: 163.23	RMSE: 214.19
Epoch 125	LOSS: 171.06	MAE: 162.77	RMSE: 213.70
Epoch 126	LOSS: 171.88	MAE: 162.30	RMSE: 213.21
Epoch 127	LOSS: 171.58	MAE: 161.84	RMSE: 212.72
Epoch 128	LOSS: 170.14	MAE: 161.39	RMSE: 212.23
Epoch 129	LOSS: 169.92	MAE: 160.93	RMSE: 211.74
Epoch 130	LOSS: 171.34	MAE: 160.47	RMSE: 211.25
Epoch 131	LOSS: 169.84	MAE: 160.02	RMSE: 210.76
Epoch 132	LOSS: 168.78	MAE: 159.57	RMSE: 210.27
Epoch 133	LOSS: 168.78	MAE: 159.12	RMSE: 209.78
Epoch 134	LOSS: 169.07	MAE: 158.67	RMSE: 209.29
Epoch 135	LOSS: 167.85	MAE: 158.22	RMSE: 208.79
Epoch 136	LOSS: 166.63	MAE: 157.78	RMSE: 208.31
Epoch 137	LOSS: 167.14	MAE: 157.34	RMSE: 207.82
Epoch 138	LOSS: 162.49	MAE: 156.90	RMSE: 207.33
Epoch 139	LOSS: 165.25	MAE: 156.46	RMSE: 206.84
Epoch 140	LOSS: 167.81	MAE: 156.03	RMSE: 206.36
Epoch 141	LOSS: 165.32	MAE: 155.59	RMSE: 205.87
Epoch 142	LOSS: 163.63	MAE: 155.16	RMSE: 205.38
Epoch 143	LOSS: 166.18	MAE: 154.73	RMSE: 204.89
Epoch 144	LOSS: 162.25	MAE: 154.30	RMSE: 204.40
Epoch 145	LOSS: 165.50	MAE: 153.88	RMSE: 203.92
Epoch 146	LOSS: 160.45	MAE: 153.46	RMSE: 203.43
Epoch 147	LOSS: 160.47	MAE: 153.04	RMSE: 202.95
Epoch 148	LOSS: 161.53	MAE: 152.62	RMSE: 202.46
Epoch 149	LOSS: 159.12	MAE: 152.21	RMSE: 201.98
Epoch 150	LOSS: 159.95	MAE: 151.80	RMSE: 201.50
Epoch 151	LOSS: 160.21	MAE: 151.39	RMSE: 201.02
Epoch 152	LOSS: 160.00	MAE: 150.99	RMSE: 200.54
Epoch 153	LOSS: 157.21	MAE: 150.58	RMSE: 200.06
Epoch 154	LOSS: 157.46	MAE: 150.18	RMSE: 199.58
Epoch 155	LOSS: 158.10	MAE: 149.79	RMSE: 199.10
Epoch 156	LOSS: 158.01	MAE: 149.39	RMSE: 198.63
Epoch 157	LOSS: 159.70	MAE: 149.00	RMSE: 198.15
Epoch 158	LOSS: 157.22	MAE: 148.61	RMSE: 197.68
Epoch 159	LOSS: 156.51	MAE: 148.22	RMSE: 197.20
Epoch 160	LOSS: 155.10	MAE: 147.84	RMSE: 196.73
Epoch 161	LOSS: 156.61	MAE: 147.46	RMSE: 196.26
Epoch 162	LOSS: 155.14	MAE: 147.08	RMSE: 195.78
Epoch 163	LOSS: 155.92	MAE: 146.70	RMSE: 195.31
Epoch 164	LOSS: 155.28	MAE: 146.33	RMSE: 194.85
Epoch 165	LOSS: 155.65	MAE: 145.96	RMSE: 194.38
Epoch 166	LOSS: 155.31	MAE: 145.59	RMSE: 193.91
Epoch 167	LOSS: 153.06	MAE: 145.23	RMSE: 193.45
Epoch 168	LOSS: 150.83	MAE: 144.87	RMSE: 192.99
Epoch 169	LOSS: 153.08	MAE: 144.51	RMSE: 192.53
Epoch 170	LOSS: 151.20	MAE: 144.16	RMSE: 192.07
Epoch 171	LOSS: 151.50	MAE: 143.81	RMSE: 191.61
Epoch 172	LOSS: 152.26	MAE: 143.47	RMSE: 191.15
Epoch 173	LOSS: 148.70	MAE: 143.12	RMSE: 190.70
Epoch 174	LOSS: 149.07	MAE: 142.78	RMSE: 190.25
Epoch 175	LOSS: 149.84	MAE: 142.45	RMSE: 189.79
Epoch 176	LOSS: 150.90	MAE: 142.11	RMSE: 189.34
Epoch 177	LOSS: 149.23	MAE: 141.78	RMSE: 188.89
Epoch 178	LOSS: 147.32	MAE: 141.46	RMSE: 188.45
Epoch 179	LOSS: 151.15	MAE: 141.14	RMSE: 188.01
Epoch 180	LOSS: 148.46	MAE: 140.82	RMSE: 187.58
Epoch 181	LOSS: 148.67	MAE: 140.51	RMSE: 187.14
Epoch 182	LOSS: 147.36	MAE: 140.20	RMSE: 186.71
Epoch 183	LOSS: 147.25	MAE: 139.89	RMSE: 186.28
Epoch 184	LOSS: 145.40	MAE: 139.59	RMSE: 185.85
Epoch 185	LOSS: 146.65	MAE: 139.29	RMSE: 185.42
Epoch 186	LOSS: 146.43	MAE: 138.99	RMSE: 184.99
Epoch 187	LOSS: 142.55	MAE: 138.70	RMSE: 184.57
Epoch 188	LOSS: 144.74	MAE: 138.42	RMSE: 184.16
Epoch 189	LOSS: 143.23	MAE: 138.13	RMSE: 183.74
Epoch 190	LOSS: 144.36	MAE: 137.85	RMSE: 183.33
Epoch 191	LOSS: 143.16	MAE: 137.57	RMSE: 182.91
Epoch 192	LOSS: 143.66	MAE: 137.30	RMSE: 182.50
Epoch 193	LOSS: 143.03	MAE: 137.03	RMSE: 182.10
Epoch 194	LOSS: 142.36	MAE: 136.76	RMSE: 181.69
Epoch 195	LOSS: 143.23	MAE: 136.50	RMSE: 181.30
Epoch 196	LOSS: 143.30	MAE: 136.25	RMSE: 180.90
Epoch 197	LOSS: 143.55	MAE: 135.99	RMSE: 180.51
Epoch 198	LOSS: 141.15	MAE: 135.75	RMSE: 180.12
Epoch 199	LOSS: 142.07	MAE: 135.50	RMSE: 179.73
Epoch 200	LOSS: 140.71	MAE: 135.26	RMSE: 179.35
Epoch 201	LOSS: 139.22	MAE: 135.02	RMSE: 178.97
Epoch 202	LOSS: 139.30	MAE: 134.78	RMSE: 178.58
Epoch 203	LOSS: 140.38	MAE: 134.55	RMSE: 178.20
Epoch 204	LOSS: 140.52	MAE: 134.32	RMSE: 177.83
Epoch 205	LOSS: 141.08	MAE: 134.10	RMSE: 177.46
Epoch 206	LOSS: 137.90	MAE: 133.88	RMSE: 177.09
Epoch 207	LOSS: 138.83	MAE: 133.66	RMSE: 176.72
Epoch 208	LOSS: 137.49	MAE: 133.44	RMSE: 176.36
Epoch 209	LOSS: 139.72	MAE: 133.23	RMSE: 176.00
Epoch 210	LOSS: 136.09	MAE: 133.03	RMSE: 175.65
Epoch 211	LOSS: 138.37	MAE: 132.82	RMSE: 175.30
Epoch 212	LOSS: 135.13	MAE: 132.62	RMSE: 174.95
Epoch 213	LOSS: 136.93	MAE: 132.43	RMSE: 174.60
Epoch 214	LOSS: 134.93	MAE: 132.23	RMSE: 174.26
Epoch 215	LOSS: 136.62	MAE: 132.04	RMSE: 173.92
Epoch 216	LOSS: 135.10	MAE: 131.86	RMSE: 173.58
Epoch 217	LOSS: 134.67	MAE: 131.67	RMSE: 173.25
Epoch 218	LOSS: 136.12	MAE: 131.49	RMSE: 172.92
Epoch 219	LOSS: 135.95	MAE: 131.31	RMSE: 172.59
Epoch 220	LOSS: 135.21	MAE: 131.13	RMSE: 172.27
Epoch 221	LOSS: 134.44	MAE: 130.96	RMSE: 171.95
Epoch 222	LOSS: 134.35	MAE: 130.79	RMSE: 171.63
Epoch 223	LOSS: 136.29	MAE: 130.63	RMSE: 171.32
Epoch 224	LOSS: 133.17	MAE: 130.46	RMSE: 171.00
Epoch 225	LOSS: 133.54	MAE: 130.30	RMSE: 170.69
Epoch 226	LOSS: 135.69	MAE: 130.14	RMSE: 170.39
Epoch 227	LOSS: 131.82	MAE: 129.98	RMSE: 170.08
Epoch 228	LOSS: 133.96	MAE: 129.83	RMSE: 169.78
Epoch 229	LOSS: 131.77	MAE: 129.67	RMSE: 169.48
Epoch 230	LOSS: 131.81	MAE: 129.52	RMSE: 169.18
Epoch 231	LOSS: 133.41	MAE: 129.37	RMSE: 168.88
Epoch 232	LOSS: 134.84	MAE: 129.23	RMSE: 168.59
Epoch 233	LOSS: 130.81	MAE: 129.08	RMSE: 168.30
Epoch 234	LOSS: 132.06	MAE: 128.94	RMSE: 168.02
Epoch 235	LOSS: 132.32	MAE: 128.81	RMSE: 167.74
Epoch 236	LOSS: 131.06	MAE: 128.67	RMSE: 167.46
Epoch 237	LOSS: 128.67	MAE: 128.54	RMSE: 167.18
Epoch 238	LOSS: 131.50	MAE: 128.41	RMSE: 166.91
Epoch 239	LOSS: 131.61	MAE: 128.28	RMSE: 166.63
Epoch 240	LOSS: 131.85	MAE: 128.16	RMSE: 166.37
Epoch 241	LOSS: 131.24	MAE: 128.04	RMSE: 166.10
Epoch 242	LOSS: 130.20	MAE: 127.91	RMSE: 165.84
Epoch 243	LOSS: 131.70	MAE: 127.79	RMSE: 165.58
Epoch 244	LOSS: 129.84	MAE: 127.68	RMSE: 165.32
Epoch 245	LOSS: 128.89	MAE: 127.56	RMSE: 165.06
Epoch 246	LOSS: 128.96	MAE: 127.45	RMSE: 164.80
Epoch 247	LOSS: 130.16	MAE: 127.34	RMSE: 164.55
Epoch 248	LOSS: 128.20	MAE: 127.23	RMSE: 164.30
Epoch 249	LOSS: 126.50	MAE: 127.12	RMSE: 164.06
Epoch 250	LOSS: 130.03	MAE: 127.02	RMSE: 163.82
Epoch 251	LOSS: 129.94	MAE: 126.92	RMSE: 163.59
Epoch 252	LOSS: 129.14	MAE: 126.82	RMSE: 163.35
Epoch 253	LOSS: 127.96	MAE: 126.72	RMSE: 163.12
Epoch 254	LOSS: 128.19	MAE: 126.63	RMSE: 162.89
Epoch 255	LOSS: 127.61	MAE: 126.53	RMSE: 162.67
Epoch 256	LOSS: 128.05	MAE: 126.44	RMSE: 162.45
Epoch 257	LOSS: 127.50	MAE: 126.35	RMSE: 162.23
Epoch 258	LOSS: 126.69	MAE: 126.27	RMSE: 162.01
Epoch 259	LOSS: 127.19	MAE: 126.18	RMSE: 161.79
Epoch 260	LOSS: 127.65	MAE: 126.09	RMSE: 161.58
Epoch 261	LOSS: 127.50	MAE: 126.01	RMSE: 161.36
Epoch 262	LOSS: 127.41	MAE: 125.93	RMSE: 161.16
Epoch 263	LOSS: 125.41	MAE: 125.85	RMSE: 160.95
Epoch 264	LOSS: 126.75	MAE: 125.77	RMSE: 160.75
Epoch 265	LOSS: 126.15	MAE: 125.70	RMSE: 160.54
Epoch 266	LOSS: 125.89	MAE: 125.62	RMSE: 160.35
Epoch 267	LOSS: 124.73	MAE: 125.55	RMSE: 160.15
Epoch 268	LOSS: 125.87	MAE: 125.48	RMSE: 159.96
Epoch 269	LOSS: 124.78	MAE: 125.41	RMSE: 159.78
Epoch 270	LOSS: 124.88	MAE: 125.34	RMSE: 159.59
Epoch 271	LOSS: 126.34	MAE: 125.28	RMSE: 159.41
Epoch 272	LOSS: 125.53	MAE: 125.22	RMSE: 159.23
Epoch 273	LOSS: 126.22	MAE: 125.16	RMSE: 159.06
Epoch 274	LOSS: 125.96	MAE: 125.10	RMSE: 158.88
Epoch 275	LOSS: 125.65	MAE: 125.04	RMSE: 158.71
Epoch 276	LOSS: 126.34	MAE: 124.98	RMSE: 158.54
Epoch 277	LOSS: 124.63	MAE: 124.92	RMSE: 158.38
Epoch 278	LOSS: 126.11	MAE: 124.87	RMSE: 158.21
Epoch 279	LOSS: 124.26	MAE: 124.82	RMSE: 158.05
Epoch 280	LOSS: 126.54	MAE: 124.77	RMSE: 157.89
Epoch 281	LOSS: 125.07	MAE: 124.71	RMSE: 157.73
Epoch 282	LOSS: 124.90	MAE: 124.66	RMSE: 157.57
Epoch 283	LOSS: 123.60	MAE: 124.61	RMSE: 157.41
Epoch 284	LOSS: 124.17	MAE: 124.57	RMSE: 157.25
Epoch 285	LOSS: 124.28	MAE: 124.52	RMSE: 157.10
Epoch 286	LOSS: 123.05	MAE: 124.47	RMSE: 156.94
Epoch 287	LOSS: 124.18	MAE: 124.43	RMSE: 156.79
Epoch 288	LOSS: 123.50	MAE: 124.39	RMSE: 156.65
Epoch 289	LOSS: 123.19	MAE: 124.34	RMSE: 156.51
Epoch 290	LOSS: 124.15	MAE: 124.31	RMSE: 156.37
Epoch 291	LOSS: 122.54	MAE: 124.27	RMSE: 156.23
Epoch 292	LOSS: 123.19	MAE: 124.23	RMSE: 156.10
Epoch 293	LOSS: 124.37	MAE: 124.20	RMSE: 155.97
Epoch 294	LOSS: 123.70	MAE: 124.16	RMSE: 155.84
Epoch 295	LOSS: 123.17	MAE: 124.13	RMSE: 155.71
Epoch 296	LOSS: 123.60	MAE: 124.09	RMSE: 155.58
Epoch 297	LOSS: 122.95	MAE: 124.06	RMSE: 155.45
Epoch 298	LOSS: 123.15	MAE: 124.03	RMSE: 155.33
Epoch 299	LOSS: 123.37	MAE: 124.00	RMSE: 155.21
Epoch 300	LOSS: 122.11	MAE: 123.97	RMSE: 155.09
Epoch 301	LOSS: 123.25	MAE: 123.95	RMSE: 154.98
Epoch 302	LOSS: 123.13	MAE: 123.92	RMSE: 154.87
Epoch 303	LOSS: 123.07	MAE: 123.90	RMSE: 154.76
Epoch 304	LOSS: 121.82	MAE: 123.87	RMSE: 154.65
Epoch 305	LOSS: 121.93	MAE: 123.85	RMSE: 154.54
Epoch 306	LOSS: 122.94	MAE: 123.83	RMSE: 154.44
Epoch 307	LOSS: 122.28	MAE: 123.81	RMSE: 154.34
Epoch 308	LOSS: 123.38	MAE: 123.79	RMSE: 154.24
Epoch 309	LOSS: 121.43	MAE: 123.77	RMSE: 154.14
Epoch 310	LOSS: 122.79	MAE: 123.75	RMSE: 154.04
Epoch 311	LOSS: 122.91	MAE: 123.73	RMSE: 153.95
Epoch 312	LOSS: 122.02	MAE: 123.71	RMSE: 153.86
Epoch 313	LOSS: 122.12	MAE: 123.70	RMSE: 153.77
Epoch 314	LOSS: 121.23	MAE: 123.68	RMSE: 153.68
Epoch 315	LOSS: 121.47	MAE: 123.67	RMSE: 153.59
Epoch 316	LOSS: 121.44	MAE: 123.65	RMSE: 153.50
Epoch 317	LOSS: 122.92	MAE: 123.64	RMSE: 153.41
Epoch 318	LOSS: 120.87	MAE: 123.63	RMSE: 153.33
Epoch 319	LOSS: 121.92	MAE: 123.61	RMSE: 153.24
Epoch 320	LOSS: 121.73	MAE: 123.60	RMSE: 153.16
Epoch 321	LOSS: 121.34	MAE: 123.59	RMSE: 153.08
Epoch 322	LOSS: 121.21	MAE: 123.58	RMSE: 152.99
Epoch 323	LOSS: 122.14	MAE: 123.57	RMSE: 152.91
Epoch 324	LOSS: 121.68	MAE: 123.56	RMSE: 152.84
Epoch 325	LOSS: 121.67	MAE: 123.55	RMSE: 152.77
Epoch 326	LOSS: 120.70	MAE: 123.55	RMSE: 152.69
Epoch 327	LOSS: 121.86	MAE: 123.54	RMSE: 152.62
Epoch 328	LOSS: 121.25	MAE: 123.53	RMSE: 152.55
Epoch 329	LOSS: 120.64	MAE: 123.53	RMSE: 152.48
Epoch 330	LOSS: 120.39	MAE: 123.52	RMSE: 152.41
Epoch 331	LOSS: 122.82	MAE: 123.52	RMSE: 152.35
Epoch 332	LOSS: 122.85	MAE: 123.51	RMSE: 152.28
Epoch 333	LOSS: 120.83	MAE: 123.51	RMSE: 152.22
Epoch 334	LOSS: 120.64	MAE: 123.51	RMSE: 152.16
Epoch 335	LOSS: 120.29	MAE: 123.50	RMSE: 152.10
Epoch 336	LOSS: 122.69	MAE: 123.50	RMSE: 152.05
Epoch 337	LOSS: 120.80	MAE: 123.50	RMSE: 151.99
Epoch 338	LOSS: 120.08	MAE: 123.50	RMSE: 151.94
Epoch 339	LOSS: 120.44	MAE: 123.50	RMSE: 151.88
Epoch 340	LOSS: 120.78	MAE: 123.50	RMSE: 151.83
Epoch 341	LOSS: 120.38	MAE: 123.50	RMSE: 151.78
Epoch 342	LOSS: 121.47	MAE: 123.50	RMSE: 151.73
Epoch 343	LOSS: 121.12	MAE: 123.50	RMSE: 151.68
Epoch 344	LOSS: 120.52	MAE: 123.50	RMSE: 151.63
Epoch 345	LOSS: 119.82	MAE: 123.50	RMSE: 151.59
Epoch 346	LOSS: 120.95	MAE: 123.50	RMSE: 151.54
Epoch 347	LOSS: 119.94	MAE: 123.50	RMSE: 151.49
Epoch 348	LOSS: 121.48	MAE: 123.50	RMSE: 151.45
Epoch 349	LOSS: 120.86	MAE: 123.51	RMSE: 151.40
Epoch 350	LOSS: 120.59	MAE: 123.51	RMSE: 151.36
Epoch 351	LOSS: 120.28	MAE: 123.51	RMSE: 151.32
Epoch 352	LOSS: 121.01	MAE: 123.52	RMSE: 151.28
Epoch 353	LOSS: 120.28	MAE: 123.52	RMSE: 151.24
Epoch 354	LOSS: 121.26	MAE: 123.52	RMSE: 151.20
Epoch 355	LOSS: 120.75	MAE: 123.53	RMSE: 151.17
Epoch 356	LOSS: 120.60	MAE: 123.53	RMSE: 151.13
Epoch 357	LOSS: 121.06	MAE: 123.54	RMSE: 151.10
Epoch 358	LOSS: 121.05	MAE: 123.54	RMSE: 151.07
Epoch 359	LOSS: 120.88	MAE: 123.54	RMSE: 151.03
Epoch 360	LOSS: 121.19	MAE: 123.55	RMSE: 151.00
Epoch 361	LOSS: 120.95	MAE: 123.55	RMSE: 150.97
Epoch 362	LOSS: 120.70	MAE: 123.56	RMSE: 150.93
Epoch 363	LOSS: 120.27	MAE: 123.57	RMSE: 150.90
Epoch 364	LOSS: 121.01	MAE: 123.57	RMSE: 150.87
Epoch 365	LOSS: 120.29	MAE: 123.58	RMSE: 150.83
Epoch 366	LOSS: 120.23	MAE: 123.59	RMSE: 150.80
Epoch 367	LOSS: 120.65	MAE: 123.59	RMSE: 150.77
Epoch 368	LOSS: 119.95	MAE: 123.60	RMSE: 150.74
Epoch 369	LOSS: 120.40	MAE: 123.61	RMSE: 150.71
Epoch 370	LOSS: 120.65	MAE: 123.61	RMSE: 150.69
Epoch 371	LOSS: 119.32	MAE: 123.62	RMSE: 150.66
Epoch 372	LOSS: 120.82	MAE: 123.63	RMSE: 150.64
Epoch 373	LOSS: 120.77	MAE: 123.63	RMSE: 150.61
Epoch 374	LOSS: 120.60	MAE: 123.64	RMSE: 150.59
Epoch 375	LOSS: 120.05	MAE: 123.65	RMSE: 150.57
Epoch 376	LOSS: 119.48	MAE: 123.65	RMSE: 150.55
Epoch 377	LOSS: 119.96	MAE: 123.66	RMSE: 150.52
Epoch 378	LOSS: 120.70	MAE: 123.67	RMSE: 150.50
Epoch 379	LOSS: 120.43	MAE: 123.67	RMSE: 150.48
Epoch 380	LOSS: 119.76	MAE: 123.68	RMSE: 150.47
Epoch 381	LOSS: 119.84	MAE: 123.69	RMSE: 150.45
Epoch 382	LOSS: 120.03	MAE: 123.70	RMSE: 150.43
Epoch 383	LOSS: 120.02	MAE: 123.70	RMSE: 150.41
Epoch 384	LOSS: 120.70	MAE: 123.71	RMSE: 150.39
Epoch 385	LOSS: 120.63	MAE: 123.72	RMSE: 150.37
Epoch 386	LOSS: 120.24	MAE: 123.73	RMSE: 150.35
Epoch 387	LOSS: 119.89	MAE: 123.73	RMSE: 150.34
Epoch 388	LOSS: 120.47	MAE: 123.74	RMSE: 150.32
Epoch 389	LOSS: 119.79	MAE: 123.75	RMSE: 150.30
Epoch 390	LOSS: 119.67	MAE: 123.76	RMSE: 150.28
Epoch 391	LOSS: 120.12	MAE: 123.77	RMSE: 150.27
Epoch 392	LOSS: 119.90	MAE: 123.77	RMSE: 150.25
Epoch 393	LOSS: 119.83	MAE: 123.78	RMSE: 150.23
Epoch 394	LOSS: 120.05	MAE: 123.79	RMSE: 150.22
Epoch 395	LOSS: 120.60	MAE: 123.80	RMSE: 150.21
Epoch 396	LOSS: 119.66	MAE: 123.80	RMSE: 150.19
Epoch 397	LOSS: 119.50	MAE: 123.81	RMSE: 150.18
Epoch 398	LOSS: 119.94	MAE: 123.82	RMSE: 150.16
Epoch 399	LOSS: 120.19	MAE: 123.83	RMSE: 150.15
Epoch 400	LOSS: 119.53	MAE: 123.84	RMSE: 150.13
Epoch 401	LOSS: 120.15	MAE: 123.85	RMSE: 150.12
Epoch 402	LOSS: 119.54	MAE: 123.86	RMSE: 150.11
Epoch 403	LOSS: 118.91	MAE: 123.87	RMSE: 150.09
Epoch 404	LOSS: 119.96	MAE: 123.88	RMSE: 150.08
Epoch 405	LOSS: 119.60	MAE: 123.89	RMSE: 150.06
Epoch 406	LOSS: 120.78	MAE: 123.89	RMSE: 150.05
Epoch 407	LOSS: 119.94	MAE: 123.90	RMSE: 150.04
Epoch 408	LOSS: 119.62	MAE: 123.91	RMSE: 150.03
Epoch 409	LOSS: 120.30	MAE: 123.92	RMSE: 150.02
Epoch 410	LOSS: 120.63	MAE: 123.93	RMSE: 150.01
Epoch 411	LOSS: 119.83	MAE: 123.93	RMSE: 150.00
Epoch 412	LOSS: 119.11	MAE: 123.94	RMSE: 149.99
Epoch 413	LOSS: 119.98	MAE: 123.95	RMSE: 149.98
Epoch 414	LOSS: 119.03	MAE: 123.96	RMSE: 149.97
Epoch 415	LOSS: 119.86	MAE: 123.97	RMSE: 149.96
Epoch 416	LOSS: 119.29	MAE: 123.98	RMSE: 149.95
Epoch 417	LOSS: 120.24	MAE: 123.98	RMSE: 149.95
Epoch 418	LOSS: 119.47	MAE: 123.99	RMSE: 149.94
Epoch 419	LOSS: 119.20	MAE: 124.00	RMSE: 149.93
Epoch 420	LOSS: 120.05	MAE: 123.99	RMSE: 149.92
Epoch 421	LOSS: 120.12	MAE: 123.22	RMSE: 149.92
Epoch 422	LOSS: 121.66	MAE: 124.14	RMSE: 152.02
Epoch 423	LOSS: 120.68	MAE: 123.78	RMSE: 150.33
Epoch 424	LOSS: 119.52	MAE: 123.47	RMSE: 150.31
Epoch 425	LOSS: 119.02	MAE: 122.93	RMSE: 149.56
Epoch 426	LOSS: 115.93	MAE: 120.85	RMSE: 147.84
Epoch 427	LOSS: 114.68	MAE: 117.61	RMSE: 146.03
Epoch 428	LOSS: 109.05	MAE: 112.12	RMSE: 142.00
Epoch 429	LOSS: 115.50	MAE: 114.63	RMSE: 149.89
Epoch 430	LOSS: 115.08	MAE: 116.24	RMSE: 154.34
Epoch 431	LOSS: 106.48	MAE: 105.57	RMSE: 139.87
Epoch 432	LOSS: 105.97	MAE: 105.88	RMSE: 139.72
Epoch 433	LOSS: 106.18	MAE: 106.63	RMSE: 139.25
Epoch 434	LOSS: 105.30	MAE: 108.07	RMSE: 140.19
Epoch 435	LOSS: 104.19	MAE: 105.94	RMSE: 138.72
Epoch 436	LOSS: 102.58	MAE: 104.31	RMSE: 136.71
Epoch 437	LOSS: 104.55	MAE: 105.75	RMSE: 137.34
Epoch 438	LOSS: 113.39	MAE: 109.40	RMSE: 145.77
Epoch 439	LOSS: 101.48	MAE: 103.18	RMSE: 136.26
Epoch 440	LOSS: 101.15	MAE: 103.27	RMSE: 135.37
Epoch 441	LOSS: 102.85	MAE: 103.26	RMSE: 136.57
Epoch 442	LOSS: 102.77	MAE: 102.32	RMSE: 134.45
Epoch 443	LOSS: 101.91	MAE: 103.09	RMSE: 134.67
Epoch 444	LOSS: 100.45	MAE: 102.20	RMSE: 134.55
Epoch 445	LOSS: 101.42	MAE: 102.44	RMSE: 135.06
Epoch 446	LOSS: 99.75	MAE: 101.94	RMSE: 134.06
Epoch 447	LOSS: 99.08	MAE: 101.86	RMSE: 133.70
Epoch 448	LOSS: 99.08	MAE: 101.65	RMSE: 133.28
Epoch 449	LOSS: 101.28	MAE: 101.67	RMSE: 134.14
Epoch 450	LOSS: 99.77	MAE: 102.00	RMSE: 133.16
Epoch 451	LOSS: 99.15	MAE: 100.63	RMSE: 132.78
Epoch 452	LOSS: 100.21	MAE: 100.71	RMSE: 132.31
Epoch 453	LOSS: 98.00	MAE: 100.15	RMSE: 132.16
Epoch 454	LOSS: 99.32	MAE: 100.41	RMSE: 131.76
Epoch 455	LOSS: 99.99	MAE: 99.82	RMSE: 131.66
Epoch 456	LOSS: 98.91	MAE: 99.86	RMSE: 131.15
Epoch 457	LOSS: 100.84	MAE: 99.58	RMSE: 131.36
Epoch 458	LOSS: 98.91	MAE: 101.04	RMSE: 131.52
Epoch 459	LOSS: 98.19	MAE: 99.42	RMSE: 131.07
Epoch 460	LOSS: 98.92	MAE: 99.29	RMSE: 130.64
Epoch 461	LOSS: 96.83	MAE: 99.98	RMSE: 130.66
Epoch 462	LOSS: 97.59	MAE: 98.90	RMSE: 130.17
Epoch 463	LOSS: 96.65	MAE: 98.87	RMSE: 129.89
Epoch 464	LOSS: 96.52	MAE: 98.87	RMSE: 129.65
Epoch 465	LOSS: 96.12	MAE: 98.24	RMSE: 129.42
Epoch 466	LOSS: 96.40	MAE: 98.36	RMSE: 129.22
Epoch 467	LOSS: 96.88	MAE: 98.06	RMSE: 129.08
Epoch 468	LOSS: 95.76	MAE: 98.84	RMSE: 129.31
Epoch 469	LOSS: 96.08	MAE: 97.88	RMSE: 128.75
Epoch 470	LOSS: 96.03	MAE: 97.94	RMSE: 128.61
Epoch 471	LOSS: 96.52	MAE: 97.88	RMSE: 128.46
Epoch 472	LOSS: 95.01	MAE: 97.69	RMSE: 128.28
Epoch 473	LOSS: 94.02	MAE: 97.73	RMSE: 128.18
Epoch 474	LOSS: 95.42	MAE: 97.28	RMSE: 127.90
Epoch 475	LOSS: 96.06	MAE: 97.33	RMSE: 127.80
Epoch 476	LOSS: 94.59	MAE: 97.04	RMSE: 127.57
Epoch 477	LOSS: 96.13	MAE: 97.19	RMSE: 127.49
Epoch 478	LOSS: 94.04	MAE: 96.79	RMSE: 127.26
Epoch 479	LOSS: 94.86	MAE: 96.72	RMSE: 127.14
Epoch 480	LOSS: 93.61	MAE: 96.75	RMSE: 127.02
Epoch 481	LOSS: 95.33	MAE: 96.53	RMSE: 126.86
Epoch 482	LOSS: 93.97	MAE: 96.63	RMSE: 126.81
Epoch 483	LOSS: 94.47	MAE: 96.38	RMSE: 126.65
Epoch 484	LOSS: 94.41	MAE: 96.85	RMSE: 126.76
Epoch 485	LOSS: 93.21	MAE: 96.35	RMSE: 126.46
Epoch 486	LOSS: 94.51	MAE: 96.53	RMSE: 126.43
Epoch 487	LOSS: 94.38	MAE: 96.11	RMSE: 126.21
Epoch 488	LOSS: 94.41	MAE: 96.25	RMSE: 126.16
Epoch 489	LOSS: 92.40	MAE: 96.17	RMSE: 126.06
Epoch 490	LOSS: 94.09	MAE: 95.89	RMSE: 125.93
Epoch 491	LOSS: 94.71	MAE: 96.41	RMSE: 126.07
Epoch 492	LOSS: 93.84	MAE: 95.92	RMSE: 125.77
Epoch 493	LOSS: 94.85	MAE: 96.23	RMSE: 125.84
Epoch 494	LOSS: 93.23	MAE: 95.89	RMSE: 125.63
Epoch 495	LOSS: 93.37	MAE: 95.90	RMSE: 125.59
Epoch 496	LOSS: 93.40	MAE: 95.71	RMSE: 125.46
Epoch 497	LOSS: 93.23	MAE: 95.83	RMSE: 125.47
Epoch 498	LOSS: 92.64	MAE: 95.86	RMSE: 125.43
Epoch 499	LOSS: 93.61	MAE: 95.54	RMSE: 125.30
