Epoch 000	LOSS: 53.99	MAE: 56.46	RMSE: 57.11
Epoch 001	LOSS: 53.32	MAE: 55.83	RMSE: 56.48
Epoch 002	LOSS: 52.77	MAE: 55.19	RMSE: 55.85
Epoch 003	LOSS: 51.83	MAE: 54.52	RMSE: 55.18
Epoch 004	LOSS: 51.35	MAE: 53.81	RMSE: 54.48
Epoch 005	LOSS: 50.37	MAE: 53.08	RMSE: 53.76
Epoch 006	LOSS: 49.89	MAE: 52.32	RMSE: 53.01
Epoch 007	LOSS: 49.47	MAE: 51.54	RMSE: 52.23
Epoch 008	LOSS: 48.35	MAE: 50.72	RMSE: 51.43
Epoch 009	LOSS: 47.89	MAE: 49.88	RMSE: 50.60
Epoch 010	LOSS: 46.73	MAE: 49.01	RMSE: 49.73
Epoch 011	LOSS: 46.09	MAE: 48.11	RMSE: 48.84
Epoch 012	LOSS: 44.90	MAE: 47.18	RMSE: 47.92
Epoch 013	LOSS: 44.14	MAE: 46.23	RMSE: 46.98
Epoch 014	LOSS: 43.28	MAE: 45.25	RMSE: 46.01
Epoch 015	LOSS: 42.40	MAE: 44.25	RMSE: 45.01
Epoch 016	LOSS: 41.15	MAE: 43.22	RMSE: 43.99
Epoch 017	LOSS: 40.12	MAE: 42.17	RMSE: 42.95
Epoch 018	LOSS: 39.17	MAE: 41.10	RMSE: 41.88
Epoch 019	LOSS: 38.18	MAE: 40.00	RMSE: 40.78
Epoch 020	LOSS: 36.81	MAE: 38.89	RMSE: 39.66
Epoch 021	LOSS: 36.22	MAE: 37.75	RMSE: 38.52
Epoch 022	LOSS: 34.78	MAE: 36.59	RMSE: 37.36
Epoch 023	LOSS: 33.72	MAE: 35.41	RMSE: 36.17
Epoch 024	LOSS: 32.78	MAE: 34.22	RMSE: 34.97
Epoch 025	LOSS: 31.68	MAE: 33.01	RMSE: 33.75
Epoch 026	LOSS: 30.11	MAE: 31.78	RMSE: 32.51
Epoch 027	LOSS: 29.26	MAE: 30.53	RMSE: 31.25
Epoch 028	LOSS: 27.82	MAE: 29.27	RMSE: 29.97
Epoch 029	LOSS: 26.73	MAE: 27.99	RMSE: 28.67
Epoch 030	LOSS: 25.62	MAE: 26.70	RMSE: 27.35
Epoch 031	LOSS: 24.35	MAE: 25.39	RMSE: 26.03
Epoch 032	LOSS: 23.10	MAE: 24.08	RMSE: 24.70
Epoch 033	LOSS: 21.70	MAE: 22.75	RMSE: 23.35
Epoch 034	LOSS: 20.59	MAE: 21.41	RMSE: 22.00
Epoch 035	LOSS: 19.32	MAE: 20.06	RMSE: 20.64
Epoch 036	LOSS: 17.96	MAE: 18.70	RMSE: 19.28
Epoch 037	LOSS: 16.69	MAE: 17.33	RMSE: 17.93
Epoch 038	LOSS: 15.33	MAE: 15.96	RMSE: 16.59
Epoch 039	LOSS: 14.13	MAE: 14.60	RMSE: 15.28
Epoch 040	LOSS: 12.86	MAE: 13.23	RMSE: 14.01
Epoch 041	LOSS: 11.64	MAE: 11.87	RMSE: 12.80
Epoch 042	LOSS: 10.37	MAE: 10.54	RMSE: 11.67
Epoch 043	LOSS: 9.19	MAE: 9.24	RMSE: 10.65
Epoch 044	LOSS: 7.94	MAE: 8.00	RMSE: 9.79
Epoch 045	LOSS: 6.93	MAE: 6.86	RMSE: 9.14
Epoch 046	LOSS: 6.10	MAE: 5.89	RMSE: 8.72
Epoch 047	LOSS: 5.44	MAE: 5.16	RMSE: 8.56
Epoch 048	LOSS: 5.10	MAE: 4.72	RMSE: 8.59
Epoch 049	LOSS: 4.81	MAE: 4.56	RMSE: 8.73
Epoch 050	LOSS: 4.88	MAE: 4.53	RMSE: 8.87
Epoch 051	LOSS: 4.88	MAE: 4.55	RMSE: 8.95
Epoch 052	LOSS: 4.91	MAE: 4.53	RMSE: 8.85
Epoch 053	LOSS: 5.03	MAE: 4.54	RMSE: 8.79
Epoch 054	LOSS: 4.90	MAE: 4.53	RMSE: 8.77
Epoch 055	LOSS: 5.00	MAE: 4.64	RMSE: 8.55
Epoch 056	LOSS: 4.78	MAE: 4.55	RMSE: 8.76
Epoch 057	LOSS: 4.79	MAE: 4.51	RMSE: 8.76
Epoch 058	LOSS: 4.64	MAE: 4.47	RMSE: 8.76
Epoch 059	LOSS: 4.69	MAE: 4.49	RMSE: 8.88
Epoch 060	LOSS: 4.63	MAE: 4.48	RMSE: 8.83
Epoch 061	LOSS: 4.55	MAE: 4.50	RMSE: 8.83
Epoch 062	LOSS: 4.62	MAE: 4.51	RMSE: 8.78
Epoch 063	LOSS: 4.63	MAE: 4.54	RMSE: 8.86
Epoch 064	LOSS: 4.60	MAE: 4.54	RMSE: 8.84
Epoch 065	LOSS: 4.63	MAE: 4.50	RMSE: 8.82
Epoch 066	LOSS: 4.69	MAE: 4.48	RMSE: 8.83
Epoch 067	LOSS: 4.59	MAE: 4.49	RMSE: 8.84
Epoch 068	LOSS: 4.54	MAE: 4.50	RMSE: 8.79
Epoch 069	LOSS: 4.51	MAE: 4.50	RMSE: 8.83
Epoch 070	LOSS: 4.58	MAE: 4.50	RMSE: 8.82
Epoch 071	LOSS: 4.54	MAE: 4.50	RMSE: 8.79
Epoch 072	LOSS: 4.54	MAE: 4.50	RMSE: 8.84
Epoch 073	LOSS: 4.59	MAE: 4.50	RMSE: 8.85
Epoch 074	LOSS: 4.52	MAE: 4.50	RMSE: 8.86
Epoch 075	LOSS: 4.51	MAE: 4.49	RMSE: 8.83
Epoch 076	LOSS: 4.62	MAE: 4.47	RMSE: 8.80
Epoch 077	LOSS: 4.53	MAE: 4.49	RMSE: 8.81
Epoch 078	LOSS: 4.45	MAE: 4.50	RMSE: 8.82
Epoch 079	LOSS: 4.46	MAE: 4.47	RMSE: 8.77
Epoch 080	LOSS: 4.52	MAE: 4.49	RMSE: 8.82
Epoch 081	LOSS: 4.56	MAE: 4.48	RMSE: 8.75
Epoch 082	LOSS: 4.55	MAE: 4.51	RMSE: 8.82
Epoch 083	LOSS: 4.46	MAE: 4.51	RMSE: 8.82
Epoch 084	LOSS: 4.54	MAE: 4.47	RMSE: 8.71
Epoch 085	LOSS: 4.38	MAE: 4.50	RMSE: 8.82
Epoch 086	LOSS: 4.51	MAE: 4.47	RMSE: 8.76
Epoch 087	LOSS: 4.52	MAE: 4.48	RMSE: 8.75
Epoch 088	LOSS: 4.55	MAE: 4.51	RMSE: 8.80
Epoch 089	LOSS: 4.56	MAE: 4.52	RMSE: 8.79
Epoch 090	LOSS: 4.42	MAE: 4.53	RMSE: 8.82
Epoch 091	LOSS: 4.43	MAE: 4.50	RMSE: 8.77
Epoch 092	LOSS: 4.41	MAE: 4.51	RMSE: 8.81
Epoch 093	LOSS: 4.55	MAE: 4.52	RMSE: 8.83
Epoch 094	LOSS: 4.42	MAE: 4.49	RMSE: 8.70
Epoch 095	LOSS: 4.48	MAE: 4.49	RMSE: 8.78
Epoch 096	LOSS: 4.59	MAE: 4.52	RMSE: 8.85
Epoch 097	LOSS: 4.43	MAE: 4.48	RMSE: 8.73
Epoch 098	LOSS: 4.40	MAE: 4.50	RMSE: 8.77
Epoch 099	LOSS: 4.33	MAE: 4.48	RMSE: 8.81
Epoch 100	LOSS: 4.53	MAE: 4.59	RMSE: 8.75
Epoch 101	LOSS: 4.41	MAE: 4.58	RMSE: 8.74
Epoch 102	LOSS: 4.41	MAE: 4.53	RMSE: 8.81
Epoch 103	LOSS: 4.39	MAE: 4.50	RMSE: 8.79
Epoch 104	LOSS: 4.50	MAE: 4.49	RMSE: 8.71
Epoch 105	LOSS: 4.42	MAE: 4.48	RMSE: 8.79
Epoch 106	LOSS: 4.63	MAE: 4.62	RMSE: 8.73
Epoch 107	LOSS: 4.44	MAE: 4.49	RMSE: 8.72
Epoch 108	LOSS: 4.50	MAE: 4.55	RMSE: 8.81
Epoch 109	LOSS: 4.57	MAE: 4.55	RMSE: 8.77
Epoch 110	LOSS: 4.39	MAE: 4.52	RMSE: 8.80
Epoch 111	LOSS: 4.58	MAE: 4.56	RMSE: 8.95
Epoch 112	LOSS: 4.61	MAE: 4.51	RMSE: 8.74
Epoch 113	LOSS: 4.49	MAE: 4.50	RMSE: 8.74
Epoch 114	LOSS: 4.58	MAE: 4.53	RMSE: 8.82
Epoch 115	LOSS: 4.39	MAE: 4.55	RMSE: 8.80
Epoch 116	LOSS: 4.51	MAE: 4.51	RMSE: 8.74
Epoch 117	LOSS: 4.41	MAE: 4.51	RMSE: 8.75
Epoch 118	LOSS: 4.50	MAE: 4.52	RMSE: 8.76
Epoch 119	LOSS: 4.44	MAE: 4.54	RMSE: 8.80
Epoch 120	LOSS: 4.48	MAE: 4.55	RMSE: 8.81
Epoch 121	LOSS: 4.33	MAE: 4.54	RMSE: 8.79
Epoch 122	LOSS: 4.41	MAE: 4.54	RMSE: 8.81
Epoch 123	LOSS: 4.45	MAE: 4.54	RMSE: 8.76
Epoch 124	LOSS: 4.47	MAE: 4.54	RMSE: 8.79
Epoch 125	LOSS: 4.39	MAE: 4.54	RMSE: 8.82
Epoch 126	LOSS: 4.44	MAE: 4.54	RMSE: 8.79
Epoch 127	LOSS: 4.35	MAE: 4.53	RMSE: 8.72
Epoch 128	LOSS: 4.35	MAE: 4.55	RMSE: 8.80
Epoch 129	LOSS: 4.40	MAE: 4.57	RMSE: 8.82
Epoch 130	LOSS: 4.48	MAE: 4.50	RMSE: 8.69
Epoch 131	LOSS: 4.45	MAE: 4.53	RMSE: 8.73
Epoch 132	LOSS: 4.37	MAE: 4.52	RMSE: 8.79
Epoch 133	LOSS: 4.30	MAE: 4.55	RMSE: 8.79
Epoch 134	LOSS: 4.51	MAE: 4.54	RMSE: 8.79
Epoch 135	LOSS: 4.37	MAE: 4.54	RMSE: 8.82
Epoch 136	LOSS: 4.36	MAE: 4.54	RMSE: 8.77
Epoch 137	LOSS: 4.32	MAE: 4.54	RMSE: 8.79
Epoch 138	LOSS: 4.34	MAE: 4.53	RMSE: 8.75
Epoch 139	LOSS: 4.29	MAE: 4.54	RMSE: 8.76
Epoch 140	LOSS: 4.39	MAE: 4.53	RMSE: 8.73
Epoch 141	LOSS: 4.49	MAE: 4.53	RMSE: 8.73
Epoch 142	LOSS: 4.40	MAE: 4.54	RMSE: 8.72
Epoch 143	LOSS: 4.33	MAE: 4.54	RMSE: 8.71
Epoch 144	LOSS: 4.44	MAE: 4.56	RMSE: 8.68
Epoch 145	LOSS: 4.45	MAE: 4.56	RMSE: 8.68
Epoch 146	LOSS: 4.32	MAE: 4.56	RMSE: 8.70
Epoch 147	LOSS: 4.31	MAE: 4.56	RMSE: 8.70
Epoch 148	LOSS: 4.40	MAE: 4.56	RMSE: 8.73
Epoch 149	LOSS: 4.39	MAE: 4.57	RMSE: 8.68
Epoch 150	LOSS: 4.35	MAE: 4.54	RMSE: 8.72
Epoch 151	LOSS: 4.32	MAE: 4.58	RMSE: 8.64
Epoch 152	LOSS: 4.44	MAE: 4.51	RMSE: 8.70
Epoch 153	LOSS: 4.35	MAE: 4.55	RMSE: 8.66
Epoch 154	LOSS: 4.38	MAE: 4.45	RMSE: 8.54
Epoch 155	LOSS: 4.35	MAE: 4.52	RMSE: 8.73
Epoch 156	LOSS: 4.38	MAE: 4.54	RMSE: 8.74
Epoch 157	LOSS: 4.37	MAE: 4.51	RMSE: 8.68
Epoch 158	LOSS: 4.34	MAE: 4.50	RMSE: 8.63
Epoch 159	LOSS: 4.40	MAE: 4.52	RMSE: 8.75
Epoch 160	LOSS: 4.35	MAE: 4.52	RMSE: 8.71
Epoch 161	LOSS: 4.46	MAE: 4.50	RMSE: 8.55
Epoch 162	LOSS: 4.31	MAE: 4.50	RMSE: 8.65
Epoch 163	LOSS: 4.35	MAE: 4.48	RMSE: 8.72
Epoch 164	LOSS: 4.47	MAE: 4.48	RMSE: 8.66
Epoch 165	LOSS: 4.41	MAE: 4.50	RMSE: 8.72
Epoch 166	LOSS: 4.28	MAE: 4.49	RMSE: 8.68
Epoch 167	LOSS: 4.41	MAE: 4.47	RMSE: 8.57
Epoch 168	LOSS: 4.34	MAE: 4.49	RMSE: 8.68
Epoch 169	LOSS: 4.37	MAE: 4.47	RMSE: 8.64
Epoch 170	LOSS: 4.36	MAE: 4.48	RMSE: 8.59
Epoch 171	LOSS: 4.38	MAE: 4.49	RMSE: 8.73
Epoch 172	LOSS: 4.38	MAE: 4.54	RMSE: 8.66
Epoch 173	LOSS: 4.37	MAE: 4.54	RMSE: 8.75
Epoch 174	LOSS: 4.48	MAE: 4.47	RMSE: 8.60
Epoch 175	LOSS: 4.32	MAE: 4.48	RMSE: 8.62
Epoch 176	LOSS: 4.28	MAE: 4.48	RMSE: 8.67
Epoch 177	LOSS: 4.34	MAE: 4.47	RMSE: 8.63
Epoch 178	LOSS: 4.37	MAE: 4.48	RMSE: 8.63
Epoch 179	LOSS: 4.37	MAE: 4.51	RMSE: 8.59
Epoch 180	LOSS: 4.39	MAE: 4.48	RMSE: 8.64
Epoch 181	LOSS: 4.32	MAE: 4.48	RMSE: 8.65
Epoch 182	LOSS: 4.46	MAE: 4.45	RMSE: 8.54
Epoch 183	LOSS: 4.33	MAE: 4.48	RMSE: 8.68
Epoch 184	LOSS: 4.35	MAE: 4.55	RMSE: 8.66
Epoch 185	LOSS: 4.41	MAE: 4.52	RMSE: 8.76
Epoch 186	LOSS: 4.36	MAE: 4.54	RMSE: 8.66
Epoch 187	LOSS: 4.31	MAE: 4.53	RMSE: 8.68
Epoch 188	LOSS: 4.37	MAE: 4.52	RMSE: 8.70
Epoch 189	LOSS: 4.31	MAE: 4.52	RMSE: 8.70
Epoch 190	LOSS: 4.31	MAE: 4.53	RMSE: 8.72
Epoch 191	LOSS: 4.34	MAE: 4.53	RMSE: 8.68
Epoch 192	LOSS: 4.40	MAE: 4.52	RMSE: 8.69
Epoch 193	LOSS: 4.33	MAE: 4.52	RMSE: 8.65
Epoch 194	LOSS: 4.36	MAE: 4.48	RMSE: 8.62
Epoch 195	LOSS: 4.43	MAE: 4.49	RMSE: 8.63
Epoch 196	LOSS: 4.44	MAE: 4.47	RMSE: 8.66
Epoch 197	LOSS: 4.42	MAE: 4.48	RMSE: 8.62
Epoch 198	LOSS: 4.32	MAE: 4.48	RMSE: 8.67
Epoch 199	LOSS: 4.28	MAE: 4.48	RMSE: 8.62
Epoch 200	LOSS: 4.33	MAE: 4.48	RMSE: 8.63
Epoch 201	LOSS: 4.37	MAE: 4.47	RMSE: 8.62
Epoch 202	LOSS: 4.31	MAE: 4.48	RMSE: 8.64
Epoch 203	LOSS: 4.36	MAE: 4.48	RMSE: 8.63
Epoch 204	LOSS: 4.35	MAE: 4.47	RMSE: 8.63
Epoch 205	LOSS: 4.37	MAE: 4.49	RMSE: 8.63
Epoch 206	LOSS: 4.38	MAE: 4.49	RMSE: 8.62
Epoch 207	LOSS: 4.32	MAE: 4.48	RMSE: 8.69
Epoch 208	LOSS: 4.45	MAE: 4.49	RMSE: 8.74
Epoch 209	LOSS: 4.28	MAE: 4.46	RMSE: 8.60
Epoch 210	LOSS: 4.36	MAE: 4.45	RMSE: 8.59
Epoch 211	LOSS: 4.27	MAE: 4.47	RMSE: 8.64
Epoch 212	LOSS: 4.43	MAE: 4.54	RMSE: 8.67
Epoch 213	LOSS: 4.38	MAE: 4.50	RMSE: 8.68
Epoch 214	LOSS: 4.33	MAE: 4.54	RMSE: 8.67
Epoch 215	LOSS: 4.42	MAE: 4.49	RMSE: 8.61
Epoch 216	LOSS: 4.37	MAE: 4.49	RMSE: 8.65
Epoch 217	LOSS: 4.36	MAE: 4.49	RMSE: 8.60
Epoch 218	LOSS: 4.34	MAE: 4.52	RMSE: 8.72
Epoch 219	LOSS: 4.29	MAE: 4.49	RMSE: 8.63
Epoch 220	LOSS: 4.25	MAE: 4.48	RMSE: 8.65
Epoch 221	LOSS: 4.26	MAE: 4.48	RMSE: 8.64
Epoch 222	LOSS: 4.28	MAE: 4.46	RMSE: 8.62
Epoch 223	LOSS: 4.31	MAE: 4.46	RMSE: 8.63
Epoch 224	LOSS: 4.32	MAE: 4.47	RMSE: 8.62
Epoch 225	LOSS: 4.34	MAE: 4.50	RMSE: 8.69
Epoch 226	LOSS: 4.32	MAE: 4.49	RMSE: 8.64
Epoch 227	LOSS: 4.32	MAE: 4.47	RMSE: 8.64
Epoch 228	LOSS: 4.31	MAE: 4.47	RMSE: 8.64
Epoch 229	LOSS: 4.36	MAE: 4.46	RMSE: 8.60
Epoch 230	LOSS: 4.37	MAE: 4.46	RMSE: 8.60
Epoch 231	LOSS: 4.29	MAE: 4.46	RMSE: 8.63
Epoch 232	LOSS: 4.39	MAE: 4.46	RMSE: 8.59
Epoch 233	LOSS: 4.32	MAE: 4.46	RMSE: 8.65
Epoch 234	LOSS: 4.36	MAE: 4.45	RMSE: 8.58
Epoch 235	LOSS: 4.38	MAE: 4.45	RMSE: 8.60
Epoch 236	LOSS: 4.41	MAE: 4.47	RMSE: 8.72
Epoch 237	LOSS: 4.39	MAE: 4.44	RMSE: 8.48
Epoch 238	LOSS: 4.30	MAE: 4.43	RMSE: 8.56
Epoch 239	LOSS: 4.40	MAE: 4.44	RMSE: 8.62
Epoch 240	LOSS: 4.43	MAE: 4.46	RMSE: 8.65
Epoch 241	LOSS: 4.29	MAE: 4.44	RMSE: 8.56
Epoch 242	LOSS: 4.30	MAE: 4.45	RMSE: 8.61
Epoch 243	LOSS: 4.34	MAE: 4.46	RMSE: 8.64
Epoch 244	LOSS: 4.32	MAE: 4.45	RMSE: 8.59
Epoch 245	LOSS: 4.33	MAE: 4.45	RMSE: 8.62
Epoch 246	LOSS: 4.34	MAE: 4.46	RMSE: 8.60
Epoch 247	LOSS: 4.38	MAE: 4.44	RMSE: 8.55
Epoch 248	LOSS: 4.27	MAE: 4.44	RMSE: 8.57
Epoch 249	LOSS: 4.34	MAE: 4.43	RMSE: 8.56
Epoch 250	LOSS: 4.45	MAE: 4.42	RMSE: 8.53
Epoch 251	LOSS: 4.40	MAE: 4.43	RMSE: 8.59
Epoch 252	LOSS: 4.36	MAE: 4.42	RMSE: 8.51
Epoch 253	LOSS: 4.27	MAE: 4.44	RMSE: 8.57
Epoch 254	LOSS: 4.36	MAE: 4.43	RMSE: 8.54
Epoch 255	LOSS: 4.30	MAE: 4.45	RMSE: 8.60
Epoch 256	LOSS: 4.33	MAE: 4.45	RMSE: 8.53
Epoch 257	LOSS: 4.39	MAE: 4.44	RMSE: 8.60
Epoch 258	LOSS: 4.29	MAE: 4.44	RMSE: 8.56
Epoch 259	LOSS: 4.23	MAE: 4.46	RMSE: 8.56
Epoch 260	LOSS: 4.36	MAE: 4.45	RMSE: 8.61
Epoch 261	LOSS: 4.40	MAE: 4.44	RMSE: 8.56
Epoch 262	LOSS: 4.42	MAE: 4.45	RMSE: 8.64
Epoch 263	LOSS: 4.36	MAE: 4.44	RMSE: 8.51
Epoch 264	LOSS: 4.32	MAE: 4.45	RMSE: 8.63
Epoch 265	LOSS: 4.37	MAE: 4.42	RMSE: 8.49
Epoch 266	LOSS: 4.33	MAE: 4.41	RMSE: 8.52
Epoch 267	LOSS: 4.33	MAE: 4.42	RMSE: 8.51
Epoch 268	LOSS: 4.41	MAE: 4.42	RMSE: 8.56
Epoch 269	LOSS: 4.24	MAE: 4.44	RMSE: 8.53
Epoch 270	LOSS: 4.25	MAE: 4.45	RMSE: 8.59
Epoch 271	LOSS: 4.25	MAE: 4.45	RMSE: 8.55
Epoch 272	LOSS: 4.48	MAE: 4.44	RMSE: 8.57
Epoch 273	LOSS: 4.32	MAE: 4.44	RMSE: 8.58
Epoch 274	LOSS: 4.30	MAE: 4.43	RMSE: 8.56
Epoch 275	LOSS: 4.42	MAE: 4.43	RMSE: 8.56
Epoch 276	LOSS: 4.29	MAE: 4.43	RMSE: 8.59
Epoch 277	LOSS: 4.31	MAE: 4.43	RMSE: 8.57
Epoch 278	LOSS: 4.26	MAE: 4.42	RMSE: 8.55
Epoch 279	LOSS: 4.29	MAE: 4.41	RMSE: 8.53
Epoch 280	LOSS: 4.32	MAE: 4.42	RMSE: 8.57
Epoch 281	LOSS: 4.32	MAE: 4.42	RMSE: 8.54
Epoch 282	LOSS: 4.34	MAE: 4.42	RMSE: 8.54
Epoch 283	LOSS: 4.39	MAE: 4.42	RMSE: 8.55
Epoch 284	LOSS: 4.28	MAE: 4.42	RMSE: 8.57
Epoch 285	LOSS: 4.31	MAE: 4.42	RMSE: 8.52
Epoch 286	LOSS: 4.29	MAE: 4.42	RMSE: 8.59
Epoch 287	LOSS: 4.33	MAE: 4.42	RMSE: 8.57
Epoch 288	LOSS: 4.35	MAE: 4.42	RMSE: 8.48
Epoch 289	LOSS: 4.31	MAE: 4.42	RMSE: 8.58
Epoch 290	LOSS: 4.38	MAE: 4.40	RMSE: 8.49
Epoch 291	LOSS: 4.35	MAE: 4.41	RMSE: 8.51
Epoch 292	LOSS: 4.31	MAE: 4.40	RMSE: 8.50
Epoch 293	LOSS: 4.27	MAE: 4.41	RMSE: 8.55
Epoch 294	LOSS: 4.32	MAE: 4.41	RMSE: 8.56
Epoch 295	LOSS: 4.44	MAE: 4.42	RMSE: 8.53
Epoch 296	LOSS: 4.31	MAE: 4.42	RMSE: 8.55
Epoch 297	LOSS: 4.22	MAE: 4.41	RMSE: 8.53
Epoch 298	LOSS: 4.22	MAE: 4.40	RMSE: 8.51
Epoch 299	LOSS: 4.33	MAE: 4.41	RMSE: 8.53
Epoch 300	LOSS: 4.38	MAE: 4.45	RMSE: 8.59
Epoch 301	LOSS: 4.33	MAE: 4.42	RMSE: 8.51
Epoch 302	LOSS: 4.40	MAE: 4.44	RMSE: 8.59
Epoch 303	LOSS: 4.29	MAE: 4.42	RMSE: 8.53
Epoch 304	LOSS: 4.37	MAE: 4.43	RMSE: 8.54
Epoch 305	LOSS: 4.32	MAE: 4.43	RMSE: 8.57
Epoch 306	LOSS: 4.37	MAE: 4.43	RMSE: 8.56
Epoch 307	LOSS: 4.32	MAE: 4.43	RMSE: 8.58
Epoch 308	LOSS: 4.31	MAE: 4.43	RMSE: 8.54
Epoch 309	LOSS: 4.37	MAE: 4.43	RMSE: 8.58
Epoch 310	LOSS: 4.32	MAE: 4.43	RMSE: 8.58
Epoch 311	LOSS: 4.41	MAE: 4.43	RMSE: 8.54
Epoch 312	LOSS: 4.23	MAE: 4.42	RMSE: 8.58
Epoch 313	LOSS: 4.34	MAE: 4.42	RMSE: 8.48
Epoch 314	LOSS: 4.33	MAE: 4.43	RMSE: 8.57
Epoch 315	LOSS: 4.29	MAE: 4.42	RMSE: 8.56
Epoch 316	LOSS: 4.40	MAE: 4.41	RMSE: 8.51
Epoch 317	LOSS: 4.25	MAE: 4.42	RMSE: 8.54
Epoch 318	LOSS: 4.37	MAE: 4.42	RMSE: 8.50
Epoch 319	LOSS: 4.29	MAE: 4.43	RMSE: 8.59
Epoch 320	LOSS: 4.35	MAE: 4.42	RMSE: 8.51
Epoch 321	LOSS: 4.38	MAE: 4.42	RMSE: 8.57
Epoch 322	LOSS: 4.26	MAE: 4.42	RMSE: 8.52
Epoch 323	LOSS: 4.32	MAE: 4.41	RMSE: 8.52
Epoch 324	LOSS: 4.36	MAE: 4.43	RMSE: 8.56
Epoch 325	LOSS: 4.29	MAE: 4.42	RMSE: 8.52
Epoch 326	LOSS: 4.23	MAE: 4.42	RMSE: 8.56
Epoch 327	LOSS: 4.35	MAE: 4.42	RMSE: 8.55
Epoch 328	LOSS: 4.36	MAE: 4.41	RMSE: 8.54
Epoch 329	LOSS: 4.47	MAE: 4.41	RMSE: 8.55
Epoch 330	LOSS: 4.27	MAE: 4.42	RMSE: 8.56
Epoch 331	LOSS: 4.28	MAE: 4.42	RMSE: 8.53
Epoch 332	LOSS: 4.41	MAE: 4.41	RMSE: 8.53
Epoch 333	LOSS: 4.34	MAE: 4.42	RMSE: 8.55
Epoch 334	LOSS: 4.31	MAE: 4.41	RMSE: 8.50
Epoch 335	LOSS: 4.36	MAE: 4.42	RMSE: 8.54
Epoch 336	LOSS: 4.31	MAE: 4.42	RMSE: 8.48
Epoch 337	LOSS: 4.40	MAE: 4.44	RMSE: 8.56
Epoch 338	LOSS: 4.27	MAE: 4.42	RMSE: 8.54
Epoch 339	LOSS: 4.37	MAE: 4.42	RMSE: 8.50
Epoch 340	LOSS: 4.23	MAE: 4.43	RMSE: 8.56
Epoch 341	LOSS: 4.33	MAE: 4.41	RMSE: 8.51
Epoch 342	LOSS: 4.30	MAE: 4.42	RMSE: 8.54
Epoch 343	LOSS: 4.30	MAE: 4.43	RMSE: 8.52
Epoch 344	LOSS: 4.30	MAE: 4.42	RMSE: 8.52
Epoch 345	LOSS: 4.27	MAE: 4.43	RMSE: 8.57
Epoch 346	LOSS: 4.36	MAE: 4.43	RMSE: 8.55
Epoch 347	LOSS: 4.30	MAE: 4.43	RMSE: 8.54
Epoch 348	LOSS: 4.35	MAE: 4.42	RMSE: 8.51
Epoch 349	LOSS: 4.27	MAE: 4.41	RMSE: 8.52
Epoch 350	LOSS: 4.31	MAE: 4.41	RMSE: 8.53
Epoch 351	LOSS: 4.23	MAE: 4.42	RMSE: 8.52
Epoch 352	LOSS: 4.32	MAE: 4.42	RMSE: 8.54
Epoch 353	LOSS: 4.32	MAE: 4.42	RMSE: 8.55
Epoch 354	LOSS: 4.38	MAE: 4.44	RMSE: 8.56
Epoch 355	LOSS: 4.30	MAE: 4.43	RMSE: 8.58
Epoch 356	LOSS: 4.31	MAE: 4.41	RMSE: 8.49
Epoch 357	LOSS: 4.32	MAE: 4.43	RMSE: 8.56
Epoch 358	LOSS: 4.22	MAE: 4.42	RMSE: 8.59
Epoch 359	LOSS: 4.31	MAE: 4.42	RMSE: 8.49
Epoch 360	LOSS: 4.30	MAE: 4.40	RMSE: 8.57
Epoch 361	LOSS: 4.27	MAE: 4.41	RMSE: 8.52
Epoch 362	LOSS: 4.35	MAE: 4.44	RMSE: 8.56
Epoch 363	LOSS: 4.30	MAE: 4.41	RMSE: 8.51
Epoch 364	LOSS: 4.31	MAE: 4.43	RMSE: 8.58
Epoch 365	LOSS: 4.42	MAE: 4.42	RMSE: 8.49
Epoch 366	LOSS: 4.30	MAE: 4.42	RMSE: 8.57
Epoch 367	LOSS: 4.25	MAE: 4.42	RMSE: 8.56
Epoch 368	LOSS: 4.22	MAE: 4.41	RMSE: 8.49
Epoch 369	LOSS: 4.29	MAE: 4.42	RMSE: 8.52
Epoch 370	LOSS: 4.27	MAE: 4.43	RMSE: 8.58
Epoch 371	LOSS: 4.28	MAE: 4.42	RMSE: 8.50
Epoch 372	LOSS: 4.25	MAE: 4.43	RMSE: 8.59
Epoch 373	LOSS: 4.29	MAE: 4.41	RMSE: 8.48
Epoch 374	LOSS: 4.36	MAE: 4.42	RMSE: 8.56
Epoch 375	LOSS: 4.39	MAE: 4.41	RMSE: 8.52
Epoch 376	LOSS: 4.35	MAE: 4.43	RMSE: 8.56
Epoch 377	LOSS: 4.30	MAE: 4.42	RMSE: 8.53
Epoch 378	LOSS: 4.36	MAE: 4.43	RMSE: 8.51
Epoch 379	LOSS: 4.37	MAE: 4.43	RMSE: 8.59
Epoch 380	LOSS: 4.34	MAE: 4.42	RMSE: 8.52
Epoch 381	LOSS: 4.23	MAE: 4.43	RMSE: 8.57
Epoch 382	LOSS: 4.26	MAE: 4.42	RMSE: 8.54
Epoch 383	LOSS: 4.38	MAE: 4.41	RMSE: 8.51
Epoch 384	LOSS: 4.38	MAE: 4.42	RMSE: 8.53
Epoch 385	LOSS: 4.33	MAE: 4.42	RMSE: 8.52
Epoch 386	LOSS: 4.31	MAE: 4.41	RMSE: 8.51
Epoch 387	LOSS: 4.37	MAE: 4.42	RMSE: 8.54
Epoch 388	LOSS: 4.36	MAE: 4.42	RMSE: 8.55
Epoch 389	LOSS: 4.34	MAE: 4.43	RMSE: 8.56
Epoch 390	LOSS: 4.35	MAE: 4.40	RMSE: 8.56
Epoch 391	LOSS: 4.37	MAE: 4.40	RMSE: 8.49
Epoch 392	LOSS: 4.30	MAE: 4.40	RMSE: 8.55
Epoch 393	LOSS: 4.30	MAE: 4.40	RMSE: 8.54
Epoch 394	LOSS: 4.32	MAE: 4.40	RMSE: 8.51
Epoch 395	LOSS: 4.29	MAE: 4.41	RMSE: 8.53
Epoch 396	LOSS: 4.29	MAE: 4.41	RMSE: 8.53
Epoch 397	LOSS: 4.40	MAE: 4.41	RMSE: 8.51
Epoch 398	LOSS: 4.25	MAE: 4.43	RMSE: 8.59
Epoch 399	LOSS: 4.32	MAE: 4.42	RMSE: 8.51
Epoch 400	LOSS: 4.24	MAE: 4.43	RMSE: 8.55
Epoch 401	LOSS: 4.26	MAE: 4.42	RMSE: 8.57
Epoch 402	LOSS: 4.32	MAE: 4.39	RMSE: 8.46
Epoch 403	LOSS: 4.25	MAE: 4.39	RMSE: 8.54
Epoch 404	LOSS: 4.34	MAE: 4.41	RMSE: 8.54
Epoch 405	LOSS: 4.29	MAE: 4.41	RMSE: 8.51
Epoch 406	LOSS: 4.26	MAE: 4.39	RMSE: 8.55
Epoch 407	LOSS: 4.27	MAE: 4.40	RMSE: 8.52
Epoch 408	LOSS: 4.32	MAE: 4.39	RMSE: 8.54
Epoch 409	LOSS: 4.34	MAE: 4.40	RMSE: 8.51
Epoch 410	LOSS: 4.30	MAE: 4.40	RMSE: 8.52
Epoch 411	LOSS: 4.29	MAE: 4.40	RMSE: 8.50
Epoch 412	LOSS: 4.34	MAE: 4.41	RMSE: 8.55
Epoch 413	LOSS: 4.29	MAE: 4.40	RMSE: 8.52
Epoch 414	LOSS: 4.26	MAE: 4.42	RMSE: 8.57
Epoch 415	LOSS: 4.29	MAE: 4.41	RMSE: 8.56
Epoch 416	LOSS: 4.37	MAE: 4.42	RMSE: 8.55
Epoch 417	LOSS: 4.29	MAE: 4.42	RMSE: 8.54
Epoch 418	LOSS: 4.31	MAE: 4.42	RMSE: 8.56
Epoch 419	LOSS: 4.33	MAE: 4.42	RMSE: 8.58
Epoch 420	LOSS: 4.36	MAE: 4.40	RMSE: 8.49
Epoch 421	LOSS: 4.32	MAE: 4.41	RMSE: 8.56
Epoch 422	LOSS: 4.33	MAE: 4.40	RMSE: 8.54
Epoch 423	LOSS: 4.42	MAE: 4.39	RMSE: 8.47
Epoch 424	LOSS: 4.30	MAE: 4.41	RMSE: 8.55
Epoch 425	LOSS: 4.35	MAE: 4.40	RMSE: 8.54
Epoch 426	LOSS: 4.36	MAE: 4.40	RMSE: 8.53
Epoch 427	LOSS: 4.31	MAE: 4.41	RMSE: 8.56
Epoch 428	LOSS: 4.26	MAE: 4.40	RMSE: 8.50
Epoch 429	LOSS: 4.40	MAE: 4.41	RMSE: 8.54
Epoch 430	LOSS: 4.27	MAE: 4.40	RMSE: 8.57
Epoch 431	LOSS: 4.32	MAE: 4.41	RMSE: 8.51
Epoch 432	LOSS: 4.39	MAE: 4.40	RMSE: 8.55
Epoch 433	LOSS: 4.34	MAE: 4.40	RMSE: 8.49
Epoch 434	LOSS: 4.27	MAE: 4.41	RMSE: 8.58
Epoch 435	LOSS: 4.32	MAE: 4.40	RMSE: 8.52
Epoch 436	LOSS: 4.35	MAE: 4.41	RMSE: 8.54
Epoch 437	LOSS: 4.27	MAE: 4.41	RMSE: 8.55
Epoch 438	LOSS: 4.31	MAE: 4.39	RMSE: 8.50
Epoch 439	LOSS: 4.40	MAE: 4.41	RMSE: 8.53
Epoch 440	LOSS: 4.39	MAE: 4.41	RMSE: 8.53
Epoch 441	LOSS: 4.34	MAE: 4.42	RMSE: 8.57
Epoch 442	LOSS: 4.27	MAE: 4.42	RMSE: 8.54
Epoch 443	LOSS: 4.28	MAE: 4.41	RMSE: 8.57
Epoch 444	LOSS: 4.33	MAE: 4.39	RMSE: 8.49
Epoch 445	LOSS: 4.32	MAE: 4.40	RMSE: 8.55
Epoch 446	LOSS: 4.29	MAE: 4.43	RMSE: 8.59
Epoch 447	LOSS: 4.38	MAE: 4.43	RMSE: 8.54
Epoch 448	LOSS: 4.28	MAE: 4.42	RMSE: 8.55
Epoch 449	LOSS: 4.38	MAE: 4.39	RMSE: 8.49
Epoch 450	LOSS: 4.26	MAE: 4.40	RMSE: 8.49
Epoch 451	LOSS: 4.28	MAE: 4.40	RMSE: 8.56
Epoch 452	LOSS: 4.22	MAE: 4.39	RMSE: 8.52
Epoch 453	LOSS: 4.33	MAE: 4.40	RMSE: 8.54
Epoch 454	LOSS: 4.31	MAE: 4.42	RMSE: 8.54
Epoch 455	LOSS: 4.37	MAE: 4.41	RMSE: 8.54
Epoch 456	LOSS: 4.30	MAE: 4.41	RMSE: 8.53
Epoch 457	LOSS: 4.30	MAE: 4.43	RMSE: 8.52
Epoch 458	LOSS: 4.30	MAE: 4.44	RMSE: 8.55
Epoch 459	LOSS: 4.27	MAE: 4.41	RMSE: 8.53
Epoch 460	LOSS: 4.31	MAE: 4.40	RMSE: 8.55
Epoch 461	LOSS: 4.26	MAE: 4.42	RMSE: 8.55
Epoch 462	LOSS: 4.32	MAE: 4.40	RMSE: 8.53
Epoch 463	LOSS: 4.38	MAE: 4.43	RMSE: 8.58
Epoch 464	LOSS: 4.27	MAE: 4.42	RMSE: 8.59
Epoch 465	LOSS: 4.40	MAE: 4.41	RMSE: 8.49
Epoch 466	LOSS: 4.21	MAE: 4.41	RMSE: 8.60
Epoch 467	LOSS: 4.22	MAE: 4.41	RMSE: 8.47
Epoch 468	LOSS: 4.18	MAE: 4.41	RMSE: 8.55
Epoch 469	LOSS: 4.35	MAE: 4.40	RMSE: 8.51
Epoch 470	LOSS: 4.32	MAE: 4.41	RMSE: 8.56
Epoch 471	LOSS: 4.27	MAE: 4.42	RMSE: 8.57
Epoch 472	LOSS: 4.33	MAE: 4.40	RMSE: 8.50
Epoch 473	LOSS: 4.34	MAE: 4.41	RMSE: 8.57
Epoch 474	LOSS: 4.36	MAE: 4.41	RMSE: 8.54
Epoch 475	LOSS: 4.31	MAE: 4.41	RMSE: 8.54
Epoch 476	LOSS: 4.39	MAE: 4.40	RMSE: 8.53
Epoch 477	LOSS: 4.37	MAE: 4.40	RMSE: 8.53
Epoch 478	LOSS: 4.35	MAE: 4.41	RMSE: 8.55
Epoch 479	LOSS: 4.27	MAE: 4.42	RMSE: 8.55
Epoch 480	LOSS: 4.38	MAE: 4.40	RMSE: 8.51
Epoch 481	LOSS: 4.29	MAE: 4.41	RMSE: 8.56
Epoch 482	LOSS: 4.37	MAE: 4.41	RMSE: 8.52
Epoch 483	LOSS: 4.35	MAE: 4.41	RMSE: 8.57
Epoch 484	LOSS: 4.32	MAE: 4.41	RMSE: 8.53
Epoch 485	LOSS: 4.33	MAE: 4.41	RMSE: 8.53
Epoch 486	LOSS: 4.26	MAE: 4.41	RMSE: 8.55
Epoch 487	LOSS: 4.29	MAE: 4.40	RMSE: 8.51
Epoch 488	LOSS: 4.28	MAE: 4.41	RMSE: 8.56
Epoch 489	LOSS: 4.25	MAE: 4.42	RMSE: 8.53
Epoch 490	LOSS: 4.28	MAE: 4.42	RMSE: 8.58
Epoch 491	LOSS: 4.26	MAE: 4.41	RMSE: 8.54
Epoch 492	LOSS: 4.32	MAE: 4.40	RMSE: 8.53
Epoch 493	LOSS: 4.31	MAE: 4.40	RMSE: 8.53
Epoch 494	LOSS: 4.31	MAE: 4.40	RMSE: 8.53
Epoch 495	LOSS: 4.37	MAE: 4.40	RMSE: 8.47
Epoch 496	LOSS: 4.29	MAE: 4.42	RMSE: 8.60
Epoch 497	LOSS: 4.32	MAE: 4.39	RMSE: 8.47
Epoch 498	LOSS: 4.30	MAE: 4.41	RMSE: 8.56
Epoch 499	LOSS: 4.32	MAE: 4.41	RMSE: 8.53
