Epoch 000	LOSS: 451.14	MAE: 255.17	RMSE: 298.05
Epoch 001	LOSS: 444.54	MAE: 255.13	RMSE: 298.02
Epoch 002	LOSS: 439.50	MAE: 255.06	RMSE: 297.96
Epoch 003	LOSS: 440.75	MAE: 254.96	RMSE: 297.87
Epoch 004	LOSS: 446.89	MAE: 254.81	RMSE: 297.74
Epoch 005	LOSS: 436.59	MAE: 254.59	RMSE: 297.56
Epoch 006	LOSS: 442.73	MAE: 254.29	RMSE: 297.30
Epoch 007	LOSS: 439.37	MAE: 253.86	RMSE: 296.94
Epoch 008	LOSS: 439.04	MAE: 253.26	RMSE: 296.43
Epoch 009	LOSS: 434.97	MAE: 252.40	RMSE: 295.70
Epoch 010	LOSS: 425.75	MAE: 251.11	RMSE: 294.60
Epoch 011	LOSS: 425.54	MAE: 249.15	RMSE: 292.92
Epoch 012	LOSS: 412.75	MAE: 246.70	RMSE: 290.82
Epoch 013	LOSS: 397.26	MAE: 243.99	RMSE: 288.48
Epoch 014	LOSS: 390.68	MAE: 241.07	RMSE: 285.93
Epoch 015	LOSS: 373.52	MAE: 237.64	RMSE: 282.91
Epoch 016	LOSS: 359.81	MAE: 233.77	RMSE: 279.45
Epoch 017	LOSS: 350.40	MAE: 229.73	RMSE: 275.80
Epoch 018	LOSS: 328.53	MAE: 225.65	RMSE: 272.06
Epoch 019	LOSS: 305.96	MAE: 221.40	RMSE: 268.09
Epoch 020	LOSS: 284.10	MAE: 216.86	RMSE: 263.75
Epoch 021	LOSS: 266.15	MAE: 212.60	RMSE: 259.56
Epoch 022	LOSS: 249.03	MAE: 208.74	RMSE: 255.63
Epoch 023	LOSS: 234.24	MAE: 204.76	RMSE: 251.48
Epoch 024	LOSS: 220.96	MAE: 201.51	RMSE: 247.91
Epoch 025	LOSS: 211.18	MAE: 199.02	RMSE: 245.01
Epoch 026	LOSS: 204.27	MAE: 197.55	RMSE: 243.04
Epoch 027	LOSS: 196.64	MAE: 197.39	RMSE: 242.32
Epoch 028	LOSS: 192.42	MAE: 197.44	RMSE: 241.96
Epoch 029	LOSS: 192.77	MAE: 198.77	RMSE: 243.11
Epoch 030	LOSS: 188.34	MAE: 200.12	RMSE: 244.52
Epoch 031	LOSS: 180.95	MAE: 202.12	RMSE: 246.71
Epoch 032	LOSS: 174.21	MAE: 204.15	RMSE: 248.98
Epoch 033	LOSS: 172.20	MAE: 206.55	RMSE: 251.55
Epoch 034	LOSS: 171.37	MAE: 208.70	RMSE: 253.83
Epoch 035	LOSS: 171.37	MAE: 210.04	RMSE: 255.26
Epoch 036	LOSS: 168.49	MAE: 210.78	RMSE: 256.16
Epoch 037	LOSS: 167.38	MAE: 211.01	RMSE: 256.58
Epoch 038	LOSS: 167.26	MAE: 211.26	RMSE: 257.09
Epoch 039	LOSS: 168.44	MAE: 211.35	RMSE: 257.44
Epoch 040	LOSS: 167.45	MAE: 211.48	RMSE: 257.82
Epoch 041	LOSS: 166.85	MAE: 211.50	RMSE: 258.12
Epoch 042	LOSS: 164.26	MAE: 211.59	RMSE: 258.45
Epoch 043	LOSS: 165.81	MAE: 211.70	RMSE: 258.75
Epoch 044	LOSS: 164.32	MAE: 211.73	RMSE: 258.89
Epoch 045	LOSS: 162.89	MAE: 211.78	RMSE: 258.97
Epoch 046	LOSS: 163.34	MAE: 211.84	RMSE: 259.04
Epoch 047	LOSS: 163.47	MAE: 211.88	RMSE: 259.07
Epoch 048	LOSS: 161.74	MAE: 211.76	RMSE: 259.06
Epoch 049	LOSS: 161.88	MAE: 211.66	RMSE: 259.04
Epoch 050	LOSS: 159.33	MAE: 211.59	RMSE: 259.00
Epoch 051	LOSS: 164.23	MAE: 211.52	RMSE: 258.93
Epoch 052	LOSS: 161.94	MAE: 211.48	RMSE: 258.85
Epoch 053	LOSS: 161.65	MAE: 211.35	RMSE: 258.74
Epoch 054	LOSS: 156.16	MAE: 211.21	RMSE: 258.65
Epoch 055	LOSS: 156.91	MAE: 211.08	RMSE: 258.59
Epoch 056	LOSS: 156.16	MAE: 210.92	RMSE: 258.50
Epoch 057	LOSS: 155.30	MAE: 210.93	RMSE: 258.49
Epoch 058	LOSS: 154.25	MAE: 210.85	RMSE: 258.48
Epoch 059	LOSS: 154.26	MAE: 210.77	RMSE: 258.49
Epoch 060	LOSS: 151.12	MAE: 210.66	RMSE: 258.46
Epoch 061	LOSS: 151.69	MAE: 210.47	RMSE: 258.34
Epoch 062	LOSS: 151.56	MAE: 210.39	RMSE: 258.26
Epoch 063	LOSS: 150.77	MAE: 210.22	RMSE: 258.19
Epoch 064	LOSS: 148.72	MAE: 210.15	RMSE: 258.17
Epoch 065	LOSS: 150.25	MAE: 210.10	RMSE: 258.16
Epoch 066	LOSS: 148.50	MAE: 210.00	RMSE: 258.11
Epoch 067	LOSS: 146.86	MAE: 209.81	RMSE: 258.05
Epoch 068	LOSS: 144.08	MAE: 209.61	RMSE: 257.96
Epoch 069	LOSS: 142.89	MAE: 209.39	RMSE: 257.79
Epoch 070	LOSS: 140.93	MAE: 209.12	RMSE: 257.66
Epoch 071	LOSS: 139.75	MAE: 208.99	RMSE: 257.59
Epoch 072	LOSS: 139.25	MAE: 208.83	RMSE: 257.49
Epoch 073	LOSS: 137.74	MAE: 208.55	RMSE: 257.33
Epoch 074	LOSS: 134.72	MAE: 208.27	RMSE: 257.20
Epoch 075	LOSS: 134.45	MAE: 208.12	RMSE: 257.15
Epoch 076	LOSS: 131.91	MAE: 208.05	RMSE: 257.10
Epoch 077	LOSS: 134.25	MAE: 208.03	RMSE: 257.08
Epoch 078	LOSS: 132.57	MAE: 207.75	RMSE: 256.96
Epoch 079	LOSS: 131.22	MAE: 207.44	RMSE: 256.82
Epoch 080	LOSS: 128.92	MAE: 207.21	RMSE: 256.72
Epoch 081	LOSS: 125.67	MAE: 206.96	RMSE: 256.56
Epoch 082	LOSS: 129.23	MAE: 206.91	RMSE: 256.50
Epoch 083	LOSS: 126.60	MAE: 206.68	RMSE: 256.37
Epoch 084	LOSS: 123.30	MAE: 206.33	RMSE: 256.21
Epoch 085	LOSS: 118.90	MAE: 205.96	RMSE: 256.08
Epoch 086	LOSS: 121.45	MAE: 205.85	RMSE: 256.03
Epoch 087	LOSS: 118.75	MAE: 205.81	RMSE: 255.94
Epoch 088	LOSS: 119.55	MAE: 205.93	RMSE: 255.95
Epoch 089	LOSS: 120.80	MAE: 206.03	RMSE: 255.98
Epoch 090	LOSS: 120.77	MAE: 205.76	RMSE: 255.88
Epoch 091	LOSS: 116.91	MAE: 205.33	RMSE: 255.72
Epoch 092	LOSS: 112.27	MAE: 204.78	RMSE: 255.51
Epoch 093	LOSS: 111.52	MAE: 204.51	RMSE: 255.39
Epoch 094	LOSS: 110.68	MAE: 204.26	RMSE: 255.31
Epoch 095	LOSS: 108.80	MAE: 204.08	RMSE: 255.21
Epoch 096	LOSS: 108.47	MAE: 204.16	RMSE: 255.25
Epoch 097	LOSS: 106.79	MAE: 203.97	RMSE: 255.16
Epoch 098	LOSS: 105.92	MAE: 203.57	RMSE: 254.99
Epoch 099	LOSS: 101.88	MAE: 203.13	RMSE: 254.84
Epoch 100	LOSS: 101.77	MAE: 202.91	RMSE: 254.80
Epoch 101	LOSS: 101.06	MAE: 202.76	RMSE: 254.75
Epoch 102	LOSS: 99.49	MAE: 202.42	RMSE: 254.61
Epoch 103	LOSS: 98.06	MAE: 202.28	RMSE: 254.55
Epoch 104	LOSS: 97.75	MAE: 202.22	RMSE: 254.50
Epoch 105	LOSS: 96.30	MAE: 201.86	RMSE: 254.37
Epoch 106	LOSS: 94.28	MAE: 201.38	RMSE: 254.20
Epoch 107	LOSS: 93.34	MAE: 201.03	RMSE: 254.04
Epoch 108	LOSS: 90.39	MAE: 200.77	RMSE: 253.91
Epoch 109	LOSS: 89.75	MAE: 200.53	RMSE: 253.77
Epoch 110	LOSS: 89.40	MAE: 200.34	RMSE: 253.67
Epoch 111	LOSS: 88.74	MAE: 200.12	RMSE: 253.56
Epoch 112	LOSS: 87.11	MAE: 199.84	RMSE: 253.46
Epoch 113	LOSS: 86.53	MAE: 199.74	RMSE: 253.46
Epoch 114	LOSS: 87.06	MAE: 199.80	RMSE: 253.51
Epoch 115	LOSS: 86.21	MAE: 199.79	RMSE: 253.53
Epoch 116	LOSS: 85.15	MAE: 199.87	RMSE: 253.56
Epoch 117	LOSS: 85.26	MAE: 199.77	RMSE: 253.58
Epoch 118	LOSS: 85.42	MAE: 199.69	RMSE: 253.56
Epoch 119	LOSS: 83.57	MAE: 199.23	RMSE: 253.38
Epoch 120	LOSS: 80.82	MAE: 198.84	RMSE: 253.25
Epoch 121	LOSS: 80.15	MAE: 198.72	RMSE: 253.22
Epoch 122	LOSS: 79.60	MAE: 198.57	RMSE: 253.14
Epoch 123	LOSS: 80.97	MAE: 198.44	RMSE: 253.01
Epoch 124	LOSS: 79.76	MAE: 198.41	RMSE: 252.96
Epoch 125	LOSS: 81.37	MAE: 198.60	RMSE: 253.10
Epoch 126	LOSS: 80.03	MAE: 198.88	RMSE: 253.32
Epoch 127	LOSS: 81.52	MAE: 199.01	RMSE: 253.45
Epoch 128	LOSS: 80.26	MAE: 198.99	RMSE: 253.47
Epoch 129	LOSS: 79.44	MAE: 198.74	RMSE: 253.41
Epoch 130	LOSS: 78.84	MAE: 198.57	RMSE: 253.38
Epoch 131	LOSS: 77.90	MAE: 198.37	RMSE: 253.32
Epoch 132	LOSS: 77.71	MAE: 198.41	RMSE: 253.35
Epoch 133	LOSS: 78.26	MAE: 198.47	RMSE: 253.38
Epoch 134	LOSS: 78.47	MAE: 198.46	RMSE: 253.38
Epoch 135	LOSS: 78.26	MAE: 198.47	RMSE: 253.39
Epoch 136	LOSS: 77.52	MAE: 198.47	RMSE: 253.40
Epoch 137	LOSS: 78.72	MAE: 198.50	RMSE: 253.41
Epoch 138	LOSS: 77.32	MAE: 198.45	RMSE: 253.38
Epoch 139	LOSS: 76.64	MAE: 198.38	RMSE: 253.34
Epoch 140	LOSS: 76.79	MAE: 198.33	RMSE: 253.34
Epoch 141	LOSS: 76.26	MAE: 198.23	RMSE: 253.30
Epoch 142	LOSS: 75.68	MAE: 198.07	RMSE: 253.25
Epoch 143	LOSS: 75.08	MAE: 197.98	RMSE: 253.24
Epoch 144	LOSS: 74.47	MAE: 197.94	RMSE: 253.22
Epoch 145	LOSS: 75.86	MAE: 198.16	RMSE: 253.24
Epoch 146	LOSS: 76.39	MAE: 198.22	RMSE: 253.24
Epoch 147	LOSS: 76.34	MAE: 198.31	RMSE: 253.31
Epoch 148	LOSS: 77.15	MAE: 198.44	RMSE: 253.37
Epoch 149	LOSS: 75.97	MAE: 198.41	RMSE: 253.38
Epoch 150	LOSS: 74.50	MAE: 198.18	RMSE: 253.34
Epoch 151	LOSS: 74.52	MAE: 197.97	RMSE: 253.30
Epoch 152	LOSS: 75.06	MAE: 197.90	RMSE: 253.30
Epoch 153	LOSS: 74.90	MAE: 197.89	RMSE: 253.32
Epoch 154	LOSS: 74.37	MAE: 197.84	RMSE: 253.27
Epoch 155	LOSS: 74.66	MAE: 197.88	RMSE: 253.25
Epoch 156	LOSS: 75.01	MAE: 197.98	RMSE: 253.30
Epoch 157	LOSS: 76.23	MAE: 198.17	RMSE: 253.39
Epoch 158	LOSS: 74.74	MAE: 198.03	RMSE: 253.33
Epoch 159	LOSS: 74.77	MAE: 197.97	RMSE: 253.30
Epoch 160	LOSS: 73.81	MAE: 197.95	RMSE: 253.29
Epoch 161	LOSS: 73.13	MAE: 197.87	RMSE: 253.28
Epoch 162	LOSS: 73.83	MAE: 197.80	RMSE: 253.29
Epoch 163	LOSS: 74.48	MAE: 197.85	RMSE: 253.31
Epoch 164	LOSS: 73.72	MAE: 198.01	RMSE: 253.36
Epoch 165	LOSS: 75.68	MAE: 198.04	RMSE: 253.38
Epoch 166	LOSS: 74.50	MAE: 198.03	RMSE: 253.38
Epoch 167	LOSS: 74.19	MAE: 198.00	RMSE: 253.36
Epoch 168	LOSS: 74.22	MAE: 197.97	RMSE: 253.35
Epoch 169	LOSS: 73.94	MAE: 198.07	RMSE: 253.38
Epoch 170	LOSS: 75.18	MAE: 198.10	RMSE: 253.38
Epoch 171	LOSS: 74.56	MAE: 198.07	RMSE: 253.36
Epoch 172	LOSS: 74.04	MAE: 197.99	RMSE: 253.34
Epoch 173	LOSS: 73.69	MAE: 197.91	RMSE: 253.34
Epoch 174	LOSS: 73.17	MAE: 197.84	RMSE: 253.32
Epoch 175	LOSS: 73.66	MAE: 197.76	RMSE: 253.29
Epoch 176	LOSS: 72.48	MAE: 197.64	RMSE: 253.24
Epoch 177	LOSS: 72.69	MAE: 197.59	RMSE: 253.25
Epoch 178	LOSS: 73.42	MAE: 197.61	RMSE: 253.27
Epoch 179	LOSS: 72.26	MAE: 197.64	RMSE: 253.27
Epoch 180	LOSS: 72.62	MAE: 197.71	RMSE: 253.28
Epoch 181	LOSS: 73.98	MAE: 197.86	RMSE: 253.33
Epoch 182	LOSS: 74.12	MAE: 198.02	RMSE: 253.39
Epoch 183	LOSS: 74.08	MAE: 197.97	RMSE: 253.36
Epoch 184	LOSS: 73.03	MAE: 197.99	RMSE: 253.37
Epoch 185	LOSS: 72.97	MAE: 198.01	RMSE: 253.39
Epoch 186	LOSS: 73.61	MAE: 198.02	RMSE: 253.41
Epoch 187	LOSS: 73.66	MAE: 198.00	RMSE: 253.39
Epoch 188	LOSS: 73.43	MAE: 197.95	RMSE: 253.38
Epoch 189	LOSS: 74.73	MAE: 197.87	RMSE: 253.34
Epoch 190	LOSS: 73.78	MAE: 197.70	RMSE: 253.28
Epoch 191	LOSS: 71.95	MAE: 197.69	RMSE: 253.26
Epoch 192	LOSS: 72.97	MAE: 197.69	RMSE: 253.27
Epoch 193	LOSS: 74.28	MAE: 197.75	RMSE: 253.32
Epoch 194	LOSS: 74.48	MAE: 197.86	RMSE: 253.34
Epoch 195	LOSS: 72.30	MAE: 197.70	RMSE: 253.29
Epoch 196	LOSS: 73.41	MAE: 197.73	RMSE: 253.30
Epoch 197	LOSS: 72.87	MAE: 197.73	RMSE: 253.31
Epoch 198	LOSS: 72.19	MAE: 197.70	RMSE: 253.31
Epoch 199	LOSS: 72.28	MAE: 197.70	RMSE: 253.32
Epoch 200	LOSS: 72.20	MAE: 197.62	RMSE: 253.29
Epoch 201	LOSS: 71.48	MAE: 197.61	RMSE: 253.27
Epoch 202	LOSS: 72.21	MAE: 197.75	RMSE: 253.31
Epoch 203	LOSS: 71.55	MAE: 197.74	RMSE: 253.30
Epoch 204	LOSS: 71.84	MAE: 197.75	RMSE: 253.30
Epoch 205	LOSS: 72.15	MAE: 197.72	RMSE: 253.31
Epoch 206	LOSS: 72.07	MAE: 197.66	RMSE: 253.29
Epoch 207	LOSS: 71.97	MAE: 197.65	RMSE: 253.30
Epoch 208	LOSS: 72.34	MAE: 197.63	RMSE: 253.28
Epoch 209	LOSS: 70.91	MAE: 197.60	RMSE: 253.28
Epoch 210	LOSS: 72.37	MAE: 197.64	RMSE: 253.31
Epoch 211	LOSS: 72.88	MAE: 197.68	RMSE: 253.33
Epoch 212	LOSS: 71.88	MAE: 197.62	RMSE: 253.31
Epoch 213	LOSS: 71.84	MAE: 197.52	RMSE: 253.27
Epoch 214	LOSS: 71.19	MAE: 197.52	RMSE: 253.25
Epoch 215	LOSS: 71.22	MAE: 197.55	RMSE: 253.27
Epoch 216	LOSS: 71.17	MAE: 197.55	RMSE: 253.28
Epoch 217	LOSS: 71.65	MAE: 197.55	RMSE: 253.32
Epoch 218	LOSS: 70.53	MAE: 197.44	RMSE: 253.29
Epoch 219	LOSS: 70.38	MAE: 197.43	RMSE: 253.26
Epoch 220	LOSS: 70.55	MAE: 197.52	RMSE: 253.29
Epoch 221	LOSS: 71.96	MAE: 197.68	RMSE: 253.34
Epoch 222	LOSS: 71.73	MAE: 197.63	RMSE: 253.32
Epoch 223	LOSS: 70.17	MAE: 197.57	RMSE: 253.30
Epoch 224	LOSS: 71.45	MAE: 197.63	RMSE: 253.33
Epoch 225	LOSS: 71.44	MAE: 197.55	RMSE: 253.31
Epoch 226	LOSS: 69.97	MAE: 197.46	RMSE: 253.28
Epoch 227	LOSS: 71.27	MAE: 197.44	RMSE: 253.27
Epoch 228	LOSS: 70.35	MAE: 197.43	RMSE: 253.27
Epoch 229	LOSS: 70.80	MAE: 197.48	RMSE: 253.30
Epoch 230	LOSS: 70.80	MAE: 197.55	RMSE: 253.33
Epoch 231	LOSS: 70.86	MAE: 197.39	RMSE: 253.27
Epoch 232	LOSS: 69.41	MAE: 197.29	RMSE: 253.24
Epoch 233	LOSS: 69.67	MAE: 197.25	RMSE: 253.24
Epoch 234	LOSS: 69.71	MAE: 197.27	RMSE: 253.24
Epoch 235	LOSS: 71.57	MAE: 197.35	RMSE: 253.27
Epoch 236	LOSS: 68.95	MAE: 197.34	RMSE: 253.26
Epoch 237	LOSS: 70.03	MAE: 197.31	RMSE: 253.26
Epoch 238	LOSS: 70.52	MAE: 197.29	RMSE: 253.25
Epoch 239	LOSS: 70.45	MAE: 197.44	RMSE: 253.28
Epoch 240	LOSS: 70.98	MAE: 197.59	RMSE: 253.32
Epoch 241	LOSS: 71.48	MAE: 197.66	RMSE: 253.34
Epoch 242	LOSS: 71.78	MAE: 197.66	RMSE: 253.35
Epoch 243	LOSS: 70.11	MAE: 197.47	RMSE: 253.30
Epoch 244	LOSS: 71.39	MAE: 197.53	RMSE: 253.31
Epoch 245	LOSS: 71.84	MAE: 197.47	RMSE: 253.28
Epoch 246	LOSS: 68.66	MAE: 197.25	RMSE: 253.22
Epoch 247	LOSS: 69.82	MAE: 197.19	RMSE: 253.22
Epoch 248	LOSS: 71.05	MAE: 197.30	RMSE: 253.27
Epoch 249	LOSS: 70.27	MAE: 197.23	RMSE: 253.25
Epoch 250	LOSS: 69.14	MAE: 197.18	RMSE: 253.22
Epoch 251	LOSS: 68.71	MAE: 197.16	RMSE: 253.23
Epoch 252	LOSS: 68.95	MAE: 197.25	RMSE: 253.26
Epoch 253	LOSS: 68.20	MAE: 197.31	RMSE: 253.28
Epoch 254	LOSS: 68.00	MAE: 197.15	RMSE: 253.25
Epoch 255	LOSS: 68.54	MAE: 197.09	RMSE: 253.25
Epoch 256	LOSS: 68.69	MAE: 197.12	RMSE: 253.26
Epoch 257	LOSS: 67.85	MAE: 197.07	RMSE: 253.23
Epoch 258	LOSS: 68.85	MAE: 197.05	RMSE: 253.22
Epoch 259	LOSS: 69.15	MAE: 197.15	RMSE: 253.23
Epoch 260	LOSS: 68.14	MAE: 197.02	RMSE: 253.19
Epoch 261	LOSS: 69.03	MAE: 197.04	RMSE: 253.21
Epoch 262	LOSS: 69.92	MAE: 197.23	RMSE: 253.27
Epoch 263	LOSS: 69.82	MAE: 197.27	RMSE: 253.29
Epoch 264	LOSS: 68.49	MAE: 197.08	RMSE: 253.23
Epoch 265	LOSS: 69.16	MAE: 197.05	RMSE: 253.21
Epoch 266	LOSS: 67.55	MAE: 196.99	RMSE: 253.21
Epoch 267	LOSS: 68.45	MAE: 196.95	RMSE: 253.20
Epoch 268	LOSS: 67.95	MAE: 196.92	RMSE: 253.21
Epoch 269	LOSS: 68.10	MAE: 196.89	RMSE: 253.21
Epoch 270	LOSS: 68.04	MAE: 196.88	RMSE: 253.20
Epoch 271	LOSS: 67.59	MAE: 196.97	RMSE: 253.22
Epoch 272	LOSS: 67.71	MAE: 196.94	RMSE: 253.20
Epoch 273	LOSS: 67.71	MAE: 196.93	RMSE: 253.20
Epoch 274	LOSS: 67.43	MAE: 197.10	RMSE: 253.24
Epoch 275	LOSS: 68.21	MAE: 197.05	RMSE: 253.25
Epoch 276	LOSS: 69.48	MAE: 196.92	RMSE: 253.22
Epoch 277	LOSS: 67.03	MAE: 196.86	RMSE: 253.19
Epoch 278	LOSS: 67.92	MAE: 196.85	RMSE: 253.18
Epoch 279	LOSS: 67.22	MAE: 196.91	RMSE: 253.20
Epoch 280	LOSS: 66.23	MAE: 196.86	RMSE: 253.18
Epoch 281	LOSS: 67.86	MAE: 196.83	RMSE: 253.16
Epoch 282	LOSS: 68.64	MAE: 196.99	RMSE: 253.23
Epoch 283	LOSS: 67.43	MAE: 197.10	RMSE: 253.26
Epoch 284	LOSS: 66.88	MAE: 196.99	RMSE: 253.22
Epoch 285	LOSS: 67.17	MAE: 197.00	RMSE: 253.23
Epoch 286	LOSS: 67.64	MAE: 197.18	RMSE: 253.28
Epoch 287	LOSS: 68.62	MAE: 197.15	RMSE: 253.27
Epoch 288	LOSS: 65.40	MAE: 196.84	RMSE: 253.18
Epoch 289	LOSS: 67.74	MAE: 196.79	RMSE: 253.16
Epoch 290	LOSS: 66.01	MAE: 196.76	RMSE: 253.17
Epoch 291	LOSS: 66.72	MAE: 196.76	RMSE: 253.17
Epoch 292	LOSS: 66.78	MAE: 196.82	RMSE: 253.17
Epoch 293	LOSS: 66.92	MAE: 196.84	RMSE: 253.18
Epoch 294	LOSS: 68.41	MAE: 196.93	RMSE: 253.21
Epoch 295	LOSS: 67.72	MAE: 196.95	RMSE: 253.21
Epoch 296	LOSS: 67.73	MAE: 196.89	RMSE: 253.18
Epoch 297	LOSS: 69.09	MAE: 197.02	RMSE: 253.24
Epoch 298	LOSS: 68.41	MAE: 197.06	RMSE: 253.26
Epoch 299	LOSS: 67.60	MAE: 196.93	RMSE: 253.23
Epoch 300	LOSS: 66.64	MAE: 196.88	RMSE: 253.22
Epoch 301	LOSS: 67.71	MAE: 196.97	RMSE: 253.24
Epoch 302	LOSS: 67.26	MAE: 196.94	RMSE: 253.23
Epoch 303	LOSS: 66.62	MAE: 196.85	RMSE: 253.20
Epoch 304	LOSS: 67.48	MAE: 196.88	RMSE: 253.21
Epoch 305	LOSS: 66.84	MAE: 196.89	RMSE: 253.20
Epoch 306	LOSS: 67.27	MAE: 196.89	RMSE: 253.21
Epoch 307	LOSS: 67.30	MAE: 196.89	RMSE: 253.22
Epoch 308	LOSS: 67.14	MAE: 196.92	RMSE: 253.23
Epoch 309	LOSS: 66.12	MAE: 196.76	RMSE: 253.17
Epoch 310	LOSS: 66.36	MAE: 196.77	RMSE: 253.17
Epoch 311	LOSS: 67.21	MAE: 196.86	RMSE: 253.22
Epoch 312	LOSS: 67.24	MAE: 196.86	RMSE: 253.23
Epoch 313	LOSS: 67.99	MAE: 196.98	RMSE: 253.26
Epoch 314	LOSS: 66.19	MAE: 196.95	RMSE: 253.25
Epoch 315	LOSS: 66.95	MAE: 196.81	RMSE: 253.21
Epoch 316	LOSS: 66.49	MAE: 196.77	RMSE: 253.19
Epoch 317	LOSS: 65.83	MAE: 196.78	RMSE: 253.20
Epoch 318	LOSS: 66.54	MAE: 197.00	RMSE: 253.27
Epoch 319	LOSS: 69.07	MAE: 196.98	RMSE: 253.26
Epoch 320	LOSS: 66.52	MAE: 196.98	RMSE: 253.26
Epoch 321	LOSS: 67.88	MAE: 197.09	RMSE: 253.29
Epoch 322	LOSS: 67.71	MAE: 196.97	RMSE: 253.26
Epoch 323	LOSS: 66.15	MAE: 196.85	RMSE: 253.23
Epoch 324	LOSS: 67.49	MAE: 196.94	RMSE: 253.26
Epoch 325	LOSS: 67.88	MAE: 196.91	RMSE: 253.24
Epoch 326	LOSS: 66.80	MAE: 196.74	RMSE: 253.19
Epoch 327	LOSS: 66.67	MAE: 196.92	RMSE: 253.25
Epoch 328	LOSS: 68.11	MAE: 197.01	RMSE: 253.28
Epoch 329	LOSS: 66.05	MAE: 196.94	RMSE: 253.26
Epoch 330	LOSS: 67.09	MAE: 196.87	RMSE: 253.24
Epoch 331	LOSS: 66.86	MAE: 196.85	RMSE: 253.23
Epoch 332	LOSS: 65.76	MAE: 196.81	RMSE: 253.22
Epoch 333	LOSS: 65.07	MAE: 196.78	RMSE: 253.20
Epoch 334	LOSS: 65.45	MAE: 196.75	RMSE: 253.20
Epoch 335	LOSS: 65.11	MAE: 196.76	RMSE: 253.21
Epoch 336	LOSS: 65.99	MAE: 196.83	RMSE: 253.23
Epoch 337	LOSS: 64.34	MAE: 196.79	RMSE: 253.22
Epoch 338	LOSS: 65.20	MAE: 196.69	RMSE: 253.19
Epoch 339	LOSS: 65.73	MAE: 196.75	RMSE: 253.20
Epoch 340	LOSS: 65.66	MAE: 196.78	RMSE: 253.19
Epoch 341	LOSS: 65.25	MAE: 196.74	RMSE: 253.17
Epoch 342	LOSS: 64.49	MAE: 196.69	RMSE: 253.17
Epoch 343	LOSS: 65.26	MAE: 196.76	RMSE: 253.19
Epoch 344	LOSS: 65.93	MAE: 196.77	RMSE: 253.19
Epoch 345	LOSS: 66.20	MAE: 196.79	RMSE: 253.20
Epoch 346	LOSS: 64.67	MAE: 196.65	RMSE: 253.17
Epoch 347	LOSS: 65.22	MAE: 196.62	RMSE: 253.17
Epoch 348	LOSS: 64.62	MAE: 196.61	RMSE: 253.16
Epoch 349	LOSS: 63.80	MAE: 196.67	RMSE: 253.18
Epoch 350	LOSS: 65.17	MAE: 196.75	RMSE: 253.21
Epoch 351	LOSS: 66.18	MAE: 196.78	RMSE: 253.23
Epoch 352	LOSS: 65.67	MAE: 196.74	RMSE: 253.20
Epoch 353	LOSS: 65.91	MAE: 196.75	RMSE: 253.21
Epoch 354	LOSS: 65.42	MAE: 196.70	RMSE: 253.20
Epoch 355	LOSS: 64.76	MAE: 196.60	RMSE: 253.17
Epoch 356	LOSS: 65.54	MAE: 196.62	RMSE: 253.17
Epoch 357	LOSS: 64.83	MAE: 196.68	RMSE: 253.20
Epoch 358	LOSS: 64.72	MAE: 196.58	RMSE: 253.18
Epoch 359	LOSS: 65.17	MAE: 196.58	RMSE: 253.18
Epoch 360	LOSS: 64.75	MAE: 196.62	RMSE: 253.18
Epoch 361	LOSS: 64.76	MAE: 196.60	RMSE: 253.16
Epoch 362	LOSS: 65.44	MAE: 196.59	RMSE: 253.15
Epoch 363	LOSS: 66.17	MAE: 196.71	RMSE: 253.19
Epoch 364	LOSS: 65.38	MAE: 196.78	RMSE: 253.22
Epoch 365	LOSS: 64.35	MAE: 196.68	RMSE: 253.19
Epoch 366	LOSS: 65.57	MAE: 196.77	RMSE: 253.22
Epoch 367	LOSS: 65.16	MAE: 196.72	RMSE: 253.21
Epoch 368	LOSS: 63.89	MAE: 196.64	RMSE: 253.19
Epoch 369	LOSS: 64.90	MAE: 196.63	RMSE: 253.19
Epoch 370	LOSS: 64.55	MAE: 196.62	RMSE: 253.20
Epoch 371	LOSS: 64.39	MAE: 196.67	RMSE: 253.21
Epoch 372	LOSS: 64.68	MAE: 196.68	RMSE: 253.21
Epoch 373	LOSS: 66.04	MAE: 196.77	RMSE: 253.22
Epoch 374	LOSS: 64.46	MAE: 196.62	RMSE: 253.18
Epoch 375	LOSS: 64.64	MAE: 196.53	RMSE: 253.16
Epoch 376	LOSS: 64.66	MAE: 196.59	RMSE: 253.17
Epoch 377	LOSS: 64.93	MAE: 196.56	RMSE: 253.14
Epoch 378	LOSS: 63.28	MAE: 196.59	RMSE: 253.11
Epoch 379	LOSS: 65.21	MAE: 196.77	RMSE: 253.23
Epoch 380	LOSS: 64.50	MAE: 196.66	RMSE: 253.19
Epoch 381	LOSS: 65.00	MAE: 196.64	RMSE: 253.19
Epoch 382	LOSS: 66.69	MAE: 196.83	RMSE: 253.24
Epoch 383	LOSS: 66.17	MAE: 196.78	RMSE: 253.21
Epoch 384	LOSS: 64.53	MAE: 196.69	RMSE: 253.18
Epoch 385	LOSS: 64.59	MAE: 196.64	RMSE: 253.18
Epoch 386	LOSS: 64.73	MAE: 196.75	RMSE: 253.22
Epoch 387	LOSS: 64.04	MAE: 196.62	RMSE: 253.17
Epoch 388	LOSS: 64.18	MAE: 196.64	RMSE: 253.16
Epoch 389	LOSS: 65.03	MAE: 196.72	RMSE: 253.21
Epoch 390	LOSS: 65.98	MAE: 196.87	RMSE: 253.27
Epoch 391	LOSS: 65.26	MAE: 196.79	RMSE: 253.24
Epoch 392	LOSS: 65.63	MAE: 196.84	RMSE: 253.25
Epoch 393	LOSS: 66.61	MAE: 196.95	RMSE: 253.27
Epoch 394	LOSS: 67.13	MAE: 197.10	RMSE: 253.29
Epoch 395	LOSS: 65.10	MAE: 196.75	RMSE: 253.22
Epoch 396	LOSS: 64.00	MAE: 196.61	RMSE: 253.19
Epoch 397	LOSS: 65.44	MAE: 196.63	RMSE: 253.20
Epoch 398	LOSS: 64.59	MAE: 196.63	RMSE: 253.19
Epoch 399	LOSS: 64.92	MAE: 196.65	RMSE: 253.20
Epoch 400	LOSS: 64.23	MAE: 196.62	RMSE: 253.19
Epoch 401	LOSS: 66.07	MAE: 196.66	RMSE: 253.20
Epoch 402	LOSS: 65.75	MAE: 196.68	RMSE: 253.21
Epoch 403	LOSS: 64.40	MAE: 196.64	RMSE: 253.21
Epoch 404	LOSS: 65.05	MAE: 196.74	RMSE: 253.24
Epoch 405	LOSS: 65.84	MAE: 196.76	RMSE: 253.24
Epoch 406	LOSS: 63.63	MAE: 196.59	RMSE: 253.20
Epoch 407	LOSS: 64.14	MAE: 196.56	RMSE: 253.19
Epoch 408	LOSS: 65.38	MAE: 196.64	RMSE: 253.20
Epoch 409	LOSS: 65.57	MAE: 196.65	RMSE: 253.19
Epoch 410	LOSS: 64.50	MAE: 196.60	RMSE: 253.18
Epoch 411	LOSS: 63.88	MAE: 196.65	RMSE: 253.20
Epoch 412	LOSS: 64.21	MAE: 196.63	RMSE: 253.20
Epoch 413	LOSS: 64.65	MAE: 196.62	RMSE: 253.19
Epoch 414	LOSS: 65.46	MAE: 196.76	RMSE: 253.23
Epoch 415	LOSS: 64.07	MAE: 196.59	RMSE: 253.18
Epoch 416	LOSS: 64.19	MAE: 196.53	RMSE: 253.16
Epoch 417	LOSS: 63.46	MAE: 196.60	RMSE: 253.19
Epoch 418	LOSS: 64.61	MAE: 196.67	RMSE: 253.21
Epoch 419	LOSS: 64.40	MAE: 196.55	RMSE: 253.18
Epoch 420	LOSS: 63.45	MAE: 196.56	RMSE: 253.19
Epoch 421	LOSS: 64.62	MAE: 196.72	RMSE: 253.23
Epoch 422	LOSS: 64.67	MAE: 196.70	RMSE: 253.22
Epoch 423	LOSS: 63.89	MAE: 196.54	RMSE: 253.17
Epoch 424	LOSS: 64.99	MAE: 196.54	RMSE: 253.17
Epoch 425	LOSS: 64.76	MAE: 196.67	RMSE: 253.20
Epoch 426	LOSS: 64.62	MAE: 196.60	RMSE: 253.19
Epoch 427	LOSS: 64.79	MAE: 196.62	RMSE: 253.21
Epoch 428	LOSS: 65.74	MAE: 196.75	RMSE: 253.24
Epoch 429	LOSS: 65.17	MAE: 196.83	RMSE: 253.26
Epoch 430	LOSS: 64.62	MAE: 196.69	RMSE: 253.23
Epoch 431	LOSS: 64.57	MAE: 196.54	RMSE: 253.19
Epoch 432	LOSS: 62.74	MAE: 196.50	RMSE: 253.18
Epoch 433	LOSS: 62.97	MAE: 196.46	RMSE: 253.16
Epoch 434	LOSS: 63.76	MAE: 196.48	RMSE: 253.18
Epoch 435	LOSS: 64.77	MAE: 196.61	RMSE: 253.21
Epoch 436	LOSS: 65.06	MAE: 196.60	RMSE: 253.20
Epoch 437	LOSS: 65.41	MAE: 196.73	RMSE: 253.23
Epoch 438	LOSS: 66.92	MAE: 196.93	RMSE: 253.27
Epoch 439	LOSS: 65.02	MAE: 196.60	RMSE: 253.19
Epoch 440	LOSS: 64.91	MAE: 196.56	RMSE: 253.19
Epoch 441	LOSS: 65.11	MAE: 196.52	RMSE: 253.17
Epoch 442	LOSS: 64.32	MAE: 196.51	RMSE: 253.17
Epoch 443	LOSS: 64.38	MAE: 196.53	RMSE: 253.17
Epoch 444	LOSS: 64.56	MAE: 196.50	RMSE: 253.18
Epoch 445	LOSS: 63.98	MAE: 196.56	RMSE: 253.20
Epoch 446	LOSS: 65.32	MAE: 196.83	RMSE: 253.27
Epoch 447	LOSS: 65.56	MAE: 196.94	RMSE: 253.30
Epoch 448	LOSS: 65.32	MAE: 196.96	RMSE: 253.28
Epoch 449	LOSS: 64.87	MAE: 196.71	RMSE: 253.22
Epoch 450	LOSS: 63.95	MAE: 196.59	RMSE: 253.19
Epoch 451	LOSS: 65.13	MAE: 196.54	RMSE: 253.18
Epoch 452	LOSS: 64.17	MAE: 196.55	RMSE: 253.20
Epoch 453	LOSS: 64.19	MAE: 196.61	RMSE: 253.22
Epoch 454	LOSS: 64.33	MAE: 196.62	RMSE: 253.22
Epoch 455	LOSS: 63.65	MAE: 196.52	RMSE: 253.19
Epoch 456	LOSS: 62.91	MAE: 196.57	RMSE: 253.20
Epoch 457	LOSS: 65.10	MAE: 196.66	RMSE: 253.23
Epoch 458	LOSS: 65.49	MAE: 196.63	RMSE: 253.21
Epoch 459	LOSS: 64.66	MAE: 196.51	RMSE: 253.17
Epoch 460	LOSS: 64.27	MAE: 196.50	RMSE: 253.16
Epoch 461	LOSS: 63.52	MAE: 196.58	RMSE: 253.18
Epoch 462	LOSS: 63.73	MAE: 196.55	RMSE: 253.18
Epoch 463	LOSS: 63.85	MAE: 196.56	RMSE: 253.18
Epoch 464	LOSS: 63.88	MAE: 196.58	RMSE: 253.20
Epoch 465	LOSS: 64.42	MAE: 196.55	RMSE: 253.19
Epoch 466	LOSS: 64.85	MAE: 196.67	RMSE: 253.22
Epoch 467	LOSS: 64.76	MAE: 196.78	RMSE: 253.25
Epoch 468	LOSS: 65.36	MAE: 196.61	RMSE: 253.22
Epoch 469	LOSS: 63.82	MAE: 196.58	RMSE: 253.21
Epoch 470	LOSS: 65.64	MAE: 196.63	RMSE: 253.23
Epoch 471	LOSS: 63.82	MAE: 196.60	RMSE: 253.21
Epoch 472	LOSS: 63.90	MAE: 196.58	RMSE: 253.21
Epoch 473	LOSS: 63.89	MAE: 196.59	RMSE: 253.22
Epoch 474	LOSS: 63.03	MAE: 196.53	RMSE: 253.20
Epoch 475	LOSS: 64.32	MAE: 196.54	RMSE: 253.20
Epoch 476	LOSS: 64.58	MAE: 196.60	RMSE: 253.22
Epoch 477	LOSS: 63.83	MAE: 196.58	RMSE: 253.20
Epoch 478	LOSS: 64.64	MAE: 196.56	RMSE: 253.18
Epoch 479	LOSS: 63.87	MAE: 196.55	RMSE: 253.17
Epoch 480	LOSS: 65.04	MAE: 196.55	RMSE: 253.18
Epoch 481	LOSS: 65.13	MAE: 196.63	RMSE: 253.20
Epoch 482	LOSS: 64.15	MAE: 196.62	RMSE: 253.20
Epoch 483	LOSS: 64.75	MAE: 196.73	RMSE: 253.24
Epoch 484	LOSS: 65.03	MAE: 196.69	RMSE: 253.22
Epoch 485	LOSS: 64.68	MAE: 196.61	RMSE: 253.20
Epoch 486	LOSS: 64.38	MAE: 196.58	RMSE: 253.20
Epoch 487	LOSS: 63.55	MAE: 196.66	RMSE: 253.21
Epoch 488	LOSS: 64.43	MAE: 196.60	RMSE: 253.18
Epoch 489	LOSS: 63.20	MAE: 196.51	RMSE: 253.15
Epoch 490	LOSS: 64.66	MAE: 196.57	RMSE: 253.18
Epoch 491	LOSS: 65.64	MAE: 196.64	RMSE: 253.21
Epoch 492	LOSS: 64.61	MAE: 196.53	RMSE: 253.17
Epoch 493	LOSS: 63.50	MAE: 196.55	RMSE: 253.18
Epoch 494	LOSS: 64.20	MAE: 196.58	RMSE: 253.18
Epoch 495	LOSS: 63.82	MAE: 196.49	RMSE: 253.16
Epoch 496	LOSS: 64.21	MAE: 196.48	RMSE: 253.17
Epoch 497	LOSS: 63.19	MAE: 196.55	RMSE: 253.19
Epoch 498	LOSS: 63.89	MAE: 196.58	RMSE: 253.21
Epoch 499	LOSS: 64.28	MAE: 196.58	RMSE: 253.22
