Epoch 000	LOSS: 1138.20	MAE: 239.46	RMSE: 282.12
Epoch 001	LOSS: 1014.12	MAE: 223.05	RMSE: 267.68
Epoch 002	LOSS: 968.75	MAE: 210.66	RMSE: 259.13
Epoch 003	LOSS: 915.38	MAE: 211.44	RMSE: 259.12
Epoch 004	LOSS: 873.85	MAE: 212.47	RMSE: 260.16
Epoch 005	LOSS: 852.38	MAE: 209.50	RMSE: 258.13
Epoch 006	LOSS: 827.15	MAE: 205.79	RMSE: 256.79
Epoch 007	LOSS: 801.63	MAE: 205.00	RMSE: 256.52
Epoch 008	LOSS: 789.98	MAE: 203.97	RMSE: 255.33
Epoch 009	LOSS: 783.31	MAE: 202.37	RMSE: 254.48
Epoch 010	LOSS: 776.61	MAE: 201.25	RMSE: 253.75
Epoch 011	LOSS: 761.89	MAE: 200.91	RMSE: 253.52
Epoch 012	LOSS: 749.78	MAE: 201.19	RMSE: 253.29
Epoch 013	LOSS: 755.52	MAE: 199.90	RMSE: 252.61
Epoch 014	LOSS: 729.48	MAE: 198.64	RMSE: 252.21
Epoch 015	LOSS: 729.43	MAE: 198.39	RMSE: 252.03
Epoch 016	LOSS: 733.23	MAE: 198.26	RMSE: 251.74
Epoch 017	LOSS: 734.66	MAE: 198.18	RMSE: 251.51
Epoch 018	LOSS: 728.96	MAE: 196.43	RMSE: 250.72
Epoch 019	LOSS: 715.61	MAE: 196.36	RMSE: 250.54
Epoch 020	LOSS: 726.30	MAE: 196.76	RMSE: 250.56
Epoch 021	LOSS: 713.44	MAE: 195.61	RMSE: 249.99
Epoch 022	LOSS: 704.87	MAE: 195.30	RMSE: 249.62
Epoch 023	LOSS: 710.08	MAE: 194.94	RMSE: 249.27
Epoch 024	LOSS: 703.58	MAE: 194.63	RMSE: 249.06
Epoch 025	LOSS: 705.61	MAE: 193.67	RMSE: 248.52
Epoch 026	LOSS: 693.50	MAE: 193.64	RMSE: 248.27
Epoch 027	LOSS: 688.66	MAE: 193.08	RMSE: 247.83
Epoch 028	LOSS: 688.72	MAE: 192.66	RMSE: 247.53
Epoch 029	LOSS: 686.69	MAE: 192.47	RMSE: 247.20
Epoch 030	LOSS: 685.60	MAE: 191.88	RMSE: 246.84
Epoch 031	LOSS: 693.45	MAE: 191.53	RMSE: 246.48
Epoch 032	LOSS: 672.50	MAE: 191.17	RMSE: 246.13
Epoch 033	LOSS: 683.83	MAE: 190.72	RMSE: 245.80
Epoch 034	LOSS: 681.77	MAE: 190.52	RMSE: 245.51
Epoch 035	LOSS: 670.68	MAE: 190.18	RMSE: 245.20
Epoch 036	LOSS: 674.29	MAE: 189.61	RMSE: 244.81
Epoch 037	LOSS: 673.80	MAE: 189.62	RMSE: 244.58
Epoch 038	LOSS: 661.59	MAE: 188.88	RMSE: 244.17
Epoch 039	LOSS: 662.01	MAE: 188.77	RMSE: 243.90
Epoch 040	LOSS: 659.63	MAE: 188.37	RMSE: 243.59
Epoch 041	LOSS: 665.32	MAE: 188.02	RMSE: 243.27
Epoch 042	LOSS: 659.21	MAE: 187.84	RMSE: 243.03
Epoch 043	LOSS: 671.99	MAE: 187.40	RMSE: 242.66
Epoch 044	LOSS: 650.84	MAE: 187.18	RMSE: 242.43
Epoch 045	LOSS: 666.01	MAE: 186.77	RMSE: 242.10
Epoch 046	LOSS: 656.14	MAE: 186.61	RMSE: 241.83
Epoch 047	LOSS: 659.07	MAE: 186.15	RMSE: 241.51
Epoch 048	LOSS: 662.62	MAE: 185.97	RMSE: 241.24
Epoch 049	LOSS: 654.13	MAE: 185.68	RMSE: 240.98
Epoch 050	LOSS: 656.07	MAE: 185.30	RMSE: 240.64
Epoch 051	LOSS: 648.73	MAE: 185.25	RMSE: 240.48
Epoch 052	LOSS: 641.68	MAE: 184.70	RMSE: 240.10
Epoch 053	LOSS: 641.97	MAE: 184.49	RMSE: 239.81
Epoch 054	LOSS: 649.58	MAE: 184.33	RMSE: 239.62
Epoch 055	LOSS: 647.58	MAE: 184.04	RMSE: 239.34
Epoch 056	LOSS: 645.89	MAE: 183.72	RMSE: 239.03
Epoch 057	LOSS: 640.91	MAE: 183.56	RMSE: 238.84
Epoch 058	LOSS: 648.27	MAE: 182.97	RMSE: 238.45
Epoch 059	LOSS: 636.98	MAE: 183.11	RMSE: 238.32
Epoch 060	LOSS: 640.63	MAE: 182.63	RMSE: 238.00
Epoch 061	LOSS: 634.94	MAE: 182.55	RMSE: 237.76
Epoch 062	LOSS: 634.48	MAE: 182.23	RMSE: 237.55
Epoch 063	LOSS: 643.92	MAE: 181.97	RMSE: 237.24
Epoch 064	LOSS: 630.09	MAE: 181.62	RMSE: 237.01
Epoch 065	LOSS: 627.26	MAE: 181.35	RMSE: 236.74
Epoch 066	LOSS: 635.03	MAE: 181.29	RMSE: 236.57
Epoch 067	LOSS: 645.20	MAE: 180.70	RMSE: 236.16
Epoch 068	LOSS: 638.36	MAE: 180.92	RMSE: 236.15
Epoch 069	LOSS: 629.49	MAE: 180.13	RMSE: 235.67
Epoch 070	LOSS: 632.95	MAE: 180.52	RMSE: 235.69
Epoch 071	LOSS: 628.01	MAE: 179.72	RMSE: 235.21
Epoch 072	LOSS: 635.71	MAE: 179.83	RMSE: 235.13
Epoch 073	LOSS: 620.70	MAE: 179.31	RMSE: 234.74
Epoch 074	LOSS: 633.86	MAE: 179.40	RMSE: 234.62
Epoch 075	LOSS: 622.21	MAE: 179.03	RMSE: 234.35
Epoch 076	LOSS: 622.68	MAE: 178.77	RMSE: 234.07
Epoch 077	LOSS: 628.62	MAE: 178.63	RMSE: 233.93
Epoch 078	LOSS: 622.92	MAE: 178.27	RMSE: 233.58
Epoch 079	LOSS: 619.39	MAE: 178.20	RMSE: 233.48
Epoch 080	LOSS: 625.25	MAE: 177.87	RMSE: 233.14
Epoch 081	LOSS: 618.68	MAE: 177.70	RMSE: 233.00
Epoch 082	LOSS: 621.45	MAE: 177.38	RMSE: 232.70
Epoch 083	LOSS: 633.31	MAE: 177.11	RMSE: 232.46
Epoch 084	LOSS: 620.81	MAE: 176.99	RMSE: 232.27
Epoch 085	LOSS: 619.87	MAE: 176.66	RMSE: 232.00
Epoch 086	LOSS: 618.55	MAE: 176.49	RMSE: 231.79
Epoch 087	LOSS: 618.52	MAE: 176.18	RMSE: 231.56
Epoch 088	LOSS: 612.66	MAE: 176.44	RMSE: 231.44
Epoch 089	LOSS: 617.01	MAE: 175.69	RMSE: 231.09
Epoch 090	LOSS: 617.86	MAE: 175.74	RMSE: 230.96
Epoch 091	LOSS: 618.77	MAE: 175.40	RMSE: 230.66
Epoch 092	LOSS: 615.35	MAE: 175.04	RMSE: 230.46
Epoch 093	LOSS: 610.56	MAE: 175.12	RMSE: 230.30
Epoch 094	LOSS: 609.23	MAE: 174.55	RMSE: 229.96
Epoch 095	LOSS: 612.53	MAE: 174.72	RMSE: 229.85
Epoch 096	LOSS: 611.86	MAE: 173.96	RMSE: 229.47
Epoch 097	LOSS: 609.27	MAE: 174.36	RMSE: 229.43
Epoch 098	LOSS: 605.10	MAE: 173.63	RMSE: 229.07
Epoch 099	LOSS: 603.25	MAE: 173.66	RMSE: 228.90
Epoch 100	LOSS: 603.27	MAE: 173.43	RMSE: 228.69
Epoch 101	LOSS: 603.87	MAE: 173.31	RMSE: 228.50
Epoch 102	LOSS: 616.20	MAE: 172.96	RMSE: 228.25
Epoch 103	LOSS: 608.99	MAE: 173.01	RMSE: 228.11
Epoch 104	LOSS: 606.45	MAE: 172.47	RMSE: 227.83
Epoch 105	LOSS: 611.00	MAE: 172.63	RMSE: 227.64
Epoch 106	LOSS: 603.97	MAE: 172.12	RMSE: 227.44
Epoch 107	LOSS: 608.00	MAE: 172.20	RMSE: 227.26
Epoch 108	LOSS: 593.26	MAE: 171.71	RMSE: 227.02
Epoch 109	LOSS: 597.81	MAE: 171.59	RMSE: 226.80
Epoch 110	LOSS: 596.28	MAE: 171.36	RMSE: 226.60
Epoch 111	LOSS: 598.30	MAE: 171.11	RMSE: 226.32
Epoch 112	LOSS: 605.29	MAE: 171.07	RMSE: 226.24
Epoch 113	LOSS: 590.17	MAE: 170.65	RMSE: 225.92
Epoch 114	LOSS: 601.80	MAE: 170.57	RMSE: 225.78
Epoch 115	LOSS: 607.15	MAE: 170.30	RMSE: 225.59
Epoch 116	LOSS: 593.90	MAE: 170.33	RMSE: 225.42
Epoch 117	LOSS: 604.05	MAE: 169.79	RMSE: 225.10
Epoch 118	LOSS: 599.96	MAE: 170.01	RMSE: 225.07
Epoch 119	LOSS: 594.70	MAE: 169.55	RMSE: 224.74
Epoch 120	LOSS: 596.31	MAE: 169.54	RMSE: 224.65
Epoch 121	LOSS: 596.21	MAE: 169.15	RMSE: 224.35
Epoch 122	LOSS: 606.65	MAE: 169.02	RMSE: 224.23
Epoch 123	LOSS: 599.10	MAE: 168.85	RMSE: 223.98
Epoch 124	LOSS: 593.47	MAE: 168.57	RMSE: 223.80
Epoch 125	LOSS: 589.29	MAE: 168.61	RMSE: 223.66
Epoch 126	LOSS: 591.54	MAE: 168.19	RMSE: 223.40
Epoch 127	LOSS: 601.52	MAE: 168.14	RMSE: 223.26
Epoch 128	LOSS: 590.94	MAE: 167.74	RMSE: 222.99
Epoch 129	LOSS: 592.39	MAE: 167.83	RMSE: 222.91
Epoch 130	LOSS: 589.79	MAE: 167.54	RMSE: 222.68
Epoch 131	LOSS: 590.37	MAE: 167.41	RMSE: 222.53
Epoch 132	LOSS: 590.72	MAE: 167.26	RMSE: 222.31
Epoch 133	LOSS: 580.73	MAE: 167.02	RMSE: 222.12
Epoch 134	LOSS: 582.43	MAE: 166.89	RMSE: 221.95
Epoch 135	LOSS: 601.15	MAE: 166.65	RMSE: 221.74
Epoch 136	LOSS: 593.41	MAE: 166.48	RMSE: 221.60
Epoch 137	LOSS: 578.80	MAE: 166.34	RMSE: 221.37
Epoch 138	LOSS: 588.80	MAE: 166.14	RMSE: 221.25
Epoch 139	LOSS: 589.51	MAE: 166.04	RMSE: 221.01
Epoch 140	LOSS: 586.46	MAE: 165.75	RMSE: 220.85
Epoch 141	LOSS: 585.70	MAE: 165.70	RMSE: 220.69
Epoch 142	LOSS: 577.02	MAE: 165.46	RMSE: 220.47
Epoch 143	LOSS: 582.57	MAE: 165.36	RMSE: 220.35
Epoch 144	LOSS: 580.04	MAE: 165.28	RMSE: 220.17
Epoch 145	LOSS: 580.13	MAE: 165.07	RMSE: 220.01
Epoch 146	LOSS: 584.69	MAE: 164.90	RMSE: 219.78
Epoch 147	LOSS: 587.65	MAE: 164.68	RMSE: 219.63
Epoch 148	LOSS: 582.17	MAE: 164.56	RMSE: 219.46
Epoch 149	LOSS: 579.61	MAE: 164.27	RMSE: 219.25
Epoch 150	LOSS: 580.59	MAE: 164.17	RMSE: 219.09
Epoch 151	LOSS: 576.13	MAE: 164.07	RMSE: 218.97
Epoch 152	LOSS: 576.57	MAE: 163.82	RMSE: 218.74
Epoch 153	LOSS: 578.96	MAE: 163.74	RMSE: 218.62
Epoch 154	LOSS: 569.10	MAE: 163.42	RMSE: 218.35
Epoch 155	LOSS: 582.95	MAE: 163.50	RMSE: 218.30
Epoch 156	LOSS: 577.59	MAE: 163.18	RMSE: 218.01
Epoch 157	LOSS: 579.14	MAE: 162.90	RMSE: 217.85
Epoch 158	LOSS: 572.65	MAE: 162.82	RMSE: 217.69
Epoch 159	LOSS: 573.59	MAE: 162.72	RMSE: 217.47
Epoch 160	LOSS: 580.18	MAE: 162.37	RMSE: 217.30
Epoch 161	LOSS: 569.62	MAE: 162.43	RMSE: 217.11
Epoch 162	LOSS: 577.19	MAE: 162.15	RMSE: 217.00
Epoch 163	LOSS: 573.47	MAE: 162.15	RMSE: 216.77
Epoch 164	LOSS: 571.78	MAE: 161.97	RMSE: 216.89
Epoch 165	LOSS: 574.71	MAE: 161.97	RMSE: 216.74
Epoch 166	LOSS: 569.16	MAE: 161.58	RMSE: 216.29
Epoch 167	LOSS: 576.53	MAE: 161.28	RMSE: 216.11
Epoch 168	LOSS: 575.95	MAE: 161.23	RMSE: 215.92
Epoch 169	LOSS: 566.09	MAE: 161.03	RMSE: 215.78
Epoch 170	LOSS: 567.96	MAE: 160.84	RMSE: 215.57
Epoch 171	LOSS: 562.33	MAE: 160.72	RMSE: 215.46
Epoch 172	LOSS: 576.85	MAE: 160.58	RMSE: 215.26
Epoch 173	LOSS: 580.66	MAE: 160.35	RMSE: 215.09
Epoch 174	LOSS: 575.12	MAE: 160.25	RMSE: 214.92
Epoch 175	LOSS: 571.27	MAE: 160.03	RMSE: 214.75
Epoch 176	LOSS: 560.86	MAE: 159.98	RMSE: 214.66
Epoch 177	LOSS: 567.56	MAE: 159.73	RMSE: 214.42
Epoch 178	LOSS: 556.90	MAE: 159.71	RMSE: 214.38
Epoch 179	LOSS: 562.51	MAE: 159.43	RMSE: 214.11
Epoch 180	LOSS: 576.18	MAE: 159.47	RMSE: 214.08
Epoch 181	LOSS: 563.99	MAE: 159.28	RMSE: 213.86
Epoch 182	LOSS: 562.29	MAE: 159.16	RMSE: 213.79
Epoch 183	LOSS: 566.31	MAE: 159.08	RMSE: 213.57
Epoch 184	LOSS: 563.43	MAE: 158.84	RMSE: 213.44
Epoch 185	LOSS: 560.59	MAE: 158.78	RMSE: 213.29
Epoch 186	LOSS: 565.48	MAE: 158.48	RMSE: 213.10
Epoch 187	LOSS: 563.56	MAE: 158.45	RMSE: 212.96
Epoch 188	LOSS: 561.45	MAE: 158.30	RMSE: 212.85
Epoch 189	LOSS: 555.07	MAE: 158.08	RMSE: 212.63
Epoch 190	LOSS: 567.04	MAE: 158.00	RMSE: 212.53
Epoch 191	LOSS: 564.34	MAE: 157.73	RMSE: 212.28
Epoch 192	LOSS: 558.80	MAE: 157.86	RMSE: 212.29
Epoch 193	LOSS: 559.41	MAE: 157.39	RMSE: 211.93
Epoch 194	LOSS: 555.12	MAE: 157.71	RMSE: 212.10
Epoch 195	LOSS: 565.38	MAE: 157.07	RMSE: 211.58
Epoch 196	LOSS: 550.63	MAE: 157.28	RMSE: 211.69
Epoch 197	LOSS: 563.46	MAE: 156.86	RMSE: 211.35
Epoch 198	LOSS: 548.49	MAE: 156.97	RMSE: 211.34
Epoch 199	LOSS: 559.60	MAE: 156.52	RMSE: 211.04
Epoch 200	LOSS: 558.24	MAE: 156.73	RMSE: 211.06
Epoch 201	LOSS: 559.28	MAE: 156.32	RMSE: 210.70
Epoch 202	LOSS: 563.45	MAE: 156.47	RMSE: 210.75
Epoch 203	LOSS: 553.58	MAE: 156.03	RMSE: 210.48
Epoch 204	LOSS: 557.68	MAE: 156.21	RMSE: 210.38
Epoch 205	LOSS: 556.35	MAE: 155.65	RMSE: 210.16
Epoch 206	LOSS: 554.75	MAE: 155.95	RMSE: 210.12
Epoch 207	LOSS: 556.91	MAE: 155.49	RMSE: 209.92
Epoch 208	LOSS: 556.39	MAE: 155.62	RMSE: 209.79
Epoch 209	LOSS: 554.34	MAE: 155.16	RMSE: 209.61
Epoch 210	LOSS: 554.03	MAE: 155.44	RMSE: 209.55
Epoch 211	LOSS: 551.45	MAE: 155.02	RMSE: 209.39
Epoch 212	LOSS: 555.61	MAE: 154.90	RMSE: 209.16
Epoch 213	LOSS: 555.98	MAE: 154.99	RMSE: 209.18
Epoch 214	LOSS: 549.60	MAE: 154.53	RMSE: 208.87
Epoch 215	LOSS: 550.40	MAE: 154.65	RMSE: 208.84
Epoch 216	LOSS: 557.87	MAE: 154.28	RMSE: 208.57
Epoch 217	LOSS: 556.20	MAE: 154.42	RMSE: 208.53
Epoch 218	LOSS: 553.80	MAE: 154.02	RMSE: 208.34
Epoch 219	LOSS: 555.85	MAE: 154.14	RMSE: 208.25
Epoch 220	LOSS: 546.77	MAE: 153.76	RMSE: 208.02
Epoch 221	LOSS: 542.44	MAE: 153.93	RMSE: 208.06
Epoch 222	LOSS: 552.27	MAE: 153.51	RMSE: 207.71
Epoch 223	LOSS: 547.14	MAE: 153.59	RMSE: 207.76
Epoch 224	LOSS: 556.84	MAE: 153.42	RMSE: 207.48
Epoch 225	LOSS: 549.64	MAE: 153.18	RMSE: 207.43
Epoch 226	LOSS: 554.08	MAE: 153.20	RMSE: 207.23
Epoch 227	LOSS: 552.96	MAE: 152.98	RMSE: 207.16
Epoch 228	LOSS: 546.19	MAE: 153.03	RMSE: 206.97
Epoch 229	LOSS: 551.61	MAE: 152.70	RMSE: 206.88
Epoch 230	LOSS: 556.46	MAE: 152.81	RMSE: 206.73
Epoch 231	LOSS: 553.35	MAE: 152.38	RMSE: 206.59
Epoch 232	LOSS: 544.95	MAE: 152.40	RMSE: 206.42
Epoch 233	LOSS: 540.13	MAE: 152.31	RMSE: 206.34
Epoch 234	LOSS: 546.19	MAE: 152.11	RMSE: 206.16
Epoch 235	LOSS: 551.16	MAE: 152.16	RMSE: 206.10
Epoch 236	LOSS: 544.87	MAE: 151.85	RMSE: 205.91
Epoch 237	LOSS: 543.89	MAE: 151.95	RMSE: 205.85
Epoch 238	LOSS: 545.15	MAE: 151.68	RMSE: 205.71
Epoch 239	LOSS: 537.96	MAE: 151.80	RMSE: 205.58
Epoch 240	LOSS: 541.24	MAE: 151.22	RMSE: 205.37
Epoch 241	LOSS: 548.25	MAE: 151.56	RMSE: 205.35
Epoch 242	LOSS: 528.83	MAE: 151.15	RMSE: 205.12
Epoch 243	LOSS: 542.53	MAE: 151.15	RMSE: 204.99
Epoch 244	LOSS: 533.42	MAE: 151.02	RMSE: 204.93
Epoch 245	LOSS: 541.61	MAE: 150.84	RMSE: 204.73
Epoch 246	LOSS: 533.83	MAE: 150.92	RMSE: 204.68
Epoch 247	LOSS: 545.09	MAE: 150.59	RMSE: 204.47
Epoch 248	LOSS: 542.40	MAE: 150.60	RMSE: 204.45
Epoch 249	LOSS: 534.45	MAE: 150.35	RMSE: 204.13
Epoch 250	LOSS: 527.03	MAE: 150.15	RMSE: 204.07
Epoch 251	LOSS: 529.46	MAE: 150.65	RMSE: 204.07
Epoch 252	LOSS: 534.81	MAE: 149.84	RMSE: 203.76
Epoch 253	LOSS: 536.80	MAE: 150.39	RMSE: 203.86
Epoch 254	LOSS: 541.45	MAE: 149.55	RMSE: 203.45
Epoch 255	LOSS: 547.98	MAE: 149.99	RMSE: 203.55
Epoch 256	LOSS: 533.62	MAE: 149.35	RMSE: 203.20
Epoch 257	LOSS: 536.43	MAE: 149.77	RMSE: 203.26
Epoch 258	LOSS: 530.59	MAE: 149.31	RMSE: 203.05
Epoch 259	LOSS: 527.20	MAE: 149.22	RMSE: 202.92
Epoch 260	LOSS: 535.24	MAE: 149.32	RMSE: 202.83
Epoch 261	LOSS: 537.45	MAE: 149.00	RMSE: 202.72
Epoch 262	LOSS: 531.38	MAE: 148.78	RMSE: 202.43
Epoch 263	LOSS: 535.86	MAE: 148.95	RMSE: 202.56
Epoch 264	LOSS: 529.99	MAE: 148.51	RMSE: 202.19
Epoch 265	LOSS: 525.69	MAE: 148.72	RMSE: 202.26
Epoch 266	LOSS: 532.46	MAE: 148.38	RMSE: 202.01
Epoch 267	LOSS: 532.81	MAE: 148.37	RMSE: 201.97
Epoch 268	LOSS: 537.10	MAE: 148.38	RMSE: 201.82
Epoch 269	LOSS: 535.62	MAE: 148.07	RMSE: 201.72
Epoch 270	LOSS: 526.14	MAE: 148.20	RMSE: 201.62
Epoch 271	LOSS: 531.94	MAE: 147.93	RMSE: 201.46
Epoch 272	LOSS: 532.51	MAE: 147.96	RMSE: 201.39
Epoch 273	LOSS: 538.72	MAE: 147.70	RMSE: 201.23
Epoch 274	LOSS: 526.71	MAE: 147.83	RMSE: 201.17
Epoch 275	LOSS: 528.67	MAE: 147.51	RMSE: 201.02
Epoch 276	LOSS: 530.00	MAE: 147.34	RMSE: 200.76
Epoch 277	LOSS: 539.61	MAE: 147.39	RMSE: 200.81
Epoch 278	LOSS: 526.59	MAE: 147.00	RMSE: 200.46
Epoch 279	LOSS: 528.13	MAE: 147.33	RMSE: 200.64
Epoch 280	LOSS: 517.62	MAE: 146.77	RMSE: 200.24
Epoch 281	LOSS: 525.16	MAE: 146.96	RMSE: 200.23
Epoch 282	LOSS: 526.16	MAE: 146.82	RMSE: 200.11
Epoch 283	LOSS: 521.07	MAE: 146.48	RMSE: 199.87
Epoch 284	LOSS: 533.75	MAE: 146.80	RMSE: 199.94
Epoch 285	LOSS: 528.54	MAE: 146.22	RMSE: 199.63
Epoch 286	LOSS: 527.29	MAE: 146.44	RMSE: 199.61
Epoch 287	LOSS: 531.70	MAE: 146.15	RMSE: 199.44
Epoch 288	LOSS: 526.49	MAE: 146.13	RMSE: 199.40
Epoch 289	LOSS: 527.92	MAE: 146.05	RMSE: 199.21
Epoch 290	LOSS: 524.03	MAE: 145.91	RMSE: 199.14
Epoch 291	LOSS: 524.13	MAE: 145.77	RMSE: 198.93
Epoch 292	LOSS: 516.00	MAE: 145.70	RMSE: 198.85
Epoch 293	LOSS: 530.84	MAE: 145.71	RMSE: 198.83
Epoch 294	LOSS: 518.66	MAE: 145.36	RMSE: 198.53
Epoch 295	LOSS: 519.42	MAE: 145.32	RMSE: 198.54
Epoch 296	LOSS: 529.35	MAE: 145.31	RMSE: 198.39
Epoch 297	LOSS: 518.44	MAE: 145.17	RMSE: 198.35
Epoch 298	LOSS: 517.98	MAE: 145.12	RMSE: 198.15
Epoch 299	LOSS: 520.80	MAE: 145.08	RMSE: 198.18
Epoch 300	LOSS: 521.46	MAE: 144.79	RMSE: 197.96
Epoch 301	LOSS: 515.58	MAE: 144.92	RMSE: 197.98
Epoch 302	LOSS: 518.84	MAE: 144.66	RMSE: 197.72
Epoch 303	LOSS: 520.94	MAE: 144.77	RMSE: 197.78
Epoch 304	LOSS: 521.86	MAE: 144.44	RMSE: 197.49
Epoch 305	LOSS: 513.74	MAE: 144.54	RMSE: 197.54
Epoch 306	LOSS: 516.09	MAE: 144.28	RMSE: 197.31
Epoch 307	LOSS: 514.67	MAE: 144.13	RMSE: 197.19
Epoch 308	LOSS: 520.62	MAE: 144.29	RMSE: 197.16
Epoch 309	LOSS: 506.67	MAE: 143.84	RMSE: 196.94
Epoch 310	LOSS: 516.90	MAE: 143.95	RMSE: 196.86
Epoch 311	LOSS: 512.95	MAE: 143.70	RMSE: 196.73
Epoch 312	LOSS: 524.94	MAE: 143.85	RMSE: 196.67
Epoch 313	LOSS: 522.42	MAE: 143.54	RMSE: 196.56
Epoch 314	LOSS: 508.77	MAE: 143.56	RMSE: 196.40
Epoch 315	LOSS: 511.17	MAE: 143.55	RMSE: 196.45
Epoch 316	LOSS: 514.54	MAE: 143.32	RMSE: 196.16
Epoch 317	LOSS: 522.49	MAE: 143.43	RMSE: 196.29
Epoch 318	LOSS: 515.88	MAE: 143.14	RMSE: 195.97
Epoch 319	LOSS: 511.83	MAE: 143.03	RMSE: 195.96
Epoch 320	LOSS: 512.09	MAE: 143.17	RMSE: 195.88
Epoch 321	LOSS: 515.71	MAE: 142.82	RMSE: 195.74
Epoch 322	LOSS: 511.37	MAE: 142.85	RMSE: 195.62
Epoch 323	LOSS: 513.56	MAE: 142.73	RMSE: 195.53
Epoch 324	LOSS: 517.43	MAE: 142.78	RMSE: 195.49
Epoch 325	LOSS: 516.34	MAE: 142.56	RMSE: 195.33
Epoch 326	LOSS: 516.26	MAE: 142.61	RMSE: 195.29
Epoch 327	LOSS: 515.29	MAE: 142.35	RMSE: 195.09
Epoch 328	LOSS: 514.07	MAE: 142.31	RMSE: 195.05
Epoch 329	LOSS: 511.18	MAE: 142.33	RMSE: 194.93
Epoch 330	LOSS: 509.87	MAE: 142.06	RMSE: 194.81
Epoch 331	LOSS: 511.88	MAE: 142.09	RMSE: 194.76
Epoch 332	LOSS: 514.29	MAE: 141.91	RMSE: 194.63
Epoch 333	LOSS: 522.50	MAE: 141.78	RMSE: 194.45
Epoch 334	LOSS: 512.32	MAE: 141.85	RMSE: 194.45
Epoch 335	LOSS: 514.52	MAE: 141.81	RMSE: 194.30
Epoch 336	LOSS: 504.65	MAE: 141.55	RMSE: 194.24
Epoch 337	LOSS: 513.41	MAE: 141.69	RMSE: 194.16
Epoch 338	LOSS: 507.98	MAE: 141.38	RMSE: 193.96
Epoch 339	LOSS: 511.24	MAE: 141.37	RMSE: 193.92
Epoch 340	LOSS: 496.58	MAE: 141.30	RMSE: 193.76
Epoch 341	LOSS: 506.40	MAE: 141.27	RMSE: 193.78
Epoch 342	LOSS: 501.66	MAE: 141.14	RMSE: 193.56
Epoch 343	LOSS: 501.33	MAE: 140.93	RMSE: 193.54
Epoch 344	LOSS: 500.02	MAE: 141.03	RMSE: 193.40
Epoch 345	LOSS: 505.99	MAE: 140.85	RMSE: 193.35
Epoch 346	LOSS: 509.23	MAE: 140.85	RMSE: 193.21
Epoch 347	LOSS: 505.21	MAE: 140.64	RMSE: 193.14
Epoch 348	LOSS: 509.57	MAE: 140.55	RMSE: 193.00
Epoch 349	LOSS: 502.20	MAE: 140.65	RMSE: 193.03
Epoch 350	LOSS: 503.38	MAE: 140.45	RMSE: 192.80
Epoch 351	LOSS: 508.72	MAE: 140.43	RMSE: 192.78
Epoch 352	LOSS: 501.44	MAE: 140.30	RMSE: 192.66
Epoch 353	LOSS: 502.84	MAE: 140.30	RMSE: 192.58
Epoch 354	LOSS: 502.66	MAE: 139.98	RMSE: 192.37
Epoch 355	LOSS: 492.13	MAE: 140.31	RMSE: 192.47
Epoch 356	LOSS: 501.55	MAE: 139.81	RMSE: 192.20
Epoch 357	LOSS: 504.66	MAE: 140.02	RMSE: 192.18
Epoch 358	LOSS: 501.73	MAE: 139.74	RMSE: 192.05
Epoch 359	LOSS: 504.70	MAE: 139.77	RMSE: 191.99
Epoch 360	LOSS: 510.88	MAE: 139.63	RMSE: 191.82
Epoch 361	LOSS: 493.17	MAE: 139.53	RMSE: 191.73
Epoch 362	LOSS: 501.06	MAE: 139.52	RMSE: 191.65
Epoch 363	LOSS: 498.09	MAE: 139.34	RMSE: 191.54
Epoch 364	LOSS: 503.86	MAE: 139.40	RMSE: 191.44
Epoch 365	LOSS: 492.59	MAE: 139.10	RMSE: 191.32
Epoch 366	LOSS: 495.94	MAE: 139.25	RMSE: 191.23
Epoch 367	LOSS: 496.52	MAE: 138.96	RMSE: 191.12
Epoch 368	LOSS: 486.19	MAE: 138.88	RMSE: 190.98
Epoch 369	LOSS: 493.64	MAE: 138.75	RMSE: 190.86
Epoch 370	LOSS: 505.41	MAE: 138.81	RMSE: 190.84
Epoch 371	LOSS: 497.16	MAE: 138.66	RMSE: 190.71
Epoch 372	LOSS: 501.68	MAE: 138.29	RMSE: 190.48
Epoch 373	LOSS: 503.53	MAE: 138.80	RMSE: 190.63
Epoch 374	LOSS: 503.76	MAE: 138.13	RMSE: 190.31
Epoch 375	LOSS: 503.14	MAE: 138.44	RMSE: 190.41
Epoch 376	LOSS: 492.83	MAE: 138.15	RMSE: 190.16
Epoch 377	LOSS: 488.46	MAE: 138.10	RMSE: 190.19
Epoch 378	LOSS: 489.73	MAE: 138.16	RMSE: 190.07
Epoch 379	LOSS: 502.00	MAE: 137.98	RMSE: 190.02
Epoch 380	LOSS: 489.98	MAE: 138.04	RMSE: 189.91
Epoch 381	LOSS: 485.49	MAE: 137.73	RMSE: 189.77
Epoch 382	LOSS: 497.69	MAE: 137.92	RMSE: 189.77
Epoch 383	LOSS: 488.23	MAE: 137.71	RMSE: 189.66
Epoch 384	LOSS: 492.65	MAE: 137.59	RMSE: 189.47
Epoch 385	LOSS: 493.16	MAE: 137.46	RMSE: 189.38
Epoch 386	LOSS: 490.97	MAE: 137.56	RMSE: 189.39
Epoch 387	LOSS: 490.73	MAE: 137.23	RMSE: 189.06
Epoch 388	LOSS: 494.15	MAE: 137.38	RMSE: 189.20
Epoch 389	LOSS: 489.65	MAE: 137.02	RMSE: 188.89
Epoch 390	LOSS: 489.49	MAE: 137.41	RMSE: 189.06
Epoch 391	LOSS: 494.62	MAE: 136.75	RMSE: 188.62
Epoch 392	LOSS: 492.11	MAE: 137.24	RMSE: 188.89
Epoch 393	LOSS: 501.50	MAE: 136.69	RMSE: 188.51
Epoch 394	LOSS: 496.01	MAE: 136.77	RMSE: 188.49
Epoch 395	LOSS: 494.87	MAE: 136.68	RMSE: 188.42
Epoch 396	LOSS: 497.20	MAE: 136.59	RMSE: 188.36
Epoch 397	LOSS: 490.68	MAE: 136.60	RMSE: 188.24
Epoch 398	LOSS: 480.92	MAE: 136.52	RMSE: 188.20
Epoch 399	LOSS: 484.38	MAE: 136.48	RMSE: 188.10
Epoch 400	LOSS: 491.53	MAE: 136.47	RMSE: 188.00
Epoch 401	LOSS: 482.02	MAE: 136.12	RMSE: 187.83
Epoch 402	LOSS: 486.04	MAE: 136.23	RMSE: 187.78
Epoch 403	LOSS: 489.08	MAE: 136.00	RMSE: 187.62
Epoch 404	LOSS: 485.63	MAE: 135.99	RMSE: 187.52
Epoch 405	LOSS: 488.72	MAE: 136.22	RMSE: 187.67
Epoch 406	LOSS: 487.98	MAE: 135.69	RMSE: 187.25
Epoch 407	LOSS: 488.51	MAE: 135.97	RMSE: 187.48
Epoch 408	LOSS: 496.43	MAE: 135.65	RMSE: 187.17
Epoch 409	LOSS: 491.60	MAE: 135.75	RMSE: 187.24
Epoch 410	LOSS: 486.27	MAE: 135.61	RMSE: 187.07
Epoch 411	LOSS: 487.50	MAE: 135.49	RMSE: 187.05
Epoch 412	LOSS: 486.44	MAE: 135.51	RMSE: 186.95
Epoch 413	LOSS: 478.66	MAE: 135.38	RMSE: 186.86
Epoch 414	LOSS: 485.18	MAE: 135.56	RMSE: 186.81
Epoch 415	LOSS: 479.16	MAE: 135.15	RMSE: 186.65
Epoch 416	LOSS: 481.94	MAE: 135.52	RMSE: 186.71
Epoch 417	LOSS: 480.54	MAE: 134.86	RMSE: 186.39
Epoch 418	LOSS: 484.50	MAE: 135.34	RMSE: 186.47
Epoch 419	LOSS: 479.99	MAE: 134.83	RMSE: 186.35
Epoch 420	LOSS: 481.11	MAE: 135.29	RMSE: 186.35
Epoch 421	LOSS: 483.73	MAE: 134.50	RMSE: 185.99
Epoch 422	LOSS: 480.12	MAE: 135.05	RMSE: 186.10
Epoch 423	LOSS: 488.84	MAE: 134.44	RMSE: 185.91
Epoch 424	LOSS: 477.56	MAE: 134.95	RMSE: 185.98
Epoch 425	LOSS: 481.16	MAE: 134.36	RMSE: 185.72
Epoch 426	LOSS: 478.78	MAE: 134.50	RMSE: 185.69
Epoch 427	LOSS: 468.24	MAE: 134.13	RMSE: 185.53
Epoch 428	LOSS: 482.86	MAE: 134.49	RMSE: 185.54
Epoch 429	LOSS: 480.12	MAE: 134.04	RMSE: 185.37
Epoch 430	LOSS: 472.51	MAE: 134.08	RMSE: 185.26
Epoch 431	LOSS: 479.00	MAE: 134.34	RMSE: 185.32
Epoch 432	LOSS: 476.95	MAE: 133.84	RMSE: 185.08
Epoch 433	LOSS: 481.90	MAE: 134.08	RMSE: 185.08
Epoch 434	LOSS: 477.10	MAE: 133.97	RMSE: 185.02
Epoch 435	LOSS: 474.45	MAE: 133.83	RMSE: 184.86
Epoch 436	LOSS: 484.39	MAE: 133.66	RMSE: 184.75
Epoch 437	LOSS: 475.21	MAE: 133.99	RMSE: 184.87
Epoch 438	LOSS: 471.45	MAE: 133.46	RMSE: 184.57
Epoch 439	LOSS: 482.13	MAE: 133.58	RMSE: 184.66
Epoch 440	LOSS: 476.97	MAE: 133.49	RMSE: 184.53
Epoch 441	LOSS: 478.50	MAE: 133.54	RMSE: 184.42
Epoch 442	LOSS: 474.85	MAE: 133.21	RMSE: 184.30
Epoch 443	LOSS: 471.66	MAE: 133.54	RMSE: 184.29
Epoch 444	LOSS: 474.77	MAE: 132.99	RMSE: 184.01
Epoch 445	LOSS: 483.66	MAE: 133.29	RMSE: 184.26
Epoch 446	LOSS: 480.00	MAE: 132.92	RMSE: 183.75
Epoch 447	LOSS: 467.90	MAE: 133.25	RMSE: 184.04
Epoch 448	LOSS: 479.26	MAE: 132.98	RMSE: 183.70
Epoch 449	LOSS: 473.24	MAE: 132.60	RMSE: 183.65
Epoch 450	LOSS: 474.61	MAE: 132.96	RMSE: 183.57
Epoch 451	LOSS: 480.18	MAE: 132.57	RMSE: 183.57
Epoch 452	LOSS: 469.33	MAE: 132.59	RMSE: 183.38
Epoch 453	LOSS: 475.34	MAE: 132.53	RMSE: 183.40
Epoch 454	LOSS: 470.66	MAE: 132.62	RMSE: 183.36
Epoch 455	LOSS: 473.69	MAE: 132.44	RMSE: 183.17
Epoch 456	LOSS: 475.59	MAE: 132.18	RMSE: 183.12
Epoch 457	LOSS: 472.47	MAE: 132.57	RMSE: 183.09
Epoch 458	LOSS: 467.26	MAE: 132.10	RMSE: 183.00
Epoch 459	LOSS: 469.16	MAE: 132.38	RMSE: 182.92
Epoch 460	LOSS: 465.54	MAE: 131.94	RMSE: 182.81
Epoch 461	LOSS: 475.12	MAE: 132.48	RMSE: 182.88
Epoch 462	LOSS: 476.02	MAE: 131.72	RMSE: 182.58
Epoch 463	LOSS: 476.47	MAE: 132.49	RMSE: 182.75
Epoch 464	LOSS: 472.32	MAE: 131.58	RMSE: 182.37
Epoch 465	LOSS: 462.34	MAE: 132.25	RMSE: 182.53
Epoch 466	LOSS: 474.70	MAE: 131.40	RMSE: 182.24
Epoch 467	LOSS: 467.47	MAE: 131.91	RMSE: 182.37
Epoch 468	LOSS: 476.61	MAE: 131.30	RMSE: 182.03
Epoch 469	LOSS: 467.44	MAE: 131.56	RMSE: 182.06
Epoch 470	LOSS: 465.53	MAE: 131.30	RMSE: 181.94
Epoch 471	LOSS: 457.26	MAE: 131.38	RMSE: 181.82
Epoch 472	LOSS: 464.49	MAE: 131.33	RMSE: 181.90
Epoch 473	LOSS: 472.71	MAE: 131.30	RMSE: 181.72
Epoch 474	LOSS: 473.10	MAE: 131.10	RMSE: 181.70
Epoch 475	LOSS: 470.22	MAE: 131.03	RMSE: 181.56
Epoch 476	LOSS: 471.25	MAE: 130.83	RMSE: 181.40
Epoch 477	LOSS: 459.51	MAE: 131.05	RMSE: 181.49
Epoch 478	LOSS: 466.59	MAE: 130.58	RMSE: 181.28
Epoch 479	LOSS: 464.74	MAE: 131.02	RMSE: 181.33
Epoch 480	LOSS: 464.64	MAE: 130.49	RMSE: 181.20
Epoch 481	LOSS: 467.26	MAE: 130.57	RMSE: 181.03
Epoch 482	LOSS: 468.68	MAE: 130.65	RMSE: 181.16
Epoch 483	LOSS: 466.19	MAE: 130.41	RMSE: 180.86
Epoch 484	LOSS: 461.56	MAE: 130.52	RMSE: 181.01
Epoch 485	LOSS: 468.60	MAE: 130.06	RMSE: 180.62
Epoch 486	LOSS: 461.99	MAE: 130.38	RMSE: 180.80
Epoch 487	LOSS: 468.20	MAE: 130.17	RMSE: 180.61
Epoch 488	LOSS: 469.80	MAE: 130.09	RMSE: 180.60
Epoch 489	LOSS: 465.66	MAE: 130.17	RMSE: 180.47
Epoch 490	LOSS: 463.58	MAE: 130.02	RMSE: 180.45
Epoch 491	LOSS: 464.43	MAE: 129.98	RMSE: 180.27
Epoch 492	LOSS: 457.40	MAE: 129.88	RMSE: 180.26
Epoch 493	LOSS: 465.99	MAE: 129.86	RMSE: 180.14
Epoch 494	LOSS: 458.41	MAE: 129.58	RMSE: 180.07
Epoch 495	LOSS: 457.21	MAE: 129.70	RMSE: 179.94
Epoch 496	LOSS: 468.53	MAE: 129.61	RMSE: 179.97
Epoch 497	LOSS: 465.16	MAE: 129.47	RMSE: 179.66
Epoch 498	LOSS: 465.38	MAE: 129.49	RMSE: 179.80
Epoch 499	LOSS: 463.55	MAE: 129.28	RMSE: 179.54
