Epoch 000	LOSS: 216.98	MAE: 249.89	RMSE: 293.50
Epoch 001	LOSS: 217.04	MAE: 248.62	RMSE: 292.40
Epoch 002	LOSS: 214.44	MAE: 248.30	RMSE: 292.12
Epoch 003	LOSS: 217.49	MAE: 248.04	RMSE: 291.89
Epoch 004	LOSS: 218.58	MAE: 247.78	RMSE: 291.67
Epoch 005	LOSS: 216.55	MAE: 247.52	RMSE: 291.45
Epoch 006	LOSS: 216.35	MAE: 247.26	RMSE: 291.22
Epoch 007	LOSS: 216.11	MAE: 247.00	RMSE: 290.99
Epoch 008	LOSS: 215.38	MAE: 246.73	RMSE: 290.76
Epoch 009	LOSS: 215.53	MAE: 246.46	RMSE: 290.53
Epoch 010	LOSS: 211.73	MAE: 246.18	RMSE: 290.29
Epoch 011	LOSS: 215.25	MAE: 245.90	RMSE: 290.04
Epoch 012	LOSS: 211.21	MAE: 245.62	RMSE: 289.80
Epoch 013	LOSS: 211.88	MAE: 245.33	RMSE: 289.54
Epoch 014	LOSS: 216.41	MAE: 245.04	RMSE: 289.29
Epoch 015	LOSS: 215.53	MAE: 244.75	RMSE: 289.03
Epoch 016	LOSS: 214.77	MAE: 244.45	RMSE: 288.77
Epoch 017	LOSS: 212.19	MAE: 244.15	RMSE: 288.51
Epoch 018	LOSS: 214.32	MAE: 243.84	RMSE: 288.24
Epoch 019	LOSS: 213.02	MAE: 243.53	RMSE: 287.97
Epoch 020	LOSS: 209.47	MAE: 243.22	RMSE: 287.70
Epoch 021	LOSS: 209.29	MAE: 242.90	RMSE: 287.42
Epoch 022	LOSS: 210.39	MAE: 242.58	RMSE: 287.14
Epoch 023	LOSS: 210.57	MAE: 242.25	RMSE: 286.85
Epoch 024	LOSS: 207.82	MAE: 241.92	RMSE: 286.56
Epoch 025	LOSS: 210.88	MAE: 241.59	RMSE: 286.27
Epoch 026	LOSS: 208.00	MAE: 241.25	RMSE: 285.98
Epoch 027	LOSS: 213.78	MAE: 240.91	RMSE: 285.68
Epoch 028	LOSS: 212.51	MAE: 240.57	RMSE: 285.37
Epoch 029	LOSS: 212.35	MAE: 240.22	RMSE: 285.07
Epoch 030	LOSS: 207.93	MAE: 239.87	RMSE: 284.76
Epoch 031	LOSS: 210.31	MAE: 239.51	RMSE: 284.45
Epoch 032	LOSS: 209.89	MAE: 239.15	RMSE: 284.13
Epoch 033	LOSS: 206.66	MAE: 238.79	RMSE: 283.81
Epoch 034	LOSS: 202.30	MAE: 238.43	RMSE: 283.49
Epoch 035	LOSS: 204.65	MAE: 238.06	RMSE: 283.17
Epoch 036	LOSS: 205.57	MAE: 237.68	RMSE: 282.84
Epoch 037	LOSS: 206.55	MAE: 237.31	RMSE: 282.51
Epoch 038	LOSS: 206.67	MAE: 236.93	RMSE: 282.17
Epoch 039	LOSS: 204.52	MAE: 236.54	RMSE: 281.83
Epoch 040	LOSS: 203.53	MAE: 236.16	RMSE: 281.49
Epoch 041	LOSS: 205.80	MAE: 235.76	RMSE: 281.14
Epoch 042	LOSS: 205.85	MAE: 235.37	RMSE: 280.79
Epoch 043	LOSS: 204.46	MAE: 234.97	RMSE: 280.44
Epoch 044	LOSS: 201.63	MAE: 234.57	RMSE: 280.09
Epoch 045	LOSS: 201.49	MAE: 234.17	RMSE: 279.73
Epoch 046	LOSS: 205.60	MAE: 233.76	RMSE: 279.37
Epoch 047	LOSS: 203.04	MAE: 233.35	RMSE: 279.00
Epoch 048	LOSS: 204.92	MAE: 232.94	RMSE: 278.64
Epoch 049	LOSS: 200.75	MAE: 232.52	RMSE: 278.27
Epoch 050	LOSS: 201.62	MAE: 232.10	RMSE: 277.89
Epoch 051	LOSS: 197.10	MAE: 231.68	RMSE: 277.52
Epoch 052	LOSS: 203.54	MAE: 231.26	RMSE: 277.14
Epoch 053	LOSS: 199.29	MAE: 230.83	RMSE: 276.76
Epoch 054	LOSS: 199.26	MAE: 230.40	RMSE: 276.37
Epoch 055	LOSS: 200.81	MAE: 229.96	RMSE: 275.98
Epoch 056	LOSS: 198.63	MAE: 229.52	RMSE: 275.59
Epoch 057	LOSS: 199.45	MAE: 229.08	RMSE: 275.19
Epoch 058	LOSS: 199.23	MAE: 228.64	RMSE: 274.80
Epoch 059	LOSS: 197.15	MAE: 228.19	RMSE: 274.40
Epoch 060	LOSS: 195.51	MAE: 227.74	RMSE: 273.99
Epoch 061	LOSS: 196.57	MAE: 227.29	RMSE: 273.59
Epoch 062	LOSS: 198.26	MAE: 226.84	RMSE: 273.18
Epoch 063	LOSS: 196.20	MAE: 226.38	RMSE: 272.77
Epoch 064	LOSS: 196.59	MAE: 225.92	RMSE: 272.35
Epoch 065	LOSS: 198.03	MAE: 225.46	RMSE: 271.93
Epoch 066	LOSS: 193.83	MAE: 224.99	RMSE: 271.51
Epoch 067	LOSS: 195.95	MAE: 224.52	RMSE: 271.09
Epoch 068	LOSS: 191.60	MAE: 224.05	RMSE: 270.66
Epoch 069	LOSS: 193.34	MAE: 223.58	RMSE: 270.23
Epoch 070	LOSS: 192.60	MAE: 223.10	RMSE: 269.80
Epoch 071	LOSS: 190.12	MAE: 222.62	RMSE: 269.37
Epoch 072	LOSS: 195.09	MAE: 222.14	RMSE: 268.93
Epoch 073	LOSS: 191.06	MAE: 221.66	RMSE: 268.49
Epoch 074	LOSS: 189.19	MAE: 221.18	RMSE: 268.05
Epoch 075	LOSS: 190.78	MAE: 220.69	RMSE: 267.61
Epoch 076	LOSS: 190.14	MAE: 220.20	RMSE: 267.16
Epoch 077	LOSS: 189.99	MAE: 219.71	RMSE: 266.71
Epoch 078	LOSS: 190.75	MAE: 219.22	RMSE: 266.26
Epoch 079	LOSS: 191.49	MAE: 218.73	RMSE: 265.81
Epoch 080	LOSS: 188.77	MAE: 218.23	RMSE: 265.36
Epoch 081	LOSS: 187.59	MAE: 217.74	RMSE: 264.90
Epoch 082	LOSS: 187.65	MAE: 217.24	RMSE: 264.44
Epoch 083	LOSS: 186.15	MAE: 216.74	RMSE: 263.98
Epoch 084	LOSS: 186.61	MAE: 216.23	RMSE: 263.51
Epoch 085	LOSS: 184.25	MAE: 215.73	RMSE: 263.05
Epoch 086	LOSS: 185.69	MAE: 215.22	RMSE: 262.58
Epoch 087	LOSS: 187.25	MAE: 214.72	RMSE: 262.11
Epoch 088	LOSS: 187.77	MAE: 214.21	RMSE: 261.63
Epoch 089	LOSS: 183.01	MAE: 213.70	RMSE: 261.16
Epoch 090	LOSS: 182.69	MAE: 213.18	RMSE: 260.68
Epoch 091	LOSS: 183.26	MAE: 212.67	RMSE: 260.20
Epoch 092	LOSS: 184.85	MAE: 212.16	RMSE: 259.72
Epoch 093	LOSS: 179.94	MAE: 211.64	RMSE: 259.24
Epoch 094	LOSS: 176.40	MAE: 211.13	RMSE: 258.76
Epoch 095	LOSS: 178.53	MAE: 210.61	RMSE: 258.27
Epoch 096	LOSS: 179.68	MAE: 210.10	RMSE: 257.79
Epoch 097	LOSS: 177.94	MAE: 209.58	RMSE: 257.30
Epoch 098	LOSS: 177.91	MAE: 209.06	RMSE: 256.81
Epoch 099	LOSS: 178.78	MAE: 208.53	RMSE: 256.32
Epoch 100	LOSS: 175.36	MAE: 208.01	RMSE: 255.82
Epoch 101	LOSS: 179.25	MAE: 207.49	RMSE: 255.32
Epoch 102	LOSS: 178.06	MAE: 206.96	RMSE: 254.82
Epoch 103	LOSS: 175.61	MAE: 206.44	RMSE: 254.32
Epoch 104	LOSS: 178.09	MAE: 205.91	RMSE: 253.82
Epoch 105	LOSS: 178.54	MAE: 205.38	RMSE: 253.32
Epoch 106	LOSS: 175.18	MAE: 204.86	RMSE: 252.81
Epoch 107	LOSS: 173.49	MAE: 204.33	RMSE: 252.31
Epoch 108	LOSS: 176.30	MAE: 203.80	RMSE: 251.80
Epoch 109	LOSS: 171.69	MAE: 203.27	RMSE: 251.30
Epoch 110	LOSS: 177.54	MAE: 202.74	RMSE: 250.79
Epoch 111	LOSS: 172.12	MAE: 202.21	RMSE: 250.28
Epoch 112	LOSS: 172.41	MAE: 201.68	RMSE: 249.77
Epoch 113	LOSS: 174.70	MAE: 201.15	RMSE: 249.25
Epoch 114	LOSS: 169.17	MAE: 200.62	RMSE: 248.74
Epoch 115	LOSS: 171.88	MAE: 200.09	RMSE: 248.23
Epoch 116	LOSS: 171.09	MAE: 199.55	RMSE: 247.71
Epoch 117	LOSS: 171.85	MAE: 199.02	RMSE: 247.19
Epoch 118	LOSS: 168.74	MAE: 198.49	RMSE: 246.68
Epoch 119	LOSS: 171.01	MAE: 197.96	RMSE: 246.16
Epoch 120	LOSS: 169.12	MAE: 197.43	RMSE: 245.64
Epoch 121	LOSS: 167.92	MAE: 196.90	RMSE: 245.12
Epoch 122	LOSS: 167.09	MAE: 196.37	RMSE: 244.60
Epoch 123	LOSS: 166.76	MAE: 195.84	RMSE: 244.08
Epoch 124	LOSS: 166.74	MAE: 195.31	RMSE: 243.56
Epoch 125	LOSS: 167.33	MAE: 194.78	RMSE: 243.03
Epoch 126	LOSS: 167.63	MAE: 194.26	RMSE: 242.51
Epoch 127	LOSS: 164.50	MAE: 193.73	RMSE: 241.99
Epoch 128	LOSS: 166.53	MAE: 193.20	RMSE: 241.47
Epoch 129	LOSS: 162.77	MAE: 192.68	RMSE: 240.95
Epoch 130	LOSS: 163.43	MAE: 192.15	RMSE: 240.42
Epoch 131	LOSS: 164.44	MAE: 191.62	RMSE: 239.89
Epoch 132	LOSS: 162.78	MAE: 191.10	RMSE: 239.37
Epoch 133	LOSS: 162.05	MAE: 190.57	RMSE: 238.84
Epoch 134	LOSS: 162.21	MAE: 190.04	RMSE: 238.31
Epoch 135	LOSS: 160.05	MAE: 189.52	RMSE: 237.78
Epoch 136	LOSS: 161.19	MAE: 188.99	RMSE: 237.25
Epoch 137	LOSS: 162.92	MAE: 188.47	RMSE: 236.72
Epoch 138	LOSS: 160.51	MAE: 187.95	RMSE: 236.20
Epoch 139	LOSS: 163.06	MAE: 187.43	RMSE: 235.67
Epoch 140	LOSS: 161.02	MAE: 186.91	RMSE: 235.14
Epoch 141	LOSS: 159.87	MAE: 186.39	RMSE: 234.61
Epoch 142	LOSS: 159.50	MAE: 185.88	RMSE: 234.09
Epoch 143	LOSS: 156.15	MAE: 185.37	RMSE: 233.56
Epoch 144	LOSS: 157.40	MAE: 184.85	RMSE: 233.03
Epoch 145	LOSS: 157.83	MAE: 184.34	RMSE: 232.50
Epoch 146	LOSS: 158.93	MAE: 183.82	RMSE: 231.97
Epoch 147	LOSS: 156.49	MAE: 183.31	RMSE: 231.44
Epoch 148	LOSS: 157.21	MAE: 182.81	RMSE: 230.91
Epoch 149	LOSS: 155.49	MAE: 182.30	RMSE: 230.39
Epoch 150	LOSS: 154.09	MAE: 181.80	RMSE: 229.87
Epoch 151	LOSS: 156.66	MAE: 181.30	RMSE: 229.34
Epoch 152	LOSS: 154.74	MAE: 180.80	RMSE: 228.81
Epoch 153	LOSS: 153.25	MAE: 180.30	RMSE: 228.29
Epoch 154	LOSS: 152.00	MAE: 179.81	RMSE: 227.77
Epoch 155	LOSS: 152.05	MAE: 179.31	RMSE: 227.24
Epoch 156	LOSS: 151.66	MAE: 178.82	RMSE: 226.72
Epoch 157	LOSS: 150.09	MAE: 178.33	RMSE: 226.20
Epoch 158	LOSS: 152.81	MAE: 177.84	RMSE: 225.68
Epoch 159	LOSS: 151.39	MAE: 177.35	RMSE: 225.16
Epoch 160	LOSS: 148.59	MAE: 176.87	RMSE: 224.64
Epoch 161	LOSS: 147.72	MAE: 176.38	RMSE: 224.12
Epoch 162	LOSS: 150.84	MAE: 175.90	RMSE: 223.61
Epoch 163	LOSS: 149.60	MAE: 175.42	RMSE: 223.09
Epoch 164	LOSS: 148.90	MAE: 174.94	RMSE: 222.57
Epoch 165	LOSS: 148.59	MAE: 174.46	RMSE: 222.06
Epoch 166	LOSS: 148.81	MAE: 173.99	RMSE: 221.54
Epoch 167	LOSS: 148.64	MAE: 173.51	RMSE: 221.02
Epoch 168	LOSS: 145.91	MAE: 173.04	RMSE: 220.51
Epoch 169	LOSS: 146.01	MAE: 172.57	RMSE: 220.00
Epoch 170	LOSS: 144.78	MAE: 172.11	RMSE: 219.49
Epoch 171	LOSS: 147.14	MAE: 171.65	RMSE: 218.98
Epoch 172	LOSS: 146.05	MAE: 171.18	RMSE: 218.47
Epoch 173	LOSS: 147.56	MAE: 170.72	RMSE: 217.96
Epoch 174	LOSS: 144.47	MAE: 170.27	RMSE: 217.45
Epoch 175	LOSS: 145.04	MAE: 169.82	RMSE: 216.94
Epoch 176	LOSS: 142.99	MAE: 169.37	RMSE: 216.44
Epoch 177	LOSS: 143.73	MAE: 168.92	RMSE: 215.94
Epoch 178	LOSS: 144.50	MAE: 168.47	RMSE: 215.44
Epoch 179	LOSS: 144.20	MAE: 168.03	RMSE: 214.94
Epoch 180	LOSS: 145.20	MAE: 167.59	RMSE: 214.45
Epoch 181	LOSS: 141.92	MAE: 167.16	RMSE: 213.95
Epoch 182	LOSS: 142.56	MAE: 166.73	RMSE: 213.46
Epoch 183	LOSS: 140.73	MAE: 166.30	RMSE: 212.97
Epoch 184	LOSS: 142.76	MAE: 165.88	RMSE: 212.49
Epoch 185	LOSS: 139.49	MAE: 165.46	RMSE: 212.00
Epoch 186	LOSS: 141.10	MAE: 165.04	RMSE: 211.52
Epoch 187	LOSS: 139.76	MAE: 164.63	RMSE: 211.05
Epoch 188	LOSS: 139.15	MAE: 164.22	RMSE: 210.57
Epoch 189	LOSS: 138.37	MAE: 163.81	RMSE: 210.10
Epoch 190	LOSS: 139.98	MAE: 163.41	RMSE: 209.62
Epoch 191	LOSS: 137.18	MAE: 163.01	RMSE: 209.15
Epoch 192	LOSS: 139.57	MAE: 162.61	RMSE: 208.68
Epoch 193	LOSS: 138.00	MAE: 162.21	RMSE: 208.21
Epoch 194	LOSS: 140.77	MAE: 161.82	RMSE: 207.75
Epoch 195	LOSS: 136.81	MAE: 161.43	RMSE: 207.28
Epoch 196	LOSS: 138.49	MAE: 161.05	RMSE: 206.82
Epoch 197	LOSS: 135.38	MAE: 160.67	RMSE: 206.37
Epoch 198	LOSS: 138.72	MAE: 160.29	RMSE: 205.91
Epoch 199	LOSS: 135.62	MAE: 159.91	RMSE: 205.45
Epoch 200	LOSS: 137.28	MAE: 159.54	RMSE: 205.00
Epoch 201	LOSS: 135.04	MAE: 159.18	RMSE: 204.55
Epoch 202	LOSS: 136.61	MAE: 158.81	RMSE: 204.10
Epoch 203	LOSS: 135.27	MAE: 158.45	RMSE: 203.66
Epoch 204	LOSS: 135.30	MAE: 158.09	RMSE: 203.22
Epoch 205	LOSS: 135.33	MAE: 157.74	RMSE: 202.78
Epoch 206	LOSS: 135.75	MAE: 157.39	RMSE: 202.34
Epoch 207	LOSS: 132.97	MAE: 157.04	RMSE: 201.91
Epoch 208	LOSS: 133.81	MAE: 156.69	RMSE: 201.48
Epoch 209	LOSS: 133.93	MAE: 156.35	RMSE: 201.04
Epoch 210	LOSS: 133.07	MAE: 156.01	RMSE: 200.61
Epoch 211	LOSS: 135.04	MAE: 155.67	RMSE: 200.18
Epoch 212	LOSS: 133.96	MAE: 155.33	RMSE: 199.76
Epoch 213	LOSS: 132.32	MAE: 155.00	RMSE: 199.34
Epoch 214	LOSS: 133.00	MAE: 154.68	RMSE: 198.93
Epoch 215	LOSS: 133.14	MAE: 154.36	RMSE: 198.52
Epoch 216	LOSS: 132.73	MAE: 154.04	RMSE: 198.11
Epoch 217	LOSS: 128.57	MAE: 153.73	RMSE: 197.70
Epoch 218	LOSS: 131.73	MAE: 153.41	RMSE: 197.29
Epoch 219	LOSS: 132.19	MAE: 153.10	RMSE: 196.89
Epoch 220	LOSS: 130.62	MAE: 152.79	RMSE: 196.48
Epoch 221	LOSS: 132.54	MAE: 152.48	RMSE: 196.09
Epoch 222	LOSS: 131.83	MAE: 152.18	RMSE: 195.70
Epoch 223	LOSS: 130.92	MAE: 151.88	RMSE: 195.31
Epoch 224	LOSS: 131.13	MAE: 151.59	RMSE: 194.92
Epoch 225	LOSS: 129.05	MAE: 151.30	RMSE: 194.54
Epoch 226	LOSS: 133.82	MAE: 151.01	RMSE: 194.16
Epoch 227	LOSS: 129.38	MAE: 150.72	RMSE: 193.78
Epoch 228	LOSS: 128.94	MAE: 150.43	RMSE: 193.39
Epoch 229	LOSS: 128.58	MAE: 150.14	RMSE: 193.01
Epoch 230	LOSS: 130.72	MAE: 149.86	RMSE: 192.64
Epoch 231	LOSS: 130.06	MAE: 149.59	RMSE: 192.27
Epoch 232	LOSS: 130.53	MAE: 149.31	RMSE: 191.90
Epoch 233	LOSS: 129.35	MAE: 149.04	RMSE: 191.54
Epoch 234	LOSS: 129.11	MAE: 148.77	RMSE: 191.18
Epoch 235	LOSS: 127.36	MAE: 148.50	RMSE: 190.81
Epoch 236	LOSS: 127.58	MAE: 148.24	RMSE: 190.45
Epoch 237	LOSS: 127.07	MAE: 147.98	RMSE: 190.10
Epoch 238	LOSS: 126.41	MAE: 147.72	RMSE: 189.75
Epoch 239	LOSS: 127.54	MAE: 147.47	RMSE: 189.41
Epoch 240	LOSS: 126.84	MAE: 147.22	RMSE: 189.06
Epoch 241	LOSS: 128.21	MAE: 146.97	RMSE: 188.72
Epoch 242	LOSS: 127.28	MAE: 146.72	RMSE: 188.38
Epoch 243	LOSS: 124.52	MAE: 146.48	RMSE: 188.05
Epoch 244	LOSS: 127.17	MAE: 146.24	RMSE: 187.72
Epoch 245	LOSS: 125.54	MAE: 146.00	RMSE: 187.39
Epoch 246	LOSS: 126.72	MAE: 145.76	RMSE: 187.06
Epoch 247	LOSS: 126.45	MAE: 145.52	RMSE: 186.73
Epoch 248	LOSS: 126.10	MAE: 145.29	RMSE: 186.40
Epoch 249	LOSS: 124.09	MAE: 145.06	RMSE: 186.08
Epoch 250	LOSS: 124.14	MAE: 144.83	RMSE: 185.76
Epoch 251	LOSS: 126.14	MAE: 144.60	RMSE: 185.45
Epoch 252	LOSS: 123.76	MAE: 144.38	RMSE: 185.13
Epoch 253	LOSS: 125.94	MAE: 144.15	RMSE: 184.82
Epoch 254	LOSS: 124.63	MAE: 143.94	RMSE: 184.52
Epoch 255	LOSS: 124.89	MAE: 143.73	RMSE: 184.22
Epoch 256	LOSS: 123.67	MAE: 143.51	RMSE: 183.92
Epoch 257	LOSS: 122.79	MAE: 143.30	RMSE: 183.62
Epoch 258	LOSS: 124.57	MAE: 143.10	RMSE: 183.33
Epoch 259	LOSS: 124.11	MAE: 142.89	RMSE: 183.04
Epoch 260	LOSS: 124.82	MAE: 142.69	RMSE: 182.75
Epoch 261	LOSS: 125.62	MAE: 142.49	RMSE: 182.47
Epoch 262	LOSS: 123.95	MAE: 142.29	RMSE: 182.18
Epoch 263	LOSS: 124.44	MAE: 142.10	RMSE: 181.90
Epoch 264	LOSS: 125.05	MAE: 141.90	RMSE: 181.62
Epoch 265	LOSS: 123.59	MAE: 141.72	RMSE: 181.35
Epoch 266	LOSS: 123.05	MAE: 141.53	RMSE: 181.08
Epoch 267	LOSS: 123.53	MAE: 141.34	RMSE: 180.82
Epoch 268	LOSS: 122.62	MAE: 141.16	RMSE: 180.55
Epoch 269	LOSS: 122.84	MAE: 140.98	RMSE: 180.29
Epoch 270	LOSS: 122.33	MAE: 140.80	RMSE: 180.03
Epoch 271	LOSS: 121.67	MAE: 140.63	RMSE: 179.78
Epoch 272	LOSS: 123.89	MAE: 140.46	RMSE: 179.53
Epoch 273	LOSS: 122.67	MAE: 140.29	RMSE: 179.29
Epoch 274	LOSS: 122.34	MAE: 140.13	RMSE: 179.05
Epoch 275	LOSS: 124.64	MAE: 139.96	RMSE: 178.81
Epoch 276	LOSS: 120.56	MAE: 139.80	RMSE: 178.57
Epoch 277	LOSS: 122.00	MAE: 139.63	RMSE: 178.32
Epoch 278	LOSS: 121.56	MAE: 139.47	RMSE: 178.09
Epoch 279	LOSS: 121.58	MAE: 139.31	RMSE: 177.85
Epoch 280	LOSS: 122.33	MAE: 139.16	RMSE: 177.63
Epoch 281	LOSS: 122.20	MAE: 139.00	RMSE: 177.40
Epoch 282	LOSS: 121.74	MAE: 138.85	RMSE: 177.17
Epoch 283	LOSS: 120.29	MAE: 138.70	RMSE: 176.95
Epoch 284	LOSS: 121.51	MAE: 138.56	RMSE: 176.73
Epoch 285	LOSS: 122.52	MAE: 138.41	RMSE: 176.52
Epoch 286	LOSS: 122.66	MAE: 138.27	RMSE: 176.31
Epoch 287	LOSS: 120.85	MAE: 138.13	RMSE: 176.10
Epoch 288	LOSS: 121.71	MAE: 137.99	RMSE: 175.89
Epoch 289	LOSS: 122.24	MAE: 137.85	RMSE: 175.68
Epoch 290	LOSS: 121.65	MAE: 137.71	RMSE: 175.47
Epoch 291	LOSS: 121.46	MAE: 137.57	RMSE: 175.26
Epoch 292	LOSS: 120.82	MAE: 137.43	RMSE: 175.05
Epoch 293	LOSS: 120.43	MAE: 137.30	RMSE: 174.85
Epoch 294	LOSS: 121.86	MAE: 137.16	RMSE: 174.65
Epoch 295	LOSS: 122.27	MAE: 137.03	RMSE: 174.44
Epoch 296	LOSS: 121.48	MAE: 136.90	RMSE: 174.24
Epoch 297	LOSS: 121.21	MAE: 136.77	RMSE: 174.04
Epoch 298	LOSS: 121.52	MAE: 136.64	RMSE: 173.84
Epoch 299	LOSS: 119.57	MAE: 136.51	RMSE: 173.65
Epoch 300	LOSS: 121.14	MAE: 136.38	RMSE: 173.45
Epoch 301	LOSS: 121.18	MAE: 136.25	RMSE: 173.26
Epoch 302	LOSS: 119.51	MAE: 136.13	RMSE: 173.06
Epoch 303	LOSS: 121.37	MAE: 136.00	RMSE: 172.88
Epoch 304	LOSS: 121.05	MAE: 135.88	RMSE: 172.69
Epoch 305	LOSS: 119.59	MAE: 135.76	RMSE: 172.50
Epoch 306	LOSS: 120.82	MAE: 135.64	RMSE: 172.32
Epoch 307	LOSS: 119.80	MAE: 135.52	RMSE: 172.14
Epoch 308	LOSS: 119.11	MAE: 135.40	RMSE: 171.95
Epoch 309	LOSS: 118.51	MAE: 135.29	RMSE: 171.78
Epoch 310	LOSS: 119.63	MAE: 135.18	RMSE: 171.60
Epoch 311	LOSS: 119.14	MAE: 135.06	RMSE: 171.43
Epoch 312	LOSS: 120.88	MAE: 134.95	RMSE: 171.26
Epoch 313	LOSS: 119.35	MAE: 134.85	RMSE: 171.09
Epoch 314	LOSS: 119.16	MAE: 134.74	RMSE: 170.92
Epoch 315	LOSS: 119.86	MAE: 134.63	RMSE: 170.76
Epoch 316	LOSS: 119.27	MAE: 134.53	RMSE: 170.59
Epoch 317	LOSS: 119.75	MAE: 134.43	RMSE: 170.43
Epoch 318	LOSS: 118.82	MAE: 134.33	RMSE: 170.28
Epoch 319	LOSS: 118.73	MAE: 134.22	RMSE: 170.12
Epoch 320	LOSS: 119.62	MAE: 134.12	RMSE: 169.96
Epoch 321	LOSS: 120.46	MAE: 134.03	RMSE: 169.81
Epoch 322	LOSS: 118.93	MAE: 133.93	RMSE: 169.65
Epoch 323	LOSS: 118.61	MAE: 133.83	RMSE: 169.50
Epoch 324	LOSS: 118.54	MAE: 133.73	RMSE: 169.34
Epoch 325	LOSS: 119.73	MAE: 133.64	RMSE: 169.19
Epoch 326	LOSS: 118.61	MAE: 133.54	RMSE: 169.04
Epoch 327	LOSS: 119.36	MAE: 133.44	RMSE: 168.88
Epoch 328	LOSS: 118.33	MAE: 133.35	RMSE: 168.74
Epoch 329	LOSS: 118.13	MAE: 133.26	RMSE: 168.59
Epoch 330	LOSS: 117.69	MAE: 133.17	RMSE: 168.44
Epoch 331	LOSS: 117.66	MAE: 133.08	RMSE: 168.30
Epoch 332	LOSS: 119.21	MAE: 132.99	RMSE: 168.16
Epoch 333	LOSS: 119.73	MAE: 132.91	RMSE: 168.03
Epoch 334	LOSS: 119.24	MAE: 132.83	RMSE: 167.90
Epoch 335	LOSS: 118.08	MAE: 132.75	RMSE: 167.77
Epoch 336	LOSS: 119.08	MAE: 132.67	RMSE: 167.65
Epoch 337	LOSS: 118.76	MAE: 132.60	RMSE: 167.52
Epoch 338	LOSS: 118.88	MAE: 132.52	RMSE: 167.40
Epoch 339	LOSS: 119.77	MAE: 132.45	RMSE: 167.29
Epoch 340	LOSS: 117.48	MAE: 132.37	RMSE: 167.17
Epoch 341	LOSS: 118.74	MAE: 132.30	RMSE: 167.05
Epoch 342	LOSS: 117.31	MAE: 132.23	RMSE: 166.93
Epoch 343	LOSS: 118.73	MAE: 132.15	RMSE: 166.81
Epoch 344	LOSS: 119.88	MAE: 132.08	RMSE: 166.70
Epoch 345	LOSS: 119.35	MAE: 132.02	RMSE: 166.59
Epoch 346	LOSS: 118.63	MAE: 131.95	RMSE: 166.48
Epoch 347	LOSS: 118.36	MAE: 131.88	RMSE: 166.37
Epoch 348	LOSS: 119.34	MAE: 131.82	RMSE: 166.27
Epoch 349	LOSS: 118.75	MAE: 131.76	RMSE: 166.17
Epoch 350	LOSS: 119.05	MAE: 131.70	RMSE: 166.07
Epoch 351	LOSS: 118.36	MAE: 131.64	RMSE: 165.97
Epoch 352	LOSS: 118.38	MAE: 131.59	RMSE: 165.88
Epoch 353	LOSS: 117.96	MAE: 131.53	RMSE: 165.79
Epoch 354	LOSS: 117.74	MAE: 131.47	RMSE: 165.69
Epoch 355	LOSS: 119.07	MAE: 131.41	RMSE: 165.59
Epoch 356	LOSS: 117.48	MAE: 131.35	RMSE: 165.49
Epoch 357	LOSS: 118.13	MAE: 131.29	RMSE: 165.40
Epoch 358	LOSS: 117.29	MAE: 131.24	RMSE: 165.30
Epoch 359	LOSS: 119.04	MAE: 131.18	RMSE: 165.22
Epoch 360	LOSS: 118.15	MAE: 131.13	RMSE: 165.13
Epoch 361	LOSS: 118.02	MAE: 131.08	RMSE: 165.05
Epoch 362	LOSS: 118.38	MAE: 131.03	RMSE: 164.97
Epoch 363	LOSS: 118.15	MAE: 130.99	RMSE: 164.89
Epoch 364	LOSS: 117.10	MAE: 130.94	RMSE: 164.82
Epoch 365	LOSS: 117.99	MAE: 130.90	RMSE: 164.74
Epoch 366	LOSS: 118.34	MAE: 130.85	RMSE: 164.67
Epoch 367	LOSS: 117.77	MAE: 130.81	RMSE: 164.59
Epoch 368	LOSS: 117.73	MAE: 130.77	RMSE: 164.52
Epoch 369	LOSS: 117.62	MAE: 130.72	RMSE: 164.45
Epoch 370	LOSS: 118.21	MAE: 130.68	RMSE: 164.38
Epoch 371	LOSS: 117.87	MAE: 130.64	RMSE: 164.31
Epoch 372	LOSS: 118.62	MAE: 130.60	RMSE: 164.24
Epoch 373	LOSS: 117.45	MAE: 130.56	RMSE: 164.18
Epoch 374	LOSS: 118.48	MAE: 130.52	RMSE: 164.11
Epoch 375	LOSS: 118.31	MAE: 130.48	RMSE: 164.04
Epoch 376	LOSS: 118.01	MAE: 130.44	RMSE: 163.97
Epoch 377	LOSS: 116.85	MAE: 130.39	RMSE: 163.89
Epoch 378	LOSS: 117.18	MAE: 130.35	RMSE: 163.82
Epoch 379	LOSS: 116.38	MAE: 130.31	RMSE: 163.74
Epoch 380	LOSS: 117.24	MAE: 130.26	RMSE: 163.66
Epoch 381	LOSS: 118.12	MAE: 130.22	RMSE: 163.59
Epoch 382	LOSS: 117.82	MAE: 130.18	RMSE: 163.52
Epoch 383	LOSS: 117.36	MAE: 130.14	RMSE: 163.46
Epoch 384	LOSS: 117.78	MAE: 130.10	RMSE: 163.40
Epoch 385	LOSS: 118.02	MAE: 130.07	RMSE: 163.33
Epoch 386	LOSS: 117.43	MAE: 130.03	RMSE: 163.27
Epoch 387	LOSS: 118.09	MAE: 129.99	RMSE: 163.21
Epoch 388	LOSS: 117.14	MAE: 129.96	RMSE: 163.15
Epoch 389	LOSS: 117.85	MAE: 129.92	RMSE: 163.09
Epoch 390	LOSS: 117.83	MAE: 129.89	RMSE: 163.03
Epoch 391	LOSS: 118.14	MAE: 129.85	RMSE: 162.97
Epoch 392	LOSS: 118.18	MAE: 129.82	RMSE: 162.91
Epoch 393	LOSS: 117.27	MAE: 129.79	RMSE: 162.85
Epoch 394	LOSS: 118.30	MAE: 129.77	RMSE: 162.82
Epoch 395	LOSS: 117.44	MAE: 129.73	RMSE: 162.75
Epoch 396	LOSS: 117.68	MAE: 129.70	RMSE: 162.70
Epoch 397	LOSS: 117.71	MAE: 129.67	RMSE: 162.66
Epoch 398	LOSS: 117.99	MAE: 129.65	RMSE: 162.61
Epoch 399	LOSS: 117.70	MAE: 129.63	RMSE: 162.57
Epoch 400	LOSS: 117.73	MAE: 129.61	RMSE: 162.54
Epoch 401	LOSS: 117.75	MAE: 129.58	RMSE: 162.49
Epoch 402	LOSS: 117.83	MAE: 129.55	RMSE: 162.44
Epoch 403	LOSS: 117.39	MAE: 129.52	RMSE: 162.39
Epoch 404	LOSS: 117.64	MAE: 129.50	RMSE: 162.36
Epoch 405	LOSS: 118.38	MAE: 129.49	RMSE: 162.34
Epoch 406	LOSS: 117.63	MAE: 129.48	RMSE: 162.32
Epoch 407	LOSS: 116.87	MAE: 129.46	RMSE: 162.29
Epoch 408	LOSS: 116.89	MAE: 129.54	RMSE: 162.45
Epoch 409	LOSS: 118.31	MAE: 131.69	RMSE: 166.11
Epoch 410	LOSS: 117.17	MAE: 129.56	RMSE: 162.46
Epoch 411	LOSS: 117.53	MAE: 129.46	RMSE: 162.27
Epoch 412	LOSS: 117.27	MAE: 129.44	RMSE: 162.24
Epoch 413	LOSS: 119.14	MAE: 129.33	RMSE: 162.06
Epoch 414	LOSS: 117.68	MAE: 129.27	RMSE: 161.95
Epoch 415	LOSS: 117.30	MAE: 129.23	RMSE: 161.89
Epoch 416	LOSS: 117.44	MAE: 129.21	RMSE: 161.85
Epoch 417	LOSS: 117.47	MAE: 129.19	RMSE: 161.82
Epoch 418	LOSS: 117.84	MAE: 129.17	RMSE: 161.77
Epoch 419	LOSS: 117.49	MAE: 129.13	RMSE: 161.71
Epoch 420	LOSS: 117.10	MAE: 129.10	RMSE: 161.66
Epoch 421	LOSS: 118.38	MAE: 129.08	RMSE: 161.62
Epoch 422	LOSS: 117.27	MAE: 129.06	RMSE: 161.58
Epoch 423	LOSS: 117.08	MAE: 129.04	RMSE: 161.55
Epoch 424	LOSS: 118.03	MAE: 129.02	RMSE: 161.51
Epoch 425	LOSS: 118.00	MAE: 128.99	RMSE: 161.47
Epoch 426	LOSS: 117.94	MAE: 128.97	RMSE: 161.42
Epoch 427	LOSS: 117.26	MAE: 128.95	RMSE: 161.39
Epoch 428	LOSS: 116.64	MAE: 128.94	RMSE: 161.37
Epoch 429	LOSS: 117.97	MAE: 128.93	RMSE: 161.34
Epoch 430	LOSS: 118.16	MAE: 128.91	RMSE: 161.32
Epoch 431	LOSS: 117.02	MAE: 128.90	RMSE: 161.29
Epoch 432	LOSS: 117.32	MAE: 128.89	RMSE: 161.27
Epoch 433	LOSS: 116.70	MAE: 128.87	RMSE: 161.25
Epoch 434	LOSS: 117.67	MAE: 128.86	RMSE: 161.23
Epoch 435	LOSS: 117.23	MAE: 128.85	RMSE: 161.20
Epoch 436	LOSS: 117.69	MAE: 128.83	RMSE: 161.18
Epoch 437	LOSS: 118.61	MAE: 128.82	RMSE: 161.15
Epoch 438	LOSS: 117.05	MAE: 128.81	RMSE: 161.13
Epoch 439	LOSS: 118.10	MAE: 128.80	RMSE: 161.11
Epoch 440	LOSS: 117.62	MAE: 128.78	RMSE: 161.09
Epoch 441	LOSS: 117.05	MAE: 128.77	RMSE: 161.06
Epoch 442	LOSS: 117.19	MAE: 128.75	RMSE: 161.03
Epoch 443	LOSS: 117.81	MAE: 128.75	RMSE: 161.03
Epoch 444	LOSS: 118.31	MAE: 128.72	RMSE: 160.98
Epoch 445	LOSS: 117.99	MAE: 128.73	RMSE: 160.99
Epoch 446	LOSS: 117.67	MAE: 128.72	RMSE: 160.98
Epoch 447	LOSS: 116.90	MAE: 128.74	RMSE: 161.02
Epoch 448	LOSS: 117.79	MAE: 128.73	RMSE: 160.99
Epoch 449	LOSS: 117.71	MAE: 128.80	RMSE: 161.11
Epoch 450	LOSS: 116.63	MAE: 128.78	RMSE: 161.08
Epoch 451	LOSS: 117.32	MAE: 128.74	RMSE: 161.01
Epoch 452	LOSS: 116.86	MAE: 128.70	RMSE: 160.94
Epoch 453	LOSS: 117.85	MAE: 128.66	RMSE: 160.88
Epoch 454	LOSS: 117.79	MAE: 128.64	RMSE: 160.84
Epoch 455	LOSS: 117.56	MAE: 128.63	RMSE: 160.83
Epoch 456	LOSS: 117.05	MAE: 128.63	RMSE: 160.82
Epoch 457	LOSS: 118.64	MAE: 128.63	RMSE: 160.82
Epoch 458	LOSS: 117.72	MAE: 128.63	RMSE: 160.83
Epoch 459	LOSS: 116.24	MAE: 128.65	RMSE: 160.86
Epoch 460	LOSS: 117.14	MAE: 128.67	RMSE: 160.89
Epoch 461	LOSS: 118.30	MAE: 128.68	RMSE: 160.91
Epoch 462	LOSS: 116.63	MAE: 128.70	RMSE: 160.94
Epoch 463	LOSS: 116.80	MAE: 128.70	RMSE: 160.95
Epoch 464	LOSS: 117.98	MAE: 128.69	RMSE: 160.93
Epoch 465	LOSS: 117.82	MAE: 128.67	RMSE: 160.89
Epoch 466	LOSS: 117.78	MAE: 128.66	RMSE: 160.87
Epoch 467	LOSS: 117.83	MAE: 128.65	RMSE: 160.85
Epoch 468	LOSS: 116.87	MAE: 128.64	RMSE: 160.84
Epoch 469	LOSS: 116.77	MAE: 128.65	RMSE: 160.85
Epoch 470	LOSS: 117.15	MAE: 128.66	RMSE: 160.87
Epoch 471	LOSS: 117.16	MAE: 128.67	RMSE: 160.90
Epoch 472	LOSS: 117.54	MAE: 128.70	RMSE: 160.95
Epoch 473	LOSS: 118.16	MAE: 128.71	RMSE: 160.97
Epoch 474	LOSS: 116.38	MAE: 128.69	RMSE: 160.93
Epoch 475	LOSS: 117.21	MAE: 128.69	RMSE: 160.94
Epoch 476	LOSS: 117.39	MAE: 128.71	RMSE: 160.96
Epoch 477	LOSS: 117.41	MAE: 128.76	RMSE: 161.05
Epoch 478	LOSS: 116.84	MAE: 128.91	RMSE: 161.35
Epoch 479	LOSS: 120.30	MAE: 135.13	RMSE: 171.69
Epoch 480	LOSS: 117.91	MAE: 128.82	RMSE: 161.19
Epoch 481	LOSS: 116.90	MAE: 128.98	RMSE: 161.46
Epoch 482	LOSS: 117.68	MAE: 129.75	RMSE: 163.38
Epoch 483	LOSS: 117.08	MAE: 129.62	RMSE: 162.45
Epoch 484	LOSS: 117.55	MAE: 129.31	RMSE: 161.88
Epoch 485	LOSS: 116.59	MAE: 128.83	RMSE: 161.18
Epoch 486	LOSS: 117.05	MAE: 128.85	RMSE: 161.23
Epoch 487	LOSS: 116.39	MAE: 129.02	RMSE: 161.54
Epoch 488	LOSS: 117.77	MAE: 129.06	RMSE: 161.62
Epoch 489	LOSS: 117.49	MAE: 128.95	RMSE: 161.42
Epoch 490	LOSS: 116.77	MAE: 128.74	RMSE: 161.07
Epoch 491	LOSS: 117.05	MAE: 128.57	RMSE: 160.75
Epoch 492	LOSS: 117.36	MAE: 128.46	RMSE: 160.57
Epoch 493	LOSS: 117.16	MAE: 128.41	RMSE: 160.49
Epoch 494	LOSS: 117.05	MAE: 128.42	RMSE: 160.56
Epoch 495	LOSS: 116.06	MAE: 128.54	RMSE: 160.88
Epoch 496	LOSS: 117.06	MAE: 128.82	RMSE: 161.65
Epoch 497	LOSS: 114.85	MAE: 129.19	RMSE: 163.32
Epoch 498	LOSS: 114.51	MAE: 129.12	RMSE: 165.35
Epoch 499	LOSS: 110.47	MAE: 127.98	RMSE: 161.55
