Epoch 000	LOSS: 1191.02	MAE: 189.47	RMSE: 236.62
Epoch 001	LOSS: 1059.69	MAE: 170.54	RMSE: 218.45
Epoch 002	LOSS: 996.97	MAE: 160.36	RMSE: 206.00
Epoch 003	LOSS: 964.46	MAE: 153.04	RMSE: 197.58
Epoch 004	LOSS: 910.11	MAE: 149.45	RMSE: 194.30
Epoch 005	LOSS: 897.02	MAE: 148.87	RMSE: 194.85
Epoch 006	LOSS: 872.21	MAE: 147.43	RMSE: 194.53
Epoch 007	LOSS: 842.19	MAE: 145.66	RMSE: 193.10
Epoch 008	LOSS: 826.79	MAE: 144.96	RMSE: 191.56
Epoch 009	LOSS: 811.58	MAE: 143.59	RMSE: 189.53
Epoch 010	LOSS: 813.95	MAE: 142.07	RMSE: 188.02
Epoch 011	LOSS: 806.36	MAE: 141.34	RMSE: 187.68
Epoch 012	LOSS: 790.32	MAE: 140.30	RMSE: 187.36
Epoch 013	LOSS: 785.32	MAE: 140.35	RMSE: 187.24
Epoch 014	LOSS: 772.12	MAE: 140.25	RMSE: 186.78
Epoch 015	LOSS: 770.68	MAE: 139.81	RMSE: 186.14
Epoch 016	LOSS: 762.31	MAE: 139.31	RMSE: 185.79
Epoch 017	LOSS: 752.54	MAE: 138.99	RMSE: 185.74
Epoch 018	LOSS: 755.48	MAE: 138.98	RMSE: 185.71
Epoch 019	LOSS: 738.35	MAE: 138.98	RMSE: 185.80
Epoch 020	LOSS: 732.51	MAE: 138.34	RMSE: 185.08
Epoch 021	LOSS: 734.15	MAE: 137.77	RMSE: 184.61
Epoch 022	LOSS: 735.04	MAE: 138.16	RMSE: 185.14
Epoch 023	LOSS: 722.66	MAE: 137.92	RMSE: 184.70
Epoch 024	LOSS: 714.73	MAE: 137.62	RMSE: 184.53
Epoch 025	LOSS: 719.00	MAE: 137.73	RMSE: 184.61
Epoch 026	LOSS: 712.74	MAE: 136.77	RMSE: 183.65
Epoch 027	LOSS: 711.04	MAE: 137.43	RMSE: 184.28
Epoch 028	LOSS: 704.16	MAE: 136.83	RMSE: 183.89
Epoch 029	LOSS: 710.51	MAE: 136.12	RMSE: 182.87
Epoch 030	LOSS: 706.77	MAE: 136.74	RMSE: 183.73
Epoch 031	LOSS: 695.45	MAE: 135.91	RMSE: 182.73
Epoch 032	LOSS: 699.04	MAE: 135.95	RMSE: 182.81
Epoch 033	LOSS: 689.40	MAE: 135.41	RMSE: 182.29
Epoch 034	LOSS: 683.30	MAE: 135.21	RMSE: 182.04
Epoch 035	LOSS: 685.92	MAE: 134.56	RMSE: 181.38
Epoch 036	LOSS: 677.46	MAE: 134.84	RMSE: 181.57
Epoch 037	LOSS: 691.07	MAE: 134.01	RMSE: 180.76
Epoch 038	LOSS: 676.52	MAE: 134.01	RMSE: 180.67
Epoch 039	LOSS: 693.92	MAE: 133.87	RMSE: 180.51
Epoch 040	LOSS: 678.38	MAE: 132.96	RMSE: 179.50
Epoch 041	LOSS: 684.42	MAE: 133.44	RMSE: 180.02
Epoch 042	LOSS: 671.75	MAE: 132.52	RMSE: 178.95
Epoch 043	LOSS: 675.51	MAE: 132.78	RMSE: 179.21
Epoch 044	LOSS: 676.42	MAE: 132.34	RMSE: 178.77
Epoch 045	LOSS: 663.39	MAE: 131.86	RMSE: 178.11
Epoch 046	LOSS: 668.71	MAE: 131.90	RMSE: 178.23
Epoch 047	LOSS: 657.77	MAE: 131.46	RMSE: 177.59
Epoch 048	LOSS: 658.99	MAE: 131.05	RMSE: 177.23
Epoch 049	LOSS: 665.48	MAE: 130.93	RMSE: 176.98
Epoch 050	LOSS: 666.60	MAE: 130.66	RMSE: 176.74
Epoch 051	LOSS: 654.00	MAE: 130.74	RMSE: 176.65
Epoch 052	LOSS: 649.35	MAE: 129.85	RMSE: 175.81
Epoch 053	LOSS: 659.68	MAE: 129.98	RMSE: 175.89
Epoch 054	LOSS: 652.54	MAE: 129.50	RMSE: 175.22
Epoch 055	LOSS: 651.33	MAE: 129.43	RMSE: 175.24
Epoch 056	LOSS: 652.04	MAE: 129.07	RMSE: 174.76
Epoch 057	LOSS: 651.98	MAE: 129.10	RMSE: 174.71
Epoch 058	LOSS: 647.01	MAE: 128.85	RMSE: 174.45
Epoch 059	LOSS: 646.54	MAE: 128.45	RMSE: 173.97
Epoch 060	LOSS: 645.93	MAE: 128.03	RMSE: 173.45
Epoch 061	LOSS: 645.04	MAE: 127.97	RMSE: 173.48
Epoch 062	LOSS: 648.42	MAE: 127.55	RMSE: 172.94
Epoch 063	LOSS: 647.15	MAE: 127.26	RMSE: 172.57
Epoch 064	LOSS: 651.64	MAE: 126.77	RMSE: 172.11
Epoch 065	LOSS: 642.07	MAE: 127.10	RMSE: 172.29
Epoch 066	LOSS: 650.59	MAE: 126.80	RMSE: 171.97
Epoch 067	LOSS: 647.57	MAE: 126.10	RMSE: 171.40
Epoch 068	LOSS: 636.22	MAE: 126.53	RMSE: 171.50
Epoch 069	LOSS: 633.66	MAE: 125.83	RMSE: 171.03
Epoch 070	LOSS: 634.88	MAE: 125.66	RMSE: 170.57
Epoch 071	LOSS: 636.30	MAE: 125.89	RMSE: 170.89
Epoch 072	LOSS: 634.30	MAE: 124.79	RMSE: 169.69
Epoch 073	LOSS: 630.19	MAE: 125.40	RMSE: 170.32
Epoch 074	LOSS: 629.38	MAE: 124.36	RMSE: 169.13
Epoch 075	LOSS: 630.85	MAE: 125.15	RMSE: 169.88
Epoch 076	LOSS: 637.74	MAE: 123.86	RMSE: 168.59
Epoch 077	LOSS: 627.08	MAE: 124.43	RMSE: 169.08
Epoch 078	LOSS: 632.23	MAE: 123.73	RMSE: 168.40
Epoch 079	LOSS: 612.52	MAE: 123.72	RMSE: 168.27
Epoch 080	LOSS: 627.78	MAE: 123.52	RMSE: 168.10
Epoch 081	LOSS: 629.22	MAE: 123.28	RMSE: 167.82
Epoch 082	LOSS: 629.44	MAE: 123.19	RMSE: 167.57
Epoch 083	LOSS: 622.77	MAE: 122.59	RMSE: 167.16
Epoch 084	LOSS: 619.04	MAE: 122.77	RMSE: 167.08
Epoch 085	LOSS: 614.09	MAE: 122.61	RMSE: 166.99
Epoch 086	LOSS: 618.54	MAE: 121.81	RMSE: 166.01
Epoch 087	LOSS: 620.83	MAE: 122.55	RMSE: 166.92
Epoch 088	LOSS: 614.47	MAE: 121.78	RMSE: 165.92
Epoch 089	LOSS: 619.94	MAE: 121.60	RMSE: 165.76
Epoch 090	LOSS: 612.71	MAE: 121.47	RMSE: 165.61
Epoch 091	LOSS: 616.51	MAE: 120.79	RMSE: 164.84
Epoch 092	LOSS: 628.81	MAE: 121.36	RMSE: 165.37
Epoch 093	LOSS: 611.37	MAE: 120.53	RMSE: 164.53
Epoch 094	LOSS: 618.28	MAE: 121.10	RMSE: 165.04
Epoch 095	LOSS: 621.83	MAE: 120.34	RMSE: 164.17
Epoch 096	LOSS: 619.24	MAE: 120.13	RMSE: 164.14
Epoch 097	LOSS: 611.55	MAE: 120.04	RMSE: 163.83
Epoch 098	LOSS: 617.72	MAE: 120.41	RMSE: 164.22
Epoch 099	LOSS: 612.52	MAE: 119.33	RMSE: 163.05
Epoch 100	LOSS: 618.50	MAE: 120.09	RMSE: 163.88
Epoch 101	LOSS: 618.41	MAE: 119.14	RMSE: 162.92
Epoch 102	LOSS: 617.04	MAE: 119.61	RMSE: 163.20
Epoch 103	LOSS: 603.02	MAE: 119.04	RMSE: 162.71
Epoch 104	LOSS: 610.54	MAE: 118.89	RMSE: 162.39
Epoch 105	LOSS: 612.77	MAE: 118.89	RMSE: 162.55
Epoch 106	LOSS: 614.60	MAE: 118.48	RMSE: 161.95
Epoch 107	LOSS: 605.25	MAE: 118.17	RMSE: 161.73
Epoch 108	LOSS: 610.77	MAE: 118.14	RMSE: 161.51
Epoch 109	LOSS: 607.69	MAE: 118.44	RMSE: 161.89
Epoch 110	LOSS: 607.35	MAE: 117.67	RMSE: 161.03
Epoch 111	LOSS: 606.96	MAE: 117.55	RMSE: 160.95
Epoch 112	LOSS: 612.35	MAE: 117.99	RMSE: 161.18
Epoch 113	LOSS: 608.81	MAE: 117.28	RMSE: 160.63
Epoch 114	LOSS: 613.04	MAE: 117.51	RMSE: 160.67
Epoch 115	LOSS: 606.25	MAE: 116.72	RMSE: 160.00
Epoch 116	LOSS: 604.07	MAE: 117.05	RMSE: 160.10
Epoch 117	LOSS: 607.83	MAE: 116.81	RMSE: 159.95
Epoch 118	LOSS: 609.97	MAE: 116.37	RMSE: 159.43
Epoch 119	LOSS: 609.92	MAE: 116.35	RMSE: 159.36
Epoch 120	LOSS: 592.02	MAE: 116.03	RMSE: 159.09
Epoch 121	LOSS: 598.54	MAE: 116.25	RMSE: 159.19
Epoch 122	LOSS: 595.34	MAE: 115.93	RMSE: 158.84
Epoch 123	LOSS: 603.35	MAE: 115.90	RMSE: 158.78
Epoch 124	LOSS: 599.96	MAE: 115.28	RMSE: 158.21
Epoch 125	LOSS: 593.57	MAE: 115.70	RMSE: 158.51
Epoch 126	LOSS: 596.80	MAE: 115.07	RMSE: 157.94
Epoch 127	LOSS: 599.48	MAE: 115.60	RMSE: 158.31
Epoch 128	LOSS: 593.15	MAE: 114.96	RMSE: 157.75
Epoch 129	LOSS: 598.60	MAE: 114.83	RMSE: 157.64
Epoch 130	LOSS: 593.98	MAE: 115.23	RMSE: 157.89
Epoch 131	LOSS: 587.02	MAE: 114.10	RMSE: 156.73
Epoch 132	LOSS: 588.86	MAE: 114.94	RMSE: 157.63
Epoch 133	LOSS: 597.16	MAE: 113.79	RMSE: 156.32
Epoch 134	LOSS: 591.09	MAE: 114.50	RMSE: 157.09
Epoch 135	LOSS: 594.88	MAE: 113.88	RMSE: 156.40
Epoch 136	LOSS: 590.15	MAE: 114.10	RMSE: 156.51
Epoch 137	LOSS: 597.17	MAE: 113.82	RMSE: 156.34
Epoch 138	LOSS: 587.78	MAE: 113.55	RMSE: 155.92
Epoch 139	LOSS: 594.64	MAE: 113.59	RMSE: 155.99
Epoch 140	LOSS: 586.01	MAE: 112.89	RMSE: 155.20
Epoch 141	LOSS: 588.15	MAE: 113.41	RMSE: 155.69
Epoch 142	LOSS: 584.17	MAE: 112.95	RMSE: 155.25
Epoch 143	LOSS: 589.15	MAE: 112.93	RMSE: 155.18
Epoch 144	LOSS: 589.34	MAE: 112.07	RMSE: 154.17
Epoch 145	LOSS: 590.66	MAE: 112.75	RMSE: 154.97
Epoch 146	LOSS: 580.78	MAE: 112.63	RMSE: 154.70
Epoch 147	LOSS: 589.22	MAE: 111.80	RMSE: 153.94
Epoch 148	LOSS: 581.02	MAE: 112.38	RMSE: 154.44
Epoch 149	LOSS: 585.64	MAE: 111.47	RMSE: 153.45
Epoch 150	LOSS: 571.29	MAE: 112.40	RMSE: 154.41
Epoch 151	LOSS: 587.69	MAE: 111.22	RMSE: 153.15
Epoch 152	LOSS: 584.91	MAE: 111.87	RMSE: 153.81
Epoch 153	LOSS: 585.11	MAE: 110.93	RMSE: 152.78
Epoch 154	LOSS: 583.65	MAE: 111.36	RMSE: 153.19
Epoch 155	LOSS: 583.06	MAE: 110.99	RMSE: 152.83
Epoch 156	LOSS: 575.45	MAE: 110.68	RMSE: 152.46
Epoch 157	LOSS: 582.20	MAE: 111.44	RMSE: 153.22
Epoch 158	LOSS: 572.07	MAE: 110.28	RMSE: 152.07
Epoch 159	LOSS: 577.69	MAE: 111.07	RMSE: 152.68
Epoch 160	LOSS: 584.15	MAE: 110.18	RMSE: 151.81
Epoch 161	LOSS: 580.37	MAE: 110.79	RMSE: 152.47
Epoch 162	LOSS: 583.78	MAE: 110.35	RMSE: 151.92
Epoch 163	LOSS: 584.46	MAE: 109.86	RMSE: 151.46
Epoch 164	LOSS: 584.15	MAE: 110.58	RMSE: 152.11
Epoch 165	LOSS: 570.87	MAE: 109.66	RMSE: 151.15
Epoch 166	LOSS: 577.82	MAE: 109.84	RMSE: 151.34
Epoch 167	LOSS: 571.11	MAE: 109.67	RMSE: 151.11
Epoch 168	LOSS: 575.91	MAE: 109.71	RMSE: 151.06
Epoch 169	LOSS: 571.58	MAE: 109.47	RMSE: 150.96
Epoch 170	LOSS: 576.63	MAE: 109.77	RMSE: 151.06
Epoch 171	LOSS: 572.01	MAE: 109.31	RMSE: 150.66
Epoch 172	LOSS: 585.27	MAE: 109.22	RMSE: 150.55
Epoch 173	LOSS: 576.73	MAE: 109.06	RMSE: 150.42
Epoch 174	LOSS: 573.29	MAE: 109.10	RMSE: 150.20
Epoch 175	LOSS: 571.04	MAE: 108.65	RMSE: 149.95
Epoch 176	LOSS: 574.06	MAE: 108.79	RMSE: 149.81
Epoch 177	LOSS: 573.28	MAE: 108.57	RMSE: 149.88
Epoch 178	LOSS: 570.25	MAE: 108.55	RMSE: 149.52
Epoch 179	LOSS: 566.08	MAE: 108.45	RMSE: 149.65
Epoch 180	LOSS: 574.01	MAE: 107.95	RMSE: 149.03
Epoch 181	LOSS: 567.54	MAE: 107.97	RMSE: 149.01
Epoch 182	LOSS: 553.63	MAE: 107.84	RMSE: 148.79
Epoch 183	LOSS: 571.66	MAE: 108.18	RMSE: 149.17
Epoch 184	LOSS: 565.70	MAE: 107.69	RMSE: 148.59
Epoch 185	LOSS: 572.46	MAE: 107.48	RMSE: 148.40
Epoch 186	LOSS: 575.10	MAE: 108.02	RMSE: 148.93
Epoch 187	LOSS: 571.18	MAE: 106.78	RMSE: 147.54
Epoch 188	LOSS: 565.67	MAE: 107.70	RMSE: 148.54
Epoch 189	LOSS: 569.14	MAE: 107.15	RMSE: 147.88
Epoch 190	LOSS: 569.21	MAE: 107.14	RMSE: 147.94
Epoch 191	LOSS: 563.35	MAE: 106.99	RMSE: 147.67
Epoch 192	LOSS: 558.89	MAE: 106.88	RMSE: 147.61
Epoch 193	LOSS: 566.34	MAE: 106.94	RMSE: 147.42
Epoch 194	LOSS: 566.41	MAE: 106.69	RMSE: 147.42
Epoch 195	LOSS: 559.36	MAE: 106.92	RMSE: 147.41
Epoch 196	LOSS: 561.52	MAE: 105.89	RMSE: 146.47
Epoch 197	LOSS: 561.51	MAE: 106.34	RMSE: 146.79
Epoch 198	LOSS: 569.47	MAE: 106.30	RMSE: 146.84
Epoch 199	LOSS: 558.54	MAE: 106.07	RMSE: 146.44
Epoch 200	LOSS: 557.96	MAE: 106.07	RMSE: 146.52
Epoch 201	LOSS: 563.65	MAE: 105.62	RMSE: 145.96
Epoch 202	LOSS: 555.27	MAE: 106.02	RMSE: 146.31
Epoch 203	LOSS: 554.32	MAE: 105.62	RMSE: 145.99
Epoch 204	LOSS: 563.21	MAE: 105.34	RMSE: 145.56
Epoch 205	LOSS: 557.48	MAE: 105.40	RMSE: 145.62
Epoch 206	LOSS: 551.37	MAE: 105.50	RMSE: 145.76
Epoch 207	LOSS: 556.47	MAE: 105.13	RMSE: 145.28
Epoch 208	LOSS: 564.06	MAE: 105.54	RMSE: 145.72
Epoch 209	LOSS: 559.94	MAE: 104.85	RMSE: 145.00
Epoch 210	LOSS: 564.22	MAE: 105.13	RMSE: 145.15
Epoch 211	LOSS: 554.60	MAE: 104.76	RMSE: 144.82
Epoch 212	LOSS: 559.72	MAE: 104.67	RMSE: 144.72
Epoch 213	LOSS: 554.98	MAE: 104.58	RMSE: 144.59
Epoch 214	LOSS: 553.90	MAE: 104.41	RMSE: 144.36
Epoch 215	LOSS: 554.14	MAE: 104.42	RMSE: 144.41
Epoch 216	LOSS: 556.14	MAE: 104.53	RMSE: 144.43
Epoch 217	LOSS: 550.41	MAE: 104.20	RMSE: 144.08
Epoch 218	LOSS: 549.53	MAE: 103.87	RMSE: 143.76
Epoch 219	LOSS: 559.67	MAE: 104.47	RMSE: 144.20
Epoch 220	LOSS: 547.88	MAE: 103.74	RMSE: 143.64
Epoch 221	LOSS: 553.67	MAE: 104.03	RMSE: 143.65
Epoch 222	LOSS: 550.27	MAE: 103.75	RMSE: 143.61
Epoch 223	LOSS: 548.83	MAE: 103.88	RMSE: 143.58
Epoch 224	LOSS: 554.71	MAE: 103.37	RMSE: 142.98
Epoch 225	LOSS: 551.37	MAE: 103.51	RMSE: 143.23
Epoch 226	LOSS: 546.20	MAE: 103.46	RMSE: 143.00
Epoch 227	LOSS: 545.16	MAE: 103.50	RMSE: 143.16
Epoch 228	LOSS: 546.20	MAE: 103.10	RMSE: 142.62
Epoch 229	LOSS: 542.02	MAE: 103.03	RMSE: 142.52
Epoch 230	LOSS: 543.46	MAE: 103.29	RMSE: 142.85
Epoch 231	LOSS: 543.72	MAE: 103.13	RMSE: 142.61
Epoch 232	LOSS: 551.88	MAE: 102.78	RMSE: 142.22
Epoch 233	LOSS: 550.97	MAE: 102.98	RMSE: 142.48
Epoch 234	LOSS: 546.00	MAE: 102.73	RMSE: 142.13
Epoch 235	LOSS: 556.82	MAE: 102.36	RMSE: 141.66
Epoch 236	LOSS: 555.91	MAE: 102.58	RMSE: 141.93
Epoch 237	LOSS: 550.87	MAE: 102.34	RMSE: 141.62
Epoch 238	LOSS: 544.47	MAE: 102.13	RMSE: 141.38
Epoch 239	LOSS: 539.59	MAE: 102.34	RMSE: 141.62
Epoch 240	LOSS: 550.25	MAE: 101.97	RMSE: 141.22
Epoch 241	LOSS: 542.92	MAE: 101.99	RMSE: 141.16
Epoch 242	LOSS: 546.48	MAE: 101.92	RMSE: 141.08
Epoch 243	LOSS: 542.69	MAE: 101.87	RMSE: 141.03
Epoch 244	LOSS: 541.12	MAE: 102.15	RMSE: 141.25
Epoch 245	LOSS: 546.81	MAE: 101.56	RMSE: 140.72
Epoch 246	LOSS: 546.56	MAE: 101.49	RMSE: 140.44
Epoch 247	LOSS: 546.45	MAE: 101.45	RMSE: 140.59
Epoch 248	LOSS: 543.07	MAE: 101.52	RMSE: 140.48
Epoch 249	LOSS: 541.75	MAE: 101.49	RMSE: 140.55
Epoch 250	LOSS: 537.55	MAE: 101.43	RMSE: 140.51
Epoch 251	LOSS: 544.05	MAE: 101.22	RMSE: 140.10
Epoch 252	LOSS: 534.79	MAE: 101.12	RMSE: 140.13
Epoch 253	LOSS: 546.07	MAE: 101.18	RMSE: 140.09
Epoch 254	LOSS: 535.13	MAE: 100.98	RMSE: 139.81
Epoch 255	LOSS: 543.45	MAE: 100.98	RMSE: 139.84
Epoch 256	LOSS: 532.31	MAE: 100.51	RMSE: 139.41
Epoch 257	LOSS: 541.22	MAE: 101.18	RMSE: 139.96
Epoch 258	LOSS: 540.95	MAE: 100.46	RMSE: 139.33
Epoch 259	LOSS: 539.25	MAE: 100.45	RMSE: 139.14
Epoch 260	LOSS: 532.55	MAE: 100.36	RMSE: 139.10
Epoch 261	LOSS: 529.20	MAE: 100.70	RMSE: 139.46
Epoch 262	LOSS: 541.80	MAE: 100.12	RMSE: 138.78
Epoch 263	LOSS: 530.12	MAE: 100.45	RMSE: 139.08
Epoch 264	LOSS: 531.00	MAE: 100.51	RMSE: 139.22
Epoch 265	LOSS: 542.85	MAE: 99.73	RMSE: 138.34
Epoch 266	LOSS: 541.71	MAE: 100.52	RMSE: 139.13
Epoch 267	LOSS: 532.73	MAE: 99.66	RMSE: 138.18
Epoch 268	LOSS: 535.03	MAE: 99.77	RMSE: 138.36
Epoch 269	LOSS: 541.03	MAE: 99.81	RMSE: 138.19
Epoch 270	LOSS: 533.57	MAE: 99.44	RMSE: 137.99
Epoch 271	LOSS: 529.84	MAE: 99.37	RMSE: 137.69
Epoch 272	LOSS: 533.69	MAE: 99.86	RMSE: 138.39
Epoch 273	LOSS: 537.78	MAE: 98.80	RMSE: 137.10
Epoch 274	LOSS: 532.47	MAE: 99.83	RMSE: 138.32
Epoch 275	LOSS: 525.91	MAE: 98.97	RMSE: 137.36
Epoch 276	LOSS: 533.48	MAE: 99.42	RMSE: 137.72
Epoch 277	LOSS: 533.10	MAE: 99.09	RMSE: 137.50
Epoch 278	LOSS: 526.22	MAE: 99.35	RMSE: 137.62
Epoch 279	LOSS: 536.82	MAE: 98.41	RMSE: 136.63
Epoch 280	LOSS: 536.52	MAE: 99.28	RMSE: 137.52
Epoch 281	LOSS: 536.72	MAE: 98.77	RMSE: 137.09
Epoch 282	LOSS: 531.34	MAE: 98.86	RMSE: 136.97
Epoch 283	LOSS: 532.21	MAE: 98.72	RMSE: 136.98
Epoch 284	LOSS: 532.65	MAE: 98.46	RMSE: 136.60
Epoch 285	LOSS: 528.01	MAE: 98.47	RMSE: 136.65
Epoch 286	LOSS: 525.30	MAE: 98.69	RMSE: 136.79
Epoch 287	LOSS: 530.57	MAE: 98.19	RMSE: 136.29
Epoch 288	LOSS: 528.90	MAE: 98.68	RMSE: 136.79
Epoch 289	LOSS: 524.63	MAE: 98.13	RMSE: 136.13
Epoch 290	LOSS: 527.33	MAE: 98.40	RMSE: 136.52
Epoch 291	LOSS: 524.80	MAE: 98.23	RMSE: 136.19
Epoch 292	LOSS: 526.34	MAE: 97.64	RMSE: 135.63
Epoch 293	LOSS: 533.78	MAE: 98.04	RMSE: 135.92
Epoch 294	LOSS: 531.54	MAE: 97.78	RMSE: 135.80
Epoch 295	LOSS: 526.41	MAE: 98.04	RMSE: 136.02
Epoch 296	LOSS: 525.87	MAE: 97.60	RMSE: 135.45
Epoch 297	LOSS: 533.99	MAE: 97.57	RMSE: 135.52
Epoch 298	LOSS: 526.52	MAE: 97.80	RMSE: 135.64
Epoch 299	LOSS: 522.45	MAE: 97.48	RMSE: 135.34
Epoch 300	LOSS: 516.36	MAE: 97.72	RMSE: 135.59
Epoch 301	LOSS: 530.37	MAE: 97.51	RMSE: 135.40
Epoch 302	LOSS: 523.38	MAE: 97.55	RMSE: 135.37
Epoch 303	LOSS: 528.89	MAE: 97.63	RMSE: 135.50
Epoch 304	LOSS: 528.19	MAE: 97.21	RMSE: 135.05
Epoch 305	LOSS: 523.18	MAE: 97.42	RMSE: 135.10
Epoch 306	LOSS: 523.71	MAE: 96.96	RMSE: 134.72
Epoch 307	LOSS: 517.60	MAE: 97.64	RMSE: 135.42
Epoch 308	LOSS: 528.90	MAE: 96.97	RMSE: 134.64
Epoch 309	LOSS: 524.04	MAE: 97.25	RMSE: 135.01
Epoch 310	LOSS: 528.72	MAE: 96.78	RMSE: 134.42
Epoch 311	LOSS: 523.73	MAE: 96.87	RMSE: 134.44
Epoch 312	LOSS: 519.44	MAE: 96.63	RMSE: 134.33
Epoch 313	LOSS: 524.87	MAE: 96.83	RMSE: 134.37
Epoch 314	LOSS: 513.31	MAE: 96.63	RMSE: 134.25
Epoch 315	LOSS: 518.47	MAE: 96.72	RMSE: 134.27
Epoch 316	LOSS: 521.48	MAE: 96.27	RMSE: 133.90
Epoch 317	LOSS: 514.24	MAE: 97.19	RMSE: 134.72
Epoch 318	LOSS: 519.05	MAE: 95.90	RMSE: 133.34
Epoch 319	LOSS: 519.74	MAE: 96.77	RMSE: 134.36
Epoch 320	LOSS: 512.08	MAE: 96.24	RMSE: 133.68
Epoch 321	LOSS: 517.89	MAE: 96.42	RMSE: 133.89
Epoch 322	LOSS: 519.06	MAE: 96.19	RMSE: 133.67
Epoch 323	LOSS: 507.17	MAE: 96.49	RMSE: 133.99
Epoch 324	LOSS: 523.41	MAE: 95.65	RMSE: 132.93
Epoch 325	LOSS: 514.41	MAE: 96.70	RMSE: 134.24
Epoch 326	LOSS: 518.55	MAE: 95.47	RMSE: 132.83
Epoch 327	LOSS: 513.45	MAE: 96.40	RMSE: 133.77
Epoch 328	LOSS: 521.08	MAE: 95.75	RMSE: 133.14
Epoch 329	LOSS: 514.53	MAE: 96.29	RMSE: 133.69
Epoch 330	LOSS: 511.50	MAE: 94.78	RMSE: 131.88
Epoch 331	LOSS: 519.52	MAE: 96.30	RMSE: 133.79
Epoch 332	LOSS: 514.04	MAE: 95.70	RMSE: 132.88
Epoch 333	LOSS: 515.42	MAE: 95.36	RMSE: 132.72
Epoch 334	LOSS: 509.64	MAE: 95.84	RMSE: 133.02
Epoch 335	LOSS: 509.54	MAE: 95.54	RMSE: 132.96
Epoch 336	LOSS: 517.93	MAE: 95.53	RMSE: 132.60
Epoch 337	LOSS: 509.04	MAE: 95.37	RMSE: 132.72
Epoch 338	LOSS: 510.66	MAE: 95.06	RMSE: 132.06
Epoch 339	LOSS: 506.18	MAE: 95.40	RMSE: 132.64
Epoch 340	LOSS: 513.20	MAE: 95.00	RMSE: 132.05
Epoch 341	LOSS: 510.17	MAE: 95.16	RMSE: 132.34
Epoch 342	LOSS: 513.06	MAE: 95.06	RMSE: 132.14
Epoch 343	LOSS: 510.78	MAE: 95.25	RMSE: 132.26
Epoch 344	LOSS: 504.07	MAE: 94.54	RMSE: 131.61
Epoch 345	LOSS: 506.82	MAE: 95.28	RMSE: 132.34
Epoch 346	LOSS: 514.75	MAE: 94.73	RMSE: 131.79
Epoch 347	LOSS: 510.03	MAE: 94.70	RMSE: 131.60
Epoch 348	LOSS: 504.10	MAE: 94.60	RMSE: 131.62
Epoch 349	LOSS: 505.25	MAE: 94.86	RMSE: 131.82
Epoch 350	LOSS: 513.46	MAE: 94.45	RMSE: 131.39
Epoch 351	LOSS: 511.78	MAE: 94.35	RMSE: 131.19
Epoch 352	LOSS: 508.98	MAE: 94.79	RMSE: 131.80
Epoch 353	LOSS: 506.25	MAE: 94.18	RMSE: 130.97
Epoch 354	LOSS: 501.02	MAE: 94.77	RMSE: 131.77
Epoch 355	LOSS: 506.57	MAE: 94.04	RMSE: 130.80
Epoch 356	LOSS: 502.02	MAE: 94.33	RMSE: 131.20
Epoch 357	LOSS: 503.81	MAE: 94.22	RMSE: 130.98
Epoch 358	LOSS: 495.75	MAE: 94.31	RMSE: 131.18
Epoch 359	LOSS: 513.57	MAE: 94.07	RMSE: 130.82
Epoch 360	LOSS: 502.71	MAE: 94.28	RMSE: 131.10
Epoch 361	LOSS: 508.09	MAE: 93.70	RMSE: 130.37
Epoch 362	LOSS: 499.24	MAE: 94.18	RMSE: 131.01
Epoch 363	LOSS: 495.29	MAE: 93.55	RMSE: 130.11
Epoch 364	LOSS: 505.83	MAE: 94.31	RMSE: 131.07
Epoch 365	LOSS: 494.56	MAE: 93.48	RMSE: 130.10
Epoch 366	LOSS: 503.84	MAE: 93.92	RMSE: 130.61
Epoch 367	LOSS: 501.34	MAE: 93.08	RMSE: 129.53
Epoch 368	LOSS: 502.40	MAE: 94.08	RMSE: 130.82
Epoch 369	LOSS: 498.89	MAE: 92.94	RMSE: 129.47
Epoch 370	LOSS: 501.41	MAE: 93.67	RMSE: 130.23
Epoch 371	LOSS: 506.36	MAE: 93.53	RMSE: 130.07
Epoch 372	LOSS: 494.92	MAE: 92.70	RMSE: 129.14
Epoch 373	LOSS: 498.47	MAE: 94.17	RMSE: 130.86
Epoch 374	LOSS: 501.49	MAE: 92.52	RMSE: 128.91
Epoch 375	LOSS: 492.60	MAE: 93.89	RMSE: 130.45
Epoch 376	LOSS: 498.25	MAE: 92.32	RMSE: 128.64
Epoch 377	LOSS: 501.01	MAE: 93.98	RMSE: 130.56
Epoch 378	LOSS: 497.19	MAE: 92.30	RMSE: 128.59
Epoch 379	LOSS: 500.90	MAE: 93.64	RMSE: 130.25
Epoch 380	LOSS: 495.67	MAE: 92.30	RMSE: 128.57
Epoch 381	LOSS: 496.01	MAE: 93.60	RMSE: 130.07
Epoch 382	LOSS: 493.37	MAE: 92.28	RMSE: 128.61
Epoch 383	LOSS: 497.85	MAE: 93.16	RMSE: 129.56
Epoch 384	LOSS: 497.10	MAE: 92.74	RMSE: 129.11
Epoch 385	LOSS: 496.87	MAE: 92.59	RMSE: 128.89
Epoch 386	LOSS: 495.99	MAE: 93.33	RMSE: 129.93
Epoch 387	LOSS: 491.24	MAE: 92.38	RMSE: 128.50
Epoch 388	LOSS: 493.43	MAE: 92.89	RMSE: 129.44
Epoch 389	LOSS: 492.41	MAE: 92.43	RMSE: 128.57
Epoch 390	LOSS: 499.82	MAE: 92.63	RMSE: 128.92
Epoch 391	LOSS: 499.44	MAE: 92.18	RMSE: 128.45
Epoch 392	LOSS: 491.05	MAE: 92.44	RMSE: 128.74
Epoch 393	LOSS: 488.67	MAE: 92.77	RMSE: 129.01
Epoch 394	LOSS: 496.50	MAE: 91.93	RMSE: 128.18
Epoch 395	LOSS: 491.52	MAE: 92.87	RMSE: 129.18
Epoch 396	LOSS: 492.44	MAE: 91.68	RMSE: 127.76
Epoch 397	LOSS: 484.41	MAE: 92.39	RMSE: 128.59
Epoch 398	LOSS: 493.43	MAE: 92.14	RMSE: 128.33
Epoch 399	LOSS: 493.90	MAE: 91.82	RMSE: 127.88
Epoch 400	LOSS: 487.98	MAE: 92.24	RMSE: 128.42
Epoch 401	LOSS: 498.34	MAE: 91.89	RMSE: 127.95
Epoch 402	LOSS: 489.18	MAE: 92.26	RMSE: 128.53
Epoch 403	LOSS: 487.69	MAE: 91.55	RMSE: 127.52
Epoch 404	LOSS: 489.47	MAE: 92.16	RMSE: 128.34
Epoch 405	LOSS: 489.31	MAE: 91.45	RMSE: 127.48
Epoch 406	LOSS: 495.56	MAE: 91.99	RMSE: 128.05
Epoch 407	LOSS: 491.34	MAE: 91.31	RMSE: 127.30
Epoch 408	LOSS: 491.80	MAE: 91.44	RMSE: 127.33
Epoch 409	LOSS: 488.13	MAE: 91.92	RMSE: 128.05
Epoch 410	LOSS: 492.42	MAE: 90.79	RMSE: 126.56
Epoch 411	LOSS: 484.34	MAE: 91.83	RMSE: 127.79
Epoch 412	LOSS: 481.48	MAE: 91.13	RMSE: 127.06
Epoch 413	LOSS: 489.42	MAE: 92.01	RMSE: 128.03
Epoch 414	LOSS: 487.44	MAE: 90.78	RMSE: 126.67
Epoch 415	LOSS: 479.07	MAE: 92.00	RMSE: 127.93
Epoch 416	LOSS: 486.52	MAE: 90.66	RMSE: 126.46
Epoch 417	LOSS: 485.51	MAE: 91.58	RMSE: 127.49
Epoch 418	LOSS: 479.82	MAE: 91.03	RMSE: 126.89
Epoch 419	LOSS: 479.56	MAE: 91.28	RMSE: 127.09
Epoch 420	LOSS: 484.41	MAE: 90.76	RMSE: 126.50
Epoch 421	LOSS: 486.90	MAE: 90.95	RMSE: 126.69
Epoch 422	LOSS: 477.47	MAE: 90.66	RMSE: 126.37
Epoch 423	LOSS: 485.62	MAE: 91.26	RMSE: 127.11
Epoch 424	LOSS: 488.57	MAE: 90.75	RMSE: 126.47
Epoch 425	LOSS: 482.53	MAE: 90.97	RMSE: 126.79
Epoch 426	LOSS: 486.79	MAE: 90.75	RMSE: 126.39
Epoch 427	LOSS: 484.69	MAE: 90.66	RMSE: 126.38
Epoch 428	LOSS: 490.42	MAE: 90.87	RMSE: 126.49
Epoch 429	LOSS: 478.37	MAE: 90.74	RMSE: 126.59
Epoch 430	LOSS: 484.32	MAE: 90.25	RMSE: 125.71
Epoch 431	LOSS: 483.44	MAE: 90.71	RMSE: 126.49
Epoch 432	LOSS: 482.14	MAE: 90.11	RMSE: 125.57
Epoch 433	LOSS: 480.22	MAE: 90.83	RMSE: 126.52
Epoch 434	LOSS: 482.27	MAE: 90.47	RMSE: 126.16
Epoch 435	LOSS: 483.09	MAE: 90.63	RMSE: 126.18
Epoch 436	LOSS: 481.06	MAE: 90.25	RMSE: 125.87
Epoch 437	LOSS: 484.50	MAE: 90.29	RMSE: 125.81
Epoch 438	LOSS: 481.31	MAE: 90.17	RMSE: 125.67
Epoch 439	LOSS: 474.71	MAE: 90.54	RMSE: 126.16
Epoch 440	LOSS: 476.68	MAE: 90.05	RMSE: 125.60
Epoch 441	LOSS: 475.33	MAE: 90.14	RMSE: 125.64
Epoch 442	LOSS: 474.83	MAE: 90.11	RMSE: 125.59
Epoch 443	LOSS: 475.91	MAE: 90.44	RMSE: 126.03
Epoch 444	LOSS: 483.69	MAE: 89.90	RMSE: 125.30
Epoch 445	LOSS: 480.39	MAE: 89.90	RMSE: 125.36
Epoch 446	LOSS: 472.36	MAE: 90.03	RMSE: 125.44
Epoch 447	LOSS: 473.67	MAE: 89.79	RMSE: 125.20
Epoch 448	LOSS: 475.23	MAE: 90.20	RMSE: 125.66
Epoch 449	LOSS: 470.30	MAE: 90.04	RMSE: 125.59
Epoch 450	LOSS: 474.72	MAE: 89.69	RMSE: 124.90
Epoch 451	LOSS: 471.01	MAE: 90.08	RMSE: 125.73
Epoch 452	LOSS: 467.69	MAE: 89.55	RMSE: 124.73
Epoch 453	LOSS: 469.25	MAE: 89.92	RMSE: 125.43
Epoch 454	LOSS: 480.96	MAE: 89.23	RMSE: 124.44
Epoch 455	LOSS: 471.65	MAE: 90.03	RMSE: 125.41
Epoch 456	LOSS: 476.51	MAE: 89.43	RMSE: 124.74
Epoch 457	LOSS: 466.87	MAE: 89.61	RMSE: 124.96
Epoch 458	LOSS: 477.66	MAE: 89.52	RMSE: 124.79
Epoch 459	LOSS: 470.36	MAE: 89.53	RMSE: 124.94
Epoch 460	LOSS: 468.56	MAE: 89.38	RMSE: 124.61
Epoch 461	LOSS: 475.06	MAE: 89.29	RMSE: 124.60
Epoch 462	LOSS: 473.43	MAE: 89.31	RMSE: 124.57
Epoch 463	LOSS: 467.13	MAE: 88.66	RMSE: 123.75
Epoch 464	LOSS: 471.00	MAE: 90.00	RMSE: 125.44
Epoch 465	LOSS: 470.08	MAE: 88.76	RMSE: 123.82
Epoch 466	LOSS: 468.14	MAE: 89.59	RMSE: 124.94
Epoch 467	LOSS: 472.87	MAE: 88.91	RMSE: 124.07
Epoch 468	LOSS: 463.20	MAE: 89.46	RMSE: 124.79
Epoch 469	LOSS: 471.59	MAE: 89.09	RMSE: 124.24
Epoch 470	LOSS: 464.53	MAE: 89.29	RMSE: 124.61
Epoch 471	LOSS: 469.26	MAE: 89.15	RMSE: 124.25
Epoch 472	LOSS: 467.94	MAE: 88.77	RMSE: 124.03
Epoch 473	LOSS: 472.60	MAE: 89.61	RMSE: 124.89
Epoch 474	LOSS: 472.37	MAE: 88.12	RMSE: 122.99
Epoch 475	LOSS: 466.13	MAE: 89.22	RMSE: 124.49
Epoch 476	LOSS: 469.91	MAE: 88.14	RMSE: 122.94
Epoch 477	LOSS: 470.51	MAE: 89.34	RMSE: 124.60
Epoch 478	LOSS: 464.26	MAE: 88.11	RMSE: 123.11
Epoch 479	LOSS: 472.39	MAE: 89.29	RMSE: 124.38
Epoch 480	LOSS: 461.96	MAE: 88.10	RMSE: 123.06
Epoch 481	LOSS: 471.89	MAE: 88.70	RMSE: 123.81
Epoch 482	LOSS: 477.91	MAE: 88.40	RMSE: 123.30
Epoch 483	LOSS: 458.94	MAE: 88.96	RMSE: 124.08
Epoch 484	LOSS: 466.38	MAE: 87.94	RMSE: 122.82
Epoch 485	LOSS: 461.93	MAE: 88.74	RMSE: 123.81
Epoch 486	LOSS: 474.13	MAE: 88.16	RMSE: 123.04
Epoch 487	LOSS: 465.23	MAE: 88.18	RMSE: 123.20
Epoch 488	LOSS: 469.37	MAE: 88.37	RMSE: 123.27
Epoch 489	LOSS: 472.98	MAE: 88.01	RMSE: 122.85
Epoch 490	LOSS: 458.91	MAE: 88.27	RMSE: 123.31
Epoch 491	LOSS: 474.56	MAE: 88.13	RMSE: 122.93
Epoch 492	LOSS: 464.17	MAE: 88.35	RMSE: 123.33
Epoch 493	LOSS: 459.97	MAE: 88.10	RMSE: 122.96
Epoch 494	LOSS: 460.78	MAE: 88.00	RMSE: 122.85
Epoch 495	LOSS: 468.35	MAE: 88.20	RMSE: 123.06
Epoch 496	LOSS: 469.50	MAE: 87.65	RMSE: 122.52
Epoch 497	LOSS: 466.86	MAE: 88.18	RMSE: 122.99
Epoch 498	LOSS: 459.58	MAE: 87.59	RMSE: 122.31
Epoch 499	LOSS: 464.37	MAE: 88.17	RMSE: 123.08
