Epoch 000	LOSS: 1222.22	MAE: 195.65	RMSE: 243.40
Epoch 001	LOSS: 1122.67	MAE: 173.18	RMSE: 222.86
Epoch 002	LOSS: 1067.35	MAE: 160.88	RMSE: 210.10
Epoch 003	LOSS: 1032.14	MAE: 155.22	RMSE: 204.36
Epoch 004	LOSS: 981.57	MAE: 151.19	RMSE: 200.00
Epoch 005	LOSS: 957.99	MAE: 145.53	RMSE: 193.31
Epoch 006	LOSS: 926.01	MAE: 139.96	RMSE: 187.62
Epoch 007	LOSS: 907.93	MAE: 134.48	RMSE: 182.90
Epoch 008	LOSS: 883.27	MAE: 128.96	RMSE: 178.07
Epoch 009	LOSS: 866.51	MAE: 123.65	RMSE: 172.83
Epoch 010	LOSS: 854.30	MAE: 119.25	RMSE: 167.81
Epoch 011	LOSS: 833.75	MAE: 115.14	RMSE: 163.17
Epoch 012	LOSS: 822.35	MAE: 111.63	RMSE: 159.11
Epoch 013	LOSS: 823.46	MAE: 106.70	RMSE: 153.98
Epoch 014	LOSS: 825.25	MAE: 103.06	RMSE: 150.66
Epoch 015	LOSS: 815.94	MAE: 100.86	RMSE: 148.76
Epoch 016	LOSS: 800.54	MAE: 96.18	RMSE: 144.01
Epoch 017	LOSS: 794.21	MAE: 91.61	RMSE: 138.93
Epoch 018	LOSS: 790.06	MAE: 88.01	RMSE: 134.40
Epoch 019	LOSS: 790.81	MAE: 85.92	RMSE: 131.91
Epoch 020	LOSS: 782.35	MAE: 83.70	RMSE: 130.24
Epoch 021	LOSS: 771.98	MAE: 81.36	RMSE: 128.10
Epoch 022	LOSS: 776.13	MAE: 78.13	RMSE: 124.10
Epoch 023	LOSS: 767.71	MAE: 76.03	RMSE: 121.13
Epoch 024	LOSS: 774.40	MAE: 75.96	RMSE: 120.72
Epoch 025	LOSS: 765.20	MAE: 74.68	RMSE: 119.79
Epoch 026	LOSS: 763.90	MAE: 72.53	RMSE: 117.93
Epoch 027	LOSS: 765.69	MAE: 70.93	RMSE: 116.06
Epoch 028	LOSS: 748.89	MAE: 70.25	RMSE: 114.96
Epoch 029	LOSS: 752.72	MAE: 68.85	RMSE: 113.62
Epoch 030	LOSS: 740.85	MAE: 68.19	RMSE: 112.81
Epoch 031	LOSS: 755.53	MAE: 67.62	RMSE: 112.12
Epoch 032	LOSS: 746.20	MAE: 66.63	RMSE: 111.03
Epoch 033	LOSS: 750.38	MAE: 66.06	RMSE: 110.40
Epoch 034	LOSS: 745.62	MAE: 66.25	RMSE: 110.55
Epoch 035	LOSS: 734.03	MAE: 65.76	RMSE: 109.98
Epoch 036	LOSS: 745.80	MAE: 64.82	RMSE: 108.97
Epoch 037	LOSS: 736.64	MAE: 64.11	RMSE: 108.61
Epoch 038	LOSS: 731.77	MAE: 63.76	RMSE: 108.36
Epoch 039	LOSS: 721.46	MAE: 63.70	RMSE: 108.25
Epoch 040	LOSS: 728.70	MAE: 62.98	RMSE: 107.34
Epoch 041	LOSS: 725.95	MAE: 62.24	RMSE: 106.73
Epoch 042	LOSS: 710.80	MAE: 62.13	RMSE: 106.68
Epoch 043	LOSS: 716.78	MAE: 61.59	RMSE: 106.09
Epoch 044	LOSS: 712.06	MAE: 61.07	RMSE: 105.60
Epoch 045	LOSS: 722.19	MAE: 60.99	RMSE: 105.55
Epoch 046	LOSS: 723.23	MAE: 60.23	RMSE: 104.67
Epoch 047	LOSS: 708.43	MAE: 59.76	RMSE: 103.96
Epoch 048	LOSS: 707.14	MAE: 60.30	RMSE: 104.52
Epoch 049	LOSS: 709.38	MAE: 60.59	RMSE: 104.75
Epoch 050	LOSS: 712.91	MAE: 58.72	RMSE: 102.89
Epoch 051	LOSS: 718.63	MAE: 58.83	RMSE: 102.62
Epoch 052	LOSS: 700.11	MAE: 58.75	RMSE: 102.91
Epoch 053	LOSS: 696.79	MAE: 59.17	RMSE: 103.20
Epoch 054	LOSS: 699.95	MAE: 57.92	RMSE: 101.93
Epoch 055	LOSS: 705.67	MAE: 57.59	RMSE: 101.45
Epoch 056	LOSS: 699.90	MAE: 57.71	RMSE: 101.72
Epoch 057	LOSS: 695.22	MAE: 58.24	RMSE: 102.16
Epoch 058	LOSS: 702.01	MAE: 57.21	RMSE: 101.13
Epoch 059	LOSS: 707.55	MAE: 56.75	RMSE: 100.65
Epoch 060	LOSS: 700.68	MAE: 56.74	RMSE: 100.54
Epoch 061	LOSS: 690.86	MAE: 57.02	RMSE: 100.65
Epoch 062	LOSS: 693.61	MAE: 56.89	RMSE: 100.73
Epoch 063	LOSS: 696.37	MAE: 56.44	RMSE: 100.19
Epoch 064	LOSS: 688.52	MAE: 55.87	RMSE: 99.53
Epoch 065	LOSS: 693.72	MAE: 55.91	RMSE: 99.69
Epoch 066	LOSS: 701.34	MAE: 56.58	RMSE: 100.18
Epoch 067	LOSS: 690.15	MAE: 55.40	RMSE: 99.11
Epoch 068	LOSS: 690.10	MAE: 55.12	RMSE: 98.74
Epoch 069	LOSS: 684.28	MAE: 55.36	RMSE: 98.98
Epoch 070	LOSS: 689.82	MAE: 55.06	RMSE: 98.61
Epoch 071	LOSS: 691.95	MAE: 54.88	RMSE: 98.38
Epoch 072	LOSS: 684.45	MAE: 54.97	RMSE: 98.42
Epoch 073	LOSS: 684.92	MAE: 54.96	RMSE: 98.28
Epoch 074	LOSS: 680.99	MAE: 54.27	RMSE: 97.59
Epoch 075	LOSS: 675.32	MAE: 54.32	RMSE: 97.45
Epoch 076	LOSS: 677.73	MAE: 54.24	RMSE: 97.43
Epoch 077	LOSS: 683.98	MAE: 54.28	RMSE: 97.26
Epoch 078	LOSS: 674.25	MAE: 54.11	RMSE: 96.97
Epoch 079	LOSS: 679.35	MAE: 53.66	RMSE: 96.42
Epoch 080	LOSS: 666.56	MAE: 53.71	RMSE: 96.44
Epoch 081	LOSS: 668.05	MAE: 53.59	RMSE: 96.41
Epoch 082	LOSS: 664.92	MAE: 53.34	RMSE: 96.06
Epoch 083	LOSS: 675.84	MAE: 52.93	RMSE: 95.60
Epoch 084	LOSS: 676.43	MAE: 53.12	RMSE: 95.70
Epoch 085	LOSS: 670.20	MAE: 52.97	RMSE: 95.31
Epoch 086	LOSS: 676.49	MAE: 52.87	RMSE: 95.30
Epoch 087	LOSS: 659.50	MAE: 52.92	RMSE: 95.32
Epoch 088	LOSS: 672.89	MAE: 52.34	RMSE: 94.34
Epoch 089	LOSS: 674.74	MAE: 52.43	RMSE: 94.64
Epoch 090	LOSS: 663.46	MAE: 52.43	RMSE: 94.72
Epoch 091	LOSS: 666.53	MAE: 52.23	RMSE: 94.41
Epoch 092	LOSS: 662.29	MAE: 52.08	RMSE: 94.14
Epoch 093	LOSS: 667.21	MAE: 51.60	RMSE: 93.67
Epoch 094	LOSS: 665.90	MAE: 52.35	RMSE: 94.36
Epoch 095	LOSS: 650.53	MAE: 51.57	RMSE: 93.55
Epoch 096	LOSS: 661.84	MAE: 51.33	RMSE: 93.09
Epoch 097	LOSS: 667.27	MAE: 52.11	RMSE: 93.73
Epoch 098	LOSS: 656.16	MAE: 51.36	RMSE: 93.01
Epoch 099	LOSS: 661.11	MAE: 51.36	RMSE: 92.74
Epoch 100	LOSS: 666.31	MAE: 51.54	RMSE: 93.10
Epoch 101	LOSS: 663.46	MAE: 51.16	RMSE: 92.38
Epoch 102	LOSS: 674.48	MAE: 51.40	RMSE: 92.37
Epoch 103	LOSS: 665.03	MAE: 51.26	RMSE: 92.63
Epoch 104	LOSS: 654.27	MAE: 50.63	RMSE: 91.92
Epoch 105	LOSS: 655.54	MAE: 50.69	RMSE: 91.70
Epoch 106	LOSS: 652.74	MAE: 50.82	RMSE: 91.84
Epoch 107	LOSS: 660.35	MAE: 50.55	RMSE: 91.73
Epoch 108	LOSS: 653.85	MAE: 50.34	RMSE: 91.16
Epoch 109	LOSS: 652.59	MAE: 50.23	RMSE: 91.21
Epoch 110	LOSS: 652.37	MAE: 50.25	RMSE: 91.20
Epoch 111	LOSS: 658.61	MAE: 49.92	RMSE: 90.61
Epoch 112	LOSS: 652.27	MAE: 49.73	RMSE: 90.48
Epoch 113	LOSS: 645.50	MAE: 49.87	RMSE: 90.62
Epoch 114	LOSS: 644.47	MAE: 49.67	RMSE: 90.19
Epoch 115	LOSS: 651.30	MAE: 49.79	RMSE: 90.05
Epoch 116	LOSS: 637.18	MAE: 49.34	RMSE: 89.90
Epoch 117	LOSS: 653.76	MAE: 49.18	RMSE: 89.63
Epoch 118	LOSS: 645.34	MAE: 49.32	RMSE: 89.56
Epoch 119	LOSS: 643.14	MAE: 49.04	RMSE: 89.31
Epoch 120	LOSS: 642.09	MAE: 49.17	RMSE: 89.32
Epoch 121	LOSS: 644.75	MAE: 49.10	RMSE: 89.17
Epoch 122	LOSS: 645.93	MAE: 48.60	RMSE: 88.62
Epoch 123	LOSS: 641.86	MAE: 48.70	RMSE: 88.74
Epoch 124	LOSS: 643.82	MAE: 48.71	RMSE: 88.64
Epoch 125	LOSS: 632.30	MAE: 48.66	RMSE: 88.13
Epoch 126	LOSS: 642.03	MAE: 48.70	RMSE: 88.13
Epoch 127	LOSS: 641.32	MAE: 48.33	RMSE: 88.01
Epoch 128	LOSS: 647.14	MAE: 48.30	RMSE: 87.95
Epoch 129	LOSS: 629.21	MAE: 48.37	RMSE: 87.79
Epoch 130	LOSS: 634.84	MAE: 48.07	RMSE: 87.74
Epoch 131	LOSS: 631.76	MAE: 47.74	RMSE: 87.37
Epoch 132	LOSS: 636.00	MAE: 47.80	RMSE: 87.15
Epoch 133	LOSS: 635.37	MAE: 47.61	RMSE: 86.80
Epoch 134	LOSS: 630.55	MAE: 47.63	RMSE: 86.92
Epoch 135	LOSS: 633.96	MAE: 47.42	RMSE: 86.66
Epoch 136	LOSS: 631.45	MAE: 47.79	RMSE: 86.73
Epoch 137	LOSS: 626.35	MAE: 47.40	RMSE: 86.35
Epoch 138	LOSS: 627.79	MAE: 46.98	RMSE: 85.97
Epoch 139	LOSS: 634.43	MAE: 47.56	RMSE: 86.56
Epoch 140	LOSS: 623.08	MAE: 47.02	RMSE: 85.73
Epoch 141	LOSS: 633.05	MAE: 46.84	RMSE: 85.55
Epoch 142	LOSS: 618.94	MAE: 46.97	RMSE: 85.62
Epoch 143	LOSS: 624.54	MAE: 47.13	RMSE: 85.38
Epoch 144	LOSS: 624.51	MAE: 47.06	RMSE: 85.51
Epoch 145	LOSS: 621.60	MAE: 46.56	RMSE: 84.85
Epoch 146	LOSS: 623.84	MAE: 46.83	RMSE: 85.05
Epoch 147	LOSS: 621.31	MAE: 46.62	RMSE: 85.03
Epoch 148	LOSS: 627.94	MAE: 46.49	RMSE: 84.88
Epoch 149	LOSS: 619.18	MAE: 46.33	RMSE: 84.65
Epoch 150	LOSS: 631.12	MAE: 46.28	RMSE: 84.58
Epoch 151	LOSS: 625.05	MAE: 46.00	RMSE: 84.18
Epoch 152	LOSS: 618.59	MAE: 46.07	RMSE: 84.31
Epoch 153	LOSS: 631.92	MAE: 46.00	RMSE: 84.14
Epoch 154	LOSS: 617.65	MAE: 46.04	RMSE: 84.07
Epoch 155	LOSS: 614.14	MAE: 45.80	RMSE: 83.91
Epoch 156	LOSS: 619.36	MAE: 45.62	RMSE: 83.71
Epoch 157	LOSS: 624.12	MAE: 46.06	RMSE: 83.97
Epoch 158	LOSS: 616.33	MAE: 45.75	RMSE: 83.60
Epoch 159	LOSS: 624.33	MAE: 45.27	RMSE: 83.11
Epoch 160	LOSS: 621.87	MAE: 45.96	RMSE: 83.67
Epoch 161	LOSS: 628.15	MAE: 45.33	RMSE: 82.72
Epoch 162	LOSS: 614.14	MAE: 45.40	RMSE: 82.88
Epoch 163	LOSS: 618.11	MAE: 45.21	RMSE: 82.69
Epoch 164	LOSS: 615.58	MAE: 45.12	RMSE: 82.50
Epoch 165	LOSS: 616.79	MAE: 45.28	RMSE: 82.61
Epoch 166	LOSS: 616.98	MAE: 45.11	RMSE: 82.43
Epoch 167	LOSS: 614.41	MAE: 45.05	RMSE: 82.02
Epoch 168	LOSS: 614.35	MAE: 45.00	RMSE: 82.00
Epoch 169	LOSS: 615.52	MAE: 44.61	RMSE: 81.45
Epoch 170	LOSS: 609.99	MAE: 44.98	RMSE: 81.77
Epoch 171	LOSS: 607.58	MAE: 44.80	RMSE: 81.75
Epoch 172	LOSS: 607.33	MAE: 44.81	RMSE: 81.24
Epoch 173	LOSS: 607.64	MAE: 44.58	RMSE: 81.29
Epoch 174	LOSS: 612.72	MAE: 44.30	RMSE: 80.98
Epoch 175	LOSS: 603.07	MAE: 44.30	RMSE: 80.79
Epoch 176	LOSS: 618.12	MAE: 44.43	RMSE: 80.83
Epoch 177	LOSS: 603.29	MAE: 44.23	RMSE: 80.72
Epoch 178	LOSS: 607.51	MAE: 43.97	RMSE: 80.28
Epoch 179	LOSS: 603.57	MAE: 44.12	RMSE: 80.48
Epoch 180	LOSS: 604.41	MAE: 44.29	RMSE: 80.51
Epoch 181	LOSS: 613.06	MAE: 43.85	RMSE: 79.69
Epoch 182	LOSS: 619.65	MAE: 43.85	RMSE: 79.95
Epoch 183	LOSS: 601.63	MAE: 43.74	RMSE: 79.60
Epoch 184	LOSS: 608.88	MAE: 43.50	RMSE: 79.45
Epoch 185	LOSS: 609.27	MAE: 43.64	RMSE: 79.66
Epoch 186	LOSS: 605.49	MAE: 43.42	RMSE: 79.31
Epoch 187	LOSS: 602.36	MAE: 43.57	RMSE: 79.36
Epoch 188	LOSS: 596.13	MAE: 43.16	RMSE: 78.78
Epoch 189	LOSS: 606.96	MAE: 43.52	RMSE: 79.04
Epoch 190	LOSS: 601.09	MAE: 43.04	RMSE: 78.40
Epoch 191	LOSS: 606.83	MAE: 43.15	RMSE: 78.46
Epoch 192	LOSS: 607.84	MAE: 43.12	RMSE: 78.35
Epoch 193	LOSS: 602.30	MAE: 43.07	RMSE: 78.36
Epoch 194	LOSS: 591.43	MAE: 42.97	RMSE: 78.30
Epoch 195	LOSS: 597.02	MAE: 42.75	RMSE: 77.96
Epoch 196	LOSS: 597.89	MAE: 43.00	RMSE: 78.13
Epoch 197	LOSS: 600.30	MAE: 42.84	RMSE: 77.78
Epoch 198	LOSS: 605.54	MAE: 42.68	RMSE: 77.52
Epoch 199	LOSS: 595.74	MAE: 42.84	RMSE: 77.67
Epoch 200	LOSS: 590.39	MAE: 42.52	RMSE: 77.26
Epoch 201	LOSS: 589.23	MAE: 42.71	RMSE: 77.57
Epoch 202	LOSS: 601.50	MAE: 42.24	RMSE: 77.00
Epoch 203	LOSS: 591.98	MAE: 42.37	RMSE: 77.22
Epoch 204	LOSS: 603.73	MAE: 42.47	RMSE: 76.98
Epoch 205	LOSS: 593.82	MAE: 42.25	RMSE: 76.63
Epoch 206	LOSS: 597.76	MAE: 42.20	RMSE: 76.53
Epoch 207	LOSS: 583.03	MAE: 42.09	RMSE: 76.33
Epoch 208	LOSS: 598.90	MAE: 42.30	RMSE: 76.48
Epoch 209	LOSS: 586.38	MAE: 42.14	RMSE: 76.43
Epoch 210	LOSS: 586.39	MAE: 42.06	RMSE: 76.47
Epoch 211	LOSS: 597.31	MAE: 41.96	RMSE: 76.37
Epoch 212	LOSS: 589.09	MAE: 41.65	RMSE: 75.92
Epoch 213	LOSS: 581.62	MAE: 41.88	RMSE: 75.96
Epoch 214	LOSS: 591.29	MAE: 42.13	RMSE: 76.06
Epoch 215	LOSS: 591.50	MAE: 41.52	RMSE: 75.70
Epoch 216	LOSS: 581.16	MAE: 41.61	RMSE: 75.82
Epoch 217	LOSS: 586.83	MAE: 41.63	RMSE: 75.83
Epoch 218	LOSS: 582.07	MAE: 41.46	RMSE: 75.57
Epoch 219	LOSS: 589.09	MAE: 41.34	RMSE: 75.11
Epoch 220	LOSS: 586.60	MAE: 41.51	RMSE: 75.46
Epoch 221	LOSS: 579.96	MAE: 41.12	RMSE: 74.86
Epoch 222	LOSS: 595.18	MAE: 41.17	RMSE: 74.83
Epoch 223	LOSS: 580.56	MAE: 41.38	RMSE: 75.08
Epoch 224	LOSS: 578.02	MAE: 41.25	RMSE: 74.88
Epoch 225	LOSS: 580.41	MAE: 41.24	RMSE: 75.15
Epoch 226	LOSS: 574.92	MAE: 41.09	RMSE: 75.07
Epoch 227	LOSS: 591.15	MAE: 41.16	RMSE: 74.76
Epoch 228	LOSS: 582.55	MAE: 40.98	RMSE: 74.67
Epoch 229	LOSS: 581.58	MAE: 40.76	RMSE: 74.25
Epoch 230	LOSS: 568.42	MAE: 41.04	RMSE: 74.62
Epoch 231	LOSS: 576.79	MAE: 40.61	RMSE: 74.13
Epoch 232	LOSS: 573.21	MAE: 40.89	RMSE: 74.36
Epoch 233	LOSS: 574.63	MAE: 40.63	RMSE: 73.95
Epoch 234	LOSS: 574.26	MAE: 40.70	RMSE: 73.94
Epoch 235	LOSS: 577.38	MAE: 40.71	RMSE: 74.08
Epoch 236	LOSS: 572.10	MAE: 40.62	RMSE: 73.62
Epoch 237	LOSS: 577.59	MAE: 40.65	RMSE: 73.77
Epoch 238	LOSS: 578.46	MAE: 40.51	RMSE: 73.58
Epoch 239	LOSS: 578.32	MAE: 40.56	RMSE: 73.50
Epoch 240	LOSS: 578.53	MAE: 40.43	RMSE: 73.21
Epoch 241	LOSS: 576.63	MAE: 40.62	RMSE: 73.53
Epoch 242	LOSS: 573.56	MAE: 40.25	RMSE: 73.08
Epoch 243	LOSS: 578.24	MAE: 40.12	RMSE: 73.01
Epoch 244	LOSS: 570.29	MAE: 40.47	RMSE: 73.59
Epoch 245	LOSS: 574.17	MAE: 40.12	RMSE: 73.02
Epoch 246	LOSS: 573.39	MAE: 40.07	RMSE: 72.75
Epoch 247	LOSS: 573.41	MAE: 40.27	RMSE: 72.79
Epoch 248	LOSS: 565.12	MAE: 40.14	RMSE: 72.66
Epoch 249	LOSS: 551.26	MAE: 40.01	RMSE: 72.49
Epoch 250	LOSS: 567.06	MAE: 40.05	RMSE: 72.52
Epoch 251	LOSS: 572.21	MAE: 39.86	RMSE: 72.43
Epoch 252	LOSS: 569.48	MAE: 39.83	RMSE: 72.33
Epoch 253	LOSS: 569.00	MAE: 39.71	RMSE: 72.02
Epoch 254	LOSS: 560.86	MAE: 39.81	RMSE: 72.23
Epoch 255	LOSS: 568.79	MAE: 39.51	RMSE: 71.53
Epoch 256	LOSS: 566.92	MAE: 39.76	RMSE: 71.73
Epoch 257	LOSS: 559.90	MAE: 39.44	RMSE: 71.47
Epoch 258	LOSS: 566.59	MAE: 39.41	RMSE: 71.37
Epoch 259	LOSS: 561.63	MAE: 39.25	RMSE: 71.22
Epoch 260	LOSS: 565.38	MAE: 39.25	RMSE: 71.04
Epoch 261	LOSS: 568.76	MAE: 39.29	RMSE: 70.76
Epoch 262	LOSS: 559.24	MAE: 39.10	RMSE: 70.70
Epoch 263	LOSS: 568.64	MAE: 39.25	RMSE: 70.88
Epoch 264	LOSS: 553.75	MAE: 39.01	RMSE: 70.54
Epoch 265	LOSS: 567.57	MAE: 39.05	RMSE: 70.51
Epoch 266	LOSS: 560.44	MAE: 38.90	RMSE: 70.26
Epoch 267	LOSS: 550.13	MAE: 38.89	RMSE: 70.06
Epoch 268	LOSS: 563.67	MAE: 38.80	RMSE: 69.73
Epoch 269	LOSS: 559.85	MAE: 38.86	RMSE: 70.01
Epoch 270	LOSS: 557.81	MAE: 38.70	RMSE: 69.95
Epoch 271	LOSS: 548.75	MAE: 38.83	RMSE: 70.01
Epoch 272	LOSS: 559.25	MAE: 38.62	RMSE: 69.65
Epoch 273	LOSS: 564.29	MAE: 38.57	RMSE: 69.61
Epoch 274	LOSS: 564.31	MAE: 38.69	RMSE: 69.42
Epoch 275	LOSS: 557.65	MAE: 38.54	RMSE: 69.28
Epoch 276	LOSS: 555.57	MAE: 38.72	RMSE: 69.68
Epoch 277	LOSS: 561.62	MAE: 38.42	RMSE: 69.28
Epoch 278	LOSS: 549.74	MAE: 38.48	RMSE: 69.40
Epoch 279	LOSS: 551.33	MAE: 38.57	RMSE: 69.25
Epoch 280	LOSS: 552.09	MAE: 38.43	RMSE: 68.95
Epoch 281	LOSS: 551.70	MAE: 38.46	RMSE: 69.27
Epoch 282	LOSS: 555.40	MAE: 38.27	RMSE: 68.75
Epoch 283	LOSS: 544.85	MAE: 38.41	RMSE: 69.02
Epoch 284	LOSS: 558.53	MAE: 38.38	RMSE: 68.98
Epoch 285	LOSS: 550.38	MAE: 38.29	RMSE: 69.18
Epoch 286	LOSS: 551.38	MAE: 38.35	RMSE: 69.10
Epoch 287	LOSS: 553.32	MAE: 38.33	RMSE: 68.95
Epoch 288	LOSS: 550.72	MAE: 37.97	RMSE: 68.42
Epoch 289	LOSS: 549.07	MAE: 38.23	RMSE: 68.77
Epoch 290	LOSS: 544.44	MAE: 37.97	RMSE: 68.36
Epoch 291	LOSS: 559.15	MAE: 38.16	RMSE: 68.70
Epoch 292	LOSS: 548.22	MAE: 37.97	RMSE: 68.49
Epoch 293	LOSS: 541.18	MAE: 37.94	RMSE: 68.40
Epoch 294	LOSS: 546.65	MAE: 37.93	RMSE: 68.29
Epoch 295	LOSS: 557.03	MAE: 37.82	RMSE: 67.81
Epoch 296	LOSS: 552.31	MAE: 38.01	RMSE: 68.06
Epoch 297	LOSS: 547.43	MAE: 37.94	RMSE: 68.07
Epoch 298	LOSS: 535.03	MAE: 37.89	RMSE: 68.03
Epoch 299	LOSS: 546.61	MAE: 37.98	RMSE: 68.42
Epoch 300	LOSS: 543.00	MAE: 38.15	RMSE: 68.17
Epoch 301	LOSS: 536.54	MAE: 37.92	RMSE: 68.12
Epoch 302	LOSS: 548.66	MAE: 37.81	RMSE: 67.89
Epoch 303	LOSS: 543.82	MAE: 37.87	RMSE: 67.76
Epoch 304	LOSS: 546.87	MAE: 37.76	RMSE: 67.85
Epoch 305	LOSS: 544.02	MAE: 37.80	RMSE: 68.04
Epoch 306	LOSS: 550.91	MAE: 37.84	RMSE: 67.82
Epoch 307	LOSS: 545.96	MAE: 37.72	RMSE: 67.62
Epoch 308	LOSS: 539.89	MAE: 37.63	RMSE: 67.50
Epoch 309	LOSS: 537.08	MAE: 37.73	RMSE: 67.64
Epoch 310	LOSS: 539.40	MAE: 37.62	RMSE: 67.46
Epoch 311	LOSS: 547.24	MAE: 37.59	RMSE: 67.70
Epoch 312	LOSS: 538.81	MAE: 37.49	RMSE: 67.40
Epoch 313	LOSS: 536.05	MAE: 37.63	RMSE: 67.63
Epoch 314	LOSS: 538.69	MAE: 37.47	RMSE: 67.18
Epoch 315	LOSS: 543.63	MAE: 37.59	RMSE: 67.29
Epoch 316	LOSS: 529.15	MAE: 37.26	RMSE: 66.61
Epoch 317	LOSS: 544.41	MAE: 37.39	RMSE: 66.81
Epoch 318	LOSS: 534.77	MAE: 37.26	RMSE: 66.88
Epoch 319	LOSS: 537.15	MAE: 37.26	RMSE: 66.96
Epoch 320	LOSS: 542.95	MAE: 37.11	RMSE: 66.54
Epoch 321	LOSS: 536.22	MAE: 37.29	RMSE: 67.03
Epoch 322	LOSS: 542.41	MAE: 37.20	RMSE: 66.56
Epoch 323	LOSS: 550.29	MAE: 37.14	RMSE: 66.57
Epoch 324	LOSS: 534.99	MAE: 37.08	RMSE: 66.54
Epoch 325	LOSS: 540.00	MAE: 37.17	RMSE: 66.79
Epoch 326	LOSS: 534.47	MAE: 37.05	RMSE: 66.29
Epoch 327	LOSS: 540.63	MAE: 37.26	RMSE: 66.65
Epoch 328	LOSS: 537.12	MAE: 36.97	RMSE: 66.25
Epoch 329	LOSS: 531.14	MAE: 36.93	RMSE: 66.10
Epoch 330	LOSS: 531.95	MAE: 37.22	RMSE: 66.54
Epoch 331	LOSS: 543.72	MAE: 36.93	RMSE: 66.28
Epoch 332	LOSS: 521.80	MAE: 37.14	RMSE: 66.54
Epoch 333	LOSS: 533.88	MAE: 36.86	RMSE: 65.97
Epoch 334	LOSS: 529.90	MAE: 36.89	RMSE: 65.99
Epoch 335	LOSS: 532.41	MAE: 36.83	RMSE: 65.96
Epoch 336	LOSS: 528.60	MAE: 36.91	RMSE: 66.14
Epoch 337	LOSS: 530.71	MAE: 36.86	RMSE: 66.20
Epoch 338	LOSS: 526.27	MAE: 36.85	RMSE: 66.24
Epoch 339	LOSS: 530.73	MAE: 36.67	RMSE: 65.79
Epoch 340	LOSS: 534.50	MAE: 36.86	RMSE: 65.89
Epoch 341	LOSS: 534.00	MAE: 36.66	RMSE: 65.56
Epoch 342	LOSS: 528.59	MAE: 36.65	RMSE: 65.44
Epoch 343	LOSS: 524.35	MAE: 36.59	RMSE: 65.67
Epoch 344	LOSS: 528.13	MAE: 36.85	RMSE: 65.81
Epoch 345	LOSS: 529.61	MAE: 36.54	RMSE: 65.53
Epoch 346	LOSS: 533.33	MAE: 36.74	RMSE: 65.95
Epoch 347	LOSS: 520.34	MAE: 36.73	RMSE: 65.41
Epoch 348	LOSS: 523.16	MAE: 36.57	RMSE: 65.53
Epoch 349	LOSS: 522.40	MAE: 36.57	RMSE: 65.30
Epoch 350	LOSS: 526.62	MAE: 36.47	RMSE: 65.16
Epoch 351	LOSS: 525.81	MAE: 36.74	RMSE: 65.69
Epoch 352	LOSS: 526.15	MAE: 36.65	RMSE: 65.59
Epoch 353	LOSS: 518.68	MAE: 36.55	RMSE: 65.47
Epoch 354	LOSS: 531.27	MAE: 36.60	RMSE: 65.43
Epoch 355	LOSS: 521.04	MAE: 36.33	RMSE: 65.02
Epoch 356	LOSS: 522.93	MAE: 36.41	RMSE: 64.97
Epoch 357	LOSS: 526.52	MAE: 36.43	RMSE: 65.09
Epoch 358	LOSS: 524.46	MAE: 36.54	RMSE: 65.24
Epoch 359	LOSS: 524.33	MAE: 36.16	RMSE: 64.59
Epoch 360	LOSS: 521.04	MAE: 36.54	RMSE: 65.13
Epoch 361	LOSS: 528.75	MAE: 36.39	RMSE: 64.66
Epoch 362	LOSS: 520.46	MAE: 36.22	RMSE: 64.45
Epoch 363	LOSS: 520.61	MAE: 36.18	RMSE: 64.43
Epoch 364	LOSS: 524.11	MAE: 36.35	RMSE: 64.74
Epoch 365	LOSS: 522.87	MAE: 36.26	RMSE: 64.51
Epoch 366	LOSS: 506.20	MAE: 36.27	RMSE: 64.70
Epoch 367	LOSS: 519.37	MAE: 36.15	RMSE: 64.49
Epoch 368	LOSS: 521.25	MAE: 36.35	RMSE: 64.52
Epoch 369	LOSS: 505.73	MAE: 36.24	RMSE: 64.36
Epoch 370	LOSS: 512.76	MAE: 36.05	RMSE: 64.17
Epoch 371	LOSS: 524.58	MAE: 36.22	RMSE: 64.03
Epoch 372	LOSS: 513.25	MAE: 36.26	RMSE: 64.23
Epoch 373	LOSS: 517.75	MAE: 35.95	RMSE: 63.97
Epoch 374	LOSS: 518.80	MAE: 36.01	RMSE: 64.10
Epoch 375	LOSS: 514.85	MAE: 35.82	RMSE: 63.92
Epoch 376	LOSS: 523.40	MAE: 36.16	RMSE: 64.37
Epoch 377	LOSS: 510.24	MAE: 35.79	RMSE: 63.74
Epoch 378	LOSS: 511.71	MAE: 36.13	RMSE: 64.25
Epoch 379	LOSS: 515.47	MAE: 35.74	RMSE: 63.56
Epoch 380	LOSS: 507.89	MAE: 36.04	RMSE: 64.12
Epoch 381	LOSS: 515.39	MAE: 35.78	RMSE: 63.62
Epoch 382	LOSS: 505.33	MAE: 35.77	RMSE: 63.63
Epoch 383	LOSS: 509.33	MAE: 35.96	RMSE: 63.81
Epoch 384	LOSS: 513.21	MAE: 35.85	RMSE: 63.67
Epoch 385	LOSS: 513.77	MAE: 35.89	RMSE: 63.97
Epoch 386	LOSS: 509.43	MAE: 35.94	RMSE: 63.94
Epoch 387	LOSS: 510.23	MAE: 35.82	RMSE: 63.70
Epoch 388	LOSS: 503.64	MAE: 36.04	RMSE: 63.83
Epoch 389	LOSS: 513.92	MAE: 35.81	RMSE: 63.43
Epoch 390	LOSS: 516.73	MAE: 35.72	RMSE: 63.44
Epoch 391	LOSS: 514.89	MAE: 35.81	RMSE: 63.40
Epoch 392	LOSS: 508.17	MAE: 35.66	RMSE: 63.04
Epoch 393	LOSS: 505.34	MAE: 35.66	RMSE: 63.35
Epoch 394	LOSS: 514.86	MAE: 35.50	RMSE: 63.08
Epoch 395	LOSS: 513.93	MAE: 35.60	RMSE: 62.98
Epoch 396	LOSS: 506.84	MAE: 35.49	RMSE: 62.54
Epoch 397	LOSS: 508.50	MAE: 35.67	RMSE: 63.01
Epoch 398	LOSS: 508.45	MAE: 35.39	RMSE: 62.50
Epoch 399	LOSS: 506.93	MAE: 35.33	RMSE: 62.47
Epoch 400	LOSS: 512.70	MAE: 35.53	RMSE: 62.87
Epoch 401	LOSS: 507.18	MAE: 35.37	RMSE: 62.41
Epoch 402	LOSS: 505.55	MAE: 35.52	RMSE: 62.62
Epoch 403	LOSS: 507.06	MAE: 35.43	RMSE: 62.24
Epoch 404	LOSS: 497.13	MAE: 35.49	RMSE: 62.58
Epoch 405	LOSS: 508.44	MAE: 35.34	RMSE: 62.55
Epoch 406	LOSS: 502.59	MAE: 35.31	RMSE: 62.44
Epoch 407	LOSS: 503.83	MAE: 35.36	RMSE: 62.49
Epoch 408	LOSS: 498.58	MAE: 35.32	RMSE: 62.44
Epoch 409	LOSS: 505.95	MAE: 35.27	RMSE: 62.37
Epoch 410	LOSS: 504.87	MAE: 35.43	RMSE: 62.45
Epoch 411	LOSS: 508.64	MAE: 35.47	RMSE: 62.65
Epoch 412	LOSS: 508.39	MAE: 35.12	RMSE: 62.11
Epoch 413	LOSS: 492.57	MAE: 35.58	RMSE: 62.80
Epoch 414	LOSS: 498.50	MAE: 35.36	RMSE: 62.53
Epoch 415	LOSS: 502.19	MAE: 35.18	RMSE: 61.99
Epoch 416	LOSS: 495.66	MAE: 35.30	RMSE: 62.27
Epoch 417	LOSS: 501.00	MAE: 35.13	RMSE: 62.00
Epoch 418	LOSS: 501.70	MAE: 35.24	RMSE: 62.42
Epoch 419	LOSS: 503.68	MAE: 35.19	RMSE: 61.79
Epoch 420	LOSS: 503.94	MAE: 35.37	RMSE: 62.34
Epoch 421	LOSS: 501.75	MAE: 34.96	RMSE: 61.64
Epoch 422	LOSS: 501.89	MAE: 35.16	RMSE: 61.99
Epoch 423	LOSS: 497.90	MAE: 35.08	RMSE: 61.86
Epoch 424	LOSS: 494.01	MAE: 35.14	RMSE: 62.01
Epoch 425	LOSS: 490.02	MAE: 34.90	RMSE: 61.73
Epoch 426	LOSS: 502.67	MAE: 35.16	RMSE: 61.99
Epoch 427	LOSS: 495.45	MAE: 35.02	RMSE: 61.59
Epoch 428	LOSS: 492.21	MAE: 35.41	RMSE: 62.31
Epoch 429	LOSS: 492.27	MAE: 34.93	RMSE: 61.40
Epoch 430	LOSS: 495.81	MAE: 35.05	RMSE: 61.68
Epoch 431	LOSS: 499.06	MAE: 35.08	RMSE: 61.68
Epoch 432	LOSS: 493.47	MAE: 35.11	RMSE: 61.78
Epoch 433	LOSS: 500.69	MAE: 34.99	RMSE: 61.36
Epoch 434	LOSS: 494.73	MAE: 34.96	RMSE: 61.46
Epoch 435	LOSS: 494.73	MAE: 35.02	RMSE: 61.50
Epoch 436	LOSS: 493.51	MAE: 34.81	RMSE: 61.20
Epoch 437	LOSS: 498.65	MAE: 34.87	RMSE: 61.40
Epoch 438	LOSS: 488.68	MAE: 34.67	RMSE: 60.85
Epoch 439	LOSS: 496.13	MAE: 34.82	RMSE: 61.18
Epoch 440	LOSS: 490.90	MAE: 34.71	RMSE: 60.96
Epoch 441	LOSS: 489.55	MAE: 34.79	RMSE: 61.14
Epoch 442	LOSS: 492.16	MAE: 34.71	RMSE: 60.90
Epoch 443	LOSS: 485.72	MAE: 34.79	RMSE: 61.31
Epoch 444	LOSS: 494.71	MAE: 34.72	RMSE: 61.09
Epoch 445	LOSS: 488.25	MAE: 34.66	RMSE: 60.88
Epoch 446	LOSS: 493.21	MAE: 34.82	RMSE: 61.17
Epoch 447	LOSS: 497.58	MAE: 34.60	RMSE: 60.67
Epoch 448	LOSS: 490.08	MAE: 34.72	RMSE: 60.82
Epoch 449	LOSS: 478.13	MAE: 34.81	RMSE: 61.01
Epoch 450	LOSS: 484.89	MAE: 34.77	RMSE: 61.06
Epoch 451	LOSS: 479.67	MAE: 34.70	RMSE: 60.81
Epoch 452	LOSS: 484.52	MAE: 34.73	RMSE: 60.81
Epoch 453	LOSS: 485.05	MAE: 34.74	RMSE: 60.65
Epoch 454	LOSS: 492.28	MAE: 34.72	RMSE: 60.78
Epoch 455	LOSS: 490.07	MAE: 34.55	RMSE: 60.45
Epoch 456	LOSS: 492.55	MAE: 34.95	RMSE: 61.21
Epoch 457	LOSS: 484.79	MAE: 34.48	RMSE: 60.39
Epoch 458	LOSS: 481.77	MAE: 34.53	RMSE: 60.59
Epoch 459	LOSS: 480.31	MAE: 34.63	RMSE: 60.58
Epoch 460	LOSS: 487.66	MAE: 34.44	RMSE: 60.39
Epoch 461	LOSS: 485.75	MAE: 34.39	RMSE: 60.09
Epoch 462	LOSS: 496.59	MAE: 34.74	RMSE: 60.53
Epoch 463	LOSS: 495.48	MAE: 34.36	RMSE: 59.83
Epoch 464	LOSS: 486.86	MAE: 34.43	RMSE: 60.15
Epoch 465	LOSS: 492.48	MAE: 34.49	RMSE: 60.40
Epoch 466	LOSS: 481.16	MAE: 34.38	RMSE: 60.11
Epoch 467	LOSS: 484.46	MAE: 34.41	RMSE: 60.21
Epoch 468	LOSS: 488.27	MAE: 34.53	RMSE: 60.32
Epoch 469	LOSS: 481.88	MAE: 34.52	RMSE: 60.16
Epoch 470	LOSS: 479.97	MAE: 34.46	RMSE: 60.36
Epoch 471	LOSS: 484.64	MAE: 34.42	RMSE: 60.63
Epoch 472	LOSS: 473.61	MAE: 34.39	RMSE: 60.32
Epoch 473	LOSS: 480.74	MAE: 34.58	RMSE: 60.51
Epoch 474	LOSS: 484.92	MAE: 34.40	RMSE: 60.09
Epoch 475	LOSS: 481.62	MAE: 34.40	RMSE: 60.33
Epoch 476	LOSS: 485.43	MAE: 34.53	RMSE: 60.46
Epoch 477	LOSS: 473.28	MAE: 34.34	RMSE: 60.28
Epoch 478	LOSS: 481.49	MAE: 34.39	RMSE: 60.15
Epoch 479	LOSS: 477.27	MAE: 34.54	RMSE: 60.48
Epoch 480	LOSS: 488.06	MAE: 34.21	RMSE: 59.63
Epoch 481	LOSS: 479.48	MAE: 34.71	RMSE: 60.51
Epoch 482	LOSS: 483.89	MAE: 34.32	RMSE: 60.07
Epoch 483	LOSS: 483.03	MAE: 34.20	RMSE: 59.85
Epoch 484	LOSS: 483.70	MAE: 34.54	RMSE: 60.36
Epoch 485	LOSS: 477.94	MAE: 34.24	RMSE: 59.83
Epoch 486	LOSS: 473.47	MAE: 34.27	RMSE: 59.98
Epoch 487	LOSS: 480.67	MAE: 34.30	RMSE: 59.80
Epoch 488	LOSS: 481.20	MAE: 34.27	RMSE: 59.88
Epoch 489	LOSS: 475.52	MAE: 34.15	RMSE: 59.64
Epoch 490	LOSS: 484.56	MAE: 34.29	RMSE: 59.92
Epoch 491	LOSS: 467.38	MAE: 34.30	RMSE: 59.88
Epoch 492	LOSS: 476.42	MAE: 34.20	RMSE: 59.45
Epoch 493	LOSS: 474.11	MAE: 34.49	RMSE: 60.06
Epoch 494	LOSS: 471.64	MAE: 34.36	RMSE: 59.68
Epoch 495	LOSS: 476.39	MAE: 34.22	RMSE: 59.99
Epoch 496	LOSS: 475.51	MAE: 34.14	RMSE: 59.63
Epoch 497	LOSS: 470.45	MAE: 34.32	RMSE: 59.87
Epoch 498	LOSS: 469.83	MAE: 34.20	RMSE: 59.82
Epoch 499	LOSS: 482.89	MAE: 34.27	RMSE: 59.64
