Epoch 000	LOSS: 217.94	MAE: 250.13	RMSE: 293.70
Epoch 001	LOSS: 221.72	MAE: 249.05	RMSE: 292.77
Epoch 002	LOSS: 221.16	MAE: 248.74	RMSE: 292.50
Epoch 003	LOSS: 217.37	MAE: 248.49	RMSE: 292.29
Epoch 004	LOSS: 216.42	MAE: 248.24	RMSE: 292.07
Epoch 005	LOSS: 217.77	MAE: 248.00	RMSE: 291.86
Epoch 006	LOSS: 217.10	MAE: 247.75	RMSE: 291.65
Epoch 007	LOSS: 217.29	MAE: 247.50	RMSE: 291.43
Epoch 008	LOSS: 215.37	MAE: 247.24	RMSE: 291.21
Epoch 009	LOSS: 215.48	MAE: 246.98	RMSE: 290.98
Epoch 010	LOSS: 211.68	MAE: 246.71	RMSE: 290.75
Epoch 011	LOSS: 217.30	MAE: 246.44	RMSE: 290.51
Epoch 012	LOSS: 217.26	MAE: 246.17	RMSE: 290.27
Epoch 013	LOSS: 214.79	MAE: 245.89	RMSE: 290.03
Epoch 014	LOSS: 218.64	MAE: 245.60	RMSE: 289.78
Epoch 015	LOSS: 212.68	MAE: 245.31	RMSE: 289.53
Epoch 016	LOSS: 210.29	MAE: 245.02	RMSE: 289.27
Epoch 017	LOSS: 215.56	MAE: 244.72	RMSE: 289.01
Epoch 018	LOSS: 210.46	MAE: 244.42	RMSE: 288.75
Epoch 019	LOSS: 213.77	MAE: 244.12	RMSE: 288.48
Epoch 020	LOSS: 210.82	MAE: 243.81	RMSE: 288.21
Epoch 021	LOSS: 212.23	MAE: 243.49	RMSE: 287.94
Epoch 022	LOSS: 212.03	MAE: 243.17	RMSE: 287.66
Epoch 023	LOSS: 210.09	MAE: 242.85	RMSE: 287.38
Epoch 024	LOSS: 209.86	MAE: 242.52	RMSE: 287.09
Epoch 025	LOSS: 210.86	MAE: 242.19	RMSE: 286.80
Epoch 026	LOSS: 208.20	MAE: 241.86	RMSE: 286.51
Epoch 027	LOSS: 210.50	MAE: 241.52	RMSE: 286.21
Epoch 028	LOSS: 213.51	MAE: 241.17	RMSE: 285.91
Epoch 029	LOSS: 206.20	MAE: 240.82	RMSE: 285.60
Epoch 030	LOSS: 207.61	MAE: 240.47	RMSE: 285.29
Epoch 031	LOSS: 207.66	MAE: 240.12	RMSE: 284.98
Epoch 032	LOSS: 205.26	MAE: 239.75	RMSE: 284.66
Epoch 033	LOSS: 209.36	MAE: 239.39	RMSE: 284.34
Epoch 034	LOSS: 207.81	MAE: 239.02	RMSE: 284.02
Epoch 035	LOSS: 209.45	MAE: 238.65	RMSE: 283.69
Epoch 036	LOSS: 210.19	MAE: 238.27	RMSE: 283.36
Epoch 037	LOSS: 206.26	MAE: 237.89	RMSE: 283.02
Epoch 038	LOSS: 208.78	MAE: 237.51	RMSE: 282.68
Epoch 039	LOSS: 204.88	MAE: 237.12	RMSE: 282.34
Epoch 040	LOSS: 206.24	MAE: 236.73	RMSE: 281.99
Epoch 041	LOSS: 206.01	MAE: 236.33	RMSE: 281.64
Epoch 042	LOSS: 205.46	MAE: 235.93	RMSE: 281.29
Epoch 043	LOSS: 207.51	MAE: 235.53	RMSE: 280.94
Epoch 044	LOSS: 200.76	MAE: 235.12	RMSE: 280.58
Epoch 045	LOSS: 204.22	MAE: 234.72	RMSE: 280.21
Epoch 046	LOSS: 203.39	MAE: 234.30	RMSE: 279.85
Epoch 047	LOSS: 201.06	MAE: 233.89	RMSE: 279.48
Epoch 048	LOSS: 202.74	MAE: 233.47	RMSE: 279.11
Epoch 049	LOSS: 202.41	MAE: 233.05	RMSE: 278.73
Epoch 050	LOSS: 201.93	MAE: 232.62	RMSE: 278.35
Epoch 051	LOSS: 199.97	MAE: 232.19	RMSE: 277.97
Epoch 052	LOSS: 201.25	MAE: 231.76	RMSE: 277.59
Epoch 053	LOSS: 199.41	MAE: 231.33	RMSE: 277.20
Epoch 054	LOSS: 203.30	MAE: 230.89	RMSE: 276.81
Epoch 055	LOSS: 199.40	MAE: 230.45	RMSE: 276.42
Epoch 056	LOSS: 199.18	MAE: 230.01	RMSE: 276.02
Epoch 057	LOSS: 199.61	MAE: 229.56	RMSE: 275.62
Epoch 058	LOSS: 199.29	MAE: 229.11	RMSE: 275.22
Epoch 059	LOSS: 201.27	MAE: 228.66	RMSE: 274.82
Epoch 060	LOSS: 196.54	MAE: 228.21	RMSE: 274.41
Epoch 061	LOSS: 195.65	MAE: 227.75	RMSE: 274.00
Epoch 062	LOSS: 196.90	MAE: 227.29	RMSE: 273.59
Epoch 063	LOSS: 197.34	MAE: 226.83	RMSE: 273.17
Epoch 064	LOSS: 198.30	MAE: 226.36	RMSE: 272.75
Epoch 065	LOSS: 195.12	MAE: 225.89	RMSE: 272.33
Epoch 066	LOSS: 197.10	MAE: 225.42	RMSE: 271.90
Epoch 067	LOSS: 195.83	MAE: 224.95	RMSE: 271.48
Epoch 068	LOSS: 193.27	MAE: 224.47	RMSE: 271.04
Epoch 069	LOSS: 194.88	MAE: 223.99	RMSE: 270.61
Epoch 070	LOSS: 195.42	MAE: 223.51	RMSE: 270.17
Epoch 071	LOSS: 191.94	MAE: 223.03	RMSE: 269.74
Epoch 072	LOSS: 193.54	MAE: 222.54	RMSE: 269.29
Epoch 073	LOSS: 190.63	MAE: 222.05	RMSE: 268.85
Epoch 074	LOSS: 194.58	MAE: 221.56	RMSE: 268.40
Epoch 075	LOSS: 191.91	MAE: 221.07	RMSE: 267.95
Epoch 076	LOSS: 185.79	MAE: 220.57	RMSE: 267.50
Epoch 077	LOSS: 187.49	MAE: 220.08	RMSE: 267.05
Epoch 078	LOSS: 187.38	MAE: 219.58	RMSE: 266.59
Epoch 079	LOSS: 187.26	MAE: 219.08	RMSE: 266.13
Epoch 080	LOSS: 188.45	MAE: 218.58	RMSE: 265.67
Epoch 081	LOSS: 190.13	MAE: 218.07	RMSE: 265.21
Epoch 082	LOSS: 186.07	MAE: 217.56	RMSE: 264.74
Epoch 083	LOSS: 185.75	MAE: 217.06	RMSE: 264.28
Epoch 084	LOSS: 186.24	MAE: 216.55	RMSE: 263.81
Epoch 085	LOSS: 186.93	MAE: 216.04	RMSE: 263.34
Epoch 086	LOSS: 187.06	MAE: 215.53	RMSE: 262.86
Epoch 087	LOSS: 184.41	MAE: 215.02	RMSE: 262.39
Epoch 088	LOSS: 182.29	MAE: 214.50	RMSE: 261.91
Epoch 089	LOSS: 186.22	MAE: 213.99	RMSE: 261.43
Epoch 090	LOSS: 181.86	MAE: 213.47	RMSE: 260.95
Epoch 091	LOSS: 182.58	MAE: 212.95	RMSE: 260.46
Epoch 092	LOSS: 183.44	MAE: 212.43	RMSE: 259.98
Epoch 093	LOSS: 181.27	MAE: 211.91	RMSE: 259.49
Epoch 094	LOSS: 182.11	MAE: 211.38	RMSE: 259.00
Epoch 095	LOSS: 179.10	MAE: 210.86	RMSE: 258.51
Epoch 096	LOSS: 181.00	MAE: 210.34	RMSE: 258.02
Epoch 097	LOSS: 177.83	MAE: 209.81	RMSE: 257.52
Epoch 098	LOSS: 179.16	MAE: 209.29	RMSE: 257.02
Epoch 099	LOSS: 179.91	MAE: 208.76	RMSE: 256.53
Epoch 100	LOSS: 181.66	MAE: 208.23	RMSE: 256.03
Epoch 101	LOSS: 181.39	MAE: 207.70	RMSE: 255.53
Epoch 102	LOSS: 178.68	MAE: 207.17	RMSE: 255.02
Epoch 103	LOSS: 178.62	MAE: 206.64	RMSE: 254.52
Epoch 104	LOSS: 174.65	MAE: 206.11	RMSE: 254.01
Epoch 105	LOSS: 178.80	MAE: 205.58	RMSE: 253.51
Epoch 106	LOSS: 173.74	MAE: 205.05	RMSE: 253.00
Epoch 107	LOSS: 174.52	MAE: 204.51	RMSE: 252.49
Epoch 108	LOSS: 175.05	MAE: 203.98	RMSE: 251.98
Epoch 109	LOSS: 173.47	MAE: 203.44	RMSE: 251.46
Epoch 110	LOSS: 177.73	MAE: 202.91	RMSE: 250.95
Epoch 111	LOSS: 174.63	MAE: 202.37	RMSE: 250.43
Epoch 112	LOSS: 172.35	MAE: 201.84	RMSE: 249.92
Epoch 113	LOSS: 171.28	MAE: 201.30	RMSE: 249.40
Epoch 114	LOSS: 168.20	MAE: 200.76	RMSE: 248.88
Epoch 115	LOSS: 172.02	MAE: 200.22	RMSE: 248.36
Epoch 116	LOSS: 174.42	MAE: 199.69	RMSE: 247.84
Epoch 117	LOSS: 171.00	MAE: 199.15	RMSE: 247.32
Epoch 118	LOSS: 170.47	MAE: 198.61	RMSE: 246.79
Epoch 119	LOSS: 165.74	MAE: 198.08	RMSE: 246.27
Epoch 120	LOSS: 169.86	MAE: 197.54	RMSE: 245.75
Epoch 121	LOSS: 170.51	MAE: 197.01	RMSE: 245.23
Epoch 122	LOSS: 169.50	MAE: 196.47	RMSE: 244.70
Epoch 123	LOSS: 167.63	MAE: 195.94	RMSE: 244.18
Epoch 124	LOSS: 165.23	MAE: 195.41	RMSE: 243.65
Epoch 125	LOSS: 168.47	MAE: 194.88	RMSE: 243.13
Epoch 126	LOSS: 164.40	MAE: 194.35	RMSE: 242.60
Epoch 127	LOSS: 163.73	MAE: 193.82	RMSE: 242.08
Epoch 128	LOSS: 162.47	MAE: 193.28	RMSE: 241.55
Epoch 129	LOSS: 164.87	MAE: 192.75	RMSE: 241.02
Epoch 130	LOSS: 161.19	MAE: 192.22	RMSE: 240.49
Epoch 131	LOSS: 163.10	MAE: 191.69	RMSE: 239.96
Epoch 132	LOSS: 162.01	MAE: 191.16	RMSE: 239.44
Epoch 133	LOSS: 163.46	MAE: 190.64	RMSE: 238.91
Epoch 134	LOSS: 157.95	MAE: 190.11	RMSE: 238.38
Epoch 135	LOSS: 161.99	MAE: 189.58	RMSE: 237.85
Epoch 136	LOSS: 160.82	MAE: 189.06	RMSE: 237.32
Epoch 137	LOSS: 161.25	MAE: 188.53	RMSE: 236.79
Epoch 138	LOSS: 161.41	MAE: 188.01	RMSE: 236.26
Epoch 139	LOSS: 160.37	MAE: 187.48	RMSE: 235.72
Epoch 140	LOSS: 155.79	MAE: 186.96	RMSE: 235.19
Epoch 141	LOSS: 160.09	MAE: 186.44	RMSE: 234.66
Epoch 142	LOSS: 159.89	MAE: 185.91	RMSE: 234.12
Epoch 143	LOSS: 157.27	MAE: 185.40	RMSE: 233.59
Epoch 144	LOSS: 158.73	MAE: 184.88	RMSE: 233.06
Epoch 145	LOSS: 155.81	MAE: 184.37	RMSE: 232.53
Epoch 146	LOSS: 156.88	MAE: 183.85	RMSE: 232.00
Epoch 147	LOSS: 158.78	MAE: 183.34	RMSE: 231.46
Epoch 148	LOSS: 153.04	MAE: 182.83	RMSE: 230.93
Epoch 149	LOSS: 152.78	MAE: 182.32	RMSE: 230.40
Epoch 150	LOSS: 153.67	MAE: 181.81	RMSE: 229.87
Epoch 151	LOSS: 155.04	MAE: 181.30	RMSE: 229.34
Epoch 152	LOSS: 151.71	MAE: 180.80	RMSE: 228.81
Epoch 153	LOSS: 150.92	MAE: 180.29	RMSE: 228.28
Epoch 154	LOSS: 149.49	MAE: 179.79	RMSE: 227.75
Epoch 155	LOSS: 149.76	MAE: 179.29	RMSE: 227.22
Epoch 156	LOSS: 152.71	MAE: 178.80	RMSE: 226.70
Epoch 157	LOSS: 152.22	MAE: 178.30	RMSE: 226.17
Epoch 158	LOSS: 152.80	MAE: 177.81	RMSE: 225.65
Epoch 159	LOSS: 151.41	MAE: 177.31	RMSE: 225.12
Epoch 160	LOSS: 152.17	MAE: 176.83	RMSE: 224.60
Epoch 161	LOSS: 145.99	MAE: 176.34	RMSE: 224.08
Epoch 162	LOSS: 149.81	MAE: 175.85	RMSE: 223.56
Epoch 163	LOSS: 147.25	MAE: 175.37	RMSE: 223.04
Epoch 164	LOSS: 147.60	MAE: 174.89	RMSE: 222.52
Epoch 165	LOSS: 147.36	MAE: 174.41	RMSE: 222.00
Epoch 166	LOSS: 148.69	MAE: 173.94	RMSE: 221.49
Epoch 167	LOSS: 149.64	MAE: 173.46	RMSE: 220.97
Epoch 168	LOSS: 149.30	MAE: 172.99	RMSE: 220.46
Epoch 169	LOSS: 147.68	MAE: 172.53	RMSE: 219.95
Epoch 170	LOSS: 146.63	MAE: 172.06	RMSE: 219.44
Epoch 171	LOSS: 148.79	MAE: 171.60	RMSE: 218.93
Epoch 172	LOSS: 147.01	MAE: 171.15	RMSE: 218.42
Epoch 173	LOSS: 145.20	MAE: 170.69	RMSE: 217.92
Epoch 174	LOSS: 145.56	MAE: 170.24	RMSE: 217.41
Epoch 175	LOSS: 145.35	MAE: 169.79	RMSE: 216.91
Epoch 176	LOSS: 142.87	MAE: 169.34	RMSE: 216.41
Epoch 177	LOSS: 141.85	MAE: 168.89	RMSE: 215.91
Epoch 178	LOSS: 143.43	MAE: 168.45	RMSE: 215.41
Epoch 179	LOSS: 146.64	MAE: 168.01	RMSE: 214.91
Epoch 180	LOSS: 143.45	MAE: 167.57	RMSE: 214.42
Epoch 181	LOSS: 143.47	MAE: 167.13	RMSE: 213.92
Epoch 182	LOSS: 141.76	MAE: 166.70	RMSE: 213.43
Epoch 183	LOSS: 140.69	MAE: 166.28	RMSE: 212.95
Epoch 184	LOSS: 142.49	MAE: 165.85	RMSE: 212.46
Epoch 185	LOSS: 139.85	MAE: 165.43	RMSE: 211.97
Epoch 186	LOSS: 139.01	MAE: 165.01	RMSE: 211.49
Epoch 187	LOSS: 139.78	MAE: 164.60	RMSE: 211.01
Epoch 188	LOSS: 141.28	MAE: 164.18	RMSE: 210.53
Epoch 189	LOSS: 137.46	MAE: 163.77	RMSE: 210.05
Epoch 190	LOSS: 138.90	MAE: 163.36	RMSE: 209.57
Epoch 191	LOSS: 140.51	MAE: 162.96	RMSE: 209.09
Epoch 192	LOSS: 136.58	MAE: 162.56	RMSE: 208.62
Epoch 193	LOSS: 138.59	MAE: 162.16	RMSE: 208.14
Epoch 194	LOSS: 138.84	MAE: 161.76	RMSE: 207.67
Epoch 195	LOSS: 139.89	MAE: 161.37	RMSE: 207.21
Epoch 196	LOSS: 137.14	MAE: 160.98	RMSE: 206.74
Epoch 197	LOSS: 136.92	MAE: 160.60	RMSE: 206.28
Epoch 198	LOSS: 139.96	MAE: 160.22	RMSE: 205.83
Epoch 199	LOSS: 136.75	MAE: 159.85	RMSE: 205.37
Epoch 200	LOSS: 135.05	MAE: 159.48	RMSE: 204.92
Epoch 201	LOSS: 136.79	MAE: 159.11	RMSE: 204.47
Epoch 202	LOSS: 135.59	MAE: 158.74	RMSE: 204.02
Epoch 203	LOSS: 133.96	MAE: 158.38	RMSE: 203.57
Epoch 204	LOSS: 133.84	MAE: 158.02	RMSE: 203.13
Epoch 205	LOSS: 135.61	MAE: 157.67	RMSE: 202.70
Epoch 206	LOSS: 133.94	MAE: 157.32	RMSE: 202.26
Epoch 207	LOSS: 134.05	MAE: 156.97	RMSE: 201.83
Epoch 208	LOSS: 134.12	MAE: 156.63	RMSE: 201.40
Epoch 209	LOSS: 133.63	MAE: 156.29	RMSE: 200.98
Epoch 210	LOSS: 133.24	MAE: 155.96	RMSE: 200.55
Epoch 211	LOSS: 132.62	MAE: 155.62	RMSE: 200.13
Epoch 212	LOSS: 133.89	MAE: 155.29	RMSE: 199.70
Epoch 213	LOSS: 134.32	MAE: 154.96	RMSE: 199.29
Epoch 214	LOSS: 131.63	MAE: 154.64	RMSE: 198.87
Epoch 215	LOSS: 132.38	MAE: 154.32	RMSE: 198.46
Epoch 216	LOSS: 130.68	MAE: 154.00	RMSE: 198.05
Epoch 217	LOSS: 130.94	MAE: 153.68	RMSE: 197.64
Epoch 218	LOSS: 132.18	MAE: 153.36	RMSE: 197.23
Epoch 219	LOSS: 131.35	MAE: 153.05	RMSE: 196.83
Epoch 220	LOSS: 131.29	MAE: 152.75	RMSE: 196.43
Epoch 221	LOSS: 131.48	MAE: 152.44	RMSE: 196.03
Epoch 222	LOSS: 128.99	MAE: 152.14	RMSE: 195.64
Epoch 223	LOSS: 131.64	MAE: 151.84	RMSE: 195.24
Epoch 224	LOSS: 129.94	MAE: 151.54	RMSE: 194.86
Epoch 225	LOSS: 128.35	MAE: 151.25	RMSE: 194.47
Epoch 226	LOSS: 130.83	MAE: 150.96	RMSE: 194.10
Epoch 227	LOSS: 130.23	MAE: 150.68	RMSE: 193.72
Epoch 228	LOSS: 129.91	MAE: 150.39	RMSE: 193.34
Epoch 229	LOSS: 129.55	MAE: 150.11	RMSE: 192.97
Epoch 230	LOSS: 129.75	MAE: 149.84	RMSE: 192.60
Epoch 231	LOSS: 130.27	MAE: 149.56	RMSE: 192.23
Epoch 232	LOSS: 128.74	MAE: 149.29	RMSE: 191.87
Epoch 233	LOSS: 127.51	MAE: 149.01	RMSE: 191.50
Epoch 234	LOSS: 128.79	MAE: 148.75	RMSE: 191.14
Epoch 235	LOSS: 129.33	MAE: 148.48	RMSE: 190.78
Epoch 236	LOSS: 127.20	MAE: 148.22	RMSE: 190.43
Epoch 237	LOSS: 129.88	MAE: 147.96	RMSE: 190.08
Epoch 238	LOSS: 129.80	MAE: 147.70	RMSE: 189.73
Epoch 239	LOSS: 127.63	MAE: 147.45	RMSE: 189.38
Epoch 240	LOSS: 127.79	MAE: 147.20	RMSE: 189.04
Epoch 241	LOSS: 128.11	MAE: 146.95	RMSE: 188.69
Epoch 242	LOSS: 127.82	MAE: 146.70	RMSE: 188.36
Epoch 243	LOSS: 126.67	MAE: 146.46	RMSE: 188.02
Epoch 244	LOSS: 127.00	MAE: 146.22	RMSE: 187.70
Epoch 245	LOSS: 127.92	MAE: 145.98	RMSE: 187.37
Epoch 246	LOSS: 126.24	MAE: 145.74	RMSE: 187.04
Epoch 247	LOSS: 126.44	MAE: 145.51	RMSE: 186.71
Epoch 248	LOSS: 126.49	MAE: 145.27	RMSE: 186.38
Epoch 249	LOSS: 125.00	MAE: 145.04	RMSE: 186.05
Epoch 250	LOSS: 124.98	MAE: 144.80	RMSE: 185.73
Epoch 251	LOSS: 125.83	MAE: 144.57	RMSE: 185.40
Epoch 252	LOSS: 125.68	MAE: 144.34	RMSE: 185.08
Epoch 253	LOSS: 125.81	MAE: 144.11	RMSE: 184.76
Epoch 254	LOSS: 125.66	MAE: 143.90	RMSE: 184.46
Epoch 255	LOSS: 125.83	MAE: 143.68	RMSE: 184.16
Epoch 256	LOSS: 124.25	MAE: 143.47	RMSE: 183.86
Epoch 257	LOSS: 126.64	MAE: 143.26	RMSE: 183.56
Epoch 258	LOSS: 123.87	MAE: 143.06	RMSE: 183.27
Epoch 259	LOSS: 124.25	MAE: 142.85	RMSE: 182.98
Epoch 260	LOSS: 123.15	MAE: 142.65	RMSE: 182.70
Epoch 261	LOSS: 125.06	MAE: 142.45	RMSE: 182.41
Epoch 262	LOSS: 123.76	MAE: 142.25	RMSE: 182.12
Epoch 263	LOSS: 123.44	MAE: 142.06	RMSE: 181.84
Epoch 264	LOSS: 123.40	MAE: 141.86	RMSE: 181.56
Epoch 265	LOSS: 123.27	MAE: 141.67	RMSE: 181.29
Epoch 266	LOSS: 121.91	MAE: 141.48	RMSE: 181.01
Epoch 267	LOSS: 122.59	MAE: 141.29	RMSE: 180.75
Epoch 268	LOSS: 124.00	MAE: 141.11	RMSE: 180.48
Epoch 269	LOSS: 124.77	MAE: 140.93	RMSE: 180.22
Epoch 270	LOSS: 123.34	MAE: 140.75	RMSE: 179.95
Epoch 271	LOSS: 123.74	MAE: 140.57	RMSE: 179.70
Epoch 272	LOSS: 123.99	MAE: 140.40	RMSE: 179.45
Epoch 273	LOSS: 124.42	MAE: 140.23	RMSE: 179.20
Epoch 274	LOSS: 120.16	MAE: 140.06	RMSE: 178.95
Epoch 275	LOSS: 121.58	MAE: 139.89	RMSE: 178.70
Epoch 276	LOSS: 122.46	MAE: 139.72	RMSE: 178.45
Epoch 277	LOSS: 121.21	MAE: 139.55	RMSE: 178.20
Epoch 278	LOSS: 122.03	MAE: 139.38	RMSE: 177.96
Epoch 279	LOSS: 121.33	MAE: 139.22	RMSE: 177.72
Epoch 280	LOSS: 120.63	MAE: 139.06	RMSE: 177.48
Epoch 281	LOSS: 119.95	MAE: 138.91	RMSE: 177.26
Epoch 282	LOSS: 122.30	MAE: 138.75	RMSE: 177.03
Epoch 283	LOSS: 121.13	MAE: 138.60	RMSE: 176.80
Epoch 284	LOSS: 121.91	MAE: 138.45	RMSE: 176.58
Epoch 285	LOSS: 121.58	MAE: 138.30	RMSE: 176.35
Epoch 286	LOSS: 121.51	MAE: 138.15	RMSE: 176.13
Epoch 287	LOSS: 120.78	MAE: 138.00	RMSE: 175.91
Epoch 288	LOSS: 121.96	MAE: 137.85	RMSE: 175.68
Epoch 289	LOSS: 120.45	MAE: 137.71	RMSE: 175.46
Epoch 290	LOSS: 120.63	MAE: 137.56	RMSE: 175.24
Epoch 291	LOSS: 120.47	MAE: 137.42	RMSE: 175.03
Epoch 292	LOSS: 121.18	MAE: 137.28	RMSE: 174.82
Epoch 293	LOSS: 120.03	MAE: 137.14	RMSE: 174.61
Epoch 294	LOSS: 120.08	MAE: 137.00	RMSE: 174.40
Epoch 295	LOSS: 119.66	MAE: 136.87	RMSE: 174.20
Epoch 296	LOSS: 119.42	MAE: 136.74	RMSE: 174.00
Epoch 297	LOSS: 120.08	MAE: 136.61	RMSE: 173.80
Epoch 298	LOSS: 118.10	MAE: 136.48	RMSE: 173.60
Epoch 299	LOSS: 120.15	MAE: 136.35	RMSE: 173.41
Epoch 300	LOSS: 120.16	MAE: 136.23	RMSE: 173.22
Epoch 301	LOSS: 121.43	MAE: 136.10	RMSE: 173.03
Epoch 302	LOSS: 119.64	MAE: 135.98	RMSE: 172.84
Epoch 303	LOSS: 120.79	MAE: 135.86	RMSE: 172.65
Epoch 304	LOSS: 121.14	MAE: 135.73	RMSE: 172.46
Epoch 305	LOSS: 120.81	MAE: 135.61	RMSE: 172.28
Epoch 306	LOSS: 119.22	MAE: 135.50	RMSE: 172.10
Epoch 307	LOSS: 119.17	MAE: 135.38	RMSE: 171.92
Epoch 308	LOSS: 119.69	MAE: 135.27	RMSE: 171.75
Epoch 309	LOSS: 120.44	MAE: 135.16	RMSE: 171.58
Epoch 310	LOSS: 118.88	MAE: 135.06	RMSE: 171.41
Epoch 311	LOSS: 120.06	MAE: 134.95	RMSE: 171.25
Epoch 312	LOSS: 119.44	MAE: 134.84	RMSE: 171.08
Epoch 313	LOSS: 119.17	MAE: 134.73	RMSE: 170.91
Epoch 314	LOSS: 119.23	MAE: 134.63	RMSE: 170.75
Epoch 315	LOSS: 119.44	MAE: 134.52	RMSE: 170.58
Epoch 316	LOSS: 119.40	MAE: 134.42	RMSE: 170.43
Epoch 317	LOSS: 118.88	MAE: 134.32	RMSE: 170.27
Epoch 318	LOSS: 119.06	MAE: 134.22	RMSE: 170.11
Epoch 319	LOSS: 119.64	MAE: 134.12	RMSE: 169.95
Epoch 320	LOSS: 119.49	MAE: 134.02	RMSE: 169.80
Epoch 321	LOSS: 118.82	MAE: 133.92	RMSE: 169.65
Epoch 322	LOSS: 119.33	MAE: 133.83	RMSE: 169.50
Epoch 323	LOSS: 118.95	MAE: 133.74	RMSE: 169.35
Epoch 324	LOSS: 119.10	MAE: 133.65	RMSE: 169.21
Epoch 325	LOSS: 118.18	MAE: 133.56	RMSE: 169.06
Epoch 326	LOSS: 119.59	MAE: 133.47	RMSE: 168.93
Epoch 327	LOSS: 117.69	MAE: 133.39	RMSE: 168.79
Epoch 328	LOSS: 118.71	MAE: 133.30	RMSE: 168.66
Epoch 329	LOSS: 119.47	MAE: 133.22	RMSE: 168.53
Epoch 330	LOSS: 118.80	MAE: 133.13	RMSE: 168.39
Epoch 331	LOSS: 117.43	MAE: 133.05	RMSE: 168.26
Epoch 332	LOSS: 118.40	MAE: 132.97	RMSE: 168.12
Epoch 333	LOSS: 118.83	MAE: 132.88	RMSE: 167.99
Epoch 334	LOSS: 118.36	MAE: 132.80	RMSE: 167.86
Epoch 335	LOSS: 118.92	MAE: 132.73	RMSE: 167.74
Epoch 336	LOSS: 118.49	MAE: 132.65	RMSE: 167.62
Epoch 337	LOSS: 118.66	MAE: 132.58	RMSE: 167.49
Epoch 338	LOSS: 117.96	MAE: 132.50	RMSE: 167.36
Epoch 339	LOSS: 118.86	MAE: 132.42	RMSE: 167.24
Epoch 340	LOSS: 118.15	MAE: 132.35	RMSE: 167.12
Epoch 341	LOSS: 119.93	MAE: 132.27	RMSE: 167.01
Epoch 342	LOSS: 119.52	MAE: 132.20	RMSE: 166.89
Epoch 343	LOSS: 119.88	MAE: 132.13	RMSE: 166.78
Epoch 344	LOSS: 117.44	MAE: 132.07	RMSE: 166.66
Epoch 345	LOSS: 118.69	MAE: 132.00	RMSE: 166.55
Epoch 346	LOSS: 118.62	MAE: 131.93	RMSE: 166.44
Epoch 347	LOSS: 117.89	MAE: 131.86	RMSE: 166.33
Epoch 348	LOSS: 118.11	MAE: 131.80	RMSE: 166.23
Epoch 349	LOSS: 118.94	MAE: 131.73	RMSE: 166.12
Epoch 350	LOSS: 118.77	MAE: 131.66	RMSE: 166.01
Epoch 351	LOSS: 118.21	MAE: 131.60	RMSE: 165.91
Epoch 352	LOSS: 117.34	MAE: 131.54	RMSE: 165.80
Epoch 353	LOSS: 118.51	MAE: 131.47	RMSE: 165.70
Epoch 354	LOSS: 118.34	MAE: 131.41	RMSE: 165.60
Epoch 355	LOSS: 118.32	MAE: 131.36	RMSE: 165.51
Epoch 356	LOSS: 118.16	MAE: 131.30	RMSE: 165.40
Epoch 357	LOSS: 116.83	MAE: 131.55	RMSE: 165.84
Epoch 358	LOSS: 117.00	MAE: 131.25	RMSE: 165.33
Epoch 359	LOSS: 117.60	MAE: 131.11	RMSE: 165.14
Epoch 360	LOSS: 117.30	MAE: 131.60	RMSE: 165.73
Epoch 361	LOSS: 118.10	MAE: 131.47	RMSE: 165.69
Epoch 362	LOSS: 117.65	MAE: 131.25	RMSE: 165.33
Epoch 363	LOSS: 117.73	MAE: 131.10	RMSE: 165.07
Epoch 364	LOSS: 118.62	MAE: 130.95	RMSE: 164.83
Epoch 365	LOSS: 117.36	MAE: 130.86	RMSE: 164.67
Epoch 366	LOSS: 118.46	MAE: 130.81	RMSE: 164.59
Epoch 367	LOSS: 117.41	MAE: 130.78	RMSE: 164.55
Epoch 368	LOSS: 119.54	MAE: 130.73	RMSE: 164.47
Epoch 369	LOSS: 117.84	MAE: 130.68	RMSE: 164.37
Epoch 370	LOSS: 117.93	MAE: 130.62	RMSE: 164.27
Epoch 371	LOSS: 118.16	MAE: 130.57	RMSE: 164.19
Epoch 372	LOSS: 118.16	MAE: 130.53	RMSE: 164.12
Epoch 373	LOSS: 117.92	MAE: 130.49	RMSE: 164.05
Epoch 374	LOSS: 118.42	MAE: 130.45	RMSE: 163.98
Epoch 375	LOSS: 118.89	MAE: 130.41	RMSE: 163.91
Epoch 376	LOSS: 116.85	MAE: 130.36	RMSE: 163.84
Epoch 377	LOSS: 117.14	MAE: 130.33	RMSE: 163.78
Epoch 378	LOSS: 117.31	MAE: 130.29	RMSE: 163.71
Epoch 379	LOSS: 117.70	MAE: 130.25	RMSE: 163.65
Epoch 380	LOSS: 118.08	MAE: 130.21	RMSE: 163.58
Epoch 381	LOSS: 117.22	MAE: 130.18	RMSE: 163.52
Epoch 382	LOSS: 118.10	MAE: 130.14	RMSE: 163.45
Epoch 383	LOSS: 117.68	MAE: 130.09	RMSE: 163.38
Epoch 384	LOSS: 118.23	MAE: 130.05	RMSE: 163.31
Epoch 385	LOSS: 117.49	MAE: 130.01	RMSE: 163.24
Epoch 386	LOSS: 117.41	MAE: 129.98	RMSE: 163.18
Epoch 387	LOSS: 118.54	MAE: 129.94	RMSE: 163.11
Epoch 388	LOSS: 118.65	MAE: 129.90	RMSE: 163.05
Epoch 389	LOSS: 117.94	MAE: 129.87	RMSE: 162.99
Epoch 390	LOSS: 119.19	MAE: 129.83	RMSE: 162.93
Epoch 391	LOSS: 118.34	MAE: 129.80	RMSE: 162.88
Epoch 392	LOSS: 117.56	MAE: 129.77	RMSE: 162.82
Epoch 393	LOSS: 117.42	MAE: 129.74	RMSE: 162.77
Epoch 394	LOSS: 117.02	MAE: 129.71	RMSE: 162.72
Epoch 395	LOSS: 116.70	MAE: 129.68	RMSE: 162.67
Epoch 396	LOSS: 116.83	MAE: 129.65	RMSE: 162.62
Epoch 397	LOSS: 117.98	MAE: 129.62	RMSE: 162.57
Epoch 398	LOSS: 118.43	MAE: 129.60	RMSE: 162.52
Epoch 399	LOSS: 118.21	MAE: 129.57	RMSE: 162.48
Epoch 400	LOSS: 117.95	MAE: 129.55	RMSE: 162.44
Epoch 401	LOSS: 116.69	MAE: 129.53	RMSE: 162.41
Epoch 402	LOSS: 117.23	MAE: 129.51	RMSE: 162.37
Epoch 403	LOSS: 117.39	MAE: 129.49	RMSE: 162.33
Epoch 404	LOSS: 117.78	MAE: 129.47	RMSE: 162.29
Epoch 405	LOSS: 118.73	MAE: 129.44	RMSE: 162.25
Epoch 406	LOSS: 117.49	MAE: 129.42	RMSE: 162.21
Epoch 407	LOSS: 118.30	MAE: 129.39	RMSE: 162.17
Epoch 408	LOSS: 117.24	MAE: 129.37	RMSE: 162.13
Epoch 409	LOSS: 118.45	MAE: 129.35	RMSE: 162.10
Epoch 410	LOSS: 117.63	MAE: 129.34	RMSE: 162.08
Epoch 411	LOSS: 117.11	MAE: 129.33	RMSE: 162.06
Epoch 412	LOSS: 117.29	MAE: 129.32	RMSE: 162.04
Epoch 413	LOSS: 117.80	MAE: 129.31	RMSE: 162.03
Epoch 414	LOSS: 117.61	MAE: 129.31	RMSE: 162.02
Epoch 415	LOSS: 117.60	MAE: 129.29	RMSE: 161.99
Epoch 416	LOSS: 116.66	MAE: 129.28	RMSE: 161.98
Epoch 417	LOSS: 117.55	MAE: 129.28	RMSE: 161.98
Epoch 418	LOSS: 118.30	MAE: 129.36	RMSE: 162.12
Epoch 419	LOSS: 117.63	MAE: 129.81	RMSE: 162.92
Epoch 420	LOSS: 116.03	MAE: 133.36	RMSE: 168.46
Epoch 421	LOSS: 122.89	MAE: 138.67	RMSE: 176.35
Epoch 422	LOSS: 116.15	MAE: 132.09	RMSE: 166.60
Epoch 423	LOSS: 117.01	MAE: 129.41	RMSE: 162.76
Epoch 424	LOSS: 117.45	MAE: 129.86	RMSE: 162.75
Epoch 425	LOSS: 117.95	MAE: 130.13	RMSE: 163.12
Epoch 426	LOSS: 117.00	MAE: 130.28	RMSE: 163.38
Epoch 427	LOSS: 117.00	MAE: 130.33	RMSE: 163.56
Epoch 428	LOSS: 116.93	MAE: 130.37	RMSE: 163.71
Epoch 429	LOSS: 117.41	MAE: 130.42	RMSE: 163.85
Epoch 430	LOSS: 117.53	MAE: 130.56	RMSE: 164.15
Epoch 431	LOSS: 117.29	MAE: 131.30	RMSE: 165.48
Epoch 432	LOSS: 115.89	MAE: 131.76	RMSE: 166.27
Epoch 433	LOSS: 116.33	MAE: 132.29	RMSE: 167.20
Epoch 434	LOSS: 116.03	MAE: 131.99	RMSE: 166.71
Epoch 435	LOSS: 116.31	MAE: 132.53	RMSE: 167.67
Epoch 436	LOSS: 115.58	MAE: 133.86	RMSE: 170.63
Epoch 437	LOSS: 112.45	MAE: 132.86	RMSE: 169.91
Epoch 438	LOSS: 108.28	MAE: 130.05	RMSE: 168.22
Epoch 439	LOSS: 120.32	MAE: 134.74	RMSE: 174.04
Epoch 440	LOSS: 104.87	MAE: 122.60	RMSE: 158.15
Epoch 441	LOSS: 103.26	MAE: 122.02	RMSE: 157.39
Epoch 442	LOSS: 103.11	MAE: 122.42	RMSE: 157.97
Epoch 443	LOSS: 103.16	MAE: 122.16	RMSE: 157.67
Epoch 444	LOSS: 103.72	MAE: 121.70	RMSE: 157.00
Epoch 445	LOSS: 102.62	MAE: 123.20	RMSE: 159.21
Epoch 446	LOSS: 101.94	MAE: 122.73	RMSE: 158.60
Epoch 447	LOSS: 101.33	MAE: 123.10	RMSE: 159.19
Epoch 448	LOSS: 102.62	MAE: 120.60	RMSE: 155.56
Epoch 449	LOSS: 100.83	MAE: 120.84	RMSE: 155.93
Epoch 450	LOSS: 101.36	MAE: 120.32	RMSE: 155.37
Epoch 451	LOSS: 100.65	MAE: 120.26	RMSE: 155.46
Epoch 452	LOSS: 100.51	MAE: 120.60	RMSE: 156.04
Epoch 453	LOSS: 100.55	MAE: 120.70	RMSE: 156.10
Epoch 454	LOSS: 100.55	MAE: 120.55	RMSE: 155.95
Epoch 455	LOSS: 99.79	MAE: 120.06	RMSE: 155.18
Epoch 456	LOSS: 99.35	MAE: 119.61	RMSE: 154.47
Epoch 457	LOSS: 98.34	MAE: 118.83	RMSE: 153.39
Epoch 458	LOSS: 98.41	MAE: 119.29	RMSE: 154.01
Epoch 459	LOSS: 98.38	MAE: 118.58	RMSE: 153.26
Epoch 460	LOSS: 99.60	MAE: 117.95	RMSE: 152.05
Epoch 461	LOSS: 98.55	MAE: 118.15	RMSE: 152.39
Epoch 462	LOSS: 100.05	MAE: 119.85	RMSE: 155.76
Epoch 463	LOSS: 98.60	MAE: 138.47	RMSE: 181.75
Epoch 464	LOSS: 99.03	MAE: 132.06	RMSE: 174.42
Epoch 465	LOSS: 98.01	MAE: 137.97	RMSE: 181.09
Epoch 466	LOSS: 98.65	MAE: 135.91	RMSE: 178.39
Epoch 467	LOSS: 98.25	MAE: 133.51	RMSE: 175.18
Epoch 468	LOSS: 97.36	MAE: 131.89	RMSE: 172.98
Epoch 469	LOSS: 97.32	MAE: 131.06	RMSE: 171.84
Epoch 470	LOSS: 96.66	MAE: 129.77	RMSE: 170.07
Epoch 471	LOSS: 97.04	MAE: 128.46	RMSE: 168.23
Epoch 472	LOSS: 96.70	MAE: 128.24	RMSE: 167.96
Epoch 473	LOSS: 95.75	MAE: 127.94	RMSE: 167.55
Epoch 474	LOSS: 97.79	MAE: 123.35	RMSE: 162.23
Epoch 475	LOSS: 96.89	MAE: 127.18	RMSE: 166.56
Epoch 476	LOSS: 94.43	MAE: 126.87	RMSE: 166.20
Epoch 477	LOSS: 97.33	MAE: 126.43	RMSE: 165.62
Epoch 478	LOSS: 95.93	MAE: 126.64	RMSE: 166.16
Epoch 479	LOSS: 96.71	MAE: 127.43	RMSE: 167.06
Epoch 480	LOSS: 96.30	MAE: 129.19	RMSE: 169.87
Epoch 481	LOSS: 95.05	MAE: 133.84	RMSE: 176.30
Epoch 482	LOSS: 92.92	MAE: 139.26	RMSE: 183.47
Epoch 483	LOSS: 92.86	MAE: 141.43	RMSE: 186.35
Epoch 484	LOSS: 94.09	MAE: 141.80	RMSE: 186.83
Epoch 485	LOSS: 93.82	MAE: 141.36	RMSE: 186.29
Epoch 486	LOSS: 93.91	MAE: 141.10	RMSE: 185.87
Epoch 487	LOSS: 92.89	MAE: 142.03	RMSE: 187.11
Epoch 488	LOSS: 94.03	MAE: 143.37	RMSE: 188.80
Epoch 489	LOSS: 92.37	MAE: 143.36	RMSE: 188.82
Epoch 490	LOSS: 93.31	MAE: 143.37	RMSE: 188.89
Epoch 491	LOSS: 92.66	MAE: 144.26	RMSE: 189.96
Epoch 492	LOSS: 92.67	MAE: 144.98	RMSE: 190.81
Epoch 493	LOSS: 91.11	MAE: 144.48	RMSE: 190.13
Epoch 494	LOSS: 91.69	MAE: 144.33	RMSE: 189.70
Epoch 495	LOSS: 91.94	MAE: 145.26	RMSE: 191.21
Epoch 496	LOSS: 91.74	MAE: 148.17	RMSE: 193.91
Epoch 497	LOSS: 91.65	MAE: 138.05	RMSE: 181.85
Epoch 498	LOSS: 91.03	MAE: 113.43	RMSE: 145.40
Epoch 499	LOSS: 90.14	MAE: 113.44	RMSE: 145.48
