Epoch 000	LOSS: 124.41	MAE: 62.24	RMSE: 63.00
Epoch 001	LOSS: 123.39	MAE: 61.87	RMSE: 62.64
Epoch 002	LOSS: 120.60	MAE: 60.81	RMSE: 61.59
Epoch 003	LOSS: 114.28	MAE: 58.21	RMSE: 59.04
Epoch 004	LOSS: 101.60	MAE: 52.90	RMSE: 53.88
Epoch 005	LOSS: 79.22	MAE: 43.15	RMSE: 44.54
Epoch 006	LOSS: 44.84	MAE: 27.55	RMSE: 30.25
Epoch 007	LOSS: 21.80	MAE: 13.58	RMSE: 20.45
Epoch 008	LOSS: 32.01	MAE: 19.12	RMSE: 23.72
Epoch 009	LOSS: 17.21	MAE: 13.60	RMSE: 22.05
Epoch 010	LOSS: 14.40	MAE: 15.19	RMSE: 23.15
Epoch 011	LOSS: 12.68	MAE: 12.99	RMSE: 22.75
Epoch 012	LOSS: 12.01	MAE: 12.73	RMSE: 22.85
Epoch 013	LOSS: 10.46	MAE: 13.08	RMSE: 23.15
Epoch 014	LOSS: 9.81	MAE: 12.83	RMSE: 23.27
Epoch 015	LOSS: 9.84	MAE: 12.96	RMSE: 23.40
Epoch 016	LOSS: 9.40	MAE: 12.96	RMSE: 23.53
Epoch 017	LOSS: 9.80	MAE: 12.95	RMSE: 23.66
Epoch 018	LOSS: 9.72	MAE: 12.97	RMSE: 23.72
Epoch 019	LOSS: 9.53	MAE: 12.99	RMSE: 23.79
Epoch 020	LOSS: 9.61	MAE: 12.98	RMSE: 23.82
Epoch 021	LOSS: 9.61	MAE: 13.01	RMSE: 23.82
Epoch 022	LOSS: 9.54	MAE: 12.99	RMSE: 23.87
Epoch 023	LOSS: 9.12	MAE: 12.97	RMSE: 23.84
Epoch 024	LOSS: 9.66	MAE: 12.98	RMSE: 23.87
Epoch 025	LOSS: 9.33	MAE: 13.01	RMSE: 23.89
Epoch 026	LOSS: 9.21	MAE: 12.99	RMSE: 23.89
Epoch 027	LOSS: 9.21	MAE: 13.00	RMSE: 23.92
Epoch 028	LOSS: 9.14	MAE: 13.06	RMSE: 23.93
Epoch 029	LOSS: 9.27	MAE: 12.99	RMSE: 23.94
Epoch 030	LOSS: 9.18	MAE: 12.96	RMSE: 23.88
Epoch 031	LOSS: 9.16	MAE: 12.95	RMSE: 23.87
Epoch 032	LOSS: 9.26	MAE: 13.02	RMSE: 23.98
Epoch 033	LOSS: 8.93	MAE: 13.02	RMSE: 24.06
Epoch 034	LOSS: 8.85	MAE: 13.02	RMSE: 24.12
Epoch 035	LOSS: 8.96	MAE: 13.05	RMSE: 24.15
Epoch 036	LOSS: 9.20	MAE: 13.03	RMSE: 24.18
Epoch 037	LOSS: 9.04	MAE: 13.04	RMSE: 24.22
Epoch 038	LOSS: 8.89	MAE: 13.05	RMSE: 24.27
Epoch 039	LOSS: 9.07	MAE: 13.07	RMSE: 24.31
Epoch 040	LOSS: 9.07	MAE: 13.11	RMSE: 24.36
Epoch 041	LOSS: 9.10	MAE: 13.10	RMSE: 24.38
Epoch 042	LOSS: 8.73	MAE: 13.11	RMSE: 24.42
Epoch 043	LOSS: 9.02	MAE: 13.18	RMSE: 24.49
Epoch 044	LOSS: 8.79	MAE: 13.19	RMSE: 24.56
Epoch 045	LOSS: 8.94	MAE: 13.18	RMSE: 24.59
Epoch 046	LOSS: 8.84	MAE: 13.18	RMSE: 24.64
Epoch 047	LOSS: 9.06	MAE: 13.33	RMSE: 24.70
Epoch 048	LOSS: 8.78	MAE: 13.20	RMSE: 24.71
Epoch 049	LOSS: 8.81	MAE: 13.22	RMSE: 24.70
Epoch 050	LOSS: 9.02	MAE: 13.21	RMSE: 24.71
Epoch 051	LOSS: 8.83	MAE: 13.21	RMSE: 24.72
Epoch 052	LOSS: 8.79	MAE: 13.23	RMSE: 24.73
Epoch 053	LOSS: 8.82	MAE: 13.24	RMSE: 24.76
Epoch 054	LOSS: 8.90	MAE: 13.24	RMSE: 24.77
Epoch 055	LOSS: 8.73	MAE: 13.27	RMSE: 24.80
Epoch 056	LOSS: 8.76	MAE: 13.28	RMSE: 24.85
Epoch 057	LOSS: 8.67	MAE: 13.29	RMSE: 24.85
Epoch 058	LOSS: 8.97	MAE: 13.26	RMSE: 24.85
Epoch 059	LOSS: 8.81	MAE: 13.26	RMSE: 24.84
Epoch 060	LOSS: 8.76	MAE: 13.28	RMSE: 24.83
Epoch 061	LOSS: 8.92	MAE: 13.27	RMSE: 24.86
Epoch 062	LOSS: 8.57	MAE: 13.27	RMSE: 24.88
Epoch 063	LOSS: 8.83	MAE: 13.28	RMSE: 24.90
Epoch 064	LOSS: 8.92	MAE: 13.29	RMSE: 24.91
Epoch 065	LOSS: 8.82	MAE: 13.28	RMSE: 24.89
Epoch 066	LOSS: 8.71	MAE: 13.27	RMSE: 24.90
Epoch 067	LOSS: 8.50	MAE: 13.28	RMSE: 24.92
Epoch 068	LOSS: 8.74	MAE: 13.27	RMSE: 24.95
Epoch 069	LOSS: 8.69	MAE: 13.28	RMSE: 24.97
Epoch 070	LOSS: 8.71	MAE: 13.28	RMSE: 24.98
Epoch 071	LOSS: 8.53	MAE: 13.28	RMSE: 24.99
Epoch 072	LOSS: 8.59	MAE: 13.30	RMSE: 25.00
Epoch 073	LOSS: 8.72	MAE: 13.30	RMSE: 25.01
Epoch 074	LOSS: 8.80	MAE: 13.29	RMSE: 25.05
Epoch 075	LOSS: 8.63	MAE: 13.29	RMSE: 25.05
Epoch 076	LOSS: 8.80	MAE: 13.28	RMSE: 25.05
Epoch 077	LOSS: 8.59	MAE: 13.29	RMSE: 25.06
Epoch 078	LOSS: 8.74	MAE: 13.30	RMSE: 25.07
Epoch 079	LOSS: 8.64	MAE: 13.32	RMSE: 25.12
Epoch 080	LOSS: 8.69	MAE: 13.33	RMSE: 25.13
Epoch 081	LOSS: 8.79	MAE: 13.35	RMSE: 25.15
Epoch 082	LOSS: 8.51	MAE: 13.34	RMSE: 25.15
Epoch 083	LOSS: 8.61	MAE: 13.36	RMSE: 25.16
Epoch 084	LOSS: 8.64	MAE: 13.34	RMSE: 25.17
Epoch 085	LOSS: 8.72	MAE: 13.38	RMSE: 25.19
Epoch 086	LOSS: 8.60	MAE: 13.36	RMSE: 25.21
Epoch 087	LOSS: 8.71	MAE: 13.36	RMSE: 25.21
Epoch 088	LOSS: 8.55	MAE: 13.35	RMSE: 25.22
Epoch 089	LOSS: 8.56	MAE: 13.35	RMSE: 25.21
Epoch 090	LOSS: 8.52	MAE: 13.38	RMSE: 25.26
Epoch 091	LOSS: 8.54	MAE: 13.38	RMSE: 25.30
Epoch 092	LOSS: 8.93	MAE: 13.39	RMSE: 25.33
Epoch 093	LOSS: 8.56	MAE: 13.39	RMSE: 25.34
Epoch 094	LOSS: 8.80	MAE: 13.40	RMSE: 25.36
Epoch 095	LOSS: 8.64	MAE: 13.42	RMSE: 25.37
Epoch 096	LOSS: 8.45	MAE: 13.43	RMSE: 25.36
Epoch 097	LOSS: 8.39	MAE: 13.44	RMSE: 25.38
Epoch 098	LOSS: 8.70	MAE: 13.42	RMSE: 25.40
Epoch 099	LOSS: 8.58	MAE: 13.43	RMSE: 25.40
Epoch 100	LOSS: 8.54	MAE: 13.44	RMSE: 25.41
Epoch 101	LOSS: 8.79	MAE: 13.43	RMSE: 25.43
Epoch 102	LOSS: 8.73	MAE: 13.46	RMSE: 25.46
Epoch 103	LOSS: 8.47	MAE: 13.42	RMSE: 25.45
Epoch 104	LOSS: 8.64	MAE: 13.45	RMSE: 25.46
Epoch 105	LOSS: 8.61	MAE: 13.45	RMSE: 25.47
Epoch 106	LOSS: 8.45	MAE: 13.46	RMSE: 25.49
Epoch 107	LOSS: 8.64	MAE: 13.47	RMSE: 25.51
Epoch 108	LOSS: 8.55	MAE: 13.46	RMSE: 25.54
Epoch 109	LOSS: 8.39	MAE: 13.46	RMSE: 25.53
Epoch 110	LOSS: 8.36	MAE: 13.46	RMSE: 25.52
Epoch 111	LOSS: 8.65	MAE: 13.49	RMSE: 25.52
Epoch 112	LOSS: 8.58	MAE: 13.48	RMSE: 25.54
Epoch 113	LOSS: 8.58	MAE: 13.48	RMSE: 25.56
Epoch 114	LOSS: 8.46	MAE: 13.49	RMSE: 25.56
Epoch 115	LOSS: 8.29	MAE: 13.46	RMSE: 25.55
Epoch 116	LOSS: 8.63	MAE: 13.47	RMSE: 25.55
Epoch 117	LOSS: 8.26	MAE: 13.47	RMSE: 25.55
Epoch 118	LOSS: 8.59	MAE: 13.47	RMSE: 25.55
Epoch 119	LOSS: 8.47	MAE: 13.49	RMSE: 25.56
Epoch 120	LOSS: 8.51	MAE: 13.53	RMSE: 25.54
Epoch 121	LOSS: 8.55	MAE: 13.49	RMSE: 25.58
Epoch 122	LOSS: 8.48	MAE: 13.48	RMSE: 25.60
Epoch 123	LOSS: 8.58	MAE: 13.49	RMSE: 25.59
Epoch 124	LOSS: 8.65	MAE: 13.48	RMSE: 25.58
Epoch 125	LOSS: 8.51	MAE: 13.52	RMSE: 25.57
Epoch 126	LOSS: 8.27	MAE: 13.50	RMSE: 25.55
Epoch 127	LOSS: 8.40	MAE: 13.50	RMSE: 25.58
Epoch 128	LOSS: 8.22	MAE: 13.48	RMSE: 25.59
Epoch 129	LOSS: 8.36	MAE: 13.47	RMSE: 25.57
Epoch 130	LOSS: 8.65	MAE: 13.46	RMSE: 25.55
Epoch 131	LOSS: 8.38	MAE: 13.44	RMSE: 25.55
Epoch 132	LOSS: 8.69	MAE: 13.48	RMSE: 25.56
Epoch 133	LOSS: 8.41	MAE: 13.48	RMSE: 25.55
Epoch 134	LOSS: 8.38	MAE: 13.48	RMSE: 25.51
Epoch 135	LOSS: 8.49	MAE: 13.43	RMSE: 25.52
Epoch 136	LOSS: 8.32	MAE: 13.42	RMSE: 25.53
Epoch 137	LOSS: 8.42	MAE: 13.42	RMSE: 25.52
Epoch 138	LOSS: 8.58	MAE: 13.46	RMSE: 25.50
Epoch 139	LOSS: 8.55	MAE: 13.42	RMSE: 25.50
Epoch 140	LOSS: 8.35	MAE: 13.41	RMSE: 25.49
Epoch 141	LOSS: 8.25	MAE: 13.43	RMSE: 25.47
Epoch 142	LOSS: 8.18	MAE: 13.41	RMSE: 25.46
Epoch 143	LOSS: 8.37	MAE: 13.41	RMSE: 25.47
Epoch 144	LOSS: 8.32	MAE: 13.41	RMSE: 25.45
Epoch 145	LOSS: 8.30	MAE: 13.38	RMSE: 25.45
Epoch 146	LOSS: 8.28	MAE: 13.38	RMSE: 25.44
Epoch 147	LOSS: 8.54	MAE: 13.40	RMSE: 25.42
Epoch 148	LOSS: 8.35	MAE: 13.38	RMSE: 25.43
Epoch 149	LOSS: 8.19	MAE: 13.36	RMSE: 25.43
Epoch 150	LOSS: 8.20	MAE: 13.34	RMSE: 25.42
Epoch 151	LOSS: 8.25	MAE: 13.35	RMSE: 25.42
Epoch 152	LOSS: 8.19	MAE: 13.34	RMSE: 25.42
Epoch 153	LOSS: 8.05	MAE: 13.32	RMSE: 25.42
Epoch 154	LOSS: 7.97	MAE: 13.32	RMSE: 25.44
Epoch 155	LOSS: 8.13	MAE: 13.32	RMSE: 25.43
Epoch 156	LOSS: 7.99	MAE: 13.28	RMSE: 25.43
Epoch 157	LOSS: 8.13	MAE: 13.28	RMSE: 25.44
Epoch 158	LOSS: 7.92	MAE: 13.27	RMSE: 25.44
Epoch 159	LOSS: 7.95	MAE: 13.30	RMSE: 25.45
Epoch 160	LOSS: 7.81	MAE: 13.29	RMSE: 25.45
Epoch 161	LOSS: 7.92	MAE: 13.29	RMSE: 25.44
Epoch 162	LOSS: 7.89	MAE: 13.27	RMSE: 25.44
Epoch 163	LOSS: 7.94	MAE: 13.27	RMSE: 25.45
Epoch 164	LOSS: 7.95	MAE: 13.26	RMSE: 25.46
Epoch 165	LOSS: 7.83	MAE: 13.26	RMSE: 25.48
Epoch 166	LOSS: 7.79	MAE: 13.27	RMSE: 25.46
Epoch 167	LOSS: 7.82	MAE: 13.26	RMSE: 25.49
Epoch 168	LOSS: 7.81	MAE: 13.25	RMSE: 25.48
Epoch 169	LOSS: 7.82	MAE: 13.29	RMSE: 25.49
Epoch 170	LOSS: 7.73	MAE: 13.25	RMSE: 25.49
Epoch 171	LOSS: 7.85	MAE: 13.24	RMSE: 25.50
Epoch 172	LOSS: 7.67	MAE: 13.26	RMSE: 25.51
Epoch 173	LOSS: 7.77	MAE: 13.22	RMSE: 25.50
Epoch 174	LOSS: 7.60	MAE: 13.23	RMSE: 25.50
Epoch 175	LOSS: 7.67	MAE: 13.20	RMSE: 25.50
Epoch 176	LOSS: 7.59	MAE: 13.23	RMSE: 25.54
Epoch 177	LOSS: 7.56	MAE: 13.21	RMSE: 25.54
Epoch 178	LOSS: 7.53	MAE: 13.25	RMSE: 25.53
Epoch 179	LOSS: 7.51	MAE: 13.21	RMSE: 25.52
Epoch 180	LOSS: 7.68	MAE: 13.20	RMSE: 25.51
Epoch 181	LOSS: 7.47	MAE: 13.20	RMSE: 25.51
Epoch 182	LOSS: 7.55	MAE: 13.18	RMSE: 25.52
Epoch 183	LOSS: 7.46	MAE: 13.18	RMSE: 25.52
Epoch 184	LOSS: 7.38	MAE: 13.20	RMSE: 25.52
Epoch 185	LOSS: 7.33	MAE: 13.15	RMSE: 25.50
Epoch 186	LOSS: 7.22	MAE: 13.18	RMSE: 25.50
Epoch 187	LOSS: 7.20	MAE: 13.17	RMSE: 25.50
Epoch 188	LOSS: 7.50	MAE: 13.18	RMSE: 25.52
Epoch 189	LOSS: 7.29	MAE: 13.18	RMSE: 25.51
Epoch 190	LOSS: 7.09	MAE: 13.18	RMSE: 25.52
Epoch 191	LOSS: 7.13	MAE: 13.16	RMSE: 25.52
Epoch 192	LOSS: 7.29	MAE: 13.19	RMSE: 25.52
Epoch 193	LOSS: 7.27	MAE: 13.13	RMSE: 25.53
Epoch 194	LOSS: 7.27	MAE: 13.15	RMSE: 25.54
Epoch 195	LOSS: 7.24	MAE: 13.16	RMSE: 25.55
Epoch 196	LOSS: 7.17	MAE: 13.15	RMSE: 25.54
Epoch 197	LOSS: 7.15	MAE: 13.12	RMSE: 25.53
Epoch 198	LOSS: 7.18	MAE: 13.13	RMSE: 25.53
Epoch 199	LOSS: 7.06	MAE: 13.13	RMSE: 25.53
Epoch 200	LOSS: 7.15	MAE: 13.13	RMSE: 25.52
Epoch 201	LOSS: 7.28	MAE: 13.13	RMSE: 25.54
Epoch 202	LOSS: 7.16	MAE: 13.15	RMSE: 25.53
Epoch 203	LOSS: 7.04	MAE: 13.17	RMSE: 25.53
Epoch 204	LOSS: 7.09	MAE: 13.14	RMSE: 25.51
Epoch 205	LOSS: 6.99	MAE: 13.08	RMSE: 25.51
Epoch 206	LOSS: 6.94	MAE: 13.08	RMSE: 25.48
Epoch 207	LOSS: 7.07	MAE: 13.09	RMSE: 25.50
Epoch 208	LOSS: 7.14	MAE: 13.09	RMSE: 25.51
Epoch 209	LOSS: 7.05	MAE: 13.12	RMSE: 25.49
Epoch 210	LOSS: 7.04	MAE: 13.07	RMSE: 25.48
Epoch 211	LOSS: 6.97	MAE: 13.06	RMSE: 25.48
Epoch 212	LOSS: 6.97	MAE: 13.06	RMSE: 25.46
Epoch 213	LOSS: 6.90	MAE: 13.03	RMSE: 25.45
Epoch 214	LOSS: 6.88	MAE: 13.03	RMSE: 25.45
Epoch 215	LOSS: 6.89	MAE: 13.02	RMSE: 25.45
Epoch 216	LOSS: 6.91	MAE: 13.01	RMSE: 25.43
Epoch 217	LOSS: 6.90	MAE: 13.03	RMSE: 25.44
Epoch 218	LOSS: 6.81	MAE: 13.03	RMSE: 25.43
Epoch 219	LOSS: 6.81	MAE: 12.99	RMSE: 25.43
Epoch 220	LOSS: 6.88	MAE: 13.00	RMSE: 25.41
Epoch 221	LOSS: 6.79	MAE: 13.06	RMSE: 25.42
Epoch 222	LOSS: 6.75	MAE: 13.02	RMSE: 25.39
Epoch 223	LOSS: 6.89	MAE: 12.97	RMSE: 25.40
Epoch 224	LOSS: 6.74	MAE: 12.96	RMSE: 25.39
Epoch 225	LOSS: 6.73	MAE: 12.94	RMSE: 25.39
Epoch 226	LOSS: 6.77	MAE: 12.96	RMSE: 25.37
Epoch 227	LOSS: 7.05	MAE: 12.99	RMSE: 25.40
Epoch 228	LOSS: 6.76	MAE: 12.94	RMSE: 25.37
Epoch 229	LOSS: 6.76	MAE: 12.95	RMSE: 25.38
Epoch 230	LOSS: 6.64	MAE: 12.92	RMSE: 25.33
Epoch 231	LOSS: 6.65	MAE: 12.94	RMSE: 25.34
Epoch 232	LOSS: 6.59	MAE: 12.90	RMSE: 25.32
Epoch 233	LOSS: 6.60	MAE: 12.90	RMSE: 25.33
Epoch 234	LOSS: 6.61	MAE: 12.92	RMSE: 25.33
Epoch 235	LOSS: 6.56	MAE: 12.88	RMSE: 25.33
Epoch 236	LOSS: 6.49	MAE: 12.88	RMSE: 25.31
Epoch 237	LOSS: 6.59	MAE: 12.91	RMSE: 25.30
Epoch 238	LOSS: 6.48	MAE: 12.91	RMSE: 25.30
Epoch 239	LOSS: 6.53	MAE: 12.86	RMSE: 25.30
Epoch 240	LOSS: 6.44	MAE: 12.89	RMSE: 25.30
Epoch 241	LOSS: 6.52	MAE: 12.88	RMSE: 25.30
Epoch 242	LOSS: 6.46	MAE: 12.88	RMSE: 25.30
Epoch 243	LOSS: 6.51	MAE: 12.86	RMSE: 25.29
Epoch 244	LOSS: 6.40	MAE: 12.85	RMSE: 25.29
Epoch 245	LOSS: 6.43	MAE: 12.82	RMSE: 25.27
Epoch 246	LOSS: 6.40	MAE: 12.82	RMSE: 25.25
Epoch 247	LOSS: 6.49	MAE: 12.84	RMSE: 25.25
Epoch 248	LOSS: 6.47	MAE: 12.81	RMSE: 25.24
Epoch 249	LOSS: 6.41	MAE: 12.81	RMSE: 25.23
Epoch 250	LOSS: 6.46	MAE: 12.84	RMSE: 25.23
Epoch 251	LOSS: 6.46	MAE: 12.84	RMSE: 25.23
Epoch 252	LOSS: 6.45	MAE: 12.79	RMSE: 25.22
Epoch 253	LOSS: 6.44	MAE: 12.80	RMSE: 25.23
Epoch 254	LOSS: 6.36	MAE: 12.82	RMSE: 25.21
Epoch 255	LOSS: 6.39	MAE: 12.82	RMSE: 25.22
Epoch 256	LOSS: 6.44	MAE: 12.77	RMSE: 25.21
Epoch 257	LOSS: 6.31	MAE: 12.75	RMSE: 25.20
Epoch 258	LOSS: 6.61	MAE: 12.81	RMSE: 25.21
Epoch 259	LOSS: 6.30	MAE: 12.77	RMSE: 25.20
Epoch 260	LOSS: 6.35	MAE: 12.80	RMSE: 25.22
Epoch 261	LOSS: 6.44	MAE: 12.77	RMSE: 25.21
Epoch 262	LOSS: 6.54	MAE: 12.77	RMSE: 25.22
Epoch 263	LOSS: 6.41	MAE: 12.79	RMSE: 25.21
Epoch 264	LOSS: 6.31	MAE: 12.78	RMSE: 25.20
Epoch 265	LOSS: 6.36	MAE: 12.77	RMSE: 25.19
Epoch 266	LOSS: 6.34	MAE: 12.77	RMSE: 25.19
Epoch 267	LOSS: 6.33	MAE: 12.76	RMSE: 25.19
Epoch 268	LOSS: 6.29	MAE: 12.76	RMSE: 25.19
Epoch 269	LOSS: 6.54	MAE: 12.78	RMSE: 25.20
Epoch 270	LOSS: 6.28	MAE: 12.76	RMSE: 25.20
Epoch 271	LOSS: 6.36	MAE: 12.77	RMSE: 25.20
Epoch 272	LOSS: 6.24	MAE: 12.75	RMSE: 25.20
Epoch 273	LOSS: 6.31	MAE: 12.72	RMSE: 25.19
Epoch 274	LOSS: 6.30	MAE: 12.75	RMSE: 25.19
Epoch 275	LOSS: 6.31	MAE: 12.78	RMSE: 25.18
Epoch 276	LOSS: 6.16	MAE: 12.75	RMSE: 25.19
Epoch 277	LOSS: 6.26	MAE: 12.74	RMSE: 25.17
Epoch 278	LOSS: 6.25	MAE: 12.74	RMSE: 25.19
Epoch 279	LOSS: 6.18	MAE: 12.74	RMSE: 25.20
Epoch 280	LOSS: 6.19	MAE: 12.73	RMSE: 25.20
Epoch 281	LOSS: 6.24	MAE: 12.76	RMSE: 25.20
Epoch 282	LOSS: 6.20	MAE: 12.75	RMSE: 25.19
Epoch 283	LOSS: 6.20	MAE: 12.71	RMSE: 25.20
Epoch 284	LOSS: 6.23	MAE: 12.73	RMSE: 25.21
Epoch 285	LOSS: 6.24	MAE: 12.73	RMSE: 25.21
Epoch 286	LOSS: 6.28	MAE: 12.71	RMSE: 25.21
Epoch 287	LOSS: 6.26	MAE: 12.74	RMSE: 25.20
Epoch 288	LOSS: 6.32	MAE: 12.76	RMSE: 25.20
Epoch 289	LOSS: 6.20	MAE: 12.73	RMSE: 25.20
Epoch 290	LOSS: 6.27	MAE: 12.73	RMSE: 25.21
Epoch 291	LOSS: 6.26	MAE: 12.73	RMSE: 25.21
Epoch 292	LOSS: 6.33	MAE: 12.78	RMSE: 25.22
Epoch 293	LOSS: 6.30	MAE: 12.77	RMSE: 25.22
Epoch 294	LOSS: 6.35	MAE: 12.74	RMSE: 25.22
Epoch 295	LOSS: 6.20	MAE: 12.70	RMSE: 25.21
Epoch 296	LOSS: 6.10	MAE: 12.71	RMSE: 25.22
Epoch 297	LOSS: 6.12	MAE: 12.73	RMSE: 25.22
Epoch 298	LOSS: 6.14	MAE: 12.74	RMSE: 25.22
Epoch 299	LOSS: 6.28	MAE: 12.72	RMSE: 25.23
Epoch 300	LOSS: 6.08	MAE: 12.71	RMSE: 25.22
Epoch 301	LOSS: 6.18	MAE: 12.71	RMSE: 25.21
Epoch 302	LOSS: 6.19	MAE: 12.71	RMSE: 25.21
Epoch 303	LOSS: 6.17	MAE: 12.71	RMSE: 25.21
Epoch 304	LOSS: 6.12	MAE: 12.72	RMSE: 25.21
Epoch 305	LOSS: 6.03	MAE: 12.71	RMSE: 25.21
Epoch 306	LOSS: 6.17	MAE: 12.72	RMSE: 25.21
Epoch 307	LOSS: 6.06	MAE: 12.70	RMSE: 25.22
Epoch 308	LOSS: 6.10	MAE: 12.70	RMSE: 25.21
Epoch 309	LOSS: 6.18	MAE: 12.74	RMSE: 25.20
Epoch 310	LOSS: 6.05	MAE: 12.70	RMSE: 25.20
Epoch 311	LOSS: 6.06	MAE: 12.70	RMSE: 25.21
Epoch 312	LOSS: 6.15	MAE: 12.69	RMSE: 25.20
Epoch 313	LOSS: 6.04	MAE: 12.68	RMSE: 25.21
Epoch 314	LOSS: 6.22	MAE: 12.70	RMSE: 25.19
Epoch 315	LOSS: 6.12	MAE: 12.71	RMSE: 25.20
Epoch 316	LOSS: 6.06	MAE: 12.71	RMSE: 25.20
Epoch 317	LOSS: 6.13	MAE: 12.69	RMSE: 25.19
Epoch 318	LOSS: 6.08	MAE: 12.70	RMSE: 25.20
Epoch 319	LOSS: 6.08	MAE: 12.68	RMSE: 25.21
Epoch 320	LOSS: 6.09	MAE: 12.69	RMSE: 25.20
Epoch 321	LOSS: 6.07	MAE: 12.76	RMSE: 25.19
Epoch 322	LOSS: 6.07	MAE: 12.70	RMSE: 25.19
Epoch 323	LOSS: 6.16	MAE: 12.66	RMSE: 25.18
Epoch 324	LOSS: 6.12	MAE: 12.71	RMSE: 25.19
Epoch 325	LOSS: 6.57	MAE: 12.76	RMSE: 25.20
Epoch 326	LOSS: 6.40	MAE: 12.78	RMSE: 25.20
Epoch 327	LOSS: 6.56	MAE: 12.76	RMSE: 25.21
Epoch 328	LOSS: 6.31	MAE: 12.71	RMSE: 25.20
Epoch 329	LOSS: 6.10	MAE: 12.69	RMSE: 25.20
Epoch 330	LOSS: 6.06	MAE: 12.66	RMSE: 25.22
Epoch 331	LOSS: 6.08	MAE: 12.66	RMSE: 25.21
Epoch 332	LOSS: 6.04	MAE: 12.69	RMSE: 25.18
Epoch 333	LOSS: 6.10	MAE: 12.70	RMSE: 25.19
Epoch 334	LOSS: 6.18	MAE: 12.70	RMSE: 25.19
Epoch 335	LOSS: 6.18	MAE: 12.70	RMSE: 25.19
Epoch 336	LOSS: 6.11	MAE: 12.68	RMSE: 25.19
Epoch 337	LOSS: 6.02	MAE: 12.69	RMSE: 25.19
Epoch 338	LOSS: 6.09	MAE: 12.70	RMSE: 25.20
Epoch 339	LOSS: 5.95	MAE: 12.67	RMSE: 25.20
Epoch 340	LOSS: 6.09	MAE: 12.69	RMSE: 25.19
Epoch 341	LOSS: 6.03	MAE: 12.71	RMSE: 25.19
Epoch 342	LOSS: 6.19	MAE: 12.66	RMSE: 25.18
Epoch 343	LOSS: 6.03	MAE: 12.66	RMSE: 25.18
Epoch 344	LOSS: 6.00	MAE: 12.65	RMSE: 25.17
Epoch 345	LOSS: 6.01	MAE: 12.64	RMSE: 25.16
Epoch 346	LOSS: 5.95	MAE: 12.66	RMSE: 25.17
Epoch 347	LOSS: 6.04	MAE: 12.66	RMSE: 25.18
Epoch 348	LOSS: 6.03	MAE: 12.67	RMSE: 25.18
Epoch 349	LOSS: 5.94	MAE: 12.66	RMSE: 25.19
Epoch 350	LOSS: 6.02	MAE: 12.68	RMSE: 25.18
Epoch 351	LOSS: 5.98	MAE: 12.66	RMSE: 25.18
Epoch 352	LOSS: 6.21	MAE: 12.71	RMSE: 25.18
Epoch 353	LOSS: 6.15	MAE: 12.68	RMSE: 25.18
Epoch 354	LOSS: 6.08	MAE: 12.65	RMSE: 25.16
Epoch 355	LOSS: 5.98	MAE: 12.66	RMSE: 25.16
Epoch 356	LOSS: 6.01	MAE: 12.64	RMSE: 25.15
Epoch 357	LOSS: 6.10	MAE: 12.65	RMSE: 25.17
Epoch 358	LOSS: 6.05	MAE: 12.66	RMSE: 25.18
Epoch 359	LOSS: 6.00	MAE: 12.67	RMSE: 25.17
Epoch 360	LOSS: 5.93	MAE: 12.68	RMSE: 25.17
Epoch 361	LOSS: 6.17	MAE: 12.67	RMSE: 25.17
Epoch 362	LOSS: 5.96	MAE: 12.66	RMSE: 25.16
Epoch 363	LOSS: 6.03	MAE: 12.72	RMSE: 25.17
Epoch 364	LOSS: 5.98	MAE: 12.67	RMSE: 25.16
Epoch 365	LOSS: 6.04	MAE: 12.62	RMSE: 25.16
Epoch 366	LOSS: 6.10	MAE: 12.66	RMSE: 25.15
Epoch 367	LOSS: 6.13	MAE: 12.65	RMSE: 25.14
Epoch 368	LOSS: 6.02	MAE: 12.65	RMSE: 25.14
Epoch 369	LOSS: 5.95	MAE: 12.63	RMSE: 25.15
Epoch 370	LOSS: 6.03	MAE: 12.60	RMSE: 25.15
Epoch 371	LOSS: 6.05	MAE: 12.62	RMSE: 25.13
Epoch 372	LOSS: 6.01	MAE: 12.69	RMSE: 25.14
Epoch 373	LOSS: 6.05	MAE: 12.64	RMSE: 25.15
Epoch 374	LOSS: 5.92	MAE: 12.63	RMSE: 25.14
Epoch 375	LOSS: 6.09	MAE: 12.65	RMSE: 25.14
Epoch 376	LOSS: 6.06	MAE: 12.61	RMSE: 25.13
Epoch 377	LOSS: 6.07	MAE: 12.65	RMSE: 25.13
Epoch 378	LOSS: 5.89	MAE: 12.62	RMSE: 25.13
Epoch 379	LOSS: 5.99	MAE: 12.61	RMSE: 25.15
Epoch 380	LOSS: 5.97	MAE: 12.62	RMSE: 25.13
Epoch 381	LOSS: 6.05	MAE: 12.66	RMSE: 25.13
Epoch 382	LOSS: 6.01	MAE: 12.63	RMSE: 25.11
Epoch 383	LOSS: 5.98	MAE: 12.59	RMSE: 25.11
Epoch 384	LOSS: 6.09	MAE: 12.61	RMSE: 25.12
Epoch 385	LOSS: 5.89	MAE: 12.61	RMSE: 25.12
Epoch 386	LOSS: 6.02	MAE: 12.64	RMSE: 25.12
Epoch 387	LOSS: 6.11	MAE: 12.61	RMSE: 25.12
Epoch 388	LOSS: 5.97	MAE: 12.60	RMSE: 25.11
Epoch 389	LOSS: 5.93	MAE: 12.61	RMSE: 25.11
Epoch 390	LOSS: 5.90	MAE: 12.61	RMSE: 25.11
Epoch 391	LOSS: 5.96	MAE: 12.62	RMSE: 25.11
Epoch 392	LOSS: 5.97	MAE: 12.63	RMSE: 25.12
Epoch 393	LOSS: 5.94	MAE: 12.61	RMSE: 25.11
Epoch 394	LOSS: 5.99	MAE: 12.63	RMSE: 25.11
Epoch 395	LOSS: 6.01	MAE: 12.67	RMSE: 25.10
Epoch 396	LOSS: 5.92	MAE: 12.60	RMSE: 25.10
Epoch 397	LOSS: 6.01	MAE: 12.59	RMSE: 25.10
Epoch 398	LOSS: 5.99	MAE: 12.57	RMSE: 25.09
Epoch 399	LOSS: 6.11	MAE: 12.63	RMSE: 25.09
Epoch 400	LOSS: 5.93	MAE: 12.59	RMSE: 25.09
Epoch 401	LOSS: 5.93	MAE: 12.60	RMSE: 25.09
Epoch 402	LOSS: 5.89	MAE: 12.59	RMSE: 25.09
Epoch 403	LOSS: 6.01	MAE: 12.59	RMSE: 25.09
Epoch 404	LOSS: 5.93	MAE: 12.56	RMSE: 25.10
Epoch 405	LOSS: 6.02	MAE: 12.60	RMSE: 25.10
Epoch 406	LOSS: 5.94	MAE: 12.62	RMSE: 25.09
Epoch 407	LOSS: 5.98	MAE: 12.61	RMSE: 25.08
Epoch 408	LOSS: 6.03	MAE: 12.56	RMSE: 25.07
Epoch 409	LOSS: 5.97	MAE: 12.57	RMSE: 25.07
Epoch 410	LOSS: 5.86	MAE: 12.60	RMSE: 25.08
Epoch 411	LOSS: 5.91	MAE: 12.56	RMSE: 25.07
Epoch 412	LOSS: 5.91	MAE: 12.60	RMSE: 25.09
Epoch 413	LOSS: 6.06	MAE: 12.60	RMSE: 25.09
Epoch 414	LOSS: 5.82	MAE: 12.60	RMSE: 25.09
Epoch 415	LOSS: 5.99	MAE: 12.58	RMSE: 25.08
Epoch 416	LOSS: 5.97	MAE: 12.62	RMSE: 25.07
Epoch 417	LOSS: 5.98	MAE: 12.57	RMSE: 25.06
Epoch 418	LOSS: 6.00	MAE: 12.55	RMSE: 25.07
Epoch 419	LOSS: 5.91	MAE: 12.58	RMSE: 25.05
Epoch 420	LOSS: 5.99	MAE: 12.56	RMSE: 25.05
Epoch 421	LOSS: 5.87	MAE: 12.54	RMSE: 25.04
Epoch 422	LOSS: 5.94	MAE: 12.57	RMSE: 25.05
Epoch 423	LOSS: 6.20	MAE: 12.59	RMSE: 25.06
Epoch 424	LOSS: 5.98	MAE: 12.57	RMSE: 25.05
Epoch 425	LOSS: 5.94	MAE: 12.56	RMSE: 25.04
Epoch 426	LOSS: 6.06	MAE: 12.58	RMSE: 25.04
Epoch 427	LOSS: 5.92	MAE: 12.53	RMSE: 25.02
Epoch 428	LOSS: 5.88	MAE: 12.54	RMSE: 25.01
Epoch 429	LOSS: 5.87	MAE: 12.55	RMSE: 25.02
Epoch 430	LOSS: 5.92	MAE: 12.53	RMSE: 25.03
Epoch 431	LOSS: 5.96	MAE: 12.53	RMSE: 25.03
Epoch 432	LOSS: 5.91	MAE: 12.57	RMSE: 25.00
Epoch 433	LOSS: 5.87	MAE: 12.58	RMSE: 25.00
Epoch 434	LOSS: 5.94	MAE: 12.50	RMSE: 25.01
Epoch 435	LOSS: 5.89	MAE: 12.52	RMSE: 25.02
Epoch 436	LOSS: 5.94	MAE: 12.54	RMSE: 25.01
Epoch 437	LOSS: 5.95	MAE: 12.59	RMSE: 25.00
Epoch 438	LOSS: 5.92	MAE: 12.52	RMSE: 25.00
Epoch 439	LOSS: 5.91	MAE: 12.51	RMSE: 25.00
Epoch 440	LOSS: 5.99	MAE: 12.53	RMSE: 24.99
Epoch 441	LOSS: 6.03	MAE: 12.57	RMSE: 24.98
Epoch 442	LOSS: 5.83	MAE: 12.51	RMSE: 24.98
Epoch 443	LOSS: 6.01	MAE: 12.52	RMSE: 24.98
Epoch 444	LOSS: 6.07	MAE: 12.54	RMSE: 24.97
Epoch 445	LOSS: 5.89	MAE: 12.55	RMSE: 24.97
Epoch 446	LOSS: 5.88	MAE: 12.52	RMSE: 24.98
Epoch 447	LOSS: 5.89	MAE: 12.50	RMSE: 24.97
Epoch 448	LOSS: 6.00	MAE: 12.51	RMSE: 24.97
Epoch 449	LOSS: 5.89	MAE: 12.52	RMSE: 24.97
Epoch 450	LOSS: 5.85	MAE: 12.51	RMSE: 24.97
Epoch 451	LOSS: 5.88	MAE: 12.51	RMSE: 24.97
Epoch 452	LOSS: 5.96	MAE: 12.54	RMSE: 24.97
Epoch 453	LOSS: 5.91	MAE: 12.50	RMSE: 24.96
Epoch 454	LOSS: 5.85	MAE: 12.52	RMSE: 24.96
Epoch 455	LOSS: 5.83	MAE: 12.52	RMSE: 24.96
Epoch 456	LOSS: 5.95	MAE: 12.51	RMSE: 24.96
Epoch 457	LOSS: 5.89	MAE: 12.50	RMSE: 24.95
Epoch 458	LOSS: 5.92	MAE: 12.52	RMSE: 24.96
Epoch 459	LOSS: 5.90	MAE: 12.51	RMSE: 24.96
Epoch 460	LOSS: 5.86	MAE: 12.50	RMSE: 24.95
Epoch 461	LOSS: 5.91	MAE: 12.51	RMSE: 24.94
Epoch 462	LOSS: 5.84	MAE: 12.50	RMSE: 24.93
Epoch 463	LOSS: 5.93	MAE: 12.48	RMSE: 24.93
Epoch 464	LOSS: 5.75	MAE: 12.47	RMSE: 24.92
Epoch 465	LOSS: 5.93	MAE: 12.50	RMSE: 24.92
Epoch 466	LOSS: 5.82	MAE: 12.49	RMSE: 24.92
Epoch 467	LOSS: 5.86	MAE: 12.48	RMSE: 24.93
Epoch 468	LOSS: 5.88	MAE: 12.47	RMSE: 24.93
Epoch 469	LOSS: 5.92	MAE: 12.51	RMSE: 24.93
Epoch 470	LOSS: 5.88	MAE: 12.51	RMSE: 24.92
Epoch 471	LOSS: 5.96	MAE: 12.47	RMSE: 24.91
Epoch 472	LOSS: 5.79	MAE: 12.46	RMSE: 24.91
Epoch 473	LOSS: 5.95	MAE: 12.48	RMSE: 24.91
Epoch 474	LOSS: 5.78	MAE: 12.46	RMSE: 24.90
Epoch 475	LOSS: 5.87	MAE: 12.48	RMSE: 24.90
Epoch 476	LOSS: 5.92	MAE: 12.47	RMSE: 24.90
Epoch 477	LOSS: 5.78	MAE: 12.50	RMSE: 24.90
Epoch 478	LOSS: 5.91	MAE: 12.47	RMSE: 24.89
Epoch 479	LOSS: 5.86	MAE: 12.48	RMSE: 24.88
Epoch 480	LOSS: 5.88	MAE: 12.48	RMSE: 24.88
Epoch 481	LOSS: 5.88	MAE: 12.47	RMSE: 24.89
Epoch 482	LOSS: 5.85	MAE: 12.46	RMSE: 24.90
Epoch 483	LOSS: 5.76	MAE: 12.45	RMSE: 24.90
Epoch 484	LOSS: 5.87	MAE: 12.46	RMSE: 24.90
Epoch 485	LOSS: 5.95	MAE: 12.48	RMSE: 24.90
Epoch 486	LOSS: 5.79	MAE: 12.45	RMSE: 24.89
Epoch 487	LOSS: 5.82	MAE: 12.46	RMSE: 24.88
Epoch 488	LOSS: 5.89	MAE: 12.46	RMSE: 24.88
Epoch 489	LOSS: 5.79	MAE: 12.47	RMSE: 24.88
Epoch 490	LOSS: 5.81	MAE: 12.46	RMSE: 24.88
Epoch 491	LOSS: 5.76	MAE: 12.45	RMSE: 24.87
Epoch 492	LOSS: 5.70	MAE: 12.47	RMSE: 24.87
Epoch 493	LOSS: 5.82	MAE: 12.46	RMSE: 24.87
Epoch 494	LOSS: 5.85	MAE: 12.44	RMSE: 24.88
Epoch 495	LOSS: 5.86	MAE: 12.45	RMSE: 24.88
Epoch 496	LOSS: 5.92	MAE: 12.46	RMSE: 24.87
Epoch 497	LOSS: 5.85	MAE: 12.44	RMSE: 24.86
Epoch 498	LOSS: 5.89	MAE: 12.46	RMSE: 24.85
Epoch 499	LOSS: 5.85	MAE: 12.44	RMSE: 24.85
