Epoch 000	LOSS: 144.66	MAE: 71.01	RMSE: 83.44
Epoch 001	LOSS: 136.15	MAE: 67.24	RMSE: 80.09
Epoch 002	LOSS: 110.86	MAE: 56.35	RMSE: 68.85
Epoch 003	LOSS: 79.27	MAE: 41.81	RMSE: 50.28
Epoch 004	LOSS: 74.68	MAE: 39.35	RMSE: 50.31
Epoch 005	LOSS: 69.30	MAE: 37.49	RMSE: 46.64
Epoch 006	LOSS: 62.96	MAE: 35.56	RMSE: 45.02
Epoch 007	LOSS: 51.10	MAE: 31.69	RMSE: 41.65
Epoch 008	LOSS: 36.38	MAE: 26.62	RMSE: 37.89
Epoch 009	LOSS: 29.32	MAE: 22.63	RMSE: 35.80
Epoch 010	LOSS: 28.41	MAE: 22.20	RMSE: 35.57
Epoch 011	LOSS: 28.17	MAE: 21.92	RMSE: 35.47
Epoch 012	LOSS: 27.55	MAE: 21.55	RMSE: 35.29
Epoch 013	LOSS: 27.12	MAE: 21.25	RMSE: 35.17
Epoch 014	LOSS: 26.41	MAE: 21.01	RMSE: 35.07
Epoch 015	LOSS: 26.17	MAE: 20.76	RMSE: 34.90
Epoch 016	LOSS: 25.80	MAE: 20.57	RMSE: 34.80
Epoch 017	LOSS: 26.30	MAE: 20.57	RMSE: 34.75
Epoch 018	LOSS: 25.55	MAE: 20.34	RMSE: 34.65
Epoch 019	LOSS: 25.42	MAE: 20.30	RMSE: 34.63
Epoch 020	LOSS: 25.40	MAE: 20.14	RMSE: 34.56
Epoch 021	LOSS: 25.12	MAE: 20.13	RMSE: 34.52
Epoch 022	LOSS: 24.77	MAE: 19.84	RMSE: 34.34
Epoch 023	LOSS: 24.53	MAE: 19.77	RMSE: 34.31
Epoch 024	LOSS: 24.31	MAE: 19.76	RMSE: 34.31
Epoch 025	LOSS: 24.12	MAE: 19.63	RMSE: 34.26
Epoch 026	LOSS: 24.01	MAE: 19.57	RMSE: 34.11
Epoch 027	LOSS: 24.01	MAE: 19.50	RMSE: 34.16
Epoch 028	LOSS: 23.68	MAE: 19.48	RMSE: 34.13
Epoch 029	LOSS: 23.49	MAE: 19.37	RMSE: 34.07
Epoch 030	LOSS: 23.57	MAE: 19.29	RMSE: 34.02
Epoch 031	LOSS: 23.45	MAE: 19.33	RMSE: 34.05
Epoch 032	LOSS: 23.32	MAE: 19.29	RMSE: 34.01
Epoch 033	LOSS: 23.28	MAE: 19.24	RMSE: 33.98
Epoch 034	LOSS: 23.18	MAE: 19.28	RMSE: 34.00
Epoch 035	LOSS: 22.81	MAE: 19.05	RMSE: 33.85
Epoch 036	LOSS: 22.68	MAE: 19.02	RMSE: 33.86
Epoch 037	LOSS: 22.52	MAE: 18.97	RMSE: 33.81
Epoch 038	LOSS: 22.34	MAE: 18.86	RMSE: 33.72
Epoch 039	LOSS: 22.20	MAE: 18.75	RMSE: 33.65
Epoch 040	LOSS: 22.15	MAE: 18.79	RMSE: 33.70
Epoch 041	LOSS: 21.88	MAE: 18.71	RMSE: 33.62
Epoch 042	LOSS: 21.72	MAE: 18.60	RMSE: 33.55
Epoch 043	LOSS: 21.56	MAE: 18.53	RMSE: 33.51
Epoch 044	LOSS: 21.49	MAE: 18.44	RMSE: 33.48
Epoch 045	LOSS: 21.36	MAE: 18.42	RMSE: 33.48
Epoch 046	LOSS: 21.18	MAE: 18.37	RMSE: 33.42
Epoch 047	LOSS: 21.17	MAE: 18.33	RMSE: 33.39
Epoch 048	LOSS: 20.90	MAE: 18.25	RMSE: 33.32
Epoch 049	LOSS: 20.91	MAE: 18.28	RMSE: 33.34
Epoch 050	LOSS: 20.82	MAE: 18.22	RMSE: 33.31
Epoch 051	LOSS: 20.91	MAE: 18.17	RMSE: 33.28
Epoch 052	LOSS: 20.62	MAE: 18.21	RMSE: 33.31
Epoch 053	LOSS: 20.63	MAE: 18.22	RMSE: 33.33
Epoch 054	LOSS: 20.30	MAE: 18.09	RMSE: 33.24
Epoch 055	LOSS: 20.05	MAE: 18.00	RMSE: 33.20
Epoch 056	LOSS: 20.01	MAE: 18.01	RMSE: 33.21
Epoch 057	LOSS: 19.88	MAE: 18.03	RMSE: 33.22
Epoch 058	LOSS: 19.62	MAE: 17.99	RMSE: 33.22
Epoch 059	LOSS: 19.48	MAE: 17.85	RMSE: 33.12
Epoch 060	LOSS: 19.37	MAE: 17.85	RMSE: 33.13
Epoch 061	LOSS: 19.36	MAE: 17.79	RMSE: 33.09
Epoch 062	LOSS: 19.41	MAE: 17.81	RMSE: 33.11
Epoch 063	LOSS: 19.07	MAE: 17.78	RMSE: 33.06
Epoch 064	LOSS: 19.30	MAE: 17.81	RMSE: 33.06
Epoch 065	LOSS: 19.00	MAE: 17.77	RMSE: 33.04
Epoch 066	LOSS: 18.76	MAE: 17.63	RMSE: 32.98
Epoch 067	LOSS: 19.18	MAE: 17.81	RMSE: 33.09
Epoch 068	LOSS: 18.81	MAE: 17.59	RMSE: 32.95
Epoch 069	LOSS: 18.68	MAE: 17.60	RMSE: 32.96
Epoch 070	LOSS: 18.71	MAE: 17.60	RMSE: 32.96
Epoch 071	LOSS: 18.62	MAE: 17.52	RMSE: 32.92
Epoch 072	LOSS: 18.56	MAE: 17.53	RMSE: 32.93
Epoch 073	LOSS: 18.59	MAE: 17.43	RMSE: 32.89
Epoch 074	LOSS: 18.60	MAE: 17.55	RMSE: 32.94
Epoch 075	LOSS: 18.46	MAE: 17.46	RMSE: 32.90
Epoch 076	LOSS: 18.35	MAE: 17.48	RMSE: 32.90
Epoch 077	LOSS: 18.37	MAE: 17.44	RMSE: 32.86
Epoch 078	LOSS: 18.48	MAE: 17.41	RMSE: 32.86
Epoch 079	LOSS: 18.19	MAE: 17.37	RMSE: 32.82
Epoch 080	LOSS: 18.30	MAE: 17.38	RMSE: 32.84
Epoch 081	LOSS: 18.30	MAE: 17.38	RMSE: 32.85
Epoch 082	LOSS: 18.21	MAE: 17.29	RMSE: 32.80
Epoch 083	LOSS: 18.18	MAE: 17.41	RMSE: 32.88
Epoch 084	LOSS: 18.12	MAE: 17.36	RMSE: 32.83
Epoch 085	LOSS: 18.03	MAE: 17.35	RMSE: 32.81
Epoch 086	LOSS: 18.20	MAE: 17.32	RMSE: 32.82
Epoch 087	LOSS: 18.17	MAE: 17.34	RMSE: 32.84
Epoch 088	LOSS: 18.07	MAE: 17.24	RMSE: 32.77
Epoch 089	LOSS: 18.00	MAE: 17.24	RMSE: 32.77
Epoch 090	LOSS: 17.89	MAE: 17.23	RMSE: 32.76
Epoch 091	LOSS: 17.85	MAE: 17.21	RMSE: 32.76
Epoch 092	LOSS: 17.93	MAE: 17.25	RMSE: 32.78
Epoch 093	LOSS: 17.93	MAE: 17.27	RMSE: 32.82
Epoch 094	LOSS: 17.74	MAE: 17.20	RMSE: 32.75
Epoch 095	LOSS: 17.78	MAE: 17.26	RMSE: 32.80
Epoch 096	LOSS: 17.68	MAE: 17.12	RMSE: 32.70
Epoch 097	LOSS: 17.65	MAE: 17.15	RMSE: 32.71
Epoch 098	LOSS: 17.70	MAE: 17.21	RMSE: 32.76
Epoch 099	LOSS: 17.60	MAE: 17.12	RMSE: 32.70
Epoch 100	LOSS: 17.57	MAE: 17.12	RMSE: 32.70
Epoch 101	LOSS: 17.58	MAE: 17.19	RMSE: 32.78
Epoch 102	LOSS: 17.48	MAE: 17.08	RMSE: 32.68
Epoch 103	LOSS: 17.40	MAE: 17.07	RMSE: 32.68
Epoch 104	LOSS: 17.40	MAE: 17.07	RMSE: 32.70
Epoch 105	LOSS: 17.39	MAE: 17.05	RMSE: 32.70
Epoch 106	LOSS: 17.39	MAE: 17.04	RMSE: 32.65
Epoch 107	LOSS: 17.37	MAE: 17.09	RMSE: 32.69
Epoch 108	LOSS: 17.28	MAE: 17.01	RMSE: 32.67
Epoch 109	LOSS: 17.51	MAE: 17.07	RMSE: 32.70
Epoch 110	LOSS: 17.32	MAE: 17.02	RMSE: 32.66
Epoch 111	LOSS: 17.23	MAE: 16.98	RMSE: 32.65
Epoch 112	LOSS: 17.33	MAE: 16.99	RMSE: 32.65
Epoch 113	LOSS: 17.30	MAE: 17.03	RMSE: 32.68
Epoch 114	LOSS: 17.35	MAE: 16.97	RMSE: 32.64
Epoch 115	LOSS: 17.10	MAE: 17.03	RMSE: 32.67
Epoch 116	LOSS: 17.15	MAE: 17.02	RMSE: 32.68
Epoch 117	LOSS: 17.12	MAE: 16.91	RMSE: 32.62
Epoch 118	LOSS: 17.13	MAE: 17.01	RMSE: 32.66
Epoch 119	LOSS: 17.06	MAE: 16.95	RMSE: 32.63
Epoch 120	LOSS: 17.11	MAE: 16.97	RMSE: 32.65
Epoch 121	LOSS: 17.01	MAE: 16.91	RMSE: 32.60
Epoch 122	LOSS: 17.17	MAE: 17.01	RMSE: 32.69
Epoch 123	LOSS: 16.94	MAE: 16.81	RMSE: 32.56
Epoch 124	LOSS: 17.02	MAE: 16.83	RMSE: 32.57
Epoch 125	LOSS: 17.05	MAE: 16.89	RMSE: 32.61
Epoch 126	LOSS: 17.16	MAE: 16.93	RMSE: 32.65
Epoch 127	LOSS: 16.93	MAE: 16.84	RMSE: 32.58
Epoch 128	LOSS: 16.88	MAE: 16.84	RMSE: 32.59
Epoch 129	LOSS: 16.87	MAE: 16.85	RMSE: 32.60
Epoch 130	LOSS: 16.91	MAE: 16.95	RMSE: 32.63
Epoch 131	LOSS: 17.00	MAE: 16.93	RMSE: 32.66
Epoch 132	LOSS: 17.05	MAE: 16.76	RMSE: 32.55
Epoch 133	LOSS: 16.94	MAE: 16.89	RMSE: 32.64
Epoch 134	LOSS: 16.86	MAE: 16.83	RMSE: 32.56
Epoch 135	LOSS: 16.84	MAE: 16.81	RMSE: 32.55
Epoch 136	LOSS: 16.75	MAE: 16.85	RMSE: 32.58
Epoch 137	LOSS: 16.84	MAE: 16.81	RMSE: 32.58
Epoch 138	LOSS: 16.84	MAE: 16.78	RMSE: 32.58
Epoch 139	LOSS: 16.71	MAE: 16.75	RMSE: 32.55
Epoch 140	LOSS: 16.83	MAE: 16.77	RMSE: 32.56
Epoch 141	LOSS: 16.68	MAE: 16.78	RMSE: 32.56
Epoch 142	LOSS: 16.83	MAE: 16.82	RMSE: 32.60
Epoch 143	LOSS: 16.77	MAE: 16.80	RMSE: 32.57
Epoch 144	LOSS: 16.76	MAE: 16.76	RMSE: 32.53
Epoch 145	LOSS: 16.79	MAE: 16.89	RMSE: 32.65
Epoch 146	LOSS: 16.75	MAE: 16.78	RMSE: 32.55
Epoch 147	LOSS: 16.66	MAE: 16.71	RMSE: 32.52
Epoch 148	LOSS: 16.66	MAE: 16.77	RMSE: 32.55
Epoch 149	LOSS: 16.68	MAE: 16.70	RMSE: 32.52
Epoch 150	LOSS: 16.60	MAE: 16.72	RMSE: 32.51
Epoch 151	LOSS: 16.65	MAE: 16.72	RMSE: 32.54
Epoch 152	LOSS: 16.55	MAE: 16.69	RMSE: 32.52
Epoch 153	LOSS: 16.53	MAE: 16.80	RMSE: 32.58
Epoch 154	LOSS: 16.58	MAE: 16.72	RMSE: 32.52
Epoch 155	LOSS: 16.53	MAE: 16.74	RMSE: 32.54
Epoch 156	LOSS: 16.65	MAE: 16.70	RMSE: 32.53
Epoch 157	LOSS: 16.56	MAE: 16.64	RMSE: 32.48
Epoch 158	LOSS: 16.64	MAE: 16.67	RMSE: 32.52
Epoch 159	LOSS: 16.46	MAE: 16.66	RMSE: 32.50
Epoch 160	LOSS: 16.52	MAE: 16.68	RMSE: 32.53
Epoch 161	LOSS: 16.48	MAE: 16.67	RMSE: 32.51
Epoch 162	LOSS: 16.63	MAE: 16.66	RMSE: 32.50
Epoch 163	LOSS: 16.56	MAE: 16.70	RMSE: 32.53
Epoch 164	LOSS: 16.34	MAE: 16.62	RMSE: 32.47
Epoch 165	LOSS: 16.49	MAE: 16.70	RMSE: 32.54
Epoch 166	LOSS: 16.46	MAE: 16.65	RMSE: 32.47
Epoch 167	LOSS: 16.51	MAE: 16.66	RMSE: 32.51
Epoch 168	LOSS: 16.39	MAE: 16.61	RMSE: 32.47
Epoch 169	LOSS: 16.52	MAE: 16.72	RMSE: 32.53
Epoch 170	LOSS: 16.35	MAE: 16.61	RMSE: 32.47
Epoch 171	LOSS: 16.26	MAE: 16.59	RMSE: 32.44
Epoch 172	LOSS: 16.37	MAE: 16.61	RMSE: 32.47
Epoch 173	LOSS: 16.31	MAE: 16.59	RMSE: 32.47
Epoch 174	LOSS: 16.37	MAE: 16.60	RMSE: 32.46
Epoch 175	LOSS: 16.37	MAE: 16.59	RMSE: 32.48
Epoch 176	LOSS: 16.35	MAE: 16.53	RMSE: 32.42
Epoch 177	LOSS: 16.36	MAE: 16.58	RMSE: 32.44
Epoch 178	LOSS: 16.22	MAE: 16.53	RMSE: 32.42
Epoch 179	LOSS: 16.37	MAE: 16.58	RMSE: 32.45
Epoch 180	LOSS: 16.30	MAE: 16.53	RMSE: 32.43
Epoch 181	LOSS: 16.27	MAE: 16.59	RMSE: 32.42
Epoch 182	LOSS: 16.38	MAE: 16.63	RMSE: 32.45
Epoch 183	LOSS: 16.26	MAE: 16.58	RMSE: 32.46
Epoch 184	LOSS: 16.06	MAE: 16.49	RMSE: 32.39
Epoch 185	LOSS: 16.24	MAE: 16.55	RMSE: 32.43
Epoch 186	LOSS: 16.13	MAE: 16.55	RMSE: 32.42
Epoch 187	LOSS: 16.18	MAE: 16.47	RMSE: 32.38
Epoch 188	LOSS: 16.20	MAE: 16.54	RMSE: 32.43
Epoch 189	LOSS: 16.16	MAE: 16.50	RMSE: 32.41
Epoch 190	LOSS: 16.23	MAE: 16.53	RMSE: 32.43
Epoch 191	LOSS: 16.18	MAE: 16.48	RMSE: 32.39
Epoch 192	LOSS: 16.24	MAE: 16.51	RMSE: 32.42
Epoch 193	LOSS: 16.16	MAE: 16.49	RMSE: 32.40
Epoch 194	LOSS: 16.20	MAE: 16.55	RMSE: 32.44
Epoch 195	LOSS: 16.13	MAE: 16.55	RMSE: 32.42
Epoch 196	LOSS: 16.08	MAE: 16.51	RMSE: 32.43
Epoch 197	LOSS: 16.01	MAE: 16.44	RMSE: 32.38
Epoch 198	LOSS: 16.05	MAE: 16.50	RMSE: 32.40
Epoch 199	LOSS: 16.08	MAE: 16.50	RMSE: 32.38
Epoch 200	LOSS: 16.00	MAE: 16.48	RMSE: 32.38
Epoch 201	LOSS: 16.18	MAE: 16.53	RMSE: 32.45
Epoch 202	LOSS: 16.31	MAE: 16.57	RMSE: 32.46
Epoch 203	LOSS: 16.07	MAE: 16.49	RMSE: 32.37
Epoch 204	LOSS: 16.00	MAE: 16.43	RMSE: 32.35
Epoch 205	LOSS: 16.01	MAE: 16.48	RMSE: 32.40
Epoch 206	LOSS: 15.93	MAE: 16.43	RMSE: 32.38
Epoch 207	LOSS: 16.07	MAE: 16.50	RMSE: 32.40
Epoch 208	LOSS: 16.17	MAE: 16.52	RMSE: 32.44
Epoch 209	LOSS: 15.93	MAE: 16.40	RMSE: 32.34
Epoch 210	LOSS: 15.86	MAE: 16.38	RMSE: 32.34
Epoch 211	LOSS: 16.00	MAE: 16.44	RMSE: 32.38
Epoch 212	LOSS: 16.02	MAE: 16.44	RMSE: 32.38
Epoch 213	LOSS: 16.02	MAE: 16.46	RMSE: 32.39
Epoch 214	LOSS: 15.94	MAE: 16.45	RMSE: 32.39
Epoch 215	LOSS: 15.91	MAE: 16.49	RMSE: 32.40
Epoch 216	LOSS: 15.96	MAE: 16.41	RMSE: 32.36
Epoch 217	LOSS: 15.92	MAE: 16.42	RMSE: 32.35
Epoch 218	LOSS: 15.93	MAE: 16.41	RMSE: 32.35
Epoch 219	LOSS: 15.85	MAE: 16.44	RMSE: 32.38
Epoch 220	LOSS: 16.04	MAE: 16.41	RMSE: 32.35
Epoch 221	LOSS: 16.13	MAE: 16.48	RMSE: 32.42
Epoch 222	LOSS: 16.03	MAE: 16.40	RMSE: 32.35
Epoch 223	LOSS: 16.03	MAE: 16.40	RMSE: 32.37
Epoch 224	LOSS: 15.98	MAE: 16.40	RMSE: 32.37
Epoch 225	LOSS: 15.89	MAE: 16.33	RMSE: 32.32
Epoch 226	LOSS: 16.04	MAE: 16.42	RMSE: 32.39
Epoch 227	LOSS: 16.04	MAE: 16.42	RMSE: 32.39
Epoch 228	LOSS: 15.82	MAE: 16.37	RMSE: 32.32
Epoch 229	LOSS: 15.82	MAE: 16.39	RMSE: 32.33
Epoch 230	LOSS: 15.82	MAE: 16.38	RMSE: 32.32
Epoch 231	LOSS: 15.99	MAE: 16.42	RMSE: 32.38
Epoch 232	LOSS: 15.79	MAE: 16.36	RMSE: 32.34
Epoch 233	LOSS: 15.84	MAE: 16.34	RMSE: 32.31
Epoch 234	LOSS: 15.88	MAE: 16.34	RMSE: 32.31
Epoch 235	LOSS: 15.77	MAE: 16.38	RMSE: 32.34
Epoch 236	LOSS: 15.71	MAE: 16.33	RMSE: 32.32
Epoch 237	LOSS: 15.72	MAE: 16.32	RMSE: 32.32
Epoch 238	LOSS: 15.77	MAE: 16.29	RMSE: 32.29
Epoch 239	LOSS: 15.78	MAE: 16.33	RMSE: 32.29
Epoch 240	LOSS: 15.84	MAE: 16.33	RMSE: 32.31
Epoch 241	LOSS: 15.81	MAE: 16.32	RMSE: 32.31
Epoch 242	LOSS: 15.82	MAE: 16.36	RMSE: 32.32
Epoch 243	LOSS: 15.76	MAE: 16.32	RMSE: 32.31
Epoch 244	LOSS: 15.69	MAE: 16.32	RMSE: 32.31
Epoch 245	LOSS: 15.82	MAE: 16.31	RMSE: 32.31
Epoch 246	LOSS: 15.78	MAE: 16.30	RMSE: 32.31
Epoch 247	LOSS: 15.70	MAE: 16.29	RMSE: 32.30
Epoch 248	LOSS: 15.81	MAE: 16.31	RMSE: 32.32
Epoch 249	LOSS: 15.64	MAE: 16.29	RMSE: 32.29
Epoch 250	LOSS: 15.74	MAE: 16.36	RMSE: 32.30
Epoch 251	LOSS: 15.65	MAE: 16.34	RMSE: 32.32
Epoch 252	LOSS: 15.64	MAE: 16.26	RMSE: 32.28
Epoch 253	LOSS: 15.68	MAE: 16.29	RMSE: 32.28
Epoch 254	LOSS: 15.64	MAE: 16.33	RMSE: 32.33
Epoch 255	LOSS: 15.59	MAE: 16.31	RMSE: 32.30
Epoch 256	LOSS: 15.72	MAE: 16.26	RMSE: 32.28
Epoch 257	LOSS: 15.76	MAE: 16.29	RMSE: 32.30
Epoch 258	LOSS: 15.69	MAE: 16.27	RMSE: 32.29
Epoch 259	LOSS: 15.83	MAE: 16.26	RMSE: 32.28
Epoch 260	LOSS: 15.60	MAE: 16.26	RMSE: 32.27
Epoch 261	LOSS: 15.58	MAE: 16.28	RMSE: 32.30
Epoch 262	LOSS: 15.59	MAE: 16.26	RMSE: 32.27
Epoch 263	LOSS: 15.77	MAE: 16.31	RMSE: 32.31
Epoch 264	LOSS: 15.66	MAE: 16.28	RMSE: 32.30
Epoch 265	LOSS: 15.65	MAE: 16.27	RMSE: 32.26
Epoch 266	LOSS: 15.67	MAE: 16.25	RMSE: 32.26
Epoch 267	LOSS: 15.71	MAE: 16.27	RMSE: 32.29
Epoch 268	LOSS: 15.60	MAE: 16.24	RMSE: 32.26
Epoch 269	LOSS: 15.54	MAE: 16.27	RMSE: 32.27
Epoch 270	LOSS: 15.66	MAE: 16.31	RMSE: 32.32
Epoch 271	LOSS: 15.81	MAE: 16.27	RMSE: 32.28
Epoch 272	LOSS: 15.70	MAE: 16.27	RMSE: 32.29
Epoch 273	LOSS: 15.53	MAE: 16.27	RMSE: 32.26
Epoch 274	LOSS: 15.55	MAE: 16.22	RMSE: 32.26
Epoch 275	LOSS: 15.58	MAE: 16.26	RMSE: 32.27
Epoch 276	LOSS: 15.56	MAE: 16.29	RMSE: 32.29
Epoch 277	LOSS: 15.51	MAE: 16.30	RMSE: 32.30
Epoch 278	LOSS: 15.93	MAE: 16.25	RMSE: 32.28
Epoch 279	LOSS: 15.70	MAE: 16.25	RMSE: 32.29
Epoch 280	LOSS: 15.54	MAE: 16.18	RMSE: 32.22
Epoch 281	LOSS: 15.59	MAE: 16.20	RMSE: 32.23
Epoch 282	LOSS: 15.57	MAE: 16.22	RMSE: 32.23
Epoch 283	LOSS: 15.57	MAE: 16.28	RMSE: 32.26
Epoch 284	LOSS: 15.51	MAE: 16.23	RMSE: 32.24
Epoch 285	LOSS: 15.46	MAE: 16.16	RMSE: 32.22
Epoch 286	LOSS: 15.50	MAE: 16.25	RMSE: 32.27
Epoch 287	LOSS: 15.50	MAE: 16.19	RMSE: 32.23
Epoch 288	LOSS: 15.51	MAE: 16.21	RMSE: 32.25
Epoch 289	LOSS: 15.76	MAE: 16.25	RMSE: 32.24
Epoch 290	LOSS: 15.66	MAE: 16.23	RMSE: 32.24
Epoch 291	LOSS: 15.49	MAE: 16.22	RMSE: 32.24
Epoch 292	LOSS: 15.52	MAE: 16.15	RMSE: 32.23
Epoch 293	LOSS: 15.48	MAE: 16.25	RMSE: 32.25
Epoch 294	LOSS: 15.54	MAE: 16.21	RMSE: 32.23
Epoch 295	LOSS: 15.45	MAE: 16.22	RMSE: 32.25
Epoch 296	LOSS: 15.43	MAE: 16.13	RMSE: 32.20
Epoch 297	LOSS: 15.48	MAE: 16.21	RMSE: 32.25
Epoch 298	LOSS: 15.47	MAE: 16.20	RMSE: 32.22
Epoch 299	LOSS: 15.53	MAE: 16.20	RMSE: 32.21
Epoch 300	LOSS: 15.52	MAE: 16.15	RMSE: 32.21
Epoch 301	LOSS: 15.65	MAE: 16.16	RMSE: 32.20
Epoch 302	LOSS: 15.39	MAE: 16.17	RMSE: 32.20
Epoch 303	LOSS: 15.56	MAE: 16.17	RMSE: 32.23
Epoch 304	LOSS: 15.57	MAE: 16.15	RMSE: 32.20
Epoch 305	LOSS: 15.43	MAE: 16.18	RMSE: 32.20
Epoch 306	LOSS: 15.44	MAE: 16.16	RMSE: 32.21
Epoch 307	LOSS: 15.45	MAE: 16.13	RMSE: 32.19
Epoch 308	LOSS: 15.57	MAE: 16.20	RMSE: 32.24
Epoch 309	LOSS: 15.50	MAE: 16.19	RMSE: 32.23
Epoch 310	LOSS: 15.39	MAE: 16.12	RMSE: 32.21
Epoch 311	LOSS: 15.33	MAE: 16.11	RMSE: 32.18
Epoch 312	LOSS: 15.45	MAE: 16.19	RMSE: 32.21
Epoch 313	LOSS: 15.48	MAE: 16.12	RMSE: 32.19
Epoch 314	LOSS: 15.34	MAE: 16.12	RMSE: 32.18
Epoch 315	LOSS: 15.39	MAE: 16.14	RMSE: 32.19
Epoch 316	LOSS: 15.38	MAE: 16.17	RMSE: 32.21
Epoch 317	LOSS: 15.37	MAE: 16.11	RMSE: 32.19
Epoch 318	LOSS: 15.39	MAE: 16.14	RMSE: 32.20
Epoch 319	LOSS: 15.36	MAE: 16.14	RMSE: 32.18
Epoch 320	LOSS: 15.36	MAE: 16.10	RMSE: 32.18
Epoch 321	LOSS: 15.36	MAE: 16.15	RMSE: 32.20
Epoch 322	LOSS: 15.41	MAE: 16.19	RMSE: 32.25
Epoch 323	LOSS: 15.40	MAE: 16.13	RMSE: 32.20
Epoch 324	LOSS: 15.29	MAE: 16.14	RMSE: 32.19
Epoch 325	LOSS: 15.36	MAE: 16.17	RMSE: 32.21
Epoch 326	LOSS: 15.38	MAE: 16.10	RMSE: 32.17
Epoch 327	LOSS: 15.34	MAE: 16.05	RMSE: 32.15
Epoch 328	LOSS: 15.35	MAE: 16.07	RMSE: 32.15
Epoch 329	LOSS: 15.44	MAE: 16.18	RMSE: 32.19
Epoch 330	LOSS: 15.29	MAE: 16.10	RMSE: 32.15
Epoch 331	LOSS: 15.27	MAE: 16.08	RMSE: 32.16
Epoch 332	LOSS: 15.37	MAE: 16.10	RMSE: 32.17
Epoch 333	LOSS: 15.31	MAE: 16.07	RMSE: 32.16
Epoch 334	LOSS: 15.29	MAE: 16.05	RMSE: 32.16
Epoch 335	LOSS: 15.28	MAE: 16.07	RMSE: 32.15
Epoch 336	LOSS: 15.42	MAE: 16.08	RMSE: 32.15
Epoch 337	LOSS: 15.49	MAE: 16.14	RMSE: 32.15
Epoch 338	LOSS: 15.28	MAE: 16.16	RMSE: 32.18
Epoch 339	LOSS: 15.25	MAE: 16.05	RMSE: 32.13
Epoch 340	LOSS: 15.30	MAE: 16.04	RMSE: 32.12
Epoch 341	LOSS: 15.32	MAE: 16.05	RMSE: 32.15
Epoch 342	LOSS: 15.27	MAE: 16.04	RMSE: 32.13
Epoch 343	LOSS: 15.27	MAE: 16.04	RMSE: 32.12
Epoch 344	LOSS: 15.42	MAE: 16.04	RMSE: 32.14
Epoch 345	LOSS: 15.58	MAE: 16.09	RMSE: 32.17
Epoch 346	LOSS: 15.32	MAE: 16.09	RMSE: 32.14
Epoch 347	LOSS: 15.16	MAE: 16.05	RMSE: 32.15
Epoch 348	LOSS: 15.83	MAE: 16.12	RMSE: 32.20
Epoch 349	LOSS: 15.77	MAE: 16.29	RMSE: 32.20
Epoch 350	LOSS: 15.78	MAE: 16.16	RMSE: 32.21
Epoch 351	LOSS: 15.46	MAE: 16.12	RMSE: 32.14
Epoch 352	LOSS: 15.57	MAE: 16.03	RMSE: 32.14
Epoch 353	LOSS: 15.53	MAE: 16.12	RMSE: 32.14
Epoch 354	LOSS: 15.38	MAE: 16.11	RMSE: 32.14
Epoch 355	LOSS: 15.31	MAE: 16.05	RMSE: 32.13
Epoch 356	LOSS: 15.20	MAE: 16.05	RMSE: 32.12
Epoch 357	LOSS: 15.37	MAE: 16.08	RMSE: 32.18
Epoch 358	LOSS: 15.25	MAE: 16.03	RMSE: 32.12
Epoch 359	LOSS: 15.18	MAE: 16.00	RMSE: 32.13
Epoch 360	LOSS: 15.25	MAE: 16.04	RMSE: 32.12
Epoch 361	LOSS: 15.41	MAE: 16.07	RMSE: 32.17
Epoch 362	LOSS: 15.21	MAE: 16.02	RMSE: 32.13
Epoch 363	LOSS: 15.24	MAE: 16.06	RMSE: 32.13
Epoch 364	LOSS: 15.25	MAE: 15.99	RMSE: 32.11
Epoch 365	LOSS: 15.13	MAE: 16.00	RMSE: 32.11
Epoch 366	LOSS: 15.24	MAE: 16.00	RMSE: 32.11
Epoch 367	LOSS: 15.23	MAE: 16.05	RMSE: 32.11
Epoch 368	LOSS: 15.22	MAE: 16.05	RMSE: 32.12
Epoch 369	LOSS: 15.28	MAE: 16.01	RMSE: 32.11
Epoch 370	LOSS: 15.16	MAE: 16.00	RMSE: 32.12
Epoch 371	LOSS: 15.17	MAE: 15.98	RMSE: 32.09
Epoch 372	LOSS: 15.24	MAE: 16.01	RMSE: 32.12
Epoch 373	LOSS: 15.15	MAE: 16.03	RMSE: 32.12
Epoch 374	LOSS: 15.11	MAE: 16.00	RMSE: 32.12
Epoch 375	LOSS: 15.15	MAE: 15.98	RMSE: 32.10
Epoch 376	LOSS: 15.14	MAE: 15.99	RMSE: 32.10
Epoch 377	LOSS: 15.39	MAE: 15.96	RMSE: 32.10
Epoch 378	LOSS: 15.23	MAE: 16.01	RMSE: 32.12
Epoch 379	LOSS: 15.17	MAE: 15.99	RMSE: 32.11
Epoch 380	LOSS: 15.20	MAE: 15.98	RMSE: 32.11
Epoch 381	LOSS: 15.44	MAE: 16.01	RMSE: 32.13
Epoch 382	LOSS: 15.20	MAE: 15.97	RMSE: 32.09
Epoch 383	LOSS: 15.21	MAE: 15.96	RMSE: 32.10
Epoch 384	LOSS: 15.31	MAE: 16.03	RMSE: 32.13
Epoch 385	LOSS: 15.20	MAE: 16.01	RMSE: 32.12
Epoch 386	LOSS: 15.15	MAE: 15.94	RMSE: 32.08
Epoch 387	LOSS: 15.09	MAE: 15.98	RMSE: 32.10
Epoch 388	LOSS: 15.07	MAE: 15.98	RMSE: 32.12
Epoch 389	LOSS: 15.13	MAE: 16.01	RMSE: 32.13
Epoch 390	LOSS: 15.06	MAE: 15.97	RMSE: 32.09
Epoch 391	LOSS: 15.08	MAE: 15.95	RMSE: 32.08
Epoch 392	LOSS: 15.11	MAE: 16.00	RMSE: 32.12
Epoch 393	LOSS: 15.11	MAE: 15.97	RMSE: 32.09
Epoch 394	LOSS: 15.36	MAE: 15.99	RMSE: 32.12
Epoch 395	LOSS: 15.12	MAE: 15.98	RMSE: 32.12
Epoch 396	LOSS: 15.10	MAE: 15.99	RMSE: 32.10
Epoch 397	LOSS: 15.07	MAE: 15.98	RMSE: 32.10
Epoch 398	LOSS: 15.16	MAE: 15.98	RMSE: 32.10
Epoch 399	LOSS: 15.27	MAE: 15.96	RMSE: 32.07
Epoch 400	LOSS: 15.10	MAE: 15.95	RMSE: 32.08
Epoch 401	LOSS: 15.10	MAE: 15.97	RMSE: 32.10
Epoch 402	LOSS: 15.25	MAE: 15.97	RMSE: 32.11
Epoch 403	LOSS: 15.15	MAE: 15.95	RMSE: 32.08
Epoch 404	LOSS: 15.19	MAE: 15.96	RMSE: 32.09
Epoch 405	LOSS: 15.11	MAE: 16.00	RMSE: 32.08
Epoch 406	LOSS: 15.06	MAE: 15.97	RMSE: 32.07
Epoch 407	LOSS: 15.07	MAE: 15.93	RMSE: 32.07
Epoch 408	LOSS: 15.08	MAE: 16.03	RMSE: 32.10
Epoch 409	LOSS: 15.11	MAE: 15.97	RMSE: 32.11
Epoch 410	LOSS: 15.05	MAE: 15.94	RMSE: 32.08
Epoch 411	LOSS: 15.00	MAE: 15.90	RMSE: 32.06
Epoch 412	LOSS: 15.09	MAE: 15.95	RMSE: 32.08
Epoch 413	LOSS: 14.95	MAE: 15.94	RMSE: 32.07
Epoch 414	LOSS: 15.07	MAE: 15.97	RMSE: 32.09
Epoch 415	LOSS: 15.06	MAE: 15.90	RMSE: 32.05
Epoch 416	LOSS: 15.14	MAE: 15.94	RMSE: 32.07
Epoch 417	LOSS: 15.08	MAE: 16.00	RMSE: 32.08
Epoch 418	LOSS: 15.07	MAE: 15.99	RMSE: 32.08
Epoch 419	LOSS: 14.99	MAE: 15.94	RMSE: 32.07
Epoch 420	LOSS: 15.24	MAE: 16.03	RMSE: 32.14
Epoch 421	LOSS: 15.17	MAE: 15.96	RMSE: 32.09
Epoch 422	LOSS: 15.15	MAE: 15.94	RMSE: 32.08
Epoch 423	LOSS: 15.06	MAE: 15.96	RMSE: 32.09
Epoch 424	LOSS: 14.98	MAE: 15.95	RMSE: 32.07
Epoch 425	LOSS: 15.09	MAE: 15.94	RMSE: 32.07
Epoch 426	LOSS: 15.16	MAE: 16.06	RMSE: 32.09
Epoch 427	LOSS: 15.04	MAE: 15.97	RMSE: 32.10
Epoch 428	LOSS: 15.05	MAE: 15.94	RMSE: 32.05
Epoch 429	LOSS: 14.96	MAE: 15.96	RMSE: 32.09
Epoch 430	LOSS: 14.99	MAE: 15.95	RMSE: 32.08
Epoch 431	LOSS: 15.05	MAE: 15.90	RMSE: 32.07
Epoch 432	LOSS: 15.03	MAE: 15.95	RMSE: 32.09
Epoch 433	LOSS: 15.26	MAE: 16.06	RMSE: 32.08
Epoch 434	LOSS: 15.00	MAE: 15.90	RMSE: 32.04
Epoch 435	LOSS: 15.06	MAE: 15.93	RMSE: 32.07
Epoch 436	LOSS: 14.95	MAE: 15.94	RMSE: 32.07
Epoch 437	LOSS: 15.08	MAE: 16.04	RMSE: 32.14
Epoch 438	LOSS: 14.94	MAE: 15.93	RMSE: 32.06
Epoch 439	LOSS: 15.02	MAE: 15.94	RMSE: 32.08
Epoch 440	LOSS: 14.97	MAE: 15.95	RMSE: 32.07
Epoch 441	LOSS: 14.95	MAE: 15.91	RMSE: 32.04
Epoch 442	LOSS: 15.13	MAE: 15.89	RMSE: 32.05
Epoch 443	LOSS: 15.14	MAE: 15.95	RMSE: 32.09
Epoch 444	LOSS: 14.96	MAE: 15.92	RMSE: 32.07
Epoch 445	LOSS: 15.10	MAE: 15.95	RMSE: 32.06
Epoch 446	LOSS: 14.93	MAE: 15.90	RMSE: 32.04
Epoch 447	LOSS: 15.07	MAE: 15.91	RMSE: 32.07
Epoch 448	LOSS: 14.98	MAE: 15.90	RMSE: 32.05
Epoch 449	LOSS: 14.95	MAE: 15.88	RMSE: 32.04
Epoch 450	LOSS: 14.95	MAE: 15.99	RMSE: 32.12
Epoch 451	LOSS: 14.97	MAE: 16.07	RMSE: 32.17
Epoch 452	LOSS: 14.96	MAE: 15.90	RMSE: 32.04
Epoch 453	LOSS: 14.99	MAE: 15.90	RMSE: 32.04
Epoch 454	LOSS: 14.95	MAE: 15.89	RMSE: 32.04
Epoch 455	LOSS: 15.01	MAE: 15.92	RMSE: 32.05
Epoch 456	LOSS: 15.27	MAE: 16.00	RMSE: 32.06
Epoch 457	LOSS: 15.39	MAE: 15.99	RMSE: 32.10
Epoch 458	LOSS: 15.27	MAE: 15.93	RMSE: 32.04
Epoch 459	LOSS: 15.03	MAE: 15.92	RMSE: 32.05
Epoch 460	LOSS: 15.51	MAE: 15.99	RMSE: 32.11
Epoch 461	LOSS: 15.02	MAE: 15.92	RMSE: 32.03
Epoch 462	LOSS: 15.41	MAE: 16.02	RMSE: 32.12
Epoch 463	LOSS: 15.50	MAE: 16.17	RMSE: 32.11
Epoch 464	LOSS: 14.95	MAE: 15.85	RMSE: 32.03
Epoch 465	LOSS: 14.83	MAE: 15.86	RMSE: 32.02
Epoch 466	LOSS: 14.94	MAE: 15.86	RMSE: 32.05
Epoch 467	LOSS: 14.98	MAE: 15.89	RMSE: 32.05
Epoch 468	LOSS: 14.93	MAE: 15.91	RMSE: 32.04
Epoch 469	LOSS: 15.02	MAE: 15.95	RMSE: 32.05
Epoch 470	LOSS: 14.89	MAE: 15.86	RMSE: 32.04
Epoch 471	LOSS: 14.90	MAE: 15.88	RMSE: 32.03
Epoch 472	LOSS: 15.03	MAE: 15.87	RMSE: 32.06
Epoch 473	LOSS: 15.01	MAE: 15.86	RMSE: 32.05
Epoch 474	LOSS: 14.86	MAE: 15.93	RMSE: 32.05
Epoch 475	LOSS: 14.92	MAE: 15.85	RMSE: 32.02
Epoch 476	LOSS: 14.94	MAE: 15.97	RMSE: 32.07
Epoch 477	LOSS: 14.87	MAE: 15.86	RMSE: 32.04
Epoch 478	LOSS: 14.92	MAE: 15.87	RMSE: 32.04
Epoch 479	LOSS: 14.91	MAE: 15.86	RMSE: 32.04
Epoch 480	LOSS: 14.94	MAE: 15.88	RMSE: 32.05
Epoch 481	LOSS: 14.92	MAE: 15.94	RMSE: 32.06
Epoch 482	LOSS: 14.93	MAE: 15.85	RMSE: 32.03
Epoch 483	LOSS: 15.00	MAE: 15.94	RMSE: 32.06
Epoch 484	LOSS: 14.95	MAE: 15.83	RMSE: 32.03
Epoch 485	LOSS: 14.93	MAE: 15.88	RMSE: 32.04
Epoch 486	LOSS: 15.03	MAE: 15.87	RMSE: 32.06
Epoch 487	LOSS: 15.06	MAE: 15.90	RMSE: 32.05
Epoch 488	LOSS: 14.82	MAE: 15.86	RMSE: 32.03
Epoch 489	LOSS: 14.90	MAE: 15.87	RMSE: 32.04
Epoch 490	LOSS: 14.84	MAE: 15.87	RMSE: 32.05
Epoch 491	LOSS: 14.89	MAE: 15.86	RMSE: 32.04
Epoch 492	LOSS: 14.87	MAE: 15.84	RMSE: 32.04
Epoch 493	LOSS: 14.83	MAE: 15.85	RMSE: 32.03
Epoch 494	LOSS: 14.90	MAE: 15.87	RMSE: 32.03
Epoch 495	LOSS: 14.96	MAE: 15.87	RMSE: 32.06
Epoch 496	LOSS: 14.89	MAE: 15.86	RMSE: 32.04
Epoch 497	LOSS: 14.98	MAE: 15.85	RMSE: 32.02
Epoch 498	LOSS: 15.01	MAE: 15.93	RMSE: 32.08
Epoch 499	LOSS: 14.93	MAE: 15.96	RMSE: 32.14
