Epoch 000	LOSS: 139.35	MAE: 73.06	RMSE: 86.08
Epoch 001	LOSS: 132.88	MAE: 72.09	RMSE: 85.22
Epoch 002	LOSS: 115.05	MAE: 69.10	RMSE: 82.49
Epoch 003	LOSS: 87.89	MAE: 64.42	RMSE: 77.70
Epoch 004	LOSS: 63.33	MAE: 60.05	RMSE: 74.20
Epoch 005	LOSS: 47.97	MAE: 58.39	RMSE: 73.56
Epoch 006	LOSS: 32.15	MAE: 56.93	RMSE: 73.49
Epoch 007	LOSS: 26.95	MAE: 56.76	RMSE: 73.99
Epoch 008	LOSS: 26.82	MAE: 56.82	RMSE: 74.10
Epoch 009	LOSS: 26.67	MAE: 56.85	RMSE: 74.13
Epoch 010	LOSS: 25.73	MAE: 56.71	RMSE: 74.09
Epoch 011	LOSS: 26.08	MAE: 56.80	RMSE: 74.12
Epoch 012	LOSS: 25.42	MAE: 56.71	RMSE: 74.09
Epoch 013	LOSS: 24.75	MAE: 56.59	RMSE: 74.04
Epoch 014	LOSS: 24.76	MAE: 56.51	RMSE: 73.96
Epoch 015	LOSS: 24.37	MAE: 56.43	RMSE: 73.89
Epoch 016	LOSS: 24.05	MAE: 56.40	RMSE: 73.91
Epoch 017	LOSS: 23.88	MAE: 56.40	RMSE: 73.92
Epoch 018	LOSS: 23.57	MAE: 56.30	RMSE: 73.88
Epoch 019	LOSS: 23.71	MAE: 56.28	RMSE: 73.85
Epoch 020	LOSS: 23.68	MAE: 56.21	RMSE: 73.79
Epoch 021	LOSS: 23.93	MAE: 56.23	RMSE: 73.78
Epoch 022	LOSS: 24.00	MAE: 56.19	RMSE: 73.74
Epoch 023	LOSS: 23.77	MAE: 56.13	RMSE: 73.68
Epoch 024	LOSS: 22.91	MAE: 55.99	RMSE: 73.63
Epoch 025	LOSS: 23.55	MAE: 56.02	RMSE: 73.60
Epoch 026	LOSS: 22.67	MAE: 55.90	RMSE: 73.54
Epoch 027	LOSS: 22.87	MAE: 55.92	RMSE: 73.54
Epoch 028	LOSS: 23.40	MAE: 55.99	RMSE: 73.56
Epoch 029	LOSS: 23.00	MAE: 55.97	RMSE: 73.56
Epoch 030	LOSS: 22.68	MAE: 55.88	RMSE: 73.53
Epoch 031	LOSS: 22.34	MAE: 55.84	RMSE: 73.50
Epoch 032	LOSS: 22.41	MAE: 55.86	RMSE: 73.52
Epoch 033	LOSS: 21.97	MAE: 55.80	RMSE: 73.50
Epoch 034	LOSS: 21.75	MAE: 55.75	RMSE: 73.47
Epoch 035	LOSS: 22.02	MAE: 55.78	RMSE: 73.46
Epoch 036	LOSS: 21.75	MAE: 55.74	RMSE: 73.45
Epoch 037	LOSS: 21.50	MAE: 55.67	RMSE: 73.40
Epoch 038	LOSS: 22.11	MAE: 55.73	RMSE: 73.38
Epoch 039	LOSS: 21.78	MAE: 55.71	RMSE: 73.41
Epoch 040	LOSS: 21.58	MAE: 55.67	RMSE: 73.41
Epoch 041	LOSS: 21.35	MAE: 55.65	RMSE: 73.40
Epoch 042	LOSS: 20.79	MAE: 55.58	RMSE: 73.40
Epoch 043	LOSS: 21.14	MAE: 55.60	RMSE: 73.40
Epoch 044	LOSS: 20.91	MAE: 55.57	RMSE: 73.41
Epoch 045	LOSS: 20.62	MAE: 55.55	RMSE: 73.43
Epoch 046	LOSS: 20.52	MAE: 55.52	RMSE: 73.43
Epoch 047	LOSS: 20.41	MAE: 55.49	RMSE: 73.40
Epoch 048	LOSS: 19.46	MAE: 55.37	RMSE: 73.39
Epoch 049	LOSS: 19.49	MAE: 55.39	RMSE: 73.41
Epoch 050	LOSS: 19.43	MAE: 55.36	RMSE: 73.40
Epoch 051	LOSS: 20.36	MAE: 55.46	RMSE: 73.40
Epoch 052	LOSS: 19.86	MAE: 55.41	RMSE: 73.41
Epoch 053	LOSS: 19.19	MAE: 55.31	RMSE: 73.40
Epoch 054	LOSS: 18.71	MAE: 55.26	RMSE: 73.38
Epoch 055	LOSS: 18.57	MAE: 55.22	RMSE: 73.37
Epoch 056	LOSS: 19.33	MAE: 55.32	RMSE: 73.39
Epoch 057	LOSS: 18.56	MAE: 55.24	RMSE: 73.38
Epoch 058	LOSS: 18.27	MAE: 55.21	RMSE: 73.39
Epoch 059	LOSS: 18.37	MAE: 55.21	RMSE: 73.38
Epoch 060	LOSS: 18.54	MAE: 55.24	RMSE: 73.39
Epoch 061	LOSS: 18.58	MAE: 55.25	RMSE: 73.40
Epoch 062	LOSS: 18.32	MAE: 55.21	RMSE: 73.40
Epoch 063	LOSS: 18.16	MAE: 55.22	RMSE: 73.41
Epoch 064	LOSS: 18.46	MAE: 55.24	RMSE: 73.41
Epoch 065	LOSS: 17.51	MAE: 55.15	RMSE: 73.40
Epoch 066	LOSS: 18.00	MAE: 55.22	RMSE: 73.43
Epoch 067	LOSS: 17.77	MAE: 55.19	RMSE: 73.43
Epoch 068	LOSS: 17.72	MAE: 55.17	RMSE: 73.42
Epoch 069	LOSS: 17.86	MAE: 55.19	RMSE: 73.41
Epoch 070	LOSS: 17.87	MAE: 55.20	RMSE: 73.43
Epoch 071	LOSS: 17.78	MAE: 55.17	RMSE: 73.41
Epoch 072	LOSS: 17.68	MAE: 55.17	RMSE: 73.43
Epoch 073	LOSS: 17.66	MAE: 55.18	RMSE: 73.43
Epoch 074	LOSS: 17.64	MAE: 55.19	RMSE: 73.44
Epoch 075	LOSS: 17.83	MAE: 55.21	RMSE: 73.46
Epoch 076	LOSS: 17.40	MAE: 55.18	RMSE: 73.46
Epoch 077	LOSS: 17.52	MAE: 55.18	RMSE: 73.45
Epoch 078	LOSS: 17.17	MAE: 55.16	RMSE: 73.46
Epoch 079	LOSS: 17.88	MAE: 55.23	RMSE: 73.47
Epoch 080	LOSS: 17.22	MAE: 55.16	RMSE: 73.45
Epoch 081	LOSS: 17.62	MAE: 55.22	RMSE: 73.47
Epoch 082	LOSS: 17.22	MAE: 55.18	RMSE: 73.47
Epoch 083	LOSS: 17.49	MAE: 55.21	RMSE: 73.49
Epoch 084	LOSS: 17.20	MAE: 55.20	RMSE: 73.49
Epoch 085	LOSS: 17.41	MAE: 55.23	RMSE: 73.51
Epoch 086	LOSS: 17.14	MAE: 55.19	RMSE: 73.49
Epoch 087	LOSS: 17.02	MAE: 55.19	RMSE: 73.51
Epoch 088	LOSS: 17.23	MAE: 55.20	RMSE: 73.50
Epoch 089	LOSS: 16.89	MAE: 55.15	RMSE: 73.48
Epoch 090	LOSS: 17.03	MAE: 55.20	RMSE: 73.51
Epoch 091	LOSS: 16.55	MAE: 55.16	RMSE: 73.51
Epoch 092	LOSS: 16.88	MAE: 55.20	RMSE: 73.52
Epoch 093	LOSS: 16.80	MAE: 55.17	RMSE: 73.51
Epoch 094	LOSS: 17.50	MAE: 55.28	RMSE: 73.55
Epoch 095	LOSS: 16.81	MAE: 55.19	RMSE: 73.52
Epoch 096	LOSS: 16.96	MAE: 55.21	RMSE: 73.53
Epoch 097	LOSS: 17.09	MAE: 55.23	RMSE: 73.54
Epoch 098	LOSS: 16.86	MAE: 55.19	RMSE: 73.53
Epoch 099	LOSS: 16.36	MAE: 55.14	RMSE: 73.52
Epoch 100	LOSS: 16.66	MAE: 55.19	RMSE: 73.55
Epoch 101	LOSS: 16.77	MAE: 55.24	RMSE: 73.58
Epoch 102	LOSS: 16.38	MAE: 55.18	RMSE: 73.55
Epoch 103	LOSS: 16.47	MAE: 55.17	RMSE: 73.55
Epoch 104	LOSS: 16.51	MAE: 55.20	RMSE: 73.57
Epoch 105	LOSS: 16.79	MAE: 55.22	RMSE: 73.56
Epoch 106	LOSS: 16.09	MAE: 55.14	RMSE: 73.55
Epoch 107	LOSS: 16.15	MAE: 55.15	RMSE: 73.55
Epoch 108	LOSS: 16.03	MAE: 55.14	RMSE: 73.54
Epoch 109	LOSS: 16.67	MAE: 55.21	RMSE: 73.54
Epoch 110	LOSS: 16.88	MAE: 55.21	RMSE: 73.55
Epoch 111	LOSS: 16.16	MAE: 55.15	RMSE: 73.55
Epoch 112	LOSS: 16.72	MAE: 55.22	RMSE: 73.57
Epoch 113	LOSS: 16.69	MAE: 55.23	RMSE: 73.58
Epoch 114	LOSS: 16.35	MAE: 55.18	RMSE: 73.57
Epoch 115	LOSS: 16.43	MAE: 55.20	RMSE: 73.58
Epoch 116	LOSS: 16.21	MAE: 55.19	RMSE: 73.59
Epoch 117	LOSS: 16.11	MAE: 55.20	RMSE: 73.60
Epoch 118	LOSS: 16.51	MAE: 55.25	RMSE: 73.62
Epoch 119	LOSS: 16.45	MAE: 55.25	RMSE: 73.63
Epoch 120	LOSS: 16.01	MAE: 55.21	RMSE: 73.63
Epoch 121	LOSS: 15.89	MAE: 55.19	RMSE: 73.62
Epoch 122	LOSS: 16.77	MAE: 55.30	RMSE: 73.65
Epoch 123	LOSS: 16.21	MAE: 55.24	RMSE: 73.64
Epoch 124	LOSS: 16.21	MAE: 55.25	RMSE: 73.65
Epoch 125	LOSS: 16.40	MAE: 55.28	RMSE: 73.67
Epoch 126	LOSS: 16.12	MAE: 55.25	RMSE: 73.65
Epoch 127	LOSS: 16.11	MAE: 55.25	RMSE: 73.67
Epoch 128	LOSS: 15.98	MAE: 55.25	RMSE: 73.67
Epoch 129	LOSS: 16.78	MAE: 55.32	RMSE: 73.68
Epoch 130	LOSS: 15.98	MAE: 55.24	RMSE: 73.67
Epoch 131	LOSS: 15.90	MAE: 55.24	RMSE: 73.67
Epoch 132	LOSS: 16.04	MAE: 55.25	RMSE: 73.68
Epoch 133	LOSS: 16.07	MAE: 55.27	RMSE: 73.69
Epoch 134	LOSS: 16.10	MAE: 55.28	RMSE: 73.70
Epoch 135	LOSS: 15.87	MAE: 55.26	RMSE: 73.69
Epoch 136	LOSS: 16.19	MAE: 55.29	RMSE: 73.70
Epoch 137	LOSS: 16.11	MAE: 55.29	RMSE: 73.70
Epoch 138	LOSS: 16.21	MAE: 55.31	RMSE: 73.72
Epoch 139	LOSS: 16.50	MAE: 55.33	RMSE: 73.72
Epoch 140	LOSS: 15.87	MAE: 55.26	RMSE: 73.70
Epoch 141	LOSS: 16.15	MAE: 55.29	RMSE: 73.72
Epoch 142	LOSS: 16.01	MAE: 55.28	RMSE: 73.72
Epoch 143	LOSS: 15.76	MAE: 55.26	RMSE: 73.71
Epoch 144	LOSS: 16.01	MAE: 55.29	RMSE: 73.72
Epoch 145	LOSS: 15.94	MAE: 55.28	RMSE: 73.72
Epoch 146	LOSS: 17.16	MAE: 55.45	RMSE: 73.75
Epoch 147	LOSS: 16.09	MAE: 55.30	RMSE: 73.73
Epoch 148	LOSS: 15.74	MAE: 55.26	RMSE: 73.72
Epoch 149	LOSS: 15.77	MAE: 55.26	RMSE: 73.73
Epoch 150	LOSS: 15.72	MAE: 55.26	RMSE: 73.72
Epoch 151	LOSS: 15.78	MAE: 55.27	RMSE: 73.73
Epoch 152	LOSS: 16.02	MAE: 55.29	RMSE: 73.73
Epoch 153	LOSS: 15.72	MAE: 55.28	RMSE: 73.74
Epoch 154	LOSS: 15.50	MAE: 55.25	RMSE: 73.73
Epoch 155	LOSS: 15.75	MAE: 55.26	RMSE: 73.73
Epoch 156	LOSS: 15.91	MAE: 55.29	RMSE: 73.74
Epoch 157	LOSS: 15.65	MAE: 55.26	RMSE: 73.73
Epoch 158	LOSS: 15.43	MAE: 55.24	RMSE: 73.73
Epoch 159	LOSS: 15.70	MAE: 55.27	RMSE: 73.73
Epoch 160	LOSS: 16.19	MAE: 55.32	RMSE: 73.74
Epoch 161	LOSS: 15.75	MAE: 55.26	RMSE: 73.73
Epoch 162	LOSS: 15.58	MAE: 55.26	RMSE: 73.74
Epoch 163	LOSS: 15.22	MAE: 55.23	RMSE: 73.73
Epoch 164	LOSS: 15.46	MAE: 55.24	RMSE: 73.73
Epoch 165	LOSS: 15.46	MAE: 55.22	RMSE: 73.72
Epoch 166	LOSS: 15.33	MAE: 55.23	RMSE: 73.73
Epoch 167	LOSS: 15.72	MAE: 55.26	RMSE: 73.73
Epoch 168	LOSS: 15.34	MAE: 55.25	RMSE: 73.74
Epoch 169	LOSS: 15.79	MAE: 55.26	RMSE: 73.74
Epoch 170	LOSS: 15.88	MAE: 55.30	RMSE: 73.75
Epoch 171	LOSS: 15.40	MAE: 55.23	RMSE: 73.73
Epoch 172	LOSS: 15.78	MAE: 55.28	RMSE: 73.74
Epoch 173	LOSS: 15.51	MAE: 55.25	RMSE: 73.74
Epoch 174	LOSS: 15.49	MAE: 55.26	RMSE: 73.74
Epoch 175	LOSS: 15.56	MAE: 55.27	RMSE: 73.75
Epoch 176	LOSS: 15.23	MAE: 55.25	RMSE: 73.74
Epoch 177	LOSS: 15.13	MAE: 55.23	RMSE: 73.74
Epoch 178	LOSS: 15.54	MAE: 55.29	RMSE: 73.76
Epoch 179	LOSS: 15.45	MAE: 55.29	RMSE: 73.77
Epoch 180	LOSS: 15.41	MAE: 55.27	RMSE: 73.77
Epoch 181	LOSS: 15.31	MAE: 55.27	RMSE: 73.76
Epoch 182	LOSS: 15.23	MAE: 55.26	RMSE: 73.76
Epoch 183	LOSS: 15.83	MAE: 55.32	RMSE: 73.77
Epoch 184	LOSS: 15.11	MAE: 55.25	RMSE: 73.76
Epoch 185	LOSS: 15.10	MAE: 55.24	RMSE: 73.75
Epoch 186	LOSS: 15.30	MAE: 55.26	RMSE: 73.76
Epoch 187	LOSS: 15.30	MAE: 55.25	RMSE: 73.75
Epoch 188	LOSS: 15.44	MAE: 55.27	RMSE: 73.76
Epoch 189	LOSS: 15.25	MAE: 55.26	RMSE: 73.76
Epoch 190	LOSS: 15.22	MAE: 55.25	RMSE: 73.75
Epoch 191	LOSS: 15.20	MAE: 55.26	RMSE: 73.76
Epoch 192	LOSS: 15.53	MAE: 55.29	RMSE: 73.77
Epoch 193	LOSS: 15.17	MAE: 55.23	RMSE: 73.75
Epoch 194	LOSS: 15.20	MAE: 55.25	RMSE: 73.76
Epoch 195	LOSS: 15.26	MAE: 55.26	RMSE: 73.76
Epoch 196	LOSS: 15.06	MAE: 55.24	RMSE: 73.76
Epoch 197	LOSS: 15.11	MAE: 55.25	RMSE: 73.76
Epoch 198	LOSS: 15.23	MAE: 55.26	RMSE: 73.76
Epoch 199	LOSS: 15.15	MAE: 55.26	RMSE: 73.76
Epoch 200	LOSS: 15.23	MAE: 55.25	RMSE: 73.76
Epoch 201	LOSS: 15.31	MAE: 55.28	RMSE: 73.77
Epoch 202	LOSS: 15.56	MAE: 55.29	RMSE: 73.77
Epoch 203	LOSS: 15.17	MAE: 55.26	RMSE: 73.77
Epoch 204	LOSS: 14.95	MAE: 55.23	RMSE: 73.76
Epoch 205	LOSS: 14.87	MAE: 55.23	RMSE: 73.76
Epoch 206	LOSS: 15.14	MAE: 55.25	RMSE: 73.76
Epoch 207	LOSS: 15.16	MAE: 55.26	RMSE: 73.77
Epoch 208	LOSS: 15.22	MAE: 55.27	RMSE: 73.77
Epoch 209	LOSS: 15.07	MAE: 55.24	RMSE: 73.76
Epoch 210	LOSS: 14.90	MAE: 55.23	RMSE: 73.76
Epoch 211	LOSS: 14.90	MAE: 55.21	RMSE: 73.75
Epoch 212	LOSS: 15.06	MAE: 55.24	RMSE: 73.76
Epoch 213	LOSS: 15.00	MAE: 55.24	RMSE: 73.76
Epoch 214	LOSS: 14.82	MAE: 55.22	RMSE: 73.76
Epoch 215	LOSS: 14.90	MAE: 55.23	RMSE: 73.76
Epoch 216	LOSS: 15.03	MAE: 55.24	RMSE: 73.76
Epoch 217	LOSS: 14.89	MAE: 55.23	RMSE: 73.76
Epoch 218	LOSS: 15.12	MAE: 55.26	RMSE: 73.77
Epoch 219	LOSS: 14.98	MAE: 55.24	RMSE: 73.77
Epoch 220	LOSS: 14.95	MAE: 55.24	RMSE: 73.77
Epoch 221	LOSS: 15.09	MAE: 55.26	RMSE: 73.77
Epoch 222	LOSS: 15.07	MAE: 55.24	RMSE: 73.77
Epoch 223	LOSS: 14.75	MAE: 55.22	RMSE: 73.76
Epoch 224	LOSS: 14.64	MAE: 55.21	RMSE: 73.76
Epoch 225	LOSS: 14.92	MAE: 55.24	RMSE: 73.77
Epoch 226	LOSS: 15.03	MAE: 55.24	RMSE: 73.77
Epoch 227	LOSS: 14.96	MAE: 55.24	RMSE: 73.77
Epoch 228	LOSS: 14.79	MAE: 55.22	RMSE: 73.76
Epoch 229	LOSS: 14.99	MAE: 55.25	RMSE: 73.77
Epoch 230	LOSS: 14.98	MAE: 55.25	RMSE: 73.77
Epoch 231	LOSS: 14.96	MAE: 55.25	RMSE: 73.77
Epoch 232	LOSS: 14.68	MAE: 55.22	RMSE: 73.76
Epoch 233	LOSS: 14.68	MAE: 55.22	RMSE: 73.76
Epoch 234	LOSS: 14.88	MAE: 55.24	RMSE: 73.77
Epoch 235	LOSS: 14.68	MAE: 55.22	RMSE: 73.76
Epoch 236	LOSS: 14.84	MAE: 55.23	RMSE: 73.77
Epoch 237	LOSS: 14.57	MAE: 55.21	RMSE: 73.76
Epoch 238	LOSS: 14.59	MAE: 55.21	RMSE: 73.76
Epoch 239	LOSS: 14.85	MAE: 55.24	RMSE: 73.77
Epoch 240	LOSS: 14.89	MAE: 55.24	RMSE: 73.77
Epoch 241	LOSS: 14.81	MAE: 55.23	RMSE: 73.77
Epoch 242	LOSS: 14.75	MAE: 55.22	RMSE: 73.76
Epoch 243	LOSS: 14.81	MAE: 55.23	RMSE: 73.77
Epoch 244	LOSS: 14.52	MAE: 55.21	RMSE: 73.76
Epoch 245	LOSS: 14.59	MAE: 55.21	RMSE: 73.76
Epoch 246	LOSS: 14.63	MAE: 55.21	RMSE: 73.76
Epoch 247	LOSS: 14.71	MAE: 55.22	RMSE: 73.76
Epoch 248	LOSS: 15.06	MAE: 55.26	RMSE: 73.77
Epoch 249	LOSS: 14.98	MAE: 55.25	RMSE: 73.77
Epoch 250	LOSS: 14.89	MAE: 55.21	RMSE: 73.76
Epoch 251	LOSS: 14.49	MAE: 55.21	RMSE: 73.76
Epoch 252	LOSS: 15.33	MAE: 55.29	RMSE: 73.78
Epoch 253	LOSS: 14.45	MAE: 55.20	RMSE: 73.76
Epoch 254	LOSS: 14.70	MAE: 55.23	RMSE: 73.77
Epoch 255	LOSS: 14.99	MAE: 55.25	RMSE: 73.77
Epoch 256	LOSS: 15.12	MAE: 55.27	RMSE: 73.78
Epoch 257	LOSS: 14.71	MAE: 55.22	RMSE: 73.77
Epoch 258	LOSS: 14.53	MAE: 55.21	RMSE: 73.76
Epoch 259	LOSS: 14.50	MAE: 55.20	RMSE: 73.76
Epoch 260	LOSS: 14.96	MAE: 55.24	RMSE: 73.77
Epoch 261	LOSS: 14.88	MAE: 55.24	RMSE: 73.77
Epoch 262	LOSS: 14.85	MAE: 55.25	RMSE: 73.77
Epoch 263	LOSS: 14.65	MAE: 55.23	RMSE: 73.77
Epoch 264	LOSS: 14.64	MAE: 55.22	RMSE: 73.77
Epoch 265	LOSS: 14.65	MAE: 55.23	RMSE: 73.77
Epoch 266	LOSS: 14.74	MAE: 55.24	RMSE: 73.77
Epoch 267	LOSS: 14.65	MAE: 55.22	RMSE: 73.77
Epoch 268	LOSS: 14.61	MAE: 55.22	RMSE: 73.77
Epoch 269	LOSS: 14.58	MAE: 55.21	RMSE: 73.77
Epoch 270	LOSS: 14.46	MAE: 55.20	RMSE: 73.76
Epoch 271	LOSS: 14.52	MAE: 55.21	RMSE: 73.77
Epoch 272	LOSS: 14.92	MAE: 55.25	RMSE: 73.78
Epoch 273	LOSS: 15.12	MAE: 55.28	RMSE: 73.79
Epoch 274	LOSS: 14.50	MAE: 55.21	RMSE: 73.77
Epoch 275	LOSS: 14.76	MAE: 55.23	RMSE: 73.78
Epoch 276	LOSS: 14.70	MAE: 55.24	RMSE: 73.78
Epoch 277	LOSS: 14.55	MAE: 55.21	RMSE: 73.77
Epoch 278	LOSS: 14.71	MAE: 55.23	RMSE: 73.78
Epoch 279	LOSS: 14.49	MAE: 55.21	RMSE: 73.77
Epoch 280	LOSS: 14.73	MAE: 55.24	RMSE: 73.78
Epoch 281	LOSS: 14.61	MAE: 55.23	RMSE: 73.78
Epoch 282	LOSS: 14.85	MAE: 55.25	RMSE: 73.79
Epoch 283	LOSS: 14.79	MAE: 55.25	RMSE: 73.79
Epoch 284	LOSS: 14.79	MAE: 55.25	RMSE: 73.79
Epoch 285	LOSS: 14.40	MAE: 55.22	RMSE: 73.78
Epoch 286	LOSS: 14.40	MAE: 55.21	RMSE: 73.78
Epoch 287	LOSS: 14.69	MAE: 55.23	RMSE: 73.79
Epoch 288	LOSS: 14.46	MAE: 55.22	RMSE: 73.79
Epoch 289	LOSS: 14.54	MAE: 55.23	RMSE: 73.79
Epoch 290	LOSS: 14.75	MAE: 55.25	RMSE: 73.79
Epoch 291	LOSS: 14.56	MAE: 55.23	RMSE: 73.79
Epoch 292	LOSS: 14.44	MAE: 55.22	RMSE: 73.79
Epoch 293	LOSS: 14.58	MAE: 55.23	RMSE: 73.79
Epoch 294	LOSS: 14.27	MAE: 55.21	RMSE: 73.78
Epoch 295	LOSS: 14.41	MAE: 55.21	RMSE: 73.78
Epoch 296	LOSS: 14.42	MAE: 55.22	RMSE: 73.79
Epoch 297	LOSS: 14.43	MAE: 55.22	RMSE: 73.79
Epoch 298	LOSS: 14.83	MAE: 55.27	RMSE: 73.80
Epoch 299	LOSS: 14.50	MAE: 55.22	RMSE: 73.79
Epoch 300	LOSS: 14.57	MAE: 55.24	RMSE: 73.79
Epoch 301	LOSS: 14.56	MAE: 55.24	RMSE: 73.79
Epoch 302	LOSS: 14.35	MAE: 55.22	RMSE: 73.79
Epoch 303	LOSS: 14.82	MAE: 55.26	RMSE: 73.80
Epoch 304	LOSS: 14.48	MAE: 55.22	RMSE: 73.79
Epoch 305	LOSS: 14.45	MAE: 55.23	RMSE: 73.79
Epoch 306	LOSS: 14.37	MAE: 55.22	RMSE: 73.79
Epoch 307	LOSS: 14.28	MAE: 55.21	RMSE: 73.79
Epoch 308	LOSS: 14.54	MAE: 55.24	RMSE: 73.80
Epoch 309	LOSS: 14.41	MAE: 55.22	RMSE: 73.79
Epoch 310	LOSS: 14.67	MAE: 55.24	RMSE: 73.80
Epoch 311	LOSS: 14.56	MAE: 55.25	RMSE: 73.80
Epoch 312	LOSS: 14.30	MAE: 55.21	RMSE: 73.79
Epoch 313	LOSS: 14.54	MAE: 55.23	RMSE: 73.80
Epoch 314	LOSS: 14.37	MAE: 55.22	RMSE: 73.79
Epoch 315	LOSS: 14.57	MAE: 55.23	RMSE: 73.80
Epoch 316	LOSS: 14.42	MAE: 55.23	RMSE: 73.80
Epoch 317	LOSS: 14.39	MAE: 55.23	RMSE: 73.80
Epoch 318	LOSS: 14.73	MAE: 55.25	RMSE: 73.80
Epoch 319	LOSS: 14.31	MAE: 55.22	RMSE: 73.79
Epoch 320	LOSS: 14.28	MAE: 55.21	RMSE: 73.79
Epoch 321	LOSS: 14.34	MAE: 55.22	RMSE: 73.79
Epoch 322	LOSS: 14.50	MAE: 55.23	RMSE: 73.80
Epoch 323	LOSS: 14.37	MAE: 55.23	RMSE: 73.80
Epoch 324	LOSS: 14.18	MAE: 55.20	RMSE: 73.79
Epoch 325	LOSS: 14.35	MAE: 55.21	RMSE: 73.79
Epoch 326	LOSS: 14.41	MAE: 55.22	RMSE: 73.80
Epoch 327	LOSS: 14.38	MAE: 55.23	RMSE: 73.80
Epoch 328	LOSS: 14.50	MAE: 55.24	RMSE: 73.80
Epoch 329	LOSS: 14.15	MAE: 55.20	RMSE: 73.79
Epoch 330	LOSS: 14.36	MAE: 55.22	RMSE: 73.80
Epoch 331	LOSS: 14.25	MAE: 55.21	RMSE: 73.79
Epoch 332	LOSS: 14.78	MAE: 55.26	RMSE: 73.81
Epoch 333	LOSS: 14.37	MAE: 55.23	RMSE: 73.80
Epoch 334	LOSS: 14.68	MAE: 55.26	RMSE: 73.81
Epoch 335	LOSS: 14.22	MAE: 55.20	RMSE: 73.80
Epoch 336	LOSS: 14.20	MAE: 55.21	RMSE: 73.79
Epoch 337	LOSS: 14.35	MAE: 55.20	RMSE: 73.79
Epoch 338	LOSS: 14.57	MAE: 55.25	RMSE: 73.81
Epoch 339	LOSS: 14.47	MAE: 55.23	RMSE: 73.80
Epoch 340	LOSS: 14.11	MAE: 55.20	RMSE: 73.79
Epoch 341	LOSS: 14.24	MAE: 55.20	RMSE: 73.79
Epoch 342	LOSS: 14.58	MAE: 55.25	RMSE: 73.81
Epoch 343	LOSS: 14.32	MAE: 55.22	RMSE: 73.80
Epoch 344	LOSS: 14.14	MAE: 55.21	RMSE: 73.80
Epoch 345	LOSS: 14.35	MAE: 55.22	RMSE: 73.80
Epoch 346	LOSS: 14.36	MAE: 55.22	RMSE: 73.80
Epoch 347	LOSS: 14.27	MAE: 55.21	RMSE: 73.80
Epoch 348	LOSS: 14.08	MAE: 55.20	RMSE: 73.79
Epoch 349	LOSS: 14.42	MAE: 55.23	RMSE: 73.80
Epoch 350	LOSS: 14.20	MAE: 55.22	RMSE: 73.80
Epoch 351	LOSS: 14.15	MAE: 55.21	RMSE: 73.80
Epoch 352	LOSS: 14.42	MAE: 55.24	RMSE: 73.80
Epoch 353	LOSS: 14.12	MAE: 55.21	RMSE: 73.80
Epoch 354	LOSS: 14.06	MAE: 55.19	RMSE: 73.79
Epoch 355	LOSS: 14.52	MAE: 55.25	RMSE: 73.81
Epoch 356	LOSS: 14.20	MAE: 55.20	RMSE: 73.79
Epoch 357	LOSS: 14.51	MAE: 55.25	RMSE: 73.81
Epoch 358	LOSS: 14.54	MAE: 55.23	RMSE: 73.79
Epoch 359	LOSS: 14.37	MAE: 55.22	RMSE: 73.80
Epoch 360	LOSS: 14.88	MAE: 55.25	RMSE: 73.80
Epoch 361	LOSS: 14.50	MAE: 55.21	RMSE: 73.80
Epoch 362	LOSS: 14.34	MAE: 55.21	RMSE: 73.80
Epoch 363	LOSS: 14.24	MAE: 55.20	RMSE: 73.79
Epoch 364	LOSS: 14.08	MAE: 55.20	RMSE: 73.79
Epoch 365	LOSS: 14.50	MAE: 55.25	RMSE: 73.81
Epoch 366	LOSS: 14.16	MAE: 55.21	RMSE: 73.80
Epoch 367	LOSS: 14.23	MAE: 55.22	RMSE: 73.80
Epoch 368	LOSS: 14.07	MAE: 55.20	RMSE: 73.80
Epoch 369	LOSS: 14.03	MAE: 55.19	RMSE: 73.80
Epoch 370	LOSS: 14.04	MAE: 55.20	RMSE: 73.80
Epoch 371	LOSS: 14.15	MAE: 55.20	RMSE: 73.80
Epoch 372	LOSS: 14.27	MAE: 55.22	RMSE: 73.80
Epoch 373	LOSS: 14.27	MAE: 55.22	RMSE: 73.80
Epoch 374	LOSS: 14.17	MAE: 55.21	RMSE: 73.80
Epoch 375	LOSS: 14.05	MAE: 55.20	RMSE: 73.80
Epoch 376	LOSS: 13.99	MAE: 55.19	RMSE: 73.79
Epoch 377	LOSS: 14.05	MAE: 55.20	RMSE: 73.80
Epoch 378	LOSS: 14.04	MAE: 55.19	RMSE: 73.80
Epoch 379	LOSS: 14.17	MAE: 55.21	RMSE: 73.80
Epoch 380	LOSS: 14.10	MAE: 55.20	RMSE: 73.80
Epoch 381	LOSS: 14.05	MAE: 55.20	RMSE: 73.80
Epoch 382	LOSS: 14.25	MAE: 55.21	RMSE: 73.80
Epoch 383	LOSS: 14.14	MAE: 55.20	RMSE: 73.80
Epoch 384	LOSS: 14.05	MAE: 55.19	RMSE: 73.80
Epoch 385	LOSS: 14.02	MAE: 55.19	RMSE: 73.80
Epoch 386	LOSS: 14.10	MAE: 55.20	RMSE: 73.80
Epoch 387	LOSS: 14.16	MAE: 55.20	RMSE: 73.80
Epoch 388	LOSS: 14.09	MAE: 55.20	RMSE: 73.80
Epoch 389	LOSS: 14.25	MAE: 55.21	RMSE: 73.80
Epoch 390	LOSS: 13.98	MAE: 55.19	RMSE: 73.80
Epoch 391	LOSS: 14.04	MAE: 55.19	RMSE: 73.80
Epoch 392	LOSS: 14.35	MAE: 55.23	RMSE: 73.81
Epoch 393	LOSS: 14.11	MAE: 55.20	RMSE: 73.80
Epoch 394	LOSS: 14.18	MAE: 55.21	RMSE: 73.80
Epoch 395	LOSS: 14.15	MAE: 55.21	RMSE: 73.80
Epoch 396	LOSS: 14.02	MAE: 55.20	RMSE: 73.80
Epoch 397	LOSS: 14.03	MAE: 55.20	RMSE: 73.80
Epoch 398	LOSS: 14.03	MAE: 55.20	RMSE: 73.80
Epoch 399	LOSS: 13.98	MAE: 55.19	RMSE: 73.80
Epoch 400	LOSS: 13.92	MAE: 55.19	RMSE: 73.80
Epoch 401	LOSS: 14.02	MAE: 55.19	RMSE: 73.80
Epoch 402	LOSS: 13.92	MAE: 55.19	RMSE: 73.80
Epoch 403	LOSS: 14.05	MAE: 55.20	RMSE: 73.80
Epoch 404	LOSS: 13.96	MAE: 55.19	RMSE: 73.80
Epoch 405	LOSS: 14.05	MAE: 55.20	RMSE: 73.80
Epoch 406	LOSS: 14.11	MAE: 55.20	RMSE: 73.80
Epoch 407	LOSS: 13.97	MAE: 55.19	RMSE: 73.80
Epoch 408	LOSS: 14.11	MAE: 55.20	RMSE: 73.80
Epoch 409	LOSS: 13.89	MAE: 55.18	RMSE: 73.79
Epoch 410	LOSS: 14.08	MAE: 55.19	RMSE: 73.80
Epoch 411	LOSS: 14.02	MAE: 55.19	RMSE: 73.80
Epoch 412	LOSS: 14.02	MAE: 55.20	RMSE: 73.80
Epoch 413	LOSS: 13.97	MAE: 55.19	RMSE: 73.80
Epoch 414	LOSS: 13.85	MAE: 55.18	RMSE: 73.79
Epoch 415	LOSS: 13.89	MAE: 55.19	RMSE: 73.80
Epoch 416	LOSS: 13.97	MAE: 55.19	RMSE: 73.80
Epoch 417	LOSS: 14.03	MAE: 55.19	RMSE: 73.80
Epoch 418	LOSS: 13.84	MAE: 55.18	RMSE: 73.79
Epoch 419	LOSS: 14.20	MAE: 55.21	RMSE: 73.80
Epoch 420	LOSS: 13.84	MAE: 55.18	RMSE: 73.80
Epoch 421	LOSS: 14.12	MAE: 55.20	RMSE: 73.80
Epoch 422	LOSS: 13.99	MAE: 55.20	RMSE: 73.80
Epoch 423	LOSS: 14.06	MAE: 55.19	RMSE: 73.80
Epoch 424	LOSS: 13.97	MAE: 55.19	RMSE: 73.80
Epoch 425	LOSS: 14.05	MAE: 55.20	RMSE: 73.80
Epoch 426	LOSS: 13.85	MAE: 55.18	RMSE: 73.80
Epoch 427	LOSS: 13.93	MAE: 55.18	RMSE: 73.80
Epoch 428	LOSS: 13.78	MAE: 55.18	RMSE: 73.79
Epoch 429	LOSS: 14.07	MAE: 55.20	RMSE: 73.80
Epoch 430	LOSS: 13.74	MAE: 55.18	RMSE: 73.79
Epoch 431	LOSS: 13.90	MAE: 55.18	RMSE: 73.80
Epoch 432	LOSS: 13.95	MAE: 55.19	RMSE: 73.80
Epoch 433	LOSS: 13.75	MAE: 55.18	RMSE: 73.79
Epoch 434	LOSS: 13.79	MAE: 55.17	RMSE: 73.79
Epoch 435	LOSS: 13.79	MAE: 55.18	RMSE: 73.79
Epoch 436	LOSS: 13.74	MAE: 55.17	RMSE: 73.79
Epoch 437	LOSS: 13.81	MAE: 55.18	RMSE: 73.79
Epoch 438	LOSS: 13.75	MAE: 55.17	RMSE: 73.80
Epoch 439	LOSS: 13.85	MAE: 55.18	RMSE: 73.80
Epoch 440	LOSS: 13.92	MAE: 55.18	RMSE: 73.80
Epoch 441	LOSS: 13.92	MAE: 55.18	RMSE: 73.80
Epoch 442	LOSS: 13.72	MAE: 55.17	RMSE: 73.79
Epoch 443	LOSS: 13.93	MAE: 55.18	RMSE: 73.80
Epoch 444	LOSS: 13.83	MAE: 55.18	RMSE: 73.80
Epoch 445	LOSS: 14.01	MAE: 55.20	RMSE: 73.80
Epoch 446	LOSS: 13.90	MAE: 55.18	RMSE: 73.80
Epoch 447	LOSS: 13.76	MAE: 55.18	RMSE: 73.80
Epoch 448	LOSS: 13.79	MAE: 55.18	RMSE: 73.80
Epoch 449	LOSS: 13.85	MAE: 55.18	RMSE: 73.80
Epoch 450	LOSS: 13.96	MAE: 55.19	RMSE: 73.80
Epoch 451	LOSS: 13.96	MAE: 55.19	RMSE: 73.80
Epoch 452	LOSS: 13.94	MAE: 55.18	RMSE: 73.80
Epoch 453	LOSS: 14.07	MAE: 55.20	RMSE: 73.80
Epoch 454	LOSS: 14.16	MAE: 55.21	RMSE: 73.80
Epoch 455	LOSS: 14.14	MAE: 55.21	RMSE: 73.80
Epoch 456	LOSS: 13.97	MAE: 55.17	RMSE: 73.80
Epoch 457	LOSS: 13.96	MAE: 55.19	RMSE: 73.80
Epoch 458	LOSS: 13.79	MAE: 55.17	RMSE: 73.79
Epoch 459	LOSS: 13.76	MAE: 55.17	RMSE: 73.80
Epoch 460	LOSS: 13.79	MAE: 55.18	RMSE: 73.80
Epoch 461	LOSS: 13.92	MAE: 55.18	RMSE: 73.80
Epoch 462	LOSS: 13.60	MAE: 55.17	RMSE: 73.79
Epoch 463	LOSS: 13.82	MAE: 55.17	RMSE: 73.80
Epoch 464	LOSS: 13.94	MAE: 55.19	RMSE: 73.80
Epoch 465	LOSS: 13.77	MAE: 55.17	RMSE: 73.79
Epoch 466	LOSS: 13.83	MAE: 55.17	RMSE: 73.80
Epoch 467	LOSS: 13.90	MAE: 55.18	RMSE: 73.80
Epoch 468	LOSS: 13.80	MAE: 55.17	RMSE: 73.80
Epoch 469	LOSS: 13.68	MAE: 55.17	RMSE: 73.79
Epoch 470	LOSS: 13.76	MAE: 55.17	RMSE: 73.80
Epoch 471	LOSS: 13.90	MAE: 55.18	RMSE: 73.80
Epoch 472	LOSS: 13.79	MAE: 55.17	RMSE: 73.80
Epoch 473	LOSS: 13.69	MAE: 55.16	RMSE: 73.79
Epoch 474	LOSS: 13.73	MAE: 55.17	RMSE: 73.79
Epoch 475	LOSS: 13.88	MAE: 55.18	RMSE: 73.80
Epoch 476	LOSS: 13.89	MAE: 55.18	RMSE: 73.80
Epoch 477	LOSS: 13.58	MAE: 55.16	RMSE: 73.79
Epoch 478	LOSS: 13.87	MAE: 55.18	RMSE: 73.80
Epoch 479	LOSS: 13.84	MAE: 55.19	RMSE: 73.80
Epoch 480	LOSS: 13.65	MAE: 55.16	RMSE: 73.79
Epoch 481	LOSS: 13.69	MAE: 55.16	RMSE: 73.79
Epoch 482	LOSS: 14.36	MAE: 55.24	RMSE: 73.81
Epoch 483	LOSS: 13.95	MAE: 55.19	RMSE: 73.80
Epoch 484	LOSS: 13.79	MAE: 55.16	RMSE: 73.79
Epoch 485	LOSS: 13.81	MAE: 55.16	RMSE: 73.79
Epoch 486	LOSS: 13.82	MAE: 55.17	RMSE: 73.80
Epoch 487	LOSS: 13.89	MAE: 55.18	RMSE: 73.80
Epoch 488	LOSS: 13.65	MAE: 55.16	RMSE: 73.79
Epoch 489	LOSS: 13.68	MAE: 55.17	RMSE: 73.80
Epoch 490	LOSS: 13.78	MAE: 55.17	RMSE: 73.80
Epoch 491	LOSS: 13.64	MAE: 55.16	RMSE: 73.79
Epoch 492	LOSS: 13.83	MAE: 55.18	RMSE: 73.80
Epoch 493	LOSS: 13.70	MAE: 55.17	RMSE: 73.80
Epoch 494	LOSS: 13.60	MAE: 55.16	RMSE: 73.79
Epoch 495	LOSS: 13.86	MAE: 55.18	RMSE: 73.80
Epoch 496	LOSS: 13.66	MAE: 55.16	RMSE: 73.80
Epoch 497	LOSS: 13.68	MAE: 55.16	RMSE: 73.80
Epoch 498	LOSS: 13.82	MAE: 55.18	RMSE: 73.80
Epoch 499	LOSS: 13.62	MAE: 55.16	RMSE: 73.80
