Epoch 000	LOSS: 64.06	MAE: 67.05	RMSE: 80.78
Epoch 001	LOSS: 63.04	MAE: 66.07	RMSE: 79.87
Epoch 002	LOSS: 62.03	MAE: 65.03	RMSE: 78.89
Epoch 003	LOSS: 61.25	MAE: 63.96	RMSE: 77.84
Epoch 004	LOSS: 59.79	MAE: 62.86	RMSE: 76.74
Epoch 005	LOSS: 58.84	MAE: 61.75	RMSE: 75.58
Epoch 006	LOSS: 57.70	MAE: 60.64	RMSE: 74.39
Epoch 007	LOSS: 56.91	MAE: 59.54	RMSE: 73.14
Epoch 008	LOSS: 55.36	MAE: 58.46	RMSE: 71.88
Epoch 009	LOSS: 54.50	MAE: 57.40	RMSE: 70.60
Epoch 010	LOSS: 53.37	MAE: 56.37	RMSE: 69.31
Epoch 011	LOSS: 52.36	MAE: 55.34	RMSE: 67.98
Epoch 012	LOSS: 51.44	MAE: 54.34	RMSE: 66.65
Epoch 013	LOSS: 50.59	MAE: 53.37	RMSE: 65.33
Epoch 014	LOSS: 49.66	MAE: 52.42	RMSE: 64.00
Epoch 015	LOSS: 48.53	MAE: 51.49	RMSE: 62.69
Epoch 016	LOSS: 47.65	MAE: 50.59	RMSE: 61.39
Epoch 017	LOSS: 46.79	MAE: 49.71	RMSE: 60.10
Epoch 018	LOSS: 45.92	MAE: 48.85	RMSE: 58.83
Epoch 019	LOSS: 45.05	MAE: 48.03	RMSE: 57.59
Epoch 020	LOSS: 44.43	MAE: 47.24	RMSE: 56.38
Epoch 021	LOSS: 43.54	MAE: 46.49	RMSE: 55.23
Epoch 022	LOSS: 42.82	MAE: 45.78	RMSE: 54.14
Epoch 023	LOSS: 42.14	MAE: 45.11	RMSE: 53.09
Epoch 024	LOSS: 41.53	MAE: 44.47	RMSE: 52.10
Epoch 025	LOSS: 40.90	MAE: 43.89	RMSE: 51.21
Epoch 026	LOSS: 40.48	MAE: 43.35	RMSE: 50.37
Epoch 027	LOSS: 39.85	MAE: 42.84	RMSE: 49.59
Epoch 028	LOSS: 39.52	MAE: 42.38	RMSE: 48.91
Epoch 029	LOSS: 39.08	MAE: 41.96	RMSE: 48.28
Epoch 030	LOSS: 38.66	MAE: 41.59	RMSE: 47.75
Epoch 031	LOSS: 38.29	MAE: 41.25	RMSE: 47.27
Epoch 032	LOSS: 38.12	MAE: 40.95	RMSE: 46.88
Epoch 033	LOSS: 37.89	MAE: 40.70	RMSE: 46.55
Epoch 034	LOSS: 37.66	MAE: 40.48	RMSE: 46.28
Epoch 035	LOSS: 37.50	MAE: 40.29	RMSE: 46.06
Epoch 036	LOSS: 37.29	MAE: 40.13	RMSE: 45.89
Epoch 037	LOSS: 37.21	MAE: 39.99	RMSE: 45.76
Epoch 038	LOSS: 37.08	MAE: 39.89	RMSE: 45.67
Epoch 039	LOSS: 37.09	MAE: 39.80	RMSE: 45.61
Epoch 040	LOSS: 37.04	MAE: 39.73	RMSE: 45.56
Epoch 041	LOSS: 36.93	MAE: 39.67	RMSE: 45.54
Epoch 042	LOSS: 36.92	MAE: 39.62	RMSE: 45.53
Epoch 043	LOSS: 37.05	MAE: 39.59	RMSE: 45.52
Epoch 044	LOSS: 36.89	MAE: 39.56	RMSE: 45.53
Epoch 045	LOSS: 36.83	MAE: 39.54	RMSE: 45.54
Epoch 046	LOSS: 36.87	MAE: 39.53	RMSE: 45.54
Epoch 047	LOSS: 36.58	MAE: 39.46	RMSE: 45.47
Epoch 048	LOSS: 35.85	MAE: 39.48	RMSE: 45.58
Epoch 049	LOSS: 36.80	MAE: 39.50	RMSE: 45.58
Epoch 050	LOSS: 36.81	MAE: 39.48	RMSE: 45.60
Epoch 051	LOSS: 36.83	MAE: 39.48	RMSE: 45.58
Epoch 052	LOSS: 36.83	MAE: 39.47	RMSE: 45.59
Epoch 053	LOSS: 36.83	MAE: 39.46	RMSE: 45.62
Epoch 054	LOSS: 36.86	MAE: 39.47	RMSE: 45.58
Epoch 055	LOSS: 36.81	MAE: 39.47	RMSE: 45.58
Epoch 056	LOSS: 36.74	MAE: 39.47	RMSE: 45.61
Epoch 057	LOSS: 36.77	MAE: 39.47	RMSE: 45.59
Epoch 058	LOSS: 36.74	MAE: 39.47	RMSE: 45.56
Epoch 059	LOSS: 36.75	MAE: 39.48	RMSE: 45.55
Epoch 060	LOSS: 36.73	MAE: 39.48	RMSE: 45.55
Epoch 061	LOSS: 36.64	MAE: 39.40	RMSE: 45.51
Epoch 062	LOSS: 36.35	MAE: 39.31	RMSE: 45.46
Epoch 063	LOSS: 28.86	MAE: 36.88	RMSE: 43.43
Epoch 064	LOSS: 26.07	MAE: 35.95	RMSE: 43.14
Epoch 065	LOSS: 24.89	MAE: 35.57	RMSE: 43.09
Epoch 066	LOSS: 23.88	MAE: 35.40	RMSE: 43.34
Epoch 067	LOSS: 23.02	MAE: 35.41	RMSE: 43.77
Epoch 068	LOSS: 22.45	MAE: 35.50	RMSE: 44.32
Epoch 069	LOSS: 21.93	MAE: 35.60	RMSE: 44.88
Epoch 070	LOSS: 21.57	MAE: 35.75	RMSE: 45.38
Epoch 071	LOSS: 21.45	MAE: 35.96	RMSE: 45.88
Epoch 072	LOSS: 21.48	MAE: 36.16	RMSE: 46.27
Epoch 073	LOSS: 21.45	MAE: 36.31	RMSE: 46.60
Epoch 074	LOSS: 21.28	MAE: 36.42	RMSE: 46.81
Epoch 075	LOSS: 21.35	MAE: 36.45	RMSE: 46.92
Epoch 076	LOSS: 21.21	MAE: 36.52	RMSE: 47.04
Epoch 077	LOSS: 21.15	MAE: 36.54	RMSE: 47.10
Epoch 078	LOSS: 21.09	MAE: 36.55	RMSE: 47.12
Epoch 079	LOSS: 21.07	MAE: 36.51	RMSE: 47.08
Epoch 080	LOSS: 21.04	MAE: 36.53	RMSE: 47.11
Epoch 081	LOSS: 20.91	MAE: 36.49	RMSE: 47.06
Epoch 082	LOSS: 20.76	MAE: 36.46	RMSE: 47.04
Epoch 083	LOSS: 20.26	MAE: 36.44	RMSE: 47.03
Epoch 084	LOSS: 21.17	MAE: 36.99	RMSE: 47.68
Epoch 085	LOSS: 20.38	MAE: 37.07	RMSE: 47.92
Epoch 086	LOSS: 19.55	MAE: 36.80	RMSE: 47.82
Epoch 087	LOSS: 19.26	MAE: 35.72	RMSE: 46.84
Epoch 088	LOSS: 19.02	MAE: 36.42	RMSE: 47.60
Epoch 089	LOSS: 18.90	MAE: 36.83	RMSE: 48.13
Epoch 090	LOSS: 18.98	MAE: 36.20	RMSE: 47.48
Epoch 091	LOSS: 18.78	MAE: 35.94	RMSE: 47.25
Epoch 092	LOSS: 18.72	MAE: 35.93	RMSE: 47.25
Epoch 093	LOSS: 18.63	MAE: 35.93	RMSE: 47.30
Epoch 094	LOSS: 18.65	MAE: 35.90	RMSE: 47.25
Epoch 095	LOSS: 18.61	MAE: 35.97	RMSE: 47.35
Epoch 096	LOSS: 18.60	MAE: 35.90	RMSE: 47.28
Epoch 097	LOSS: 18.58	MAE: 35.94	RMSE: 47.34
Epoch 098	LOSS: 18.55	MAE: 35.97	RMSE: 47.35
Epoch 099	LOSS: 18.73	MAE: 35.96	RMSE: 47.32
Epoch 100	LOSS: 18.76	MAE: 35.89	RMSE: 47.22
Epoch 101	LOSS: 18.63	MAE: 35.83	RMSE: 47.19
Epoch 102	LOSS: 18.47	MAE: 35.84	RMSE: 47.25
Epoch 103	LOSS: 18.45	MAE: 35.74	RMSE: 47.17
Epoch 104	LOSS: 18.46	MAE: 35.79	RMSE: 47.21
Epoch 105	LOSS: 18.48	MAE: 35.81	RMSE: 47.21
Epoch 106	LOSS: 18.40	MAE: 35.87	RMSE: 47.28
Epoch 107	LOSS: 18.40	MAE: 35.76	RMSE: 47.20
Epoch 108	LOSS: 18.53	MAE: 35.75	RMSE: 47.22
Epoch 109	LOSS: 18.46	MAE: 35.76	RMSE: 47.19
Epoch 110	LOSS: 18.39	MAE: 35.73	RMSE: 47.20
Epoch 111	LOSS: 18.31	MAE: 35.67	RMSE: 47.14
Epoch 112	LOSS: 18.42	MAE: 35.69	RMSE: 47.15
Epoch 113	LOSS: 18.34	MAE: 35.60	RMSE: 47.10
Epoch 114	LOSS: 18.32	MAE: 35.70	RMSE: 47.18
Epoch 115	LOSS: 18.27	MAE: 35.70	RMSE: 47.22
Epoch 116	LOSS: 18.37	MAE: 35.65	RMSE: 47.16
Epoch 117	LOSS: 18.36	MAE: 35.63	RMSE: 47.17
Epoch 118	LOSS: 18.23	MAE: 35.65	RMSE: 47.14
Epoch 119	LOSS: 18.23	MAE: 35.66	RMSE: 47.13
Epoch 120	LOSS: 18.21	MAE: 35.57	RMSE: 47.05
Epoch 121	LOSS: 18.27	MAE: 35.52	RMSE: 47.04
Epoch 122	LOSS: 18.50	MAE: 35.89	RMSE: 47.33
Epoch 123	LOSS: 18.38	MAE: 35.81	RMSE: 47.19
Epoch 124	LOSS: 18.29	MAE: 35.54	RMSE: 47.02
Epoch 125	LOSS: 18.64	MAE: 35.49	RMSE: 46.74
Epoch 126	LOSS: 18.33	MAE: 35.12	RMSE: 46.44
Epoch 127	LOSS: 18.19	MAE: 34.91	RMSE: 46.29
Epoch 128	LOSS: 18.19	MAE: 34.79	RMSE: 46.12
Epoch 129	LOSS: 18.29	MAE: 34.82	RMSE: 46.24
Epoch 130	LOSS: 18.11	MAE: 34.67	RMSE: 46.08
Epoch 131	LOSS: 18.22	MAE: 34.58	RMSE: 45.99
Epoch 132	LOSS: 18.15	MAE: 34.46	RMSE: 45.76
Epoch 133	LOSS: 18.14	MAE: 34.73	RMSE: 46.17
Epoch 134	LOSS: 18.10	MAE: 34.57	RMSE: 45.96
Epoch 135	LOSS: 18.07	MAE: 34.54	RMSE: 45.99
Epoch 136	LOSS: 18.06	MAE: 34.58	RMSE: 46.13
Epoch 137	LOSS: 18.11	MAE: 34.47	RMSE: 45.87
Epoch 138	LOSS: 18.09	MAE: 34.61	RMSE: 46.15
Epoch 139	LOSS: 18.07	MAE: 34.57	RMSE: 46.06
Epoch 140	LOSS: 18.03	MAE: 34.50	RMSE: 46.02
Epoch 141	LOSS: 18.03	MAE: 34.52	RMSE: 45.97
Epoch 142	LOSS: 17.99	MAE: 34.79	RMSE: 46.38
Epoch 143	LOSS: 18.03	MAE: 34.69	RMSE: 46.27
Epoch 144	LOSS: 18.15	MAE: 34.57	RMSE: 46.03
Epoch 145	LOSS: 18.01	MAE: 34.52	RMSE: 46.00
Epoch 146	LOSS: 18.00	MAE: 34.43	RMSE: 45.84
Epoch 147	LOSS: 18.00	MAE: 34.41	RMSE: 45.89
Epoch 148	LOSS: 18.02	MAE: 34.51	RMSE: 46.00
Epoch 149	LOSS: 18.01	MAE: 34.61	RMSE: 46.14
Epoch 150	LOSS: 17.95	MAE: 34.50	RMSE: 46.07
Epoch 151	LOSS: 17.92	MAE: 34.47	RMSE: 45.89
Epoch 152	LOSS: 17.99	MAE: 34.57	RMSE: 46.07
Epoch 153	LOSS: 17.99	MAE: 34.54	RMSE: 46.07
Epoch 154	LOSS: 17.94	MAE: 34.57	RMSE: 46.10
Epoch 155	LOSS: 17.92	MAE: 34.71	RMSE: 46.45
Epoch 156	LOSS: 17.94	MAE: 34.72	RMSE: 46.33
Epoch 157	LOSS: 17.95	MAE: 34.79	RMSE: 46.49
Epoch 158	LOSS: 17.93	MAE: 34.64	RMSE: 46.34
Epoch 159	LOSS: 22.03	MAE: 36.40	RMSE: 47.27
Epoch 160	LOSS: 23.82	MAE: 36.83	RMSE: 46.50
Epoch 161	LOSS: 22.48	MAE: 35.33	RMSE: 45.78
Epoch 162	LOSS: 20.78	MAE: 34.85	RMSE: 45.62
Epoch 163	LOSS: 19.40	MAE: 34.95	RMSE: 45.94
Epoch 164	LOSS: 18.57	MAE: 35.23	RMSE: 47.04
Epoch 165	LOSS: 18.45	MAE: 35.47	RMSE: 47.26
Epoch 166	LOSS: 18.36	MAE: 35.01	RMSE: 46.69
Epoch 167	LOSS: 18.41	MAE: 34.60	RMSE: 46.04
Epoch 168	LOSS: 18.27	MAE: 34.43	RMSE: 45.78
Epoch 169	LOSS: 18.15	MAE: 34.56	RMSE: 45.96
Epoch 170	LOSS: 18.18	MAE: 34.63	RMSE: 46.10
Epoch 171	LOSS: 18.16	MAE: 34.56	RMSE: 46.04
Epoch 172	LOSS: 18.17	MAE: 34.60	RMSE: 46.03
Epoch 173	LOSS: 18.19	MAE: 34.53	RMSE: 45.96
Epoch 174	LOSS: 18.14	MAE: 34.51	RMSE: 45.97
Epoch 175	LOSS: 18.02	MAE: 34.49	RMSE: 45.91
Epoch 176	LOSS: 18.07	MAE: 34.54	RMSE: 46.01
Epoch 177	LOSS: 18.07	MAE: 34.51	RMSE: 46.00
Epoch 178	LOSS: 18.03	MAE: 34.60	RMSE: 46.13
Epoch 179	LOSS: 17.98	MAE: 34.51	RMSE: 46.02
Epoch 180	LOSS: 18.04	MAE: 34.44	RMSE: 45.92
Epoch 181	LOSS: 17.99	MAE: 34.46	RMSE: 45.96
Epoch 182	LOSS: 18.03	MAE: 34.46	RMSE: 45.96
Epoch 183	LOSS: 17.98	MAE: 34.53	RMSE: 46.06
Epoch 184	LOSS: 18.01	MAE: 34.47	RMSE: 45.98
Epoch 185	LOSS: 17.99	MAE: 34.46	RMSE: 45.98
Epoch 186	LOSS: 17.92	MAE: 34.44	RMSE: 45.96
Epoch 187	LOSS: 17.95	MAE: 34.47	RMSE: 45.99
Epoch 188	LOSS: 17.94	MAE: 34.47	RMSE: 46.02
Epoch 189	LOSS: 17.90	MAE: 34.46	RMSE: 46.03
Epoch 190	LOSS: 17.99	MAE: 34.40	RMSE: 45.86
Epoch 191	LOSS: 17.94	MAE: 34.56	RMSE: 46.05
Epoch 192	LOSS: 17.88	MAE: 34.51	RMSE: 46.11
Epoch 193	LOSS: 17.92	MAE: 34.39	RMSE: 45.94
Epoch 194	LOSS: 17.94	MAE: 34.39	RMSE: 45.91
Epoch 195	LOSS: 17.87	MAE: 34.40	RMSE: 45.95
Epoch 196	LOSS: 17.87	MAE: 34.35	RMSE: 45.88
Epoch 197	LOSS: 17.88	MAE: 34.37	RMSE: 45.89
Epoch 198	LOSS: 17.88	MAE: 34.39	RMSE: 45.94
Epoch 199	LOSS: 17.85	MAE: 34.36	RMSE: 45.89
Epoch 200	LOSS: 17.80	MAE: 34.31	RMSE: 45.85
Epoch 201	LOSS: 17.74	MAE: 34.40	RMSE: 45.98
Epoch 202	LOSS: 18.33	MAE: 34.67	RMSE: 46.19
Epoch 203	LOSS: 17.75	MAE: 34.41	RMSE: 46.08
Epoch 204	LOSS: 18.27	MAE: 34.88	RMSE: 46.39
Epoch 205	LOSS: 18.66	MAE: 33.97	RMSE: 44.76
Epoch 206	LOSS: 18.16	MAE: 35.58	RMSE: 47.20
Epoch 207	LOSS: 18.22	MAE: 35.33	RMSE: 46.88
Epoch 208	LOSS: 18.03	MAE: 34.83	RMSE: 46.21
Epoch 209	LOSS: 17.93	MAE: 34.33	RMSE: 45.71
Epoch 210	LOSS: 17.86	MAE: 34.49	RMSE: 45.93
Epoch 211	LOSS: 17.82	MAE: 34.66	RMSE: 46.17
Epoch 212	LOSS: 17.84	MAE: 34.57	RMSE: 46.11
Epoch 213	LOSS: 17.80	MAE: 34.70	RMSE: 46.43
Epoch 214	LOSS: 17.85	MAE: 34.64	RMSE: 46.33
Epoch 215	LOSS: 17.70	MAE: 34.74	RMSE: 46.50
Epoch 216	LOSS: 17.77	MAE: 34.69	RMSE: 46.47
Epoch 217	LOSS: 17.74	MAE: 34.76	RMSE: 46.50
Epoch 218	LOSS: 17.71	MAE: 34.73	RMSE: 46.53
Epoch 219	LOSS: 17.80	MAE: 34.79	RMSE: 46.49
Epoch 220	LOSS: 17.71	MAE: 34.75	RMSE: 46.54
Epoch 221	LOSS: 17.71	MAE: 34.77	RMSE: 46.56
Epoch 222	LOSS: 17.66	MAE: 34.72	RMSE: 46.49
Epoch 223	LOSS: 17.69	MAE: 34.58	RMSE: 46.29
Epoch 224	LOSS: 17.64	MAE: 34.48	RMSE: 46.14
Epoch 225	LOSS: 17.69	MAE: 34.48	RMSE: 46.01
Epoch 226	LOSS: 17.60	MAE: 34.44	RMSE: 46.10
Epoch 227	LOSS: 17.64	MAE: 34.67	RMSE: 46.48
Epoch 228	LOSS: 17.62	MAE: 34.49	RMSE: 46.13
Epoch 229	LOSS: 17.67	MAE: 34.40	RMSE: 46.12
Epoch 230	LOSS: 17.57	MAE: 34.34	RMSE: 46.02
Epoch 231	LOSS: 17.60	MAE: 34.07	RMSE: 45.54
Epoch 232	LOSS: 17.62	MAE: 34.03	RMSE: 45.48
Epoch 233	LOSS: 17.58	MAE: 33.96	RMSE: 45.31
Epoch 234	LOSS: 17.55	MAE: 34.02	RMSE: 45.46
Epoch 235	LOSS: 17.54	MAE: 33.83	RMSE: 45.07
Epoch 236	LOSS: 17.57	MAE: 34.06	RMSE: 45.43
Epoch 237	LOSS: 17.63	MAE: 33.86	RMSE: 45.09
Epoch 238	LOSS: 17.59	MAE: 33.99	RMSE: 45.28
Epoch 239	LOSS: 17.55	MAE: 33.96	RMSE: 45.27
Epoch 240	LOSS: 17.56	MAE: 33.88	RMSE: 45.24
Epoch 241	LOSS: 17.54	MAE: 33.80	RMSE: 45.00
Epoch 242	LOSS: 17.60	MAE: 33.95	RMSE: 45.25
Epoch 243	LOSS: 17.47	MAE: 33.96	RMSE: 45.32
Epoch 244	LOSS: 17.56	MAE: 34.06	RMSE: 45.28
Epoch 245	LOSS: 17.53	MAE: 33.75	RMSE: 44.89
Epoch 246	LOSS: 17.58	MAE: 33.63	RMSE: 44.78
Epoch 247	LOSS: 17.50	MAE: 33.72	RMSE: 44.81
Epoch 248	LOSS: 17.53	MAE: 33.68	RMSE: 44.83
Epoch 249	LOSS: 17.44	MAE: 33.62	RMSE: 44.72
Epoch 250	LOSS: 17.53	MAE: 33.61	RMSE: 44.74
Epoch 251	LOSS: 17.56	MAE: 33.44	RMSE: 44.47
Epoch 252	LOSS: 17.49	MAE: 33.45	RMSE: 44.40
Epoch 253	LOSS: 17.54	MAE: 33.47	RMSE: 44.49
Epoch 254	LOSS: 17.48	MAE: 33.48	RMSE: 44.49
Epoch 255	LOSS: 17.46	MAE: 33.33	RMSE: 44.15
Epoch 256	LOSS: 17.49	MAE: 33.47	RMSE: 44.46
Epoch 257	LOSS: 17.47	MAE: 33.37	RMSE: 44.24
Epoch 258	LOSS: 17.52	MAE: 33.31	RMSE: 44.21
Epoch 259	LOSS: 17.52	MAE: 33.26	RMSE: 43.94
Epoch 260	LOSS: 17.45	MAE: 33.01	RMSE: 43.66
Epoch 261	LOSS: 17.49	MAE: 33.14	RMSE: 43.85
Epoch 262	LOSS: 17.49	MAE: 33.14	RMSE: 43.80
Epoch 263	LOSS: 17.42	MAE: 33.37	RMSE: 44.25
Epoch 264	LOSS: 17.54	MAE: 33.30	RMSE: 44.17
Epoch 265	LOSS: 17.45	MAE: 33.41	RMSE: 44.27
Epoch 266	LOSS: 17.41	MAE: 33.36	RMSE: 44.27
Epoch 267	LOSS: 17.48	MAE: 33.15	RMSE: 43.87
Epoch 268	LOSS: 17.47	MAE: 32.99	RMSE: 43.53
Epoch 269	LOSS: 17.46	MAE: 33.16	RMSE: 43.88
Epoch 270	LOSS: 17.44	MAE: 33.05	RMSE: 43.60
Epoch 271	LOSS: 17.47	MAE: 33.14	RMSE: 43.79
Epoch 272	LOSS: 17.52	MAE: 33.18	RMSE: 43.86
Epoch 273	LOSS: 17.44	MAE: 33.09	RMSE: 43.63
Epoch 274	LOSS: 17.44	MAE: 33.18	RMSE: 43.90
Epoch 275	LOSS: 17.47	MAE: 32.55	RMSE: 42.70
Epoch 276	LOSS: 17.46	MAE: 32.40	RMSE: 42.46
Epoch 277	LOSS: 17.42	MAE: 32.29	RMSE: 42.31
Epoch 278	LOSS: 17.39	MAE: 31.93	RMSE: 41.53
Epoch 279	LOSS: 17.48	MAE: 32.18	RMSE: 42.05
Epoch 280	LOSS: 17.46	MAE: 31.73	RMSE: 41.02
Epoch 281	LOSS: 17.44	MAE: 31.50	RMSE: 40.58
Epoch 282	LOSS: 17.52	MAE: 32.15	RMSE: 42.00
Epoch 283	LOSS: 17.55	MAE: 31.81	RMSE: 41.24
Epoch 284	LOSS: 17.48	MAE: 32.31	RMSE: 42.36
Epoch 285	LOSS: 17.41	MAE: 32.82	RMSE: 43.33
Epoch 286	LOSS: 17.43	MAE: 32.67	RMSE: 43.02
Epoch 287	LOSS: 17.43	MAE: 31.81	RMSE: 41.26
Epoch 288	LOSS: 17.47	MAE: 31.36	RMSE: 40.17
Epoch 289	LOSS: 17.43	MAE: 31.35	RMSE: 40.02
Epoch 290	LOSS: 17.40	MAE: 31.95	RMSE: 41.63
Epoch 291	LOSS: 17.41	MAE: 32.01	RMSE: 41.71
Epoch 292	LOSS: 17.41	MAE: 32.32	RMSE: 42.45
Epoch 293	LOSS: 17.43	MAE: 32.15	RMSE: 41.85
Epoch 294	LOSS: 17.45	MAE: 32.18	RMSE: 41.98
Epoch 295	LOSS: 17.43	MAE: 32.20	RMSE: 42.11
Epoch 296	LOSS: 17.40	MAE: 32.00	RMSE: 41.71
Epoch 297	LOSS: 17.45	MAE: 31.90	RMSE: 41.51
Epoch 298	LOSS: 17.40	MAE: 32.10	RMSE: 41.94
Epoch 299	LOSS: 17.40	MAE: 31.50	RMSE: 40.61
Epoch 300	LOSS: 17.47	MAE: 31.94	RMSE: 41.51
Epoch 301	LOSS: 17.53	MAE: 32.30	RMSE: 42.20
Epoch 302	LOSS: 17.48	MAE: 31.96	RMSE: 41.53
Epoch 303	LOSS: 17.42	MAE: 31.95	RMSE: 41.55
Epoch 304	LOSS: 17.36	MAE: 32.05	RMSE: 41.73
Epoch 305	LOSS: 17.38	MAE: 31.56	RMSE: 40.78
Epoch 306	LOSS: 17.39	MAE: 31.35	RMSE: 40.23
Epoch 307	LOSS: 17.42	MAE: 32.49	RMSE: 42.69
Epoch 308	LOSS: 17.38	MAE: 32.60	RMSE: 42.89
Epoch 309	LOSS: 17.45	MAE: 32.44	RMSE: 42.49
Epoch 310	LOSS: 17.41	MAE: 32.51	RMSE: 42.67
Epoch 311	LOSS: 17.42	MAE: 32.05	RMSE: 41.89
Epoch 312	LOSS: 17.38	MAE: 31.85	RMSE: 41.46
Epoch 313	LOSS: 17.39	MAE: 31.53	RMSE: 40.61
Epoch 314	LOSS: 17.35	MAE: 31.84	RMSE: 41.35
Epoch 315	LOSS: 17.40	MAE: 31.84	RMSE: 41.39
Epoch 316	LOSS: 17.41	MAE: 31.66	RMSE: 41.04
Epoch 317	LOSS: 17.38	MAE: 31.41	RMSE: 40.38
Epoch 318	LOSS: 17.40	MAE: 31.75	RMSE: 41.24
Epoch 319	LOSS: 17.32	MAE: 31.63	RMSE: 40.67
Epoch 320	LOSS: 17.46	MAE: 31.53	RMSE: 40.67
Epoch 321	LOSS: 17.44	MAE: 31.57	RMSE: 40.72
Epoch 322	LOSS: 17.41	MAE: 31.33	RMSE: 40.11
Epoch 323	LOSS: 17.39	MAE: 31.14	RMSE: 39.80
Epoch 324	LOSS: 17.45	MAE: 31.09	RMSE: 39.07
Epoch 325	LOSS: 17.33	MAE: 31.34	RMSE: 40.28
Epoch 326	LOSS: 17.36	MAE: 31.50	RMSE: 40.69
Epoch 327	LOSS: 17.38	MAE: 31.27	RMSE: 40.11
Epoch 328	LOSS: 17.41	MAE: 31.68	RMSE: 41.11
Epoch 329	LOSS: 17.33	MAE: 32.56	RMSE: 42.74
Epoch 330	LOSS: 17.44	MAE: 32.42	RMSE: 42.48
Epoch 331	LOSS: 17.39	MAE: 32.44	RMSE: 42.63
Epoch 332	LOSS: 17.43	MAE: 31.71	RMSE: 41.05
Epoch 333	LOSS: 17.30	MAE: 31.94	RMSE: 41.63
Epoch 334	LOSS: 17.34	MAE: 31.29	RMSE: 40.09
Epoch 335	LOSS: 17.43	MAE: 33.15	RMSE: 43.94
Epoch 336	LOSS: 17.41	MAE: 33.39	RMSE: 44.26
Epoch 337	LOSS: 17.39	MAE: 32.52	RMSE: 42.60
Epoch 338	LOSS: 17.42	MAE: 31.90	RMSE: 41.34
Epoch 339	LOSS: 17.39	MAE: 32.00	RMSE: 41.73
Epoch 340	LOSS: 17.39	MAE: 31.71	RMSE: 41.12
Epoch 341	LOSS: 17.41	MAE: 31.77	RMSE: 41.35
Epoch 342	LOSS: 17.39	MAE: 31.41	RMSE: 40.41
Epoch 343	LOSS: 17.39	MAE: 31.46	RMSE: 40.64
Epoch 344	LOSS: 17.38	MAE: 31.22	RMSE: 39.90
Epoch 345	LOSS: 17.38	MAE: 31.55	RMSE: 40.67
Epoch 346	LOSS: 17.30	MAE: 31.67	RMSE: 41.03
Epoch 347	LOSS: 17.39	MAE: 31.63	RMSE: 40.86
Epoch 348	LOSS: 17.35	MAE: 32.02	RMSE: 41.66
Epoch 349	LOSS: 17.34	MAE: 32.85	RMSE: 43.34
Epoch 350	LOSS: 17.34	MAE: 32.54	RMSE: 42.68
Epoch 351	LOSS: 17.37	MAE: 32.16	RMSE: 42.07
Epoch 352	LOSS: 17.36	MAE: 31.93	RMSE: 41.55
Epoch 353	LOSS: 17.38	MAE: 31.64	RMSE: 40.98
Epoch 354	LOSS: 17.42	MAE: 31.51	RMSE: 40.70
Epoch 355	LOSS: 17.38	MAE: 31.67	RMSE: 40.98
Epoch 356	LOSS: 17.34	MAE: 32.12	RMSE: 41.98
Epoch 357	LOSS: 17.36	MAE: 31.58	RMSE: 40.75
Epoch 358	LOSS: 17.40	MAE: 32.64	RMSE: 42.82
Epoch 359	LOSS: 17.37	MAE: 32.53	RMSE: 42.76
Epoch 360	LOSS: 17.40	MAE: 32.12	RMSE: 41.90
Epoch 361	LOSS: 17.38	MAE: 32.34	RMSE: 42.29
Epoch 362	LOSS: 17.34	MAE: 32.17	RMSE: 41.93
Epoch 363	LOSS: 17.34	MAE: 32.17	RMSE: 41.98
Epoch 364	LOSS: 17.34	MAE: 31.90	RMSE: 41.33
Epoch 365	LOSS: 17.44	MAE: 31.82	RMSE: 41.24
Epoch 366	LOSS: 17.31	MAE: 31.63	RMSE: 40.84
Epoch 367	LOSS: 17.31	MAE: 31.80	RMSE: 41.19
Epoch 368	LOSS: 17.39	MAE: 31.87	RMSE: 41.37
Epoch 369	LOSS: 17.37	MAE: 31.91	RMSE: 41.52
Epoch 370	LOSS: 17.30	MAE: 31.90	RMSE: 41.50
Epoch 371	LOSS: 17.44	MAE: 31.73	RMSE: 41.14
Epoch 372	LOSS: 17.31	MAE: 31.56	RMSE: 40.77
Epoch 373	LOSS: 17.37	MAE: 31.56	RMSE: 40.76
Epoch 374	LOSS: 17.33	MAE: 31.16	RMSE: 39.82
Epoch 375	LOSS: 17.27	MAE: 31.84	RMSE: 41.43
Epoch 376	LOSS: 17.35	MAE: 32.61	RMSE: 42.96
Epoch 377	LOSS: 17.33	MAE: 32.52	RMSE: 42.61
Epoch 378	LOSS: 17.30	MAE: 32.41	RMSE: 42.53
Epoch 379	LOSS: 17.35	MAE: 32.38	RMSE: 42.40
Epoch 380	LOSS: 17.28	MAE: 32.52	RMSE: 42.75
Epoch 381	LOSS: 17.40	MAE: 32.19	RMSE: 42.07
Epoch 382	LOSS: 17.37	MAE: 31.89	RMSE: 41.43
Epoch 383	LOSS: 17.39	MAE: 31.85	RMSE: 41.24
Epoch 384	LOSS: 17.38	MAE: 31.70	RMSE: 41.03
Epoch 385	LOSS: 17.39	MAE: 31.29	RMSE: 40.14
Epoch 386	LOSS: 17.32	MAE: 31.71	RMSE: 41.08
Epoch 387	LOSS: 17.35	MAE: 31.78	RMSE: 41.18
Epoch 388	LOSS: 17.36	MAE: 31.96	RMSE: 41.62
Epoch 389	LOSS: 17.25	MAE: 31.99	RMSE: 41.63
Epoch 390	LOSS: 17.32	MAE: 32.32	RMSE: 42.32
Epoch 391	LOSS: 17.38	MAE: 32.60	RMSE: 42.85
Epoch 392	LOSS: 17.30	MAE: 32.64	RMSE: 42.92
Epoch 393	LOSS: 17.34	MAE: 32.54	RMSE: 42.72
Epoch 394	LOSS: 17.33	MAE: 32.32	RMSE: 42.24
Epoch 395	LOSS: 17.42	MAE: 31.93	RMSE: 41.42
Epoch 396	LOSS: 17.28	MAE: 31.89	RMSE: 41.43
Epoch 397	LOSS: 17.31	MAE: 31.67	RMSE: 40.81
Epoch 398	LOSS: 17.32	MAE: 32.02	RMSE: 41.74
Epoch 399	LOSS: 17.34	MAE: 31.74	RMSE: 41.05
Epoch 400	LOSS: 17.34	MAE: 31.66	RMSE: 40.88
Epoch 401	LOSS: 17.36	MAE: 31.58	RMSE: 40.79
Epoch 402	LOSS: 17.37	MAE: 31.41	RMSE: 40.27
Epoch 403	LOSS: 17.34	MAE: 32.46	RMSE: 42.55
Epoch 404	LOSS: 17.36	MAE: 32.77	RMSE: 43.15
Epoch 405	LOSS: 17.37	MAE: 32.37	RMSE: 42.33
Epoch 406	LOSS: 17.30	MAE: 32.11	RMSE: 41.86
Epoch 407	LOSS: 17.32	MAE: 32.07	RMSE: 41.84
Epoch 408	LOSS: 17.32	MAE: 31.83	RMSE: 41.37
Epoch 409	LOSS: 17.30	MAE: 31.81	RMSE: 41.21
Epoch 410	LOSS: 17.31	MAE: 31.80	RMSE: 41.32
Epoch 411	LOSS: 17.33	MAE: 31.72	RMSE: 41.03
Epoch 412	LOSS: 17.33	MAE: 31.72	RMSE: 41.07
Epoch 413	LOSS: 17.29	MAE: 31.66	RMSE: 40.94
Epoch 414	LOSS: 17.30	MAE: 32.46	RMSE: 42.62
Epoch 415	LOSS: 17.35	MAE: 32.62	RMSE: 42.86
Epoch 416	LOSS: 17.31	MAE: 32.73	RMSE: 43.10
Epoch 417	LOSS: 17.28	MAE: 32.49	RMSE: 42.63
Epoch 418	LOSS: 17.28	MAE: 32.28	RMSE: 42.17
Epoch 419	LOSS: 17.28	MAE: 32.02	RMSE: 41.71
Epoch 420	LOSS: 17.26	MAE: 31.87	RMSE: 41.48
Epoch 421	LOSS: 17.30	MAE: 31.96	RMSE: 41.65
Epoch 422	LOSS: 17.33	MAE: 32.02	RMSE: 41.69
Epoch 423	LOSS: 17.31	MAE: 31.92	RMSE: 41.53
Epoch 424	LOSS: 17.31	MAE: 31.55	RMSE: 40.74
Epoch 425	LOSS: 17.32	MAE: 31.66	RMSE: 40.92
Epoch 426	LOSS: 17.33	MAE: 31.81	RMSE: 41.28
Epoch 427	LOSS: 17.33	MAE: 31.77	RMSE: 41.13
Epoch 428	LOSS: 17.30	MAE: 31.34	RMSE: 40.22
Epoch 429	LOSS: 17.29	MAE: 31.60	RMSE: 40.76
Epoch 430	LOSS: 17.34	MAE: 31.64	RMSE: 40.91
Epoch 431	LOSS: 17.27	MAE: 31.44	RMSE: 40.38
Epoch 432	LOSS: 17.27	MAE: 31.43	RMSE: 40.36
Epoch 433	LOSS: 17.27	MAE: 32.12	RMSE: 41.95
Epoch 434	LOSS: 17.32	MAE: 32.16	RMSE: 41.98
Epoch 435	LOSS: 17.31	MAE: 32.00	RMSE: 41.60
Epoch 436	LOSS: 17.34	MAE: 31.88	RMSE: 41.41
Epoch 437	LOSS: 17.29	MAE: 31.66	RMSE: 40.90
Epoch 438	LOSS: 17.27	MAE: 31.10	RMSE: 39.48
Epoch 439	LOSS: 17.24	MAE: 33.00	RMSE: 43.66
Epoch 440	LOSS: 17.27	MAE: 33.14	RMSE: 43.88
Epoch 441	LOSS: 17.28	MAE: 32.90	RMSE: 43.41
Epoch 442	LOSS: 17.29	MAE: 32.87	RMSE: 43.40
Epoch 443	LOSS: 17.29	MAE: 32.19	RMSE: 42.06
Epoch 444	LOSS: 17.35	MAE: 32.13	RMSE: 41.84
Epoch 445	LOSS: 17.29	MAE: 31.96	RMSE: 41.55
Epoch 446	LOSS: 17.28	MAE: 31.91	RMSE: 41.52
Epoch 447	LOSS: 17.33	MAE: 31.71	RMSE: 41.07
Epoch 448	LOSS: 17.29	MAE: 31.96	RMSE: 41.57
Epoch 449	LOSS: 17.28	MAE: 31.60	RMSE: 40.80
Epoch 450	LOSS: 17.27	MAE: 31.60	RMSE: 40.81
Epoch 451	LOSS: 17.22	MAE: 31.61	RMSE: 40.85
Epoch 452	LOSS: 17.32	MAE: 31.59	RMSE: 40.80
Epoch 453	LOSS: 17.31	MAE: 31.49	RMSE: 40.55
Epoch 454	LOSS: 17.34	MAE: 31.58	RMSE: 40.76
Epoch 455	LOSS: 17.28	MAE: 31.87	RMSE: 41.45
Epoch 456	LOSS: 17.34	MAE: 31.57	RMSE: 40.76
Epoch 457	LOSS: 17.31	MAE: 31.92	RMSE: 41.54
Epoch 458	LOSS: 17.30	MAE: 32.12	RMSE: 41.97
Epoch 459	LOSS: 17.27	MAE: 31.78	RMSE: 41.19
Epoch 460	LOSS: 17.33	MAE: 31.95	RMSE: 41.60
Epoch 461	LOSS: 17.31	MAE: 31.81	RMSE: 41.30
Epoch 462	LOSS: 17.31	MAE: 31.70	RMSE: 41.02
Epoch 463	LOSS: 17.30	MAE: 31.83	RMSE: 41.28
Epoch 464	LOSS: 17.30	MAE: 31.92	RMSE: 41.52
Epoch 465	LOSS: 17.25	MAE: 31.93	RMSE: 41.50
Epoch 466	LOSS: 17.33	MAE: 31.92	RMSE: 41.52
Epoch 467	LOSS: 17.24	MAE: 31.77	RMSE: 41.11
Epoch 468	LOSS: 17.29	MAE: 31.44	RMSE: 40.46
Epoch 469	LOSS: 17.26	MAE: 31.42	RMSE: 40.41
Epoch 470	LOSS: 17.28	MAE: 31.24	RMSE: 39.98
Epoch 471	LOSS: 17.30	MAE: 31.40	RMSE: 40.31
Epoch 472	LOSS: 17.30	MAE: 31.62	RMSE: 40.95
Epoch 473	LOSS: 17.26	MAE: 32.03	RMSE: 41.62
Epoch 474	LOSS: 17.31	MAE: 32.66	RMSE: 42.91
Epoch 475	LOSS: 17.32	MAE: 32.40	RMSE: 42.56
Epoch 476	LOSS: 17.28	MAE: 31.96	RMSE: 41.55
Epoch 477	LOSS: 17.28	MAE: 32.19	RMSE: 42.21
Epoch 478	LOSS: 17.26	MAE: 32.13	RMSE: 42.02
Epoch 479	LOSS: 17.28	MAE: 32.00	RMSE: 41.67
Epoch 480	LOSS: 17.30	MAE: 31.68	RMSE: 40.96
Epoch 481	LOSS: 17.30	MAE: 31.82	RMSE: 41.36
Epoch 482	LOSS: 17.30	MAE: 31.62	RMSE: 40.83
Epoch 483	LOSS: 17.27	MAE: 31.52	RMSE: 40.54
Epoch 484	LOSS: 17.24	MAE: 31.52	RMSE: 40.66
Epoch 485	LOSS: 17.28	MAE: 31.74	RMSE: 41.15
Epoch 486	LOSS: 17.33	MAE: 31.58	RMSE: 40.77
Epoch 487	LOSS: 17.23	MAE: 31.56	RMSE: 40.73
Epoch 488	LOSS: 17.22	MAE: 31.40	RMSE: 40.34
Epoch 489	LOSS: 17.31	MAE: 32.02	RMSE: 41.79
Epoch 490	LOSS: 17.22	MAE: 32.01	RMSE: 41.69
Epoch 491	LOSS: 17.27	MAE: 32.01	RMSE: 41.71
Epoch 492	LOSS: 17.28	MAE: 31.94	RMSE: 41.55
Epoch 493	LOSS: 17.32	MAE: 31.99	RMSE: 41.64
Epoch 494	LOSS: 17.22	MAE: 31.78	RMSE: 41.21
Epoch 495	LOSS: 17.25	MAE: 31.91	RMSE: 41.49
Epoch 496	LOSS: 17.27	MAE: 31.54	RMSE: 40.65
Epoch 497	LOSS: 17.28	MAE: 31.62	RMSE: 40.79
Epoch 498	LOSS: 17.30	MAE: 31.63	RMSE: 40.88
Epoch 499	LOSS: 17.25	MAE: 31.33	RMSE: 40.12
