Epoch 000	LOSS: 120.44	MAE: 61.86	RMSE: 62.63
Epoch 001	LOSS: 119.92	MAE: 61.40	RMSE: 62.18
Epoch 002	LOSS: 118.13	MAE: 60.92	RMSE: 61.70
Epoch 003	LOSS: 117.97	MAE: 60.42	RMSE: 61.21
Epoch 004	LOSS: 116.12	MAE: 59.88	RMSE: 60.68
Epoch 005	LOSS: 115.74	MAE: 59.33	RMSE: 60.13
Epoch 006	LOSS: 113.96	MAE: 58.79	RMSE: 59.60
Epoch 007	LOSS: 113.63	MAE: 58.27	RMSE: 59.09
Epoch 008	LOSS: 112.60	MAE: 57.75	RMSE: 58.57
Epoch 009	LOSS: 111.67	MAE: 57.22	RMSE: 58.06
Epoch 010	LOSS: 111.07	MAE: 56.70	RMSE: 57.54
Epoch 011	LOSS: 109.77	MAE: 56.18	RMSE: 57.03
Epoch 012	LOSS: 108.69	MAE: 55.67	RMSE: 56.53
Epoch 013	LOSS: 107.77	MAE: 55.15	RMSE: 56.02
Epoch 014	LOSS: 106.79	MAE: 54.64	RMSE: 55.52
Epoch 015	LOSS: 105.59	MAE: 54.13	RMSE: 55.02
Epoch 016	LOSS: 104.63	MAE: 53.63	RMSE: 54.52
Epoch 017	LOSS: 102.92	MAE: 53.12	RMSE: 54.03
Epoch 018	LOSS: 102.43	MAE: 52.62	RMSE: 53.53
Epoch 019	LOSS: 101.45	MAE: 52.12	RMSE: 53.04
Epoch 020	LOSS: 100.44	MAE: 51.61	RMSE: 52.54
Epoch 021	LOSS: 99.65	MAE: 51.11	RMSE: 52.05
Epoch 022	LOSS: 98.32	MAE: 50.61	RMSE: 51.55
Epoch 023	LOSS: 97.29	MAE: 50.11	RMSE: 51.06
Epoch 024	LOSS: 96.19	MAE: 49.61	RMSE: 50.57
Epoch 025	LOSS: 95.51	MAE: 49.11	RMSE: 50.08
Epoch 026	LOSS: 94.28	MAE: 48.61	RMSE: 49.59
Epoch 027	LOSS: 93.54	MAE: 48.12	RMSE: 49.10
Epoch 028	LOSS: 92.16	MAE: 47.62	RMSE: 48.62
Epoch 029	LOSS: 91.49	MAE: 47.13	RMSE: 48.13
Epoch 030	LOSS: 90.79	MAE: 46.64	RMSE: 47.64
Epoch 031	LOSS: 89.52	MAE: 46.15	RMSE: 47.16
Epoch 032	LOSS: 88.82	MAE: 45.66	RMSE: 46.68
Epoch 033	LOSS: 87.72	MAE: 45.17	RMSE: 46.19
Epoch 034	LOSS: 87.06	MAE: 44.68	RMSE: 45.71
Epoch 035	LOSS: 85.99	MAE: 44.19	RMSE: 45.23
Epoch 036	LOSS: 84.52	MAE: 43.70	RMSE: 44.75
Epoch 037	LOSS: 83.80	MAE: 43.22	RMSE: 44.27
Epoch 038	LOSS: 82.68	MAE: 42.74	RMSE: 43.79
Epoch 039	LOSS: 81.66	MAE: 42.25	RMSE: 43.31
Epoch 040	LOSS: 80.90	MAE: 41.77	RMSE: 42.84
Epoch 041	LOSS: 80.18	MAE: 41.29	RMSE: 42.36
Epoch 042	LOSS: 78.99	MAE: 40.82	RMSE: 41.89
Epoch 043	LOSS: 78.21	MAE: 40.34	RMSE: 41.41
Epoch 044	LOSS: 77.14	MAE: 39.86	RMSE: 40.94
Epoch 045	LOSS: 76.20	MAE: 39.39	RMSE: 40.47
Epoch 046	LOSS: 75.49	MAE: 38.92	RMSE: 40.00
Epoch 047	LOSS: 74.40	MAE: 38.45	RMSE: 39.53
Epoch 048	LOSS: 73.49	MAE: 37.98	RMSE: 39.07
Epoch 049	LOSS: 72.53	MAE: 37.51	RMSE: 38.60
Epoch 050	LOSS: 71.83	MAE: 37.05	RMSE: 38.14
Epoch 051	LOSS: 70.62	MAE: 36.59	RMSE: 37.67
Epoch 052	LOSS: 69.92	MAE: 36.12	RMSE: 37.21
Epoch 053	LOSS: 68.86	MAE: 35.66	RMSE: 36.75
Epoch 054	LOSS: 68.00	MAE: 35.20	RMSE: 36.29
Epoch 055	LOSS: 67.15	MAE: 34.74	RMSE: 35.83
Epoch 056	LOSS: 66.27	MAE: 34.29	RMSE: 35.37
Epoch 057	LOSS: 65.37	MAE: 33.83	RMSE: 34.91
Epoch 058	LOSS: 64.37	MAE: 33.38	RMSE: 34.46
Epoch 059	LOSS: 63.69	MAE: 32.93	RMSE: 34.01
Epoch 060	LOSS: 62.43	MAE: 32.48	RMSE: 33.56
Epoch 061	LOSS: 61.75	MAE: 32.04	RMSE: 33.11
Epoch 062	LOSS: 60.84	MAE: 31.59	RMSE: 32.66
Epoch 063	LOSS: 59.91	MAE: 31.15	RMSE: 32.21
Epoch 064	LOSS: 59.12	MAE: 30.70	RMSE: 31.76
Epoch 065	LOSS: 57.83	MAE: 30.26	RMSE: 31.32
Epoch 066	LOSS: 57.15	MAE: 29.82	RMSE: 30.88
Epoch 067	LOSS: 56.49	MAE: 29.39	RMSE: 30.44
Epoch 068	LOSS: 55.70	MAE: 28.95	RMSE: 30.00
Epoch 069	LOSS: 54.76	MAE: 28.52	RMSE: 29.56
Epoch 070	LOSS: 53.87	MAE: 28.09	RMSE: 29.12
Epoch 071	LOSS: 53.05	MAE: 27.65	RMSE: 28.69
Epoch 072	LOSS: 52.04	MAE: 27.22	RMSE: 28.26
Epoch 073	LOSS: 50.96	MAE: 26.80	RMSE: 27.83
Epoch 074	LOSS: 50.38	MAE: 26.37	RMSE: 27.40
Epoch 075	LOSS: 49.55	MAE: 25.95	RMSE: 26.97
Epoch 076	LOSS: 48.84	MAE: 25.52	RMSE: 26.55
Epoch 077	LOSS: 47.87	MAE: 25.10	RMSE: 26.13
Epoch 078	LOSS: 46.96	MAE: 24.68	RMSE: 25.71
Epoch 079	LOSS: 46.38	MAE: 24.26	RMSE: 25.29
Epoch 080	LOSS: 45.32	MAE: 23.84	RMSE: 24.87
Epoch 081	LOSS: 44.55	MAE: 23.43	RMSE: 24.46
Epoch 082	LOSS: 43.55	MAE: 23.01	RMSE: 24.05
Epoch 083	LOSS: 42.88	MAE: 22.60	RMSE: 23.64
Epoch 084	LOSS: 42.14	MAE: 22.18	RMSE: 23.24
Epoch 085	LOSS: 41.20	MAE: 21.77	RMSE: 22.83
Epoch 086	LOSS: 40.46	MAE: 21.36	RMSE: 22.43
Epoch 087	LOSS: 39.67	MAE: 20.95	RMSE: 22.03
Epoch 088	LOSS: 38.86	MAE: 20.55	RMSE: 21.64
Epoch 089	LOSS: 38.04	MAE: 20.14	RMSE: 21.25
Epoch 090	LOSS: 37.38	MAE: 19.74	RMSE: 20.86
Epoch 091	LOSS: 36.48	MAE: 19.34	RMSE: 20.48
Epoch 092	LOSS: 35.63	MAE: 18.94	RMSE: 20.10
Epoch 093	LOSS: 34.74	MAE: 18.54	RMSE: 19.72
Epoch 094	LOSS: 34.09	MAE: 18.14	RMSE: 19.35
Epoch 095	LOSS: 33.16	MAE: 17.75	RMSE: 18.99
Epoch 096	LOSS: 32.48	MAE: 17.36	RMSE: 18.63
Epoch 097	LOSS: 31.69	MAE: 16.97	RMSE: 18.27
Epoch 098	LOSS: 30.88	MAE: 16.58	RMSE: 17.92
Epoch 099	LOSS: 30.12	MAE: 16.19	RMSE: 17.57
Epoch 100	LOSS: 29.39	MAE: 15.81	RMSE: 17.23
Epoch 101	LOSS: 28.71	MAE: 15.42	RMSE: 16.89
Epoch 102	LOSS: 27.87	MAE: 15.04	RMSE: 16.56
Epoch 103	LOSS: 27.10	MAE: 14.66	RMSE: 16.24
Epoch 104	LOSS: 26.23	MAE: 14.28	RMSE: 15.92
Epoch 105	LOSS: 25.61	MAE: 13.91	RMSE: 15.61
Epoch 106	LOSS: 24.85	MAE: 13.54	RMSE: 15.31
Epoch 107	LOSS: 24.17	MAE: 13.17	RMSE: 15.02
Epoch 108	LOSS: 23.39	MAE: 12.81	RMSE: 14.73
Epoch 109	LOSS: 22.54	MAE: 12.45	RMSE: 14.46
Epoch 110	LOSS: 21.84	MAE: 12.09	RMSE: 14.20
Epoch 111	LOSS: 21.20	MAE: 11.74	RMSE: 13.94
Epoch 112	LOSS: 20.52	MAE: 11.39	RMSE: 13.69
Epoch 113	LOSS: 19.87	MAE: 11.04	RMSE: 13.46
Epoch 114	LOSS: 19.23	MAE: 10.70	RMSE: 13.23
Epoch 115	LOSS: 18.40	MAE: 10.37	RMSE: 13.02
Epoch 116	LOSS: 17.75	MAE: 10.04	RMSE: 12.82
Epoch 117	LOSS: 17.21	MAE: 9.72	RMSE: 12.64
Epoch 118	LOSS: 16.55	MAE: 9.41	RMSE: 12.46
Epoch 119	LOSS: 15.97	MAE: 9.11	RMSE: 12.30
Epoch 120	LOSS: 15.40	MAE: 8.82	RMSE: 12.15
Epoch 121	LOSS: 14.76	MAE: 8.54	RMSE: 12.02
Epoch 122	LOSS: 14.13	MAE: 8.27	RMSE: 11.90
Epoch 123	LOSS: 13.78	MAE: 8.02	RMSE: 11.80
Epoch 124	LOSS: 13.16	MAE: 7.78	RMSE: 11.70
Epoch 125	LOSS: 12.75	MAE: 7.56	RMSE: 11.62
Epoch 126	LOSS: 12.25	MAE: 7.35	RMSE: 11.56
Epoch 127	LOSS: 11.81	MAE: 7.15	RMSE: 11.50
Epoch 128	LOSS: 11.50	MAE: 6.98	RMSE: 11.46
Epoch 129	LOSS: 11.13	MAE: 6.82	RMSE: 11.42
Epoch 130	LOSS: 10.88	MAE: 6.67	RMSE: 11.40
Epoch 131	LOSS: 10.67	MAE: 6.54	RMSE: 11.38
Epoch 132	LOSS: 10.48	MAE: 6.43	RMSE: 11.37
Epoch 133	LOSS: 10.15	MAE: 6.33	RMSE: 11.37
Epoch 134	LOSS: 10.10	MAE: 6.24	RMSE: 11.37
Epoch 135	LOSS: 9.92	MAE: 6.16	RMSE: 11.38
Epoch 136	LOSS: 9.56	MAE: 6.09	RMSE: 11.39
Epoch 137	LOSS: 9.62	MAE: 6.04	RMSE: 11.41
Epoch 138	LOSS: 9.43	MAE: 5.99	RMSE: 11.42
Epoch 139	LOSS: 9.24	MAE: 5.95	RMSE: 11.44
Epoch 140	LOSS: 9.24	MAE: 5.91	RMSE: 11.46
Epoch 141	LOSS: 9.37	MAE: 5.88	RMSE: 11.47
Epoch 142	LOSS: 9.06	MAE: 5.86	RMSE: 11.49
Epoch 143	LOSS: 9.13	MAE: 5.84	RMSE: 11.51
Epoch 144	LOSS: 9.03	MAE: 5.83	RMSE: 11.52
Epoch 145	LOSS: 8.96	MAE: 5.82	RMSE: 11.54
Epoch 146	LOSS: 9.04	MAE: 5.81	RMSE: 11.55
Epoch 147	LOSS: 9.20	MAE: 5.80	RMSE: 11.56
Epoch 148	LOSS: 9.02	MAE: 5.80	RMSE: 11.57
Epoch 149	LOSS: 9.02	MAE: 5.79	RMSE: 11.58
Epoch 150	LOSS: 8.97	MAE: 5.79	RMSE: 11.59
Epoch 151	LOSS: 9.09	MAE: 5.79	RMSE: 11.60
Epoch 152	LOSS: 9.05	MAE: 5.79	RMSE: 11.61
Epoch 153	LOSS: 9.08	MAE: 5.78	RMSE: 11.61
Epoch 154	LOSS: 9.06	MAE: 5.78	RMSE: 11.62
Epoch 155	LOSS: 8.77	MAE: 5.78	RMSE: 11.62
Epoch 156	LOSS: 8.77	MAE: 5.78	RMSE: 11.63
Epoch 157	LOSS: 9.02	MAE: 5.78	RMSE: 11.63
Epoch 158	LOSS: 8.70	MAE: 5.78	RMSE: 11.63
Epoch 159	LOSS: 8.85	MAE: 5.78	RMSE: 11.64
Epoch 160	LOSS: 9.04	MAE: 5.78	RMSE: 11.64
Epoch 161	LOSS: 8.80	MAE: 5.78	RMSE: 11.64
Epoch 162	LOSS: 8.89	MAE: 5.78	RMSE: 11.64
Epoch 163	LOSS: 8.95	MAE: 5.78	RMSE: 11.65
Epoch 164	LOSS: 8.92	MAE: 5.78	RMSE: 11.65
Epoch 165	LOSS: 8.96	MAE: 5.78	RMSE: 11.65
Epoch 166	LOSS: 8.93	MAE: 5.78	RMSE: 11.65
Epoch 167	LOSS: 8.72	MAE: 5.78	RMSE: 11.65
Epoch 168	LOSS: 9.01	MAE: 5.78	RMSE: 11.65
Epoch 169	LOSS: 8.94	MAE: 5.78	RMSE: 11.65
Epoch 170	LOSS: 8.95	MAE: 5.78	RMSE: 11.65
Epoch 171	LOSS: 8.90	MAE: 5.78	RMSE: 11.66
Epoch 172	LOSS: 8.99	MAE: 5.78	RMSE: 11.66
Epoch 173	LOSS: 9.26	MAE: 5.78	RMSE: 11.66
Epoch 174	LOSS: 8.91	MAE: 5.78	RMSE: 11.66
Epoch 175	LOSS: 8.93	MAE: 5.78	RMSE: 11.66
Epoch 176	LOSS: 8.95	MAE: 5.78	RMSE: 11.66
Epoch 177	LOSS: 8.98	MAE: 5.78	RMSE: 11.66
Epoch 178	LOSS: 8.84	MAE: 5.78	RMSE: 11.66
Epoch 179	LOSS: 8.75	MAE: 5.78	RMSE: 11.66
Epoch 180	LOSS: 8.85	MAE: 5.78	RMSE: 11.66
Epoch 181	LOSS: 8.80	MAE: 5.77	RMSE: 11.66
Epoch 182	LOSS: 8.85	MAE: 5.77	RMSE: 11.66
Epoch 183	LOSS: 8.85	MAE: 5.78	RMSE: 11.66
Epoch 184	LOSS: 8.82	MAE: 5.78	RMSE: 11.66
Epoch 185	LOSS: 8.63	MAE: 5.78	RMSE: 11.66
Epoch 186	LOSS: 8.97	MAE: 5.78	RMSE: 11.66
Epoch 187	LOSS: 8.98	MAE: 5.78	RMSE: 11.66
Epoch 188	LOSS: 8.86	MAE: 5.78	RMSE: 11.66
Epoch 189	LOSS: 8.83	MAE: 5.78	RMSE: 11.66
Epoch 190	LOSS: 8.80	MAE: 5.78	RMSE: 11.66
Epoch 191	LOSS: 8.94	MAE: 5.78	RMSE: 11.66
Epoch 192	LOSS: 8.98	MAE: 5.78	RMSE: 11.66
Epoch 193	LOSS: 8.96	MAE: 5.78	RMSE: 11.66
Epoch 194	LOSS: 8.76	MAE: 5.78	RMSE: 11.66
Epoch 195	LOSS: 8.81	MAE: 5.78	RMSE: 11.66
Epoch 196	LOSS: 9.19	MAE: 5.78	RMSE: 11.67
Epoch 197	LOSS: 9.00	MAE: 5.78	RMSE: 11.67
Epoch 198	LOSS: 9.00	MAE: 5.78	RMSE: 11.67
Epoch 199	LOSS: 8.99	MAE: 5.78	RMSE: 11.67
Epoch 200	LOSS: 8.98	MAE: 5.78	RMSE: 11.66
Epoch 201	LOSS: 8.96	MAE: 5.78	RMSE: 11.67
Epoch 202	LOSS: 8.82	MAE: 5.78	RMSE: 11.67
Epoch 203	LOSS: 8.67	MAE: 5.78	RMSE: 11.66
Epoch 204	LOSS: 8.71	MAE: 5.78	RMSE: 11.66
Epoch 205	LOSS: 9.00	MAE: 5.78	RMSE: 11.66
Epoch 206	LOSS: 8.99	MAE: 5.78	RMSE: 11.67
Epoch 207	LOSS: 8.86	MAE: 5.78	RMSE: 11.67
Epoch 208	LOSS: 8.85	MAE: 5.78	RMSE: 11.67
Epoch 209	LOSS: 8.80	MAE: 5.78	RMSE: 11.67
Epoch 210	LOSS: 8.96	MAE: 5.78	RMSE: 11.66
Epoch 211	LOSS: 8.87	MAE: 5.78	RMSE: 11.66
Epoch 212	LOSS: 8.93	MAE: 5.78	RMSE: 11.66
Epoch 213	LOSS: 9.10	MAE: 5.78	RMSE: 11.66
Epoch 214	LOSS: 8.76	MAE: 5.78	RMSE: 11.66
Epoch 215	LOSS: 8.75	MAE: 5.78	RMSE: 11.66
Epoch 216	LOSS: 9.07	MAE: 5.78	RMSE: 11.66
Epoch 217	LOSS: 8.76	MAE: 5.78	RMSE: 11.66
Epoch 218	LOSS: 8.80	MAE: 5.78	RMSE: 11.66
Epoch 219	LOSS: 9.22	MAE: 5.77	RMSE: 11.66
Epoch 220	LOSS: 8.75	MAE: 5.77	RMSE: 11.66
Epoch 221	LOSS: 8.89	MAE: 5.77	RMSE: 11.66
Epoch 222	LOSS: 8.85	MAE: 5.77	RMSE: 11.66
Epoch 223	LOSS: 8.88	MAE: 5.77	RMSE: 11.66
Epoch 224	LOSS: 8.74	MAE: 5.77	RMSE: 11.66
Epoch 225	LOSS: 9.02	MAE: 5.77	RMSE: 11.66
Epoch 226	LOSS: 8.72	MAE: 5.78	RMSE: 11.66
Epoch 227	LOSS: 9.05	MAE: 5.78	RMSE: 11.66
Epoch 228	LOSS: 8.80	MAE: 5.78	RMSE: 11.66
Epoch 229	LOSS: 8.88	MAE: 5.78	RMSE: 11.66
Epoch 230	LOSS: 8.95	MAE: 5.78	RMSE: 11.67
Epoch 231	LOSS: 8.85	MAE: 5.78	RMSE: 11.67
Epoch 232	LOSS: 8.91	MAE: 5.78	RMSE: 11.67
Epoch 233	LOSS: 9.06	MAE: 5.77	RMSE: 11.67
Epoch 234	LOSS: 8.87	MAE: 5.77	RMSE: 11.66
Epoch 235	LOSS: 8.96	MAE: 5.77	RMSE: 11.66
Epoch 236	LOSS: 8.74	MAE: 5.77	RMSE: 11.67
Epoch 237	LOSS: 9.10	MAE: 5.77	RMSE: 11.67
Epoch 238	LOSS: 8.93	MAE: 5.77	RMSE: 11.66
Epoch 239	LOSS: 9.10	MAE: 5.77	RMSE: 11.66
Epoch 240	LOSS: 9.17	MAE: 5.79	RMSE: 11.66
Epoch 241	LOSS: 8.87	MAE: 5.78	RMSE: 11.66
Epoch 242	LOSS: 8.93	MAE: 5.78	RMSE: 11.66
Epoch 243	LOSS: 9.13	MAE: 5.78	RMSE: 11.65
Epoch 244	LOSS: 9.00	MAE: 5.78	RMSE: 11.65
Epoch 245	LOSS: 9.08	MAE: 5.77	RMSE: 11.66
Epoch 246	LOSS: 8.80	MAE: 5.77	RMSE: 11.66
Epoch 247	LOSS: 8.88	MAE: 5.77	RMSE: 11.66
Epoch 248	LOSS: 8.77	MAE: 5.78	RMSE: 11.66
Epoch 249	LOSS: 8.93	MAE: 5.78	RMSE: 11.65
Epoch 250	LOSS: 8.99	MAE: 5.78	RMSE: 11.65
Epoch 251	LOSS: 8.72	MAE: 5.78	RMSE: 11.65
Epoch 252	LOSS: 8.54	MAE: 5.78	RMSE: 11.65
Epoch 253	LOSS: 8.92	MAE: 5.78	RMSE: 11.65
Epoch 254	LOSS: 8.84	MAE: 5.78	RMSE: 11.65
Epoch 255	LOSS: 8.72	MAE: 5.78	RMSE: 11.65
Epoch 256	LOSS: 8.96	MAE: 5.78	RMSE: 11.65
Epoch 257	LOSS: 8.73	MAE: 5.78	RMSE: 11.65
Epoch 258	LOSS: 8.84	MAE: 5.78	RMSE: 11.65
Epoch 259	LOSS: 8.89	MAE: 5.78	RMSE: 11.65
Epoch 260	LOSS: 8.82	MAE: 5.78	RMSE: 11.65
Epoch 261	LOSS: 8.92	MAE: 5.78	RMSE: 11.65
Epoch 262	LOSS: 8.84	MAE: 5.78	RMSE: 11.65
Epoch 263	LOSS: 8.98	MAE: 5.78	RMSE: 11.65
Epoch 264	LOSS: 8.89	MAE: 5.78	RMSE: 11.65
Epoch 265	LOSS: 9.08	MAE: 5.78	RMSE: 11.65
Epoch 266	LOSS: 9.02	MAE: 5.78	RMSE: 11.65
Epoch 267	LOSS: 8.91	MAE: 5.78	RMSE: 11.65
Epoch 268	LOSS: 9.00	MAE: 5.77	RMSE: 11.65
Epoch 269	LOSS: 8.82	MAE: 5.78	RMSE: 11.65
Epoch 270	LOSS: 8.97	MAE: 5.78	RMSE: 11.65
Epoch 271	LOSS: 8.98	MAE: 5.78	RMSE: 11.65
Epoch 272	LOSS: 8.82	MAE: 5.78	RMSE: 11.65
Epoch 273	LOSS: 8.83	MAE: 5.78	RMSE: 11.66
Epoch 274	LOSS: 9.09	MAE: 5.78	RMSE: 11.66
Epoch 275	LOSS: 8.95	MAE: 5.78	RMSE: 11.66
Epoch 276	LOSS: 8.74	MAE: 5.78	RMSE: 11.66
Epoch 277	LOSS: 9.04	MAE: 5.78	RMSE: 11.62
Epoch 278	LOSS: 9.02	MAE: 5.78	RMSE: 11.65
Epoch 279	LOSS: 9.08	MAE: 5.78	RMSE: 11.65
Epoch 280	LOSS: 8.57	MAE: 5.78	RMSE: 11.65
Epoch 281	LOSS: 9.04	MAE: 5.78	RMSE: 11.65
Epoch 282	LOSS: 8.81	MAE: 5.78	RMSE: 11.65
Epoch 283	LOSS: 9.12	MAE: 5.78	RMSE: 11.66
Epoch 284	LOSS: 8.96	MAE: 5.78	RMSE: 11.66
Epoch 285	LOSS: 8.88	MAE: 5.78	RMSE: 11.65
Epoch 286	LOSS: 9.01	MAE: 5.78	RMSE: 11.65
Epoch 287	LOSS: 9.03	MAE: 5.78	RMSE: 11.65
Epoch 288	LOSS: 8.78	MAE: 5.78	RMSE: 11.65
Epoch 289	LOSS: 9.08	MAE: 5.78	RMSE: 11.65
Epoch 290	LOSS: 8.74	MAE: 5.78	RMSE: 11.65
Epoch 291	LOSS: 8.92	MAE: 5.78	RMSE: 11.65
Epoch 292	LOSS: 9.04	MAE: 5.78	RMSE: 11.65
Epoch 293	LOSS: 8.74	MAE: 5.78	RMSE: 11.65
Epoch 294	LOSS: 8.83	MAE: 5.78	RMSE: 11.65
Epoch 295	LOSS: 9.13	MAE: 5.78	RMSE: 11.65
Epoch 296	LOSS: 8.81	MAE: 5.78	RMSE: 11.66
Epoch 297	LOSS: 8.68	MAE: 5.78	RMSE: 11.66
Epoch 298	LOSS: 8.78	MAE: 5.78	RMSE: 11.66
Epoch 299	LOSS: 8.76	MAE: 5.78	RMSE: 11.65
Epoch 300	LOSS: 8.84	MAE: 5.78	RMSE: 11.65
Epoch 301	LOSS: 8.97	MAE: 5.78	RMSE: 11.65
Epoch 302	LOSS: 9.05	MAE: 5.78	RMSE: 11.65
Epoch 303	LOSS: 8.83	MAE: 5.78	RMSE: 11.65
Epoch 304	LOSS: 8.87	MAE: 5.78	RMSE: 11.65
Epoch 305	LOSS: 8.81	MAE: 5.78	RMSE: 11.65
Epoch 306	LOSS: 8.76	MAE: 5.78	RMSE: 11.65
Epoch 307	LOSS: 9.02	MAE: 5.78	RMSE: 11.65
Epoch 308	LOSS: 8.85	MAE: 5.78	RMSE: 11.65
Epoch 309	LOSS: 9.17	MAE: 5.78	RMSE: 11.65
Epoch 310	LOSS: 8.98	MAE: 5.78	RMSE: 11.65
Epoch 311	LOSS: 8.81	MAE: 5.78	RMSE: 11.65
Epoch 312	LOSS: 8.84	MAE: 5.78	RMSE: 11.65
Epoch 313	LOSS: 9.03	MAE: 5.78	RMSE: 11.65
Epoch 314	LOSS: 8.92	MAE: 5.78	RMSE: 11.65
Epoch 315	LOSS: 8.86	MAE: 5.78	RMSE: 11.65
Epoch 316	LOSS: 8.88	MAE: 5.78	RMSE: 11.65
Epoch 317	LOSS: 8.89	MAE: 5.78	RMSE: 11.65
Epoch 318	LOSS: 8.91	MAE: 5.78	RMSE: 11.66
Epoch 319	LOSS: 8.93	MAE: 5.78	RMSE: 11.66
Epoch 320	LOSS: 8.99	MAE: 5.78	RMSE: 11.65
Epoch 321	LOSS: 8.88	MAE: 5.78	RMSE: 11.65
Epoch 322	LOSS: 9.08	MAE: 5.78	RMSE: 11.66
Epoch 323	LOSS: 8.81	MAE: 5.78	RMSE: 11.66
Epoch 324	LOSS: 9.06	MAE: 5.78	RMSE: 11.66
Epoch 325	LOSS: 8.93	MAE: 5.78	RMSE: 11.66
Epoch 326	LOSS: 9.13	MAE: 5.78	RMSE: 11.66
Epoch 327	LOSS: 8.88	MAE: 5.78	RMSE: 11.66
Epoch 328	LOSS: 8.61	MAE: 5.78	RMSE: 11.66
Epoch 329	LOSS: 8.76	MAE: 5.78	RMSE: 11.65
Epoch 330	LOSS: 9.03	MAE: 5.78	RMSE: 11.65
Epoch 331	LOSS: 8.95	MAE: 5.78	RMSE: 11.65
Epoch 332	LOSS: 8.85	MAE: 5.78	RMSE: 11.65
Epoch 333	LOSS: 8.77	MAE: 5.78	RMSE: 11.65
Epoch 334	LOSS: 9.26	MAE: 5.78	RMSE: 11.65
Epoch 335	LOSS: 8.93	MAE: 5.78	RMSE: 11.65
Epoch 336	LOSS: 8.88	MAE: 5.78	RMSE: 11.65
Epoch 337	LOSS: 8.83	MAE: 5.78	RMSE: 11.65
Epoch 338	LOSS: 8.83	MAE: 5.78	RMSE: 11.65
Epoch 339	LOSS: 8.94	MAE: 5.78	RMSE: 11.65
Epoch 340	LOSS: 8.95	MAE: 5.78	RMSE: 11.65
Epoch 341	LOSS: 8.83	MAE: 5.78	RMSE: 11.65
Epoch 342	LOSS: 9.01	MAE: 5.78	RMSE: 11.65
Epoch 343	LOSS: 8.86	MAE: 5.78	RMSE: 11.65
Epoch 344	LOSS: 8.86	MAE: 5.78	RMSE: 11.65
Epoch 345	LOSS: 8.76	MAE: 5.78	RMSE: 11.65
Epoch 346	LOSS: 8.55	MAE: 5.78	RMSE: 11.65
Epoch 347	LOSS: 9.06	MAE: 5.78	RMSE: 11.66
Epoch 348	LOSS: 8.90	MAE: 5.78	RMSE: 11.66
Epoch 349	LOSS: 8.93	MAE: 5.78	RMSE: 11.66
Epoch 350	LOSS: 8.80	MAE: 5.78	RMSE: 11.65
Epoch 351	LOSS: 8.95	MAE: 5.78	RMSE: 11.65
Epoch 352	LOSS: 9.10	MAE: 5.78	RMSE: 11.65
Epoch 353	LOSS: 8.88	MAE: 5.78	RMSE: 11.65
Epoch 354	LOSS: 8.75	MAE: 5.78	RMSE: 11.65
Epoch 355	LOSS: 8.81	MAE: 5.78	RMSE: 11.65
Epoch 356	LOSS: 8.88	MAE: 5.78	RMSE: 11.65
Epoch 357	LOSS: 8.76	MAE: 5.78	RMSE: 11.65
Epoch 358	LOSS: 8.81	MAE: 5.78	RMSE: 11.65
Epoch 359	LOSS: 8.88	MAE: 5.78	RMSE: 11.65
Epoch 360	LOSS: 8.84	MAE: 5.78	RMSE: 11.65
Epoch 361	LOSS: 8.81	MAE: 5.78	RMSE: 11.65
Epoch 362	LOSS: 8.88	MAE: 5.78	RMSE: 11.65
Epoch 363	LOSS: 9.02	MAE: 5.78	RMSE: 11.65
Epoch 364	LOSS: 8.80	MAE: 5.78	RMSE: 11.65
Epoch 365	LOSS: 8.82	MAE: 5.78	RMSE: 11.65
Epoch 366	LOSS: 8.84	MAE: 5.78	RMSE: 11.65
Epoch 367	LOSS: 8.89	MAE: 5.78	RMSE: 11.65
Epoch 368	LOSS: 8.77	MAE: 5.78	RMSE: 11.65
Epoch 369	LOSS: 8.91	MAE: 5.78	RMSE: 11.65
Epoch 370	LOSS: 8.85	MAE: 5.78	RMSE: 11.65
Epoch 371	LOSS: 8.78	MAE: 5.78	RMSE: 11.65
Epoch 372	LOSS: 8.95	MAE: 5.78	RMSE: 11.65
Epoch 373	LOSS: 8.81	MAE: 5.78	RMSE: 11.65
Epoch 374	LOSS: 9.16	MAE: 5.78	RMSE: 11.65
Epoch 375	LOSS: 8.91	MAE: 5.78	RMSE: 11.65
Epoch 376	LOSS: 9.19	MAE: 5.78	RMSE: 11.65
Epoch 377	LOSS: 8.94	MAE: 5.78	RMSE: 11.65
Epoch 378	LOSS: 8.95	MAE: 5.78	RMSE: 11.65
Epoch 379	LOSS: 8.97	MAE: 5.78	RMSE: 11.66
Epoch 380	LOSS: 8.90	MAE: 5.78	RMSE: 11.66
Epoch 381	LOSS: 9.03	MAE: 5.82	RMSE: 11.56
Epoch 382	LOSS: 8.86	MAE: 5.78	RMSE: 11.66
Epoch 383	LOSS: 9.13	MAE: 5.78	RMSE: 11.66
Epoch 384	LOSS: 9.01	MAE: 5.78	RMSE: 11.66
Epoch 385	LOSS: 8.90	MAE: 5.78	RMSE: 11.66
Epoch 386	LOSS: 8.87	MAE: 5.78	RMSE: 11.65
Epoch 387	LOSS: 8.74	MAE: 5.78	RMSE: 11.65
Epoch 388	LOSS: 8.87	MAE: 5.78	RMSE: 11.65
Epoch 389	LOSS: 8.93	MAE: 5.78	RMSE: 11.65
Epoch 390	LOSS: 8.95	MAE: 5.78	RMSE: 11.66
Epoch 391	LOSS: 8.86	MAE: 5.78	RMSE: 11.66
Epoch 392	LOSS: 8.81	MAE: 5.78	RMSE: 11.66
Epoch 393	LOSS: 8.97	MAE: 5.78	RMSE: 11.66
Epoch 394	LOSS: 8.84	MAE: 5.78	RMSE: 11.66
Epoch 395	LOSS: 8.89	MAE: 5.78	RMSE: 11.66
Epoch 396	LOSS: 8.78	MAE: 5.78	RMSE: 11.66
Epoch 397	LOSS: 9.32	MAE: 5.78	RMSE: 11.65
Epoch 398	LOSS: 8.97	MAE: 5.78	RMSE: 11.66
Epoch 399	LOSS: 8.77	MAE: 5.78	RMSE: 11.66
Epoch 400	LOSS: 8.92	MAE: 5.78	RMSE: 11.66
Epoch 401	LOSS: 8.97	MAE: 5.78	RMSE: 11.66
Epoch 402	LOSS: 8.60	MAE: 5.78	RMSE: 11.66
Epoch 403	LOSS: 8.89	MAE: 5.78	RMSE: 11.66
Epoch 404	LOSS: 8.90	MAE: 5.78	RMSE: 11.66
Epoch 405	LOSS: 8.79	MAE: 5.78	RMSE: 11.66
Epoch 406	LOSS: 8.64	MAE: 5.78	RMSE: 11.66
Epoch 407	LOSS: 8.94	MAE: 5.78	RMSE: 11.66
Epoch 408	LOSS: 8.85	MAE: 5.78	RMSE: 11.65
Epoch 409	LOSS: 8.95	MAE: 5.78	RMSE: 11.65
Epoch 410	LOSS: 8.82	MAE: 5.78	RMSE: 11.65
Epoch 411	LOSS: 8.98	MAE: 5.78	RMSE: 11.65
Epoch 412	LOSS: 8.74	MAE: 5.78	RMSE: 11.65
Epoch 413	LOSS: 8.88	MAE: 5.78	RMSE: 11.65
Epoch 414	LOSS: 8.64	MAE: 5.78	RMSE: 11.65
Epoch 415	LOSS: 8.97	MAE: 5.78	RMSE: 11.65
Epoch 416	LOSS: 8.97	MAE: 5.78	RMSE: 11.65
Epoch 417	LOSS: 8.96	MAE: 5.78	RMSE: 11.65
Epoch 418	LOSS: 8.98	MAE: 5.78	RMSE: 11.66
Epoch 419	LOSS: 8.90	MAE: 5.78	RMSE: 11.66
Epoch 420	LOSS: 8.85	MAE: 5.78	RMSE: 11.66
Epoch 421	LOSS: 8.92	MAE: 5.78	RMSE: 11.66
Epoch 422	LOSS: 8.90	MAE: 5.78	RMSE: 11.66
Epoch 423	LOSS: 9.01	MAE: 5.78	RMSE: 11.65
Epoch 424	LOSS: 8.94	MAE: 5.78	RMSE: 11.65
Epoch 425	LOSS: 8.82	MAE: 5.78	RMSE: 11.66
Epoch 426	LOSS: 8.79	MAE: 5.78	RMSE: 11.66
Epoch 427	LOSS: 9.09	MAE: 5.78	RMSE: 11.65
Epoch 428	LOSS: 9.06	MAE: 5.78	RMSE: 11.65
Epoch 429	LOSS: 8.99	MAE: 5.78	RMSE: 11.65
Epoch 430	LOSS: 8.87	MAE: 5.78	RMSE: 11.65
Epoch 431	LOSS: 8.89	MAE: 5.78	RMSE: 11.65
Epoch 432	LOSS: 8.72	MAE: 5.78	RMSE: 11.65
Epoch 433	LOSS: 9.04	MAE: 5.78	RMSE: 11.65
Epoch 434	LOSS: 9.24	MAE: 5.78	RMSE: 11.65
Epoch 435	LOSS: 8.90	MAE: 5.78	RMSE: 11.65
Epoch 436	LOSS: 8.93	MAE: 5.78	RMSE: 11.65
Epoch 437	LOSS: 8.99	MAE: 5.78	RMSE: 11.65
Epoch 438	LOSS: 8.92	MAE: 5.78	RMSE: 11.65
Epoch 439	LOSS: 9.05	MAE: 5.78	RMSE: 11.66
Epoch 440	LOSS: 9.08	MAE: 5.78	RMSE: 11.65
Epoch 441	LOSS: 9.05	MAE: 5.78	RMSE: 11.65
Epoch 442	LOSS: 8.80	MAE: 5.78	RMSE: 11.65
Epoch 443	LOSS: 9.02	MAE: 5.78	RMSE: 11.65
Epoch 444	LOSS: 9.11	MAE: 5.78	RMSE: 11.65
Epoch 445	LOSS: 9.01	MAE: 5.78	RMSE: 11.65
Epoch 446	LOSS: 8.72	MAE: 5.78	RMSE: 11.65
Epoch 447	LOSS: 8.87	MAE: 5.78	RMSE: 11.65
Epoch 448	LOSS: 8.86	MAE: 5.78	RMSE: 11.65
Epoch 449	LOSS: 9.11	MAE: 5.78	RMSE: 11.65
Epoch 450	LOSS: 8.77	MAE: 5.78	RMSE: 11.65
Epoch 451	LOSS: 9.02	MAE: 5.78	RMSE: 11.66
Epoch 452	LOSS: 8.98	MAE: 5.78	RMSE: 11.66
Epoch 453	LOSS: 8.93	MAE: 5.78	RMSE: 11.66
Epoch 454	LOSS: 8.97	MAE: 5.78	RMSE: 11.66
Epoch 455	LOSS: 9.02	MAE: 5.78	RMSE: 11.65
Epoch 456	LOSS: 9.02	MAE: 5.78	RMSE: 11.65
Epoch 457	LOSS: 8.89	MAE: 5.78	RMSE: 11.65
Epoch 458	LOSS: 8.94	MAE: 5.78	RMSE: 11.65
Epoch 459	LOSS: 8.71	MAE: 5.78	RMSE: 11.65
Epoch 460	LOSS: 8.82	MAE: 5.78	RMSE: 11.65
Epoch 461	LOSS: 8.92	MAE: 5.78	RMSE: 11.65
Epoch 462	LOSS: 8.80	MAE: 5.78	RMSE: 11.65
Epoch 463	LOSS: 8.93	MAE: 5.78	RMSE: 11.65
Epoch 464	LOSS: 8.67	MAE: 5.78	RMSE: 11.66
Epoch 465	LOSS: 8.97	MAE: 5.78	RMSE: 11.65
Epoch 466	LOSS: 8.89	MAE: 5.78	RMSE: 11.66
Epoch 467	LOSS: 9.04	MAE: 5.78	RMSE: 11.66
Epoch 468	LOSS: 9.01	MAE: 5.78	RMSE: 11.66
Epoch 469	LOSS: 8.95	MAE: 5.78	RMSE: 11.66
Epoch 470	LOSS: 9.01	MAE: 5.78	RMSE: 11.66
Epoch 471	LOSS: 9.13	MAE: 5.78	RMSE: 11.66
Epoch 472	LOSS: 9.12	MAE: 5.78	RMSE: 11.66
Epoch 473	LOSS: 8.90	MAE: 5.78	RMSE: 11.66
Epoch 474	LOSS: 8.88	MAE: 5.78	RMSE: 11.66
Epoch 475	LOSS: 8.97	MAE: 5.78	RMSE: 11.66
Epoch 476	LOSS: 8.90	MAE: 5.78	RMSE: 11.66
Epoch 477	LOSS: 9.12	MAE: 5.78	RMSE: 11.66
Epoch 478	LOSS: 9.18	MAE: 5.78	RMSE: 11.66
Epoch 479	LOSS: 9.12	MAE: 5.78	RMSE: 11.66
Epoch 480	LOSS: 9.30	MAE: 5.78	RMSE: 11.66
Epoch 481	LOSS: 8.99	MAE: 5.78	RMSE: 11.66
Epoch 482	LOSS: 8.96	MAE: 5.78	RMSE: 11.66
Epoch 483	LOSS: 9.17	MAE: 5.78	RMSE: 11.66
Epoch 484	LOSS: 8.85	MAE: 5.78	RMSE: 11.66
Epoch 485	LOSS: 8.93	MAE: 5.78	RMSE: 11.66
Epoch 486	LOSS: 8.78	MAE: 5.78	RMSE: 11.66
Epoch 487	LOSS: 9.01	MAE: 5.78	RMSE: 11.65
Epoch 488	LOSS: 8.83	MAE: 5.78	RMSE: 11.65
Epoch 489	LOSS: 9.08	MAE: 5.78	RMSE: 11.65
Epoch 490	LOSS: 8.70	MAE: 5.78	RMSE: 11.65
Epoch 491	LOSS: 8.82	MAE: 5.78	RMSE: 11.64
Epoch 492	LOSS: 8.88	MAE: 5.78	RMSE: 11.64
Epoch 493	LOSS: 8.76	MAE: 5.78	RMSE: 11.65
Epoch 494	LOSS: 8.83	MAE: 5.78	RMSE: 11.65
Epoch 495	LOSS: 9.10	MAE: 5.78	RMSE: 11.65
Epoch 496	LOSS: 8.72	MAE: 5.78	RMSE: 11.65
Epoch 497	LOSS: 9.07	MAE: 5.78	RMSE: 11.65
Epoch 498	LOSS: 8.89	MAE: 5.78	RMSE: 11.65
Epoch 499	LOSS: 8.91	MAE: 5.78	RMSE: 11.65
Epoch 500	LOSS: 9.14	MAE: 5.78	RMSE: 11.65
Epoch 501	LOSS: 8.86	MAE: 5.78	RMSE: 11.65
Epoch 502	LOSS: 8.82	MAE: 5.78	RMSE: 11.65
Epoch 503	LOSS: 8.83	MAE: 5.78	RMSE: 11.65
Epoch 504	LOSS: 8.90	MAE: 5.78	RMSE: 11.65
Epoch 505	LOSS: 8.95	MAE: 5.78	RMSE: 11.65
Epoch 506	LOSS: 8.99	MAE: 5.78	RMSE: 11.65
Epoch 507	LOSS: 8.91	MAE: 5.78	RMSE: 11.66
Epoch 508	LOSS: 9.02	MAE: 5.78	RMSE: 11.66
Epoch 509	LOSS: 8.72	MAE: 5.78	RMSE: 11.66
Epoch 510	LOSS: 8.92	MAE: 5.78	RMSE: 11.66
Epoch 511	LOSS: 9.18	MAE: 5.78	RMSE: 11.65
Epoch 512	LOSS: 8.81	MAE: 5.78	RMSE: 11.65
Epoch 513	LOSS: 9.05	MAE: 5.78	RMSE: 11.65
Epoch 514	LOSS: 8.87	MAE: 5.78	RMSE: 11.65
Epoch 515	LOSS: 9.08	MAE: 5.78	RMSE: 11.65
Epoch 516	LOSS: 8.91	MAE: 5.78	RMSE: 11.65
Epoch 517	LOSS: 9.21	MAE: 5.78	RMSE: 11.65
Epoch 518	LOSS: 8.94	MAE: 5.78	RMSE: 11.65
Epoch 519	LOSS: 8.98	MAE: 5.78	RMSE: 11.65
Epoch 520	LOSS: 8.76	MAE: 5.78	RMSE: 11.65
Epoch 521	LOSS: 8.82	MAE: 5.78	RMSE: 11.65
Epoch 522	LOSS: 9.11	MAE: 5.78	RMSE: 11.65
Epoch 523	LOSS: 8.70	MAE: 5.78	RMSE: 11.65
Epoch 524	LOSS: 8.78	MAE: 5.78	RMSE: 11.65
Epoch 525	LOSS: 8.66	MAE: 5.78	RMSE: 11.65
Epoch 526	LOSS: 8.82	MAE: 5.78	RMSE: 11.65
Epoch 527	LOSS: 8.72	MAE: 5.78	RMSE: 11.65
Epoch 528	LOSS: 8.89	MAE: 5.78	RMSE: 11.65
Epoch 529	LOSS: 8.92	MAE: 5.78	RMSE: 11.65
Epoch 530	LOSS: 8.80	MAE: 5.78	RMSE: 11.65
Epoch 531	LOSS: 8.93	MAE: 5.78	RMSE: 11.65
Epoch 532	LOSS: 8.97	MAE: 5.78	RMSE: 11.65
Epoch 533	LOSS: 8.81	MAE: 5.78	RMSE: 11.65
Epoch 534	LOSS: 8.92	MAE: 5.78	RMSE: 11.65
Epoch 535	LOSS: 8.82	MAE: 5.78	RMSE: 11.65
Epoch 536	LOSS: 9.17	MAE: 5.78	RMSE: 11.65
Epoch 537	LOSS: 8.93	MAE: 5.78	RMSE: 11.65
Epoch 538	LOSS: 8.92	MAE: 5.78	RMSE: 11.65
Epoch 539	LOSS: 8.88	MAE: 5.78	RMSE: 11.65
Epoch 540	LOSS: 8.84	MAE: 5.78	RMSE: 11.65
Epoch 541	LOSS: 8.75	MAE: 5.78	RMSE: 11.65
Epoch 542	LOSS: 9.01	MAE: 5.78	RMSE: 11.66
Epoch 543	LOSS: 8.84	MAE: 5.78	RMSE: 11.66
Epoch 544	LOSS: 9.05	MAE: 5.78	RMSE: 11.66
Epoch 545	LOSS: 8.99	MAE: 5.78	RMSE: 11.66
Epoch 546	LOSS: 8.85	MAE: 5.78	RMSE: 11.66
Epoch 547	LOSS: 8.78	MAE: 5.78	RMSE: 11.66
Epoch 548	LOSS: 8.87	MAE: 5.78	RMSE: 11.66
Epoch 549	LOSS: 8.82	MAE: 5.78	RMSE: 11.66
Epoch 550	LOSS: 8.96	MAE: 5.78	RMSE: 11.65
Epoch 551	LOSS: 8.86	MAE: 5.78	RMSE: 11.65
Epoch 552	LOSS: 8.84	MAE: 5.78	RMSE: 11.65
Epoch 553	LOSS: 8.97	MAE: 5.78	RMSE: 11.65
Epoch 554	LOSS: 8.84	MAE: 5.78	RMSE: 11.65
Epoch 555	LOSS: 9.05	MAE: 5.78	RMSE: 11.66
Epoch 556	LOSS: 8.80	MAE: 5.78	RMSE: 11.66
Epoch 557	LOSS: 8.92	MAE: 5.78	RMSE: 11.66
Epoch 558	LOSS: 9.01	MAE: 5.78	RMSE: 11.66
Epoch 559	LOSS: 8.96	MAE: 5.78	RMSE: 11.66
Epoch 560	LOSS: 9.11	MAE: 5.78	RMSE: 11.66
Epoch 561	LOSS: 9.01	MAE: 5.78	RMSE: 11.66
Epoch 562	LOSS: 8.81	MAE: 5.78	RMSE: 11.66
Epoch 563	LOSS: 8.84	MAE: 5.78	RMSE: 11.65
Epoch 564	LOSS: 9.02	MAE: 5.78	RMSE: 11.65
Epoch 565	LOSS: 8.93	MAE: 5.78	RMSE: 11.65
Epoch 566	LOSS: 9.01	MAE: 5.78	RMSE: 11.65
Epoch 567	LOSS: 9.31	MAE: 5.78	RMSE: 11.65
Epoch 568	LOSS: 8.90	MAE: 5.78	RMSE: 11.65
Epoch 569	LOSS: 8.88	MAE: 5.78	RMSE: 11.65
Epoch 570	LOSS: 9.10	MAE: 5.78	RMSE: 11.65
Epoch 571	LOSS: 9.17	MAE: 5.78	RMSE: 11.66
Epoch 572	LOSS: 8.91	MAE: 5.78	RMSE: 11.66
Epoch 573	LOSS: 8.99	MAE: 5.78	RMSE: 11.66
Epoch 574	LOSS: 8.98	MAE: 5.78	RMSE: 11.66
Epoch 575	LOSS: 9.01	MAE: 5.78	RMSE: 11.66
Epoch 576	LOSS: 8.97	MAE: 5.78	RMSE: 11.66
Epoch 577	LOSS: 8.95	MAE: 5.78	RMSE: 11.66
Epoch 578	LOSS: 8.76	MAE: 5.78	RMSE: 11.66
Epoch 579	LOSS: 8.95	MAE: 5.78	RMSE: 11.65
Epoch 580	LOSS: 8.74	MAE: 5.78	RMSE: 11.65
Epoch 581	LOSS: 9.08	MAE: 5.78	RMSE: 11.65
Epoch 582	LOSS: 8.99	MAE: 5.78	RMSE: 11.65
Epoch 583	LOSS: 9.06	MAE: 5.78	RMSE: 11.65
Epoch 584	LOSS: 8.93	MAE: 5.78	RMSE: 11.64
Epoch 585	LOSS: 8.97	MAE: 5.78	RMSE: 11.64
Epoch 586	LOSS: 8.95	MAE: 5.78	RMSE: 11.65
Epoch 587	LOSS: 8.88	MAE: 5.78	RMSE: 11.65
Epoch 588	LOSS: 8.94	MAE: 5.78	RMSE: 11.66
Epoch 589	LOSS: 9.25	MAE: 5.78	RMSE: 11.66
Epoch 590	LOSS: 9.02	MAE: 5.78	RMSE: 11.65
Epoch 591	LOSS: 8.85	MAE: 5.78	RMSE: 11.65
Epoch 592	LOSS: 8.94	MAE: 5.78	RMSE: 11.65
Epoch 593	LOSS: 8.94	MAE: 5.78	RMSE: 11.65
Epoch 594	LOSS: 8.93	MAE: 5.78	RMSE: 11.65
Epoch 595	LOSS: 8.65	MAE: 5.78	RMSE: 11.65
Epoch 596	LOSS: 8.73	MAE: 5.78	RMSE: 11.65
Epoch 597	LOSS: 8.83	MAE: 5.78	RMSE: 11.65
Epoch 598	LOSS: 8.99	MAE: 5.78	RMSE: 11.65
Epoch 599	LOSS: 9.04	MAE: 5.78	RMSE: 11.65
Epoch 600	LOSS: 8.78	MAE: 5.78	RMSE: 11.65
Epoch 601	LOSS: 8.99	MAE: 5.78	RMSE: 11.65
Epoch 602	LOSS: 8.82	MAE: 5.78	RMSE: 11.65
Epoch 603	LOSS: 8.93	MAE: 5.78	RMSE: 11.65
Epoch 604	LOSS: 8.67	MAE: 5.78	RMSE: 11.65
Epoch 605	LOSS: 9.00	MAE: 5.78	RMSE: 11.65
Epoch 606	LOSS: 8.74	MAE: 5.78	RMSE: 11.65
Epoch 607	LOSS: 8.88	MAE: 5.78	RMSE: 11.65
Epoch 608	LOSS: 8.77	MAE: 5.78	RMSE: 11.65
Epoch 609	LOSS: 8.89	MAE: 5.78	RMSE: 11.64
Epoch 610	LOSS: 8.84	MAE: 5.78	RMSE: 11.65
Epoch 611	LOSS: 9.01	MAE: 5.78	RMSE: 11.65
Epoch 612	LOSS: 9.14	MAE: 5.78	RMSE: 11.65
Epoch 613	LOSS: 8.92	MAE: 5.78	RMSE: 11.66
Epoch 614	LOSS: 9.06	MAE: 5.78	RMSE: 11.66
Epoch 615	LOSS: 8.98	MAE: 5.78	RMSE: 11.65
Epoch 616	LOSS: 8.90	MAE: 5.78	RMSE: 11.66
Epoch 617	LOSS: 8.91	MAE: 5.78	RMSE: 11.66
Epoch 618	LOSS: 9.02	MAE: 5.78	RMSE: 11.66
Epoch 619	LOSS: 8.93	MAE: 5.78	RMSE: 11.66
Epoch 620	LOSS: 8.99	MAE: 5.78	RMSE: 11.66
Epoch 621	LOSS: 8.77	MAE: 5.78	RMSE: 11.66
Epoch 622	LOSS: 9.04	MAE: 5.78	RMSE: 11.66
Epoch 623	LOSS: 8.82	MAE: 5.78	RMSE: 11.66
Epoch 624	LOSS: 8.97	MAE: 5.78	RMSE: 11.66
Epoch 625	LOSS: 8.85	MAE: 5.78	RMSE: 11.66
Epoch 626	LOSS: 9.05	MAE: 5.78	RMSE: 11.66
Epoch 627	LOSS: 9.05	MAE: 5.78	RMSE: 11.66
Epoch 628	LOSS: 9.00	MAE: 5.78	RMSE: 11.66
Epoch 629	LOSS: 8.85	MAE: 5.78	RMSE: 11.66
Epoch 630	LOSS: 8.90	MAE: 5.78	RMSE: 11.65
Epoch 631	LOSS: 9.06	MAE: 5.78	RMSE: 11.65
Epoch 632	LOSS: 8.88	MAE: 5.78	RMSE: 11.65
Epoch 633	LOSS: 8.97	MAE: 5.78	RMSE: 11.65
Epoch 634	LOSS: 8.80	MAE: 5.78	RMSE: 11.66
Epoch 635	LOSS: 8.87	MAE: 5.78	RMSE: 11.66
Epoch 636	LOSS: 8.81	MAE: 5.78	RMSE: 11.66
Epoch 637	LOSS: 8.73	MAE: 5.78	RMSE: 11.66
Epoch 638	LOSS: 8.80	MAE: 5.78	RMSE: 11.66
Epoch 639	LOSS: 8.88	MAE: 5.78	RMSE: 11.66
Epoch 640	LOSS: 8.98	MAE: 5.78	RMSE: 11.65
Epoch 641	LOSS: 9.03	MAE: 5.78	RMSE: 11.66
Epoch 642	LOSS: 8.90	MAE: 5.78	RMSE: 11.66
Epoch 643	LOSS: 9.06	MAE: 5.78	RMSE: 11.66
Epoch 644	LOSS: 8.97	MAE: 5.78	RMSE: 11.66
Epoch 645	LOSS: 8.97	MAE: 5.78	RMSE: 11.66
Epoch 646	LOSS: 8.68	MAE: 5.78	RMSE: 11.66
Epoch 647	LOSS: 8.89	MAE: 5.78	RMSE: 11.66
Epoch 648	LOSS: 8.98	MAE: 5.78	RMSE: 11.66
Epoch 649	LOSS: 8.56	MAE: 5.78	RMSE: 11.65
Epoch 650	LOSS: 8.91	MAE: 5.78	RMSE: 11.65
Epoch 651	LOSS: 8.87	MAE: 5.78	RMSE: 11.66
Epoch 652	LOSS: 8.90	MAE: 5.78	RMSE: 11.66
Epoch 653	LOSS: 9.11	MAE: 5.78	RMSE: 11.66
Epoch 654	LOSS: 8.91	MAE: 5.78	RMSE: 11.66
Epoch 655	LOSS: 8.91	MAE: 5.78	RMSE: 11.65
Epoch 656	LOSS: 8.85	MAE: 5.78	RMSE: 11.65
Epoch 657	LOSS: 8.86	MAE: 5.78	RMSE: 11.65
Epoch 658	LOSS: 8.77	MAE: 5.78	RMSE: 11.65
Epoch 659	LOSS: 9.02	MAE: 5.78	RMSE: 11.65
Epoch 660	LOSS: 8.89	MAE: 5.78	RMSE: 11.65
Epoch 661	LOSS: 8.80	MAE: 5.78	RMSE: 11.64
Epoch 662	LOSS: 8.50	MAE: 5.78	RMSE: 11.65
Epoch 663	LOSS: 9.03	MAE: 5.78	RMSE: 11.65
Epoch 664	LOSS: 8.74	MAE: 5.78	RMSE: 11.66
Epoch 665	LOSS: 8.86	MAE: 5.78	RMSE: 11.66
Epoch 666	LOSS: 8.79	MAE: 5.78	RMSE: 11.66
Epoch 667	LOSS: 9.06	MAE: 5.78	RMSE: 11.66
Epoch 668	LOSS: 8.95	MAE: 5.78	RMSE: 11.66
Epoch 669	LOSS: 8.80	MAE: 5.78	RMSE: 11.65
Epoch 670	LOSS: 9.12	MAE: 5.78	RMSE: 11.65
Epoch 671	LOSS: 8.96	MAE: 5.78	RMSE: 11.65
Epoch 672	LOSS: 8.77	MAE: 5.78	RMSE: 11.65
Epoch 673	LOSS: 9.05	MAE: 5.78	RMSE: 11.66
Epoch 674	LOSS: 8.95	MAE: 5.78	RMSE: 11.66
Epoch 675	LOSS: 9.01	MAE: 5.78	RMSE: 11.66
Epoch 676	LOSS: 8.87	MAE: 5.78	RMSE: 11.66
Epoch 677	LOSS: 9.13	MAE: 5.78	RMSE: 11.65
Epoch 678	LOSS: 9.02	MAE: 5.78	RMSE: 11.65
Epoch 679	LOSS: 9.02	MAE: 5.78	RMSE: 11.65
Epoch 680	LOSS: 8.83	MAE: 5.78	RMSE: 11.66
Epoch 681	LOSS: 8.92	MAE: 5.78	RMSE: 11.66
Epoch 682	LOSS: 8.88	MAE: 5.78	RMSE: 11.66
Epoch 683	LOSS: 8.98	MAE: 5.78	RMSE: 11.66
Epoch 684	LOSS: 8.87	MAE: 5.78	RMSE: 11.66
Epoch 685	LOSS: 8.88	MAE: 5.78	RMSE: 11.66
Epoch 686	LOSS: 8.89	MAE: 5.78	RMSE: 11.66
Epoch 687	LOSS: 8.73	MAE: 5.78	RMSE: 11.66
Epoch 688	LOSS: 8.96	MAE: 5.78	RMSE: 11.66
Epoch 689	LOSS: 8.67	MAE: 5.78	RMSE: 11.66
Epoch 690	LOSS: 8.79	MAE: 5.78	RMSE: 11.65
Epoch 691	LOSS: 8.90	MAE: 5.78	RMSE: 11.65
Epoch 692	LOSS: 8.81	MAE: 5.78	RMSE: 11.65
Epoch 693	LOSS: 9.16	MAE: 5.78	RMSE: 11.65
Epoch 694	LOSS: 8.96	MAE: 5.78	RMSE: 11.65
Epoch 695	LOSS: 9.09	MAE: 5.78	RMSE: 11.66
Epoch 696	LOSS: 8.86	MAE: 5.78	RMSE: 11.65
Epoch 697	LOSS: 8.89	MAE: 5.78	RMSE: 11.65
Epoch 698	LOSS: 9.12	MAE: 5.78	RMSE: 11.65
Epoch 699	LOSS: 8.77	MAE: 5.78	RMSE: 11.65
Epoch 700	LOSS: 9.12	MAE: 5.78	RMSE: 11.66
Epoch 701	LOSS: 8.73	MAE: 5.78	RMSE: 11.66
Epoch 702	LOSS: 8.94	MAE: 5.78	RMSE: 11.67
Epoch 703	LOSS: 8.87	MAE: 5.78	RMSE: 11.67
Epoch 704	LOSS: 8.75	MAE: 5.78	RMSE: 11.66
Epoch 705	LOSS: 8.82	MAE: 5.78	RMSE: 11.65
Epoch 706	LOSS: 9.01	MAE: 5.78	RMSE: 11.65
Epoch 707	LOSS: 8.89	MAE: 5.78	RMSE: 11.64
Epoch 708	LOSS: 8.94	MAE: 5.78	RMSE: 11.64
Epoch 709	LOSS: 8.89	MAE: 5.78	RMSE: 11.65
Epoch 710	LOSS: 8.90	MAE: 5.78	RMSE: 11.64
Epoch 711	LOSS: 8.96	MAE: 5.78	RMSE: 11.65
Epoch 712	LOSS: 8.86	MAE: 5.78	RMSE: 11.65
Epoch 713	LOSS: 8.94	MAE: 5.78	RMSE: 11.65
Epoch 714	LOSS: 9.00	MAE: 5.78	RMSE: 11.65
Epoch 715	LOSS: 8.97	MAE: 5.78	RMSE: 11.65
Epoch 716	LOSS: 9.12	MAE: 5.78	RMSE: 11.65
Epoch 717	LOSS: 8.90	MAE: 5.78	RMSE: 11.65
Epoch 718	LOSS: 8.72	MAE: 5.78	RMSE: 11.65
Epoch 719	LOSS: 8.95	MAE: 5.78	RMSE: 11.65
Epoch 720	LOSS: 8.85	MAE: 5.78	RMSE: 11.65
Epoch 721	LOSS: 8.97	MAE: 5.78	RMSE: 11.65
Epoch 722	LOSS: 8.92	MAE: 5.78	RMSE: 11.65
Epoch 723	LOSS: 9.12	MAE: 5.78	RMSE: 11.65
Epoch 724	LOSS: 8.90	MAE: 5.78	RMSE: 11.65
Epoch 725	LOSS: 8.86	MAE: 5.78	RMSE: 11.65
Epoch 726	LOSS: 8.95	MAE: 5.78	RMSE: 11.65
Epoch 727	LOSS: 8.94	MAE: 5.78	RMSE: 11.66
Epoch 728	LOSS: 8.97	MAE: 5.78	RMSE: 11.66
Epoch 729	LOSS: 9.03	MAE: 5.78	RMSE: 11.66
Epoch 730	LOSS: 8.78	MAE: 5.78	RMSE: 11.66
Epoch 731	LOSS: 9.05	MAE: 5.78	RMSE: 11.66
Epoch 732	LOSS: 9.05	MAE: 5.78	RMSE: 11.66
Epoch 733	LOSS: 8.84	MAE: 5.78	RMSE: 11.66
Epoch 734	LOSS: 8.59	MAE: 5.78	RMSE: 11.66
Epoch 735	LOSS: 8.78	MAE: 5.78	RMSE: 11.66
Epoch 736	LOSS: 8.65	MAE: 5.78	RMSE: 11.65
Epoch 737	LOSS: 8.98	MAE: 5.78	RMSE: 11.65
Epoch 738	LOSS: 8.91	MAE: 5.78	RMSE: 11.65
Epoch 739	LOSS: 8.83	MAE: 5.78	RMSE: 11.65
Epoch 740	LOSS: 8.98	MAE: 5.78	RMSE: 11.65
Epoch 741	LOSS: 8.98	MAE: 5.78	RMSE: 11.65
Epoch 742	LOSS: 8.81	MAE: 5.78	RMSE: 11.65
Epoch 743	LOSS: 8.99	MAE: 5.78	RMSE: 11.65
Epoch 744	LOSS: 8.94	MAE: 5.78	RMSE: 11.65
Epoch 745	LOSS: 8.74	MAE: 5.78	RMSE: 11.65
Epoch 746	LOSS: 9.02	MAE: 5.78	RMSE: 11.65
Epoch 747	LOSS: 8.65	MAE: 5.78	RMSE: 11.66
Epoch 748	LOSS: 9.05	MAE: 5.78	RMSE: 11.66
Epoch 749	LOSS: 9.02	MAE: 5.78	RMSE: 11.66
Epoch 750	LOSS: 8.84	MAE: 5.78	RMSE: 11.66
Epoch 751	LOSS: 8.79	MAE: 5.78	RMSE: 11.65
Epoch 752	LOSS: 9.01	MAE: 5.78	RMSE: 11.65
Epoch 753	LOSS: 8.96	MAE: 5.78	RMSE: 11.65
Epoch 754	LOSS: 8.78	MAE: 5.78	RMSE: 11.65
Epoch 755	LOSS: 9.14	MAE: 5.78	RMSE: 11.65
Epoch 756	LOSS: 8.90	MAE: 5.78	RMSE: 11.65
Epoch 757	LOSS: 9.14	MAE: 5.78	RMSE: 11.66
Epoch 758	LOSS: 9.13	MAE: 5.78	RMSE: 11.66
Epoch 759	LOSS: 8.82	MAE: 5.78	RMSE: 11.66
Epoch 760	LOSS: 8.78	MAE: 5.78	RMSE: 11.65
Epoch 761	LOSS: 8.65	MAE: 5.78	RMSE: 11.65
Epoch 762	LOSS: 8.98	MAE: 5.78	RMSE: 11.65
Epoch 763	LOSS: 9.03	MAE: 5.78	RMSE: 11.65
Epoch 764	LOSS: 8.71	MAE: 5.78	RMSE: 11.65
Epoch 765	LOSS: 9.15	MAE: 5.78	RMSE: 11.65
Epoch 766	LOSS: 9.02	MAE: 5.78	RMSE: 11.66
Epoch 767	LOSS: 8.86	MAE: 5.78	RMSE: 11.66
Epoch 768	LOSS: 8.97	MAE: 5.78	RMSE: 11.66
Epoch 769	LOSS: 8.89	MAE: 5.78	RMSE: 11.66
Epoch 770	LOSS: 8.78	MAE: 5.78	RMSE: 11.66
Epoch 771	LOSS: 9.01	MAE: 5.78	RMSE: 11.66
Epoch 772	LOSS: 8.91	MAE: 5.78	RMSE: 11.66
Epoch 773	LOSS: 9.10	MAE: 5.78	RMSE: 11.66
Epoch 774	LOSS: 9.06	MAE: 5.78	RMSE: 11.66
Epoch 775	LOSS: 8.87	MAE: 5.78	RMSE: 11.66
Epoch 776	LOSS: 8.85	MAE: 5.78	RMSE: 11.65
Epoch 777	LOSS: 8.98	MAE: 5.78	RMSE: 11.66
Epoch 778	LOSS: 8.90	MAE: 5.78	RMSE: 11.65
Epoch 779	LOSS: 8.77	MAE: 5.78	RMSE: 11.65
Epoch 780	LOSS: 9.05	MAE: 5.78	RMSE: 11.65
Epoch 781	LOSS: 9.12	MAE: 5.78	RMSE: 11.65
Epoch 782	LOSS: 8.73	MAE: 5.78	RMSE: 11.65
Epoch 783	LOSS: 8.85	MAE: 5.78	RMSE: 11.66
Epoch 784	LOSS: 8.90	MAE: 5.78	RMSE: 11.66
Epoch 785	LOSS: 8.86	MAE: 5.78	RMSE: 11.66
Epoch 786	LOSS: 8.92	MAE: 5.78	RMSE: 11.66
Epoch 787	LOSS: 8.89	MAE: 5.78	RMSE: 11.66
Epoch 788	LOSS: 8.63	MAE: 5.78	RMSE: 11.66
Epoch 789	LOSS: 8.85	MAE: 5.78	RMSE: 11.65
Epoch 790	LOSS: 8.86	MAE: 5.78	RMSE: 11.65
Epoch 791	LOSS: 8.88	MAE: 5.78	RMSE: 11.65
Epoch 792	LOSS: 8.98	MAE: 5.78	RMSE: 11.66
Epoch 793	LOSS: 8.96	MAE: 5.78	RMSE: 11.65
Epoch 794	LOSS: 8.80	MAE: 5.78	RMSE: 11.66
Epoch 795	LOSS: 8.83	MAE: 5.78	RMSE: 11.66
Epoch 796	LOSS: 9.05	MAE: 5.78	RMSE: 11.67
Epoch 797	LOSS: 8.91	MAE: 5.78	RMSE: 11.67
Epoch 798	LOSS: 8.84	MAE: 5.78	RMSE: 11.66
Epoch 799	LOSS: 8.90	MAE: 5.78	RMSE: 11.65
Epoch 800	LOSS: 8.84	MAE: 5.78	RMSE: 11.65
Epoch 801	LOSS: 8.78	MAE: 5.78	RMSE: 11.65
Epoch 802	LOSS: 8.88	MAE: 5.78	RMSE: 11.65
Epoch 803	LOSS: 8.89	MAE: 5.78	RMSE: 11.65
Epoch 804	LOSS: 9.00	MAE: 5.78	RMSE: 11.65
Epoch 805	LOSS: 8.73	MAE: 5.78	RMSE: 11.64
Epoch 806	LOSS: 8.84	MAE: 5.78	RMSE: 11.65
Epoch 807	LOSS: 8.98	MAE: 5.78	RMSE: 11.65
Epoch 808	LOSS: 8.94	MAE: 5.78	RMSE: 11.65
Epoch 809	LOSS: 8.81	MAE: 5.78	RMSE: 11.66
Epoch 810	LOSS: 9.01	MAE: 5.78	RMSE: 11.67
Epoch 811	LOSS: 8.97	MAE: 5.78	RMSE: 11.67
Epoch 812	LOSS: 8.91	MAE: 5.78	RMSE: 11.66
Epoch 813	LOSS: 8.78	MAE: 5.78	RMSE: 11.66
Epoch 814	LOSS: 9.16	MAE: 5.78	RMSE: 11.65
Epoch 815	LOSS: 8.88	MAE: 5.78	RMSE: 11.65
Epoch 816	LOSS: 8.79	MAE: 5.78	RMSE: 11.66
Epoch 817	LOSS: 8.86	MAE: 5.78	RMSE: 11.66
Epoch 818	LOSS: 8.75	MAE: 5.78	RMSE: 11.67
Epoch 819	LOSS: 8.92	MAE: 5.78	RMSE: 11.66
Epoch 820	LOSS: 8.85	MAE: 5.78	RMSE: 11.66
Epoch 821	LOSS: 8.92	MAE: 5.78	RMSE: 11.65
Epoch 822	LOSS: 8.95	MAE: 5.78	RMSE: 11.65
Epoch 823	LOSS: 9.01	MAE: 5.78	RMSE: 11.65
Epoch 824	LOSS: 9.13	MAE: 5.78	RMSE: 11.65
Epoch 825	LOSS: 8.95	MAE: 5.78	RMSE: 11.65
Epoch 826	LOSS: 8.74	MAE: 5.78	RMSE: 11.65
Epoch 827	LOSS: 8.98	MAE: 5.78	RMSE: 11.65
Epoch 828	LOSS: 8.93	MAE: 5.78	RMSE: 11.66
Epoch 829	LOSS: 8.78	MAE: 5.78	RMSE: 11.66
Epoch 830	LOSS: 8.86	MAE: 5.78	RMSE: 11.65
Epoch 831	LOSS: 8.94	MAE: 5.78	RMSE: 11.66
Epoch 832	LOSS: 8.99	MAE: 5.78	RMSE: 11.66
Epoch 833	LOSS: 8.71	MAE: 5.78	RMSE: 11.66
Epoch 834	LOSS: 8.95	MAE: 5.78	RMSE: 11.66
Epoch 835	LOSS: 8.84	MAE: 5.78	RMSE: 11.65
Epoch 836	LOSS: 8.82	MAE: 5.78	RMSE: 11.65
Epoch 837	LOSS: 8.87	MAE: 5.78	RMSE: 11.66
Epoch 838	LOSS: 8.82	MAE: 5.78	RMSE: 11.66
Epoch 839	LOSS: 9.12	MAE: 5.78	RMSE: 11.66
Epoch 840	LOSS: 8.92	MAE: 5.78	RMSE: 11.66
Epoch 841	LOSS: 9.09	MAE: 5.78	RMSE: 11.66
Epoch 842	LOSS: 8.72	MAE: 5.78	RMSE: 11.66
Epoch 843	LOSS: 9.03	MAE: 5.78	RMSE: 11.66
Epoch 844	LOSS: 9.28	MAE: 5.78	RMSE: 11.66
Epoch 845	LOSS: 8.84	MAE: 5.78	RMSE: 11.66
Epoch 846	LOSS: 9.11	MAE: 5.78	RMSE: 11.65
Epoch 847	LOSS: 8.96	MAE: 5.78	RMSE: 11.65
Epoch 848	LOSS: 8.88	MAE: 5.78	RMSE: 11.64
Epoch 849	LOSS: 9.21	MAE: 5.78	RMSE: 11.64
Epoch 850	LOSS: 8.90	MAE: 5.78	RMSE: 11.65
Epoch 851	LOSS: 8.81	MAE: 5.78	RMSE: 11.66
Epoch 852	LOSS: 8.85	MAE: 5.78	RMSE: 11.66
Epoch 853	LOSS: 8.95	MAE: 5.78	RMSE: 11.66
Epoch 854	LOSS: 9.06	MAE: 5.78	RMSE: 11.65
Epoch 855	LOSS: 8.77	MAE: 5.78	RMSE: 11.65
Epoch 856	LOSS: 8.89	MAE: 5.78	RMSE: 11.65
Epoch 857	LOSS: 8.93	MAE: 5.78	RMSE: 11.66
Epoch 858	LOSS: 8.86	MAE: 5.78	RMSE: 11.65
Epoch 859	LOSS: 8.89	MAE: 5.78	RMSE: 11.66
Epoch 860	LOSS: 8.74	MAE: 5.78	RMSE: 11.66
Epoch 861	LOSS: 8.75	MAE: 5.78	RMSE: 11.66
Epoch 862	LOSS: 8.95	MAE: 5.78	RMSE: 11.66
Epoch 863	LOSS: 9.01	MAE: 5.78	RMSE: 11.66
Epoch 864	LOSS: 9.11	MAE: 5.78	RMSE: 11.66
Epoch 865	LOSS: 8.84	MAE: 5.78	RMSE: 11.66
Epoch 866	LOSS: 8.98	MAE: 5.78	RMSE: 11.66
Epoch 867	LOSS: 9.00	MAE: 5.78	RMSE: 11.66
Epoch 868	LOSS: 8.75	MAE: 5.78	RMSE: 11.65
Epoch 869	LOSS: 8.99	MAE: 5.78	RMSE: 11.65
Epoch 870	LOSS: 8.96	MAE: 5.78	RMSE: 11.65
Epoch 871	LOSS: 8.89	MAE: 5.78	RMSE: 11.65
Epoch 872	LOSS: 8.80	MAE: 5.78	RMSE: 11.65
Epoch 873	LOSS: 8.96	MAE: 5.78	RMSE: 11.66
Epoch 874	LOSS: 9.09	MAE: 5.78	RMSE: 11.66
Epoch 875	LOSS: 8.82	MAE: 5.78	RMSE: 11.66
Epoch 876	LOSS: 8.99	MAE: 5.78	RMSE: 11.65
Epoch 877	LOSS: 8.74	MAE: 5.78	RMSE: 11.65
Epoch 878	LOSS: 9.06	MAE: 5.78	RMSE: 11.65
Epoch 879	LOSS: 8.86	MAE: 5.78	RMSE: 11.66
Epoch 880	LOSS: 8.93	MAE: 5.78	RMSE: 11.66
Epoch 881	LOSS: 8.95	MAE: 5.78	RMSE: 11.66
Epoch 882	LOSS: 8.80	MAE: 5.78	RMSE: 11.66
Epoch 883	LOSS: 8.86	MAE: 5.78	RMSE: 11.65
Epoch 884	LOSS: 9.04	MAE: 5.78	RMSE: 11.65
Epoch 885	LOSS: 8.84	MAE: 5.78	RMSE: 11.65
Epoch 886	LOSS: 8.92	MAE: 5.78	RMSE: 11.65
Epoch 887	LOSS: 9.08	MAE: 5.78	RMSE: 11.66
Epoch 888	LOSS: 9.05	MAE: 5.78	RMSE: 11.66
Epoch 889	LOSS: 8.91	MAE: 5.78	RMSE: 11.66
Epoch 890	LOSS: 9.00	MAE: 5.78	RMSE: 11.66
Epoch 891	LOSS: 9.13	MAE: 5.78	RMSE: 11.66
Epoch 892	LOSS: 9.18	MAE: 5.78	RMSE: 11.66
Epoch 893	LOSS: 8.68	MAE: 5.78	RMSE: 11.66
Epoch 894	LOSS: 8.88	MAE: 5.78	RMSE: 11.66
Epoch 895	LOSS: 9.10	MAE: 5.78	RMSE: 11.66
Epoch 896	LOSS: 8.71	MAE: 5.78	RMSE: 11.65
Epoch 897	LOSS: 8.91	MAE: 5.78	RMSE: 11.66
Epoch 898	LOSS: 9.15	MAE: 5.78	RMSE: 11.66
Epoch 899	LOSS: 8.95	MAE: 5.78	RMSE: 11.66
Epoch 900	LOSS: 8.89	MAE: 5.78	RMSE: 11.66
Epoch 901	LOSS: 9.07	MAE: 5.78	RMSE: 11.66
Epoch 902	LOSS: 8.68	MAE: 5.78	RMSE: 11.65
Epoch 903	LOSS: 8.66	MAE: 5.78	RMSE: 11.65
Epoch 904	LOSS: 8.88	MAE: 5.78	RMSE: 11.65
Epoch 905	LOSS: 9.08	MAE: 5.78	RMSE: 11.65
Epoch 906	LOSS: 8.56	MAE: 5.78	RMSE: 11.65
Epoch 907	LOSS: 8.93	MAE: 5.78	RMSE: 11.64
Epoch 908	LOSS: 9.06	MAE: 5.78	RMSE: 11.64
Epoch 909	LOSS: 8.98	MAE: 5.78	RMSE: 11.64
Epoch 910	LOSS: 8.98	MAE: 5.78	RMSE: 11.65
Epoch 911	LOSS: 9.01	MAE: 5.78	RMSE: 11.65
Epoch 912	LOSS: 8.98	MAE: 5.78	RMSE: 11.65
Epoch 913	LOSS: 8.92	MAE: 5.78	RMSE: 11.65
Epoch 914	LOSS: 8.71	MAE: 5.78	RMSE: 11.65
Epoch 915	LOSS: 8.98	MAE: 5.78	RMSE: 11.66
Epoch 916	LOSS: 8.73	MAE: 5.78	RMSE: 11.66
Epoch 917	LOSS: 8.90	MAE: 5.78	RMSE: 11.66
Epoch 918	LOSS: 8.94	MAE: 5.78	RMSE: 11.65
Epoch 919	LOSS: 8.91	MAE: 5.78	RMSE: 11.65
Epoch 920	LOSS: 8.71	MAE: 5.78	RMSE: 11.64
Epoch 921	LOSS: 8.95	MAE: 5.78	RMSE: 11.64
Epoch 922	LOSS: 8.77	MAE: 5.78	RMSE: 11.65
Epoch 923	LOSS: 8.88	MAE: 5.78	RMSE: 11.65
Epoch 924	LOSS: 9.06	MAE: 5.78	RMSE: 11.65
Epoch 925	LOSS: 8.94	MAE: 5.78	RMSE: 11.65
Epoch 926	LOSS: 9.11	MAE: 5.78	RMSE: 11.66
Epoch 927	LOSS: 8.82	MAE: 5.78	RMSE: 11.66
Epoch 928	LOSS: 8.74	MAE: 5.78	RMSE: 11.66
Epoch 929	LOSS: 8.90	MAE: 5.78	RMSE: 11.66
Epoch 930	LOSS: 8.93	MAE: 5.78	RMSE: 11.65
Epoch 931	LOSS: 9.07	MAE: 5.78	RMSE: 11.66
Epoch 932	LOSS: 9.01	MAE: 5.78	RMSE: 11.65
Epoch 933	LOSS: 8.75	MAE: 5.78	RMSE: 11.64
Epoch 934	LOSS: 9.10	MAE: 5.78	RMSE: 11.64
Epoch 935	LOSS: 9.04	MAE: 5.78	RMSE: 11.64
Epoch 936	LOSS: 8.91	MAE: 5.78	RMSE: 11.65
Epoch 937	LOSS: 8.86	MAE: 5.78	RMSE: 11.65
Epoch 938	LOSS: 8.89	MAE: 5.78	RMSE: 11.66
Epoch 939	LOSS: 8.95	MAE: 5.78	RMSE: 11.65
Epoch 940	LOSS: 8.88	MAE: 5.78	RMSE: 11.66
Epoch 941	LOSS: 8.85	MAE: 5.78	RMSE: 11.66
Epoch 942	LOSS: 8.80	MAE: 5.78	RMSE: 11.65
Epoch 943	LOSS: 8.77	MAE: 5.78	RMSE: 11.66
Epoch 944	LOSS: 9.05	MAE: 5.78	RMSE: 11.66
Epoch 945	LOSS: 8.82	MAE: 5.78	RMSE: 11.65
Epoch 946	LOSS: 8.72	MAE: 5.78	RMSE: 11.66
Epoch 947	LOSS: 8.57	MAE: 5.78	RMSE: 11.66
Epoch 948	LOSS: 8.88	MAE: 5.78	RMSE: 11.66
Epoch 949	LOSS: 9.02	MAE: 5.78	RMSE: 11.65
Epoch 950	LOSS: 9.14	MAE: 5.78	RMSE: 11.65
Epoch 951	LOSS: 8.75	MAE: 5.78	RMSE: 11.65
Epoch 952	LOSS: 8.82	MAE: 5.78	RMSE: 11.65
Epoch 953	LOSS: 8.88	MAE: 5.78	RMSE: 11.64
Epoch 954	LOSS: 8.79	MAE: 5.78	RMSE: 11.64
Epoch 955	LOSS: 8.87	MAE: 5.78	RMSE: 11.64
Epoch 956	LOSS: 9.13	MAE: 5.78	RMSE: 11.65
Epoch 957	LOSS: 9.06	MAE: 5.78	RMSE: 11.65
Epoch 958	LOSS: 9.02	MAE: 5.78	RMSE: 11.66
Epoch 959	LOSS: 9.01	MAE: 5.78	RMSE: 11.66
Epoch 960	LOSS: 8.72	MAE: 5.78	RMSE: 11.67
Epoch 961	LOSS: 8.95	MAE: 5.78	RMSE: 11.66
Epoch 962	LOSS: 8.83	MAE: 5.78	RMSE: 11.66
Epoch 963	LOSS: 8.59	MAE: 5.78	RMSE: 11.66
Epoch 964	LOSS: 8.98	MAE: 5.78	RMSE: 11.66
Epoch 965	LOSS: 9.24	MAE: 5.78	RMSE: 11.66
Epoch 966	LOSS: 8.78	MAE: 5.78	RMSE: 11.65
Epoch 967	LOSS: 9.06	MAE: 5.78	RMSE: 11.65
Epoch 968	LOSS: 8.82	MAE: 5.78	RMSE: 11.66
Epoch 969	LOSS: 9.09	MAE: 5.78	RMSE: 11.66
Epoch 970	LOSS: 8.65	MAE: 5.78	RMSE: 11.66
Epoch 971	LOSS: 8.78	MAE: 5.78	RMSE: 11.67
Epoch 972	LOSS: 8.72	MAE: 5.78	RMSE: 11.66
Epoch 973	LOSS: 8.84	MAE: 5.78	RMSE: 11.66
Epoch 974	LOSS: 8.82	MAE: 5.78	RMSE: 11.66
Epoch 975	LOSS: 8.93	MAE: 5.78	RMSE: 11.66
Epoch 976	LOSS: 9.19	MAE: 5.78	RMSE: 11.66
Epoch 977	LOSS: 9.16	MAE: 5.78	RMSE: 11.66
Epoch 978	LOSS: 8.85	MAE: 5.78	RMSE: 11.65
Epoch 979	LOSS: 9.12	MAE: 5.78	RMSE: 11.65
Epoch 980	LOSS: 8.80	MAE: 5.78	RMSE: 11.65
Epoch 981	LOSS: 8.97	MAE: 5.78	RMSE: 11.65
Epoch 982	LOSS: 8.68	MAE: 5.78	RMSE: 11.65
Epoch 983	LOSS: 8.93	MAE: 5.78	RMSE: 11.65
Epoch 984	LOSS: 8.89	MAE: 5.78	RMSE: 11.65
Epoch 985	LOSS: 8.90	MAE: 5.78	RMSE: 11.65
Epoch 986	LOSS: 8.77	MAE: 5.78	RMSE: 11.66
Epoch 987	LOSS: 8.81	MAE: 5.78	RMSE: 11.67
Epoch 988	LOSS: 8.87	MAE: 5.78	RMSE: 11.67
Epoch 989	LOSS: 8.98	MAE: 5.78	RMSE: 11.67
Epoch 990	LOSS: 8.83	MAE: 5.78	RMSE: 11.66
Epoch 991	LOSS: 8.80	MAE: 5.78	RMSE: 11.66
Epoch 992	LOSS: 8.71	MAE: 5.78	RMSE: 11.66
Epoch 993	LOSS: 8.90	MAE: 5.78	RMSE: 11.66
Epoch 994	LOSS: 8.87	MAE: 5.78	RMSE: 11.66
Epoch 995	LOSS: 8.72	MAE: 5.78	RMSE: 11.66
Epoch 996	LOSS: 8.98	MAE: 5.78	RMSE: 11.66
Epoch 997	LOSS: 8.88	MAE: 5.78	RMSE: 11.67
Epoch 998	LOSS: 8.79	MAE: 5.78	RMSE: 11.66
Epoch 999	LOSS: 8.86	MAE: 5.78	RMSE: 11.66
